+ '[' -z 2450 ']'
+ f=constraints_22_11.simp-noncanon.simp
+ c=22-cubes/30.cubes
+ i=2450
+ s=70
+ adj=22-cubes/30.cubes2450.adj
+ cnf=22-cubes/30.cubes2450.cnf
+ ext=22-cubes/30.cubes2450.ext
+ cnfext=22-cubes/30.cubes2450.cnfext
+ unitlines=0
++ sed '2451q;d' 22-cubes/30.cubes
+ for b in '$(sed "$((i+1))q;d" "$c")'
+ [[ a != \a ]]
+ for b in '$(sed "$((i+1))q;d" "$c")'
+ [[ -92 != \a ]]
+ [[ -92 != \0 ]]
+ unitlines=1
+ for b in '$(sed "$((i+1))q;d" "$c")'
+ [[ -137 != \a ]]
+ [[ -137 != \0 ]]
+ unitlines=2
+ for b in '$(sed "$((i+1))q;d" "$c")'
+ [[ 122 != \a ]]
+ [[ 122 != \0 ]]
+ unitlines=3
+ for b in '$(sed "$((i+1))q;d" "$c")'
+ [[ 80 != \a ]]
+ [[ 80 != \0 ]]
+ unitlines=4
+ for b in '$(sed "$((i+1))q;d" "$c")'
+ [[ -110 != \a ]]
+ [[ -110 != \0 ]]
+ unitlines=5
+ for b in '$(sed "$((i+1))q;d" "$c")'
+ [[ -68 != \a ]]
+ [[ -68 != \0 ]]
+ unitlines=6
+ for b in '$(sed "$((i+1))q;d" "$c")'
+ [[ -25 != \a ]]
+ [[ -25 != \0 ]]
+ unitlines=7
+ for b in '$(sed "$((i+1))q;d" "$c")'
+ [[ -153 != \a ]]
+ [[ -153 != \0 ]]
+ unitlines=8
+ for b in '$(sed "$((i+1))q;d" "$c")'
+ [[ -98 != \a ]]
+ [[ -98 != \0 ]]
+ unitlines=9
+ for b in '$(sed "$((i+1))q;d" "$c")'
+ [[ -207 != \a ]]
+ [[ -207 != \0 ]]
+ unitlines=10
+ for b in '$(sed "$((i+1))q;d" "$c")'
+ [[ -188 != \a ]]
+ [[ -188 != \0 ]]
+ unitlines=11
+ for b in '$(sed "$((i+1))q;d" "$c")'
+ [[ -170 != \a ]]
+ [[ -170 != \0 ]]
+ unitlines=12
+ for b in '$(sed "$((i+1))q;d" "$c")'
+ [[ -87 != \a ]]
+ [[ -87 != \0 ]]
+ unitlines=13
+ for b in '$(sed "$((i+1))q;d" "$c")'
+ [[ -206 != \a ]]
+ [[ -206 != \0 ]]
+ unitlines=14
+ for b in '$(sed "$((i+1))q;d" "$c")'
+ [[ -187 != \a ]]
+ [[ -187 != \0 ]]
+ unitlines=15
+ for b in '$(sed "$((i+1))q;d" "$c")'
+ [[ -136 != \a ]]
+ [[ -136 != \0 ]]
+ unitlines=16
+ for b in '$(sed "$((i+1))q;d" "$c")'
+ [[ -151 != \a ]]
+ [[ -151 != \0 ]]
+ unitlines=17
+ for b in '$(sed "$((i+1))q;d" "$c")'
+ [[ -171 != \a ]]
+ [[ -171 != \0 ]]
+ unitlines=18
+ for b in '$(sed "$((i+1))q;d" "$c")'
+ [[ -149 != \a ]]
+ [[ -149 != \0 ]]
+ unitlines=19
+ for b in '$(sed "$((i+1))q;d" "$c")'
+ [[ 225 != \a ]]
+ [[ 225 != \0 ]]
+ unitlines=20
+ for b in '$(sed "$((i+1))q;d" "$c")'
+ [[ -168 != \a ]]
+ [[ -168 != \0 ]]
+ unitlines=21
+ for b in '$(sed "$((i+1))q;d" "$c")'
+ [[ -154 != \a ]]
+ [[ -154 != \0 ]]
+ unitlines=22
+ for b in '$(sed "$((i+1))q;d" "$c")'
+ [[ 0 != \a ]]
+ [[ 0 != \0 ]]
++ cut '-d ' -f3
++ head -n 1 constraints_22_11.simp-noncanon.simp
+ numvars=6160
++ cut '-d ' -f4
++ head -n 1 constraints_22_11.simp-noncanon.simp
+ numlines=1786659
+ newlines=1786681
+ echo 'p cnf 6160 1786681'
+ tail constraints_22_11.simp-noncanon.simp -n +2
++ sed '2451q;d' 22-cubes/30.cubes
+ for b in '$(sed "$((i+1))q;d" "$c")'
+ [[ a != \a ]]
+ for b in '$(sed "$((i+1))q;d" "$c")'
+ [[ -92 != \a ]]
+ [[ -92 != \0 ]]
+ echo '-92 0'
+ for b in '$(sed "$((i+1))q;d" "$c")'
+ [[ -137 != \a ]]
+ [[ -137 != \0 ]]
+ echo '-137 0'
+ for b in '$(sed "$((i+1))q;d" "$c")'
+ [[ 122 != \a ]]
+ [[ 122 != \0 ]]
+ echo '122 0'
+ for b in '$(sed "$((i+1))q;d" "$c")'
+ [[ 80 != \a ]]
+ [[ 80 != \0 ]]
+ echo '80 0'
+ for b in '$(sed "$((i+1))q;d" "$c")'
+ [[ -110 != \a ]]
+ [[ -110 != \0 ]]
+ echo '-110 0'
+ for b in '$(sed "$((i+1))q;d" "$c")'
+ [[ -68 != \a ]]
+ [[ -68 != \0 ]]
+ echo '-68 0'
+ for b in '$(sed "$((i+1))q;d" "$c")'
+ [[ -25 != \a ]]
+ [[ -25 != \0 ]]
+ echo '-25 0'
+ for b in '$(sed "$((i+1))q;d" "$c")'
+ [[ -153 != \a ]]
+ [[ -153 != \0 ]]
+ echo '-153 0'
+ for b in '$(sed "$((i+1))q;d" "$c")'
+ [[ -98 != \a ]]
+ [[ -98 != \0 ]]
+ echo '-98 0'
+ for b in '$(sed "$((i+1))q;d" "$c")'
+ [[ -207 != \a ]]
+ [[ -207 != \0 ]]
+ echo '-207 0'
+ for b in '$(sed "$((i+1))q;d" "$c")'
+ [[ -188 != \a ]]
+ [[ -188 != \0 ]]
+ echo '-188 0'
+ for b in '$(sed "$((i+1))q;d" "$c")'
+ [[ -170 != \a ]]
+ [[ -170 != \0 ]]
+ echo '-170 0'
+ for b in '$(sed "$((i+1))q;d" "$c")'
+ [[ -87 != \a ]]
+ [[ -87 != \0 ]]
+ echo '-87 0'
+ for b in '$(sed "$((i+1))q;d" "$c")'
+ [[ -206 != \a ]]
+ [[ -206 != \0 ]]
+ echo '-206 0'
+ for b in '$(sed "$((i+1))q;d" "$c")'
+ [[ -187 != \a ]]
+ [[ -187 != \0 ]]
+ echo '-187 0'
+ for b in '$(sed "$((i+1))q;d" "$c")'
+ [[ -136 != \a ]]
+ [[ -136 != \0 ]]
+ echo '-136 0'
+ for b in '$(sed "$((i+1))q;d" "$c")'
+ [[ -151 != \a ]]
+ [[ -151 != \0 ]]
+ echo '-151 0'
+ for b in '$(sed "$((i+1))q;d" "$c")'
+ [[ -171 != \a ]]
+ [[ -171 != \0 ]]
+ echo '-171 0'
+ for b in '$(sed "$((i+1))q;d" "$c")'
+ [[ -149 != \a ]]
+ [[ -149 != \0 ]]
+ echo '-149 0'
+ for b in '$(sed "$((i+1))q;d" "$c")'
+ [[ 225 != \a ]]
+ [[ 225 != \0 ]]
+ echo '225 0'
+ for b in '$(sed "$((i+1))q;d" "$c")'
+ [[ -168 != \a ]]
+ [[ -168 != \0 ]]
+ echo '-168 0'
+ for b in '$(sed "$((i+1))q;d" "$c")'
+ [[ -154 != \a ]]
+ [[ -154 != \0 ]]
+ echo '-154 0'
+ for b in '$(sed "$((i+1))q;d" "$c")'
+ [[ 0 != \a ]]
+ [[ 0 != \0 ]]
+ ./simplify-by-var-removal.sh 22-cubes/30.cubes2450.adj 70
+ '[' -z 70 ']'
+ f=22-cubes/30.cubes2450.adj
+ p=70
++ echo 22-cubes
+ sub_dir=22-cubes
+ mkdir -p log/22-cubes
+ mkdir -p simp/22-cubes
+ tee log/22-cubes/30.cubes2450.adj.simp1
+ ./cadical/build/cadical 22-cubes/30.cubes2450.adj -o simp/22-cubes/30.cubes2450.adj.simp1 -e simp/22-cubes/30.cubes2450.adj.ext1 -n -c 200000
c --- [ banner ] -------------------------------------------------------------
c 
c CaDiCaL Radically Simplified CDCL SAT Solver
c Copyright (c) 2016-2021 A. Biere, M. Fleury, N. Froleyks
c 
c Version 1.5.2
c g++ (GCC) 9.3.0 -Wall -Wextra -O3 -DNDEBUG
c Tue Feb 8 21:15:15 EST 2022 Linux gra-login1 3.10.0-1160.36.2.el7.x86_64 x86_64
c 
c --- [ limit ] --------------------------------------------------------------
c 
c setting conflict limit to 200000 conflicts (due to '200000')
c 
c --- [ parsing input ] ------------------------------------------------------
c 
c reading DIMACS file from '22-cubes/30.cubes2450.adj'
c opening file to read '22-cubes/30.cubes2450.adj'
c found 'p cnf 6160 1786681' header
c parsed 1786681 clauses in 18.43 seconds process time
c closing file '22-cubes/30.cubes2450.adj'
c after reading 1542541761 bytes 1471.1 MB
c 
c --- [ options ] ------------------------------------------------------------
c 
c all options are set to their default value
c 
c --- [ solving ] ------------------------------------------------------------
c 
c time measured in process time since initialization
c 
c  seconds    reductions  redundant   irredundant
c          MB     restarts       trail       variables
c            level   conflicts       glue         remaining
c 
c * 18.43 1475  0 0   0    0    0  0% 0 1785954 4644 75%
c { 19.98 1552  0 0   0    0    0  0% 0 1785954 4644 75%
c i 22.64 1597 34 0  11  110   81 43% 7 1785954 4643 75%
c i 23.59 1605 32 0  20  138   97 42% 8 1785954 4541 74%
c i 23.62 1605 32 0  20  140   98 43% 8 1785954 4540 74%
c i 24.70 1618 34 0  27  165  122 44% 10 1785954 4537 74%
c i 26.13 1627 28 0  50  280  192 46% 12 1785954 4536 74%
c i 26.17 1628 28 0  51  281  192 46% 12 1785954 4535 74%
c i 26.34 1628 29 0  54  290  200 46% 12 1785954 4534 74%
c - 31.20 1612 32 1  56  300  208 46% 14 828049 4534 74%
c i 31.57 1569 33 1  58  310  215 46% 15 828049 4533 74%
c i 31.60 1569 33 1  59  312  216 46% 15 828049 4532 74%
c i 31.67 1569 34 1  61  318  220 46% 15 828049 4531 74%
c i 33.16 1571 34 1  73  416  276 45% 15 828049 4530 74%
c i 33.17 1571 34 1  73  419  278 45% 16 828049 4529 74%
c i 33.17 1571 34 1  73  420  278 45% 15 828049 4528 74%
c i 33.17 1571 34 1  73  422  278 45% 15 828049 4526 73%
c i 33.18 1571 34 1  73  423  278 45% 15 828049 4525 73%
c i 34.05 1572 59 1  79  547  379 44% 15 828049 4517 73%
c i 34.63 1573 59 1  91  592  401 45% 16 828049 4514 73%
c 
c  seconds    reductions  redundant   irredundant
c          MB     restarts       trail       variables
c            level   conflicts       glue         remaining
c 
c i 35.09 1573 61 1  99  620  425 45% 17 828049 4513 73%
c i 35.11 1573 61 1 100  621  425 45% 17 828049 4512 73%
c i 35.14 1573 61 1 100  624  427 45% 17 828049 4511 73%
c i 35.75 1574 60 1 108  651  450 45% 18 828049 4510 73%
c i 36.73 1574 59 1 119  708  485 45% 18 828049 4509 73%
c i 39.00 1576 62 1 144  827  583 46% 20 828049 4508 73%
c } 40.00 1576 56 1 156 1003  677 46% 20 828049 4508 73%
c [ 40.00 1576  0 1 156 1003  677  0% 0 828049 4508 73%
c O 40.00 1576  1 1 156 1004  677 28% 0 828049 4508 73%
c i 40.00 1576  1 1 156 1004  677 28% 0 828049 4483 73%
c i 40.11 1576  7 1 156 1027  684 32% 6 828049 4468 73%
c i 40.81 1576 11 1 156 1079  735 49% 8 828049 4467 73%
c i 40.98 1576 14 1 156 1163  802 53% 10 828049 4466 72%
c i 41.05 1576 15 1 156 1198  828 54% 12 828049 4465 72%
c i 41.07 1576 16 1 156 1214  837 54% 12 828049 4464 72%
c i 41.12 1576 17 1 156 1297  901 54% 13 828049 4463 72%
c i 41.16 1576 17 1 156 1333  933 55% 13 828049 4462 72%
c i 41.16 1576 17 1 156 1334  933 55% 13 828049 4461 72%
c - 42.78 1837 17 2 156 1450  928 55% 14 662776 4461 72%
c i 43.22 1717 18 2 156 1595 1041 56% 14 662776 4460 72%
c 
c  seconds    reductions  redundant   irredundant
c          MB     restarts       trail       variables
c            level   conflicts       glue         remaining
c 
c i 43.23 1717 18 2 156 1606 1050 56% 14 662776 4459 72%
c i 43.38 1717 18 2 156 1793 1191 56% 14 662776 4458 72%
c i 43.46 1717 18 2 156 1887 1259 56% 15 662776 4457 72%
c i 43.64 1717 18 2 156 1953 1303 56% 14 662776 4456 72%
c i 43.64 1717 18 2 156 1954 1303 56% 14 662776 4455 72%
c i 43.64 1717 18 2 156 1956 1304 55% 14 662776 4454 72%
c i 43.73 1717 18 2 156 1994 1326 55% 15 662776 4453 72%
c i 43.74 1717 18 2 156 1997 1327 55% 15 662776 4452 72%
c i 43.78 1717 18 2 156 2039 1353 55% 15 662776 4451 72%
c i 43.82 1717 18 2 157 2085 1386 55% 15 662776 4450 72%
c i 43.85 1717 18 2 157 2139 1421 55% 15 662776 4449 72%
c i 43.86 1717 18 2 157 2153 1431 55% 15 662776 4448 72%
c i 43.88 1717 18 2 157 2172 1443 55% 15 662776 4447 72%
c i 43.94 1717 18 2 157 2287 1527 55% 15 662776 4446 72%
c i 44.01 1717 18 2 157 2383 1597 55% 15 662776 4445 72%
c i 44.02 1717 18 2 157 2394 1603 55% 15 662776 4444 72%
c i 44.07 1717 18 2 157 2474 1661 55% 15 662776 4443 72%
c i 44.10 1717 18 2 157 2516 1690 55% 15 662776 4442 72%
c ] 44.39 1717 20 2 157 3004 2062 55% 16 662776 4442 72%
c { 44.39 1717 56 2 157 3004 2062 46% 20 662776 4442 72%
c 
c  seconds    reductions  redundant   irredundant
c          MB     restarts       trail       variables
c            level   conflicts       glue         remaining
c 
c F 45.46 1710 56 2 157 3005 2063 17% 20 662719 4442 72%
c - 46.17 1710 52 3 157 3089 1670 25% 19 662719 4442 72%
c i 48.05 1710 46 3 177 3489 1930 28% 18 662719 4441 72%
c i 48.09 1710 46 3 179 3497 1936 28% 18 662719 4440 72%
c i 48.13 1710 46 3 180 3501 1939 28% 18 662719 4439 72%
c i 48.42 1710 47 3 191 3540 1970 28% 19 662719 4438 72%
c i 48.88 1710 46 3 206 3670 2084 28% 19 662719 4437 72%
c i 48.89 1710 46 3 206 3675 2085 28% 19 662719 4436 72%
c 3 55.08 1710 37 3 246 5001 4343 31% 17 662675 4423 72%
c 2 55.22 1710 37 3 246 5001 4472 31% 17 662597 4423 72%
c p 81.08 1710 37 3 246 5001 10541 31% 17 662597 4381 71%
c d 81.70 1710 37 3 246 5001 9800 31% 17 662389 4380 71%
c - 84.95 1706 36 4 256 5275 2322 30% 17 662389 4380 71%
c # 90.23 1706 36 4 336 6008 2917 30% 17 662389 4380 71%
c } 96.83 1706 36 4 404 7004 3649 30% 17 662389 4380 71%
c [ 96.83 1706 20 4 404 7004 3649 77% 16 662389 4380 71%
c - 99.20 1706 39 5 405 8006 3261 62% 30 662389 4380 71%
c I 103.47 1706 52 5 406 10009 4659 51% 41 662389 4380 71%
c - 108.76 1707 50 6 408 11285 4018 47% 39 662389 4380 71%
c 2 114.79 1707 46 6 409 15001 8234 43% 36 662385 4380 71%
c 
c  seconds     reductions    redundant   irredundant
c           MB     restarts         trail       variables
c             level    conflicts        glue         remaining
c 
c p 121.03 1707 46 6 409 15001 14039 43% 36 662385 4379 71%
c ] 121.31 1707 46 6 409 15009 14044 43% 36 662385 4379 71%
c { 121.31 1707 36 6 409 15009 14044 30% 17 662385 4379 71%
c B 121.55 1707 36 6 410 15010 14045 30% 17 662385 4379 71%
c - 123.08 1707 36 7 415 15110 4774 30% 17 662382 4379 71%
c s 140.27 1707 37 7 646 17175 6149 30% 18 658305 4379 71%
c v 156.25 1707 37 7 646 17175 6149 30% 18 657947 4379 71%
c t 156.49 1707 37 7 646 17175 6142 30% 18 657658 4379 71%
c e 158.83 1707 37 7 646 17175 5656 30% 18 649239 1007 16%
c s 159.06 1707 37 7 646 17175 5654 30% 18 649214 1007 16%
c - 169.23 1706 34 8 752 19480 5029 64% 17 649214 1007 16%
c W 176.54 1706 34 8 942 21011 5698 58% 18 649214 1007 16%
c - 192.33 1706 33 9 1211 24373 5598 58% 18 649214 1007 16%
c F 204.55 1706 32 9 1393 28013 8228 60% 18 649214 1007 16%
c - 215.00 1707 32 10 1525 29810 7104 61% 18 649214 1007 16%
c p 221.76 1707 32 10 1528 30001 9837 61% 18 649214 1005 16%
c } 224.64 1707 31 10 1532 31009 10471 61% 18 649214 1005 16%
c [ 224.64 1707 46 10 1532 31009 10471 191% 36 649214 1005 16%
c - 234.03 1458 37 11 1535 35791 7457 150% 29 649208 1005 16%
c B 234.97 1458 37 11 1535 36015 7598 148% 29 649208 1005 16%
c 
c  seconds     reductions     redundant    irredundant
c           MB      restarts         trail        variables
c             level      conflicts        glue         remaining
c 
c - 243.66 1707 33 12 1539 42316 8408 122% 26 649208 1005 16%
c W 249.43 1707 31 12 1539 45017 10135 115% 25 649208 1005 16%
c - 255.78 1458 29 13 1540 49384 8620 107% 24 649208 1005 16%
c p 259.67 1458 29 13 1540 50001 11550 106% 24 649208 1005 16%
c ] 262.48 1458 28 13 1540 52391 12833 103% 23 649208 1005 16%
c 1 262.48 1458 28 13 1540 52391 12833 103% 23 649208 1005 16%
c 
c --- [ writing output ] -----------------------------------------------------
c 
c writing simplified CNF to DIMACS file 'simp/22-cubes/30.cubes2450.adj.simp1'
c * 262.48 1458 28 13 1540 52391 12833 103% 23 649208 1005 16%
c opening file to write 'simp/22-cubes/30.cubes2450.adj.simp1'
c writing 'p cnf 6160 649208' header
c closing file 'simp/22-cubes/30.cubes2450.adj.simp1'
c after writing 278096924 bytes 265.2 MB
c wrote 649208 clauses in 2.08 seconds process time
c 
c --- [ writing extension ] --------------------------------------------------
c 
c writing extension stack to 'simp/22-cubes/30.cubes2450.adj.ext1'
c opening file to write 'simp/22-cubes/30.cubes2450.adj.ext1'
c closing file 'simp/22-cubes/30.cubes2450.adj.ext1'
c after writing 265440 bytes 0.3 MB
c wrote 11207 witnesses in 0.00 seconds process time
c 
c --- [ result ] -------------------------------------------------------------
c 
s SATISFIABLE
c 
c --- [ run-time profiling ] -------------------------------------------------
c 
c process time taken by individual solving procedures
c (percentage relative to process time for solving)
c 
c       180.30   73.88% search
c       120.65   49.43% unstable
c        63.75   26.12% simplify
c        54.90   22.49% stable
c        40.77   16.71% probe
c        18.43    7.55% parse
c        16.13    6.61% vivify
c         3.99    1.64% elim
c         3.21    1.32% walk
c         1.55    0.63% lucky
c         0.48    0.20% subsume
c         0.36    0.15% ternary
c   =================================
c       244.05   92.25% solve
c 
c last line shows process time for solving
c (percentage relative to total process time)
c 
c --- [ statistics ] ---------------------------------------------------------
c 
c chronological:             10695        20.41 %  of conflicts
c conflicts:                 52391       214.67    per second
c decisions:                143178       586.67    per second
c eliminated:                 3372        54.74 %  of all variables
c fixed:                      1769        28.72 %  of all variables
c learned:                   51308        97.93 %  per conflict
c learned_lits:            8379298       100.00 %  learned literals
c minimized:                     0         0.00 %  learned literals
c shrunken:                4489231        53.58 %  learned literals
c minishrunken:             839043        10.01 %  learned literals
c propagations:            7149346         0.03 M  per second
c reduced:                   24173        46.14 %  per conflict
c rephased:                      9      5821.22    interval
c restarts:                   1540        34.02    interval
c stabilizing:                   3        59.91 %  of conflicts
c substituted:                  14         0.23 %  of all variables
c subsumed:                  21519         0.56 %  of all clauses
c strengthened:              33904         0.88 %  of all clauses
c ternary:                    4304         0.45 %  of resolved
c vivified:                    361         0.01 %  of all clauses
c walked:                        2     26195.50    interval
c weakened:                   9438         3.23    average size
c 
c seconds are measured in process time for solving
c 
c --- [ resources ] ----------------------------------------------------------
c 
c total process time since initialization:       264.57    seconds
c total real time since initialization:          265.22    seconds
c maximum resident set size of process:         1970.75    MB
c 
c --- [ shutting down ] ------------------------------------------------------
c 
c exit 10
++ seq 1 100
+ for i in '$(seq 1 100)'
++ sed 's/.$//'
++ rev
++ cut '-d ' -f1
++ rev
++ tail -n 1
++ grep 'c [*]' log/22-cubes/30.cubes2450.adj.simp1
+ vars_remaining=16
+ ((  vars_remaining < 100 - p  ))
+ break
++ cut '-d ' -f3
++ head -n 1 simp/22-cubes/30.cubes2450.adj.simp1
+ numvars=6160
++ cut '-d ' -f4
++ head -n 1 simp/22-cubes/30.cubes2450.adj.simp1
+ numlines=649208
+ extlines_total=0
++ seq 1 1
+ for j in '$(seq 1 "$i")'
++ cut '-d ' -f1
++ wc -l simp/22-cubes/30.cubes2450.adj.ext1
+ extlines_j=11207
+ extlines_total=11207
+ newlines=660415
+ echo 'p cnf 6160 660415'
+ tail simp/22-cubes/30.cubes2450.adj.simp1 -n +2
++ seq 1 1
+ for j in '$(seq 1 "$i")'
+ cat simp/22-cubes/30.cubes2450.adj.ext1
+ sed -i 's/ 0.*/ 0/' 22-cubes/30.cubes2450.adj.simp
============================[ Problem Statistics ]=============================
|                                                                             |
|  Number of variables:          6160                                         |
|  Number of clauses:          658646                                         |
|  Parse time:                   3.77 s                                       |
|  Simplification time:          0.12 s                                       |
|                                                                             |
============================[ Search Statistics ]====================================================
| Conflicts |          ORIGINAL         |          LEARNT          | Num Sols |      SUBGRAPHS      |
|           |    Vars  Clauses Literals |    Limit  Clauses Lit/Cl |          | Canonical Noncanon. |
=====================================================================================================
|       100 |    4391   658646 61894610 |     2000      100    114 |        0 |        13         0 |
|       251 |    4391   658647 61894709 |     2000      251     91 |        0 |        31         1 |
|       519 |    4391   658690 61895953 |     2000      519     62 |        0 |        82        44 |
|      1136 |    4391   658970 61901327 |     2000     1136     43 |        0 |       295       324 |
|      2500 |    4391   659828 61915913 |     3600     1500     16 |        0 |       628      1182 |
|      3994 |    4391   660563 61925859 |     3600     2994     14 |        0 |       931      1917 |
|      7091 |    4391   662521 61960144 |     5004     4295     14 |        0 |      1660      3875 |
|     12237 |    4391   665959 62018362 |     7551     3788     12 |        0 |      2656      7313 |
|     20240 |    4391   671400 62112116 |     8785     8025     13 |        0 |      4664     12754 |
|     29640 |    4391   676956 62197733 |    11200     8040     14 |        0 |      6582     18310 |
|     45263 |    4391   686813 62341232 |    13607    11870     12 |        0 |      9011     28167 |
|     72327 |    4391   705228 62614244 |    17210    16737     12 |        0 |     12559     46582 |
|    100715 |    4391   720642 62842027 |    20811    17526     32 |        0 |     15105     61996 |
|    153821 |    4391   754287 63315440 |    25610    25431     14 |        0 |     20259     95641 |
=====================================================================================================
Number of solutions   : 0           
Canonical subgraphs   : 22421          (56 /sec)
          order  3    : 1              (166667 /sec)
          order  4    : 1              (500000 /sec)
          order  5    : 1              (250000 /sec)
          order  6    : 1              (52632 /sec)
          order  7    : 2              (10582 /sec)
          order  8    : 6              (2628 /sec)
          order  9    : 22             (819 /sec)
          order 10    : 92             (250 /sec)
          order 11    : 390            (97 /sec)
          order 12    : 2169           (63 /sec)
          order 13    : 19380          (55 /sec)
          order 14    : 351            (30 /sec)
          order 15    : 5              (33 /sec)
          order 16    : 0              (-nan /sec)
          order 17    : 0              (-nan /sec)
          order 18    : 0              (-nan /sec)
          order 19    : 0              (-nan /sec)
          order 20    : 0              (-nan /sec)
          order 21    : 0              (-nan /sec)
          order 22    : 0              (-nan /sec)
Noncanonical subgraphs: 115033         (346 /sec)
          order  3    : 0              (-nan /sec)
          order  4    : 0              (-nan /sec)
          order  5    : 0              (-nan /sec)
          order  6    : 0              (-nan /sec)
          order  7    : 0              (-nan /sec)
          order  8    : 0              (-nan /sec)
          order  9    : 0              (-nan /sec)
          order 10    : 0              (-nan /sec)
          order 11    : 0              (-nan /sec)
          order 12    : 0              (-nan /sec)
          order 13    : 0              (-nan /sec)
          order 14    : 112851         (347 /sec)
          order 15    : 2175           (309 /sec)
          order 16    : 7              (450 /sec)
          order 17    : 0              (-nan /sec)
          order 18    : 0              (-nan /sec)
          order 19    : 0              (-nan /sec)
          order 20    : 0              (-nan /sec)
          order 21    : 0              (-nan /sec)
Canonicity checking   : 732.506 s
database reductions   : 22
restarts              : 510
conflicts             : 192660         (196 /sec)
decisions             : 348956         (0.00 % random) (355 /sec)
propagations          : 21785046       (22136 /sec)
conflict literals     : 4393641        (58.73 % deleted)
actual reward         : 0.047392
Memory used           : 407.00 MB
CPU time              : 984.15 s

UNSATISFIABLE
