+ '[' -z 2705 ']'
+ f=constraints_22_11.simp-noncanon.simp
+ c=22-cubes/30.cubes
+ i=2705
+ s=70
+ adj=22-cubes/30.cubes2705.adj
+ cnf=22-cubes/30.cubes2705.cnf
+ ext=22-cubes/30.cubes2705.ext
+ cnfext=22-cubes/30.cubes2705.cnfext
+ unitlines=0
++ sed '2706q;d' 22-cubes/30.cubes
+ for b in '$(sed "$((i+1))q;d" "$c")'
+ [[ a != \a ]]
+ for b in '$(sed "$((i+1))q;d" "$c")'
+ [[ -92 != \a ]]
+ [[ -92 != \0 ]]
+ unitlines=1
+ for b in '$(sed "$((i+1))q;d" "$c")'
+ [[ -137 != \a ]]
+ [[ -137 != \0 ]]
+ unitlines=2
+ for b in '$(sed "$((i+1))q;d" "$c")'
+ [[ 122 != \a ]]
+ [[ 122 != \0 ]]
+ unitlines=3
+ for b in '$(sed "$((i+1))q;d" "$c")'
+ [[ -80 != \a ]]
+ [[ -80 != \0 ]]
+ unitlines=4
+ for b in '$(sed "$((i+1))q;d" "$c")'
+ [[ -58 != \a ]]
+ [[ -58 != \0 ]]
+ unitlines=5
+ for b in '$(sed "$((i+1))q;d" "$c")'
+ [[ 207 != \a ]]
+ [[ 207 != \0 ]]
+ unitlines=6
+ for b in '$(sed "$((i+1))q;d" "$c")'
+ [[ -154 != \a ]]
+ [[ -154 != \0 ]]
+ unitlines=7
+ for b in '$(sed "$((i+1))q;d" "$c")'
+ [[ 107 != \a ]]
+ [[ 107 != \0 ]]
+ unitlines=8
+ for b in '$(sed "$((i+1))q;d" "$c")'
+ [[ -27 != \a ]]
+ [[ -27 != \0 ]]
+ unitlines=9
+ for b in '$(sed "$((i+1))q;d" "$c")'
+ [[ 125 != \a ]]
+ [[ 125 != \0 ]]
+ unitlines=10
+ for b in '$(sed "$((i+1))q;d" "$c")'
+ [[ -93 != \a ]]
+ [[ -93 != \0 ]]
+ unitlines=11
+ for b in '$(sed "$((i+1))q;d" "$c")'
+ [[ -135 != \a ]]
+ [[ -135 != \0 ]]
+ unitlines=12
+ for b in '$(sed "$((i+1))q;d" "$c")'
+ [[ -169 != \a ]]
+ [[ -169 != \0 ]]
+ unitlines=13
+ for b in '$(sed "$((i+1))q;d" "$c")'
+ [[ -167 != \a ]]
+ [[ -167 != \0 ]]
+ unitlines=14
+ for b in '$(sed "$((i+1))q;d" "$c")'
+ [[ -153 != \a ]]
+ [[ -153 != \0 ]]
+ unitlines=15
+ for b in '$(sed "$((i+1))q;d" "$c")'
+ [[ 166 != \a ]]
+ [[ 166 != \0 ]]
+ unitlines=16
+ for b in '$(sed "$((i+1))q;d" "$c")'
+ [[ -190 != \a ]]
+ [[ -190 != \0 ]]
+ unitlines=17
+ for b in '$(sed "$((i+1))q;d" "$c")'
+ [[ -21 != \a ]]
+ [[ -21 != \0 ]]
+ unitlines=18
+ for b in '$(sed "$((i+1))q;d" "$c")'
+ [[ -170 != \a ]]
+ [[ -170 != \0 ]]
+ unitlines=19
+ for b in '$(sed "$((i+1))q;d" "$c")'
+ [[ 0 != \a ]]
+ [[ 0 != \0 ]]
++ cut '-d ' -f3
++ head -n 1 constraints_22_11.simp-noncanon.simp
+ numvars=6160
++ cut '-d ' -f4
++ head -n 1 constraints_22_11.simp-noncanon.simp
+ numlines=1786659
+ newlines=1786678
+ echo 'p cnf 6160 1786678'
+ tail constraints_22_11.simp-noncanon.simp -n +2
++ sed '2706q;d' 22-cubes/30.cubes
+ for b in '$(sed "$((i+1))q;d" "$c")'
+ [[ a != \a ]]
+ for b in '$(sed "$((i+1))q;d" "$c")'
+ [[ -92 != \a ]]
+ [[ -92 != \0 ]]
+ echo '-92 0'
+ for b in '$(sed "$((i+1))q;d" "$c")'
+ [[ -137 != \a ]]
+ [[ -137 != \0 ]]
+ echo '-137 0'
+ for b in '$(sed "$((i+1))q;d" "$c")'
+ [[ 122 != \a ]]
+ [[ 122 != \0 ]]
+ echo '122 0'
+ for b in '$(sed "$((i+1))q;d" "$c")'
+ [[ -80 != \a ]]
+ [[ -80 != \0 ]]
+ echo '-80 0'
+ for b in '$(sed "$((i+1))q;d" "$c")'
+ [[ -58 != \a ]]
+ [[ -58 != \0 ]]
+ echo '-58 0'
+ for b in '$(sed "$((i+1))q;d" "$c")'
+ [[ 207 != \a ]]
+ [[ 207 != \0 ]]
+ echo '207 0'
+ for b in '$(sed "$((i+1))q;d" "$c")'
+ [[ -154 != \a ]]
+ [[ -154 != \0 ]]
+ echo '-154 0'
+ for b in '$(sed "$((i+1))q;d" "$c")'
+ [[ 107 != \a ]]
+ [[ 107 != \0 ]]
+ echo '107 0'
+ for b in '$(sed "$((i+1))q;d" "$c")'
+ [[ -27 != \a ]]
+ [[ -27 != \0 ]]
+ echo '-27 0'
+ for b in '$(sed "$((i+1))q;d" "$c")'
+ [[ 125 != \a ]]
+ [[ 125 != \0 ]]
+ echo '125 0'
+ for b in '$(sed "$((i+1))q;d" "$c")'
+ [[ -93 != \a ]]
+ [[ -93 != \0 ]]
+ echo '-93 0'
+ for b in '$(sed "$((i+1))q;d" "$c")'
+ [[ -135 != \a ]]
+ [[ -135 != \0 ]]
+ echo '-135 0'
+ for b in '$(sed "$((i+1))q;d" "$c")'
+ [[ -169 != \a ]]
+ [[ -169 != \0 ]]
+ echo '-169 0'
+ for b in '$(sed "$((i+1))q;d" "$c")'
+ [[ -167 != \a ]]
+ [[ -167 != \0 ]]
+ echo '-167 0'
+ for b in '$(sed "$((i+1))q;d" "$c")'
+ [[ -153 != \a ]]
+ [[ -153 != \0 ]]
+ echo '-153 0'
+ for b in '$(sed "$((i+1))q;d" "$c")'
+ [[ 166 != \a ]]
+ [[ 166 != \0 ]]
+ echo '166 0'
+ for b in '$(sed "$((i+1))q;d" "$c")'
+ [[ -190 != \a ]]
+ [[ -190 != \0 ]]
+ echo '-190 0'
+ for b in '$(sed "$((i+1))q;d" "$c")'
+ [[ -21 != \a ]]
+ [[ -21 != \0 ]]
+ echo '-21 0'
+ for b in '$(sed "$((i+1))q;d" "$c")'
+ [[ -170 != \a ]]
+ [[ -170 != \0 ]]
+ echo '-170 0'
+ for b in '$(sed "$((i+1))q;d" "$c")'
+ [[ 0 != \a ]]
+ [[ 0 != \0 ]]
+ ./simplify-by-var-removal.sh 22-cubes/30.cubes2705.adj 70
+ '[' -z 70 ']'
+ f=22-cubes/30.cubes2705.adj
+ p=70
++ echo 22-cubes
+ sub_dir=22-cubes
+ mkdir -p log/22-cubes
+ mkdir -p simp/22-cubes
+ tee log/22-cubes/30.cubes2705.adj.simp1
+ ./cadical/build/cadical 22-cubes/30.cubes2705.adj -o simp/22-cubes/30.cubes2705.adj.simp1 -e simp/22-cubes/30.cubes2705.adj.ext1 -n -c 200000
c --- [ banner ] -------------------------------------------------------------
c 
c CaDiCaL Radically Simplified CDCL SAT Solver
c Copyright (c) 2016-2021 A. Biere, M. Fleury, N. Froleyks
c 
c Version 1.5.2
c g++ (GCC) 9.3.0 -Wall -Wextra -O3 -DNDEBUG
c Tue Feb 8 21:15:15 EST 2022 Linux gra-login1 3.10.0-1160.36.2.el7.x86_64 x86_64
c 
c --- [ limit ] --------------------------------------------------------------
c 
c setting conflict limit to 200000 conflicts (due to '200000')
c 
c --- [ parsing input ] ------------------------------------------------------
c 
c reading DIMACS file from '22-cubes/30.cubes2705.adj'
c opening file to read '22-cubes/30.cubes2705.adj'
c found 'p cnf 6160 1786678' header
c parsed 1786678 clauses in 18.45 seconds process time
c closing file '22-cubes/30.cubes2705.adj'
c after reading 1542541738 bytes 1471.1 MB
c 
c --- [ options ] ------------------------------------------------------------
c 
c all options are set to their default value
c 
c --- [ solving ] ------------------------------------------------------------
c 
c time measured in process time since initialization
c 
c  seconds    reductions  redundant   irredundant
c          MB     restarts       trail       variables
c            level   conflicts       glue         remaining
c 
c * 18.45 1471  0 0   0    0    0  0% 0 1785954 4618 75%
c { 19.69 1530  0 0   0    0    0  0% 0 1785954 4618 75%
c i 22.53 1584 76 0   8   72   57 50% 15 1785954 4615 75%
c i 24.37 1597 57 0  24  167  134 50% 20 1785954 4613 75%
c i 25.18 1601 54 0  32  210  160 48% 21 1785954 4612 75%
c - 32.37 1556 57 1  51  300  232 49% 24 452811 4612 75%
c i 33.89 1557 43 1  56  616  382 47% 19 452811 4611 75%
c i 35.21 1559 48 1  77  697  454 47% 20 452811 4550 74%
c i 36.07 1498 50 1  91  767  508 47% 21 452811 4503 73%
c i 36.16 1498 50 1  91  768  508 47% 21 452811 4502 73%
c i 36.83 1498 51 1 103  828  558 47% 21 452811 4490 73%
c i 37.21 1498 49 1 106  899  591 47% 21 452811 4489 73%
c } 38.00 1498 54 1 114 1004  665 47% 22 452811 4489 73%
c [ 38.00 1498  0 1 114 1004  665  0% 0 452811 4489 73%
c O 38.00 1498  1 1 114 1005  665 27% 0 452811 4489 73%
c i 38.00 1498  1 1 114 1005  665 27% 0 452811 4468 73%
c i 38.33 1498 17 1 114 1049  701 54% 13 452811 4467 73%
c i 38.52 1498 20 1 114 1130  767 57% 15 452811 4466 72%
c i 38.57 1498 22 1 114 1193  823 57% 16 452811 4465 72%
c - 39.52 1659 22 2 114 1295  795 57% 17 376710 4465 72%
c 
c  seconds    reductions  redundant   irredundant
c          MB     restarts       trail       variables
c            level   conflicts       glue         remaining
c 
c i 39.81 1660 23 2 114 1395  868 57% 18 376710 4464 72%
c i 40.05 1660 25 2 114 1757 1136 57% 20 376710 4463 72%
c i 40.16 1660 24 2 114 1964 1268 57% 20 376710 4462 72%
c i 40.52 1660 21 2 115 2700 1760 57% 17 376710 4461 72%
c - 40.96 1659 21 3 115 2713 1372 57% 17 376698 4461 72%
c ] 41.54 1606 20 3 115 3005 1587 41% 17 376698 4461 72%
c { 41.54 1606 54 3 115 3005 1587 66% 22 376698 4461 72%
c F 41.54 1606 54 3 116 3006 1588 65% 22 376698 4461 72%
c i 42.70 1606 45 3 144 3490 1854 51% 21 376698 4460 72%
c i 44.13 1606 38 3 172 4126 2115 43% 19 376698 4459 72%
c i 45.09 1606 41 3 193 4275 2231 42% 19 376698 4458 72%
c i 45.59 1606 42 3 209 4332 2276 42% 20 376698 4457 72%
c i 45.80 1606 42 3 231 4463 2318 41% 20 376698 4456 72%
c i 45.99 1606 43 3 248 4532 2380 41% 21 376698 4454 72%
c - 46.89 1603 44 4 266 4605 1641 40% 21 376677 4454 72%
c i 46.95 1603 44 4 266 4607 1642 40% 21 376677 4453 72%
c i 47.75 1603 43 4 280 4806 1715 39% 21 376677 4452 72%
c d 48.73 1603 42 4 284 5001 1872 39% 21 376637 4441 72%
c 3 48.78 1603 42 4 284 5001 3780 39% 21 376637 4441 72%
c 2 48.87 1603 42 4 284 5001 4111 39% 21 376540 4441 72%
c 
c  seconds    reductions  redundant   irredundant
c          MB     restarts       trail       variables
c            level   conflicts       glue         remaining
c 
c p 57.92 1603 42 4 284 5001 8598 39% 21 376540 4351 71%
c d 58.56 1603 42 4 284 5001 8366 39% 21 375759 4349 71%
c # 60.77 1603 40 4 357 6009 9135 39% 21 375759 4349 71%
c - 64.79 1590 40 5 457 6970 2367 36% 22 375759 4349 71%
c } 64.80 1590 40 5 457 7006 2371 36% 22 375759 4349 71%
c [ 64.80 1590 20 5 457 7006 2371 41% 17 375759 4349 71%
c - 67.30 1446 36 6 459 9804 3303 39% 29 375759 4349 71%
c I 67.57 1446 36 6 459 10010 3464 39% 29 375759 4349 71%
c - 74.06 1591 34 7 461 13111 3623 38% 28 375759 4349 71%
c 3 77.28 1591 33 7 462 15001 6789 38% 28 375759 4349 71%
c 2 77.36 1591 33 7 462 15001 7118 38% 28 375737 4349 71%
c p 80.23 1591 33 7 462 15001 11730 38% 28 375737 4349 71%
c ] 80.42 1591 33 7 462 15010 11738 38% 28 375737 4349 71%
c { 80.42 1591 40 7 462 15010 11738 36% 22 375737 4349 71%
c B 80.60 1591 40 7 462 15011 11739 36% 22 375737 4349 71%
c - 82.50 1446 36 8 510 16893 4520 37% 21 375737 4349 71%
c s 82.92 1446 35 8 510 17191 4630 37% 21 372921 4349 71%
c v 90.81 1446 35 8 510 17191 4630 37% 21 372636 4349 71%
c t 91.11 1446 35 8 510 17191 4620 37% 21 372529 4349 71%
c e 92.58 1446 35 8 510 17191 4430 37% 21 364640 1142 19%
c 
c  seconds    reductions   redundant   irredundant
c          MB     restarts        trail       variables
c            level    conflicts       glue         remaining
c 
c s 92.73 1446 35 8 510 17191 4421 37% 21 364300 1142 19%
c W 97.44 1446 29 8 572 21012 6612 63% 19 364300 1142 19%
c - 97.81 1446 30 9 598 21145 4864 63% 19 364300 1142 19%
c - 113.96 1446 32 10 1117 25830 5089 57% 20 364300 1142 19%
c F 116.20 1446 31 10 1199 28016 6471 59% 19 364300 1142 19%
c p 128.76 1446 33 10 1452 30001 10246 59% 20 364300 1142 19%
c - 134.36 1446 34 11 1610 30982 6522 60% 21 364300 1142 19%
c } 134.39 1446 34 11 1610 31011 6527 60% 21 364300 1142 19%
c [ 134.39 1446 33 11 1610 31011 6527 146% 28 364300 1142 19%
c B 140.46 1446 31 11 1613 36022 9780 114% 25 364300 1142 19%
c - 141.25 1446 31 12 1613 36606 6902 112% 25 364300 1142 19%
c ] 142.46 1446 30 12 1614 38016 7776 107% 25 364300 1142 19%
c 1 142.46 1446 30 12 1614 38016 7776 107% 25 364300 1142 19%
c 
c --- [ writing output ] -----------------------------------------------------
c 
c writing simplified CNF to DIMACS file 'simp/22-cubes/30.cubes2705.adj.simp1'
c * 142.46 1446 30 12 1614 38016 7776 107% 25 364300 1142 19%
c opening file to write 'simp/22-cubes/30.cubes2705.adj.simp1'
c writing 'p cnf 6160 364300' header
c closing file 'simp/22-cubes/30.cubes2705.adj.simp1'
c after writing 164853510 bytes 157.2 MB
c wrote 364300 clauses in 1.19 seconds process time
c 
c --- [ writing extension ] --------------------------------------------------
c 
c writing extension stack to 'simp/22-cubes/30.cubes2705.adj.ext1'
c opening file to write 'simp/22-cubes/30.cubes2705.adj.ext1'
c closing file 'simp/22-cubes/30.cubes2705.adj.ext1'
c after writing 247834 bytes 0.2 MB
c wrote 10541 witnesses in 0.00 seconds process time
c 
c --- [ result ] -------------------------------------------------------------
c 
s SATISFIABLE
c 
c --- [ run-time profiling ] -------------------------------------------------
c 
c process time taken by individual solving procedures
c (percentage relative to process time for solving)
c 
c        97.32   78.48% search
c        71.63   57.76% unstable
c        26.69   21.52% simplify
c        24.20   19.52% stable
c        18.45   14.88% parse
c        14.17   11.42% probe
c         8.15    6.57% vivify
c         2.37    1.91% elim
c         1.24    1.00% lucky
c         0.30    0.25% subsume
c         0.25    0.20% walk
c         0.19    0.15% ternary
c   =================================
c       124.01   86.33% solve
c 
c last line shows process time for solving
c (percentage relative to total process time)
c 
c --- [ statistics ] ---------------------------------------------------------
c 
c chronological:              7205        18.95 %  of conflicts
c conflicts:                 38016       306.56    per second
c decisions:                131892      1063.57    per second
c eliminated:                 3207        52.06 %  of all variables
c fixed:                      1798        29.19 %  of all variables
c learned:                   37156        97.74 %  per conflict
c learned_lits:            6363229       100.00 %  learned literals
c minimized:                     0         0.00 %  learned literals
c shrunken:                3598802        56.56 %  learned literals
c minishrunken:             574943         9.04 %  learned literals
c propagations:            5615027         0.05 M  per second
c reduced:                   16705        43.94 %  per conflict
c rephased:                      8      4752.00    interval
c restarts:                   1614        23.55    interval
c stabilizing:                   3        44.74 %  of conflicts
c substituted:                  13         0.21 %  of all variables
c subsumed:                  16691         0.45 %  of all clauses
c strengthened:              28357         0.76 %  of all clauses
c ternary:                    5092         0.43 %  of resolved
c vivified:                    294         0.01 %  of all clauses
c walked:                        1     38016.00    interval
c weakened:                   8743         3.24    average size
c 
c seconds are measured in process time for solving
c 
c --- [ resources ] ----------------------------------------------------------
c 
c total process time since initialization:       143.65    seconds
c total real time since initialization:          143.73    seconds
c maximum resident set size of process:         1819.78    MB
c 
c --- [ shutting down ] ------------------------------------------------------
c 
c exit 10
++ seq 1 100
+ for i in '$(seq 1 100)'
++ sed 's/.$//'
++ rev
++ cut '-d ' -f1
++ rev
++ tail -n 1
++ grep 'c [*]' log/22-cubes/30.cubes2705.adj.simp1
+ vars_remaining=19
+ ((  vars_remaining < 100 - p  ))
+ break
++ cut '-d ' -f3
++ head -n 1 simp/22-cubes/30.cubes2705.adj.simp1
+ numvars=6160
++ cut '-d ' -f4
++ head -n 1 simp/22-cubes/30.cubes2705.adj.simp1
+ numlines=364300
+ extlines_total=0
++ seq 1 1
+ for j in '$(seq 1 "$i")'
++ cut '-d ' -f1
++ wc -l simp/22-cubes/30.cubes2705.adj.ext1
+ extlines_j=10541
+ extlines_total=10541
+ newlines=374841
+ echo 'p cnf 6160 374841'
+ tail simp/22-cubes/30.cubes2705.adj.simp1 -n +2
++ seq 1 1
+ for j in '$(seq 1 "$i")'
+ cat simp/22-cubes/30.cubes2705.adj.ext1
+ sed -i 's/ 0.*/ 0/' 22-cubes/30.cubes2705.adj.simp
============================[ Problem Statistics ]=============================
|                                                                             |
|  Number of variables:          6160                                         |
|  Number of clauses:          373039                                         |
|  Parse time:                   2.23 s                                       |
|  Simplification time:          0.05 s                                       |
|                                                                             |
============================[ Search Statistics ]====================================================
| Conflicts |          ORIGINAL         |          LEARNT          | Num Sols |      SUBGRAPHS      |
|           |    Vars  Clauses Literals |    Limit  Clauses Lit/Cl |          | Canonical Noncanon. |
=====================================================================================================
|       100 |    4360   373039 36090808 |     2000      100     96 |        0 |        17         0 |
|       250 |    4360   373039 36090808 |     2000      250     95 |        0 |        25         0 |
|       476 |    4360   373040 36090944 |     2000      476     89 |        0 |        48         1 |
|       814 |    4360   373041 36090966 |     2000      814     93 |        0 |        71         2 |
|      1447 |    4360   373168 36093658 |     2000     1447     84 |        0 |       135       129 |
|      2263 |    4360   373225 36094927 |     3600     1263     45 |        0 |       174       186 |
|      3427 |    4360   373250 36095810 |     3600     2427     85 |        0 |       221       211 |
|      5173 |    4360   373288 36096804 |     4999     2372     63 |        0 |       264       249 |
|      7744 |    4360   373297 36097065 |     4999     4943     94 |        0 |       318       258 |
|     11707 |    4360   373416 36099486 |     7554     3261     32 |        0 |       460       377 |
|     17534 |    4360   373477 36101118 |     8779     5313     64 |        0 |       546       438 |
|     27128 |    4360   374422 36122557 |    11198     5526     48 |        0 |       781      1383 |
|     40461 |    4360   374781 36129229 |    13606     7067     53 |        0 |      1007      1742 |
|     60604 |    4360   375463 36143390 |    16010    13014     76 |        0 |      1356      2424 |
|     90104 |    4360   375771 36150564 |    19613    16717     78 |        0 |      1630      2732 |
|    134232 |    4360   376110 36157845 |    24408    18040     72 |        0 |      1846      3071 |
|    200089 |    4360   376283 36162064 |    30413    16902     65 |        0 |      1943      3244 |
|    299085 |    4360   376753 36171399 |    36410    33895     88 |        0 |      2235      3714 |
|    448478 |    4360   378357 36201715 |    44819    43297     91 |        0 |      2799      5318 |
|    671019 |    4360   379215 36221317 |    55618    42637     79 |        0 |      3104      6176 |
|   1007448 |    4360   383119 36299242 |    68824    40272     64 |        0 |      4527     10080 |
|   1525665 |    4360   402548 36602996 |    84417    64482     76 |        0 |      6953     29509 |
|   2295892 |    4360   424593 37072338 |   103617    87509     79 |        0 |     15389     51554 |
|   3426161 |    4360   432588 37277074 |   127633    67794     46 |        0 |     21293     59549 |
|   5138076 |    4360   461092 37922225 |   156419    82895     45 |        0 |     27858     88053 |
|   7677753 |    4360   475653 38292787 |   191220   111173     54 |        0 |     34311    102614 |
|  11497333 |    4360   507558 39006945 |   233226   227759     73 |        1 |     44281    134518 |
|  17212967 |    4360   541680 39691217 |   286020   245387     70 |        4 |     52051    168637 |
|  25764055 |    4350   372568 35946106 |   350821   215876     73 |        4 |     62203    197456 |
|  38684324 |    4308   466787 38051142 |   429992   272716     63 |        4 |    102780    334322 |
=====================================================================================================
Number of solutions   : 4           
Canonical subgraphs   : 115330         (14 /sec)
          order  3    : 1              (166667 /sec)
          order  4    : 1              (500000 /sec)
          order  5    : 1              (200000 /sec)
          order  6    : 1              (55556 /sec)
          order  7    : 1              (8850 /sec)
          order  8    : 2              (1362 /sec)
          order  9    : 7              (354 /sec)
          order 10    : 31             (111 /sec)
          order 11    : 154            (37 /sec)
          order 12    : 1095           (16 /sec)
          order 13    : 6378           (12 /sec)
          order 14    : 40100          (14 /sec)
          order 15    : 65606          (15 /sec)
          order 16    : 1589           (16 /sec)
          order 17    : 199            (13 /sec)
          order 18    : 65             (10 /sec)
          order 19    : 32             (7 /sec)
          order 20    : 31             (7 /sec)
          order 21    : 32             (7 /sec)
          order 22    : 4              (1 /sec)
Noncanonical subgraphs: 401570         (382 /sec)
          order  3    : 0              (-nan /sec)
          order  4    : 0              (-nan /sec)
          order  5    : 0              (-nan /sec)
          order  6    : 0              (-nan /sec)
          order  7    : 0              (-nan /sec)
          order  8    : 0              (-nan /sec)
          order  9    : 0              (-nan /sec)
          order 10    : 0              (-nan /sec)
          order 11    : 0              (-nan /sec)
          order 12    : 0              (-nan /sec)
          order 13    : 0              (-nan /sec)
          order 14    : 162384         (1253 /sec)
          order 15    : 155955         (705 /sec)
          order 16    : 82588          (120 /sec)
          order 17    : 533            (116 /sec)
          order 18    : 37             (99 /sec)
          order 19    : 29             (17 /sec)
          order 20    : 3              (10 /sec)
          order 21    : 0              (-nan /sec)
Canonicity checking   : 9071.56 s
database reductions   : 397
restarts              : 65534
conflicts             : 48021410       (1149 /sec)
decisions             : 59189878       (0.00 % random) (1416 /sec)
propagations          : 9514681768     (227579 /sec)
conflict literals     : 5525849301     (57.13 % deleted)
actual reward         : 0.058979
Memory used           : 694.00 MB
CPU time              : 41808.3 s

UNSATISFIABLE
