c --- [ banner ] -------------------------------------------------------------
c 
c CaDiCaL Radically Simplified CDCL SAT Solver
c Copyright (c) 2016-2021 A. Biere, M. Fleury, N. Froleyks
c 
c Version 1.5.2 ca9bff05c11bde5eae4912f9932871d1527e61d8
c g++ (GCC) 9.3.0 -Wall -Wextra -O3 -DNDEBUG
c Sun May 1 02:23:23 EDT 2022 Linux gra-login1 3.10.0-1160.59.1.el7.x86_64 x86_64
c 
c --- [ limit ] --------------------------------------------------------------
c 
c setting conflict limit to 200000 conflicts (due to '200000')
c 
c --- [ parsing input ] ------------------------------------------------------
c 
c reading DIMACS file from '12.cubes584.adj'
c opening file to read '12.cubes584.adj'
c found 'p cnf 5320 924209' header
c parsed 924209 clauses in 7.43 seconds process time
c closing file '12.cubes584.adj'
c after reading 686668106 bytes 654.9 MB
c 
c --- [ options ] ------------------------------------------------------------
c 
c all options are set to their default value
c 
c --- [ solving ] ------------------------------------------------------------
c 
c time measured in process time since initialization
c 
c  seconds   reductions  redundant  irredundant
c          MB    restarts       trail      variables
c           level   conflicts       glue        remaining
c 
c *  7.43 685  0 0   0    0    0  0% 0 923580 3973 75%
c {  8.02 715  0 0   0    0    0  0% 0 923580 3973 75%
c i  8.27 719 140 0   0    4    3 45% 13 923580 3893 73%
c i  9.33 740 64 0   1   73   42 45% 7 923580 3857 72%
c i  9.85 745 74 0   8  112   69 46% 13 923580 3846 72%
c i  9.91 745 71 0  12  126   73 45% 13 923580 3845 72%
c i  9.94 745 70 0  13  133   77 46% 14 923580 3844 72%
c i 10.07 746 73 0  18  154   90 46% 19 923580 3843 72%
c i 10.09 746 72 0  18  155   90 46% 19 923580 3842 72%
c i 10.10 746 72 0  19  156   90 46% 19 923580 3841 72%
c i 10.56 747 70 0  43  261  176 49% 28 923580 3839 72%
c i 10.58 747 71 0  44  263  177 49% 28 923580 3838 72%
c i 10.58 747 71 0  44  264  177 49% 28 923580 3837 72%
c - 12.43 690 81 1  52  305  213 49% 33 76092 3837 72%
c i 12.51 675 79 1  58  327  229 49% 33 76092 3836 72%
c i 12.51 675 78 1  58  328  229 49% 33 76092 3835 72%
c i 12.51 675 78 1  59  329  229 49% 33 76092 3834 72%
c i 12.51 675 77 1  60  334  233 49% 32 76092 3833 72%
c i 12.51 675 77 1  61  336  233 49% 32 76092 3832 72%
c i 12.51 675 77 1  61  337  233 49% 32 76092 3831 72%
c 
c  seconds   reductions  redundant   irredundant
c          MB    restarts       trail      variables
c           level   conflicts       glue        remaining
c 
c i 12.55 675 71 1  62  388  277 50% 31 76092 3830 72%
c i 12.55 675 71 1  62  391  279 50% 31 76092 3829 72%
c i 12.60 675 69 1  68  444  327 51% 32 76092 3828 72%
c i 12.61 675 67 1  68  479  359 51% 32 76092 3827 72%
c i 12.61 675 67 1  68  486  365 51% 32 76092 3826 72%
c i 12.62 675 66 1  68  499  375 51% 31 76092 3825 72%
c i 12.63 675 66 1  68  537  408 52% 32 76092 3824 72%
c i 12.63 675 65 1  68  539  409 52% 32 76092 3823 72%
c i 12.65 675 66 1  69  547  416 52% 32 76092 3822 72%
c i 12.71 675 66 1  77  579  445 52% 33 76092 3821 72%
c i 12.71 675 66 1  78  585  449 52% 33 76092 3820 72%
c i 12.72 675 66 1  78  586  449 52% 33 76092 3819 72%
c i 12.72 675 66 1  80  590  451 52% 33 76092 3818 72%
c i 12.74 675 64 1  80  610  465 52% 32 76092 3817 72%
c i 12.75 675 63 1  80  624  474 52% 32 76092 3816 72%
c i 12.76 675 63 1  80  638  483 52% 32 76092 3815 72%
c i 12.81 675 55 1  80  799  575 52% 30 76092 3814 72%
c i 12.83 675 55 1  80  831  603 53% 30 76092 3813 72%
c i 12.85 675 55 1  81  876  636 53% 30 76092 3812 72%
c i 12.86 675 55 1  81  883  642 53% 30 76092 3811 72%
c 
c  seconds   reductions  redundant   irredundant
c          MB    restarts       trail      variables
c           level   conflicts       glue        remaining
c 
c - 12.98 700 55 2  82  907  565 53% 30 76021 3811 72%
c i 13.00 700 55 2  83  926  582 53% 30 76021 3810 72%
c } 13.02 700 54 2  83 1006  635 53% 30 76021 3810 72%
c [ 13.02 700  0 2  83 1006  635  0% 0 76021 3810 72%
c O 13.02 700  0 2  83 1007  635 29% 0 76021 3810 72%
c i 13.02 700  0 2  83 1007  635 29% 0 76021 3789 71%
c i 13.02 700  0 2  83 1008  635 29% 0 76021 3712 70%
c i 13.03 700  2 2  83 1036  640 34% 2 76021 3711 70%
c i 13.03 700  2 2  83 1042  641 33% 2 76021 3705 70%
c i 13.08 700 19 2  83 1087  678 45% 13 76021 3704 70%
c i 13.08 700 19 2  83 1092  681 46% 14 76021 3703 70%
c i 13.08 700 19 2  83 1093  681 46% 14 76021 3702 70%
c i 13.09 700 21 2  83 1107  690 47% 16 76021 3701 70%
c i 13.10 700 22 2  83 1123  703 48% 18 76021 3700 70%
c i 13.10 700 23 2  83 1134  705 49% 19 76021 3699 70%
c i 13.10 700 23 2  83 1146  713 49% 19 76021 3698 70%
c i 13.11 700 24 2  83 1161  724 50% 20 76021 3697 69%
c i 13.14 700 27 2  83 1248  773 53% 24 76021 3696 69%
c i 13.14 700 27 2  83 1252  772 53% 23 76021 3695 69%
c i 13.18 700 29 2  83 1393  857 54% 24 76021 3694 69%
c 
c  seconds   reductions  redundant   irredundant
c          MB    restarts       trail      variables
c           level   conflicts       glue        remaining
c 
c i 13.19 700 29 2  83 1434  884 54% 24 76021 3693 69%
c i 13.19 700 29 2  83 1436  885 54% 24 76021 3692 69%
c i 13.19 700 29 2  83 1439  887 54% 24 76021 3691 69%
c i 13.20 700 29 2  83 1445  889 54% 24 76021 3690 69%
c i 13.20 700 29 2  83 1472  908 54% 24 76021 3689 69%
c i 13.21 700 29 2  83 1492  924 54% 24 76021 3688 69%
c i 13.21 700 29 2  83 1499  929 54% 24 76021 3687 69%
c i 13.21 700 29 2  83 1500  929 54% 24 76021 3686 69%
c i 13.22 700 29 2  83 1534  951 55% 24 76021 3685 69%
c ] 13.27 700 33 2  83 1719 1070 55% 27 76021 3685 69%
c 1 13.27 700 33 2  83 1719 1070 55% 27 76021 3685 69%
c 
c --- [ writing output ] -----------------------------------------------------
c 
c writing simplified CNF to DIMACS file 'simp/12.cubes584.adj.simp1'
c * 13.27 700 33 2  83 1719 1070 55% 27 76021 3685 69%
c opening file to write 'simp/12.cubes584.adj.simp1'
c writing 'p cnf 5320 48890' header
c closing file 'simp/12.cubes584.adj.simp1'
c after writing 16546193 bytes 15.8 MB
c wrote 48890 clauses in 0.12 seconds process time
c 
c --- [ writing extension ] --------------------------------------------------
c 
c writing extension stack to 'simp/12.cubes584.adj.ext1'
c opening file to write 'simp/12.cubes584.adj.ext1'
c closing file 'simp/12.cubes584.adj.ext1'
c after writing 23516 bytes 0.0 MB
c wrote 1635 witnesses in 0.00 seconds process time
c 
c --- [ result ] -------------------------------------------------------------
c 
s SATISFIABLE
c 
c --- [ run-time profiling ] -------------------------------------------------
c 
c process time taken by individual solving procedures
c (percentage relative to process time for solving)
c 
c         7.43  127.39% parse
c         5.83  100.00% search
c         5.01   85.80% unstable
c         0.58   10.02% lucky
c         0.24    4.18% stable
c         0.00    0.00% simplify
c   =================================
c         5.83   43.58% solve
c 
c last line shows process time for solving
c (percentage relative to total process time)
c 
c --- [ statistics ] ---------------------------------------------------------
c 
c chronological:               491        28.56 %  of conflicts
c conflicts:                  1719       294.66    per second
c decisions:                 11417      1957.05    per second
c fixed:                      1635        30.73 %  of all variables
c learned:                    1681        97.79 %  per conflict
c learned_lits:             269718       100.00 %  learned literals
c minimized:                     0         0.00 %  learned literals
c shrunken:                 182915        67.82 %  learned literals
c minishrunken:               8178         3.03 %  learned literals
c propagations:             425987         0.07 M  per second
c reduced:                      95         5.53 %  per conflict
c rephased:                      1      1719.00    interval
c restarts:                     83        20.71    interval
c stabilizing:                   1        41.48 %  of conflicts
c subsumed:                    447         0.02 %  of all clauses
c 
c seconds are measured in process time for solving
c 
c --- [ resources ] ----------------------------------------------------------
c 
c total process time since initialization:        13.39    seconds
c total real time since initialization:           14.24    seconds
c maximum resident set size of process:          747.73    MB
c 
c --- [ shutting down ] ------------------------------------------------------
c 
c exit 10
c --- [ banner ] -------------------------------------------------------------
c 
c CaDiCaL Radically Simplified CDCL SAT Solver
c Copyright (c) 2016-2021 A. Biere, M. Fleury, N. Froleyks
c 
c Version 1.5.2 ca9bff05c11bde5eae4912f9932871d1527e61d8
c g++ (GCC) 9.3.0 -Wall -Wextra -O3 -DNDEBUG
c Sun May 1 02:23:23 EDT 2022 Linux gra-login1 3.10.0-1160.59.1.el7.x86_64 x86_64
c 
c --- [ limit ] --------------------------------------------------------------
c 
c setting conflict limit to 200000 conflicts (due to '200000')
c 
c --- [ parsing input ] ------------------------------------------------------
c 
c reading DIMACS file from 'simp/12.cubes584.adj.simp1'
c opening file to read 'simp/12.cubes584.adj.simp1'
c found 'p cnf 5320 48890' header
c parsed 48890 clauses in 0.23 seconds process time
c closing file 'simp/12.cubes584.adj.simp1'
c after reading 16546193 bytes 15.8 MB
c 
c --- [ options ] ------------------------------------------------------------
c 
c all options are set to their default value
c 
c --- [ solving ] ------------------------------------------------------------
c 
c time measured in process time since initialization
c 
c  seconds  reductions  redundant  irredundant
c         MB    restarts       trail     variables
c          level   conflicts       glue       remaining
c 
c *  0.23 20  0 0   0    0    0  0% 0 48890 3652 69%
c {  0.26 22  0 0   0    0    0  0% 0 48890 3652 69%
c -  0.49 27 39 1  32  301  255 24% 19 48890 3652 69%
c i  0.50 27 37 1  32  337  285 24% 18 48890 3651 69%
c i  0.50 27 37 1  32  340  286 24% 19 48890 3650 69%
c i  0.59 27 41 1  52  424  354 23% 21 48890 3649 69%
c i  0.59 27 42 1  52  427  356 23% 21 48890 3648 69%
c i  0.61 27 52 1  55  493  390 21% 20 48890 3646 69%
c i  0.61 27 53 1  56  497  393 21% 20 48890 3645 69%
c i  0.62 27 54 1  59  509  403 21% 21 48890 3644 68%
c i  0.76 29 53 1  92  690  550 22% 23 48890 3643 68%
c i  0.80 29 53 1 102  749  597 22% 24 48890 3642 68%
c i  0.81 29 53 1 105  760  607 22% 24 48890 3641 68%
c i  0.90 30 56 1 130  853  686 22% 27 48890 3640 68%
c i  0.91 30 56 1 135  872  700 22% 27 48890 3639 68%
c i  0.92 30 57 1 136  878  705 22% 27 48890 3638 68%
c -  1.00 44 56 2 140  901  589 22% 27 48850 3638 68%
c i  1.02 44 55 2 140  948  628 22% 26 48850 3637 68%
c i  1.02 44 55 2 140  949  628 22% 26 48850 3636 68%
c }  1.03 44 53 2 140 1000  660 22% 26 48850 3636 68%
c 
c  seconds  reductions  redundant  irredundant
c         MB    restarts       trail     variables
c          level   conflicts       glue       remaining
c 
c [  1.03 44  0 2 140 1000  660  0% 0 48850 3636 68%
c O  1.03 43 42 2 140 1002  662 15% 15 48850 3636 68%
c i  1.04 43 18 2 140 1015  673 25% 10 48850 3635 68%
c -  1.19 43 24 3 140 1803  967 25% 19 48841 3635 68%
c ]  1.45 42 22 3 141 3001 1724 25% 19 48841 3635 68%
c {  1.45 42 53 3 141 3001 1724 22% 26 48841 3635 68%
c -  1.47 42 53 4 141 3010 1270 22% 26 48841 3635 68%
c F  1.50 42 53 4 141 3011 1271 18% 26 48841 3635 68%
c i  1.65 41 53 4 185 3280 1496 33% 27 48841 3634 68%
c -  1.93 41 42 5 224 4510 1668 37% 26 48838 3634 68%
c d  2.09 41 39 5 229 5002 1981 38% 24 45433 3621 68%
c 2  2.11 41 39 5 229 5002 3922 38% 24 45366 3621 68%
c p  2.80 41 39 5 229 5002 9827 38% 24 45366 3522 66%
c d  2.84 41 39 5 229 5002 9051 38% 24 40617 3521 66%
c d  2.86 41 39 5 229 5002 9051 38% 24 40612 3519 66%
c #  3.07 41 34 5 229 6012 9739 38% 22 40612 3519 66%
c -  3.18 51 33 6 229 6310 2224 38% 22 40612 3519 66%
c }  3.41 51 34 6 277 7001 2764 37% 22 40612 3519 66%
c [  3.41 51 22 6 277 7001 2764 37% 19 40612 3519 66%
c s  3.61 51 23 6 278 7486 3011 37% 19 38983 3519 66%
c 
c  seconds  reductions  redundant   irredundant
c         MB    restarts       trail      variables
c          level   conflicts       glue        remaining
c 
c v  3.78 51 23 6 278 7486 3011 37% 19 38975 3519 66%
c t  3.79 51 23 6 278 7486 3004 37% 19 38945 3519 66%
c e  3.84 52 23 6 278 7486 2795 37% 19 33026 491  9%
c s  3.87 52 23 6 278 7486 2795 37% 19 32974 491  9%
c -  4.17 62 22 7 278 8410 2499 85% 19 32974 491  9%
c I  4.43 62 25 7 279 10016 3674 86% 21 32974 491  9%
c -  4.60 62 28 8 280 10810 2881 85% 23 32974 491  9%
c -  5.03 68 31 9 282 13510 3219 85% 26 32974 491  9%
c ]  5.26 68 32 9 282 15001 4270 85% 27 32974 491  9%
c {  5.26 68 34 9 282 15001 4270 276% 22 32974 491  9%
c d  5.28 68 34 9 282 15003 4271 276% 22 32314 490  9%
c p  5.53 68 34 9 282 15003 6323 276% 22 32314 486  9%
c B  5.56 68 34 9 282 15022 6334 275% 22 32314 486  9%
c -  5.78 68 32 10 302 16510 3793 222% 22 32302 486  9%
c -  6.42 68 28 11 359 19810 3894 169% 21 32302 486  9%
c W  6.71 68 27 11 359 21023 4698 158% 20 32302 486  9%
c -  7.15 68 25 12 361 23410 4037 143% 19 32302 486  9%
c -  7.61 68 24 13 407 27311 4188 128% 18 32302 486  9%
c F  7.72 68 23 13 421 28027 4591 126% 18 32302 486  9%
c p  8.14 67 23 13 444 30004 7496 121% 18 32302 486  9%
c 
c  seconds  reductions    redundant    irredundant
c         MB     restarts        trail       variables
c          level     conflicts        glue       remaining
c 
c }  8.24 68 23 13 445 30634 7828 120% 17 32302 486  9%
c 1  8.24 68 23 13 445 30634 7828 120% 17 32302 486  9%
c 
c --- [ writing output ] -----------------------------------------------------
c 
c writing simplified CNF to DIMACS file 'simp/12.cubes584.adj.simp2'
c *  8.24 68 23 13 445 30634 7828 120% 17 32302 486  9%
c opening file to write 'simp/12.cubes584.adj.simp2'
c writing 'p cnf 5320 32302' header
c closing file 'simp/12.cubes584.adj.simp2'
c after writing 10858587 bytes 10.4 MB
c wrote 32302 clauses in 0.07 seconds process time
c 
c --- [ writing extension ] --------------------------------------------------
c 
c writing extension stack to 'simp/12.cubes584.adj.ext2'
c opening file to write 'simp/12.cubes584.adj.ext2'
c closing file 'simp/12.cubes584.adj.ext2'
c after writing 150603 bytes 0.1 MB
c wrote 6273 witnesses in 0.00 seconds process time
c 
c --- [ result ] -------------------------------------------------------------
c 
s SATISFIABLE
c 
c --- [ run-time profiling ] -------------------------------------------------
c 
c process time taken by individual solving procedures
c (percentage relative to process time for solving)
c 
c         6.42   80.20% search
c         4.39   54.88% unstable
c         1.95   24.33% stable
c         1.58   19.79% simplify
c         1.10   13.73% probe
c         0.23    2.90% parse
c         0.17    2.11% vivify
c         0.09    1.10% elim
c         0.06    0.81% subsume
c         0.06    0.73% walk
c         0.03    0.31% ternary
c         0.02    0.27% lucky
c   =================================
c         8.00   96.30% solve
c 
c last line shows process time for solving
c (percentage relative to total process time)
c 
c --- [ statistics ] ---------------------------------------------------------
c 
c chronological:              4992        16.30 %  of conflicts
c conflicts:                 30634      3828.11    per second
c decisions:                 55483      6933.31    per second
c eliminated:                 3028        56.92 %  of all variables
c fixed:                       121         2.27 %  of all variables
c learned:                   30062        98.13 %  per conflict
c learned_lits:            4504719       100.00 %  learned literals
c minimized:                     0         0.00 %  learned literals
c shrunken:                3023868        67.13 %  learned literals
c minishrunken:             254679         5.65 %  learned literals
c propagations:            2859972         0.36 M  per second
c reduced:                   13987        45.66 %  per conflict
c rephased:                      7      4376.29    interval
c restarts:                    445        68.84    interval
c stabilizing:                   2        32.65 %  of conflicts
c substituted:                  17         0.32 %  of all variables
c subsumed:                  11611         5.53 %  of all clauses
c strengthened:               1150         0.55 %  of all clauses
c ternary:                    2682         0.66 %  of resolved
c vivified:                     17         0.01 %  of all clauses
c walked:                        1     30634.00    interval
c weakened:                   6152         2.89    average size
c 
c seconds are measured in process time for solving
c 
c --- [ resources ] ----------------------------------------------------------
c 
c total process time since initialization:         8.31    seconds
c total real time since initialization:            8.78    seconds
c maximum resident set size of process:           67.71    MB
c 
c --- [ shutting down ] ------------------------------------------------------
c 
c exit 10
WARNING! DIMACS header mismatch: wrong number of variables.
============================[ Problem Statistics ]=============================
|                                                                             |
|  Number of variables:          2933                                         |
|  Number of clauses:           32306                                         |
|  Parse time:                   0.15 s                                       |
|  Simplification time:          0.00 s                                       |
|                                                                             |
============================[ Search Statistics ]====================================================
| Conflicts |          ORIGINAL         |          LEARNT          | Num Sols |      SUBGRAPHS      |
|           |    Vars  Clauses Literals |    Limit  Clauses Lit/Cl |          | Canonical Noncanon. |
=====================================================================================================
|       150 |    2838    32356  2362479 |     2000      150     56 |        0 |        28        50 |
|       304 |    2838    32360  2362532 |     2000      304     78 |        0 |        31        54 |
|       544 |    2838    32375  2362867 |     2000      544     79 |        0 |        35        69 |
|       916 |    2838    32410  2363583 |     2000      916     75 |        0 |        56       104 |
|      1523 |    2838    32511  2365516 |     2000     1523     76 |        0 |       104       205 |
|      2311 |    2838    32540  2366208 |     3600     1311     55 |        0 |       130       234 |
|      3518 |    2838    32608  2367952 |     3600     2518     65 |        0 |       157       302 |
|      5489 |    2838    32871  2371506 |     4999     2688     52 |        0 |       246       565 |
|      8378 |    2838    33198  2376063 |     6302     3080     43 |        0 |       345       892 |
|     12430 |    2838    33406  2378859 |     7553     3983     48 |        0 |       404      1100 |
|     18479 |    2838    33689  2382491 |     8775     6254     51 |        0 |       492      1383 |
|     27539 |    2838    34100  2387784 |    11198     5937     43 |        0 |       599      1794 |
|     40694 |    2838    34281  2390042 |    13607     7301     41 |        0 |       622      1975 |
|     61692 |    2813    35818  2412424 |    16007    14096     52 |        0 |      1188      3512 |
|     94422 |    2813    30328  1975309 |    20150    10572     45 |        0 |      1902      7050 |
|    142926 |    2813    35043  2033360 |    25570    14496     42 |        0 |      2819     11765 |
|    212652 |    2811    39082  2087317 |    30404    29456     53 |        0 |      3943     15807 |
=====================================================================================================
Number of solutions   : 0
Canonical subgraphs   : 6941           (53 /sec)
          order  3    : 1              (250000 /sec)
          order  4    : 1              (500000 /sec)
          order  5    : 1              (250000 /sec)
          order  6    : 1              (55556 /sec)
          order  7    : 1              (8621 /sec)
          order  8    : 1              (2141 /sec)
          order  9    : 2              (858 /sec)
          order 10    : 7              (454 /sec)
          order 11    : 23             (250 /sec)
          order 12    : 63             (166 /sec)
          order 13    : 89             (116 /sec)
          order 14    : 1002           (81 /sec)
          order 15    : 3273           (53 /sec)
          order 16    : 1897           (44 /sec)
          order 17    : 391            (45 /sec)
          order 18    : 89             (51 /sec)
          order 19    : 42             (63 /sec)
          order 20    : 57             (63 /sec)
          order 21    : 0              (-nan /sec)
Noncanonical subgraphs: 26993          (455 /sec)
          order  3    : 0              (-nan /sec)
          order  4    : 0              (-nan /sec)
          order  5    : 0              (-nan /sec)
          order  6    : 0              (-nan /sec)
          order  7    : 0              (-nan /sec)
          order  8    : 0              (-nan /sec)
          order  9    : 0              (-nan /sec)
          order 10    : 0              (-nan /sec)
          order 11    : 0              (-nan /sec)
          order 12    : 0              (-nan /sec)
          order 13    : 382            (20141 /sec)
          order 14    : 3162           (3569 /sec)
          order 15    : 22972          (420 /sec)
          order 16    : 420            (149 /sec)
          order 17    : 0              (-nan /sec)
          order 18    : 0              (-nan /sec)
          order 19    : 0              (-nan /sec)
          order 20    : 0              (-nan /sec)
Canonicity checking   : 129.914 s
Noncanonicity checking: 59.3834 s
Total canonicity time : 189.297 s
database reductions   : 29
restarts              : 765
conflicts             : 318424         (1341 /sec)
decisions             : 426477         (0.00 % random) (1796 /sec)
propagations          : 10310287       (43411 /sec)
conflict literals     : 23016351       (53.00 % deleted)
actual reward         : 0.369641
Memory used           : 47.00 MB
CPU time              : 237.505 s

UNSATISFIABLE
