+ '[' -z 3295 ']'
+ f=constraints_22_11.simp-noncanon.simp
+ c=22-cubes/30.cubes
+ i=3295
+ s=70
+ adj=22-cubes/30.cubes3295.adj
+ cnf=22-cubes/30.cubes3295.cnf
+ ext=22-cubes/30.cubes3295.ext
+ cnfext=22-cubes/30.cubes3295.cnfext
+ unitlines=0
++ sed '3296q;d' 22-cubes/30.cubes
+ for b in '$(sed "$((i+1))q;d" "$c")'
+ [[ a != \a ]]
+ for b in '$(sed "$((i+1))q;d" "$c")'
+ [[ -92 != \a ]]
+ [[ -92 != \0 ]]
+ unitlines=1
+ for b in '$(sed "$((i+1))q;d" "$c")'
+ [[ -137 != \a ]]
+ [[ -137 != \0 ]]
+ unitlines=2
+ for b in '$(sed "$((i+1))q;d" "$c")'
+ [[ 122 != \a ]]
+ [[ 122 != \0 ]]
+ unitlines=3
+ for b in '$(sed "$((i+1))q;d" "$c")'
+ [[ -80 != \a ]]
+ [[ -80 != \0 ]]
+ unitlines=4
+ for b in '$(sed "$((i+1))q;d" "$c")'
+ [[ -58 != \a ]]
+ [[ -58 != \0 ]]
+ unitlines=5
+ for b in '$(sed "$((i+1))q;d" "$c")'
+ [[ -207 != \a ]]
+ [[ -207 != \0 ]]
+ unitlines=6
+ for b in '$(sed "$((i+1))q;d" "$c")'
+ [[ -154 != \a ]]
+ [[ -154 != \0 ]]
+ unitlines=7
+ for b in '$(sed "$((i+1))q;d" "$c")'
+ [[ -27 != \a ]]
+ [[ -27 != \0 ]]
+ unitlines=8
+ for b in '$(sed "$((i+1))q;d" "$c")'
+ [[ 169 != \a ]]
+ [[ 169 != \0 ]]
+ unitlines=9
+ for b in '$(sed "$((i+1))q;d" "$c")'
+ [[ -107 != \a ]]
+ [[ -107 != \0 ]]
+ unitlines=10
+ for b in '$(sed "$((i+1))q;d" "$c")'
+ [[ -168 != \a ]]
+ [[ -168 != \0 ]]
+ unitlines=11
+ for b in '$(sed "$((i+1))q;d" "$c")'
+ [[ 167 != \a ]]
+ [[ 167 != \0 ]]
+ unitlines=12
+ for b in '$(sed "$((i+1))q;d" "$c")'
+ [[ -33 != \a ]]
+ [[ -33 != \0 ]]
+ unitlines=13
+ for b in '$(sed "$((i+1))q;d" "$c")'
+ [[ -119 != \a ]]
+ [[ -119 != \0 ]]
+ unitlines=14
+ for b in '$(sed "$((i+1))q;d" "$c")'
+ [[ -226 != \a ]]
+ [[ -226 != \0 ]]
+ unitlines=15
+ for b in '$(sed "$((i+1))q;d" "$c")'
+ [[ -70 != \a ]]
+ [[ -70 != \0 ]]
+ unitlines=16
+ for b in '$(sed "$((i+1))q;d" "$c")'
+ [[ -190 != \a ]]
+ [[ -190 != \0 ]]
+ unitlines=17
+ for b in '$(sed "$((i+1))q;d" "$c")'
+ [[ 209 != \a ]]
+ [[ 209 != \0 ]]
+ unitlines=18
+ for b in '$(sed "$((i+1))q;d" "$c")'
+ [[ 0 != \a ]]
+ [[ 0 != \0 ]]
++ cut '-d ' -f3
++ head -n 1 constraints_22_11.simp-noncanon.simp
+ numvars=6160
++ cut '-d ' -f4
++ head -n 1 constraints_22_11.simp-noncanon.simp
+ numlines=1786659
+ newlines=1786677
+ echo 'p cnf 6160 1786677'
+ tail constraints_22_11.simp-noncanon.simp -n +2
++ sed '3296q;d' 22-cubes/30.cubes
+ for b in '$(sed "$((i+1))q;d" "$c")'
+ [[ a != \a ]]
+ for b in '$(sed "$((i+1))q;d" "$c")'
+ [[ -92 != \a ]]
+ [[ -92 != \0 ]]
+ echo '-92 0'
+ for b in '$(sed "$((i+1))q;d" "$c")'
+ [[ -137 != \a ]]
+ [[ -137 != \0 ]]
+ echo '-137 0'
+ for b in '$(sed "$((i+1))q;d" "$c")'
+ [[ 122 != \a ]]
+ [[ 122 != \0 ]]
+ echo '122 0'
+ for b in '$(sed "$((i+1))q;d" "$c")'
+ [[ -80 != \a ]]
+ [[ -80 != \0 ]]
+ echo '-80 0'
+ for b in '$(sed "$((i+1))q;d" "$c")'
+ [[ -58 != \a ]]
+ [[ -58 != \0 ]]
+ echo '-58 0'
+ for b in '$(sed "$((i+1))q;d" "$c")'
+ [[ -207 != \a ]]
+ [[ -207 != \0 ]]
+ echo '-207 0'
+ for b in '$(sed "$((i+1))q;d" "$c")'
+ [[ -154 != \a ]]
+ [[ -154 != \0 ]]
+ echo '-154 0'
+ for b in '$(sed "$((i+1))q;d" "$c")'
+ [[ -27 != \a ]]
+ [[ -27 != \0 ]]
+ echo '-27 0'
+ for b in '$(sed "$((i+1))q;d" "$c")'
+ [[ 169 != \a ]]
+ [[ 169 != \0 ]]
+ echo '169 0'
+ for b in '$(sed "$((i+1))q;d" "$c")'
+ [[ -107 != \a ]]
+ [[ -107 != \0 ]]
+ echo '-107 0'
+ for b in '$(sed "$((i+1))q;d" "$c")'
+ [[ -168 != \a ]]
+ [[ -168 != \0 ]]
+ echo '-168 0'
+ for b in '$(sed "$((i+1))q;d" "$c")'
+ [[ 167 != \a ]]
+ [[ 167 != \0 ]]
+ echo '167 0'
+ for b in '$(sed "$((i+1))q;d" "$c")'
+ [[ -33 != \a ]]
+ [[ -33 != \0 ]]
+ echo '-33 0'
+ for b in '$(sed "$((i+1))q;d" "$c")'
+ [[ -119 != \a ]]
+ [[ -119 != \0 ]]
+ echo '-119 0'
+ for b in '$(sed "$((i+1))q;d" "$c")'
+ [[ -226 != \a ]]
+ [[ -226 != \0 ]]
+ echo '-226 0'
+ for b in '$(sed "$((i+1))q;d" "$c")'
+ [[ -70 != \a ]]
+ [[ -70 != \0 ]]
+ echo '-70 0'
+ for b in '$(sed "$((i+1))q;d" "$c")'
+ [[ -190 != \a ]]
+ [[ -190 != \0 ]]
+ echo '-190 0'
+ for b in '$(sed "$((i+1))q;d" "$c")'
+ [[ 209 != \a ]]
+ [[ 209 != \0 ]]
+ echo '209 0'
+ for b in '$(sed "$((i+1))q;d" "$c")'
+ [[ 0 != \a ]]
+ [[ 0 != \0 ]]
+ ./simplify-by-var-removal.sh 22-cubes/30.cubes3295.adj 70
+ '[' -z 70 ']'
+ f=22-cubes/30.cubes3295.adj
+ p=70
++ echo 22-cubes
+ sub_dir=22-cubes
+ mkdir -p log/22-cubes
+ mkdir -p simp/22-cubes
+ tee log/22-cubes/30.cubes3295.adj.simp1
+ ./cadical/build/cadical 22-cubes/30.cubes3295.adj -o simp/22-cubes/30.cubes3295.adj.simp1 -e simp/22-cubes/30.cubes3295.adj.ext1 -n -c 200000
c --- [ banner ] -------------------------------------------------------------
c 
c CaDiCaL Radically Simplified CDCL SAT Solver
c Copyright (c) 2016-2021 A. Biere, M. Fleury, N. Froleyks
c 
c Version 1.5.2
c g++ (GCC) 9.3.0 -Wall -Wextra -O3 -DNDEBUG
c Tue Feb 8 21:15:15 EST 2022 Linux gra-login1 3.10.0-1160.36.2.el7.x86_64 x86_64
c 
c --- [ limit ] --------------------------------------------------------------
c 
c setting conflict limit to 200000 conflicts (due to '200000')
c 
c --- [ parsing input ] ------------------------------------------------------
c 
c reading DIMACS file from '22-cubes/30.cubes3295.adj'
c opening file to read '22-cubes/30.cubes3295.adj'
c found 'p cnf 6160 1786677' header
c parsed 1786677 clauses in 18.76 seconds process time
c closing file '22-cubes/30.cubes3295.adj'
c after reading 1542541732 bytes 1471.1 MB
c 
c --- [ options ] ------------------------------------------------------------
c 
c all options are set to their default value
c 
c --- [ solving ] ------------------------------------------------------------
c 
c time measured in process time since initialization
c 
c  seconds    reductions  redundant   irredundant
c          MB     restarts       trail       variables
c            level   conflicts       glue         remaining
c 
c * 18.76 1469  0 0   0    0    0  0% 0 1785954 4798 78%
c { 19.63 1524  0 0   0    0    0  0% 0 1785954 4798 78%
c i 19.66 1524 10 0   0    2    1 26% 7 1785954 4779 78%
c i 21.84 1568 126 0   2   41   39 49% 8 1785954 4771 77%
c i 23.32 1588 107 0   5   63   60 50% 13 1785954 4764 77%
c i 23.44 1588 116 0   6   69   64 50% 14 1785954 4763 77%
c i 25.11 1603 54 0  12  222  156 39% 9 1785954 4762 77%
c i 25.11 1603 54 0  12  223  156 40% 9 1785954 4761 77%
c i 25.11 1603 54 0  12  225  157 40% 9 1785954 4760 77%
c i 25.15 1603 53 0  12  229  159 40% 9 1785954 4759 77%
c i 25.65 1605 55 0  18  270  193 42% 12 1785954 4758 77%
c i 25.95 1606 56 0  20  276  196 42% 12 1785954 4757 77%
c - 31.00 1602 64 1  27  300  218 42% 14 736930 4757 77%
c i 32.34 1552 73 1  36  355  265 43% 20 736930 4756 77%
c i 32.93 1553 74 1  42  384  286 44% 21 736930 4548 74%
c i 33.00 1553 73 1  44  388  287 43% 21 736930 4532 74%
c i 34.93 1555 68 1  59  499  383 45% 21 736930 4465 72%
c i 35.95 1556 66 1  61  564  441 46% 20 736930 4464 72%
c i 36.12 1556 66 1  61  578  454 46% 20 736930 4463 72%
c i 36.46 1556 65 1  65  614  484 46% 21 736930 4462 72%
c 
c  seconds    reductions  redundant   irredundant
c          MB     restarts       trail       variables
c            level   conflicts       glue         remaining
c 
c i 37.21 1556 57 1  68  742  590 48% 19 736930 4461 72%
c i 38.07 1556 55 1  79  877  710 49% 19 736930 4460 72%
c i 38.62 1556 56 1  82  905  736 49% 20 736930 4459 72%
c i 39.33 1557 57 1  86  919  748 49% 20 736930 4458 72%
c i 39.44 1557 57 1  87  924  752 49% 20 736930 4433 72%
c } 41.19 1558 60 1 104 1002  820 49% 21 736930 4433 72%
c [ 41.19 1558  0 1 104 1002  820  0% 0 736930 4433 72%
c O 41.21 1558  1 1 104 1003  820 29% 0 736930 4433 72%
c i 41.21 1558  1 1 104 1003  820 29% 0 736930 4408 72%
c i 41.23 1558  1 1 104 1005  821 29% 0 736930 4382 71%
c - 44.19 1877 31 2 104 1420 1008 56% 26 711260 4382 71%
c i 44.81 1877 28 2 104 1795 1223 56% 23 711260 4381 71%
c i 45.28 1877 24 2 105 2805 1815 56% 21 711260 4380 71%
c ] 45.45 1877 24 2 105 3002 1941 56% 21 711260 4380 71%
c { 45.45 1877 60 2 105 3002 1941 49% 21 711260 4380 71%
c F 46.64 1791 60 2 106 3004 1943 29% 21 711254 4380 71%
c i 47.86 1791 59 2 122 3073 2004 30% 21 711254 4379 71%
c - 49.03 1790 59 3 126 3086 1548 30% 21 711251 4379 71%
c i 49.44 1790 58 3 126 3112 1569 31% 21 711251 4378 71%
c i 49.81 1790 57 3 126 3156 1602 31% 21 711251 4377 71%
c 
c  seconds    reductions  redundant   irredundant
c          MB     restarts       trail       variables
c            level   conflicts       glue         remaining
c 
c i 49.84 1790 57 3 126 3159 1604 31% 21 711251 4376 71%
c i 52.69 1791 61 3 165 3321 1740 31% 23 711251 4375 71%
c i 53.19 1791 58 3 169 3514 1853 33% 22 711251 4374 71%
c i 54.45 1791 53 3 181 3761 2033 34% 22 711251 4373 71%
c i 56.89 1791 57 3 235 4011 2245 33% 24 711251 4372 71%
c i 57.08 1791 57 3 244 4046 2272 33% 24 711251 4371 71%
c i 58.26 1791 56 3 264 4320 2492 34% 24 711251 4370 71%
c i 58.40 1791 56 3 270 4354 2507 34% 25 711251 4366 71%
c d 61.61 1791 53 3 306 5001 3025 34% 25 647280 4357 71%
c 3 61.69 1791 53 3 306 5001 4874 34% 25 647280 4357 71%
c 2 61.84 1791 53 3 306 5001 5076 34% 25 647166 4341 70%
c p 73.50 1791 53 3 306 5001 11204 34% 25 647166 4258 69%
c d 74.52 1791 53 3 306 5001 10946 34% 25 541329 4250 69%
c d 74.94 1791 53 3 306 5001 10946 34% 25 541327 4249 69%
c - 76.47 1687 51 4 307 5309 2474 35% 24 541327 4249 69%
c # 77.17 1687 47 4 309 6006 2986 35% 24 541327 4249 69%
c } 81.10 1687 45 4 374 7002 3758 35% 24 541327 4249 69%
c [ 81.10 1687 24 4 374 7002 3758 79% 21 541327 4249 69%
c - 83.95 1476 34 5 375 7913 3243 65% 27 541327 4249 69%
c I 87.27 1476 37 5 376 10007 4775 52% 29 541327 4249 69%
c 
c  seconds    reductions   redundant   irredundant
c          MB     restarts        trail       variables
c            level    conflicts       glue         remaining
c 
c - 90.57 1689 37 6 377 11033 3961 49% 29 541327 4249 69%
c - 96.40 1476 36 7 379 14677 4517 44% 29 541327 4249 69%
c 3 96.78 1476 36 7 379 15001 6754 44% 29 541327 4249 69%
c 2 96.90 1476 36 7 379 15001 6943 44% 29 541315 4249 69%
c p 100.62 1476 36 7 379 15001 12696 44% 29 541315 4249 69%
c ] 100.81 1476 36 7 379 15002 12697 44% 29 541315 4249 69%
c { 100.81 1476 45 7 379 15002 12697 35% 24 541315 4249 69%
c B 100.92 1476 45 7 379 15009 12704 35% 24 541315 4249 69%
c s 107.72 1476 42 7 478 17086 13883 35% 23 538271 4249 69%
c v 122.79 1476 42 7 478 17086 13883 35% 23 537994 4249 69%
c t 123.17 1476 42 7 478 17086 13840 35% 23 537906 4249 69%
c e 125.52 1476 42 7 478 17086 7958 35% 23 529993 1086 18%
c s 125.72 1476 42 7 478 17086 7957 35% 23 528691 1086 18%
c - 130.88 1476 38 8 494 18837 5679 63% 22 528691 1086 18%
c W 136.33 1476 36 8 555 21010 7355 62% 21 528691 1086 18%
c - 139.78 1689 34 9 607 23489 6262 62% 21 528691 1086 18%
c F 145.41 1689 30 9 690 28011 9719 62% 20 528691 1086 18%
c - 150.13 1476 31 10 837 28659 7135 62% 20 528691 1086 18%
c 3 154.99 1476 32 10 927 30006 8780 61% 20 528691 1086 18%
c 2 155.10 1476 32 10 927 30006 8837 61% 20 528688 1086 18%
c 
c  seconds     reductions     redundant   irredundant
c           MB      restarts         trail       variables
c             level     conflicts        glue         remaining
c 
c p 160.31 1476 32 10 927 30006 11753 61% 20 528688 1084 18%
c } 161.51 1476 31 10 931 31006 12471 61% 20 528688 1084 18%
c [ 161.51 1476 36 10 931 31006 12471 177% 29 528688 1084 18%
c - 163.45 1689 35 11 932 34350 7857 146% 28 528682 1084 18%
c B 164.25 1689 36 11 934 36012 9125 136% 29 528682 1084 18%
c - 168.42 1476 40 12 937 40555 8922 118% 32 528682 1084 18%
c W 173.40 1476 42 12 938 45020 12500 107% 33 528682 1084 18%
c - 174.46 1690 41 13 939 47278 9645 102% 32 528682 1084 18%
c p 178.16 1690 40 13 939 50006 15228 98% 32 528682 1084 18%
c s 179.93 1690 39 13 939 52798 17075 94% 32 527220 1084 18%
c v 190.52 1690 39 13 939 52798 17075 94% 32 527100 1084 18%
c w 190.92 1690 39 13 939 52798 17069 94% 32 527100 1084 18%
c t 190.93 1690 39 13 939 52798 17068 94% 32 527096 1084 18%
c e 193.23 1690 39 13 939 52798 17060 94% 32 527092 1083 18%
c s 193.51 1690 39 13 939 52798 17059 94% 32 525184 1083 18%
c - 197.73 1476 39 14 940 54515 9760 93% 32 525184 1083 18%
c O 198.05 1476 39 14 940 55022 10111 92% 32 525184 1083 18%
c - 201.52 1476 36 15 945 62256 10052 86% 30 525184 1083 18%
c ] 201.83 1476 36 15 946 63006 10541 86% 30 525184 1083 18%
c { 201.83 1476 31 15 946 63006 10541 61% 20 525184 1083 18%
c 
c  seconds     reductions      redundant   irredundant
c           MB      restarts          trail       variables
c             level      conflicts        glue         remaining
c 
c B 211.84 1476 31 15 1107 66024 12777 61% 20 525184 1083 18%
c - 220.73 1476 30 16 1325 70513 10776 61% 20 525184 1083 18%
c 3 228.53 1476 29 16 1519 75007 14424 61% 19 525184 1083 18%
c p 231.59 1476 29 16 1519 75007 17679 61% 19 525184 1083 18%
c W 237.66 1476 28 16 1629 78026 19766 61% 19 525184 1083 18%
c - 239.75 1476 28 17 1639 79288 12217 61% 19 525184 1083 18%
c - 252.79 1476 25 18 1714 88578 12360 61% 18 525184 1083 18%
c # 259.35 1476 25 18 1830 91027 14198 61% 18 525184 1083 18%
c - 269.19 1476 24 19 2138 98383 13679 61% 17 525184 1083 18%
c p 278.98 1476 23 19 2149 105007 21623 61% 17 525184 1083 18%
c B 279.40 1476 23 19 2149 105031 21639 61% 17 525184 1083 18%
c - 282.65 1476 23 20 2245 108707 13381 62% 16 525184 1083 18%
c - 297.35 1476 22 21 2789 119550 14485 62% 16 525184 1083 18%
c W 300.69 1476 22 21 2796 120032 14741 62% 16 525184 1083 18%
c } 314.80 1476 22 21 3374 127007 19456 62% 17 525184 1083 18%
c [ 314.80 1476 36 21 3374 127007 19456 86% 30 525184 1083 18%
c - 318.42 1476 34 22 3374 130906 15795 83% 28 525184 1083 18%
c B 322.62 1476 33 22 3378 136035 19386 80% 27 525184 1083 18%
c p 329.49 1476 34 22 3381 140009 27202 79% 28 525184 1083 18%
c - 332.15 1476 34 23 3381 142779 17554 78% 28 525184 1083 18%
c 
c  seconds     reductions       redundant   irredundant
c           MB      restarts           trail       variables
c             level      conflicts         glue         remaining
c 
c W 339.76 1476 34 23 3383 153036 24704 74% 28 525184 1083 18%
c - 341.62 1476 34 24 3383 155165 17755 74% 28 525184 1083 18%
c - 347.58 1476 34 25 3383 168067 18473 71% 29 525184 1083 18%
c I 348.79 1476 34 25 3386 171038 20540 71% 29 525184 1083 18%
c p 359.63 1476 33 25 3390 180013 30998 70% 28 525184 1083 18%
c - 361.37 1476 33 26 3391 181486 18537 70% 28 525184 1083 18%
c B 365.65 1476 33 26 3397 190042 24072 69% 28 525184 1083 18%
c - 368.65 1476 32 27 3398 195421 18845 69% 28 525184 1083 18%
c ] 370.91 1476 33 27 3398 200002 22399 69% 28 525184 1083 18%
c ? 370.91 1476 33 27 3398 200002 22399 69% 28 525184 1083 18%
c 
c --- [ writing output ] -----------------------------------------------------
c 
c writing simplified CNF to DIMACS file 'simp/22-cubes/30.cubes3295.adj.simp1'
c * 370.91 1476 33 27 3398 200002 22399 69% 28 525184 1083 18%
c opening file to write 'simp/22-cubes/30.cubes3295.adj.simp1'
c writing 'p cnf 6160 525184' header
c closing file 'simp/22-cubes/30.cubes3295.adj.simp1'
c after writing 245624869 bytes 234.2 MB
c wrote 525184 clauses in 1.90 seconds process time
c 
c --- [ writing extension ] --------------------------------------------------
c 
c writing extension stack to 'simp/22-cubes/30.cubes3295.adj.ext1'
c opening file to write 'simp/22-cubes/30.cubes3295.adj.ext1'
c closing file 'simp/22-cubes/30.cubes3295.adj.ext1'
c after writing 252401 bytes 0.2 MB
c wrote 10694 witnesses in 0.00 seconds process time
c 
c --- [ result ] -------------------------------------------------------------
c 
c UNKNOWN
c 
c --- [ run-time profiling ] -------------------------------------------------
c 
c process time taken by individual solving procedures
c (percentage relative to process time for solving)
c 
c       274.21   77.87% search
c       180.13   51.15% unstable
c        87.07   24.73% stable
c        77.94   22.13% simplify
c        37.44   10.63% probe
c        26.31    7.47% vivify
c        18.76    5.33% parse
c         8.90    2.53% elim
c         6.15    1.75% walk
c         0.94    0.27% subsume
c         0.87    0.25% lucky
c         0.68    0.19% ternary
c   =================================
c       352.15   94.46% solve
c 
c last line shows process time for solving
c (percentage relative to total process time)
c 
c --- [ statistics ] ---------------------------------------------------------
c 
c chronological:             36796        18.40 %  of conflicts
c conflicts:                200002       567.95    per second
c decisions:                373970      1061.97    per second
c eliminated:                 3164        51.36 %  of all variables
c fixed:                      1895        30.76 %  of all variables
c learned:                  195518        97.76 %  per conflict
c learned_lits:           35794269       100.00 %  learned literals
c minimized:                     0         0.00 %  learned literals
c shrunken:               21039227        58.78 %  learned literals
c minishrunken:            3062949         8.56 %  learned literals
c propagations:           16717405         0.05 M  per second
c reduced:                  114157        57.08 %  per conflict
c rephased:                     19     10526.42    interval
c restarts:                   3398        58.86    interval
c stabilizing:                   4        57.50 %  of conflicts
c substituted:                  18         0.29 %  of all variables
c subsumed:                  67862         1.61 %  of all clauses
c strengthened:              16150         0.38 %  of all clauses
c ternary:                    8439         0.57 %  of resolved
c vivified:                    439         0.01 %  of all clauses
c walked:                        5     40000.40    interval
c weakened:                   8799         3.28    average size
c 
c seconds are measured in process time for solving
c 
c --- [ resources ] ----------------------------------------------------------
c 
c total process time since initialization:       372.81    seconds
c total real time since initialization:          373.13    seconds
c maximum resident set size of process:         2194.99    MB
c 
c --- [ shutting down ] ------------------------------------------------------
c 
c exit 0
++ seq 1 100
+ for i in '$(seq 1 100)'
++ sed 's/.$//'
++ rev
++ cut '-d ' -f1
++ rev
++ tail -n 1
++ grep 'c [*]' log/22-cubes/30.cubes3295.adj.simp1
+ vars_remaining=18
+ ((  vars_remaining < 100 - p  ))
+ break
++ cut '-d ' -f3
++ head -n 1 simp/22-cubes/30.cubes3295.adj.simp1
+ numvars=6160
++ cut '-d ' -f4
++ head -n 1 simp/22-cubes/30.cubes3295.adj.simp1
+ numlines=525184
+ extlines_total=0
++ seq 1 1
+ for j in '$(seq 1 "$i")'
++ cut '-d ' -f1
++ wc -l simp/22-cubes/30.cubes3295.adj.ext1
+ extlines_j=10694
+ extlines_total=10694
+ newlines=535878
+ echo 'p cnf 6160 535878'
+ tail simp/22-cubes/30.cubes3295.adj.simp1 -n +2
++ seq 1 1
+ for j in '$(seq 1 "$i")'
+ cat simp/22-cubes/30.cubes3295.adj.ext1
+ sed -i 's/ 0.*/ 0/' 22-cubes/30.cubes3295.adj.simp
============================[ Problem Statistics ]=============================
|                                                                             |
|  Number of variables:          6160                                         |
|  Number of clauses:          533983                                         |
|  Parse time:                   3.28 s                                       |
|  Simplification time:          0.08 s                                       |
|                                                                             |
============================[ Search Statistics ]====================================================
| Conflicts |          ORIGINAL         |          LEARNT          | Num Sols |      SUBGRAPHS      |
|           |    Vars  Clauses Literals |    Limit  Clauses Lit/Cl |          | Canonical Noncanon. |
=====================================================================================================
|       108 |    4265   533991 52842973 |     2000      108     65 |        0 |        31         8 |
|       258 |    4265   533991 52842973 |     2000      258     82 |        0 |        39         8 |
|       483 |    4265   533991 52842973 |     2000      483     81 |        0 |        55         8 |
|       820 |    4265   533991 52842973 |     2000      820     84 |        0 |        67         8 |
|      1339 |    4265   534004 52843244 |     2000     1339     89 |        0 |        88        21 |
|      2148 |    4265   534054 52844519 |     3597     1145     58 |        0 |       126        71 |
|      3322 |    4265   534089 52845869 |     3597     2319     82 |        0 |       144       106 |
|      5090 |    4265   534149 52847125 |     5001     2291     57 |        0 |       174       166 |
|      7662 |    4265   534159 52847358 |     5001     4863     70 |        0 |       214       176 |
|     11711 |    4265   534364 52851706 |     7555     3266     30 |        0 |       329       381 |
|     17559 |    4265   534446 52853392 |     8782     5341     48 |        0 |       366       463 |
|     27507 |    4265   535745 52878698 |    11203     5910     30 |        0 |       726      1762 |
|     40710 |    4265   535974 52884024 |    13609     7319     29 |        0 |       857      1991 |
|     60359 |    4265   536162 52889557 |    16006    12765     58 |        0 |      1006      2179 |
|     89796 |    4265   536407 52895144 |    19607    16403     54 |        0 |      1086      2424 |
|    134619 |    4265   537441 52916301 |    24410    18429     49 |        0 |      1414      3458 |
|    201302 |    4265   538440 52934935 |    30414    18116     32 |        0 |      1641      4457 |
|    302109 |    4265   540721 52976493 |    37612    18721     23 |        0 |      1971      6738 |
|    450561 |    4265   541384 52991777 |    46013    22974     25 |        0 |      2207      7401 |
|    673067 |    4265   542207 53011673 |    55618    44685     55 |        0 |      2334      8224 |
|   1006799 |    4265   543414 53036532 |    68820    39619     38 |        0 |      2580      9431 |
|   1507649 |    4265   545476 53087802 |    84426    46475     34 |        0 |      3516     11493 |
|   2271683 |    4265   561328 53408917 |   103630    63313     42 |        0 |      9084     27345 |
|   3400948 |    4265   568319 53579673 |   126428   105776     58 |        0 |     11939     34336 |
|   5093219 |    4265   577179 53788960 |   155227   115646     58 |        0 |     15736     43196 |
|   7685612 |    4202   641730 55011986 |   191071   118883     46 |        0 |     24805    110473 |
|  11613938 |    4130   303377 24343629 |   211078   204416     72 |        0 |     33166    251124 |
|  17311603 |    4076   225386 19292115 |   281107   194910     53 |        0 |     38182    267277 |
=====================================================================================================
Number of solutions   : 0           
Canonical subgraphs   : 38957          (7 /sec)
          order  3    : 1              (125000 /sec)
          order  4    : 1              (500000 /sec)
          order  5    : 1              (250000 /sec)
          order  6    : 1              (55556 /sec)
          order  7    : 1              (8850 /sec)
          order  8    : 2              (1350 /sec)
          order  9    : 4              (240 /sec)
          order 10    : 9              (45 /sec)
          order 11    : 37             (13 /sec)
          order 12    : 165            (4 /sec)
          order 13    : 1202           (3 /sec)
          order 14    : 12726          (7 /sec)
          order 15    : 21743          (7 /sec)
          order 16    : 2983           (7 /sec)
          order 17    : 64             (6 /sec)
          order 18    : 8              (5 /sec)
          order 19    : 5              (4 /sec)
          order 20    : 2              (4 /sec)
          order 21    : 2              (4 /sec)
          order 22    : 0              (-nan /sec)
Noncanonical subgraphs: 270910         (528 /sec)
          order  3    : 0              (-nan /sec)
          order  4    : 0              (-nan /sec)
          order  5    : 0              (-nan /sec)
          order  6    : 0              (-nan /sec)
          order  7    : 0              (-nan /sec)
          order  8    : 0              (-nan /sec)
          order  9    : 0              (-nan /sec)
          order 10    : 0              (-nan /sec)
          order 11    : 0              (-nan /sec)
          order 12    : 0              (-nan /sec)
          order 13    : 0              (-nan /sec)
          order 14    : 42056          (3046 /sec)
          order 15    : 221123         (473 /sec)
          order 16    : 7035           (355 /sec)
          order 17    : 693            (62 /sec)
          order 18    : 0              (-nan /sec)
          order 19    : 1              (43 /sec)
          order 20    : 0              (-nan /sec)
          order 21    : 0              (-nan /sec)
Canonicity checking   : 6291.27 s
database reductions   : 242
restarts              : 26875
conflicts             : 18036659       (1278 /sec)
decisions             : 23413610       (0.00 % random) (1659 /sec)
propagations          : 3263351487     (231211 /sec)
conflict literals     : 1793939727     (54.90 % deleted)
actual reward         : 0.062628
Memory used           : 767.00 MB
CPU time              : 14114.2 s

UNSATISFIABLE
