+ '[' -z 4611 ']'
+ f=constraints_22_11.simp-noncanon.simp
+ c=22-cubes/30.cubes
+ i=4611
+ s=70
+ adj=22-cubes/30.cubes4611.adj
+ cnf=22-cubes/30.cubes4611.cnf
+ ext=22-cubes/30.cubes4611.ext
+ cnfext=22-cubes/30.cubes4611.cnfext
+ unitlines=0
++ sed '4612q;d' 22-cubes/30.cubes
+ for b in '$(sed "$((i+1))q;d" "$c")'
+ [[ a != \a ]]
+ for b in '$(sed "$((i+1))q;d" "$c")'
+ [[ -92 != \a ]]
+ [[ -92 != \0 ]]
+ unitlines=1
+ for b in '$(sed "$((i+1))q;d" "$c")'
+ [[ -137 != \a ]]
+ [[ -137 != \0 ]]
+ unitlines=2
+ for b in '$(sed "$((i+1))q;d" "$c")'
+ [[ 122 != \a ]]
+ [[ 122 != \0 ]]
+ unitlines=3
+ for b in '$(sed "$((i+1))q;d" "$c")'
+ [[ -80 != \a ]]
+ [[ -80 != \0 ]]
+ unitlines=4
+ for b in '$(sed "$((i+1))q;d" "$c")'
+ [[ -58 != \a ]]
+ [[ -58 != \0 ]]
+ unitlines=5
+ for b in '$(sed "$((i+1))q;d" "$c")'
+ [[ -207 != \a ]]
+ [[ -207 != \0 ]]
+ unitlines=6
+ for b in '$(sed "$((i+1))q;d" "$c")'
+ [[ 154 != \a ]]
+ [[ 154 != \0 ]]
+ unitlines=7
+ for b in '$(sed "$((i+1))q;d" "$c")'
+ [[ -171 != \a ]]
+ [[ -171 != \0 ]]
+ unitlines=8
+ for b in '$(sed "$((i+1))q;d" "$c")'
+ [[ 169 != \a ]]
+ [[ 169 != \0 ]]
+ unitlines=9
+ for b in '$(sed "$((i+1))q;d" "$c")'
+ [[ -170 != \a ]]
+ [[ -170 != \0 ]]
+ unitlines=10
+ for b in '$(sed "$((i+1))q;d" "$c")'
+ [[ -168 != \a ]]
+ [[ -168 != \0 ]]
+ unitlines=11
+ for b in '$(sed "$((i+1))q;d" "$c")'
+ [[ -167 != \a ]]
+ [[ -167 != \0 ]]
+ unitlines=12
+ for b in '$(sed "$((i+1))q;d" "$c")'
+ [[ 107 != \a ]]
+ [[ 107 != \0 ]]
+ unitlines=13
+ for b in '$(sed "$((i+1))q;d" "$c")'
+ [[ -175 != \a ]]
+ [[ -175 != \0 ]]
+ unitlines=14
+ for b in '$(sed "$((i+1))q;d" "$c")'
+ [[ 93 != \a ]]
+ [[ 93 != \0 ]]
+ unitlines=15
+ for b in '$(sed "$((i+1))q;d" "$c")'
+ [[ -153 != \a ]]
+ [[ -153 != \0 ]]
+ unitlines=16
+ for b in '$(sed "$((i+1))q;d" "$c")'
+ [[ -110 != \a ]]
+ [[ -110 != \0 ]]
+ unitlines=17
+ for b in '$(sed "$((i+1))q;d" "$c")'
+ [[ -186 != \a ]]
+ [[ -186 != \0 ]]
+ unitlines=18
+ for b in '$(sed "$((i+1))q;d" "$c")'
+ [[ -27 != \a ]]
+ [[ -27 != \0 ]]
+ unitlines=19
+ for b in '$(sed "$((i+1))q;d" "$c")'
+ [[ -120 != \a ]]
+ [[ -120 != \0 ]]
+ unitlines=20
+ for b in '$(sed "$((i+1))q;d" "$c")'
+ [[ -134 != \a ]]
+ [[ -134 != \0 ]]
+ unitlines=21
+ for b in '$(sed "$((i+1))q;d" "$c")'
+ [[ -133 != \a ]]
+ [[ -133 != \0 ]]
+ unitlines=22
+ for b in '$(sed "$((i+1))q;d" "$c")'
+ [[ -166 != \a ]]
+ [[ -166 != \0 ]]
+ unitlines=23
+ for b in '$(sed "$((i+1))q;d" "$c")'
+ [[ 0 != \a ]]
+ [[ 0 != \0 ]]
++ cut '-d ' -f3
++ head -n 1 constraints_22_11.simp-noncanon.simp
+ numvars=6160
++ cut '-d ' -f4
++ head -n 1 constraints_22_11.simp-noncanon.simp
+ numlines=1786659
+ newlines=1786682
+ echo 'p cnf 6160 1786682'
+ tail constraints_22_11.simp-noncanon.simp -n +2
++ sed '4612q;d' 22-cubes/30.cubes
+ for b in '$(sed "$((i+1))q;d" "$c")'
+ [[ a != \a ]]
+ for b in '$(sed "$((i+1))q;d" "$c")'
+ [[ -92 != \a ]]
+ [[ -92 != \0 ]]
+ echo '-92 0'
+ for b in '$(sed "$((i+1))q;d" "$c")'
+ [[ -137 != \a ]]
+ [[ -137 != \0 ]]
+ echo '-137 0'
+ for b in '$(sed "$((i+1))q;d" "$c")'
+ [[ 122 != \a ]]
+ [[ 122 != \0 ]]
+ echo '122 0'
+ for b in '$(sed "$((i+1))q;d" "$c")'
+ [[ -80 != \a ]]
+ [[ -80 != \0 ]]
+ echo '-80 0'
+ for b in '$(sed "$((i+1))q;d" "$c")'
+ [[ -58 != \a ]]
+ [[ -58 != \0 ]]
+ echo '-58 0'
+ for b in '$(sed "$((i+1))q;d" "$c")'
+ [[ -207 != \a ]]
+ [[ -207 != \0 ]]
+ echo '-207 0'
+ for b in '$(sed "$((i+1))q;d" "$c")'
+ [[ 154 != \a ]]
+ [[ 154 != \0 ]]
+ echo '154 0'
+ for b in '$(sed "$((i+1))q;d" "$c")'
+ [[ -171 != \a ]]
+ [[ -171 != \0 ]]
+ echo '-171 0'
+ for b in '$(sed "$((i+1))q;d" "$c")'
+ [[ 169 != \a ]]
+ [[ 169 != \0 ]]
+ echo '169 0'
+ for b in '$(sed "$((i+1))q;d" "$c")'
+ [[ -170 != \a ]]
+ [[ -170 != \0 ]]
+ echo '-170 0'
+ for b in '$(sed "$((i+1))q;d" "$c")'
+ [[ -168 != \a ]]
+ [[ -168 != \0 ]]
+ echo '-168 0'
+ for b in '$(sed "$((i+1))q;d" "$c")'
+ [[ -167 != \a ]]
+ [[ -167 != \0 ]]
+ echo '-167 0'
+ for b in '$(sed "$((i+1))q;d" "$c")'
+ [[ 107 != \a ]]
+ [[ 107 != \0 ]]
+ echo '107 0'
+ for b in '$(sed "$((i+1))q;d" "$c")'
+ [[ -175 != \a ]]
+ [[ -175 != \0 ]]
+ echo '-175 0'
+ for b in '$(sed "$((i+1))q;d" "$c")'
+ [[ 93 != \a ]]
+ [[ 93 != \0 ]]
+ echo '93 0'
+ for b in '$(sed "$((i+1))q;d" "$c")'
+ [[ -153 != \a ]]
+ [[ -153 != \0 ]]
+ echo '-153 0'
+ for b in '$(sed "$((i+1))q;d" "$c")'
+ [[ -110 != \a ]]
+ [[ -110 != \0 ]]
+ echo '-110 0'
+ for b in '$(sed "$((i+1))q;d" "$c")'
+ [[ -186 != \a ]]
+ [[ -186 != \0 ]]
+ echo '-186 0'
+ for b in '$(sed "$((i+1))q;d" "$c")'
+ [[ -27 != \a ]]
+ [[ -27 != \0 ]]
+ echo '-27 0'
+ for b in '$(sed "$((i+1))q;d" "$c")'
+ [[ -120 != \a ]]
+ [[ -120 != \0 ]]
+ echo '-120 0'
+ for b in '$(sed "$((i+1))q;d" "$c")'
+ [[ -134 != \a ]]
+ [[ -134 != \0 ]]
+ echo '-134 0'
+ for b in '$(sed "$((i+1))q;d" "$c")'
+ [[ -133 != \a ]]
+ [[ -133 != \0 ]]
+ echo '-133 0'
+ for b in '$(sed "$((i+1))q;d" "$c")'
+ [[ -166 != \a ]]
+ [[ -166 != \0 ]]
+ echo '-166 0'
+ for b in '$(sed "$((i+1))q;d" "$c")'
+ [[ 0 != \a ]]
+ [[ 0 != \0 ]]
+ ./simplify-by-var-removal.sh 22-cubes/30.cubes4611.adj 70
+ '[' -z 70 ']'
+ f=22-cubes/30.cubes4611.adj
+ p=70
++ echo 22-cubes
+ sub_dir=22-cubes
+ mkdir -p log/22-cubes
+ mkdir -p simp/22-cubes
+ tee log/22-cubes/30.cubes4611.adj.simp1
+ ./cadical/build/cadical 22-cubes/30.cubes4611.adj -o simp/22-cubes/30.cubes4611.adj.simp1 -e simp/22-cubes/30.cubes4611.adj.ext1 -n -c 200000
c --- [ banner ] -------------------------------------------------------------
c 
c CaDiCaL Radically Simplified CDCL SAT Solver
c Copyright (c) 2016-2021 A. Biere, M. Fleury, N. Froleyks
c 
c Version 1.5.2
c g++ (GCC) 9.3.0 -Wall -Wextra -O3 -DNDEBUG
c Tue Feb 8 21:15:15 EST 2022 Linux gra-login1 3.10.0-1160.36.2.el7.x86_64 x86_64
c 
c --- [ limit ] --------------------------------------------------------------
c 
c setting conflict limit to 200000 conflicts (due to '200000')
c 
c --- [ parsing input ] ------------------------------------------------------
c 
c reading DIMACS file from '22-cubes/30.cubes4611.adj'
c opening file to read '22-cubes/30.cubes4611.adj'
c found 'p cnf 6160 1786682' header
c parsed 1786682 clauses in 18.48 seconds process time
c closing file '22-cubes/30.cubes4611.adj'
c after reading 1542541767 bytes 1471.1 MB
c 
c --- [ options ] ------------------------------------------------------------
c 
c all options are set to their default value
c 
c --- [ solving ] ------------------------------------------------------------
c 
c time measured in process time since initialization
c 
c  seconds    reductions  redundant   irredundant
c          MB     restarts       trail       variables
c            level   conflicts       glue         remaining
c 
c * 18.48 1472  0 0   0    0    0  0% 0 1785954 4738 77%
c { 19.71 1531  0 0   0    0    0  0% 0 1785954 4738 77%
c i 21.33 1565 68 0   2   59   49 45% 6 1785954 4627 75%
c i 23.71 1592 87 0  13  141  100 41% 10 1785954 4621 75%
c i 23.84 1593 89 0  13  144  102 42% 11 1785954 4617 75%
c i 24.44 1600 97 0  17  157  113 43% 18 1785954 4582 74%
c i 24.49 1600 99 0  17  166  119 43% 21 1785954 4580 74%
c i 24.55 1600 100 0  18  171  123 44% 23 1785954 4579 74%
c i 24.81 1606 103 0  20  182  133 44% 26 1785954 4576 74%
c i 25.57 1613 110 0  30  221  149 45% 29 1785954 4575 74%
c - 30.87 1593 86 1  37  301  135 43% 25 808891 4575 74%
c i 31.16 1596 86 1  37  311  144 43% 25 808891 4574 74%
c i 31.40 1597 89 1  39  332  163 43% 26 808891 4573 74%
c i 31.40 1597 89 1  39  334  164 43% 26 808891 4572 74%
c i 31.71 1597 91 1  41  345  174 43% 27 808891 4561 74%
c i 34.61 1550 85 1  67  507  290 44% 30 808891 4556 74%
c i 34.89 1551 85 1  70  517  299 44% 30 808891 4555 74%
c i 35.64 1551 84 1  82  564  341 45% 31 808891 4554 74%
c i 35.65 1551 84 1  84  568  342 45% 31 808891 4553 74%
c i 37.43 1552 88 1 110  696  435 45% 35 808891 4552 74%
c 
c  seconds    reductions  redundant   irredundant
c          MB     restarts       trail       variables
c            level   conflicts       glue         remaining
c 
c i 38.59 1553 84 1 125  810  532 46% 35 808891 4551 74%
c i 38.64 1553 84 1 125  820  541 46% 35 808891 4550 74%
c i 38.65 1553 84 1 125  825  545 46% 35 808891 4549 74%
c i 39.61 1553 80 1 136  969  667 47% 35 808891 4548 74%
c } 39.72 1553 81 1 136 1002  687 47% 35 808891 4548 74%
c [ 39.72 1553  0 1 136 1002  687  0% 0 808891 4548 74%
c O 39.78 1553  2 1 136 1003  688 32% 2 808891 4548 74%
c i 39.80 1553  1 1 136 1006  688 30% 1 808891 4492 73%
c i 40.31 1553 21 1 136 1077  733 46% 15 808891 4491 73%
c i 40.33 1553 21 1 136 1080  735 46% 15 808891 4490 73%
c i 40.51 1553 24 1 136 1127  776 50% 18 808891 4489 73%
c i 40.55 1553 25 1 136 1146  792 50% 19 808891 4488 73%
c ] 40.78 1553 30 1 136 1340  944 55% 24 808891 4488 73%
c 1 40.78 1553 30 1 136 1340  944 55% 24 808891 4488 73%
c 
c --- [ writing output ] -----------------------------------------------------
c 
c writing simplified CNF to DIMACS file 'simp/22-cubes/30.cubes4611.adj.simp1'
c * 40.78 1553 30 1 136 1340  944 55% 24 808891 4488 73%
c opening file to write 'simp/22-cubes/30.cubes4611.adj.simp1'
c writing 'p cnf 6160 807882' header
c closing file 'simp/22-cubes/30.cubes4611.adj.simp1'
c after writing 388684879 bytes 370.7 MB
c wrote 807882 clauses in 3.36 seconds process time
c 
c --- [ writing extension ] --------------------------------------------------
c 
c writing extension stack to 'simp/22-cubes/30.cubes4611.adj.ext1'
c opening file to write 'simp/22-cubes/30.cubes4611.adj.ext1'
c closing file 'simp/22-cubes/30.cubes4611.adj.ext1'
c after writing 24164 bytes 0.0 MB
c wrote 1672 witnesses in 0.00 seconds process time
c 
c --- [ result ] -------------------------------------------------------------
c 
s SATISFIABLE
c 
c --- [ run-time profiling ] -------------------------------------------------
c 
c process time taken by individual solving procedures
c (percentage relative to process time for solving)
c 
c        22.31  100.00% search
c        20.01   89.68% unstable
c        18.48   82.82% parse
c         1.23    5.53% lucky
c         1.07    4.78% stable
c         0.00    0.00% simplify
c   =================================
c        22.31   50.53% solve
c 
c last line shows process time for solving
c (percentage relative to total process time)
c 
c --- [ statistics ] ---------------------------------------------------------
c 
c chronological:               468        34.93 %  of conflicts
c conflicts:                  1340        60.07    per second
c decisions:                 16094       721.46    per second
c fixed:                      1672        27.14 %  of all variables
c learned:                    1299        96.94 %  per conflict
c learned_lits:             182680       100.00 %  learned literals
c minimized:                     0         0.00 %  learned literals
c shrunken:                  85941        47.04 %  learned literals
c minishrunken:              17149         9.39 %  learned literals
c propagations:             368728         0.02 M  per second
c rephased:                      1      1340.00    interval
c restarts:                    136         9.85    interval
c stabilizing:                   1        25.22 %  of conflicts
c subsumed:                    301         0.01 %  of all clauses
c 
c seconds are measured in process time for solving
c 
c --- [ resources ] ----------------------------------------------------------
c 
c total process time since initialization:        44.15    seconds
c total real time since initialization:           44.44    seconds
c maximum resident set size of process:         1615.83    MB
c 
c --- [ shutting down ] ------------------------------------------------------
c 
c exit 10
++ seq 1 100
+ for i in '$(seq 1 100)'
++ sed 's/.$//'
++ rev
++ cut '-d ' -f1
++ rev
++ tail -n 1
++ grep 'c [*]' log/22-cubes/30.cubes4611.adj.simp1
+ vars_remaining=73
+ ((  vars_remaining < 100 - p  ))
+ tee log/22-cubes/30.cubes4611.adj.simp2
+ ./cadical/build/cadical simp/22-cubes/30.cubes4611.adj.simp1 -o simp/22-cubes/30.cubes4611.adj.simp2 -e simp/22-cubes/30.cubes4611.adj.ext2 -n -c 200000
c --- [ banner ] -------------------------------------------------------------
c 
c CaDiCaL Radically Simplified CDCL SAT Solver
c Copyright (c) 2016-2021 A. Biere, M. Fleury, N. Froleyks
c 
c Version 1.5.2
c g++ (GCC) 9.3.0 -Wall -Wextra -O3 -DNDEBUG
c Tue Feb 8 21:15:15 EST 2022 Linux gra-login1 3.10.0-1160.36.2.el7.x86_64 x86_64
c 
c --- [ limit ] --------------------------------------------------------------
c 
c setting conflict limit to 200000 conflicts (due to '200000')
c 
c --- [ parsing input ] ------------------------------------------------------
c 
c reading DIMACS file from 'simp/22-cubes/30.cubes4611.adj.simp1'
c opening file to read 'simp/22-cubes/30.cubes4611.adj.simp1'
c found 'p cnf 6160 807882' header
c parsed 807882 clauses in 4.64 seconds process time
c closing file 'simp/22-cubes/30.cubes4611.adj.simp1'
c after reading 388684879 bytes 370.7 MB
c 
c --- [ options ] ------------------------------------------------------------
c 
c all options are set to their default value
c 
c --- [ solving ] ------------------------------------------------------------
c 
c time measured in process time since initialization
c 
c  seconds   reductions  redundant  irredundant
c          MB    restarts       trail      variables
c           level   conflicts       glue        remaining
c 
c *  4.64 384  0 0   0    0    0  0% 0 807882 4485 73%
c {  5.36 429  0 0   0    0    0  0% 0 807882 4485 73%
c i  6.57 448 109 0   7   63   55 23% 37 807882 4484 73%
c i  6.60 448 104 0   7   67   58 23% 36 807882 4483 73%
c i  6.87 450 82 0   7  120   97 24% 38 807882 4482 73%
c i  7.21 452 74 0  11  214  174 25% 40 807882 4481 73%
c i  7.33 454 70 0  11  253  209 26% 39 807882 4480 73%
c -  7.90 456 66 1  11  302  253 26% 38 807867 4480 73%
c i  8.09 466 66 1  11  332  282 26% 39 807867 4479 73%
c i  8.13 466 67 1  11  333  282 26% 38 807867 4478 73%
c i  8.86 466 60 1  18  517  417 26% 37 807867 4477 73%
c i  9.06 466 56 1  18  656  536 26% 36 807867 4476 73%
c i  9.08 466 56 1  18  681  554 26% 36 807867 4475 73%
c i  9.46 467 54 1  18  801  637 26% 35 807867 4474 73%
c i 10.37 467 55 1  23  937  753 25% 35 807867 4473 73%
c } 10.58 468 55 1  23 1000  810 25% 35 807867 4473 73%
c [ 10.58 468  0 1  23 1000  810  0% 0 807867 4473 73%
c O 10.64 468 96 1  23 1009  819 26% 33 807867 4473 73%
c i 11.38 468 26 1  23 1236  985 30% 19 807867 4472 73%
c i 11.43 468 26 1  23 1256 1002 30% 20 807867 4471 73%
c 
c  seconds   reductions  redundant   irredundant
c          MB    restarts       trail       variables
c           level   conflicts       glue         remaining
c 
c - 12.83 783 28 2  23 1446 1018 31% 22 807840 4471 73%
c i 13.10 783 28 2  23 1538 1086 31% 23 807840 4470 73%
c i 13.50 783 28 2  23 1870 1313 31% 23 807840 4469 73%
c i 14.04 783 28 2  24 2118 1478 30% 23 807840 4468 73%
c ] 15.33 783 27 2  24 3003 2130 30% 22 807840 4468 73%
c { 15.33 783 55 2  24 3003 2130 25% 35 807840 4468 73%
c F 16.32 783 55 2  24 3012 2139 19% 35 807831 4468 73%
c i 16.87 783 52 2  24 3095 2203 32% 33 807831 4467 73%
c i 16.94 783 52 2  24 3123 2225 34% 33 807831 4466 72%
c i 16.97 783 52 2  24 3128 2229 34% 33 807831 4465 72%
c i 17.11 783 51 2  24 3164 2260 35% 33 807831 4464 72%
c - 17.87 781 51 3  24 3164 1669 35% 33 807819 4464 72%
c i 20.14 781 61 3  48 3569 1998 31% 32 807819 4452 72%
c i 20.61 781 62 3  50 3600 2027 31% 32 807819 4451 72%
c i 20.91 781 61 3  60 3666 2067 31% 32 807819 4450 72%
c i 21.29 781 64 3  61 3725 2112 31% 32 807819 4449 72%
c i 22.30 781 64 3  69 3859 2210 30% 31 807819 4448 72%
c i 23.75 781 65 3  93 4002 2329 31% 32 807819 4428 72%
c i 23.75 781 65 3  93 4003 2329 31% 32 807819 4406 72%
c i 25.01 781 65 3 105 4174 2462 31% 32 807819 4405 72%
c 
c  seconds   reductions  redundant   irredundant
c          MB    restarts       trail       variables
c           level   conflicts       glue         remaining
c 
c i 25.09 781 64 3 105 4232 2509 31% 31 807819 4404 71%
c i 25.25 781 63 3 105 4352 2613 32% 31 807819 4403 71%
c i 25.29 781 62 3 105 4436 2691 32% 31 807819 4402 71%
c d 26.89 784 57 3 105 5001 3123 34% 31 650952 4392 71%
c 3 26.96 784 57 3 105 5001 4325 34% 31 650952 4392 71%
c 2 27.11 784 57 3 105 5001 4448 34% 31 650852 4392 71%
c p 34.41 784 57 3 105 5001 8299 34% 31 650852 4360 71%
c d 35.10 784 57 3 105 5001 7992 34% 31 650678 4358 71%
c - 38.91 698 59 4 172 5452 2504 35% 32 650678 4358 71%
c # 40.26 698 57 4 183 6013 2955 35% 31 650678 4358 71%
c } 42.54 698 54 4 203 7003 3763 35% 29 650678 4358 71%
c [ 42.54 698 27 4 203 7003 3763 41% 22 650678 4358 71%
c - 44.01 698 26 5 204 8172 3148 39% 21 650678 4358 71%
c I 45.50 698 25 5 205 10014 4332 39% 20 650678 4358 71%
c - 48.82 698 37 6 207 11436 3772 38% 30 650678 4358 71%
c s 54.75 698 46 6 208 14989 6187 37% 39 648077 4358 71%
c v 64.34 698 46 6 208 14989 6187 37% 39 647748 4358 71%
c t 64.58 698 46 6 208 14989 6184 37% 39 647587 4358 71%
c e 67.18 688 46 6 208 14989 5981 37% 39 639046 1050 17%
c s 67.40 688 46 6 208 14989 5979 37% 39 638909 1050 17%
c 
c  seconds   reductions   redundant   irredundant
c          MB    restarts        trail       variables
c           level    conflicts       glue         remaining
c 
c p 71.29 655 47 6 208 15001 7125 63% 39 638909 1050 17%
c ] 71.49 655 47 6 208 15005 7129 63% 39 638909 1050 17%
c { 71.49 655 54 6 208 15005 7129 150% 29 638909 1050 17%
c B 71.58 655 54 6 208 15016 7140 150% 30 638909 1050 17%
c - 73.06 654 54 7 233 15247 4576 145% 30 638909 1050 17%
c - 88.25 654 48 8 461 19580 5166 104% 28 638909 1050 17%
c W 89.49 654 44 8 461 21017 6124 98% 27 638909 1050 17%
c - 98.55 654 46 9 669 24454 5186 86% 25 638909 1050 17%
c F 102.61 654 42 9 714 28019 7361 82% 24 638909 1050 17%
c - 111.79 654 42 10 845 29870 6122 80% 25 638909 1050 17%
c p 116.36 654 42 10 847 30001 7974 80% 25 638909 1049 17%
c } 118.04 654 41 10 848 31005 8815 79% 24 638909 1049 17%
c [ 118.04 654 47 10 848 31005 8815 63% 39 638909 1049 17%
c - 123.19 655 40 11 851 35829 7883 68% 34 638906 1049 17%
c B 123.54 655 40 11 851 36022 8037 68% 34 638906 1049 17%
c ] 126.35 655 40 11 852 38667 10162 68% 33 638906 1049 17%
c 1 126.35 655 40 11 852 38667 10162 68% 33 638906 1049 17%
c 
c --- [ writing output ] -----------------------------------------------------
c 
c writing simplified CNF to DIMACS file 'simp/22-cubes/30.cubes4611.adj.simp2'
c * 126.35 655 40 11 852 38667 10162 68% 33 638906 1049 17%
c opening file to write 'simp/22-cubes/30.cubes4611.adj.simp2'
c writing 'p cnf 6160 638906' header
c closing file 'simp/22-cubes/30.cubes4611.adj.simp2'
c after writing 285164752 bytes 272.0 MB
c wrote 638906 clauses in 2.07 seconds process time
c 
c --- [ writing extension ] --------------------------------------------------
c 
c writing extension stack to 'simp/22-cubes/30.cubes4611.adj.ext2'
c opening file to write 'simp/22-cubes/30.cubes4611.adj.ext2'
c closing file 'simp/22-cubes/30.cubes4611.adj.ext2'
c after writing 242746 bytes 0.2 MB
c wrote 9546 witnesses in 0.00 seconds process time
c 
c --- [ result ] -------------------------------------------------------------
c 
s SATISFIABLE
c 
c --- [ run-time profiling ] -------------------------------------------------
c 
c process time taken by individual solving procedures
c (percentage relative to process time for solving)
c 
c        92.88   76.31% search
c        65.57   53.87% unstable
c        28.84   23.69% simplify
c        26.13   21.46% stable
c        11.75    9.65% probe
c         9.74    8.00% vivify
c         4.64    3.81% parse
c         4.35    3.57% elim
c         0.72    0.59% lucky
c         0.46    0.37% walk
c         0.44    0.36% subsume
c         0.29    0.24% ternary
c   =================================
c       121.72   94.78% solve
c 
c last line shows process time for solving
c (percentage relative to total process time)
c 
c --- [ statistics ] ---------------------------------------------------------
c 
c chronological:              7307        18.90 %  of conflicts
c conflicts:                 38667       317.68    per second
c decisions:                109732       901.53    per second
c eliminated:                 3308        53.70 %  of all variables
c fixed:                       116         1.88 %  of all variables
c learned:                   37816        97.80 %  per conflict
c learned_lits:            7358719       100.00 %  learned literals
c minimized:                     0         0.00 %  learned literals
c shrunken:                4050433        55.04 %  learned literals
c minishrunken:             690216         9.38 %  learned literals
c propagations:            5487026         0.05 M  per second
c reduced:                   17509        45.28 %  per conflict
c rephased:                      8      4833.38    interval
c restarts:                    852        45.38    interval
c stabilizing:                   3        45.69 %  of conflicts
c substituted:                  12         0.19 %  of all variables
c subsumed:                  13906         0.66 %  of all clauses
c strengthened:              28124         1.34 %  of all clauses
c ternary:                    2036         0.35 %  of resolved
c vivified:                    331         0.02 %  of all clauses
c walked:                        1     38667.00    interval
c weakened:                   9430         3.27    average size
c 
c seconds are measured in process time for solving
c 
c --- [ resources ] ----------------------------------------------------------
c 
c total process time since initialization:       128.43    seconds
c total real time since initialization:          128.58    seconds
c maximum resident set size of process:         1113.50    MB
c 
c --- [ shutting down ] ------------------------------------------------------
c 
c exit 10
+ for i in '$(seq 1 100)'
++ sed 's/.$//'
++ rev
++ cut '-d ' -f1
++ rev
++ tail -n 1
++ grep 'c [*]' log/22-cubes/30.cubes4611.adj.simp2
+ vars_remaining=17
+ ((  vars_remaining < 100 - p  ))
+ break
++ cut '-d ' -f3
++ head -n 1 simp/22-cubes/30.cubes4611.adj.simp2
+ numvars=6160
++ cut '-d ' -f4
++ head -n 1 simp/22-cubes/30.cubes4611.adj.simp2
+ numlines=638906
+ extlines_total=0
++ seq 1 2
+ for j in '$(seq 1 "$i")'
++ cut '-d ' -f1
++ wc -l simp/22-cubes/30.cubes4611.adj.ext1
+ extlines_j=1672
+ extlines_total=1672
+ for j in '$(seq 1 "$i")'
++ cut '-d ' -f1
++ wc -l simp/22-cubes/30.cubes4611.adj.ext2
+ extlines_j=9546
+ extlines_total=11218
+ newlines=650124
+ echo 'p cnf 6160 650124'
+ tail simp/22-cubes/30.cubes4611.adj.simp2 -n +2
++ seq 1 2
+ for j in '$(seq 1 "$i")'
+ cat simp/22-cubes/30.cubes4611.adj.ext1
+ for j in '$(seq 1 "$i")'
+ cat simp/22-cubes/30.cubes4611.adj.ext2
+ sed -i 's/ 0.*/ 0/' 22-cubes/30.cubes4611.adj.simp
============================[ Problem Statistics ]=============================
|                                                                             |
|  Number of variables:          6160                                         |
|  Number of clauses:          648336                                         |
|  Parse time:                   3.73 s                                       |
|  Simplification time:          0.07 s                                       |
|                                                                             |
============================[ Search Statistics ]====================================================
| Conflicts |          ORIGINAL         |          LEARNT          | Num Sols |      SUBGRAPHS      |
|           |    Vars  Clauses Literals |    Limit  Clauses Lit/Cl |          | Canonical Noncanon. |
=====================================================================================================
|       100 |    4372   648336 62429979 |     2000      100     59 |        0 |        17         0 |
|       255 |    4372   648341 62430218 |     2000      255     90 |        0 |        31         5 |
|       487 |    4372   648348 62430356 |     2000      487     84 |        0 |        49        12 |
|      2915 |    4372   650439 62473769 |     3605     1920     18 |        0 |       480      2103 |
|      5332 |    4372   652350 62512126 |     5003     2535     17 |        0 |       960      4014 |
|      7207 |    4372   653466 62538822 |     5003     4410     34 |        0 |      1392      5130 |
|     11382 |    4372   656502 62608374 |     6306     6088     22 |        0 |      2299      8166 |
|     14012 |    4372   657424 62625995 |     7553     5565     33 |        0 |      2793      9088 |
|     17171 |    4372   658021 62636639 |     8782     4953     42 |        0 |      3011      9685 |
|     21027 |    4372   658033 62637294 |     9999     4426     18 |        0 |      3034      9697 |
|     27959 |    4372   659199 62672135 |    11202     6361     42 |        0 |      3403     10863 |
|     51402 |    4372   673993 62980210 |    14810    11212     34 |        0 |      6550     25657 |
|     83415 |    4372   693032 63377549 |    19620    10035     23 |        0 |     11194     44696 |
|    124971 |    4372   715127 63843977 |    23213    20384     22 |        0 |     14408     66791 |
|    164422 |    4372   725386 64052585 |    26815    23237     39 |        0 |     16406     77050 |
|    216507 |    4372   733682 64235728 |    31614    18121     31 |        0 |     17753     85346 |
|    285000 |    4372   736491 64293448 |    36409    19809     29 |        0 |     18231     88155 |
|    386940 |    4372   739905 64355311 |    42414    24754     44 |        0 |     18745     91569 |
|    539907 |    4372   745083 64441759 |    49619    41526     68 |        0 |     19381     96747 |
|    910138 |    4372   893631 66939142 |    65226    42564     45 |        0 |     27540    245295 |
|   1616400 |    4372  1267368 72687905 |    86835    70235     65 |        0 |     48805    619032 |
|   2221589 |    4372  1373769 74703685 |   102428    64417     44 |        0 |     57647    725433 |
|   3393117 |    4372  1797115 81493292 |   126417    97934     33 |        0 |     79075   1148779 |
|   4939285 |    4372  2221009 88322629 |   152826   115111     58 |        1 |    100193   1572672 |
|   7703103 |    4372  3301416 104414666 |   191222   136525     39 |        1 |    141623   2653079 |
=====================================================================================================
Number of solutions   : 1           
Canonical subgraphs   : 162982         (20 /sec)
          order  3    : 1              (142857 /sec)
          order  4    : 1              (500000 /sec)
          order  5    : 1              (250000 /sec)
          order  6    : 1              (52632 /sec)
          order  7    : 1              (8696 /sec)
          order  8    : 2              (1361 /sec)
          order  9    : 7              (350 /sec)
          order 10    : 35             (121 /sec)
          order 11    : 157            (37 /sec)
          order 12    : 1173           (23 /sec)
          order 13    : 9804           (21 /sec)
          order 14    : 119054         (20 /sec)
          order 15    : 20295          (20 /sec)
          order 16    : 10959          (16 /sec)
          order 17    : 1229           (14 /sec)
          order 18    : 168            (10 /sec)
          order 19    : 62             (9 /sec)
          order 20    : 18             (10 /sec)
          order 21    : 13             (11 /sec)
          order 22    : 1              (1 /sec)
Noncanonical subgraphs: 3135914        (142 /sec)
          order  3    : 0              (-nan /sec)
          order  4    : 0              (-nan /sec)
          order  5    : 0              (-nan /sec)
          order  6    : 0              (-nan /sec)
          order  7    : 0              (-nan /sec)
          order  8    : 0              (-nan /sec)
          order  9    : 0              (-nan /sec)
          order 10    : 0              (-nan /sec)
          order 11    : 0              (-nan /sec)
          order 12    : 0              (-nan /sec)
          order 13    : 0              (-nan /sec)
          order 14    : 204604         (867 /sec)
          order 15    : 2816389        (133 /sec)
          order 16    : 90682          (187 /sec)
          order 17    : 23530          (133 /sec)
          order 18    : 696            (72 /sec)
          order 19    : 0              (-nan /sec)
          order 20    : 0              (-nan /sec)
          order 21    : 0              (-nan /sec)
Canonicity checking   : 30302.6 s
database reductions   : 184
restarts              : 16382
conflicts             : 10517404       (259 /sec)
decisions             : 15480930       (0.00 % random) (381 /sec)
propagations          : 1935588709     (47656 /sec)
conflict literals     : 1027073614     (54.00 % deleted)
actual reward         : 0.054010
Memory used           : 1695.00 MB
CPU time              : 40616 s

UNSATISFIABLE
