+ '[' -z 4183 ']'
+ f=constraints_22_11.simp-noncanon.simp
+ c=22-cubes/30.cubes
+ i=4183
+ s=70
+ adj=22-cubes/30.cubes4183.adj
+ cnf=22-cubes/30.cubes4183.cnf
+ ext=22-cubes/30.cubes4183.ext
+ cnfext=22-cubes/30.cubes4183.cnfext
+ unitlines=0
++ sed '4184q;d' 22-cubes/30.cubes
+ for b in '$(sed "$((i+1))q;d" "$c")'
+ [[ a != \a ]]
+ for b in '$(sed "$((i+1))q;d" "$c")'
+ [[ -92 != \a ]]
+ [[ -92 != \0 ]]
+ unitlines=1
+ for b in '$(sed "$((i+1))q;d" "$c")'
+ [[ -137 != \a ]]
+ [[ -137 != \0 ]]
+ unitlines=2
+ for b in '$(sed "$((i+1))q;d" "$c")'
+ [[ 122 != \a ]]
+ [[ 122 != \0 ]]
+ unitlines=3
+ for b in '$(sed "$((i+1))q;d" "$c")'
+ [[ -80 != \a ]]
+ [[ -80 != \0 ]]
+ unitlines=4
+ for b in '$(sed "$((i+1))q;d" "$c")'
+ [[ -58 != \a ]]
+ [[ -58 != \0 ]]
+ unitlines=5
+ for b in '$(sed "$((i+1))q;d" "$c")'
+ [[ -207 != \a ]]
+ [[ -207 != \0 ]]
+ unitlines=6
+ for b in '$(sed "$((i+1))q;d" "$c")'
+ [[ -154 != \a ]]
+ [[ -154 != \0 ]]
+ unitlines=7
+ for b in '$(sed "$((i+1))q;d" "$c")'
+ [[ -27 != \a ]]
+ [[ -27 != \0 ]]
+ unitlines=8
+ for b in '$(sed "$((i+1))q;d" "$c")'
+ [[ -169 != \a ]]
+ [[ -169 != \0 ]]
+ unitlines=9
+ for b in '$(sed "$((i+1))q;d" "$c")'
+ [[ -188 != \a ]]
+ [[ -188 != \0 ]]
+ unitlines=10
+ for b in '$(sed "$((i+1))q;d" "$c")'
+ [[ -107 != \a ]]
+ [[ -107 != \0 ]]
+ unitlines=11
+ for b in '$(sed "$((i+1))q;d" "$c")'
+ [[ -168 != \a ]]
+ [[ -168 != \0 ]]
+ unitlines=12
+ for b in '$(sed "$((i+1))q;d" "$c")'
+ [[ -208 != \a ]]
+ [[ -208 != \0 ]]
+ unitlines=13
+ for b in '$(sed "$((i+1))q;d" "$c")'
+ [[ -134 != \a ]]
+ [[ -134 != \0 ]]
+ unitlines=14
+ for b in '$(sed "$((i+1))q;d" "$c")'
+ [[ -26 != \a ]]
+ [[ -26 != \0 ]]
+ unitlines=15
+ for b in '$(sed "$((i+1))q;d" "$c")'
+ [[ -229 != \a ]]
+ [[ -229 != \0 ]]
+ unitlines=16
+ for b in '$(sed "$((i+1))q;d" "$c")'
+ [[ 133 != \a ]]
+ [[ 133 != \0 ]]
+ unitlines=17
+ for b in '$(sed "$((i+1))q;d" "$c")'
+ [[ -34 != \a ]]
+ [[ -34 != \0 ]]
+ unitlines=18
+ for b in '$(sed "$((i+1))q;d" "$c")'
+ [[ -41 != \a ]]
+ [[ -41 != \0 ]]
+ unitlines=19
+ for b in '$(sed "$((i+1))q;d" "$c")'
+ [[ -187 != \a ]]
+ [[ -187 != \0 ]]
+ unitlines=20
+ for b in '$(sed "$((i+1))q;d" "$c")'
+ [[ -69 != \a ]]
+ [[ -69 != \0 ]]
+ unitlines=21
+ for b in '$(sed "$((i+1))q;d" "$c")'
+ [[ -132 != \a ]]
+ [[ -132 != \0 ]]
+ unitlines=22
+ for b in '$(sed "$((i+1))q;d" "$c")'
+ [[ 205 != \a ]]
+ [[ 205 != \0 ]]
+ unitlines=23
+ for b in '$(sed "$((i+1))q;d" "$c")'
+ [[ -206 != \a ]]
+ [[ -206 != \0 ]]
+ unitlines=24
+ for b in '$(sed "$((i+1))q;d" "$c")'
+ [[ -203 != \a ]]
+ [[ -203 != \0 ]]
+ unitlines=25
+ for b in '$(sed "$((i+1))q;d" "$c")'
+ [[ -153 != \a ]]
+ [[ -153 != \0 ]]
+ unitlines=26
+ for b in '$(sed "$((i+1))q;d" "$c")'
+ [[ -204 != \a ]]
+ [[ -204 != \0 ]]
+ unitlines=27
+ for b in '$(sed "$((i+1))q;d" "$c")'
+ [[ 0 != \a ]]
+ [[ 0 != \0 ]]
++ cut '-d ' -f3
++ head -n 1 constraints_22_11.simp-noncanon.simp
+ numvars=6160
++ cut '-d ' -f4
++ head -n 1 constraints_22_11.simp-noncanon.simp
+ numlines=1786659
+ newlines=1786686
+ echo 'p cnf 6160 1786686'
+ tail constraints_22_11.simp-noncanon.simp -n +2
++ sed '4184q;d' 22-cubes/30.cubes
+ for b in '$(sed "$((i+1))q;d" "$c")'
+ [[ a != \a ]]
+ for b in '$(sed "$((i+1))q;d" "$c")'
+ [[ -92 != \a ]]
+ [[ -92 != \0 ]]
+ echo '-92 0'
+ for b in '$(sed "$((i+1))q;d" "$c")'
+ [[ -137 != \a ]]
+ [[ -137 != \0 ]]
+ echo '-137 0'
+ for b in '$(sed "$((i+1))q;d" "$c")'
+ [[ 122 != \a ]]
+ [[ 122 != \0 ]]
+ echo '122 0'
+ for b in '$(sed "$((i+1))q;d" "$c")'
+ [[ -80 != \a ]]
+ [[ -80 != \0 ]]
+ echo '-80 0'
+ for b in '$(sed "$((i+1))q;d" "$c")'
+ [[ -58 != \a ]]
+ [[ -58 != \0 ]]
+ echo '-58 0'
+ for b in '$(sed "$((i+1))q;d" "$c")'
+ [[ -207 != \a ]]
+ [[ -207 != \0 ]]
+ echo '-207 0'
+ for b in '$(sed "$((i+1))q;d" "$c")'
+ [[ -154 != \a ]]
+ [[ -154 != \0 ]]
+ echo '-154 0'
+ for b in '$(sed "$((i+1))q;d" "$c")'
+ [[ -27 != \a ]]
+ [[ -27 != \0 ]]
+ echo '-27 0'
+ for b in '$(sed "$((i+1))q;d" "$c")'
+ [[ -169 != \a ]]
+ [[ -169 != \0 ]]
+ echo '-169 0'
+ for b in '$(sed "$((i+1))q;d" "$c")'
+ [[ -188 != \a ]]
+ [[ -188 != \0 ]]
+ echo '-188 0'
+ for b in '$(sed "$((i+1))q;d" "$c")'
+ [[ -107 != \a ]]
+ [[ -107 != \0 ]]
+ echo '-107 0'
+ for b in '$(sed "$((i+1))q;d" "$c")'
+ [[ -168 != \a ]]
+ [[ -168 != \0 ]]
+ echo '-168 0'
+ for b in '$(sed "$((i+1))q;d" "$c")'
+ [[ -208 != \a ]]
+ [[ -208 != \0 ]]
+ echo '-208 0'
+ for b in '$(sed "$((i+1))q;d" "$c")'
+ [[ -134 != \a ]]
+ [[ -134 != \0 ]]
+ echo '-134 0'
+ for b in '$(sed "$((i+1))q;d" "$c")'
+ [[ -26 != \a ]]
+ [[ -26 != \0 ]]
+ echo '-26 0'
+ for b in '$(sed "$((i+1))q;d" "$c")'
+ [[ -229 != \a ]]
+ [[ -229 != \0 ]]
+ echo '-229 0'
+ for b in '$(sed "$((i+1))q;d" "$c")'
+ [[ 133 != \a ]]
+ [[ 133 != \0 ]]
+ echo '133 0'
+ for b in '$(sed "$((i+1))q;d" "$c")'
+ [[ -34 != \a ]]
+ [[ -34 != \0 ]]
+ echo '-34 0'
+ for b in '$(sed "$((i+1))q;d" "$c")'
+ [[ -41 != \a ]]
+ [[ -41 != \0 ]]
+ echo '-41 0'
+ for b in '$(sed "$((i+1))q;d" "$c")'
+ [[ -187 != \a ]]
+ [[ -187 != \0 ]]
+ echo '-187 0'
+ for b in '$(sed "$((i+1))q;d" "$c")'
+ [[ -69 != \a ]]
+ [[ -69 != \0 ]]
+ echo '-69 0'
+ for b in '$(sed "$((i+1))q;d" "$c")'
+ [[ -132 != \a ]]
+ [[ -132 != \0 ]]
+ echo '-132 0'
+ for b in '$(sed "$((i+1))q;d" "$c")'
+ [[ 205 != \a ]]
+ [[ 205 != \0 ]]
+ echo '205 0'
+ for b in '$(sed "$((i+1))q;d" "$c")'
+ [[ -206 != \a ]]
+ [[ -206 != \0 ]]
+ echo '-206 0'
+ for b in '$(sed "$((i+1))q;d" "$c")'
+ [[ -203 != \a ]]
+ [[ -203 != \0 ]]
+ echo '-203 0'
+ for b in '$(sed "$((i+1))q;d" "$c")'
+ [[ -153 != \a ]]
+ [[ -153 != \0 ]]
+ echo '-153 0'
+ for b in '$(sed "$((i+1))q;d" "$c")'
+ [[ -204 != \a ]]
+ [[ -204 != \0 ]]
+ echo '-204 0'
+ for b in '$(sed "$((i+1))q;d" "$c")'
+ [[ 0 != \a ]]
+ [[ 0 != \0 ]]
+ ./simplify-by-var-removal.sh 22-cubes/30.cubes4183.adj 70
+ '[' -z 70 ']'
+ f=22-cubes/30.cubes4183.adj
+ p=70
++ echo 22-cubes
+ sub_dir=22-cubes
+ mkdir -p log/22-cubes
+ mkdir -p simp/22-cubes
+ tee log/22-cubes/30.cubes4183.adj.simp1
+ ./cadical/build/cadical 22-cubes/30.cubes4183.adj -o simp/22-cubes/30.cubes4183.adj.simp1 -e simp/22-cubes/30.cubes4183.adj.ext1 -n -c 200000
c --- [ banner ] -------------------------------------------------------------
c 
c CaDiCaL Radically Simplified CDCL SAT Solver
c Copyright (c) 2016-2021 A. Biere, M. Fleury, N. Froleyks
c 
c Version 1.5.2
c g++ (GCC) 9.3.0 -Wall -Wextra -O3 -DNDEBUG
c Tue Feb 8 21:15:15 EST 2022 Linux gra-login1 3.10.0-1160.36.2.el7.x86_64 x86_64
c 
c --- [ limit ] --------------------------------------------------------------
c 
c setting conflict limit to 200000 conflicts (due to '200000')
c 
c --- [ parsing input ] ------------------------------------------------------
c 
c reading DIMACS file from '22-cubes/30.cubes4183.adj'
c opening file to read '22-cubes/30.cubes4183.adj'
c found 'p cnf 6160 1786686' header
c parsed 1786686 clauses in 16.21 seconds process time
c closing file '22-cubes/30.cubes4183.adj'
c after reading 1542541794 bytes 1471.1 MB
c 
c --- [ options ] ------------------------------------------------------------
c 
c all options are set to their default value
c 
c --- [ solving ] ------------------------------------------------------------
c 
c time measured in process time since initialization
c 
c  seconds    reductions  redundant   irredundant
c          MB     restarts       trail       variables
c            level   conflicts       glue         remaining
c 
c * 16.21 1473  0 0   0    0    0  0% 0 1785954 4666 76%
c { 17.73 1554  0 0   0    0    0  0% 0 1785954 4666 76%
c i 18.57 1566 156 0   0   22   14 41% 9 1785954 4459 72%
c i 19.48 1585 146 0   2   40   28 50% 16 1785954 4431 72%
c i 21.09 1599 85 0  14   96   77 51% 22 1785954 4428 72%
c i 21.44 1601 84 0  18  110   90 52% 23 1785954 4427 72%
c i 21.95 1607 85 0  21  122  101 52% 24 1785954 4413 72%
c i 22.61 1608 80 0  32  180  145 51% 27 1785954 4403 71%
c - 29.83 1558 85 1  40  300  239 49% 24 719507 4403 71%
c i 32.54 1540 79 1  53  451  374 50% 25 719507 4393 71%
c i 35.71 1542 81 1  86  593  490 49% 28 719507 4392 71%
c i 36.02 1542 77 1  86  653  539 50% 28 719507 4391 71%
c i 37.11 1543 73 1  97  785  647 51% 28 719507 4390 71%
c } 37.96 1544 67 1 111 1000  819 51% 28 719507 4390 71%
c [ 37.96 1544  0 1 111 1000  819  0% 0 719507 4390 71%
c O 37.96 1544  7 1 111 1002  821 34% 5 719507 4390 71%
c i 38.72 1544 25 1 111 1225 1008 57% 21 719507 4389 71%
c - 40.01 1740 27 2 111 1414 1044 57% 22 572205 4389 71%
c i 40.20 1740 26 2 111 1537 1103 57% 22 572205 4388 71%
c - 41.74 1740 25 3 112 2998 1422 57% 22 572202 4388 71%
c 
c  seconds    reductions  redundant   irredundant
c          MB     restarts       trail       variables
c            level   conflicts       glue         remaining
c 
c ] 42.18 1689 25 3 112 3002 1426 41% 22 572202 4388 71%
c { 42.18 1689 67 3 112 3002 1426 72% 28 572202 4388 71%
c F 42.20 1689 67 3 112 3003 1427 72% 28 572202 4388 71%
c i 43.16 1689 67 3 131 3127 1527 67% 29 572202 4387 71%
c i 44.96 1689 65 3 147 3313 1682 62% 29 572202 4386 71%
c i 45.27 1689 62 3 147 3450 1801 60% 28 572202 4385 71%
c i 46.22 1689 56 3 147 3884 2168 54% 26 572202 4384 71%
c i 46.23 1689 56 3 147 3886 2169 54% 26 572202 4383 71%
c i 46.50 1689 53 3 147 4072 2300 53% 26 572202 4382 71%
c i 46.55 1689 53 3 147 4094 2319 53% 26 572202 4381 71%
c 3 48.32 1689 46 3 149 5000 4437 48% 25 572170 4376 71%
c 2 48.44 1689 46 3 149 5000 4662 48% 25 572068 4374 71%
c p 57.66 1689 46 3 149 5000 7880 48% 25 572068 4340 70%
c d 58.30 1689 46 3 149 5000 7851 48% 25 571929 4336 70%
c - 59.36 1681 45 4 149 5109 2287 47% 25 571929 4336 70%
c # 64.37 1681 43 4 189 6004 2938 45% 24 571929 4336 70%
c } 75.52 1681 46 4 306 7003 3736 42% 25 571929 4336 70%
c [ 75.52 1681 25 4 306 7003 3736 41% 22 571929 4336 70%
c - 76.24 1448 24 5 307 7747 3029 40% 21 571929 4336 70%
c I 78.14 1448 24 5 308 10005 4488 38% 21 571929 4336 70%
c 
c  seconds    reductions   redundant   irredundant
c          MB     restarts        trail       variables
c            level    conflicts       glue         remaining
c 
c - 82.41 1683 25 6 309 10913 3591 37% 21 571929 4336 70%
c - 94.37 1448 23 7 311 14603 4392 36% 19 571929 4336 70%
c ] 95.44 1448 23 7 311 15004 4676 36% 19 571929 4336 70%
c { 95.44 1448 46 7 311 15004 4676 42% 25 571929 4336 70%
c 3 95.50 1448 46 7 311 15004 6386 42% 25 571929 4336 70%
c 2 95.61 1448 46 7 311 15004 6589 42% 25 571921 4336 70%
c p 99.05 1448 46 7 311 15004 10177 42% 25 571921 4336 70%
c B 99.43 1448 46 7 311 15007 10180 42% 25 571921 4336 70%
c s 110.93 1448 42 7 399 17161 11686 40% 24 569734 4336 70%
c v 123.86 1448 42 7 399 17161 11686 40% 24 569314 4336 70%
c t 124.38 1448 42 7 399 17161 11672 40% 24 569200 4336 70%
c e 126.29 1448 42 7 399 17161 7773 40% 24 561832 1269 21%
c s 126.46 1448 42 7 399 17161 7773 40% 24 561615 1269 21%
c - 134.22 1448 40 8 447 18822 5877 62% 24 561615 1269 21%
c W 137.09 1448 36 8 456 21009 7482 60% 23 561615 1269 21%
c } 145.67 1448 38 8 598 21995 8306 59% 23 561615 1269 21%
c 1 145.67 1448 38 8 598 21995 8306 59% 23 561615 1269 21%
c 
c --- [ writing output ] -----------------------------------------------------
c 
c writing simplified CNF to DIMACS file 'simp/22-cubes/30.cubes4183.adj.simp1'
c * 145.67 1448 38 8 598 21995 8306 59% 23 561615 1269 21%
c opening file to write 'simp/22-cubes/30.cubes4183.adj.simp1'
c writing 'p cnf 6160 561615' header
c closing file 'simp/22-cubes/30.cubes4183.adj.simp1'
c after writing 271574445 bytes 259.0 MB
c wrote 561615 clauses in 1.68 seconds process time
c 
c --- [ writing extension ] --------------------------------------------------
c 
c writing extension stack to 'simp/22-cubes/30.cubes4183.adj.ext1'
c opening file to write 'simp/22-cubes/30.cubes4183.adj.ext1'
c closing file 'simp/22-cubes/30.cubes4183.adj.ext1'
c after writing 240537 bytes 0.2 MB
c wrote 10246 witnesses in 0.00 seconds process time
c 
c --- [ result ] -------------------------------------------------------------
c 
s SATISFIABLE
c 
c --- [ run-time profiling ] -------------------------------------------------
c 
c process time taken by individual solving procedures
c (percentage relative to process time for solving)
c 
c        97.84   75.58% search
c        71.81   55.47% unstable
c        31.62   24.42% simplify
c        24.14   18.65% stable
c        16.21   12.52% parse
c        13.38   10.33% vivify
c        12.66    9.78% probe
c         3.49    2.69% elim
c         1.52    1.17% lucky
c         0.37    0.29% walk
c         0.34    0.26% subsume
c         0.17    0.13% ternary
c   =================================
c       129.46   87.86% solve
c 
c last line shows process time for solving
c (percentage relative to total process time)
c 
c --- [ statistics ] ---------------------------------------------------------
c 
c chronological:              4649        21.14 %  of conflicts
c conflicts:                 21995       169.90    per second
c decisions:                 70007       540.77    per second
c eliminated:                 3067        49.79 %  of all variables
c fixed:                      1815        29.46 %  of all variables
c learned:                   21462        97.58 %  per conflict
c learned_lits:            3554497       100.00 %  learned literals
c minimized:                     0         0.00 %  learned literals
c shrunken:                1991684        56.03 %  learned literals
c minishrunken:             355780        10.01 %  learned literals
c propagations:            4655751         0.04 M  per second
c reduced:                    7876        35.81 %  per conflict
c rephased:                      6      3665.83    interval
c restarts:                    598        36.78    interval
c stabilizing:                   2        45.48 %  of conflicts
c substituted:                   9         0.15 %  of all variables
c subsumed:                   9058         0.25 %  of all clauses
c strengthened:              10565         0.29 %  of all clauses
c ternary:                    3612         0.36 %  of resolved
c vivified:                    424         0.01 %  of all clauses
c walked:                        1     21995.00    interval
c weakened:                   8431         3.26    average size
c 
c seconds are measured in process time for solving
c 
c --- [ resources ] ----------------------------------------------------------
c 
c total process time since initialization:       147.35    seconds
c total real time since initialization:          147.82    seconds
c maximum resident set size of process:         1983.11    MB
c 
c --- [ shutting down ] ------------------------------------------------------
c 
c exit 10
++ seq 1 100
+ for i in '$(seq 1 100)'
++ sed 's/.$//'
++ rev
++ cut '-d ' -f1
++ rev
++ tail -n 1
++ grep 'c [*]' log/22-cubes/30.cubes4183.adj.simp1
+ vars_remaining=21
+ ((  vars_remaining < 100 - p  ))
+ break
++ cut '-d ' -f3
++ head -n 1 simp/22-cubes/30.cubes4183.adj.simp1
+ numvars=6160
++ cut '-d ' -f4
++ head -n 1 simp/22-cubes/30.cubes4183.adj.simp1
+ numlines=561615
+ extlines_total=0
++ seq 1 1
+ for j in '$(seq 1 "$i")'
++ cut '-d ' -f1
++ wc -l simp/22-cubes/30.cubes4183.adj.ext1
+ extlines_j=10246
+ extlines_total=10246
+ newlines=571861
+ echo 'p cnf 6160 571861'
+ tail simp/22-cubes/30.cubes4183.adj.simp1 -n +2
++ seq 1 1
+ for j in '$(seq 1 "$i")'
+ cat simp/22-cubes/30.cubes4183.adj.ext1
+ sed -i 's/ 0.*/ 0/' 22-cubes/30.cubes4183.adj.simp
============================[ Problem Statistics ]=============================
|                                                                             |
|  Number of variables:          6160                                         |
|  Number of clauses:          570046                                         |
|  Parse time:                   3.96 s                                       |
|  Simplification time:          0.11 s                                       |
|                                                                             |
============================[ Search Statistics ]====================================================
| Conflicts |          ORIGINAL         |          LEARNT          | Num Sols |      SUBGRAPHS      |
|           |    Vars  Clauses Literals |    Limit  Clauses Lit/Cl |          | Canonical Noncanon. |
=====================================================================================================
|       100 |    4345   570046 58850733 |     2000      100     39 |        0 |        18         0 |
|       501 |    4345   570297 58854948 |     2000      501     48 |        0 |        72       251 |
|       733 |    4345   570304 58855073 |     2000      733     63 |        0 |        81       258 |
|      1177 |    4345   570411 58857405 |     2000     1177     70 |        0 |       108       365 |
|      1716 |    4345   570444 58858328 |     2000     1716     80 |        0 |       135       398 |
|      2491 |    4345   570460 58858692 |     3601     1492     62 |        0 |       155       414 |
|      3753 |    4345   570583 58862687 |     3601     2754     84 |        0 |       242       537 |
|      5545 |    4345   570667 58864073 |     5002     2747     65 |        0 |       308       621 |
|      8861 |    4345   571421 58876283 |     6304     3565     50 |        0 |       408      1375 |
|     13116 |    4345   571832 58884500 |     7556     4672     43 |        0 |       560      1786 |
|     19574 |    4345   572524 58897566 |     8781     7355     64 |        0 |       768      2478 |
|     28583 |    4345   572884 58905882 |    11202     6985     39 |        0 |       934      2838 |
|     42007 |    4345   573334 58915819 |    13607     8614     42 |        0 |      1074      3288 |
|     61940 |    4345   573806 58925584 |    16004    14344     63 |        0 |      1249      3760 |
|     92304 |    4345   574978 58945760 |    19609    18913     69 |        0 |      1643      4932 |
|    138407 |    4345   577292 58982245 |    24407    22214     70 |        0 |      2284      7246 |
|    207841 |    4345   581042 59058987 |    30413    24654     70 |        0 |      3438     10996 |
|    307269 |    4345   581944 59083019 |    37618    23887     56 |        0 |      4188     11898 |
|    462377 |    4345   589263 59251547 |    46014    34791     60 |        0 |      6527     19217 |
|    699955 |    4345   605158 59593645 |    56817    43772     67 |        0 |      9679     35112 |
|   1041796 |    4345   614474 59822165 |    70016    40212     40 |        0 |     12044     44428 |
|   1557354 |    4345   631244 60199735 |    85634    53988     55 |        0 |     16206     61198 |
|   2312747 |    4345   638455 60380098 |   104827    52574     36 |        0 |     19271     68409 |
|   3441970 |    4345   645404 60571786 |   127628    83598     60 |        0 |     22248     75358 |
|   5130874 |    4345   650897 60719091 |   155224   153298     80 |        1 |     24740     80850 |
|   7858131 |    4345   853038 66205344 |   193623    99754     38 |        2 |     81547    282990 |
|  11799934 |    4345  1007166 70142288 |   236812   178746     64 |        2 |    105898    437118 |
|  17539885 |    4345  1065605 71525569 |   288415   285700     75 |        6 |    126589    495553 |
|  26135982 |    4345  1139433 73286705 |   353223   236405     49 |       13 |    147124    569374 |
|  39090120 |    4345  1310168 76655712 |   432424   247944     37 |       26 |    186939    740096 |
|  58524716 |    4322  1497756 81231912 |   528383   490499     70 |       44 |    268322    999569 |
|  87683048 |    4322  1893430 90275315 |   647230   582478     68 |       56 |    352201   1395231 |
| 131179320 |    4217   953558 42897075 |   792409   567129     58 |       67 |    433576   1747504 |
=====================================================================================================
Number of solutions   : 67          
Canonical subgraphs   : 435984         (8 /sec)
          order  3    : 1              (200000 /sec)
          order  4    : 1              (1000000 /sec)
          order  5    : 1              (250000 /sec)
          order  6    : 1              (35714 /sec)
          order  7    : 1              (7692 /sec)
          order  8    : 2              (1294 /sec)
          order  9    : 4              (229 /sec)
          order 10    : 14             (56 /sec)
          order 11    : 85             (21 /sec)
          order 12    : 506            (7 /sec)
          order 13    : 4894           (6 /sec)
          order 14    : 31577          (6 /sec)
          order 15    : 189422         (8 /sec)
          order 16    : 197537         (9 /sec)
          order 17    : 9731           (8 /sec)
          order 18    : 898            (8 /sec)
          order 19    : 269            (6 /sec)
          order 20    : 430            (7 /sec)
          order 21    : 543            (7 /sec)
          order 22    : 67             (1 /sec)
Noncanonical subgraphs: 1756742        (166 /sec)
          order  3    : 0              (-nan /sec)
          order  4    : 0              (-nan /sec)
          order  5    : 0              (-nan /sec)
          order  6    : 0              (-nan /sec)
          order  7    : 0              (-nan /sec)
          order  8    : 0              (-nan /sec)
          order  9    : 0              (-nan /sec)
          order 10    : 0              (-nan /sec)
          order 11    : 0              (-nan /sec)
          order 12    : 0              (-nan /sec)
          order 13    : 0              (-nan /sec)
          order 14    : 155761         (1023 /sec)
          order 15    : 971843         (390 /sec)
          order 16    : 209260         (469 /sec)
          order 17    : 418999         (56 /sec)
          order 18    : 294            (55 /sec)
          order 19    : 86             (33 /sec)
          order 20    : 0              (-nan /sec)
          order 21    : 0              (-nan /sec)
Canonicity checking   : 65585.6 s
database reductions   : 666
restarts              : 163837
conflicts             : 134255171      (724 /sec)
decisions             : 167264400      (0.00 % random) (902 /sec)
propagations          : 27223982175    (146878 /sec)
conflict literals     : 15115609453    (56.69 % deleted)
actual reward         : 0.058878
Memory used           : 1721.00 MB
CPU time              : 185351 s

UNSATISFIABLE
