+ '[' -z 4281 ']'
+ f=constraints_22_11.simp-noncanon.simp
+ c=22-cubes/30.cubes
+ i=4281
+ s=70
+ adj=22-cubes/30.cubes4281.adj
+ cnf=22-cubes/30.cubes4281.cnf
+ ext=22-cubes/30.cubes4281.ext
+ cnfext=22-cubes/30.cubes4281.cnfext
+ unitlines=0
++ sed '4282q;d' 22-cubes/30.cubes
+ for b in '$(sed "$((i+1))q;d" "$c")'
+ [[ a != \a ]]
+ for b in '$(sed "$((i+1))q;d" "$c")'
+ [[ -92 != \a ]]
+ [[ -92 != \0 ]]
+ unitlines=1
+ for b in '$(sed "$((i+1))q;d" "$c")'
+ [[ -137 != \a ]]
+ [[ -137 != \0 ]]
+ unitlines=2
+ for b in '$(sed "$((i+1))q;d" "$c")'
+ [[ 122 != \a ]]
+ [[ 122 != \0 ]]
+ unitlines=3
+ for b in '$(sed "$((i+1))q;d" "$c")'
+ [[ -80 != \a ]]
+ [[ -80 != \0 ]]
+ unitlines=4
+ for b in '$(sed "$((i+1))q;d" "$c")'
+ [[ -58 != \a ]]
+ [[ -58 != \0 ]]
+ unitlines=5
+ for b in '$(sed "$((i+1))q;d" "$c")'
+ [[ -207 != \a ]]
+ [[ -207 != \0 ]]
+ unitlines=6
+ for b in '$(sed "$((i+1))q;d" "$c")'
+ [[ -154 != \a ]]
+ [[ -154 != \0 ]]
+ unitlines=7
+ for b in '$(sed "$((i+1))q;d" "$c")'
+ [[ -27 != \a ]]
+ [[ -27 != \0 ]]
+ unitlines=8
+ for b in '$(sed "$((i+1))q;d" "$c")'
+ [[ -169 != \a ]]
+ [[ -169 != \0 ]]
+ unitlines=9
+ for b in '$(sed "$((i+1))q;d" "$c")'
+ [[ -188 != \a ]]
+ [[ -188 != \0 ]]
+ unitlines=10
+ for b in '$(sed "$((i+1))q;d" "$c")'
+ [[ -107 != \a ]]
+ [[ -107 != \0 ]]
+ unitlines=11
+ for b in '$(sed "$((i+1))q;d" "$c")'
+ [[ -168 != \a ]]
+ [[ -168 != \0 ]]
+ unitlines=12
+ for b in '$(sed "$((i+1))q;d" "$c")'
+ [[ -208 != \a ]]
+ [[ -208 != \0 ]]
+ unitlines=13
+ for b in '$(sed "$((i+1))q;d" "$c")'
+ [[ -134 != \a ]]
+ [[ -134 != \0 ]]
+ unitlines=14
+ for b in '$(sed "$((i+1))q;d" "$c")'
+ [[ -26 != \a ]]
+ [[ -26 != \0 ]]
+ unitlines=15
+ for b in '$(sed "$((i+1))q;d" "$c")'
+ [[ -229 != \a ]]
+ [[ -229 != \0 ]]
+ unitlines=16
+ for b in '$(sed "$((i+1))q;d" "$c")'
+ [[ -133 != \a ]]
+ [[ -133 != \0 ]]
+ unitlines=17
+ for b in '$(sed "$((i+1))q;d" "$c")'
+ [[ 94 != \a ]]
+ [[ 94 != \0 ]]
+ unitlines=18
+ for b in '$(sed "$((i+1))q;d" "$c")'
+ [[ -33 != \a ]]
+ [[ -33 != \0 ]]
+ unitlines=19
+ for b in '$(sed "$((i+1))q;d" "$c")'
+ [[ -206 != \a ]]
+ [[ -206 != \0 ]]
+ unitlines=20
+ for b in '$(sed "$((i+1))q;d" "$c")'
+ [[ -186 != \a ]]
+ [[ -186 != \0 ]]
+ unitlines=21
+ for b in '$(sed "$((i+1))q;d" "$c")'
+ [[ -152 != \a ]]
+ [[ -152 != \0 ]]
+ unitlines=22
+ for b in '$(sed "$((i+1))q;d" "$c")'
+ [[ -135 != \a ]]
+ [[ -135 != \0 ]]
+ unitlines=23
+ for b in '$(sed "$((i+1))q;d" "$c")'
+ [[ -132 != \a ]]
+ [[ -132 != \0 ]]
+ unitlines=24
+ for b in '$(sed "$((i+1))q;d" "$c")'
+ [[ -131 != \a ]]
+ [[ -131 != \0 ]]
+ unitlines=25
+ for b in '$(sed "$((i+1))q;d" "$c")'
+ [[ -204 != \a ]]
+ [[ -204 != \0 ]]
+ unitlines=26
+ for b in '$(sed "$((i+1))q;d" "$c")'
+ [[ -105 != \a ]]
+ [[ -105 != \0 ]]
+ unitlines=27
+ for b in '$(sed "$((i+1))q;d" "$c")'
+ [[ -81 != \a ]]
+ [[ -81 != \0 ]]
+ unitlines=28
+ for b in '$(sed "$((i+1))q;d" "$c")'
+ [[ -171 != \a ]]
+ [[ -171 != \0 ]]
+ unitlines=29
+ for b in '$(sed "$((i+1))q;d" "$c")'
+ [[ 0 != \a ]]
+ [[ 0 != \0 ]]
++ cut '-d ' -f3
++ head -n 1 constraints_22_11.simp-noncanon.simp
+ numvars=6160
++ cut '-d ' -f4
++ head -n 1 constraints_22_11.simp-noncanon.simp
+ numlines=1786659
+ newlines=1786688
+ echo 'p cnf 6160 1786688'
+ tail constraints_22_11.simp-noncanon.simp -n +2
++ sed '4282q;d' 22-cubes/30.cubes
+ for b in '$(sed "$((i+1))q;d" "$c")'
+ [[ a != \a ]]
+ for b in '$(sed "$((i+1))q;d" "$c")'
+ [[ -92 != \a ]]
+ [[ -92 != \0 ]]
+ echo '-92 0'
+ for b in '$(sed "$((i+1))q;d" "$c")'
+ [[ -137 != \a ]]
+ [[ -137 != \0 ]]
+ echo '-137 0'
+ for b in '$(sed "$((i+1))q;d" "$c")'
+ [[ 122 != \a ]]
+ [[ 122 != \0 ]]
+ echo '122 0'
+ for b in '$(sed "$((i+1))q;d" "$c")'
+ [[ -80 != \a ]]
+ [[ -80 != \0 ]]
+ echo '-80 0'
+ for b in '$(sed "$((i+1))q;d" "$c")'
+ [[ -58 != \a ]]
+ [[ -58 != \0 ]]
+ echo '-58 0'
+ for b in '$(sed "$((i+1))q;d" "$c")'
+ [[ -207 != \a ]]
+ [[ -207 != \0 ]]
+ echo '-207 0'
+ for b in '$(sed "$((i+1))q;d" "$c")'
+ [[ -154 != \a ]]
+ [[ -154 != \0 ]]
+ echo '-154 0'
+ for b in '$(sed "$((i+1))q;d" "$c")'
+ [[ -27 != \a ]]
+ [[ -27 != \0 ]]
+ echo '-27 0'
+ for b in '$(sed "$((i+1))q;d" "$c")'
+ [[ -169 != \a ]]
+ [[ -169 != \0 ]]
+ echo '-169 0'
+ for b in '$(sed "$((i+1))q;d" "$c")'
+ [[ -188 != \a ]]
+ [[ -188 != \0 ]]
+ echo '-188 0'
+ for b in '$(sed "$((i+1))q;d" "$c")'
+ [[ -107 != \a ]]
+ [[ -107 != \0 ]]
+ echo '-107 0'
+ for b in '$(sed "$((i+1))q;d" "$c")'
+ [[ -168 != \a ]]
+ [[ -168 != \0 ]]
+ echo '-168 0'
+ for b in '$(sed "$((i+1))q;d" "$c")'
+ [[ -208 != \a ]]
+ [[ -208 != \0 ]]
+ echo '-208 0'
+ for b in '$(sed "$((i+1))q;d" "$c")'
+ [[ -134 != \a ]]
+ [[ -134 != \0 ]]
+ echo '-134 0'
+ for b in '$(sed "$((i+1))q;d" "$c")'
+ [[ -26 != \a ]]
+ [[ -26 != \0 ]]
+ echo '-26 0'
+ for b in '$(sed "$((i+1))q;d" "$c")'
+ [[ -229 != \a ]]
+ [[ -229 != \0 ]]
+ echo '-229 0'
+ for b in '$(sed "$((i+1))q;d" "$c")'
+ [[ -133 != \a ]]
+ [[ -133 != \0 ]]
+ echo '-133 0'
+ for b in '$(sed "$((i+1))q;d" "$c")'
+ [[ 94 != \a ]]
+ [[ 94 != \0 ]]
+ echo '94 0'
+ for b in '$(sed "$((i+1))q;d" "$c")'
+ [[ -33 != \a ]]
+ [[ -33 != \0 ]]
+ echo '-33 0'
+ for b in '$(sed "$((i+1))q;d" "$c")'
+ [[ -206 != \a ]]
+ [[ -206 != \0 ]]
+ echo '-206 0'
+ for b in '$(sed "$((i+1))q;d" "$c")'
+ [[ -186 != \a ]]
+ [[ -186 != \0 ]]
+ echo '-186 0'
+ for b in '$(sed "$((i+1))q;d" "$c")'
+ [[ -152 != \a ]]
+ [[ -152 != \0 ]]
+ echo '-152 0'
+ for b in '$(sed "$((i+1))q;d" "$c")'
+ [[ -135 != \a ]]
+ [[ -135 != \0 ]]
+ echo '-135 0'
+ for b in '$(sed "$((i+1))q;d" "$c")'
+ [[ -132 != \a ]]
+ [[ -132 != \0 ]]
+ echo '-132 0'
+ for b in '$(sed "$((i+1))q;d" "$c")'
+ [[ -131 != \a ]]
+ [[ -131 != \0 ]]
+ echo '-131 0'
+ for b in '$(sed "$((i+1))q;d" "$c")'
+ [[ -204 != \a ]]
+ [[ -204 != \0 ]]
+ echo '-204 0'
+ for b in '$(sed "$((i+1))q;d" "$c")'
+ [[ -105 != \a ]]
+ [[ -105 != \0 ]]
+ echo '-105 0'
+ for b in '$(sed "$((i+1))q;d" "$c")'
+ [[ -81 != \a ]]
+ [[ -81 != \0 ]]
+ echo '-81 0'
+ for b in '$(sed "$((i+1))q;d" "$c")'
+ [[ -171 != \a ]]
+ [[ -171 != \0 ]]
+ echo '-171 0'
+ for b in '$(sed "$((i+1))q;d" "$c")'
+ [[ 0 != \a ]]
+ [[ 0 != \0 ]]
+ ./simplify-by-var-removal.sh 22-cubes/30.cubes4281.adj 70
+ '[' -z 70 ']'
+ f=22-cubes/30.cubes4281.adj
+ p=70
++ echo 22-cubes
+ sub_dir=22-cubes
+ mkdir -p log/22-cubes
+ mkdir -p simp/22-cubes
+ tee log/22-cubes/30.cubes4281.adj.simp1
+ ./cadical/build/cadical 22-cubes/30.cubes4281.adj -o simp/22-cubes/30.cubes4281.adj.simp1 -e simp/22-cubes/30.cubes4281.adj.ext1 -n -c 200000
c --- [ banner ] -------------------------------------------------------------
c 
c CaDiCaL Radically Simplified CDCL SAT Solver
c Copyright (c) 2016-2021 A. Biere, M. Fleury, N. Froleyks
c 
c Version 1.5.2
c g++ (GCC) 9.3.0 -Wall -Wextra -O3 -DNDEBUG
c Tue Feb 8 21:15:15 EST 2022 Linux gra-login1 3.10.0-1160.36.2.el7.x86_64 x86_64
c 
c --- [ limit ] --------------------------------------------------------------
c 
c setting conflict limit to 200000 conflicts (due to '200000')
c 
c --- [ parsing input ] ------------------------------------------------------
c 
c reading DIMACS file from '22-cubes/30.cubes4281.adj'
c opening file to read '22-cubes/30.cubes4281.adj'
c found 'p cnf 6160 1786688' header
c parsed 1786688 clauses in 15.91 seconds process time
c closing file '22-cubes/30.cubes4281.adj'
c after reading 1542541809 bytes 1471.1 MB
c 
c --- [ options ] ------------------------------------------------------------
c 
c all options are set to their default value
c 
c --- [ solving ] ------------------------------------------------------------
c 
c time measured in process time since initialization
c 
c  seconds    reductions  redundant   irredundant
c          MB     restarts       trail       variables
c            level   conflicts       glue         remaining
c 
c * 15.91 1473  0 0   0    0    0  0% 0 1785954 4658 76%
c { 16.71 1525  0 0   0    0    0  0% 0 1785954 4658 76%
c i 16.86 1527 30 0   0    5    4 34% 3 1785954 4626 75%
c i 19.84 1595 137 0   7  107   89 52% 24 1785954 4619 75%
c i 20.33 1600 120 0  11  126  104 50% 23 1785954 4609 75%
c i 20.75 1609 120 0  14  144  117 50% 25 1785954 4608 75%
c i 22.59 1628 99 0  40  259  200 49% 34 1785954 4607 75%
c - 27.45 1607 108 1  43  302  229 48% 32 731311 4607 75%
c i 29.01 1580 113 1  52  382  300 48% 33 731311 4606 75%
c i 29.59 1580 111 1  60  423  327 48% 35 731311 4596 75%
c i 29.75 1581 109 1  65  445  346 48% 36 731311 4595 75%
c i 30.96 1583 102 1  74  546  431 49% 36 731311 4594 75%
c i 31.05 1583 100 1  74  584  463 49% 35 731311 4593 75%
c } 32.15 1584 82 1  96 1000  808 52% 36 731311 4593 75%
c [ 32.15 1584  0 1  96 1000  808  0% 0 731311 4593 75%
c O 32.15 1584 30 1  96 1004  810 53% 14 731311 4593 75%
c i 32.15 1584 30 1  96 1004  810 53% 14 731311 4463 72%
c - 34.42 1862 28 2  96 1424 1050 57% 22 729713 4463 72%
c i 35.38 1830 30 2  97 2103 1579 58% 24 729713 4462 72%
c i 35.47 1830 30 2  97 2122 1591 58% 24 729713 4461 72%
c 
c  seconds    reductions  redundant   irredundant
c          MB     restarts       trail       variables
c            level   conflicts       glue         remaining
c 
c i 35.52 1830 30 2  97 2144 1611 58% 24 729713 4460 72%
c i 35.57 1830 29 2  97 2176 1640 58% 24 729713 4459 72%
c i 35.62 1830 29 2  97 2251 1703 58% 24 729713 4458 72%
c i 35.64 1830 29 2  97 2280 1729 58% 24 729713 4457 72%
c i 35.72 1830 29 2  97 2456 1873 58% 24 729713 4456 72%
c i 35.74 1830 29 2  97 2504 1914 58% 24 729713 4455 72%
c ] 36.05 1830 28 2  97 3000 2310 58% 23 729713 4455 72%
c { 36.05 1830 82 2  97 3000 2310 52% 36 729713 4455 72%
c F 37.00 1777 81 2  97 3006 2316 18% 36 729689 4455 72%
c - 37.87 1777 77 3  97 3114 1826 37% 34 729689 4455 72%
c i 44.57 1777 67 3 234 4493 2947 34% 34 729689 4454 72%
c i 44.65 1777 67 3 234 4502 2955 34% 33 729689 4453 72%
c 2 48.83 1777 74 3 276 5004 4165 31% 34 729593 4425 72%
c p 58.10 1777 74 3 276 5004 6898 31% 34 729593 4380 71%
c d 58.95 1777 74 3 276 5004 6870 31% 34 581382 4379 71%
c - 62.59 1708 75 4 323 5350 2441 32% 34 581382 4379 71%
c # 66.81 1708 74 4 385 6007 2966 32% 34 581382 4379 71%
c } 67.22 1708 72 4 385 6196 3104 33% 34 581382 4379 71%
c 1 67.22 1708 72 4 385 6196 3104 33% 34 581382 4379 71%
c 
c --- [ writing output ] -----------------------------------------------------
c 
c writing simplified CNF to DIMACS file 'simp/22-cubes/30.cubes4281.adj.simp1'
c * 67.22 1708 72 4 385 6196 3104 33% 34 581382 4379 71%
c opening file to write 'simp/22-cubes/30.cubes4281.adj.simp1'
c writing 'p cnf 6160 581382' header
c closing file 'simp/22-cubes/30.cubes4281.adj.simp1'
c after writing 281444644 bytes 268.4 MB
c wrote 581382 clauses in 1.68 seconds process time
c 
c --- [ writing extension ] --------------------------------------------------
c 
c writing extension stack to 'simp/22-cubes/30.cubes4281.adj.ext1'
c opening file to write 'simp/22-cubes/30.cubes4281.adj.ext1'
c closing file 'simp/22-cubes/30.cubes4281.adj.ext1'
c after writing 25877 bytes 0.0 MB
c wrote 1788 witnesses in 0.00 seconds process time
c 
c --- [ result ] -------------------------------------------------------------
c 
s SATISFIABLE
c 
c --- [ run-time profiling ] -------------------------------------------------
c 
c process time taken by individual solving procedures
c (percentage relative to process time for solving)
c 
c        40.13   78.22% search
c        35.43   69.06% unstable
c        15.91   31.02% parse
c        11.17   21.78% simplify
c         9.27   18.07% probe
c         3.90    7.60% stable
c         0.80    1.55% lucky
c         0.10    0.20% ternary
c   =================================
c        51.30   74.46% solve
c 
c last line shows process time for solving
c (percentage relative to total process time)
c 
c --- [ statistics ] ---------------------------------------------------------
c 
c chronological:              1679        27.10 %  of conflicts
c conflicts:                  6196       120.77    per second
c decisions:                 44124       860.07    per second
c fixed:                      1774        28.80 %  of all variables
c learned:                    6020        97.16 %  per conflict
c learned_lits:            1123604       100.00 %  learned literals
c minimized:                     0         0.00 %  learned literals
c shrunken:                 469395        41.78 %  learned literals
c minishrunken:             162896        14.50 %  learned literals
c propagations:            1730450         0.03 M  per second
c reduced:                    1824        29.44 %  per conflict
c rephased:                      3      2065.33    interval
c restarts:                    385        16.09    interval
c stabilizing:                   1        32.28 %  of conflicts
c substituted:                   7         0.11 %  of all variables
c subsumed:                   1176         0.03 %  of all clauses
c ternary:                     912         0.21 %  of resolved
c weakened:                     14         2.00    average size
c 
c seconds are measured in process time for solving
c 
c --- [ resources ] ----------------------------------------------------------
c 
c total process time since initialization:        68.90    seconds
c total real time since initialization:           69.50    seconds
c maximum resident set size of process:         2142.95    MB
c 
c --- [ shutting down ] ------------------------------------------------------
c 
c exit 10
++ seq 1 100
+ for i in '$(seq 1 100)'
++ sed 's/.$//'
++ rev
++ cut '-d ' -f1
++ rev
++ tail -n 1
++ grep 'c [*]' log/22-cubes/30.cubes4281.adj.simp1
+ vars_remaining=71
+ ((  vars_remaining < 100 - p  ))
+ tee log/22-cubes/30.cubes4281.adj.simp2
+ ./cadical/build/cadical simp/22-cubes/30.cubes4281.adj.simp1 -o simp/22-cubes/30.cubes4281.adj.simp2 -e simp/22-cubes/30.cubes4281.adj.ext2 -n -c 200000
c --- [ banner ] -------------------------------------------------------------
c 
c CaDiCaL Radically Simplified CDCL SAT Solver
c Copyright (c) 2016-2021 A. Biere, M. Fleury, N. Froleyks
c 
c Version 1.5.2
c g++ (GCC) 9.3.0 -Wall -Wextra -O3 -DNDEBUG
c Tue Feb 8 21:15:15 EST 2022 Linux gra-login1 3.10.0-1160.36.2.el7.x86_64 x86_64
c 
c --- [ limit ] --------------------------------------------------------------
c 
c setting conflict limit to 200000 conflicts (due to '200000')
c 
c --- [ parsing input ] ------------------------------------------------------
c 
c reading DIMACS file from 'simp/22-cubes/30.cubes4281.adj.simp1'
c opening file to read 'simp/22-cubes/30.cubes4281.adj.simp1'
c found 'p cnf 6160 581382' header
c parsed 581382 clauses in 2.79 seconds process time
c closing file 'simp/22-cubes/30.cubes4281.adj.simp1'
c after reading 281444644 bytes 268.4 MB
c 
c --- [ options ] ------------------------------------------------------------
c 
c all options are set to their default value
c 
c --- [ solving ] ------------------------------------------------------------
c 
c time measured in process time since initialization
c 
c  seconds   reductions  redundant  irredundant
c          MB    restarts       trail      variables
c           level   conflicts       glue        remaining
c 
c *  2.79 275  0 0   0    0    0  0% 0 581382 4375 71%
c {  3.34 312  0 0   0    0    0  0% 0 581382 4375 71%
c -  5.23 347 44 1  22  300  117 14% 15 581382 4375 71%
c } 13.07 402 54 1 147 1000  608 17% 24 581382 4375 71%
c [ 13.07 402  0 1 147 1000  608  0% 0 581382 4375 71%
c O 13.18 403 139 1 147 1005  613 34% 40 581382 4375 71%
c - 13.91 648 31 2 147 1358  872 28% 25 581382 4375 71%
c - 15.24 649 23 3 148 2947 1539 28% 20 581382 4375 71%
c ] 15.30 649 23 3 148 3001 1572 28% 20 581382 4375 71%
c { 15.30 649 54 3 148 3001 1572 17% 24 581382 4375 71%
c F 15.74 649 55 3 150 3006 1575 24% 24 581382 4375 71%
c 3 28.85 649 53 3 366 5000 4177 34% 27 581382 4375 71%
c 2 28.96 649 53 3 366 5000 4233 34% 27 581365 4375 71%
c p 31.95 649 53 3 366 5000 6861 34% 27 581365 4375 71%
c - 32.65 649 52 4 366 5064 2318 34% 27 581365 4375 71%
c # 40.61 649 55 4 493 6007 3137 34% 29 581365 4375 71%
c } 47.00 649 58 4 588 7001 3925 34% 30 581365 4375 71%
c [ 47.00 649 23 4 588 7001 3925 40% 20 581365 4375 71%
c - 47.82 650 25 5 589 7711 3253 40% 21 581365 4375 71%
c I 50.06 650 27 5 590 10011 4922 39% 23 581365 4375 71%
c 
c  seconds   reductions   redundant   irredundant
c          MB    restarts        trail       variables
c           level    conflicts       glue         remaining
c 
c - 53.49 576 28 6 591 10887 3955 39% 23 581365 4375 71%
c s 57.62 576 29 6 593 14109 6285 39% 24 578119 4375 71%
c v 68.36 576 29 6 593 14109 6285 39% 24 577761 4375 71%
c t 68.70 576 29 6 593 14109 6278 39% 24 577628 4375 71%
c e 70.31 577 29 6 593 14109 6105 39% 24 569021 1129 18%
c s 70.46 577 29 6 593 14109 6105 39% 24 568694 1129 18%
c - 74.10 576 29 7 593 14592 4663 68% 24 568694 1129 18%
c ] 74.68 576 29 7 593 15002 4973 69% 24 568694 1129 18%
c { 74.68 576 58 7 593 15002 4973 131% 30 568694 1129 18%
c p 78.62 576 58 7 593 15002 6479 131% 30 568694 1127 18%
c B 78.94 577 58 7 593 15014 6491 131% 30 568694 1127 18%
c - 86.91 575 46 8 705 18803 5058 99% 26 568688 1127 18%
c W 88.48 576 40 8 705 21019 6413 91% 24 568688 1127 18%
c - 101.32 576 42 9 965 23541 5862 85% 25 568688 1127 18%
c F 118.01 576 42 9 1317 28020 9324 79% 25 568688 1127 18%
c - 124.96 576 44 10 1461 28805 7019 78% 26 568688 1127 18%
c p 131.60 576 44 10 1509 30003 10256 77% 26 568688 1127 18%
c } 132.83 576 43 10 1511 31005 11056 77% 26 568688 1127 18%
c [ 132.83 576 29 10 1511 31005 11056 69% 24 568688 1127 18%
c - 135.16 577 29 11 1513 34598 8419 68% 24 568688 1127 18%
c 
c  seconds    reductions     redundant   irredundant
c           MB     restarts         trail       variables
c            level      conflicts       glue         remaining
c 
c B 136.44 577 29 11 1514 36023 9533 68% 24 568688 1127 18%
c - 138.94 577 31 12 1517 40918 8842 69% 26 568688 1127 18%
c W 142.23 577 32 12 1518 45025 11601 68% 28 568688 1127 18%
c ] 142.81 577 32 12 1519 46608 12641 69% 27 568688 1127 18%
c 1 142.81 577 32 12 1519 46608 12641 69% 27 568688 1127 18%
c 
c --- [ writing output ] -----------------------------------------------------
c 
c writing simplified CNF to DIMACS file 'simp/22-cubes/30.cubes4281.adj.simp2'
c * 142.81 577 32 12 1519 46608 12641 69% 27 568688 1127 18%
c opening file to write 'simp/22-cubes/30.cubes4281.adj.simp2'
c writing 'p cnf 6160 568688' header
c closing file 'simp/22-cubes/30.cubes4281.adj.simp2'
c after writing 280240648 bytes 267.3 MB
c wrote 568688 clauses in 1.63 seconds process time
c 
c --- [ writing extension ] --------------------------------------------------
c 
c writing extension stack to 'simp/22-cubes/30.cubes4281.adj.ext2'
c opening file to write 'simp/22-cubes/30.cubes4281.adj.ext2'
c closing file 'simp/22-cubes/30.cubes4281.adj.ext2'
c after writing 238631 bytes 0.2 MB
c wrote 9300 witnesses in 0.00 seconds process time
c 
c --- [ result ] -------------------------------------------------------------
c 
s SATISFIABLE
c 
c --- [ run-time profiling ] -------------------------------------------------
c 
c process time taken by individual solving procedures
c (percentage relative to process time for solving)
c 
c       116.00   82.84% search
c        89.53   63.95% unstable
c        24.02   17.16% simplify
c        23.93   17.09% stable
c        11.02    7.87% vivify
c         9.09    6.49% probe
c         3.09    2.21% elim
c         2.79    1.99% parse
c         1.98    1.42% walk
c         0.55    0.39% lucky
c         0.31    0.22% subsume
c         0.20    0.14% ternary
c   =================================
c       140.02   96.93% solve
c 
c last line shows process time for solving
c (percentage relative to total process time)
c 
c --- [ statistics ] ---------------------------------------------------------
c 
c chronological:              9004        19.32 %  of conflicts
c conflicts:                 46608       332.87    per second
c decisions:                173351      1238.07    per second
c eliminated:                 3246        52.69 %  of all variables
c fixed:                         2         0.03 %  of all variables
c learned:                   45662        97.97 %  per conflict
c learned_lits:            9541972       100.00 %  learned literals
c minimized:                     0         0.00 %  learned literals
c shrunken:                4866596        51.00 %  learned literals
c minishrunken:            1204403        12.62 %  learned literals
c propagations:            5822052         0.04 M  per second
c reduced:                   21831        46.84 %  per conflict
c rephased:                      9      5178.67    interval
c restarts:                   1519        30.68    interval
c stabilizing:                   3        54.94 %  of conflicts
c subsumed:                  15602         1.23 %  of all clauses
c strengthened:               9683         0.76 %  of all clauses
c ternary:                    2121         0.38 %  of resolved
c vivified:                    363         0.03 %  of all clauses
c walked:                        2     23304.00    interval
c weakened:                   9298         3.29    average size
c 
c seconds are measured in process time for solving
c 
c --- [ resources ] ----------------------------------------------------------
c 
c total process time since initialization:       144.44    seconds
c total real time since initialization:          145.16    seconds
c maximum resident set size of process:          969.00    MB
c 
c --- [ shutting down ] ------------------------------------------------------
c 
c exit 10
+ for i in '$(seq 1 100)'
++ sed 's/.$//'
++ rev
++ cut '-d ' -f1
++ rev
++ tail -n 1
++ grep 'c [*]' log/22-cubes/30.cubes4281.adj.simp2
+ vars_remaining=18
+ ((  vars_remaining < 100 - p  ))
+ break
++ cut '-d ' -f3
++ head -n 1 simp/22-cubes/30.cubes4281.adj.simp2
+ numvars=6160
++ cut '-d ' -f4
++ head -n 1 simp/22-cubes/30.cubes4281.adj.simp2
+ numlines=568688
+ extlines_total=0
++ seq 1 2
+ for j in '$(seq 1 "$i")'
++ cut '-d ' -f1
++ wc -l simp/22-cubes/30.cubes4281.adj.ext1
+ extlines_j=1788
+ extlines_total=1788
+ for j in '$(seq 1 "$i")'
++ cut '-d ' -f1
++ wc -l simp/22-cubes/30.cubes4281.adj.ext2
+ extlines_j=9300
+ extlines_total=11088
+ newlines=579776
+ echo 'p cnf 6160 579776'
+ tail simp/22-cubes/30.cubes4281.adj.simp2 -n +2
++ seq 1 2
+ for j in '$(seq 1 "$i")'
+ cat simp/22-cubes/30.cubes4281.adj.ext1
+ for j in '$(seq 1 "$i")'
+ cat simp/22-cubes/30.cubes4281.adj.ext2
+ sed -i 's/ 0.*/ 0/' 22-cubes/30.cubes4281.adj.simp
============================[ Problem Statistics ]=============================
|                                                                             |
|  Number of variables:          6160                                         |
|  Number of clauses:          578000                                         |
|  Parse time:                   3.74 s                                       |
|  Simplification time:          0.11 s                                       |
|                                                                             |
============================[ Search Statistics ]====================================================
| Conflicts |          ORIGINAL         |          LEARNT          | Num Sols |      SUBGRAPHS      |
|           |    Vars  Clauses Literals |    Limit  Clauses Lit/Cl |          | Canonical Noncanon. |
=====================================================================================================
|       156 |    4384   578056 60900130 |     2000      156     76 |        0 |        31        56 |
|       307 |    4384   578057 60900154 |     2000      307     86 |        0 |        40        57 |
|       533 |    4384   578058 60900177 |     2000      533     89 |        0 |        52        58 |
|       871 |    4384   578059 60900193 |     2000      871     99 |        0 |        66        59 |
|      1387 |    4384   578069 60900413 |     2000     1387    108 |        0 |        69        69 |
|      2148 |    4384   578071 60900564 |     3605     1153     64 |        0 |        87        71 |
|      3314 |    4384   578098 60901187 |     3605     2319     69 |        0 |       124        98 |
|      5244 |    4384   578320 60905766 |     5006     2450     37 |        0 |       199       320 |
|      8198 |    4384   578712 60914183 |     6316     2914     37 |        0 |       316       712 |
|     12083 |    4384   578753 60915480 |     7560     3643     32 |        0 |       445       753 |
|     17950 |    4384   578854 60918418 |     8781     5731     47 |        0 |       505       854 |
|     26766 |    4384   579021 60923446 |    11205     5171     22 |        0 |       650      1021 |
|     40130 |    4384   579411 60933649 |    13607     6737     31 |        0 |       851      1411 |
|     60079 |    4384   579899 60945081 |    16007    12486     69 |        0 |      1023      1899 |
|     89684 |    4384   580312 60954543 |    19613    16297     68 |        0 |      1242      2312 |
|    133994 |    4384   580833 60967994 |    24410    17804     63 |        0 |      1495      2833 |
|    199890 |    4384   581045 60972940 |    30410    16700     46 |        0 |      1664      3045 |
|    299914 |    4384   582543 61007053 |    36412    34726     80 |        0 |      1995      4543 |
|    448803 |    4384   583643 61032125 |    44819    43622     83 |        0 |      2421      5643 |
|    671915 |    4384   585072 61066637 |    55613    43528     71 |        0 |      2717      7072 |
|   1007325 |    4384   587957 61154029 |    68822    40147     53 |        0 |      3481      9957 |
|   1509473 |    4384   591317 61238693 |    84416    48289     53 |        0 |      4303     13317 |
|   2260149 |    4384   593811 61312129 |   103617    51766     45 |        0 |      5000     15811 |
|   3396197 |    4384   607585 61650804 |   126411   101008     74 |        0 |      8776     29585 |
|   5086891 |    4384   614868 61832697 |   155214   109305     58 |        7 |     11809     36861 |
|   7627198 |    4384   630059 62215089 |   190017   155615     73 |        8 |     17030     52051 |
|  11431014 |    4384   646200 62688199 |   233219   161433     61 |        8 |     21287     68192 |
|  17150696 |    4384   684370 63745039 |   286024   183120     54 |        8 |     38624    106362 |
|  25751951 |    4384   763356 65836200 |   350825   203776     41 |       13 |     69504    185343 |
|  38609787 |    4384   837789 67856347 |   428823   412610     80 |       29 |    102252    259760 |
|  57863962 |    4384   916859 69950005 |   526033   356395     52 |       74 |    139215    338785 |
|  86664352 |    4384   954591 71172812 |   643633   530985     64 |       77 |    164865    376514 |
| 130060498 |    4384  1206749 76767176 |   788847   633345     61 |      103 |    223201    628646 |
| 195260782 |    4340  1686655 87993341 |   966437   935619     66 |      122 |    322366   1112929 |
slurmstepd: error: *** JOB 57918080 ON gra1283 CANCELLED AT 2022-02-19T20:20:33 DUE TO TIME LIMIT ***
