+ '[' -z 506 ']'
+ f=constraints_22_11.simp-noncanon.simp
+ c=22-cubes/30.cubes
+ i=506
+ s=70
+ adj=22-cubes/30.cubes506.adj
+ cnf=22-cubes/30.cubes506.cnf
+ ext=22-cubes/30.cubes506.ext
+ cnfext=22-cubes/30.cubes506.cnfext
+ unitlines=0
++ sed '507q;d' 22-cubes/30.cubes
+ for b in '$(sed "$((i+1))q;d" "$c")'
+ [[ a != \a ]]
+ for b in '$(sed "$((i+1))q;d" "$c")'
+ [[ -92 != \a ]]
+ [[ -92 != \0 ]]
+ unitlines=1
+ for b in '$(sed "$((i+1))q;d" "$c")'
+ [[ 137 != \a ]]
+ [[ 137 != \0 ]]
+ unitlines=2
+ for b in '$(sed "$((i+1))q;d" "$c")'
+ [[ 121 != \a ]]
+ [[ 121 != \0 ]]
+ unitlines=3
+ for b in '$(sed "$((i+1))q;d" "$c")'
+ [[ -158 != \a ]]
+ [[ -158 != \0 ]]
+ unitlines=4
+ for b in '$(sed "$((i+1))q;d" "$c")'
+ [[ -106 != \a ]]
+ [[ -106 != \0 ]]
+ unitlines=5
+ for b in '$(sed "$((i+1))q;d" "$c")'
+ [[ 80 != \a ]]
+ [[ 80 != \0 ]]
+ unitlines=6
+ for b in '$(sed "$((i+1))q;d" "$c")'
+ [[ -143 != \a ]]
+ [[ -143 != \0 ]]
+ unitlines=7
+ for b in '$(sed "$((i+1))q;d" "$c")'
+ [[ -169 != \a ]]
+ [[ -169 != \0 ]]
+ unitlines=8
+ for b in '$(sed "$((i+1))q;d" "$c")'
+ [[ -205 != \a ]]
+ [[ -205 != \0 ]]
+ unitlines=9
+ for b in '$(sed "$((i+1))q;d" "$c")'
+ [[ -38 != \a ]]
+ [[ -38 != \0 ]]
+ unitlines=10
+ for b in '$(sed "$((i+1))q;d" "$c")'
+ [[ -129 != \a ]]
+ [[ -129 != \0 ]]
+ unitlines=11
+ for b in '$(sed "$((i+1))q;d" "$c")'
+ [[ -186 != \a ]]
+ [[ -186 != \0 ]]
+ unitlines=12
+ for b in '$(sed "$((i+1))q;d" "$c")'
+ [[ -153 != \a ]]
+ [[ -153 != \0 ]]
+ unitlines=13
+ for b in '$(sed "$((i+1))q;d" "$c")'
+ [[ 152 != \a ]]
+ [[ 152 != \0 ]]
+ unitlines=14
+ for b in '$(sed "$((i+1))q;d" "$c")'
+ [[ -149 != \a ]]
+ [[ -149 != \0 ]]
+ unitlines=15
+ for b in '$(sed "$((i+1))q;d" "$c")'
+ [[ -210 != \a ]]
+ [[ -210 != \0 ]]
+ unitlines=16
+ for b in '$(sed "$((i+1))q;d" "$c")'
+ [[ 167 != \a ]]
+ [[ 167 != \0 ]]
+ unitlines=17
+ for b in '$(sed "$((i+1))q;d" "$c")'
+ [[ 68 != \a ]]
+ [[ 68 != \0 ]]
+ unitlines=18
+ for b in '$(sed "$((i+1))q;d" "$c")'
+ [[ 0 != \a ]]
+ [[ 0 != \0 ]]
++ cut '-d ' -f3
++ head -n 1 constraints_22_11.simp-noncanon.simp
+ numvars=6160
++ cut '-d ' -f4
++ head -n 1 constraints_22_11.simp-noncanon.simp
+ numlines=1786659
+ newlines=1786677
+ echo 'p cnf 6160 1786677'
+ tail constraints_22_11.simp-noncanon.simp -n +2
++ sed '507q;d' 22-cubes/30.cubes
+ for b in '$(sed "$((i+1))q;d" "$c")'
+ [[ a != \a ]]
+ for b in '$(sed "$((i+1))q;d" "$c")'
+ [[ -92 != \a ]]
+ [[ -92 != \0 ]]
+ echo '-92 0'
+ for b in '$(sed "$((i+1))q;d" "$c")'
+ [[ 137 != \a ]]
+ [[ 137 != \0 ]]
+ echo '137 0'
+ for b in '$(sed "$((i+1))q;d" "$c")'
+ [[ 121 != \a ]]
+ [[ 121 != \0 ]]
+ echo '121 0'
+ for b in '$(sed "$((i+1))q;d" "$c")'
+ [[ -158 != \a ]]
+ [[ -158 != \0 ]]
+ echo '-158 0'
+ for b in '$(sed "$((i+1))q;d" "$c")'
+ [[ -106 != \a ]]
+ [[ -106 != \0 ]]
+ echo '-106 0'
+ for b in '$(sed "$((i+1))q;d" "$c")'
+ [[ 80 != \a ]]
+ [[ 80 != \0 ]]
+ echo '80 0'
+ for b in '$(sed "$((i+1))q;d" "$c")'
+ [[ -143 != \a ]]
+ [[ -143 != \0 ]]
+ echo '-143 0'
+ for b in '$(sed "$((i+1))q;d" "$c")'
+ [[ -169 != \a ]]
+ [[ -169 != \0 ]]
+ echo '-169 0'
+ for b in '$(sed "$((i+1))q;d" "$c")'
+ [[ -205 != \a ]]
+ [[ -205 != \0 ]]
+ echo '-205 0'
+ for b in '$(sed "$((i+1))q;d" "$c")'
+ [[ -38 != \a ]]
+ [[ -38 != \0 ]]
+ echo '-38 0'
+ for b in '$(sed "$((i+1))q;d" "$c")'
+ [[ -129 != \a ]]
+ [[ -129 != \0 ]]
+ echo '-129 0'
+ for b in '$(sed "$((i+1))q;d" "$c")'
+ [[ -186 != \a ]]
+ [[ -186 != \0 ]]
+ echo '-186 0'
+ for b in '$(sed "$((i+1))q;d" "$c")'
+ [[ -153 != \a ]]
+ [[ -153 != \0 ]]
+ echo '-153 0'
+ for b in '$(sed "$((i+1))q;d" "$c")'
+ [[ 152 != \a ]]
+ [[ 152 != \0 ]]
+ echo '152 0'
+ for b in '$(sed "$((i+1))q;d" "$c")'
+ [[ -149 != \a ]]
+ [[ -149 != \0 ]]
+ echo '-149 0'
+ for b in '$(sed "$((i+1))q;d" "$c")'
+ [[ -210 != \a ]]
+ [[ -210 != \0 ]]
+ echo '-210 0'
+ for b in '$(sed "$((i+1))q;d" "$c")'
+ [[ 167 != \a ]]
+ [[ 167 != \0 ]]
+ echo '167 0'
+ for b in '$(sed "$((i+1))q;d" "$c")'
+ [[ 68 != \a ]]
+ [[ 68 != \0 ]]
+ echo '68 0'
+ for b in '$(sed "$((i+1))q;d" "$c")'
+ [[ 0 != \a ]]
+ [[ 0 != \0 ]]
+ ./simplify-by-var-removal.sh 22-cubes/30.cubes506.adj 70
+ '[' -z 70 ']'
+ f=22-cubes/30.cubes506.adj
+ p=70
++ echo 22-cubes
+ sub_dir=22-cubes
+ mkdir -p log/22-cubes
+ mkdir -p simp/22-cubes
+ tee log/22-cubes/30.cubes506.adj.simp1
+ ./cadical/build/cadical 22-cubes/30.cubes506.adj -o simp/22-cubes/30.cubes506.adj.simp1 -e simp/22-cubes/30.cubes506.adj.ext1 -n -c 200000
c --- [ banner ] -------------------------------------------------------------
c 
c CaDiCaL Radically Simplified CDCL SAT Solver
c Copyright (c) 2016-2021 A. Biere, M. Fleury, N. Froleyks
c 
c Version 1.5.2
c g++ (GCC) 9.3.0 -Wall -Wextra -O3 -DNDEBUG
c Tue Feb 8 21:15:15 EST 2022 Linux gra-login1 3.10.0-1160.36.2.el7.x86_64 x86_64
c 
c --- [ limit ] --------------------------------------------------------------
c 
c setting conflict limit to 200000 conflicts (due to '200000')
c 
c --- [ parsing input ] ------------------------------------------------------
c 
c reading DIMACS file from '22-cubes/30.cubes506.adj'
c opening file to read '22-cubes/30.cubes506.adj'
c found 'p cnf 6160 1786677' header
c parsed 1786677 clauses in 16.94 seconds process time
c closing file '22-cubes/30.cubes506.adj'
c after reading 1542541732 bytes 1471.1 MB
c 
c --- [ options ] ------------------------------------------------------------
c 
c all options are set to their default value
c 
c --- [ solving ] ------------------------------------------------------------
c 
c time measured in process time since initialization
c 
c  seconds    reductions  redundant   irredundant
c          MB     restarts       trail       variables
c            level   conflicts       glue         remaining
c 
c * 16.94 1465  0 0   0    0    0  0% 0 1785954 4696 76%
c { 18.33 1542  0 0   0    0    0  0% 0 1785954 4696 76%
c i 20.92 1576 105 0   4   85   72 41% 10 1785954 4685 76%
c i 20.97 1576 77 0   5  119   80 39% 9 1785954 4669 76%
c i 21.11 1577 77 0   5  123   83 39% 9 1785954 4651 76%
c i 21.79 1586 68 0   9  151  101 40% 11 1785954 4641 75%
c i 21.80 1586 67 0   9  152  101 40% 11 1785954 4640 75%
c i 21.80 1586 67 0  10  153  101 40% 10 1785954 4639 75%
c i 21.81 1586 67 0  10  154  101 40% 10 1785954 4625 75%
c i 22.27 1589 67 0  13  170  115 41% 12 1785954 4613 75%
c - 27.75 1563 45 1  28  300  158 39% 11 706339 4613 75%
c i 28.10 1565 22 1  42  893  291 37% 10 706339 4612 75%
c } 28.14 1565 21 1  42 1000  306 37% 10 706339 4612 75%
c [ 28.14 1565  0 1  42 1000  306  0% 0 706339 4612 75%
c O 28.14 1565  8 1  42 1002  308 33% 6 706339 4612 75%
c i 28.54 1565  7 1  42 1085  329 40% 6 706339 4611 75%
c i 28.56 1565  7 1  42 1091  333 41% 7 706339 4610 75%
c i 28.56 1565  7 1  42 1092  333 41% 7 706339 4609 75%
c i 28.57 1565  7 1  42 1093  333 41% 6 706339 4608 75%
c i 28.62 1565  8 1  42 1099  334 42% 7 706339 4607 75%
c 
c  seconds    reductions  redundant  irredundant
c          MB     restarts       trail      variables
c            level   conflicts       glue        remaining
c 
c i 28.62 1565  8 1  42 1100  334 42% 7 706339 4606 75%
c i 28.62 1565  7 1  42 1101  334 42% 7 706339 4605 75%
c i 28.63 1565  7 1  42 1102  334 43% 7 706339 4604 75%
c i 28.63 1565  7 1  42 1103  334 43% 6 706339 4603 75%
c i 28.63 1565  7 1  42 1104  334 43% 6 706339 4602 75%
c i 28.63 1565  7 1  42 1105  334 43% 6 706339 4601 75%
c i 28.65 1565  7 1  42 1117  344 44% 6 706339 4600 75%
c i 28.65 1565  7 1  42 1118  344 44% 6 706339 4599 75%
c i 28.65 1565  7 1  42 1119  344 44% 6 706339 4598 75%
c i 28.69 1565  7 1  42 1122  345 44% 6 706339 4597 75%
c i 28.69 1565  7 1  42 1123  345 44% 6 706339 4596 75%
c i 28.69 1565  7 1  42 1124  345 44% 6 706339 4595 75%
c i 28.69 1565  7 1  42 1125  345 44% 6 706339 4594 75%
c i 28.69 1565  7 1  42 1126  345 44% 6 706339 4593 75%
c i 28.84 1566  8 1  42 1199  353 44% 7 706339 4592 75%
c i 28.84 1566  8 1  42 1200  353 44% 7 706339 4591 75%
c i 28.84 1566  8 1  42 1201  353 44% 7 706339 4590 75%
c i 28.90 1566  8 1  42 1207  355 44% 7 706339 4589 74%
c i 28.91 1566  8 1  42 1208  355 44% 7 706339 4588 74%
c i 28.91 1566  8 1  42 1209  355 44% 7 706339 4587 74%
c 
c  seconds    reductions  redundant  irredundant
c          MB     restarts       trail      variables
c            level   conflicts       glue        remaining
c 
c i 29.09 1566  8 1  42 1272  368 44% 7 706339 4586 74%
c i 29.17 1566  9 1  42 1304  383 44% 8 706339 4585 74%
c i 29.17 1566  9 1  42 1305  383 44% 8 706339 4584 74%
c i 29.17 1566  9 1  42 1306  383 45% 8 706339 4583 74%
c i 29.17 1566  9 1  42 1307  383 45% 8 706339 4582 74%
c i 29.24 1566  9 1  42 1312  387 45% 8 706339 4581 74%
c i 29.25 1566  9 1  42 1318  392 45% 8 706339 4580 74%
c i 29.25 1566  9 1  42 1319  392 45% 8 706339 4579 74%
c i 29.25 1566  9 1  42 1320  392 45% 8 706339 4578 74%
c i 29.25 1566  9 1  42 1321  392 45% 8 706339 4577 74%
c i 29.26 1566  9 1  42 1322  392 45% 8 706339 4576 74%
c i 29.26 1566  9 1  42 1323  392 45% 8 706339 4575 74%
c i 29.26 1566  9 1  42 1324  392 45% 8 706339 4574 74%
c i 29.27 1566  9 1  42 1328  394 45% 8 706339 4573 74%
c i 29.27 1566  9 1  42 1329  394 45% 8 706339 4572 74%
c i 29.27 1566  9 1  42 1330  394 45% 8 706339 4571 74%
c - 30.59 1846 10 2  42 1411  401 46% 8 706209 4571 74%
c i 30.85 1846 11 2  42 1476  451 47% 9 706209 4570 74%
c i 30.85 1846 11 2  42 1478  452 47% 9 706209 4569 74%
c i 30.85 1846 11 2  42 1483  456 47% 9 706209 4568 74%
c 
c  seconds    reductions  redundant  irredundant
c          MB     restarts       trail      variables
c            level   conflicts       glue        remaining
c 
c i 30.85 1846 11 2  42 1484  456 47% 9 706209 4567 74%
c i 30.86 1846 11 2  42 1502  467 47% 9 706209 4566 74%
c i 30.87 1846 11 2  42 1507  469 47% 9 706209 4565 74%
c i 30.87 1846 11 2  42 1508  469 47% 9 706209 4564 74%
c i 31.23 1846 11 2  42 1775  587 47% 9 706209 4563 74%
c i 31.31 1846 12 2  42 1842  631 47% 9 706209 4562 74%
c i 31.37 1846 12 2  42 1851  639 47% 9 706209 4561 74%
c i 31.37 1846 12 2  42 1853  640 47% 9 706209 4560 74%
c i 31.37 1846 12 2  42 1854  640 47% 9 706209 4559 74%
c i 31.37 1846 12 2  42 1855  640 47% 9 706209 4558 74%
c i 31.37 1846 12 2  42 1856  640 47% 9 706209 4557 74%
c i 31.39 1846 12 2  42 1864  644 47% 9 706209 4556 74%
c i 31.39 1846 12 2  42 1865  644 47% 9 706209 4555 74%
c i 32.26 1846 13 2  43 2156  811 48% 10 706209 4554 74%
c i 32.41 1846 14 2  43 2198  840 49% 11 706209 4553 74%
c i 32.42 1846 14 2  43 2200  840 49% 11 706209 4552 74%
c i 32.43 1846 14 2  43 2201  840 49% 11 706209 4551 74%
c i 32.83 1846 16 2  43 2382  971 50% 12 706209 4550 74%
c i 33.40 1845 18 2  43 2627 1163 51% 14 706209 4549 74%
c i 33.49 1846 18 2  43 2674 1192 51% 15 706209 4548 74%
c 
c  seconds    reductions  redundant   irredundant
c          MB     restarts       trail       variables
c            level   conflicts       glue         remaining
c 
c i 33.54 1846 18 2  43 2691 1195 51% 15 706209 4547 74%
c i 33.82 1846 18 2  43 2804 1264 52% 15 706209 4546 74%
c i 34.00 1846 18 2  43 2951 1353 52% 15 706209 4545 74%
c ] 34.10 1846 18 2  43 3000 1381 52% 15 706209 4545 74%
c { 34.10 1846 21 2  43 3000 1381 37% 10 706209 4545 74%
c F 34.98 1834 21 2  43 3006 1386  8% 10 706131 4545 74%
c i 35.00 1834 21 2  43 3008 1387 12% 10 706131 4544 74%
c i 35.01 1834 21 2  43 3011 1389 15% 10 706131 4532 74%
c - 35.79 1829 20 3  52 3075 1280 21% 10 705799 4526 73%
c i 36.05 1829 19 3 416 4435 1348 20% 14 705799 4525 73%
c i 36.05 1829 19 3 416 4436 1348 20% 14 705799 4524 73%
c i 36.05 1829 19 3 416 4437 1348 20% 14 705799 4523 73%
c i 36.26 1830 19 3 431 4496 1363 20% 14 705799 4522 73%
c i 36.63 1830 20 3 458 4598 1412 20% 15 705799 4521 73%
c i 36.76 1830 21 3 468 4636 1431 20% 15 705799 4520 73%
c i 36.76 1830 21 3 468 4638 1432 20% 15 705799 4519 73%
c i 37.11 1830 22 3 477 4685 1465 20% 15 705799 4515 73%
c 3 39.14 1830 22 3 512 5001 3380 21% 15 705728 4496 73%
c 2 39.29 1830 22 3 512 5001 3634 21% 15 705683 4496 73%
c p 52.74 1830 22 3 512 5001 9814 21% 15 705683 4421 72%
c 
c  seconds    reductions  redundant   irredundant
c          MB     restarts       trail       variables
c            level   conflicts       glue         remaining
c 
c d 53.71 1830 22 3 512 5001 9150 21% 15 705369 4417 72%
c - 54.77 1683 21 4 512 5293  909 20% 15 705369 4417 72%
c # 54.92 1683 19 4 512 6009  953 20% 14 705369 4417 72%
c } 59.11 1683 21 4 605 7001 1505 22% 15 705369 4417 72%
c [ 59.11 1683 18 4 605 7001 1505 71% 15 705369 4417 72%
c - 59.46 1447 18 5 606 8066 1143 53% 16 705369 4417 72%
c I 62.67 1447 21 5 607 10013 2420 47% 18 705369 4417 72%
c - 65.06 1686 21 6 609 11395 2571 44% 18 705369 4417 72%
c ] 67.20 1686 20 6 610 15002 3361 36% 18 705369 4417 72%
c { 67.20 1686 21 6 610 15002 3361 22% 15 705369 4417 72%
c 3 67.27 1686 21 6 610 15002 4690 22% 15 705369 4417 72%
c 2 67.40 1686 21 6 610 15002 4942 22% 15 705367 4417 72%
c p 70.75 1686 21 6 610 15002 10599 22% 15 705367 4417 72%
c B 71.18 1686 21 6 613 15016 10613 22% 15 705367 4417 72%
c - 72.21 1447 21 7 635 15276 2237 22% 15 705367 4417 72%
c s 76.89 1447 22 7 832 17143 2407 23% 15 700980 4417 72%
c v 87.23 1447 22 7 832 17143 2407 23% 15 700776 4417 72%
c t 87.43 1447 22 7 832 17143 2401 23% 15 700461 4417 72%
c e 89.26 1448 22 7 832 17143 2130 23% 15 692228 1060 17%
c s 89.45 1448 22 7 832 17143 2121 23% 15 691911 1060 17%
c 
c  seconds    reductions    redundant   irredundant
c          MB     restarts         trail       variables
c            level     conflicts       glue         remaining
c 
c - 93.32 1448 21 8 1013 19713 1661 47% 15 691911 1060 17%
c W 94.25 1448 20 8 1013 21017 1729 47% 15 691911 1060 17%
c - 94.97 1686 18 9 1025 24681 1207 48% 14 691911 1060 17%
c F 103.17 1686 19 9 1243 28019 2793 49% 14 691911 1060 17%
c 2 103.55 1686 18 9 1260 30002 3573 48% 14 691904 1060 17%
c p 107.28 1686 18 9 1260 30002 5423 48% 14 691904 1057 17%
c d 107.95 1686 18 9 1260 30002 5330 48% 14 676794 1056 17%
c - 108.66 1448 18 10 1260 30204 2626 48% 14 676794 1056 17%
c } 108.82 1448 17 10 1260 31002 2686 48% 14 676794 1056 17%
c [ 108.82 1448 20 10 1260 31002 2686 156% 18 676794 1056 17%
c B 114.54 1448 20 10 1263 36020 5291 123% 18 676794 1056 17%
c - 115.43 1681 20 11 1263 36244 4394 122% 18 676794 1056 17%
c ] 119.12 1681 21 11 1264 38054 5944 116% 18 676794 1056 17%
c 1 119.12 1681 21 11 1264 38054 5944 116% 18 676794 1056 17%
c 
c --- [ writing output ] -----------------------------------------------------
c 
c writing simplified CNF to DIMACS file 'simp/22-cubes/30.cubes506.adj.simp1'
c * 119.12 1681 21 11 1264 38054 5944 116% 18 676794 1056 17%
c opening file to write 'simp/22-cubes/30.cubes506.adj.simp1'
c writing 'p cnf 6160 676794' header
c closing file 'simp/22-cubes/30.cubes506.adj.simp1'
c after writing 249475896 bytes 237.9 MB
c wrote 676794 clauses in 1.65 seconds process time
c 
c --- [ writing extension ] --------------------------------------------------
c 
c writing extension stack to 'simp/22-cubes/30.cubes506.adj.ext1'
c opening file to write 'simp/22-cubes/30.cubes506.adj.ext1'
c closing file 'simp/22-cubes/30.cubes506.adj.ext1'
c after writing 253786 bytes 0.2 MB
c wrote 10887 witnesses in 0.00 seconds process time
c 
c --- [ result ] -------------------------------------------------------------
c 
s SATISFIABLE
c 
c --- [ run-time profiling ] -------------------------------------------------
c 
c process time taken by individual solving procedures
c (percentage relative to process time for solving)
c 
c        64.77   63.39% search
c        38.25   37.43% unstable
c        37.41   36.61% simplify
c        24.36   23.84% stable
c        20.54   20.10% probe
c        16.94   16.58% parse
c        10.45   10.23% vivify
c         2.72    2.66% elim
c         1.39    1.36% lucky
c         0.78    0.76% walk
c         0.39    0.38% subsume
c         0.28    0.27% ternary
c   =================================
c       102.18   84.60% solve
c 
c last line shows process time for solving
c (percentage relative to total process time)
c 
c --- [ statistics ] ---------------------------------------------------------
c 
c chronological:              3512         9.23 %  of conflicts
c conflicts:                 38054       372.42    per second
c decisions:                 64038       626.72    per second
c eliminated:                 3357        54.50 %  of all variables
c fixed:                      1723        27.97 %  of all variables
c learned:                   37746        99.19 %  per conflict
c learned_lits:            3432837       100.00 %  learned literals
c minimized:                     0         0.00 %  learned literals
c shrunken:                1870878        54.50 %  learned literals
c minishrunken:             327041         9.53 %  learned literals
c propagations:            3995686         0.04 M  per second
c reduced:                    5934        15.59 %  per conflict
c rephased:                      8      4756.75    interval
c restarts:                   1264        30.11    interval
c stabilizing:                   3        44.81 %  of conflicts
c substituted:                  24         0.39 %  of all variables
c subsumed:                  31227         0.72 %  of all clauses
c strengthened:              27583         0.63 %  of all clauses
c ternary:                    4285         0.40 %  of resolved
c vivified:                    206         0.00 %  of all clauses
c walked:                        1     38054.00    interval
c weakened:                   9164         3.13    average size
c 
c seconds are measured in process time for solving
c 
c --- [ resources ] ----------------------------------------------------------
c 
c total process time since initialization:       120.78    seconds
c total real time since initialization:          122.59    seconds
c maximum resident set size of process:         2113.09    MB
c 
c --- [ shutting down ] ------------------------------------------------------
c 
c exit 10
++ seq 1 100
+ for i in '$(seq 1 100)'
++ sed 's/.$//'
++ rev
++ cut '-d ' -f1
++ rev
++ tail -n 1
++ grep 'c [*]' log/22-cubes/30.cubes506.adj.simp1
+ vars_remaining=17
+ ((  vars_remaining < 100 - p  ))
+ break
++ cut '-d ' -f3
++ head -n 1 simp/22-cubes/30.cubes506.adj.simp1
+ numvars=6160
++ cut '-d ' -f4
++ head -n 1 simp/22-cubes/30.cubes506.adj.simp1
+ numlines=676794
+ extlines_total=0
++ seq 1 1
+ for j in '$(seq 1 "$i")'
++ wc -l simp/22-cubes/30.cubes506.adj.ext1
++ cut '-d ' -f1
+ extlines_j=10887
+ extlines_total=10887
+ newlines=687681
+ echo 'p cnf 6160 687681'
+ tail simp/22-cubes/30.cubes506.adj.simp1 -n +2
++ seq 1 1
+ for j in '$(seq 1 "$i")'
+ cat simp/22-cubes/30.cubes506.adj.ext1
+ sed -i 's/ 0.*/ 0/' 22-cubes/30.cubes506.adj.simp
============================[ Problem Statistics ]=============================
|                                                                             |
|  Number of variables:          6160                                         |
|  Number of clauses:          685958                                         |
|  Parse time:                   3.71 s                                       |
|  Simplification time:          0.16 s                                       |
|                                                                             |
============================[ Search Statistics ]====================================================
| Conflicts |          ORIGINAL         |          LEARNT          | Num Sols |      SUBGRAPHS      |
|           |    Vars  Clauses Literals |    Limit  Clauses Lit/Cl |          | Canonical Noncanon. |
=====================================================================================================
|       103 |    4437   685961 57798790 |     2000      103     57 |        0 |        17         3 |
|       253 |    4437   685961 57798790 |     2000      253     42 |        0 |        41         3 |
|       478 |    4437   685961 57798790 |     2000      478     29 |        0 |        82         3 |
|       817 |    4437   685963 57798821 |     2000      817     23 |        0 |       138         5 |
|      1348 |    4437   685988 57799342 |     2000     1348     34 |        0 |       194        30 |
|      2247 |    4437   686128 57802203 |     3603     1250     20 |        0 |       249       170 |
|      3471 |    4437   686213 57804006 |     3603     2474     49 |        0 |       304       255 |
|      5339 |    4437   686373 57807416 |     5004     2543     18 |        0 |       510       415 |
|      7920 |    4437   686392 57807832 |     6304     2624     14 |        0 |       803       434 |
|     11891 |    4437   686519 57810850 |     7562     3453     19 |        0 |      1138       561 |
|     17688 |    4437   686550 57811285 |     8781     5469     12 |        0 |      1605       592 |
|     26884 |    4437   687097 57822594 |    11205     5289     13 |        0 |      2252      1139 |
|     40946 |    4437   688185 57843114 |    13613     7559     22 |        0 |      3040      2227 |
|     62844 |    4437   690622 57888116 |    16018    15262     27 |        0 |      4184      4664 |
|     95213 |    4437   693799 57933335 |    20822    12035     21 |        0 |      6069      7841 |
=====================================================================================================
Number of solutions   : 0           
Canonical subgraphs   : 8018           (163 /sec)
          order  3    : 1              (250000 /sec)
          order  4    : 1              (500000 /sec)
          order  5    : 1              (250000 /sec)
          order  6    : 2              (51282 /sec)
          order  7    : 4              (13699 /sec)
          order  8    : 12             (3839 /sec)
          order  9    : 50             (1178 /sec)
          order 10    : 194            (389 /sec)
          order 11    : 887            (255 /sec)
          order 12    : 3079           (177 /sec)
          order 13    : 2159           (155 /sec)
          order 14    : 1209           (135 /sec)
          order 15    : 322            (99 /sec)
          order 16    : 77             (65 /sec)
          order 17    : 10             (62 /sec)
          order 18    : 10             (59 /sec)
          order 19    : 0              (-nan /sec)
          order 20    : 0              (-nan /sec)
          order 21    : 0              (-nan /sec)
          order 22    : 0              (-nan /sec)
Noncanonical subgraphs: 11118          (1218 /sec)
          order  3    : 0              (-nan /sec)
          order  4    : 0              (-nan /sec)
          order  5    : 0              (-nan /sec)
          order  6    : 0              (-nan /sec)
          order  7    : 0              (-nan /sec)
          order  8    : 0              (-nan /sec)
          order  9    : 0              (-nan /sec)
          order 10    : 0              (-nan /sec)
          order 11    : 0              (-nan /sec)
          order 12    : 0              (-nan /sec)
          order 13    : 0              (-nan /sec)
          order 14    : 9472           (1293 /sec)
          order 15    : 1415           (1192 /sec)
          order 16    : 231            (374 /sec)
          order 17    : 0              (-nan /sec)
          order 18    : 0              (-nan /sec)
          order 19    : 0              (-nan /sec)
          order 20    : 0              (-nan /sec)
          order 21    : 0              (-nan /sec)
Canonicity checking   : 58.1869 s
database reductions   : 18
restarts              : 380
conflicts             : 136923         (570 /sec)
decisions             : 195228         (0.00 % random) (812 /sec)
propagations          : 21498234       (89462 /sec)
conflict literals     : 6340985        (54.70 % deleted)
actual reward         : 0.052589
Memory used           : 408.00 MB
CPU time              : 240.305 s

UNSATISFIABLE
