+ '[' -z 239 ']'
+ f=constraints_22_11.simp-noncanon.simp
+ c=22-cubes/30.cubes
+ i=239
+ s=70
+ adj=22-cubes/30.cubes239.adj
+ cnf=22-cubes/30.cubes239.cnf
+ ext=22-cubes/30.cubes239.ext
+ cnfext=22-cubes/30.cubes239.cnfext
+ unitlines=0
++ sed '240q;d' 22-cubes/30.cubes
+ for b in '$(sed "$((i+1))q;d" "$c")'
+ [[ a != \a ]]
+ for b in '$(sed "$((i+1))q;d" "$c")'
+ [[ -92 != \a ]]
+ [[ -92 != \0 ]]
+ unitlines=1
+ for b in '$(sed "$((i+1))q;d" "$c")'
+ [[ 137 != \a ]]
+ [[ 137 != \0 ]]
+ unitlines=2
+ for b in '$(sed "$((i+1))q;d" "$c")'
+ [[ 121 != \a ]]
+ [[ 121 != \0 ]]
+ unitlines=3
+ for b in '$(sed "$((i+1))q;d" "$c")'
+ [[ -158 != \a ]]
+ [[ -158 != \0 ]]
+ unitlines=4
+ for b in '$(sed "$((i+1))q;d" "$c")'
+ [[ 106 != \a ]]
+ [[ 106 != \0 ]]
+ unitlines=5
+ for b in '$(sed "$((i+1))q;d" "$c")'
+ [[ -128 != \a ]]
+ [[ -128 != \0 ]]
+ unitlines=6
+ for b in '$(sed "$((i+1))q;d" "$c")'
+ [[ -115 != \a ]]
+ [[ -115 != \0 ]]
+ unitlines=7
+ for b in '$(sed "$((i+1))q;d" "$c")'
+ [[ -210 != \a ]]
+ [[ -210 != \0 ]]
+ unitlines=8
+ for b in '$(sed "$((i+1))q;d" "$c")'
+ [[ -171 != \a ]]
+ [[ -171 != \0 ]]
+ unitlines=9
+ for b in '$(sed "$((i+1))q;d" "$c")'
+ [[ -136 != \a ]]
+ [[ -136 != \0 ]]
+ unitlines=10
+ for b in '$(sed "$((i+1))q;d" "$c")'
+ [[ 153 != \a ]]
+ [[ 153 != \0 ]]
+ unitlines=11
+ for b in '$(sed "$((i+1))q;d" "$c")'
+ [[ -205 != \a ]]
+ [[ -205 != \0 ]]
+ unitlines=12
+ for b in '$(sed "$((i+1))q;d" "$c")'
+ [[ 186 != \a ]]
+ [[ 186 != \0 ]]
+ unitlines=13
+ for b in '$(sed "$((i+1))q;d" "$c")'
+ [[ 68 != \a ]]
+ [[ 68 != \0 ]]
+ unitlines=14
+ for b in '$(sed "$((i+1))q;d" "$c")'
+ [[ 0 != \a ]]
+ [[ 0 != \0 ]]
++ cut '-d ' -f3
++ head -n 1 constraints_22_11.simp-noncanon.simp
+ numvars=6160
++ cut '-d ' -f4
++ head -n 1 constraints_22_11.simp-noncanon.simp
+ numlines=1786659
+ newlines=1786673
+ echo 'p cnf 6160 1786673'
+ tail constraints_22_11.simp-noncanon.simp -n +2
++ sed '240q;d' 22-cubes/30.cubes
+ for b in '$(sed "$((i+1))q;d" "$c")'
+ [[ a != \a ]]
+ for b in '$(sed "$((i+1))q;d" "$c")'
+ [[ -92 != \a ]]
+ [[ -92 != \0 ]]
+ echo '-92 0'
+ for b in '$(sed "$((i+1))q;d" "$c")'
+ [[ 137 != \a ]]
+ [[ 137 != \0 ]]
+ echo '137 0'
+ for b in '$(sed "$((i+1))q;d" "$c")'
+ [[ 121 != \a ]]
+ [[ 121 != \0 ]]
+ echo '121 0'
+ for b in '$(sed "$((i+1))q;d" "$c")'
+ [[ -158 != \a ]]
+ [[ -158 != \0 ]]
+ echo '-158 0'
+ for b in '$(sed "$((i+1))q;d" "$c")'
+ [[ 106 != \a ]]
+ [[ 106 != \0 ]]
+ echo '106 0'
+ for b in '$(sed "$((i+1))q;d" "$c")'
+ [[ -128 != \a ]]
+ [[ -128 != \0 ]]
+ echo '-128 0'
+ for b in '$(sed "$((i+1))q;d" "$c")'
+ [[ -115 != \a ]]
+ [[ -115 != \0 ]]
+ echo '-115 0'
+ for b in '$(sed "$((i+1))q;d" "$c")'
+ [[ -210 != \a ]]
+ [[ -210 != \0 ]]
+ echo '-210 0'
+ for b in '$(sed "$((i+1))q;d" "$c")'
+ [[ -171 != \a ]]
+ [[ -171 != \0 ]]
+ echo '-171 0'
+ for b in '$(sed "$((i+1))q;d" "$c")'
+ [[ -136 != \a ]]
+ [[ -136 != \0 ]]
+ echo '-136 0'
+ for b in '$(sed "$((i+1))q;d" "$c")'
+ [[ 153 != \a ]]
+ [[ 153 != \0 ]]
+ echo '153 0'
+ for b in '$(sed "$((i+1))q;d" "$c")'
+ [[ -205 != \a ]]
+ [[ -205 != \0 ]]
+ echo '-205 0'
+ for b in '$(sed "$((i+1))q;d" "$c")'
+ [[ 186 != \a ]]
+ [[ 186 != \0 ]]
+ echo '186 0'
+ for b in '$(sed "$((i+1))q;d" "$c")'
+ [[ 68 != \a ]]
+ [[ 68 != \0 ]]
+ echo '68 0'
+ for b in '$(sed "$((i+1))q;d" "$c")'
+ [[ 0 != \a ]]
+ [[ 0 != \0 ]]
+ ./simplify-by-var-removal.sh 22-cubes/30.cubes239.adj 70
+ '[' -z 70 ']'
+ f=22-cubes/30.cubes239.adj
+ p=70
++ echo 22-cubes
+ sub_dir=22-cubes
+ mkdir -p log/22-cubes
+ mkdir -p simp/22-cubes
+ tee log/22-cubes/30.cubes239.adj.simp1
+ ./cadical/build/cadical 22-cubes/30.cubes239.adj -o simp/22-cubes/30.cubes239.adj.simp1 -e simp/22-cubes/30.cubes239.adj.ext1 -n -c 200000
c --- [ banner ] -------------------------------------------------------------
c 
c CaDiCaL Radically Simplified CDCL SAT Solver
c Copyright (c) 2016-2021 A. Biere, M. Fleury, N. Froleyks
c 
c Version 1.5.2
c g++ (GCC) 9.3.0 -Wall -Wextra -O3 -DNDEBUG
c Tue Feb 8 21:15:15 EST 2022 Linux gra-login1 3.10.0-1160.36.2.el7.x86_64 x86_64
c 
c --- [ limit ] --------------------------------------------------------------
c 
c setting conflict limit to 200000 conflicts (due to '200000')
c 
c --- [ parsing input ] ------------------------------------------------------
c 
c reading DIMACS file from '22-cubes/30.cubes239.adj'
c opening file to read '22-cubes/30.cubes239.adj'
c found 'p cnf 6160 1786673' header
c parsed 1786673 clauses in 14.81 seconds process time
c closing file '22-cubes/30.cubes239.adj'
c after reading 1542541706 bytes 1471.1 MB
c 
c --- [ options ] ------------------------------------------------------------
c 
c all options are set to their default value
c 
c --- [ solving ] ------------------------------------------------------------
c 
c time measured in process time since initialization
c 
c  seconds    reductions  redundant   irredundant
c          MB     restarts       trail       variables
c            level   conflicts       glue         remaining
c 
c * 14.82 1470  0 0   0    0    0  0% 0 1785954 4660 76%
c { 16.39 1561  0 0   0    0    0  0% 0 1785954 4660 76%
c i 16.63 1562 99 0   0   11   10 39% 1 1785954 4641 75%
c i 17.53 1581 89 0   6   49   44 44% 11 1785954 4624 75%
c i 17.53 1581 87 0   6   50   44 44% 11 1785954 4623 75%
c i 17.53 1581 85 0   6   51   44 44% 11 1785954 4611 75%
c i 17.64 1581 70 0   6   73   58 41% 8 1785954 4598 75%
c i 17.76 1583 60 0   6   85   63 40% 8 1785954 4588 74%
c i 17.89 1583 59 0   6   95   72 41% 10 1785954 4587 74%
c i 18.28 1586 63 0  15  123   98 42% 13 1785954 4586 74%
c i 18.48 1586 43 0  22  207  138 40% 11 1785954 4585 74%
c - 22.82 1558 36 1  28  301  168 40% 13 540685 4585 74%
c i 24.29 1514 34 1  50  514  290 41% 14 540685 4584 74%
c i 24.33 1514 35 1  50  521  295 41% 14 540685 4583 74%
c i 24.34 1514 34 1  51  523  296 41% 14 540685 4582 74%
c i 24.34 1514 34 1  51  524  296 41% 14 540685 4581 74%
c i 24.58 1514 37 1  56  538  308 42% 15 540685 4580 74%
c i 24.91 1514 26 1  71  978  417 40% 13 540685 4579 74%
c i 24.95 1514 26 1  71  983  421 40% 13 540685 4578 74%
c i 24.98 1514 26 1  71  987  424 40% 13 540685 4577 74%
c 
c  seconds    reductions  redundant   irredundant
c          MB     restarts       trail       variables
c            level   conflicts       glue         remaining
c 
c i 24.98 1514 26 1  71  988  424 40% 13 540685 4576 74%
c i 25.00 1514 27 1  73  998  431 40% 13 540685 4575 74%
c i 25.00 1514 27 1  73  999  431 40% 13 540685 4574 74%
c } 25.05 1514 27 1  73 1003  435 40% 13 540685 4574 74%
c [ 25.05 1514  0 1  73 1003  435  0% 0 540685 4574 74%
c O 25.05 1514  4 1  73 1004  436 29% 4 540685 4574 74%
c i 25.36 1515  9 1  73 1238  478 39% 8 540685 4573 74%
c i 25.36 1515  9 1  73 1239  478 39% 8 540685 4572 74%
c i 25.46 1515 10 1  73 1253  488 40% 9 540685 4571 74%
c i 25.49 1515 11 1  73 1260  490 40% 10 540685 4570 74%
c i 25.50 1515 11 1  73 1261  490 40% 10 540685 4569 74%
c i 25.56 1515 12 1  73 1278  501 41% 11 540685 4568 74%
c i 25.56 1515 12 1  73 1279  501 41% 10 540685 4567 74%
c i 25.57 1515 12 1  73 1281  502 41% 10 540685 4566 74%
c i 25.59 1515 12 1  73 1287  502 41% 11 540685 4565 74%
c i 25.61 1515 12 1  73 1299  512 42% 11 540685 4564 74%
c i 25.61 1515 12 1  73 1303  512 42% 11 540685 4563 74%
c i 25.61 1515 12 1  73 1304  512 42% 11 540685 4562 74%
c i 25.64 1515 13 1  73 1323  520 42% 12 540685 4561 74%
c i 25.66 1515 14 1  73 1341  534 43% 12 540685 4560 74%
c 
c  seconds    reductions  redundant   irredundant
c          MB     restarts       trail       variables
c            level   conflicts       glue         remaining
c 
c - 26.28 1679 14 2  73 1341  471 43% 12 540613 4560 74%
c i 26.35 1679 14 2  73 1351  478 44% 12 540613 4559 74%
c i 26.39 1679 14 2  73 1366  492 44% 12 540613 4558 74%
c i 26.40 1679 14 2  73 1371  496 44% 12 540613 4557 74%
c i 26.41 1679 14 2  73 1372  496 44% 12 540613 4556 74%
c i 26.41 1679 14 2  73 1374  497 44% 12 540613 4555 74%
c i 26.55 1679 17 2  73 1496  580 47% 14 540613 4554 74%
c i 26.57 1679 17 2  73 1521  601 47% 14 540613 4553 74%
c i 26.57 1679 17 2  73 1522  601 47% 14 540613 4552 74%
c i 26.61 1679 17 2  73 1592  641 48% 14 540613 4551 74%
c i 26.64 1679 17 2  73 1674  693 48% 14 540613 4550 74%
c i 26.67 1679 17 2  73 1706  710 49% 14 540613 4549 74%
c i 26.67 1679 17 2  73 1709  712 49% 14 540613 4548 74%
c i 26.69 1679 17 2  73 1734  724 49% 14 540613 4547 74%
c i 26.77 1679 17 2  73 1884  801 49% 14 540613 4546 74%
c i 26.77 1679 17 2  73 1885  801 49% 14 540613 4545 74%
c i 26.77 1679 17 2  73 1888  803 49% 14 540613 4544 74%
c i 27.00 1679 17 2  74 2319 1046 50% 13 540613 4543 74%
c i 27.00 1679 17 2  74 2320 1046 50% 13 540613 4542 74%
c i 27.06 1679 16 2  74 2415 1063 49% 13 540613 4541 74%
c 
c  seconds    reductions  redundant   irredundant
c          MB     restarts       trail       variables
c            level   conflicts       glue         remaining
c 
c - 27.69 1674 16 3  74 2902 1044 49% 13 540557 4541 74%
c i 27.99 1674 16 3  74 2916 1047 14% 13 540557 4503 73%
c ] 28.15 1674 16 3  74 3003 1100 25% 13 540557 4503 73%
c { 28.15 1674 27 3  74 3003 1100 55% 13 540557 4503 73%
c F 28.17 1674 27 3  74 3006 1103 55% 13 540557 4503 73%
c i 28.21 1674 25 3  74 3096 1118 51% 13 540557 4502 73%
c i 28.48 1674 25 3  76 3273 1222 48% 12 540557 4501 73%
c i 28.48 1674 25 3  76 3274 1222 48% 12 540557 4500 73%
c i 28.55 1674 25 3  76 3334 1274 47% 12 540557 4499 73%
c i 28.60 1674 27 3  84 3359 1296 46% 13 540557 4498 73%
c i 28.60 1674 27 3  84 3360 1296 46% 13 540557 4497 73%
c i 28.61 1674 27 3  85 3363 1298 46% 13 540557 4496 73%
c i 28.77 1674 27 3 134 3551 1352 43% 13 540557 4495 73%
c i 28.99 1674 26 3 183 3856 1427 39% 14 540557 4494 73%
c i 29.01 1674 27 3 183 3865 1428 39% 14 540557 4486 73%
c i 29.90 1674 28 3 221 4309 1644 37% 14 540557 4485 73%
c i 29.95 1674 28 3 221 4346 1667 37% 14 540557 4484 73%
c i 30.03 1674 28 3 221 4386 1696 37% 14 540557 4483 73%
c i 30.19 1674 29 3 237 4471 1739 36% 14 540557 4482 73%
c - 30.76 1621 26 4 256 4981 1041 33% 15 538476 4482 73%
c 
c  seconds    reductions  redundant   irredundant
c          MB     restarts       trail       variables
c            level   conflicts       glue         remaining
c 
c 3 31.32 1621 26 4 261 5000 2627 33% 15 538450 4469 73%
c 2 31.41 1621 26 4 261 5000 2781 33% 15 538397 4469 73%
c p 38.20 1621 26 4 261 5000 10485 33% 15 538397 4434 72%
c d 38.63 1621 26 4 261 5000 9316 33% 15 538262 4433 72%
c # 38.84 1621 23 4 271 6008 9359 30% 14 538262 4433 72%
c } 41.06 1621 25 4 339 7003 9874 29% 14 538262 4433 72%
c [ 41.06 1621 16 4 339 7003 9874 25% 13 538262 4433 72%
c - 42.19 1618 18 5 340 7579 1753 36% 15 538262 4433 72%
c I 43.92 1618 22 5 341 10009 3598 39% 19 538262 4433 72%
c - 44.29 1618 21 6 342 10694 2893 36% 18 538262 4433 72%
c - 46.45 1618 20 7 344 14330 2029 30% 17 538262 4433 72%
c p 53.28 1618 20 7 344 15001 9776 30% 17 538262 4420 72%
c ] 53.37 1618 20 7 344 15004 9779 30% 17 538262 4420 72%
c { 53.37 1618 25 7 344 15004 9779 29% 14 538262 4420 72%
c B 53.38 1618 25 7 344 15012 9781 29% 14 538262 4420 72%
c s 55.54 1618 22 7 404 17165 9665 27% 14 534145 4420 72%
c v 62.15 1618 22 7 404 17165 9665 27% 14 533968 4420 72%
c t 62.30 1618 22 7 404 17165 9658 27% 14 533597 4420 72%
c e 63.27 1618 22 7 404 17165 3979 27% 14 525640 1085 18%
c s 63.40 1618 22 7 404 17165 3972 27% 14 525343 1085 18%
c 
c  seconds    reductions   redundant   irredundant
c          MB     restarts        trail       variables
c            level    conflicts       glue         remaining
c 
c - 66.48 1443 21 8 445 18484 1893 51% 14 525343 1085 18%
c W 70.09 1443 20 8 529 21013 2968 52% 13 525343 1085 18%
c - 71.63 1443 19 9 855 23130 2423 51% 13 525343 1085 18%
c F 80.71 1443 20 9 1404 28014 4465 51% 14 525343 1085 18%
c - 81.43 1618 20 10 1404 28291 3689 51% 14 525343 1085 18%
c 2 83.73 1618 21 10 1514 30002 5062 52% 14 525340 1085 18%
c p 85.11 1618 21 10 1514 30002 6690 52% 14 525340 1085 18%
c } 87.49 1618 21 10 1563 31004 6928 51% 14 525340 1085 18%
c [ 87.49 1618 20 10 1563 31004 6928 125% 17 525340 1085 18%
c - 90.01 1443 20 11 1564 33968 4859 107% 17 525340 1085 18%
c B 92.10 1443 20 11 1566 36016 6256 100% 17 525340 1085 18%
c - 96.36 1443 21 12 1569 40164 6894 91% 18 525340 1085 18%
c W 101.00 1443 22 12 1570 45019 10256 84% 18 525340 1085 18%
c - 102.77 1443 22 13 1571 46873 7895 82% 18 525340 1085 18%
c p 107.67 1443 22 13 1571 50003 13072 80% 19 525340 1083 18%
c s 110.46 1443 22 13 1571 52844 15026 78% 19 524957 1083 18%
c v 114.57 1443 22 13 1571 52844 15026 78% 19 524828 1083 18%
c e 115.74 1444 22 13 1571 52844 14902 78% 19 524821 1082 18%
c s 115.89 1444 22 13 1571 52844 14902 78% 19 524809 1082 18%
c - 118.50 1444 22 14 1571 54098 8835 78% 19 524809 1082 18%
c 
c  seconds     reductions     redundant   irredundant
c           MB      restarts         trail       variables
c             level      conflicts       glue         remaining
c 
c O 119.42 1444 22 14 1572 55021 9465 77% 19 524809 1082 18%
c i 120.70 1444 22 14 1574 56553 10354 76% 18 524809 1059 17%
c - 126.70 1446 21 15 1577 61839 8151 74% 18 523324 1059 17%
c ] 128.34 1446 21 15 1578 63004 8698 73% 18 523324 1059 17%
c { 128.34 1446 21 15 1578 63004 8698 51% 14 523324 1059 17%
c B 133.99 1446 21 15 1798 66022 10424 52% 14 523324 1059 17%
c - 142.60 1446 21 16 2175 70091 8703 53% 14 523324 1059 17%
c d 150.30 1446 21 16 2425 75004 11002 54% 14 523308 1058 17%
c 2 150.40 1446 21 16 2425 75004 12100 54% 14 523307 1058 17%
c p 154.05 1446 21 16 2425 75004 14795 54% 14 523307 1052 17%
c d 154.57 1446 21 16 2425 75004 14541 54% 14 509663 1050 17%
c W 158.46 1446 20 16 2494 78024 15882 54% 14 509663 1050 17%
c - 159.69 1446 20 17 2565 78856 8947 54% 14 509663 1050 17%
c - 170.75 1446 19 18 3126 88075 8433 55% 14 509663 1050 17%
c i 171.60 1446 19 18 3169 89054 8922 55% 14 509663 1043 17%
c # 173.50 1446 19 18 3199 91025 9660 55% 14 509663 1043 17%
c - 185.60 1446 19 19 3593 97806 8453 55% 14 502116 1043 17%
c d 193.86 1446 18 19 3959 105006 12014 56% 13 502103 1042 17%
c 2 193.95 1446 18 19 3959 105006 13004 56% 13 502103 1042 17%
c p 197.49 1446 18 19 3959 105006 15888 56% 13 502103 1031 17%
c 
c  seconds     reductions       redundant   irredundant
c           MB      restarts           trail       variables
c             level      conflicts         glue         remaining
c 
c B 197.80 1446 18 19 3959 105027 15897 56% 13 502103 1031 17%
c s 200.35 1446 18 19 4007 106376 16613 56% 13 500729 1031 17%
c v 207.79 1446 18 19 4007 106376 16613 56% 13 499997 1031 17%
c w 208.34 1446 18 19 4007 106376 16591 56% 13 499997 1031 17%
c t 208.35 1446 18 19 4007 106376 16585 56% 13 499997 1031 17%
c e 209.23 1447 18 19 4007 106376 15678 56% 13 498876 836 14%
c s 209.40 1447 18 19 4007 106376 15678 56% 13 498326 836 14%
c - 213.80 1447 18 20 4067 108011 10413 63% 13 498326 836 14%
c - 226.86 1447 18 21 4914 118707 11117 61% 13 498326 836 14%
c W 232.66 1447 18 21 5056 120029 11631 61% 13 498326 836 14%
c i 233.77 1447 18 21 5056 121697 12281 60% 13 498326 835 14%
c } 240.64 1447 17 21 5151 127007 14679 60% 13 498326 835 14%
c [ 240.64 1447 21 21 5151 127007 14679 95% 18 498326 835 14%
c - 243.37 1447 21 22 5151 129911 10921 93% 18 498323 835 14%
c B 249.06 1447 20 22 5156 136030 14154 89% 17 498323 835 14%
c 2 253.82 1447 21 22 5158 140009 17709 87% 18 498323 835 14%
c p 255.06 1447 21 22 5158 140009 20144 87% 18 498323 835 14%
c - 256.78 1447 21 23 5158 141623 13908 86% 18 498323 835 14%
c W 265.32 1447 21 23 5160 153031 20327 81% 18 498323 835 14%
c - 266.05 1447 21 24 5160 153846 14143 81% 17 498323 835 14%
c 
c  seconds     reductions       redundant   irredundant
c           MB      restarts           trail       variables
c             level      conflicts         glue        remaining
c 
c - 274.54 1447 21 25 5160 166581 13947 77% 18 498323 835 14%
c I 276.63 1447 20 25 5163 171035 15884 76% 17 498323 835 14%
c - 286.19 1447 20 26 5167 179821 13697 75% 17 498323 835 14%
c p 287.62 1447 20 26 5167 180009 16934 75% 17 498323 835 14%
c s 288.15 1447 20 26 5167 180134 16940 74% 17 495181 835 14%
c v 292.88 1447 20 26 5167 180134 16940 74% 17 495091 835 14%
c w 293.06 1447 20 26 5167 180134 16936 74% 17 495091 835 14%
c s 294.25 1447 20 26 5167 180134 16935 74% 17 493717 835 14%
c B 301.29 1447 20 26 5174 190037 22567 73% 17 493717 835 14%
c - 304.76 1447 20 27 5175 193570 16185 73% 17 493717 835 14%
c ] 310.34 1447 21 27 5175 200002 20641 72% 17 493717 835 14%
c ? 310.34 1447 21 27 5175 200002 20641 72% 17 493717 835 14%
c 
c --- [ writing output ] -----------------------------------------------------
c 
c writing simplified CNF to DIMACS file 'simp/22-cubes/30.cubes239.adj.simp1'
c * 310.34 1447 21 27 5175 200002 20641 72% 17 493717 835 14%
c opening file to write 'simp/22-cubes/30.cubes239.adj.simp1'
c writing 'p cnf 6160 493717' header
c closing file 'simp/22-cubes/30.cubes239.adj.simp1'
c after writing 161030261 bytes 153.6 MB
c wrote 493717 clauses in 1.15 seconds process time
c 
c --- [ writing extension ] --------------------------------------------------
c 
c writing extension stack to 'simp/22-cubes/30.cubes239.adj.ext1'
c opening file to write 'simp/22-cubes/30.cubes239.adj.ext1'
c closing file 'simp/22-cubes/30.cubes239.adj.ext1'
c after writing 266930 bytes 0.3 MB
c wrote 11453 witnesses in 0.00 seconds process time
c 
c --- [ result ] -------------------------------------------------------------
c 
c UNKNOWN
c 
c --- [ run-time profiling ] -------------------------------------------------
c 
c process time taken by individual solving procedures
c (percentage relative to process time for solving)
c 
c       233.81   79.12% search
c       127.43   43.12% unstable
c        98.74   33.41% stable
c        61.71   20.88% simplify
c        26.61    9.01% probe
c        23.70    8.02% vivify
c        14.81    5.01% parse
c         6.89    2.33% elim
c         6.06    2.05% walk
c         1.58    0.53% lucky
c         1.51    0.51% subsume
c         0.47    0.16% ternary
c   =================================
c       295.52   94.87% solve
c 
c last line shows process time for solving
c (percentage relative to total process time)
c 
c --- [ statistics ] ---------------------------------------------------------
c 
c chronological:             30466        15.23 %  of conflicts
c conflicts:                200002       676.78    per second
c decisions:                340881      1153.49    per second
c eliminated:                 3531        57.32 %  of all variables
c fixed:                      1776        28.83 %  of all variables
c learned:                  196874        98.44 %  per conflict
c learned_lits:           24607867       100.00 %  learned literals
c minimized:                     0         0.00 %  learned literals
c shrunken:               13403864        54.47 %  learned literals
c minishrunken:            2538167        10.31 %  learned literals
c propagations:           13904209         0.05 M  per second
c reduced:                   77586        38.79 %  per conflict
c rephased:                     19     10526.42    interval
c restarts:                   5175        38.65    interval
c stabilizing:                   4        57.50 %  of conflicts
c substituted:                  18         0.29 %  of all variables
c subsumed:                 107329         2.40 %  of all clauses
c strengthened:             143990         3.21 %  of all clauses
c ternary:                    8146         0.64 %  of resolved
c vivified:                   1063         0.02 %  of all clauses
c walked:                        5     40000.40    interval
c weakened:                   9677         3.14    average size
c 
c seconds are measured in process time for solving
c 
c --- [ resources ] ----------------------------------------------------------
c 
c total process time since initialization:       311.49    seconds
c total real time since initialization:          312.90    seconds
c maximum resident set size of process:         1870.71    MB
c 
c --- [ shutting down ] ------------------------------------------------------
c 
c exit 0
++ seq 1 100
+ for i in '$(seq 1 100)'
++ sed 's/.$//'
++ rev
++ cut '-d ' -f1
++ rev
++ tail -n 1
++ grep 'c [*]' log/22-cubes/30.cubes239.adj.simp1
+ vars_remaining=14
+ ((  vars_remaining < 100 - p  ))
+ break
++ cut '-d ' -f3
++ head -n 1 simp/22-cubes/30.cubes239.adj.simp1
+ numvars=6160
++ cut '-d ' -f4
++ head -n 1 simp/22-cubes/30.cubes239.adj.simp1
+ numlines=493717
+ extlines_total=0
++ seq 1 1
+ for j in '$(seq 1 "$i")'
++ cut '-d ' -f1
++ wc -l simp/22-cubes/30.cubes239.adj.ext1
+ extlines_j=11453
+ extlines_total=11453
+ newlines=505170
+ echo 'p cnf 6160 505170'
+ tail simp/22-cubes/30.cubes239.adj.simp1 -n +2
++ seq 1 1
+ for j in '$(seq 1 "$i")'
+ cat simp/22-cubes/30.cubes239.adj.ext1
+ sed -i 's/ 0.*/ 0/' 22-cubes/30.cubes239.adj.simp
============================[ Problem Statistics ]=============================
|                                                                             |
|  Number of variables:          6160                                         |
|  Number of clauses:          503035                                         |
|  Parse time:                   2.03 s                                       |
|  Simplification time:          0.08 s                                       |
|                                                                             |
============================[ Search Statistics ]====================================================
| Conflicts |          ORIGINAL         |          LEARNT          | Num Sols |      SUBGRAPHS      |
|           |    Vars  Clauses Literals |    Limit  Clauses Lit/Cl |          | Canonical Noncanon. |
=====================================================================================================
|       100 |    4327   503035 37072829 |     2000      100     50 |        0 |        23         0 |
|       250 |    4327   503035 37072829 |     2000      250     29 |        0 |        49         0 |
|       475 |    4327   503035 37072829 |     2000      475     22 |        0 |        76         0 |
|       818 |    4327   503041 37072976 |     2000      818     32 |        0 |        92         6 |
|      1324 |    4327   503041 37072976 |     2000     1324     25 |        0 |       137         6 |
|      2128 |    4327   503086 37073854 |     3604     1132     20 |        0 |       232        51 |
|      3307 |    4327   503126 37074779 |     3604     2311     43 |        0 |       293        91 |
|      5090 |    4327   503201 37076341 |     5004     2294     24 |        0 |       423       166 |
|      7746 |    4327   503295 37078820 |     5004     4950     51 |        0 |       537       260 |
|     11862 |    4327   503567 37085204 |     7560     3422     24 |        0 |       765       532 |
|     17755 |    4327   503694 37087736 |     8782     5537     41 |        0 |      1123       659 |
|     26969 |    4327   504259 37098018 |    11211     5380     23 |        0 |      1681      1224 |
|     40985 |    4327   505301 37116197 |    13610     7595     29 |        0 |      2579      2266 |
|     61344 |    4327   506199 37130592 |    16010    13754     42 |        0 |      3711      3164 |
|     91543 |    4327   507206 37146456 |    19608    18151     50 |        0 |      5132      4171 |
|    136361 |    4327   508235 37162873 |    24409    20170     41 |        0 |      7074      5200 |
|    204943 |    4327   511133 37209028 |    30414    21757     37 |        0 |     10419      8098 |
|    307608 |    4327   515272 37268161 |    37617    24225     29 |        0 |     16021     12237 |
=====================================================================================================
Number of solutions   : 0           
Canonical subgraphs   : 21427          (189 /sec)
          order  3    : 1              (200000 /sec)
          order  4    : 1              (500000 /sec)
          order  5    : 1              (200000 /sec)
          order  6    : 1              (52632 /sec)
          order  7    : 2              (10256 /sec)
          order  8    : 6              (2679 /sec)
          order  9    : 22             (1212 /sec)
          order 10    : 95             (684 /sec)
          order 11    : 708            (458 /sec)
          order 12    : 2508           (272 /sec)
          order 13    : 6913           (201 /sec)
          order 14    : 7064           (189 /sec)
          order 15    : 3121           (142 /sec)
          order 16    : 511            (122 /sec)
          order 17    : 281            (118 /sec)
          order 18    : 177            (106 /sec)
          order 19    : 11             (121 /sec)
          order 20    : 4              (112 /sec)
          order 21    : 0              (-nan /sec)
          order 22    : 0              (-nan /sec)
Noncanonical subgraphs: 17337          (1310 /sec)
          order  3    : 0              (-nan /sec)
          order  4    : 0              (-nan /sec)
          order  5    : 0              (-nan /sec)
          order  6    : 0              (-nan /sec)
          order  7    : 0              (-nan /sec)
          order  8    : 0              (-nan /sec)
          order  9    : 0              (-nan /sec)
          order 10    : 0              (-nan /sec)
          order 11    : 0              (-nan /sec)
          order 12    : 0              (-nan /sec)
          order 13    : 0              (-nan /sec)
          order 14    : 13892          (1696 /sec)
          order 15    : 3436           (684 /sec)
          order 16    : 8              (2556 /sec)
          order 17    : 0              (-nan /sec)
          order 18    : 1              (112 /sec)
          order 19    : 0              (-nan /sec)
          order 20    : 0              (-nan /sec)
          order 21    : 0              (-nan /sec)
Canonicity checking   : 126.349 s
database reductions   : 33
restarts              : 927
conflicts             : 386599         (978 /sec)
decisions             : 531685         (0.00 % random) (1346 /sec)
propagations          : 78668969       (199093 /sec)
conflict literals     : 28455768       (53.26 % deleted)
actual reward         : 0.058764
Memory used           : 462.00 MB
CPU time              : 395.137 s

UNSATISFIABLE
