+ '[' -z 122 ']'
+ f=constraints_22_11.simp-noncanon.simp
+ c=22-cubes/30.cubes
+ i=122
+ s=70
+ adj=22-cubes/30.cubes122.adj
+ cnf=22-cubes/30.cubes122.cnf
+ ext=22-cubes/30.cubes122.ext
+ cnfext=22-cubes/30.cubes122.cnfext
+ unitlines=0
++ sed '123q;d' 22-cubes/30.cubes
+ for b in '$(sed "$((i+1))q;d" "$c")'
+ [[ a != \a ]]
+ for b in '$(sed "$((i+1))q;d" "$c")'
+ [[ -92 != \a ]]
+ [[ -92 != \0 ]]
+ unitlines=1
+ for b in '$(sed "$((i+1))q;d" "$c")'
+ [[ 137 != \a ]]
+ [[ 137 != \0 ]]
+ unitlines=2
+ for b in '$(sed "$((i+1))q;d" "$c")'
+ [[ 121 != \a ]]
+ [[ 121 != \0 ]]
+ unitlines=3
+ for b in '$(sed "$((i+1))q;d" "$c")'
+ [[ 158 != \a ]]
+ [[ 158 != \0 ]]
+ unitlines=4
+ for b in '$(sed "$((i+1))q;d" "$c")'
+ [[ 107 != \a ]]
+ [[ 107 != \0 ]]
+ unitlines=5
+ for b in '$(sed "$((i+1))q;d" "$c")'
+ [[ -57 != \a ]]
+ [[ -57 != \0 ]]
+ unitlines=6
+ for b in '$(sed "$((i+1))q;d" "$c")'
+ [[ -136 != \a ]]
+ [[ -136 != \0 ]]
+ unitlines=7
+ for b in '$(sed "$((i+1))q;d" "$c")'
+ [[ -168 != \a ]]
+ [[ -168 != \0 ]]
+ unitlines=8
+ for b in '$(sed "$((i+1))q;d" "$c")'
+ [[ 153 != \a ]]
+ [[ 153 != \0 ]]
+ unitlines=9
+ for b in '$(sed "$((i+1))q;d" "$c")'
+ [[ -169 != \a ]]
+ [[ -169 != \0 ]]
+ unitlines=10
+ for b in '$(sed "$((i+1))q;d" "$c")'
+ [[ -224 != \a ]]
+ [[ -224 != \0 ]]
+ unitlines=11
+ for b in '$(sed "$((i+1))q;d" "$c")'
+ [[ 151 != \a ]]
+ [[ 151 != \0 ]]
+ unitlines=12
+ for b in '$(sed "$((i+1))q;d" "$c")'
+ [[ -134 != \a ]]
+ [[ -134 != \0 ]]
+ unitlines=13
+ for b in '$(sed "$((i+1))q;d" "$c")'
+ [[ -133 != \a ]]
+ [[ -133 != \0 ]]
+ unitlines=14
+ for b in '$(sed "$((i+1))q;d" "$c")'
+ [[ 0 != \a ]]
+ [[ 0 != \0 ]]
++ cut '-d ' -f3
++ head -n 1 constraints_22_11.simp-noncanon.simp
+ numvars=6160
++ cut '-d ' -f4
++ head -n 1 constraints_22_11.simp-noncanon.simp
+ numlines=1786659
+ newlines=1786673
+ echo 'p cnf 6160 1786673'
+ tail constraints_22_11.simp-noncanon.simp -n +2
++ sed '123q;d' 22-cubes/30.cubes
+ for b in '$(sed "$((i+1))q;d" "$c")'
+ [[ a != \a ]]
+ for b in '$(sed "$((i+1))q;d" "$c")'
+ [[ -92 != \a ]]
+ [[ -92 != \0 ]]
+ echo '-92 0'
+ for b in '$(sed "$((i+1))q;d" "$c")'
+ [[ 137 != \a ]]
+ [[ 137 != \0 ]]
+ echo '137 0'
+ for b in '$(sed "$((i+1))q;d" "$c")'
+ [[ 121 != \a ]]
+ [[ 121 != \0 ]]
+ echo '121 0'
+ for b in '$(sed "$((i+1))q;d" "$c")'
+ [[ 158 != \a ]]
+ [[ 158 != \0 ]]
+ echo '158 0'
+ for b in '$(sed "$((i+1))q;d" "$c")'
+ [[ 107 != \a ]]
+ [[ 107 != \0 ]]
+ echo '107 0'
+ for b in '$(sed "$((i+1))q;d" "$c")'
+ [[ -57 != \a ]]
+ [[ -57 != \0 ]]
+ echo '-57 0'
+ for b in '$(sed "$((i+1))q;d" "$c")'
+ [[ -136 != \a ]]
+ [[ -136 != \0 ]]
+ echo '-136 0'
+ for b in '$(sed "$((i+1))q;d" "$c")'
+ [[ -168 != \a ]]
+ [[ -168 != \0 ]]
+ echo '-168 0'
+ for b in '$(sed "$((i+1))q;d" "$c")'
+ [[ 153 != \a ]]
+ [[ 153 != \0 ]]
+ echo '153 0'
+ for b in '$(sed "$((i+1))q;d" "$c")'
+ [[ -169 != \a ]]
+ [[ -169 != \0 ]]
+ echo '-169 0'
+ for b in '$(sed "$((i+1))q;d" "$c")'
+ [[ -224 != \a ]]
+ [[ -224 != \0 ]]
+ echo '-224 0'
+ for b in '$(sed "$((i+1))q;d" "$c")'
+ [[ 151 != \a ]]
+ [[ 151 != \0 ]]
+ echo '151 0'
+ for b in '$(sed "$((i+1))q;d" "$c")'
+ [[ -134 != \a ]]
+ [[ -134 != \0 ]]
+ echo '-134 0'
+ for b in '$(sed "$((i+1))q;d" "$c")'
+ [[ -133 != \a ]]
+ [[ -133 != \0 ]]
+ echo '-133 0'
+ for b in '$(sed "$((i+1))q;d" "$c")'
+ [[ 0 != \a ]]
+ [[ 0 != \0 ]]
+ ./simplify-by-var-removal.sh 22-cubes/30.cubes122.adj 70
+ '[' -z 70 ']'
+ f=22-cubes/30.cubes122.adj
+ p=70
++ echo 22-cubes
+ sub_dir=22-cubes
+ mkdir -p log/22-cubes
+ mkdir -p simp/22-cubes
+ tee log/22-cubes/30.cubes122.adj.simp1
+ ./cadical/build/cadical 22-cubes/30.cubes122.adj -o simp/22-cubes/30.cubes122.adj.simp1 -e simp/22-cubes/30.cubes122.adj.ext1 -n -c 200000
c --- [ banner ] -------------------------------------------------------------
c 
c CaDiCaL Radically Simplified CDCL SAT Solver
c Copyright (c) 2016-2021 A. Biere, M. Fleury, N. Froleyks
c 
c Version 1.5.2
c g++ (GCC) 9.3.0 -Wall -Wextra -O3 -DNDEBUG
c Tue Feb 8 21:15:15 EST 2022 Linux gra-login1 3.10.0-1160.36.2.el7.x86_64 x86_64
c 
c --- [ limit ] --------------------------------------------------------------
c 
c setting conflict limit to 200000 conflicts (due to '200000')
c 
c --- [ parsing input ] ------------------------------------------------------
c 
c reading DIMACS file from '22-cubes/30.cubes122.adj'
c opening file to read '22-cubes/30.cubes122.adj'
c found 'p cnf 6160 1786673' header
c parsed 1786673 clauses in 18.70 seconds process time
c closing file '22-cubes/30.cubes122.adj'
c after reading 1542541706 bytes 1471.1 MB
c 
c --- [ options ] ------------------------------------------------------------
c 
c all options are set to their default value
c 
c --- [ solving ] ------------------------------------------------------------
c 
c time measured in process time since initialization
c 
c  seconds    reductions  redundant   irredundant
c          MB     restarts       trail       variables
c            level   conflicts       glue         remaining
c 
c * 18.70 1468  0 0   0    0    0  0% 0 1785954 4666 76%
c { 19.56 1517  0 0   0    0    0  0% 0 1785954 4666 76%
c i 22.97 1570 62 0  14  237  141 45% 15 1785954 4665 76%
c - 27.99 1501 57 1  25  301  171 45% 16 405306 4665 76%
c } 28.47 1502 26 1  25 1002  199 43% 14 405306 4665 76%
c [ 28.47 1502  0 1  25 1002  199  0% 0 405306 4665 76%
c O 28.48 1502  3 1  25 1003  200 30% 3 405306 4665 76%
c i 28.51 1502  3 1  25 1041  214 33% 3 405306 4627 75%
c - 29.43 1595 14 2  25 1265  150 40% 12 404545 4627 75%
c i 29.52 1595 15 2  25 1300  160 40% 13 404545 4626 75%
c i 29.53 1595 15 2  25 1302  161 41% 13 404545 4625 75%
c i 29.53 1595 15 2  25 1304  162 41% 13 404545 4624 75%
c i 29.63 1595 16 2  25 1340  192 43% 14 404545 4623 75%
c i 29.65 1595 17 2  25 1354  202 43% 14 404545 4622 75%
c i 29.65 1595 17 2  25 1358  204 44% 14 404545 4621 75%
c i 29.66 1595 17 2  25 1370  215 44% 14 404545 4620 75%
c i 29.67 1595 17 2  25 1378  222 44% 14 404545 4619 75%
c i 29.71 1595 18 2  25 1416  253 44% 15 404545 4618 75%
c i 29.86 1595 20 2  25 1571  371 47% 16 404545 4617 75%
c i 29.88 1595 20 2  25 1576  374 47% 16 404545 4616 75%
c 
c  seconds    reductions  redundant   irredundant
c          MB     restarts       trail       variables
c            level   conflicts       glue         remaining
c 
c i 29.90 1595 20 2  25 1601  393 47% 16 404545 4615 75%
c i 29.90 1595 20 2  25 1605  395 47% 16 404545 4614 75%
c i 30.04 1595 22 2  25 1941  647 50% 18 404545 4613 75%
c i 30.07 1595 22 2  25 1970  671 50% 18 404545 4612 75%
c i 30.16 1595 23 2  26 2105  786 51% 19 404545 4611 75%
c i 30.16 1595 23 2  26 2106  786 51% 19 404545 4610 75%
c i 30.21 1595 23 2  26 2200  857 51% 19 404545 4609 75%
c i 30.27 1595 23 2  26 2311  952 52% 19 404545 4608 75%
c i 30.28 1595 23 2  26 2331  967 52% 19 404545 4607 75%
c - 30.84 1592 24 3  26 2713 1179 53% 19 404490 4607 75%
c ] 31.26 1592 23 3  26 3002 1390 40% 19 404490 4607 75%
c { 31.26 1592 26 3  26 3002 1390 57% 14 404490 4607 75%
c F 31.29 1592 26 3  26 3010 1396 57% 14 404490 4607 75%
c i 31.30 1592 26 3  26 3016 1398 57% 14 404490 4606 75%
c i 31.31 1592 26 3  26 3017 1398 57% 14 404490 4605 75%
c i 31.31 1592 26 3  26 3018 1398 57% 14 404490 4604 75%
c i 31.45 1592 25 3  27 3143 1465 54% 14 404490 4557 74%
c i 31.93 1592 29 3  60 3381 1615 49% 15 404490 4554 74%
c i 31.94 1592 30 3  60 3396 1624 49% 15 404490 4552 74%
c i 32.15 1592 31 3  78 3487 1671 48% 15 404490 4551 74%
c 
c  seconds    reductions  redundant   irredundant
c          MB     restarts       trail       variables
c            level   conflicts       glue         remaining
c 
c i 32.42 1592 35 3 104 3633 1792 46% 16 404490 4549 74%
c i 32.51 1592 35 3 121 3831 1832 44% 16 404490 4548 74%
c i 32.94 1592 35 3 154 4291 2134 41% 16 404490 4547 74%
c i 33.01 1592 34 3 155 4421 2190 41% 16 404490 4546 74%
c i 33.08 1592 34 3 164 4484 2233 41% 16 404490 4545 74%
c i 33.12 1592 34 3 172 4537 2270 41% 17 404490 4544 74%
c i 33.13 1592 34 3 176 4559 2277 41% 17 404490 4543 74%
c - 33.72 1454 34 4 181 4641 1610 40% 17 387831 4543 74%
c 3 34.72 1454 34 4 228 5001 3669 39% 17 387815 4535 74%
c 2 34.80 1454 34 4 228 5001 4075 39% 17 387707 4535 74%
c p 37.77 1454 34 4 228 5001 11994 39% 17 387707 4506 73%
c d 38.15 1454 34 4 228 5001 11205 39% 17 387588 4503 73%
c # 39.31 1454 32 4 274 6013 11412 35% 16 387588 4503 73%
c } 40.70 1454 32 4 335 7002 11907 34% 16 387588 4503 73%
c [ 40.70 1454 23 4 335 7002 11907 40% 19 387588 4503 73%
c - 41.03 1576 23 5 335 7023 1907 40% 19 387588 4503 73%
c - 42.36 1455 22 6 337 9882 2676 41% 19 387588 4503 73%
c I 42.46 1455 22 6 337 10014 2741 41% 19 387588 4503 73%
c - 45.75 1455 24 7 339 13217 3284 39% 19 387588 4503 73%
c 2 47.57 1455 25 7 340 15001 6572 38% 20 387582 4503 73%
c 
c  seconds    reductions    redundant   irredundant
c          MB     restarts         trail       variables
c            level    conflicts        glue         remaining
c 
c p 50.39 1455 25 7 340 15001 14280 38% 20 387582 4499 73%
c ] 50.68 1455 25 7 340 15003 14227 38% 20 387569 4498 73%
c { 50.68 1455 32 7 340 15003 14227 34% 16 387569 4498 73%
c B 50.82 1455 32 7 344 15016 14240 34% 16 387569 4498 73%
c - 54.89 1455 34 8 590 17029 3873 33% 17 387569 4498 73%
c s 55.05 1455 33 8 590 17161 3751 33% 17 384672 4498 73%
c v 60.17 1455 33 8 590 17161 3751 33% 17 384553 4498 73%
c t 60.32 1455 33 8 590 17161 3740 33% 17 384284 4498 73%
c e 61.42 1455 33 8 590 17161 3610 33% 17 376632 1382 22%
c s 61.59 1455 33 8 590 17161 3604 33% 17 376157 1382 22%
c W 68.36 1455 29 8 723 21017 5631 57% 17 376157 1382 22%
c - 69.20 1455 29 9 749 21317 4259 57% 17 376157 1382 22%
c } 75.33 1455 33 9 1155 24143 5515 54% 18 376157 1382 22%
c 1 75.33 1455 33 9 1155 24143 5515 54% 18 376157 1382 22%
c 
c --- [ writing output ] -----------------------------------------------------
c 
c writing simplified CNF to DIMACS file 'simp/22-cubes/30.cubes122.adj.simp1'
c * 75.33 1455 33 9 1155 24143 5515 54% 18 376157 1382 22%
c opening file to write 'simp/22-cubes/30.cubes122.adj.simp1'
c writing 'p cnf 6160 376157' header
c closing file 'simp/22-cubes/30.cubes122.adj.simp1'
c after writing 125893995 bytes 120.1 MB
c wrote 376157 clauses in 1.12 seconds process time
c 
c --- [ writing extension ] --------------------------------------------------
c 
c writing extension stack to 'simp/22-cubes/30.cubes122.adj.ext1'
c opening file to write 'simp/22-cubes/30.cubes122.adj.ext1'
c closing file 'simp/22-cubes/30.cubes122.adj.ext1'
c after writing 226880 bytes 0.2 MB
c wrote 9836 witnesses in 0.00 seconds process time
c 
c --- [ result ] -------------------------------------------------------------
c 
s SATISFIABLE
c 
c --- [ run-time profiling ] -------------------------------------------------
c 
c process time taken by individual solving procedures
c (percentage relative to process time for solving)
c 
c        42.22   74.56% search
c        31.47   55.56% unstable
c        18.70   33.02% parse
c        14.41   25.44% simplify
c         9.67   17.07% stable
c         5.79   10.23% probe
c         5.23    9.24% vivify
c         1.94    3.43% elim
c         0.86    1.52% lucky
c         0.31    0.54% subsume
c         0.22    0.40% walk
c         0.12    0.22% ternary
c   =================================
c        56.63   74.07% solve
c 
c last line shows process time for solving
c (percentage relative to total process time)
c 
c --- [ statistics ] ---------------------------------------------------------
c 
c chronological:              4528        18.75 %  of conflicts
c conflicts:                 24143       426.33    per second
c decisions:                 81627      1441.42    per second
c eliminated:                 3116        50.58 %  of all variables
c fixed:                      1650        26.79 %  of all variables
c learned:                   23701        98.17 %  per conflict
c learned_lits:            3432916       100.00 %  learned literals
c minimized:                     0         0.00 %  learned literals
c shrunken:                2011790        58.60 %  learned literals
c minishrunken:             267090         7.78 %  learned literals
c propagations:            4832188         0.09 M  per second
c reduced:                    6975        28.89 %  per conflict
c rephased:                      6      4023.83    interval
c restarts:                   1155        20.90    interval
c stabilizing:                   2        41.42 %  of conflicts
c substituted:                  12         0.19 %  of all variables
c subsumed:                  15308         0.40 %  of all clauses
c strengthened:              37079         0.97 %  of all clauses
c ternary:                    4379         0.44 %  of resolved
c vivified:                    124         0.00 %  of all clauses
c walked:                        1     24143.00    interval
c weakened:                   8186         3.10    average size
c 
c seconds are measured in process time for solving
c 
c --- [ resources ] ----------------------------------------------------------
c 
c total process time since initialization:        76.46    seconds
c total real time since initialization:           77.52    seconds
c maximum resident set size of process:         1734.79    MB
c 
c --- [ shutting down ] ------------------------------------------------------
c 
c exit 10
++ seq 1 100
+ for i in '$(seq 1 100)'
++ sed 's/.$//'
++ rev
++ cut '-d ' -f1
++ rev
++ tail -n 1
++ grep 'c [*]' log/22-cubes/30.cubes122.adj.simp1
+ vars_remaining=22
+ ((  vars_remaining < 100 - p  ))
+ break
++ cut '-d ' -f3
++ head -n 1 simp/22-cubes/30.cubes122.adj.simp1
+ numvars=6160
++ cut '-d ' -f4
++ head -n 1 simp/22-cubes/30.cubes122.adj.simp1
+ numlines=376157
+ extlines_total=0
++ seq 1 1
+ for j in '$(seq 1 "$i")'
++ cut '-d ' -f1
++ wc -l simp/22-cubes/30.cubes122.adj.ext1
+ extlines_j=9836
+ extlines_total=9836
+ newlines=385993
+ echo 'p cnf 6160 385993'
+ tail simp/22-cubes/30.cubes122.adj.simp1 -n +2
++ seq 1 1
+ for j in '$(seq 1 "$i")'
+ cat simp/22-cubes/30.cubes122.adj.ext1
+ sed -i 's/ 0.*/ 0/' 22-cubes/30.cubes122.adj.simp
============================[ Problem Statistics ]=============================
|                                                                             |
|  Number of variables:          6160                                         |
|  Number of clauses:          384343                                         |
|  Parse time:                   1.75 s                                       |
|  Simplification time:          0.03 s                                       |
|                                                                             |
============================[ Search Statistics ]====================================================
| Conflicts |          ORIGINAL         |          LEARNT          | Num Sols |      SUBGRAPHS      |
|           |    Vars  Clauses Literals |    Limit  Clauses Lit/Cl |          | Canonical Noncanon. |
=====================================================================================================
|       102 |    4510   384345 29888684 |     2000      102     83 |        0 |        29         2 |
|       259 |    4510   384352 29888918 |     2000      259     96 |        0 |        41         9 |
|       484 |    4510   384352 29888918 |     2000      484     91 |        0 |        57         9 |
|       824 |    4510   384355 29888972 |     2000      824     85 |        0 |        89        12 |
|      1362 |    4510   384387 29889986 |     2000     1362     95 |        0 |       134        44 |
|      2219 |    4510   384485 29892689 |     3600     1219     53 |        0 |       196       142 |
|      3368 |    4510   384495 29893168 |     3600     2368     85 |        0 |       253       152 |
|      5161 |    4510   384580 29895627 |     5002     2363     50 |        0 |       362       237 |
|      7745 |    4510   384602 29896624 |     5002     4947     85 |        0 |       505       259 |
|     11642 |    4510   384655 29898255 |     7558     3200     28 |        0 |       608       312 |
|     17913 |    4510   385160 29907365 |     8779     5692     67 |        0 |       747       817 |
|     27072 |    4510   385670 29916592 |    11198     5470     52 |        0 |       985      1327 |
|     40862 |    4510   386486 29932733 |    13605     7467     56 |        0 |      1167      2143 |
|     61232 |    4510   387395 29950946 |    16008    13640     82 |        0 |      1420      3052 |
|     91637 |    4510   388608 29978121 |    19617    18254     85 |        0 |      2106      4265 |
|    138213 |    4510   391395 30025873 |    24409    22022     73 |        0 |      3101      7052 |
|    209651 |    4510   397149 30119726 |    30420    26471     74 |        0 |      5410     12806 |
|    313277 |    4510   402249 30230035 |    37623    29900     82 |        0 |      6731     17906 |
|    475201 |    4510   416384 30446969 |    47210    24611     46 |        0 |      9154     32041 |
|    726556 |    4510   446056 30891328 |    58012    41968     75 |        0 |     16183     61713 |
|   1094024 |    4510   480999 31461885 |    71227    57451     74 |        0 |     21582     96656 |
|   1638780 |    4510   526967 32139045 |    88028    49208     51 |        0 |     29075    142624 |
|   2432865 |    4510   572870 33087376 |   107219    67284     58 |        0 |     38396    188527 |
|   3642271 |    4510   660002 34397246 |   131218    90689     60 |        0 |     56801    275659 |
|   5445835 |    4499   413196 27536486 |   160012   154247     92 |        0 |     91134    395812 |
=====================================================================================================
Number of solutions   : 0           
Canonical subgraphs   : 118909         (55 /sec)
          order  3    : 1              (142857 /sec)
          order  4    : 1              (500000 /sec)
          order  5    : 1              (250000 /sec)
          order  6    : 1              (55556 /sec)
          order  7    : 3              (12146 /sec)
          order  8    : 8              (3203 /sec)
          order  9    : 33             (978 /sec)
          order 10    : 109            (278 /sec)
          order 11    : 547            (102 /sec)
          order 12    : 4545           (78 /sec)
          order 13    : 23368          (57 /sec)
          order 14    : 64651          (55 /sec)
          order 15    : 17083          (55 /sec)
          order 16    : 2432           (42 /sec)
          order 17    : 1505           (39 /sec)
          order 18    : 1512           (37 /sec)
          order 19    : 1003           (41 /sec)
          order 20    : 1041           (42 /sec)
          order 21    : 1065           (43 /sec)
          order 22    : 0              (-nan /sec)
Noncanonical subgraphs: 498883         (560 /sec)
          order  3    : 0              (-nan /sec)
          order  4    : 0              (-nan /sec)
          order  5    : 0              (-nan /sec)
          order  6    : 0              (-nan /sec)
          order  7    : 0              (-nan /sec)
          order  8    : 0              (-nan /sec)
          order  9    : 0              (-nan /sec)
          order 10    : 0              (-nan /sec)
          order 11    : 0              (-nan /sec)
          order 12    : 0              (-nan /sec)
          order 13    : 0              (-nan /sec)
          order 14    : 443388         (607 /sec)
          order 15    : 53595          (413 /sec)
          order 16    : 675            (264 /sec)
          order 17    : 16             (116 /sec)
          order 18    : 2              (368 /sec)
          order 19    : 10             (498 /sec)
          order 20    : 0              (-nan /sec)
          order 21    : 1              (134 /sec)
Canonicity checking   : 3066.22 s
database reductions   : 155
restarts              : 12285
conflicts             : 7499745        (1102 /sec)
decisions             : 9516462        (0.00 % random) (1398 /sec)
propagations          : 1832696166     (269271 /sec)
conflict literals     : 959198232      (56.02 % deleted)
actual reward         : 0.053801
Memory used           : 623.00 MB
CPU time              : 6806.15 s

UNSATISFIABLE
