c --- [ banner ] -------------------------------------------------------------
c 
c CaDiCaL Radically Simplified CDCL SAT Solver
c Copyright (c) 2016-2021 A. Biere, M. Fleury, N. Froleyks
c 
c Version 1.5.2 a5f15211db36c3956764e18194dd5bd63bf3b5e6
c g++ (GCC) 9.3.0 -Wall -Wextra -O3 -DNDEBUG
c Fri Oct 21 01:27:37 EDT 2022 Linux gra-login3 3.10.0-1160.66.1.el7.x86_64 x86_64
c 
c --- [ limit ] --------------------------------------------------------------
c 
c setting conflict limit to 200000 conflicts (due to '200000')
c 
c --- [ parsing input ] ------------------------------------------------------
c 
c reading DIMACS file from '23.cubes144.adj'
c opening file to read '23.cubes144.adj'
c found 'p cnf 5320 914892' header
c parsed 914892 clauses in 8.64 seconds process time
c closing file '23.cubes144.adj'
c after reading 637829989 bytes 608.3 MB
c 
c --- [ options ] ------------------------------------------------------------
c 
c all options are set to their default value
c 
c --- [ solving ] ------------------------------------------------------------
c 
c time measured in process time since initialization
c 
c  seconds   reductions  redundant  irredundant
c          MB    restarts       trail      variables
c           level   conflicts       glue        remaining
c 
c *  8.64 627  0 0   0    0    0  0% 0 914847 2183 41%
c {  9.12 645  0 0   0    0    0  0% 0 914847 2183 41%
c i 11.34 698 597 0   7   56   34 30% 12 914847 2182 41%
c i 11.88 700 511 0   8   67   43 28% 13 914847 2180 41%
c i 13.00 708 399 0  14   95   68 28% 27 914847 2179 41%
c i 13.28 709 360 0  16  112   80 28% 33 914847 2176 41%
c i 13.70 710 311 0  22  130   94 27% 30 914847 2175 41%
c i 13.76 710 307 0  22  132   95 27% 30 914847 2174 41%
c i 14.11 712 271 0  24  151  112 27% 30 914847 2173 41%
c i 14.28 712 245 0  24  169  125 27% 29 914847 2172 41%
c i 14.33 712 234 0  24  179  134 27% 30 914847 2171 41%
c i 14.35 712 230 0  24  182  136 27% 29 914847 2170 41%
c i 14.36 712 228 0  24  184  136 27% 29 914847 2169 41%
c i 14.36 712 227 0  24  185  136 27% 29 914847 2168 41%
c i 14.38 712 223 0  24  188  138 27% 29 914847 2167 41%
c i 14.46 712 203 0  24  208  153 27% 28 914847 2166 41%
c i 14.50 712 199 0  24  212  155 27% 28 914847 2165 41%
c i 14.50 712 198 0  24  213  155 27% 27 914847 2158 41%
c i 14.50 712 197 0  24  214  155 27% 27 914847 2157 41%
c i 14.50 712 196 0  24  215  155 27% 27 914847 2156 41%
c 
c  seconds    reductions  redundant   irredundant
c          MB     restarts       trail       variables
c            level   conflicts       glue         remaining
c 
c i 14.50 712 195 0  24  216  155 27% 27 914847 2155 41%
c i 14.51 712 193 0  24  218  156 27% 27 914847 2154 40%
c i 14.51 712 191 0  24  220  157 27% 26 914847 2153 40%
c i 14.55 712 189 0  24  226  162 27% 26 914847 2152 40%
c i 14.56 712 185 0  24  235  164 27% 26 914847 2146 40%
c i 14.57 712 184 0  24  238  165 27% 26 914847 2144 40%
c i 14.57 712 183 0  24  239  165 27% 25 914847 2143 40%
c i 14.57 712 183 0  24  240  165 27% 25 914847 2142 40%
c i 14.67 712 172 0  24  272  187 27% 26 914847 2139 40%
c i 14.71 712 167 0  24  281  193 27% 26 914847 2133 40%
c i 14.72 712 166 0  24  283  194 27% 26 914847 2132 40%
c i 14.74 712 163 0  24  290  200 27% 26 914847 2131 40%
c - 16.43 690 157 1  24  301  209 27% 25 286129 2129 40%
c i 16.59 690 156 1  24  303  210 27% 25 286129 2128 40%
c i 16.61 690 155 1  24  305  210 27% 25 286129 2127 40%
c i 16.63 690 154 1  24  307  211 27% 25 286129 2126 40%
c i 16.97 690 133 1  24  364  249 27% 23 286129 2125 40%
c i 17.15 690 128 1  25  387  265 27% 24 286129 2122 40%
c i 17.18 690 128 1  25  390  267 27% 24 286129 2121 40%
c i 17.40 690 122 1  27  418  291 27% 24 286129 2120 40%
c 
c  seconds    reductions  redundant   irredundant
c          MB     restarts       trail       variables
c            level   conflicts       glue         remaining
c 
c i 17.40 690 122 1  27  419  291 27% 24 286129 2119 40%
c i 17.54 690 109 1  27  478  333 27% 23 286129 2118 40%
c i 17.86 690 97 1  28  565  400 27% 23 286129 2117 40%
c i 17.93 690 93 1  28  594  415 27% 22 286129 2116 40%
c i 17.99 690 91 1  28  605  420 27% 22 286129 2115 40%
c i 17.99 690 91 1  28  607  421 27% 22 286129 2114 40%
c i 18.00 690 91 1  28  608  421 27% 22 286129 2113 40%
c i 18.09 690 87 1  28  648  449 27% 22 286129 2112 40%
c i 18.19 690 86 1  31  675  469 27% 22 286129 2111 40%
c i 18.21 690 86 1  31  676  469 27% 22 286129 2110 40%
c i 18.32 690 89 1  31  707  493 27% 22 286129 2108 40%
c i 18.95 691 93 1  42  768  548 27% 25 286129 2107 40%
c i 19.13 691 93 1  44  774  552 27% 25 286129 2106 40%
c i 19.31 691 93 1  46  779  556 27% 25 286129 2105 40%
c i 19.59 691 93 1  49  791  566 27% 25 286129 2104 40%
c i 20.04 692 92 1  54  810  581 27% 26 286129 2103 40%
c i 20.57 692 93 1  61  836  606 27% 27 286129 2102 40%
c i 21.07 693 93 1  65  850  617 27% 27 286129 2099 39%
c i 22.10 694 91 1  80  913  666 27% 27 286129 2098 39%
c i 22.53 694 92 1  87  947  695 26% 28 286129 2097 39%
c 
c  seconds   reductions  redundant   irredundant
c          MB    restarts       trail       variables
c           level   conflicts       glue         remaining
c 
c i 22.67 694 91 1  92  965  708 26% 28 286129 2096 39%
c i 22.86 694 90 1  94  987  721 26% 27 286129 2095 39%
c i 22.88 694 90 1  94  988  721 26% 27 286129 2094 39%
c i 22.89 694 90 1  94  989  721 26% 27 286129 2093 39%
c } 23.09 694 90 1  94 1002  734 26% 28 286129 2093 39%
c [ 23.09 694  0 1  94 1002  734  0% 0 286129 2093 39%
c O 23.12 694  0 1  94 1003  734 11% 0 286129 2093 39%
c i 23.12 694  0 1  94 1003  734 11% 0 286129 2091 39%
c i 23.12 694  0 1  94 1004  734  9% 0 286129 2080 39%
c i 23.16 694  2 1  94 1016  741 11% 2 286129 2040 38%
c i 23.32 694  9 1  94 1039  763 18% 5 286129 2039 38%
c i 23.33 694  8 1  94 1041  764 18% 4 286129 2038 38%
c i 23.33 694  8 1  94 1042  764 19% 4 286129 2037 38%
c i 23.38 694 10 1  94 1049  770 20% 5 286129 2036 38%
c i 23.39 694 10 1  94 1050  770 20% 5 286129 2035 38%
c i 23.42 694 12 1  94 1060  779 22% 7 286129 2034 38%
c i 23.55 694 16 1  94 1076  793 23% 10 286129 2033 38%
c i 23.73 694 22 1  94 1127  832 25% 16 286129 2032 38%
c i 23.73 694 22 1  94 1128  832 25% 16 286129 2031 38%
c - 24.53 767 22 2  94 1175  768 26% 17 284814 2031 38%
c 
c  seconds   reductions  redundant   irredundant
c          MB    restarts       trail       variables
c           level   conflicts       glue         remaining
c 
c i 24.93 767 21 2  94 1225  794 26% 17 284814 2030 38%
c i 25.19 767 21 2  94 1376  884 28% 17 284814 2029 38%
c i 25.39 767 21 2  94 1600 1018 28% 18 284814 2028 38%
c - 26.74 767 22 3  95 2489 1168 29% 19 284805 2028 38%
c i 27.19 767 23 3  95 2518 1189 53% 20 284805 2027 38%
c i 27.32 767 23 3  95 2576 1224 52% 19 284805 2026 38%
c i 27.32 767 23 3  95 2577 1224 52% 19 284805 2025 38%
c i 27.32 767 23 3  95 2578 1224 51% 19 284805 2024 38%
c i 27.32 767 23 3  95 2579 1224 51% 19 284805 2023 38%
c ] 28.02 767 23 3  95 3005 1506 54% 20 284805 2023 38%
c { 28.02 767 90 3  95 3005 1506 69% 28 284805 2023 38%
c F 28.02 767 90 3  95 3006 1507 69% 27 284805 2023 38%
c i 28.45 767 86 3  95 3073 1562 67% 26 284805 2022 38%
c i 28.67 767 84 3  96 3115 1594 67% 27 284805 2021 38%
c i 28.78 767 82 3  96 3152 1613 66% 27 284805 2020 38%
c i 29.37 767 75 3 104 3368 1792 64% 26 284805 2019 38%
c i 29.83 767 66 3 104 3698 2012 61% 24 284805 2018 38%
c i 30.31 767 65 3 120 3790 2094 60% 25 284805 2017 38%
c i 30.33 767 65 3 120 3793 2096 60% 25 284805 2016 38%
c i 31.24 767 69 3 153 3922 2197 59% 26 284805 2015 38%
c 
c  seconds   reductions  redundant   irredundant
c          MB    restarts       trail       variables
c           level   conflicts       glue         remaining
c 
c i 32.26 767 72 3 173 4023 2273 58% 26 284805 2014 38%
c - 33.69 764 70 4 179 4234 1833 58% 26 284763 2014 38%
c i 34.97 764 68 4 196 4489 2046 57% 27 284763 2012 38%
c i 36.66 764 68 4 218 4624 2150 57% 27 284763 2011 38%
c i 36.77 764 67 4 218 4672 2194 56% 26 284763 2010 38%
c d 37.66 764 62 4 218 5000 2461 56% 26 268652 1995 38%
c 2 37.77 764 62 4 218 5000 3227 56% 26 268650 1978 37%
c p 45.93 764 62 4 218 5000 5639 56% 26 268650 1943 37%
c # 48.93 764 54 4 232 6008 6396 54% 24 268650 1943 37%
c - 49.90 751 51 5 232 6416 2694 54% 24 268320 1943 37%
c } 52.15 751 49 5 273 7005 3145 53% 24 268320 1943 37%
c [ 52.15 751 23 5 273 7005 3145 54% 20 268320 1943 37%
c - 55.76 752 28 6 274 8987 3067 52% 23 268320 1943 37%
c I 57.66 752 30 6 275 10011 3807 52% 24 268320 1943 37%
c - 63.59 752 33 7 277 11989 3781 50% 26 268320 1943 37%
c p 72.33 752 33 7 278 15002 9099 50% 27 268320 1943 37%
c ] 72.46 752 33 7 278 15005 9102 50% 27 268320 1943 37%
c { 72.46 752 49 7 278 15005 9102 53% 24 268320 1943 37%
c B 72.52 752 49 7 278 15012 9109 53% 24 268320 1943 37%
c - 73.73 752 48 8 293 15419 4458 53% 24 268320 1943 37%
c 
c  seconds   reductions   redundant   irredundant
c          MB    restarts        trail       variables
c           level    conflicts       glue         remaining
c 
c s 74.99 752 41 8 304 17426 5645 53% 22 266386 1943 37%
c v 81.12 752 41 8 304 17426 5645 53% 22 266357 1943 37%
c w 81.27 752 41 8 304 17426 5637 53% 22 266357 1943 37%
c t 81.28 752 41 8 304 17426 5631 53% 22 266345 1943 37%
c e 82.64 753 41 8 304 17426 5242 53% 22 263833 790 15%
c s 82.75 753 41 8 304 17426 5242 53% 22 263624 790 15%
c - 91.90 753 41 9 451 19277 4606 74% 22 263624 790 15%
c W 95.57 753 39 9 538 21014 5701 75% 21 263624 790 15%
c - 101.98 753 37 10 633 23539 5188 75% 21 263624 790 15%
c F 113.91 753 34 10 799 28016 8402 75% 21 263624 790 15%
c - 115.12 753 34 11 811 28228 6118 75% 21 263624 790 15%
c i 118.04 753 34 11 939 29642 7180 75% 21 263624 787 15%
c p 122.67 753 35 11 1027 30005 9191 75% 22 263624 775 15%
c d 123.03 753 35 11 1027 30005 9184 75% 22 263333 774 15%
c } 125.06 753 35 11 1086 31005 9942 75% 21 263333 774 15%
c [ 125.06 753 33 11 1086 31005 9942 128% 27 263333 774 15%
c - 129.04 751 31 12 1086 33344 7125 116% 26 263333 774 15%
c B 133.82 751 30 12 1089 36019 9026 108% 25 263333 774 15%
c ] 135.98 751 30 12 1090 37850 10220 104% 25 263333 774 15%
c 1 135.98 751 30 12 1090 37850 10220 104% 25 263333 774 15%
c 
c --- [ writing output ] -----------------------------------------------------
c 
c writing simplified CNF to DIMACS file 'simp/23.cubes144.adj.simp1'
c 
c  seconds    reductions      redundant    irredundant
c           MB     restarts          trail        variables
c            level      conflicts         glue        remaining
c 
c * 135.98 751 30 12 1090 37850 10220 104% 25 263333 774 15%
c opening file to write 'simp/23.cubes144.adj.simp1'
c writing 'p cnf 5320 263333' header
c closing file 'simp/23.cubes144.adj.simp1'
c after writing 111632379 bytes 106.5 MB
c wrote 263333 clauses in 0.85 seconds process time
c 
c --- [ writing extension ] --------------------------------------------------
c 
c writing extension stack to 'simp/23.cubes144.adj.ext1'
c opening file to write 'simp/23.cubes144.adj.ext1'
c closing file 'simp/23.cubes144.adj.ext1'
c after writing 81401 bytes 0.1 MB
c wrote 3496 witnesses in 0.00 seconds process time
c 
c --- [ result ] -------------------------------------------------------------
c 
s SATISFIABLE
c 
c --- [ run-time profiling ] -------------------------------------------------
c 
c process time taken by individual solving procedures
c (percentage relative to process time for solving)
c 
c       105.43   82.79% search
c        70.58   55.43% unstable
c        34.14   26.81% stable
c        21.91   17.21% simplify
c        11.74    9.22% probe
c         8.64    6.78% parse
c         6.25    4.90% vivify
c         2.50    1.96% elim
c         0.48    0.38% lucky
c         0.23    0.18% walk
c         0.22    0.17% subsume
c         0.17    0.13% ternary
c   =================================
c       127.34   93.07% solve
c 
c last line shows process time for solving
c (percentage relative to total process time)
c 
c --- [ statistics ] ---------------------------------------------------------
c 
c chronological:              7811        20.64 %  of conflicts
c conflicts:                 37850       297.23    per second
c decisions:                121899       957.25    per second
c eliminated:                 1153        21.67 %  of all variables
c fixed:                       540        10.15 %  of all variables
c learned:                   37005        97.77 %  per conflict
c learned_lits:            6478428       100.00 %  learned literals
c minimized:                     0         0.00 %  learned literals
c shrunken:                4001200        61.76 %  learned literals
c minishrunken:             544052         8.40 %  learned literals
c propagations:            3933283         0.03 M  per second
c reduced:                   16426        43.40 %  per conflict
c rephased:                      8      4731.25    interval
c restarts:                   1090        34.72    interval
c stabilizing:                   3        44.51 %  of conflicts
c substituted:                  16         0.30 %  of all variables
c subsumed:                  12183         0.61 %  of all clauses
c strengthened:               3308         0.16 %  of all clauses
c ternary:                    1791         0.52 %  of resolved
c vivified:                     49         0.00 %  of all clauses
c walked:                        1     37850.00    interval
c weakened:                   2956         3.16    average size
c 
c seconds are measured in process time for solving
c 
c --- [ resources ] ----------------------------------------------------------
c 
c total process time since initialization:       136.83    seconds
c total real time since initialization:          136.93    seconds
c maximum resident set size of process:          885.43    MB
c 
c --- [ shutting down ] ------------------------------------------------------
c 
c exit 10
WARNING! DIMACS header mismatch: wrong number of variables.
============================[ Problem Statistics ]=============================
|                                                                             |
|  Number of variables:          2726                                         |
|  Number of clauses:          263337                                         |
|  Parse time:                   1.58 s                                       |
|  Simplification time:          0.03 s                                       |
|                                                                             |
============================[ Search Statistics ]====================================================
| Conflicts |          ORIGINAL         |          LEARNT          | Num Sols |      SUBGRAPHS      |
|           |    Vars  Clauses Literals |    Limit  Clauses Lit/Cl |          | Canonical Noncanon. |
=====================================================================================================
|       488 |    2651   263725 24793056 |     2000      488     20 |        0 |       114       388 |
|      1385 |    2651   264472 24805645 |     2000     1385     22 |        0 |       238      1135 |
|      1616 |    2651   264478 24805828 |     2000     1616     34 |        0 |       241      1141 |
|      1987 |    2651   264512 24806496 |     2000     1987     48 |        0 |       254      1175 |
|      2724 |    2651   264743 24810095 |     3603     1727     38 |        0 |       281      1406 |
|      3527 |    2651   264787 24811126 |     3603     2530     51 |        0 |       294      1450 |
|      6280 |    2651   266401 24843293 |     5007     3487     37 |        0 |       708      3064 |
|      8003 |    2651   266416 24843601 |     6309     2712     27 |        0 |       741      3079 |
|     11095 |    2651   266946 24856050 |     6309     5804     60 |        0 |       896      3609 |
|     15752 |    2651   267759 24874526 |     7561     7313     65 |        0 |      1142      4422 |
|     22654 |    2651   268895 24898346 |    10005     6059     32 |        0 |      1608      5558 |
|     34092 |    2651   271684 24952042 |    12412     6904     33 |        0 |      2229      8347 |
|     47950 |    2651   272568 24969664 |    14806     7756     31 |        0 |      2468      9231 |
|     70605 |    2651   275762 25030314 |    17209    15014     57 |        0 |      3507     12425 |
|    102585 |    2651   278550 25083660 |    20812    19397     62 |        0 |      4114     15213 |
|    150621 |    2651   282797 25157324 |    25606    22227     67 |        0 |      5130     19460 |
|    218820 |    2651   285312 25200143 |    31617    20437     51 |        0 |      6193     21975 |
|    321549 |    2651   289515 25270263 |    38813    19362     33 |        0 |      8282     26178 |
|    478153 |    2651   298330 25446556 |    47216    27569     46 |        0 |     15785     34993 |
|    743603 |    2651   342097 26241595 |    59220    30023     27 |        0 |     30679     78760 |
|   1091080 |    2651   357049 26496870 |    71219    54499     63 |        0 |     36352     93712 |
|   1614851 |    2651   382032 26988943 |    86812    68663     61 |        0 |     46690    118695 |
|   2426189 |    2651   445188 28179717 |   107224    60613     34 |        0 |     82360    181851 |
|   3643971 |    2651   540696 30097936 |   131220    92391     50 |        0 |    128205    277359 |
|   5552999 |    2609   681465 31575352 |   147166    85565     50 |        0 |    217863    502976 |
=====================================================================================================
Number of solutions   : 0
Canonical subgraphs   : 245713         (37 /sec)
          order  3    : 1              (66667 /sec)
          order  4    : 1              (500000 /sec)
          order  5    : 1              (250000 /sec)
          order  6    : 1              (52632 /sec)
          order  7    : 1              (8264 /sec)
          order  8    : 2              (1337 /sec)
          order  9    : 7              (348 /sec)
          order 10    : 32             (113 /sec)
          order 11    : 151            (65 /sec)
          order 12    : 850            (55 /sec)
          order 13    : 9865           (74 /sec)
          order 14    : 27867          (48 /sec)
          order 15    : 98830          (39 /sec)
          order 16    : 76520          (32 /sec)
          order 17    : 26026          (32 /sec)
          order 18    : 4797           (31 /sec)
          order 19    : 473            (40 /sec)
          order 20    : 288            (57 /sec)
          order 21    : 0              (-nan /sec)
Noncanonical subgraphs: 554220         (377 /sec)
          order  3    : 0              (-nan /sec)
          order  4    : 0              (-nan /sec)
          order  5    : 0              (-nan /sec)
          order  6    : 0              (-nan /sec)
          order  7    : 0              (-nan /sec)
          order  8    : 0              (-nan /sec)
          order  9    : 0              (-nan /sec)
          order 10    : 0              (-nan /sec)
          order 11    : 0              (-nan /sec)
          order 12    : 0              (-nan /sec)
          order 13    : 28031          (2715 /sec)
          order 14    : 357580         (430 /sec)
          order 15    : 131091         (369 /sec)
          order 16    : 37100          (139 /sec)
          order 17    : 59             (243 /sec)
          order 18    : 7              (2092 /sec)
          order 19    : 0              (-nan /sec)
          order 20    : 0              (-nan /sec)
Canonicity checking   : 6676.58 s
Noncanonicity checking: 1471.38 s
Total canonicity time : 8147.97 s
database reductions   : 158
restarts              : 12286
conflicts             : 7784751        (561 /sec)
decisions             : 10006160       (0.00 % random) (721 /sec)
propagations          : 349605971      (25200 /sec)
conflict literals     : 838983435      (54.83 % deleted)
actual reward         : 0.309303
Memory used           : 500.00 MB
CPU time              : 13873 s

UNSATISFIABLE
