c --- [ banner ] -------------------------------------------------------------
c 
c CaDiCaL Radically Simplified CDCL SAT Solver
c Copyright (c) 2016-2021 A. Biere, M. Fleury, N. Froleyks
c 
c Version 1.5.2 a5f15211db36c3956764e18194dd5bd63bf3b5e6
c g++ (GCC) 9.3.0 -Wall -Wextra -O3 -DNDEBUG
c Fri Oct 21 01:27:37 EDT 2022 Linux gra-login3 3.10.0-1160.66.1.el7.x86_64 x86_64
c 
c --- [ limit ] --------------------------------------------------------------
c 
c setting conflict limit to 200000 conflicts (due to '200000')
c 
c --- [ parsing input ] ------------------------------------------------------
c 
c reading DIMACS file from '23.cubes16.adj'
c opening file to read '23.cubes16.adj'
c found 'p cnf 5320 914892' header
c parsed 914892 clauses in 8.11 seconds process time
c closing file '23.cubes16.adj'
c after reading 637829991 bytes 608.3 MB
c 
c --- [ options ] ------------------------------------------------------------
c 
c all options are set to their default value
c 
c --- [ solving ] ------------------------------------------------------------
c 
c time measured in process time since initialization
c 
c  seconds   reductions  redundant  irredundant
c          MB    restarts       trail      variables
c           level   conflicts       glue        remaining
c 
c *  8.12 624  0 0   0    0    0  0% 0 914847 2088 39%
c {  8.57 660  0 0   0    0    0  0% 0 914847 2088 39%
c i  8.75 664 1535 0   0    7    5 41% 1 914847 2079 39%
c i 10.03 698 764 0   3   45   39 30% 12 914847 2077 39%
c i 10.29 702 590 0   6   60   51 28% 18 914847 2076 39%
c i 10.30 702 582 0   7   61   51 28% 18 914847 2075 39%
c i 10.55 704 450 0  11   85   69 27% 19 914847 2065 39%
c i 10.61 705 411 0  14   99   80 26% 20 914847 2064 39%
c i 10.85 707 375 0  17  117   94 26% 19 914847 2063 39%
c i 11.29 710 284 0  26  216  157 24% 24 914847 2062 39%
c i 11.48 712 276 0  30  233  171 24% 31 914847 2061 39%
c i 11.56 712 269 0  30  242  177 24% 32 914847 2059 39%
c i 11.57 712 264 0  32  250  182 24% 33 914847 2056 39%
c i 11.66 714 248 0  37  270  192 24% 33 914847 2055 39%
c i 11.66 714 246 0  38  275  194 24% 33 914847 2052 39%
c i 11.69 714 245 0  39  277  194 24% 33 914847 2050 39%
c i 11.69 714 244 0  39  279  195 24% 33 914847 2049 39%
c i 11.69 714 243 0  40  280  195 24% 33 914847 2048 38%
c i 11.70 714 242 0  40  281  195 24% 32 914847 2047 38%
c i 11.70 714 241 0  40  282  195 24% 32 914847 2046 38%
c 
c  seconds    reductions  redundant   irredundant
c          MB     restarts       trail       variables
c            level   conflicts       glue         remaining
c 
c i 11.70 714 240 0  41  283  195 24% 32 914847 2045 38%
c i 11.70 714 239 0  41  284  195 24% 32 914847 2044 38%
c i 11.70 714 233 0  42  299  197 23% 31 914847 2031 38%
c - 13.66 702 232 1  42  305  200 24% 31 365005 2031 38%
c i 13.76 661 230 1  42  307  201 24% 31 365005 2030 38%
c i 13.76 661 230 1  42  308  201 24% 31 365005 2029 38%
c i 13.76 661 229 1  42  309  201 24% 31 365005 2028 38%
c i 13.77 661 228 1  42  310  201 24% 31 365005 2027 38%
c i 13.77 661 227 1  42  311  201 24% 31 365005 2026 38%
c i 13.77 661 227 1  42  312  201 24% 31 365005 2025 38%
c i 13.77 661 226 1  42  313  201 24% 31 365005 2024 38%
c i 13.88 661 216 1  44  335  216 24% 32 365005 2023 38%
c i 13.95 661 214 1  45  338  217 24% 32 365005 2021 38%
c i 13.98 661 213 1  46  342  218 24% 32 365005 2019 38%
c i 14.04 661 212 1  48  348  223 24% 33 365005 2018 38%
c i 14.06 661 211 1  49  355  224 24% 32 365005 2012 38%
c i 14.10 661 211 1  50  362  228 24% 32 365005 2009 38%
c i 14.10 661 210 1  50  364  229 24% 32 365005 2008 38%
c i 14.10 661 210 1  50  368  230 24% 32 365005 2005 38%
c i 14.10 661 208 1  50  374  233 24% 32 365005 2002 38%
c 
c  seconds    reductions  redundant   irredundant
c          MB     restarts       trail       variables
c            level   conflicts       glue         remaining
c 
c i 14.10 661 208 1  50  378  236 24% 32 365005 2001 38%
c i 14.13 661 207 1  50  381  238 24% 32 365005 2000 38%
c i 14.14 661 206 1  50  387  242 24% 32 365005 1998 38%
c i 14.22 661 204 1  54  408  251 24% 34 365005 1997 38%
c i 14.27 661 203 1  55  415  257 24% 35 365005 1996 38%
c i 14.36 661 197 1  59  433  268 24% 36 365005 1995 38%
c i 14.36 661 197 1  60  434  268 24% 36 365005 1994 37%
c i 14.36 661 196 1  60  435  268 24% 35 365005 1993 37%
c i 14.36 661 195 1  60  437  269 24% 35 365005 1992 37%
c i 14.36 661 195 1  61  438  269 24% 35 365005 1991 37%
c i 14.36 661 195 1  61  439  269 24% 35 365005 1990 37%
c i 14.36 661 194 1  61  440  269 24% 35 365005 1989 37%
c i 14.36 661 194 1  62  441  269 24% 35 365005 1988 37%
c i 14.36 661 193 1  62  442  269 24% 35 365005 1987 37%
c i 14.39 661 191 1  64  447  273 24% 35 365005 1986 37%
c i 14.43 661 190 1  64  452  277 24% 35 365005 1985 37%
c i 14.44 661 189 1  64  454  278 24% 35 365005 1984 37%
c i 14.44 661 188 1  64  456  279 24% 35 365005 1983 37%
c i 14.44 661 188 1  64  457  279 24% 35 365005 1982 37%
c i 14.50 661 180 1  64  483  297 24% 34 365005 1981 37%
c 
c  seconds    reductions  redundant   irredundant
c          MB     restarts       trail       variables
c            level   conflicts       glue         remaining
c 
c i 14.50 661 180 1  64  484  297 24% 34 365005 1980 37%
c i 14.51 661 179 1  64  487  299 24% 34 365005 1979 37%
c i 14.51 661 178 1  64  491  302 24% 34 365005 1978 37%
c i 14.54 661 174 1  64  511  318 24% 34 365005 1977 37%
c i 14.55 661 172 1  64  515  320 24% 34 365005 1976 37%
c i 14.55 661 172 1  64  516  320 24% 34 365005 1975 37%
c i 14.55 661 172 1  64  517  320 24% 34 365005 1974 37%
c i 14.55 661 171 1  64  518  320 24% 34 365005 1973 37%
c i 14.55 661 171 1  64  520  320 24% 34 365005 1972 37%
c i 14.55 661 171 1  64  521  320 24% 34 365005 1971 37%
c i 14.55 661 170 1  64  522  320 24% 34 365005 1970 37%
c i 14.62 661 163 1  64  555  342 24% 33 365005 1969 37%
c i 14.69 661 154 1  64  592  371 25% 32 365005 1968 37%
c i 14.69 661 153 1  64  593  371 25% 32 365005 1967 37%
c i 14.69 661 153 1  64  594  371 25% 32 365005 1966 37%
c i 14.69 661 153 1  64  595  371 25% 32 365005 1965 37%
c i 14.69 661 153 1  64  596  371 25% 31 365005 1964 37%
c i 14.69 661 153 1  64  597  371 25% 31 365005 1963 37%
c i 14.69 661 152 1  64  598  371 25% 31 365005 1962 37%
c i 14.69 661 152 1  64  600  372 25% 31 365005 1961 37%
c 
c  seconds    reductions  redundant   irredundant
c          MB     restarts       trail       variables
c            level   conflicts       glue         remaining
c 
c i 14.69 661 151 1  64  603  374 25% 31 365005 1960 37%
c i 14.69 661 151 1  64  604  374 25% 31 365005 1959 37%
c i 14.69 661 151 1  64  605  374 25% 31 365005 1958 37%
c i 14.69 661 147 1  64  626  389 24% 31 365005 1957 37%
c i 14.70 661 145 1  64  639  400 24% 30 365005 1956 37%
c i 14.72 662 144 1  64  642  401 24% 30 365005 1955 37%
c i 14.74 662 144 1  64  645  403 25% 30 365005 1954 37%
c i 14.77 662 142 1  64  653  405 25% 30 365005 1953 37%
c i 14.78 662 142 1  64  655  406 25% 30 365005 1952 37%
c i 14.78 662 141 1  64  659  409 25% 30 365005 1951 37%
c i 14.90 642 141 1  66  690  425 24% 31 365005 1947 37%
c i 14.92 642 141 1  67  700  432 24% 31 365005 1944 37%
c i 14.97 642 141 1  68  714  437 24% 32 365005 1942 37%
c i 15.02 642 141 1  70  725  445 24% 33 365005 1941 36%
c } 15.38 643 112 1  74 1001  599 24% 26 365005 1941 36%
c [ 15.38 643  0 1  74 1001  599  0% 0 365005 1941 36%
c O 15.38 643  0 1  74 1002  599 12% 0 365005 1941 36%
c i 15.38 643  0 1  74 1002  599 12% 0 365005 1939 36%
c i 15.38 643  0 1  74 1003  599 12% 0 365005 1929 36%
c i 15.38 643  0 1  74 1004  599 12% 0 365005 1920 36%
c 
c  seconds   reductions  redundant  irredundant
c          MB    restarts       trail      variables
c           level   conflicts       glue        remaining
c 
c i 15.48 643 13 1  74 1026  616 21% 9 365005 1919 36%
c i 15.50 643 14 1  74 1033  622 22% 9 365005 1918 36%
c i 15.53 643 15 1  74 1040  628 23% 11 365005 1917 36%
c i 15.61 643 17 1  74 1056  640 24% 12 365005 1916 36%
c i 15.65 643 17 1  74 1064  647 25% 12 365005 1915 36%
c i 15.74 643 17 1  74 1089  663 26% 13 365005 1914 36%
c i 15.76 643 17 1  74 1093  666 26% 13 365005 1913 36%
c i 15.76 643 17 1  74 1094  666 26% 12 365005 1912 36%
c i 15.76 643 17 1  74 1095  666 26% 12 365005 1911 36%
c i 15.77 643 17 1  74 1099  669 26% 12 365005 1910 36%
c i 15.77 643 17 1  74 1101  669 26% 12 365005 1909 36%
c i 15.77 643 17 1  74 1104  671 26% 12 365005 1908 36%
c i 15.79 643 17 1  74 1114  675 26% 12 365005 1907 36%
c i 15.99 643 18 1  74 1147  696 27% 14 365005 1906 36%
c i 16.08 643 18 1  74 1170  707 27% 14 365005 1905 36%
c i 16.17 643 18 1  74 1217  745 27% 15 365005 1904 36%
c i 16.17 643 18 1  74 1218  745 27% 15 365005 1903 36%
c i 16.17 643 18 1  74 1223  749 27% 14 365005 1902 36%
c - 16.94 766 18 2  74 1242  671 27% 14 364108 1902 36%
c i 16.98 766 18 2  74 1247  675 27% 14 364108 1901 36%
c 
c  seconds   reductions  redundant   irredundant
c          MB    restarts       trail       variables
c           level   conflicts       glue         remaining
c 
c i 16.99 766 17 2  74 1250  675 27% 14 364108 1900 36%
c i 17.09 766 17 2  74 1267  682 27% 14 364108 1899 36%
c i 17.11 766 17 2  74 1273  685 27% 14 364108 1898 36%
c i 17.40 766 17 2  74 1334  708 28% 14 364108 1897 36%
c i 17.50 766 16 2  74 1395  751 28% 13 364108 1896 36%
c i 17.50 766 16 2  74 1396  751 28% 13 364108 1895 36%
c i 17.62 766 15 2  74 1517  827 28% 12 364108 1894 36%
c i 17.68 766 16 2  74 1565  862 28% 13 364108 1893 36%
c i 17.70 766 16 2  74 1581  871 28% 13 364108 1892 36%
c i 17.70 766 16 2  74 1584  873 28% 13 364108 1891 36%
c i 17.71 766 16 2  74 1605  892 28% 13 364108 1890 36%
c i 17.76 766 16 2  74 1683  955 28% 13 364108 1889 36%
c i 17.80 766 17 2  74 1718  967 27% 13 364108 1888 35%
c i 17.94 766 18 2  74 1771 1004 27% 14 364108 1887 35%
c i 18.51 766 21 2  75 2221 1302 28% 17 364108 1886 35%
c - 19.38 763 21 3  75 2647 1252 27% 17 364060 1886 35%
c i 20.13 762 21 3  75 2813 1365 46% 17 364060 1885 35%
c i 20.31 762 21 3  75 2896 1427 46% 17 364060 1884 35%
c i 20.36 762 21 3  75 2951 1455 46% 17 364060 1883 35%
c ] 20.43 762 21 3  75 3002 1489 46% 17 364060 1883 35%
c 
c  seconds    reductions  redundant   irredundant
c          MB     restarts       trail       variables
c            level   conflicts       glue         remaining
c 
c { 20.43 762 112 3  75 3002 1489 67% 26 364060 1883 35%
c F 20.44 762 112 3  75 3003 1490 67% 26 364060 1883 35%
c i 21.05 762 95 3  83 3268 1645 60% 24 364060 1882 35%
c i 21.08 762 95 3  83 3269 1645 60% 24 364060 1881 35%
c i 21.34 762 93 3  83 3314 1673 59% 24 364060 1880 35%
c i 21.34 762 93 3  83 3316 1674 59% 24 364060 1879 35%
c i 21.83 762 92 3  94 3389 1732 58% 25 364060 1878 35%
c i 22.36 762 88 3  98 3483 1799 57% 24 364060 1877 35%
c i 22.85 762 76 3  98 3832 2001 52% 22 364060 1876 35%
c i 22.97 762 73 3  98 3941 2074 52% 22 364060 1875 35%
c i 23.40 762 64 3  98 4340 2277 48% 20 364060 1874 35%
c i 23.52 762 62 3  98 4440 2335 48% 20 364060 1873 35%
c i 23.74 762 63 3 101 4506 2387 47% 20 364060 1872 35%
c - 24.43 759 63 4 106 4521 1738 47% 20 364018 1872 35%
c i 25.38 759 58 4 140 4936 2046 45% 20 364018 1871 35%
c d 26.04 759 57 4 140 5000 2083 45% 19 343895 1848 35%
c 2 26.12 759 57 4 140 5000 2811 45% 19 343895 1846 35%
c p 32.42 759 57 4 140 5000 5267 45% 19 343895 1823 34%
c # 34.59 759 46 4 140 6004 5803 44% 17 343819 1822 34%
c - 36.49 750 40 5 142 6863 2456 44% 16 343819 1822 34%
c 
c  seconds   reductions  redundant   irredundant
c          MB    restarts       trail       variables
c           level   conflicts       glue         remaining
c 
c } 36.65 750 39 5 142 7002 2558 43% 16 343819 1822 34%
c [ 36.65 750 21 5 142 7002 2558 46% 17 343819 1822 34%
c - 39.62 643 17 6 144 9628 3074 40% 14 343819 1822 34%
c I 40.03 643 17 6 144 10005 3261 40% 14 343819 1822 34%
c - 42.17 749 16 7 146 12854 2708 36% 13 343819 1822 34%
c ] 46.65 749 17 7 147 15003 4035 38% 14 343819 1822 34%
c { 46.65 749 39 7 147 15003 4035 43% 16 343819 1822 34%
c p 50.17 749 39 7 147 15003 7606 43% 16 343819 1819 34%
c B 50.29 749 39 7 147 15006 7609 43% 16 343819 1819 34%
c - 54.26 643 35 8 207 16543 3887 42% 15 343810 1819 34%
c s 55.58 643 32 8 207 17552 4136 42% 14 341141 1819 34%
c v 62.01 643 32 8 207 17552 4136 42% 14 341131 1819 34%
c t 62.11 643 32 8 207 17552 4121 42% 14 341123 1819 34%
c e 63.12 644 32 8 207 17552 3755 42% 14 338572 590 11%
c s 63.25 644 32 8 207 17552 3749 42% 14 338301 590 11%
c - 68.23 647 27 9 266 20691 4110 74% 14 338301 590 11%
c W 69.00 647 27 9 277 21008 4271 74% 14 338301 590 11%
c - 73.00 647 23 10 345 25278 4990 74% 13 338301 590 11%
c F 77.13 647 22 10 451 28011 6405 74% 12 338301 590 11%
c p 81.22 647 21 10 622 30004 9178 73% 12 338301 590 11%
c 
c  seconds   reductions    redundant   irredundant
c          MB     restarts        trail       variables
c           level     conflicts       glue        remaining
c 
c - 81.77 647 21 11 626 30326 5717 73% 12 338301 590 11%
c } 82.33 647 21 11 626 31005 6146 73% 12 338301 590 11%
c [ 82.33 647 17 11 626 31005 6146 121% 14 338301 590 11%
c - 86.66 647 17 12 629 35832 6427 104% 14 338301 590 11%
c B 86.86 647 17 12 629 36013 6570 104% 14 338301 590 11%
c - 92.71 647 18 13 633 41799 7060 95% 15 338301 590 11%
c W 98.80 647 19 13 633 45014 9051 92% 15 338301 590 11%
c - 102.58 647 19 14 634 48225 7890 90% 16 338301 590 11%
c p 108.00 647 19 14 634 50004 10989 89% 16 338301 588 11%
c s 115.28 647 19 14 634 54207 13637 87% 16 337909 588 11%
c v 119.38 647 19 14 634 54207 13637 87% 16 337867 588 11%
c t 119.47 647 19 14 634 54207 13619 87% 16 337867 588 11%
c e 120.46 647 19 14 634 54207 13591 87% 16 337858 584 11%
c s 120.60 647 19 14 634 54207 13589 87% 16 337553 584 11%
c O 123.56 647 19 14 635 55015 14116 87% 16 337553 584 11%
c - 123.92 647 19 15 635 55106 8767 87% 16 337553 584 11%
c - 130.49 647 19 16 640 62444 9139 84% 16 337553 584 11%
c ] 131.14 647 19 16 641 63010 9511 84% 16 337553 584 11%
c { 131.14 647 21 16 641 63010 9511 73% 12 337553 584 11%
c B 134.57 647 20 16 762 66019 11277 73% 12 337553 584 11%
c 
c  seconds    reductions    redundant   irredundant
c           MB     restarts        trail       variables
c            level     conflicts       glue        remaining
c 
c - 141.02 647 19 17 979 70238 9195 74% 12 337553 584 11%
c 2 147.58 647 18 17 1196 75004 12130 73% 12 337553 584 11%
c p 150.52 647 18 17 1196 75004 13660 73% 12 337553 583 11%
c W 156.40 647 18 17 1323 78023 15297 74% 12 337550 583 11%
c - 157.47 647 18 18 1323 78491 10231 74% 12 337550 583 11%
c i 168.70 647 17 18 1585 85311 13801 73% 12 337550 582 11%
c - 171.70 647 17 19 1654 87205 10250 73% 11 337547 582 11%
c # 177.34 647 17 19 1964 91025 12190 72% 12 337547 582 11%
c - 186.35 647 17 20 2323 96375 11768 72% 12 337547 582 11%
c 2 197.16 647 16 20 2738 105004 16597 73% 12 337547 582 11%
c p 199.50 647 16 20 2738 105004 18549 73% 12 337547 580 11%
c B 199.81 647 16 20 2738 105028 18561 73% 12 337547 580 11%
c - 201.83 647 16 21 2859 106003 12238 73% 12 337541 580 11%
c s 203.95 647 16 21 2941 109259 13743 73% 12 336595 580 11%
c v 207.81 647 16 21 2941 109259 13743 73% 12 336586 580 11%
c w 207.95 647 16 21 2941 109259 13733 73% 12 336586 580 11%
c t 207.96 647 16 21 2941 109259 13732 73% 12 336586 580 11%
c s 209.13 647 16 21 2941 109259 13728 73% 12 335927 580 11%
c - 221.17 647 16 22 3319 116091 12475 73% 11 335927 580 11%
c W 230.77 647 16 22 3592 120029 14853 73% 12 335927 580 11%
c 
c  seconds    reductions       redundant   irredundant
c           MB     restarts           trail       variables
c            level      conflicts         glue        remaining
c 
c - 240.23 647 15 23 3722 126622 14160 73% 11 335927 580 11%
c } 240.53 647 15 23 3722 127010 14327 73% 11 335927 580 11%
c [ 240.53 647 19 23 3722 127010 14327 84% 16 335927 580 11%
c B 251.63 647 20 23 3727 136030 20435 82% 16 335927 580 11%
c - 253.22 647 20 24 3728 137610 16113 82% 16 335927 580 11%
c 3 255.78 647 20 24 3729 140004 18048 82% 16 335927 580 11%
c p 258.59 647 20 24 3729 140004 20245 82% 16 335927 577 11%
c d 258.82 647 20 24 3729 140004 20107 82% 16 335918 576 11%
c - 271.02 647 20 25 3730 149057 16571 81% 16 335918 576 11%
c i 272.77 647 20 25 3730 151068 17716 80% 16 335918 570 11%
c i 272.77 647 20 25 3730 151069 17716 80% 16 335918 569 11%
c W 275.59 647 20 25 3731 153033 7388 80% 16 334972 569 11%
c - 283.36 647 20 26 3731 160961 11005 79% 16 334972 569 11%
c I 295.89 647 20 26 3734 171036 17287 78% 16 334972 569 11%
c - 300.06 647 20 27 3735 173314 15041 78% 17 334972 569 11%
c 2 311.02 647 20 27 3738 180007 19817 78% 16 334972 569 11%
c p 314.14 647 20 27 3738 180007 23011 78% 16 334972 561 11%
c d 314.49 647 20 27 3738 180007 22584 78% 16 316174 560 11%
c i 319.32 647 20 27 3740 182180 23673 77% 16 316174 530 10%
c s 320.52 647 20 27 3740 182685 24004 77% 16 314660 530 10%
c 
c  seconds    reductions       redundant   irredundant
c           MB     restarts           trail       variables
c            level      conflicts         glue        remaining
c 
c v 326.40 647 20 27 3740 182685 24004 77% 16 314607 530 10%
c w 326.85 647 20 27 3740 182685 23977 77% 16 314607 530 10%
c t 326.86 647 20 27 3740 182685 23944 77% 16 314607 530 10%
c e 327.62 647 20 27 3740 182685 15267 77% 16 151857 430  8%
c s 327.83 647 20 27 3740 182685 15264 77% 16 150644 430  8%
c - 330.93 647 20 28 3743 186124 10479 80% 16 150644 430  8%
c B 334.54 647 20 28 3745 190039 13029 81% 16 150644 430  8%
c i 338.27 647 20 28 3746 193592 15018 82% 16 150644 414  8%
c i 338.28 647 20 28 3746 193696 15035 82% 16 150644 394  7%
c i 338.29 647 19 28 3746 193769 15038 81% 16 150644 314  6%
c i 338.29 647 19 28 3746 193783 15041 81% 16 150644 303  6%
c i 338.29 647 19 28 3746 193791 15044 81% 16 150644 265  5%
c i 338.29 647 19 28 3746 193793 15045 81% 16 150644 250  5%
c ] 338.29 647 19 28 3746 193795 15045 81% 16 150644 246  5%
c 0 338.29 647 19 28 3746 193795 15045 81% 16 150644 246  5%
c 
c --- [ writing output ] -----------------------------------------------------
c 
c writing simplified CNF to DIMACS file 'simp/23.cubes16.adj.simp1'
c * 338.29 647 19 28 3746 193795 15045 81% 16 150644 246  5%
c opening file to write 'simp/23.cubes16.adj.simp1'
c writing 'p cnf 5320 1' header
c closing file 'simp/23.cubes16.adj.simp1'
c after writing 15 bytes 0.0 MB
c wrote 1 clauses in 0.00 seconds process time
c 
c --- [ writing extension ] --------------------------------------------------
c 
c writing extension stack to 'simp/23.cubes16.adj.ext1'
c opening file to write 'simp/23.cubes16.adj.ext1'
c closing file 'simp/23.cubes16.adj.ext1'
c after writing 0 bytes 0.0 MB
c wrote 0 witnesses in 0.00 seconds process time
c 
c --- [ result ] -------------------------------------------------------------
c 
s UNSATISFIABLE
c 
c --- [ run-time profiling ] -------------------------------------------------
c 
c process time taken by individual solving procedures
c (percentage relative to process time for solving)
c 
c       274.21   83.05% search
c       135.61   41.07% stable
c       132.92   40.26% unstable
c        55.96   16.95% simplify
c        24.52    7.43% probe
c        20.89    6.33% vivify
c         8.11    2.46% parse
c         6.81    2.06% elim
c         5.23    1.59% walk
c         1.44    0.44% subsume
c         0.45    0.14% lucky
c         0.37    0.11% ternary
c   =================================
c       330.17   97.60% solve
c 
c last line shows process time for solving
c (percentage relative to total process time)
c 
c --- [ statistics ] ---------------------------------------------------------
c 
c chronological:             36651        18.91 %  of conflicts
c conflicts:                193795       586.95    per second
c decisions:                304100       921.04    per second
c eliminated:                 1333        25.06 %  of all variables
c fixed:                       878        16.50 %  of all variables
c learned:                  189813        97.95 %  per conflict
c learned_lits:           23668494       100.00 %  learned literals
c minimized:                     0         0.00 %  learned literals
c shrunken:               16022612        67.70 %  learned literals
c minishrunken:            1295522         5.47 %  learned literals
c propagations:           10755942         0.03 M  per second
c reduced:                   77473        39.98 %  per conflict
c rephased:                     19     10199.74    interval
c restarts:                   3746        51.73    interval
c stabilizing:                   4        56.14 %  of conflicts
c substituted:                  26         0.49 %  of all variables
c subsumed:                  85397         3.21 %  of all clauses
c strengthened:              32448         1.22 %  of all clauses
c ternary:                    3767         0.86 %  of resolved
c vivified:                    166         0.01 %  of all clauses
c walked:                        5     38759.00    interval
c weakened:                   3369         3.14    average size
c 
c seconds are measured in process time for solving
c 
c --- [ resources ] ----------------------------------------------------------
c 
c total process time since initialization:       338.29    seconds
c total real time since initialization:          338.57    seconds
c maximum resident set size of process:          884.12    MB
c 
c --- [ shutting down ] ------------------------------------------------------
c 
c exit 20
WARNING! DIMACS header mismatch: wrong number of variables.
============================[ Problem Statistics ]=============================
|                                                                             |
|  Number of variables:             0                                         |
|  Number of clauses:               0                                         |
|  Parse time:                   0.00 s                                       |
|  Simplification time:          0.00 s                                       |
|                                                                             |
===============================================================================
Solved by simplification
database reductions   : 0
restarts              : 0
conflicts             : 0              (-nan /sec)
decisions             : 0              (-nan % random) (-nan /sec)
propagations          : 0              (-nan /sec)
conflict literals     : 0              (-nan % deleted)
actual reward         : -nan
Memory used           : 5.00 MB
CPU time              : 0 s

UNSATISFIABLE
