c --- [ banner ] -------------------------------------------------------------
c 
c CaDiCaL Radically Simplified CDCL SAT Solver
c Copyright (c) 2016-2021 A. Biere, M. Fleury, N. Froleyks
c 
c Version 1.5.2 a5f15211db36c3956764e18194dd5bd63bf3b5e6
c g++ (GCC) 9.3.0 -Wall -Wextra -O3 -DNDEBUG
c Fri Oct 21 01:27:37 EDT 2022 Linux gra-login3 3.10.0-1160.66.1.el7.x86_64 x86_64
c 
c --- [ limit ] --------------------------------------------------------------
c 
c setting conflict limit to 200000 conflicts (due to '200000')
c 
c --- [ parsing input ] ------------------------------------------------------
c 
c reading DIMACS file from '23.cubes205.adj'
c opening file to read '23.cubes205.adj'
c found 'p cnf 5320 914894' header
c parsed 914894 clauses in 8.18 seconds process time
c closing file '23.cubes205.adj'
c after reading 637830003 bytes 608.3 MB
c 
c --- [ options ] ------------------------------------------------------------
c 
c all options are set to their default value
c 
c --- [ solving ] ------------------------------------------------------------
c 
c time measured in process time since initialization
c 
c  seconds   reductions  redundant  irredundant
c          MB    restarts       trail      variables
c           level   conflicts       glue        remaining
c 
c *  8.18 635  0 0   0    0    0  0% 0 914847 2019 38%
c {  8.61 664  0 0   0    0    0  0% 0 914847 2019 38%
c i  8.78 674 1008 0   0    6    5 39% 1 914847 2016 38%
c i  9.83 701 331 0   4   50   38 28% 10 914847 2009 38%
c i  9.86 702 302 0   4   55   42 28% 10 914847 2008 38%
c i 11.19 713 140 0  21  203  161 27% 22 914847 2007 38%
c i 11.49 715 132 0  31  240  192 27% 25 914847 2006 38%
c i 11.78 715 123 0  38  272  220 27% 27 914847 2005 38%
c - 14.02 711 116 1  41  301  247 26% 25 246087 2005 38%
c i 14.22 711 105 1  42  348  285 27% 25 246087 2004 38%
c i 14.29 711 101 1  44  372  302 27% 26 246087 2003 38%
c i 14.80 655 94 1  61  499  397 27% 28 246087 2002 38%
c i 14.84 655 89 1  61  534  430 27% 27 246087 2001 38%
c i 14.84 655 89 1  61  535  430 27% 27 246087 2000 38%
c i 14.87 655 83 1  61  585  470 27% 26 246087 1999 38%
c i 15.12 655 79 1  69  708  568 28% 27 246087 1974 37%
c i 15.33 655 73 1  71  797  637 28% 26 246087 1973 37%
c i 15.40 655 68 1  71  897  712 28% 25 246087 1972 37%
c i 15.40 655 68 1  71  904  715 28% 25 246087 1971 37%
c i 15.41 655 67 1  71  944  748 28% 25 246087 1970 37%
c 
c  seconds   reductions  redundant   irredundant
c          MB    restarts       trail       variables
c           level   conflicts       glue         remaining
c 
c i 15.42 655 67 1  71  954  754 28% 25 246087 1969 37%
c i 15.43 655 66 1  73  970  766 28% 25 246087 1968 37%
c } 15.44 655 65 1  73 1001  788 28% 25 246087 1968 37%
c [ 15.44 655  0 1  73 1001  788  0% 0 246087 1968 37%
c O 15.45 655  3 1  73 1002  789 15% 1 246087 1968 37%
c i 15.45 655  2 1  73 1009  792 15% 2 246087 1937 36%
c i 15.47 655  3 1  73 1078  800 16% 3 246087 1924 36%
c i 15.59 655  9 1  73 1125  842 22% 8 246087 1923 36%
c - 16.00 734 10 2  73 1135  722 23% 8 202101 1923 36%
c i 16.14 735 14 2  73 1248  815 27% 11 202101 1922 36%
c i 16.17 735 15 2  73 1344  899 28% 12 202101 1921 36%
c i 16.20 735 17 2  73 1444  970 29% 13 202101 1920 36%
c i 16.52 711 23 2  73 1851 1285 29% 19 202101 1919 36%
c - 16.89 710 22 3  74 2310 1195 30% 18 202089 1919 36%
c i 17.16 710 23 3  74 2372 1245 47% 19 202089 1918 36%
c i 17.22 710 24 3  74 2449 1313 48% 20 202089 1917 36%
c i 17.49 710 30 3  74 2958 1662 49% 24 202089 1916 36%
c ] 17.50 710 30 3  74 3002 1691 49% 24 202089 1916 36%
c { 17.50 710 65 3  74 3002 1691 78% 25 202089 1916 36%
c F 17.50 710 65 3  74 3003 1692 78% 25 202089 1916 36%
c 
c  seconds   reductions  redundant   irredundant
c          MB    restarts       trail       variables
c           level   conflicts       glue         remaining
c 
c i 17.70 710 60 3  74 3116 1767 75% 23 202089 1915 36%
c i 18.02 710 53 3  75 3435 1995 70% 22 202089 1914 36%
c i 18.39 710 53 3  83 3552 2074 67% 22 202089 1913 36%
c i 18.75 710 53 3 101 3628 2135 66% 23 202089 1912 36%
c i 18.87 710 53 3 113 3673 2168 66% 23 202089 1911 36%
c i 18.94 710 53 3 118 3696 2188 65% 23 202089 1910 36%
c - 19.37 708 50 4 119 3877 1653 64% 23 202062 1910 36%
c i 19.40 708 50 4 119 3890 1664 64% 22 202062 1909 36%
c i 19.54 708 50 4 127 4011 1762 63% 23 202062 1908 36%
c i 19.99 708 48 4 139 4232 1929 61% 22 202062 1907 36%
c i 20.12 708 44 4 139 4563 2212 60% 21 202062 1906 36%
c i 20.22 708 44 4 140 4589 2236 60% 22 202062 1905 36%
c i 20.25 708 44 4 140 4671 2289 59% 21 202062 1904 36%
c d 20.97 708 43 4 166 5002 2546 58% 22 202032 1898 36%
c 2 21.00 708 43 4 166 5002 3450 58% 22 202032 1898 36%
c p 22.91 708 43 4 166 5002 6165 58% 22 202032 1857 35%
c d 23.20 708 43 4 166 5002 6066 58% 22 201914 1856 35%
c - 24.33 704 40 5 203 5835 2495 56% 21 201914 1856 35%
c # 24.44 704 39 5 205 6005 2600 56% 20 201914 1856 35%
c } 25.96 704 37 5 277 7002 3293 54% 20 201914 1856 35%
c 
c  seconds   reductions  redundant   irredundant
c          MB    restarts       trail       variables
c           level   conflicts       glue         remaining
c 
c [ 25.96 704 30 5 277 7002 3293 49% 24 201914 1856 35%
c - 26.49 632 29 6 278 8185 2895 51% 24 201914 1856 35%
c I 27.29 632 26 6 279 10009 3993 51% 22 201914 1856 35%
c - 27.84 704 28 7 280 10926 3295 51% 23 201914 1856 35%
c - 28.89 632 28 8 282 14058 3712 51% 23 201914 1856 35%
c ] 29.21 632 28 8 282 15002 4322 50% 23 201914 1856 35%
c { 29.21 632 37 8 282 15002 4322 54% 20 201914 1856 35%
c 2 29.25 632 37 8 282 15002 5358 54% 20 201914 1856 35%
c p 30.15 632 37 8 282 15002 7941 54% 20 201914 1856 35%
c B 30.27 632 37 8 282 15012 7950 54% 20 201914 1856 35%
c - 32.68 632 33 9 394 17581 4525 53% 20 201914 1856 35%
c s 32.90 632 33 9 410 17648 4451 52% 20 200470 1856 35%
c v 35.10 632 33 9 410 17648 4451 52% 20 200449 1856 35%
c t 35.16 632 33 9 410 17648 4445 52% 20 200439 1856 35%
c e 35.77 633 33 9 410 17648 4089 52% 20 198607 859 16%
c s 35.85 633 33 9 410 17648 4088 52% 20 197750 859 16%
c W 39.18 633 30 9 534 21013 6355 67% 18 197750 859 16%
c - 39.51 633 30 10 538 21498 5028 67% 18 197750 859 16%
c - 42.95 633 28 11 728 25776 6051 66% 18 197750 859 16%
c F 44.08 633 27 11 771 28017 7609 67% 18 197750 859 16%
c 
c  seconds   reductions     redundant   irredundant
c          MB     restarts         trail       variables
c           level     conflicts        glue        remaining
c 
c p 47.51 633 27 11 845 30002 11446 66% 18 197750 858 16%
c - 47.88 633 27 12 845 30444 6524 66% 18 197747 858 16%
c } 48.04 633 26 12 845 31002 6900 67% 17 197747 858 16%
c [ 48.04 633 28 12 845 31002 6900 112% 23 197747 858 16%
c - 49.30 633 24 13 847 35500 6528 97% 20 197747 858 16%
c B 49.48 633 23 13 848 36019 6854 95% 20 197747 858 16%
c - 50.95 633 24 14 851 40944 7427 88% 20 197747 858 16%
c W 53.00 633 24 14 852 45022 10327 84% 20 197747 858 16%
c - 53.74 633 24 15 853 46776 8024 83% 20 197747 858 16%
c s 54.74 633 24 15 853 49038 9645 82% 20 196483 858 16%
c v 57.15 633 24 15 853 49038 9645 82% 20 196470 858 16%
c t 57.24 633 24 15 853 49038 9642 82% 20 196469 858 16%
c e 57.82 633 24 15 853 49038 9642 82% 20 196464 853 16%
c s 57.94 633 24 15 853 49038 9641 82% 20 194938 853 16%
c p 59.86 633 24 15 853 50003 13043 81% 20 194938 853 16%
c - 61.19 633 24 16 853 53000 8684 80% 20 194938 853 16%
c O 61.76 633 24 16 854 55024 10033 79% 20 194938 853 16%
c - 63.00 633 23 17 857 59578 8873 78% 20 194938 853 16%
c ] 64.06 633 23 17 860 63003 11096 77% 20 194938 853 16%
c { 64.06 633 26 17 860 63003 11096 67% 17 194938 853 16%
c 
c  seconds   reductions     redundant   irredundant
c          MB     restarts         trail       variables
c           level     conflicts        glue        remaining
c 
c B 65.53 633 25 17 901 66025 13114 67% 17 194938 853 16%
c - 65.86 633 25 18 932 66543 9301 67% 17 194938 853 16%
c - 71.03 633 24 19 1240 73895 10206 67% 17 194938 853 16%
c p 72.92 633 24 19 1246 75004 13745 67% 16 194938 853 16%
c W 75.60 633 23 19 1324 78026 15565 67% 16 194938 853 16%
c - 77.53 633 23 20 1464 81634 11091 67% 16 194938 853 16%
c - 79.91 633 21 21 1522 89762 10631 67% 15 194938 853 16%
c # 80.68 633 21 21 1581 91030 11395 67% 15 194938 853 16%
c s 85.11 633 21 21 1819 96056 14668 67% 15 193793 853 16%
c v 88.09 633 21 21 1819 96056 14668 67% 15 193775 853 16%
c w 88.23 633 21 21 1819 96056 14667 67% 15 193775 853 16%
c s 89.01 633 21 21 1819 96056 14667 67% 15 191669 853 16%
c - 91.29 633 21 22 1967 98275 11675 67% 15 191669 853 16%
c p 100.75 633 21 22 2534 105006 19116 67% 15 191669 853 16%
c B 100.91 633 21 22 2534 105035 19134 67% 15 191669 853 16%
c - 102.31 636 21 23 2630 107125 13106 66% 15 191669 853 16%
c - 107.15 636 20 24 2926 116359 13480 67% 15 191669 853 16%
c W 110.84 636 20 24 3156 120037 15648 67% 15 191669 853 16%
c - 112.61 636 20 25 3296 125980 13998 67% 15 191669 853 16%
c } 113.80 636 20 25 3362 127003 14706 67% 15 191669 853 16%
c 
c  seconds    reductions       redundant   irredundant
c           MB     restarts           trail       variables
c            level      conflicts         glue        remaining
c 
c [ 113.80 636 23 25 3362 127003 14706 77% 20 191669 853 16%
c - 117.61 636 23 26 3366 135984 14610 75% 20 191669 853 16%
c B 117.69 636 23 26 3366 136038 14645 75% 20 191669 853 16%
c p 120.82 636 24 26 3369 140007 20688 74% 21 191669 852 16%
c - 122.76 636 24 27 3370 146372 14908 73% 21 191666 852 16%
c W 124.79 636 25 27 3371 153039 18850 72% 21 191666 852 16%
c - 125.91 636 24 28 3371 157146 15119 72% 21 191666 852 16%
c s 126.48 636 24 28 3371 158552 15995 72% 21 190183 852 16%
c v 130.06 636 24 28 3371 158552 15995 72% 21 190160 852 16%
c w 130.30 636 24 28 3371 158552 15995 72% 21 190160 852 16%
c s 131.13 636 24 28 3371 158552 15995 72% 21 187380 852 16%
c - 134.76 636 25 29 3371 168305 16085 71% 21 187380 852 16%
c I 135.61 636 25 29 3374 171047 17927 71% 22 187380 852 16%
c - 140.72 636 25 30 3378 179759 17224 70% 22 187380 852 16%
c p 141.83 636 25 30 3378 180007 20695 70% 22 187380 852 16%
c B 146.42 636 26 30 3385 190051 27780 70% 22 187380 852 16%
c - 146.91 636 26 31 3385 191601 18587 70% 22 187380 852 16%
c ] 149.03 636 28 31 3386 200004 25160 69% 24 187380 852 16%
c ? 149.03 636 28 31 3386 200004 25160 69% 24 187380 852 16%
c 
c --- [ writing output ] -----------------------------------------------------
c 
c writing simplified CNF to DIMACS file 'simp/23.cubes205.adj.simp1'
c * 149.03 636 28 31 3386 200004 25160 69% 24 187380 852 16%
c opening file to write 'simp/23.cubes205.adj.simp1'
c writing 'p cnf 5320 187380' header
c closing file 'simp/23.cubes205.adj.simp1'
c after writing 78759643 bytes 75.1 MB
c wrote 187380 clauses in 0.65 seconds process time
c 
c --- [ writing extension ] --------------------------------------------------
c 
c writing extension stack to 'simp/23.cubes205.adj.ext1'
c opening file to write 'simp/23.cubes205.adj.ext1'
c closing file 'simp/23.cubes205.adj.ext1'
c after writing 66389 bytes 0.1 MB
c wrote 2969 witnesses in 0.00 seconds process time
c 
c --- [ result ] -------------------------------------------------------------
c 
c UNKNOWN
c 
c --- [ run-time profiling ] -------------------------------------------------
c 
c process time taken by individual solving procedures
c (percentage relative to process time for solving)
c 
c       111.84   79.40% search
c        66.54   47.24% unstable
c        42.40   30.10% stable
c        29.01   20.60% simplify
c        11.62    8.25% vivify
c        10.59    7.52% probe
c         8.18    5.81% parse
c         4.49    3.18% elim
c         2.46    1.75% walk
c         1.33    0.94% subsume
c         0.44    0.31% lucky
c         0.17    0.12% ternary
c   =================================
c       140.85   94.10% solve
c 
c last line shows process time for solving
c (percentage relative to total process time)
c 
c --- [ statistics ] ---------------------------------------------------------
c 
c chronological:             34837        17.42 %  of conflicts
c conflicts:                200004      1419.99    per second
c decisions:                338189      2401.07    per second
c eliminated:                 1002        18.83 %  of all variables
c fixed:                       622        11.69 %  of all variables
c learned:                  195579        97.79 %  per conflict
c learned_lits:           32411711       100.00 %  learned literals
c minimized:                     0         0.00 %  learned literals
c shrunken:               19672158        60.69 %  learned literals
c minishrunken:            2943682         9.08 %  learned literals
c propagations:           12555586         0.09 M  per second
c reduced:                  106449        53.22 %  per conflict
c rephased:                     19     10526.53    interval
c restarts:                   3386        59.07    interval
c stabilizing:                   4        57.50 %  of conflicts
c substituted:                   7         0.13 %  of all variables
c subsumed:                  76812         3.34 %  of all clauses
c strengthened:              23956         1.04 %  of all clauses
c ternary:                    5666         0.77 %  of resolved
c vivified:                    109         0.00 %  of all clauses
c walked:                        5     40000.80    interval
c weakened:                   2347         3.10    average size
c 
c seconds are measured in process time for solving
c 
c --- [ resources ] ----------------------------------------------------------
c 
c total process time since initialization:       149.68    seconds
c total real time since initialization:          149.75    seconds
c maximum resident set size of process:          789.28    MB
c 
c --- [ shutting down ] ------------------------------------------------------
c 
c exit 0
WARNING! DIMACS header mismatch: wrong number of variables.
============================[ Problem Statistics ]=============================
|                                                                             |
|  Number of variables:          3175                                         |
|  Number of clauses:          187380                                         |
|  Parse time:                   1.05 s                                       |
|  Simplification time:          0.02 s                                       |
|                                                                             |
============================[ Search Statistics ]====================================================
| Conflicts |          ORIGINAL         |          LEARNT          | Num Sols |      SUBGRAPHS      |
|           |    Vars  Clauses Literals |    Limit  Clauses Lit/Cl |          | Canonical Noncanon. |
=====================================================================================================
|       104 |    3091   187384 17205303 |     2000      104     96 |        0 |        15         4 |
|       264 |    3091   187394 17205464 |     2000      264     88 |        0 |        33        14 |
|       522 |    3091   187427 17206035 |     2000      522     82 |        0 |        54        47 |
|       860 |    3091   187428 17206128 |     2000      860     86 |        0 |        64        48 |
|      1371 |    3091   187433 17206302 |     2000     1371     86 |        0 |        78        53 |
|      2151 |    3091   187454 17206672 |     3600     1151     57 |        0 |        97        74 |
|      3311 |    3091   187475 17207049 |     3600     2311     72 |        0 |       125        95 |
|      5571 |    3091   188027 17216409 |     5001     2772     43 |        0 |       366       647 |
|      8149 |    3091   188043 17216700 |     6300     2849     33 |        0 |       397       663 |
|     12292 |    3091   188342 17221361 |     7552     3844     32 |        0 |       503       962 |
|     18456 |    3091   188740 17228043 |     8779     6235     46 |        0 |       690      1360 |
|     27405 |    3091   189040 17233017 |    11203     5808     25 |        0 |       812      1660 |
|     40521 |    3091   189182 17235884 |    13607     7128     23 |        0 |       888      1802 |
|     60241 |    3091   189441 17240428 |    16007    12648     41 |        0 |      1016      2061 |
|     90645 |    3091   190653 17260968 |    19607    17252     49 |        0 |      1389      3273 |
|    135200 |    3091   191419 17275878 |    24415    19015     43 |        0 |      1601      4039 |
|    201811 |    3091   192346 17294353 |    30410    18621     33 |        0 |      1826      4966 |
|    301695 |    3091   193704 17323346 |    37611    18306     19 |        0 |      2238      6324 |
|    453199 |    3091   197419 17395739 |    46022    25621     31 |        0 |      3031     10039 |
|    678681 |    3059   158085 14448132 |    48568    43249     58 |        0 |      3708     13838 |
|   1016201 |    3058   163076 14541049 |    68815    49016     46 |        0 |      5258     18833 |
|   1522660 |    3049   169488 14655790 |    84347    61407     45 |        0 |      6810     26504 |
=====================================================================================================
Number of solutions   : 0
Canonical subgraphs   : 7548           (17 /sec)
          order  3    : 1              (166667 /sec)
          order  4    : 1              (500000 /sec)
          order  5    : 1              (250000 /sec)
          order  6    : 1              (55556 /sec)
          order  7    : 1              (8772 /sec)
          order  8    : 2              (1368 /sec)
          order  9    : 6              (315 /sec)
          order 10    : 22             (93 /sec)
          order 11    : 101            (26 /sec)
          order 12    : 429            (12 /sec)
          order 13    : 1783           (16 /sec)
          order 14    : 3449           (18 /sec)
          order 15    : 1093           (19 /sec)
          order 16    : 450            (16 /sec)
          order 17    : 189            (13 /sec)
          order 18    : 17             (12 /sec)
          order 19    : 1              (18 /sec)
          order 20    : 1              (17 /sec)
          order 21    : 0              (-nan /sec)
Noncanonical subgraphs: 35989          (1250 /sec)
          order  3    : 0              (-nan /sec)
          order  4    : 0              (-nan /sec)
          order  5    : 0              (-nan /sec)
          order  6    : 0              (-nan /sec)
          order  7    : 0              (-nan /sec)
          order  8    : 0              (-nan /sec)
          order  9    : 0              (-nan /sec)
          order 10    : 0              (-nan /sec)
          order 11    : 0              (-nan /sec)
          order 12    : 0              (-nan /sec)
          order 13    : 7011           (8749 /sec)
          order 14    : 10107          (6194 /sec)
          order 15    : 17536          (855 /sec)
          order 16    : 859            (890 /sec)
          order 17    : 468            (100 /sec)
          order 18    : 6              (85 /sec)
          order 19    : 0              (-nan /sec)
          order 20    : 0              (-nan /sec)
Canonicity checking   : 442.667 s
Noncanonicity checking: 28.7961 s
Total canonicity time : 471.463 s
database reductions   : 70
restarts              : 3070
conflicts             : 1591948        (1737 /sec)
decisions             : 2114791        (0.00 % random) (2308 /sec)
propagations          : 81114431       (88527 /sec)
conflict literals     : 129142236      (56.17 % deleted)
actual reward         : 0.245074
Memory used           : 238.00 MB
CPU time              : 916.264 s

UNSATISFIABLE
