c --- [ banner ] -------------------------------------------------------------
c 
c CaDiCaL Radically Simplified CDCL SAT Solver
c Copyright (c) 2016-2021 A. Biere, M. Fleury, N. Froleyks
c 
c Version 1.5.2 a5f15211db36c3956764e18194dd5bd63bf3b5e6
c g++ (GCC) 9.3.0 -Wall -Wextra -O3 -DNDEBUG
c Fri Oct 21 01:27:37 EDT 2022 Linux gra-login3 3.10.0-1160.66.1.el7.x86_64 x86_64
c 
c --- [ limit ] --------------------------------------------------------------
c 
c setting conflict limit to 200000 conflicts (due to '200000')
c 
c --- [ parsing input ] ------------------------------------------------------
c 
c reading DIMACS file from '23.cubes290.adj'
c opening file to read '23.cubes290.adj'
c found 'p cnf 5320 914895' header
c parsed 914895 clauses in 8.21 seconds process time
c closing file '23.cubes290.adj'
c after reading 637830008 bytes 608.3 MB
c 
c --- [ options ] ------------------------------------------------------------
c 
c all options are set to their default value
c 
c --- [ solving ] ------------------------------------------------------------
c 
c time measured in process time since initialization
c 
c  seconds   reductions  redundant  irredundant
c          MB    restarts       trail      variables
c           level   conflicts       glue        remaining
c 
c *  8.21 630  0 0   0    0    0  0% 0 914847 2181 41%
c {  8.51 650  0 0   0    0    0  0% 0 914847 2181 41%
c i  9.25 678 543 0   0   35   31 25% 3 914847 2168 41%
c i  9.25 678 529 0   0   36   31 25% 2 914847 2166 41%
c i 11.99 719 200 0  16  120   93 24% 13 914847 2151 40%
c i 12.08 719 193 0  18  127   96 24% 15 914847 2150 40%
c i 13.64 727 133 0  51  256  208 25% 30 914847 2149 40%
c i 13.66 727 132 0  54  266  214 25% 29 914847 2146 40%
c - 15.24 711 124 1  59  301  233 24% 28 206670 2146 40%
c i 15.38 639 123 1  59  305  236 24% 29 206670 2145 40%
c i 15.64 639 116 1  60  337  262 25% 28 206670 2144 40%
c i 15.68 639 115 1  60  347  269 25% 28 206670 2143 40%
c i 15.98 640 111 1  70  404  312 25% 30 206670 2142 40%
c i 16.08 640 111 1  76  430  334 25% 33 206670 2141 40%
c i 16.33 640 104 1  90  508  403 25% 34 206670 2140 40%
c i 16.34 640 102 1  90  522  416 26% 34 206670 2139 40%
c i 16.61 640 99 1  98  570  460 26% 34 206670 2138 40%
c i 16.68 640 87 1  98  689  554 26% 32 206670 2137 40%
c i 16.73 640 80 1  98  782  631 27% 31 206670 2136 40%
c i 17.02 641 80 1 111  853  686 27% 32 206670 2135 40%
c 
c  seconds   reductions  redundant   irredundant
c          MB    restarts       trail       variables
c           level   conflicts       glue         remaining
c 
c } 18.00 642 84 1 145 1002  819 27% 35 206670 2135 40%
c [ 18.00 642  0 1 145 1002  819  0% 0 206670 2135 40%
c O 18.00 642  0 1 145 1003  819 10% 0 206670 2135 40%
c i 18.00 642  0 1 145 1003  819 10% 0 206670 2108 40%
c i 18.01 642  1 1 145 1004  819 11% 0 206670 2096 39%
c i 18.04 642  2 1 145 1013  823 11% 2 206670 2064 39%
c i 18.04 642  2 1 145 1016  825 11% 1 206670 2051 39%
c i 18.04 642  2 1 145 1017  825 11% 1 206670 2050 39%
c i 18.04 642  2 1 145 1018  825 11% 1 206670 2032 38%
c i 18.14 642 17 1 145 1049  847 25% 12 206670 2031 38%
c - 18.58 716 17 2 145 1092  769 28% 14 158860 2031 38%
c i 18.66 716 19 2 145 1137  800 30% 15 158860 2030 38%
c i 18.68 716 20 2 145 1188  836 30% 16 158860 2029 38%
c i 18.72 716 24 2 145 1320  939 30% 19 158860 2028 38%
c i 18.77 716 27 2 145 1525 1099 30% 22 158860 2027 38%
c i 18.77 716 27 2 145 1530 1103 30% 22 158860 2026 38%
c i 18.85 716 29 2 145 1657 1175 30% 24 158860 2025 38%
c ] 18.86 716 29 2 145 1667 1181 30% 24 158860 2025 38%
c 1 18.86 716 29 2 145 1667 1181 30% 24 158860 2025 38%
c 
c --- [ writing output ] -----------------------------------------------------
c 
c writing simplified CNF to DIMACS file 'simp/23.cubes290.adj.simp1'
c * 18.86 716 29 2 145 1667 1181 30% 24 158860 2025 38%
c opening file to write 'simp/23.cubes290.adj.simp1'
c writing 'p cnf 5320 158842' header
c closing file 'simp/23.cubes290.adj.simp1'
c after writing 85426996 bytes 81.5 MB
c wrote 158842 clauses in 0.62 seconds process time
c 
c --- [ writing extension ] --------------------------------------------------
c 
c writing extension stack to 'simp/23.cubes290.adj.ext1'
c opening file to write 'simp/23.cubes290.adj.ext1'
c closing file 'simp/23.cubes290.adj.ext1'
c after writing 6498 bytes 0.0 MB
c wrote 458 witnesses in 0.00 seconds process time
c 
c --- [ result ] -------------------------------------------------------------
c 
s SATISFIABLE
c 
c --- [ run-time profiling ] -------------------------------------------------
c 
c process time taken by individual solving procedures
c (percentage relative to process time for solving)
c 
c        10.65  100.00% search
c         9.49   89.13% unstable
c         8.21   77.16% parse
c         0.86    8.10% stable
c         0.29    2.77% lucky
c         0.00    0.00% simplify
c   =================================
c        10.65   54.64% solve
c 
c last line shows process time for solving
c (percentage relative to total process time)
c 
c --- [ statistics ] ---------------------------------------------------------
c 
c chronological:               527        31.61 %  of conflicts
c conflicts:                  1667       156.60    per second
c decisions:                 21051      1977.51    per second
c fixed:                       458         8.61 %  of all variables
c learned:                    1614        96.82 %  per conflict
c learned_lits:             316175       100.00 %  learned literals
c minimized:                     0         0.00 %  learned literals
c shrunken:                 142934        45.21 %  learned literals
c minishrunken:              38216        12.09 %  learned literals
c propagations:             305354         0.03 M  per second
c reduced:                      93         5.58 %  per conflict
c rephased:                      1      1667.00    interval
c restarts:                    145        11.50    interval
c stabilizing:                   1        39.89 %  of conflicts
c subsumed:                    293         0.02 %  of all clauses
c 
c seconds are measured in process time for solving
c 
c --- [ resources ] ----------------------------------------------------------
c 
c total process time since initialization:        19.48    seconds
c total real time since initialization:           19.57    seconds
c maximum resident set size of process:          727.95    MB
c 
c --- [ shutting down ] ------------------------------------------------------
c 
c exit 10
WARNING! DIMACS header mismatch: wrong number of variables.
============================[ Problem Statistics ]=============================
|                                                                             |
|  Number of variables:          5282                                         |
|  Number of clauses:          158842                                         |
|  Parse time:                   1.17 s                                       |
|  Simplification time:          0.02 s                                       |
|                                                                             |
============================[ Search Statistics ]====================================================
| Conflicts |          ORIGINAL         |          LEARNT          | Num Sols |      SUBGRAPHS      |
|           |    Vars  Clauses Literals |    Limit  Clauses Lit/Cl |          | Canonical Noncanon. |
=====================================================================================================
|       199 |    5206   158941 18425916 |     2000      199     27 |        0 |        53        99 |
|       523 |    5204   159115 18428704 |     2000      521     53 |        0 |        87       273 |
|       911 |    5204   159278 18431458 |     2000      909     63 |        0 |       123       436 |
|      1536 |    5202   159566 18436666 |     2000     1532     71 |        0 |       172       724 |
|      2352 |    5200   159876 18440402 |     3601     1352     25 |        0 |       228      1034 |
|      3228 |    5196   159993 18442114 |     3601     2224     59 |        0 |       274      1151 |
|      4521 |    5196   160147 18445423 |     3601     3517     78 |        0 |       328      1305 |
|      6507 |    5194   160425 18450786 |     4996     3701     69 |        0 |       447      1583 |
|      9246 |    5190   160602 18454049 |     6300     3944     53 |        0 |       513      1760 |
|     13424 |    5189   160936 18460594 |     7550     4974     51 |        0 |       610      2094 |
|     19560 |    5188   161306 18467331 |     8781     7341     67 |        0 |       678      2464 |
|     28532 |    5188   161629 18473642 |    11203     6935     56 |        0 |       756      2787 |
|     42677 |    5188   162800 18492378 |    13609     9286     58 |        0 |      1124      3958 |
|     63134 |    5188   163796 18507906 |    16006    15540     79 |        0 |      1435      4954 |
|     96516 |    5188   167986 18569452 |    20808    13324     47 |        0 |      2259      9144 |
|    141163 |    5188   168844 18584021 |    25614    12777     30 |        0 |      2477     10002 |
|    208188 |    5188   170131 18607012 |    30409    24997     66 |        0 |      2732     11343 |
|    308884 |    5188   172301 18640969 |    37610    25494     55 |        0 |      3241     13513 |
|    458833 |    5188   174461 18677668 |    46011    31244     52 |        0 |      3719     15673 |
|    682782 |    5142   125832 14712612 |    47393    46175     89 |        1 |      4314     17938 |
|   1032686 |    5142   121343 12509411 |    68802    65488     71 |        1 |      8205     35317 |
=====================================================================================================
Number of solutions   : 1
Canonical subgraphs   : 8778           (40 /sec)
          order  3    : 1              (166667 /sec)
          order  4    : 1              (500000 /sec)
          order  5    : 1              (200000 /sec)
          order  6    : 1              (52632 /sec)
          order  7    : 1              (8333 /sec)
          order  8    : 1              (2198 /sec)
          order  9    : 3              (956 /sec)
          order 10    : 13             (485 /sec)
          order 11    : 29             (246 /sec)
          order 12    : 80             (147 /sec)
          order 13    : 132            (103 /sec)
          order 14    : 1033           (65 /sec)
          order 15    : 4307           (49 /sec)
          order 16    : 2130           (32 /sec)
          order 17    : 768            (22 /sec)
          order 18    : 138            (19 /sec)
          order 19    : 65             (28 /sec)
          order 20    : 73             (28 /sec)
          order 21    : 1              (2 /sec)
Noncanonical subgraphs: 39285          (323 /sec)
          order  3    : 0              (-nan /sec)
          order  4    : 0              (-nan /sec)
          order  5    : 0              (-nan /sec)
          order  6    : 0              (-nan /sec)
          order  7    : 0              (-nan /sec)
          order  8    : 0              (-nan /sec)
          order  9    : 0              (-nan /sec)
          order 10    : 0              (-nan /sec)
          order 11    : 0              (-nan /sec)
          order 12    : 0              (-nan /sec)
          order 13    : 588            (17296 /sec)
          order 14    : 3370           (3045 /sec)
          order 15    : 11096          (1376 /sec)
          order 16    : 21519          (248 /sec)
          order 17    : 2382           (131 /sec)
          order 18    : 220            (57 /sec)
          order 19    : 26             (2882 /sec)
          order 20    : 0              (-nan /sec)
Canonicity checking   : 219.756 s
Noncanonicity checking: 121.627 s
Total canonicity time : 341.384 s
database reductions   : 64
restarts              : 2558
conflicts             : 1357735        (1815 /sec)
decisions             : 1775273        (0.00 % random) (2373 /sec)
propagations          : 121890972      (162944 /sec)
conflict literals     : 151163786      (56.65 % deleted)
actual reward         : 0.141761
Memory used           : 231.00 MB
CPU time              : 748.056 s

UNSATISFIABLE
