+ '[' -z 4349 ']'
+ f=constraints_22_11.simp-noncanon.simp
+ c=22-cubes/30.cubes
+ i=4349
+ s=70
+ adj=22-cubes/30.cubes4349.adj
+ cnf=22-cubes/30.cubes4349.cnf
+ ext=22-cubes/30.cubes4349.ext
+ cnfext=22-cubes/30.cubes4349.cnfext
+ unitlines=0
++ sed '4350q;d' 22-cubes/30.cubes
+ for b in '$(sed "$((i+1))q;d" "$c")'
+ [[ a != \a ]]
+ for b in '$(sed "$((i+1))q;d" "$c")'
+ [[ -92 != \a ]]
+ [[ -92 != \0 ]]
+ unitlines=1
+ for b in '$(sed "$((i+1))q;d" "$c")'
+ [[ -137 != \a ]]
+ [[ -137 != \0 ]]
+ unitlines=2
+ for b in '$(sed "$((i+1))q;d" "$c")'
+ [[ 122 != \a ]]
+ [[ 122 != \0 ]]
+ unitlines=3
+ for b in '$(sed "$((i+1))q;d" "$c")'
+ [[ -80 != \a ]]
+ [[ -80 != \0 ]]
+ unitlines=4
+ for b in '$(sed "$((i+1))q;d" "$c")'
+ [[ -58 != \a ]]
+ [[ -58 != \0 ]]
+ unitlines=5
+ for b in '$(sed "$((i+1))q;d" "$c")'
+ [[ -207 != \a ]]
+ [[ -207 != \0 ]]
+ unitlines=6
+ for b in '$(sed "$((i+1))q;d" "$c")'
+ [[ 154 != \a ]]
+ [[ 154 != \0 ]]
+ unitlines=7
+ for b in '$(sed "$((i+1))q;d" "$c")'
+ [[ 171 != \a ]]
+ [[ 171 != \0 ]]
+ unitlines=8
+ for b in '$(sed "$((i+1))q;d" "$c")'
+ [[ -169 != \a ]]
+ [[ -169 != \0 ]]
+ unitlines=9
+ for b in '$(sed "$((i+1))q;d" "$c")'
+ [[ 107 != \a ]]
+ [[ 107 != \0 ]]
+ unitlines=10
+ for b in '$(sed "$((i+1))q;d" "$c")'
+ [[ 168 != \a ]]
+ [[ 168 != \0 ]]
+ unitlines=11
+ for b in '$(sed "$((i+1))q;d" "$c")'
+ [[ -166 != \a ]]
+ [[ -166 != \0 ]]
+ unitlines=12
+ for b in '$(sed "$((i+1))q;d" "$c")'
+ [[ -229 != \a ]]
+ [[ -229 != \0 ]]
+ unitlines=13
+ for b in '$(sed "$((i+1))q;d" "$c")'
+ [[ -69 != \a ]]
+ [[ -69 != \0 ]]
+ unitlines=14
+ for b in '$(sed "$((i+1))q;d" "$c")'
+ [[ 185 != \a ]]
+ [[ 185 != \0 ]]
+ unitlines=15
+ for b in '$(sed "$((i+1))q;d" "$c")'
+ [[ 0 != \a ]]
+ [[ 0 != \0 ]]
++ cut '-d ' -f3
++ head -n 1 constraints_22_11.simp-noncanon.simp
+ numvars=6160
++ cut '-d ' -f4
++ head -n 1 constraints_22_11.simp-noncanon.simp
+ numlines=1786659
+ newlines=1786674
+ echo 'p cnf 6160 1786674'
+ tail constraints_22_11.simp-noncanon.simp -n +2
++ sed '4350q;d' 22-cubes/30.cubes
+ for b in '$(sed "$((i+1))q;d" "$c")'
+ [[ a != \a ]]
+ for b in '$(sed "$((i+1))q;d" "$c")'
+ [[ -92 != \a ]]
+ [[ -92 != \0 ]]
+ echo '-92 0'
+ for b in '$(sed "$((i+1))q;d" "$c")'
+ [[ -137 != \a ]]
+ [[ -137 != \0 ]]
+ echo '-137 0'
+ for b in '$(sed "$((i+1))q;d" "$c")'
+ [[ 122 != \a ]]
+ [[ 122 != \0 ]]
+ echo '122 0'
+ for b in '$(sed "$((i+1))q;d" "$c")'
+ [[ -80 != \a ]]
+ [[ -80 != \0 ]]
+ echo '-80 0'
+ for b in '$(sed "$((i+1))q;d" "$c")'
+ [[ -58 != \a ]]
+ [[ -58 != \0 ]]
+ echo '-58 0'
+ for b in '$(sed "$((i+1))q;d" "$c")'
+ [[ -207 != \a ]]
+ [[ -207 != \0 ]]
+ echo '-207 0'
+ for b in '$(sed "$((i+1))q;d" "$c")'
+ [[ 154 != \a ]]
+ [[ 154 != \0 ]]
+ echo '154 0'
+ for b in '$(sed "$((i+1))q;d" "$c")'
+ [[ 171 != \a ]]
+ [[ 171 != \0 ]]
+ echo '171 0'
+ for b in '$(sed "$((i+1))q;d" "$c")'
+ [[ -169 != \a ]]
+ [[ -169 != \0 ]]
+ echo '-169 0'
+ for b in '$(sed "$((i+1))q;d" "$c")'
+ [[ 107 != \a ]]
+ [[ 107 != \0 ]]
+ echo '107 0'
+ for b in '$(sed "$((i+1))q;d" "$c")'
+ [[ 168 != \a ]]
+ [[ 168 != \0 ]]
+ echo '168 0'
+ for b in '$(sed "$((i+1))q;d" "$c")'
+ [[ -166 != \a ]]
+ [[ -166 != \0 ]]
+ echo '-166 0'
+ for b in '$(sed "$((i+1))q;d" "$c")'
+ [[ -229 != \a ]]
+ [[ -229 != \0 ]]
+ echo '-229 0'
+ for b in '$(sed "$((i+1))q;d" "$c")'
+ [[ -69 != \a ]]
+ [[ -69 != \0 ]]
+ echo '-69 0'
+ for b in '$(sed "$((i+1))q;d" "$c")'
+ [[ 185 != \a ]]
+ [[ 185 != \0 ]]
+ echo '185 0'
+ for b in '$(sed "$((i+1))q;d" "$c")'
+ [[ 0 != \a ]]
+ [[ 0 != \0 ]]
+ ./simplify-by-var-removal.sh 22-cubes/30.cubes4349.adj 70
+ '[' -z 70 ']'
+ f=22-cubes/30.cubes4349.adj
+ p=70
++ echo 22-cubes
+ sub_dir=22-cubes
+ mkdir -p log/22-cubes
+ mkdir -p simp/22-cubes
+ tee log/22-cubes/30.cubes4349.adj.simp1
+ ./cadical/build/cadical 22-cubes/30.cubes4349.adj -o simp/22-cubes/30.cubes4349.adj.simp1 -e simp/22-cubes/30.cubes4349.adj.ext1 -n -c 200000
c --- [ banner ] -------------------------------------------------------------
c 
c CaDiCaL Radically Simplified CDCL SAT Solver
c Copyright (c) 2016-2021 A. Biere, M. Fleury, N. Froleyks
c 
c Version 1.5.2
c g++ (GCC) 9.3.0 -Wall -Wextra -O3 -DNDEBUG
c Tue Feb 8 21:15:15 EST 2022 Linux gra-login1 3.10.0-1160.36.2.el7.x86_64 x86_64
c 
c --- [ limit ] --------------------------------------------------------------
c 
c setting conflict limit to 200000 conflicts (due to '200000')
c 
c --- [ parsing input ] ------------------------------------------------------
c 
c reading DIMACS file from '22-cubes/30.cubes4349.adj'
c opening file to read '22-cubes/30.cubes4349.adj'
c found 'p cnf 6160 1786674' header
c parsed 1786674 clauses in 16.85 seconds process time
c closing file '22-cubes/30.cubes4349.adj'
c after reading 1542541711 bytes 1471.1 MB
c 
c --- [ options ] ------------------------------------------------------------
c 
c all options are set to their default value
c 
c --- [ solving ] ------------------------------------------------------------
c 
c time measured in process time since initialization
c 
c  seconds    reductions  redundant   irredundant
c          MB     restarts       trail       variables
c            level   conflicts       glue         remaining
c 
c * 16.85 1465  0 0   0    0    0  0% 0 1785954 4764 77%
c { 17.77 1515  0 0   0    0    0  0% 0 1785954 4764 77%
c i 19.25 1550 81 0   3   47   44 41% 4 1785954 4763 77%
c i 19.26 1550 79 0   3   48   44 41% 4 1785954 4679 76%
c i 20.07 1563 67 0   8   63   58 42% 5 1785954 4671 76%
c i 21.05 1570 42 0  23  138  102 42% 8 1785954 4670 76%
c i 21.06 1570 42 0  24  140  103 42% 8 1785954 4669 76%
c i 22.27 1584 56 0  42  212  166 45% 18 1785954 4668 76%
c i 22.56 1584 63 0  52  260  207 46% 25 1785954 4667 76%
c i 22.72 1586 62 0  60  288  219 47% 26 1785954 4655 76%
c - 26.35 1536 67 1  65  302  229 47% 27 283897 4651 76%
c i 27.20 1484 72 1  89  431  336 48% 32 283897 4632 75%
c i 27.31 1484 74 1  94  450  351 48% 33 283897 4620 75%
c i 27.64 1484 70 1 101  538  403 47% 31 283897 4619 75%
c i 27.76 1484 70 1 110  578  438 47% 32 283897 4618 75%
c i 28.19 1484 72 1 131  661  497 48% 33 283897 4617 75%
c i 28.27 1484 70 1 132  729  556 48% 33 283897 4616 75%
c i 28.34 1484 70 1 135  742  568 49% 34 283897 4615 75%
c i 28.69 1484 61 1 140  974  736 49% 30 283897 4614 75%
c i 28.72 1484 61 1 140  996  755 49% 30 283897 4613 75%
c 
c  seconds    reductions  redundant   irredundant
c          MB     restarts       trail       variables
c            level   conflicts       glue         remaining
c 
c } 28.74 1484 61 1 140 1000  759 49% 30 283897 4613 75%
c [ 28.74 1484  0 1 140 1000  759  0% 0 283897 4613 75%
c O 28.75 1484 58 1 140 1004  763 49% 42 283897 4613 75%
c i 28.86 1484 20 1 140 1054  808 57% 15 283897 4612 75%
c - 29.48 1581 18 2 140 1174  795 58% 15 283276 4612 75%
c i 29.64 1581 18 2 140 1409  970 57% 15 283276 4611 75%
c i 29.74 1581 17 2 140 1613 1073 57% 15 283276 4610 75%
c i 30.01 1581 18 2 141 2099 1341 56% 15 283276 4609 75%
c - 30.44 1581 18 3 141 2480 1170 56% 15 283267 4609 75%
c i 30.87 1581 19 3 141 2955 1436 42% 16 283267 4608 75%
c i 30.89 1581 19 3 141 2993 1461 42% 16 283267 4607 75%
c ] 30.90 1581 19 3 141 3001 1464 42% 16 283267 4607 75%
c { 30.90 1581 61 3 141 3001 1464 66% 30 283267 4607 75%
c F 30.92 1581 60 3 141 3008 1470 65% 30 283267 4607 75%
c i 31.21 1581 56 3 141 3165 1591 62% 29 283267 4606 75%
c i 31.22 1581 56 3 141 3166 1591 62% 29 283267 4605 75%
c i 31.24 1581 56 3 141 3173 1597 62% 28 283267 4604 75%
c i 31.30 1581 57 3 141 3187 1609 61% 29 283267 4603 75%
c i 31.45 1581 55 3 145 3267 1672 60% 29 283267 4602 75%
c i 31.47 1581 55 3 147 3276 1677 60% 29 283267 4601 75%
c 
c  seconds    reductions  redundant   irredundant
c          MB     restarts       trail       variables
c            level   conflicts       glue         remaining
c 
c i 31.48 1581 55 3 147 3277 1677 60% 29 283267 4600 75%
c i 31.62 1581 55 3 154 3453 1765 56% 28 283267 4599 75%
c i 31.69 1581 54 3 154 3522 1820 55% 27 283267 4598 75%
c i 31.79 1581 55 3 157 3542 1839 55% 27 283267 4597 75%
c i 32.11 1581 58 3 172 3642 1926 53% 28 283267 4596 75%
c i 32.66 1581 59 3 197 3780 2026 52% 29 283267 4595 75%
c i 32.88 1581 59 3 206 3852 2083 51% 29 283267 4594 75%
c i 32.89 1581 58 3 206 3863 2090 51% 29 283267 4593 75%
c i 32.90 1581 58 3 206 3871 2096 51% 29 283267 4592 75%
c i 33.02 1581 59 3 209 3897 2118 51% 29 283267 4591 75%
c i 34.28 1581 62 3 265 4154 2341 49% 32 283267 4590 75%
c i 34.43 1581 62 3 276 4201 2375 49% 32 283267 4589 74%
c - 35.01 1577 62 4 282 4223 1760 48% 32 283210 4589 74%
c i 35.40 1577 64 4 305 4328 1845 48% 33 283210 4588 74%
c i 35.40 1577 64 4 305 4329 1845 48% 33 283210 4587 74%
c i 35.45 1577 64 4 315 4371 1883 48% 33 283210 4586 74%
c i 35.54 1577 65 4 320 4417 1917 48% 33 283210 4585 74%
c i 35.62 1577 65 4 327 4448 1945 47% 33 283210 4584 74%
c i 35.64 1577 65 4 327 4459 1953 47% 33 283210 4583 74%
c i 35.65 1577 65 4 327 4471 1961 47% 33 283210 4582 74%
c 
c  seconds    reductions  redundant   irredundant
c          MB     restarts       trail       variables
c            level   conflicts       glue         remaining
c 
c i 35.65 1577 65 4 327 4472 1961 47% 33 283210 4581 74%
c i 35.66 1577 65 4 327 4476 1962 47% 33 283210 4580 74%
c i 35.69 1577 64 4 327 4573 2048 47% 33 283210 4579 74%
c i 35.73 1577 62 4 327 4691 2135 47% 33 283210 4578 74%
c i 35.74 1577 62 4 327 4708 2151 47% 32 283210 4577 74%
c i 35.77 1577 62 4 330 4745 2182 47% 33 283210 4576 74%
c d 36.38 1577 61 4 347 5002 2369 46% 33 261110 4566 74%
c 3 36.41 1577 61 4 347 5002 4815 46% 33 261110 4566 74%
c 2 36.47 1577 61 4 347 5002 5045 46% 33 261016 4563 74%
c p 40.42 1576 61 4 347 5002 12087 46% 33 261016 4358 71%
c d 40.83 1576 61 4 347 5002 10544 46% 33 205529 4353 71%
c d 40.90 1576 61 4 347 5002 10544 46% 33 205526 4352 71%
c # 41.33 1576 52 4 347 6009 11267 45% 30 205526 4352 71%
c - 41.84 1447 50 5 355 6405 2690 44% 29 205526 4352 71%
c } 42.03 1447 47 5 355 7001 3110 44% 28 205526 4352 71%
c [ 42.03 1447 19 5 355 7001 3110 42% 16 205526 4352 71%
c - 42.77 1447 19 6 356 8770 2905 42% 17 205526 4352 71%
c I 43.38 1447 20 6 357 10010 3804 42% 17 205526 4352 71%
c - 44.13 1448 26 7 359 11527 3397 42% 22 205526 4352 71%
c - 46.25 1448 33 8 360 14677 3878 41% 27 205526 4352 71%
c 
c  seconds    reductions   redundant   irredundant
c          MB     restarts        trail       variables
c            level    conflicts       glue         remaining
c 
c ] 46.49 1448 33 8 360 15004 4125 41% 27 205526 4352 71%
c { 46.49 1448 47 8 360 15004 4125 44% 28 205526 4352 71%
c 3 46.52 1448 47 8 360 15004 6547 44% 28 205526 4352 71%
c 2 46.56 1448 47 8 360 15004 6728 44% 28 205483 4352 71%
c p 47.80 1448 47 8 360 15004 12393 44% 28 205483 4352 71%
c B 47.94 1448 47 8 360 15014 12401 44% 28 205483 4352 71%
c s 48.85 1448 40 8 368 17101 13358 42% 26 202691 4352 71%
c v 51.33 1448 40 8 368 17101 13358 42% 26 202532 4352 71%
c t 51.43 1448 40 8 368 17101 13345 42% 26 202379 4352 71%
c e 51.88 1449 40 8 368 17101 6530 42% 26 193536 1017 17%
c s 51.98 1449 40 8 368 17101 6530 42% 26 192968 1017 17%
c } 52.82 1450 38 8 368 17707 6830 68% 25 192968 1017 17%
c 1 52.82 1450 38 8 368 17707 6830 68% 25 192968 1017 17%
c 
c --- [ writing output ] -----------------------------------------------------
c 
c writing simplified CNF to DIMACS file 'simp/22-cubes/30.cubes4349.adj.simp1'
c * 52.82 1450 38 8 368 17707 6830 68% 25 192968 1017 17%
c opening file to write 'simp/22-cubes/30.cubes4349.adj.simp1'
c writing 'p cnf 6160 192968' header
c closing file 'simp/22-cubes/30.cubes4349.adj.simp1'
c after writing 91121103 bytes 86.9 MB
c wrote 192968 clauses in 0.54 seconds process time
c 
c --- [ writing extension ] --------------------------------------------------
c 
c writing extension stack to 'simp/22-cubes/30.cubes4349.adj.ext1'
c opening file to write 'simp/22-cubes/30.cubes4349.adj.ext1'
c closing file 'simp/22-cubes/30.cubes4349.adj.ext1'
c after writing 261321 bytes 0.2 MB
c wrote 11112 witnesses in 0.00 seconds process time
c 
c --- [ result ] -------------------------------------------------------------
c 
s SATISFIABLE
c 
c --- [ run-time profiling ] -------------------------------------------------
c 
c process time taken by individual solving procedures
c (percentage relative to process time for solving)
c 
c        26.07   72.49% search
c        18.53   51.51% unstable
c        16.85   46.85% parse
c         9.89   27.51% simplify
c         6.62   18.41% stable
c         5.19   14.44% probe
c         2.56    7.11% vivify
c         0.92    2.57% lucky
c         0.85    2.36% elim
c         0.20    0.54% subsume
c         0.09    0.24% ternary
c   =================================
c        35.97   67.40% solve
c 
c last line shows process time for solving
c (percentage relative to total process time)
c 
c --- [ statistics ] ---------------------------------------------------------
c 
c chronological:              3403        19.22 %  of conflicts
c conflicts:                 17707       492.34    per second
c decisions:                 50883      1414.78    per second
c eliminated:                 3335        54.14 %  of all variables
c fixed:                      1792        29.09 %  of all variables
c learned:                   17323        97.83 %  per conflict
c learned_lits:            3529996       100.00 %  learned literals
c minimized:                     0         0.00 %  learned literals
c shrunken:                2257104        63.94 %  learned literals
c minishrunken:             250577         7.10 %  learned literals
c propagations:            4377563         0.12 M  per second
c reduced:                    6691        37.79 %  per conflict
c rephased:                      5      3541.40    interval
c restarts:                    368        48.12    interval
c stabilizing:                   2        56.50 %  of conflicts
c substituted:                  16         0.26 %  of all variables
c subsumed:                   9393         0.25 %  of all clauses
c strengthened:              10273         0.28 %  of all clauses
c ternary:                    5312         0.51 %  of resolved
c vivified:                    195         0.01 %  of all clauses
c weakened:                   9320         3.19    average size
c 
c seconds are measured in process time for solving
c 
c --- [ resources ] ----------------------------------------------------------
c 
c total process time since initialization:        53.36    seconds
c total real time since initialization:           53.59    seconds
c maximum resident set size of process:         1715.07    MB
c 
c --- [ shutting down ] ------------------------------------------------------
c 
c exit 10
++ seq 1 100
+ for i in '$(seq 1 100)'
++ sed 's/.$//'
++ rev
++ cut '-d ' -f1
++ rev
++ tail -n 1
++ grep 'c [*]' log/22-cubes/30.cubes4349.adj.simp1
+ vars_remaining=17
+ ((  vars_remaining < 100 - p  ))
+ break
++ cut '-d ' -f3
++ head -n 1 simp/22-cubes/30.cubes4349.adj.simp1
+ numvars=6160
++ cut '-d ' -f4
++ head -n 1 simp/22-cubes/30.cubes4349.adj.simp1
+ numlines=192968
+ extlines_total=0
++ seq 1 1
+ for j in '$(seq 1 "$i")'
++ cut '-d ' -f1
++ wc -l simp/22-cubes/30.cubes4349.adj.ext1
+ extlines_j=11112
+ extlines_total=11112
+ newlines=204080
+ echo 'p cnf 6160 204080'
+ tail simp/22-cubes/30.cubes4349.adj.simp1 -n +2
++ seq 1 1
+ for j in '$(seq 1 "$i")'
+ cat simp/22-cubes/30.cubes4349.adj.ext1
+ sed -i 's/ 0.*/ 0/' 22-cubes/30.cubes4349.adj.simp
============================[ Problem Statistics ]=============================
|                                                                             |
|  Number of variables:          6160                                         |
|  Number of clauses:          202286                                         |
|  Parse time:                   1.25 s                                       |
|  Simplification time:          0.03 s                                       |
|                                                                             |
============================[ Search Statistics ]====================================================
| Conflicts |          ORIGINAL         |          LEARNT          | Num Sols |      SUBGRAPHS      |
|           |    Vars  Clauses Literals |    Limit  Clauses Lit/Cl |          | Canonical Noncanon. |
=====================================================================================================
|       101 |    4367   202287 19702071 |     2000      101    112 |        0 |        19         1 |
|       252 |    4367   202288 19702198 |     2000      252    102 |        0 |        30         2 |
|       477 |    4367   202288 19702198 |     2000      477     98 |        0 |        36         2 |
|       816 |    4367   202290 19702269 |     2000      816     99 |        0 |        60         4 |
|      1333 |    4367   202301 19702485 |     2000     1333     99 |        0 |        77        15 |
|      2142 |    4367   202351 19703538 |     3602     1144     60 |        0 |       112        65 |
|      3310 |    4367   202380 19704472 |     3602     2312     85 |        0 |       139        94 |
|      5328 |    4367   202690 19711823 |     5001     2529     53 |        0 |       253       404 |
|      8410 |    4367   203210 19724256 |     6301     3111     47 |        0 |       406       924 |
|     12535 |    4367   203491 19731463 |     7554     4089     49 |        0 |       534      1205 |
|     18522 |    4367   203712 19735674 |     8779     6301     67 |        0 |       609      1426 |
|     27476 |    4367   204017 19742458 |    11195     5871     50 |        0 |       761      1731 |
|     40709 |    4367   204276 19747461 |    13602     7311     52 |        0 |       868      1990 |
|     60997 |    4367   205103 19763934 |    16006    13403     75 |        0 |      1324      2817 |
|     90979 |    4367   205893 19778752 |    19611    17590     71 |        0 |      1812      3607 |
|    138561 |    4367   209686 19845245 |    24410    22371     76 |        0 |      2975      7400 |
|    208623 |    4367   214064 19920319 |    30413    25436     68 |        0 |      4311     11778 |
|    316683 |    4367   223598 20066973 |    37618    33301     69 |        0 |      6530     21312 |
|    469795 |    4367   228921 20171926 |    46024    42219     75 |        0 |      9952     26635 |
|    715470 |    4367   252913 20523264 |    58018    30888     37 |        0 |     16629     50627 |
|   1075950 |    4367   280868 20952300 |    71215    39365     42 |        0 |     20297     78582 |
|   1625464 |    4367   331594 21680106 |    86817    79281     54 |        0 |     26964    129308 |
|   2381949 |    4367   339897 21821926 |   106027    69376     54 |        0 |     31462    137611 |
|   3535483 |    4367   371157 22342542 |   128816   113299     71 |        0 |     42650    168871 |
|   5264203 |    4367   416466 23105211 |   157626   130829     64 |        0 |     57068    214180 |
=====================================================================================================
Number of solutions   : 0           
Canonical subgraphs   : 61926          (18 /sec)
          order  3    : 1              (250000 /sec)
          order  4    : 1              (142857 /sec)
          order  5    : 1              (200000 /sec)
          order  6    : 1              (50000 /sec)
          order  7    : 2              (9091 /sec)
          order  8    : 4              (1916 /sec)
          order  9    : 11             (433 /sec)
          order 10    : 31             (104 /sec)
          order 11    : 114            (28 /sec)
          order 12    : 587            (13 /sec)
          order 13    : 3838           (12 /sec)
          order 14    : 22516          (20 /sec)
          order 15    : 32989          (18 /sec)
          order 16    : 1686           (20 /sec)
          order 17    : 105            (14 /sec)
          order 18    : 14             (11 /sec)
          order 19    : 12             (10 /sec)
          order 20    : 9              (10 /sec)
          order 21    : 4              (15 /sec)
          order 22    : 0              (-nan /sec)
Noncanonical subgraphs: 241316         (323 /sec)
          order  3    : 0              (-nan /sec)
          order  4    : 0              (-nan /sec)
          order  5    : 0              (-nan /sec)
          order  6    : 0              (-nan /sec)
          order  7    : 0              (-nan /sec)
          order  8    : 0              (-nan /sec)
          order  9    : 0              (-nan /sec)
          order 10    : 0              (-nan /sec)
          order 11    : 0              (-nan /sec)
          order 12    : 0              (-nan /sec)
          order 13    : 0              (-nan /sec)
          order 14    : 109379         (769 /sec)
          order 15    : 40987          (1085 /sec)
          order 16    : 90731          (160 /sec)
          order 17    : 198            (140 /sec)
          order 18    : 17             (166 /sec)
          order 19    : 0              (-nan /sec)
          order 20    : 0              (-nan /sec)
          order 21    : 0              (-nan /sec)
Canonicity checking   : 4098.93 s
database reductions   : 137
restarts              : 9465
conflicts             : 5923950        (875 /sec)
decisions             : 7600123        (0.00 % random) (1122 /sec)
propagations          : 1151383230     (169972 /sec)
conflict literals     : 679675790      (55.39 % deleted)
actual reward         : 0.059890
Memory used           : 392.00 MB
CPU time              : 6773.97 s

UNSATISFIABLE
