+ '[' -z 1269 ']'
+ f=constraints_22_11.simp-noncanon.simp
+ c=22-cubes/30.cubes
+ i=1269
+ s=70
+ adj=22-cubes/30.cubes1269.adj
+ cnf=22-cubes/30.cubes1269.cnf
+ ext=22-cubes/30.cubes1269.ext
+ cnfext=22-cubes/30.cubes1269.cnfext
+ unitlines=0
++ sed '1270q;d' 22-cubes/30.cubes
+ for b in '$(sed "$((i+1))q;d" "$c")'
+ [[ a != \a ]]
+ for b in '$(sed "$((i+1))q;d" "$c")'
+ [[ -92 != \a ]]
+ [[ -92 != \0 ]]
+ unitlines=1
+ for b in '$(sed "$((i+1))q;d" "$c")'
+ [[ 137 != \a ]]
+ [[ 137 != \0 ]]
+ unitlines=2
+ for b in '$(sed "$((i+1))q;d" "$c")'
+ [[ -121 != \a ]]
+ [[ -121 != \0 ]]
+ unitlines=3
+ for b in '$(sed "$((i+1))q;d" "$c")'
+ [[ -68 != \a ]]
+ [[ -68 != \0 ]]
+ unitlines=4
+ for b in '$(sed "$((i+1))q;d" "$c")'
+ [[ -158 != \a ]]
+ [[ -158 != \0 ]]
+ unitlines=5
+ for b in '$(sed "$((i+1))q;d" "$c")'
+ [[ -25 != \a ]]
+ [[ -25 != \0 ]]
+ unitlines=6
+ for b in '$(sed "$((i+1))q;d" "$c")'
+ [[ -153 != \a ]]
+ [[ -153 != \0 ]]
+ unitlines=7
+ for b in '$(sed "$((i+1))q;d" "$c")'
+ [[ -169 != \a ]]
+ [[ -169 != \0 ]]
+ unitlines=8
+ for b in '$(sed "$((i+1))q;d" "$c")'
+ [[ 168 != \a ]]
+ [[ 168 != \0 ]]
+ unitlines=9
+ for b in '$(sed "$((i+1))q;d" "$c")'
+ [[ -170 != \a ]]
+ [[ -170 != \0 ]]
+ unitlines=10
+ for b in '$(sed "$((i+1))q;d" "$c")'
+ [[ -171 != \a ]]
+ [[ -171 != \0 ]]
+ unitlines=11
+ for b in '$(sed "$((i+1))q;d" "$c")'
+ [[ -167 != \a ]]
+ [[ -167 != \0 ]]
+ unitlines=12
+ for b in '$(sed "$((i+1))q;d" "$c")'
+ [[ -187 != \a ]]
+ [[ -187 != \0 ]]
+ unitlines=13
+ for b in '$(sed "$((i+1))q;d" "$c")'
+ [[ -166 != \a ]]
+ [[ -166 != \0 ]]
+ unitlines=14
+ for b in '$(sed "$((i+1))q;d" "$c")'
+ [[ 93 != \a ]]
+ [[ 93 != \0 ]]
+ unitlines=15
+ for b in '$(sed "$((i+1))q;d" "$c")'
+ [[ 69 != \a ]]
+ [[ 69 != \0 ]]
+ unitlines=16
+ for b in '$(sed "$((i+1))q;d" "$c")'
+ [[ -206 != \a ]]
+ [[ -206 != \0 ]]
+ unitlines=17
+ for b in '$(sed "$((i+1))q;d" "$c")'
+ [[ 81 != \a ]]
+ [[ 81 != \0 ]]
+ unitlines=18
+ for b in '$(sed "$((i+1))q;d" "$c")'
+ [[ 150 != \a ]]
+ [[ 150 != \0 ]]
+ unitlines=19
+ for b in '$(sed "$((i+1))q;d" "$c")'
+ [[ -148 != \a ]]
+ [[ -148 != \0 ]]
+ unitlines=20
+ for b in '$(sed "$((i+1))q;d" "$c")'
+ [[ -134 != \a ]]
+ [[ -134 != \0 ]]
+ unitlines=21
+ for b in '$(sed "$((i+1))q;d" "$c")'
+ [[ -147 != \a ]]
+ [[ -147 != \0 ]]
+ unitlines=22
+ for b in '$(sed "$((i+1))q;d" "$c")'
+ [[ 143 != \a ]]
+ [[ 143 != \0 ]]
+ unitlines=23
+ for b in '$(sed "$((i+1))q;d" "$c")'
+ [[ 0 != \a ]]
+ [[ 0 != \0 ]]
++ cut '-d ' -f3
++ head -n 1 constraints_22_11.simp-noncanon.simp
+ numvars=6160
++ cut '-d ' -f4
++ head -n 1 constraints_22_11.simp-noncanon.simp
+ numlines=1786659
+ newlines=1786682
+ echo 'p cnf 6160 1786682'
+ tail constraints_22_11.simp-noncanon.simp -n +2
++ sed '1270q;d' 22-cubes/30.cubes
+ for b in '$(sed "$((i+1))q;d" "$c")'
+ [[ a != \a ]]
+ for b in '$(sed "$((i+1))q;d" "$c")'
+ [[ -92 != \a ]]
+ [[ -92 != \0 ]]
+ echo '-92 0'
+ for b in '$(sed "$((i+1))q;d" "$c")'
+ [[ 137 != \a ]]
+ [[ 137 != \0 ]]
+ echo '137 0'
+ for b in '$(sed "$((i+1))q;d" "$c")'
+ [[ -121 != \a ]]
+ [[ -121 != \0 ]]
+ echo '-121 0'
+ for b in '$(sed "$((i+1))q;d" "$c")'
+ [[ -68 != \a ]]
+ [[ -68 != \0 ]]
+ echo '-68 0'
+ for b in '$(sed "$((i+1))q;d" "$c")'
+ [[ -158 != \a ]]
+ [[ -158 != \0 ]]
+ echo '-158 0'
+ for b in '$(sed "$((i+1))q;d" "$c")'
+ [[ -25 != \a ]]
+ [[ -25 != \0 ]]
+ echo '-25 0'
+ for b in '$(sed "$((i+1))q;d" "$c")'
+ [[ -153 != \a ]]
+ [[ -153 != \0 ]]
+ echo '-153 0'
+ for b in '$(sed "$((i+1))q;d" "$c")'
+ [[ -169 != \a ]]
+ [[ -169 != \0 ]]
+ echo '-169 0'
+ for b in '$(sed "$((i+1))q;d" "$c")'
+ [[ 168 != \a ]]
+ [[ 168 != \0 ]]
+ echo '168 0'
+ for b in '$(sed "$((i+1))q;d" "$c")'
+ [[ -170 != \a ]]
+ [[ -170 != \0 ]]
+ echo '-170 0'
+ for b in '$(sed "$((i+1))q;d" "$c")'
+ [[ -171 != \a ]]
+ [[ -171 != \0 ]]
+ echo '-171 0'
+ for b in '$(sed "$((i+1))q;d" "$c")'
+ [[ -167 != \a ]]
+ [[ -167 != \0 ]]
+ echo '-167 0'
+ for b in '$(sed "$((i+1))q;d" "$c")'
+ [[ -187 != \a ]]
+ [[ -187 != \0 ]]
+ echo '-187 0'
+ for b in '$(sed "$((i+1))q;d" "$c")'
+ [[ -166 != \a ]]
+ [[ -166 != \0 ]]
+ echo '-166 0'
+ for b in '$(sed "$((i+1))q;d" "$c")'
+ [[ 93 != \a ]]
+ [[ 93 != \0 ]]
+ echo '93 0'
+ for b in '$(sed "$((i+1))q;d" "$c")'
+ [[ 69 != \a ]]
+ [[ 69 != \0 ]]
+ echo '69 0'
+ for b in '$(sed "$((i+1))q;d" "$c")'
+ [[ -206 != \a ]]
+ [[ -206 != \0 ]]
+ echo '-206 0'
+ for b in '$(sed "$((i+1))q;d" "$c")'
+ [[ 81 != \a ]]
+ [[ 81 != \0 ]]
+ echo '81 0'
+ for b in '$(sed "$((i+1))q;d" "$c")'
+ [[ 150 != \a ]]
+ [[ 150 != \0 ]]
+ echo '150 0'
+ for b in '$(sed "$((i+1))q;d" "$c")'
+ [[ -148 != \a ]]
+ [[ -148 != \0 ]]
+ echo '-148 0'
+ for b in '$(sed "$((i+1))q;d" "$c")'
+ [[ -134 != \a ]]
+ [[ -134 != \0 ]]
+ echo '-134 0'
+ for b in '$(sed "$((i+1))q;d" "$c")'
+ [[ -147 != \a ]]
+ [[ -147 != \0 ]]
+ echo '-147 0'
+ for b in '$(sed "$((i+1))q;d" "$c")'
+ [[ 143 != \a ]]
+ [[ 143 != \0 ]]
+ echo '143 0'
+ for b in '$(sed "$((i+1))q;d" "$c")'
+ [[ 0 != \a ]]
+ [[ 0 != \0 ]]
+ ./simplify-by-var-removal.sh 22-cubes/30.cubes1269.adj 70
+ '[' -z 70 ']'
+ f=22-cubes/30.cubes1269.adj
+ p=70
++ echo 22-cubes
+ sub_dir=22-cubes
+ mkdir -p log/22-cubes
+ mkdir -p simp/22-cubes
+ tee log/22-cubes/30.cubes1269.adj.simp1
+ ./cadical/build/cadical 22-cubes/30.cubes1269.adj -o simp/22-cubes/30.cubes1269.adj.simp1 -e simp/22-cubes/30.cubes1269.adj.ext1 -n -c 200000
c --- [ banner ] -------------------------------------------------------------
c 
c CaDiCaL Radically Simplified CDCL SAT Solver
c Copyright (c) 2016-2021 A. Biere, M. Fleury, N. Froleyks
c 
c Version 1.5.2
c g++ (GCC) 9.3.0 -Wall -Wextra -O3 -DNDEBUG
c Tue Feb 8 21:15:15 EST 2022 Linux gra-login1 3.10.0-1160.36.2.el7.x86_64 x86_64
c 
c --- [ limit ] --------------------------------------------------------------
c 
c setting conflict limit to 200000 conflicts (due to '200000')
c 
c --- [ parsing input ] ------------------------------------------------------
c 
c reading DIMACS file from '22-cubes/30.cubes1269.adj'
c opening file to read '22-cubes/30.cubes1269.adj'
c found 'p cnf 6160 1786682' header
c parsed 1786682 clauses in 18.52 seconds process time
c closing file '22-cubes/30.cubes1269.adj'
c after reading 1542541764 bytes 1471.1 MB
c 
c --- [ options ] ------------------------------------------------------------
c 
c all options are set to their default value
c 
c --- [ solving ] ------------------------------------------------------------
c 
c time measured in process time since initialization
c 
c  seconds    reductions  redundant   irredundant
c          MB     restarts       trail       variables
c            level   conflicts       glue         remaining
c 
c * 18.52 1472  0 0   0    0    0  0% 0 1785954 4505 73%
c { 20.00 1550  0 0   0    0    0  0% 0 1785954 4505 73%
c i 21.39 1565 32 0  13   91   51 43% 7 1785954 4491 73%
c i 22.27 1572 28 0  31  174   82 42% 12 1785954 4490 73%
c i 22.31 1572 28 0  32  176   83 43% 12 1785954 4489 73%
c i 22.85 1578 33 0  41  212  101 43% 12 1785954 4486 73%
c i 22.93 1578 34 0  42  213  101 43% 12 1785954 4485 73%
c i 23.23 1583 37 0  44  226  113 43% 14 1785954 4484 73%
c - 28.22 1552 39 1  65  306  170 45% 17 362997 4484 73%
c i 28.38 1475 39 1  65  309  172 45% 17 362997 4483 73%
c i 28.53 1475 39 1  69  323  181 45% 17 362997 4482 73%
c i 28.71 1475 42 1  72  341  197 46% 19 362997 4481 73%
c i 28.84 1475 43 1  73  348  203 46% 19 362997 4480 73%
c i 28.98 1475 44 1  76  358  211 46% 19 362997 4479 73%
c i 29.08 1475 43 1  79  372  224 46% 19 362997 4478 73%
c i 29.09 1475 43 1  80  374  225 46% 19 362997 4477 73%
c i 29.23 1475 44 1  83  387  237 46% 19 362997 4476 73%
c i 29.50 1475 40 1  86  458  281 46% 18 362997 4475 73%
c i 29.57 1475 40 1  86  474  295 46% 18 362997 4474 73%
c i 29.59 1475 40 1  86  481  301 46% 18 362997 4473 73%
c 
c  seconds    reductions  redundant   irredundant
c          MB     restarts       trail       variables
c            level   conflicts       glue         remaining
c 
c i 29.65 1475 41 1  87  495  313 46% 18 362997 4472 73%
c i 29.66 1475 41 1  87  496  313 46% 18 362997 4471 73%
c i 29.66 1475 40 1  87  497  313 46% 18 362997 4470 73%
c i 29.67 1475 41 1  87  500  315 46% 18 362997 4469 73%
c i 29.81 1475 41 1  92  526  337 46% 18 362997 4468 73%
c i 29.89 1475 40 1  93  543  349 46% 18 362997 4467 73%
c i 30.46 1475 43 1 105  628  418 47% 19 362997 4466 72%
c i 30.52 1475 43 1 106  634  422 47% 19 362997 4465 72%
c i 31.08 1476 44 1 124  773  473 46% 19 362997 4459 72%
c i 31.09 1476 44 1 124  775  474 46% 19 362997 4458 72%
c i 31.10 1476 44 1 125  776  474 46% 19 362997 4454 72%
c i 31.10 1476 44 1 125  777  474 46% 19 362997 4453 72%
c i 31.35 1476 45 1 129  805  498 46% 20 362997 4452 72%
c i 31.39 1476 45 1 132  815  506 46% 20 362997 4451 72%
c i 31.73 1476 40 1 136 1004  590 46% 18 362997 4450 72%
c } 31.73 1476 40 1 136 1004  590 46% 18 362997 4450 72%
c [ 31.73 1476  0 1 136 1004  590  0% 0 362997 4450 72%
c O 31.74 1476  1 1 136 1005  590 30% 0 362997 4450 72%
c i 31.74 1476  1 1 136 1005  590 30% 0 362997 4433 72%
c - 32.86 1614 12 2 136 1242  597 48% 11 362387 4433 72%
c 
c  seconds    reductions  redundant   irredundant
c          MB     restarts       trail       variables
c            level   conflicts       glue         remaining
c 
c i 33.09 1614 13 2 136 1382  707 52% 11 362387 4432 72%
c i 33.11 1614 13 2 136 1403  721 52% 11 362387 4431 72%
c i 33.28 1614 14 2 136 1931 1067 56% 12 362387 4430 72%
c i 33.28 1614 14 2 136 1935 1070 56% 12 362387 4429 72%
c i 33.36 1614 13 2 136 2024 1085 55% 11 362387 4406 72%
c i 34.00 1579 13 2 137 2224  972 15% 11 361054 4405 72%
c i 34.04 1579 13 2 137 2249  985 17% 11 361054 4404 71%
c i 34.14 1579 13 2 137 2341 1032 24% 11 361054 4403 71%
c i 34.23 1579 14 2 137 2454 1080 28% 12 361054 4402 71%
c i 34.27 1579 14 2 137 2525 1100 30% 12 361054 4401 71%
c i 34.29 1579 14 2 137 2545 1112 30% 12 361054 4400 71%
c i 34.32 1579 15 2 137 2568 1123 30% 13 361054 4399 71%
c - 34.75 1577 16 3 137 2646  922 31% 13 361033 4399 71%
c i 35.16 1577 17 3 137 2977 1151 34% 14 361033 4398 71%
c ] 35.18 1577 17 3 137 3004 1170 34% 14 361033 4398 71%
c { 35.18 1577 40 3 137 3004 1170 65% 18 361033 4398 71%
c F 35.21 1577 40 3 137 3007 1173 64% 18 361033 4398 71%
c i 35.61 1577 37 3 137 3214 1285 59% 18 361033 4397 71%
c i 35.63 1577 37 3 137 3222 1291 59% 18 361033 4396 71%
c i 35.66 1577 37 3 138 3238 1297 59% 18 361033 4395 71%
c 
c  seconds    reductions  redundant   irredundant
c          MB     restarts       trail       variables
c            level   conflicts       glue         remaining
c 
c i 35.68 1577 37 3 140 3245 1301 59% 18 361033 4394 71%
c i 35.83 1577 37 3 144 3282 1328 58% 18 361033 4393 71%
c i 35.92 1577 37 3 149 3302 1343 57% 18 361033 4392 71%
c i 36.24 1577 37 3 162 3363 1394 57% 19 361033 4391 71%
c i 36.31 1577 37 3 164 3372 1400 56% 19 361033 4390 71%
c i 37.02 1577 37 3 171 3461 1478 54% 18 361033 4389 71%
c i 37.14 1577 37 3 171 3475 1490 54% 18 361033 4388 71%
c i 37.16 1577 37 3 171 3480 1494 54% 18 361033 4387 71%
c i 37.74 1577 38 3 188 3589 1577 53% 19 361033 4386 71%
c i 37.74 1577 38 3 189 3592 1579 53% 19 361033 4385 71%
c i 37.78 1577 38 3 190 3593 1579 53% 19 361033 4384 71%
c i 38.76 1577 37 3 239 3959 1790 49% 20 361033 4383 71%
c i 39.40 1577 39 3 276 4103 1912 47% 21 361033 4382 71%
c i 39.69 1577 39 3 290 4154 1945 47% 21 361033 4381 71%
c i 39.69 1577 39 3 290 4155 1945 47% 21 361033 4380 71%
c i 40.30 1577 39 3 307 4331 2086 46% 21 361033 4379 71%
c i 40.31 1577 39 3 307 4333 2087 46% 21 361033 4378 71%
c - 41.47 1572 39 4 336 4515 1767 45% 21 360970 4378 71%
c i 42.06 1572 39 4 344 4695 1877 44% 21 360970 4377 71%
c i 42.80 1572 39 4 362 4856 2002 43% 21 360970 4376 71%
c 
c  seconds    reductions  redundant   irredundant
c          MB     restarts       trail       variables
c            level   conflicts       glue         remaining
c 
c 3 44.10 1572 39 4 376 5001 3912 43% 21 360934 4361 71%
c 2 44.18 1572 39 4 376 5001 4283 43% 21 360831 4361 71%
c p 52.39 1572 39 4 376 5001 10254 43% 21 360831 4287 70%
c d 52.90 1572 39 4 376 5001 10119 43% 21 341797 4280 69%
c # 54.20 1572 34 4 377 6008 10730 41% 20 341797 4280 69%
c - 55.60 1448 31 5 403 6852 2442 39% 19 341797 4280 69%
c } 55.92 1448 32 5 442 7005 2565 39% 19 341797 4280 69%
c [ 55.92 1448 17 5 442 7005 2565 34% 14 341797 4280 69%
c - 57.28 1448 19 6 444 9612 2870 38% 17 341797 4280 69%
c I 57.62 1448 20 6 444 10009 3090 38% 17 341797 4280 69%
c ] 58.70 1448 22 6 445 10500 3444 38% 19 341797 4280 69%
c 1 58.70 1448 22 6 445 10500 3444 38% 19 341797 4280 69%
c 
c --- [ writing output ] -----------------------------------------------------
c 
c writing simplified CNF to DIMACS file 'simp/22-cubes/30.cubes1269.adj.simp1'
c * 58.70 1448 22 6 445 10500 3444 38% 19 341797 4280 69%
c opening file to write 'simp/22-cubes/30.cubes1269.adj.simp1'
c writing 'p cnf 6160 341797' header
c closing file 'simp/22-cubes/30.cubes1269.adj.simp1'
c after writing 121760494 bytes 116.1 MB
c wrote 341797 clauses in 0.93 seconds process time
c 
c --- [ writing extension ] --------------------------------------------------
c 
c writing extension stack to 'simp/22-cubes/30.cubes1269.adj.ext1'
c opening file to write 'simp/22-cubes/30.cubes1269.adj.ext1'
c closing file 'simp/22-cubes/30.cubes1269.adj.ext1'
c after writing 28070 bytes 0.0 MB
c wrote 1902 witnesses in 0.00 seconds process time
c 
c --- [ result ] -------------------------------------------------------------
c 
s SATISFIABLE
c 
c --- [ run-time profiling ] -------------------------------------------------
c 
c process time taken by individual solving procedures
c (percentage relative to process time for solving)
c 
c        30.84   76.75% search
c        23.13   57.54% unstable
c        18.52   46.07% parse
c         9.34   23.25% simplify
c         8.21   20.43% probe
c         6.23   15.51% stable
c         1.49    3.70% lucky
c         0.06    0.16% ternary
c   =================================
c        40.19   67.39% solve
c 
c last line shows process time for solving
c (percentage relative to total process time)
c 
c --- [ statistics ] ---------------------------------------------------------
c 
c chronological:              1993        18.98 %  of conflicts
c conflicts:                 10500       261.28    per second
c decisions:                 38739       963.96    per second
c fixed:                      1858        30.16 %  of all variables
c learned:                   10305        98.14 %  per conflict
c learned_lits:            1457253       100.00 %  learned literals
c minimized:                     0         0.00 %  learned literals
c shrunken:                 957214        65.69 %  learned literals
c minishrunken:              88161         6.05 %  learned literals
c propagations:            2720345         0.07 M  per second
c reduced:                    2795        26.62 %  per conflict
c rephased:                      4      2625.00    interval
c restarts:                    445        23.60    interval
c stabilizing:                   2        52.33 %  of conflicts
c substituted:                  22         0.36 %  of all variables
c subsumed:                   4148         0.11 %  of all clauses
c ternary:                    2165         0.42 %  of resolved
c weakened:                     44         2.00    average size
c 
c seconds are measured in process time for solving
c 
c --- [ resources ] ----------------------------------------------------------
c 
c total process time since initialization:        59.63    seconds
c total real time since initialization:           60.06    seconds
c maximum resident set size of process:         1748.71    MB
c 
c --- [ shutting down ] ------------------------------------------------------
c 
c exit 10
++ seq 1 100
+ for i in '$(seq 1 100)'
++ sed 's/.$//'
++ rev
++ cut '-d ' -f1
++ rev
++ tail -n 1
++ grep 'c [*]' log/22-cubes/30.cubes1269.adj.simp1
+ vars_remaining=69
+ ((  vars_remaining < 100 - p  ))
+ tee log/22-cubes/30.cubes1269.adj.simp2
+ ./cadical/build/cadical simp/22-cubes/30.cubes1269.adj.simp1 -o simp/22-cubes/30.cubes1269.adj.simp2 -e simp/22-cubes/30.cubes1269.adj.ext2 -n -c 200000
c --- [ banner ] -------------------------------------------------------------
c 
c CaDiCaL Radically Simplified CDCL SAT Solver
c Copyright (c) 2016-2021 A. Biere, M. Fleury, N. Froleyks
c 
c Version 1.5.2
c g++ (GCC) 9.3.0 -Wall -Wextra -O3 -DNDEBUG
c Tue Feb 8 21:15:15 EST 2022 Linux gra-login1 3.10.0-1160.36.2.el7.x86_64 x86_64
c 
c --- [ limit ] --------------------------------------------------------------
c 
c setting conflict limit to 200000 conflicts (due to '200000')
c 
c --- [ parsing input ] ------------------------------------------------------
c 
c reading DIMACS file from 'simp/22-cubes/30.cubes1269.adj.simp1'
c opening file to read 'simp/22-cubes/30.cubes1269.adj.simp1'
c found 'p cnf 6160 341797' header
c parsed 341797 clauses in 1.63 seconds process time
c closing file 'simp/22-cubes/30.cubes1269.adj.simp1'
c after reading 121760494 bytes 116.1 MB
c 
c --- [ options ] ------------------------------------------------------------
c 
c all options are set to their default value
c 
c --- [ solving ] ------------------------------------------------------------
c 
c time measured in process time since initialization
c 
c  seconds   reductions  redundant  irredundant
c          MB    restarts       trail      variables
c           level   conflicts       glue        remaining
c 
c *  1.63 131  0 0   0    0    0  0% 0 341797 4272 69%
c {  1.74 138  0 0   0    0    0  0% 0 341797 4272 69%
c i  1.98 150 50 0   0   69   37 21% 8 341797 4244 69%
c -  3.56 169 46 1  40  300  166 20% 20 341199 4240 69%
c }  4.71 173 33 1  72 1001  574 20% 14 341199 4240 69%
c [  4.71 173  0 1  72 1001  574  0% 0 341199 4240 69%
c O  4.71 173 29 1  72 1002  575  3% 1 341199 4240 69%
c -  5.33 282 61 2  72 1219  625 22% 13 341199 4240 69%
c -  6.38 282 44 3  73 2598 1327 38% 17 341199 4240 69%
c ]  6.60 282 40 3  73 3001 1522 38% 18 341199 4240 69%
c {  6.60 282 33 3  73 3001 1522 29% 14 341199 4240 69%
c F  6.62 282 33 3  73 3003 1524 29% 14 341199 4240 69%
c }  9.47 282 34 3 186 3910 2128 29% 17 341199 4240 69%
c 1  9.47 282 34 3 186 3910 2128 29% 17 341199 4240 69%
c 
c --- [ writing output ] -----------------------------------------------------
c 
c writing simplified CNF to DIMACS file 'simp/22-cubes/30.cubes1269.adj.simp2'
c *  9.47 282 34 3 186 3910 2128 29% 17 341199 4240 69%
c opening file to write 'simp/22-cubes/30.cubes1269.adj.simp2'
c writing 'p cnf 6160 341199' header
c closing file 'simp/22-cubes/30.cubes1269.adj.simp2'
c after writing 118411187 bytes 112.9 MB
c wrote 341199 clauses in 0.89 seconds process time
c 
c --- [ writing extension ] --------------------------------------------------
c 
c writing extension stack to 'simp/22-cubes/30.cubes1269.adj.ext2'
c opening file to write 'simp/22-cubes/30.cubes1269.adj.ext2'
c closing file 'simp/22-cubes/30.cubes1269.adj.ext2'
c after writing 446 bytes 0.0 MB
c wrote 32 witnesses in 0.00 seconds process time
c 
c --- [ result ] -------------------------------------------------------------
c 
s SATISFIABLE
c 
c --- [ run-time profiling ] -------------------------------------------------
c 
c process time taken by individual solving procedures
c (percentage relative to process time for solving)
c 
c         7.83  100.00% search
c         5.84   74.57% unstable
c         1.89   24.11% stable
c         1.63   20.84% parse
c         0.10    1.32% lucky
c         0.00    0.00% simplify
c   =================================
c         7.83   75.64% solve
c 
c last line shows process time for solving
c (percentage relative to total process time)
c 
c --- [ statistics ] ---------------------------------------------------------
c 
c chronological:               778        19.90 %  of conflicts
c conflicts:                  3910       499.14    per second
c decisions:                 13023      1662.47    per second
c fixed:                        32         0.52 %  of all variables
c learned:                    3834        98.06 %  per conflict
c learned_lits:             489877       100.00 %  learned literals
c minimized:                     0         0.00 %  learned literals
c shrunken:                 280486        57.26 %  learned literals
c minishrunken:              45165         9.22 %  learned literals
c propagations:             809219         0.10 M  per second
c reduced:                     356         9.10 %  per conflict
c rephased:                      2      1955.00    interval
c restarts:                    186        21.02    interval
c stabilizing:                   1        51.15 %  of conflicts
c subsumed:                   1320         0.19 %  of all clauses
c 
c seconds are measured in process time for solving
c 
c --- [ resources ] ----------------------------------------------------------
c 
c total process time since initialization:        10.36    seconds
c total real time since initialization:           10.87    seconds
c maximum resident set size of process:          389.38    MB
c 
c --- [ shutting down ] ------------------------------------------------------
c 
c exit 10
+ for i in '$(seq 1 100)'
++ sed 's/.$//'
++ rev
++ cut '-d ' -f1
++ rev
++ tail -n 1
++ grep 'c [*]' log/22-cubes/30.cubes1269.adj.simp2
+ vars_remaining=69
+ ((  vars_remaining < 100 - p  ))
+ tee log/22-cubes/30.cubes1269.adj.simp3
+ ./cadical/build/cadical simp/22-cubes/30.cubes1269.adj.simp2 -o simp/22-cubes/30.cubes1269.adj.simp3 -e simp/22-cubes/30.cubes1269.adj.ext3 -n -c 200000
c --- [ banner ] -------------------------------------------------------------
c 
c CaDiCaL Radically Simplified CDCL SAT Solver
c Copyright (c) 2016-2021 A. Biere, M. Fleury, N. Froleyks
c 
c Version 1.5.2
c g++ (GCC) 9.3.0 -Wall -Wextra -O3 -DNDEBUG
c Tue Feb 8 21:15:15 EST 2022 Linux gra-login1 3.10.0-1160.36.2.el7.x86_64 x86_64
c 
c --- [ limit ] --------------------------------------------------------------
c 
c setting conflict limit to 200000 conflicts (due to '200000')
c 
c --- [ parsing input ] ------------------------------------------------------
c 
c reading DIMACS file from 'simp/22-cubes/30.cubes1269.adj.simp2'
c opening file to read 'simp/22-cubes/30.cubes1269.adj.simp2'
c found 'p cnf 6160 341199' header
c parsed 341199 clauses in 1.61 seconds process time
c closing file 'simp/22-cubes/30.cubes1269.adj.simp2'
c after reading 118411187 bytes 112.9 MB
c 
c --- [ options ] ------------------------------------------------------------
c 
c all options are set to their default value
c 
c --- [ solving ] ------------------------------------------------------------
c 
c time measured in process time since initialization
c 
c  seconds   reductions  redundant  irredundant
c          MB    restarts       trail      variables
c           level   conflicts       glue        remaining
c 
c *  1.61 128  0 0   0    0    0  0% 0 341199 4240 69%
c {  1.74 137  0 0   0    0    0  0% 0 341199 4240 69%
c -  2.86 163 49 1  17  300  233 19% 16 341199 4240 69%
c }  4.47 170 30 1  67 1001  603 19% 14 341199 4240 69%
c [  4.47 170  0 1  67 1001  603  0% 0 341199 4240 69%
c O  4.48 170 36 1  67 1002  604  4% 1 341199 4240 69%
c -  5.13 282 50 2  67 1219  646 25% 15 341199 4240 69%
c -  6.32 275 38 3  68 2598 1188 35% 15 341199 4240 69%
c ]  6.55 275 36 3  68 3002 1477 36% 16 341199 4240 69%
c {  6.55 275 30 3  68 3002 1477 28% 14 341199 4240 69%
c F  6.57 275 30 3  68 3003 1478 28% 14 341199 4240 69%
c - 11.75 275 32 4 218 4438 1798 30% 17 341199 4240 69%
c 3 12.15 275 29 4 218 5000 3719 32% 16 341199 4240 69%
c 2 12.22 275 29 4 218 5000 4008 32% 16 341172 4240 69%
c p 14.62 275 29 4 218 5000 8916 32% 16 341172 4240 69%
c d 14.69 275 29 4 218 5000 8913 32% 16 341171 4239 69%
c # 15.32 275 25 4 218 6004 9330 33% 15 341171 4239 69%
c - 18.05 275 27 5 339 6737 2250 32% 16 341171 4239 69%
c } 19.26 275 29 5 381 7002 2484 32% 17 341171 4239 69%
c [ 19.26 275 36 5 381 7002 2484 36% 16 341171 4239 69%
c 
c  seconds   reductions  redundant   irredundant
c          MB    restarts       trail       variables
c           level   conflicts       glue         remaining
c 
c - 22.02 275 53 6 383 9501 3132 35% 36 341171 4239 69%
c I 22.57 275 55 6 383 10005 3496 34% 39 341171 4239 69%
c s 24.69 276 45 6 385 12662 5356 35% 33 337816 4239 69%
c v 30.31 276 45 6 385 12662 5356 35% 33 337617 4239 69%
c t 30.44 276 45 6 385 12662 5348 35% 33 337375 4239 69%
c e 31.35 275 45 6 385 12662 5040 35% 33 328774 795 13%
c s 31.49 275 45 6 385 12662 5040 35% 33 328759 795 13%
c - 32.96 252 45 7 385 12721 3561 74% 33 328759 795 13%
c 3 34.42 252 40 7 386 15000 5455 74% 31 328758 795 13%
c 2 34.47 252 40 7 386 15000 5463 74% 31 328756 795 13%
c p 35.48 252 40 7 386 15000 6757 74% 31 328756 795 13%
c ] 35.56 252 40 7 386 15003 6760 74% 31 328756 795 13%
c { 35.56 252 29 7 386 15003 6760 172% 17 328756 795 13%
c B 35.62 252 29 7 387 15006 6763 172% 17 328756 795 13%
c - 37.69 252 27 8 463 16362 3857 147% 16 328756 795 13%
c - 43.18 252 25 9 665 20457 4183 115% 15 328756 795 13%
c W 43.91 252 24 9 680 21008 4520 112% 15 328756 795 13%
c - 48.16 252 23 10 857 25007 4876 100% 15 328756 795 13%
c } 51.00 252 24 10 1071 26264 5652 97% 15 328756 795 13%
c 1 51.00 252 24 10 1071 26264 5652 97% 15 328756 795 13%
c 
c --- [ writing output ] -----------------------------------------------------
c 
c writing simplified CNF to DIMACS file 'simp/22-cubes/30.cubes1269.adj.simp3'
c 
c  seconds   reductions     redundant   irredundant
c          MB     restarts         trail       variables
c           level      conflicts       glue        remaining
c 
c * 51.00 252 24 10 1071 26264 5652 97% 15 328756 795 13%
c opening file to write 'simp/22-cubes/30.cubes1269.adj.simp3'
c writing 'p cnf 6160 328756' header
c closing file 'simp/22-cubes/30.cubes1269.adj.simp3'
c after writing 118069952 bytes 112.6 MB
c wrote 328756 clauses in 0.90 seconds process time
c 
c --- [ writing extension ] --------------------------------------------------
c 
c writing extension stack to 'simp/22-cubes/30.cubes1269.adj.ext3'
c opening file to write 'simp/22-cubes/30.cubes1269.adj.ext3'
c closing file 'simp/22-cubes/30.cubes1269.adj.ext3'
c after writing 229592 bytes 0.2 MB
c wrote 9186 witnesses in 0.00 seconds process time
c 
c --- [ result ] -------------------------------------------------------------
c 
s SATISFIABLE
c 
c --- [ run-time profiling ] -------------------------------------------------
c 
c process time taken by individual solving procedures
c (percentage relative to process time for solving)
c 
c        38.06   77.06% search
c        27.99   56.67% unstable
c        11.33   22.94% simplify
c         9.65   19.54% stable
c         5.71   11.55% vivify
c         3.41    6.90% probe
c         1.62    3.27% elim
c         1.61    3.26% parse
c         0.29    0.59% walk
c         0.28    0.57% subsume
c         0.13    0.26% lucky
c         0.09    0.17% ternary
c   =================================
c        49.39   95.16% solve
c 
c last line shows process time for solving
c (percentage relative to total process time)
c 
c --- [ statistics ] ---------------------------------------------------------
c 
c chronological:              4880        18.58 %  of conflicts
c conflicts:                 26264       531.77    per second
c decisions:                 69614      1409.47    per second
c eliminated:                 3444        55.91 %  of all variables
c learned:                   25766        98.10 %  per conflict
c learned_lits:            3680930       100.00 %  learned literals
c minimized:                     0         0.00 %  learned literals
c shrunken:                2202006        59.82 %  learned literals
c minishrunken:             288377         7.83 %  learned literals
c propagations:            3870386         0.08 M  per second
c reduced:                   10735        40.87 %  per conflict
c rephased:                      6      4377.33    interval
c restarts:                   1071        24.52    interval
c stabilizing:                   2        38.08 %  of conflicts
c substituted:                   1         0.02 %  of all variables
c subsumed:                  13106         1.74 %  of all clauses
c strengthened:              24159         3.21 %  of all clauses
c ternary:                    2295         0.45 %  of resolved
c vivified:                    203         0.03 %  of all clauses
c walked:                        1     26264.00    interval
c weakened:                   9186         3.13    average size
c 
c seconds are measured in process time for solving
c 
c --- [ resources ] ----------------------------------------------------------
c 
c total process time since initialization:        51.90    seconds
c total real time since initialization:           52.31    seconds
c maximum resident set size of process:          427.81    MB
c 
c --- [ shutting down ] ------------------------------------------------------
c 
c exit 10
+ for i in '$(seq 1 100)'
++ sed 's/.$//'
++ rev
++ cut '-d ' -f1
++ rev
++ tail -n 1
++ grep 'c [*]' log/22-cubes/30.cubes1269.adj.simp3
+ vars_remaining=13
+ ((  vars_remaining < 100 - p  ))
+ break
++ cut '-d ' -f3
++ head -n 1 simp/22-cubes/30.cubes1269.adj.simp3
+ numvars=6160
++ cut '-d ' -f4
++ head -n 1 simp/22-cubes/30.cubes1269.adj.simp3
+ numlines=328756
+ extlines_total=0
++ seq 1 3
+ for j in '$(seq 1 "$i")'
++ cut '-d ' -f1
++ wc -l simp/22-cubes/30.cubes1269.adj.ext1
+ extlines_j=1902
+ extlines_total=1902
+ for j in '$(seq 1 "$i")'
++ cut '-d ' -f1
++ wc -l simp/22-cubes/30.cubes1269.adj.ext2
+ extlines_j=32
+ extlines_total=1934
+ for j in '$(seq 1 "$i")'
++ cut '-d ' -f1
++ wc -l simp/22-cubes/30.cubes1269.adj.ext3
+ extlines_j=9186
+ extlines_total=11120
+ newlines=339876
+ echo 'p cnf 6160 339876'
+ tail simp/22-cubes/30.cubes1269.adj.simp3 -n +2
++ seq 1 3
+ for j in '$(seq 1 "$i")'
+ cat simp/22-cubes/30.cubes1269.adj.ext1
+ for j in '$(seq 1 "$i")'
+ cat simp/22-cubes/30.cubes1269.adj.ext2
+ for j in '$(seq 1 "$i")'
+ cat simp/22-cubes/30.cubes1269.adj.ext3
+ sed -i 's/ 0.*/ 0/' 22-cubes/30.cubes1269.adj.simp
============================[ Problem Statistics ]=============================
|                                                                             |
|  Number of variables:          6160                                         |
|  Number of clauses:          337986                                         |
|  Parse time:                   1.72 s                                       |
|  Simplification time:          0.05 s                                       |
|                                                                             |
============================[ Search Statistics ]====================================================
| Conflicts |          ORIGINAL         |          LEARNT          | Num Sols |      SUBGRAPHS      |
|           |    Vars  Clauses Literals |    Limit  Clauses Lit/Cl |          | Canonical Noncanon. |
=====================================================================================================
|       101 |    4267   337981 26512591 |     2000      101     48 |        0 |        19         1 |
|       254 |    4267   337984 26512723 |     2000      254     47 |        0 |        38         4 |
|       480 |    4267   337985 26512735 |     2000      480     60 |        0 |        47         5 |
|       823 |    4267   337991 26512953 |     2000      823     80 |        0 |        61        11 |
|      1332 |    4267   337994 26513026 |     2000     1332     77 |        0 |       101        14 |
|      2102 |    4267   338005 26513184 |     3601     1103     56 |        0 |       102        25 |
|      3412 |    4267   338176 26516219 |     3601     2413     69 |        0 |       161       196 |
|      5555 |    4267   338611 26524245 |     5001     2756     51 |        0 |       309       631 |
|      8174 |    4267   338668 26525718 |     6302     2876     38 |        0 |       428       688 |
|     12242 |    4267   338892 26530028 |     7552     3794     45 |        0 |       551       912 |
|     18505 |    4267   339389 26538091 |     8778     6283     55 |        0 |       752      1409 |
|     27635 |    4267   339870 26547053 |    11196     6031     42 |        0 |      1025      1890 |
|     41897 |    4267   341158 26570862 |    13613     8510     46 |        0 |      1199      3178 |
|     62121 |    4267   341921 26583515 |    16007    14528     66 |        0 |      1695      3941 |
|     93899 |    4267   344507 26632163 |    20813    10712     33 |        0 |      2347      6527 |
|    142560 |    4267   349379 26717629 |    25607    14167     39 |        0 |      3476     11399 |
|    214870 |    4267   356005 26812209 |    31612    16482     34 |        0 |      4946     18025 |
|    319873 |    4224   292024 22514520 |    37149    36022     67 |        0 |      6554     24502 |
|    481737 |    4224   306099 22710029 |    47220    31157     56 |        0 |     10044     38577 |
|    750100 |    4224   352779 23322254 |    59220    36520     46 |        0 |     19081     85257 |
|   1112557 |    4224   382711 23750462 |    72427    40384     38 |        0 |     25643    115189 |
|   1668797 |    4207   343123 22914826 |    79181    70378     65 |        0 |     37199    172641 |
=====================================================================================================
Number of solutions   : 0           
Canonical subgraphs   : 47971          (46 /sec)
          order  3    : 1              (125000 /sec)
          order  4    : 1              (500000 /sec)
          order  5    : 1              (142857 /sec)
          order  6    : 1              (37037 /sec)
          order  7    : 2              (8032 /sec)
          order  8    : 4              (2080 /sec)
          order  9    : 13             (560 /sec)
          order 10    : 60             (186 /sec)
          order 11    : 310            (81 /sec)
          order 12    : 1117           (65 /sec)
          order 13    : 5850           (70 /sec)
          order 14    : 19374          (54 /sec)
          order 15    : 17618          (38 /sec)
          order 16    : 2524           (32 /sec)
          order 17    : 383            (24 /sec)
          order 18    : 320            (22 /sec)
          order 19    : 261            (22 /sec)
          order 20    : 62             (32 /sec)
          order 21    : 69             (30 /sec)
          order 22    : 0              (-nan /sec)
Noncanonical subgraphs: 229602         (332 /sec)
          order  3    : 0              (-nan /sec)
          order  4    : 0              (-nan /sec)
          order  5    : 0              (-nan /sec)
          order  6    : 0              (-nan /sec)
          order  7    : 0              (-nan /sec)
          order  8    : 0              (-nan /sec)
          order  9    : 0              (-nan /sec)
          order 10    : 0              (-nan /sec)
          order 11    : 0              (-nan /sec)
          order 12    : 0              (-nan /sec)
          order 13    : 0              (-nan /sec)
          order 14    : 27588          (3150 /sec)
          order 15    : 198609         (299 /sec)
          order 16    : 3178           (213 /sec)
          order 17    : 151            (91 /sec)
          order 18    : 0              (-nan /sec)
          order 19    : 4              (200 /sec)
          order 20    : 0              (-nan /sec)
          order 21    : 0              (-nan /sec)
Canonicity checking   : 1745.26 s
database reductions   : 81
restarts              : 4093
conflicts             : 2130024        (704 /sec)
decisions             : 2765875        (0.00 % random) (914 /sec)
propagations          : 459588945      (151939 /sec)
conflict literals     : 187513474      (53.08 % deleted)
actual reward         : 0.052772
Memory used           : 394.00 MB
CPU time              : 3024.83 s

UNSATISFIABLE
