+ '[' -z 1110 ']'
+ f=constraints_22_11.simp-noncanon.simp
+ c=22-cubes/30.cubes
+ i=1110
+ s=70
+ adj=22-cubes/30.cubes1110.adj
+ cnf=22-cubes/30.cubes1110.cnf
+ ext=22-cubes/30.cubes1110.ext
+ cnfext=22-cubes/30.cubes1110.cnfext
+ unitlines=0
++ sed '1111q;d' 22-cubes/30.cubes
+ for b in '$(sed "$((i+1))q;d" "$c")'
+ [[ a != \a ]]
+ for b in '$(sed "$((i+1))q;d" "$c")'
+ [[ -92 != \a ]]
+ [[ -92 != \0 ]]
+ unitlines=1
+ for b in '$(sed "$((i+1))q;d" "$c")'
+ [[ 137 != \a ]]
+ [[ 137 != \0 ]]
+ unitlines=2
+ for b in '$(sed "$((i+1))q;d" "$c")'
+ [[ -121 != \a ]]
+ [[ -121 != \0 ]]
+ unitlines=3
+ for b in '$(sed "$((i+1))q;d" "$c")'
+ [[ -68 != \a ]]
+ [[ -68 != \0 ]]
+ unitlines=4
+ for b in '$(sed "$((i+1))q;d" "$c")'
+ [[ -158 != \a ]]
+ [[ -158 != \0 ]]
+ unitlines=5
+ for b in '$(sed "$((i+1))q;d" "$c")'
+ [[ -25 != \a ]]
+ [[ -25 != \0 ]]
+ unitlines=6
+ for b in '$(sed "$((i+1))q;d" "$c")'
+ [[ -153 != \a ]]
+ [[ -153 != \0 ]]
+ unitlines=7
+ for b in '$(sed "$((i+1))q;d" "$c")'
+ [[ 169 != \a ]]
+ [[ 169 != \0 ]]
+ unitlines=8
+ for b in '$(sed "$((i+1))q;d" "$c")'
+ [[ -93 != \a ]]
+ [[ -93 != \0 ]]
+ unitlines=9
+ for b in '$(sed "$((i+1))q;d" "$c")'
+ [[ -39 != \a ]]
+ [[ -39 != \0 ]]
+ unitlines=10
+ for b in '$(sed "$((i+1))q;d" "$c")'
+ [[ -136 != \a ]]
+ [[ -136 != \0 ]]
+ unitlines=11
+ for b in '$(sed "$((i+1))q;d" "$c")'
+ [[ 81 != \a ]]
+ [[ 81 != \0 ]]
+ unitlines=12
+ for b in '$(sed "$((i+1))q;d" "$c")'
+ [[ -225 != \a ]]
+ [[ -225 != \0 ]]
+ unitlines=13
+ for b in '$(sed "$((i+1))q;d" "$c")'
+ [[ -224 != \a ]]
+ [[ -224 != \0 ]]
+ unitlines=14
+ for b in '$(sed "$((i+1))q;d" "$c")'
+ [[ -223 != \a ]]
+ [[ -223 != \0 ]]
+ unitlines=15
+ for b in '$(sed "$((i+1))q;d" "$c")'
+ [[ 205 != \a ]]
+ [[ 205 != \0 ]]
+ unitlines=16
+ for b in '$(sed "$((i+1))q;d" "$c")'
+ [[ 203 != \a ]]
+ [[ 203 != \0 ]]
+ unitlines=17
+ for b in '$(sed "$((i+1))q;d" "$c")'
+ [[ 0 != \a ]]
+ [[ 0 != \0 ]]
++ cut '-d ' -f3
++ head -n 1 constraints_22_11.simp-noncanon.simp
+ numvars=6160
++ cut '-d ' -f4
++ head -n 1 constraints_22_11.simp-noncanon.simp
+ numlines=1786659
+ newlines=1786676
+ echo 'p cnf 6160 1786676'
+ tail constraints_22_11.simp-noncanon.simp -n +2
++ sed '1111q;d' 22-cubes/30.cubes
+ for b in '$(sed "$((i+1))q;d" "$c")'
+ [[ a != \a ]]
+ for b in '$(sed "$((i+1))q;d" "$c")'
+ [[ -92 != \a ]]
+ [[ -92 != \0 ]]
+ echo '-92 0'
+ for b in '$(sed "$((i+1))q;d" "$c")'
+ [[ 137 != \a ]]
+ [[ 137 != \0 ]]
+ echo '137 0'
+ for b in '$(sed "$((i+1))q;d" "$c")'
+ [[ -121 != \a ]]
+ [[ -121 != \0 ]]
+ echo '-121 0'
+ for b in '$(sed "$((i+1))q;d" "$c")'
+ [[ -68 != \a ]]
+ [[ -68 != \0 ]]
+ echo '-68 0'
+ for b in '$(sed "$((i+1))q;d" "$c")'
+ [[ -158 != \a ]]
+ [[ -158 != \0 ]]
+ echo '-158 0'
+ for b in '$(sed "$((i+1))q;d" "$c")'
+ [[ -25 != \a ]]
+ [[ -25 != \0 ]]
+ echo '-25 0'
+ for b in '$(sed "$((i+1))q;d" "$c")'
+ [[ -153 != \a ]]
+ [[ -153 != \0 ]]
+ echo '-153 0'
+ for b in '$(sed "$((i+1))q;d" "$c")'
+ [[ 169 != \a ]]
+ [[ 169 != \0 ]]
+ echo '169 0'
+ for b in '$(sed "$((i+1))q;d" "$c")'
+ [[ -93 != \a ]]
+ [[ -93 != \0 ]]
+ echo '-93 0'
+ for b in '$(sed "$((i+1))q;d" "$c")'
+ [[ -39 != \a ]]
+ [[ -39 != \0 ]]
+ echo '-39 0'
+ for b in '$(sed "$((i+1))q;d" "$c")'
+ [[ -136 != \a ]]
+ [[ -136 != \0 ]]
+ echo '-136 0'
+ for b in '$(sed "$((i+1))q;d" "$c")'
+ [[ 81 != \a ]]
+ [[ 81 != \0 ]]
+ echo '81 0'
+ for b in '$(sed "$((i+1))q;d" "$c")'
+ [[ -225 != \a ]]
+ [[ -225 != \0 ]]
+ echo '-225 0'
+ for b in '$(sed "$((i+1))q;d" "$c")'
+ [[ -224 != \a ]]
+ [[ -224 != \0 ]]
+ echo '-224 0'
+ for b in '$(sed "$((i+1))q;d" "$c")'
+ [[ -223 != \a ]]
+ [[ -223 != \0 ]]
+ echo '-223 0'
+ for b in '$(sed "$((i+1))q;d" "$c")'
+ [[ 205 != \a ]]
+ [[ 205 != \0 ]]
+ echo '205 0'
+ for b in '$(sed "$((i+1))q;d" "$c")'
+ [[ 203 != \a ]]
+ [[ 203 != \0 ]]
+ echo '203 0'
+ for b in '$(sed "$((i+1))q;d" "$c")'
+ [[ 0 != \a ]]
+ [[ 0 != \0 ]]
+ ./simplify-by-var-removal.sh 22-cubes/30.cubes1110.adj 70
+ '[' -z 70 ']'
+ f=22-cubes/30.cubes1110.adj
+ p=70
++ echo 22-cubes
+ sub_dir=22-cubes
+ mkdir -p log/22-cubes
+ mkdir -p simp/22-cubes
+ tee log/22-cubes/30.cubes1110.adj.simp1
+ ./cadical/build/cadical 22-cubes/30.cubes1110.adj -o simp/22-cubes/30.cubes1110.adj.simp1 -e simp/22-cubes/30.cubes1110.adj.ext1 -n -c 200000
c --- [ banner ] -------------------------------------------------------------
c 
c CaDiCaL Radically Simplified CDCL SAT Solver
c Copyright (c) 2016-2021 A. Biere, M. Fleury, N. Froleyks
c 
c Version 1.5.2
c g++ (GCC) 9.3.0 -Wall -Wextra -O3 -DNDEBUG
c Tue Feb 8 21:15:15 EST 2022 Linux gra-login1 3.10.0-1160.36.2.el7.x86_64 x86_64
c 
c --- [ limit ] --------------------------------------------------------------
c 
c setting conflict limit to 200000 conflicts (due to '200000')
c 
c --- [ parsing input ] ------------------------------------------------------
c 
c reading DIMACS file from '22-cubes/30.cubes1110.adj'
c opening file to read '22-cubes/30.cubes1110.adj'
c found 'p cnf 6160 1786676' header
c parsed 1786676 clauses in 18.76 seconds process time
c closing file '22-cubes/30.cubes1110.adj'
c after reading 1542541724 bytes 1471.1 MB
c 
c --- [ options ] ------------------------------------------------------------
c 
c all options are set to their default value
c 
c --- [ solving ] ------------------------------------------------------------
c 
c time measured in process time since initialization
c 
c  seconds    reductions  redundant   irredundant
c          MB     restarts       trail       variables
c            level   conflicts       glue         remaining
c 
c * 18.76 1470  0 0   0    0    0  0% 0 1785954 4490 73%
c { 19.96 1514  0 0   0    0    0  0% 0 1785954 4490 73%
c i 20.37 1518 20 0   0    3    2 34% 4 1785954 4485 73%
c i 20.61 1525 21 0   0    4    2 36% 3 1785954 4475 73%
c i 24.01 1580 85 0   9   71   57 50% 28 1785954 4464 72%
c i 24.57 1584 73 0  12  106   87 52% 24 1785954 4463 72%
c i 24.63 1584 72 0  12  110   90 52% 24 1785954 4462 72%
c i 24.69 1584 71 0  12  111   90 52% 24 1785954 4461 72%
c i 24.69 1584 71 0  12  112   90 52% 24 1785954 4460 72%
c i 24.69 1584 70 0  12  113   90 52% 24 1785954 4459 72%
c i 24.70 1584 70 0  12  114   90 52% 23 1785954 4458 72%
c i 24.70 1584 69 0  12  115   90 52% 23 1785954 4457 72%
c i 24.70 1584 69 0  12  116   90 52% 23 1785954 4456 72%
c i 24.70 1584 68 0  12  117   90 52% 23 1785954 4455 72%
c i 25.08 1586 70 0  15  148  119 52% 25 1785954 4454 72%
c i 25.09 1586 72 0  15  150  120 52% 26 1785954 4453 72%
c i 25.39 1587 71 0  16  167  135 52% 24 1785954 4452 72%
c i 25.45 1587 70 0  16  171  137 52% 24 1785954 4451 72%
c i 25.68 1587 70 0  17  184  148 52% 25 1785954 4450 72%
c i 26.10 1587 61 0  22  259  211 52% 25 1785954 4449 72%
c 
c  seconds    reductions  redundant    irredundant
c          MB     restarts       trail        variables
c            level   conflicts       glue          remaining
c 
c i 26.21 1590 61 0  22  264  214 52% 26 1785954 4448 72%
c - 30.40 1494 59 1  28  304  244 52% 26 246883 4448 72%
c i 30.82 1494 49 1  29  425  330 53% 24 246883 4447 72%
c i 31.03 1494 50 1  37  492  383 53% 25 246883 4446 72%
c i 31.08 1494 52 1  38  522  399 53% 25 246883 4445 72%
c i 31.15 1494 53 1  38  534  410 53% 25 246883 4444 72%
c i 31.20 1494 53 1  40  540  413 53% 26 246883 4443 72%
c i 31.51 1494 60 1  42  683  492 51% 23 246883 4401 71%
c i 31.80 1494 59 1  43  733  531 51% 23 246883 4400 71%
c i 31.80 1494 59 1  43  735  531 51% 23 246883 4398 71%
c i 32.26 1494 60 1  57  796  587 51% 24 246883 4397 71%
c i 32.26 1494 60 1  57  797  587 51% 24 246883 4396 71%
c i 32.26 1494 60 1  57  798  587 51% 24 246883 4395 71%
c i 32.37 1494 60 1  59  819  602 51% 24 246883 4394 71%
c i 32.55 1494 59 1  59  847  627 51% 23 246883 4393 71%
c i 32.71 1494 58 1  59  891  659 50% 23 246883 4392 71%
c i 32.79 1494 55 1  59  959  667 50% 22 246883 4391 71%
c i 32.94 1494 54 1  59  986  689 50% 22 246883 4390 71%
c i 32.95 1494 54 1  59  991  693 50% 22 246883 4389 71%
c i 32.97 1494 54 1  59  992  693 50% 22 246883 4388 71%
c 
c  seconds    reductions  redundant   irredundant
c          MB     restarts       trail       variables
c            level   conflicts       glue         remaining
c 
c i 32.97 1494 54 1  59  993  693 50% 22 246883 4387 71%
c i 32.97 1494 54 1  59  994  693 50% 22 246883 4386 71%
c i 32.97 1494 54 1  59  995  693 50% 22 246883 4385 71%
c } 32.98 1494 54 1  59 1000  698 50% 22 246883 4385 71%
c [ 32.98 1494  0 1  59 1000  698  0% 0 246883 4385 71%
c O 33.00 1495 36 1  59 1007  704 48% 25 246883 4385 71%
c i 33.00 1495 31 1  59 1008  704 46% 22 246883 4362 71%
c i 33.39 1494 19 1  59 1095  763 50% 15 246883 4361 71%
c - 33.94 1552 21 2  59 1139  638 52% 18 245745 4361 71%
c i 34.05 1552 22 2  59 1160  654 53% 19 245745 4360 71%
c i 34.11 1552 24 2  59 1204  685 54% 20 245745 4359 71%
c i 34.37 1552 25 2  59 1556  895 57% 21 245745 4358 71%
c i 34.45 1552 24 2  59 1628  934 57% 20 245745 4357 71%
c i 34.52 1552 24 2  59 1738 1006 57% 20 245745 4356 71%
c i 34.52 1552 24 2  59 1740 1007 57% 20 245745 4355 71%
c i 34.52 1552 24 2  59 1741 1007 57% 20 245745 4354 71%
c i 34.53 1552 24 2  59 1750 1014 57% 20 245745 4353 71%
c i 34.73 1552 23 2  60 2169 1269 57% 19 245745 4352 71%
c i 34.85 1552 23 2  60 2389 1400 57% 19 245745 4351 71%
c - 35.12 1550 23 3  60 2390 1069 57% 19 245715 4351 71%
c 
c  seconds    reductions  redundant   irredundant
c          MB     restarts       trail       variables
c            level   conflicts       glue         remaining
c 
c i 35.73 1550 24 3  60 2839 1323 39% 20 245715 4350 71%
c ] 35.83 1550 24 3  60 3000 1401 39% 20 245715 4350 71%
c { 35.83 1550 54 3  60 3000 1401 71% 22 245715 4350 71%
c F 35.85 1550 53 3  60 3008 1407 70% 22 245715 4350 71%
c i 35.96 1550 53 3  60 3038 1435 69% 22 245715 4349 71%
c i 36.00 1550 53 3  60 3043 1439 69% 22 245715 4348 71%
c i 36.23 1550 55 3  79 3143 1513 65% 23 245715 4347 71%
c i 36.23 1550 55 3  79 3144 1513 65% 23 245715 4346 71%
c i 36.94 1550 55 3 106 3294 1641 61% 24 245715 4345 71%
c i 36.95 1550 55 3 107 3297 1643 61% 24 245715 4344 71%
c - 38.10 1460 43 4 122 4060 1540 51% 20 245694 4344 71%
c 2 39.24 1461 34 4 122 5000 4559 47% 17 245553 4332 70%
c p 43.88 1461 34 4 122 5000 10606 47% 17 245553 4222 69%
c d 44.21 1461 34 4 122 5000 10099 47% 17 203988 4216 68%
c d 44.33 1461 34 4 122 5000 10099 47% 17 203986 4215 68%
c # 47.03 1461 34 4 222 6010 10836 44% 18 203986 4215 68%
c - 47.95 1461 35 5 253 6146 2355 43% 18 203986 4215 68%
c } 49.68 1461 35 5 345 7000 3047 41% 18 203986 4215 68%
c [ 49.68 1461 24 5 345 7000 3047 39% 20 203986 4215 68%
c ] 50.00 1461 27 5 346 7390 3339 39% 22 203986 4215 68%
c 
c  seconds    reductions  redundant   irredundant
c          MB     restarts       trail       variables
c            level   conflicts       glue         remaining
c 
c 1 50.00 1461 27 5 346 7390 3339 39% 22 203986 4215 68%
c 
c --- [ writing output ] -----------------------------------------------------
c 
c writing simplified CNF to DIMACS file 'simp/22-cubes/30.cubes1110.adj.simp1'
c * 50.00 1461 27 5 346 7390 3339 39% 22 203986 4215 68%
c opening file to write 'simp/22-cubes/30.cubes1110.adj.simp1'
c writing 'p cnf 6160 203986' header
c closing file 'simp/22-cubes/30.cubes1110.adj.simp1'
c after writing 77321698 bytes 73.7 MB
c wrote 203986 clauses in 0.60 seconds process time
c 
c --- [ writing extension ] --------------------------------------------------
c 
c writing extension stack to 'simp/22-cubes/30.cubes1110.adj.ext1'
c opening file to write 'simp/22-cubes/30.cubes1110.adj.ext1'
c closing file 'simp/22-cubes/30.cubes1110.adj.ext1'
c after writing 28777 bytes 0.0 MB
c wrote 1964 witnesses in 0.00 seconds process time
c 
c --- [ result ] -------------------------------------------------------------
c 
s SATISFIABLE
c 
c --- [ run-time profiling ] -------------------------------------------------
c 
c process time taken by individual solving procedures
c (percentage relative to process time for solving)
c 
c        25.75   82.43% search
c        21.37   68.42% unstable
c        18.76   60.06% parse
c         5.49   17.57% simplify
c         4.64   14.86% probe
c         3.17   10.16% stable
c         1.20    3.85% lucky
c         0.06    0.19% ternary
c   =================================
c        31.24   61.73% solve
c 
c last line shows process time for solving
c (percentage relative to total process time)
c 
c --- [ statistics ] ---------------------------------------------------------
c 
c chronological:              1953        26.43 %  of conflicts
c conflicts:                  7390       236.58    per second
c decisions:                 34428      1102.17    per second
c fixed:                      1926        31.27 %  of all variables
c learned:                    7181        97.17 %  per conflict
c learned_lits:            1052918       100.00 %  learned literals
c minimized:                     0         0.00 %  learned literals
c shrunken:                 680868        64.66 %  learned literals
c minishrunken:              59487         5.65 %  learned literals
c propagations:            2037167         0.07 M  per second
c reduced:                    1891        25.59 %  per conflict
c rephased:                      3      2463.33    interval
c restarts:                    346        21.36    interval
c stabilizing:                   2        32.34 %  of conflicts
c substituted:                  19         0.31 %  of all variables
c subsumed:                   2170         0.06 %  of all clauses
c ternary:                    2408         0.43 %  of resolved
c weakened:                     38         2.00    average size
c 
c seconds are measured in process time for solving
c 
c --- [ resources ] ----------------------------------------------------------
c 
c total process time since initialization:        50.60    seconds
c total real time since initialization:           51.40    seconds
c maximum resident set size of process:         1644.10    MB
c 
c --- [ shutting down ] ------------------------------------------------------
c 
c exit 10
++ seq 1 100
+ for i in '$(seq 1 100)'
++ sed 's/.$//'
++ rev
++ cut '-d ' -f1
++ rev
++ tail -n 1
++ grep 'c [*]' log/22-cubes/30.cubes1110.adj.simp1
+ vars_remaining=68
+ ((  vars_remaining < 100 - p  ))
+ tee log/22-cubes/30.cubes1110.adj.simp2
+ ./cadical/build/cadical simp/22-cubes/30.cubes1110.adj.simp1 -o simp/22-cubes/30.cubes1110.adj.simp2 -e simp/22-cubes/30.cubes1110.adj.ext2 -n -c 200000
c --- [ banner ] -------------------------------------------------------------
c 
c CaDiCaL Radically Simplified CDCL SAT Solver
c Copyright (c) 2016-2021 A. Biere, M. Fleury, N. Froleyks
c 
c Version 1.5.2
c g++ (GCC) 9.3.0 -Wall -Wextra -O3 -DNDEBUG
c Tue Feb 8 21:15:15 EST 2022 Linux gra-login1 3.10.0-1160.36.2.el7.x86_64 x86_64
c 
c --- [ limit ] --------------------------------------------------------------
c 
c setting conflict limit to 200000 conflicts (due to '200000')
c 
c --- [ parsing input ] ------------------------------------------------------
c 
c reading DIMACS file from 'simp/22-cubes/30.cubes1110.adj.simp1'
c opening file to read 'simp/22-cubes/30.cubes1110.adj.simp1'
c found 'p cnf 6160 203986' header
c parsed 203986 clauses in 1.06 seconds process time
c closing file 'simp/22-cubes/30.cubes1110.adj.simp1'
c after reading 77321698 bytes 73.7 MB
c 
c --- [ options ] ------------------------------------------------------------
c 
c all options are set to their default value
c 
c --- [ solving ] ------------------------------------------------------------
c 
c time measured in process time since initialization
c 
c  seconds  reductions  redundant  irredundant
c         MB    restarts       trail      variables
c          level   conflicts       glue        remaining
c 
c *  1.06 81  0 0   0    0    0  0% 0 203986 4189 68%
c {  1.19 91  0 0   0    0    0  0% 0 203986 4189 68%
c -  2.14 103 59 1  53  300  216 17% 25 203986 4189 68%
c }  2.46 103 37 1  65 1001  721 20% 20 203986 4189 68%
c [  2.46 103  0 1  65 1001  721  0% 0 203986 4189 68%
c O  2.46 103 32 1  65 1002  722  3% 1 203986 4189 68%
c -  2.76 172 58 2  65 1087  704 25% 16 203986 4189 68%
c ]  3.15 165 59 2  66 2052 1314 43% 18 203986 4189 68%
c 1  3.15 165 59 2  66 2052 1314 43% 18 203986 4189 68%
c 
c --- [ writing output ] -----------------------------------------------------
c 
c writing simplified CNF to DIMACS file 'simp/22-cubes/30.cubes1110.adj.simp2'
c *  3.15 165 59 2  66 2052 1314 43% 18 203986 4189 68%
c opening file to write 'simp/22-cubes/30.cubes1110.adj.simp2'
c writing 'p cnf 6160 203986' header
c closing file 'simp/22-cubes/30.cubes1110.adj.simp2'
c after writing 77321698 bytes 73.7 MB
c wrote 203986 clauses in 0.60 seconds process time
c 
c --- [ writing extension ] --------------------------------------------------
c 
c writing extension stack to 'simp/22-cubes/30.cubes1110.adj.ext2'
c opening file to write 'simp/22-cubes/30.cubes1110.adj.ext2'
c closing file 'simp/22-cubes/30.cubes1110.adj.ext2'
c after writing 0 bytes 0.0 MB
c wrote 0 witnesses in 0.00 seconds process time
c 
c --- [ result ] -------------------------------------------------------------
c 
s SATISFIABLE
c 
c --- [ run-time profiling ] -------------------------------------------------
c 
c process time taken by individual solving procedures
c (percentage relative to process time for solving)
c 
c         2.09   99.99% search
c         1.27   60.80% unstable
c         1.06   50.48% parse
c         0.69   33.02% stable
c         0.13    6.16% lucky
c         0.00    0.00% simplify
c   =================================
c         2.09   55.84% solve
c 
c last line shows process time for solving
c (percentage relative to total process time)
c 
c --- [ statistics ] ---------------------------------------------------------
c 
c chronological:               509        24.81 %  of conflicts
c conflicts:                  2052       981.60    per second
c decisions:                  9477      4533.43    per second
c learned:                    1986        96.78 %  per conflict
c learned_lits:             278880       100.00 %  learned literals
c minimized:                     0         0.00 %  learned literals
c shrunken:                 191386        68.63 %  learned literals
c minishrunken:              13420         4.81 %  learned literals
c propagations:             471429         0.23 M  per second
c reduced:                      84         4.09 %  per conflict
c rephased:                      1      2052.00    interval
c restarts:                     66        31.09    interval
c stabilizing:                   1        51.22 %  of conflicts
c subsumed:                    588         0.14 %  of all clauses
c 
c seconds are measured in process time for solving
c 
c --- [ resources ] ----------------------------------------------------------
c 
c total process time since initialization:         3.74    seconds
c total real time since initialization:            4.18    seconds
c maximum resident set size of process:          233.43    MB
c 
c --- [ shutting down ] ------------------------------------------------------
c 
c exit 10
+ for i in '$(seq 1 100)'
++ sed 's/.$//'
++ rev
++ cut '-d ' -f1
++ rev
++ tail -n 1
++ grep 'c [*]' log/22-cubes/30.cubes1110.adj.simp2
+ vars_remaining=68
+ ((  vars_remaining < 100 - p  ))
+ tee log/22-cubes/30.cubes1110.adj.simp3
+ ./cadical/build/cadical simp/22-cubes/30.cubes1110.adj.simp2 -o simp/22-cubes/30.cubes1110.adj.simp3 -e simp/22-cubes/30.cubes1110.adj.ext3 -n -c 200000
c --- [ banner ] -------------------------------------------------------------
c 
c CaDiCaL Radically Simplified CDCL SAT Solver
c Copyright (c) 2016-2021 A. Biere, M. Fleury, N. Froleyks
c 
c Version 1.5.2
c g++ (GCC) 9.3.0 -Wall -Wextra -O3 -DNDEBUG
c Tue Feb 8 21:15:15 EST 2022 Linux gra-login1 3.10.0-1160.36.2.el7.x86_64 x86_64
c 
c --- [ limit ] --------------------------------------------------------------
c 
c setting conflict limit to 200000 conflicts (due to '200000')
c 
c --- [ parsing input ] ------------------------------------------------------
c 
c reading DIMACS file from 'simp/22-cubes/30.cubes1110.adj.simp2'
c opening file to read 'simp/22-cubes/30.cubes1110.adj.simp2'
c found 'p cnf 6160 203986' header
c parsed 203986 clauses in 1.04 seconds process time
c closing file 'simp/22-cubes/30.cubes1110.adj.simp2'
c after reading 77321698 bytes 73.7 MB
c 
c --- [ options ] ------------------------------------------------------------
c 
c all options are set to their default value
c 
c --- [ solving ] ------------------------------------------------------------
c 
c time measured in process time since initialization
c 
c  seconds  reductions  redundant  irredundant
c         MB    restarts       trail      variables
c          level   conflicts       glue        remaining
c 
c *  1.04 81  0 0   0    0    0  0% 0 203986 4189 68%
c {  1.22 93  0 0   0    0    0  0% 0 203986 4189 68%
c -  2.32 106 61 1  26  302  242 21% 23 203986 4189 68%
c }  3.17 103 40 1  56 1002  809 22% 22 203986 4189 68%
c [  3.17 103  0 1  56 1002  809  0% 0 203986 4189 68%
c O  3.17 103 32 1  56 1003  810  2% 1 203986 4189 68%
c -  3.56 172 51 2  56 1087  777 23% 11 203986 4189 68%
c ]  3.66 173 63 2  56 1284  921 24% 20 203986 4189 68%
c 1  3.66 173 63 2  56 1284  921 24% 20 203986 4189 68%
c 
c --- [ writing output ] -----------------------------------------------------
c 
c writing simplified CNF to DIMACS file 'simp/22-cubes/30.cubes1110.adj.simp3'
c *  3.66 173 63 2  56 1284  921 24% 20 203986 4189 68%
c opening file to write 'simp/22-cubes/30.cubes1110.adj.simp3'
c writing 'p cnf 6160 203986' header
c closing file 'simp/22-cubes/30.cubes1110.adj.simp3'
c after writing 77321698 bytes 73.7 MB
c wrote 203986 clauses in 0.57 seconds process time
c 
c --- [ writing extension ] --------------------------------------------------
c 
c writing extension stack to 'simp/22-cubes/30.cubes1110.adj.ext3'
c opening file to write 'simp/22-cubes/30.cubes1110.adj.ext3'
c closing file 'simp/22-cubes/30.cubes1110.adj.ext3'
c after writing 0 bytes 0.0 MB
c wrote 0 witnesses in 0.00 seconds process time
c 
c --- [ result ] -------------------------------------------------------------
c 
s SATISFIABLE
c 
c --- [ run-time profiling ] -------------------------------------------------
c 
c process time taken by individual solving procedures
c (percentage relative to process time for solving)
c 
c         2.62   99.99% search
c         1.94   74.07% unstable
c         1.04   39.62% parse
c         0.49   18.89% stable
c         0.18    7.03% lucky
c         0.00    0.00% simplify
c   =================================
c         2.62   61.88% solve
c 
c last line shows process time for solving
c (percentage relative to total process time)
c 
c --- [ statistics ] ---------------------------------------------------------
c 
c chronological:               389        30.30 %  of conflicts
c conflicts:                  1284       490.03    per second
c decisions:                  9725      3711.49    per second
c learned:                    1258        97.98 %  per conflict
c learned_lits:             155806       100.00 %  learned literals
c minimized:                     0         0.00 %  learned literals
c shrunken:                  77473        49.72 %  learned literals
c minishrunken:              16428        10.54 %  learned literals
c propagations:             312767         0.12 M  per second
c reduced:                     102         7.94 %  per conflict
c rephased:                      1      1284.00    interval
c restarts:                     56        22.93    interval
c stabilizing:                   1        21.96 %  of conflicts
c subsumed:                    235         0.06 %  of all clauses
c 
c seconds are measured in process time for solving
c 
c --- [ resources ] ----------------------------------------------------------
c 
c total process time since initialization:         4.23    seconds
c total real time since initialization:            4.75    seconds
c maximum resident set size of process:          172.53    MB
c 
c --- [ shutting down ] ------------------------------------------------------
c 
c exit 10
+ for i in '$(seq 1 100)'
++ sed 's/.$//'
++ rev
++ cut '-d ' -f1
++ rev
++ tail -n 1
++ grep 'c [*]' log/22-cubes/30.cubes1110.adj.simp3
+ vars_remaining=68
+ ((  vars_remaining < 100 - p  ))
+ tee log/22-cubes/30.cubes1110.adj.simp4
+ ./cadical/build/cadical simp/22-cubes/30.cubes1110.adj.simp3 -o simp/22-cubes/30.cubes1110.adj.simp4 -e simp/22-cubes/30.cubes1110.adj.ext4 -n -c 200000
c --- [ banner ] -------------------------------------------------------------
c 
c CaDiCaL Radically Simplified CDCL SAT Solver
c Copyright (c) 2016-2021 A. Biere, M. Fleury, N. Froleyks
c 
c Version 1.5.2
c g++ (GCC) 9.3.0 -Wall -Wextra -O3 -DNDEBUG
c Tue Feb 8 21:15:15 EST 2022 Linux gra-login1 3.10.0-1160.36.2.el7.x86_64 x86_64
c 
c --- [ limit ] --------------------------------------------------------------
c 
c setting conflict limit to 200000 conflicts (due to '200000')
c 
c --- [ parsing input ] ------------------------------------------------------
c 
c reading DIMACS file from 'simp/22-cubes/30.cubes1110.adj.simp3'
c opening file to read 'simp/22-cubes/30.cubes1110.adj.simp3'
c found 'p cnf 6160 203986' header
c parsed 203986 clauses in 1.04 seconds process time
c closing file 'simp/22-cubes/30.cubes1110.adj.simp3'
c after reading 77321698 bytes 73.7 MB
c 
c --- [ options ] ------------------------------------------------------------
c 
c all options are set to their default value
c 
c --- [ solving ] ------------------------------------------------------------
c 
c time measured in process time since initialization
c 
c  seconds  reductions  redundant  irredundant
c         MB    restarts       trail      variables
c          level   conflicts       glue        remaining
c 
c *  1.04 81  0 0   0    0    0  0% 0 203986 4189 68%
c {  1.19 92  0 0   0    0    0  0% 0 203986 4189 68%
c -  1.57 100 32 1   6  305  246 24% 17 203986 4189 68%
c }  2.42 99 22 1  13 1000  763 23% 15 203986 4189 68%
c [  2.42 99  0 1  13 1000  763  0% 0 203986 4189 68%
c O  2.43 99 46 1  13 1004  767 21% 8 203986 4189 68%
c -  2.79 168 13 2  13 1090  680 24% 9 203986 4189 68%
c -  3.28 168 23 3  14 2269 1102 26% 19 203986 4189 68%
c ]  3.67 168 23 3  14 3000 1611 26% 20 203986 4189 68%
c {  3.67 168 22 3  14 3000 1611 23% 15 203986 4189 68%
c F  3.82 168 22 3  14 3005 1612 10% 15 203986 4189 68%
c -  7.45 168 34 4 180 3840 1605 27% 19 203986 4189 68%
c 3  9.84 168 34 4 293 5000 4556 30% 20 203986 4189 68%
c 2  9.89 168 34 4 293 5000 4744 30% 20 203969 4189 68%
c p 12.24 168 34 4 293 5000 10634 30% 20 203969 4187 68%
c - 13.26 168 30 5 293 5804 2110 32% 18 203963 4187 68%
c # 13.44 157 29 5 293 6007 2215 32% 18 203963 4187 68%
c } 14.17 157 29 5 341 6759 2741 32% 18 203963 4187 68%
c 1 14.17 157 29 5 341 6759 2741 32% 18 203963 4187 68%
c 
c --- [ writing output ] -----------------------------------------------------
c 
c writing simplified CNF to DIMACS file 'simp/22-cubes/30.cubes1110.adj.simp4'
c * 14.17 157 29 5 341 6759 2741 32% 18 203963 4187 68%
c opening file to write 'simp/22-cubes/30.cubes1110.adj.simp4'
c writing 'p cnf 6160 203963' header
c closing file 'simp/22-cubes/30.cubes1110.adj.simp4'
c after writing 76992396 bytes 73.4 MB
c wrote 203963 clauses in 0.59 seconds process time
c 
c --- [ writing extension ] --------------------------------------------------
c 
c writing extension stack to 'simp/22-cubes/30.cubes1110.adj.ext4'
c opening file to write 'simp/22-cubes/30.cubes1110.adj.ext4'
c closing file 'simp/22-cubes/30.cubes1110.adj.ext4'
c after writing 32 bytes 0.0 MB
c wrote 2 witnesses in 0.00 seconds process time
c 
c --- [ result ] -------------------------------------------------------------
c 
s SATISFIABLE
c 
c --- [ run-time profiling ] -------------------------------------------------
c 
c process time taken by individual solving procedures
c (percentage relative to process time for solving)
c 
c        10.68   81.36% search
c         9.29   70.71% unstable
c         2.45   18.64% simplify
c         2.35   17.88% probe
c         1.25    9.50% stable
c         1.04    7.91% parse
c         0.15    1.14% lucky
c         0.04    0.34% ternary
c   =================================
c        13.13   88.97% solve
c 
c last line shows process time for solving
c (percentage relative to total process time)
c 
c --- [ statistics ] ---------------------------------------------------------
c 
c chronological:              1457        21.56 %  of conflicts
c conflicts:                  6759       514.72    per second
c decisions:                 25675      1955.23    per second
c fixed:                         2         0.03 %  of all variables
c learned:                    6614        97.85 %  per conflict
c learned_lits:             938940       100.00 %  learned literals
c minimized:                     0         0.00 %  learned literals
c shrunken:                 619121        65.94 %  learned literals
c minishrunken:              55844         5.95 %  learned literals
c propagations:            1681397         0.13 M  per second
c reduced:                    2066        30.57 %  per conflict
c rephased:                      3      2253.00    interval
c restarts:                    341        19.82    interval
c stabilizing:                   1        29.59 %  of conflicts
c subsumed:                   1949         0.45 %  of all clauses
c ternary:                    2303         0.48 %  of resolved
c 
c seconds are measured in process time for solving
c 
c --- [ resources ] ----------------------------------------------------------
c 
c total process time since initialization:        14.76    seconds
c total real time since initialization:           15.14    seconds
c maximum resident set size of process:          236.24    MB
c 
c --- [ shutting down ] ------------------------------------------------------
c 
c exit 10
+ for i in '$(seq 1 100)'
++ sed 's/.$//'
++ rev
++ cut '-d ' -f1
++ rev
++ tail -n 1
++ grep 'c [*]' log/22-cubes/30.cubes1110.adj.simp4
+ vars_remaining=68
+ ((  vars_remaining < 100 - p  ))
+ tee log/22-cubes/30.cubes1110.adj.simp5
+ ./cadical/build/cadical simp/22-cubes/30.cubes1110.adj.simp4 -o simp/22-cubes/30.cubes1110.adj.simp5 -e simp/22-cubes/30.cubes1110.adj.ext5 -n -c 200000
c --- [ banner ] -------------------------------------------------------------
c 
c CaDiCaL Radically Simplified CDCL SAT Solver
c Copyright (c) 2016-2021 A. Biere, M. Fleury, N. Froleyks
c 
c Version 1.5.2
c g++ (GCC) 9.3.0 -Wall -Wextra -O3 -DNDEBUG
c Tue Feb 8 21:15:15 EST 2022 Linux gra-login1 3.10.0-1160.36.2.el7.x86_64 x86_64
c 
c --- [ limit ] --------------------------------------------------------------
c 
c setting conflict limit to 200000 conflicts (due to '200000')
c 
c --- [ parsing input ] ------------------------------------------------------
c 
c reading DIMACS file from 'simp/22-cubes/30.cubes1110.adj.simp4'
c opening file to read 'simp/22-cubes/30.cubes1110.adj.simp4'
c found 'p cnf 6160 203963' header
c parsed 203963 clauses in 1.07 seconds process time
c closing file 'simp/22-cubes/30.cubes1110.adj.simp4'
c after reading 76992396 bytes 73.4 MB
c 
c --- [ options ] ------------------------------------------------------------
c 
c all options are set to their default value
c 
c --- [ solving ] ------------------------------------------------------------
c 
c time measured in process time since initialization
c 
c  seconds  reductions  redundant  irredundant
c         MB    restarts       trail      variables
c          level   conflicts       glue        remaining
c 
c *  1.07 81  0 0   0    0    0  0% 0 203963 4187 68%
c {  1.24 91  0 0   0    0    0  0% 0 203963 4187 68%
c -  1.77 102 114 1   8  305  269 29% 26 203963 4187 68%
c }  2.37 103 54 1   8 1000  809 25% 22 203963 4187 68%
c [  2.37 103  0 1   8 1000  809  0% 0 203963 4187 68%
c O  2.38 103 34 1   8 1002  811 11% 4 203963 4187 68%
c -  2.68 166 12 2   8 1091  708 26% 10 203963 4187 68%
c ]  2.77 166 13 2   8 1260  798 27% 11 203963 4187 68%
c 1  2.77 166 13 2   8 1260  798 27% 11 203963 4187 68%
c 
c --- [ writing output ] -----------------------------------------------------
c 
c writing simplified CNF to DIMACS file 'simp/22-cubes/30.cubes1110.adj.simp5'
c *  2.77 166 13 2   8 1260  798 27% 11 203963 4187 68%
c opening file to write 'simp/22-cubes/30.cubes1110.adj.simp5'
c writing 'p cnf 6160 203963' header
c closing file 'simp/22-cubes/30.cubes1110.adj.simp5'
c after writing 76992396 bytes 73.4 MB
c wrote 203963 clauses in 0.59 seconds process time
c 
c --- [ writing extension ] --------------------------------------------------
c 
c writing extension stack to 'simp/22-cubes/30.cubes1110.adj.ext5'
c opening file to write 'simp/22-cubes/30.cubes1110.adj.ext5'
c closing file 'simp/22-cubes/30.cubes1110.adj.ext5'
c after writing 0 bytes 0.0 MB
c wrote 0 witnesses in 0.00 seconds process time
c 
c --- [ result ] -------------------------------------------------------------
c 
s SATISFIABLE
c 
c --- [ run-time profiling ] -------------------------------------------------
c 
c process time taken by individual solving procedures
c (percentage relative to process time for solving)
c 
c         1.69   99.99% search
c         1.14   67.16% unstable
c         1.07   63.26% parse
c         0.39   23.26% stable
c         0.16    9.55% lucky
c         0.00    0.00% simplify
c   =================================
c         1.69   50.47% solve
c 
c last line shows process time for solving
c (percentage relative to total process time)
c 
c --- [ statistics ] ---------------------------------------------------------
c 
c chronological:               328        26.03 %  of conflicts
c conflicts:                  1260       743.98    per second
c decisions:                  5729      3382.76    per second
c learned:                    1223        97.06 %  per conflict
c learned_lits:             158885       100.00 %  learned literals
c minimized:                     0         0.00 %  learned literals
c shrunken:                  98472        61.98 %  learned literals
c minishrunken:              12413         7.81 %  learned literals
c propagations:             264955         0.16 M  per second
c reduced:                     138        10.95 %  per conflict
c rephased:                      1      1260.00    interval
c restarts:                      8       157.50    interval
c stabilizing:                   1        20.63 %  of conflicts
c subsumed:                    287         0.07 %  of all clauses
c 
c seconds are measured in process time for solving
c 
c --- [ resources ] ----------------------------------------------------------
c 
c total process time since initialization:         3.36    seconds
c total real time since initialization:            3.58    seconds
c maximum resident set size of process:          171.14    MB
c 
c --- [ shutting down ] ------------------------------------------------------
c 
c exit 10
+ for i in '$(seq 1 100)'
++ sed 's/.$//'
++ rev
++ cut '-d ' -f1
++ rev
++ tail -n 1
++ grep 'c [*]' log/22-cubes/30.cubes1110.adj.simp5
+ vars_remaining=68
+ ((  vars_remaining < 100 - p  ))
+ tee log/22-cubes/30.cubes1110.adj.simp6
+ ./cadical/build/cadical simp/22-cubes/30.cubes1110.adj.simp5 -o simp/22-cubes/30.cubes1110.adj.simp6 -e simp/22-cubes/30.cubes1110.adj.ext6 -n -c 200000
c --- [ banner ] -------------------------------------------------------------
c 
c CaDiCaL Radically Simplified CDCL SAT Solver
c Copyright (c) 2016-2021 A. Biere, M. Fleury, N. Froleyks
c 
c Version 1.5.2
c g++ (GCC) 9.3.0 -Wall -Wextra -O3 -DNDEBUG
c Tue Feb 8 21:15:15 EST 2022 Linux gra-login1 3.10.0-1160.36.2.el7.x86_64 x86_64
c 
c --- [ limit ] --------------------------------------------------------------
c 
c setting conflict limit to 200000 conflicts (due to '200000')
c 
c --- [ parsing input ] ------------------------------------------------------
c 
c reading DIMACS file from 'simp/22-cubes/30.cubes1110.adj.simp5'
c opening file to read 'simp/22-cubes/30.cubes1110.adj.simp5'
c found 'p cnf 6160 203963' header
c parsed 203963 clauses in 0.95 seconds process time
c closing file 'simp/22-cubes/30.cubes1110.adj.simp5'
c after reading 76992396 bytes 73.4 MB
c 
c --- [ options ] ------------------------------------------------------------
c 
c all options are set to their default value
c 
c --- [ solving ] ------------------------------------------------------------
c 
c time measured in process time since initialization
c 
c  seconds  reductions  redundant  irredundant
c         MB    restarts       trail      variables
c          level   conflicts       glue        remaining
c 
c *  0.95 81  0 0   0    0    0  0% 0 203963 4187 68%
c {  1.11 92  0 0   0    0    0  0% 0 203963 4187 68%
c -  2.15 105 82 1  39  300  261 25% 36 203963 4187 68%
c }  3.16 109 62 1  57 1000  796 22% 31 203963 4187 68%
c [  3.16 109  0 1  57 1000  796  0% 0 203963 4187 68%
c O  3.16 109 48 1  57 1002  798 12% 21 203963 4187 68%
c -  3.49 177 15 2  57 1085  704 27% 13 203963 4187 68%
c -  4.17 177 23 3  58 2268  975 26% 19 203963 4187 68%
c ]  4.60 177 26 3  58 3001 1487 25% 21 203963 4187 68%
c {  4.60 177 62 3  58 3001 1487 22% 31 203963 4187 68%
c F  4.76 177 62 3  58 3005 1491  7% 31 203963 4187 68%
c -  5.91 177 44 4  58 3839 1532 33% 24 203963 4187 68%
c 3  6.89 177 35 4  58 5000 4328 35% 21 203962 4187 68%
c p  8.53 177 35 4  58 5000 9707 35% 21 203962 4187 68%
c - 10.50 177 33 5  97 5803 2271 34% 20 203962 4187 68%
c # 10.74 177 32 5  97 6008 2397 34% 20 203962 4187 68%
c } 11.60 177 30 5  97 7003 3025 35% 19 203962 4187 68%
c [ 11.60 177 26 5  97 7003 3025 38% 21 203962 4187 68%
c - 12.30 177 23 6  98 8161 2332 36% 19 203962 4187 68%
c I 13.13 177 21 6  99 10009 3367 36% 17 203962 4187 68%
c 
c  seconds   reductions   redundant   irredundant
c          MB    restarts        trail       variables
c           level    conflicts       glue         remaining
c 
c - 14.05 177 22 7 100 10915 2942 36% 18 203962 4187 68%
c s 14.31 177 22 7 100 11213 3052 36% 18 200905 4187 68%
c v 16.78 177 22 7 100 11213 3052 36% 18 200781 4187 68%
c w 16.85 177 22 7 100 11213 3047 36% 18 200781 4187 68%
c t 16.86 177 22 7 100 11213 3047 36% 18 200578 4187 68%
c e 17.51 191 22 7 100 11213 2826 36% 18 192116 855 14%
c s 17.61 191 22 7 100 11213 2823 36% 18 191878 855 14%
c - 19.91 191 22 8 102 14057 3533 71% 18 191878 855 14%
c 2 20.58 191 23 8 102 15000 4512 71% 19 191876 855 14%
c p 22.14 191 23 8 102 15000 5992 71% 19 191876 851 14%
c ] 22.22 191 23 8 102 15003 5995 71% 19 191876 851 14%
c { 22.22 191 30 8 102 15003 5995 169% 19 191876 851 14%
c B 22.25 191 30 8 102 15010 6000 169% 19 191876 851 14%
c - 26.99 190 31 9 393 17521 4480 128% 20 191864 851 14%
c W 29.99 190 28 9 519 21011 6776 106% 19 191864 851 14%
c - 30.34 190 28 10 523 21370 4681 104% 19 191864 851 14%
c - 32.26 190 25 11 593 25603 5027 93% 18 191864 851 14%
c F 33.32 190 24 11 596 28012 6483 88% 17 191864 851 14%
c p 38.92 190 25 11 837 30001 10481 86% 17 191864 850 14%
c - 39.44 190 25 12 845 30221 5714 85% 18 191861 850 14%
c 
c  seconds   reductions    redundant   irredundant
c          MB     restarts        trail       variables
c           level     conflicts       glue        remaining
c 
c } 39.71 190 24 12 874 31007 6224 85% 17 191861 850 14%
c [ 39.71 190 23 12 874 31007 6224 71% 19 191861 850 14%
c - 40.87 190 22 13 876 35226 5678 69% 18 191861 850 14%
c B 41.07 190 22 13 877 36014 6129 69% 18 191861 850 14%
c - 42.45 191 22 14 880 40618 6601 69% 18 191861 850 14%
c s 43.02 191 22 14 881 42455 7903 69% 18 191431 850 14%
c v 45.54 191 22 14 881 42455 7903 69% 18 191379 850 14%
c t 45.60 191 22 14 881 42455 7903 69% 18 191377 850 14%
c s 46.28 191 22 14 881 42455 7903 69% 18 191098 850 14%
c W 48.22 191 23 14 881 45019 9693 69% 20 191098 850 14%
c - 48.65 192 23 15 882 46394 7230 69% 20 191098 850 14%
c p 50.03 191 24 15 882 50001 11869 69% 21 191098 850 14%
c - 50.94 192 25 16 882 52544 7861 68% 21 191098 850 14%
c O 51.65 192 25 16 883 55020 9654 68% 22 191098 850 14%
c ] 51.79 192 25 16 883 55379 9933 68% 22 191098 850 14%
c 1 51.79 192 25 16 883 55379 9933 68% 22 191098 850 14%
c 
c --- [ writing output ] -----------------------------------------------------
c 
c writing simplified CNF to DIMACS file 'simp/22-cubes/30.cubes1110.adj.simp6'
c * 51.79 192 25 16 883 55379 9933 68% 22 191098 850 14%
c opening file to write 'simp/22-cubes/30.cubes1110.adj.simp6'
c writing 'p cnf 6160 191098' header
c closing file 'simp/22-cubes/30.cubes1110.adj.simp6'
c after writing 75778089 bytes 72.3 MB
c wrote 191098 clauses in 0.57 seconds process time
c 
c --- [ writing extension ] --------------------------------------------------
c 
c writing extension stack to 'simp/22-cubes/30.cubes1110.adj.ext6'
c opening file to write 'simp/22-cubes/30.cubes1110.adj.ext6'
c closing file 'simp/22-cubes/30.cubes1110.adj.ext6'
c after writing 226123 bytes 0.2 MB
c wrote 9021 witnesses in 0.00 seconds process time
c 
c --- [ result ] -------------------------------------------------------------
c 
s SATISFIABLE
c 
c --- [ run-time profiling ] -------------------------------------------------
c 
c process time taken by individual solving procedures
c (percentage relative to process time for solving)
c 
c        37.24   73.26% search
c        22.69   44.64% unstable
c        13.67   26.90% stable
c        13.59   26.74% simplify
c         5.48   10.77% probe
c         5.07    9.98% vivify
c         2.31    4.55% elim
c         0.95    1.87% parse
c         0.72    1.42% walk
c         0.46    0.90% subsume
c         0.16    0.31% lucky
c         0.12    0.23% ternary
c   =================================
c        50.84   97.09% solve
c 
c last line shows process time for solving
c (percentage relative to total process time)
c 
c --- [ statistics ] ---------------------------------------------------------
c 
c chronological:              9462        17.09 %  of conflicts
c conflicts:                 55379      1089.37    per second
c decisions:                 98132      1930.38    per second
c eliminated:                 3332        54.09 %  of all variables
c fixed:                         5         0.08 %  of all variables
c learned:                   54236        97.94 %  per conflict
c learned_lits:            9022169       100.00 %  learned literals
c minimized:                     0         0.00 %  learned literals
c shrunken:                5797376        64.26 %  learned literals
c minishrunken:             576596         6.39 %  learned literals
c propagations:            5181926         0.10 M  per second
c reduced:                   26468        47.79 %  per conflict
c rephased:                     10      5537.90    interval
c restarts:                    883        62.72    interval
c stabilizing:                   3        62.07 %  of conflicts
c subsumed:                  22416         4.10 %  of all clauses
c strengthened:              13042         2.39 %  of all clauses
c ternary:                    3605         0.58 %  of resolved
c vivified:                    213         0.04 %  of all clauses
c walked:                        2     27689.50    interval
c weakened:                   9016         3.15    average size
c 
c seconds are measured in process time for solving
c 
c --- [ resources ] ----------------------------------------------------------
c 
c total process time since initialization:        52.36    seconds
c total real time since initialization:           52.63    seconds
c maximum resident set size of process:          278.13    MB
c 
c --- [ shutting down ] ------------------------------------------------------
c 
c exit 10
+ for i in '$(seq 1 100)'
++ sed 's/.$//'
++ rev
++ cut '-d ' -f1
++ rev
++ tail -n 1
++ grep 'c [*]' log/22-cubes/30.cubes1110.adj.simp6
+ vars_remaining=14
+ ((  vars_remaining < 100 - p  ))
+ break
++ cut '-d ' -f3
++ head -n 1 simp/22-cubes/30.cubes1110.adj.simp6
+ numvars=6160
++ cut '-d ' -f4
++ head -n 1 simp/22-cubes/30.cubes1110.adj.simp6
+ numlines=191098
+ extlines_total=0
++ seq 1 6
+ for j in '$(seq 1 "$i")'
++ cut '-d ' -f1
++ wc -l simp/22-cubes/30.cubes1110.adj.ext1
+ extlines_j=1964
+ extlines_total=1964
+ for j in '$(seq 1 "$i")'
++ cut '-d ' -f1
++ wc -l simp/22-cubes/30.cubes1110.adj.ext2
+ extlines_j=0
+ extlines_total=1964
+ for j in '$(seq 1 "$i")'
++ cut '-d ' -f1
++ wc -l simp/22-cubes/30.cubes1110.adj.ext3
+ extlines_j=0
+ extlines_total=1964
+ for j in '$(seq 1 "$i")'
++ cut '-d ' -f1
++ wc -l simp/22-cubes/30.cubes1110.adj.ext4
+ extlines_j=2
+ extlines_total=1966
+ for j in '$(seq 1 "$i")'
++ cut '-d ' -f1
++ wc -l simp/22-cubes/30.cubes1110.adj.ext5
+ extlines_j=0
+ extlines_total=1966
+ for j in '$(seq 1 "$i")'
++ cut '-d ' -f1
++ wc -l simp/22-cubes/30.cubes1110.adj.ext6
+ extlines_j=9021
+ extlines_total=10987
+ newlines=202085
+ echo 'p cnf 6160 202085'
+ tail simp/22-cubes/30.cubes1110.adj.simp6 -n +2
++ seq 1 6
+ for j in '$(seq 1 "$i")'
+ cat simp/22-cubes/30.cubes1110.adj.ext1
+ for j in '$(seq 1 "$i")'
+ cat simp/22-cubes/30.cubes1110.adj.ext2
+ for j in '$(seq 1 "$i")'
+ cat simp/22-cubes/30.cubes1110.adj.ext3
+ for j in '$(seq 1 "$i")'
+ cat simp/22-cubes/30.cubes1110.adj.ext4
+ for j in '$(seq 1 "$i")'
+ cat simp/22-cubes/30.cubes1110.adj.ext5
+ for j in '$(seq 1 "$i")'
+ cat simp/22-cubes/30.cubes1110.adj.ext6
+ sed -i 's/ 0.*/ 0/' 22-cubes/30.cubes1110.adj.simp
============================[ Problem Statistics ]=============================
|                                                                             |
|  Number of variables:          6160                                         |
|  Number of clauses:          200152                                         |
|  Parse time:                   0.98 s                                       |
|  Simplification time:          0.02 s                                       |
|                                                                             |
============================[ Search Statistics ]====================================================
| Conflicts |          ORIGINAL         |          LEARNT          | Num Sols |      SUBGRAPHS      |
|           |    Vars  Clauses Literals |    Limit  Clauses Lit/Cl |          | Canonical Noncanon. |
=====================================================================================================
|       135 |    4227   200187 16517273 |     2000      135     34 |        0 |        29        35 |
|       358 |    4227   200260 16518724 |     2000      358     29 |        0 |        96       108 |
|       679 |    4227   200356 16520635 |     2000      679     52 |        0 |       150       204 |
|      1024 |    4227   200364 16520810 |     2000     1024     64 |        0 |       154       212 |
|      1537 |    4227   200371 16520973 |     2000     1537     68 |        0 |       166       219 |
|      2333 |    4227   200408 16521948 |     3602     1335     44 |        0 |       173       256 |
|      3503 |    4227   200439 16522944 |     3602     2505     63 |        0 |       191       287 |
|      5484 |    4227   200712 16528516 |     5000     2684     48 |        0 |       332       560 |
|      9784 |    4227   202450 16555388 |     6303     4487     33 |        0 |       738      2298 |
|     14079 |    4227   202901 16564089 |     7553     5632     46 |        0 |       893      2749 |
|     20166 |    4227   203222 16569956 |     8785     7951     59 |        0 |      1059      3070 |
|     29922 |    4227   204329 16588387 |    11210     8332     49 |        0 |      1384      4177 |
|     43407 |    4227   204840 16597588 |    13615    10022     62 |        0 |      1572      4688 |
|     63391 |    4227   205363 16606187 |    16007    15798     64 |        0 |      1812      5211 |
|     95801 |    4227   208581 16655705 |    20816    12617     46 |        0 |      2396      8429 |
|    144249 |    4227   213240 16724570 |    25607    15856     43 |        0 |      3700     13088 |
|    212518 |    4227   215825 16764342 |    30418    29336     70 |        0 |      4493     15673 |
|    312571 |    4227   217352 16791809 |    37619    29190     56 |        0 |      5396     17200 |
|    462177 |    4227   219169 16820502 |    46014    34591     63 |        0 |      6530     19017 |
|    710148 |    4227   245457 17149597 |    56815    53963     55 |        0 |     11496     45305 |
=====================================================================================================
Number of solutions   : 0           
Canonical subgraphs   : 18130          (20 /sec)
          order  3    : 1              (200000 /sec)
          order  4    : 1              (500000 /sec)
          order  5    : 1              (250000 /sec)
          order  6    : 1              (55556 /sec)
          order  7    : 1              (8772 /sec)
          order  8    : 3              (1712 /sec)
          order  9    : 8              (393 /sec)
          order 10    : 29             (108 /sec)
          order 11    : 121            (44 /sec)
          order 12    : 544            (27 /sec)
          order 13    : 3465           (25 /sec)
          order 14    : 4877           (22 /sec)
          order 15    : 5900           (18 /sec)
          order 16    : 2546           (16 /sec)
          order 17    : 487            (13 /sec)
          order 18    : 56             (14 /sec)
          order 19    : 37             (14 /sec)
          order 20    : 26             (15 /sec)
          order 21    : 26             (15 /sec)
          order 22    : 0              (-nan /sec)
Noncanonical subgraphs: 80896          (760 /sec)
          order  3    : 0              (-nan /sec)
          order  4    : 0              (-nan /sec)
          order  5    : 0              (-nan /sec)
          order  6    : 0              (-nan /sec)
          order  7    : 0              (-nan /sec)
          order  8    : 0              (-nan /sec)
          order  9    : 0              (-nan /sec)
          order 10    : 0              (-nan /sec)
          order 11    : 0              (-nan /sec)
          order 12    : 0              (-nan /sec)
          order 13    : 0              (-nan /sec)
          order 14    : 64564          (1059 /sec)
          order 15    : 11787          (1082 /sec)
          order 16    : 4469           (139 /sec)
          order 17    : 49             (82 /sec)
          order 18    : 0              (-nan /sec)
          order 19    : 0              (-nan /sec)
          order 20    : 0              (-nan /sec)
          order 21    : 0              (-nan /sec)
Canonicity checking   : 1028.91 s
database reductions   : 57
restarts              : 2047
conflicts             : 1072344        (712 /sec)
decisions             : 1395641        (0.00 % random) (927 /sec)
propagations          : 227270830      (150885 /sec)
conflict literals     : 105384471      (52.52 % deleted)
actual reward         : 0.053690
Memory used           : 241.00 MB
CPU time              : 1506.25 s

UNSATISFIABLE
