+ '[' -z 3796 ']'
+ f=constraints_22_11.simp-noncanon.simp
+ c=22-cubes/30.cubes
+ i=3796
+ s=70
+ adj=22-cubes/30.cubes3796.adj
+ cnf=22-cubes/30.cubes3796.cnf
+ ext=22-cubes/30.cubes3796.ext
+ cnfext=22-cubes/30.cubes3796.cnfext
+ unitlines=0
++ sed '3797q;d' 22-cubes/30.cubes
+ for b in '$(sed "$((i+1))q;d" "$c")'
+ [[ a != \a ]]
+ for b in '$(sed "$((i+1))q;d" "$c")'
+ [[ -92 != \a ]]
+ [[ -92 != \0 ]]
+ unitlines=1
+ for b in '$(sed "$((i+1))q;d" "$c")'
+ [[ -137 != \a ]]
+ [[ -137 != \0 ]]
+ unitlines=2
+ for b in '$(sed "$((i+1))q;d" "$c")'
+ [[ 122 != \a ]]
+ [[ 122 != \0 ]]
+ unitlines=3
+ for b in '$(sed "$((i+1))q;d" "$c")'
+ [[ -80 != \a ]]
+ [[ -80 != \0 ]]
+ unitlines=4
+ for b in '$(sed "$((i+1))q;d" "$c")'
+ [[ -58 != \a ]]
+ [[ -58 != \0 ]]
+ unitlines=5
+ for b in '$(sed "$((i+1))q;d" "$c")'
+ [[ -207 != \a ]]
+ [[ -207 != \0 ]]
+ unitlines=6
+ for b in '$(sed "$((i+1))q;d" "$c")'
+ [[ -154 != \a ]]
+ [[ -154 != \0 ]]
+ unitlines=7
+ for b in '$(sed "$((i+1))q;d" "$c")'
+ [[ -27 != \a ]]
+ [[ -27 != \0 ]]
+ unitlines=8
+ for b in '$(sed "$((i+1))q;d" "$c")'
+ [[ -169 != \a ]]
+ [[ -169 != \0 ]]
+ unitlines=9
+ for b in '$(sed "$((i+1))q;d" "$c")'
+ [[ -188 != \a ]]
+ [[ -188 != \0 ]]
+ unitlines=10
+ for b in '$(sed "$((i+1))q;d" "$c")'
+ [[ 107 != \a ]]
+ [[ 107 != \0 ]]
+ unitlines=11
+ for b in '$(sed "$((i+1))q;d" "$c")'
+ [[ -125 != \a ]]
+ [[ -125 != \0 ]]
+ unitlines=12
+ for b in '$(sed "$((i+1))q;d" "$c")'
+ [[ -93 != \a ]]
+ [[ -93 != \0 ]]
+ unitlines=13
+ for b in '$(sed "$((i+1))q;d" "$c")'
+ [[ -168 != \a ]]
+ [[ -168 != \0 ]]
+ unitlines=14
+ for b in '$(sed "$((i+1))q;d" "$c")'
+ [[ -21 != \a ]]
+ [[ -21 != \0 ]]
+ unitlines=15
+ for b in '$(sed "$((i+1))q;d" "$c")'
+ [[ 206 != \a ]]
+ [[ 206 != \0 ]]
+ unitlines=16
+ for b in '$(sed "$((i+1))q;d" "$c")'
+ [[ -153 != \a ]]
+ [[ -153 != \0 ]]
+ unitlines=17
+ for b in '$(sed "$((i+1))q;d" "$c")'
+ [[ -167 != \a ]]
+ [[ -167 != \0 ]]
+ unitlines=18
+ for b in '$(sed "$((i+1))q;d" "$c")'
+ [[ -120 != \a ]]
+ [[ -120 != \0 ]]
+ unitlines=19
+ for b in '$(sed "$((i+1))q;d" "$c")'
+ [[ -166 != \a ]]
+ [[ -166 != \0 ]]
+ unitlines=20
+ for b in '$(sed "$((i+1))q;d" "$c")'
+ [[ -165 != \a ]]
+ [[ -165 != \0 ]]
+ unitlines=21
+ for b in '$(sed "$((i+1))q;d" "$c")'
+ [[ -119 != \a ]]
+ [[ -119 != \0 ]]
+ unitlines=22
+ for b in '$(sed "$((i+1))q;d" "$c")'
+ [[ 164 != \a ]]
+ [[ 164 != \0 ]]
+ unitlines=23
+ for b in '$(sed "$((i+1))q;d" "$c")'
+ [[ 0 != \a ]]
+ [[ 0 != \0 ]]
++ cut '-d ' -f3
++ head -n 1 constraints_22_11.simp-noncanon.simp
+ numvars=6160
++ cut '-d ' -f4
++ head -n 1 constraints_22_11.simp-noncanon.simp
+ numlines=1786659
+ newlines=1786682
+ echo 'p cnf 6160 1786682'
+ tail constraints_22_11.simp-noncanon.simp -n +2
++ sed '3797q;d' 22-cubes/30.cubes
+ for b in '$(sed "$((i+1))q;d" "$c")'
+ [[ a != \a ]]
+ for b in '$(sed "$((i+1))q;d" "$c")'
+ [[ -92 != \a ]]
+ [[ -92 != \0 ]]
+ echo '-92 0'
+ for b in '$(sed "$((i+1))q;d" "$c")'
+ [[ -137 != \a ]]
+ [[ -137 != \0 ]]
+ echo '-137 0'
+ for b in '$(sed "$((i+1))q;d" "$c")'
+ [[ 122 != \a ]]
+ [[ 122 != \0 ]]
+ echo '122 0'
+ for b in '$(sed "$((i+1))q;d" "$c")'
+ [[ -80 != \a ]]
+ [[ -80 != \0 ]]
+ echo '-80 0'
+ for b in '$(sed "$((i+1))q;d" "$c")'
+ [[ -58 != \a ]]
+ [[ -58 != \0 ]]
+ echo '-58 0'
+ for b in '$(sed "$((i+1))q;d" "$c")'
+ [[ -207 != \a ]]
+ [[ -207 != \0 ]]
+ echo '-207 0'
+ for b in '$(sed "$((i+1))q;d" "$c")'
+ [[ -154 != \a ]]
+ [[ -154 != \0 ]]
+ echo '-154 0'
+ for b in '$(sed "$((i+1))q;d" "$c")'
+ [[ -27 != \a ]]
+ [[ -27 != \0 ]]
+ echo '-27 0'
+ for b in '$(sed "$((i+1))q;d" "$c")'
+ [[ -169 != \a ]]
+ [[ -169 != \0 ]]
+ echo '-169 0'
+ for b in '$(sed "$((i+1))q;d" "$c")'
+ [[ -188 != \a ]]
+ [[ -188 != \0 ]]
+ echo '-188 0'
+ for b in '$(sed "$((i+1))q;d" "$c")'
+ [[ 107 != \a ]]
+ [[ 107 != \0 ]]
+ echo '107 0'
+ for b in '$(sed "$((i+1))q;d" "$c")'
+ [[ -125 != \a ]]
+ [[ -125 != \0 ]]
+ echo '-125 0'
+ for b in '$(sed "$((i+1))q;d" "$c")'
+ [[ -93 != \a ]]
+ [[ -93 != \0 ]]
+ echo '-93 0'
+ for b in '$(sed "$((i+1))q;d" "$c")'
+ [[ -168 != \a ]]
+ [[ -168 != \0 ]]
+ echo '-168 0'
+ for b in '$(sed "$((i+1))q;d" "$c")'
+ [[ -21 != \a ]]
+ [[ -21 != \0 ]]
+ echo '-21 0'
+ for b in '$(sed "$((i+1))q;d" "$c")'
+ [[ 206 != \a ]]
+ [[ 206 != \0 ]]
+ echo '206 0'
+ for b in '$(sed "$((i+1))q;d" "$c")'
+ [[ -153 != \a ]]
+ [[ -153 != \0 ]]
+ echo '-153 0'
+ for b in '$(sed "$((i+1))q;d" "$c")'
+ [[ -167 != \a ]]
+ [[ -167 != \0 ]]
+ echo '-167 0'
+ for b in '$(sed "$((i+1))q;d" "$c")'
+ [[ -120 != \a ]]
+ [[ -120 != \0 ]]
+ echo '-120 0'
+ for b in '$(sed "$((i+1))q;d" "$c")'
+ [[ -166 != \a ]]
+ [[ -166 != \0 ]]
+ echo '-166 0'
+ for b in '$(sed "$((i+1))q;d" "$c")'
+ [[ -165 != \a ]]
+ [[ -165 != \0 ]]
+ echo '-165 0'
+ for b in '$(sed "$((i+1))q;d" "$c")'
+ [[ -119 != \a ]]
+ [[ -119 != \0 ]]
+ echo '-119 0'
+ for b in '$(sed "$((i+1))q;d" "$c")'
+ [[ 164 != \a ]]
+ [[ 164 != \0 ]]
+ echo '164 0'
+ for b in '$(sed "$((i+1))q;d" "$c")'
+ [[ 0 != \a ]]
+ [[ 0 != \0 ]]
+ ./simplify-by-var-removal.sh 22-cubes/30.cubes3796.adj 70
+ '[' -z 70 ']'
+ f=22-cubes/30.cubes3796.adj
+ p=70
++ echo 22-cubes
+ sub_dir=22-cubes
+ mkdir -p log/22-cubes
+ mkdir -p simp/22-cubes
+ tee log/22-cubes/30.cubes3796.adj.simp1
+ ./cadical/build/cadical 22-cubes/30.cubes3796.adj -o simp/22-cubes/30.cubes3796.adj.simp1 -e simp/22-cubes/30.cubes3796.adj.ext1 -n -c 200000
c --- [ banner ] -------------------------------------------------------------
c 
c CaDiCaL Radically Simplified CDCL SAT Solver
c Copyright (c) 2016-2021 A. Biere, M. Fleury, N. Froleyks
c 
c Version 1.5.2
c g++ (GCC) 9.3.0 -Wall -Wextra -O3 -DNDEBUG
c Tue Feb 8 21:15:15 EST 2022 Linux gra-login1 3.10.0-1160.36.2.el7.x86_64 x86_64
c 
c --- [ limit ] --------------------------------------------------------------
c 
c setting conflict limit to 200000 conflicts (due to '200000')
c 
c --- [ parsing input ] ------------------------------------------------------
c 
c reading DIMACS file from '22-cubes/30.cubes3796.adj'
c opening file to read '22-cubes/30.cubes3796.adj'
c found 'p cnf 6160 1786682' header
c parsed 1786682 clauses in 18.42 seconds process time
c closing file '22-cubes/30.cubes3796.adj'
c after reading 1542541767 bytes 1471.1 MB
c 
c --- [ options ] ------------------------------------------------------------
c 
c all options are set to their default value
c 
c --- [ solving ] ------------------------------------------------------------
c 
c time measured in process time since initialization
c 
c  seconds    reductions  redundant   irredundant
c          MB     restarts       trail       variables
c            level   conflicts       glue         remaining
c 
c * 18.42 1473  0 0   0    0    0  0% 0 1785954 4653 76%
c { 19.49 1532  0 0   0    0    0  0% 0 1785954 4653 76%
c i 19.61 1532  8 0   0    2    1 29% 6 1785954 4642 75%
c i 21.77 1588 104 0   4   42   38 51% 20 1785954 4641 75%
c i 21.77 1588 101 0   4   43   38 51% 19 1785954 4640 75%
c i 22.00 1589 72 0   7   69   44 45% 16 1785954 4540 74%
c i 22.01 1589 70 0   7   70   44 45% 16 1785954 4494 73%
c i 24.34 1606 53 0  10  275  107 42% 15 1785954 4470 73%
c - 29.52 1541 55 1  15  301  110 43% 17 710059 4466 72%
c i 32.24 1546 56 1  36  398  180 44% 19 710059 4465 72%
c i 32.25 1546 56 1  37  401  182 44% 19 710059 4464 72%
c i 32.84 1546 56 1  42  418  196 44% 19 710059 4452 72%
c i 34.07 1547 58 1  57  488  252 44% 21 710059 4451 72%
c i 34.07 1547 58 1  57  489  252 44% 21 710059 4450 72%
c i 36.45 1549 63 1  84  652  348 44% 22 710059 4449 72%
c i 38.45 1552 65 1 101  726  417 45% 23 710059 4448 72%
c i 39.15 1552 64 1 106  782  469 45% 23 710059 4447 72%
c i 39.22 1552 63 1 106  789  475 45% 23 710059 4446 72%
c i 43.22 1553 69 1 133  977  638 46% 26 710059 4445 72%
c } 43.49 1553 69 1 140 1000  656 46% 26 710059 4445 72%
c 
c  seconds    reductions  redundant  irredundant
c          MB     restarts       trail      variables
c            level   conflicts       glue        remaining
c 
c [ 43.49 1553  0 1 140 1000  656  0% 0 710059 4445 72%
c O 43.49 1553 23 1 140 1004  656 41% 5 710059 4445 72%
c i 43.49 1553 23 1 140 1004  656 41% 5 710059 4422 72%
c i 44.05 1554 19 1 140 1125  726 49% 13 710059 4421 72%
c i 44.38 1554 20 1 140 1249  817 52% 15 710059 4420 72%
c - 45.83 1788 19 2 140 1411  897 54% 14 569723 4420 72%
c i 46.96 1759 18 2 141 2079 1361 56% 15 569723 4419 72%
c - 48.38 1759 18 3 141 2993 1470 56% 15 569720 4419 72%
c ] 48.88 1694 18 3 141 3000 1475 41% 15 569720 4419 72%
c { 48.88 1694 69 3 141 3000 1475 64% 26 569720 4419 72%
c F 48.95 1694 69 3 143 3005 1480 64% 26 569720 4419 72%
c i 57.67 1695 51 3 257 4639 2477 41% 24 569720 4418 72%
c 3 62.32 1694 52 3 315 5002 4199 40% 25 569703 4411 72%
c 2 62.45 1695 52 3 315 5002 4356 40% 25 569587 4411 72%
c p 74.46 1694 52 3 315 5002 8405 40% 25 569587 4377 71%
c d 75.27 1695 52 3 315 5002 8087 40% 25 569432 4375 71%
c - 77.00 1462 53 4 338 5100 2020 40% 25 569432 4375 71%
c # 84.15 1462 52 4 390 6007 2738 38% 25 569432 4375 71%
c } 92.83 1462 54 4 514 7000 3481 37% 26 569432 4375 71%
c [ 92.83 1462 18 4 514 7000 3481 41% 15 569432 4375 71%
c 
c  seconds    reductions  redundant   irredundant
c          MB     restarts       trail       variables
c            level   conflicts       glue         remaining
c 
c - 93.95 1691 21 5 515 7734 2984 36% 18 569432 4375 71%
c I 95.93 1691 23 5 516 10008 4287 37% 19 569432 4375 71%
c - 102.91 1462 25 6 517 10894 3546 36% 20 569432 4375 71%
c - 108.37 1692 28 7 519 14582 4129 37% 23 569432 4375 71%
c ] 109.21 1692 28 7 519 15004 4407 37% 23 569432 4375 71%
c { 109.21 1692 54 7 519 15004 4407 37% 26 569432 4375 71%
c 2 109.35 1692 54 7 519 15004 6071 37% 26 569431 4375 71%
c p 112.90 1692 54 7 519 15004 10048 37% 26 569431 4375 71%
c B 113.21 1692 54 7 520 15012 10055 37% 26 569431 4375 71%
c s 121.77 1692 50 7 690 17171 11329 36% 26 565494 4375 71%
c v 137.02 1692 50 7 690 17171 11329 36% 26 565046 4375 71%
c t 137.46 1692 50 7 690 17171 11320 36% 26 564906 4375 71%
c e 139.92 1692 50 7 690 17171 6665 36% 26 557146 1171 19%
c s 140.13 1692 50 7 690 17171 6660 36% 26 556841 1171 19%
c - 148.50 1691 46 8 772 18796 4800 57% 25 556841 1171 19%
c W 154.50 1691 41 8 804 21013 6400 60% 23 556841 1171 19%
c - 169.39 1462 42 9 1052 23510 5650 58% 23 556841 1171 19%
c F 182.98 1462 38 9 1254 28014 8665 56% 22 556841 1171 19%
c - 189.24 1692 39 10 1372 28747 6573 56% 22 556841 1171 19%
c p 199.03 1692 39 10 1517 30006 9693 56% 23 556841 1171 19%
c 
c  seconds     reductions      redundant   irredundant
c           MB      restarts          trail       variables
c             level      conflicts        glue         remaining
c 
c } 206.14 1692 40 10 1629 31005 10426 57% 23 556841 1171 19%
c [ 206.14 1692 28 10 1629 31005 10426 141% 23 556841 1171 19%
c - 209.99 1462 26 11 1630 34508 7504 117% 22 556841 1171 19%
c B 211.18 1462 26 11 1632 36018 8561 111% 22 556841 1171 19%
c - 217.45 1462 28 12 1635 40795 8242 98% 24 556841 1171 19%
c W 224.64 1462 29 12 1636 45020 11459 92% 25 556841 1171 19%
c - 227.86 1462 28 13 1637 47603 8984 89% 25 556841 1171 19%
c ] 229.42 1462 28 13 1637 49050 9933 88% 24 556841 1171 19%
c 1 229.42 1462 28 13 1637 49050 9933 88% 24 556841 1171 19%
c 
c --- [ writing output ] -----------------------------------------------------
c 
c writing simplified CNF to DIMACS file 'simp/22-cubes/30.cubes3796.adj.simp1'
c * 229.42 1462 28 13 1637 49050 9933 88% 24 556841 1171 19%
c opening file to write 'simp/22-cubes/30.cubes3796.adj.simp1'
c writing 'p cnf 6160 556841' header
c closing file 'simp/22-cubes/30.cubes3796.adj.simp1'
c after writing 262599384 bytes 250.4 MB
c wrote 556841 clauses in 1.85 seconds process time
c 
c --- [ writing extension ] --------------------------------------------------
c 
c writing extension stack to 'simp/22-cubes/30.cubes3796.adj.ext1'
c opening file to write 'simp/22-cubes/30.cubes3796.adj.ext1'
c closing file 'simp/22-cubes/30.cubes3796.adj.ext1'
c after writing 250009 bytes 0.2 MB
c wrote 10591 witnesses in 0.00 seconds process time
c 
c --- [ result ] -------------------------------------------------------------
c 
s SATISFIABLE
c 
c --- [ run-time profiling ] -------------------------------------------------
c 
c process time taken by individual solving procedures
c (percentage relative to process time for solving)
c 
c       170.68   80.89% search
c       124.03   58.78% unstable
c        42.73   20.25% stable
c        40.31   19.11% simplify
c        18.42    8.73% parse
c        17.88    8.47% probe
c        15.61    7.40% vivify
c         4.29    2.04% elim
c         2.86    1.35% walk
c         1.07    0.51% lucky
c         0.41    0.19% subsume
c         0.27    0.13% ternary
c   =================================
c       210.99   91.23% solve
c 
c last line shows process time for solving
c (percentage relative to total process time)
c 
c --- [ statistics ] ---------------------------------------------------------
c 
c chronological:              9012        18.37 %  of conflicts
c conflicts:                 49050       232.47    per second
c decisions:                170135       806.36    per second
c eliminated:                 3204        52.01 %  of all variables
c fixed:                      1776        28.83 %  of all variables
c learned:                   47945        97.75 %  per conflict
c learned_lits:            9295757       100.00 %  learned literals
c minimized:                     0         0.00 %  learned literals
c shrunken:                4897856        52.69 %  learned literals
c minishrunken:            1012270        10.89 %  learned literals
c propagations:            6910396         0.03 M  per second
c reduced:                   22922        46.73 %  per conflict
c rephased:                      9      5450.00    interval
c restarts:                   1637        29.96    interval
c stabilizing:                   3        57.18 %  of conflicts
c substituted:                   9         0.15 %  of all variables
c subsumed:                  20217         0.53 %  of all clauses
c strengthened:              32737         0.87 %  of all clauses
c ternary:                    3825         0.37 %  of resolved
c vivified:                    453         0.01 %  of all clauses
c walked:                        2     24525.00    interval
c weakened:                   8815         3.26    average size
c 
c seconds are measured in process time for solving
c 
c --- [ resources ] ----------------------------------------------------------
c 
c total process time since initialization:       231.27    seconds
c total real time since initialization:          231.43    seconds
c maximum resident set size of process:         1993.64    MB
c 
c --- [ shutting down ] ------------------------------------------------------
c 
c exit 10
++ seq 1 100
+ for i in '$(seq 1 100)'
++ sed 's/.$//'
++ rev
++ cut '-d ' -f1
++ rev
++ tail -n 1
++ grep 'c [*]' log/22-cubes/30.cubes3796.adj.simp1
+ vars_remaining=19
+ ((  vars_remaining < 100 - p  ))
+ break
++ cut '-d ' -f3
++ head -n 1 simp/22-cubes/30.cubes3796.adj.simp1
+ numvars=6160
++ cut '-d ' -f4
++ head -n 1 simp/22-cubes/30.cubes3796.adj.simp1
+ numlines=556841
+ extlines_total=0
++ seq 1 1
+ for j in '$(seq 1 "$i")'
++ cut '-d ' -f1
++ wc -l simp/22-cubes/30.cubes3796.adj.ext1
+ extlines_j=10591
+ extlines_total=10591
+ newlines=567432
+ echo 'p cnf 6160 567432'
+ tail simp/22-cubes/30.cubes3796.adj.simp1 -n +2
++ seq 1 1
+ for j in '$(seq 1 "$i")'
+ cat simp/22-cubes/30.cubes3796.adj.ext1
+ sed -i 's/ 0.*/ 0/' 22-cubes/30.cubes3796.adj.simp
============================[ Problem Statistics ]=============================
|                                                                             |
|  Number of variables:          6160                                         |
|  Number of clauses:          565656                                         |
|  Parse time:                   3.55 s                                       |
|  Simplification time:          0.08 s                                       |
|                                                                             |
============================[ Search Statistics ]====================================================
| Conflicts |          ORIGINAL         |          LEARNT          | Num Sols |      SUBGRAPHS      |
|           |    Vars  Clauses Literals |    Limit  Clauses Lit/Cl |          | Canonical Noncanon. |
=====================================================================================================
|       100 |    4384   565656 57371279 |     2000      100     88 |        0 |        18         0 |
|       250 |    4384   565656 57371279 |     2000      250     85 |        0 |        26         0 |
|       475 |    4384   565656 57371279 |     2000      475     83 |        0 |        38         0 |
|       814 |    4384   565658 57371321 |     2000      814     80 |        0 |        52         2 |
|      1324 |    4384   565662 57371409 |     2000     1324     74 |        0 |        76         6 |
|      2195 |    4384   565774 57373939 |     3600     1195     31 |        0 |       133       118 |
|      3871 |    4384   566311 57385866 |     3600     2871     45 |        0 |       283       655 |
|      5727 |    4384   566459 57388830 |     5000     2927     54 |        0 |       370       803 |
|      9116 |    4384   567286 57408631 |     6305     3821     48 |        0 |       585      1630 |
|     13015 |    4384   567341 57410286 |     7553     4568     47 |        0 |       684      1685 |
|     18964 |    4384   567524 57414564 |     8782     6746     52 |        0 |       870      1868 |
|     27972 |    4384   567883 57422433 |    11201     6373     37 |        0 |      1077      2227 |
|     41045 |    4384   567982 57424846 |    13607     7652     34 |        0 |      1212      2326 |
|     60944 |    4384   568420 57434713 |    16005    13349     60 |        0 |      1550      2764 |
|     90484 |    4384   568768 57443453 |    19609    17093     67 |        0 |      1828      3112 |
|    139002 |    4384   573497 57542119 |    24405    22807     61 |        0 |      2932      7841 |
|    205960 |    4384   574771 57570055 |    30411    22771     58 |        0 |      3719      9115 |
|    333817 |    4384   604102 58056794 |    38821    31638     41 |        0 |      7866     38446 |
|    651624 |    4359   652911 58997749 |    53920    49944     74 |        0 |     24292    208464 |
|    874240 |    4359   653844 59020905 |    64013    38653     58 |        0 |     24619    209397 |
|   1207280 |    4359   654359 59035110 |    74817    62097     71 |        0 |     24781    209912 |
|   1717778 |    4359   666069 59279865 |    89211    84189     69 |        0 |     26324    221622 |
|   2504323 |    4358   704429 60250432 |   108423    85146     66 |        0 |     33941    259985 |
|   4003252 |    4358  1081084 67139114 |   137215   117667     35 |        0 |     83877    636640 |
|   6201234 |    4358  1595655 79039651 |   170815   168049     72 |        0 |    132197   1151211 |
|   8888802 |    4358  1758107 82303067 |   205634   135436     50 |        0 |    159069   1313663 |
|  14258737 |    4358  3340367 111939485 |   260815   155552     36 |        0 |    315472   2895923 |
|  21994867 |    4358  5394985 146744316 |   323224   315291     52 |        0 |    455019   4950541 |
|  30983270 |    4358  5861119 154114657 |   384429   297099     47 |        0 |    497646   5416675 |
=====================================================================================================
Number of solutions   : 0           
Canonical subgraphs   : 566698         (14 /sec)
          order  3    : 1              (142857 /sec)
          order  4    : 1              (500000 /sec)
          order  5    : 1              (250000 /sec)
          order  6    : 1              (55556 /sec)
          order  7    : 1              (8772 /sec)
          order  8    : 2              (1354 /sec)
          order  9    : 7              (354 /sec)
          order 10    : 30             (104 /sec)
          order 11    : 150            (37 /sec)
          order 12    : 1091           (16 /sec)
          order 13    : 6458           (9 /sec)
          order 14    : 52503          (14 /sec)
          order 15    : 469722         (15 /sec)
          order 16    : 35794          (10 /sec)
          order 17    : 893            (9 /sec)
          order 18    : 37             (7 /sec)
          order 19    : 6              (3 /sec)
          order 20    : 0              (-nan /sec)
          order 21    : 0              (-nan /sec)
          order 22    : 0              (-nan /sec)
Noncanonical subgraphs: 6224424        (105 /sec)
          order  3    : 0              (-nan /sec)
          order  4    : 0              (-nan /sec)
          order  5    : 0              (-nan /sec)
          order  6    : 0              (-nan /sec)
          order  7    : 0              (-nan /sec)
          order  8    : 0              (-nan /sec)
          order  9    : 0              (-nan /sec)
          order 10    : 0              (-nan /sec)
          order 11    : 0              (-nan /sec)
          order 12    : 0              (-nan /sec)
          order 13    : 0              (-nan /sec)
          order 14    : 192620         (1123 /sec)
          order 15    : 546065         (755 /sec)
          order 16    : 5475023        (94 /sec)
          order 17    : 10659          (103 /sec)
          order 18    : 50             (74 /sec)
          order 19    : 7              (26 /sec)
          order 20    : 0              (-nan /sec)
          order 21    : 0              (-nan /sec)
Canonicity checking   : 99167.2 s
database reductions   : 351
restarts              : 52121
conflicts             : 37606541       (286 /sec)
decisions             : 51968016       (0.00 % random) (396 /sec)
propagations          : 7384290040     (56246 /sec)
conflict literals     : 3610155674     (57.90 % deleted)
actual reward         : 0.057492
Memory used           : 2776.00 MB
CPU time              : 131287 s

UNSATISFIABLE
