
Due to MODULEPATH changes, the following have been reloaded:
  1) mii/1.1.1

The following have been reloaded with a version change:
  1) StdEnv/2020 => StdEnv/2018.3           4) intel/2020.1.217 => intel/2018.3
  2) gcccore/.9.3.0 => gcccore/.7.3.0       5) openmpi/4.0.3 => openmpi/3.1.2
  3) imkl/2020.1.217 => imkl/2018.3.222

+ '[' -z 5112 ']'
+ f=constraints_22_11.simp-noncanon.simp
+ c=22-cubes/30.cubes
+ i=5112
+ s=70
+ adj=22-cubes/30.cubes5112.adj
+ cnf=22-cubes/30.cubes5112.cnf
+ ext=22-cubes/30.cubes5112.ext
+ cnfext=22-cubes/30.cubes5112.cnfext
+ unitlines=0
++ sed '5113q;d' 22-cubes/30.cubes
+ for b in '$(sed "$((i+1))q;d" "$c")'
+ [[ a != \a ]]
+ for b in '$(sed "$((i+1))q;d" "$c")'
+ [[ -92 != \a ]]
+ [[ -92 != \0 ]]
+ unitlines=1
+ for b in '$(sed "$((i+1))q;d" "$c")'
+ [[ -137 != \a ]]
+ [[ -137 != \0 ]]
+ unitlines=2
+ for b in '$(sed "$((i+1))q;d" "$c")'
+ [[ 122 != \a ]]
+ [[ 122 != \0 ]]
+ unitlines=3
+ for b in '$(sed "$((i+1))q;d" "$c")'
+ [[ -80 != \a ]]
+ [[ -80 != \0 ]]
+ unitlines=4
+ for b in '$(sed "$((i+1))q;d" "$c")'
+ [[ -58 != \a ]]
+ [[ -58 != \0 ]]
+ unitlines=5
+ for b in '$(sed "$((i+1))q;d" "$c")'
+ [[ -207 != \a ]]
+ [[ -207 != \0 ]]
+ unitlines=6
+ for b in '$(sed "$((i+1))q;d" "$c")'
+ [[ 154 != \a ]]
+ [[ 154 != \0 ]]
+ unitlines=7
+ for b in '$(sed "$((i+1))q;d" "$c")'
+ [[ -171 != \a ]]
+ [[ -171 != \0 ]]
+ unitlines=8
+ for b in '$(sed "$((i+1))q;d" "$c")'
+ [[ -169 != \a ]]
+ [[ -169 != \0 ]]
+ unitlines=9
+ for b in '$(sed "$((i+1))q;d" "$c")'
+ [[ -49 != \a ]]
+ [[ -49 != \0 ]]
+ unitlines=10
+ for b in '$(sed "$((i+1))q;d" "$c")'
+ [[ 107 != \a ]]
+ [[ 107 != \0 ]]
+ unitlines=11
+ for b in '$(sed "$((i+1))q;d" "$c")'
+ [[ -188 != \a ]]
+ [[ -188 != \0 ]]
+ unitlines=12
+ for b in '$(sed "$((i+1))q;d" "$c")'
+ [[ -168 != \a ]]
+ [[ -168 != \0 ]]
+ unitlines=13
+ for b in '$(sed "$((i+1))q;d" "$c")'
+ [[ -167 != \a ]]
+ [[ -167 != \0 ]]
+ unitlines=14
+ for b in '$(sed "$((i+1))q;d" "$c")'
+ [[ -93 != \a ]]
+ [[ -93 != \0 ]]
+ unitlines=15
+ for b in '$(sed "$((i+1))q;d" "$c")'
+ [[ -226 != \a ]]
+ [[ -226 != \0 ]]
+ unitlines=16
+ for b in '$(sed "$((i+1))q;d" "$c")'
+ [[ -151 != \a ]]
+ [[ -151 != \0 ]]
+ unitlines=17
+ for b in '$(sed "$((i+1))q;d" "$c")'
+ [[ -166 != \a ]]
+ [[ -166 != \0 ]]
+ unitlines=18
+ for b in '$(sed "$((i+1))q;d" "$c")'
+ [[ -175 != \a ]]
+ [[ -175 != \0 ]]
+ unitlines=19
+ for b in '$(sed "$((i+1))q;d" "$c")'
+ [[ -150 != \a ]]
+ [[ -150 != \0 ]]
+ unitlines=20
+ for b in '$(sed "$((i+1))q;d" "$c")'
+ [[ -206 != \a ]]
+ [[ -206 != \0 ]]
+ unitlines=21
+ for b in '$(sed "$((i+1))q;d" "$c")'
+ [[ -165 != \a ]]
+ [[ -165 != \0 ]]
+ unitlines=22
+ for b in '$(sed "$((i+1))q;d" "$c")'
+ [[ -136 != \a ]]
+ [[ -136 != \0 ]]
+ unitlines=23
+ for b in '$(sed "$((i+1))q;d" "$c")'
+ [[ -149 != \a ]]
+ [[ -149 != \0 ]]
+ unitlines=24
+ for b in '$(sed "$((i+1))q;d" "$c")'
+ [[ 201 != \a ]]
+ [[ 201 != \0 ]]
+ unitlines=25
+ for b in '$(sed "$((i+1))q;d" "$c")'
+ [[ 0 != \a ]]
+ [[ 0 != \0 ]]
++ cut '-d ' -f3
++ head -n 1 constraints_22_11.simp-noncanon.simp
+ numvars=6160
++ cut '-d ' -f4
++ head -n 1 constraints_22_11.simp-noncanon.simp
+ numlines=1786659
+ newlines=1786684
+ echo 'p cnf 6160 1786684'
+ tail constraints_22_11.simp-noncanon.simp -n +2
++ sed '5113q;d' 22-cubes/30.cubes
+ for b in '$(sed "$((i+1))q;d" "$c")'
+ [[ a != \a ]]
+ for b in '$(sed "$((i+1))q;d" "$c")'
+ [[ -92 != \a ]]
+ [[ -92 != \0 ]]
+ echo '-92 0'
+ for b in '$(sed "$((i+1))q;d" "$c")'
+ [[ -137 != \a ]]
+ [[ -137 != \0 ]]
+ echo '-137 0'
+ for b in '$(sed "$((i+1))q;d" "$c")'
+ [[ 122 != \a ]]
+ [[ 122 != \0 ]]
+ echo '122 0'
+ for b in '$(sed "$((i+1))q;d" "$c")'
+ [[ -80 != \a ]]
+ [[ -80 != \0 ]]
+ echo '-80 0'
+ for b in '$(sed "$((i+1))q;d" "$c")'
+ [[ -58 != \a ]]
+ [[ -58 != \0 ]]
+ echo '-58 0'
+ for b in '$(sed "$((i+1))q;d" "$c")'
+ [[ -207 != \a ]]
+ [[ -207 != \0 ]]
+ echo '-207 0'
+ for b in '$(sed "$((i+1))q;d" "$c")'
+ [[ 154 != \a ]]
+ [[ 154 != \0 ]]
+ echo '154 0'
+ for b in '$(sed "$((i+1))q;d" "$c")'
+ [[ -171 != \a ]]
+ [[ -171 != \0 ]]
+ echo '-171 0'
+ for b in '$(sed "$((i+1))q;d" "$c")'
+ [[ -169 != \a ]]
+ [[ -169 != \0 ]]
+ echo '-169 0'
+ for b in '$(sed "$((i+1))q;d" "$c")'
+ [[ -49 != \a ]]
+ [[ -49 != \0 ]]
+ echo '-49 0'
+ for b in '$(sed "$((i+1))q;d" "$c")'
+ [[ 107 != \a ]]
+ [[ 107 != \0 ]]
+ echo '107 0'
+ for b in '$(sed "$((i+1))q;d" "$c")'
+ [[ -188 != \a ]]
+ [[ -188 != \0 ]]
+ echo '-188 0'
+ for b in '$(sed "$((i+1))q;d" "$c")'
+ [[ -168 != \a ]]
+ [[ -168 != \0 ]]
+ echo '-168 0'
+ for b in '$(sed "$((i+1))q;d" "$c")'
+ [[ -167 != \a ]]
+ [[ -167 != \0 ]]
+ echo '-167 0'
+ for b in '$(sed "$((i+1))q;d" "$c")'
+ [[ -93 != \a ]]
+ [[ -93 != \0 ]]
+ echo '-93 0'
+ for b in '$(sed "$((i+1))q;d" "$c")'
+ [[ -226 != \a ]]
+ [[ -226 != \0 ]]
+ echo '-226 0'
+ for b in '$(sed "$((i+1))q;d" "$c")'
+ [[ -151 != \a ]]
+ [[ -151 != \0 ]]
+ echo '-151 0'
+ for b in '$(sed "$((i+1))q;d" "$c")'
+ [[ -166 != \a ]]
+ [[ -166 != \0 ]]
+ echo '-166 0'
+ for b in '$(sed "$((i+1))q;d" "$c")'
+ [[ -175 != \a ]]
+ [[ -175 != \0 ]]
+ echo '-175 0'
+ for b in '$(sed "$((i+1))q;d" "$c")'
+ [[ -150 != \a ]]
+ [[ -150 != \0 ]]
+ echo '-150 0'
+ for b in '$(sed "$((i+1))q;d" "$c")'
+ [[ -206 != \a ]]
+ [[ -206 != \0 ]]
+ echo '-206 0'
+ for b in '$(sed "$((i+1))q;d" "$c")'
+ [[ -165 != \a ]]
+ [[ -165 != \0 ]]
+ echo '-165 0'
+ for b in '$(sed "$((i+1))q;d" "$c")'
+ [[ -136 != \a ]]
+ [[ -136 != \0 ]]
+ echo '-136 0'
+ for b in '$(sed "$((i+1))q;d" "$c")'
+ [[ -149 != \a ]]
+ [[ -149 != \0 ]]
+ echo '-149 0'
+ for b in '$(sed "$((i+1))q;d" "$c")'
+ [[ 201 != \a ]]
+ [[ 201 != \0 ]]
+ echo '201 0'
+ for b in '$(sed "$((i+1))q;d" "$c")'
+ [[ 0 != \a ]]
+ [[ 0 != \0 ]]
+ ./simplify-by-var-removal.sh 22-cubes/30.cubes5112.adj 70
+ '[' -z 70 ']'
+ f=22-cubes/30.cubes5112.adj
+ p=70
++ echo 22-cubes
+ sub_dir=22-cubes
+ mkdir -p log/22-cubes
+ mkdir -p simp/22-cubes
+ tee log/22-cubes/30.cubes5112.adj.simp1
+ ./cadical/build/cadical 22-cubes/30.cubes5112.adj -o simp/22-cubes/30.cubes5112.adj.simp1 -e simp/22-cubes/30.cubes5112.adj.ext1 -n -c 200000
c --- [ banner ] -------------------------------------------------------------
c 
c CaDiCaL Radically Simplified CDCL SAT Solver
c Copyright (c) 2016-2021 A. Biere, M. Fleury, N. Froleyks
c 
c Version 1.5.2
c g++ (GCC) 9.3.0 -Wall -Wextra -O3 -DNDEBUG
c Tue Feb 8 21:15:15 EST 2022 Linux gra-login1 3.10.0-1160.36.2.el7.x86_64 x86_64
c 
c --- [ limit ] --------------------------------------------------------------
c 
c setting conflict limit to 200000 conflicts (due to '200000')
c 
c --- [ parsing input ] ------------------------------------------------------
c 
c reading DIMACS file from '22-cubes/30.cubes5112.adj'
c opening file to read '22-cubes/30.cubes5112.adj'
c found 'p cnf 6160 1786684' header
c parsed 1786684 clauses in 18.28 seconds process time
c closing file '22-cubes/30.cubes5112.adj'
c after reading 1542541782 bytes 1471.1 MB
c 
c --- [ options ] ------------------------------------------------------------
c 
c all options are set to their default value
c 
c --- [ solving ] ------------------------------------------------------------
c 
c time measured in process time since initialization
c 
c  seconds    reductions  redundant   irredundant
c          MB     restarts       trail       variables
c            level   conflicts       glue         remaining
c 
c * 18.28 1476  0 0   0    0    0  0% 0 1785954 4578 74%
c { 19.71 1558  0 0   0    0    0  0% 0 1785954 4578 74%
c i 21.90 1599 91 0   6   56   48 49% 14 1785954 4576 74%
c i 21.92 1599 99 0   7   59   48 48% 13 1785954 4570 74%
c i 24.34 1628 71 0  16  137  105 45% 14 1785954 4565 74%
c i 27.41 1654 80 0  50  293  210 45% 29 1785954 4564 74%
c i 27.41 1654 80 0  51  295  211 45% 29 1785954 4563 74%
c i 27.42 1654 80 0  51  296  211 45% 29 1785954 4562 74%
c i 27.46 1654 79 0  52  300  213 45% 28 1785954 4561 74%
c - 31.47 1576 79 1  52  300  212 45% 28 837078 4561 74%
c i 32.34 1579 79 1  62  350  256 46% 32 837078 4560 74%
c i 32.38 1579 78 1  63  352  257 46% 32 837078 4553 74%
c i 33.00 1580 76 1  72  391  291 47% 31 837078 4552 74%
c i 33.11 1580 75 1  72  397  296 47% 31 837078 4551 74%
c i 33.28 1581 74 1  72  405  303 47% 31 837078 4550 74%
c i 33.52 1581 72 1  74  463  357 48% 31 837078 4549 74%
c i 33.65 1581 71 1  74  511  400 48% 31 837078 4548 74%
c i 34.80 1582 64 1  87  679  499 48% 30 837078 4547 74%
c i 34.83 1582 64 1  87  680  499 48% 30 837078 4546 74%
c i 34.84 1582 65 1  87  684  501 48% 30 837078 4544 74%
c 
c  seconds    reductions  redundant   irredundant
c          MB     restarts       trail       variables
c            level   conflicts       glue         remaining
c 
c i 34.89 1582 66 1  87  691  507 48% 30 837078 4543 74%
c i 35.02 1582 67 1  88  701  516 48% 31 837078 4542 74%
c i 35.62 1583 75 1 100  742  548 48% 36 837078 4525 73%
c i 35.62 1583 75 1 100  743  548 48% 36 837078 4442 72%
c } 38.21 1585 75 1 137 1000  759 48% 36 837078 4442 72%
c [ 38.21 1585  0 1 137 1000  759  0% 0 837078 4442 72%
c O 38.22 1585 15 1 137 1002  761 33% 2 837078 4442 72%
c i 38.62 1585 20 1 137 1082  811 57% 17 837078 4441 72%
c i 38.70 1585 21 1 137 1167  883 58% 17 837078 4440 72%
c i 38.96 1585 24 1 137 1423 1115 58% 20 837078 4439 72%
c - 40.38 1877 24 2 137 1456 1045 58% 20 835440 4439 72%
c i 40.65 1804 25 2 137 1652 1138 58% 21 835440 4438 72%
c i 40.93 1804 29 2 138 2073 1404 57% 25 835440 4437 72%
c i 41.05 1804 30 2 138 2238 1521 57% 25 835440 4436 72%
c ] 41.51 1804 30 2 138 3002 1977 57% 25 835440 4436 72%
c { 41.51 1804 75 2 138 3002 1977 48% 36 835440 4436 72%
c F 42.24 1802 75 2 138 3003 1978 11% 36 835431 4436 72%
c i 42.24 1802 75 2 138 3004 1978 12% 36 835431 4435 72%
c i 42.25 1802 75 2 138 3005 1978 13% 36 835431 4434 72%
c - 43.19 1801 69 3 138 3185 1573 36% 33 835425 4434 72%
c 
c  seconds    reductions  redundant   irredundant
c          MB     restarts       trail       variables
c            level   conflicts       glue         remaining
c 
c i 43.41 1801 70 3 138 3203 1587 35% 33 835425 4419 72%
c i 43.57 1801 71 3 143 3247 1624 34% 33 835425 4418 72%
c i 44.45 1801 68 3 160 3544 1858 34% 34 835425 4417 72%
c i 44.91 1801 66 3 180 3816 2055 35% 34 835425 4416 72%
c i 46.51 1799 67 3 228 4173 2344 34% 36 835425 4415 72%
c i 47.08 1800 67 3 234 4372 2512 34% 35 835425 4414 72%
c d 48.55 1800 58 3 234 5000 3004 35% 32 672529 4406 72%
c 3 48.61 1800 58 3 234 5000 4296 35% 32 672529 4406 72%
c 2 48.90 1800 58 3 234 5000 4461 35% 32 672422 4405 72%
c p 52.76 1799 58 3 234 5000 8274 35% 32 672422 4381 71%
c d 53.30 1800 58 3 234 5000 8215 35% 32 672313 4379 71%
c - 54.72 1732 55 4 234 5493 2626 35% 31 672313 4379 71%
c # 57.06 1732 55 4 262 6004 2947 34% 31 672313 4379 71%
c } 60.08 1732 53 4 301 7002 3702 33% 30 672313 4379 71%
c [ 60.08 1732 30 4 301 7002 3702 79% 25 672313 4379 71%
c - 61.48 1462 25 5 302 8234 2935 63% 21 672313 4379 71%
c I 63.32 1462 22 5 303 10009 4074 54% 19 672313 4379 71%
c - 66.02 1733 24 6 305 11525 3838 50% 20 672313 4379 71%
c 2 69.02 1733 27 6 306 15001 7975 46% 23 672310 4379 71%
c p 70.16 1733 27 6 306 15001 11975 46% 23 672310 4379 71%
c 
c  seconds    reductions    redundant   irredundant
c          MB     restarts         trail       variables
c            level    conflicts        glue         remaining
c 
c ] 70.26 1733 27 6 306 15002 11976 46% 23 672310 4379 71%
c { 70.26 1733 53 6 306 15002 11976 33% 30 672310 4379 71%
c B 70.46 1733 53 6 306 15011 11985 33% 30 672310 4379 71%
c - 71.83 1462 53 7 326 15362 5032 33% 29 672310 4379 71%
c s 80.58 1462 51 7 419 17217 6176 33% 28 668810 4379 71%
c v 95.71 1462 51 7 419 17217 6176 33% 28 668370 4379 71%
c t 95.94 1462 51 7 419 17217 6157 33% 28 668223 4379 71%
c e 97.75 1462 51 7 419 17217 5903 33% 28 660286 1173 19%
c s 97.96 1462 51 7 419 17217 5901 33% 28 659813 1173 19%
c - 106.85 1462 49 8 542 19748 5511 61% 27 659813 1173 19%
c W 108.33 1462 46 8 542 21013 6414 61% 26 659813 1173 19%
c - 116.33 1462 41 9 592 24662 6229 61% 24 659813 1173 19%
c F 119.08 1462 37 9 596 28014 8455 62% 23 659813 1173 19%
c 3 126.70 1462 36 9 676 30001 10649 62% 22 659813 1173 19%
c p 130.21 1462 36 9 676 30001 12397 62% 22 659813 1172 19%
c - 131.29 1462 36 10 684 30120 7160 62% 22 659810 1172 19%
c } 135.88 1462 37 10 755 31002 7697 61% 22 659810 1172 19%
c [ 135.88 1462 27 10 755 31002 7697 175% 23 659810 1172 19%
c B 142.38 1462 28 10 758 36015 11478 137% 24 659810 1172 19%
c - 142.89 1462 29 11 758 36124 7990 136% 24 659810 1172 19%
c 
c  seconds     reductions    redundant    irredundant
c           MB      restarts        trail        variables
c             level     conflicts        glue         remaining
c 
c - 149.33 1462 37 12 762 42674 8779 113% 31 659810 1172 19%
c W 153.37 1462 37 12 762 45016 10556 108% 31 659810 1172 19%
c ] 156.36 1462 37 12 763 48637 13219 102% 31 659810 1172 19%
c 1 156.36 1462 37 12 763 48637 13219 102% 31 659810 1172 19%
c 
c --- [ writing output ] -----------------------------------------------------
c 
c writing simplified CNF to DIMACS file 'simp/22-cubes/30.cubes5112.adj.simp1'
c * 156.36 1462 37 12 763 48637 13219 102% 31 659810 1172 19%
c opening file to write 'simp/22-cubes/30.cubes5112.adj.simp1'
c writing 'p cnf 6160 659810' header
c closing file 'simp/22-cubes/30.cubes5112.adj.simp1'
c after writing 311283199 bytes 296.9 MB
c wrote 659810 clauses in 2.27 seconds process time
c 
c --- [ writing extension ] --------------------------------------------------
c 
c writing extension stack to 'simp/22-cubes/30.cubes5112.adj.ext1'
c opening file to write 'simp/22-cubes/30.cubes5112.adj.ext1'
c closing file 'simp/22-cubes/30.cubes5112.adj.ext1'
c after writing 253144 bytes 0.2 MB
c wrote 10715 witnesses in 0.01 seconds process time
c 
c --- [ result ] -------------------------------------------------------------
c 
s SATISFIABLE
c 
c --- [ run-time profiling ] -------------------------------------------------
c 
c process time taken by individual solving procedures
c (percentage relative to process time for solving)
c 
c       108.64   78.68% search
c        73.88   53.51% unstable
c        30.58   22.15% stable
c        29.44   21.32% simplify
c        18.28   13.24% parse
c        15.28   11.06% vivify
c         8.40    6.08% probe
c         2.99    2.17% elim
c         2.75    1.99% walk
c         1.43    1.03% lucky
c         0.41    0.30% subsume
c         0.25    0.18% ternary
c   =================================
c       138.08   87.04% solve
c 
c last line shows process time for solving
c (percentage relative to total process time)
c 
c --- [ statistics ] ---------------------------------------------------------
c 
c chronological:              9230        18.98 %  of conflicts
c conflicts:                 48637       352.25    per second
c decisions:                121789       882.04    per second
c eliminated:                 3206        52.05 %  of all variables
c fixed:                      1771        28.75 %  of all variables
c learned:                   47593        97.85 %  per conflict
c learned_lits:            9016489       100.00 %  learned literals
c minimized:                     0         0.00 %  learned literals
c shrunken:                4892027        54.26 %  learned literals
c minishrunken:             935888        10.38 %  learned literals
c propagations:            6584705         0.05 M  per second
c reduced:                   21897        45.02 %  per conflict
c rephased:                      9      5404.11    interval
c restarts:                    763        63.74    interval
c stabilizing:                   3        56.82 %  of conflicts
c substituted:                  11         0.18 %  of all variables
c subsumed:                  17363         0.45 %  of all clauses
c strengthened:              29668         0.76 %  of all clauses
c ternary:                    3619         0.36 %  of resolved
c vivified:                    444         0.01 %  of all clauses
c walked:                        2     24318.50    interval
c weakened:                   8944         3.25    average size
c 
c seconds are measured in process time for solving
c 
c --- [ resources ] ----------------------------------------------------------
c 
c total process time since initialization:       158.64    seconds
c total real time since initialization:          159.63    seconds
c maximum resident set size of process:         2144.58    MB
c 
c --- [ shutting down ] ------------------------------------------------------
c 
c exit 10
++ seq 1 100
+ for i in '$(seq 1 100)'
++ sed 's/.$//'
++ rev
++ cut '-d ' -f1
++ rev
++ tail -n 1
++ grep 'c [*]' log/22-cubes/30.cubes5112.adj.simp1
+ vars_remaining=19
+ ((  vars_remaining < 100 - p  ))
+ break
++ cut '-d ' -f3
++ head -n 1 simp/22-cubes/30.cubes5112.adj.simp1
+ numvars=6160
++ cut '-d ' -f4
++ head -n 1 simp/22-cubes/30.cubes5112.adj.simp1
+ numlines=659810
+ extlines_total=0
++ seq 1 1
+ for j in '$(seq 1 "$i")'
++ cut '-d ' -f1
++ wc -l simp/22-cubes/30.cubes5112.adj.ext1
+ extlines_j=10715
+ extlines_total=10715
+ newlines=670525
+ echo 'p cnf 6160 670525'
+ tail simp/22-cubes/30.cubes5112.adj.simp1 -n +2
++ seq 1 1
+ for j in '$(seq 1 "$i")'
+ cat simp/22-cubes/30.cubes5112.adj.ext1
+ sed -i 's/ 0.*/ 0/' 22-cubes/30.cubes5112.adj.simp
============================[ Problem Statistics ]=============================
|                                                                             |
|  Number of variables:          6160                                         |
|  Number of clauses:          668754                                         |
|  Parse time:                   4.99 s                                       |
|  Simplification time:          0.17 s                                       |
|                                                                             |
============================[ Search Statistics ]====================================================
| Conflicts |          ORIGINAL         |          LEARNT          | Num Sols |      SUBGRAPHS      |
|           |    Vars  Clauses Literals |    Limit  Clauses Lit/Cl |          | Canonical Noncanon. |
=====================================================================================================
|       106 |    4389   668760 67761523 |     2000      106    128 |        0 |        17         6 |
|       264 |    4389   668768 67761720 |     2000      264    131 |        0 |        26        14 |
|       496 |    4389   668775 67761961 |     2000      496    123 |        0 |        36        21 |
|       929 |    4389   668871 67764165 |     2000      929    112 |        0 |        61       117 |
|      1529 |    4389   668965 67766785 |     2000     1529    107 |        0 |        86       211 |
|      2391 |    4389   669068 67768391 |     3600     1391     58 |        0 |       151       314 |
|      3591 |    4389   669129 67769547 |     3600     2591     75 |        0 |       196       375 |
|      5448 |    4389   669278 67773375 |     5000     2648     51 |        0 |       319       524 |
|      8620 |    4389   669888 67785523 |     6306     3326     34 |        0 |       491      1134 |
|     12603 |    4389   670027 67788736 |     7557     4160     42 |        0 |       619      1273 |
|     18412 |    4389   670070 67790291 |     8783     6195     59 |        0 |       674      1316 |
|     28048 |    4389   671057 67809068 |    11208     6456     41 |        0 |       829      2303 |
|     41398 |    4389   671433 67818700 |    13610     8008     44 |        0 |      1131      2679 |
|     61117 |    4389   671691 67825465 |    16012    13529     61 |        0 |      1222      2937 |
|     90369 |    4389   671751 67827234 |    19605    16974     70 |        0 |      1261      2997 |
|    134636 |    4389   672229 67839935 |    24410    18446     75 |        0 |      1532      3475 |
|    200682 |    4389   672591 67849191 |    30408    17490     65 |        0 |      1861      3837 |
|    299718 |    4389   673101 67860234 |    36411    34529     95 |        0 |      2113      4347 |
|    448141 |    4389   673735 67875993 |    44810    42951     91 |        0 |      2457      4981 |
|    670462 |    4389   674373 67895914 |    55614    42076     81 |        0 |      2788      5619 |
|   1008590 |    4389   679976 68010974 |    68825    41415     59 |        0 |      4306     11222 |
|   1511718 |    4389   684316 68111873 |    84412    50530     61 |        0 |      5950     15562 |
|   2344859 |    4389   769275 70422252 |   104818    84677     75 |        0 |     14306    100521 |
|   3484335 |    4389   786477 70757162 |   127619   125954     79 |        0 |     20777    117723 |
|   5201740 |    4389   820471 71628588 |   156433   146573     80 |        0 |     27836    151717 |
|   7765384 |    4389   858999 72596237 |   192434   103218     36 |        0 |     37141    190245 |
|  11588038 |    4389   893978 73521346 |   234432   201870     72 |        0 |     49634    225224 |
|  17307207 |    4389   931635 74564024 |   287231   196638     59 |        0 |     64641    262881 |
|  25935910 |    4389  1038069 76877953 |   352053   212363     45 |        0 |     84716    369315 |
|  38810588 |    4389  1129344 79308254 |   430032   399020     74 |        0 |    117319    460590 |
|  59048190 |    4388  2191838 99324205 |   530833   485023     67 |        1 |    201936   1523086 |
|  88293391 |    4376  2394912 103287409 |   649639   545030     68 |        1 |    261052   2005629 |
| 132649756 |    4362  3107668 115817089 |   797229   449185     41 |        2 |    366915   3218005 |
=====================================================================================================
Number of solutions   : 2           
Canonical subgraphs   : 412575         (14 /sec)
          order  3    : 1              (200000 /sec)
          order  4    : 1              (333333 /sec)
          order  5    : 1              (200000 /sec)
          order  6    : 1              (45455 /sec)
          order  7    : 1              (6711 /sec)
          order  8    : 2              (1168 /sec)
          order  9    : 6              (269 /sec)
          order 10    : 23             (77 /sec)
          order 11    : 105            (24 /sec)
          order 12    : 1017           (13 /sec)
          order 13    : 5819           (7 /sec)
          order 14    : 50439          (13 /sec)
          order 15    : 267725         (14 /sec)
          order 16    : 70441          (17 /sec)
          order 17    : 11714          (14 /sec)
          order 18    : 2015           (11 /sec)
          order 19    : 1057           (12 /sec)
          order 20    : 1064           (12 /sec)
          order 21    : 1141           (12 /sec)
          order 22    : 2              (1 /sec)
Noncanonical subgraphs: 3807153        (132 /sec)
          order  3    : 0              (-nan /sec)
          order  4    : 0              (-nan /sec)
          order  5    : 0              (-nan /sec)
          order  6    : 0              (-nan /sec)
          order  7    : 0              (-nan /sec)
          order  8    : 0              (-nan /sec)
          order  9    : 0              (-nan /sec)
          order 10    : 0              (-nan /sec)
          order 11    : 0              (-nan /sec)
          order 12    : 0              (-nan /sec)
          order 13    : 0              (-nan /sec)
          order 14    : 211882         (984 /sec)
          order 15    : 544107         (714 /sec)
          order 16    : 3040480        (110 /sec)
          order 17    : 8585           (97 /sec)
          order 18    : 890            (49 /sec)
          order 19    : 6              (25 /sec)
          order 20    : 4              (54 /sec)
          order 21    : 2              (24 /sec)
Canonicity checking   : 58320.8 s
database reductions   : 720
restarts              : 195703
conflicts             : 157125568      (563 /sec)
decisions             : 193359225      (0.00 % random) (693 /sec)
propagations          : 33337572475    (119463 /sec)
conflict literals     : 18865459775    (56.64 % deleted)
actual reward         : 0.056999
Memory used           : 1851.00 MB
CPU time              : 279062 s

UNSATISFIABLE
