c --- [ banner ] -------------------------------------------------------------
c 
c CaDiCaL Radically Simplified CDCL SAT Solver
c Copyright (c) 2016-2021 A. Biere, M. Fleury, N. Froleyks
c 
c Version 1.5.2 a5f15211db36c3956764e18194dd5bd63bf3b5e6
c g++ (GCC) 9.3.0 -Wall -Wextra -O3 -DNDEBUG
c Fri Oct 21 01:27:37 EDT 2022 Linux gra-login3 3.10.0-1160.66.1.el7.x86_64 x86_64
c 
c --- [ limit ] --------------------------------------------------------------
c 
c setting conflict limit to 200000 conflicts (due to '200000')
c 
c --- [ parsing input ] ------------------------------------------------------
c 
c reading DIMACS file from '33.cubes1672.adj'
c opening file to read '33.cubes1672.adj'
c found 'p cnf 6160 1595477' header
c parsed 1595477 clauses in 21.97 seconds process time
c closing file '33.cubes1672.adj'
c after reading 1457566789 bytes 1390.0 MB
c 
c --- [ options ] ------------------------------------------------------------
c 
c all options are set to their default value
c 
c --- [ solving ] ------------------------------------------------------------
c 
c time measured in process time since initialization
c 
c  seconds    reductions  redundant   irredundant
c          MB     restarts       trail       variables
c            level   conflicts       glue         remaining
c 
c * 21.97 1368  0 0   0    0    0  0% 0 1595422 2370 38%
c { 23.07 1425  0 0   0    0    0  0% 0 1595422 2370 38%
c i 23.52 1440 578 0   0   13   12 28% 2 1595422 2363 38%
c i 25.71 1492 298 0   9   87   57 28% 25 1595422 2357 38%
c i 25.96 1494 270 0  11   96   64 28% 27 1595422 2356 38%
c i 27.03 1504 138 0  22  199  138 28% 27 1595422 2352 38%
c i 27.25 1505 123 0  22  237  170 29% 27 1595422 2351 38%
c i 27.25 1505 122 0  22  239  171 29% 27 1595422 2350 38%
c i 27.28 1505 119 0  22  247  176 29% 26 1595422 2349 38%
c i 27.37 1505 113 0  22  267  190 29% 26 1595422 2348 38%
c i 27.41 1505 112 0  22  271  193 29% 25 1595422 2347 38%
c i 27.41 1505 112 0  22  272  193 29% 25 1595422 2346 38%
c i 27.41 1505 111 0  22  273  193 29% 25 1595422 2345 38%
c i 27.41 1505 111 0  22  274  193 29% 25 1595422 2344 38%
c i 27.44 1505 109 0  22  280  198 29% 25 1595422 2343 38%
c i 27.46 1505 109 0  22  284  201 29% 26 1595422 2342 38%
c i 27.50 1505 105 0  22  303  213 29% 26 1595422 2341 38%
c - 31.21 1479 105 1  22  303  213 29% 26 348818 2341 38%
c i 32.18 1388 72 1  33  538  386 29% 24 348818 2340 38%
c i 32.41 1388 66 1  37  600  418 28% 23 348818 2336 38%
c 
c  seconds    reductions  redundant   irredundant
c          MB     restarts       trail       variables
c            level   conflicts       glue         remaining
c 
c i 32.46 1388 66 1  37  607  424 28% 23 348818 2333 38%
c i 32.53 1388 67 1  37  638  449 28% 23 348818 2332 38%
c i 32.54 1388 67 1  38  639  449 28% 23 348818 2317 38%
c i 32.57 1388 65 1  38  666  471 28% 23 348818 2316 38%
c i 32.58 1388 65 1  38  676  478 28% 23 348818 2315 38%
c i 32.64 1388 65 1  38  684  484 28% 22 348818 2314 38%
c i 32.67 1388 64 1  38  703  500 28% 23 348818 2313 38%
c i 32.68 1388 64 1  38  708  504 28% 23 348818 2312 38%
c i 32.73 1388 64 1  38  716  511 28% 23 348818 2311 38%
c i 33.00 1389 62 1  42  785  549 28% 22 348818 2310 38%
c i 33.00 1389 62 1  42  788  551 28% 22 348818 2309 37%
c i 33.00 1389 62 1  42  790  552 28% 22 348818 2308 37%
c i 33.00 1389 62 1  42  791  552 28% 22 348818 2307 37%
c i 33.07 1389 62 1  42  795  555 28% 22 348818 2306 37%
c i 33.08 1388 62 1  42  798  557 28% 22 348818 2305 37%
c i 33.11 1388 62 1  42  800  557 28% 22 348818 2288 37%
c i 33.13 1388 62 1  42  813  564 28% 22 348818 2267 37%
c i 33.25 1389 63 1  46  841  584 27% 23 348818 2260 37%
c i 33.27 1389 63 1  47  845  587 27% 23 348818 2258 37%
c i 33.82 1389 63 1  57  884  617 27% 23 348818 2251 37%
c 
c  seconds    reductions  redundant   irredundant
c          MB     restarts       trail       variables
c            level   conflicts       glue         remaining
c 
c i 33.95 1389 58 1  58  971  660 27% 22 348818 2250 37%
c i 33.98 1389 58 1  58  974  662 27% 22 348818 2249 37%
c } 34.15 1389 58 1  58 1001  689 27% 22 348818 2249 37%
c [ 34.15 1389  0 1  58 1001  689  0% 0 348818 2249 37%
c O 34.16 1389  7 1  58 1002  690 18% 2 348818 2249 37%
c i 34.29 1390  9 1  58 1051  704 21% 7 348818 2248 36%
c i 34.29 1390  8 1  58 1052  704 21% 7 348818 2247 36%
c i 34.29 1390  8 1  58 1053  704 21% 7 348818 2246 36%
c i 34.29 1390  8 1  58 1054  704 21% 7 348818 2245 36%
c i 34.29 1390  8 1  58 1055  704 21% 7 348818 2244 36%
c i 34.29 1390  8 1  58 1056  704 21% 6 348818 2243 36%
c i 34.29 1390  8 1  58 1057  704 21% 6 348818 2242 36%
c i 34.29 1390  8 1  58 1058  704 21% 6 348818 2241 36%
c i 34.36 1390 20 1  58 1123  757 27% 15 348818 2240 36%
c i 34.38 1390 20 1  58 1135  767 27% 14 348818 2239 36%
c i 34.41 1390 20 1  58 1180  804 28% 15 348818 2238 36%
c i 34.42 1390 20 1  58 1202  819 28% 15 348818 2237 36%
c i 34.43 1390 20 1  58 1216  828 28% 15 348818 2236 36%
c - 35.05 1463 20 2  58 1228  729 28% 15 288831 2236 36%
c i 35.10 1463 20 2  58 1230  730 28% 15 288831 2235 36%
c 
c  seconds    reductions  redundant   irredundant
c          MB     restarts       trail       variables
c            level   conflicts       glue         remaining
c 
c i 35.19 1463 20 2  58 1273  763 29% 16 288831 2234 36%
c i 35.20 1463 20 2  58 1274  763 29% 15 288831 2233 36%
c i 35.37 1463 20 2  58 1604 1037 30% 17 288831 2232 36%
c i 35.54 1463 18 2  59 2074 1315 30% 16 288831 2231 36%
c i 35.77 1463 20 2  59 2501 1637 30% 17 288831 2230 36%
c - 36.09 1462 20 3  59 2544 1313 30% 17 288813 2230 36%
c i 36.67 1462 20 3  59 2849 1485 47% 17 288813 2229 36%
c i 36.68 1462 20 3  59 2858 1492 47% 17 288813 2228 36%
c i 36.74 1462 20 3  59 2996 1572 48% 17 288813 2227 36%
c i 36.74 1462 20 3  59 2997 1572 48% 17 288813 2226 36%
c ] 36.74 1462 20 3  59 3001 1575 47% 17 288813 2226 36%
c { 36.74 1462 58 3  59 3001 1575 74% 22 288813 2226 36%
c F 36.84 1462 58 3  61 3005 1579 74% 22 288813 2226 36%
c i 37.10 1462 54 3  62 3159 1710 71% 22 288813 2225 36%
c i 37.14 1462 50 3  62 3314 1829 68% 22 288813 2224 36%
c i 37.15 1462 50 3  62 3316 1830 68% 22 288813 2223 36%
c i 37.15 1462 50 3  62 3317 1830 68% 22 288813 2222 36%
c i 37.17 1462 48 3  62 3429 1918 67% 21 288813 2221 36%
c - 37.67 1461 35 4  62 4296 1925 61% 18 288786 2221 36%
c i 39.87 1461 39 4 136 4647 2212 58% 20 288786 2220 36%
c 
c  seconds    reductions  redundant   irredundant
c          MB     restarts       trail       variables
c            level   conflicts       glue         remaining
c 
c i 40.01 1461 39 4 136 4720 2264 58% 20 288786 2219 36%
c i 41.06 1461 41 4 169 4855 2382 57% 20 288786 2217 36%
c i 41.61 1461 42 4 193 4961 2476 57% 21 288786 2216 36%
c 2 42.21 1461 43 4 203 5000 3272 57% 21 288746 2209 36%
c p 46.10 1461 43 4 203 5000 5522 57% 21 288746 2192 36%
c d 46.38 1461 43 4 203 5000 5409 57% 21 288694 2191 36%
c # 48.25 1461 40 4 264 6007 6048 54% 21 288694 2191 36%
c - 48.98 1357 38 5 266 6487 2511 53% 20 288694 2191 36%
c } 50.16 1357 37 5 289 7001 2928 52% 20 288694 2191 36%
c [ 50.16 1357 20 5 289 7001 2928 47% 17 288694 2191 36%
c - 51.95 1357 29 6 290 9115 3254 47% 24 288694 2191 36%
c I 53.03 1357 30 6 291 10012 3921 47% 25 288694 2191 36%
c - 54.54 1358 33 7 293 12182 3723 48% 27 288694 2191 36%
c p 58.95 1358 35 7 294 15000 8681 48% 29 288694 2191 36%
c ] 59.06 1358 35 7 294 15001 8682 48% 29 288694 2191 36%
c { 59.06 1358 37 7 294 15001 8682 52% 20 288694 2191 36%
c B 59.18 1358 37 7 295 15014 8694 52% 20 288694 2191 36%
c - 60.92 1359 37 8 369 15689 4341 52% 20 288694 2191 36%
c s 67.72 1359 36 8 585 18792 6590 50% 21 285706 2191 36%
c v 72.19 1359 36 8 585 18792 6590 50% 21 285694 2191 36%
c 
c  seconds    reductions   redundant   irredundant
c          MB     restarts        trail       variables
c            level    conflicts       glue         remaining
c 
c t 72.30 1359 36 8 585 18792 6581 50% 21 285679 2191 36%
c e 73.20 1361 36 8 585 18792 6204 50% 21 283389 906 15%
c s 73.32 1361 36 8 585 18792 6204 50% 21 283258 906 15%
c - 75.17 1361 35 9 590 19635 4777 72% 21 283258 906 15%
c } 75.42 1361 34 9 590 20096 5058 72% 20 283258 906 15%
c 1 75.42 1361 34 9 590 20096 5058 72% 20 283258 906 15%
c 
c --- [ writing output ] -----------------------------------------------------
c 
c writing simplified CNF to DIMACS file 'simp/33.cubes1672.adj.simp1'
c * 75.42 1361 34 9 590 20096 5058 72% 20 283258 906 15%
c opening file to write 'simp/33.cubes1672.adj.simp1'
c writing 'p cnf 6160 283258' header
c closing file 'simp/33.cubes1672.adj.simp1'
c after writing 117419490 bytes 112.0 MB
c wrote 283258 clauses in 0.82 seconds process time
c 
c --- [ writing extension ] --------------------------------------------------
c 
c writing extension stack to 'simp/33.cubes1672.adj.ext1'
c opening file to write 'simp/33.cubes1672.adj.ext1'
c closing file 'simp/33.cubes1672.adj.ext1'
c after writing 82787 bytes 0.1 MB
c wrote 3730 witnesses in 0.00 seconds process time
c 
c --- [ result ] -------------------------------------------------------------
c 
s SATISFIABLE
c 
c --- [ run-time profiling ] -------------------------------------------------
c 
c process time taken by individual solving procedures
c (percentage relative to process time for solving)
c 
c        40.73   76.21% search
c        29.79   55.74% unstable
c        21.97   41.11% parse
c        12.71   23.79% simplify
c         9.85   18.42% stable
c         5.44   10.17% probe
c         4.55    8.51% vivify
c         1.66    3.11% elim
c         1.10    2.05% lucky
c         0.24    0.44% subsume
c         0.09    0.16% ternary
c   =================================
c        53.45   70.10% solve
c 
c last line shows process time for solving
c (percentage relative to total process time)
c 
c --- [ statistics ] ---------------------------------------------------------
c 
c chronological:              3910        19.46 %  of conflicts
c conflicts:                 20096       375.99    per second
c decisions:                 64707      1210.66    per second
c eliminated:                 1285        20.86 %  of all variables
c fixed:                       817        13.26 %  of all variables
c learned:                   19611        97.59 %  per conflict
c learned_lits:            3468657       100.00 %  learned literals
c minimized:                     0         0.00 %  learned literals
c shrunken:                1969294        56.77 %  learned literals
c minishrunken:             314669         9.07 %  learned literals
c propagations:            2895986         0.05 M  per second
c reduced:                    9160        45.58 %  per conflict
c rephased:                      5      4019.20    interval
c restarts:                    590        34.06    interval
c stabilizing:                   2        49.76 %  of conflicts
c substituted:                   8         0.13 %  of all variables
c subsumed:                   8144         0.24 %  of all clauses
c strengthened:               6402         0.19 %  of all clauses
c ternary:                    1533         0.51 %  of resolved
c vivified:                     23         0.00 %  of all clauses
c weakened:                   2913         2.99    average size
c 
c seconds are measured in process time for solving
c 
c --- [ resources ] ----------------------------------------------------------
c 
c total process time since initialization:        76.24    seconds
c total real time since initialization:           77.33    seconds
c maximum resident set size of process:         1570.27    MB
c 
c --- [ shutting down ] ------------------------------------------------------
c 
c exit 10
WARNING! DIMACS header mismatch: wrong number of variables.
============================[ Problem Statistics ]=============================
|                                                                             |
|  Number of variables:          3498                                         |
|  Number of clauses:          283258                                         |
|  Parse time:                   1.60 s                                       |
|  Simplification time:          0.05 s                                       |
|                                                                             |
============================[ Search Statistics ]====================================================
| Conflicts |          ORIGINAL         |          LEARNT          | Num Sols |      SUBGRAPHS      |
|           |    Vars  Clauses Literals |    Limit  Clauses Lit/Cl |          | Canonical Noncanon. |
=====================================================================================================
|       100 |    3404   283258 25740861 |     2000      100    109 |        0 |        16         0 |
|       294 |    3404   283302 25741864 |     2000      294     82 |        0 |        42        44 |
|       547 |    3404   283330 25742502 |     2000      547     89 |        0 |        51        72 |
|       898 |    3404   283344 25742820 |     2000      898     90 |        0 |        71        86 |
|      1416 |    3404   283356 25743589 |     2000     1416    102 |        0 |        74        98 |
|      2211 |    3404   283392 25744599 |     3600     1211     65 |        0 |       102       134 |
|      3374 |    3404   283416 25745151 |     3600     2374     81 |        0 |       125       158 |
|      5239 |    3404   283573 25748078 |     5000     2439     54 |        0 |       217       315 |
|      7948 |    3404   283720 25751681 |     6306     2654     43 |        0 |       315       462 |
|     12140 |    3404   284068 25758952 |     7555     3695     38 |        0 |       507       810 |
|     19744 |    3404   285906 25789623 |     8782     7526     47 |        0 |       857      2648 |
|     28999 |    3404   286512 25800750 |    11207     7406     47 |        0 |      1113      3254 |
|     42819 |    3404   287358 25818358 |    13612     9431     45 |        0 |      1458      4100 |
|     64714 |    3404   289792 25868995 |    17219     9133     30 |        0 |      2294      6534 |
|     95252 |    3404   291138 25896402 |    20813    12065     35 |        0 |      2786      7880 |
|    147031 |    3404   299128 26047318 |    25614    18645     46 |        0 |      4796     15870 |
|    216088 |    3404   302501 26116216 |    31632    17720     37 |        0 |      5583     19243 |
|    321674 |    3404   309561 26235851 |    38808    19482     30 |        0 |      7170     26303 |
|    496813 |    3404   336911 26628382 |    47224    46237     70 |        0 |     15893     53653 |
|    799304 |    3404   417719 27759865 |    60410    56114     61 |        0 |     42105    134461 |
|   1213132 |    3404   499022 29073660 |    74818    67950     60 |        0 |     77921    215764 |
|   1747932 |    3404   535034 29674561 |    90426    69758     55 |        0 |     94526    251776 |
|   2696286 |    3404   735206 32981659 |   113212    56698     22 |        0 |    144228    451948 |
|   4351827 |    3404  1268473 41449458 |   143213   117240     52 |        0 |    254957    985215 |
|   7572056 |    3281  2300723 56183968 |   189763   100218     16 |        0 |    396806   2522033 |
=====================================================================================================
Number of solutions   : 0
Canonical subgraphs   : 397815         (23 /sec)
          order  3    : 1              (125000 /sec)
          order  4    : 1              (333333 /sec)
          order  5    : 1              (142857 /sec)
          order  6    : 1              (34483 /sec)
          order  7    : 1              (5405 /sec)
          order  8    : 2              (1045 /sec)
          order  9    : 7              (339 /sec)
          order 10    : 31             (112 /sec)
          order 11    : 210            (49 /sec)
          order 12    : 1312           (25 /sec)
          order 13    : 8773           (21 /sec)
          order 14    : 82849          (23 /sec)
          order 15    : 161057         (28 /sec)
          order 16    : 76772          (22 /sec)
          order 17    : 47948          (18 /sec)
          order 18    : 12979          (18 /sec)
          order 19    : 5102           (16 /sec)
          order 20    : 571            (21 /sec)
          order 21    : 197            (29 /sec)
          order 22    : 0              (-nan /sec)
Noncanonical subgraphs: 2527255        (169 /sec)
          order  3    : 0              (-nan /sec)
          order  4    : 0              (-nan /sec)
          order  5    : 0              (-nan /sec)
          order  6    : 0              (-nan /sec)
          order  7    : 0              (-nan /sec)
          order  8    : 0              (-nan /sec)
          order  9    : 0              (-nan /sec)
          order 10    : 0              (-nan /sec)
          order 11    : 0              (-nan /sec)
          order 12    : 0              (-nan /sec)
          order 13    : 30559          (3453 /sec)
          order 14    : 150438         (1080 /sec)
          order 15    : 2247590        (160 /sec)
          order 16    : 77038          (163 /sec)
          order 17    : 21400          (75 /sec)
          order 18    : 11             (64 /sec)
          order 19    : 12             (1314 /sec)
          order 20    : 0              (-nan /sec)
          order 21    : 0              (-nan /sec)
Canonicity checking   : 17150 s
Noncanonicity checking: 14995 s
Total canonicity time : 32144.9 s
database reductions   : 156
restarts              : 12285
conflicts             : 7581920        (208 /sec)
decisions             : 11338928       (0.00 % random) (311 /sec)
propagations          : 370627898      (10166 /sec)
conflict literals     : 606102932      (55.45 % deleted)
actual reward         : 0.228554
Memory used           : 867.00 MB
CPU time              : 36456.3 s

UNSATISFIABLE
