c --- [ banner ] -------------------------------------------------------------
c 
c CaDiCaL Radically Simplified CDCL SAT Solver
c Copyright (c) 2016-2021 A. Biere, M. Fleury, N. Froleyks
c 
c Version 1.5.2 a5f15211db36c3956764e18194dd5bd63bf3b5e6
c g++ (GCC) 9.3.0 -Wall -Wextra -O3 -DNDEBUG
c Fri Oct 21 01:27:37 EDT 2022 Linux gra-login3 3.10.0-1160.66.1.el7.x86_64 x86_64
c 
c --- [ limit ] --------------------------------------------------------------
c 
c setting conflict limit to 200000 conflicts (due to '200000')
c 
c --- [ parsing input ] ------------------------------------------------------
c 
c reading DIMACS file from '33.cubes6192.adj'
c opening file to read '33.cubes6192.adj'
c found 'p cnf 6160 1595476' header
c parsed 1595476 clauses in 18.79 seconds process time
c closing file '33.cubes6192.adj'
c after reading 1457566784 bytes 1390.0 MB
c 
c --- [ options ] ------------------------------------------------------------
c 
c all options are set to their default value
c 
c --- [ solving ] ------------------------------------------------------------
c 
c time measured in process time since initialization
c 
c  seconds    reductions  redundant   irredundant
c          MB     restarts       trail       variables
c            level   conflicts       glue         remaining
c 
c * 18.79 1379  0 0   0    0    0  0% 0 1595422 2393 39%
c { 19.99 1435  0 0   0    0    0  0% 0 1595422 2393 39%
c i 23.02 1501 514 0   7   92   89 27% 5 1595422 2360 38%
c i 23.94 1509 439 0  12  110  104 27% 8 1595422 2352 38%
c i 24.35 1510 381 0  17  134  121 27% 9 1595422 2341 38%
c i 25.40 1514 330 0  25  171  156 27% 18 1595422 2337 38%
c i 25.51 1515 328 0  26  173  157 27% 18 1595422 2333 38%
c i 25.99 1517 312 0  29  189  171 27% 21 1595422 2327 38%
c i 26.86 1519 261 0  44  242  212 26% 25 1595422 2326 38%
c - 31.82 1431 215 1  50  301  229 25% 22 316900 2326 38%
c i 32.23 1399 145 1  50  464  295 25% 18 316900 2325 38%
c i 33.08 1399 77 1  64  997  410 21% 14 316900 2324 38%
c } 33.09 1399 77 1  65 1001  413 21% 15 316900 2324 38%
c [ 33.09 1399  0 1  65 1001  413  0% 0 316900 2324 38%
c O 33.09 1399  5 1  65 1002  414 13% 5 316900 2324 38%
c - 34.02 1535 28 2  65 1201  510 31% 22 316894 2324 38%
c i 34.10 1535 28 2  65 1281  571 31% 23 316894 2323 38%
c i 34.18 1535 31 2  65 1443  700 31% 26 316894 2322 38%
c i 34.23 1535 31 2  65 1551  773 31% 26 316894 2321 38%
c i 34.34 1535 32 2  65 1793  932 31% 27 316894 2320 38%
c 
c  seconds    reductions  redundant   irredundant
c          MB     restarts       trail       variables
c            level   conflicts       glue         remaining
c 
c i 34.48 1535 32 2  66 2199 1210 31% 27 316894 2319 38%
c i 34.58 1535 31 2  66 2520 1424 31% 27 316894 2318 38%
c - 34.96 1534 31 3  66 2551 1272 31% 26 316878 2318 38%
c i 35.35 1534 30 3  66 2943 1523 51% 26 316878 2317 38%
c ] 35.37 1534 30 3  66 3003 1566 51% 26 316878 2317 38%
c { 35.37 1534 77 3  66 3003 1566 55% 15 316878 2317 38%
c F 35.37 1534 77 3  67 3004 1567 55% 15 316878 2317 38%
c i 35.63 1534 74 3  83 3069 1624 54% 15 316878 2316 38%
c i 35.65 1534 74 3  84 3075 1627 54% 15 316878 2315 38%
c i 37.45 1534 79 3 168 3391 1902 51% 21 316878 2314 38%
c i 38.00 1534 75 3 184 3532 2015 51% 21 316878 2313 38%
c i 38.92 1534 76 3 217 3728 2195 50% 23 316878 2312 38%
c i 38.94 1534 75 3 218 3748 2213 50% 23 316878 2311 38%
c i 39.60 1535 77 3 248 3871 2323 49% 25 316878 2310 38%
c i 40.24 1535 77 3 280 4019 2449 49% 26 316878 2309 37%
c i 40.39 1535 78 3 284 4038 2467 49% 26 316878 2308 37%
c i 41.13 1535 75 3 311 4343 2736 49% 27 316878 2307 37%
c - 41.47 1401 75 4 314 4352 2039 49% 27 316848 2307 37%
c i 42.47 1401 78 4 336 4471 2131 48% 28 316848 2306 37%
c i 43.42 1401 78 4 361 4573 2224 48% 29 316848 2305 37%
c 
c  seconds    reductions  redundant   irredundant
c          MB     restarts       trail       variables
c            level   conflicts       glue         remaining
c 
c i 43.47 1401 78 4 362 4578 2228 48% 29 316848 2304 37%
c d 46.84 1401 80 4 434 5001 2583 47% 31 301276 2300 37%
c 2 46.91 1401 80 4 434 5001 3277 47% 31 301265 2300 37%
c p 52.26 1402 80 4 434 5001 5329 47% 31 301265 2265 37%
c d 52.64 1402 80 4 434 5001 5322 47% 31 301160 2264 37%
c # 54.71 1402 69 4 473 6008 6078 47% 29 301160 2264 37%
c - 55.98 1462 64 5 473 6603 2910 47% 28 301160 2264 37%
c } 56.33 1463 62 5 473 7003 3247 47% 28 301160 2264 37%
c [ 56.33 1463 30 5 473 7003 3247 51% 26 301160 2264 37%
c - 57.84 1340 35 6 475 9264 3495 50% 29 301160 2264 37%
c I 58.33 1340 36 6 475 10011 4024 50% 30 301160 2264 37%
c - 60.49 1342 36 7 477 12370 3956 49% 29 301160 2264 37%
c ] 62.38 1342 35 7 478 15004 5927 49% 28 301160 2264 37%
c { 62.38 1342 62 7 478 15004 5927 47% 28 301160 2264 37%
c 2 62.45 1342 62 7 478 15004 6646 47% 28 301158 2264 37%
c p 64.28 1342 62 7 478 15004 9029 47% 28 301158 2264 37%
c B 64.42 1342 62 7 478 15013 9037 47% 28 301158 2264 37%
c - 66.15 1342 57 8 494 15919 4723 47% 27 301158 2264 37%
c s 74.26 1342 56 8 780 18763 6935 48% 29 298691 2264 37%
c v 78.73 1342 56 8 780 18763 6935 48% 29 298678 2264 37%
c 
c  seconds    reductions   redundant   irredundant
c          MB     restarts        trail       variables
c            level    conflicts       glue         remaining
c 
c t 78.82 1342 56 8 780 18763 6928 48% 29 298667 2264 37%
c e 79.94 1343 56 8 780 18763 6254 48% 29 296222 984 16%
c s 80.05 1343 56 8 780 18763 6254 48% 29 295158 984 16%
c - 82.38 1343 53 9 780 19916 5043 68% 28 295158 984 16%
c W 83.23 1343 50 9 783 21014 5771 69% 27 295158 984 16%
c } 84.16 1343 50 9 822 21613 6236 69% 27 295158 984 16%
c 1 84.16 1343 50 9 822 21613 6236 69% 27 295158 984 16%
c 
c --- [ writing output ] -----------------------------------------------------
c 
c writing simplified CNF to DIMACS file 'simp/33.cubes6192.adj.simp1'
c * 84.16 1343 50 9 822 21613 6236 69% 27 295158 984 16%
c opening file to write 'simp/33.cubes6192.adj.simp1'
c writing 'p cnf 6160 295158' header
c closing file 'simp/33.cubes6192.adj.simp1'
c after writing 142253593 bytes 135.7 MB
c wrote 295158 clauses in 1.02 seconds process time
c 
c --- [ writing extension ] --------------------------------------------------
c 
c writing extension stack to 'simp/33.cubes6192.adj.ext1'
c opening file to write 'simp/33.cubes6192.adj.ext1'
c closing file 'simp/33.cubes6192.adj.ext1'
c after writing 83802 bytes 0.1 MB
c wrote 3730 witnesses in 0.00 seconds process time
c 
c --- [ result ] -------------------------------------------------------------
c 
s SATISFIABLE
c 
c --- [ run-time profiling ] -------------------------------------------------
c 
c process time taken by individual solving procedures
c (percentage relative to process time for solving)
c 
c        50.33   76.99% search
c        40.52   61.98% unstable
c        18.79   28.74% parse
c        15.04   23.01% simplify
c         8.33   12.74% stable
c         7.17   10.98% probe
c         4.53    6.92% vivify
c         2.12    3.25% elim
c         1.20    1.84% lucky
c         0.28    0.44% walk
c         0.22    0.34% subsume
c         0.09    0.14% ternary
c   =================================
c        65.37   76.74% solve
c 
c last line shows process time for solving
c (percentage relative to total process time)
c 
c --- [ statistics ] ---------------------------------------------------------
c 
c chronological:              4923        22.78 %  of conflicts
c conflicts:                 21613       330.62    per second
c decisions:                 98732      1510.34    per second
c eliminated:                 1280        20.78 %  of all variables
c fixed:                       747        12.13 %  of all variables
c learned:                   21021        97.26 %  per conflict
c learned_lits:            3673462       100.00 %  learned literals
c minimized:                     0         0.00 %  learned literals
c shrunken:                2039180        55.51 %  learned literals
c minishrunken:             346977         9.45 %  learned literals
c propagations:            3345143         0.05 M  per second
c reduced:                    9105        42.13 %  per conflict
c rephased:                      6      3602.17    interval
c restarts:                    822        26.29    interval
c stabilizing:                   2        46.28 %  of conflicts
c substituted:                   5         0.08 %  of all variables
c subsumed:                   8570         0.26 %  of all clauses
c strengthened:               6174         0.18 %  of all clauses
c ternary:                    1413         0.45 %  of resolved
c vivified:                     25         0.00 %  of all clauses
c walked:                        1     21613.00    interval
c weakened:                   2983         3.04    average size
c 
c seconds are measured in process time for solving
c 
c --- [ resources ] ----------------------------------------------------------
c 
c total process time since initialization:        85.18    seconds
c total real time since initialization:           85.25    seconds
c maximum resident set size of process:         1670.23    MB
c 
c --- [ shutting down ] ------------------------------------------------------
c 
c exit 10
WARNING! DIMACS header mismatch: wrong number of variables.
============================[ Problem Statistics ]=============================
|                                                                             |
|  Number of variables:          3744                                         |
|  Number of clauses:          295160                                         |
|  Parse time:                   1.81 s                                       |
|  Simplification time:          0.03 s                                       |
|                                                                             |
============================[ Search Statistics ]====================================================
| Conflicts |          ORIGINAL         |          LEARNT          | Num Sols |      SUBGRAPHS      |
|           |    Vars  Clauses Literals |    Limit  Clauses Lit/Cl |          | Canonical Noncanon. |
=====================================================================================================
|       100 |    3654   295160 30794752 |     2000      100    168 |        0 |        11         0 |
|       267 |    3654   295177 30795441 |     2000      267    145 |        0 |        30        17 |
|      1209 |    3654   295894 30811113 |     2000     1209     55 |        0 |       200       734 |
|      1618 |    3654   295966 30812693 |     2000     1618     65 |        0 |       214       806 |
|      2168 |    3654   296010 30813729 |     3602     1170     38 |        0 |       236       850 |
|      2940 |    3654   296023 30814464 |     3602     1942     69 |        0 |       242       863 |
|      4888 |    3654   296832 30828327 |     5002     2090     15 |        0 |       531      1672 |
|     26360 |    3654   316596 31227929 |     9996     9756     17 |        0 |      4956     21436 |
|     58873 |    3654   346547 31871685 |    16009    11282     15 |        0 |     12605     51387 |
|    109666 |    3654   393496 32809102 |    22015    16081     15 |        0 |     19489     98336 |
|    195415 |    3654   473479 34404499 |    29214    26829     16 |        0 |     32829    178319 |
|    321565 |    3654   590980 36821590 |    38810    19375     13 |        0 |     48578    295820 |
|    394119 |    3654   650560 37946616 |    42410    31929     39 |        0 |     56177    355400 |
|    445520 |    3654   682500 38646330 |    44818    40338     51 |        0 |     61700    387340 |
|    648391 |    3654   856179 42144554 |    54414    47205     15 |        0 |     86918    561019 |
|    798512 |    3654   962511 44025147 |    60413    55325     60 |        0 |     99621    667351 |
|    867190 |    3654   965505 44085237 |    64013    31603     15 |        0 |    100068    670345 |
|   1361597 |    3654  1361386 50929796 |    79611    63208     13 |        0 |    126011   1066226 |
|   1563690 |    3654  1415690 51830948 |    85624    60314     50 |        0 |    131946   1120530 |
|   1812941 |    3654  1443258 52367204 |    91636    89577     70 |        0 |    134650   1148098 |
|   2146672 |    3654  1444464 52396549 |   100029    90101     66 |        0 |    135522   1149304 |
|   2701210 |    3654  1500214 53749621 |   113209    61619     26 |        0 |    140421   1205054 |
|   3457560 |    3654  1508382 53920534 |   127621    99181     56 |        0 |    142651   1213222 |
|   6701458 |    3654  3630006 88733051 |   178019   146877     13 |        0 |    254147   3334846 |
=====================================================================================================
Number of solutions   : 0
Canonical subgraphs   : 299819         (18 /sec)
          order  3    : 1              (200000 /sec)
          order  4    : 1              (500000 /sec)
          order  5    : 1              (250000 /sec)
          order  6    : 1              (55556 /sec)
          order  7    : 1              (8850 /sec)
          order  8    : 2              (1361 /sec)
          order  9    : 7              (355 /sec)
          order 10    : 30             (110 /sec)
          order 11    : 185            (41 /sec)
          order 12    : 1248           (24 /sec)
          order 13    : 5318           (21 /sec)
          order 14    : 36224          (23 /sec)
          order 15    : 242130         (18 /sec)
          order 16    : 14449          (10 /sec)
          order 17    : 211            (5 /sec)
          order 18    : 6              (4 /sec)
          order 19    : 3              (3 /sec)
          order 20    : 1              (3 /sec)
          order 21    : 0              (-nan /sec)
          order 22    : 0              (-nan /sec)
Noncanonical subgraphs: 4235551        (114 /sec)
          order  3    : 0              (-nan /sec)
          order  4    : 0              (-nan /sec)
          order  5    : 0              (-nan /sec)
          order  6    : 0              (-nan /sec)
          order  7    : 0              (-nan /sec)
          order  8    : 0              (-nan /sec)
          order  9    : 0              (-nan /sec)
          order 10    : 0              (-nan /sec)
          order 11    : 0              (-nan /sec)
          order 12    : 0              (-nan /sec)
          order 13    : 30522          (2766 /sec)
          order 14    : 162183         (884 /sec)
          order 15    : 217807         (1128 /sec)
          order 16    : 3800489        (105 /sec)
          order 17    : 24499          (83 /sec)
          order 18    : 49             (123 /sec)
          order 19    : 2              (41 /sec)
          order 20    : 0              (-nan /sec)
          order 21    : 0              (-nan /sec)
Canonicity checking   : 16487.9 s
Noncanonicity checking: 37006.8 s
Total canonicity time : 53494.7 s
database reductions   : 165
restarts              : 13820
conflicts             : 8513851        (151 /sec)
decisions             : 14262590       (0.00 % random) (253 /sec)
propagations          : 387823273      (6886 /sec)
conflict literals     : 564345964      (58.13 % deleted)
actual reward         : 0.189299
Memory used           : 1347.00 MB
CPU time              : 56324.2 s

UNSATISFIABLE
