c --- [ banner ] -------------------------------------------------------------
c 
c CaDiCaL Radically Simplified CDCL SAT Solver
c Copyright (c) 2016-2021 A. Biere, M. Fleury, N. Froleyks
c 
c Version 1.5.2 a5f15211db36c3956764e18194dd5bd63bf3b5e6
c g++ (GCC) 9.3.0 -Wall -Wextra -O3 -DNDEBUG
c Fri Oct 21 01:27:37 EDT 2022 Linux gra-login3 3.10.0-1160.66.1.el7.x86_64 x86_64
c 
c --- [ limit ] --------------------------------------------------------------
c 
c setting conflict limit to 200000 conflicts (due to '200000')
c 
c --- [ parsing input ] ------------------------------------------------------
c 
c reading DIMACS file from '33.cubes6384.adj'
c opening file to read '33.cubes6384.adj'
c found 'p cnf 6160 1595472' header
c parsed 1595472 clauses in 20.32 seconds process time
c closing file '33.cubes6384.adj'
c after reading 1457566755 bytes 1390.0 MB
c 
c --- [ options ] ------------------------------------------------------------
c 
c all options are set to their default value
c 
c --- [ solving ] ------------------------------------------------------------
c 
c time measured in process time since initialization
c 
c  seconds    reductions  redundant   irredundant
c          MB     restarts       trail       variables
c            level   conflicts       glue         remaining
c 
c * 20.32 1376  0 0   0    0    0  0% 0 1595422 2415 39%
c { 21.25 1414  0 0   0    0    0  0% 0 1595422 2415 39%
c i 25.51 1499 312 0  15   99   87 31% 21 1595422 2414 39%
c i 26.57 1504 222 0  28  155  137 31% 25 1595422 2401 39%
c i 26.58 1504 221 0  29  156  137 31% 25 1595422 2400 39%
c i 26.72 1505 212 0  31  164  139 30% 25 1595422 2399 39%
c i 27.57 1506 133 0  50  303  244 30% 26 1595422 2398 39%
c - 31.25 1431 133 1  50  303  244 30% 26 305527 2398 39%
c i 31.72 1400 121 1  50  363  279 30% 26 305527 2397 39%
c i 31.73 1400 121 1  50  364  279 30% 26 305527 2396 39%
c i 31.94 1400 104 1  52  472  369 30% 27 305527 2395 39%
c i 32.07 1400 89 1  55  581  439 30% 25 305527 2394 39%
c i 32.15 1400 82 1  55  641  485 30% 25 305527 2393 39%
c i 32.15 1400 82 1  55  648  489 30% 25 305527 2392 39%
c i 32.21 1400 81 1  55  655  491 30% 25 305527 2391 39%
c i 32.70 1400 74 1  55  745  562 30% 23 305527 2384 39%
c i 32.93 1400 75 1  55  772  587 30% 23 305527 2383 39%
c i 32.98 1400 75 1  56  780  594 30% 23 305527 2382 39%
c i 33.13 1400 75 1  57  793  602 30% 24 305527 2378 39%
c i 33.86 1400 75 1  70  841  648 30% 25 305527 2377 39%
c 
c  seconds    reductions  redundant   irredundant
c          MB     restarts       trail       variables
c            level   conflicts       glue         remaining
c 
c i 33.89 1400 74 1  71  842  648 30% 24 305527 2376 39%
c i 34.02 1400 74 1  73  854  658 30% 25 305527 2375 39%
c i 34.33 1401 74 1  80  879  681 30% 25 305527 2374 39%
c i 34.74 1401 76 1  85  910  702 30% 26 305527 2373 39%
c i 35.64 1401 76 1  98  955  743 30% 27 305527 2372 39%
c i 35.69 1401 76 1  99  959  746 30% 27 305527 2371 38%
c i 35.72 1402 76 1 100  964  748 30% 27 305527 2370 38%
c i 35.83 1402 76 1 104  977  759 30% 27 305527 2369 38%
c i 35.84 1402 76 1 104  979  760 30% 27 305527 2368 38%
c i 35.92 1402 75 1 107  991  769 30% 27 305527 2367 38%
c } 36.03 1402 75 1 110 1001  776 30% 27 305527 2367 38%
c [ 36.03 1402  0 1 110 1001  776  0% 0 305527 2367 38%
c O 36.03 1402  0 1 110 1002  776 11% 0 305527 2367 38%
c i 36.03 1402  0 1 110 1002  776 11% 0 305527 2333 38%
c i 36.03 1402  1 1 110 1003  776 11% 0 305527 2317 38%
c - 37.13 1501 21 2 110 1194  806 32% 16 304496 2317 38%
c i 37.29 1501 20 2 110 1246  831 32% 15 304496 2316 38%
c i 37.38 1501 17 2 110 1480  946 32% 14 304496 2315 38%
c i 37.44 1501 17 2 110 1669 1042 32% 15 304496 2314 38%
c i 37.48 1501 17 2 110 1759 1077 32% 14 304496 2313 38%
c 
c  seconds    reductions  redundant   irredundant
c          MB     restarts       trail       variables
c            level   conflicts       glue         remaining
c 
c i 37.59 1501 17 2 110 1862 1125 32% 14 304496 2312 38%
c i 37.63 1501 17 2 110 1936 1166 32% 14 304496 2311 38%
c - 38.26 1499 19 3 111 2529 1037 32% 16 304478 2311 38%
c i 38.55 1499 19 3 111 2589 1067 54% 16 304478 2310 38%
c ] 38.73 1499 20 3 111 3002 1324 54% 17 304478 2310 38%
c { 38.73 1499 75 3 111 3002 1324 79% 27 304478 2310 38%
c F 38.84 1499 75 3 112 3003 1325 79% 27 304478 2310 38%
c i 39.23 1499 70 3 112 3104 1386 76% 26 304478 2309 37%
c i 39.57 1499 61 3 112 3388 1591 70% 25 304478 2308 37%
c i 39.80 1499 58 3 113 3498 1663 69% 24 304478 2307 37%
c i 39.80 1499 58 3 113 3502 1666 69% 24 304478 2306 37%
c i 39.80 1499 58 3 113 3504 1667 69% 24 304478 2305 37%
c i 39.98 1499 58 3 115 3526 1686 68% 24 304478 2304 37%
c i 40.30 1499 53 3 115 3763 1842 66% 23 304478 2303 37%
c i 40.41 1499 51 3 115 3859 1906 65% 22 304478 2302 37%
c i 40.42 1499 51 3 115 3866 1911 65% 22 304478 2301 37%
c i 41.08 1499 47 3 118 4284 2234 62% 21 304478 2300 37%
c - 41.45 1496 46 4 118 4309 1732 62% 21 304445 2300 37%
c i 41.59 1496 46 4 118 4356 1747 62% 21 304445 2299 37%
c i 41.62 1496 46 4 118 4370 1759 61% 21 304445 2298 37%
c 
c  seconds    reductions  redundant   irredundant
c          MB     restarts       trail       variables
c            level   conflicts       glue         remaining
c 
c i 41.75 1496 45 4 118 4449 1809 61% 20 304445 2297 37%
c d 42.62 1496 41 4 118 5000 2179 59% 20 304416 2287 37%
c 2 42.70 1496 41 4 118 5000 3834 59% 20 304416 2276 37%
c p 47.22 1496 41 4 118 5000 7844 59% 20 304416 2193 36%
c d 47.80 1496 41 4 118 5000 7572 59% 20 291187 2190 36%
c # 49.35 1496 36 4 133 6004 8294 56% 19 291185 2189 36%
c - 50.06 1476 34 5 133 6535 2587 56% 18 291185 2189 36%
c } 50.43 1476 33 5 158 7002 2899 55% 18 291185 2189 36%
c [ 50.43 1476 20 5 158 7002 2899 54% 17 291185 2189 36%
c - 52.80 1356 27 6 159 9172 3036 52% 22 291185 2189 36%
c I 54.43 1356 27 6 160 10005 3555 52% 23 291185 2189 36%
c - 57.85 1357 29 7 162 12249 3567 51% 24 291185 2189 36%
c ] 60.47 1357 30 7 163 15002 5468 52% 25 291185 2189 36%
c { 60.47 1357 33 7 163 15002 5468 55% 18 291185 2189 36%
c p 63.81 1357 33 7 163 15002 10861 55% 18 291185 2189 36%
c B 64.07 1357 33 7 163 15008 10865 55% 18 291185 2189 36%
c - 65.50 1359 31 8 187 15763 4314 55% 18 291185 2189 36%
c } 73.84 1359 33 8 384 17751 5804 53% 19 291185 2189 36%
c 1 73.84 1359 33 8 384 17751 5804 53% 19 291185 2189 36%
c 
c --- [ writing output ] -----------------------------------------------------
c 
c writing simplified CNF to DIMACS file 'simp/33.cubes6384.adj.simp1'
c * 73.84 1359 33 8 384 17751 5804 53% 19 291185 2189 36%
c opening file to write 'simp/33.cubes6384.adj.simp1'
c writing 'p cnf 6160 291185' header
c closing file 'simp/33.cubes6384.adj.simp1'
c after writing 138797473 bytes 132.4 MB
c wrote 291185 clauses in 1.03 seconds process time
c 
c --- [ writing extension ] --------------------------------------------------
c 
c writing extension stack to 'simp/33.cubes6384.adj.ext1'
c opening file to write 'simp/33.cubes6384.adj.ext1'
c closing file 'simp/33.cubes6384.adj.ext1'
c after writing 12584 bytes 0.0 MB
c wrote 841 witnesses in 0.00 seconds process time
c 
c --- [ result ] -------------------------------------------------------------
c 
s SATISFIABLE
c 
c --- [ run-time profiling ] -------------------------------------------------
c 
c process time taken by individual solving procedures
c (percentage relative to process time for solving)
c 
c        44.32   82.81% search
c        30.65   57.27% unstable
c        20.32   37.96% parse
c        12.74   23.81% stable
c         9.20   17.19% simplify
c         7.78   14.53% probe
c         0.93    1.74% lucky
c         0.11    0.20% ternary
c   =================================
c        53.52   71.48% solve
c 
c last line shows process time for solving
c (percentage relative to total process time)
c 
c --- [ statistics ] ---------------------------------------------------------
c 
c chronological:              3678        20.72 %  of conflicts
c conflicts:                 17751       331.66    per second
c decisions:                 47473       886.98    per second
c fixed:                       813        13.20 %  of all variables
c learned:                   17293        97.42 %  per conflict
c learned_lits:            3170140       100.00 %  learned literals
c minimized:                     0         0.00 %  learned literals
c shrunken:                2143235        67.61 %  learned literals
c minishrunken:             199648         6.30 %  learned literals
c propagations:            2485432         0.05 M  per second
c reduced:                    6509        36.67 %  per conflict
c rephased:                      5      3550.20    interval
c restarts:                    384        46.23    interval
c stabilizing:                   2        56.34 %  of conflicts
c substituted:                  14         0.23 %  of all variables
c subsumed:                   5154         0.15 %  of all clauses
c ternary:                    3392         0.77 %  of resolved
c weakened:                     28         2.00    average size
c 
c seconds are measured in process time for solving
c 
c --- [ resources ] ----------------------------------------------------------
c 
c total process time since initialization:        74.87    seconds
c total real time since initialization:           75.09    seconds
c maximum resident set size of process:         1643.04    MB
c 
c --- [ shutting down ] ------------------------------------------------------
c 
c exit 10
WARNING! DIMACS header mismatch: wrong number of variables.
============================[ Problem Statistics ]=============================
|                                                                             |
|  Number of variables:          6120                                         |
|  Number of clauses:          291189                                         |
|  Parse time:                   1.88 s                                       |
|  Simplification time:          0.04 s                                       |
|                                                                             |
============================[ Search Statistics ]====================================================
| Conflicts |          ORIGINAL         |          LEARNT          | Num Sols |      SUBGRAPHS      |
|           |    Vars  Clauses Literals |    Limit  Clauses Lit/Cl |          | Canonical Noncanon. |
=====================================================================================================
|       107 |    6030   291196 30006930 |     2000      107     96 |        0 |        20         7 |
|       262 |    6030   291201 30007040 |     2000      262    109 |        0 |        30        12 |
|       594 |    6030   291308 30008551 |     2000      594     84 |        0 |        99       119 |
|      1370 |    6030   291747 30015526 |     2000     1370     60 |        0 |       199       558 |
|      1889 |    6030   291760 30015879 |     2000     1889     68 |        0 |       207       571 |
|      2677 |    6030   291789 30016315 |     3602     1679     47 |        0 |       219       600 |
|      3883 |    6030   291856 30017125 |     3602     2885     64 |        0 |       242       667 |
|      6231 |    6030   292496 30025255 |     5001     3432     53 |        0 |       488      1307 |
|      9366 |    6030   293069 30033231 |     6301     4067     47 |        0 |       688      1880 |
|     13491 |    6030   293350 30036421 |     7552     5043     51 |        0 |       787      2161 |
|     20203 |    6030   294296 30048590 |     8780     7983     54 |        0 |      1105      3107 |
|     29268 |    6030   294712 30053907 |    11197     7665     47 |        0 |      1255      3523 |
|     42335 |    6029   294805 30055817 |    13603     8938     52 |        0 |      1356      3616 |
=====================================================================================================
Number of solutions   : 0
Canonical subgraphs   : 1414           (27 /sec)
          order  3    : 1              (166667 /sec)
          order  4    : 1              (500000 /sec)
          order  5    : 1              (200000 /sec)
          order  6    : 1              (55556 /sec)
          order  7    : 1              (8772 /sec)
          order  8    : 2              (1342 /sec)
          order  9    : 6              (314 /sec)
          order 10    : 19             (76 /sec)
          order 11    : 80             (39 /sec)
          order 12    : 227            (38 /sec)
          order 13    : 78             (54 /sec)
          order 14    : 198            (40 /sec)
          order 15    : 257            (32 /sec)
          order 16    : 202            (22 /sec)
          order 17    : 102            (22 /sec)
          order 18    : 165            (15 /sec)
          order 19    : 66             (13 /sec)
          order 20    : 7              (11 /sec)
          order 21    : 0              (-nan /sec)
          order 22    : 0              (-nan /sec)
Noncanonical subgraphs: 3897           (224 /sec)
          order  3    : 0              (-nan /sec)
          order  4    : 0              (-nan /sec)
          order  5    : 0              (-nan /sec)
          order  6    : 0              (-nan /sec)
          order  7    : 0              (-nan /sec)
          order  8    : 0              (-nan /sec)
          order  9    : 0              (-nan /sec)
          order 10    : 0              (-nan /sec)
          order 11    : 0              (-nan /sec)
          order 12    : 0              (-nan /sec)
          order 13    : 695            (1846 /sec)
          order 14    : 587            (2568 /sec)
          order 15    : 287            (917 /sec)
          order 16    : 1931           (178 /sec)
          order 17    : 123            (230 /sec)
          order 18    : 162            (58 /sec)
          order 19    : 112            (49 /sec)
          order 20    : 0              (-nan /sec)
          order 21    : 0              (-nan /sec)
Canonicity checking   : 52.7388 s
Noncanonicity checking: 17.3709 s
Total canonicity time : 70.1097 s
database reductions   : 10
restarts              : 142
conflicts             : 47698          (531 /sec)
decisions             : 81506          (0.00 % random) (907 /sec)
propagations          : 4556577        (50686 /sec)
conflict literals     : 4346513        (54.98 % deleted)
actual reward         : 0.131643
Memory used           : 234.00 MB
CPU time              : 89.8981 s

UNSATISFIABLE
