c --- [ banner ] -------------------------------------------------------------
c 
c CaDiCaL Radically Simplified CDCL SAT Solver
c Copyright (c) 2016-2021 A. Biere, M. Fleury, N. Froleyks
c 
c Version 1.5.2 a5f15211db36c3956764e18194dd5bd63bf3b5e6
c g++ (GCC) 9.3.0 -Wall -Wextra -O3 -DNDEBUG
c Fri Oct 21 01:27:37 EDT 2022 Linux gra-login3 3.10.0-1160.66.1.el7.x86_64 x86_64
c 
c --- [ limit ] --------------------------------------------------------------
c 
c setting conflict limit to 200000 conflicts (due to '200000')
c 
c --- [ parsing input ] ------------------------------------------------------
c 
c reading DIMACS file from '33.cubes882.adj'
c opening file to read '33.cubes882.adj'
c found 'p cnf 6160 1595469' header
c parsed 1595469 clauses in 19.21 seconds process time
c closing file '33.cubes882.adj'
c after reading 1457566736 bytes 1390.0 MB
c 
c --- [ options ] ------------------------------------------------------------
c 
c all options are set to their default value
c 
c --- [ solving ] ------------------------------------------------------------
c 
c time measured in process time since initialization
c 
c  seconds    reductions  redundant   irredundant
c          MB     restarts       trail       variables
c            level   conflicts       glue         remaining
c 
c * 19.21 1375  0 0   0    0    0  0% 0 1595422 2338 38%
c { 21.27 1447  0 0   0    0    0  0% 0 1595422 2338 38%
c i 22.72 1472 852 0   0   32   27 36% 3 1595422 2337 38%
c i 23.99 1482 462 0   8   67   55 27% 31 1595422 2336 38%
c i 24.38 1487 435 0  10   78   63 28% 39 1595422 2335 38%
c i 24.87 1489 393 0  14   90   73 28% 42 1595422 2334 38%
c i 24.89 1490 390 0  15   91   73 28% 41 1595422 2333 38%
c i 25.32 1491 235 0  19  171  129 28% 39 1595422 2332 38%
c i 25.45 1492 167 0  19  254  197 29% 35 1595422 2331 38%
c i 25.47 1492 163 0  19  262  204 29% 35 1595422 2330 38%
c i 25.49 1492 161 0  19  266  207 29% 35 1595422 2329 38%
c i 25.52 1492 156 0  19  279  217 29% 35 1595422 2328 38%
c i 25.54 1492 154 0  19  287  222 29% 34 1595422 2327 38%
c i 25.56 1492 148 0  19  301  232 29% 34 1595422 2326 38%
c - 29.26 1403 148 1  19  301  232 29% 34 192490 2326 38%
c i 29.65 1404 146 1  19  332  259 29% 33 192490 2325 38%
c i 29.88 1404 133 1  23  394  310 29% 34 192490 2324 38%
c i 29.89 1404 133 1  23  395  310 29% 34 192490 2323 38%
c i 29.91 1404 132 1  23  398  312 29% 34 192490 2322 38%
c i 29.94 1404 132 1  23  399  312 29% 34 192490 2321 38%
c 
c  seconds     reductions  redundant   irredundant
c          MB      restarts       trail       variables
c             level   conflicts       glue         remaining
c 
c i 30.05 1404 130 1  24  429  339 29% 35 192490 2320 38%
c i 30.10 1404 127 1  26  441  349 29% 35 192490 2319 38%
c i 30.16 1404 124 1  26  457  363 29% 35 192490 2318 38%
c i 30.23 1404 122 1  26  474  378 29% 35 192490 2317 38%
c i 30.24 1404 122 1  26  477  379 29% 35 192490 2316 38%
c i 30.27 1404 121 1  26  480  381 29% 34 192490 2315 38%
c i 30.29 1404 121 1  26  481  381 29% 34 192490 2314 38%
c i 30.30 1404 121 1  26  483  382 29% 34 192490 2313 38%
c i 30.33 1404 120 1  26  491  389 29% 34 192490 2312 38%
c i 30.45 1404 118 1  26  506  402 29% 34 192490 2304 37%
c i 30.50 1404 116 1  26  514  408 29% 34 192490 2303 37%
c i 30.53 1404 115 1  26  524  416 29% 33 192490 2302 37%
c i 30.58 1404 108 1  26  572  463 29% 33 192490 2301 37%
c i 30.59 1404 107 1  26  575  465 29% 33 192490 2300 37%
c i 30.66 1404 105 1  26  592  479 29% 32 192490 2299 37%
c i 30.94 1404 91 1  26  763  614 29% 31 192490 2298 37%
c i 31.14 1404 87 1  26  806  646 29% 30 192490 2297 37%
c i 31.20 1404 86 1  26  817  654 29% 30 192490 2296 37%
c i 31.29 1404 86 1  26  827  661 29% 30 192490 2295 37%
c i 31.30 1404 86 1  26  828  661 29% 30 192490 2294 37%
c 
c  seconds    reductions  redundant   irredundant
c          MB     restarts       trail       variables
c            level   conflicts       glue         remaining
c 
c i 31.35 1404 85 1  26  845  674 29% 30 192490 2293 37%
c i 31.37 1404 84 1  26  851  678 29% 30 192490 2292 37%
c i 31.40 1404 84 1  26  862  688 29% 30 192490 2291 37%
c i 31.44 1404 83 1  26  868  693 29% 30 192490 2290 37%
c i 31.55 1404 81 1  26  907  723 29% 29 192490 2289 37%
c i 31.55 1404 81 1  26  908  723 29% 29 192490 2288 37%
c i 31.64 1404 79 1  26  954  764 29% 29 192490 2287 37%
c } 31.67 1404 77 1  26 1000  798 29% 29 192490 2287 37%
c [ 31.68 1404  0 1  26 1000  798  0% 0 192490 2287 37%
c O 31.68 1404 18 1  26 1002  799 19% 14 192490 2286 37%
c i 31.68 1404 18 1  26 1002  799 19% 14 192490 2277 37%
c i 31.82 1404  8 1  26 1034  814 18% 5 192490 2276 37%
c i 31.84 1404 10 1  26 1043  822 21% 7 192490 2275 37%
c i 31.90 1404 21 1  26 1071  849 26% 16 192490 2274 37%
c - 32.24 1477 21 2  26 1071  715 26% 16 192042 2274 37%
c i 32.26 1477 21 2  26 1072  715 26% 16 192042 2273 37%
c i 32.34 1477 34 2  26 1160  784 29% 29 192042 2272 37%
c i 32.35 1477 34 2  26 1173  793 29% 29 192042 2271 37%
c i 32.36 1477 34 2  26 1174  793 29% 29 192042 2270 37%
c i 32.37 1477 34 2  26 1187  802 30% 28 192042 2269 37%
c 
c  seconds    reductions  redundant   irredundant
c          MB     restarts       trail       variables
c            level   conflicts       glue         remaining
c 
c i 32.40 1477 34 2  26 1217  822 30% 29 192042 2268 37%
c i 32.41 1477 34 2  26 1224  826 30% 29 192042 2267 37%
c i 32.41 1477 33 2  26 1226  827 30% 28 192042 2266 37%
c i 32.42 1477 33 2  26 1246  844 30% 28 192042 2265 37%
c i 32.47 1477 32 2  26 1345  915 30% 28 192042 2264 37%
c i 32.49 1477 31 2  26 1413  961 30% 27 192042 2263 37%
c i 32.49 1477 31 2  26 1414  961 30% 27 192042 2262 37%
c i 32.51 1477 32 2  26 1457  996 30% 28 192042 2261 37%
c i 32.52 1477 31 2  26 1489 1019 30% 27 192042 2260 37%
c i 32.56 1477 32 2  26 1636 1133 30% 28 192042 2259 37%
c i 32.58 1477 31 2  26 1669 1160 30% 27 192042 2258 37%
c i 32.58 1477 31 2  26 1681 1169 30% 27 192042 2257 37%
c i 32.63 1477 30 2  26 1765 1229 30% 27 192042 2256 37%
c i 32.64 1477 30 2  26 1775 1234 30% 26 192042 2255 37%
c i 32.68 1477 29 2  26 1932 1350 31% 26 192042 2254 37%
c - 33.01 1475 28 3  27 2226 1175 31% 25 191982 2254 37%
c i 33.26 1474 27 3  27 2384 1273 52% 24 191982 2253 37%
c i 33.30 1474 27 3  27 2508 1366 52% 24 191982 2252 37%
c i 33.31 1474 27 3  27 2543 1393 53% 23 191982 2251 37%
c i 33.32 1474 27 3  27 2573 1410 53% 23 191982 2250 37%
c 
c  seconds    reductions  redundant   irredundant
c          MB     restarts       trail       variables
c            level   conflicts       glue         remaining
c 
c i 33.37 1474 26 3  27 2696 1487 53% 23 191982 2249 37%
c ] 33.45 1474 25 3  27 3001 1716 53% 22 191982 2249 37%
c { 33.45 1474 77 3  27 3001 1716 79% 29 191982 2249 37%
c F 33.46 1474 77 3  27 3004 1719 79% 29 191982 2249 37%
c i 33.63 1474 75 3  28 3074 1783 76% 29 191982 2248 36%
c i 33.68 1474 75 3  29 3108 1813 75% 29 191982 2247 36%
c i 33.71 1474 73 3  29 3135 1830 75% 29 191982 2246 36%
c i 33.73 1474 72 3  29 3156 1847 74% 28 191982 2245 36%
c i 33.90 1474 57 3  29 3616 2187 67% 25 191982 2244 36%
c i 33.91 1474 56 3  29 3694 2245 66% 25 191982 2243 36%
c i 33.93 1474 55 3  29 3721 2269 66% 25 191982 2242 36%
c - 34.12 1473 55 4  29 3765 1591 65% 24 191946 2242 36%
c i 34.19 1473 53 4  29 3826 1636 65% 24 191946 2241 36%
c i 34.21 1473 53 4  29 3840 1648 65% 24 191946 2240 36%
c i 34.30 1473 49 4  32 4100 1843 63% 23 191946 2239 36%
c i 34.50 1473 42 4  32 4882 2422 59% 22 191946 2238 36%
c i 34.68 1473 42 4  48 4982 2512 59% 22 191946 2237 36%
c i 34.68 1473 42 4  49 4985 2514 59% 22 191946 2236 36%
c 2 35.07 1473 43 4  53 5000 3459 59% 23 191875 2225 36%
c p 36.69 1473 43 4  53 5000 5920 59% 23 191875 2181 35%
c 
c  seconds    reductions  redundant   irredundant
c          MB     restarts       trail       variables
c            level   conflicts       glue         remaining
c 
c d 36.96 1473 43 4  53 5000 5911 59% 23 191746 2180 35%
c - 37.98 1404 41 5  92 5691 2110 57% 22 191746 2180 35%
c # 38.08 1404 39 5  92 6006 2357 56% 22 191746 2180 35%
c } 38.46 1404 36 5 112 7003 3078 55% 22 191746 2180 35%
c [ 38.46 1404 25 5 112 7003 3078 53% 22 191746 2180 35%
c - 38.93 1404 25 6 113 7999 2503 51% 21 191746 2180 35%
c I 39.81 1404 26 6 114 10007 3797 50% 22 191746 2180 35%
c - 41.37 1406 26 7 115 10692 2835 49% 22 191746 2180 35%
c - 44.85 1406 27 8 117 13772 3141 48% 23 191746 2180 35%
c ] 45.89 1406 27 8 117 15004 3956 48% 23 191746 2180 35%
c { 45.89 1406 36 8 117 15004 3956 55% 22 191746 2180 35%
c 2 45.94 1406 36 8 117 15004 4899 55% 22 191746 2180 35%
c p 46.99 1406 36 8 117 15004 7447 55% 22 191746 2180 35%
c B 47.12 1406 36 8 117 15008 7451 55% 22 191746 2180 35%
c - 51.26 1406 37 9 326 17237 4130 52% 22 191746 2180 35%
c s 52.84 1406 34 9 361 18829 4963 52% 21 189631 2180 35%
c v 56.02 1406 34 9 361 18829 4963 52% 21 189618 2180 35%
c t 56.08 1406 34 9 361 18829 4949 52% 21 189612 2180 35%
c e 56.65 1408 34 9 361 18829 4791 52% 21 187073 889 14%
c s 56.74 1408 34 9 361 18829 4791 52% 21 186550 889 14%
c 
c  seconds    reductions   redundant   irredundant
c          MB     restarts        trail       variables
c            level    conflicts       glue        remaining
c 
c W 59.70 1409 33 9 478 21010 6495 67% 21 186550 889 14%
c - 59.80 1409 33 10 481 21085 4586 66% 21 186550 889 14%
c - 65.15 1409 32 11 797 25279 5267 67% 21 186550 889 14%
c F 66.62 1409 30 11 816 28014 6945 67% 20 186550 889 14%
c - 70.50 1409 30 12 998 29854 5466 67% 20 186550 889 14%
c 2 71.03 1409 31 12 1020 30004 6194 67% 20 186549 889 14%
c p 72.69 1409 31 12 1020 30004 7713 67% 20 186549 888 14%
c } 74.52 1409 31 12 1119 31005 8422 66% 20 186549 888 14%
c [ 74.52 1409 27 12 1119 31005 8422 122% 23 186549 888 14%
c - 76.47 1409 30 13 1121 34814 6318 105% 25 186546 888 14%
c B 77.13 1409 30 13 1122 36016 7154 101% 26 186546 888 14%
c - 78.46 1409 33 14 1125 40152 7062 93% 28 186546 888 14%
c W 81.06 1409 34 14 1126 45018 10777 86% 29 186546 888 14%
c - 81.47 1409 34 15 1126 45871 7687 86% 29 186546 888 14%
c s 82.79 1409 34 15 1127 49684 10114 83% 29 186078 888 14%
c v 85.98 1409 34 15 1127 49684 10114 83% 29 186061 888 14%
c t 86.06 1409 34 15 1127 49684 10112 83% 29 186061 888 14%
c e 86.65 1409 34 15 1127 49684 10108 83% 29 186057 884 14%
c s 86.79 1409 34 15 1127 49684 10108 83% 29 185519 884 14%
c p 88.69 1409 34 15 1127 50006 12458 83% 29 185519 884 14%
c 
c  seconds    reductions      redundant   irredundant
c          MB      restarts          trail       variables
c            level      conflicts        glue        remaining
c 
c ] 88.75 1409 34 15 1127 50008 12460 83% 29 185519 884 14%
c 1 88.75 1409 34 15 1127 50008 12460 83% 29 185519 884 14%
c 
c --- [ writing output ] -----------------------------------------------------
c 
c writing simplified CNF to DIMACS file 'simp/33.cubes882.adj.simp1'
c * 88.75 1409 34 15 1127 50008 12460 83% 29 185519 884 14%
c opening file to write 'simp/33.cubes882.adj.simp1'
c writing 'p cnf 6160 185519' header
c closing file 'simp/33.cubes882.adj.simp1'
c after writing 72391626 bytes 69.0 MB
c wrote 185519 clauses in 0.51 seconds process time
c 
c --- [ writing extension ] --------------------------------------------------
c 
c writing extension stack to 'simp/33.cubes882.adj.ext1'
c opening file to write 'simp/33.cubes882.adj.ext1'
c closing file 'simp/33.cubes882.adj.ext1'
c after writing 85506 bytes 0.1 MB
c wrote 3855 witnesses in 0.00 seconds process time
c 
c --- [ result ] -------------------------------------------------------------
c 
s SATISFIABLE
c 
c --- [ run-time profiling ] -------------------------------------------------
c 
c process time taken by individual solving procedures
c (percentage relative to process time for solving)
c 
c        54.34   78.14% search
c        34.44   49.52% unstable
c        19.21   27.62% parse
c        17.04   24.51% stable
c        15.20   21.86% simplify
c         6.45    9.28% vivify
c         5.27    7.57% probe
c         2.23    3.21% elim
c         2.06    2.96% lucky
c         0.80    1.15% walk
c         0.45    0.65% subsume
c         0.12    0.17% ternary
c   =================================
c        69.54   77.90% solve
c 
c last line shows process time for solving
c (percentage relative to total process time)
c 
c --- [ statistics ] ---------------------------------------------------------
c 
c chronological:              8228        16.45 %  of conflicts
c conflicts:                 50008       719.13    per second
c decisions:                120916      1738.80    per second
c eliminated:                 1295        21.02 %  of all variables
c fixed:                       825        13.39 %  of all variables
c learned:                   48920        97.82 %  per conflict
c learned_lits:            8911366       100.00 %  learned literals
c minimized:                     0         0.00 %  learned literals
c shrunken:                5437687        61.02 %  learned literals
c minishrunken:             673149         7.55 %  learned literals
c propagations:            4793667         0.07 M  per second
c reduced:                   24830        49.65 %  per conflict
c rephased:                      9      5556.44    interval
c restarts:                   1127        44.37    interval
c stabilizing:                   3        58.00 %  of conflicts
c substituted:                  12         0.19 %  of all variables
c subsumed:                  17236         0.50 %  of all clauses
c strengthened:               6764         0.20 %  of all clauses
c ternary:                    3005         0.60 %  of resolved
c vivified:                     44         0.00 %  of all clauses
c walked:                        2     25004.00    interval
c weakened:                   3030         2.98    average size
c 
c seconds are measured in process time for solving
c 
c --- [ resources ] ----------------------------------------------------------
c 
c total process time since initialization:        89.26    seconds
c total real time since initialization:           89.36    seconds
c maximum resident set size of process:         1547.91    MB
c 
c --- [ shutting down ] ------------------------------------------------------
c 
c exit 10
WARNING! DIMACS header mismatch: wrong number of variables.
============================[ Problem Statistics ]=============================
|                                                                             |
|  Number of variables:          3251                                         |
|  Number of clauses:          185519                                         |
|  Parse time:                   0.91 s                                       |
|  Simplification time:          0.02 s                                       |
|                                                                             |
============================[ Search Statistics ]====================================================
| Conflicts |          ORIGINAL         |          LEARNT          | Num Sols |      SUBGRAPHS      |
|           |    Vars  Clauses Literals |    Limit  Clauses Lit/Cl |          | Canonical Noncanon. |
=====================================================================================================
|       108 |    3151   185527 15852179 |     2000      108     85 |        0 |        25         8 |
|       258 |    3151   185527 15852179 |     2000      258    112 |        0 |        30         8 |
|       484 |    3151   185528 15852193 |     2000      484    114 |        0 |        44         9 |
|       824 |    3151   185531 15852237 |     2000      824    113 |        0 |        50        12 |
|      1351 |    3151   185552 15852555 |     2000     1351    113 |        0 |        58        33 |
|      2129 |    3151   185571 15852821 |     3600     1129     89 |        0 |        71        52 |
|      3281 |    3151   185584 15853262 |     3600     2281    101 |        0 |        76        65 |
|      5516 |    3151   186111 15865551 |     5003     2719     77 |        0 |       231       592 |
|      8142 |    3151   186175 15867003 |     6308     2850     68 |        0 |       258       656 |
|     12039 |    3151   186228 15868395 |     7557     3596     58 |        0 |       317       709 |
|     18019 |    3151   186442 15872902 |     8780     5799     69 |        0 |       417       923 |
|     27605 |    3151   187379 15891485 |    11202     6007     48 |        0 |       675      1860 |
|     41235 |    3151   188035 15903520 |    13607     7842     54 |        0 |       902      2516 |
|     61313 |    3151   188652 15917736 |    16008    13721     76 |        0 |      1199      3133 |
|     90868 |    3151   189015 15925754 |    19611    17479     79 |        0 |      1348      3496 |
|    143052 |    3151   197410 16083899 |    25614    14666     53 |        0 |      2975     11891 |
|    209023 |    3151   197697 16091983 |    30414    25837     75 |        0 |      3094     12178 |
|    313948 |    3151   204096 16211051 |    37604    30552     71 |        0 |      4106     18577 |
|    490048 |    3151   232407 16637458 |    47217    39465     73 |        0 |      7115     46888 |
|    745345 |    3151   266021 17177149 |    59215    31760     49 |        0 |      9836     80502 |
|   1093234 |    3151   281385 17412192 |    71224    56658     72 |        0 |     13374     95866 |
|   1618032 |    3151   307395 17829251 |    86816    71848     69 |        0 |     17146    121876 |
|   2460340 |    3151   401521 19362507 |   107224    94764     76 |        0 |     27360    216002 |
|   3760967 |    3151   579874 22433121 |   133622    77589     51 |        0 |     43545    394355 |
|   5723467 |    3151   858963 26525004 |   164809   108276     55 |        0 |     85472    673444 |
|   8762810 |    3138   978722 28626259 |   204423   111633     43 |        1 |    114635   1187670 |
=====================================================================================================
Number of solutions   : 1
Canonical subgraphs   : 181228         (18 /sec)
          order  3    : 1              (inf /sec)
          order  4    : 1              (inf /sec)
          order  5    : 1              (inf /sec)
          order  6    : 1              (inf /sec)
          order  7    : 1              (inf /sec)
          order  8    : 2              (1357 /sec)
          order  9    : 6              (306 /sec)
          order 10    : 28             (103 /sec)
          order 11    : 109            (32 /sec)
          order 12    : 625            (14 /sec)
          order 13    : 4774           (13 /sec)
          order 14    : 80510          (18 /sec)
          order 15    : 66219          (19 /sec)
          order 16    : 18045          (20 /sec)
          order 17    : 6997           (15 /sec)
          order 18    : 1211           (17 /sec)
          order 19    : 1028           (17 /sec)
          order 20    : 705            (18 /sec)
          order 21    : 963            (18 /sec)
          order 22    : 1              (1 /sec)
Noncanonical subgraphs: 2476167        (151 /sec)
          order  3    : 0              (-nan /sec)
          order  4    : 0              (-nan /sec)
          order  5    : 0              (-nan /sec)
          order  6    : 0              (-nan /sec)
          order  7    : 0              (-nan /sec)
          order  8    : 0              (-nan /sec)
          order  9    : 0              (-nan /sec)
          order 10    : 0              (-nan /sec)
          order 11    : 0              (-nan /sec)
          order 12    : 0              (-nan /sec)
          order 13    : 10808          (7439 /sec)
          order 14    : 166630         (1011 /sec)
          order 15    : 2279271        (141 /sec)
          order 16    : 16908          (195 /sec)
          order 17    : 1480           (65 /sec)
          order 18    : 1              (20 /sec)
          order 19    : 3              (96 /sec)
          order 20    : 1              (29 /sec)
          order 21    : 2              (310 /sec)
Canonicity checking   : 9987.27 s
Noncanonicity checking: 16445.9 s
Total canonicity time : 26433.1 s
database reductions   : 211
restarts              : 20478
conflicts             : 13760516       (421 /sec)
decisions             : 18380885       (0.00 % random) (563 /sec)
propagations          : 608079765      (18623 /sec)
conflict literals     : 1304199988     (53.54 % deleted)
actual reward         : 0.241061
Memory used           : 710.00 MB
CPU time              : 32651.9 s

UNSATISFIABLE
