c --- [ banner ] -------------------------------------------------------------
c 
c CaDiCaL Radically Simplified CDCL SAT Solver
c Copyright (c) 2016-2021 A. Biere, M. Fleury, N. Froleyks
c 
c Version 1.5.2 a5f15211db36c3956764e18194dd5bd63bf3b5e6
c g++ (GCC) 9.3.0 -Wall -Wextra -O3 -DNDEBUG
c Fri Oct 21 01:27:37 EDT 2022 Linux gra-login3 3.10.0-1160.66.1.el7.x86_64 x86_64
c 
c --- [ limit ] --------------------------------------------------------------
c 
c setting conflict limit to 200000 conflicts (due to '200000')
c 
c --- [ parsing input ] ------------------------------------------------------
c 
c reading DIMACS file from '33.cubes4132.adj'
c opening file to read '33.cubes4132.adj'
c found 'p cnf 6160 1595472' header
c parsed 1595472 clauses in 19.31 seconds process time
c closing file '33.cubes4132.adj'
c after reading 1457566754 bytes 1390.0 MB
c 
c --- [ options ] ------------------------------------------------------------
c 
c all options are set to their default value
c 
c --- [ solving ] ------------------------------------------------------------
c 
c time measured in process time since initialization
c 
c  seconds    reductions  redundant   irredundant
c          MB     restarts       trail       variables
c            level   conflicts       glue         remaining
c 
c * 19.31 1382  0 0   0    0    0  0% 0 1595422 2373 39%
c { 20.03 1414  0 0   0    0    0  0% 0 1595422 2373 39%
c i 21.09 1469 650 0   0   10    9 28% 2 1595422 2372 39%
c i 21.35 1476 972 0   0   22   20 37% 3 1595422 2338 38%
c i 21.87 1486 959 0   1   38   34 38% 4 1595422 2330 38%
c i 22.04 1487 934 0   2   39   34 37% 4 1595422 2329 38%
c i 22.66 1496 730 0   4   51   44 34% 6 1595422 2328 38%
c i 22.99 1505 638 0   5   64   50 32% 10 1595422 2310 38%
c i 24.19 1514 431 0  13   97   75 31% 15 1595422 2300 37%
c i 24.19 1514 426 0  13   98   75 31% 15 1595422 2299 37%
c i 26.36 1524 306 0  30  168  131 30% 32 1595422 2266 37%
c i 27.18 1527 267 0  38  204  160 29% 30 1595422 2258 37%
c i 27.21 1527 263 0  38  207  162 29% 30 1595422 2257 37%
c i 27.22 1527 260 0  38  209  163 29% 30 1595422 2256 37%
c i 27.37 1528 249 0  39  227  178 29% 31 1595422 2255 37%
c i 27.57 1528 228 0  42  256  202 29% 32 1595422 2254 37%
c i 27.60 1528 219 0  43  267  209 29% 31 1595422 2253 37%
c i 27.62 1528 218 0  43  269  210 29% 31 1595422 2252 37%
c - 32.15 1492 199 1  46  303  236 29% 31 343797 2252 37%
c i 32.70 1457 163 1  47  389  303 30% 30 343797 2251 37%
c 
c  seconds     reductions  redundant   irredundant
c          MB      restarts       trail       variables
c             level   conflicts       glue         remaining
c 
c i 32.70 1457 163 1  48  390  303 30% 30 343797 2250 37%
c i 32.94 1457 160 1  51  407  317 30% 30 343797 2249 37%
c i 33.64 1458 149 1  59  501  380 29% 31 343797 2248 36%
c i 33.79 1458 148 1  60  513  391 29% 32 343797 2240 36%
c i 33.86 1458 148 1  62  517  394 29% 32 343797 2237 36%
c i 33.86 1458 148 1  62  518  394 29% 32 343797 2236 36%
c i 34.10 1458 144 1  69  566  432 29% 32 343797 2235 36%
c i 34.79 1459 136 1  81  644  502 29% 33 343797 2234 36%
c i 35.06 1459 129 1  82  712  560 29% 33 343797 2233 36%
c i 35.09 1459 129 1  83  715  562 29% 33 343797 2232 36%
c i 35.09 1459 128 1  83  718  564 29% 33 343797 2231 36%
c i 35.09 1459 128 1  83  719  564 29% 33 343797 2230 36%
c i 35.22 1459 123 1  86  771  610 29% 33 343797 2229 36%
c i 35.25 1459 122 1  86  774  612 29% 33 343797 2228 36%
c i 35.40 1459 113 1  87  861  684 30% 32 343797 2227 36%
c i 35.41 1459 113 1  87  866  685 30% 32 343797 2226 36%
c i 35.42 1459 112 1  87  877  694 30% 32 343797 2225 36%
c i 35.44 1459 112 1  87  885  696 29% 32 343797 2223 36%
c i 35.92 1459 112 1  87  935  734 29% 31 343797 2214 36%
c i 36.26 1459 112 1  88  996  786 29% 31 343797 2212 36%
c 
c  seconds     reductions  redundant   irredundant
c          MB      restarts       trail       variables
c             level   conflicts       glue         remaining
c 
c } 36.37 1460 112 1  88 1003  792 29% 31 343797 2212 36%
c [ 36.37 1460  0 1  88 1003  792  0% 0 343797 2212 36%
c O 36.39 1460  1 1  88 1004  793 15% 1 343797 2212 36%
c i 36.84 1460 22 1  88 1107  877 32% 16 343797 2211 36%
c i 36.87 1460 22 1  88 1112  880 32% 16 343797 2210 36%
c i 36.87 1460 21 1  88 1115  881 32% 16 343797 2209 36%
c i 36.88 1460 22 1  88 1128  887 32% 17 343797 2208 36%
c i 36.89 1460 22 1  88 1137  886 32% 17 343797 2207 36%
c i 37.01 1460 20 1  88 1198  914 32% 15 343797 2206 36%
c i 37.01 1460 20 1  88 1199  914 32% 15 343797 2205 36%
c - 37.72 1611 20 2  88 1227  830 32% 15 343410 2205 36%
c i 37.77 1611 20 2  88 1228  830 32% 15 343410 2204 36%
c i 37.90 1611 21 2  88 1246  844 32% 16 343410 2203 36%
c i 38.18 1611 21 2  88 1458  948 32% 17 343410 2202 36%
c i 38.43 1611 21 2  88 1693 1075 31% 17 343410 2201 36%
c i 38.53 1611 21 2  88 1844 1147 31% 17 343410 2200 36%
c i 38.70 1611 19 2  89 2411 1379 31% 16 343410 2199 36%
c - 39.19 1609 19 3  89 2613 1099 31% 16 343392 2199 36%
c i 39.52 1609 19 3  89 2629 1111 43% 16 343392 2198 36%
c i 39.56 1609 19 3  89 2702 1152 46% 17 343392 2197 36%
c 
c  seconds    reductions  redundant   irredundant
c          MB     restarts       trail       variables
c            level   conflicts       glue         remaining
c 
c i 39.67 1609 20 3  89 2951 1301 47% 17 343392 2196 36%
c ] 39.69 1609 20 3  89 3003 1326 48% 17 343392 2196 36%
c { 39.69 1609 112 3  89 3003 1326 82% 31 343392 2196 36%
c F 39.79 1609 112 3  91 3007 1330 82% 31 343392 2196 36%
c i 39.81 1609 112 3  91 3008 1330 82% 31 343392 2195 36%
c i 39.99 1609 108 3  91 3042 1360 81% 30 343392 2194 36%
c i 39.99 1609 108 3  91 3043 1360 81% 30 343392 2193 36%
c i 40.10 1609 105 3  91 3095 1404 79% 30 343392 2192 36%
c i 40.11 1609 105 3  91 3097 1405 79% 30 343392 2191 36%
c i 40.13 1609 103 3  91 3120 1421 79% 30 343392 2190 36%
c i 40.28 1609 103 3  91 3148 1443 77% 30 343392 2188 36%
c i 40.41 1609 103 3  96 3191 1479 76% 31 343392 2187 36%
c i 40.42 1609 103 3  97 3194 1481 76% 31 343392 2186 35%
c i 40.46 1609 103 3  99 3200 1486 76% 30 343392 2185 35%
c i 41.45 1609 99 3 110 3302 1579 74% 30 343392 2184 35%
c i 41.49 1609 98 3 110 3316 1592 73% 30 343392 2183 35%
c i 41.98 1609 92 3 113 3457 1714 71% 30 343392 2182 35%
c i 42.90 1609 93 3 135 3569 1815 69% 31 343392 2181 35%
c i 42.96 1609 93 3 137 3575 1819 69% 31 343392 2180 35%
c i 43.39 1609 90 3 146 3650 1880 67% 30 343392 2179 35%
c 
c  seconds    reductions  redundant   irredundant
c          MB     restarts       trail       variables
c            level   conflicts       glue         remaining
c 
c i 43.60 1609 87 3 146 3738 1949 66% 30 343392 2178 35%
c i 43.73 1609 77 3 146 3983 2066 64% 27 343392 2177 35%
c i 43.84 1609 76 3 146 4036 2097 63% 27 343392 2176 35%
c i 44.44 1609 76 3 160 4130 2183 63% 27 343392 2175 35%
c i 45.14 1609 76 3 181 4208 2250 62% 28 343392 2174 35%
c i 45.34 1609 76 3 182 4248 2281 62% 28 343392 2173 35%
c - 46.73 1602 74 4 206 4455 1948 60% 28 343314 2173 35%
c d 47.60 1602 64 4 206 5000 2348 58% 26 315236 2162 35%
c 3 47.64 1602 64 4 206 5000 3254 58% 26 315235 2162 35%
c 2 47.71 1602 64 4 206 5000 3337 58% 26 315234 2156 35%
c p 56.29 1602 64 4 206 5000 7211 58% 26 315234 2045 33%
c d 56.84 1602 64 4 206 5000 6824 58% 26 314577 2043 33%
c d 57.00 1602 64 4 206 5000 6817 58% 26 314572 2040 33%
c # 57.91 1602 53 4 206 6008 7496 56% 24 314572 2040 33%
c - 58.82 1475 48 5 206 6758 2748 54% 23 314572 2040 33%
c } 59.02 1475 47 5 206 7003 2944 54% 22 314572 2040 33%
c [ 59.02 1475 20 5 206 7003 2944 48% 17 314572 2040 33%
c - 60.83 1339 21 6 208 9455 3231 47% 18 314572 2040 33%
c I 61.41 1339 21 6 208 10010 3626 47% 17 314572 2040 33%
c ] 62.09 1339 22 6 209 10958 4398 47% 18 314572 2040 33%
c 
c  seconds    reductions   redundant   irredundant
c          MB     restarts        trail       variables
c            level    conflicts       glue         remaining
c 
c 1 62.09 1339 22 6 209 10958 4398 47% 18 314572 2040 33%
c 
c --- [ writing output ] -----------------------------------------------------
c 
c writing simplified CNF to DIMACS file 'simp/33.cubes4132.adj.simp1'
c * 62.09 1339 22 6 209 10958 4398 47% 18 314572 2040 33%
c opening file to write 'simp/33.cubes4132.adj.simp1'
c writing 'p cnf 6160 314572' header
c closing file 'simp/33.cubes4132.adj.simp1'
c after writing 133528189 bytes 127.3 MB
c wrote 314572 clauses in 0.94 seconds process time
c 
c --- [ writing extension ] --------------------------------------------------
c 
c writing extension stack to 'simp/33.cubes4132.adj.ext1'
c opening file to write 'simp/33.cubes4132.adj.ext1'
c closing file 'simp/33.cubes4132.adj.ext1'
c after writing 14788 bytes 0.0 MB
c wrote 992 witnesses in 0.00 seconds process time
c 
c --- [ result ] -------------------------------------------------------------
c 
s SATISFIABLE
c 
c --- [ run-time profiling ] -------------------------------------------------
c 
c process time taken by individual solving procedures
c (percentage relative to process time for solving)
c 
c        32.86   76.83% search
c        25.76   60.23% unstable
c        19.31   45.15% parse
c         9.91   23.17% simplify
c         8.59   20.07% probe
c         6.38   14.93% stable
c         0.72    1.67% lucky
c         0.05    0.12% ternary
c   =================================
c        42.77   67.87% solve
c 
c last line shows process time for solving
c (percentage relative to total process time)
c 
c --- [ statistics ] ---------------------------------------------------------
c 
c chronological:              2548        23.25 %  of conflicts
c conflicts:                 10958       256.18    per second
c decisions:                 36685       857.63    per second
c fixed:                       960        15.58 %  of all variables
c learned:                   10689        97.55 %  per conflict
c learned_lits:            1603605       100.00 %  learned literals
c minimized:                     0         0.00 %  learned literals
c shrunken:                1084634        67.64 %  learned literals
c minishrunken:              96596         6.02 %  learned literals
c propagations:            1676258         0.04 M  per second
c reduced:                    3206        29.26 %  per conflict
c rephased:                      4      2739.50    interval
c restarts:                    209        52.43    interval
c stabilizing:                   2        54.34 %  of conflicts
c substituted:                  16         0.26 %  of all variables
c subsumed:                   3076         0.09 %  of all clauses
c ternary:                     991         0.53 %  of resolved
c weakened:                     32         2.00    average size
c 
c seconds are measured in process time for solving
c 
c --- [ resources ] ----------------------------------------------------------
c 
c total process time since initialization:        63.03    seconds
c total real time since initialization:           63.09    seconds
c maximum resident set size of process:         1760.11    MB
c 
c --- [ shutting down ] ------------------------------------------------------
c 
c exit 10
WARNING! DIMACS header mismatch: wrong number of variables.
============================[ Problem Statistics ]=============================
|                                                                             |
|  Number of variables:          6120                                         |
|  Number of clauses:          314578                                         |
|  Parse time:                   1.73 s                                       |
|  Simplification time:          0.03 s                                       |
|                                                                             |
============================[ Search Statistics ]====================================================
| Conflicts |          ORIGINAL         |          LEARNT          | Num Sols |      SUBGRAPHS      |
|           |    Vars  Clauses Literals |    Limit  Clauses Lit/Cl |          | Canonical Noncanon. |
=====================================================================================================
|       100 |    6021   314578 28679189 |     2000      100     78 |        0 |        18         0 |
|       250 |    6021   314578 28679189 |     2000      250     83 |        0 |        23         0 |
|       501 |    6021   314604 28679910 |     2000      501     70 |        0 |        37        26 |
|       844 |    6021   314610 28680131 |     2000      844     77 |        0 |        56        32 |
|      3804 |    6021   317064 28707668 |     3600     2804     11 |        0 |       210      2486 |
=====================================================================================================
Number of solutions   : 0
Canonical subgraphs   : 399            (2 /sec)
          order  3    : 1              (166667 /sec)
          order  4    : 1              (500000 /sec)
          order  5    : 1              (250000 /sec)
          order  6    : 1              (52632 /sec)
          order  7    : 1              (8333 /sec)
          order  8    : 1              (1006 /sec)
          order  9    : 2              (150 /sec)
          order 10    : 4              (24 /sec)
          order 11    : 9              (4 /sec)
          order 12    : 44             (1 /sec)
          order 13    : 334            (2 /sec)
          order 14    : 0              (-nan /sec)
          order 15    : 0              (-nan /sec)
          order 16    : 0              (-nan /sec)
          order 17    : 0              (-nan /sec)
          order 18    : 0              (-nan /sec)
          order 19    : 0              (-nan /sec)
          order 20    : 0              (-nan /sec)
          order 21    : 0              (-nan /sec)
          order 22    : 0              (-nan /sec)
Noncanonical subgraphs: 10009          (193 /sec)
          order  3    : 0              (-nan /sec)
          order  4    : 0              (-nan /sec)
          order  5    : 0              (-nan /sec)
          order  6    : 0              (-nan /sec)
          order  7    : 0              (-nan /sec)
          order  8    : 0              (-nan /sec)
          order  9    : 0              (-nan /sec)
          order 10    : 0              (-nan /sec)
          order 11    : 0              (-nan /sec)
          order 12    : 0              (-nan /sec)
          order 13    : 189            (982 /sec)
          order 14    : 9820           (190 /sec)
          order 15    : 0              (-nan /sec)
          order 16    : 0              (-nan /sec)
          order 17    : 0              (-nan /sec)
          order 18    : 0              (-nan /sec)
          order 19    : 0              (-nan /sec)
          order 20    : 0              (-nan /sec)
          order 21    : 0              (-nan /sec)
Canonicity checking   : 218.561 s
Noncanonicity checking: 51.9734 s
Total canonicity time : 270.534 s
database reductions   : 4
restarts              : 51
conflicts             : 11772          (42 /sec)
decisions             : 31657          (0.00 % random) (114 /sec)
propagations          : 1036455        (3728 /sec)
conflict literals     : 201905         (49.63 % deleted)
actual reward         : 0.054492
Memory used           : 152.00 MB
CPU time              : 278.052 s

UNSATISFIABLE
