c --- [ banner ] -------------------------------------------------------------
c 
c CaDiCaL Radically Simplified CDCL SAT Solver
c Copyright (c) 2016-2021 A. Biere, M. Fleury, N. Froleyks
c 
c Version 1.5.2 a5f15211db36c3956764e18194dd5bd63bf3b5e6
c g++ (GCC) 9.3.0 -Wall -Wextra -O3 -DNDEBUG
c Fri Oct 21 01:27:37 EDT 2022 Linux gra-login3 3.10.0-1160.66.1.el7.x86_64 x86_64
c 
c --- [ limit ] --------------------------------------------------------------
c 
c setting conflict limit to 200000 conflicts (due to '200000')
c 
c --- [ parsing input ] ------------------------------------------------------
c 
c reading DIMACS file from '33.cubes4097.adj'
c opening file to read '33.cubes4097.adj'
c found 'p cnf 6160 1595475' header
c parsed 1595475 clauses in 19.30 seconds process time
c closing file '33.cubes4097.adj'
c after reading 1457566776 bytes 1390.0 MB
c 
c --- [ options ] ------------------------------------------------------------
c 
c all options are set to their default value
c 
c --- [ solving ] ------------------------------------------------------------
c 
c time measured in process time since initialization
c 
c  seconds    reductions  redundant   irredundant
c          MB     restarts       trail       variables
c            level   conflicts       glue         remaining
c 
c * 19.30 1382  0 0   0    0    0  0% 0 1595422 2419 39%
c { 20.97 1454  0 0   0    0    0  0% 0 1595422 2419 39%
c i 21.80 1471 1241 0   0   13   12 41% 1 1595422 2389 39%
c i 22.48 1482 1021 0   2   36   33 39% 4 1595422 2357 38%
c i 24.28 1502 518 0  11   75   70 32% 8 1595422 2356 38%
c i 24.33 1503 500 0  11   80   72 31% 8 1595422 2354 38%
c i 24.80 1505 320 0  26  130   94 26% 9 1595422 2353 38%
c - 28.45 1451 142 1  47  300  115 21% 9 304494 2353 38%
c i 28.91 1452 103 1  62  445  149 20% 11 304494 2352 38%
c i 29.94 1452 94 1  95  583  219 21% 15 304494 2351 38%
c i 30.00 1452 94 1  96  588  223 21% 15 304494 2350 38%
c i 30.35 1452 94 1 106  625  254 21% 15 304494 2349 38%
c i 30.58 1452 94 1 108  634  262 21% 15 304494 2348 38%
c i 30.58 1452 94 1 108  636  263 21% 15 304494 2347 38%
c i 30.64 1452 94 1 110  641  266 21% 15 304494 2304 37%
c i 30.71 1452 92 1 110  657  278 21% 15 304494 2303 37%
c i 31.43 1453 91 1 128  733  342 22% 16 304494 2302 37%
c i 32.26 1453 88 1 138  791  395 22% 16 304494 2301 37%
c i 32.27 1453 88 1 138  792  395 22% 16 304494 2300 37%
c i 32.64 1453 88 1 142  822  421 22% 17 304494 2299 37%
c 
c  seconds    reductions  redundant   irredundant
c          MB     restarts       trail       variables
c            level   conflicts       glue         remaining
c 
c i 33.76 1454 89 1 173  952  529 23% 21 304494 2298 37%
c } 34.13 1454 86 1 184 1002  571 23% 21 304494 2298 37%
c [ 34.13 1454  0 1 184 1002  571  0% 0 304494 2298 37%
c O 34.13 1454  1 1 184 1003  572 13% 1 304494 2298 37%
c i 34.51 1454 24 1 184 1080  616 24% 19 304494 2297 37%
c - 35.25 1582 27 2 184 1190  657 29% 23 303733 2297 37%
c i 35.31 1582 27 2 184 1192  658 29% 23 303733 2296 37%
c i 35.42 1582 28 2 184 1239  691 29% 24 303733 2295 37%
c i 35.60 1582 28 2 184 1370  784 30% 23 303733 2294 37%
c i 35.65 1582 28 2 184 1478  865 30% 23 303733 2293 37%
c i 35.65 1582 28 2 184 1487  873 30% 23 303733 2292 37%
c i 35.69 1582 27 2 184 1580  927 30% 22 303733 2291 37%
c i 35.76 1582 27 2 184 1638  964 30% 22 303733 2290 37%
c i 36.06 1583 30 2 185 2273 1372 30% 24 303733 2289 37%
c ] 36.10 1583 29 2 185 2383 1444 30% 24 303733 2289 37%
c 1 36.10 1583 29 2 185 2383 1444 30% 24 303733 2289 37%
c 
c --- [ writing output ] -----------------------------------------------------
c 
c writing simplified CNF to DIMACS file 'simp/33.cubes4097.adj.simp1'
c * 36.10 1583 29 2 185 2383 1444 30% 24 303733 2289 37%
c opening file to write 'simp/33.cubes4097.adj.simp1'
c writing 'p cnf 6160 303710' header
c closing file 'simp/33.cubes4097.adj.simp1'
c after writing 145581539 bytes 138.8 MB
c wrote 303710 clauses in 1.10 seconds process time
c 
c --- [ writing extension ] --------------------------------------------------
c 
c writing extension stack to 'simp/33.cubes4097.adj.ext1'
c opening file to write 'simp/33.cubes4097.adj.ext1'
c closing file 'simp/33.cubes4097.adj.ext1'
c after writing 10768 bytes 0.0 MB
c wrote 727 witnesses in 0.00 seconds process time
c 
c --- [ result ] -------------------------------------------------------------
c 
s SATISFIABLE
c 
c --- [ run-time profiling ] -------------------------------------------------
c 
c process time taken by individual solving procedures
c (percentage relative to process time for solving)
c 
c        19.30  114.85% parse
c        16.80  100.00% search
c        13.16   78.32% unstable
c         1.97   11.72% stable
c         1.67    9.96% lucky
c         0.00    0.00% simplify
c   =================================
c        16.80   45.17% solve
c 
c last line shows process time for solving
c (percentage relative to total process time)
c 
c --- [ statistics ] ---------------------------------------------------------
c 
c chronological:               593        24.88 %  of conflicts
c conflicts:                  2383       141.84    per second
c decisions:                 23205      1381.24    per second
c fixed:                       727        11.80 %  of all variables
c learned:                    2331        97.82 %  per conflict
c learned_lits:             368028       100.00 %  learned literals
c minimized:                     0         0.00 %  learned literals
c shrunken:                 221345        60.14 %  learned literals
c minishrunken:              32989         8.96 %  learned literals
c propagations:             383654         0.02 M  per second
c reduced:                      26         1.09 %  per conflict
c rephased:                      1      2383.00    interval
c restarts:                    185        12.88    interval
c stabilizing:                   1        57.95 %  of conflicts
c subsumed:                    830         0.03 %  of all clauses
c 
c seconds are measured in process time for solving
c 
c --- [ resources ] ----------------------------------------------------------
c 
c total process time since initialization:        37.20    seconds
c total real time since initialization:           37.25    seconds
c maximum resident set size of process:         1582.57    MB
c 
c --- [ shutting down ] ------------------------------------------------------
c 
c exit 10
WARNING! DIMACS header mismatch: wrong number of variables.
============================[ Problem Statistics ]=============================
|                                                                             |
|  Number of variables:          6120                                         |
|  Number of clauses:          303710                                         |
|  Parse time:                   1.93 s                                       |
|  Simplification time:          0.04 s                                       |
|                                                                             |
============================[ Search Statistics ]====================================================
| Conflicts |          ORIGINAL         |          LEARNT          | Num Sols |      SUBGRAPHS      |
|           |    Vars  Clauses Literals |    Limit  Clauses Lit/Cl |          | Canonical Noncanon. |
=====================================================================================================
|       105 |    6028   303715 31687804 |     2000      104     69 |        0 |        29         5 |
|       267 |    6026   303727 31688024 |     2000      264     79 |        0 |        48        17 |
|       748 |    6025   303983 31692591 |     2000      744     63 |        0 |       111       273 |
|      2008 |    6025   304906 31705308 |     3598     1006     11 |        0 |       314      1196 |
|      4607 |    6025   306999 31741855 |     5000     1807     11 |        0 |       810      3289 |
|      8443 |    6025   310076 31789474 |     6303     3146     11 |        0 |      1579      6366 |
|     15278 |    6025   315772 31895741 |     7555     6833     15 |        0 |      3239     12062 |
|     26207 |    5995   324993 32040236 |     9988     9594     13 |        0 |      5084     21283 |
|     42404 |    5995   338628 32280509 |    13608     9012     12 |        0 |      8526     34918 |
|     74785 |    5994   367165 32715090 |    18408    10592     11 |        0 |     14540     63455 |
|    130444 |    5992   417058 33535761 |    24404    14248     11 |        0 |     23066    113348 |
|    213217 |    5992   491182 34532866 |    30405    30022     11 |        0 |     34008    187472 |
=====================================================================================================
Number of solutions   : 0
Canonical subgraphs   : 39706          (55 /sec)
          order  3    : 1              (166667 /sec)
          order  4    : 1              (500000 /sec)
          order  5    : 1              (200000 /sec)
          order  6    : 1              (55556 /sec)
          order  7    : 2              (10204 /sec)
          order  8    : 4              (2071 /sec)
          order  9    : 14             (551 /sec)
          order 10    : 60             (189 /sec)
          order 11    : 313            (62 /sec)
          order 12    : 1229           (56 /sec)
          order 13    : 5860           (69 /sec)
          order 14    : 31896          (54 /sec)
          order 15    : 324            (19 /sec)
          order 16    : 0              (-nan /sec)
          order 17    : 0              (-nan /sec)
          order 18    : 0              (-nan /sec)
          order 19    : 0              (-nan /sec)
          order 20    : 0              (-nan /sec)
          order 21    : 0              (-nan /sec)
          order 22    : 0              (-nan /sec)
Noncanonical subgraphs: 235074         (394 /sec)
          order  3    : 0              (-nan /sec)
          order  4    : 0              (-nan /sec)
          order  5    : 0              (-nan /sec)
          order  6    : 0              (-nan /sec)
          order  7    : 0              (-nan /sec)
          order  8    : 0              (-nan /sec)
          order  9    : 0              (-nan /sec)
          order 10    : 0              (-nan /sec)
          order 11    : 0              (-nan /sec)
          order 12    : 0              (-nan /sec)
          order 13    : 25748          (2353 /sec)
          order 14    : 38970          (3087 /sec)
          order 15    : 169650         (299 /sec)
          order 16    : 706            (125 /sec)
          order 17    : 0              (-nan /sec)
          order 18    : 0              (-nan /sec)
          order 19    : 0              (-nan /sec)
          order 20    : 0              (-nan /sec)
          order 21    : 0              (-nan /sec)
Canonicity checking   : 722.592 s
Noncanonicity checking: 596.569 s
Total canonicity time : 1319.16 s
database reductions   : 27
restarts              : 637
conflicts             : 267461         (194 /sec)
decisions             : 539524         (0.00 % random) (391 /sec)
propagations          : 31490700       (22849 /sec)
conflict literals     : 3871326        (66.06 % deleted)
actual reward         : 0.035277
Memory used           : 246.00 MB
CPU time              : 1378.2 s

UNSATISFIABLE
