c --- [ banner ] -------------------------------------------------------------
c 
c CaDiCaL Radically Simplified CDCL SAT Solver
c Copyright (c) 2016-2021 A. Biere, M. Fleury, N. Froleyks
c 
c Version 1.5.2 a5f15211db36c3956764e18194dd5bd63bf3b5e6
c g++ (GCC) 9.3.0 -Wall -Wextra -O3 -DNDEBUG
c Fri Oct 21 01:27:37 EDT 2022 Linux gra-login3 3.10.0-1160.66.1.el7.x86_64 x86_64
c 
c --- [ limit ] --------------------------------------------------------------
c 
c setting conflict limit to 200000 conflicts (due to '200000')
c 
c --- [ parsing input ] ------------------------------------------------------
c 
c reading DIMACS file from '33.cubes958.adj'
c opening file to read '33.cubes958.adj'
c found 'p cnf 6160 1595470' header
c parsed 1595470 clauses in 18.70 seconds process time
c closing file '33.cubes958.adj'
c after reading 1457566743 bytes 1390.0 MB
c 
c --- [ options ] ------------------------------------------------------------
c 
c all options are set to their default value
c 
c --- [ solving ] ------------------------------------------------------------
c 
c time measured in process time since initialization
c 
c  seconds    reductions  redundant   irredundant
c          MB     restarts       trail       variables
c            level   conflicts       glue         remaining
c 
c * 18.70 1370  0 0   0    0    0  0% 0 1595422 2364 38%
c { 19.53 1406  0 0   0    0    0  0% 0 1595422 2364 38%
c i 19.62 1406 494 0   0    1    0 22% 0 1595422 2363 38%
c i 19.63 1406 494 0   0    2    0 22% 0 1595422 2353 38%
c i 20.26 1432 927 0   0   15   10 34% 1 1595422 2316 38%
c i 21.74 1478 787 0   5   37   27 38% 9 1595422 2301 37%
c i 21.74 1478 764 0   5   38   27 38% 9 1595422 2300 37%
c i 22.36 1488 529 0  11   57   45 33% 21 1595422 2299 37%
c i 22.89 1491 398 0  18   80   65 32% 27 1595422 2298 37%
c i 22.90 1491 393 0  18   81   65 32% 27 1595422 2297 37%
c i 22.90 1491 388 0  18   82   65 32% 27 1595422 2296 37%
c i 22.95 1491 371 0  20   86   68 32% 26 1595422 2295 37%
c i 22.95 1491 366 0  20   87   68 32% 26 1595422 2294 37%
c i 22.96 1491 362 0  20   88   68 32% 25 1595422 2293 37%
c i 22.98 1491 358 0  20   89   68 32% 25 1595422 2292 37%
c i 22.98 1491 353 0  20   90   68 32% 25 1595422 2291 37%
c i 22.98 1491 349 0  20   91   68 32% 24 1595422 2290 37%
c i 22.99 1491 342 0  20   93   69 32% 25 1595422 2289 37%
c i 23.01 1491 329 0  20   97   71 32% 24 1595422 2288 37%
c i 23.02 1491 317 0  20  101   74 31% 24 1595422 2287 37%
c 
c  seconds     reductions  redundant    irredundant
c          MB      restarts       trail        variables
c             level   conflicts       glue          remaining
c 
c i 23.09 1491 315 0  20  102   74 31% 23 1595422 2286 37%
c i 23.47 1492 254 0  20  144  109 30% 23 1595422 2285 37%
c i 23.58 1492 243 0  22  154  118 30% 25 1595422 2284 37%
c i 23.70 1492 234 0  25  162  125 30% 26 1595422 2283 37%
c i 24.01 1492 165 0  28  236  184 27% 20 1595422 2282 37%
c i 24.11 1494 163 0  28  239  186 28% 19 1595422 2281 37%
c i 24.12 1494 162 0  28  241  187 28% 19 1595422 2280 37%
c i 24.21 1494 152 0  28  259  201 28% 19 1595422 2279 37%
c i 24.24 1494 151 0  28  261  202 28% 18 1595422 2278 37%
c i 24.27 1494 149 0  28  265  205 28% 18 1595422 2277 37%
c i 24.35 1494 144 0  28  274  212 28% 18 1595422 2276 37%
c i 24.37 1494 143 0  28  276  213 28% 18 1595422 2275 37%
c i 24.42 1494 141 0  28  281  217 28% 18 1595422 2274 37%
c i 24.47 1494 137 0  28  292  226 28% 18 1595422 2273 37%
c i 24.48 1494 136 0  28  295  226 28% 18 1595422 2265 37%
c - 28.06 1370 133 1  28  302  233 28% 18 106771 2265 37%
c i 28.26 1370 132 1  28  304  234 28% 18 106771 2264 37%
c i 28.27 1370 132 1  28  306  235 28% 18 106771 2263 37%
c i 28.28 1370 129 1  28  313  239 28% 18 106771 2262 37%
c i 28.30 1370 126 1  28  323  245 28% 18 106771 2261 37%
c 
c  seconds     reductions  redundant   irredundant
c          MB      restarts       trail       variables
c             level   conflicts       glue         remaining
c 
c i 28.31 1370 126 1  28  328  246 28% 17 106771 2251 37%
c i 28.35 1370 126 1  28  335  251 28% 18 106771 2250 37%
c i 28.35 1370 126 1  28  339  253 28% 18 106771 2249 37%
c i 28.59 1370 112 1  42  416  306 27% 20 106771 2248 36%
c i 28.60 1370 111 1  42  418  307 27% 20 106771 2247 36%
c i 28.61 1370 111 1  42  419  307 27% 20 106771 2246 36%
c i 28.63 1370 110 1  42  425  312 27% 20 106771 2245 36%
c i 28.64 1370 111 1  42  438  320 27% 20 106771 2238 36%
c i 28.74 1370 109 1  48  467  346 27% 20 106771 2231 36%
c i 28.75 1370 107 1  49  476  353 27% 20 106771 2230 36%
c i 28.80 1370 106 1  54  490  366 27% 20 106771 2229 36%
c i 28.87 1370 103 1  61  524  385 27% 21 106771 2228 36%
c i 28.90 1370 103 1  62  530  390 27% 21 106771 2227 36%
c i 28.91 1370 102 1  63  531  390 27% 21 106771 2226 36%
c i 28.91 1370 102 1  63  532  390 27% 21 106771 2225 36%
c i 28.92 1370 102 1  63  537  394 27% 21 106771 2224 36%
c i 28.94 1370 101 1  63  539  395 27% 21 106771 2223 36%
c i 28.96 1370 93 1  63  593  436 28% 20 106771 2222 36%
c i 28.96 1370 92 1  63  605  444 28% 20 106771 2221 36%
c i 28.96 1370 92 1  63  607  445 28% 20 106771 2220 36%
c 
c  seconds    reductions  redundant   irredundant
c          MB     restarts       trail       variables
c            level   conflicts       glue         remaining
c 
c i 28.96 1370 91 1  63  611  440 28% 20 106771 2219 36%
c i 29.01 1370 87 1  63  648  456 28% 19 106771 2218 36%
c i 29.07 1370 86 1  65  668  469 28% 20 106771 2217 36%
c i 29.08 1370 85 1  67  677  474 28% 20 106771 2216 36%
c i 29.08 1370 84 1  68  683  479 28% 20 106771 2215 36%
c i 29.09 1370 84 1  68  685  480 28% 20 106771 2214 36%
c i 29.10 1370 83 1  68  692  483 28% 20 106771 2213 36%
c i 29.16 1370 79 1  68  770  542 28% 20 106771 2212 36%
c i 29.17 1370 78 1  68  781  546 28% 20 106771 2211 36%
c i 29.18 1370 77 1  68  797  560 28% 20 106771 2210 36%
c i 29.19 1370 76 1  68  811  571 28% 19 106771 2209 36%
c i 29.20 1370 75 1  68  813  572 28% 19 106771 2208 36%
c i 29.20 1370 75 1  68  818  576 28% 19 106771 2207 36%
c i 29.22 1370 74 1  68  832  589 28% 19 106771 2206 36%
c i 29.25 1370 74 1  68  839  595 28% 19 106771 2205 36%
c i 29.27 1370 73 1  68  852  603 28% 19 106771 2204 36%
c - 29.51 1408 69 2  68  919  550 28% 19 106367 2204 36%
c i 29.52 1408 69 2  68  920  550 28% 19 106367 2203 36%
c i 29.56 1408 68 2  68  945  570 28% 19 106367 2202 36%
c } 29.60 1408 65 2  68 1001  616 29% 18 106367 2202 36%
c 
c  seconds    reductions  redundant  irredundant
c          MB     restarts       trail      variables
c            level   conflicts       glue        remaining
c 
c [ 29.60 1408  0 2  68 1001  616  0% 0 106367 2202 36%
c O 29.60 1408  1 2  68 1002  617 17% 1 106367 2202 36%
c i 29.60 1408  1 2  68 1003  617 17% 0 106367 2193 36%
c i 29.67 1408 15 2  68 1047  652 31% 12 106367 2192 36%
c ] 29.69 1408 15 2  68 1113  691 32% 13 106367 2192 36%
c 1 29.69 1408 15 2  68 1113  691 32% 13 106367 2192 36%
c 
c --- [ writing output ] -----------------------------------------------------
c 
c writing simplified CNF to DIMACS file 'simp/33.cubes958.adj.simp1'
c * 29.69 1408 15 2  68 1113  691 32% 13 106367 2192 36%
c opening file to write 'simp/33.cubes958.adj.simp1'
c writing 'p cnf 6160 106095' header
c closing file 'simp/33.cubes958.adj.simp1'
c after writing 43009380 bytes 41.0 MB
c wrote 106095 clauses in 0.33 seconds process time
c 
c --- [ writing extension ] --------------------------------------------------
c 
c writing extension stack to 'simp/33.cubes958.adj.ext1'
c opening file to write 'simp/33.cubes958.adj.ext1'
c closing file 'simp/33.cubes958.adj.ext1'
c after writing 12252 bytes 0.0 MB
c wrote 824 witnesses in 0.00 seconds process time
c 
c --- [ result ] -------------------------------------------------------------
c 
s SATISFIABLE
c 
c --- [ run-time profiling ] -------------------------------------------------
c 
c process time taken by individual solving procedures
c (percentage relative to process time for solving)
c 
c        18.70  170.25% parse
c        10.99  100.00% search
c        10.06   91.60% unstable
c         0.83    7.56% lucky
c         0.09    0.84% stable
c         0.00    0.00% simplify
c   =================================
c        10.99   36.60% solve
c 
c last line shows process time for solving
c (percentage relative to total process time)
c 
c --- [ statistics ] ---------------------------------------------------------
c 
c chronological:               420        37.74 %  of conflicts
c conflicts:                  1113       101.31    per second
c decisions:                 17639      1605.58    per second
c fixed:                       824        13.38 %  of all variables
c learned:                    1083        97.30 %  per conflict
c learned_lits:             118235       100.00 %  learned literals
c minimized:                     0         0.00 %  learned literals
c shrunken:                  73521        62.18 %  learned literals
c minishrunken:               7440         6.29 %  learned literals
c propagations:             229144         0.02 M  per second
c reduced:                      87         7.82 %  per conflict
c rephased:                      1      1113.00    interval
c restarts:                     68        16.37    interval
c stabilizing:                   1        10.06 %  of conflicts
c subsumed:                    220         0.01 %  of all clauses
c 
c seconds are measured in process time for solving
c 
c --- [ resources ] ----------------------------------------------------------
c 
c total process time since initialization:        30.02    seconds
c total real time since initialization:           30.40    seconds
c maximum resident set size of process:         1493.98    MB
c 
c --- [ shutting down ] ------------------------------------------------------
c 
c exit 10
WARNING! DIMACS header mismatch: wrong number of variables.
============================[ Problem Statistics ]=============================
|                                                                             |
|  Number of variables:          6120                                         |
|  Number of clauses:          106095                                         |
|  Parse time:                   0.57 s                                       |
|  Simplification time:          0.01 s                                       |
|                                                                             |
============================[ Search Statistics ]====================================================
| Conflicts |          ORIGINAL         |          LEARNT          | Num Sols |      SUBGRAPHS      |
|           |    Vars  Clauses Literals |    Limit  Clauses Lit/Cl |          | Canonical Noncanon. |
=====================================================================================================
|       208 |    6016   106203  9269794 |     2000      208     18 |        0 |        66       108 |
|       737 |    6016   106582  9275481 |     2000      737     15 |        0 |       215       487 |
|      1223 |    6012   106843  9279909 |     2000     1219     22 |        0 |       325       748 |
|      1566 |    6002   106849  9280074 |     2000     1552     33 |        0 |       332       754 |
|      2085 |    6000   106862  9280408 |     3595     1078     20 |        0 |       353       767 |
|      2996 |    5998   107014  9282781 |     3595     1987     37 |        0 |       400       919 |
|      4876 |    5995   107755  9294563 |     4994     2070     17 |        0 |       637      1660 |
|      7859 |    5995   109030  9312276 |     6297     2556     19 |        0 |      1046      2935 |
|     11260 |    5994   109869  9325089 |     6297     5956     48 |        0 |      1420      3774 |
|     15576 |    5994   110341  9333232 |     7552     7128     52 |        0 |      1624      4246 |
|     23936 |    5993   112935  9368324 |     9995     7330     40 |        0 |      2342      6840 |
|     34140 |    5993   114490  9393322 |    12406     6946     26 |        0 |      2641      8395 |
|     49977 |    5992   117353  9427916 |    14809     9785     30 |        0 |      3255     11258 |
=====================================================================================================
Number of solutions   : 0
Canonical subgraphs   : 4748           (38 /sec)
          order  3    : 1              (200000 /sec)
          order  4    : 1              (333333 /sec)
          order  5    : 1              (250000 /sec)
          order  6    : 1              (52632 /sec)
          order  7    : 2              (10471 /sec)
          order  8    : 4              (2093 /sec)
          order  9    : 9              (431 /sec)
          order 10    : 29             (109 /sec)
          order 11    : 120            (53 /sec)
          order 12    : 510            (46 /sec)
          order 13    : 1541           (42 /sec)
          order 14    : 2451           (36 /sec)
          order 15    : 44             (19 /sec)
          order 16    : 21             (17 /sec)
          order 17    : 8              (16 /sec)
          order 18    : 4              (15 /sec)
          order 19    : 1              (12 /sec)
          order 20    : 0              (-nan /sec)
          order 21    : 0              (-nan /sec)
          order 22    : 0              (-nan /sec)
Noncanonical subgraphs: 19440          (879 /sec)
          order  3    : 0              (-nan /sec)
          order  4    : 0              (-nan /sec)
          order  5    : 0              (-nan /sec)
          order  6    : 0              (-nan /sec)
          order  7    : 0              (-nan /sec)
          order  8    : 0              (-nan /sec)
          order  9    : 0              (-nan /sec)
          order 10    : 0              (-nan /sec)
          order 11    : 0              (-nan /sec)
          order 12    : 0              (-nan /sec)
          order 13    : 4129           (10506 /sec)
          order 14    : 12533          (1714 /sec)
          order 15    : 2737           (196 /sec)
          order 16    : 41             (96 /sec)
          order 17    : 0              (-nan /sec)
          order 18    : 0              (-nan /sec)
          order 19    : 0              (-nan /sec)
          order 20    : 0              (-nan /sec)
          order 21    : 0              (-nan /sec)
Canonicity checking   : 123.427 s
Noncanonicity checking: 22.1139 s
Total canonicity time : 145.541 s
database reductions   : 13
restarts              : 248
conflicts             : 77133          (456 /sec)
decisions             : 132737         (0.00 % random) (784 /sec)
propagations          : 10210298       (60315 /sec)
conflict literals     : 4751173        (56.44 % deleted)
actual reward         : 0.089761
Memory used           : 110.00 MB
CPU time              : 169.283 s

UNSATISFIABLE
