c --- [ banner ] -------------------------------------------------------------
c 
c CaDiCaL Radically Simplified CDCL SAT Solver
c Copyright (c) 2016-2021 A. Biere, M. Fleury, N. Froleyks
c 
c Version 1.5.2 a5f15211db36c3956764e18194dd5bd63bf3b5e6
c g++ (GCC) 9.3.0 -Wall -Wextra -O3 -DNDEBUG
c Fri Oct 21 01:27:37 EDT 2022 Linux gra-login3 3.10.0-1160.66.1.el7.x86_64 x86_64
c 
c --- [ limit ] --------------------------------------------------------------
c 
c setting conflict limit to 200000 conflicts (due to '200000')
c 
c --- [ parsing input ] ------------------------------------------------------
c 
c reading DIMACS file from '33.cubes3865.adj'
c opening file to read '33.cubes3865.adj'
c found 'p cnf 6160 1595478' header
c parsed 1595478 clauses in 20.07 seconds process time
c closing file '33.cubes3865.adj'
c after reading 1457566799 bytes 1390.0 MB
c 
c --- [ options ] ------------------------------------------------------------
c 
c all options are set to their default value
c 
c --- [ solving ] ------------------------------------------------------------
c 
c time measured in process time since initialization
c 
c  seconds    reductions  redundant   irredundant
c          MB     restarts       trail       variables
c            level   conflicts       glue         remaining
c 
c * 20.07 1389  0 0   0    0    0  0% 0 1595422 2299 37%
c { 21.23 1441  0 0   0    0    0  0% 0 1595422 2299 37%
c i 25.03 1507 359 0  11  110   99 26% 10 1595422 2298 37%
c i 25.14 1508 349 0  12  114  100 27% 12 1595422 2296 37%
c i 28.78 1532 219 0  44  238  208 27% 28 1595422 2290 37%
c i 28.95 1533 217 0  45  244  213 27% 27 1595422 2289 37%
c i 29.36 1536 207 0  49  267  229 27% 29 1595422 2288 37%
c - 33.90 1532 193 1  57  300  260 27% 29 481789 2288 37%
c i 34.96 1455 175 1  62  354  309 27% 29 481789 2287 37%
c i 35.25 1456 165 1  62  384  335 27% 29 481789 2286 37%
c i 35.27 1456 165 1  62  385  335 27% 29 481789 2285 37%
c i 35.27 1456 164 1  62  386  335 27% 29 481789 2284 37%
c i 35.34 1456 162 1  62  394  342 27% 29 481789 2283 37%
c i 35.36 1456 161 1  62  401  347 27% 29 481789 2282 37%
c i 35.36 1456 160 1  62  403  348 27% 29 481789 2281 37%
c i 35.44 1456 156 1  62  424  367 27% 29 481789 2280 37%
c i 37.85 1458 128 1 123  751  662 28% 38 481789 2279 37%
c i 37.94 1458 128 1 127  766  674 28% 38 481789 2270 37%
c i 38.03 1458 127 1 128  770  677 28% 38 481789 2268 37%
c } 39.07 1459 108 1 131 1007  885 28% 35 481789 2268 37%
c 
c  seconds    reductions  redundant  irredundant
c          MB     restarts       trail      variables
c            level   conflicts       glue        remaining
c 
c [ 39.07 1459  0 1 131 1007  885  0% 0 481789 2268 37%
c O 39.07 1459  1 1 131 1008  885 12% 0 481789 2268 37%
c i 39.07 1459  1 1 131 1008  885 12% 0 481789 2249 37%
c i 39.55 1459 35 1 131 1288 1123 31% 27 481789 2248 36%
c - 40.49 1613 35 2 131 1309 1038 31% 27 481401 2248 36%
c - 42.04 1613 32 3 132 2825 1614 30% 27 481401 2248 36%
c ] 42.18 1613 32 3 132 3008 1740 30% 27 481401 2248 36%
c { 42.18 1613 108 3 132 3008 1740 28% 35 481401 2248 36%
c F 42.65 1612 108 3 133 3009 1740 21% 35 481401 2248 36%
c i 42.65 1612 108 3 133 3009 1740 21% 35 481401 2247 36%
c i 43.00 1612 107 3 133 3030 1758 40% 35 481401 2246 36%
c i 43.31 1612 103 3 133 3087 1806 46% 34 481401 2245 36%
c i 43.53 1612 103 3 133 3105 1822 46% 34 481401 2244 36%
c i 43.71 1612 102 3 135 3124 1837 45% 34 481401 2243 36%
c i 43.71 1612 102 3 135 3125 1837 45% 34 481401 2242 36%
c i 43.73 1612 102 3 135 3132 1843 45% 34 481401 2241 36%
c i 43.76 1612 101 3 135 3142 1852 45% 34 481401 2240 36%
c i 44.61 1612 95 3 137 3362 2024 43% 34 481401 2239 36%
c i 44.74 1612 94 3 137 3382 2043 43% 33 481401 2238 36%
c i 45.85 1612 91 3 137 3536 2183 43% 33 481401 2237 36%
c 
c  seconds    reductions  redundant   irredundant
c          MB     restarts       trail       variables
c            level   conflicts       glue         remaining
c 
c i 47.22 1612 71 3 137 4274 2785 44% 28 481401 2236 36%
c - 48.33 1608 61 4 137 4844 2413 44% 25 481365 2236 36%
c 3 50.23 1608 59 4 139 5000 3514 44% 25 481357 2232 36%
c 2 50.33 1608 59 4 139 5000 3592 44% 25 481357 2232 36%
c p 60.28 1608 59 4 139 5000 7017 44% 25 481357 2169 35%
c d 61.01 1608 59 4 139 5000 6775 44% 25 426701 2166 35%
c # 65.52 1608 49 4 139 6012 7406 45% 22 426701 2166 35%
c } 70.78 1608 47 4 259 7008 8218 46% 23 426701 2166 35%
c [ 70.78 1608 32 4 259 7008 8218 83% 27 426701 2166 35%
c - 71.42 1396 30 5 260 7367 3497 78% 25 426701 2166 35%
c I 72.96 1396 26 5 261 10013 5121 62% 22 426701 2166 35%
c - 75.22 1396 28 6 262 10302 3607 61% 22 426701 2166 35%
c - 84.18 1396 34 7 264 13726 4539 56% 26 426701 2166 35%
c 2 86.35 1396 36 7 264 15002 6731 54% 27 426701 2166 35%
c p 90.02 1396 36 7 264 15002 9939 54% 27 426701 2165 35%
c ] 90.25 1396 36 7 264 15011 9948 54% 27 426701 2165 35%
c { 90.25 1396 47 7 264 15011 9948 46% 23 426701 2165 35%
c B 90.39 1396 47 7 264 15014 9951 46% 23 426701 2165 35%
c - 95.39 1396 41 8 315 17639 5515 46% 21 426698 2165 35%
c s 96.18 1396 37 8 317 18879 6175 47% 20 424256 2165 35%
c 
c  seconds     reductions   redundant   irredundant
c           MB     restarts        trail       variables
c             level    conflicts       glue         remaining
c 
c v 104.66 1396 37 8 317 18879 6175 47% 20 424232 2165 35%
c t 104.87 1396 37 8 317 18879 6161 47% 20 424222 2165 35%
c e 106.66 1400 37 8 317 18879 5629 47% 20 422291 993 16%
c s 106.80 1400 37 8 317 18879 5627 47% 20 416810 993 16%
c W 115.04 1400 36 8 449 21015 7104 64% 20 416810 993 16%
c - 120.18 1400 37 9 582 22040 5885 64% 21 416810 993 16%
c - 128.98 1400 34 10 774 26903 6676 64% 21 416810 993 16%
c F 130.19 1400 33 10 788 28016 7332 64% 20 416810 993 16%
c p 136.28 1400 33 10 873 30002 11345 64% 20 416810 993 16%
c } 137.00 1400 32 10 879 31011 12037 64% 20 416810 993 16%
c [ 137.00 1400 36 10 879 31011 12037 123% 27 416810 993 16%
c - 137.68 1400 34 11 879 32248 7389 116% 26 416810 993 16%
c B 139.78 1400 33 11 882 36017 10148 103% 26 416810 993 16%
c - 141.84 1400 32 12 883 38080 8256 98% 25 416810 993 16%
c - 145.01 1400 31 13 886 44399 8195 89% 25 416810 993 16%
c W 146.96 1400 31 13 886 45020 8615 88% 25 416810 993 16%
c p 151.33 1400 30 13 887 50002 14516 84% 24 416810 993 16%
c - 152.31 1400 30 14 887 51205 8553 83% 24 416810 993 16%
c O 153.98 1400 29 14 888 55025 10935 81% 24 416810 993 16%
c - 156.17 1400 28 15 890 58497 9129 79% 24 416810 993 16%
c 
c  seconds     reductions     redundant   irredundant
c           MB      restarts         trail       variables
c             level     conflicts        glue        remaining
c 
c ] 159.01 1400 28 15 894 63013 12379 78% 24 416810 993 16%
c { 159.01 1400 32 15 894 63013 12379 64% 20 416810 993 16%
c B 164.05 1400 31 15 1024 66027 14460 65% 20 416810 993 16%
c - 166.04 1400 32 16 1079 66272 10156 65% 20 416810 993 16%
c - 188.35 1400 32 17 1769 74537 11154 65% 21 416810 993 16%
c p 192.29 1400 32 17 1800 75004 14725 65% 21 416810 993 16%
c W 194.97 1400 31 17 1815 78031 16806 65% 21 416810 993 16%
c - 199.44 1400 29 18 1979 83285 12550 65% 20 416810 993 16%
c # 205.85 1400 28 18 2165 91032 17445 65% 20 416810 993 16%
c - 208.20 1400 28 19 2253 92518 12578 65% 20 416810 993 16%
c - 220.99 1400 27 20 2609 102238 13472 65% 20 416810 993 16%
c p 225.88 1400 26 20 2645 105005 18429 65% 19 416810 993 16%
c B 226.37 1400 26 20 2645 105033 18447 65% 19 416810 993 16%
c - 233.74 1400 26 21 2978 112446 14806 65% 19 416810 993 16%
c W 244.22 1400 25 21 3142 120034 19854 65% 19 416810 993 16%
c - 247.14 1400 25 22 3223 123138 14982 65% 19 416810 993 16%
c } 252.12 1400 25 22 3429 127013 17599 65% 19 416810 993 16%
c [ 252.12 1400 28 22 3429 127013 17599 78% 24 416810 993 16%
c - 256.45 1400 27 23 3432 134316 15240 76% 23 416810 993 16%
c B 257.48 1400 27 23 3433 136035 16249 75% 23 416810 993 16%
c 
c  seconds     reductions       redundant   irredundant
c           MB      restarts           trail       variables
c             level      conflicts         glue        remaining
c 
c p 262.15 1400 30 23 3436 140008 22659 75% 25 416810 993 16%
c - 264.60 1400 31 24 3437 145982 16958 74% 27 416810 993 16%
c W 267.56 1400 32 24 3438 153038 22320 73% 27 416810 993 16%
c - 269.34 1400 32 25 3438 158131 18331 73% 28 416810 993 16%
c - 274.20 1400 35 26 3441 170768 18638 72% 30 416810 993 16%
c I 274.47 1400 35 26 3441 171039 18826 72% 30 416810 993 16%
c p 286.64 1400 40 26 3445 180015 29507 71% 34 416810 993 16%
c - 291.04 1400 41 27 3448 183892 18607 71% 34 416810 993 16%
c s 291.39 1400 41 27 3448 183892 18606 71% 34 412861 993 16%
c v 312.73 1400 41 27 3448 183892 18606 71% 34 412817 993 16%
c w 313.62 1400 41 27 3448 183892 18606 71% 34 412817 993 16%
c t 313.63 1400 41 27 3448 183892 18604 71% 34 412817 993 16%
c e 315.39 1401 41 27 3448 183892 18579 71% 34 412816 992 16%
c s 315.77 1401 41 27 3448 183892 18579 71% 34 408995 992 16%
c B 322.01 1401 41 27 3452 190041 22439 70% 34 408995 992 16%
c - 326.02 1401 40 28 3453 197500 18363 70% 34 408995 992 16%
c ] 327.27 1401 40 28 3453 200001 19971 70% 34 408995 992 16%
c ? 327.27 1401 40 28 3453 200001 19971 70% 34 408995 992 16%
c 
c --- [ writing output ] -----------------------------------------------------
c 
c writing simplified CNF to DIMACS file 'simp/33.cubes3865.adj.simp1'
c * 327.27 1401 40 28 3453 200001 19971 70% 34 408995 992 16%
c opening file to write 'simp/33.cubes3865.adj.simp1'
c writing 'p cnf 6160 408995' header
c closing file 'simp/33.cubes3865.adj.simp1'
c after writing 204676954 bytes 195.2 MB
c wrote 408995 clauses in 1.61 seconds process time
c 
c --- [ writing extension ] --------------------------------------------------
c 
c writing extension stack to 'simp/33.cubes3865.adj.ext1'
c opening file to write 'simp/33.cubes3865.adj.ext1'
c closing file 'simp/33.cubes3865.adj.ext1'
c after writing 83205 bytes 0.1 MB
c wrote 3683 witnesses in 0.00 seconds process time
c 
c --- [ result ] -------------------------------------------------------------
c 
c UNKNOWN
c 
c --- [ run-time profiling ] -------------------------------------------------
c 
c process time taken by individual solving procedures
c (percentage relative to process time for solving)
c 
c       235.52   76.67% search
c       150.29   48.92% unstable
c        78.71   25.62% stable
c        71.67   23.33% simplify
c        30.82   10.03% vivify
c        30.72   10.00% probe
c        20.07    6.53% parse
c         6.67    2.17% elim
c         5.36    1.75% walk
c         1.16    0.38% lucky
c         1.00    0.33% subsume
c         0.47    0.15% ternary
c   =================================
c       307.20   93.41% solve
c 
c last line shows process time for solving
c (percentage relative to total process time)
c 
c --- [ statistics ] ---------------------------------------------------------
c 
c chronological:             34239        17.12 %  of conflicts
c conflicts:                200001       651.05    per second
c decisions:                375575      1222.59    per second
c eliminated:                 1173        19.04 %  of all variables
c fixed:                       844        13.70 %  of all variables
c learned:                  195699        97.85 %  per conflict
c learned_lits:           37786818       100.00 %  learned literals
c minimized:                     0         0.00 %  learned literals
c shrunken:               22355362        59.16 %  learned literals
c minishrunken:            3259998         8.63 %  learned literals
c propagations:           14864446         0.05 M  per second
c reduced:                  119501        59.75 %  per conflict
c rephased:                     19     10526.37    interval
c restarts:                   3453        57.92    interval
c stabilizing:                   4        57.50 %  of conflicts
c substituted:                   7         0.11 %  of all variables
c subsumed:                  71529         1.90 %  of all clauses
c strengthened:              17926         0.48 %  of all clauses
c ternary:                    6554         0.77 %  of resolved
c vivified:                     89         0.00 %  of all clauses
c walked:                        5     40000.20    interval
c weakened:                   2839         3.23    average size
c 
c seconds are measured in process time for solving
c 
c --- [ resources ] ----------------------------------------------------------
c 
c total process time since initialization:       328.88    seconds
c total real time since initialization:          329.15    seconds
c maximum resident set size of process:         1830.34    MB
c 
c --- [ shutting down ] ------------------------------------------------------
c 
c exit 0
WARNING! DIMACS header mismatch: wrong number of variables.
============================[ Problem Statistics ]=============================
|                                                                             |
|  Number of variables:          4042                                         |
|  Number of clauses:          408995                                         |
|  Parse time:                   2.70 s                                       |
|  Simplification time:          0.07 s                                       |
|                                                                             |
============================[ Search Statistics ]====================================================
| Conflicts |          ORIGINAL         |          LEARNT          | Num Sols |      SUBGRAPHS      |
|           |    Vars  Clauses Literals |    Limit  Clauses Lit/Cl |          | Canonical Noncanon. |
=====================================================================================================
|       108 |    3950   409003 43809274 |     2000      108     96 |        0 |        18         8 |
|       259 |    3950   409004 43809325 |     2000      259     93 |        0 |        29         9 |
|       485 |    3950   409005 43809341 |     2000      485     95 |        0 |        36        10 |
|       985 |    3950   409168 43811822 |     2000      985     69 |        0 |       107       173 |
|      1562 |    3950   409239 43812946 |     2000     1562     68 |        0 |       126       244 |
|      2348 |    3950   409266 43813638 |     3604     1352     38 |        0 |       150       271 |
|      3516 |    3950   409295 43814230 |     3604     2520     62 |        0 |       166       300 |
|      5272 |    3950   409343 43815312 |     5005     2477     46 |        0 |       211       348 |
|      7997 |    3950   409506 43818787 |     6304     2701     20 |        0 |       269       511 |
|     13212 |    3950   410877 43840928 |     7556     4768     28 |        0 |       647      1882 |
|     19601 |    3950   411500 43848971 |     8782     7383     52 |        0 |       878      2505 |
|     29390 |    3950   412640 43870021 |    11206     7796     44 |        0 |      1313      3645 |
|     43966 |    3950   414242 43898709 |    13614    10580     52 |        0 |      1859      5247 |
|     65643 |    3950   416458 43934391 |    17210    10053     33 |        0 |      2381      7463 |
|     96652 |    3950   418275 43966973 |    20809    13461     32 |        0 |      2996      9280 |
|    143539 |    3950   421373 44013263 |    25610    15149     30 |        0 |      3793     12378 |
|    211498 |    3950   423648 44055838 |    30413    28311     52 |        0 |      4822     14653 |
|    312076 |    3950   425700 44093182 |    37612    28688     44 |        0 |      5645     16705 |
|    464631 |    3950   430466 44178953 |    46027    37058     46 |        0 |      7114     21471 |
|    699831 |    3950   443983 44373739 |    56811    43642     48 |        0 |      9786     34988 |
|   1038916 |    3950   450543 44509354 |    70033    37349     24 |        0 |     11739     41548 |
|   1552398 |    3950   465237 44785266 |    85617    49015     32 |        0 |     15649     56242 |
|   2342228 |    3938   501389 45440664 |    88975    66203     61 |        0 |     24912     97890 |
|   3484044 |    3898   518512 45759635 |   127411   125454     58 |        0 |     28907    117432 |
=====================================================================================================
Number of solutions   : 0
Canonical subgraphs   : 29498          (4 /sec)
          order  3    : 1              (166667 /sec)
          order  4    : 1              (500000 /sec)
          order  5    : 1              (200000 /sec)
          order  6    : 1              (55556 /sec)
          order  7    : 1              (8850 /sec)
          order  8    : 1              (1004 /sec)
          order  9    : 2              (151 /sec)
          order 10    : 7              (37 /sec)
          order 11    : 37             (12 /sec)
          order 12    : 301            (5 /sec)
          order 13    : 1925           (3 /sec)
          order 14    : 15572          (5 /sec)
          order 15    : 5411           (4 /sec)
          order 16    : 5144           (4 /sec)
          order 17    : 803            (5 /sec)
          order 18    : 224            (5 /sec)
          order 19    : 42             (4 /sec)
          order 20    : 16             (4 /sec)
          order 21    : 8              (4 /sec)
          order 22    : 0              (-nan /sec)
Noncanonical subgraphs: 119869         (97 /sec)
          order  3    : 0              (-nan /sec)
          order  4    : 0              (-nan /sec)
          order  5    : 0              (-nan /sec)
          order  6    : 0              (-nan /sec)
          order  7    : 0              (-nan /sec)
          order  8    : 0              (-nan /sec)
          order  9    : 0              (-nan /sec)
          order 10    : 0              (-nan /sec)
          order 11    : 0              (-nan /sec)
          order 12    : 0              (-nan /sec)
          order 13    : 6327           (8203 /sec)
          order 14    : 30653          (2822 /sec)
          order 15    : 56688          (382 /sec)
          order 16    : 7125           (222 /sec)
          order 17    : 19037          (18 /sec)
          order 18    : 30             (26 /sec)
          order 19    : 1              (10 /sec)
          order 20    : 0              (-nan /sec)
          order 21    : 0              (-nan /sec)
Canonicity checking   : 6564.78 s
Noncanonicity checking: 1238.23 s
Total canonicity time : 7803.01 s
database reductions   : 111
restarts              : 6939
conflicts             : 3932808        (394 /sec)
decisions             : 5315894        (0.00 % random) (532 /sec)
propagations          : 217687533      (21795 /sec)
conflict literals     : 378449625      (55.27 % deleted)
actual reward         : 0.231775
Memory used           : 613.00 MB
CPU time              : 9987.77 s

UNSATISFIABLE
