c --- [ banner ] -------------------------------------------------------------
c 
c CaDiCaL Radically Simplified CDCL SAT Solver
c Copyright (c) 2016-2021 A. Biere, M. Fleury, N. Froleyks
c 
c Version 1.5.2 a5f15211db36c3956764e18194dd5bd63bf3b5e6
c g++ (GCC) 9.3.0 -Wall -Wextra -O3 -DNDEBUG
c Fri Oct 21 01:27:37 EDT 2022 Linux gra-login3 3.10.0-1160.66.1.el7.x86_64 x86_64
c 
c --- [ limit ] --------------------------------------------------------------
c 
c setting conflict limit to 200000 conflicts (due to '200000')
c 
c --- [ parsing input ] ------------------------------------------------------
c 
c reading DIMACS file from '33.cubes4867.adj'
c opening file to read '33.cubes4867.adj'
c found 'p cnf 6160 1595472' header
c parsed 1595472 clauses in 19.86 seconds process time
c closing file '33.cubes4867.adj'
c after reading 1457566753 bytes 1390.0 MB
c 
c --- [ options ] ------------------------------------------------------------
c 
c all options are set to their default value
c 
c --- [ solving ] ------------------------------------------------------------
c 
c time measured in process time since initialization
c 
c  seconds    reductions  redundant   irredundant
c          MB     restarts       trail       variables
c            level   conflicts       glue         remaining
c 
c * 19.87 1372  0 0   0    0    0  0% 0 1595422 2528 41%
c { 20.77 1415  0 0   0    0    0  0% 0 1595422 2528 41%
c i 21.36 1437 562 0   0   11    9 25% 2 1595422 2527 41%
c i 22.24 1471 645 0   1   27   23 29% 4 1595422 2526 41%
c i 22.47 1476 575 0   1   38   31 30% 3 1595422 2524 41%
c i 22.50 1476 539 0   1   41   33 30% 3 1595422 2523 41%
c i 23.57 1493 348 0   8   70   54 29% 12 1595422 2522 41%
c i 23.58 1494 343 0   8   71   54 29% 11 1595422 2521 41%
c i 23.59 1494 338 0   9   72   54 29% 11 1595422 2520 41%
c i 23.92 1496 284 0  13   88   68 29% 16 1595422 2519 41%
c i 24.08 1497 255 0  15  100   78 29% 19 1595422 2518 41%
c i 24.82 1502 229 0  23  139  113 29% 33 1595422 2516 41%
c i 24.84 1502 230 0  24  141  114 28% 33 1595422 2515 41%
c i 24.86 1503 232 0  24  154  114 27% 31 1595422 2421 39%
c i 24.86 1503 230 0  25  155  114 27% 31 1595422 2386 39%
c i 24.90 1503 229 0  26  158  116 27% 30 1595422 2348 38%
c i 24.91 1503 227 0  26  159  116 27% 30 1595422 2315 38%
c i 25.00 1503 226 0  27  162  117 27% 30 1595422 2313 38%
c i 25.01 1503 221 0  28  167  120 27% 31 1595422 2311 38%
c i 25.14 1504 216 0  30  179  129 27% 33 1595422 2307 37%
c 
c  seconds     reductions  redundant    irredundant
c          MB      restarts       trail        variables
c             level   conflicts       glue          remaining
c 
c i 25.16 1504 210 0  32  184  131 27% 32 1595422 2306 37%
c i 25.19 1504 208 0  33  187  132 27% 32 1595422 2304 37%
c i 25.20 1504 206 0  33  193  134 27% 31 1595422 2300 37%
c i 25.26 1504 204 0  34  201  141 27% 31 1595422 2299 37%
c i 25.32 1504 202 0  34  208  146 27% 32 1595422 2298 37%
c i 25.38 1504 198 0  37  218  154 27% 35 1595422 2297 37%
c i 25.42 1504 194 0  38  226  158 27% 35 1595422 2296 37%
c i 25.46 1504 189 0  40  234  165 27% 35 1595422 2295 37%
c i 25.47 1504 188 0  40  236  166 27% 35 1595422 2294 37%
c i 25.50 1504 186 0  41  238  167 27% 35 1595422 2293 37%
c i 25.58 1504 163 0  43  276  191 28% 32 1595422 2292 37%
c - 29.17 1399 151 1  43  302  194 28% 31 74537 2292 37%
c i 29.39 1400 150 1  43  305  196 28% 31 74537 2291 37%
c i 29.39 1399 148 1  43  311  201 29% 31 74537 2290 37%
c i 29.40 1400 147 1  43  313  202 29% 31 74537 2289 37%
c i 29.41 1399 145 1  43  318  206 29% 30 74537 2288 37%
c i 29.41 1399 145 1  43  320  207 29% 31 74537 2287 37%
c i 29.49 1399 134 1  48  365  245 29% 32 74537 2286 37%
c i 29.51 1399 134 1  48  372  251 29% 33 74537 2285 37%
c i 29.51 1399 134 1  49  373  251 29% 32 74537 2284 37%
c 
c  seconds     reductions  redundant   irredundant
c          MB      restarts       trail      variables
c             level   conflicts       glue        remaining
c 
c i 29.53 1399 133 1  50  380  256 29% 33 74537 2283 37%
c i 29.55 1399 133 1  52  386  261 29% 32 74537 2282 37%
c i 29.55 1399 133 1  52  389  261 29% 32 74537 2279 37%
c i 29.58 1399 129 1  58  418  287 29% 33 74537 2278 37%
c i 29.58 1399 128 1  58  420  288 29% 33 74537 2277 37%
c i 29.60 1399 126 1  60  441  306 29% 33 74537 2276 37%
c i 29.60 1399 125 1  61  442  306 29% 33 74537 2275 37%
c i 29.62 1399 123 1  61  454  315 29% 33 74537 2274 37%
c i 29.63 1399 122 1  62  463  320 29% 33 74537 2273 37%
c i 29.63 1399 119 1  63  476  332 29% 33 74537 2272 37%
c i 29.64 1400 118 1  63  491  345 29% 33 74537 2271 37%
c i 29.66 1400 115 1  63  511  364 29% 32 74537 2270 37%
c i 29.66 1400 113 1  63  520  372 29% 32 74537 2269 37%
c i 29.67 1400 111 1  63  537  386 29% 32 74537 2268 37%
c i 29.68 1400 110 1  63  544  392 29% 32 74537 2267 37%
c i 29.68 1400 110 1  63  546  393 29% 32 74537 2266 37%
c i 29.68 1400 109 1  63  549  395 29% 32 74537 2265 37%
c i 29.69 1400 105 1  63  583  426 29% 32 74537 2264 37%
c i 29.70 1400 104 1  63  590  432 29% 32 74537 2263 37%
c i 29.70 1400 104 1  63  594  435 29% 32 74537 2262 37%
c 
c  seconds     reductions  redundant   irredundant
c          MB      restarts       trail      variables
c             level   conflicts       glue        remaining
c 
c i 29.70 1400 103 1  63  602  442 29% 32 74537 2261 37%
c i 29.71 1400 102 1  63  604  443 29% 31 74537 2260 37%
c i 29.71 1400 102 1  63  606  444 29% 31 74537 2259 37%
c i 29.71 1400 102 1  63  608  445 29% 31 74537 2258 37%
c i 29.71 1400 101 1  63  612  448 29% 31 74537 2257 37%
c i 29.72 1400 99 1  63  633  464 29% 31 74537 2256 37%
c i 29.72 1400 99 1  63  641  470 29% 31 74537 2255 37%
c i 29.74 1400 99 1  66  658  484 29% 32 74537 2254 37%
c i 29.77 1399 97 1  73  682  500 29% 32 74537 2253 37%
c i 29.77 1400 97 1  74  683  500 29% 32 74537 2252 37%
c i 29.77 1400 97 1  74  684  500 29% 32 74537 2251 37%
c i 29.77 1400 97 1  74  686  501 29% 32 74537 2250 37%
c i 29.78 1400 96 1  74  687  501 29% 32 74537 2249 37%
c i 29.78 1400 96 1  74  688  501 29% 32 74537 2248 36%
c i 29.79 1400 95 1  74  704  516 29% 32 74537 2247 36%
c i 29.80 1400 91 1  74  750  540 29% 31 74537 2246 36%
c i 29.84 1399 83 1  74  867  627 29% 31 74537 2245 36%
c i 29.84 1399 82 1  74  883  639 29% 30 74537 2244 36%
c i 29.85 1400 81 1  74  902  654 29% 30 74537 2243 36%
c - 29.98 1402 81 2  74  902  567 29% 30 74411 2243 36%
c 
c  seconds    reductions  redundant   irredundant
c          MB     restarts       trail      variables
c            level   conflicts       glue        remaining
c 
c i 30.02 1402 81 2  78  929  593 29% 31 74411 2242 36%
c i 30.02 1402 81 2  79  932  593 29% 31 74411 2241 36%
c i 30.06 1402 79 2  87  983  627 29% 31 74411 2240 36%
c } 30.06 1402 79 2  87 1000  643 29% 31 74411 2240 36%
c [ 30.06 1402  0 2  87 1000  643  0% 0 74411 2240 36%
c O 30.07 1402 25 2  87 1003  646 32% 16 74411 2240 36%
c i 30.09 1402 16 2  87 1032  665 33% 14 74411 2239 36%
c i 30.11 1402 14 2  87 1080  701 33% 13 74411 2238 36%
c i 30.15 1402 17 2  87 1263  842 33% 15 74411 2237 36%
c i 30.16 1402 19 2  87 1313  874 33% 17 74411 2236 36%
c i 30.16 1402 19 2  87 1314  874 33% 16 74411 2235 36%
c i 30.16 1402 19 2  87 1327  881 32% 16 74411 2234 36%
c i 30.17 1402 19 2  87 1399  936 32% 17 74411 2233 36%
c - 30.31 1379 21 3  87 1802  869 32% 18 74385 2233 36%
c ] 30.33 1379 21 3  87 1815  881 32% 19 74385 2233 36%
c 1 30.33 1379 21 3  87 1815  881 32% 19 74385 2233 36%
c 
c --- [ writing output ] -----------------------------------------------------
c 
c writing simplified CNF to DIMACS file 'simp/33.cubes4867.adj.simp1'
c * 30.33 1379 21 3  87 1815  881 32% 19 74385 2233 36%
c opening file to write 'simp/33.cubes4867.adj.simp1'
c writing 'p cnf 6160 74385' header
c closing file 'simp/33.cubes4867.adj.simp1'
c after writing 32202048 bytes 30.7 MB
c wrote 74385 clauses in 0.24 seconds process time
c 
c --- [ writing extension ] --------------------------------------------------
c 
c writing extension stack to 'simp/33.cubes4867.adj.ext1'
c opening file to write 'simp/33.cubes4867.adj.ext1'
c closing file 'simp/33.cubes4867.adj.ext1'
c after writing 11630 bytes 0.0 MB
c wrote 783 witnesses in 0.00 seconds process time
c 
c --- [ result ] -------------------------------------------------------------
c 
s SATISFIABLE
c 
c --- [ run-time profiling ] -------------------------------------------------
c 
c process time taken by individual solving procedures
c (percentage relative to process time for solving)
c 
c        19.86  189.90% parse
c        10.46  100.00% search
c         9.29   88.84% unstable
c         0.91    8.65% lucky
c         0.26    2.51% stable
c         0.00    0.00% simplify
c   =================================
c        10.46   34.22% solve
c 
c last line shows process time for solving
c (percentage relative to total process time)
c 
c --- [ statistics ] ---------------------------------------------------------
c 
c chronological:               478        26.34 %  of conflicts
c conflicts:                  1815       173.52    per second
c decisions:                 18209      1740.80    per second
c fixed:                       783        12.71 %  of all variables
c learned:                    1760        96.97 %  per conflict
c learned_lits:             339092       100.00 %  learned literals
c minimized:                     0         0.00 %  learned literals
c shrunken:                 178151        52.54 %  learned literals
c minishrunken:              37447        11.04 %  learned literals
c propagations:             312650         0.03 M  per second
c reduced:                     405        22.31 %  per conflict
c rephased:                      1      1815.00    interval
c restarts:                     87        20.86    interval
c stabilizing:                   1        44.90 %  of conflicts
c subsumed:                    359         0.01 %  of all clauses
c 
c seconds are measured in process time for solving
c 
c --- [ resources ] ----------------------------------------------------------
c 
c total process time since initialization:        30.57    seconds
c total real time since initialization:           31.10    seconds
c maximum resident set size of process:         1504.21    MB
c 
c --- [ shutting down ] ------------------------------------------------------
c 
c exit 10
WARNING! DIMACS header mismatch: wrong number of variables.
============================[ Problem Statistics ]=============================
|                                                                             |
|  Number of variables:          6120                                         |
|  Number of clauses:           74385                                         |
|  Parse time:                   0.47 s                                       |
|  Simplification time:          0.01 s                                       |
|                                                                             |
============================[ Search Statistics ]====================================================
| Conflicts |          ORIGINAL         |          LEARNT          | Num Sols |      SUBGRAPHS      |
|           |    Vars  Clauses Literals |    Limit  Clauses Lit/Cl |          | Canonical Noncanon. |
=====================================================================================================
|       643 |    6003    74928  6935089 |     2000      642     15 |        0 |       115       543 |
|      2686 |    6003    76821  6959538 |     3600     1686     11 |        0 |       409      2436 |
|      5616 |    6003    79526  6994088 |     5000     2816     10 |        0 |       668      5141 |
|     10610 |    5971    84183  7049223 |     6300     5310     10 |        0 |      1238      9798 |
|     17784 |    5814    90851  7116377 |     8775     5557      8 |        0 |      1848     16466 |
=====================================================================================================
Number of solutions   : 0
Canonical subgraphs   : 2040           (39 /sec)
          order  3    : 1              (200000 /sec)
          order  4    : 1              (500000 /sec)
          order  5    : 1              (200000 /sec)
          order  6    : 1              (52632 /sec)
          order  7    : 1              (14085 /sec)
          order  8    : 1              (7092 /sec)
          order  9    : 1              (2387 /sec)
          order 10    : 2              (1149 /sec)
          order 11    : 3              (414 /sec)
          order 12    : 6              (211 /sec)
          order 13    : 54             (123 /sec)
          order 14    : 471            (67 /sec)
          order 15    : 1001           (40 /sec)
          order 16    : 496            (25 /sec)
          order 17    : 0              (-nan /sec)
          order 18    : 0              (-nan /sec)
          order 19    : 0              (-nan /sec)
          order 20    : 0              (-nan /sec)
          order 21    : 0              (-nan /sec)
          order 22    : 0              (-nan /sec)
Noncanonical subgraphs: 17956          (298 /sec)
          order  3    : 0              (-nan /sec)
          order  4    : 0              (-nan /sec)
          order  5    : 0              (-nan /sec)
          order  6    : 0              (-nan /sec)
          order  7    : 0              (-nan /sec)
          order  8    : 0              (-nan /sec)
          order  9    : 0              (-nan /sec)
          order 10    : 0              (-nan /sec)
          order 11    : 0              (-nan /sec)
          order 12    : 0              (-nan /sec)
          order 13    : 69             (18548 /sec)
          order 14    : 1532           (1094 /sec)
          order 15    : 4665           (477 /sec)
          order 16    : 9335           (262 /sec)
          order 17    : 2355           (177 /sec)
          order 18    : 0              (-nan /sec)
          order 19    : 0              (-nan /sec)
          order 20    : 0              (-nan /sec)
          order 21    : 0              (-nan /sec)
Canonicity checking   : 52.4976 s
Noncanonicity checking: 60.1582 s
Total canonicity time : 112.656 s
database reductions   : 5
restarts              : 65
conflicts             : 19314          (169 /sec)
decisions             : 58556          (0.00 % random) (511 /sec)
propagations          : 2261884        (19737 /sec)
conflict literals     : 211655         (73.86 % deleted)
actual reward         : 0.036889
Memory used           : 38.00 MB
CPU time              : 114.602 s

UNSATISFIABLE
