c --- [ banner ] -------------------------------------------------------------
c 
c CaDiCaL Radically Simplified CDCL SAT Solver
c Copyright (c) 2016-2021 A. Biere, M. Fleury, N. Froleyks
c 
c Version 1.5.2 a5f15211db36c3956764e18194dd5bd63bf3b5e6
c g++ (GCC) 9.3.0 -Wall -Wextra -O3 -DNDEBUG
c Fri Oct 21 01:27:37 EDT 2022 Linux gra-login3 3.10.0-1160.66.1.el7.x86_64 x86_64
c 
c --- [ limit ] --------------------------------------------------------------
c 
c setting conflict limit to 200000 conflicts (due to '200000')
c 
c --- [ parsing input ] ------------------------------------------------------
c 
c reading DIMACS file from '33.cubes3806.adj'
c opening file to read '33.cubes3806.adj'
c found 'p cnf 6160 1595478' header
c parsed 1595478 clauses in 17.15 seconds process time
c closing file '33.cubes3806.adj'
c after reading 1457566800 bytes 1390.0 MB
c 
c --- [ options ] ------------------------------------------------------------
c 
c all options are set to their default value
c 
c --- [ solving ] ------------------------------------------------------------
c 
c time measured in process time since initialization
c 
c  seconds    reductions  redundant   irredundant
c          MB     restarts       trail       variables
c            level   conflicts       glue         remaining
c 
c * 17.15 1389  0 0   0    0    0  0% 0 1595422 2300 37%
c { 18.56 1457  0 0   0    0    0  0% 0 1595422 2300 37%
c i 20.85 1508 509 0   3   36   34 29% 7 1595422 2299 37%
c i 21.24 1511 399 0   4   50   42 29% 9 1595422 2298 37%
c i 25.05 1535 179 0  32  164  140 28% 30 1595422 2297 37%
c i 26.55 1536 141 0  41  261  213 27% 26 1595422 2296 37%
c - 30.48 1528 128 1  41  300  245 27% 26 595502 2296 37%
c i 31.16 1429 125 1  41  334  276 28% 27 595502 2295 37%
c i 36.36 1436 118 1  99  618  525 28% 40 595502 2294 37%
c i 36.43 1436 118 1 100  625  529 28% 40 595502 2293 37%
c i 36.50 1436 118 1 101  628  531 28% 40 595502 2292 37%
c i 36.55 1436 117 1 103  632  534 28% 40 595502 2274 37%
c i 36.83 1436 117 1 105  643  543 28% 40 595502 2273 37%
c i 38.07 1438 109 1 109  733  625 28% 39 595502 2272 37%
c i 38.12 1438 104 1 109  782  665 29% 38 595502 2271 37%
c i 39.57 1438 94 1 117 1000  862 29% 37 595502 2270 37%
c } 39.57 1438 94 1 117 1000  862 29% 37 595502 2270 37%
c [ 39.57 1438  0 1 117 1000  862  0% 0 595502 2270 37%
c O 39.67 1438 25 1 117 1002  864 27% 21 595502 2270 37%
c i 40.53 1439 44 1 117 1347 1143 31% 34 595502 2269 37%
c 
c  seconds    reductions  redundant   irredundant
c          MB     restarts       trail       variables
c            level   conflicts       glue         remaining
c 
c - 41.52 1703 44 2 117 1364 1057 30% 35 595248 2269 37%
c i 41.73 1673 44 2 117 1383 1072 30% 34 595248 2268 37%
c i 42.28 1673 49 2 118 2089 1637 30% 39 595248 2267 37%
c i 42.45 1673 49 2 118 2219 1748 30% 39 595248 2266 37%
c i 42.68 1673 49 2 118 2386 1882 30% 39 595248 2265 37%
c i 42.80 1673 49 2 118 2406 1901 30% 39 595248 2264 37%
c i 42.83 1673 49 2 118 2415 1908 30% 39 595248 2263 37%
c - 44.00 1669 42 3 118 2962 1827 30% 33 595230 2263 37%
c ] 44.63 1669 42 3 118 3000 1862 44% 33 595230 2263 37%
c { 44.63 1669 94 3 118 3000 1862 78% 37 595230 2263 37%
c F 44.71 1669 94 3 118 3005 1866 78% 37 595230 2263 37%
c i 46.15 1669 85 3 118 3139 1976 74% 34 595230 2256 37%
c i 47.21 1669 68 3 118 3820 2572 65% 31 595230 2255 37%
c i 51.48 1669 68 3 159 4508 3145 60% 31 595230 2254 37%
c i 55.12 1669 70 3 210 4767 3373 58% 32 595230 2253 37%
c d 56.97 1669 68 3 210 5001 3550 57% 32 557504 2248 36%
c 3 57.02 1669 68 3 210 5001 4427 57% 32 557502 2248 36%
c 3 57.03 1669 68 3 210 5001 4530 57% 32 557502 2248 36%
c 2 57.13 1669 68 3 210 5001 4529 57% 32 557501 2248 36%
c p 64.28 1669 68 3 210 5001 6920 57% 32 557501 2206 36%
c 
c  seconds    reductions  redundant   irredundant
c          MB     restarts       trail       variables
c            level   conflicts       glue         remaining
c 
c d 65.05 1669 68 3 210 5001 6842 57% 32 446657 2205 36%
c - 66.24 1549 68 4 210 5091 2567 56% 32 446657 2205 36%
c # 67.30 1549 61 4 210 6006 3284 54% 31 446657 2205 36%
c } 73.26 1549 58 4 278 7000 4154 53% 30 446657 2205 36%
c [ 73.26 1549 42 4 278 7000 4154 44% 33 446657 2205 36%
c - 75.04 1549 43 5 279 7566 3277 48% 33 446657 2205 36%
c I 79.16 1549 43 5 280 10008 5044 48% 33 446657 2205 36%
c - 81.16 1549 45 6 281 10535 3819 48% 34 446657 2205 36%
c - 86.90 1361 50 7 283 14001 4492 47% 39 446657 2205 36%
c ] 88.38 1361 51 7 283 15000 5265 47% 39 446657 2205 36%
c { 88.38 1361 58 7 283 15000 5265 53% 30 446657 2205 36%
c 2 88.48 1361 58 7 283 15008 6447 53% 30 446656 2205 36%
c p 90.69 1361 58 7 283 15008 8846 53% 30 446656 2205 36%
c B 90.85 1361 58 7 283 15009 8847 53% 30 446656 2205 36%
c - 95.28 1550 46 8 291 17960 5101 53% 26 446656 2205 36%
c s 95.96 1550 44 8 292 18877 5550 53% 26 444525 2205 36%
c v 103.35 1550 44 8 292 18877 5550 53% 26 444513 2205 36%
c t 103.52 1550 44 8 292 18877 5539 53% 26 444507 2205 36%
c e 104.75 1550 44 8 292 18877 4964 53% 26 442571 1048 17%
c s 104.87 1550 44 8 292 18877 4959 53% 26 439185 1048 17%
c 
c  seconds     reductions   redundant   irredundant
c           MB     restarts        trail       variables
c             level    conflicts       glue         remaining
c 
c W 114.80 1362 44 8 481 21010 6583 64% 26 439185 1048 17%
c - 121.53 1363 44 9 583 22414 6064 64% 27 439185 1048 17%
c - 140.47 1363 43 10 906 27343 7147 64% 26 439185 1048 17%
c F 140.99 1363 42 10 906 28018 7602 64% 26 439185 1048 17%
c p 149.49 1363 41 10 974 30008 12152 64% 25 439185 1048 17%
c } 152.51 1363 40 10 981 31000 12919 64% 25 439185 1048 17%
c [ 152.51 1363 51 10 981 31000 12919 101% 39 439185 1048 17%
c - 154.78 1363 47 11 981 32765 7994 95% 37 439185 1048 17%
c B 159.05 1363 42 11 984 36021 10061 86% 33 439185 1048 17%
c - 161.74 1363 42 12 985 38678 8461 83% 33 439185 1048 17%
c W 167.69 1363 40 12 988 45027 12893 78% 32 439185 1048 17%
c - 167.98 1551 40 13 988 45085 8701 78% 32 439185 1048 17%
c p 172.25 1551 38 13 989 50009 15182 76% 31 439185 1048 17%
c - 173.64 1363 37 14 989 51986 9308 75% 31 439185 1048 17%
c O 175.02 1363 36 14 990 55030 11580 75% 30 439185 1048 17%
c - 176.80 1363 35 15 993 59378 10045 74% 29 439185 1048 17%
c ] 178.08 1363 34 15 996 63001 12644 73% 29 439185 1048 17%
c { 178.08 1363 40 15 996 63001 12644 64% 25 439185 1048 17%
c B 179.13 1363 38 15 1004 66034 14912 65% 25 439185 1048 17%
c - 184.60 1552 38 16 1066 67263 10693 65% 25 439185 1048 17%
c 
c  seconds     reductions      redundant   irredundant
c           MB      restarts          trail       variables
c             level      conflicts        glue         remaining
c 
c p 203.85 1552 36 16 1347 75011 20229 65% 24 439185 1048 17%
c - 205.85 1363 36 17 1373 75641 11821 65% 24 439185 1048 17%
c W 210.81 1363 35 17 1452 78037 13528 65% 24 439185 1048 17%
c - 230.77 1363 35 18 1848 84512 12447 65% 23 439185 1048 17%
c # 242.27 1363 34 18 2089 91045 17270 65% 23 439185 1048 17%
c - 244.72 1363 33 19 2111 93875 13379 65% 23 439185 1048 17%
c - 262.95 1363 32 20 2438 103730 14432 65% 22 439185 1048 17%
c p 267.11 1363 31 20 2438 105013 18952 65% 22 439185 1048 17%
c B 267.71 1363 31 20 2438 105046 18972 65% 22 439185 1048 17%
c - 282.89 1363 29 21 2486 114080 14609 65% 21 439185 1048 17%
c W 298.09 1363 29 21 2749 120049 18650 65% 21 439185 1048 17%
c - 301.84 1363 28 22 2826 124923 15797 65% 20 439185 1048 17%
c } 306.82 1363 28 22 2956 127002 17286 65% 20 439185 1048 17%
c [ 306.82 1363 34 22 2956 127002 17286 73% 29 439185 1048 17%
c B 310.37 1363 32 22 2960 136051 22739 72% 27 439185 1048 17%
c - 310.87 1363 32 23 2961 136263 15680 72% 27 439185 1048 17%
c p 316.69 1363 33 23 2963 140015 22366 71% 27 439185 1048 17%
c - 322.65 1363 32 24 2964 148093 16803 70% 27 439185 1048 17%
c W 327.75 1363 32 24 2965 153052 19922 69% 27 439185 1048 17%
c - 334.78 1552 31 25 2965 160414 18099 68% 27 439185 1048 17%
c 
c  seconds     reductions       redundant   irredundant
c           MB      restarts           trail       variables
c             level      conflicts         glue         remaining
c 
c I 352.95 1552 30 25 2968 171053 25321 67% 25 439185 1048 17%
c - 358.26 1363 30 26 2969 173231 19022 67% 25 439185 1048 17%
c s 358.56 1363 30 26 2969 173231 19020 67% 25 434856 1048 17%
c v 374.12 1363 30 26 2969 173231 19020 67% 25 434812 1048 17%
c w 374.77 1363 30 26 2969 173231 19020 67% 25 434812 1048 17%
c t 374.78 1363 30 26 2969 173231 19019 67% 25 434812 1048 17%
c e 375.95 1363 30 26 2969 173231 19018 67% 25 434808 1044 17%
c s 376.27 1363 30 26 2969 173231 19017 67% 25 432704 1044 17%
c p 401.53 1363 30 26 2972 180018 26804 67% 25 432704 1044 17%
c ] 406.01 1363 30 26 2975 184466 29997 67% 26 432704 1044 17%
c 1 406.01 1363 30 26 2975 184466 29997 67% 26 432704 1044 17%
c 
c --- [ writing output ] -----------------------------------------------------
c 
c writing simplified CNF to DIMACS file 'simp/33.cubes3806.adj.simp1'
c * 406.01 1363 30 26 2975 184466 29997 67% 26 432704 1044 17%
c opening file to write 'simp/33.cubes3806.adj.simp1'
c writing 'p cnf 6160 432704' header
c closing file 'simp/33.cubes3806.adj.simp1'
c after writing 216695398 bytes 206.7 MB
c wrote 432704 clauses in 1.35 seconds process time
c 
c --- [ writing extension ] --------------------------------------------------
c 
c writing extension stack to 'simp/33.cubes3806.adj.ext1'
c opening file to write 'simp/33.cubes3806.adj.ext1'
c closing file 'simp/33.cubes3806.adj.ext1'
c after writing 82006 bytes 0.1 MB
c wrote 3641 witnesses in 0.00 seconds process time
c 
c --- [ result ] -------------------------------------------------------------
c 
s SATISFIABLE
c 
c --- [ run-time profiling ] -------------------------------------------------
c 
c process time taken by individual solving procedures
c (percentage relative to process time for solving)
c 
c       331.31   85.20% search
c       209.19   53.79% unstable
c       114.92   29.55% stable
c        57.55   14.80% simplify
c        25.67    6.60% probe
c        23.68    6.09% vivify
c        17.15    4.41% parse
c         5.79    1.49% walk
c         4.50    1.16% elim
c         1.41    0.36% lucky
c         0.85    0.22% subsume
c         0.47    0.12% ternary
c   =================================
c       388.86   95.46% solve
c 
c last line shows process time for solving
c (percentage relative to total process time)
c 
c --- [ statistics ] ---------------------------------------------------------
c 
c chronological:             34363        18.63 %  of conflicts
c conflicts:                184466       474.38    per second
c decisions:                392587      1009.58    per second
c eliminated:                 1161        18.85 %  of all variables
c fixed:                       805        13.07 %  of all variables
c learned:                  180296        97.74 %  per conflict
c learned_lits:           32202031       100.00 %  learned literals
c minimized:                     0         0.00 %  learned literals
c shrunken:               19035374        59.11 %  learned literals
c minishrunken:            2747419         8.53 %  learned literals
c propagations:           15175650         0.04 M  per second
c reduced:                  103127        55.91 %  per conflict
c rephased:                     18     10248.11    interval
c restarts:                   2975        62.01    interval
c stabilizing:                   4        53.92 %  of conflicts
c substituted:                   6         0.10 %  of all variables
c subsumed:                  62493         1.68 %  of all clauses
c strengthened:              12680         0.34 %  of all clauses
c ternary:                    8754         0.94 %  of resolved
c vivified:                     95         0.00 %  of all clauses
c walked:                        5     36893.20    interval
c weakened:                   2836         3.19    average size
c 
c seconds are measured in process time for solving
c 
c --- [ resources ] ----------------------------------------------------------
c 
c total process time since initialization:       407.36    seconds
c total real time since initialization:          408.67    seconds
c maximum resident set size of process:         1932.45    MB
c 
c --- [ shutting down ] ------------------------------------------------------
c 
c exit 10
WARNING! DIMACS header mismatch: wrong number of variables.
============================[ Problem Statistics ]=============================
|                                                                             |
|  Number of variables:          4043                                         |
|  Number of clauses:          432706                                         |
|  Parse time:                   3.11 s                                       |
|  Simplification time:          0.09 s                                       |
|                                                                             |
============================[ Search Statistics ]====================================================
| Conflicts |          ORIGINAL         |          LEARNT          | Num Sols |      SUBGRAPHS      |
|           |    Vars  Clauses Literals |    Limit  Clauses Lit/Cl |          | Canonical Noncanon. |
=====================================================================================================
|       100 |    3952   432706 46463625 |     2000      100    117 |        0 |        13         0 |
|       265 |    3952   432721 46464429 |     2000      265     90 |        0 |        17        15 |
|       496 |    3952   432727 46464548 |     2000      496     82 |        0 |        21        21 |
|       834 |    3952   432728 46464694 |     2000      834     85 |        0 |        33        22 |
|      1349 |    3952   432737 46465054 |     2000     1349     92 |        0 |        59        31 |
|      2671 |    3952   433300 46472922 |     3600     1671     33 |        0 |       185       594 |
|      3998 |    3952   433488 46476254 |     3600     2998     56 |        0 |       247       782 |
|      5947 |    3952   433729 46481095 |     5000     3147     52 |        0 |       355      1023 |
|      8700 |    3952   433920 46484557 |     6304     3404     35 |        0 |       415      1214 |
|     13109 |    3952   434485 46493909 |     7553     4662     45 |        0 |       562      1779 |
|     19057 |    3952   434667 46498203 |     8783     6840     50 |        0 |       616      1961 |
|     28209 |    3952   435170 46508435 |    11208     6617     38 |        0 |       799      2464 |
|     41728 |    3952   435715 46518662 |    13609     8337     43 |        0 |      1002      3009 |
|     61993 |    3952   436519 46532623 |    16012    14405     67 |        0 |      1265      3813 |
|     95073 |    3952   440407 46603527 |    20811    11884     22 |        0 |      2190      7701 |
|    139530 |    3952   441075 46617427 |    24424    23354     62 |        0 |      2482      8369 |
|    206546 |    3952   442407 46644672 |    30422    23368     55 |        0 |      2994      9701 |
|    307007 |    3952   444342 46688510 |    37614    23621     38 |        0 |      3804     11636 |
|    457015 |    3952   446561 46742226 |    46021    29436     45 |        0 |      4427     13855 |
|    685877 |    3952   453740 46914310 |    56820    29697     30 |        0 |      6954     21034 |
|   1029279 |    3952   464617 47148960 |    68819    62098     63 |        1 |     10119     31910 |
|   1538548 |    3952   475098 47371239 |    84412    77360     64 |        1 |     13389     42391 |
|   2295124 |    3952   483492 47570347 |   103623    86747     69 |        1 |     17631     50785 |
|   3425339 |    3952   491433 47775057 |   127629    66968     31 |        1 |     22997     58726 |
|   5121284 |    3952   503967 48062750 |   155213   143697     68 |        1 |     27592     71260 |
|   7663098 |    3952   520665 48487174 |   191222    96520     25 |        1 |     33048     87958 |
|  11510899 |    3952   580791 49881704 |   234418   124717     28 |        3 |     51338    148082 |
|  17240323 |    3952   628703 50979363 |   286021   272744     63 |        3 |     67897    195994 |
|  25850347 |    3936   595014 50339810 |   350794   302141     66 |        5 |     85561    283747 |
|  38734480 |    3935   694691 52233972 |   429951   322831     51 |        5 |    102542    384477 |
=====================================================================================================
Number of solutions   : 5
Canonical subgraphs   : 107496         (7 /sec)
          order  3    : 1              (250000 /sec)
          order  4    : 1              (500000 /sec)
          order  5    : 1              (200000 /sec)
          order  6    : 1              (52632 /sec)
          order  7    : 1              (8000 /sec)
          order  8    : 1              (927 /sec)
          order  9    : 2              (137 /sec)
          order 10    : 7              (33 /sec)
          order 11    : 36             (11 /sec)
          order 12    : 301            (4 /sec)
          order 13    : 3841           (4 /sec)
          order 14    : 24349          (5 /sec)
          order 15    : 42228          (8 /sec)
          order 16    : 36069          (9 /sec)
          order 17    : 486            (7 /sec)
          order 18    : 74             (6 /sec)
          order 19    : 43             (5 /sec)
          order 20    : 27             (4 /sec)
          order 21    : 22             (5 /sec)
          order 22    : 5              (0 /sec)
Noncanonical subgraphs: 407937         (307 /sec)
          order  3    : 0              (-nan /sec)
          order  4    : 0              (-nan /sec)
          order  5    : 0              (-nan /sec)
          order  6    : 0              (-nan /sec)
          order  7    : 0              (-nan /sec)
          order  8    : 0              (-nan /sec)
          order  9    : 0              (-nan /sec)
          order 10    : 0              (-nan /sec)
          order 11    : 0              (-nan /sec)
          order 12    : 0              (-nan /sec)
          order 13    : 8243           (6197 /sec)
          order 14    : 102567         (1019 /sec)
          order 15    : 234348         (388 /sec)
          order 16    : 28113          (415 /sec)
          order 17    : 34624          (63 /sec)
          order 18    : 17             (65 /sec)
          order 19    : 8              (11 /sec)
          order 20    : 0              (-nan /sec)
          order 21    : 0              (-nan /sec)
Canonicity checking   : 15495.5 s
Noncanonicity checking: 1329.66 s
Total canonicity time : 16825.2 s
database reductions   : 377
restarts              : 60982
conflicts             : 43324431       (1070 /sec)
decisions             : 55733862       (0.00 % random) (1376 /sec)
propagations          : 2418794062     (59720 /sec)
conflict literals     : 4686476758     (54.96 % deleted)
actual reward         : 0.225632
Memory used           : 823.00 MB
CPU time              : 40502.5 s

UNSATISFIABLE
