c --- [ banner ] -------------------------------------------------------------
c 
c CaDiCaL Radically Simplified CDCL SAT Solver
c Copyright (c) 2016-2021 A. Biere, M. Fleury, N. Froleyks
c 
c Version 1.5.2 a5f15211db36c3956764e18194dd5bd63bf3b5e6
c g++ (GCC) 9.3.0 -Wall -Wextra -O3 -DNDEBUG
c Fri Oct 21 01:27:37 EDT 2022 Linux gra-login3 3.10.0-1160.66.1.el7.x86_64 x86_64
c 
c --- [ limit ] --------------------------------------------------------------
c 
c setting conflict limit to 200000 conflicts (due to '200000')
c 
c --- [ parsing input ] ------------------------------------------------------
c 
c reading DIMACS file from '33.cubes4428.adj'
c opening file to read '33.cubes4428.adj'
c found 'p cnf 6160 1595481' header
c parsed 1595481 clauses in 19.19 seconds process time
c closing file '33.cubes4428.adj'
c after reading 1457566815 bytes 1390.0 MB
c 
c --- [ options ] ------------------------------------------------------------
c 
c all options are set to their default value
c 
c --- [ solving ] ------------------------------------------------------------
c 
c time measured in process time since initialization
c 
c  seconds    reductions  redundant   irredundant
c          MB     restarts       trail       variables
c            level   conflicts       glue         remaining
c 
c * 19.19 1378  0 0   0    0    0  0% 0 1595422 2357 38%
c { 20.57 1444  0 0   0    0    0  0% 0 1595422 2357 38%
c i 20.59 1444  1 0   0    1    0 13% 0 1595422 2343 38%
c i 21.42 1463 1008 0   0   12   10 38% 2 1595422 2333 38%
c i 27.69 1520 158 0  39  211  181 27% 24 1595422 2327 38%
c i 27.78 1521 156 0  39  213  182 27% 24 1595422 2319 38%
c i 27.90 1521 150 0  39  227  195 27% 25 1595422 2318 38%
c i 27.92 1521 146 0  39  237  202 27% 25 1595422 2317 38%
c i 27.93 1521 143 0  39  246  206 27% 25 1595422 2316 38%
c i 27.98 1523 142 0  40  247  206 27% 25 1595422 2315 38%
c i 28.01 1523 142 0  40  248  206 27% 25 1595422 2314 38%
c i 28.03 1523 138 0  40  256  213 28% 25 1595422 2313 38%
c i 28.35 1523 130 0  44  279  232 28% 26 1595422 2312 38%
c i 28.57 1525 124 0  44  297  246 28% 24 1595422 2311 38%
c - 32.54 1492 122 1  44  301  250 28% 24 426873 2311 38%
c i 33.28 1433 110 1  50  367  302 28% 25 426873 2310 38%
c i 33.32 1433 109 1  50  369  303 28% 25 426873 2309 37%
c i 33.42 1433 106 1  50  392  318 28% 25 426873 2308 37%
c i 33.49 1433 105 1  50  399  324 28% 26 426873 2307 37%
c i 34.50 1382 92 1  64  536  431 27% 28 426873 2305 37%
c 
c  seconds    reductions  redundant   irredundant
c          MB     restarts       trail       variables
c            level   conflicts       glue         remaining
c 
c i 34.52 1382 93 1  65  541  434 27% 28 426873 2303 37%
c i 34.57 1382 93 1  66  542  434 27% 28 426873 2302 37%
c i 35.43 1383 103 1  82  626  508 27% 29 426873 2301 37%
c i 36.97 1384 105 1  93  683  556 27% 31 426873 2298 37%
c i 37.26 1385 103 1  98  701  572 27% 31 426873 2289 37%
c i 37.75 1385 99 1 102  749  610 27% 30 426873 2288 37%
c i 37.87 1385 97 1 102  774  631 27% 30 426873 2287 37%
c i 37.98 1385 97 1 102  777  633 27% 29 426873 2286 37%
c i 37.98 1385 97 1 102  778  633 27% 29 426873 2285 37%
c i 38.34 1385 96 1 104  822  665 27% 30 426873 2284 37%
c i 38.45 1385 96 1 104  830  669 27% 30 426873 2283 37%
c i 38.54 1385 96 1 104  838  676 27% 29 426873 2282 37%
c i 39.23 1385 95 1 113  883  716 27% 30 426873 2281 37%
c i 39.52 1385 93 1 113  918  742 27% 30 426873 2280 37%
c i 39.56 1385 92 1 113  930  750 27% 30 426873 2279 37%
c i 39.63 1385 91 1 113  952  769 27% 30 426873 2278 37%
c i 39.63 1385 91 1 113  953  769 27% 30 426873 2277 37%
c i 39.66 1385 90 1 113  964  778 27% 29 426873 2276 37%
c i 39.66 1385 90 1 113  967  780 27% 29 426873 2275 37%
c i 39.66 1385 90 1 113  968  780 27% 29 426873 2274 37%
c 
c  seconds    reductions  redundant   irredundant
c          MB     restarts       trail       variables
c            level   conflicts       glue         remaining
c 
c i 39.66 1385 89 1 113  970  781 27% 29 426873 2273 37%
c } 39.70 1385 88 1 113 1001  800 27% 29 426873 2273 37%
c [ 39.70 1385  0 1 113 1001  800  0% 0 426873 2273 37%
c O 39.70 1385  1 1 113 1002  800 12% 0 426873 2273 37%
c i 39.70 1385  1 1 113 1002  800 12% 0 426873 2257 37%
c i 39.99 1385  9 1 113 1013  806 20% 5 426873 2256 37%
c i 40.13 1385 23 1 113 1027  818 25% 15 426873 2255 37%
c - 41.54 1564 32 2 113 1281  901 30% 26 426324 2255 37%
c i 41.91 1564 33 2 113 1391  977 30% 28 426324 2254 37%
c i 42.50 1564 31 2 113 2003 1408 30% 27 426324 2253 37%
c i 42.78 1564 31 2 114 2206 1560 30% 27 426324 2252 37%
c i 43.01 1564 31 2 114 2442 1734 30% 27 426324 2251 37%
c i 43.04 1564 31 2 114 2463 1741 30% 27 426324 2250 37%
c - 43.79 1563 30 3 114 2748 1488 30% 26 426309 2250 37%
c ] 44.47 1563 30 3 114 3002 1682 49% 26 426309 2250 37%
c { 44.47 1563 88 3 114 3002 1682 75% 29 426309 2250 37%
c F 44.48 1563 88 3 114 3003 1683 75% 29 426309 2250 37%
c i 44.89 1563 65 3 114 3439 1935 67% 23 426309 2249 37%
c i 44.92 1563 62 3 114 3504 1965 66% 22 426309 2248 36%
c i 45.11 1563 49 3 114 3998 2196 62% 19 426309 2247 36%
c 
c  seconds    reductions  redundant   irredundant
c          MB     restarts       trail       variables
c            level   conflicts       glue         remaining
c 
c i 45.93 1563 51 3 140 4138 2321 61% 20 426309 2246 36%
c i 48.58 1563 57 3 227 4483 2623 58% 23 426309 2245 36%
c i 48.70 1563 56 3 232 4528 2662 58% 23 426309 2244 36%
c i 48.71 1563 56 3 232 4539 2670 58% 23 426309 2243 36%
c i 48.78 1563 54 3 233 4694 2791 58% 22 426309 2242 36%
c - 49.20 1560 54 4 233 4703 1937 58% 22 426286 2242 36%
c d 49.95 1560 50 4 233 5001 2150 57% 21 404248 2236 36%
c 2 50.04 1560 50 4 233 5001 2969 57% 21 404248 2235 36%
c p 53.26 1560 50 4 233 5001 5960 57% 21 404248 2178 35%
c d 53.84 1560 50 4 233 5001 5732 57% 21 352303 2174 35%
c d 54.10 1560 50 4 233 5001 5732 57% 21 352301 2173 35%
c # 55.85 1560 44 4 266 6004 6440 55% 21 352301 2173 35%
c } 58.33 1560 42 4 337 7004 7252 53% 21 352301 2173 35%
c [ 58.33 1560 30 4 337 7004 7252 49% 26 352301 2173 35%
c - 58.78 1341 30 5 338 7149 3181 50% 26 352301 2173 35%
c - 60.74 1480 30 6 339 9934 3686 50% 25 352301 2173 35%
c I 60.80 1480 30 6 339 10006 3747 50% 25 352301 2173 35%
c - 63.47 1341 33 7 341 13184 3897 49% 27 352301 2173 35%
c ] 64.90 1341 33 7 342 15006 5077 49% 28 352301 2173 35%
c { 64.90 1341 42 7 342 15006 5077 53% 21 352301 2173 35%
c 
c  seconds    reductions   redundant   irredundant
c          MB     restarts        trail       variables
c            level    conflicts       glue         remaining
c 
c 2 64.98 1341 42 7 342 15006 6080 53% 21 352301 2173 35%
c p 67.53 1341 42 7 342 15006 8934 53% 21 352301 2173 35%
c B 67.64 1341 42 7 342 15007 8934 53% 21 352300 2172 35%
c - 71.78 1341 38 8 418 16896 4711 52% 21 352300 2172 35%
c s 81.47 1342 39 8 632 18806 6013 51% 22 350577 2172 35%
c v 86.61 1342 39 8 632 18806 6013 51% 22 350563 2172 35%
c t 86.73 1342 39 8 632 18806 6004 51% 22 350551 2172 35%
c e 88.14 1343 39 8 632 18806 5632 51% 22 348011 838 14%
c s 88.27 1343 39 8 632 18806 5632 51% 22 347343 838 14%
c W 99.79 1343 39 8 861 21008 7380 71% 22 347343 838 14%
c - 100.04 1343 39 9 861 21077 5329 71% 22 347343 838 14%
c - 108.20 1343 34 10 1005 25704 5927 73% 21 347343 838 14%
c F 115.05 1343 33 10 1156 28009 7527 73% 21 347343 838 14%
c 2 116.13 1343 32 10 1174 30006 9201 73% 20 347343 838 14%
c p 118.01 1343 32 10 1174 30006 10991 73% 20 347343 838 14%
c - 120.15 1343 32 11 1208 30788 6654 73% 20 347343 838 14%
c } 120.31 1343 31 11 1208 31007 6804 73% 20 347343 838 14%
c [ 120.31 1343 33 11 1208 31007 6804 133% 28 347343 838 14%
c B 122.81 1343 30 11 1211 36011 10138 110% 25 347343 838 14%
c - 123.66 1343 30 12 1211 36334 7156 109% 25 347343 838 14%
c 
c  seconds     reductions     redundant   irredundant
c           MB      restarts         trail       variables
c             level      conflicts       glue        remaining
c 
c - 128.98 1343 33 13 1215 42346 7594 98% 28 347343 838 14%
c W 132.05 1343 33 13 1215 45015 9242 95% 28 347343 838 14%
c - 134.86 1343 32 14 1216 48817 8087 91% 27 347343 838 14%
c p 137.76 1343 32 14 1216 50008 11343 90% 27 347343 838 14%
c O 141.41 1343 31 14 1217 55022 14591 88% 26 347343 838 14%
c - 142.29 1343 30 15 1218 55750 9115 87% 26 347343 838 14%
c ] 146.27 1343 29 15 1223 63007 13697 84% 25 347343 838 14%
c { 146.27 1343 31 15 1223 63007 13697 73% 20 347343 838 14%
c - 146.70 1343 31 16 1247 63145 8798 73% 20 347343 838 14%
c B 149.71 1343 30 16 1310 66025 10354 72% 20 347343 838 14%
c - 162.03 1343 30 17 1627 71003 9210 73% 20 347343 838 14%
c p 171.34 1343 29 17 1764 75009 14838 72% 20 347343 838 14%
c } 175.47 1343 28 17 1836 77731 16700 73% 20 347343 838 14%
c 1 175.47 1343 28 17 1836 77731 16700 73% 20 347343 838 14%
c 
c --- [ writing output ] -----------------------------------------------------
c 
c writing simplified CNF to DIMACS file 'simp/33.cubes4428.adj.simp1'
c * 175.47 1343 28 17 1836 77731 16700 73% 20 347343 838 14%
c opening file to write 'simp/33.cubes4428.adj.simp1'
c writing 'p cnf 6160 347343' header
c closing file 'simp/33.cubes4428.adj.simp1'
c after writing 160642614 bytes 153.2 MB
c wrote 347343 clauses in 1.14 seconds process time
c 
c --- [ writing extension ] --------------------------------------------------
c 
c writing extension stack to 'simp/33.cubes4428.adj.ext1'
c opening file to write 'simp/33.cubes4428.adj.ext1'
c closing file 'simp/33.cubes4428.adj.ext1'
c after writing 85154 bytes 0.1 MB
c wrote 3836 witnesses in 0.00 seconds process time
c 
c --- [ result ] -------------------------------------------------------------
c 
s SATISFIABLE
c 
c --- [ run-time profiling ] -------------------------------------------------
c 
c process time taken by individual solving procedures
c (percentage relative to process time for solving)
c 
c       134.46   86.04% search
c        97.53   62.41% unstable
c        33.79   21.62% stable
c        21.82   13.96% simplify
c        19.19   12.28% parse
c        11.67    7.47% probe
c         5.21    3.33% vivify
c         2.65    1.70% elim
c         1.76    1.13% walk
c         1.38    0.88% lucky
c         0.26    0.17% ternary
c         0.26    0.16% subsume
c   =================================
c       156.27   88.48% solve
c 
c last line shows process time for solving
c (percentage relative to total process time)
c 
c --- [ statistics ] ---------------------------------------------------------
c 
c chronological:             13698        17.62 %  of conflicts
c conflicts:                 77731       497.40    per second
c decisions:                185138      1184.70    per second
c eliminated:                 1334        21.66 %  of all variables
c fixed:                       832        13.51 %  of all variables
c learned:                   76038        97.82 %  per conflict
c learned_lits:           14440423       100.00 %  learned literals
c minimized:                     0         0.00 %  learned literals
c shrunken:                8982309        62.20 %  learned literals
c minishrunken:            1141087         7.90 %  learned literals
c propagations:            6233332         0.04 M  per second
c reduced:                   38598        49.66 %  per conflict
c rephased:                     11      7066.45    interval
c restarts:                   1836        42.34    interval
c stabilizing:                   3        54.04 %  of conflicts
c substituted:                  12         0.19 %  of all variables
c subsumed:                  25469         0.73 %  of all clauses
c strengthened:               4880         0.14 %  of all clauses
c ternary:                    3149         0.66 %  of resolved
c vivified:                     27         0.00 %  of all clauses
c walked:                        2     38865.50    interval
c weakened:                   3004         2.98    average size
c 
c seconds are measured in process time for solving
c 
c --- [ resources ] ----------------------------------------------------------
c 
c total process time since initialization:       176.61    seconds
c total real time since initialization:          176.69    seconds
c maximum resident set size of process:         1741.91    MB
c 
c --- [ shutting down ] ------------------------------------------------------
c 
c exit 10
WARNING! DIMACS header mismatch: wrong number of variables.
============================[ Problem Statistics ]=============================
|                                                                             |
|  Number of variables:          3244                                         |
|  Number of clauses:          347345                                         |
|  Parse time:                   2.11 s                                       |
|  Simplification time:          0.04 s                                       |
|                                                                             |
============================[ Search Statistics ]====================================================
| Conflicts |          ORIGINAL         |          LEARNT          | Num Sols |      SUBGRAPHS      |
|           |    Vars  Clauses Literals |    Limit  Clauses Lit/Cl |          | Canonical Noncanon. |
=====================================================================================================
|       100 |    3149   347345 34523452 |     2000      100    102 |        0 |        13         0 |
|       257 |    3149   347352 34523632 |     2000      257     77 |        0 |        36         7 |
|       485 |    3149   347355 34523672 |     2000      485     93 |        0 |        41        10 |
|       850 |    3149   347383 34524553 |     2000      850     93 |        0 |        67        38 |
|      1377 |    3149   347404 34524961 |     2000     1377    100 |        0 |       101        59 |
|      2153 |    3149   347421 34525594 |     3600     1153     63 |        0 |       138        76 |
|      3300 |    3149   347429 34526033 |     3600     2300     85 |        0 |       150        84 |
|      5530 |    3149   347951 34535016 |     5000     2730     51 |        0 |       218       606 |
|      8131 |    3149   347990 34536421 |     6306     2837     42 |        0 |       268       645 |
|     13010 |    3149   349025 34556631 |     7558     4568     54 |        0 |       545      1680 |
|     19337 |    3149   349586 34566479 |     8780     7117     55 |        0 |       668      2241 |
|     28575 |    3149   350175 34577442 |    11202     6977     45 |        0 |       834      2830 |
|     42426 |    3149   351052 34595738 |    13607     9033     45 |        0 |      1219      3707 |
|     66241 |    3149   355406 34675057 |    17208    10649     39 |        0 |      2178      8061 |
|    100080 |    3149   360053 34755579 |    20807    16887     55 |        0 |      3146     12708 |
|    145052 |    3149   361236 34776849 |    25615    16667     41 |        0 |      3506     13891 |
|    216267 |    3149   366767 34871445 |    31609    17876     35 |        0 |      4872     19422 |
|    337440 |    3149   389414 35235971 |    38814    35254     53 |        0 |      9806     42069 |
|    539468 |    3149   443653 36025309 |    49616    41084     57 |        0 |     17180     96308 |
|    778198 |    3149   460700 36298308 |    60424    35022     37 |        0 |     20110    113355 |
|   1196052 |    3149   546029 37975537 |    74819    50871     48 |        0 |     32146    198684 |
|   1731909 |    3149   583098 38772748 |    90418    53727     29 |        0 |     40928    235753 |
=====================================================================================================
Number of solutions   : 0
Canonical subgraphs   : 77439          (18 /sec)
          order  3    : 1              (166667 /sec)
          order  4    : 1              (500000 /sec)
          order  5    : 1              (250000 /sec)
          order  6    : 1              (52632 /sec)
          order  7    : 1              (8621 /sec)
          order  8    : 2              (1365 /sec)
          order  9    : 6              (315 /sec)
          order 10    : 23             (90 /sec)
          order 11    : 103            (28 /sec)
          order 12    : 591            (19 /sec)
          order 13    : 3699           (19 /sec)
          order 14    : 20365          (22 /sec)
          order 15    : 38654          (20 /sec)
          order 16    : 9508           (12 /sec)
          order 17    : 3332           (9 /sec)
          order 18    : 990            (7 /sec)
          order 19    : 157            (8 /sec)
          order 20    : 3              (11 /sec)
          order 21    : 1              (14 /sec)
          order 22    : 0              (-nan /sec)
Noncanonical subgraphs: 622464         (144 /sec)
          order  3    : 0              (-nan /sec)
          order  4    : 0              (-nan /sec)
          order  5    : 0              (-nan /sec)
          order  6    : 0              (-nan /sec)
          order  7    : 0              (-nan /sec)
          order  8    : 0              (-nan /sec)
          order  9    : 0              (-nan /sec)
          order 10    : 0              (-nan /sec)
          order 11    : 0              (-nan /sec)
          order 12    : 0              (-nan /sec)
          order 13    : 8198           (6468 /sec)
          order 14    : 88474          (948 /sec)
          order 15    : 40624          (1384 /sec)
          order 16    : 476891         (116 /sec)
          order 17    : 6940           (87 /sec)
          order 18    : 1335           (78 /sec)
          order 19    : 0              (-nan /sec)
          order 20    : 0              (-nan /sec)
          order 21    : 0              (-nan /sec)
Canonicity checking   : 4419.31 s
Noncanonicity checking: 4315.67 s
Total canonicity time : 8734.97 s
database reductions   : 94
restarts              : 4969
conflicts             : 2824213        (281 /sec)
decisions             : 4099044        (0.00 % random) (407 /sec)
propagations          : 129407344      (12862 /sec)
conflict literals     : 251193274      (55.26 % deleted)
actual reward         : 0.254447
Memory used           : 627.00 MB
CPU time              : 10061.1 s

UNSATISFIABLE
