c --- [ banner ] -------------------------------------------------------------
c 
c CaDiCaL Radically Simplified CDCL SAT Solver
c Copyright (c) 2016-2021 A. Biere, M. Fleury, N. Froleyks
c 
c Version 1.5.2 a5f15211db36c3956764e18194dd5bd63bf3b5e6
c g++ (GCC) 9.3.0 -Wall -Wextra -O3 -DNDEBUG
c Fri Oct 21 01:27:37 EDT 2022 Linux gra-login3 3.10.0-1160.66.1.el7.x86_64 x86_64
c 
c --- [ limit ] --------------------------------------------------------------
c 
c setting conflict limit to 200000 conflicts (due to '200000')
c 
c --- [ parsing input ] ------------------------------------------------------
c 
c reading DIMACS file from '33.cubes4934.adj'
c opening file to read '33.cubes4934.adj'
c found 'p cnf 6160 1595474' header
c parsed 1595474 clauses in 19.31 seconds process time
c closing file '33.cubes4934.adj'
c after reading 1457566769 bytes 1390.0 MB
c 
c --- [ options ] ------------------------------------------------------------
c 
c all options are set to their default value
c 
c --- [ solving ] ------------------------------------------------------------
c 
c time measured in process time since initialization
c 
c  seconds    reductions  redundant   irredundant
c          MB     restarts       trail       variables
c            level   conflicts       glue         remaining
c 
c * 19.32 1378  0 0   0    0    0  0% 0 1595422 2390 39%
c { 20.49 1432  0 0   0    0    0  0% 0 1595422 2390 39%
c i 22.32 1469 742 0   1   53   51 32% 5 1595422 2389 39%
c i 24.03 1487 460 0  10   87   75 28% 6 1595422 2388 39%
c i 24.22 1488 428 0  12   94   81 28% 7 1595422 2387 39%
c i 24.23 1488 424 0  12   95   81 28% 7 1595422 2386 39%
c i 24.24 1489 416 0  12   97   82 28% 7 1595422 2385 39%
c i 24.28 1490 406 0  13  100   84 28% 7 1595422 2384 39%
c i 24.54 1492 370 0  16  112   94 28% 9 1595422 2383 39%
c i 24.60 1492 356 0  18  117   97 28% 10 1595422 2382 39%
c i 24.61 1492 353 0  18  118   97 28% 10 1595422 2381 39%
c i 24.62 1492 342 0  19  122   99 28% 10 1595422 2372 39%
c i 24.65 1492 327 0  21  128  100 28% 11 1595422 2364 38%
c i 24.87 1494 309 0  24  141  108 28% 13 1595422 2362 38%
c i 25.02 1495 286 0  27  154  118 28% 14 1595422 2361 38%
c i 25.07 1496 279 0  28  158  121 28% 14 1595422 2360 38%
c i 25.07 1496 277 0  29  159  121 28% 14 1595422 2359 38%
c i 25.15 1496 273 0  30  163  123 28% 14 1595422 2357 38%
c i 25.49 1496 260 0  34  178  135 28% 15 1595422 2356 38%
c i 27.28 1505 204 0  53  264  200 27% 22 1595422 2355 38%
c 
c  seconds     reductions  redundant    irredundant
c          MB      restarts       trail        variables
c             level   conflicts       glue          remaining
c 
c i 27.53 1506 198 0  55  276  210 27% 22 1595422 2354 38%
c i 27.60 1506 197 0  56  279  212 27% 22 1595422 2353 38%
c i 27.61 1506 196 0  56  280  212 27% 22 1595422 2352 38%
c - 32.06 1496 186 1  59  302  220 26% 21 350658 2352 38%
c i 32.66 1452 179 1  63  332  246 27% 24 350658 2351 38%
c i 33.05 1452 160 1  72  380  283 27% 23 350658 2350 38%
c i 33.13 1452 151 1  72  405  305 27% 23 350658 2349 38%
c i 33.18 1452 149 1  72  410  309 27% 23 350658 2336 38%
c i 33.19 1452 148 1  72  415  312 27% 23 350658 2335 38%
c i 33.22 1452 148 1  72  417  313 27% 23 350658 2334 38%
c i 33.68 1452 146 1  74  470  356 27% 23 350658 2332 38%
c i 34.01 1452 148 1  78  496  380 27% 26 350658 2331 38%
c i 34.24 1452 148 1  83  517  399 27% 29 350658 2330 38%
c i 34.60 1452 145 1  89  543  421 27% 29 350658 2329 38%
c i 34.73 1453 142 1  92  558  431 27% 29 350658 2327 38%
c i 35.07 1453 129 1 104  638  495 27% 29 350658 2326 38%
c i 35.16 1453 129 1 104  646  502 27% 28 350658 2325 38%
c i 35.29 1453 129 1 104  655  510 27% 29 350658 2324 38%
c i 36.24 1453 128 1 114  703  555 27% 31 350658 2323 38%
c i 36.26 1453 128 1 115  706  555 27% 31 350658 2320 38%
c 
c  seconds     reductions  redundant   irredundant
c          MB      restarts       trail       variables
c             level   conflicts       glue         remaining
c 
c i 36.52 1453 127 1 119  719  567 27% 31 350658 2319 38%
c i 36.82 1454 124 1 127  753  590 27% 31 350658 2318 38%
c i 37.29 1454 122 1 139  793  627 27% 32 350658 2317 38%
c i 37.38 1454 121 1 141  801  632 27% 32 350658 2316 38%
c } 38.07 1454 104 1 149 1000  750 27% 30 350658 2316 38%
c [ 38.07 1454  0 1 149 1000  750  0% 0 350658 2316 38%
c O 38.10 1454 29 1 149 1003  753 27% 11 350658 2316 38%
c i 38.43 1454 26 1 149 1050  788 30% 20 350658 2315 38%
c - 39.32 1608 29 2 149 1229  817 32% 23 350346 2315 38%
c i 39.50 1608 28 2 149 1248  824 32% 23 350346 2314 38%
c i 39.58 1608 26 2 149 1314  862 32% 22 350346 2313 38%
c i 39.58 1608 26 2 149 1320  860 32% 22 350346 2312 38%
c i 39.59 1608 26 2 149 1341  874 32% 21 350346 2311 38%
c i 39.60 1608 25 2 149 1357  880 32% 21 350346 2310 38%
c i 39.63 1608 25 2 149 1384  897 32% 21 350346 2309 37%
c i 39.63 1608 25 2 149 1388  900 32% 21 350346 2308 37%
c i 39.64 1608 25 2 149 1393  903 32% 21 350346 2307 37%
c i 39.65 1608 25 2 149 1402  911 32% 21 350346 2306 37%
c i 39.65 1608 25 2 149 1404  911 32% 21 350346 2305 37%
c i 39.67 1608 26 2 149 1424  927 32% 21 350346 2304 37%
c 
c  seconds    reductions  redundant   irredundant
c          MB     restarts       trail       variables
c            level   conflicts       glue         remaining
c 
c i 39.67 1608 26 2 149 1449  944 32% 21 350346 2303 37%
c i 39.68 1608 26 2 149 1456  945 32% 21 350346 2302 37%
c i 39.72 1608 26 2 149 1526  985 32% 21 350346 2301 37%
c i 39.73 1608 26 2 149 1544  992 32% 22 350346 2300 37%
c i 39.73 1608 26 2 149 1545  992 32% 21 350346 2299 37%
c i 39.73 1608 26 2 149 1548  990 32% 21 350346 2298 37%
c i 39.82 1608 25 2 149 1745 1091 32% 21 350346 2297 37%
c - 41.25 1603 25 3 150 2621 1146 31% 21 350292 2297 37%
c ] 42.09 1504 24 3 150 3004 1353 52% 21 350292 2297 37%
c { 42.09 1504 104 3 150 3004 1353 73% 30 350292 2297 37%
c F 42.16 1504 104 3 150 3005 1354 73% 30 350292 2297 37%
c i 42.60 1504 100 3 158 3078 1421 71% 30 350292 2295 37%
c i 42.83 1504 100 3 164 3101 1443 70% 30 350292 2294 37%
c i 42.88 1504 100 3 165 3105 1446 70% 30 350292 2293 37%
c i 42.92 1504 100 3 166 3110 1449 70% 30 350292 2291 37%
c i 43.42 1504 100 3 182 3180 1508 69% 31 350292 2290 37%
c i 43.62 1504 98 3 189 3219 1539 68% 31 350292 2289 37%
c i 44.41 1504 88 3 197 3514 1755 64% 31 350292 2288 37%
c i 44.54 1504 87 3 198 3525 1765 64% 31 350292 2287 37%
c i 47.21 1504 87 3 266 3890 2102 60% 33 350292 2286 37%
c 
c  seconds    reductions  redundant   irredundant
c          MB     restarts       trail       variables
c            level   conflicts       glue         remaining
c 
c i 47.22 1504 86 3 266 3896 2107 60% 33 350292 2285 37%
c i 47.30 1504 86 3 266 3913 2123 60% 33 350292 2284 37%
c i 47.68 1504 83 3 266 4061 2243 59% 33 350292 2283 37%
c i 47.71 1504 83 3 266 4069 2250 59% 33 350292 2282 37%
c i 47.73 1504 83 3 266 4076 2256 59% 33 350292 2281 37%
c i 48.15 1504 80 3 269 4241 2395 58% 33 350292 2280 37%
c i 48.15 1504 80 3 269 4244 2397 58% 32 350292 2279 37%
c i 48.17 1504 80 3 269 4255 2407 58% 32 350292 2278 37%
c i 48.18 1504 79 3 269 4258 2409 58% 32 350292 2277 37%
c i 48.24 1504 79 3 269 4288 2428 58% 32 350292 2276 37%
c i 48.95 1504 78 3 285 4437 2550 57% 33 350292 2275 37%
c - 49.69 1357 78 4 286 4475 2014 57% 32 350226 2275 37%
c i 51.46 1357 74 4 310 4898 2393 56% 32 350226 2274 37%
c i 51.55 1357 74 4 313 4926 2417 55% 32 350226 2268 37%
c d 52.25 1357 72 4 315 5002 2477 55% 32 292665 2259 37%
c p 59.19 1357 72 4 315 5002 6923 55% 32 292665 2205 36%
c d 59.69 1357 72 4 315 5002 6770 55% 32 292289 2200 36%
c # 61.21 1357 63 4 324 6007 7547 54% 30 292289 2200 36%
c - 62.04 1473 56 5 324 6793 2882 53% 28 292289 2200 36%
c } 62.17 1473 55 5 324 7005 3030 53% 27 292289 2200 36%
c 
c  seconds    reductions  redundant   irredundant
c          MB     restarts       trail       variables
c            level   conflicts       glue         remaining
c 
c [ 62.17 1473 24 5 324 7005 3030 52% 21 292289 2200 36%
c - 63.49 1357 24 6 326 9431 2974 50% 20 292289 2200 36%
c I 63.76 1357 26 6 326 10012 3436 50% 22 292289 2200 36%
c - 68.49 1358 31 7 328 12510 3729 50% 26 292289 2200 36%
c 2 71.93 1358 32 7 329 15002 6369 49% 27 292289 2200 36%
c p 74.03 1358 32 7 329 15002 9756 49% 27 292289 2200 36%
c ] 74.14 1358 32 7 329 15005 9759 49% 27 292289 2200 36%
c { 74.14 1358 55 7 329 15005 9759 53% 27 292289 2200 36%
c B 74.22 1358 55 7 329 15015 9767 53% 27 292289 2200 36%
c - 75.03 1358 50 8 331 16030 4347 52% 27 292289 2200 36%
c s 76.87 1358 42 8 344 18770 6041 51% 24 290466 2200 36%
c v 82.38 1358 42 8 344 18770 6041 51% 24 290457 2200 36%
c t 82.48 1358 42 8 344 18770 6029 51% 24 290443 2200 36%
c e 83.51 1361 42 8 344 18770 5684 51% 24 287602 815 13%
c s 83.63 1361 42 8 344 18770 5683 51% 24 286876 815 13%
c - 87.43 1361 39 9 344 19989 4877 76% 23 286876 815 13%
c W 88.83 1361 38 9 363 21022 5701 76% 23 286876 815 13%
c - 92.96 1361 35 10 417 24368 5427 76% 22 286876 815 13%
c F 98.60 1361 33 10 589 28025 8153 75% 22 286876 815 13%
c - 101.71 1361 33 11 687 29181 6230 75% 22 286876 815 13%
c 
c  seconds     reductions    redundant   irredundant
c           MB      restarts        trail       variables
c             level     conflicts       glue        remaining
c 
c p 105.46 1361 33 11 689 30003 8479 75% 22 286876 814 13%
c } 106.31 1361 32 11 689 31007 9141 76% 21 286876 814 13%
c [ 106.31 1361 32 11 689 31007 9141 138% 27 286876 814 13%
c - 108.12 1361 30 12 690 34429 6481 121% 25 286873 814 13%
c B 109.64 1361 29 12 692 36026 7574 115% 24 286873 814 13%
c - 114.62 1361 30 13 695 40113 7285 106% 25 286873 814 13%
c W 119.92 1361 30 13 696 45029 10977 99% 26 286873 814 13%
c - 120.86 1361 30 14 697 46237 7970 97% 26 286873 814 13%
c ] 123.65 1361 30 14 697 49769 10447 94% 26 286873 814 13%
c 1 123.65 1361 30 14 697 49769 10447 94% 26 286873 814 13%
c 
c --- [ writing output ] -----------------------------------------------------
c 
c writing simplified CNF to DIMACS file 'simp/33.cubes4934.adj.simp1'
c * 123.65 1361 30 14 697 49769 10447 94% 26 286873 814 13%
c opening file to write 'simp/33.cubes4934.adj.simp1'
c writing 'p cnf 6160 286873' header
c closing file 'simp/33.cubes4934.adj.simp1'
c after writing 132753787 bytes 126.6 MB
c wrote 286873 clauses in 1.05 seconds process time
c 
c --- [ writing extension ] --------------------------------------------------
c 
c writing extension stack to 'simp/33.cubes4934.adj.ext1'
c opening file to write 'simp/33.cubes4934.adj.ext1'
c closing file 'simp/33.cubes4934.adj.ext1'
c after writing 89100 bytes 0.1 MB
c wrote 3994 witnesses in 0.00 seconds process time
c 
c --- [ result ] -------------------------------------------------------------
c 
s SATISFIABLE
c 
c --- [ run-time profiling ] -------------------------------------------------
c 
c process time taken by individual solving procedures
c (percentage relative to process time for solving)
c 
c        83.61   80.14% search
c        51.13   49.01% unstable
c        29.99   28.75% stable
c        20.72   19.86% simplify
c        19.31   18.51% parse
c        11.75   11.26% probe
c         5.58    5.34% vivify
c         1.91    1.83% elim
c         1.31    1.26% walk
c         1.17    1.12% lucky
c         0.23    0.22% subsume
c         0.12    0.11% ternary
c   =================================
c       104.33   83.67% solve
c 
c last line shows process time for solving
c (percentage relative to total process time)
c 
c --- [ statistics ] ---------------------------------------------------------
c 
c chronological:              8491        17.06 %  of conflicts
c conflicts:                 49769       477.04    per second
c decisions:                105081      1007.21    per second
c eliminated:                 1385        22.48 %  of all variables
c fixed:                       803        13.04 %  of all variables
c learned:                   48786        98.02 %  per conflict
c learned_lits:            9900223       100.00 %  learned literals
c minimized:                     0         0.00 %  learned literals
c shrunken:                5992387        60.53 %  learned literals
c minishrunken:             922452         9.32 %  learned literals
c propagations:            4646980         0.04 M  per second
c reduced:                   24768        49.77 %  per conflict
c rephased:                      9      5529.89    interval
c restarts:                    697        71.40    interval
c stabilizing:                   3        57.80 %  of conflicts
c substituted:                  14         0.23 %  of all variables
c subsumed:                  15712         0.46 %  of all clauses
c strengthened:               5510         0.16 %  of all clauses
c ternary:                    2119         0.56 %  of resolved
c vivified:                     42         0.00 %  of all clauses
c walked:                        2     24884.50    interval
c weakened:                   3191         2.96    average size
c 
c seconds are measured in process time for solving
c 
c --- [ resources ] ----------------------------------------------------------
c 
c total process time since initialization:       124.69    seconds
c total real time since initialization:          126.33    seconds
c maximum resident set size of process:         1756.52    MB
c 
c --- [ shutting down ] ------------------------------------------------------
c 
c exit 10
WARNING! DIMACS header mismatch: wrong number of variables.
============================[ Problem Statistics ]=============================
|                                                                             |
|  Number of variables:          3023                                         |
|  Number of clauses:          286875                                         |
|  Parse time:                   1.83 s                                       |
|  Simplification time:          0.07 s                                       |
|                                                                             |
============================[ Search Statistics ]====================================================
| Conflicts |          ORIGINAL         |          LEARNT          | Num Sols |      SUBGRAPHS      |
|           |    Vars  Clauses Literals |    Limit  Clauses Lit/Cl |          | Canonical Noncanon. |
=====================================================================================================
|       100 |    2931   286875 28888743 |     2000      100    125 |        0 |        19         0 |
|       295 |    2931   286920 28889499 |     2000      295    114 |        0 |        29        45 |
|       572 |    2931   286972 28890328 |     2000      572    108 |        0 |        59        97 |
|       958 |    2931   287021 28891249 |     2000      958    105 |        0 |        76       146 |
|      1481 |    2931   287038 28891776 |     2000     1481    108 |        0 |        80       163 |
|      2853 |    2931   287651 28899365 |     3600     1853     46 |        0 |       215       776 |
|      4026 |    2931   287685 28900090 |     3600     3026     66 |        0 |       245       810 |
|      6105 |    2931   288056 28906640 |     5002     3307     64 |        0 |       423      1181 |
|      8764 |    2931   288153 28908911 |     6305     3469     54 |        0 |       445      1278 |
|     12839 |    2931   288384 28913343 |     7566     4405     58 |        0 |       508      1509 |
|     19069 |    2931   288848 28922473 |     8792     6861     63 |        0 |       651      1973 |
|     29078 |    2931   290208 28944940 |    11206     7484     56 |        0 |      1000      3333 |
|     43392 |    2931   291548 28967536 |    13615    10007     59 |        0 |      1407      4673 |
|     65073 |    2931   293768 28999059 |    17205     9478     38 |        0 |      2009      6893 |
|     96038 |    2931   295541 29026981 |    20806    12844     47 |        0 |      2744      8666 |
|    143048 |    2931   298762 29076061 |    25608    14656     45 |        0 |      3840     11887 |
|    212122 |    2931   302152 29130314 |    30419    28941     76 |        0 |      4894     15277 |
|    318303 |    2931   309807 29235060 |    37615    34918     73 |        0 |      7047     22932 |
|    474999 |    2931   318714 29381351 |    47214    24413     37 |        0 |      9907     31839 |
|    703359 |    2931   325391 29506809 |    56819    47178     67 |        7 |     12553     38509 |
|   1056482 |    2914   338439 29756757 |    70012    34692     61 |        7 |     17916     59107 |
|   1569488 |    2914   352657 30039897 |    85614    66102     70 |        7 |     22914     73325 |
=====================================================================================================
Number of solutions   : 7
Canonical subgraphs   : 28422          (33 /sec)
          order  3    : 1              (111111 /sec)
          order  4    : 1              (500000 /sec)
          order  5    : 1              (166667 /sec)
          order  6    : 1              (41667 /sec)
          order  7    : 1              (6494 /sec)
          order  8    : 3              (1718 /sec)
          order  9    : 8              (392 /sec)
          order 10    : 32             (115 /sec)
          order 11    : 158            (66 /sec)
          order 12    : 867            (52 /sec)
          order 13    : 1501           (76 /sec)
          order 14    : 4821           (54 /sec)
          order 15    : 9215           (38 /sec)
          order 16    : 8295           (28 /sec)
          order 17    : 2528           (21 /sec)
          order 18    : 494            (16 /sec)
          order 19    : 247            (15 /sec)
          order 20    : 123            (17 /sec)
          order 21    : 118            (16 /sec)
          order 22    : 7              (1 /sec)
Noncanonical subgraphs: 87150          (353 /sec)
          order  3    : 0              (-nan /sec)
          order  4    : 0              (-nan /sec)
          order  5    : 0              (-nan /sec)
          order  6    : 0              (-nan /sec)
          order  7    : 0              (-nan /sec)
          order  8    : 0              (-nan /sec)
          order  9    : 0              (-nan /sec)
          order 10    : 0              (-nan /sec)
          order 11    : 0              (-nan /sec)
          order 12    : 0              (-nan /sec)
          order 13    : 16245          (2221 /sec)
          order 14    : 12446          (2775 /sec)
          order 15    : 20682          (1125 /sec)
          order 16    : 34257          (217 /sec)
          order 17    : 2298           (82 /sec)
          order 18    : 1088           (55 /sec)
          order 19    : 0              (-nan /sec)
          order 20    : 1              (801 /sec)
          order 21    : 0              (-nan /sec)
Canonicity checking   : 857.455 s
Noncanonicity checking: 246.9 s
Total canonicity time : 1104.36 s
database reductions   : 78
restarts              : 3854
conflicts             : 1978151        (879 /sec)
decisions             : 2488857        (0.00 % random) (1105 /sec)
propagations          : 81240795       (36080 /sec)
conflict literals     : 225094222      (54.84 % deleted)
actual reward         : 0.303057
Memory used           : 386.00 MB
CPU time              : 2251.69 s

UNSATISFIABLE
