c --- [ banner ] -------------------------------------------------------------
c 
c CaDiCaL Radically Simplified CDCL SAT Solver
c Copyright (c) 2016-2021 A. Biere, M. Fleury, N. Froleyks
c 
c Version 1.5.2 a5f15211db36c3956764e18194dd5bd63bf3b5e6
c g++ (GCC) 9.3.0 -Wall -Wextra -O3 -DNDEBUG
c Fri Oct 21 01:27:37 EDT 2022 Linux gra-login3 3.10.0-1160.66.1.el7.x86_64 x86_64
c 
c --- [ limit ] --------------------------------------------------------------
c 
c setting conflict limit to 200000 conflicts (due to '200000')
c 
c --- [ parsing input ] ------------------------------------------------------
c 
c reading DIMACS file from '33.cubes2450.adj'
c opening file to read '33.cubes2450.adj'
c found 'p cnf 6160 1595471' header
c parsed 1595471 clauses in 17.32 seconds process time
c closing file '33.cubes2450.adj'
c after reading 1457566749 bytes 1390.0 MB
c 
c --- [ options ] ------------------------------------------------------------
c 
c all options are set to their default value
c 
c --- [ solving ] ------------------------------------------------------------
c 
c time measured in process time since initialization
c 
c  seconds    reductions  redundant   irredundant
c          MB     restarts       trail       variables
c            level   conflicts       glue         remaining
c 
c * 17.32 1376  0 0   0    0    0  0% 0 1595422 2404 39%
c { 18.01 1415  0 0   0    0    0  0% 0 1595422 2404 39%
c i 22.19 1516 479 0  13   82   73 32% 24 1595422 2403 39%
c i 22.82 1521 375 0  19  114   96 29% 32 1595422 2400 39%
c i 23.60 1524 339 0  24  130  111 29% 30 1595422 2376 39%
c i 23.91 1526 331 0  25  134  114 28% 30 1595422 2375 39%
c i 24.81 1532 283 0  36  185  149 27% 36 1595422 2374 39%
c i 24.84 1532 278 0  37  192  152 27% 36 1595422 2370 38%
c i 24.86 1532 277 0  38  194  153 27% 36 1595422 2369 38%
c i 25.11 1532 272 0  41  206  162 27% 35 1595422 2368 38%
c i 25.43 1533 256 0  42  225  180 27% 34 1595422 2367 38%
c i 26.01 1534 243 0  44  260  210 27% 36 1595422 2366 38%
c i 26.03 1534 241 0  44  262  211 27% 35 1595422 2365 38%
c i 26.25 1534 232 0  48  276  222 27% 35 1595422 2364 38%
c i 26.26 1534 231 0  48  278  223 27% 35 1595422 2363 38%
c - 29.75 1489 216 1  49  301  239 27% 35 328893 2363 38%
c i 29.97 1456 214 1  49  305  240 27% 35 328893 2360 38%
c i 29.99 1456 213 1  49  308  242 27% 35 328893 2359 38%
c i 30.00 1456 210 1  49  316  248 27% 35 328893 2357 38%
c i 30.22 1456 198 1  50  348  276 28% 36 328893 2356 38%
c 
c  seconds     reductions  redundant   irredundant
c          MB      restarts       trail       variables
c             level   conflicts       glue         remaining
c 
c i 30.23 1457 197 1  50  349  276 28% 36 328893 2355 38%
c i 30.28 1457 189 1  50  367  291 28% 35 328893 2354 38%
c i 30.49 1457 183 1  53  387  308 28% 35 328893 2353 38%
c i 30.52 1457 182 1  53  388  308 28% 35 328893 2352 38%
c i 30.67 1457 175 1  54  413  328 28% 36 328893 2351 38%
c i 31.00 1457 171 1  59  450  360 28% 35 328893 2349 38%
c i 31.14 1457 169 1  59  463  368 28% 35 328893 2348 38%
c i 31.16 1457 169 1  59  464  368 28% 35 328893 2347 38%
c i 31.29 1457 165 1  61  489  389 28% 35 328893 2346 38%
c i 31.32 1457 165 1  61  491  390 28% 35 328893 2345 38%
c i 31.46 1457 162 1  61  515  407 28% 35 328893 2344 38%
c i 31.47 1457 160 1  61  526  417 28% 34 328893 2343 38%
c i 31.59 1457 155 1  61  563  448 28% 35 328893 2342 38%
c i 31.62 1457 154 1  62  572  456 28% 35 328893 2341 38%
c i 31.62 1457 154 1  62  574  457 28% 34 328893 2340 38%
c i 31.70 1457 151 1  62  595  475 28% 34 328893 2339 38%
c i 31.75 1457 148 1  63  617  491 28% 35 328893 2338 38%
c i 31.76 1457 145 1  63  634  502 28% 34 328893 2337 38%
c i 31.78 1457 140 1  63  660  519 28% 34 328893 2336 38%
c i 31.82 1457 124 1  63  767  609 28% 32 328893 2335 38%
c 
c  seconds     reductions  redundant   irredundant
c          MB      restarts       trail       variables
c             level   conflicts       glue         remaining
c 
c i 32.52 1457 120 1  75  887  708 28% 35 328893 2333 38%
c i 32.57 1457 120 1  77  892  711 28% 35 328893 2331 38%
c } 33.25 1457 113 1  89 1000  793 28% 34 328893 2331 38%
c [ 33.25 1457  0 1  89 1000  793  0% 0 328893 2331 38%
c O 33.27 1457 21 1  89 1002  795 23% 17 328893 2331 38%
c i 33.29 1457  7 1  89 1007  799 16% 6 328893 2313 38%
c i 33.29 1457  6 1  89 1008  799 16% 5 328893 2279 37%
c i 33.59 1457 30 1  89 1092  863 29% 20 328893 2278 37%
c i 33.60 1457 30 1  89 1093  863 29% 19 328893 2277 37%
c i 33.60 1457 29 1  89 1094  863 29% 19 328893 2276 37%
c i 33.61 1457 29 1  89 1102  867 30% 20 328893 2275 37%
c i 33.68 1457 29 1  89 1190  923 31% 22 328893 2274 37%
c - 34.36 1608 29 2  89 1213  823 31% 22 327997 2274 37%
c i 34.78 1608 24 2  89 1578 1044 32% 20 327997 2273 37%
c i 34.79 1608 24 2  89 1615 1068 32% 20 327997 2272 37%
c i 35.00 1608 22 2  90 2070 1266 32% 19 327997 2271 37%
c i 35.11 1608 23 2  90 2338 1458 32% 19 327997 2270 37%
c i 35.23 1608 23 2  90 2516 1593 32% 20 327997 2269 37%
c - 35.65 1533 24 3  90 2578 1247 32% 20 327982 2269 37%
c i 36.04 1533 24 3  90 2682 1307 51% 20 327982 2268 37%
c 
c  seconds    reductions  redundant   irredundant
c          MB     restarts       trail       variables
c            level   conflicts       glue         remaining
c 
c i 36.24 1533 25 3  90 2940 1460 50% 21 327982 2267 37%
c i 36.25 1533 25 3  90 2967 1474 50% 21 327982 2266 37%
c ] 36.27 1533 25 3  90 3001 1500 50% 21 327982 2266 37%
c { 36.27 1533 113 3  90 3001 1500 77% 34 327982 2266 37%
c F 36.28 1533 112 3  90 3006 1502 77% 34 327982 2266 37%
c i 36.80 1533 93 3  90 3277 1727 71% 30 327982 2265 37%
c i 36.83 1533 90 3  90 3337 1777 70% 30 327982 2264 37%
c i 36.85 1533 90 3  90 3342 1780 70% 30 327982 2263 37%
c i 36.97 1533 90 3  90 3351 1787 70% 30 327982 2262 37%
c i 39.86 1533 76 3 139 4215 2499 61% 29 327982 2261 37%
c - 40.97 1531 74 4 145 4397 2022 60% 29 327958 2261 37%
c i 41.20 1531 71 4 147 4612 2189 59% 29 327958 2260 37%
c d 41.85 1531 65 4 147 5002 2456 58% 28 327931 2248 36%
c 2 41.92 1531 65 4 147 5002 3547 58% 28 327918 2230 36%
c p 48.25 1531 65 4 147 5002 7079 58% 28 327918 2159 35%
c d 48.83 1531 65 4 147 5002 6833 58% 28 327255 2157 35%
c # 49.65 1531 56 4 152 6007 7574 56% 26 327255 2157 35%
c - 50.82 1385 51 5 161 6671 2816 54% 25 327255 2157 35%
c } 53.66 1385 53 5 218 7002 3099 54% 26 327255 2157 35%
c [ 53.66 1385 25 5 218 7002 3099 50% 21 327255 2157 35%
c 
c  seconds    reductions  redundant   irredundant
c          MB     restarts       trail       variables
c            level   conflicts       glue         remaining
c 
c - 55.97 1386 30 6 220 9399 3389 50% 25 327255 2157 35%
c I 56.40 1386 31 6 220 10009 3835 50% 26 327255 2157 35%
c - 59.37 1387 26 7 222 12580 3871 48% 21 327255 2157 35%
c ] 61.62 1387 27 7 223 15006 5742 48% 22 327255 2157 35%
c { 61.62 1387 53 7 223 15006 5742 54% 26 327255 2157 35%
c 2 61.68 1387 53 7 224 15006 6948 54% 26 327255 2157 35%
c p 64.62 1387 53 7 224 15006 10971 54% 26 327255 2157 35%
c B 64.90 1387 53 7 225 15011 10975 54% 26 327255 2157 35%
c - 66.68 1387 47 8 258 16215 5009 53% 24 327255 2157 35%
c s 75.42 1387 47 8 529 18749 6835 51% 26 325573 2157 35%
c v 81.09 1387 47 8 529 18749 6835 51% 26 325565 2157 35%
c t 81.19 1387 47 8 529 18749 6815 51% 26 325558 2157 35%
c e 82.02 1388 47 8 529 18749 6542 51% 26 322792 799 13%
c s 82.12 1388 47 8 529 18749 6542 51% 26 322093 799 13%
c - 83.92 1388 44 9 543 20306 5707 71% 25 322093 799 13%
c W 84.42 1388 43 9 543 21014 6242 71% 25 322093 799 13%
c - 85.38 1388 37 10 598 24829 5770 72% 23 322093 799 13%
c F 88.70 1388 36 10 739 28015 7978 72% 23 322093 799 13%
c - 90.39 1388 35 11 764 29805 6503 73% 23 322093 799 13%
c p 94.46 1388 34 11 764 30006 9747 73% 23 322093 797 13%
c 
c  seconds    reductions    redundant   irredundant
c          MB      restarts        trail       variables
c            level     conflicts       glue        remaining
c 
c d 94.70 1388 34 11 764 30006 9682 73% 23 322087 796 13%
c } 96.70 1388 34 11 819 31006 10400 73% 23 322087 796 13%
c [ 96.70 1388 27 11 819 31006 10400 136% 22 322087 796 13%
c - 98.77 1388 28 12 821 35237 7069 114% 23 322087 796 13%
c B 99.31 1388 28 12 822 36020 7459 111% 23 322087 796 13%
c ] 101.66 1388 28 12 825 40254 10397 102% 23 322087 796 13%
c 1 101.66 1388 28 12 825 40254 10397 102% 23 322087 796 13%
c 
c --- [ writing output ] -----------------------------------------------------
c 
c writing simplified CNF to DIMACS file 'simp/33.cubes2450.adj.simp1'
c * 101.66 1388 28 12 825 40254 10397 102% 23 322087 796 13%
c opening file to write 'simp/33.cubes2450.adj.simp1'
c writing 'p cnf 6160 322087' header
c closing file 'simp/33.cubes2450.adj.simp1'
c after writing 156969510 bytes 149.7 MB
c wrote 322087 clauses in 0.95 seconds process time
c 
c --- [ writing extension ] --------------------------------------------------
c 
c writing extension stack to 'simp/33.cubes2450.adj.ext1'
c opening file to write 'simp/33.cubes2450.adj.ext1'
c closing file 'simp/33.cubes2450.adj.ext1'
c after writing 91278 bytes 0.1 MB
c wrote 4018 witnesses in 0.00 seconds process time
c 
c --- [ result ] -------------------------------------------------------------
c 
s SATISFIABLE
c 
c --- [ run-time profiling ] -------------------------------------------------
c 
c process time taken by individual solving procedures
c (percentage relative to process time for solving)
c 
c        62.01   73.53% search
c        45.07   53.44% unstable
c        22.32   26.47% simplify
c        17.32   20.54% parse
c        15.94   18.90% stable
c        13.20   15.66% probe
c         5.73    6.79% vivify
c         1.55    1.83% elim
c         0.68    0.81% lucky
c         0.31    0.37% walk
c         0.20    0.24% subsume
c         0.13    0.15% ternary
c   =================================
c        84.34   82.19% solve
c 
c last line shows process time for solving
c (percentage relative to total process time)
c 
c --- [ statistics ] ---------------------------------------------------------
c 
c chronological:              8061        20.03 %  of conflicts
c conflicts:                 40254       477.30    per second
c decisions:                106157      1258.74    per second
c eliminated:                 1358        22.05 %  of all variables
c fixed:                       847        13.75 %  of all variables
c learned:                   39320        97.68 %  per conflict
c learned_lits:            6902420       100.00 %  learned literals
c minimized:                     0         0.00 %  learned literals
c shrunken:                4442815        64.37 %  learned literals
c minishrunken:             473341         6.86 %  learned literals
c propagations:            3907120         0.05 M  per second
c reduced:                   17546        43.59 %  per conflict
c rephased:                      8      5031.75    interval
c restarts:                    825        48.79    interval
c stabilizing:                   3        47.83 %  of conflicts
c substituted:                  15         0.24 %  of all variables
c subsumed:                  13716         0.40 %  of all clauses
c strengthened:               2046         0.06 %  of all clauses
c ternary:                    2815         0.61 %  of resolved
c vivified:                     14         0.00 %  of all clauses
c walked:                        1     40254.00    interval
c weakened:                   3171         3.13    average size
c 
c seconds are measured in process time for solving
c 
c --- [ resources ] ----------------------------------------------------------
c 
c total process time since initialization:       102.61    seconds
c total real time since initialization:          103.19    seconds
c maximum resident set size of process:         1757.41    MB
c 
c --- [ shutting down ] ------------------------------------------------------
c 
c exit 10
WARNING! DIMACS header mismatch: wrong number of variables.
============================[ Problem Statistics ]=============================
|                                                                             |
|  Number of variables:          3251                                         |
|  Number of clauses:          322089                                         |
|  Parse time:                   2.20 s                                       |
|  Simplification time:          0.06 s                                       |
|                                                                             |
============================[ Search Statistics ]====================================================
| Conflicts |          ORIGINAL         |          LEARNT          | Num Sols |      SUBGRAPHS      |
|           |    Vars  Clauses Literals |    Limit  Clauses Lit/Cl |          | Canonical Noncanon. |
=====================================================================================================
|       107 |    3157   322096 33458624 |     2000      106    111 |        0 |        21         7 |
|       268 |    3157   322107 33458997 |     2000      267    115 |        0 |        32        18 |
|       494 |    3157   322108 33459005 |     2000      493    107 |        0 |        34        19 |
|       849 |    3157   322126 33459458 |     2000      848    103 |        0 |        48        37 |
|      1372 |    3157   322143 33459699 |     2000     1371    106 |        0 |        55        54 |
|      2139 |    3157   322151 33460065 |     3601     1140     81 |        0 |        74        62 |
|      3340 |    3157   322213 33461590 |     3601     2341     89 |        0 |       116       124 |
|      5784 |    3157   322949 33476951 |     5000     2984     58 |        0 |       227       860 |
|      9645 |    3157   324248 33500775 |     6301     4346     51 |        0 |       322      2159 |
|     13529 |    3157   324288 33501841 |     7556     5085     55 |        0 |       370      2199 |
|     19911 |    3157   324904 33512343 |     8787     7698     59 |        0 |       530      2815 |
|     28694 |    3157   325038 33514788 |    11202     7096     45 |        0 |       613      2949 |
|     41946 |    3157   325316 33520971 |    13609     8555     41 |        0 |       694      3227 |
|     63325 |    3157   327234 33554859 |    16004    15729     68 |        0 |      1048      5145 |
|    103289 |    3157   338006 33721254 |    20809    20098     17 |        0 |      2042     15917 |
|    147547 |    3157   338475 33731530 |    25626    19173     42 |        0 |      2234     16386 |
|    213849 |    3157   339093 33745035 |    31610    15459     18 |        0 |      2443     17004 |
|    313033 |    3157   339751 33761671 |    37611    29644     52 |        0 |      2667     17662 |
|    461285 |    3157   340214 33774902 |    46013    33698     54 |        0 |      3038     18125 |
|    683674 |    3157   340920 33799625 |    55613    55287     66 |        0 |      3620     18831 |
|   1017238 |    3157   341956 33831912 |    68823    50061     51 |        0 |      4272     19870 |
|   1517332 |    3157   343262 33873216 |    84414    56146     50 |        0 |      4862     21176 |
|   2267940 |    3157   345688 33939797 |   103621    59561     38 |        1 |      5527     23601 |
|   3391753 |    3157   347227 33996628 |   126419    96572     57 |        1 |      6352     25140 |
|   5077848 |    3157   349911 34083345 |   155223   100271     47 |        1 |      7368     27824 |
|   7608718 |    3157   355665 34256851 |   190025   137143     53 |        3 |      9346     33576 |
|  11400515 |    3157   359787 34395603 |   233220   130935     36 |        3 |     10618     37698 |
|  17093272 |    3157   371032 34776439 |   284828   268100     58 |        3 |     14012     48943 |
|  25645387 |    3157   400878 35560163 |   349649   272036     57 |        3 |     19283     78789 |
=====================================================================================================
Number of solutions   : 3
Canonical subgraphs   : 22665          (4 /sec)
          order  3    : 1              (200000 /sec)
          order  4    : 1              (500000 /sec)
          order  5    : 1              (250000 /sec)
          order  6    : 1              (50000 /sec)
          order  7    : 1              (8065 /sec)
          order  8    : 1              (926 /sec)
          order  9    : 2              (137 /sec)
          order 10    : 6              (30 /sec)
          order 11    : 15             (6 /sec)
          order 12    : 64             (3 /sec)
          order 13    : 224            (3 /sec)
          order 14    : 4021           (3 /sec)
          order 15    : 13029          (4 /sec)
          order 16    : 4137           (5 /sec)
          order 17    : 618            (5 /sec)
          order 18    : 171            (4 /sec)
          order 19    : 121            (4 /sec)
          order 20    : 119            (4 /sec)
          order 21    : 129            (4 /sec)
          order 22    : 3              (0 /sec)
Noncanonical subgraphs: 248574         (204 /sec)
          order  3    : 0              (-nan /sec)
          order  4    : 0              (-nan /sec)
          order  5    : 0              (-nan /sec)
          order  6    : 0              (-nan /sec)
          order  7    : 0              (-nan /sec)
          order  8    : 0              (-nan /sec)
          order  9    : 0              (-nan /sec)
          order 10    : 0              (-nan /sec)
          order 11    : 0              (-nan /sec)
          order 12    : 0              (-nan /sec)
          order 13    : 491            (34580 /sec)
          order 14    : 4349           (886 /sec)
          order 15    : 215141         (198 /sec)
          order 16    : 25698          (1194 /sec)
          order 17    : 2699           (44 /sec)
          order 18    : 63             (22 /sec)
          order 19    : 0              (-nan /sec)
          order 20    : 0              (-nan /sec)
          order 21    : 0              (-nan /sec)
Canonicity checking   : 5716.17 s
Noncanonicity checking: 1220.94 s
Total canonicity time : 6937.1 s
database reductions   : 321
restarts              : 44226
conflicts             : 31651368       (1570 /sec)
decisions             : 38882919       (0.00 % random) (1928 /sec)
propagations          : 1423747927     (70613 /sec)
conflict literals     : 3238619681     (57.46 % deleted)
actual reward         : 0.283819
Memory used           : 664.00 MB
CPU time              : 20162.6 s

UNSATISFIABLE
