c --- [ banner ] -------------------------------------------------------------
c 
c CaDiCaL Radically Simplified CDCL SAT Solver
c Copyright (c) 2016-2021 A. Biere, M. Fleury, N. Froleyks
c 
c Version 1.5.2 a5f15211db36c3956764e18194dd5bd63bf3b5e6
c g++ (GCC) 9.3.0 -Wall -Wextra -O3 -DNDEBUG
c Fri Oct 21 01:27:37 EDT 2022 Linux gra-login3 3.10.0-1160.66.1.el7.x86_64 x86_64
c 
c --- [ limit ] --------------------------------------------------------------
c 
c setting conflict limit to 200000 conflicts (due to '200000')
c 
c --- [ parsing input ] ------------------------------------------------------
c 
c reading DIMACS file from '33.cubes649.adj'
c opening file to read '33.cubes649.adj'
c found 'p cnf 6160 1595468' header
c parsed 1595468 clauses in 18.61 seconds process time
c closing file '33.cubes649.adj'
c after reading 1457566728 bytes 1390.0 MB
c 
c --- [ options ] ------------------------------------------------------------
c 
c all options are set to their default value
c 
c --- [ solving ] ------------------------------------------------------------
c 
c time measured in process time since initialization
c 
c  seconds    reductions  redundant   irredundant
c          MB     restarts       trail       variables
c            level   conflicts       glue         remaining
c 
c * 18.62 1358  0 0   0    0    0  0% 0 1595422 2453 40%
c { 19.13 1382  0 0   0    0    0  0% 0 1595422 2453 40%
c i 19.55 1400 1060 0   0   11   10 32% 1 1595422 2441 40%
c i 21.93 1464 587 0   4   49   34 31% 14 1595422 2432 39%
c i 22.42 1466 310 0  15   93   53 30% 21 1595422 2430 39%
c i 22.48 1466 272 0  18  108   64 30% 22 1595422 2429 39%
c i 22.86 1471 240 0  21  127   77 30% 21 1595422 2424 39%
c i 23.91 1479 212 0  26  154   99 29% 23 1595422 2423 39%
c i 24.90 1488 204 0  31  189  129 29% 39 1595422 2421 39%
c i 24.98 1488 200 0  33  195  134 29% 39 1595422 2409 39%
c i 25.26 1489 190 0  36  207  141 29% 37 1595422 2408 39%
c i 26.04 1495 183 0  40  221  153 28% 36 1595422 2407 39%
c i 26.50 1498 174 0  44  241  171 28% 36 1595422 2406 39%
c i 26.64 1498 170 0  44  248  177 28% 36 1595422 2405 39%
c i 26.84 1500 160 0  44  266  194 28% 35 1595422 2404 39%
c i 26.98 1501 151 0  44  285  209 29% 34 1595422 2403 39%
c - 31.06 1474 149 1  47  303  225 29% 36 477601 2403 39%
c i 32.38 1406 137 1  53  361  278 28% 36 477601 2402 39%
c i 32.48 1406 131 1  53  382  296 28% 35 477601 2401 39%
c i 32.56 1406 131 1  53  386  299 28% 35 477601 2400 39%
c 
c  seconds     reductions  redundant   irredundant
c          MB      restarts       trail       variables
c             level   conflicts       glue         remaining
c 
c i 32.58 1406 131 1  53  390  302 28% 35 477601 2399 39%
c i 32.60 1406 131 1  53  399  307 28% 35 477601 2398 39%
c i 32.68 1406 131 1  53  406  313 28% 35 477601 2397 39%
c i 32.70 1406 131 1  53  407  313 28% 35 477601 2396 39%
c i 32.79 1406 131 1  53  437  329 28% 37 477601 2394 39%
c i 32.95 1406 131 1  55  446  334 28% 37 477601 2392 39%
c i 33.25 1406 128 1  57  460  345 28% 36 477601 2391 39%
c i 33.30 1406 128 1  57  465  348 28% 37 477601 2390 39%
c i 33.37 1406 128 1  58  468  348 28% 37 477601 2387 39%
c i 33.58 1406 127 1  62  483  361 28% 37 477601 2386 39%
c i 33.66 1406 125 1  65  493  366 28% 37 477601 2385 39%
c i 33.72 1406 124 1  66  498  370 28% 37 477601 2384 39%
c i 33.78 1407 124 1  66  499  370 28% 37 477601 2383 39%
c i 34.02 1407 125 1  66  509  378 28% 36 477601 2381 39%
c i 34.07 1406 126 1  66  514  382 28% 36 477601 2380 39%
c i 34.11 1406 126 1  66  517  384 28% 36 477601 2379 39%
c i 34.21 1406 126 1  67  527  392 28% 37 477601 2378 39%
c i 34.28 1407 125 1  67  533  397 28% 37 477601 2377 39%
c i 34.31 1407 125 1  67  534  397 28% 37 477601 2376 39%
c i 34.64 1407 125 1  70  549  411 28% 37 477601 2375 39%
c 
c  seconds     reductions  redundant   irredundant
c          MB      restarts       trail       variables
c             level   conflicts       glue         remaining
c 
c i 34.89 1407 124 1  72  563  418 28% 37 477601 2374 39%
c i 34.97 1407 123 1  72  568  422 28% 37 477601 2373 39%
c i 35.09 1407 122 1  72  575  428 28% 37 477601 2372 39%
c i 35.09 1407 122 1  72  576  428 28% 37 477601 2371 38%
c i 35.09 1407 122 1  72  577  428 28% 37 477601 2370 38%
c i 35.09 1407 122 1  72  578  428 28% 37 477601 2369 38%
c i 35.09 1407 122 1  72  579  428 28% 36 477601 2368 38%
c i 35.14 1407 119 1  72  600  446 28% 36 477601 2367 38%
c i 35.18 1407 119 1  72  601  446 28% 36 477601 2366 38%
c i 35.23 1407 118 1  72  610  452 28% 36 477601 2365 38%
c i 35.38 1407 112 1  72  662  495 28% 34 477601 2364 38%
c i 35.48 1407 111 1  72  688  520 28% 34 477601 2363 38%
c i 35.48 1407 111 1  72  689  520 28% 34 477601 2362 38%
c i 35.48 1407 111 1  72  690  520 28% 34 477601 2361 38%
c i 35.48 1407 111 1  72  691  520 28% 34 477601 2360 38%
c i 35.48 1407 111 1  72  692  520 27% 34 477601 2359 38%
c i 35.48 1407 111 1  72  693  520 27% 34 477601 2358 38%
c i 35.51 1407 110 1  72  695  521 27% 34 477601 2357 38%
c i 35.54 1407 109 1  72  713  538 27% 34 477601 2356 38%
c i 35.56 1407 109 1  72  715  539 27% 34 477601 2355 38%
c 
c  seconds     reductions  redundant   irredundant
c          MB      restarts       trail       variables
c             level   conflicts       glue         remaining
c 
c i 35.58 1407 109 1  72  717  540 27% 34 477601 2354 38%
c i 35.74 1408 105 1  72  765  579 27% 33 477601 2353 38%
c i 35.76 1408 104 1  72  767  580 27% 33 477601 2352 38%
c i 35.79 1408 104 1  72  769  581 27% 33 477601 2351 38%
c i 35.80 1408 104 1  72  770  581 27% 33 477601 2350 38%
c i 35.80 1408 104 1  72  771  581 27% 33 477601 2349 38%
c i 35.80 1408 104 1  72  772  581 27% 33 477601 2348 38%
c i 36.50 1408 99 1  75  873  678 27% 33 477601 2347 38%
c i 36.70 1408 98 1  75  887  690 27% 33 477601 2346 38%
c i 36.80 1408 97 1  75  895  694 27% 33 477601 2345 38%
c i 36.80 1408 97 1  75  896  694 27% 33 477601 2344 38%
c i 36.81 1408 97 1  75  897  694 27% 33 477601 2343 38%
c i 36.98 1408 94 1  75  934  727 27% 32 477601 2342 38%
c i 37.02 1408 93 1  75  962  747 27% 32 477601 2341 38%
c i 37.02 1408 93 1  75  963  747 27% 32 477601 2340 38%
c i 37.02 1408 93 1  75  965  748 27% 32 477601 2339 38%
c i 37.02 1408 93 1  75  966  748 27% 32 477601 2338 38%
c i 37.06 1408 92 1  75  979  751 27% 31 477601 2337 38%
c } 37.11 1408 90 1  75 1000  768 27% 31 477601 2337 38%
c [ 37.11 1408  0 1  75 1000  768  0% 0 477601 2337 38%
c 
c  seconds    reductions  redundant  irredundant
c          MB     restarts       trail      variables
c            level   conflicts       glue        remaining
c 
c O 37.16 1408 12 1  75 1002  770 21% 6 477601 2337 38%
c i 37.40 1408  7 1  75 1016  779 17% 5 477601 2336 38%
c i 37.46 1408  8 1  75 1019  781 19% 5 477601 2335 38%
c i 37.76 1408 15 1  75 1048  807 25% 9 477601 2334 38%
c i 37.81 1408 14 1  75 1065  819 25% 9 477601 2333 38%
c i 37.82 1408 14 1  75 1066  819 25% 9 477601 2332 38%
c i 37.83 1408 13 1  75 1068  820 25% 9 477601 2331 38%
c i 37.84 1408 13 1  75 1071  822 25% 9 477601 2330 38%
c i 37.99 1408 14 1  75 1101  839 26% 10 477601 2329 38%
c i 38.11 1408 15 1  75 1128  859 27% 11 477601 2328 38%
c i 38.11 1408 14 1  75 1129  859 27% 11 477601 2327 38%
c i 38.20 1408 15 1  75 1154  873 27% 12 477601 2326 38%
c i 38.24 1408 16 1  75 1160  876 27% 12 477601 2325 38%
c i 38.26 1408 16 1  75 1167  879 27% 12 477601 2324 38%
c i 38.28 1408 15 1  75 1169  879 27% 12 477601 2323 38%
c i 38.28 1408 15 1  75 1171  879 27% 12 477601 2322 38%
c i 38.28 1408 15 1  75 1172  879 27% 12 477601 2321 38%
c i 38.36 1408 15 1  75 1213  909 27% 12 477601 2320 38%
c i 38.43 1408 16 1  75 1229  922 27% 12 477601 2319 38%
c i 38.43 1408 16 1  75 1230  922 27% 12 477601 2318 38%
c 
c  seconds    reductions  redundant   irredundant
c          MB     restarts       trail       variables
c            level   conflicts       glue         remaining
c 
c i 38.52 1408 16 1  75 1261  945 27% 12 477601 2317 38%
c i 38.52 1408 16 1  75 1262  945 27% 12 477601 2316 38%
c i 38.53 1408 16 1  75 1272  950 28% 12 477601 2315 38%
c i 38.53 1408 16 1  75 1273  950 27% 12 477601 2314 38%
c i 38.53 1408 16 1  75 1274  950 27% 12 477601 2313 38%
c i 38.53 1408 16 1  75 1275  950 27% 12 477601 2312 38%
c i 38.53 1408 16 1  75 1276  950 27% 12 477601 2311 38%
c i 38.53 1408 16 1  75 1277  950 27% 12 477601 2310 38%
c - 39.64 1602 16 2  75 1311  834 28% 12 477322 2310 38%
c i 41.20 1556 16 2  76 2360 1435 30% 13 477322 2309 37%
c - 41.99 1556 16 3  76 2821 1275 30% 13 477319 2309 37%
c ] 42.63 1556 16 3  76 3003 1381 50% 13 477319 2309 37%
c { 42.63 1556 90 3  76 3003 1381 73% 31 477319 2309 37%
c F 42.64 1556 90 3  76 3004 1382 73% 31 477319 2309 37%
c i 43.17 1556 85 3  76 3098 1465 71% 31 477319 2308 37%
c i 43.24 1556 84 3  76 3139 1501 70% 30 477319 2307 37%
c i 43.26 1556 84 3  76 3142 1503 70% 30 477319 2306 37%
c i 43.38 1556 84 3  78 3162 1522 69% 30 477319 2305 37%
c i 43.38 1556 84 3  78 3167 1526 69% 30 477319 2304 37%
c i 43.50 1556 85 3  82 3194 1548 68% 31 477319 2301 37%
c 
c  seconds    reductions  redundant   irredundant
c          MB     restarts       trail       variables
c            level   conflicts       glue         remaining
c 
c i 44.42 1556 73 3  91 3524 1811 64% 29 477319 2300 37%
c i 44.54 1556 71 3  91 3600 1865 64% 29 477319 2299 37%
c i 44.59 1556 70 3  91 3635 1888 64% 28 477319 2298 37%
c i 44.66 1556 67 3  91 3722 1951 63% 28 477319 2297 37%
c i 45.37 1556 66 3  94 3839 2045 62% 28 477319 2296 37%
c i 45.47 1556 66 3  94 3859 2064 62% 28 477319 2295 37%
c i 45.76 1556 62 3  94 4035 2217 61% 27 477319 2294 37%
c - 47.46 1549 53 4  99 4836 2109 57% 26 477274 2294 37%
c d 48.86 1550 51 4  99 5000 2214 57% 26 445541 2275 37%
c 2 48.97 1550 51 4  99 5000 3148 57% 26 445541 2243 36%
c p 56.20 1549 51 4  99 5000 5815 57% 26 445541 2195 36%
c d 56.97 1549 51 4  99 5000 5656 57% 26 444916 2192 36%
c # 58.73 1549 45 4 109 6005 6464 54% 25 444916 2192 36%
c } 64.76 1549 47 4 242 7003 7304 51% 26 444916 2192 36%
c [ 64.76 1549 16 4 242 7003 7304 50% 13 444916 2192 36%
c - 66.10 1521 17 5 243 7356 3103 47% 13 444916 2192 36%
c ] 67.62 1521 19 5 244 9267 4485 49% 16 444916 2192 36%
c 1 67.62 1521 19 5 244 9267 4485 49% 16 444916 2192 36%
c 
c --- [ writing output ] -----------------------------------------------------
c 
c writing simplified CNF to DIMACS file 'simp/33.cubes649.adj.simp1'
c * 67.62 1521 19 5 244 9267 4485 49% 16 444916 2192 36%
c opening file to write 'simp/33.cubes649.adj.simp1'
c writing 'p cnf 6160 444916' header
c closing file 'simp/33.cubes649.adj.simp1'
c after writing 177353106 bytes 169.1 MB
c wrote 444916 clauses in 1.29 seconds process time
c 
c --- [ writing extension ] --------------------------------------------------
c 
c writing extension stack to 'simp/33.cubes649.adj.ext1'
c opening file to write 'simp/33.cubes649.adj.ext1'
c closing file 'simp/33.cubes649.adj.ext1'
c after writing 12770 bytes 0.0 MB
c wrote 846 witnesses in 0.00 seconds process time
c 
c --- [ result ] -------------------------------------------------------------
c 
s SATISFIABLE
c 
c --- [ run-time profiling ] -------------------------------------------------
c 
c process time taken by individual solving procedures
c (percentage relative to process time for solving)
c 
c        40.04   81.70% search
c        31.14   63.54% unstable
c        18.61   37.98% parse
c         8.97   18.30% simplify
c         8.38   17.11% stable
c         7.23   14.74% probe
c         0.51    1.05% lucky
c         0.08    0.16% ternary
c   =================================
c        49.01   71.11% solve
c 
c last line shows process time for solving
c (percentage relative to total process time)
c 
c --- [ statistics ] ---------------------------------------------------------
c 
c chronological:              2270        24.50 %  of conflicts
c conflicts:                  9267       189.10    per second
c decisions:                 38351       782.56    per second
c fixed:                       802        13.02 %  of all variables
c learned:                    9012        97.25 %  per conflict
c learned_lits:            1453063       100.00 %  learned literals
c minimized:                     0         0.00 %  learned literals
c shrunken:                 917792        63.16 %  learned literals
c minishrunken:             109806         7.56 %  learned literals
c propagations:            1545120         0.03 M  per second
c reduced:                    2387        25.76 %  per conflict
c rephased:                      3      3089.00    interval
c restarts:                    244        37.98    interval
c stabilizing:                   2        46.05 %  of conflicts
c substituted:                  22         0.36 %  of all variables
c subsumed:                   2132         0.06 %  of all clauses
c ternary:                     934         0.45 %  of resolved
c weakened:                     44         2.00    average size
c 
c seconds are measured in process time for solving
c 
c --- [ resources ] ----------------------------------------------------------
c 
c total process time since initialization:        68.91    seconds
c total real time since initialization:           69.51    seconds
c maximum resident set size of process:         1749.39    MB
c 
c --- [ shutting down ] ------------------------------------------------------
c 
c exit 10
WARNING! DIMACS header mismatch: wrong number of variables.
============================[ Problem Statistics ]=============================
|                                                                             |
|  Number of variables:          6120                                         |
|  Number of clauses:          444920                                         |
|  Parse time:                   2.41 s                                       |
|  Simplification time:          0.07 s                                       |
|                                                                             |
============================[ Search Statistics ]====================================================
| Conflicts |          ORIGINAL         |          LEARNT          | Num Sols |      SUBGRAPHS      |
|           |    Vars  Clauses Literals |    Limit  Clauses Lit/Cl |          | Canonical Noncanon. |
=====================================================================================================
|       117 |    6030   444937 39370148 |     2000      117     59 |        0 |        23        17 |
|       276 |    6030   444946 39370351 |     2000      276     50 |        0 |        46        26 |
|       513 |    6030   444958 39370539 |     2000      513     54 |        0 |        84        38 |
|       857 |    6030   444965 39370740 |     2000      857     62 |        0 |        95        45 |
|      1512 |    6030   445114 39373899 |     2000     1512     66 |        0 |       142       194 |
|      2322 |    6030   445165 39375637 |     3602     1324     45 |        0 |       154       245 |
|      4880 |    6030   446584 39404781 |     5004     2084     27 |        0 |       587      1664 |
|      8352 |    6030   448348 39433018 |     6304     3056     25 |        0 |       934      3428 |
|     11225 |    6030   448659 39440616 |     6304     5929     52 |        0 |      1027      3739 |
|     16481 |    6030   450071 39471076 |     8784     4265     27 |        0 |      1377      5151 |
|     23528 |    6030   451352 39499213 |     9994     6922     45 |        0 |      1657      6432 |
|     32242 |    6030   451417 39500925 |    11203    10645     56 |        0 |      1714      6497 |
|     45400 |    6030   451601 39505038 |    13606    12006     60 |        0 |      1782      6681 |
|     68483 |    6030   455223 39569041 |    17210    12893     39 |        0 |      2404     10303 |
|    111302 |    6030   468850 39822013 |    22016    17718     37 |        0 |      4809     23930 |
|    170338 |    6030   484097 40077741 |    28016    15754     31 |        0 |      7462     39177 |
|    265117 |    6030   513192 40488604 |    35211    17528     20 |        0 |     10603     68272 |
|    383680 |    6030   533229 40768937 |    42422    21502     26 |        0 |     15530     88309 |
|    561372 |    6030   563132 41158752 |    50820    38192     48 |        0 |     23822    118212 |
|    893601 |    6013   599039 41514496 |    63921    57922     50 |        0 |     38333    228758 |
=====================================================================================================
Number of solutions   : 0
Canonical subgraphs   : 50662          (41 /sec)
          order  3    : 1              (200000 /sec)
          order  4    : 1              (500000 /sec)
          order  5    : 1              (250000 /sec)
          order  6    : 1              (55556 /sec)
          order  7    : 2              (10526 /sec)
          order  8    : 4              (2073 /sec)
          order  9    : 11             (531 /sec)
          order 10    : 36             (125 /sec)
          order 11    : 162            (62 /sec)
          order 12    : 1093           (46 /sec)
          order 13    : 13224          (57 /sec)
          order 14    : 6631           (50 /sec)
          order 15    : 11197          (40 /sec)
          order 16    : 8109           (33 /sec)
          order 17    : 7258           (31 /sec)
          order 18    : 2324           (30 /sec)
          order 19    : 410            (34 /sec)
          order 20    : 109            (49 /sec)
          order 21    : 88             (57 /sec)
          order 22    : 0              (-nan /sec)
Noncanonical subgraphs: 277086         (423 /sec)
          order  3    : 0              (-nan /sec)
          order  4    : 0              (-nan /sec)
          order  5    : 0              (-nan /sec)
          order  6    : 0              (-nan /sec)
          order  7    : 0              (-nan /sec)
          order  8    : 0              (-nan /sec)
          order  9    : 0              (-nan /sec)
          order 10    : 0              (-nan /sec)
          order 11    : 0              (-nan /sec)
          order 12    : 0              (-nan /sec)
          order 13    : 27600          (2758 /sec)
          order 14    : 231127         (399 /sec)
          order 15    : 14511          (396 /sec)
          order 16    : 3733           (144 /sec)
          order 17    : 7              (3097 /sec)
          order 18    : 12             (132 /sec)
          order 19    : 0              (-nan /sec)
          order 20    : 0              (-nan /sec)
          order 21    : 0              (-nan /sec)
Canonicity checking   : 1237.07 s
Noncanonicity checking: 654.402 s
Total canonicity time : 1891.47 s
database reductions   : 57
restarts              : 2047
conflicts             : 1105476        (428 /sec)
decisions             : 1644174        (0.00 % random) (636 /sec)
propagations          : 119048281      (46079 /sec)
conflict literals     : 90094760       (52.14 % deleted)
actual reward         : 0.098610
Memory used           : 609.00 MB
CPU time              : 2583.58 s

UNSATISFIABLE
