c --- [ banner ] -------------------------------------------------------------
c 
c CaDiCaL Radically Simplified CDCL SAT Solver
c Copyright (c) 2016-2021 A. Biere, M. Fleury, N. Froleyks
c 
c Version 1.5.2 a5f15211db36c3956764e18194dd5bd63bf3b5e6
c g++ (GCC) 9.3.0 -Wall -Wextra -O3 -DNDEBUG
c Fri Oct 21 01:27:37 EDT 2022 Linux gra-login3 3.10.0-1160.66.1.el7.x86_64 x86_64
c 
c --- [ limit ] --------------------------------------------------------------
c 
c setting conflict limit to 200000 conflicts (due to '200000')
c 
c --- [ parsing input ] ------------------------------------------------------
c 
c reading DIMACS file from '33.cubes397.adj'
c opening file to read '33.cubes397.adj'
c found 'p cnf 6160 1595473' header
c parsed 1595473 clauses in 18.92 seconds process time
c closing file '33.cubes397.adj'
c after reading 1457566762 bytes 1390.0 MB
c 
c --- [ options ] ------------------------------------------------------------
c 
c all options are set to their default value
c 
c --- [ solving ] ------------------------------------------------------------
c 
c time measured in process time since initialization
c 
c  seconds    reductions  redundant   irredundant
c          MB     restarts       trail       variables
c            level   conflicts       glue         remaining
c 
c * 18.92 1364  0 0   0    0    0  0% 0 1595422 2438 40%
c { 19.41 1387  0 0   0    0    0  0% 0 1595422 2438 40%
c i 19.76 1402 1101 0   0   12   11 35% 1 1595422 2427 39%
c i 20.68 1436 1094 0   1   23   20 38% 4 1595422 2413 39%
c i 20.71 1437 831 0   1   42   27 31% 5 1595422 2407 39%
c i 21.96 1460 772 0   4   59   42 33% 8 1595422 2377 39%
c i 22.89 1468 563 0   9   78   52 31% 13 1595422 2375 39%
c i 23.49 1472 495 0  12   90   61 30% 17 1595422 2374 39%
c i 23.53 1472 483 0  12   92   62 30% 17 1595422 2373 39%
c i 23.88 1476 374 0  18  117   77 28% 15 1595422 2372 39%
c i 24.28 1477 348 0  18  127   85 28% 17 1595422 2370 38%
c i 24.49 1478 321 0  19  142   92 28% 17 1595422 2369 38%
c i 24.52 1478 316 0  20  144   93 28% 17 1595422 2368 38%
c i 24.69 1480 300 0  22  152   99 28% 18 1595422 2367 38%
c i 24.76 1481 293 0  23  156  102 28% 18 1595422 2366 38%
c i 24.96 1483 286 0  24  160  105 28% 18 1595422 2365 38%
c i 25.19 1483 259 0  29  181  123 28% 22 1595422 2364 38%
c i 25.33 1483 247 0  32  191  128 28% 23 1595422 2363 38%
c i 25.87 1486 197 0  41  243  153 27% 22 1595422 2362 38%
c i 25.88 1486 195 0  41  245  154 27% 22 1595422 2361 38%
c 
c  seconds     reductions  redundant    irredundant
c          MB      restarts       trail        variables
c             level   conflicts       glue          remaining
c 
c i 26.17 1487 183 0  41  266  173 27% 23 1595422 2360 38%
c i 26.18 1487 182 0  41  268  174 27% 22 1595422 2359 38%
c i 26.22 1487 179 0  41  273  178 27% 22 1595422 2358 38%
c i 26.31 1487 173 0  41  284  188 27% 22 1595422 2357 38%
c - 30.21 1457 166 1  43  300  203 27% 23 320311 2357 38%
c i 30.53 1362 148 1  43  341  227 28% 22 320311 2356 38%
c i 30.53 1362 147 1  43  342  227 28% 22 320311 2355 38%
c i 30.54 1362 146 1  43  346  229 28% 22 320311 2354 38%
c i 30.58 1362 139 1  43  364  239 28% 21 320311 2353 38%
c i 30.70 1363 134 1  43  384  250 28% 21 320311 2352 38%
c i 30.70 1363 134 1  43  385  250 28% 21 320311 2351 38%
c i 30.70 1363 133 1  43  388  252 28% 20 320311 2350 38%
c i 30.83 1363 126 1  43  414  277 28% 20 320311 2349 38%
c i 30.83 1363 125 1  43  416  278 28% 20 320311 2348 38%
c i 30.83 1363 125 1  43  417  278 28% 20 320311 2347 38%
c i 30.83 1363 124 1  43  418  278 28% 20 320311 2346 38%
c i 30.83 1363 124 1  43  419  278 28% 20 320311 2345 38%
c i 30.83 1363 124 1  43  420  278 28% 20 320311 2344 38%
c i 30.83 1363 124 1  43  421  278 28% 20 320311 2343 38%
c i 30.85 1363 123 1  43  424  279 28% 20 320311 2342 38%
c 
c  seconds     reductions  redundant   irredundant
c          MB      restarts       trail       variables
c             level   conflicts       glue         remaining
c 
c i 30.92 1363 114 1  43  461  303 28% 19 320311 2341 38%
c i 30.92 1363 114 1  43  462  303 28% 19 320311 2340 38%
c i 30.93 1363 113 1  43  465  304 28% 19 320311 2339 38%
c i 31.04 1363 107 1  43  497  321 28% 19 320311 2338 38%
c i 31.05 1363 107 1  43  499  322 28% 19 320311 2337 38%
c i 31.14 1363 105 1  43  509  331 28% 18 320311 2336 38%
c i 31.15 1363 105 1  43  510  331 28% 18 320311 2335 38%
c i 31.18 1363 104 1  43  514  334 28% 18 320311 2334 38%
c i 31.19 1363 104 1  43  519  337 28% 18 320311 2333 38%
c i 31.27 1363 102 1  43  541  354 28% 19 320311 2332 38%
c i 31.28 1363 101 1  43  543  355 28% 19 320311 2331 38%
c i 31.32 1363 100 1  44  552  362 28% 19 320311 2330 38%
c i 31.35 1363 99 1  46  564  373 28% 19 320311 2329 38%
c i 31.50 1363 99 1  49  577  385 28% 20 320311 2328 38%
c i 31.65 1363 99 1  52  588  392 28% 19 320311 2326 38%
c i 31.76 1363 100 1  54  598  398 28% 19 320311 2325 38%
c i 32.04 1363 100 1  58  615  413 28% 20 320311 2324 38%
c i 32.10 1363 100 1  61  629  425 28% 20 320311 2323 38%
c i 32.49 1363 98 1  64  661  452 28% 20 320311 2322 38%
c i 32.49 1363 98 1  64  662  452 28% 20 320311 2321 38%
c 
c  seconds    reductions  redundant   irredundant
c          MB     restarts       trail       variables
c            level   conflicts       glue         remaining
c 
c i 32.70 1363 96 1  69  685  469 28% 20 320311 2320 38%
c i 32.74 1363 95 1  69  696  478 28% 20 320311 2319 38%
c i 32.77 1363 95 1  70  700  481 28% 20 320311 2318 38%
c i 32.79 1363 94 1  72  706  484 28% 20 320311 2317 38%
c i 32.79 1363 94 1  72  708  485 28% 20 320311 2316 38%
c i 32.88 1363 94 1  74  713  489 28% 20 320311 2315 38%
c i 32.88 1363 94 1  74  715  490 28% 20 320311 2314 38%
c i 32.93 1363 92 1  74  726  499 28% 20 320311 2313 38%
c i 33.04 1363 91 1  74  737  508 28% 20 320311 2312 38%
c i 33.12 1363 90 1  74  761  526 28% 20 320311 2309 37%
c i 33.16 1363 88 1  76  784  547 28% 20 320311 2308 37%
c i 33.49 1363 85 1  78  832  581 28% 20 320311 2307 37%
c i 33.56 1363 85 1  78  837  584 28% 20 320311 2306 37%
c i 34.41 1363 83 1  86  897  636 28% 20 320311 2305 37%
c i 34.42 1363 83 1  87  899  637 28% 20 320311 2304 37%
c i 34.92 1363 81 1  93  934  668 28% 20 320311 2303 37%
c i 34.95 1363 81 1  93  937  670 28% 20 320311 2302 37%
c i 34.97 1363 81 1  94  941  673 28% 20 320311 2301 37%
c i 35.02 1363 81 1  95  944  675 28% 20 320311 2300 37%
c i 35.15 1363 80 1  97  954  684 28% 21 320311 2299 37%
c 
c  seconds    reductions  redundant   irredundant
c          MB     restarts       trail       variables
c            level   conflicts       glue         remaining
c 
c i 35.35 1363 79 1 104  978  702 28% 20 320311 2298 37%
c } 35.57 1363 79 1 108 1001  718 28% 20 320311 2298 37%
c [ 35.57 1363  0 1 108 1001  718  0% 0 320311 2298 37%
c O 35.57 1363  0 1 108 1002  718 12% 0 320311 2298 37%
c i 35.57 1363  0 1 108 1002  718 12% 0 320311 2266 37%
c i 35.57 1363  1 1 108 1003  718 12% 0 320311 2251 37%
c i 35.87 1363 17 1 108 1029  741 31% 11 320311 2250 37%
c i 35.88 1363 17 1 108 1031  742 31% 11 320311 2249 37%
c i 35.99 1363 20 1 108 1059  764 32% 16 320311 2248 36%
c i 36.04 1363 20 1 108 1078  775 32% 17 320311 2247 36%
c i 36.04 1363 20 1 108 1081  776 32% 16 320311 2246 36%
c i 36.05 1363 20 1 108 1085  779 32% 16 320311 2245 36%
c - 36.98 1493 19 2 108 1205  784 33% 16 319363 2245 36%
c i 37.29 1493 20 2 108 1327  870 32% 17 319363 2244 36%
c i 37.89 1493 20 2 109 2397 1604 32% 18 319363 2243 36%
c - 38.34 1493 20 3 109 2558 1285 32% 18 319357 2243 36%
c ] 38.83 1492 20 3 109 3002 1509 54% 18 319357 2243 36%
c { 38.83 1492 79 3 109 3002 1509 76% 20 319357 2243 36%
c F 38.83 1492 79 3 109 3003 1510 76% 20 319357 2243 36%
c i 38.87 1492 78 3 109 3007 1513 76% 20 319357 2242 36%
c 
c  seconds    reductions  redundant   irredundant
c          MB     restarts       trail       variables
c            level   conflicts       glue         remaining
c 
c i 38.87 1492 78 3 109 3008 1513 76% 20 319357 2241 36%
c i 38.87 1492 78 3 109 3009 1513 76% 20 319357 2240 36%
c i 38.87 1492 78 3 109 3010 1513 76% 20 319357 2239 36%
c i 38.87 1492 78 3 109 3011 1513 76% 20 319357 2238 36%
c i 39.01 1492 77 3 109 3029 1528 75% 20 319357 2237 36%
c i 39.01 1492 77 3 109 3030 1528 75% 20 319357 2236 36%
c i 39.12 1492 77 3 110 3044 1539 75% 20 319357 2235 36%
c i 39.15 1492 77 3 111 3050 1544 74% 20 319357 2234 36%
c i 39.18 1492 77 3 111 3052 1545 74% 20 319357 2233 36%
c i 39.25 1492 76 3 112 3069 1556 74% 20 319357 2232 36%
c i 39.26 1492 76 3 112 3071 1557 74% 20 319357 2231 36%
c i 39.50 1492 75 3 112 3111 1589 73% 20 319357 2230 36%
c i 39.58 1492 74 3 112 3137 1610 72% 20 319357 2229 36%
c i 39.62 1492 74 3 112 3149 1619 72% 20 319357 2228 36%
c i 39.77 1492 72 3 113 3221 1676 70% 20 319357 2227 36%
c i 39.77 1492 72 3 113 3225 1679 70% 20 319357 2226 36%
c i 39.82 1492 71 3 113 3246 1697 69% 20 319357 2225 36%
c i 39.95 1492 68 3 113 3308 1743 68% 20 319357 2224 36%
c i 40.00 1492 67 3 113 3365 1788 67% 20 319357 2223 36%
c i 40.03 1492 66 3 113 3391 1813 66% 20 319357 2222 36%
c 
c  seconds    reductions  redundant   irredundant
c          MB     restarts       trail       variables
c            level   conflicts       glue         remaining
c 
c i 40.07 1492 66 3 113 3409 1829 66% 20 319357 2213 36%
c i 40.17 1492 65 3 114 3446 1855 65% 20 319357 2212 36%
c i 40.63 1492 66 3 132 3531 1935 64% 20 319357 2210 36%
c i 40.78 1492 66 3 135 3560 1953 63% 20 319357 2209 36%
c i 40.87 1492 67 3 138 3570 1962 63% 20 319357 2208 36%
c i 41.09 1492 67 3 145 3606 1988 63% 21 319357 2207 36%
c i 41.41 1492 67 3 155 3648 2018 62% 22 319357 2205 36%
c i 41.64 1492 67 3 163 3678 2046 62% 22 319357 2204 36%
c i 41.76 1492 67 3 167 3699 2064 61% 22 319357 2203 36%
c i 42.14 1492 66 3 176 3773 2130 61% 22 319357 2202 36%
c i 42.14 1492 66 3 176 3774 2130 61% 22 319357 2201 36%
c i 42.27 1492 64 3 176 3843 2172 60% 21 319357 2200 36%
c i 43.10 1492 56 3 178 4334 2562 57% 21 319357 2199 36%
c - 43.54 1482 55 4 178 4365 1888 57% 20 319065 2199 36%
c i 43.80 1482 54 4 178 4442 1950 57% 20 319065 2198 36%
c i 44.24 1482 54 4 191 4562 2039 56% 21 319065 2197 36%
c i 44.33 1482 54 4 195 4575 2049 56% 21 319065 2196 36%
c i 44.92 1482 53 4 220 4732 2172 56% 21 319065 2195 36%
c i 44.97 1482 52 4 220 4817 2226 56% 21 319065 2194 36%
c i 44.98 1482 52 4 220 4836 2243 55% 21 319065 2193 36%
c 
c  seconds    reductions  redundant   irredundant
c          MB     restarts       trail       variables
c            level   conflicts       glue         remaining
c 
c 2 45.68 1482 50 4 220 5000 3651 55% 20 318991 2175 35%
c p 49.71 1482 50 4 220 5000 6452 55% 20 318991 2114 34%
c d 50.18 1482 50 4 220 5000 6306 55% 20 299231 2110 34%
c # 51.71 1482 44 4 247 6006 7000 52% 20 299231 2110 34%
c - 53.15 1365 40 5 257 6620 2587 51% 19 299231 2110 34%
c } 53.83 1365 38 5 257 7004 2820 51% 18 299231 2110 34%
c [ 53.83 1365 20 5 257 7004 2820 54% 18 299231 2110 34%
c - 56.45 1366 18 6 259 9277 2937 50% 16 299231 2110 34%
c I 57.09 1366 18 6 259 10007 3331 49% 16 299231 2110 34%
c - 59.65 1365 23 7 261 12376 3587 50% 19 299231 2110 34%
c ] 61.14 1366 25 7 262 15007 5346 50% 21 299231 2110 34%
c { 61.14 1366 38 7 262 15007 5346 51% 18 299231 2110 34%
c 3 61.17 1366 38 7 262 15007 6557 51% 18 299227 2110 34%
c p 63.50 1366 38 7 262 15007 9361 51% 18 299227 2110 34%
c B 63.56 1366 38 7 262 15008 9362 51% 18 299227 2110 34%
c - 65.57 1366 36 8 303 15920 4389 50% 18 299227 2110 34%
c s 68.96 1366 31 8 375 18710 6305 50% 17 296889 2110 34%
c v 75.15 1366 31 8 375 18710 6305 50% 17 296884 2110 34%
c t 75.29 1366 31 8 375 18710 6289 50% 17 296878 2110 34%
c e 76.31 1367 31 8 375 18710 5908 50% 17 294030 655 11%
c 
c  seconds    reductions   redundant   irredundant
c          MB     restarts        trail       variables
c            level    conflicts       glue        remaining
c 
c s 76.43 1367 31 8 375 18710 5908 50% 17 293584 655 11%
c - 78.62 1368 29 9 395 19905 4681 78% 17 293584 655 11%
c W 80.98 1367 28 9 442 21009 5483 77% 17 293584 655 11%
c - 83.24 1367 26 10 509 24309 4840 77% 16 293584 655 11%
c } 83.48 1367 25 10 518 24799 5120 76% 16 293584 655 11%
c 1 83.48 1367 25 10 518 24799 5120 76% 16 293584 655 11%
c 
c --- [ writing output ] -----------------------------------------------------
c 
c writing simplified CNF to DIMACS file 'simp/33.cubes397.adj.simp1'
c * 83.48 1367 25 10 518 24799 5120 76% 16 293584 655 11%
c opening file to write 'simp/33.cubes397.adj.simp1'
c writing 'p cnf 6160 293584' header
c closing file 'simp/33.cubes397.adj.simp1'
c after writing 115332509 bytes 110.0 MB
c wrote 293584 clauses in 0.82 seconds process time
c 
c --- [ writing extension ] --------------------------------------------------
c 
c writing extension stack to 'simp/33.cubes397.adj.ext1'
c opening file to write 'simp/33.cubes397.adj.ext1'
c closing file 'simp/33.cubes397.adj.ext1'
c after writing 93964 bytes 0.1 MB
c wrote 4191 witnesses in 0.00 seconds process time
c 
c --- [ result ] -------------------------------------------------------------
c 
s SATISFIABLE
c 
c --- [ run-time profiling ] -------------------------------------------------
c 
c process time taken by individual solving procedures
c (percentage relative to process time for solving)
c 
c        48.60   75.29% search
c        37.23   57.67% unstable
c        18.92   29.31% parse
c        15.95   24.71% simplify
c        10.57   16.37% stable
c         6.29    9.75% vivify
c         6.28    9.73% probe
c         1.93    2.99% elim
c         0.49    0.75% lucky
c         0.32    0.50% walk
c         0.25    0.39% subsume
c         0.10    0.16% ternary
c   =================================
c        64.56   76.58% solve
c 
c last line shows process time for solving
c (percentage relative to total process time)
c 
c --- [ statistics ] ---------------------------------------------------------
c 
c chronological:              5043        20.34 %  of conflicts
c conflicts:                 24799       384.15    per second
c decisions:                 60728       940.71    per second
c eliminated:                 1455        23.62 %  of all variables
c fixed:                       884        14.35 %  of all variables
c learned:                   24213        97.64 %  per conflict
c learned_lits:            3667371       100.00 %  learned literals
c minimized:                     0         0.00 %  learned literals
c shrunken:                2401918        65.49 %  learned literals
c minishrunken:             264138         7.20 %  learned literals
c propagations:            3270998         0.05 M  per second
c reduced:                   10941        44.12 %  per conflict
c rephased:                      6      4133.17    interval
c restarts:                    518        47.87    interval
c stabilizing:                   2        40.34 %  of conflicts
c substituted:                  22         0.36 %  of all variables
c subsumed:                  10486         0.31 %  of all clauses
c strengthened:               4624         0.14 %  of all clauses
c ternary:                    2633         0.68 %  of resolved
c vivified:                     22         0.00 %  of all clauses
c walked:                        1     24799.00    interval
c weakened:                   3307         3.03    average size
c 
c seconds are measured in process time for solving
c 
c --- [ resources ] ----------------------------------------------------------
c 
c total process time since initialization:        84.30    seconds
c total real time since initialization:           84.72    seconds
c maximum resident set size of process:         1621.98    MB
c 
c --- [ shutting down ] ------------------------------------------------------
c 
c exit 10
WARNING! DIMACS header mismatch: wrong number of variables.
============================[ Problem Statistics ]=============================
|                                                                             |
|  Number of variables:          2814                                         |
|  Number of clauses:          293586                                         |
|  Parse time:                   1.50 s                                       |
|  Simplification time:          0.03 s                                       |
|                                                                             |
============================[ Search Statistics ]====================================================
| Conflicts |          ORIGINAL         |          LEARNT          | Num Sols |      SUBGRAPHS      |
|           |    Vars  Clauses Literals |    Limit  Clauses Lit/Cl |          | Canonical Noncanon. |
=====================================================================================================
|       149 |    2719   293635 25295766 |     2000      149     63 |        0 |        33        49 |
|       299 |    2719   293635 25295766 |     2000      299     74 |        0 |        34        49 |
|       538 |    2719   293649 25296083 |     2000      538     72 |        0 |        43        63 |
|      1207 |    2719   293981 25300730 |     2000     1207     55 |        0 |       160       395 |
|      1750 |    2719   294018 25301302 |     2000     1750     66 |        0 |       183       432 |
|      2540 |    2719   294049 25301931 |     3600     1540     48 |        0 |       208       463 |
|      3870 |    2719   294240 25304035 |     3600     2870     59 |        0 |       290       654 |
|      5661 |    2719   294323 25305834 |     5001     2862     55 |        0 |       354       737 |
|      8388 |    2719   294488 25308104 |     6306     3094     46 |        0 |       451       902 |
|     12940 |    2719   295196 25317466 |     7559     4499     44 |        0 |       717      1610 |
|     19001 |    2719   295491 25322270 |     8787     6788     59 |        0 |       812      1905 |
|     28409 |    2719   296250 25334524 |    11197     6806     43 |        0 |      1157      2664 |
|     41691 |    2719   296558 25339670 |    13609     8300     41 |        0 |      1346      2972 |
|     61698 |    2719   297104 25348272 |    16010    14108     60 |        0 |      1688      3518 |
|     91502 |    2719   297716 25357470 |    19612    18114     57 |        0 |      2028      4130 |
|    136510 |    2718   298935 25377222 |    24413    20323     50 |        0 |      2408      5349 |
=====================================================================================================
Number of solutions   : 0
Canonical subgraphs   : 3242           (25 /sec)
          order  3    : 1              (200000 /sec)
          order  4    : 1              (500000 /sec)
          order  5    : 1              (200000 /sec)
          order  6    : 1              (52632 /sec)
          order  7    : 1              (8333 /sec)
          order  8    : 2              (1379 /sec)
          order  9    : 6              (315 /sec)
          order 10    : 22             (93 /sec)
          order 11    : 80             (41 /sec)
          order 12    : 226            (38 /sec)
          order 13    : 102            (55 /sec)
          order 14    : 288            (41 /sec)
          order 15    : 686            (30 /sec)
          order 16    : 815            (22 /sec)
          order 17    : 684            (19 /sec)
          order 18    : 237            (19 /sec)
          order 19    : 39             (21 /sec)
          order 20    : 24             (22 /sec)
          order 21    : 26             (21 /sec)
          order 22    : 0              (-nan /sec)
Noncanonical subgraphs: 6852           (255 /sec)
          order  3    : 0              (-nan /sec)
          order  4    : 0              (-nan /sec)
          order  5    : 0              (-nan /sec)
          order  6    : 0              (-nan /sec)
          order  7    : 0              (-nan /sec)
          order  8    : 0              (-nan /sec)
          order  9    : 0              (-nan /sec)
          order 10    : 0              (-nan /sec)
          order 11    : 0              (-nan /sec)
          order 12    : 0              (-nan /sec)
          order 13    : 1001           (2023 /sec)
          order 14    : 1021           (2521 /sec)
          order 15    : 1405           (714 /sec)
          order 16    : 3196           (156 /sec)
          order 17    : 203            (92 /sec)
          order 18    : 0              (-nan /sec)
          order 19    : 0              (-nan /sec)
          order 20    : 0              (-nan /sec)
          order 21    : 0              (-nan /sec)
Canonicity checking   : 129.026 s
Noncanonicity checking: 26.8277 s
Total canonicity time : 155.854 s
database reductions   : 22
restarts              : 509
conflicts             : 186863         (838 /sec)
decisions             : 246915         (0.00 % random) (1107 /sec)
propagations          : 7417860        (33249 /sec)
conflict literals     : 14952433       (56.24 % deleted)
actual reward         : 0.311448
Memory used           : 285.00 MB
CPU time              : 223.103 s

UNSATISFIABLE
