c --- [ banner ] -------------------------------------------------------------
c 
c CaDiCaL Radically Simplified CDCL SAT Solver
c Copyright (c) 2016-2021 A. Biere, M. Fleury, N. Froleyks
c 
c Version 1.5.2 a5f15211db36c3956764e18194dd5bd63bf3b5e6
c g++ (GCC) 9.3.0 -Wall -Wextra -O3 -DNDEBUG
c Fri Oct 21 01:27:37 EDT 2022 Linux gra-login3 3.10.0-1160.66.1.el7.x86_64 x86_64
c 
c --- [ limit ] --------------------------------------------------------------
c 
c setting conflict limit to 200000 conflicts (due to '200000')
c 
c --- [ parsing input ] ------------------------------------------------------
c 
c reading DIMACS file from '33.cubes1509.adj'
c opening file to read '33.cubes1509.adj'
c found 'p cnf 6160 1595475' header
c parsed 1595475 clauses in 19.14 seconds process time
c closing file '33.cubes1509.adj'
c after reading 1457566776 bytes 1390.0 MB
c 
c --- [ options ] ------------------------------------------------------------
c 
c all options are set to their default value
c 
c --- [ solving ] ------------------------------------------------------------
c 
c time measured in process time since initialization
c 
c  seconds    reductions  redundant   irredundant
c          MB     restarts       trail       variables
c            level   conflicts       glue         remaining
c 
c * 19.14 1369  0 0   0    0    0  0% 0 1595422 2382 39%
c { 20.71 1441  0 0   0    0    0  0% 0 1595422 2382 39%
c i 21.05 1448 997 0   0    7    6 31% 1 1595422 2375 39%
c i 23.30 1487 265 0   6   66   53 27% 14 1595422 2340 38%
c i 23.49 1488 241 0   6   77   59 26% 15 1595422 2339 38%
c i 23.50 1488 236 0   7   79   60 26% 15 1595422 2338 38%
c i 23.71 1492 222 0   7   88   65 26% 14 1595422 2337 38%
c i 24.35 1495 151 0  12  142  103 25% 16 1595422 2336 38%
c i 24.47 1495 150 0  13  160  113 26% 20 1595422 2335 38%
c i 24.55 1495 146 0  15  167  119 26% 20 1595422 2332 38%
c i 24.92 1497 147 0  18  180  130 26% 23 1595422 2322 38%
c i 24.94 1498 147 0  19  183  131 26% 23 1595422 2320 38%
c i 24.96 1498 147 0  20  185  132 26% 23 1595422 2319 38%
c i 25.62 1503 115 0  32  275  173 25% 22 1595422 2318 38%
c i 25.69 1503 114 0  32  285  182 25% 23 1595422 2317 38%
c i 25.72 1503 113 0  32  290  186 25% 23 1595422 2313 38%
c i 25.75 1503 113 0  33  294  189 25% 23 1595422 2307 37%
c i 25.78 1503 112 0  33  296  190 25% 23 1595422 2306 37%
c i 25.81 1503 112 0  34  301  194 26% 24 1595422 2305 37%
c - 29.73 1493 112 1  35  301  193 26% 24 436449 2305 37%
c 
c  seconds    reductions  redundant   irredundant
c          MB     restarts       trail       variables
c            level   conflicts       glue         remaining
c 
c i 30.25 1399 97 1  38  375  254 26% 22 436449 2304 37%
c i 30.53 1400 85 1  38  440  304 25% 19 436449 2303 37%
c i 30.54 1400 85 1  38  442  305 25% 19 436449 2302 37%
c i 30.54 1400 85 1  38  444  306 25% 19 436449 2301 37%
c i 30.54 1400 84 1  38  446  307 25% 19 436449 2300 37%
c i 30.89 1400 86 1  43  487  336 25% 22 436449 2299 37%
c i 31.17 1400 84 1  49  508  356 25% 22 436449 2298 37%
c i 31.18 1400 84 1  50  509  356 25% 22 436449 2297 37%
c i 31.82 1401 73 1  58  660  426 24% 21 436449 2296 37%
c i 31.92 1401 74 1  62  674  439 24% 22 436449 2295 37%
c i 32.27 1401 74 1  70  700  458 24% 22 436449 2294 37%
c i 32.27 1401 73 1  70  702  459 24% 22 436449 2293 37%
c i 32.32 1401 73 1  71  704  460 24% 22 436449 2292 37%
c i 32.32 1401 73 1  71  706  460 24% 21 436449 2291 37%
c i 32.40 1401 73 1  72  717  467 24% 21 436449 2290 37%
c i 32.44 1401 72 1  72  729  476 24% 21 436449 2289 37%
c i 32.80 1402 73 1  77  786  526 25% 22 436449 2288 37%
c i 33.23 1402 65 1  85  901  571 24% 20 436449 2287 37%
c i 33.25 1402 65 1  85  903  572 24% 20 436449 2286 37%
c i 33.25 1402 65 1  85  904  572 24% 20 436449 2285 37%
c 
c  seconds    reductions  redundant   irredundant
c          MB     restarts       trail       variables
c            level   conflicts       glue         remaining
c 
c i 33.26 1402 65 1  85  906  573 24% 20 436449 2284 37%
c i 34.14 1403 64 1 102 1000  652 25% 22 436449 2283 37%
c } 34.14 1403 64 1 102 1000  652 25% 22 436449 2283 37%
c [ 34.14 1403  0 1 102 1000  652  0% 0 436449 2283 37%
c O 34.19 1403  3 1 102 1002  654 18% 3 436449 2283 37%
c i 34.38 1403 12 1 102 1043  672 21% 8 436449 2282 37%
c i 34.41 1403 11 1 102 1044  672 22% 8 436449 2281 37%
c i 34.43 1403 12 1 102 1047  674 22% 8 436449 2280 37%
c i 34.60 1403 16 1 102 1080  705 26% 12 436449 2279 37%
c i 34.66 1403 17 1 102 1104  727 27% 12 436449 2278 37%
c i 34.70 1403 16 1 102 1133  751 28% 12 436449 2277 37%
c i 34.71 1403 16 1 102 1134  751 28% 12 436449 2276 37%
c i 34.84 1403 20 1 102 1226  823 29% 16 436449 2275 37%
c i 34.85 1403 20 1 102 1227  823 29% 16 436449 2274 37%
c i 34.87 1403 20 1 102 1240  831 29% 16 436449 2273 37%
c - 35.70 1579 22 2 102 1285  796 30% 17 436353 2273 37%
c i 35.72 1579 22 2 102 1286  796 30% 17 436353 2272 37%
c i 35.95 1579 22 2 102 1344  833 30% 18 436353 2271 37%
c i 35.99 1579 23 2 102 1386  860 30% 18 436353 2270 37%
c i 36.03 1579 23 2 102 1431  886 30% 19 436353 2269 37%
c 
c  seconds    reductions  redundant   irredundant
c          MB     restarts       trail       variables
c            level   conflicts       glue         remaining
c 
c i 36.26 1579 23 2 102 1819 1155 31% 19 436353 2268 37%
c i 36.28 1579 23 2 102 1841 1163 31% 19 436353 2267 37%
c i 36.29 1579 23 2 102 1855 1173 31% 19 436353 2266 37%
c i 36.73 1579 20 2 103 2485 1590 31% 17 436353 2265 37%
c - 37.38 1577 20 3 103 2763 1415 31% 17 436329 2265 37%
c ] 37.93 1577 20 3 103 3001 1583 52% 18 436329 2265 37%
c { 37.93 1577 64 3 103 3001 1583 67% 22 436329 2265 37%
c F 38.09 1577 64 3 104 3004 1586 67% 22 436329 2265 37%
c i 38.26 1577 63 3 107 3016 1597 67% 21 436329 2264 37%
c i 38.41 1577 63 3 108 3032 1612 66% 21 436329 2263 37%
c i 38.63 1577 60 3 108 3105 1669 65% 21 436329 2262 37%
c i 39.06 1577 61 3 119 3181 1731 64% 23 436329 2261 37%
c i 42.24 1577 63 3 199 3633 2095 57% 24 436329 2260 37%
c i 42.26 1577 62 3 199 3637 2098 57% 24 436329 2259 37%
c i 42.44 1577 60 3 203 3759 2193 57% 24 436329 2258 37%
c i 42.44 1577 60 3 203 3760 2193 57% 24 436329 2257 37%
c i 42.51 1577 57 3 203 3896 2280 56% 23 436329 2256 37%
c i 42.89 1577 55 3 219 4178 2514 55% 23 436329 2255 37%
c i 44.21 1577 54 3 271 4452 2736 53% 24 436329 2254 37%
c i 44.70 1577 54 3 291 4564 2826 53% 24 436329 2253 37%
c 
c  seconds    reductions  redundant   irredundant
c          MB     restarts       trail       variables
c            level   conflicts       glue         remaining
c 
c - 45.28 1574 52 4 291 4732 2126 53% 24 436293 2253 37%
c i 46.82 1574 54 4 325 4945 2301 52% 24 436293 2252 37%
c i 46.83 1574 54 4 325 4949 2304 52% 24 436293 2251 37%
c d 47.86 1574 54 4 335 5000 2349 52% 25 435745 2238 36%
c 2 47.97 1574 54 4 335 5000 3212 52% 25 435745 2238 36%
c p 54.69 1574 54 4 335 5000 5788 52% 25 435745 2178 35%
c d 55.38 1574 54 4 335 5000 5445 52% 25 434162 2177 35%
c # 60.56 1574 50 4 411 6006 6169 49% 24 434162 2177 35%
c } 62.78 1574 46 4 437 7001 6999 48% 22 434162 2177 35%
c [ 62.78 1574 20 4 437 7001 6999 52% 18 434162 2177 35%
c - 63.34 1560 21 5 438 7191 3173 51% 18 434162 2177 35%
c ] 63.54 1560 21 5 438 7410 3374 51% 18 434162 2177 35%
c 1 63.54 1560 21 5 438 7410 3374 51% 18 434162 2177 35%
c 
c --- [ writing output ] -----------------------------------------------------
c 
c writing simplified CNF to DIMACS file 'simp/33.cubes1509.adj.simp1'
c * 63.54 1560 21 5 438 7410 3374 51% 18 434162 2177 35%
c opening file to write 'simp/33.cubes1509.adj.simp1'
c writing 'p cnf 6160 434162' header
c closing file 'simp/33.cubes1509.adj.simp1'
c after writing 177332206 bytes 169.1 MB
c wrote 434162 clauses in 1.30 seconds process time
c 
c --- [ writing extension ] --------------------------------------------------
c 
c writing extension stack to 'simp/33.cubes1509.adj.ext1'
c opening file to write 'simp/33.cubes1509.adj.ext1'
c closing file 'simp/33.cubes1509.adj.ext1'
c after writing 12818 bytes 0.0 MB
c wrote 853 witnesses in 0.00 seconds process time
c 
c --- [ result ] -------------------------------------------------------------
c 
s SATISFIABLE
c 
c --- [ run-time profiling ] -------------------------------------------------
c 
c process time taken by individual solving procedures
c (percentage relative to process time for solving)
c 
c        36.15   81.41% search
c        30.04   67.64% unstable
c        19.14   43.10% parse
c         8.25   18.59% simplify
c         6.72   15.14% probe
c         4.54   10.23% stable
c         1.57    3.53% lucky
c         0.07    0.16% ternary
c   =================================
c        44.40   68.48% solve
c 
c last line shows process time for solving
c (percentage relative to total process time)
c 
c --- [ statistics ] ---------------------------------------------------------
c 
c chronological:              1995        26.92 %  of conflicts
c conflicts:                  7410       166.88    per second
c decisions:                 43308       975.36    per second
c fixed:                       825        13.39 %  of all variables
c learned:                    7186        96.98 %  per conflict
c learned_lits:            1098428       100.00 %  learned literals
c minimized:                     0         0.00 %  learned literals
c shrunken:                 575317        52.38 %  learned literals
c minishrunken:             122774        11.18 %  learned literals
c propagations:            1316239         0.03 M  per second
c reduced:                    2341        31.59 %  per conflict
c rephased:                      3      2470.00    interval
c restarts:                    438        16.92    interval
c stabilizing:                   2        32.52 %  of conflicts
c substituted:                  14         0.23 %  of all variables
c subsumed:                   1612         0.05 %  of all clauses
c ternary:                     864         0.52 %  of resolved
c weakened:                     28         2.00    average size
c 
c seconds are measured in process time for solving
c 
c --- [ resources ] ----------------------------------------------------------
c 
c total process time since initialization:        64.84    seconds
c total real time since initialization:           65.18    seconds
c maximum resident set size of process:         1753.43    MB
c 
c --- [ shutting down ] ------------------------------------------------------
c 
c exit 10
WARNING! DIMACS header mismatch: wrong number of variables.
============================[ Problem Statistics ]=============================
|                                                                             |
|  Number of variables:          6120                                         |
|  Number of clauses:          434162                                         |
|  Parse time:                   2.39 s                                       |
|  Simplification time:          0.08 s                                       |
|                                                                             |
============================[ Search Statistics ]====================================================
| Conflicts |          ORIGINAL         |          LEARNT          | Num Sols |      SUBGRAPHS      |
|           |    Vars  Clauses Literals |    Limit  Clauses Lit/Cl |          | Canonical Noncanon. |
=====================================================================================================
|       113 |    6026   434175 39016668 |     2000      113     87 |        0 |        25        13 |
|       265 |    6026   434177 39016711 |     2000      265     72 |        0 |        37        15 |
|       492 |    6026   434179 39016744 |     2000      492     68 |        0 |        47        17 |
|       839 |    6026   434189 39016980 |     2000      839     79 |        0 |        58        27 |
|      1393 |    6026   434237 39018118 |     2000     1393     79 |        0 |        77        75 |
|      2278 |    6026   434363 39020953 |     3605     1283     46 |        0 |       126       201 |
|      3450 |    6026   434396 39022157 |     3605     2455     71 |        0 |       141       234 |
|      5196 |    6026   434434 39023347 |     5002     2398     53 |        0 |       162       272 |
|      8507 |    6026   435183 39036968 |     6304     3211     32 |        0 |       295      1021 |
|     12403 |    6026   435235 39038325 |     7552     3955     37 |        0 |       342      1073 |
|     18442 |    6026   435508 39043921 |     8782     6224     54 |        0 |       425      1346 |
|     27859 |    6026   436276 39056972 |    11201     6260     35 |        0 |       630      2114 |
|     41877 |    6026   437320 39079560 |    13607     8484     40 |        0 |      1123      3158 |
|     62421 |    6026   438403 39097757 |    16012    14833     65 |        0 |      1557      4241 |
|     92142 |    6026   438932 39107738 |    19617    18759     63 |        0 |      1776      4770 |
|    139009 |    6026   442010 39166417 |    24408    22817     58 |        0 |      2867      7848 |
|    215270 |    6026   452587 39327378 |    31625    16895     30 |        0 |      4341     18425 |
|    320329 |    6026   459120 39439926 |    37619    36948     66 |        0 |      6422     24958 |
|    485808 |    6026   476810 39698926 |    47215    35223     48 |        0 |     13397     42648 |
|    751852 |    6026   521171 40293181 |    59215    38267     43 |        0 |     31116     87009 |
|   1123548 |    6026   560342 40807399 |    72429    51377     49 |        0 |     47757    126180 |
|   1793543 |    6025   731519 43275388 |    91587    70130     43 |        0 |     70719    297387 |
=====================================================================================================
Number of solutions   : 0
Canonical subgraphs   : 95033          (22 /sec)
          order  3    : 1              (166667 /sec)
          order  4    : 1              (500000 /sec)
          order  5    : 1              (200000 /sec)
          order  6    : 1              (55556 /sec)
          order  7    : 1              (8929 /sec)
          order  8    : 2              (1359 /sec)
          order  9    : 7              (354 /sec)
          order 10    : 31             (112 /sec)
          order 11    : 162            (40 /sec)
          order 12    : 445            (17 /sec)
          order 13    : 2670           (16 /sec)
          order 14    : 20895          (19 /sec)
          order 15    : 30784          (26 /sec)
          order 16    : 20785          (25 /sec)
          order 17    : 12896          (20 /sec)
          order 18    : 5383           (19 /sec)
          order 19    : 772            (18 /sec)
          order 20    : 122            (20 /sec)
          order 21    : 74             (23 /sec)
          order 22    : 0              (-nan /sec)
Noncanonical subgraphs: 476229         (163 /sec)
          order  3    : 0              (-nan /sec)
          order  4    : 0              (-nan /sec)
          order  5    : 0              (-nan /sec)
          order  6    : 0              (-nan /sec)
          order  7    : 0              (-nan /sec)
          order  8    : 0              (-nan /sec)
          order  9    : 0              (-nan /sec)
          order 10    : 0              (-nan /sec)
          order 11    : 0              (-nan /sec)
          order 12    : 0              (-nan /sec)
          order 13    : 7875           (3158 /sec)
          order 14    : 37110          (906 /sec)
          order 15    : 403024         (149 /sec)
          order 16    : 23496          (191 /sec)
          order 17    : 4618           (78 /sec)
          order 18    : 28             (75 /sec)
          order 19    : 4              (41667 /sec)
          order 20    : 0              (-nan /sec)
          order 21    : 0              (-nan /sec)
Canonicity checking   : 4328.81 s
Noncanonicity checking: 2928.41 s
Total canonicity time : 7257.23 s
database reductions   : 91
restarts              : 4606
conflicts             : 2676698        (288 /sec)
decisions             : 3708899        (0.00 % random) (400 /sec)
propagations          : 314524265      (33892 /sec)
conflict literals     : 231644930      (55.28 % deleted)
actual reward         : 0.112933
Memory used           : 627.00 MB
CPU time              : 9280.24 s

UNSATISFIABLE
