c --- [ banner ] -------------------------------------------------------------
c 
c CaDiCaL Radically Simplified CDCL SAT Solver
c Copyright (c) 2016-2021 A. Biere, M. Fleury, N. Froleyks
c 
c Version 1.5.2 a5f15211db36c3956764e18194dd5bd63bf3b5e6
c g++ (GCC) 9.3.0 -Wall -Wextra -O3 -DNDEBUG
c Fri Oct 21 01:27:37 EDT 2022 Linux gra-login3 3.10.0-1160.66.1.el7.x86_64 x86_64
c 
c --- [ limit ] --------------------------------------------------------------
c 
c setting conflict limit to 200000 conflicts (due to '200000')
c 
c --- [ parsing input ] ------------------------------------------------------
c 
c reading DIMACS file from '33.cubes6013.adj'
c opening file to read '33.cubes6013.adj'
c found 'p cnf 6160 1595479' header
c parsed 1595479 clauses in 19.23 seconds process time
c closing file '33.cubes6013.adj'
c after reading 1457566798 bytes 1390.0 MB
c 
c --- [ options ] ------------------------------------------------------------
c 
c all options are set to their default value
c 
c --- [ solving ] ------------------------------------------------------------
c 
c time measured in process time since initialization
c 
c  seconds    reductions  redundant   irredundant
c          MB     restarts       trail       variables
c            level   conflicts       glue         remaining
c 
c * 19.23 1376  0 0   0    0    0  0% 0 1595422 2438 40%
c { 19.62 1398  0 0   0    0    0  0% 0 1595422 2438 40%
c i 20.43 1440 341 0   0   33   27 23% 4 1595422 2418 39%
c i 22.51 1485 165 0   5  101   72 21% 6 1595422 2409 39%
c i 23.16 1492 165 0  10  120   90 22% 12 1595422 2402 39%
c i 23.76 1494 151 0  16  144  111 23% 13 1595422 2392 39%
c i 24.98 1502 117 0  32  212  171 25% 17 1595422 2391 39%
c i 25.64 1504 108 0  44  262  214 25% 20 1595422 2390 39%
c i 26.00 1505 108 0  49  280  229 26% 21 1595422 2389 39%
c i 26.12 1506 106 0  52  293  238 26% 22 1595422 2388 39%
c - 29.76 1495 105 1  55  301  246 26% 22 251451 2388 39%
c i 30.43 1389 101 1  71  361  296 26% 25 251451 2387 39%
c i 30.60 1389 96 1  78  403  326 26% 25 251451 2386 39%
c i 31.14 1389 100 1  89  461  369 27% 30 251451 2385 39%
c i 31.15 1389 99 1  91  467  373 27% 30 251451 2384 39%
c i 31.15 1389 99 1  91  468  373 27% 29 251451 2383 39%
c i 32.12 1390 96 1 108  572  464 27% 29 251451 2382 39%
c i 32.13 1390 95 1 108  579  470 27% 29 251451 2381 39%
c i 32.18 1390 94 1 108  586  476 27% 29 251451 2380 39%
c i 32.18 1390 94 1 108  587  476 27% 29 251451 2379 39%
c 
c  seconds    reductions  redundant   irredundant
c          MB     restarts       trail       variables
c            level   conflicts       glue         remaining
c 
c i 32.18 1390 94 1 108  588  476 27% 29 251451 2378 39%
c i 33.10 1391 82 1 119  815  661 27% 29 251451 2369 38%
c i 33.17 1391 79 1 119  854  686 27% 29 251451 2363 38%
c i 33.45 1391 75 1 123  949  760 27% 28 251451 2362 38%
c i 33.49 1391 74 1 123  972  781 28% 28 251451 2361 38%
c } 33.69 1391 75 1 126 1000  805 28% 29 251451 2359 38%
c [ 33.69 1391  0 1 126 1000  805  0% 0 251451 2359 38%
c O 33.70 1391 82 1 126 1002  806 18% 77 251451 2359 38%
c i 33.70 1391 82 1 126 1002  806 18% 77 251451 2311 38%
c i 33.98 1391 25 1 126 1025  821 28% 17 251451 2310 38%
c i 34.08 1391 33 1 126 1078  861 31% 25 251451 2309 37%
c i 34.08 1391 32 1 126 1094  873 31% 24 251451 2308 37%
c - 34.63 1509 31 2 126 1142  824 31% 24 250392 2308 37%
c i 34.89 1509 31 2 126 1384  996 31% 25 250392 2307 37%
c i 34.98 1509 30 2 126 1531 1085 31% 25 250392 2306 37%
c i 35.04 1509 29 2 126 1611 1132 31% 24 250392 2305 37%
c i 35.05 1509 29 2 126 1624 1140 31% 24 250392 2304 37%
c i 35.39 1509 24 2 127 2059 1422 31% 20 250392 2303 37%
c i 35.44 1509 24 2 127 2177 1491 31% 20 250392 2302 37%
c i 35.51 1509 23 2 127 2338 1591 31% 20 250392 2301 37%
c 
c  seconds    reductions  redundant   irredundant
c          MB     restarts       trail       variables
c            level   conflicts       glue         remaining
c 
c - 35.89 1507 23 3 127 2401 1225 31% 20 250371 2301 37%
c i 36.19 1507 24 3 127 2447 1254 49% 20 250371 2300 37%
c i 36.22 1507 24 3 127 2465 1261 50% 20 250371 2299 37%
c i 36.31 1507 24 3 127 2546 1323 51% 20 250371 2298 37%
c i 36.32 1507 24 3 127 2551 1326 51% 20 250371 2297 37%
c i 36.56 1507 25 3 127 2882 1506 51% 21 250371 2296 37%
c ] 36.65 1507 25 3 127 3001 1586 52% 21 250371 2296 37%
c { 36.65 1507 75 3 127 3001 1586 74% 29 250371 2296 37%
c F 36.66 1507 75 3 128 3003 1588 74% 29 250371 2296 37%
c i 36.79 1507 71 3 130 3071 1631 72% 27 250371 2295 37%
c i 36.94 1507 70 3 134 3157 1694 70% 28 250371 2294 37%
c i 36.99 1507 70 3 138 3172 1708 69% 28 250371 2293 37%
c i 37.08 1507 70 3 146 3213 1732 68% 28 250371 2292 37%
c i 37.25 1507 70 3 155 3250 1760 67% 29 250371 2291 37%
c i 37.50 1507 70 3 168 3296 1799 67% 29 250371 2290 37%
c i 37.74 1507 68 3 177 3366 1862 65% 29 250371 2289 37%
c i 39.36 1507 70 3 234 3807 2246 60% 30 250371 2288 37%
c i 39.63 1507 68 3 251 4007 2402 58% 30 250371 2287 37%
c - 39.94 1393 67 4 251 4082 1848 58% 30 250329 2287 37%
c i 40.82 1393 55 4 263 4790 2356 56% 26 250329 2286 37%
c 
c  seconds    reductions  redundant   irredundant
c          MB     restarts       trail       variables
c            level   conflicts       glue         remaining
c 
c i 40.84 1393 55 4 263 4817 2371 56% 26 250329 2285 37%
c i 40.94 1393 53 4 263 4936 2457 55% 25 250329 2284 37%
c d 41.41 1393 53 4 263 5001 2503 55% 25 250302 2275 37%
c 2 41.46 1393 53 4 263 5001 4104 55% 25 250302 2273 37%
c p 47.67 1393 53 4 263 5001 7651 55% 25 250302 2202 36%
c d 48.13 1393 53 4 263 5001 7552 55% 25 250096 2201 36%
c # 49.02 1393 43 4 263 6004 8201 54% 22 250096 2201 36%
c - 49.42 1496 42 5 263 6180 2639 54% 21 250096 2201 36%
c } 50.68 1496 41 5 311 7001 3269 53% 21 250096 2201 36%
c [ 50.68 1496 25 5 311 7001 3269 52% 21 250096 2201 36%
c - 51.94 1393 24 6 312 8699 2992 48% 19 250096 2201 36%
c I 52.88 1393 24 6 313 10005 3904 48% 19 250096 2201 36%
c - 54.98 1393 28 7 315 11636 3892 49% 22 250096 2201 36%
c - 59.41 1393 31 8 316 14991 4233 48% 26 250096 2201 36%
c ] 59.44 1393 31 8 316 15001 4240 48% 26 250096 2201 36%
c { 59.44 1393 41 8 316 15001 4240 53% 21 250096 2201 36%
c p 61.26 1393 41 8 316 15001 9308 53% 21 250096 2201 36%
c B 61.50 1393 41 8 316 15006 9313 53% 21 250096 2201 36%
c s 66.62 1394 34 8 462 18713 11528 52% 20 248963 2201 36%
c v 71.09 1394 34 8 462 18713 11528 52% 20 248954 2201 36%
c 
c  seconds    reductions    redundant   irredundant
c          MB     restarts         trail       variables
c            level    conflicts        glue         remaining
c 
c w 71.24 1394 34 8 462 18713 11528 52% 20 248954 2201 36%
c t 71.25 1394 34 8 462 18713 11512 52% 20 248945 2201 36%
c e 72.19 1395 34 8 462 18713 7711 52% 20 245970 766 12%
c s 72.29 1395 34 8 462 18713 7710 52% 20 245808 766 12%
c - 73.60 1395 33 9 462 18766 4509 81% 20 245808 766 12%
c W 76.64 1395 31 9 585 21008 6102 79% 20 245808 766 12%
c - 78.70 1395 30 10 637 22937 5174 78% 19 245808 766 12%
c - 84.96 1395 29 11 868 27527 5372 78% 19 245808 766 12%
c F 85.16 1395 28 11 871 28009 5597 78% 19 245808 766 12%
c 3 90.59 1395 29 11 1090 30001 7659 78% 19 245808 766 12%
c p 92.30 1395 29 11 1090 30001 9807 78% 19 245808 766 12%
c } 93.90 1395 28 11 1100 31002 10400 78% 19 245808 766 12%
c [ 93.90 1395 31 11 1100 31002 10400 145% 26 245808 766 12%
c - 96.18 1395 29 12 1100 32533 6339 134% 24 245808 766 12%
c B 101.64 1395 27 12 1103 36010 8283 119% 22 245808 766 12%
c - 103.06 1395 27 13 1104 37959 6958 114% 22 245808 766 12%
c - 106.09 1395 28 14 1107 43801 7978 104% 23 245808 766 12%
c W 107.86 1395 28 14 1107 45012 8888 102% 24 245808 766 12%
c p 113.76 1395 28 14 1108 50001 15014 97% 23 245808 766 12%
c - 114.22 1395 28 15 1108 50059 8413 97% 23 245808 766 12%
c 
c  seconds     reductions     redundant   irredundant
c           MB      restarts         trail       variables
c             level      conflicts       glue        remaining
c 
c s 115.47 1395 28 15 1108 52017 9681 96% 23 245259 766 12%
c v 118.65 1395 28 15 1108 52017 9681 96% 23 245229 766 12%
c w 118.81 1395 28 15 1108 52017 9681 96% 23 245229 766 12%
c t 118.81 1395 28 15 1108 52017 9678 96% 23 245229 766 12%
c e 119.70 1396 28 15 1108 52017 9678 96% 23 245229 765 12%
c s 119.85 1396 28 15 1108 52017 9678 96% 23 244674 765 12%
c O 122.78 1396 27 15 1109 55014 11496 94% 23 244674 765 12%
c - 123.93 1396 27 16 1111 56736 8427 93% 23 244674 765 12%
c ] 126.80 1396 26 16 1115 63002 12669 90% 22 244674 765 12%
c { 126.80 1396 28 16 1115 63002 12669 78% 19 244674 765 12%
c - 127.32 1396 28 17 1154 63818 8748 78% 19 244674 765 12%
c } 128.16 1396 28 17 1177 65052 9546 78% 19 244674 765 12%
c 1 128.16 1396 28 17 1177 65052 9546 78% 19 244674 765 12%
c 
c --- [ writing output ] -----------------------------------------------------
c 
c writing simplified CNF to DIMACS file 'simp/33.cubes6013.adj.simp1'
c * 128.16 1396 28 17 1177 65052 9546 78% 19 244674 765 12%
c opening file to write 'simp/33.cubes6013.adj.simp1'
c writing 'p cnf 6160 244674' header
c closing file 'simp/33.cubes6013.adj.simp1'
c after writing 119977009 bytes 114.4 MB
c wrote 244674 clauses in 0.91 seconds process time
c 
c --- [ writing extension ] --------------------------------------------------
c 
c writing extension stack to 'simp/33.cubes6013.adj.ext1'
c opening file to write 'simp/33.cubes6013.adj.ext1'
c closing file 'simp/33.cubes6013.adj.ext1'
c after writing 93284 bytes 0.1 MB
c wrote 4125 witnesses in 0.00 seconds process time
c 
c --- [ result ] -------------------------------------------------------------
c 
s SATISFIABLE
c 
c --- [ run-time profiling ] -------------------------------------------------
c 
c process time taken by individual solving procedures
c (percentage relative to process time for solving)
c 
c        84.56   77.62% search
c        46.47   42.66% unstable
c        36.50   33.51% stable
c        24.37   22.38% simplify
c        19.23   17.65% parse
c        11.34   10.41% probe
c         7.92    7.27% vivify
c         3.41    3.13% elim
c         1.20    1.11% walk
c         0.48    0.44% subsume
c         0.38    0.35% lucky
c         0.14    0.13% ternary
c   =================================
c       108.93   84.39% solve
c 
c last line shows process time for solving
c (percentage relative to total process time)
c 
c --- [ statistics ] ---------------------------------------------------------
c 
c chronological:             11107        17.07 %  of conflicts
c conflicts:                 65052       597.18    per second
c decisions:                142948      1312.26    per second
c eliminated:                 1436        23.31 %  of all variables
c fixed:                       805        13.07 %  of all variables
c learned:                   63812        98.09 %  per conflict
c learned_lits:           12264505       100.00 %  learned literals
c minimized:                     0         0.00 %  learned literals
c shrunken:                7411428        60.43 %  learned literals
c minishrunken:            1187870         9.69 %  learned literals
c propagations:            5424589         0.05 M  per second
c reduced:                   33895        52.10 %  per conflict
c rephased:                     10      6505.20    interval
c restarts:                   1177        55.27    interval
c stabilizing:                   3        64.57 %  of conflicts
c substituted:                  10         0.16 %  of all variables
c subsumed:                  21869         0.64 %  of all clauses
c strengthened:               6632         0.19 %  of all clauses
c ternary:                    4277         0.83 %  of resolved
c vivified:                     50         0.00 %  of all clauses
c walked:                        2     32526.00    interval
c weakened:                   3320         3.02    average size
c 
c seconds are measured in process time for solving
c 
c --- [ resources ] ----------------------------------------------------------
c 
c total process time since initialization:       129.08    seconds
c total real time since initialization:          129.33    seconds
c maximum resident set size of process:         1624.25    MB
c 
c --- [ shutting down ] ------------------------------------------------------
c 
c exit 10
WARNING! DIMACS header mismatch: wrong number of variables.
============================[ Problem Statistics ]=============================
|                                                                             |
|  Number of variables:          6120                                         |
|  Number of clauses:          244676                                         |
|  Parse time:                   1.57 s                                       |
|  Simplification time:          0.03 s                                       |
|                                                                             |
============================[ Search Statistics ]====================================================
| Conflicts |          ORIGINAL         |          LEARNT          | Num Sols |      SUBGRAPHS      |
|           |    Vars  Clauses Literals |    Limit  Clauses Lit/Cl |          | Canonical Noncanon. |
=====================================================================================================
|       162 |    6030   244738 25814136 |     2000      162     52 |        0 |        31        62 |
|       325 |    6030   244751 25814366 |     2000      325     72 |        0 |        36        75 |
|      1160 |    6030   245361 25821887 |     2000     1160     38 |        0 |       271       685 |
|      1541 |    6030   245405 25822546 |     2000     1541     50 |        0 |       292       729 |
|      2202 |    6030   245560 25825608 |     3605     1207     21 |        0 |       367       884 |
|      3041 |    6030   245640 25827281 |     3605     2046     54 |        0 |       401       964 |
|      4252 |    6030   245712 25828827 |     3605     3257     70 |        0 |       439      1036 |
|      7131 |    6030   246883 25846159 |     5002     4333     39 |        0 |       760      2207 |
|     11398 |    6030   248588 25871648 |     6301     6099     45 |        0 |      1210      3912 |
|     15823 |    6030   249169 25880366 |     7551     7374     59 |        0 |      1339      4493 |
|     23693 |    6030   251273 25910191 |     9992     7085     30 |        0 |      1864      6597 |
|     34001 |    6030   252932 25934946 |    12407     6808     12 |        0 |      2202      8256 |
|     48466 |    6030   254423 25957590 |    14813     8279     27 |        0 |      2610      9747 |
|     70680 |    6030   257176 25999101 |    17215    15095     48 |        0 |      3267     12500 |
|    105142 |    6030   262446 26072293 |    22010    11552     18 |        0 |      4745     17770 |
|    160101 |    6018   273616 26228856 |    26819    18920     37 |        0 |      7389     28940 |
=====================================================================================================
Number of solutions   : 1
Canonical subgraphs   : 9514           (27 /sec)
          order  3    : 1              (166667 /sec)
          order  4    : 1              (500000 /sec)
          order  5    : 1              (200000 /sec)
          order  6    : 1              (52632 /sec)
          order  7    : 1              (8333 /sec)
          order  8    : 2              (1361 /sec)
          order  9    : 6              (315 /sec)
          order 10    : 20             (181 /sec)
          order 11    : 58             (142 /sec)
          order 12    : 412            (105 /sec)
          order 13    : 900            (64 /sec)
          order 14    : 1479           (44 /sec)
          order 15    : 3498           (31 /sec)
          order 16    : 1997           (20 /sec)
          order 17    : 694            (16 /sec)
          order 18    : 346            (12 /sec)
          order 19    : 69             (12 /sec)
          order 20    : 15             (14 /sec)
          order 21    : 12             (14 /sec)
          order 22    : 1              (1 /sec)
Noncanonical subgraphs: 37441          (251 /sec)
          order  3    : 0              (-nan /sec)
          order  4    : 0              (-nan /sec)
          order  5    : 0              (-nan /sec)
          order  6    : 0              (-nan /sec)
          order  7    : 0              (-nan /sec)
          order  8    : 0              (-nan /sec)
          order  9    : 0              (-nan /sec)
          order 10    : 0              (-nan /sec)
          order 11    : 0              (-nan /sec)
          order 12    : 0              (-nan /sec)
          order 13    : 6473           (3357 /sec)
          order 14    : 3975           (2608 /sec)
          order 15    : 6427           (974 /sec)
          order 16    : 17507          (162 /sec)
          order 17    : 2373           (126 /sec)
          order 18    : 524            (61 /sec)
          order 19    : 151            (45 /sec)
          order 20    : 0              (-nan /sec)
          order 21    : 0              (-nan /sec)
Canonicity checking   : 346.259 s
Noncanonicity checking: 149.413 s
Total canonicity time : 495.671 s
database reductions   : 25
restarts              : 511
conflicts             : 230673         (381 /sec)
decisions             : 360423         (0.00 % random) (595 /sec)
propagations          : 9887294        (16319 /sec)
conflict literals     : 21733118       (50.76 % deleted)
actual reward         : 0.284877
Memory used           : 368.00 MB
CPU time              : 605.863 s

UNSATISFIABLE
