c --- [ banner ] -------------------------------------------------------------
c 
c CaDiCaL Radically Simplified CDCL SAT Solver
c Copyright (c) 2016-2021 A. Biere, M. Fleury, N. Froleyks
c 
c Version 1.5.2 a5f15211db36c3956764e18194dd5bd63bf3b5e6
c g++ (GCC) 9.3.0 -Wall -Wextra -O3 -DNDEBUG
c Fri Oct 21 01:27:37 EDT 2022 Linux gra-login3 3.10.0-1160.66.1.el7.x86_64 x86_64
c 
c --- [ limit ] --------------------------------------------------------------
c 
c setting conflict limit to 200000 conflicts (due to '200000')
c 
c --- [ parsing input ] ------------------------------------------------------
c 
c reading DIMACS file from '33.cubes7013.adj'
c opening file to read '33.cubes7013.adj'
c found 'p cnf 6160 1595480' header
c parsed 1595480 clauses in 19.89 seconds process time
c closing file '33.cubes7013.adj'
c after reading 1457566803 bytes 1390.0 MB
c 
c --- [ options ] ------------------------------------------------------------
c 
c all options are set to their default value
c 
c --- [ solving ] ------------------------------------------------------------
c 
c time measured in process time since initialization
c 
c  seconds    reductions  redundant   irredundant
c          MB     restarts       trail       variables
c            level   conflicts       glue         remaining
c 
c * 19.89 1376  0 0   0    0    0  0% 0 1595422 2433 39%
c { 20.91 1424  0 0   0    0    0  0% 0 1595422 2433 39%
c i 23.48 1488 905 0   4   47   40 35% 8 1595422 2421 39%
c i 23.49 1489 832 0   4   51   40 34% 8 1595422 2409 39%
c i 24.44 1501 449 0  15   95   58 28% 11 1595422 2408 39%
c i 24.57 1503 427 0  17  101   62 28% 12 1595422 2407 39%
c i 25.31 1509 321 0  25  143  100 28% 18 1595422 2406 39%
c i 26.66 1515 250 0  38  195  144 27% 18 1595422 2363 38%
c i 26.72 1515 245 0  38  199  147 27% 18 1595422 2362 38%
c i 27.38 1517 212 0  47  237  184 27% 20 1595422 2359 38%
c i 27.39 1517 211 0  47  238  184 27% 19 1595422 2358 38%
c i 27.39 1517 210 0  47  239  184 27% 19 1595422 2357 38%
c i 27.40 1517 206 0  48  244  188 27% 19 1595422 2356 38%
c i 27.41 1517 205 0  48  245  188 27% 19 1595422 2355 38%
c - 32.25 1507 179 1  60  302  237 28% 24 241559 2355 38%
c i 32.52 1386 172 1  63  319  251 28% 25 241559 2346 38%
c i 32.67 1386 171 1  65  324  255 28% 25 241559 2332 38%
c i 32.99 1386 154 1  68  369  286 27% 24 241559 2331 38%
c i 33.88 1386 146 1  82  425  336 27% 27 241559 2330 38%
c i 33.89 1386 146 1  82  427  337 27% 27 241559 2329 38%
c 
c  seconds     reductions  redundant   irredundant
c          MB      restarts       trail       variables
c             level   conflicts       glue         remaining
c 
c i 34.00 1386 141 1  87  447  355 27% 27 241559 2328 38%
c i 34.01 1386 141 1  88  448  355 27% 27 241559 2327 38%
c i 34.03 1386 138 1  89  458  364 27% 27 241559 2326 38%
c i 34.05 1386 137 1  89  466  370 27% 27 241559 2325 38%
c i 34.08 1386 136 1  89  474  377 27% 27 241559 2324 38%
c i 34.12 1386 133 1  90  486  388 27% 27 241559 2323 38%
c i 34.48 1387 130 1 102  535  425 27% 28 241559 2322 38%
c i 34.60 1387 125 1 108  563  449 27% 28 241559 2321 38%
c i 35.96 1387 111 1 124  738  560 27% 28 241559 2320 38%
c i 35.98 1387 111 1 124  741  562 27% 28 241559 2319 38%
c i 36.27 1387 110 1 127  767  581 27% 28 241559 2318 38%
c i 36.57 1387 106 1 128  828  627 27% 28 241559 2317 38%
c i 36.59 1387 105 1 128  833  631 27% 28 241559 2316 38%
c i 36.64 1387 105 1 128  842  639 27% 28 241559 2315 38%
c i 36.65 1387 105 1 128  843  639 27% 28 241559 2314 38%
c i 36.65 1387 104 1 128  845  640 27% 28 241559 2313 38%
c i 36.69 1387 103 1 128  868  660 27% 28 241559 2312 38%
c i 37.09 1387 101 1 134  920  694 27% 28 241559 2311 38%
c i 37.18 1387 99 1 134  949  720 27% 28 241559 2310 38%
c i 37.19 1387 99 1 134  953  723 27% 28 241559 2309 37%
c 
c  seconds    reductions  redundant   irredundant
c          MB     restarts       trail       variables
c            level   conflicts       glue         remaining
c 
c i 37.23 1387 98 1 134  972  740 27% 28 241559 2308 37%
c } 37.28 1387 96 1 134 1000  763 27% 28 241559 2308 37%
c [ 37.28 1387  0 1 134 1000  763  0% 0 241559 2308 37%
c O 37.29 1387 26 1 134 1005  767 24% 17 241559 2308 37%
c - 38.40 1503 14 2 134 1132  718 26% 12 241080 2308 37%
c i 38.51 1503 14 2 134 1166  733 26% 12 241080 2307 37%
c i 38.68 1503 18 2 134 1374  850 29% 15 241080 2306 37%
c i 39.10 1503 22 2 135 2334 1362 30% 19 241080 2305 37%
c - 39.43 1503 22 3 135 2375 1036 30% 19 241071 2305 37%
c ] 39.99 1502 21 3 135 3000 1368 52% 19 241071 2305 37%
c { 39.99 1502 96 3 135 3000 1368 72% 28 241071 2305 37%
c F 40.06 1502 96 3 135 3006 1374 72% 27 241071 2305 37%
c i 40.11 1502 95 3 135 3009 1376 71% 27 241071 2304 37%
c i 40.11 1502 95 3 135 3010 1376 71% 27 241071 2303 37%
c i 40.24 1502 93 3 135 3047 1392 70% 27 241071 2302 37%
c i 40.26 1502 92 3 135 3053 1396 70% 27 241071 2301 37%
c i 40.29 1502 91 3 135 3075 1412 70% 26 241071 2300 37%
c i 40.39 1502 89 3 135 3124 1446 68% 26 241071 2299 37%
c i 40.44 1502 89 3 136 3145 1463 68% 26 241071 2298 37%
c i 40.59 1502 89 3 138 3180 1493 67% 26 241071 2297 37%
c 
c  seconds    reductions  redundant   irredundant
c          MB     restarts       trail       variables
c            level   conflicts       glue         remaining
c 
c i 40.62 1502 89 3 138 3185 1496 67% 26 241071 2296 37%
c i 40.62 1502 88 3 138 3188 1498 67% 26 241071 2295 37%
c i 40.89 1502 77 3 138 3459 1707 63% 24 241071 2294 37%
c i 40.93 1502 76 3 138 3491 1729 62% 24 241071 2293 37%
c - 41.92 1500 66 4 145 4033 1664 58% 23 241035 2293 37%
c i 42.19 1500 64 4 150 4145 1739 57% 23 241035 2292 37%
c i 42.40 1500 63 4 150 4225 1801 57% 23 241035 2291 37%
c i 42.55 1500 63 4 154 4255 1829 57% 23 241035 2290 37%
c i 43.20 1500 61 4 181 4450 1993 56% 23 241035 2289 37%
c i 43.29 1500 60 4 181 4487 2025 56% 23 241035 2288 37%
c i 43.30 1500 60 4 181 4493 2030 56% 23 241035 2287 37%
c i 43.95 1500 59 4 201 4687 2177 55% 23 241035 2286 37%
c i 44.44 1500 61 4 219 4793 2264 54% 24 241035 2284 37%
c i 44.73 1500 61 4 226 4828 2294 54% 24 241035 2283 37%
c i 45.42 1500 63 4 253 4940 2368 54% 25 241035 2282 37%
c d 46.03 1500 62 4 261 5000 2388 53% 25 240984 2273 37%
c 2 46.09 1500 62 4 261 5000 3430 53% 25 240984 2266 37%
c p 54.90 1500 62 4 261 5000 7338 53% 25 240984 2200 36%
c d 55.28 1500 62 4 261 5000 7185 53% 25 186369 2199 36%
c # 56.46 1500 53 4 268 6010 7865 52% 23 186369 2199 36%
c 
c  seconds    reductions  redundant   irredundant
c          MB     restarts       trail       variables
c            level   conflicts       glue         remaining
c 
c - 56.72 1389 52 5 268 6107 2684 52% 23 186369 2199 36%
c } 57.01 1389 48 5 272 7000 3291 51% 23 186369 2199 36%
c [ 57.01 1389 21 5 272 7000 3291 52% 19 186369 2199 36%
c - 57.43 1389 23 6 273 8393 2732 51% 20 186369 2199 36%
c I 58.13 1389 23 6 274 10013 3739 51% 20 186369 2199 36%
c - 59.41 1389 35 7 275 11060 3105 51% 29 186369 2199 36%
c - 61.08 1390 38 8 277 14108 3301 50% 32 186369 2199 36%
c ] 61.58 1390 38 8 277 15000 3867 50% 32 186369 2199 36%
c { 61.58 1390 48 8 277 15000 3867 51% 23 186369 2199 36%
c 2 61.63 1390 48 8 277 15000 5103 51% 23 186368 2199 36%
c p 65.36 1389 48 8 277 15000 9293 51% 23 186368 2194 36%
c B 65.59 1390 48 8 281 15016 9305 51% 23 186368 2194 36%
c } 68.60 1389 43 8 384 17059 10706 50% 23 186368 2194 36%
c 1 68.60 1389 43 8 384 17059 10706 50% 23 186368 2194 36%
c 
c --- [ writing output ] -----------------------------------------------------
c 
c writing simplified CNF to DIMACS file 'simp/33.cubes7013.adj.simp1'
c * 68.60 1389 43 8 384 17059 10706 50% 23 186368 2194 36%
c opening file to write 'simp/33.cubes7013.adj.simp1'
c writing 'p cnf 6160 186353' header
c closing file 'simp/33.cubes7013.adj.simp1'
c after writing 96740977 bytes 92.3 MB
c wrote 186353 clauses in 0.70 seconds process time
c 
c --- [ writing extension ] --------------------------------------------------
c 
c writing extension stack to 'simp/33.cubes7013.adj.ext1'
c opening file to write 'simp/33.cubes7013.adj.ext1'
c closing file 'simp/33.cubes7013.adj.ext1'
c after writing 12438 bytes 0.0 MB
c wrote 832 witnesses in 0.00 seconds process time
c 
c --- [ result ] -------------------------------------------------------------
c 
s SATISFIABLE
c 
c --- [ run-time profiling ] -------------------------------------------------
c 
c process time taken by individual solving procedures
c (percentage relative to process time for solving)
c 
c        35.20   72.27% search
c        26.89   55.21% unstable
c        19.89   40.84% parse
c        13.50   27.73% simplify
c        12.55   25.76% probe
c         7.29   14.97% stable
c         1.02    2.09% lucky
c         0.07    0.15% ternary
c   =================================
c        48.70   70.28% solve
c 
c last line shows process time for solving
c (percentage relative to total process time)
c 
c --- [ statistics ] ---------------------------------------------------------
c 
c chronological:              3216        18.85 %  of conflicts
c conflicts:                 17059       350.25    per second
c decisions:                 50708      1041.13    per second
c fixed:                       812        13.18 %  of all variables
c learned:                   16706        97.93 %  per conflict
c learned_lits:            3350203       100.00 %  learned literals
c minimized:                     0         0.00 %  learned literals
c shrunken:                2261838        67.51 %  learned literals
c minishrunken:             175851         5.25 %  learned literals
c propagations:            2407092         0.05 M  per second
c reduced:                    5937        34.80 %  per conflict
c rephased:                      5      3411.80    interval
c restarts:                    384        44.42    interval
c stabilizing:                   2        58.62 %  of conflicts
c substituted:                  10         0.16 %  of all variables
c subsumed:                   5446         0.16 %  of all clauses
c ternary:                    2281         0.57 %  of resolved
c weakened:                     20         2.00    average size
c 
c seconds are measured in process time for solving
c 
c --- [ resources ] ----------------------------------------------------------
c 
c total process time since initialization:        69.30    seconds
c total real time since initialization:           80.45    seconds
c maximum resident set size of process:         1618.27    MB
c 
c --- [ shutting down ] ------------------------------------------------------
c 
c exit 10
WARNING! DIMACS header mismatch: wrong number of variables.
============================[ Problem Statistics ]=============================
|                                                                             |
|  Number of variables:          6120                                         |
|  Number of clauses:          186355                                         |
|  Parse time:                   1.31 s                                       |
|  Simplification time:          0.02 s                                       |
|                                                                             |
============================[ Search Statistics ]====================================================
| Conflicts |          ORIGINAL         |          LEARNT          | Num Sols |      SUBGRAPHS      |
|           |    Vars  Clauses Literals |    Limit  Clauses Lit/Cl |          | Canonical Noncanon. |
=====================================================================================================
|       100 |    6030   186355 20646595 |     2000      100     11 |        0 |        24         0 |
|       576 |    6030   186681 20652162 |     2000      576     19 |        0 |       186       326 |
|      1205 |    6030   187085 20659007 |     2000     1205     22 |        0 |       261       730 |
|      3306 |    6030   188849 20681882 |     3600     2306     12 |        0 |       552      2494 |
|      7201 |    6030   192238 20723855 |     5005     4406     11 |        0 |       824      5883 |
|     11181 |    6020   195459 20760114 |     6308     5888     10 |        0 |      1155      9104 |
=====================================================================================================
Number of solutions   : 0
Canonical subgraphs   : 1700           (81 /sec)
          order  3    : 1              (200000 /sec)
          order  4    : 1              (333333 /sec)
          order  5    : 1              (250000 /sec)
          order  6    : 1              (55556 /sec)
          order  7    : 1              (8850 /sec)
          order  8    : 1              (2309 /sec)
          order  9    : 3              (954 /sec)
          order 10    : 12             (493 /sec)
          order 11    : 55             (282 /sec)
          order 12    : 146            (139 /sec)
          order 13    : 391            (110 /sec)
          order 14    : 1010           (86 /sec)
          order 15    : 39             (22 /sec)
          order 16    : 38             (14 /sec)
          order 17    : 0              (-nan /sec)
          order 18    : 0              (-nan /sec)
          order 19    : 0              (-nan /sec)
          order 20    : 0              (-nan /sec)
          order 21    : 0              (-nan /sec)
          order 22    : 0              (-nan /sec)
Noncanonical subgraphs: 15580          (516 /sec)
          order  3    : 0              (-nan /sec)
          order  4    : 0              (-nan /sec)
          order  5    : 0              (-nan /sec)
          order  6    : 0              (-nan /sec)
          order  7    : 0              (-nan /sec)
          order  8    : 0              (-nan /sec)
          order  9    : 0              (-nan /sec)
          order 10    : 0              (-nan /sec)
          order 11    : 0              (-nan /sec)
          order 12    : 0              (-nan /sec)
          order 13    : 1130           (5763 /sec)
          order 14    : 1422           (3193 /sec)
          order 15    : 12715          (458 /sec)
          order 16    : 257            (189 /sec)
          order 17    : 56             (137 /sec)
          order 18    : 0              (-nan /sec)
          order 19    : 0              (-nan /sec)
          order 20    : 0              (-nan /sec)
          order 21    : 0              (-nan /sec)
Canonicity checking   : 21.001 s
Noncanonicity checking: 30.1805 s
Total canonicity time : 51.1815 s
database reductions   : 5
restarts              : 63
conflicts             : 18522          (312 /sec)
decisions             : 45011          (0.00 % random) (759 /sec)
propagations          : 1802984        (30407 /sec)
conflict literals     : 218349         (66.35 % deleted)
actual reward         : 0.042028
Memory used           : 145.00 MB
CPU time              : 59.2949 s

UNSATISFIABLE
