c --- [ banner ] -------------------------------------------------------------
c 
c CaDiCaL Radically Simplified CDCL SAT Solver
c Copyright (c) 2016-2021 A. Biere, M. Fleury, N. Froleyks
c 
c Version 1.5.2 a5f15211db36c3956764e18194dd5bd63bf3b5e6
c g++ (GCC) 9.3.0 -Wall -Wextra -O3 -DNDEBUG
c Fri Oct 21 01:27:37 EDT 2022 Linux gra-login3 3.10.0-1160.66.1.el7.x86_64 x86_64
c 
c --- [ limit ] --------------------------------------------------------------
c 
c setting conflict limit to 200000 conflicts (due to '200000')
c 
c --- [ parsing input ] ------------------------------------------------------
c 
c reading DIMACS file from '33.cubes4833.adj'
c opening file to read '33.cubes4833.adj'
c found 'p cnf 6160 1595477' header
c parsed 1595477 clauses in 20.32 seconds process time
c closing file '33.cubes4833.adj'
c after reading 1457566790 bytes 1390.0 MB
c 
c --- [ options ] ------------------------------------------------------------
c 
c all options are set to their default value
c 
c --- [ solving ] ------------------------------------------------------------
c 
c time measured in process time since initialization
c 
c  seconds    reductions  redundant   irredundant
c          MB     restarts       trail       variables
c            level   conflicts       glue         remaining
c 
c * 20.32 1378  0 0   0    0    0  0% 0 1595422 2374 39%
c { 21.04 1424  0 0   0    0    0  0% 0 1595422 2374 39%
c i 23.99 1498 520 0  11   70   67 34% 17 1595422 2357 38%
c i 24.26 1500 473 0  11   77   72 33% 16 1595422 2355 38%
c i 24.83 1506 397 0  14   97   90 33% 28 1595422 2354 38%
c i 25.15 1508 350 0  19  118  105 32% 34 1595422 2309 37%
c i 25.69 1511 320 0  22  134  118 31% 33 1595422 2307 37%
c i 26.05 1512 307 0  25  142  124 31% 32 1595422 2306 37%
c i 26.05 1512 305 0  25  144  125 31% 33 1595422 2305 37%
c i 26.56 1515 271 0  28  168  147 30% 31 1595422 2304 37%
c i 26.57 1515 268 0  28  170  148 30% 31 1595422 2303 37%
c i 26.58 1515 264 0  28  173  150 30% 31 1595422 2302 37%
c i 26.91 1517 239 0  28  196  172 30% 29 1595422 2301 37%
c i 26.91 1517 238 0  28  197  172 30% 28 1595422 2300 37%
c i 27.02 1517 224 0  28  212  186 30% 28 1595422 2299 37%
c i 27.19 1518 215 0  28  240  200 29% 28 1595422 2298 37%
c i 27.22 1518 212 0  28  244  202 29% 28 1595422 2297 37%
c i 27.42 1518 186 0  28  280  236 29% 25 1595422 2296 37%
c - 31.27 1405 174 1  28  302  255 29% 25 307939 2296 37%
c i 31.41 1406 171 1  28  309  261 29% 25 307939 2295 37%
c 
c  seconds     reductions  redundant   irredundant
c          MB      restarts       trail       variables
c             level   conflicts       glue         remaining
c 
c i 32.24 1406 137 1  37  418  358 29% 25 307939 2294 37%
c i 32.31 1406 137 1  37  421  360 29% 25 307939 2293 37%
c i 32.31 1406 136 1  37  423  361 29% 25 307939 2292 37%
c i 32.38 1406 135 1  37  430  364 29% 25 307939 2291 37%
c i 32.50 1406 131 1  37  448  379 29% 25 307939 2290 37%
c i 32.57 1406 127 1  37  472  399 29% 25 307939 2289 37%
c i 33.64 1407 113 1  56  611  523 28% 26 307939 2288 37%
c i 33.88 1407 114 1  58  671  573 28% 27 307939 2287 37%
c i 33.96 1407 111 1  61  693  593 28% 26 307939 2286 37%
c i 34.00 1407 106 1  61  738  632 28% 26 307939 2285 37%
c i 34.01 1407 104 1  61  764  647 28% 26 307939 2284 37%
c i 34.02 1407 103 1  61  774  655 28% 26 307939 2283 37%
c i 34.02 1407 103 1  61  775  655 28% 26 307939 2282 37%
c i 34.06 1407 99 1  61  826  688 28% 25 307939 2281 37%
c i 34.07 1407 97 1  61  841  702 28% 25 307939 2280 37%
c i 34.07 1407 97 1  61  846  705 28% 25 307939 2279 37%
c i 34.08 1407 94 1  61  879  731 28% 25 307939 2278 37%
c i 34.12 1407 86 1  61  981  810 29% 24 307939 2277 37%
c } 34.26 1407 88 1  61 1000  828 29% 24 307939 2277 37%
c [ 34.26 1407  0 1  61 1000  828  0% 0 307939 2277 37%
c 
c  seconds    reductions  redundant   irredundant
c          MB     restarts       trail       variables
c            level   conflicts       glue         remaining
c 
c O 34.27 1407 89 1  61 1002  830 24% 85 307939 2277 37%
c i 34.35 1407 21 1  61 1011  836 20% 19 307939 2276 37%
c i 34.49 1407 40 1  61 1042  865 28% 29 307939 2275 37%
c i 34.52 1407 37 1  61 1072  887 30% 28 307939 2274 37%
c i 34.54 1407 34 1  61 1097  908 30% 27 307939 2273 37%
c i 34.57 1407 30 1  61 1147  947 31% 24 307939 2272 37%
c - 35.14 1541 29 2  61 1199  883 31% 23 307867 2272 37%
c i 35.38 1541 25 2  61 1462 1052 31% 21 307867 2271 37%
c i 35.71 1541 21 2  62 2501 1706 32% 18 307867 2270 37%
c - 36.09 1541 20 3  62 2538 1276 32% 18 307861 2270 37%
c ] 36.52 1496 20 3  62 2939 1501 53% 17 307861 2270 37%
c 1 36.52 1496 20 3  62 2939 1501 53% 17 307861 2270 37%
c 
c --- [ writing output ] -----------------------------------------------------
c 
c writing simplified CNF to DIMACS file 'simp/33.cubes4833.adj.simp1'
c * 36.52 1496 20 3  62 2939 1501 53% 17 307861 2270 37%
c opening file to write 'simp/33.cubes4833.adj.simp1'
c writing 'p cnf 6160 307861' header
c closing file 'simp/33.cubes4833.adj.simp1'
c after writing 154676814 bytes 147.5 MB
c wrote 307861 clauses in 1.12 seconds process time
c 
c --- [ writing extension ] --------------------------------------------------
c 
c writing extension stack to 'simp/33.cubes4833.adj.ext1'
c opening file to write 'simp/33.cubes4833.adj.ext1'
c closing file 'simp/33.cubes4833.adj.ext1'
c after writing 11058 bytes 0.0 MB
c wrote 746 witnesses in 0.00 seconds process time
c 
c --- [ result ] -------------------------------------------------------------
c 
s SATISFIABLE
c 
c --- [ run-time profiling ] -------------------------------------------------
c 
c process time taken by individual solving procedures
c (percentage relative to process time for solving)
c 
c        20.32  125.42% parse
c        16.20  100.00% search
c        13.21   81.57% unstable
c         2.26   13.96% stable
c         0.72    4.46% lucky
c         0.00    0.00% simplify
c   =================================
c        16.20   43.03% solve
c 
c last line shows process time for solving
c (percentage relative to total process time)
c 
c --- [ statistics ] ---------------------------------------------------------
c 
c chronological:               647        22.01 %  of conflicts
c conflicts:                  2939       181.43    per second
c decisions:                 16040       990.16    per second
c fixed:                       746        12.11 %  of all variables
c learned:                    2863        97.41 %  per conflict
c learned_lits:             636814       100.00 %  learned literals
c minimized:                     0         0.00 %  learned literals
c shrunken:                 335518        52.69 %  learned literals
c minishrunken:              81997        12.88 %  learned literals
c propagations:             435481         0.03 M  per second
c reduced:                     566        19.26 %  per conflict
c rephased:                      1      2939.00    interval
c restarts:                     62        47.40    interval
c stabilizing:                   1        65.97 %  of conflicts
c subsumed:                    752         0.02 %  of all clauses
c 
c seconds are measured in process time for solving
c 
c --- [ resources ] ----------------------------------------------------------
c 
c total process time since initialization:        37.64    seconds
c total real time since initialization:           39.44    seconds
c maximum resident set size of process:         1674.26    MB
c 
c --- [ shutting down ] ------------------------------------------------------
c 
c exit 10
WARNING! DIMACS header mismatch: wrong number of variables.
============================[ Problem Statistics ]=============================
|                                                                             |
|  Number of variables:          6120                                         |
|  Number of clauses:          307861                                         |
|  Parse time:                   2.04 s                                       |
|  Simplification time:          0.05 s                                       |
|                                                                             |
============================[ Search Statistics ]====================================================
| Conflicts |          ORIGINAL         |          LEARNT          | Num Sols |      SUBGRAPHS      |
|           |    Vars  Clauses Literals |    Limit  Clauses Lit/Cl |          | Canonical Noncanon. |
=====================================================================================================
|       132 |    6025   307893 33375442 |     2000      129     68 |        0 |        34        32 |
|       295 |    6022   307906 33375849 |     2000      289     77 |        0 |        56        45 |
|       549 |    6019   307935 33377458 |     2000      540     96 |        0 |        65        74 |
|       923 |    6017   307972 33378242 |     2000      912     97 |        0 |        85       111 |
|      1518 |    6016   308061 33379918 |     2000     1506    101 |        0 |       111       200 |
|      2476 |    6015   308260 33384799 |     3594     1470     62 |        0 |       168       399 |
|      4526 |    6011   309171 33403096 |     3594     3517     66 |        0 |       405      1310 |
|      6491 |    6011   309428 33408473 |     4998     3689     57 |        0 |       521      1567 |
|      9336 |    6010   309711 33413490 |     6304     4039     55 |        0 |       576      1850 |
|     13629 |    6000   310160 33421523 |     7554     5174     58 |        0 |       794      2299 |
|     20111 |    5999   310876 33435652 |     8778     7889     67 |        0 |      1014      3015 |
|     29135 |    5999   311251 33442810 |    11202     7537     58 |        0 |      1183      3390 |
|     43797 |    5999   312939 33472212 |    13611    10408     56 |        0 |      1650      5078 |
|     64489 |    5999   314170 33495135 |    17213     8902     36 |        0 |      1997      6309 |
|     94238 |    5999   314727 33505385 |    20810    11048     42 |        0 |      2159      6866 |
|    139721 |    5998   316421 33533797 |    24407    23528     63 |        0 |      2611      8560 |
|    212114 |    5998   323130 33638170 |    30412    28926     72 |        0 |      3931     15269 |
|    317955 |    5998   330357 33762497 |    37617    34572     71 |        0 |      5840     22584 |
|    471456 |    5998   336069 33874099 |    46016    43872     72 |        0 |      6962     28296 |
|    696818 |    5998   339748 33931126 |    56819    40637     59 |        0 |      7554     31975 |
|   1052817 |    5998   363222 34277935 |    70025    51242     66 |        0 |      9683     55449 |
|   1570352 |    5997   381966 34578957 |    85626    66978     59 |        1 |     13822     74195 |
|   2335815 |    5996   399244 34841863 |   104820    75635     60 |        3 |     18000     91474 |
|   3493307 |    5996   434462 35411907 |   128816    71123     37 |       14 |     26577    126681 |
|   5240551 |    5877   304273 26656369 |   155622   105173     57 |       15 |     41209    190513 |
=====================================================================================================
Number of solutions   : 15
Canonical subgraphs   : 41225          (12 /sec)
          order  3    : 1              (166667 /sec)
          order  4    : 1              (500000 /sec)
          order  5    : 1              (200000 /sec)
          order  6    : 1              (55556 /sec)
          order  7    : 1              (8850 /sec)
          order  8    : 2              (1369 /sec)
          order  9    : 7              (355 /sec)
          order 10    : 32             (115 /sec)
          order 11    : 151            (37 /sec)
          order 12    : 1169           (16 /sec)
          order 13    : 5310           (12 /sec)
          order 14    : 8314           (10 /sec)
          order 15    : 11579          (9 /sec)
          order 16    : 8991           (17 /sec)
          order 17    : 3484           (15 /sec)
          order 18    : 890            (12 /sec)
          order 19    : 547            (11 /sec)
          order 20    : 379            (11 /sec)
          order 21    : 350            (11 /sec)
          order 22    : 15             (1 /sec)
Noncanonical subgraphs: 191946         (126 /sec)
          order  3    : 0              (-nan /sec)
          order  4    : 0              (-nan /sec)
          order  5    : 0              (-nan /sec)
          order  6    : 0              (-nan /sec)
          order  7    : 0              (-nan /sec)
          order  8    : 0              (-nan /sec)
          order  9    : 0              (-nan /sec)
          order 10    : 0              (-nan /sec)
          order 11    : 0              (-nan /sec)
          order 12    : 0              (-nan /sec)
          order 13    : 17768          (3969 /sec)
          order 14    : 49442          (1182 /sec)
          order 15    : 17607          (486 /sec)
          order 16    : 104363         (76 /sec)
          order 17    : 1906           (90 /sec)
          order 18    : 506            (44 /sec)
          order 19    : 0              (-nan /sec)
          order 20    : 1              (159 /sec)
          order 21    : 0              (-nan /sec)
Canonicity checking   : 3556.38 s
Noncanonicity checking: 1526.17 s
Total canonicity time : 5082.54 s
database reductions   : 129
restarts              : 8191
conflicts             : 5266196        (680 /sec)
decisions             : 6619351        (0.00 % random) (855 /sec)
propagations          : 571859557      (73885 /sec)
conflict literals     : 590892573      (55.27 % deleted)
actual reward         : 0.118218
Memory used           : 612.00 MB
CPU time              : 7739.88 s

UNSATISFIABLE
