c --- [ banner ] -------------------------------------------------------------
c 
c CaDiCaL Radically Simplified CDCL SAT Solver
c Copyright (c) 2016-2021 A. Biere, M. Fleury, N. Froleyks
c 
c Version 1.5.2 a5f15211db36c3956764e18194dd5bd63bf3b5e6
c g++ (GCC) 9.3.0 -Wall -Wextra -O3 -DNDEBUG
c Fri Oct 21 01:27:37 EDT 2022 Linux gra-login3 3.10.0-1160.66.1.el7.x86_64 x86_64
c 
c --- [ limit ] --------------------------------------------------------------
c 
c setting conflict limit to 200000 conflicts (due to '200000')
c 
c --- [ parsing input ] ------------------------------------------------------
c 
c reading DIMACS file from '33.cubes4685.adj'
c opening file to read '33.cubes4685.adj'
c found 'p cnf 6160 1595479' header
c parsed 1595479 clauses in 18.99 seconds process time
c closing file '33.cubes4685.adj'
c after reading 1457566803 bytes 1390.0 MB
c 
c --- [ options ] ------------------------------------------------------------
c 
c all options are set to their default value
c 
c --- [ solving ] ------------------------------------------------------------
c 
c time measured in process time since initialization
c 
c  seconds    reductions  redundant   irredundant
c          MB     restarts       trail       variables
c            level   conflicts       glue         remaining
c 
c * 18.99 1376  0 0   0    0    0  0% 0 1595422 2394 39%
c { 19.74 1419  0 0   0    0    0  0% 0 1595422 2394 39%
c i 19.82 1421 97 0   0    6    5 15% 2 1595422 2387 39%
c i 23.88 1499 169 0  12  101   79 27% 29 1595422 2365 38%
c i 24.25 1500 128 0  12  155  107 28% 27 1595422 2364 38%
c i 24.27 1501 127 0  12  157  108 28% 27 1595422 2363 38%
c i 24.32 1501 121 0  12  168  118 28% 26 1595422 2362 38%
c i 24.50 1502 107 0  12  200  141 28% 26 1595422 2361 38%
c i 24.68 1502 90 0  12  264  196 28% 26 1595422 2360 38%
c - 29.37 1458 93 1  16  300  226 28% 26 323452 2360 38%
c i 29.62 1387 96 1  17  313  236 28% 27 323452 2359 38%
c i 29.70 1387 97 1  19  317  239 28% 27 323452 2358 38%
c i 30.31 1387 95 1  29  368  282 28% 27 323452 2357 38%
c i 30.33 1387 95 1  29  370  282 28% 27 323452 2355 38%
c i 30.51 1387 100 1  33  399  302 27% 31 323452 2354 38%
c i 31.74 1387 100 1  52  490  386 27% 30 323452 2353 38%
c i 32.13 1388 92 1  52  566  455 27% 29 323452 2352 38%
c i 32.17 1388 91 1  52  576  463 27% 29 323452 2351 38%
c i 32.76 1388 92 1  64  657  540 27% 33 323452 2350 38%
c i 33.07 1388 92 1  69  674  555 27% 33 323452 2349 38%
c 
c  seconds    reductions  redundant   irredundant
c          MB     restarts       trail       variables
c            level   conflicts       glue         remaining
c 
c i 33.33 1388 92 1  73  693  570 27% 33 323452 2347 38%
c i 33.53 1388 91 1  77  718  590 27% 33 323452 2346 38%
c i 33.64 1388 91 1  78  725  596 27% 33 323452 2345 38%
c i 34.17 1388 88 1  81  779  640 27% 32 323452 2344 38%
c i 34.19 1388 88 1  81  783  643 27% 31 323452 2343 38%
c i 34.56 1388 83 1  81  857  702 27% 30 323452 2342 38%
c i 34.59 1388 83 1  81  867  709 27% 30 323452 2341 38%
c i 34.67 1388 80 1  81  910  743 27% 30 323452 2340 38%
c i 34.69 1388 80 1  81  917  749 27% 30 323452 2339 38%
c i 34.71 1388 79 1  81  930  759 27% 30 323452 2338 38%
c } 34.78 1388 75 1  81 1000  820 28% 29 323452 2338 38%
c [ 34.78 1388  0 1  81 1000  820  0% 0 323452 2338 38%
c O 34.83 1388 16 1  81 1002  822 25% 11 323452 2338 38%
c i 35.08 1388 10 1  81 1051  842 23% 7 323452 2337 38%
c - 36.01 1538 21 2  81 1205  859 30% 18 323384 2337 38%
c i 36.44 1538 26 2  81 1492 1094 31% 21 323384 2336 38%
c i 36.45 1538 26 2  81 1498 1099 31% 21 323384 2335 38%
c i 36.50 1538 26 2  81 1596 1164 31% 22 323384 2334 38%
c i 36.51 1538 26 2  81 1618 1180 31% 22 323384 2333 38%
c i 36.60 1538 26 2  81 1813 1324 31% 22 323384 2332 38%
c 
c  seconds    reductions  redundant   irredundant
c          MB     restarts       trail       variables
c            level   conflicts       glue         remaining
c 
c i 36.64 1538 26 2  81 1856 1359 31% 23 323384 2331 38%
c i 36.67 1538 27 2  81 1916 1402 31% 23 323384 2330 38%
c i 36.72 1538 27 2  81 2003 1465 31% 23 323384 2329 38%
c i 36.77 1538 27 2  82 2083 1526 31% 24 323384 2328 38%
c i 36.82 1538 27 2  82 2183 1591 31% 24 323384 2327 38%
c i 36.96 1538 26 2  82 2470 1785 31% 23 323384 2326 38%
c - 37.48 1536 26 3  82 2564 1438 31% 23 323351 2326 38%
c ] 38.12 1536 28 3  82 3001 1783 54% 24 323351 2326 38%
c { 38.12 1536 75 3  82 3001 1783 73% 29 323351 2326 38%
c F 38.13 1536 75 3  82 3004 1786 73% 29 323351 2326 38%
c i 38.49 1536 68 3  82 3184 1945 70% 27 323351 2325 38%
c i 38.59 1536 62 3  82 3353 2070 67% 26 323351 2324 38%
c i 39.08 1536 61 3  90 3462 2171 66% 26 323351 2323 38%
c i 39.11 1536 61 3  90 3467 2175 66% 26 323351 2322 38%
c i 39.50 1536 60 3  99 3582 2263 64% 26 323351 2321 38%
c i 39.69 1536 51 3  99 4067 2596 62% 24 323351 2320 38%
c i 39.72 1536 51 3  99 4091 2609 62% 24 323351 2319 38%
c i 39.80 1536 50 3  99 4228 2721 61% 24 323351 2318 38%
c - 40.20 1534 48 4  99 4375 2014 61% 24 323327 2318 38%
c i 40.72 1534 44 4 100 4898 2378 59% 22 323327 2317 38%
c 
c  seconds    reductions  redundant   irredundant
c          MB     restarts       trail       variables
c            level   conflicts       glue         remaining
c 
c d 41.33 1534 43 4 100 5000 2447 58% 22 323280 2304 37%
c 3 41.36 1534 43 4 100 5000 3672 58% 22 323280 2304 37%
c 3 41.37 1534 43 4 100 5000 3856 58% 22 323280 2304 37%
c 2 41.44 1534 43 4 100 5000 3856 58% 22 323277 2300 37%
c p 45.34 1534 43 4 100 5000 7964 58% 22 323277 2201 36%
c d 45.94 1534 43 4 100 5000 7486 58% 22 321749 2200 36%
c # 46.65 1534 36 4 100 6005 8069 56% 19 321749 2200 36%
c - 48.27 1390 35 5 132 6639 2662 56% 19 321749 2200 36%
c } 48.47 1390 33 5 132 7001 2868 56% 19 321749 2200 36%
c [ 48.47 1390 28 5 132 7001 2868 54% 24 321749 2200 36%
c - 50.62 1391 22 6 134 9354 2962 53% 19 321749 2200 36%
c I 51.13 1391 22 6 134 10007 3318 53% 18 321749 2200 36%
c - 56.65 1391 24 7 136 12519 3527 51% 19 321749 2200 36%
c 3 62.16 1391 24 7 137 15000 6509 51% 19 321749 2200 36%
c 2 62.23 1391 24 7 137 15000 6653 51% 19 321747 2200 36%
c p 65.50 1391 24 7 137 15000 10506 51% 19 321747 2200 36%
c ] 65.74 1391 24 7 137 15006 10511 51% 19 321747 2200 36%
c { 65.74 1391 33 7 137 15006 10511 56% 19 321747 2200 36%
c B 65.85 1391 33 7 137 15010 10515 56% 19 321747 2200 36%
c - 67.62 1391 31 8 172 16137 4388 55% 18 321747 2200 36%
c 
c  seconds    reductions   redundant   irredundant
c          MB     restarts        trail       variables
c            level    conflicts       glue         remaining
c 
c s 78.40 1391 33 8 491 18764 6191 52% 19 318500 2200 36%
c v 83.97 1391 33 8 491 18764 6191 52% 19 318487 2200 36%
c t 84.09 1391 33 8 491 18764 6182 52% 19 318473 2200 36%
c e 85.38 1393 33 8 491 18764 5774 52% 19 316352 943 15%
c s 85.50 1393 33 8 491 18764 5774 52% 19 315805 943 15%
c - 88.31 1345 31 9 522 20208 5025 72% 19 315805 943 15%
c W 89.58 1345 30 9 574 21011 5571 71% 19 315805 943 15%
c - 95.59 1345 30 10 802 24706 5746 69% 19 315805 943 15%
c F 97.84 1345 28 10 920 28012 7701 69% 19 315805 943 15%
c - 100.66 1345 28 11 992 29657 5999 69% 19 315805 943 15%
c 3 101.32 1345 28 11 1023 30001 6954 69% 19 315805 943 15%
c 2 101.38 1344 28 11 1023 30001 6987 69% 19 315804 943 15%
c p 105.91 1345 28 11 1023 30001 9547 69% 19 315804 939 15%
c } 106.73 1345 27 11 1031 31006 10186 69% 18 315804 939 15%
c [ 106.73 1345 24 11 1031 31006 10186 125% 19 315804 939 15%
c - 109.39 1345 22 12 1033 35056 6457 106% 18 315792 939 15%
c B 110.19 1345 22 12 1034 36017 7063 104% 18 315792 939 15%
c - 112.12 1345 26 13 1037 40907 7723 94% 21 315792 939 15%
c W 114.69 1345 26 13 1038 45018 10663 89% 21 315792 939 15%
c - 115.54 1345 26 14 1039 47211 8196 87% 21 315792 939 15%
c 
c  seconds     reductions      redundant   irredundant
c           MB      restarts          trail       variables
c             level      conflicts        glue        remaining
c 
c p 118.44 1345 25 14 1039 50002 13188 85% 21 315792 939 15%
c s 119.95 1345 25 14 1039 52316 14770 84% 21 315126 939 15%
c v 124.50 1345 25 14 1039 52316 14770 84% 21 315103 939 15%
c t 124.65 1345 25 14 1039 52316 14765 84% 21 315103 939 15%
c e 125.77 1345 25 14 1039 52316 14756 84% 21 315102 937 15%
c s 125.94 1345 25 14 1039 52316 14756 84% 21 314273 937 15%
c - 128.26 1345 26 15 1039 53959 8573 83% 21 314273 937 15%
c O 128.75 1345 26 15 1040 55020 9222 83% 22 314273 937 15%
c - 130.89 1345 25 16 1045 61147 8354 80% 22 314273 937 15%
c ] 131.46 1345 25 16 1046 63009 9396 79% 21 314273 937 15%
c { 131.46 1345 27 16 1046 63009 9396 69% 18 314273 937 15%
c B 132.49 1345 26 16 1105 66021 11260 69% 18 314273 937 15%
c } 133.32 1345 26 16 1141 68758 13170 69% 18 314273 937 15%
c 1 133.32 1345 26 16 1141 68758 13170 69% 18 314273 937 15%
c 
c --- [ writing output ] -----------------------------------------------------
c 
c writing simplified CNF to DIMACS file 'simp/33.cubes4685.adj.simp1'
c * 133.32 1345 26 16 1141 68758 13170 69% 18 314273 937 15%
c opening file to write 'simp/33.cubes4685.adj.simp1'
c writing 'p cnf 6160 314273' header
c closing file 'simp/33.cubes4685.adj.simp1'
c after writing 143637773 bytes 137.0 MB
c wrote 314273 clauses in 1.00 seconds process time
c 
c --- [ writing extension ] --------------------------------------------------
c 
c writing extension stack to 'simp/33.cubes4685.adj.ext1'
c opening file to write 'simp/33.cubes4685.adj.ext1'
c closing file 'simp/33.cubes4685.adj.ext1'
c after writing 83771 bytes 0.1 MB
c wrote 3753 witnesses in 0.00 seconds process time
c 
c --- [ result ] -------------------------------------------------------------
c 
s SATISFIABLE
c 
c --- [ run-time profiling ] -------------------------------------------------
c 
c process time taken by individual solving procedures
c (percentage relative to process time for solving)
c 
c        83.51   73.04% search
c        49.82   43.58% unstable
c        31.67   27.70% stable
c        30.82   26.96% simplify
c        18.99   16.61% parse
c        13.74   12.02% probe
c        10.31    9.02% vivify
c         4.53    3.96% elim
c         1.27    1.11% walk
c         0.75    0.66% lucky
c         0.56    0.49% subsume
c         0.19    0.17% ternary
c   =================================
c       114.33   85.12% solve
c 
c last line shows process time for solving
c (percentage relative to total process time)
c 
c --- [ statistics ] ---------------------------------------------------------
c 
c chronological:             11682        16.99 %  of conflicts
c conflicts:                 68758       601.40    per second
c decisions:                139547      1220.56    per second
c eliminated:                 1259        20.44 %  of all variables
c fixed:                       806        13.08 %  of all variables
c learned:                   67426        98.06 %  per conflict
c learned_lits:           12798075       100.00 %  learned literals
c minimized:                     0         0.00 %  learned literals
c shrunken:                8326336        65.06 %  learned literals
c minishrunken:             933073         7.29 %  learned literals
c propagations:            5958905         0.05 M  per second
c reduced:                   31294        45.51 %  per conflict
c rephased:                     11      6250.73    interval
c restarts:                   1141        60.26    interval
c stabilizing:                   3        61.10 %  of conflicts
c substituted:                  14         0.23 %  of all variables
c subsumed:                  27951         0.79 %  of all clauses
c strengthened:               9796         0.28 %  of all clauses
c ternary:                    4256         0.78 %  of resolved
c vivified:                     59         0.00 %  of all clauses
c walked:                        2     34379.00    interval
c weakened:                   2947         3.05    average size
c 
c seconds are measured in process time for solving
c 
c --- [ resources ] ----------------------------------------------------------
c 
c total process time since initialization:       134.32    seconds
c total real time since initialization:          134.49    seconds
c maximum resident set size of process:         1685.91    MB
c 
c --- [ shutting down ] ------------------------------------------------------
c 
c exit 10
WARNING! DIMACS header mismatch: wrong number of variables.
============================[ Problem Statistics ]=============================
|                                                                             |
|  Number of variables:          3757                                         |
|  Number of clauses:          314275                                         |
|  Parse time:                   1.84 s                                       |
|  Simplification time:          0.03 s                                       |
|                                                                             |
============================[ Search Statistics ]====================================================
| Conflicts |          ORIGINAL         |          LEARNT          | Num Sols |      SUBGRAPHS      |
|           |    Vars  Clauses Literals |    Limit  Clauses Lit/Cl |          | Canonical Noncanon. |
=====================================================================================================
|       274 |    3665   314449 31085010 |     2000      274     14 |        0 |        94       174 |
|       586 |    3665   314611 31086758 |     2000      586     29 |        0 |       107       336 |
|       847 |    3665   314647 31087323 |     2000      847     54 |        0 |       120       372 |
|      1195 |    3665   314658 31087467 |     2000     1195     73 |        0 |       123       383 |
|      1738 |    3665   314695 31088074 |     2000     1738     77 |        0 |       152       420 |
|      2534 |    3665   314732 31088692 |     3602     1536     42 |        0 |       179       457 |
|      3698 |    3665   314757 31089387 |     3602     2700     69 |        0 |       197       482 |
|      5464 |    3665   314815 31090562 |     5002     2666     54 |        0 |       238       540 |
|      8055 |    3665   314844 31091138 |     6303     2758     45 |        0 |       270       569 |
|     12194 |    3665   315139 31096270 |     7555     3749     35 |        0 |       424       864 |
|     18467 |    3665   315646 31104749 |     8786     6253     53 |        0 |       612      1371 |
|     27375 |    3665   315905 31109723 |    11205     5780     33 |        0 |       739      1630 |
|     40619 |    3665   316175 31116198 |    13606     7225     37 |        0 |       848      1900 |
|     62361 |    3665   318456 31162931 |    16011    14772     60 |        0 |      1534      4181 |
|     95280 |    3665   322183 31225679 |    20810    12090     41 |        0 |      1997      7908 |
|    140188 |    3665   323302 31245494 |    24411    23999     59 |        0 |      2245      9027 |
|    206601 |    3665   324031 31260761 |    30428    23429     52 |        0 |      2551      9756 |
|    306281 |    3665   325185 31282562 |    37609    22890     45 |        0 |      3012     10910 |
|    456312 |    3655   327427 31320896 |    46019    28731     47 |        0 |      3653     13152 |
|    680701 |    3655   326819 31308644 |    55511    52212     60 |        0 |      4558     15858 |
|   1018922 |    3602   332515 31414408 |    68813    51735     55 |        0 |      6082     21554 |
|   1522226 |    3585   278784 26815742 |    84383    61009     52 |        0 |      7269     26070 |
=====================================================================================================
Number of solutions   : 0
Canonical subgraphs   : 8578           (9 /sec)
          order  3    : 1              (200000 /sec)
          order  4    : 1              (500000 /sec)
          order  5    : 1              (250000 /sec)
          order  6    : 1              (52632 /sec)
          order  7    : 1              (8621 /sec)
          order  8    : 2              (1361 /sec)
          order  9    : 7              (353 /sec)
          order 10    : 30             (110 /sec)
          order 11    : 162            (40 /sec)
          order 12    : 748            (20 /sec)
          order 13    : 1057           (8 /sec)
          order 14    : 1532           (8 /sec)
          order 15    : 4030           (9 /sec)
          order 16    : 491            (8 /sec)
          order 17    : 355            (8 /sec)
          order 18    : 134            (7 /sec)
          order 19    : 22             (7 /sec)
          order 20    : 3              (6 /sec)
          order 21    : 0              (-nan /sec)
          order 22    : 0              (-nan /sec)
Noncanonical subgraphs: 30824          (195 /sec)
          order  3    : 0              (-nan /sec)
          order  4    : 0              (-nan /sec)
          order  5    : 0              (-nan /sec)
          order  6    : 0              (-nan /sec)
          order  7    : 0              (-nan /sec)
          order  8    : 0              (-nan /sec)
          order  9    : 0              (-nan /sec)
          order 10    : 0              (-nan /sec)
          order 11    : 0              (-nan /sec)
          order 12    : 0              (-nan /sec)
          order 13    : 6915           (2759 /sec)
          order 14    : 3787           (3160 /sec)
          order 15    : 9711           (577 /sec)
          order 16    : 10263          (76 /sec)
          order 17    : 136            (88 /sec)
          order 18    : 12             (27 /sec)
          order 19    : 0              (-nan /sec)
          order 20    : 0              (-nan /sec)
          order 21    : 0              (-nan /sec)
Canonicity checking   : 935.798 s
Noncanonicity checking: 158.309 s
Total canonicity time : 1094.11 s
database reductions   : 80
restarts              : 4091
conflicts             : 2067331        (1110 /sec)
decisions             : 2576925        (0.00 % random) (1383 /sec)
propagations          : 108925617      (58472 /sec)
conflict literals     : 189171473      (56.69 % deleted)
actual reward         : 0.258049
Memory used           : 386.00 MB
CPU time              : 1862.86 s

UNSATISFIABLE
