c --- [ banner ] -------------------------------------------------------------
c 
c CaDiCaL Radically Simplified CDCL SAT Solver
c Copyright (c) 2016-2021 A. Biere, M. Fleury, N. Froleyks
c 
c Version 1.5.2 a5f15211db36c3956764e18194dd5bd63bf3b5e6
c g++ (GCC) 9.3.0 -Wall -Wextra -O3 -DNDEBUG
c Fri Oct 21 01:27:37 EDT 2022 Linux gra-login3 3.10.0-1160.66.1.el7.x86_64 x86_64
c 
c --- [ limit ] --------------------------------------------------------------
c 
c setting conflict limit to 200000 conflicts (due to '200000')
c 
c --- [ parsing input ] ------------------------------------------------------
c 
c reading DIMACS file from '33.cubes6427.adj'
c opening file to read '33.cubes6427.adj'
c found 'p cnf 6160 1595472' header
c parsed 1595472 clauses in 20.57 seconds process time
c closing file '33.cubes6427.adj'
c after reading 1457566757 bytes 1390.0 MB
c 
c --- [ options ] ------------------------------------------------------------
c 
c all options are set to their default value
c 
c --- [ solving ] ------------------------------------------------------------
c 
c time measured in process time since initialization
c 
c  seconds    reductions  redundant   irredundant
c          MB     restarts       trail       variables
c            level   conflicts       glue         remaining
c 
c * 20.57 1373  0 0   0    0    0  0% 0 1595422 2464 40%
c { 21.78 1423  0 0   0    0    0  0% 0 1595422 2464 40%
c i 24.22 1488 587 0   2   26   23 30% 15 1595422 2463 40%
c i 28.77 1525 219 0  18  126   98 27% 28 1595422 2456 40%
c i 31.02 1530 133 0  32  243  179 25% 26 1595422 2448 40%
c i 31.06 1530 133 0  32  247  179 25% 25 1595422 2444 40%
c i 31.59 1531 140 0  33  278  201 25% 28 1595422 2443 40%
c i 31.66 1531 140 0  33  280  201 25% 28 1595422 2441 40%
c - 37.28 1523 137 1  37  301  221 25% 29 482284 2441 40%
c i 38.89 1397 120 1  51  377  286 26% 30 482284 2440 40%
c i 39.03 1397 124 1  54  395  301 26% 30 482284 2439 40%
c i 39.37 1397 122 1  59  432  320 26% 30 482284 2436 40%
c i 39.63 1397 121 1  60  446  333 26% 30 482284 2435 40%
c i 39.73 1397 120 1  60  458  343 26% 30 482284 2434 40%
c i 39.77 1397 118 1  61  466  348 26% 30 482284 2433 39%
c i 39.94 1397 113 1  61  510  383 26% 30 482284 2432 39%
c i 39.97 1397 113 1  61  512  384 26% 30 482284 2431 39%
c i 39.97 1397 113 1  61  513  384 26% 30 482284 2430 39%
c i 39.98 1397 112 1  61  521  391 26% 30 482284 2429 39%
c i 40.49 1397 114 1  64  544  409 26% 31 482284 2427 39%
c 
c  seconds     reductions  redundant   irredundant
c          MB      restarts       trail       variables
c             level   conflicts       glue         remaining
c 
c i 41.19 1398 113 1  73  579  435 26% 32 482284 2426 39%
c i 41.82 1398 116 1  85  623  473 26% 36 482284 2425 39%
c i 42.12 1398 120 1  91  650  494 26% 39 482284 2424 39%
c i 42.70 1398 121 1 103  691  528 26% 40 482284 2423 39%
c i 42.78 1398 120 1 104  698  533 26% 40 482284 2422 39%
c i 42.79 1398 120 1 105  700  534 26% 40 482284 2421 39%
c i 43.19 1399 120 1 107  705  538 26% 40 482284 2420 39%
c i 43.25 1399 119 1 107  708  540 26% 40 482284 2419 39%
c i 43.49 1399 116 1 107  727  558 26% 39 482284 2418 39%
c i 43.66 1399 115 1 107  740  568 26% 39 482284 2417 39%
c i 43.66 1399 114 1 107  741  568 26% 39 482284 2416 39%
c i 43.75 1399 112 1 107  758  583 26% 38 482284 2415 39%
c i 43.79 1399 112 1 107  761  585 26% 38 482284 2414 39%
c i 43.79 1399 112 1 107  763  586 26% 38 482284 2413 39%
c i 43.92 1399 111 1 107  773  594 26% 37 482284 2412 39%
c i 43.95 1399 110 1 107  781  601 26% 37 482284 2411 39%
c i 43.96 1399 110 1 107  782  601 26% 37 482284 2410 39%
c i 44.14 1399 107 1 107  811  626 26% 36 482284 2409 39%
c i 44.14 1399 107 1 107  813  626 26% 36 482284 2407 39%
c i 44.24 1399 106 1 107  831  641 26% 35 482284 2406 39%
c 
c  seconds     reductions  redundant   irredundant
c          MB      restarts       trail       variables
c             level   conflicts       glue         remaining
c 
c i 44.34 1400 106 1 107  838  645 26% 35 482284 2405 39%
c i 44.91 1400 101 1 107  911  715 26% 34 482284 2404 39%
c i 45.24 1400 100 1 107  943  743 26% 33 482284 2403 39%
c i 45.44 1400 98 1 107  968  767 26% 33 482284 2402 39%
c i 45.48 1400 97 1 107  979  776 27% 33 482284 2401 39%
c } 45.91 1401 96 1 107 1000  797 27% 33 482284 2401 39%
c [ 45.91 1401  0 1 107 1000  797  0% 0 482284 2401 39%
c O 45.97 1401 26 1 107 1002  798 19% 3 482284 2401 39%
c i 45.97 1401 26 1 107 1002  798 19% 3 482284 2367 38%
c i 45.97 1401 17 1 107 1003  798 16% 2 482284 2351 38%
c i 46.04 1401  7 1 107 1009  803 16% 1 482284 2334 38%
c i 46.41 1401 15 1 107 1031  821 29% 8 482284 2333 38%
c i 46.41 1401 15 1 107 1032  821 29% 8 482284 2332 38%
c i 46.71 1401 18 1 107 1115  865 32% 13 482284 2331 38%
c i 46.80 1401 17 1 107 1181  906 32% 13 482284 2330 38%
c - 48.16 1618 18 2 107 1312  877 32% 14 481062 2330 38%
c i 48.42 1618 17 2 107 1371  910 32% 14 481062 2329 38%
c i 48.66 1618 17 2 107 1634 1072 32% 15 481062 2328 38%
c i 48.66 1618 17 2 107 1635 1072 32% 15 481062 2327 38%
c i 48.71 1618 17 2 107 1701 1110 32% 14 481062 2326 38%
c 
c  seconds    reductions  redundant   irredundant
c          MB     restarts       trail       variables
c            level   conflicts       glue         remaining
c 
c i 48.72 1618 17 2 107 1703 1111 32% 14 481062 2325 38%
c i 48.83 1618 17 2 107 1824 1171 32% 14 481062 2324 38%
c i 48.86 1618 17 2 107 1856 1185 32% 14 481062 2323 38%
c i 49.08 1618 17 2 108 2085 1260 32% 14 481062 2322 38%
c i 49.08 1618 17 2 108 2087 1261 32% 14 481062 2321 38%
c i 49.15 1618 17 2 108 2187 1307 32% 14 481062 2320 38%
c i 49.47 1618 17 2 108 2677 1529 32% 15 481062 2319 38%
c - 50.26 1613 17 3 108 2825 1196 32% 14 481029 2319 38%
c ] 50.94 1613 17 3 108 3000 1299 54% 14 481029 2319 38%
c { 50.94 1613 96 3 108 3000 1299 70% 33 481029 2319 38%
c F 50.96 1613 96 3 108 3003 1302 70% 32 481029 2319 38%
c i 51.40 1613 87 3 111 3162 1427 67% 31 481029 2318 38%
c i 51.60 1613 83 3 114 3271 1517 66% 31 481029 2317 38%
c i 54.90 1613 71 3 175 4141 2239 58% 31 481029 2316 38%
c i 55.09 1613 66 3 175 4346 2376 57% 29 481029 2315 38%
c - 55.77 1612 59 4 175 4844 2180 55% 28 481017 2315 38%
c i 55.92 1612 58 4 175 4955 2263 55% 27 481017 2314 38%
c i 56.02 1612 57 4 175 5001 2292 55% 27 481017 2313 38%
c d 56.82 1612 57 4 175 5001 2290 55% 27 422950 2302 37%
c 3 56.86 1612 57 4 175 5001 3169 55% 27 422949 2302 37%
c 
c  seconds    reductions  redundant   irredundant
c          MB     restarts       trail       variables
c            level   conflicts       glue         remaining
c 
c 2 56.97 1612 57 4 175 5001 3265 55% 27 422948 2299 37%
c p 62.35 1612 57 4 175 5001 8605 55% 27 422948 2219 36%
c d 63.01 1612 57 4 175 5001 8206 55% 27 328962 2214 36%
c } 64.02 1612 55 4 177 5383 8516 54% 27 328962 2214 36%
c 1 64.02 1612 55 4 177 5383 8516 54% 27 328962 2214 36%
c 
c --- [ writing output ] -----------------------------------------------------
c 
c writing simplified CNF to DIMACS file 'simp/33.cubes6427.adj.simp1'
c * 64.02 1612 55 4 177 5383 8516 54% 27 328962 2214 36%
c opening file to write 'simp/33.cubes6427.adj.simp1'
c writing 'p cnf 6160 328962' header
c closing file 'simp/33.cubes6427.adj.simp1'
c after writing 155261230 bytes 148.1 MB
c wrote 328962 clauses in 1.18 seconds process time
c 
c --- [ writing extension ] --------------------------------------------------
c 
c writing extension stack to 'simp/33.cubes6427.adj.ext1'
c opening file to write 'simp/33.cubes6427.adj.ext1'
c closing file 'simp/33.cubes6427.adj.ext1'
c after writing 12150 bytes 0.0 MB
c wrote 818 witnesses in 0.00 seconds process time
c 
c --- [ result ] -------------------------------------------------------------
c 
s SATISFIABLE
c 
c --- [ run-time profiling ] -------------------------------------------------
c 
c process time taken by individual solving procedures
c (percentage relative to process time for solving)
c 
c        36.43   83.85% search
c        30.21   69.52% unstable
c        20.57   47.34% parse
c         7.02   16.15% simplify
c         5.38   12.38% probe
c         5.03   11.57% stable
c         1.20    2.77% lucky
c         0.08    0.19% ternary
c   =================================
c        43.45   66.64% solve
c 
c last line shows process time for solving
c (percentage relative to total process time)
c 
c --- [ statistics ] ---------------------------------------------------------
c 
c chronological:              1452        26.97 %  of conflicts
c conflicts:                  5383       123.89    per second
c decisions:                 29358       675.67    per second
c fixed:                       786        12.76 %  of all variables
c learned:                    5211        96.80 %  per conflict
c learned_lits:             898162       100.00 %  learned literals
c minimized:                     0         0.00 %  learned literals
c shrunken:                 657544        73.21 %  learned literals
c minishrunken:              32438         3.61 %  learned literals
c propagations:             974733         0.02 M  per second
c reduced:                    1027        19.08 %  per conflict
c rephased:                      2      2691.50    interval
c restarts:                    177        30.41    interval
c stabilizing:                   1        37.15 %  of conflicts
c substituted:                  16         0.26 %  of all variables
c subsumed:                   1490         0.05 %  of all clauses
c ternary:                     978         0.47 %  of resolved
c weakened:                     32         2.00    average size
c 
c seconds are measured in process time for solving
c 
c --- [ resources ] ----------------------------------------------------------
c 
c total process time since initialization:        65.20    seconds
c total real time since initialization:           65.51    seconds
c maximum resident set size of process:         1829.42    MB
c 
c --- [ shutting down ] ------------------------------------------------------
c 
c exit 10
WARNING! DIMACS header mismatch: wrong number of variables.
============================[ Problem Statistics ]=============================
|                                                                             |
|  Number of variables:          6120                                         |
|  Number of clauses:          328972                                         |
|  Parse time:                   2.07 s                                       |
|  Simplification time:          0.04 s                                       |
|                                                                             |
============================[ Search Statistics ]====================================================
| Conflicts |          ORIGINAL         |          LEARNT          | Num Sols |      SUBGRAPHS      |
|           |    Vars  Clauses Literals |    Limit  Clauses Lit/Cl |          | Canonical Noncanon. |
=====================================================================================================
|       100 |    6031   328972 33407664 |     2000      100    132 |        0 |        17         0 |
|       254 |    6031   328976 33407847 |     2000      254    119 |        0 |        20         4 |
|       484 |    6031   328981 33407906 |     2000      484    118 |        0 |        22         9 |
|       829 |    6031   328989 33408136 |     2000      829    111 |        0 |        33        17 |
|      1349 |    6031   329003 33408336 |     2000     1349    101 |        0 |        70        31 |
|      2147 |    6031   329042 33409549 |     3602     1149     59 |        0 |       101        70 |
|      3337 |    6031   329093 33410616 |     3602     2339     74 |        0 |       122       121 |
|      5086 |    6031   329134 33411781 |     5001     2287     53 |        0 |       149       162 |
|      7694 |    6031   329180 33413345 |     5001     4895     89 |        0 |       177       208 |
|     11641 |    6031   329283 33415834 |     7558     3199     36 |        0 |       244       311 |
|     17800 |    6031   329676 33422755 |     8781     5581     47 |        0 |       331       704 |
|     26693 |    6031   329920 33427380 |    11198     5091     25 |        0 |       443       948 |
|     40011 |    6031   330264 33434563 |    13607     6618     24 |        0 |       697      1292 |
|     59661 |    6031   330453 33438987 |    16010    12071     56 |        0 |       808      1481 |
|     89215 |    6031   330815 33445541 |    19610    15825     57 |        0 |       984      1843 |
|    133819 |    6031   331630 33460120 |    24413    17632     48 |        0 |      1248      2658 |
|    202500 |    6031   334627 33526394 |    30411    19311     43 |        0 |      2043      5655 |
|    301264 |    6031   334865 33533910 |    36407    36071     64 |        0 |      2230      5893 |
|    449439 |    6031   335251 33546255 |    44826    44265     66 |        0 |      2436      6279 |
|    671879 |    6031   336008 33568306 |    55624    43503     57 |        0 |      2915      7036 |
|   1005563 |    6031   337167 33605493 |    68815    38378     36 |        0 |      3485      8195 |
|   1505872 |    6031   338688 33652063 |    84417    44689     32 |        0 |      4070      9716 |
|   2259106 |    6031   343740 33785630 |   102407   101913     68 |        0 |      6254     14768 |
|   3389995 |    6031   352355 34000811 |   126416    94811     55 |        0 |      9627     23383 |
|   5092608 |    6031   371557 34381154 |   155231   115039     54 |        0 |     13943     42585 |
|   7624556 |    6031   378389 34573884 |   190045   153001     54 |        0 |     17499     49417 |
|  11424706 |    6031   390864 34905252 |   233219   155125     43 |        0 |     24509     61892 |
|  17125786 |    6019   368607 34468882 |   285983   158169     50 |        0 |     30432     81460 |
|  25663550 |    6019   384102 34905479 |   349625   290175     56 |        0 |     39556     96955 |
|  39007369 |    5967   605462 34053694 |   430819   380388     56 |        1 |     78866    657370 |
=====================================================================================================
Number of solutions   : 1
Canonical subgraphs   : 82868          (9 /sec)
          order  3    : 1              (166667 /sec)
          order  4    : 1              (500000 /sec)
          order  5    : 1              (250000 /sec)
          order  6    : 1              (55556 /sec)
          order  7    : 1              (7874 /sec)
          order  8    : 2              (1359 /sec)
          order  9    : 5              (281 /sec)
          order 10    : 10             (50 /sec)
          order 11    : 38             (13 /sec)
          order 12    : 187            (4 /sec)
          order 13    : 1178           (3 /sec)
          order 14    : 11463          (8 /sec)
          order 15    : 61368          (10 /sec)
          order 16    : 5876           (7 /sec)
          order 17    : 2298           (6 /sec)
          order 18    : 356            (5 /sec)
          order 19    : 66             (5 /sec)
          order 20    : 11             (6 /sec)
          order 21    : 4              (5 /sec)
          order 22    : 1              (1 /sec)
Noncanonical subgraphs: 714213         (84 /sec)
          order  3    : 0              (-nan /sec)
          order  4    : 0              (-nan /sec)
          order  5    : 0              (-nan /sec)
          order  6    : 0              (-nan /sec)
          order  7    : 0              (-nan /sec)
          order  8    : 0              (-nan /sec)
          order  9    : 0              (-nan /sec)
          order 10    : 0              (-nan /sec)
          order 11    : 0              (-nan /sec)
          order 12    : 0              (-nan /sec)
          order 13    : 2406           (19141 /sec)
          order 14    : 43148          (2687 /sec)
          order 15    : 129345         (556 /sec)
          order 16    : 536613         (66 /sec)
          order 17    : 2685           (51 /sec)
          order 18    : 12             (10 /sec)
          order 19    : 1              (14 /sec)
          order 20    : 0              (-nan /sec)
          order 21    : 0              (-nan /sec)
Canonicity checking   : 9387.31 s
Noncanonicity checking: 8472.5 s
Total canonicity time : 17859.8 s
database reductions   : 389
restarts              : 65531
conflicts             : 46168815       (737 /sec)
decisions             : 57299440       (0.00 % random) (915 /sec)
propagations          : 5581956555     (89136 /sec)
conflict literals     : 4531871046     (58.85 % deleted)
actual reward         : 0.105965
Memory used           : 708.00 MB
CPU time              : 62623.2 s

UNSATISFIABLE
