c --- [ banner ] -------------------------------------------------------------
c 
c CaDiCaL Radically Simplified CDCL SAT Solver
c Copyright (c) 2016-2021 A. Biere, M. Fleury, N. Froleyks
c 
c Version 1.5.2 a5f15211db36c3956764e18194dd5bd63bf3b5e6
c g++ (GCC) 9.3.0 -Wall -Wextra -O3 -DNDEBUG
c Fri Oct 21 01:27:37 EDT 2022 Linux gra-login3 3.10.0-1160.66.1.el7.x86_64 x86_64
c 
c --- [ limit ] --------------------------------------------------------------
c 
c setting conflict limit to 200000 conflicts (due to '200000')
c 
c --- [ parsing input ] ------------------------------------------------------
c 
c reading DIMACS file from '33.cubes5698.adj'
c opening file to read '33.cubes5698.adj'
c found 'p cnf 6160 1595482' header
c parsed 1595482 clauses in 19.64 seconds process time
c closing file '33.cubes5698.adj'
c after reading 1457566824 bytes 1390.0 MB
c 
c --- [ options ] ------------------------------------------------------------
c 
c all options are set to their default value
c 
c --- [ solving ] ------------------------------------------------------------
c 
c time measured in process time since initialization
c 
c  seconds    reductions  redundant   irredundant
c          MB     restarts       trail       variables
c            level   conflicts       glue         remaining
c 
c * 19.65 1379  0 0   0    0    0  0% 0 1595422 2350 38%
c { 20.32 1424  0 0   0    0    0  0% 0 1595422 2350 38%
c i 22.88 1496 319 0   5   73   62 31% 22 1595422 2300 37%
c i 23.10 1500 290 0   7   81   69 31% 24 1595422 2299 37%
c i 23.75 1504 242 0  10  100   86 29% 21 1595422 2297 37%
c i 23.88 1504 228 0  10  107   92 29% 21 1595422 2296 37%
c i 24.42 1510 198 0  15  132  113 29% 24 1595422 2295 37%
c i 24.62 1510 180 0  19  148  128 29% 24 1595422 2294 37%
c i 25.47 1516 158 0  27  188  163 29% 27 1595422 2293 37%
c i 25.51 1516 158 0  28  190  164 29% 27 1595422 2292 37%
c i 25.56 1516 157 0  30  196  168 29% 27 1595422 2291 37%
c i 25.63 1517 153 0  31  205  175 29% 28 1595422 2290 37%
c i 26.00 1522 136 0  33  249  211 29% 25 1595422 2289 37%
c i 26.11 1522 133 0  33  257  218 29% 25 1595422 2288 37%
c i 26.13 1522 132 0  33  258  218 29% 25 1595422 2287 37%
c i 26.14 1522 132 0  33  259  218 29% 25 1595422 2286 37%
c i 26.17 1522 131 0  33  262  220 29% 25 1595422 2285 37%
c i 26.20 1522 130 0  33  264  221 29% 25 1595422 2284 37%
c - 30.11 1441 119 1  33  301  256 29% 24 335828 2284 37%
c i 30.88 1380 92 1  34  466  384 28% 23 335828 2283 37%
c 
c  seconds    reductions  redundant   irredundant
c          MB     restarts       trail       variables
c            level   conflicts       glue         remaining
c 
c i 31.17 1380 80 1  47  622  506 28% 25 335828 2282 37%
c i 31.53 1380 80 1  60  679  542 28% 25 335828 2281 37%
c i 31.58 1380 80 1  61  687  549 28% 25 335828 2280 37%
c i 31.70 1380 80 1  62  694  555 28% 25 335828 2279 37%
c i 32.94 1381 82 1  96  842  683 28% 28 335828 2278 37%
c i 32.97 1381 82 1  96  845  685 28% 28 335828 2277 37%
c i 32.98 1381 82 1  96  850  689 28% 28 335828 2276 37%
c i 33.26 1382 80 1 103  926  749 28% 28 335828 2275 37%
c } 33.89 1382 80 1 118 1004  809 28% 30 335828 2275 37%
c [ 33.89 1382  0 1 118 1004  809  0% 0 335828 2275 37%
c O 33.89 1382  1 1 118 1005  809 12% 0 335828 2275 37%
c i 33.89 1382  1 1 118 1005  809 12% 0 335828 2258 37%
c i 34.05 1382 20 1 118 1035  828 27% 13 335828 2257 37%
c i 34.10 1382 23 1 118 1046  838 29% 17 335828 2256 37%
c i 34.17 1382 29 1 118 1118  901 33% 24 335828 2255 37%
c i 34.22 1382 29 1 118 1145  918 33% 24 335828 2254 37%
c i 34.28 1382 30 1 118 1205  961 32% 24 335828 2253 37%
c - 34.81 1528 31 2 118 1219  855 32% 25 335517 2253 37%
c i 34.95 1528 31 2 118 1373  948 32% 26 335517 2252 37%
c i 34.98 1528 32 2 118 1437  991 32% 26 335517 2251 37%
c 
c  seconds    reductions  redundant   irredundant
c          MB     restarts       trail       variables
c            level   conflicts       glue         remaining
c 
c i 35.08 1528 30 2 118 1784 1187 32% 26 335517 2250 37%
c i 35.08 1528 30 2 118 1788 1188 32% 26 335517 2249 37%
c i 35.09 1528 30 2 118 1797 1193 32% 25 335517 2248 36%
c i 35.12 1528 30 2 118 1865 1229 32% 25 335517 2247 36%
c i 35.13 1528 30 2 118 1866 1229 32% 25 335517 2246 36%
c i 35.19 1528 28 2 118 2006 1296 32% 23 335517 2245 36%
c i 35.19 1528 28 2 118 2013 1302 32% 23 335517 2244 36%
c i 35.21 1528 28 2 119 2062 1338 32% 23 335517 2243 36%
c i 35.33 1528 25 2 119 2355 1506 32% 22 335517 2242 36%
c i 35.33 1528 25 2 119 2361 1509 32% 22 335517 2241 36%
c i 35.36 1528 25 2 119 2427 1552 32% 21 335517 2240 36%
c i 35.36 1528 25 2 119 2432 1555 32% 21 335517 2239 36%
c i 35.38 1528 25 2 119 2517 1617 32% 21 335517 2238 36%
c - 35.84 1524 25 3 119 2593 1223 32% 21 335472 2238 36%
c i 36.14 1524 24 3 119 2674 1283 53% 21 335472 2237 36%
c i 36.18 1524 24 3 119 2775 1351 53% 21 335472 2236 36%
c ] 36.24 1524 24 3 119 3004 1487 53% 21 335472 2236 36%
c { 36.24 1524 80 3 119 3004 1487 76% 30 335472 2236 36%
c F 36.26 1524 80 3 120 3006 1489 76% 30 335472 2236 36%
c i 36.64 1524 76 3 141 3157 1610 72% 30 335472 2235 36%
c 
c  seconds    reductions  redundant   irredundant
c          MB     restarts       trail       variables
c            level   conflicts       glue         remaining
c 
c i 36.91 1524 64 3 154 3765 2083 65% 30 335472 2234 36%
c i 36.93 1524 63 3 154 3804 2111 65% 30 335472 2233 36%
c i 36.93 1524 63 3 154 3813 2119 65% 29 335472 2232 36%
c i 36.95 1524 63 3 154 3853 2153 65% 29 335472 2231 36%
c i 37.89 1524 65 3 207 4145 2396 62% 32 335472 2230 36%
c i 38.08 1524 62 3 215 4409 2587 60% 31 335472 2229 36%
c - 38.47 1522 62 4 215 4424 1946 60% 31 335445 2229 36%
c 2 39.33 1522 53 4 215 5003 3489 59% 28 335430 2221 36%
c p 42.97 1522 53 4 215 5003 6150 59% 28 335430 2194 36%
c d 43.49 1522 53 4 215 5003 6089 59% 28 335350 2193 36%
c # 44.02 1522 45 4 215 6009 6736 58% 25 335350 2193 36%
c - 44.95 1518 42 5 224 6712 2713 57% 24 335350 2193 36%
c } 45.05 1518 40 5 224 7004 2952 56% 23 335350 2193 36%
c [ 45.05 1518 24 5 224 7004 2952 53% 21 335350 2193 36%
c - 45.99 1384 22 6 226 9457 3375 51% 19 335350 2193 36%
c I 46.42 1384 22 6 226 10013 3778 51% 19 335350 2193 36%
c - 49.68 1384 34 7 228 12663 3859 48% 29 335350 2193 36%
c p 55.02 1384 38 7 229 15003 9621 48% 32 335350 2191 36%
c ] 55.16 1384 38 7 229 15006 9623 48% 32 335350 2191 36%
c { 55.16 1384 40 7 229 15006 9623 56% 23 335350 2191 36%
c 
c  seconds    reductions   redundant   irredundant
c          MB     restarts        trail       variables
c            level    conflicts       glue         remaining
c 
c B 55.29 1384 40 7 229 15015 9631 56% 23 335350 2191 36%
c - 58.23 1384 38 8 269 16324 5014 54% 22 335344 2191 36%
c s 59.53 1384 33 8 271 18821 6587 53% 20 333512 2191 36%
c v 63.63 1384 33 8 271 18821 6587 53% 20 333495 2191 36%
c t 63.74 1384 33 8 271 18821 6577 53% 20 333485 2191 36%
c e 64.98 1387 33 8 271 18821 6371 53% 20 331350 980 16%
c s 65.09 1387 33 8 271 18821 6371 53% 20 330197 980 16%
c - 72.46 1387 35 9 517 20444 5235 66% 22 330197 980 16%
c W 73.03 1387 34 9 542 21016 5621 67% 21 330197 980 16%
c - 74.47 1387 30 10 582 25000 5419 69% 20 330197 980 16%
c F 75.55 1387 27 10 582 28019 7310 69% 19 330197 980 16%
c 3 78.34 1387 27 10 681 30004 9376 69% 19 330197 980 16%
c p 82.05 1387 27 10 681 30004 11340 69% 19 330197 978 16%
c - 82.44 1387 27 11 683 30012 5911 69% 19 330191 978 16%
c } 88.29 1387 29 11 922 31007 6729 69% 20 330191 978 16%
c [ 88.29 1387 38 11 922 31007 6729 109% 32 330191 978 16%
c - 90.83 1387 47 12 924 35482 7038 95% 39 330191 978 16%
c B 91.05 1387 48 12 925 36020 7410 94% 40 330191 978 16%
c - 95.34 1387 44 13 928 41405 7432 86% 37 330191 978 16%
c W 99.30 1387 42 13 929 45022 10010 83% 36 330191 978 16%
c 
c  seconds     reductions     redundant   irredundant
c           MB      restarts         trail       variables
c             level     conflicts        glue        remaining
c 
c ] 100.38 1387 42 13 930 46575 11104 82% 35 330191 978 16%
c 1 100.38 1387 42 13 930 46575 11104 82% 35 330191 978 16%
c 
c --- [ writing output ] -----------------------------------------------------
c 
c writing simplified CNF to DIMACS file 'simp/33.cubes5698.adj.simp1'
c * 100.38 1387 42 13 930 46575 11104 82% 35 330191 978 16%
c opening file to write 'simp/33.cubes5698.adj.simp1'
c writing 'p cnf 6160 330191' header
c closing file 'simp/33.cubes5698.adj.simp1'
c after writing 155670959 bytes 148.5 MB
c wrote 330191 clauses in 1.16 seconds process time
c 
c --- [ writing extension ] --------------------------------------------------
c 
c writing extension stack to 'simp/33.cubes5698.adj.ext1'
c opening file to write 'simp/33.cubes5698.adj.ext1'
c closing file 'simp/33.cubes5698.adj.ext1'
c after writing 80282 bytes 0.1 MB
c wrote 3615 witnesses in 0.00 seconds process time
c 
c --- [ result ] -------------------------------------------------------------
c 
s SATISFIABLE
c 
c --- [ run-time profiling ] -------------------------------------------------
c 
c process time taken by individual solving procedures
c (percentage relative to process time for solving)
c 
c        62.11   76.93% search
c        40.09   49.66% unstable
c        20.35   25.21% stable
c        19.64   24.33% parse
c        18.62   23.07% simplify
c        10.54   13.06% probe
c         4.16    5.15% vivify
c         2.36    2.93% elim
c         0.99    1.23% walk
c         0.67    0.83% lucky
c         0.23    0.29% subsume
c         0.13    0.16% ternary
c   =================================
c        80.73   79.50% solve
c 
c last line shows process time for solving
c (percentage relative to total process time)
c 
c --- [ statistics ] ---------------------------------------------------------
c 
c chronological:              7898        16.96 %  of conflicts
c conflicts:                 46575       576.93    per second
c decisions:                112217      1390.04    per second
c eliminated:                 1211        19.66 %  of all variables
c fixed:                       818        13.28 %  of all variables
c learned:                   45556        97.81 %  per conflict
c learned_lits:            8878775       100.00 %  learned literals
c minimized:                     0         0.00 %  learned literals
c shrunken:                5691078        64.10 %  learned literals
c minishrunken:             661114         7.45 %  learned literals
c propagations:            4658737         0.06 M  per second
c reduced:                   22201        47.67 %  per conflict
c rephased:                      9      5175.00    interval
c restarts:                    930        50.08    interval
c stabilizing:                   3        54.90 %  of conflicts
c substituted:                   9         0.15 %  of all variables
c subsumed:                  15005         0.43 %  of all clauses
c strengthened:               4295         0.12 %  of all clauses
c ternary:                    2986         0.67 %  of resolved
c vivified:                     29         0.00 %  of all clauses
c walked:                        2     23287.50    interval
c weakened:                   2797         3.04    average size
c 
c seconds are measured in process time for solving
c 
c --- [ resources ] ----------------------------------------------------------
c 
c total process time since initialization:       101.54    seconds
c total real time since initialization:          101.87    seconds
c maximum resident set size of process:         1669.33    MB
c 
c --- [ shutting down ] ------------------------------------------------------
c 
c exit 10
WARNING! DIMACS header mismatch: wrong number of variables.
============================[ Problem Statistics ]=============================
|                                                                             |
|  Number of variables:          5379                                         |
|  Number of clauses:          330191                                         |
|  Parse time:                   2.13 s                                       |
|  Simplification time:          0.04 s                                       |
|                                                                             |
============================[ Search Statistics ]====================================================
| Conflicts |          ORIGINAL         |          LEARNT          | Num Sols |      SUBGRAPHS      |
|           |    Vars  Clauses Literals |    Limit  Clauses Lit/Cl |          | Canonical Noncanon. |
=====================================================================================================
|       125 |    5287   330216 33702306 |     2000      125     72 |        0 |        20        25 |
|       278 |    5287   330219 33702550 |     2000      278     93 |        0 |        26        28 |
|       669 |    5287   330385 33706475 |     2000      669     77 |        0 |        47       194 |
|      1012 |    5287   330391 33706851 |     2000     1012     84 |        0 |        55       200 |
|      1547 |    5287   330420 33707865 |     2000     1547     93 |        0 |        88       229 |
|      2335 |    5287   330449 33708435 |     3601     1336     66 |        0 |       111       258 |
|      3582 |    5287   330557 33710392 |     3601     2583     86 |        0 |       159       366 |
|      5472 |    5287   330739 33713855 |     5000     2672     67 |        0 |       235       548 |
|      8228 |    5287   330933 33717720 |     6300     2928     44 |        0 |       320       742 |
|     12353 |    5287   331214 33723414 |     7557     3910     49 |        0 |       452      1023 |
|     18789 |    5287   331884 33736410 |     8794     6583     71 |        0 |       624      1693 |
|     27940 |    5287   332386 33748020 |    11209     6349     45 |        0 |       894      2195 |
|     41715 |    5287   333187 33762515 |    13602     8317     49 |        0 |      1221      2996 |
|     61919 |    5287   333930 33775985 |    16009    14328     79 |        0 |      1573      3739 |
|     93645 |    5287   336464 33820859 |    20811    10456     34 |        0 |      2247      6273 |
|    138913 |    5287   337943 33847129 |    24415    22728     70 |        0 |      2708      7752 |
|    206174 |    5287   339520 33881696 |    30416    22990     68 |        0 |      3179      9329 |
|    306785 |    5287   341605 33925580 |    37604    23389     52 |        0 |      3839     11414 |
|    455424 |    5287   342455 33943148 |    46015    27839     56 |        0 |      4123     12264 |
|    678025 |    5287   343373 33966856 |    55618    49643     72 |        0 |      4445     13182 |
|   1025662 |    5287   358485 34200625 |    68821    58483     70 |        0 |      7421     28294 |
|   1530734 |    5287   364769 34339060 |    84422    69556     65 |        0 |      9869     34578 |
|   2287686 |    5287   373539 34547480 |   103635    79321     66 |        0 |     13540     43348 |
|   3426014 |    5287   389593 34914969 |   127622    67636     39 |        0 |     19470     59402 |
|   5122691 |    5287   402859 35191997 |   155221   145112     72 |        2 |     25644     72666 |
|   7700562 |    5287   455614 36164236 |   191218   133980     57 |        2 |     41411    125421 |
|  11566289 |    5280   504450 37223252 |   233852   179541     73 |        3 |     63053    203472 |
=====================================================================================================
Number of solutions   : 9
Canonical subgraphs   : 77775          (13 /sec)
          order  3    : 1              (166667 /sec)
          order  4    : 1              (500000 /sec)
          order  5    : 1              (250000 /sec)
          order  6    : 1              (55556 /sec)
          order  7    : 1              (8621 /sec)
          order  8    : 2              (1359 /sec)
          order  9    : 6              (315 /sec)
          order 10    : 24             (92 /sec)
          order 11    : 110            (31 /sec)
          order 12    : 626            (13 /sec)
          order 13    : 4948           (10 /sec)
          order 14    : 32128          (13 /sec)
          order 15    : 33756          (14 /sec)
          order 16    : 3407           (17 /sec)
          order 17    : 1338           (12 /sec)
          order 18    : 621            (11 /sec)
          order 19    : 261            (13 /sec)
          order 20    : 245            (14 /sec)
          order 21    : 289            (13 /sec)
          order 22    : 9              (1 /sec)
Noncanonical subgraphs: 252126         (290 /sec)
          order  3    : 0              (-nan /sec)
          order  4    : 0              (-nan /sec)
          order  5    : 0              (-nan /sec)
          order  6    : 0              (-nan /sec)
          order  7    : 0              (-nan /sec)
          order  8    : 0              (-nan /sec)
          order  9    : 0              (-nan /sec)
          order 10    : 0              (-nan /sec)
          order 11    : 0              (-nan /sec)
          order 12    : 0              (-nan /sec)
          order 13    : 10615          (8055 /sec)
          order 14    : 131578         (1168 /sec)
          order 15    : 47042          (700 /sec)
          order 16    : 60716          (95 /sec)
          order 17    : 1603           (70 /sec)
          order 18    : 272            (46 /sec)
          order 19    : 1              (19 /sec)
          order 20    : 3              (18 /sec)
          order 21    : 0              (-nan /sec)
Canonicity checking   : 5943.27 s
Noncanonicity checking: 870.729 s
Total canonicity time : 6814 s
database reductions   : 229
restarts              : 24572
conflicts             : 16166421       (996 /sec)
decisions             : 19687164       (0.00 % random) (1213 /sec)
propagations          : 845444786      (52108 /sec)
conflict literals     : 1767080684     (57.36 % deleted)
actual reward         : 0.243717
Memory used           : 644.00 MB
CPU time              : 16224.7 s

UNSATISFIABLE
