c --- [ banner ] -------------------------------------------------------------
c 
c CaDiCaL Radically Simplified CDCL SAT Solver
c Copyright (c) 2016-2021 A. Biere, M. Fleury, N. Froleyks
c 
c Version 1.5.2 a5f15211db36c3956764e18194dd5bd63bf3b5e6
c g++ (GCC) 9.3.0 -Wall -Wextra -O3 -DNDEBUG
c Fri Oct 21 01:27:37 EDT 2022 Linux gra-login3 3.10.0-1160.66.1.el7.x86_64 x86_64
c 
c --- [ limit ] --------------------------------------------------------------
c 
c setting conflict limit to 200000 conflicts (due to '200000')
c 
c --- [ parsing input ] ------------------------------------------------------
c 
c reading DIMACS file from '33.cubes4970.adj'
c opening file to read '33.cubes4970.adj'
c found 'p cnf 6160 1595479' header
c parsed 1595479 clauses in 19.28 seconds process time
c closing file '33.cubes4970.adj'
c after reading 1457566802 bytes 1390.0 MB
c 
c --- [ options ] ------------------------------------------------------------
c 
c all options are set to their default value
c 
c --- [ solving ] ------------------------------------------------------------
c 
c time measured in process time since initialization
c 
c  seconds    reductions  redundant   irredundant
c          MB     restarts       trail       variables
c            level   conflicts       glue         remaining
c 
c * 19.28 1381  0 0   0    0    0  0% 0 1595422 2353 38%
c { 20.85 1447  0 0   0    0    0  0% 0 1595422 2353 38%
c i 25.11 1516 233 0  16  120   84 25% 25 1595422 2352 38%
c i 25.21 1517 228 0  17  123   86 25% 26 1595422 2351 38%
c i 26.48 1527 186 0  32  173  133 26% 30 1595422 2350 38%
c i 26.57 1528 184 0  33  177  136 26% 30 1595422 2349 38%
c i 27.22 1528 154 0  37  227  165 25% 27 1595422 2348 38%
c - 32.79 1492 127 1  47  300  205 24% 28 444610 2348 38%
c i 33.28 1492 81 1  47  488  242 22% 20 444610 2347 38%
c i 33.33 1370 80 1  47  499  251 23% 20 444610 2346 38%
c i 33.33 1370 80 1  47  502  253 23% 20 444610 2345 38%
c i 33.37 1370 78 1  47  531  278 23% 20 444610 2344 38%
c i 33.37 1370 77 1  47  533  279 23% 20 444610 2336 38%
c i 33.54 1370 74 1  52  583  313 24% 20 444610 2330 38%
c i 33.63 1370 74 1  53  592  318 24% 21 444610 2328 38%
c i 33.73 1371 74 1  56  604  325 24% 21 444610 2327 38%
c i 35.89 1373 77 1  85  755  453 24% 23 444610 2326 38%
c i 36.16 1373 77 1  88  767  464 24% 23 444610 2325 38%
c i 36.24 1373 77 1  88  780  476 24% 23 444610 2324 38%
c i 36.34 1373 76 1  88  789  484 24% 23 444610 2323 38%
c 
c  seconds    reductions  redundant   irredundant
c          MB     restarts       trail       variables
c            level   conflicts       glue         remaining
c 
c i 36.42 1373 76 1  88  811  498 24% 23 444610 2322 38%
c i 36.90 1373 75 1  88  853  530 24% 23 444610 2321 38%
c i 37.29 1373 74 1  93  904  573 25% 23 444610 2291 37%
c i 37.30 1373 74 1  94  906  574 25% 23 444610 2290 37%
c i 37.30 1373 74 1  94  907  574 25% 23 444610 2289 37%
c i 37.30 1373 74 1  94  908  574 25% 23 444610 2288 37%
c i 37.33 1373 74 1  94  913  578 24% 23 444610 2287 37%
c i 37.49 1374 74 1  94  923  587 25% 23 444610 2286 37%
c i 37.68 1374 74 1  96  945  607 25% 23 444610 2285 37%
c i 37.71 1374 73 1  96  953  614 25% 23 444610 2284 37%
c } 37.86 1374 71 1  96 1003  656 25% 22 444610 2284 37%
c [ 37.86 1374  0 1  96 1003  656  0% 0 444610 2284 37%
c O 37.87 1374  3 1  96 1004  657 13% 1 444610 2284 37%
c i 38.34 1374  8 1  96 1083  671 21% 7 444610 2283 37%
c i 38.34 1374  7 1  96 1084  671 21% 7 444610 2282 37%
c i 38.34 1374  8 1  96 1086  671 21% 7 444610 2281 37%
c i 38.34 1374  7 1  96 1087  671 21% 7 444610 2280 37%
c i 38.34 1374  7 1  96 1088  671 21% 7 444610 2279 37%
c i 38.65 1374 12 1  96 1185  717 27% 10 444610 2278 37%
c i 38.66 1374 11 1  96 1186  717 27% 10 444610 2277 37%
c 
c  seconds    reductions  redundant   irredundant
c          MB     restarts       trail       variables
c            level   conflicts       glue         remaining
c 
c i 38.69 1374 12 1  96 1197  720 27% 11 444610 2276 37%
c - 39.61 1533 15 2  96 1291  691 29% 14 386471 2276 37%
c i 40.14 1533 18 2  96 1506  816 30% 16 386471 2275 37%
c i 40.15 1533 18 2  96 1519  820 30% 16 386471 2274 37%
c i 40.53 1533 18 2  96 1841  986 30% 16 386471 2273 37%
c i 40.56 1533 18 2  96 1882 1005 30% 16 386471 2272 37%
c i 40.81 1533 20 2  97 2213 1166 30% 17 386471 2271 37%
c i 40.84 1533 20 2  97 2237 1183 30% 17 386471 2270 37%
c - 41.88 1531 22 3  97 2722 1165 30% 19 386453 2270 37%
c i 42.44 1531 22 3  97 2806 1222 52% 19 386453 2269 37%
c ] 42.69 1531 22 3  97 3004 1329 50% 19 386453 2269 37%
c { 42.69 1531 71 3  97 3004 1329 67% 22 386453 2269 37%
c F 42.75 1531 71 3  97 3005 1330 67% 22 386453 2269 37%
c i 43.01 1531 70 3  97 3035 1358 67% 22 386453 2268 37%
c i 43.50 1531 71 3 107 3092 1405 66% 24 386453 2267 37%
c i 44.48 1531 69 3 118 3194 1492 63% 23 386453 2266 37%
c i 44.49 1531 69 3 118 3200 1497 63% 24 386453 2265 37%
c i 45.25 1531 69 3 140 3320 1602 62% 25 386453 2264 37%
c i 46.24 1531 69 3 159 3430 1698 60% 25 386453 2263 37%
c i 46.53 1531 68 3 168 3511 1755 59% 26 386453 2261 37%
c 
c  seconds    reductions  redundant   irredundant
c          MB     restarts       trail       variables
c            level   conflicts       glue         remaining
c 
c i 47.08 1531 68 3 173 3556 1787 58% 26 386453 2260 37%
c - 50.77 1528 50 4 198 4626 1659 49% 21 386423 2260 37%
c i 51.58 1528 49 4 211 4742 1755 49% 21 386423 2259 37%
c i 52.01 1528 48 4 211 4883 1858 49% 21 386423 2258 37%
c 2 53.02 1528 47 4 215 5000 2840 49% 20 386403 2251 37%
c p 62.63 1528 47 4 215 5000 5390 49% 20 386403 2224 36%
c d 63.19 1528 47 4 215 5000 5310 49% 20 386318 2220 36%
c # 64.37 1528 40 4 215 6006 6009 49% 19 386318 2220 36%
c } 69.34 1528 39 4 341 7004 6735 48% 20 386318 2220 36%
c [ 69.34 1528 22 4 341 7004 6735 50% 19 386318 2220 36%
c - 69.70 1525 22 5 341 7006 2827 51% 19 386318 2220 36%
c - 71.98 1375 22 6 343 9862 2947 52% 19 386318 2220 36%
c I 72.23 1375 22 6 343 10007 3040 52% 19 386318 2220 36%
c - 74.48 1377 51 7 345 13194 3976 49% 40 386318 2220 36%
c p 78.74 1377 58 7 346 15001 8990 49% 44 386318 2220 36%
c ] 78.94 1377 58 7 346 15004 8993 49% 44 386318 2220 36%
c { 78.94 1377 39 7 346 15004 8993 48% 20 386318 2220 36%
c B 79.12 1377 39 7 346 15008 8997 48% 20 386318 2220 36%
c - 89.34 1377 38 8 531 17002 5021 47% 21 386318 2220 36%
c s 91.73 1377 35 8 542 18812 6049 47% 20 384332 2220 36%
c 
c  seconds    reductions   redundant   irredundant
c          MB     restarts        trail       variables
c            level    conflicts       glue         remaining
c 
c v 98.97 1377 35 8 542 18812 6049 47% 20 384315 2220 36%
c t 99.15 1377 35 8 542 18812 6040 47% 20 384307 2220 36%
c e 100.59 1379 35 8 542 18812 5835 47% 20 382004 996 16%
c s 100.72 1379 35 8 542 18812 5821 47% 20 381826 996 16%
c W 110.85 1379 35 8 741 21010 7332 67% 20 381826 996 16%
c - 113.45 1379 35 9 794 21289 5583 66% 21 381826 996 16%
c - 132.08 1378 37 10 1291 26035 6352 66% 22 381826 996 16%
c F 137.15 1378 36 10 1398 28014 7766 66% 22 381826 996 16%
c p 149.68 1378 37 10 1665 30001 11670 66% 23 381826 994 16%
c } 151.56 1378 36 10 1689 31005 12430 66% 23 381826 994 16%
c [ 151.56 1378 58 10 1689 31005 12430 111% 44 381826 994 16%
c - 152.10 1378 57 11 1689 31255 7254 109% 44 381820 994 16%
c B 156.67 1378 47 11 1692 36017 10690 94% 37 381820 994 16%
c - 157.33 1378 47 12 1692 36950 7856 93% 37 381820 994 16%
c - 160.06 1378 43 13 1696 43125 8075 86% 35 381820 994 16%
c W 162.56 1378 42 13 1696 45020 9551 84% 34 381820 994 16%
c - 167.21 1378 40 14 1697 49769 8287 81% 33 381820 994 16%
c p 169.32 1378 40 14 1697 50002 11018 81% 33 381820 994 16%
c s 173.42 1378 38 14 1697 53143 12856 80% 32 381452 994 16%
c v 179.76 1378 38 14 1697 53143 12856 80% 32 381437 994 16%
c 
c  seconds     reductions      redundant   irredundant
c           MB      restarts          trail       variables
c             level      conflicts        glue        remaining
c 
c t 179.95 1378 38 14 1697 53143 12853 80% 32 381437 994 16%
c e 181.34 1379 38 14 1697 53143 12840 80% 32 381429 986 16%
c s 181.52 1379 38 14 1697 53143 12840 80% 32 381002 986 16%
c O 185.80 1379 38 14 1698 55021 13991 79% 31 381002 986 16%
c ] 186.70 1379 37 14 1700 56817 15263 79% 31 381002 986 16%
c 1 186.70 1379 37 14 1700 56817 15263 79% 31 381002 986 16%
c 
c --- [ writing output ] -----------------------------------------------------
c 
c writing simplified CNF to DIMACS file 'simp/33.cubes4970.adj.simp1'
c * 186.70 1379 37 14 1700 56817 15263 79% 31 381002 986 16%
c opening file to write 'simp/33.cubes4970.adj.simp1'
c writing 'p cnf 6160 381002' header
c closing file 'simp/33.cubes4970.adj.simp1'
c after writing 170541278 bytes 162.6 MB
c wrote 381002 clauses in 1.22 seconds process time
c 
c --- [ writing extension ] --------------------------------------------------
c 
c writing extension stack to 'simp/33.cubes4970.adj.ext1'
c opening file to write 'simp/33.cubes4970.adj.ext1'
c closing file 'simp/33.cubes4970.adj.ext1'
c after writing 80962 bytes 0.1 MB
c wrote 3650 witnesses in 0.00 seconds process time
c 
c --- [ result ] -------------------------------------------------------------
c 
s SATISFIABLE
c 
c --- [ run-time profiling ] -------------------------------------------------
c 
c process time taken by individual solving procedures
c (percentage relative to process time for solving)
c 
c       127.40   76.10% search
c        90.47   54.04% unstable
c        40.02   23.90% simplify
c        33.25   19.86% stable
c        19.28   11.52% parse
c        18.58   11.10% probe
c        13.86    8.28% vivify
c         5.35    3.20% elim
c         2.11    1.26% walk
c         1.56    0.93% lucky
c         0.61    0.37% subsume
c         0.22    0.13% ternary
c   =================================
c       167.42   89.09% solve
c 
c last line shows process time for solving
c (percentage relative to total process time)
c 
c --- [ statistics ] ---------------------------------------------------------
c 
c chronological:             10032        17.66 %  of conflicts
c conflicts:                 56817       339.37    per second
c decisions:                158790       948.45    per second
c eliminated:                 1232        20.00 %  of all variables
c fixed:                       787        12.78 %  of all variables
c learned:                   55642        97.93 %  per conflict
c learned_lits:           10566380       100.00 %  learned literals
c minimized:                     0         0.00 %  learned literals
c shrunken:                6200289        58.68 %  learned literals
c minishrunken:             906338         8.58 %  learned literals
c propagations:            5630227         0.03 M  per second
c reduced:                   26379        46.43 %  per conflict
c rephased:                     10      5681.70    interval
c restarts:                   1700        33.42    interval
c stabilizing:                   3        63.03 %  of conflicts
c substituted:                  11         0.18 %  of all variables
c subsumed:                  19306         0.56 %  of all clauses
c strengthened:              11291         0.32 %  of all clauses
c ternary:                    3076         0.65 %  of resolved
c vivified:                     48         0.00 %  of all clauses
c walked:                        2     28408.50    interval
c weakened:                   2863         2.95    average size
c 
c seconds are measured in process time for solving
c 
c --- [ resources ] ----------------------------------------------------------
c 
c total process time since initialization:       187.93    seconds
c total real time since initialization:          188.62    seconds
c maximum resident set size of process:         1689.58    MB
c 
c --- [ shutting down ] ------------------------------------------------------
c 
c exit 10
WARNING! DIMACS header mismatch: wrong number of variables.
============================[ Problem Statistics ]=============================
|                                                                             |
|  Number of variables:          3491                                         |
|  Number of clauses:          381002                                         |
|  Parse time:                   2.24 s                                       |
|  Simplification time:          0.06 s                                       |
|                                                                             |
============================[ Search Statistics ]====================================================
| Conflicts |          ORIGINAL         |          LEARNT          | Num Sols |      SUBGRAPHS      |
|           |    Vars  Clauses Literals |    Limit  Clauses Lit/Cl |          | Canonical Noncanon. |
=====================================================================================================
|       103 |    3400   381005 37355342 |     2000      103    241 |        0 |        12         3 |
|       253 |    3400   381005 37355342 |     2000      253    165 |        0 |        29         3 |
|       491 |    3400   381018 37355916 |     2000      491    133 |        0 |        48        16 |
|       841 |    3400   381031 37356261 |     2000      841    125 |        0 |        65        29 |
|      1354 |    3400   381038 37356379 |     2000     1354    122 |        0 |        77        36 |
|      2136 |    3400   381061 37356898 |     3603     1139     79 |        0 |        92        59 |
|      3301 |    3400   381087 37357586 |     3603     2304    102 |        0 |       112        85 |
|      5125 |    3400   381203 37360774 |     5004     2329     72 |        0 |       187       201 |
|      7721 |    3400   381237 37362130 |     5004     4925     98 |        0 |       214       235 |
|     11750 |    3400   381422 37366294 |     7556     3306     47 |        0 |       300       420 |
|     24488 |    3400   388394 37520427 |     9997     7885     35 |        0 |      1470      7392 |
|     35363 |    3400   390620 37567582 |    12409     8172     48 |        0 |      1925      9618 |
|     49048 |    3400   391331 37580482 |    14810     8858     47 |        0 |      2054     10329 |
|     72965 |    3400   395787 37672034 |    18412     8777     31 |        0 |      3337     14785 |
|    109229 |    3400   402859 37820269 |    22012    15641     61 |        0 |      4258     21857 |
|    156345 |    3400   406186 37890080 |    26816    15161     50 |        0 |      5156     25184 |
|    225685 |    3400   409842 37952262 |    31617    27302     78 |        0 |      6065     28840 |
|    364367 |    3400   449998 38674194 |    41214    22781     44 |        0 |     10871     68996 |
|    528654 |    3400   466496 39035581 |    49629    30283     51 |        0 |     12883     85494 |
|    771539 |    3400   487698 39478088 |    59223    57962     84 |        0 |     14934    106696 |
|   1110131 |    3400   493765 39585703 |    72417    37948     47 |        0 |     16861    112763 |
|   1749608 |    3400   634454 41760728 |    90415    71423     63 |        0 |     33994    253452 |
|   2646774 |    3400   783438 44316215 |   112012    63186     42 |        0 |     45175    402436 |
|   3999576 |    3395  1004713 48266810 |   137219   111972     67 |        0 |     73054    632964 |
|   6289894 |    3395  1611620 57058052 |   172017   171311     72 |        0 |    106921   1239871 |
|   9435944 |    3368  1298268 46542077 |   167265   118209     62 |        0 |    141699   1860805 |
=====================================================================================================
Number of solutions   : 0
Canonical subgraphs   : 143871         (20 /sec)
          order  3    : 1              (166667 /sec)
          order  4    : 1              (500000 /sec)
          order  5    : 1              (250000 /sec)
          order  6    : 1              (55556 /sec)
          order  7    : 1              (8850 /sec)
          order  8    : 3              (1684 /sec)
          order  9    : 9              (426 /sec)
          order 10    : 39             (138 /sec)
          order 11    : 234            (54 /sec)
          order 12    : 1473           (22 /sec)
          order 13    : 10616          (20 /sec)
          order 14    : 70860          (20 /sec)
          order 15    : 35370          (24 /sec)
          order 16    : 19982          (19 /sec)
          order 17    : 4425           (13 /sec)
          order 18    : 678            (10 /sec)
          order 19    : 163            (10 /sec)
          order 20    : 10             (8 /sec)
          order 21    : 4              (14 /sec)
          order 22    : 0              (-nan /sec)
Noncanonical subgraphs: 1910188        (136 /sec)
          order  3    : 0              (-nan /sec)
          order  4    : 0              (-nan /sec)
          order  5    : 0              (-nan /sec)
          order  6    : 0              (-nan /sec)
          order  7    : 0              (-nan /sec)
          order  8    : 0              (-nan /sec)
          order  9    : 0              (-nan /sec)
          order 10    : 0              (-nan /sec)
          order 11    : 0              (-nan /sec)
          order 12    : 0              (-nan /sec)
          order 13    : 39045          (3140 /sec)
          order 14    : 121882         (963 /sec)
          order 15    : 1685019        (125 /sec)
          order 16    : 47732          (188 /sec)
          order 17    : 14556          (131 /sec)
          order 18    : 1948           (58 /sec)
          order 19    : 0              (-nan /sec)
          order 20    : 2              (233 /sec)
          order 21    : 0              (-nan /sec)
Canonicity checking   : 7207.76 s
Noncanonicity checking: 14036.2 s
Total canonicity time : 21244 s
database reductions   : 180
restarts              : 16380
conflicts             : 10034968       (357 /sec)
decisions             : 13805634       (0.00 % random) (490 /sec)
propagations          : 474197083      (16847 /sec)
conflict literals     : 1021582590     (53.64 % deleted)
actual reward         : 0.234433
Memory used           : 1032.00 MB
CPU time              : 28147.5 s

UNSATISFIABLE
