c --- [ banner ] -------------------------------------------------------------
c 
c CaDiCaL Radically Simplified CDCL SAT Solver
c Copyright (c) 2016-2021 A. Biere, M. Fleury, N. Froleyks
c 
c Version 1.5.2 a5f15211db36c3956764e18194dd5bd63bf3b5e6
c g++ (GCC) 9.3.0 -Wall -Wextra -O3 -DNDEBUG
c Fri Oct 21 01:27:37 EDT 2022 Linux gra-login3 3.10.0-1160.66.1.el7.x86_64 x86_64
c 
c --- [ limit ] --------------------------------------------------------------
c 
c setting conflict limit to 200000 conflicts (due to '200000')
c 
c --- [ parsing input ] ------------------------------------------------------
c 
c reading DIMACS file from '33.cubes4797.adj'
c opening file to read '33.cubes4797.adj'
c found 'p cnf 6160 1595482' header
c parsed 1595482 clauses in 19.00 seconds process time
c closing file '33.cubes4797.adj'
c after reading 1457566825 bytes 1390.0 MB
c 
c --- [ options ] ------------------------------------------------------------
c 
c all options are set to their default value
c 
c --- [ solving ] ------------------------------------------------------------
c 
c time measured in process time since initialization
c 
c  seconds    reductions  redundant   irredundant
c          MB     restarts       trail       variables
c            level   conflicts       glue         remaining
c 
c * 19.00 1380  0 0   0    0    0  0% 0 1595422 2342 38%
c { 19.89 1427  0 0   0    0    0  0% 0 1595422 2342 38%
c i 20.15 1433 1163 0   0    5    4 36% 1 1595422 2332 38%
c i 22.72 1489 127 0  37  218   98 21% 7 1595422 2330 38%
c i 22.73 1490 126 0  37  219   98 21% 7 1595422 2329 38%
c i 22.77 1490 125 0  37  222  100 21% 7 1595422 2328 38%
c i 22.80 1492 124 0  38  223  100 21% 7 1595422 2327 38%
c i 23.33 1496 117 0  44  247  122 22% 9 1595422 2326 38%
c i 23.68 1497 113 0  51  276  136 22% 12 1595422 2325 38%
c - 27.33 1432 105 1  59  302  143 22% 12 229729 2325 38%
c i 27.47 1352 96 1  67  333  150 22% 12 229729 2324 38%
c i 27.80 1353 101 1  75  411  204 23% 14 229729 2323 38%
c i 27.95 1353 96 1  84  443  226 23% 14 229729 2322 38%
c i 28.07 1353 92 1  91  473  246 24% 15 229729 2321 38%
c i 28.15 1353 88 1  95  503  266 24% 14 229729 2320 38%
c i 28.21 1353 84 1  95  529  273 24% 14 229729 2319 38%
c i 28.21 1353 84 1  95  530  273 24% 14 229729 2318 38%
c i 28.21 1353 84 1  95  531  273 24% 14 229729 2317 38%
c i 28.47 1352 72 1 106  655  317 24% 14 229729 2316 38%
c i 28.54 1352 71 1 106  670  327 24% 15 229729 2315 38%
c 
c  seconds    reductions  redundant   irredundant
c          MB     restarts       trail       variables
c            level   conflicts       glue         remaining
c 
c i 28.55 1352 71 1 106  672  328 24% 15 229729 2314 38%
c i 28.55 1352 71 1 106  673  328 24% 15 229729 2313 38%
c i 28.60 1352 70 1 106  689  341 24% 15 229729 2312 38%
c i 28.63 1352 69 1 109  706  352 25% 15 229729 2311 38%
c i 28.65 1353 68 1 113  721  363 25% 15 229729 2310 38%
c i 28.70 1352 68 1 116  731  372 25% 16 229729 2309 37%
c i 28.73 1352 68 1 120  744  381 25% 16 229729 2308 37%
c i 28.75 1353 68 1 121  749  385 25% 16 229729 2307 37%
c i 29.04 1352 65 1 142  841  448 25% 16 229729 2306 37%
c i 29.05 1352 65 1 143  846  451 25% 17 229729 2305 37%
c i 29.35 1353 67 1 149  885  482 25% 17 229729 2303 37%
c i 29.94 1353 69 1 162  966  538 25% 18 229729 2302 37%
c i 29.95 1353 69 1 163  968  538 25% 18 229729 2300 37%
c i 30.04 1353 70 1 165  981  550 25% 19 229729 2299 37%
c i 30.18 1353 72 1 170 1003  569 25% 20 229729 2298 37%
c } 30.18 1353 72 1 170 1003  569 25% 20 229729 2298 37%
c [ 30.18 1353  0 1 170 1003  569  0% 0 229729 2298 37%
c O 30.18 1353  0 1 170 1004  569 12% 0 229729 2298 37%
c i 30.18 1353  0 1 170 1004  569 12% 0 229729 2246 36%
c i 30.19 1353  1 1 170 1005  569 13% 0 229729 2238 36%
c 
c  seconds    reductions  redundant  irredundant
c          MB     restarts       trail      variables
c            level   conflicts       glue        remaining
c 
c - 30.70 1443  7 2 170 1119  531 18% 7 228400 2238 36%
c i 30.96 1443 28 2 170 1280  659 25% 24 228400 2237 36%
c i 31.02 1443 36 2 170 1434  763 27% 29 228400 2236 36%
c ] 31.07 1443 39 2 170 1587  860 28% 32 228400 2236 36%
c 1 31.07 1443 39 2 170 1587  860 28% 32 228400 2236 36%
c 
c --- [ writing output ] -----------------------------------------------------
c 
c writing simplified CNF to DIMACS file 'simp/33.cubes4797.adj.simp1'
c * 31.07 1443 39 2 170 1587  860 28% 32 228400 2236 36%
c opening file to write 'simp/33.cubes4797.adj.simp1'
c writing 'p cnf 6160 228396' header
c closing file 'simp/33.cubes4797.adj.simp1'
c after writing 103112027 bytes 98.3 MB
c wrote 228396 clauses in 0.76 seconds process time
c 
c --- [ writing extension ] --------------------------------------------------
c 
c writing extension stack to 'simp/33.cubes4797.adj.ext1'
c opening file to write 'simp/33.cubes4797.adj.ext1'
c closing file 'simp/33.cubes4797.adj.ext1'
c after writing 11596 bytes 0.0 MB
c wrote 780 witnesses in 0.00 seconds process time
c 
c --- [ result ] -------------------------------------------------------------
c 
s SATISFIABLE
c 
c --- [ run-time profiling ] -------------------------------------------------
c 
c process time taken by individual solving procedures
c (percentage relative to process time for solving)
c 
c        19.00  157.35% parse
c        12.07  100.00% search
c        10.29   85.22% unstable
c         0.89    7.39% stable
c         0.89    7.39% lucky
c         0.00    0.00% simplify
c   =================================
c        12.07   37.92% solve
c 
c last line shows process time for solving
c (percentage relative to total process time)
c 
c --- [ statistics ] ---------------------------------------------------------
c 
c chronological:               426        26.84 %  of conflicts
c conflicts:                  1587       131.44    per second
c decisions:                 16686      1381.98    per second
c fixed:                       780        12.66 %  of all variables
c learned:                    1540        97.04 %  per conflict
c learned_lits:             186550       100.00 %  learned literals
c minimized:                     0         0.00 %  learned literals
c shrunken:                 102507        54.95 %  learned literals
c minishrunken:              16244         8.71 %  learned literals
c propagations:             248857         0.02 M  per second
c reduced:                      42         2.65 %  per conflict
c rephased:                      1      1587.00    interval
c restarts:                    170         9.34    interval
c stabilizing:                   1        36.80 %  of conflicts
c subsumed:                    594         0.02 %  of all clauses
c 
c seconds are measured in process time for solving
c 
c --- [ resources ] ----------------------------------------------------------
c 
c total process time since initialization:        31.84    seconds
c total real time since initialization:           32.51    seconds
c maximum resident set size of process:         1498.30    MB
c 
c --- [ shutting down ] ------------------------------------------------------
c 
c exit 10
WARNING! DIMACS header mismatch: wrong number of variables.
============================[ Problem Statistics ]=============================
|                                                                             |
|  Number of variables:          6120                                         |
|  Number of clauses:          228396                                         |
|  Parse time:                   1.43 s                                       |
|  Simplification time:          0.03 s                                       |
|                                                                             |
============================[ Search Statistics ]====================================================
| Conflicts |          ORIGINAL         |          LEARNT          | Num Sols |      SUBGRAPHS      |
|           |    Vars  Clauses Literals |    Limit  Clauses Lit/Cl |          | Canonical Noncanon. |
=====================================================================================================
|       100 |    6024   228396 22368913 |     2000       97    125 |        0 |        15         0 |
|       250 |    6024   228396 22368913 |     2000      247     72 |        0 |        36         0 |
|       475 |    6023   228396 22368913 |     2000      471     93 |        0 |        40         0 |
|       815 |    6019   228399 22368997 |     2000      807    105 |        0 |        51         3 |
|      1330 |    6019   228408 22369212 |     2000     1322    103 |        0 |        74        12 |
|      2195 |    6015   228514 22371178 |     3597     1192     56 |        0 |       122       118 |
|      3468 |    6010   228648 22375041 |     3597     2460     80 |        0 |       161       252 |
|      5260 |    6008   228732 22377330 |     5000     2459     64 |        0 |       191       336 |
|      7875 |    6008   228785 22378908 |     6304     2579     44 |        0 |       230       389 |
|     11770 |    6008   228836 22379966 |     7555     3325     49 |        0 |       265       440 |
|     17705 |    6008   229005 22384188 |     8780     5485     66 |        0 |       379       609 |
|     28738 |    6008   231389 22434123 |    11196     7134     60 |        0 |      1111      2993 |
|     42201 |    6007   231878 22445035 |    13608     8809     56 |        0 |      1361      3482 |
|     62266 |    6006   232482 22454971 |    16007    14673     72 |        0 |      1573      4086 |
|     92854 |    6006   233878 22482849 |    19610    19464     77 |        0 |      2146      5482 |
|    137342 |    6006   234577 22495890 |    24414    21156     71 |        0 |      2439      6181 |
|    203400 |    6006   234951 22504435 |    30411    20211     59 |        0 |      2640      6555 |
|    302853 |    6006   235822 22523510 |    37616    19469     48 |        0 |      2964      7482 |
|    451535 |    6006   236715 22545432 |    46017    23952     51 |        0 |      3382      8375 |
|    675231 |    6006   238728 22593645 |    55615    46846     80 |        0 |      5134     10388 |
|   1011090 |    6006   242062 22670678 |    68819    43909     60 |        0 |      7040     13722 |
|   1511875 |    6006   244059 22734415 |    84421    50696     61 |        0 |      8348     15719 |
|   2271434 |    6006   255436 22968307 |   103622    63056     59 |        0 |     10916     27096 |
|   3405707 |    6006   267435 23241801 |   126425   110532     69 |        0 |     15309     39095 |
|   5128492 |    6006   306809 24016439 |   155223   150915     75 |        0 |     25375     78469 |
|   7666975 |    5996   303145 23976193 |   191220   100395     52 |        1 |     30192     91835 |
|  11470366 |    5996   318861 24366581 |   233219   200785     74 |        3 |     34692    107549 |
=====================================================================================================
Number of solutions   : 8
Canonical subgraphs   : 43634          (12 /sec)
          order  3    : 1              (200000 /sec)
          order  4    : 1              (500000 /sec)
          order  5    : 1              (200000 /sec)
          order  6    : 1              (55556 /sec)
          order  7    : 1              (8000 /sec)
          order  8    : 2              (1360 /sec)
          order  9    : 7              (355 /sec)
          order 10    : 35             (120 /sec)
          order 11    : 185            (44 /sec)
          order 12    : 399            (7 /sec)
          order 13    : 4184           (8 /sec)
          order 14    : 16135          (12 /sec)
          order 15    : 19960          (14 /sec)
          order 16    : 1227           (14 /sec)
          order 17    : 828            (11 /sec)
          order 18    : 334            (9 /sec)
          order 19    : 133            (11 /sec)
          order 20    : 102            (10 /sec)
          order 21    : 90             (10 /sec)
          order 22    : 8              (1 /sec)
Noncanonical subgraphs: 126881         (501 /sec)
          order  3    : 0              (-nan /sec)
          order  4    : 0              (-nan /sec)
          order  5    : 0              (-nan /sec)
          order  6    : 0              (-nan /sec)
          order  7    : 0              (-nan /sec)
          order  8    : 0              (-nan /sec)
          order  9    : 0              (-nan /sec)
          order 10    : 0              (-nan /sec)
          order 11    : 0              (-nan /sec)
          order 12    : 0              (-nan /sec)
          order 13    : 8926           (6643 /sec)
          order 14    : 63542          (1159 /sec)
          order 15    : 40935          (768 /sec)
          order 16    : 13230          (101 /sec)
          order 17    : 118            (78 /sec)
          order 18    : 44             (59 /sec)
          order 19    : 0              (-nan /sec)
          order 20    : 0              (-nan /sec)
          order 21    : 0              (-nan /sec)
Canonicity checking   : 3581.76 s
Noncanonicity checking: 253.236 s
Total canonicity time : 3834.99 s
database reductions   : 224
restarts              : 23544
conflicts             : 15492684       (1192 /sec)
decisions             : 18858390       (0.00 % random) (1450 /sec)
propagations          : 1744330816     (134152 /sec)
conflict literals     : 1710494342     (55.56 % deleted)
actual reward         : 0.112258
Memory used           : 418.00 MB
CPU time              : 13002.6 s

UNSATISFIABLE
