c --- [ banner ] -------------------------------------------------------------
c 
c CaDiCaL Radically Simplified CDCL SAT Solver
c Copyright (c) 2016-2021 A. Biere, M. Fleury, N. Froleyks
c 
c Version 1.5.2 a5f15211db36c3956764e18194dd5bd63bf3b5e6
c g++ (GCC) 9.3.0 -Wall -Wextra -O3 -DNDEBUG
c Fri Oct 21 01:27:37 EDT 2022 Linux gra-login3 3.10.0-1160.66.1.el7.x86_64 x86_64
c 
c --- [ limit ] --------------------------------------------------------------
c 
c setting conflict limit to 200000 conflicts (due to '200000')
c 
c --- [ parsing input ] ------------------------------------------------------
c 
c reading DIMACS file from '33.cubes7042.adj'
c opening file to read '33.cubes7042.adj'
c found 'p cnf 6160 1595476' header
c parsed 1595476 clauses in 20.62 seconds process time
c closing file '33.cubes7042.adj'
c after reading 1457566782 bytes 1390.0 MB
c 
c --- [ options ] ------------------------------------------------------------
c 
c all options are set to their default value
c 
c --- [ solving ] ------------------------------------------------------------
c 
c time measured in process time since initialization
c 
c  seconds    reductions  redundant   irredundant
c          MB     restarts       trail       variables
c            level   conflicts       glue         remaining
c 
c * 20.62 1374  0 0   0    0    0  0% 0 1595422 2415 39%
c { 21.97 1438  0 0   0    0    0  0% 0 1595422 2415 39%
c i 23.30 1469 1274 0   0   33   25 41% 5 1595422 2355 38%
c i 27.00 1521 663 0   8   76   63 34% 15 1595422 2334 38%
c i 28.34 1531 492 0  15  105   88 33% 19 1595422 2333 38%
c i 28.45 1532 450 0  16  118   94 31% 17 1595422 2326 38%
c i 29.34 1538 352 0  27  159  132 30% 21 1595422 2325 38%
c i 29.73 1539 316 0  32  181  150 29% 22 1595422 2324 38%
c i 29.73 1539 314 0  32  182  150 29% 22 1595422 2323 38%
c i 29.73 1539 312 0  33  183  150 29% 22 1595422 2322 38%
c i 29.73 1539 310 0  33  184  150 29% 22 1595422 2321 38%
c i 29.73 1539 309 0  33  185  150 29% 21 1595422 2320 38%
c i 29.76 1539 306 0  33  187  151 29% 21 1595422 2319 38%
c i 29.76 1539 304 0  33  188  151 29% 21 1595422 2318 38%
c i 30.37 1540 268 0  39  222  181 29% 25 1595422 2317 38%
c i 30.64 1541 258 0  43  234  191 29% 26 1595422 2316 38%
c i 31.47 1541 214 0  51  291  234 29% 25 1595422 2315 38%
c - 35.27 1516 207 1  51  301  242 29% 24 339717 2315 38%
c i 35.43 1447 207 1  51  302  242 29% 24 339717 2314 38%
c i 35.46 1447 205 1  51  305  244 29% 24 339717 2313 38%
c 
c  seconds     reductions  redundant   irredundant
c          MB      restarts       trail       variables
c             level   conflicts       glue         remaining
c 
c i 35.59 1447 190 1  51  332  270 29% 23 339717 2312 38%
c i 35.64 1447 188 1  51  340  277 29% 23 339717 2311 38%
c i 35.72 1447 185 1  52  356  290 29% 25 339717 2310 38%
c i 35.76 1388 182 1  55  366  294 29% 25 339717 2309 37%
c i 35.78 1388 181 1  56  368  295 29% 25 339717 2308 37%
c i 35.87 1388 181 1  57  372  298 29% 25 339717 2307 37%
c i 36.58 1389 170 1  68  416  337 29% 27 339717 2306 37%
c i 37.10 1389 165 1  77  453  369 29% 29 339717 2305 37%
c i 37.25 1389 162 1  80  464  378 29% 28 339717 2304 37%
c i 37.68 1389 157 1  87  492  404 29% 30 339717 2303 37%
c i 37.86 1389 155 1  90  509  418 29% 30 339717 2302 37%
c i 38.20 1390 154 1  94  527  432 29% 30 339717 2301 37%
c i 38.52 1390 151 1 101  549  453 29% 30 339717 2300 37%
c i 38.85 1390 149 1 107  573  474 29% 31 339717 2299 37%
c i 39.13 1390 146 1 113  600  497 29% 31 339717 2297 37%
c i 39.59 1391 147 1 121  635  526 29% 33 339717 2296 37%
c i 39.68 1391 147 1 123  641  530 29% 34 339717 2295 37%
c i 39.77 1391 146 1 125  649  537 29% 34 339717 2294 37%
c i 40.59 1391 139 1 141  716  599 29% 34 339717 2293 37%
c i 40.82 1391 128 1 141  800  669 29% 33 339717 2292 37%
c 
c  seconds     reductions  redundant   irredundant
c          MB      restarts       trail       variables
c             level   conflicts       glue         remaining
c 
c i 40.86 1391 126 1 141  822  687 29% 33 339717 2291 37%
c i 42.11 1391 121 1 161  967  812 29% 36 339717 2290 37%
c i 42.24 1391 121 1 166  982  822 29% 36 339717 2289 37%
c } 42.52 1391 121 1 169 1002  837 29% 36 339717 2289 37%
c [ 42.52 1391  0 1 169 1002  837  0% 0 339717 2289 37%
c O 42.54 1391  0 1 169 1003  837 16% 0 339717 2289 37%
c i 42.54 1391  0 1 169 1003  837 16% 0 339717 2236 36%
c i 42.71 1391 11 1 169 1013  846 23% 5 339717 2235 36%
c i 42.88 1391 25 1 169 1038  869 28% 17 339717 2234 36%
c i 42.93 1391 27 1 169 1048  877 28% 17 339717 2233 36%
c i 42.93 1391 26 1 169 1049  877 28% 17 339717 2232 36%
c i 43.02 1391 35 1 169 1111  930 30% 23 339717 2231 36%
c - 43.95 1532 34 2 169 1220  902 30% 25 338716 2231 36%
c i 44.75 1532 35 2 169 1689 1258 31% 28 338716 2230 36%
c i 44.75 1532 35 2 169 1693 1258 31% 28 338716 2229 36%
c i 45.51 1532 33 2 170 2582 1854 30% 28 338716 2228 36%
c - 45.93 1531 33 3 170 2596 1401 30% 28 338707 2228 36%
c ] 46.75 1495 34 3 170 3004 1673 49% 29 338707 2228 36%
c { 46.75 1495 121 3 170 3004 1673 79% 36 338707 2228 36%
c F 46.75 1495 121 3 171 3005 1673 79% 36 338707 2228 36%
c 
c  seconds     reductions  redundant   irredundant
c          MB      restarts       trail       variables
c             level   conflicts       glue         remaining
c 
c i 46.75 1495 121 3 171 3005 1673 79% 36 338707 2212 36%
c i 47.01 1495 120 3 173 3015 1681 79% 35 338707 2211 36%
c i 47.04 1496 119 3 173 3019 1684 79% 35 338707 2210 36%
c i 47.16 1496 110 3 173 3131 1774 76% 33 338707 2209 36%
c i 47.20 1496 109 3 173 3139 1779 76% 33 338707 2208 36%
c i 47.21 1496 109 3 173 3144 1783 76% 33 338707 2207 36%
c i 47.37 1496 105 3 173 3209 1845 74% 33 338707 2206 36%
c i 47.38 1496 105 3 173 3211 1846 74% 33 338707 2205 36%
c i 47.50 1496 104 3 173 3249 1876 73% 33 338707 2204 36%
c i 47.93 1495 97 3 174 3409 1987 70% 31 338707 2203 36%
c i 48.08 1496 92 3 174 3499 2045 69% 30 338707 2202 36%
c i 48.68 1495 77 3 176 3904 2350 65% 26 338707 2201 36%
c i 48.70 1496 77 3 179 3913 2356 65% 27 338707 2200 36%
c i 48.81 1496 77 3 182 3929 2371 65% 27 338707 2199 36%
c i 49.18 1496 78 3 192 3965 2403 64% 28 338707 2198 36%
c i 49.44 1496 78 3 199 3994 2429 64% 28 338707 2197 36%
c i 50.29 1496 78 3 225 4116 2538 63% 28 338707 2196 36%
c i 50.44 1496 77 3 232 4142 2554 62% 28 338707 2195 36%
c - 51.56 1489 72 4 235 4431 1990 61% 28 338412 2195 36%
c i 52.59 1488 68 4 235 4724 2211 59% 27 338412 2194 36%
c 
c  seconds    reductions  redundant   irredundant
c          MB     restarts       trail       variables
c            level   conflicts       glue         remaining
c 
c i 53.07 1489 65 4 235 4924 2344 58% 26 338412 2193 36%
c d 53.70 1489 64 4 235 5000 2413 58% 26 295225 2182 35%
c 2 53.77 1489 64 4 235 5000 3437 58% 26 295224 2180 35%
c p 61.19 1489 64 4 235 5000 8126 58% 26 295224 2125 34%
c d 61.59 1489 64 4 235 5000 7697 58% 26 234456 2124 34%
c # 63.45 1489 55 4 235 6011 8419 56% 25 234456 2124 34%
c - 64.70 1445 50 5 251 6726 2829 55% 24 234456 2124 34%
c } 64.91 1445 49 5 256 7005 3021 54% 24 234456 2124 34%
c [ 64.91 1445 34 5 256 7005 3021 49% 29 234456 2124 34%
c - 66.77 1356 32 6 258 9192 2862 49% 27 234456 2124 34%
c I 67.30 1356 32 6 258 10012 3377 49% 27 234456 2124 34%
c - 70.96 1356 34 7 260 12071 3386 48% 28 234456 2124 34%
c 3 73.62 1356 37 7 261 15000 6164 49% 31 234456 2124 34%
c 2 73.67 1356 37 7 261 15000 6340 49% 31 234456 2124 34%
c p 76.11 1356 37 7 261 15000 11009 49% 31 234456 2123 34%
c d 76.28 1356 37 7 261 15000 10988 49% 31 228244 2122 34%
c ] 76.45 1356 37 7 261 15009 10992 49% 31 228244 2122 34%
c { 76.45 1356 49 7 261 15009 10992 54% 24 228244 2122 34%
c B 76.49 1356 49 7 261 15013 10996 54% 24 228244 2122 34%
c - 78.46 1357 50 8 325 15359 4066 54% 25 228244 2122 34%
c 
c  seconds    reductions   redundant   irredundant
c          MB     restarts        trail       variables
c            level    conflicts       glue         remaining
c 
c s 83.87 1357 43 8 514 18736 6321 52% 25 226351 2122 34%
c v 88.29 1357 43 8 514 18736 6321 52% 25 226315 2122 34%
c w 88.43 1357 43 8 514 18736 6318 52% 25 226315 2122 34%
c t 88.44 1357 43 8 514 18736 6296 52% 25 226305 2122 34%
c e 89.23 1358 43 8 514 18736 6096 52% 25 223520 700 11%
c s 89.33 1358 43 8 514 18736 6095 52% 25 222593 700 11%
c - 90.96 1358 43 9 523 19026 4465 79% 25 222593 700 11%
c } 91.27 1358 42 9 526 19391 4691 80% 25 222593 700 11%
c 1 91.27 1358 42 9 526 19391 4691 80% 25 222593 700 11%
c 
c --- [ writing output ] -----------------------------------------------------
c 
c writing simplified CNF to DIMACS file 'simp/33.cubes7042.adj.simp1'
c * 91.27 1358 42 9 526 19391 4691 80% 25 222593 700 11%
c opening file to write 'simp/33.cubes7042.adj.simp1'
c writing 'p cnf 6160 222593' header
c closing file 'simp/33.cubes7042.adj.simp1'
c after writing 99220671 bytes 94.6 MB
c wrote 222593 clauses in 0.73 seconds process time
c 
c --- [ writing extension ] --------------------------------------------------
c 
c writing extension stack to 'simp/33.cubes7042.adj.ext1'
c opening file to write 'simp/33.cubes7042.adj.ext1'
c closing file 'simp/33.cubes7042.adj.ext1'
c after writing 93091 bytes 0.1 MB
c wrote 4141 witnesses in 0.00 seconds process time
c 
c --- [ result ] -------------------------------------------------------------
c 
s SATISFIABLE
c 
c --- [ run-time profiling ] -------------------------------------------------
c 
c process time taken by individual solving procedures
c (percentage relative to process time for solving)
c 
c        53.30   75.44% search
c        38.88   55.03% unstable
c        20.62   29.18% parse
c        17.35   24.56% simplify
c        13.07   18.50% stable
c         9.85   13.95% probe
c         4.54    6.42% vivify
c         1.49    2.11% elim
c         1.35    1.91% lucky
c         0.20    0.28% subsume
c         0.09    0.12% ternary
c   =================================
c        70.65   76.79% solve
c 
c last line shows process time for solving
c (percentage relative to total process time)
c 
c --- [ statistics ] ---------------------------------------------------------
c 
c chronological:              3942        20.33 %  of conflicts
c conflicts:                 19391       274.45    per second
c decisions:                 65184       922.58    per second
c eliminated:                 1422        23.08 %  of all variables
c fixed:                       881        14.30 %  of all variables
c learned:                   18976        97.86 %  per conflict
c learned_lits:            3254837       100.00 %  learned literals
c minimized:                     0         0.00 %  learned literals
c shrunken:                2031235        62.41 %  learned literals
c minishrunken:             223027         6.85 %  learned literals
c propagations:            3068849         0.04 M  per second
c reduced:                    8593        44.31 %  per conflict
c rephased:                      5      3878.20    interval
c restarts:                    526        36.87    interval
c stabilizing:                   2        51.60 %  of conflicts
c substituted:                  13         0.21 %  of all variables
c subsumed:                   8289         0.24 %  of all clauses
c strengthened:               3601         0.11 %  of all clauses
c ternary:                    2034         0.58 %  of resolved
c vivified:                     57         0.00 %  of all clauses
c weakened:                   3260         3.06    average size
c 
c seconds are measured in process time for solving
c 
c --- [ resources ] ----------------------------------------------------------
c 
c total process time since initialization:        92.01    seconds
c total real time since initialization:          122.10    seconds
c maximum resident set size of process:         1672.00    MB
c 
c --- [ shutting down ] ------------------------------------------------------
c 
c exit 10
WARNING! DIMACS header mismatch: wrong number of variables.
============================[ Problem Statistics ]=============================
|                                                                             |
|  Number of variables:          3099                                         |
|  Number of clauses:          222601                                         |
|  Parse time:                   1.27 s                                       |
|  Simplification time:          0.02 s                                       |
|                                                                             |
============================[ Search Statistics ]====================================================
| Conflicts |          ORIGINAL         |          LEARNT          | Num Sols |      SUBGRAPHS      |
|           |    Vars  Clauses Literals |    Limit  Clauses Lit/Cl |          | Canonical Noncanon. |
=====================================================================================================
|       100 |    3002   222601 21319028 |     2000      100    118 |        0 |        20         0 |
|       281 |    3002   222632 21319460 |     2000      281     96 |        0 |        30        31 |
|       510 |    3002   222636 21319589 |     2000      510    101 |        0 |        39        35 |
|       858 |    3002   222647 21319986 |     2000      858    110 |        0 |        57        46 |
|      1367 |    3002   222650 21320180 |     2000     1367    103 |        0 |        78        49 |
|      2134 |    3002   222658 21320372 |     3600     1134     60 |        0 |        94        57 |
|      3325 |    3002   222710 21321617 |     3600     2325     76 |        0 |       118       109 |
|      5106 |    3002   222783 21322644 |     5000     2306     45 |        0 |       126       182 |
|      7700 |    3002   222815 21323341 |     5000     4900     58 |        0 |       128       214 |
|     11819 |    3002   223090 21327940 |     7556     3375     38 |        0 |       150       489 |
|     43612 |    3002   249117 21767807 |    13607    10219     26 |        0 |      5140     26516 |
|     98625 |    3002   295481 22455603 |    20809    15434     34 |        0 |     11424     72880 |
|    174334 |    3002   358216 23445794 |    28008    19742     11 |        0 |     21673    135615 |
|    354961 |    2987   519382 25649047 |    40010    33371     12 |        0 |     44069    296781 |
|    429660 |    2938   564887 26184052 |    44814    24474     14 |        0 |     46882    342288 |
=====================================================================================================
Number of solutions   : 0
Canonical subgraphs   : 47303          (21 /sec)
          order  3    : 1              (166667 /sec)
          order  4    : 1              (500000 /sec)
          order  5    : 1              (250000 /sec)
          order  6    : 1              (52632 /sec)
          order  7    : 1              (8264 /sec)
          order  8    : 2              (1361 /sec)
          order  9    : 6              (316 /sec)
          order 10    : 15             (68 /sec)
          order 11    : 60             (28 /sec)
          order 12    : 303            (17 /sec)
          order 13    : 2646           (21 /sec)
          order 14    : 42731          (22 /sec)
          order 15    : 1368           (11 /sec)
          order 16    : 106            (4 /sec)
          order 17    : 41             (4 /sec)
          order 18    : 19             (3 /sec)
          order 19    : 1              (4 /sec)
          order 20    : 0              (-nan /sec)
          order 21    : 0              (-nan /sec)
          order 22    : 0              (-nan /sec)
Noncanonical subgraphs: 345624         (167 /sec)
          order  3    : 0              (-nan /sec)
          order  4    : 0              (-nan /sec)
          order  5    : 0              (-nan /sec)
          order  6    : 0              (-nan /sec)
          order  7    : 0              (-nan /sec)
          order  8    : 0              (-nan /sec)
          order  9    : 0              (-nan /sec)
          order 10    : 0              (-nan /sec)
          order 11    : 0              (-nan /sec)
          order 12    : 0              (-nan /sec)
          order 13    : 6714           (5611 /sec)
          order 14    : 88842          (930 /sec)
          order 15    : 246019         (126 /sec)
          order 16    : 3963           (160 /sec)
          order 17    : 84             (39 /sec)
          order 18    : 2              (25 /sec)
          order 19    : 0              (-nan /sec)
          order 20    : 0              (-nan /sec)
          order 21    : 0              (-nan /sec)
Canonicity checking   : 2279.32 s
Noncanonicity checking: 2073.38 s
Total canonicity time : 4352.71 s
database reductions   : 36
restarts              : 1022
conflicts             : 451025         (101 /sec)
decisions             : 871274         (0.00 % random) (195 /sec)
propagations          : 15964810       (3574 /sec)
conflict literals     : 11547763       (59.51 % deleted)
actual reward         : 0.155965
Memory used           : 288.00 MB
CPU time              : 4467.47 s

UNSATISFIABLE
