c --- [ banner ] -------------------------------------------------------------
c 
c CaDiCaL Radically Simplified CDCL SAT Solver
c Copyright (c) 2016-2021 A. Biere, M. Fleury, N. Froleyks
c 
c Version 1.5.2 a5f15211db36c3956764e18194dd5bd63bf3b5e6
c g++ (GCC) 9.3.0 -Wall -Wextra -O3 -DNDEBUG
c Fri Oct 21 01:27:37 EDT 2022 Linux gra-login3 3.10.0-1160.66.1.el7.x86_64 x86_64
c 
c --- [ limit ] --------------------------------------------------------------
c 
c setting conflict limit to 200000 conflicts (due to '200000')
c 
c --- [ parsing input ] ------------------------------------------------------
c 
c reading DIMACS file from '33.cubes6872.adj'
c opening file to read '33.cubes6872.adj'
c found 'p cnf 6160 1595471' header
c parsed 1595471 clauses in 19.22 seconds process time
c closing file '33.cubes6872.adj'
c after reading 1457566750 bytes 1390.0 MB
c 
c --- [ options ] ------------------------------------------------------------
c 
c all options are set to their default value
c 
c --- [ solving ] ------------------------------------------------------------
c 
c time measured in process time since initialization
c 
c  seconds    reductions  redundant   irredundant
c          MB     restarts       trail       variables
c            level   conflicts       glue         remaining
c 
c * 19.22 1382  0 0   0    0    0  0% 0 1595422 2291 37%
c { 20.59 1446  0 0   0    0    0  0% 0 1595422 2291 37%
c i 20.64 1446  1 0   0    1    0 14% 0 1595422 2279 37%
c i 22.08 1481 625 0   0   25   22 32% 3 1595422 2270 37%
c i 23.24 1499 371 0   3   54   41 31% 7 1595422 2263 37%
c i 24.18 1511 204 0  15  107   87 30% 18 1595422 2262 37%
c i 24.45 1514 179 0  20  130  108 31% 21 1595422 2261 37%
c i 24.58 1514 170 0  22  141  114 30% 21 1595422 2260 37%
c i 24.68 1514 164 0  24  147  119 30% 21 1595422 2259 37%
c i 24.70 1514 163 0  25  148  119 30% 21 1595422 2258 37%
c i 24.71 1514 161 0  25  150  120 30% 21 1595422 2257 37%
c i 25.61 1518 151 0  37  197  160 29% 25 1595422 2256 37%
c i 25.68 1519 148 0  39  209  163 29% 25 1595422 2255 37%
c i 25.68 1519 148 0  39  210  163 29% 25 1595422 2254 37%
c i 25.77 1519 142 0  40  219  170 29% 24 1595422 2253 37%
c i 26.45 1521 130 0  50  279  226 29% 26 1595422 2252 37%
c - 30.13 1387 128 1  52  300  242 29% 27 148547 2252 37%
c i 30.48 1350 124 1  58  330  266 29% 28 148547 2251 37%
c i 30.57 1350 108 1  64  402  325 29% 28 148547 2250 37%
c i 30.66 1350 97 1  65  487  397 30% 28 148547 2249 37%
c 
c  seconds    reductions  redundant   irredundant
c          MB     restarts       trail       variables
c            level   conflicts       glue         remaining
c 
c i 30.67 1350 94 1  65  506  410 30% 28 148547 2248 36%
c i 30.73 1350 84 1  65  601  489 30% 27 148547 2247 36%
c i 30.73 1350 84 1  65  606  492 30% 27 148547 2246 36%
c i 30.78 1350 76 1  65  727  586 30% 26 148547 2245 36%
c i 30.82 1350 73 1  67  794  643 30% 26 148547 2244 36%
c } 30.88 1350 63 1  68 1000  789 31% 26 148547 2244 36%
c [ 30.88 1350  0 1  68 1000  789  0% 0 148547 2244 36%
c O 30.88 1350 12 1  68 1002  791 23% 11 148547 2244 36%
c - 31.17 1410  9 2  68 1003  678 21% 8 148525 2244 36%
c i 31.27 1410 17 2  68 1229  787 33% 14 148525 2243 36%
c i 31.29 1410 18 2  68 1328  855 33% 15 148525 2242 36%
c i 31.30 1410 18 2  68 1367  877 34% 15 148525 2241 36%
c i 31.31 1410 19 2  68 1414  901 33% 16 148525 2240 36%
c i 31.31 1410 19 2  68 1417  902 33% 16 148525 2239 36%
c i 31.41 1410 18 2  68 1955 1193 33% 16 148525 2238 36%
c i 31.41 1410 18 2  68 1994 1209 33% 16 148525 2237 36%
c i 31.42 1410 18 2  69 2047 1238 33% 16 148525 2236 36%
c - 31.55 1409 18 3  69 2060  864 33% 16 148502 2236 36%
c ] 31.69 1409 18 3  69 2305  990 54% 15 148502 2236 36%
c 1 31.69 1409 18 3  69 2305  990 54% 15 148502 2236 36%
c 
c --- [ writing output ] -----------------------------------------------------
c 
c writing simplified CNF to DIMACS file 'simp/33.cubes6872.adj.simp1'
c 
c  seconds    reductions  redundant   irredundant
c          MB     restarts       trail       variables
c            level   conflicts       glue         remaining
c 
c * 31.69 1409 18 3  69 2305  990 54% 15 148502 2236 36%
c opening file to write 'simp/33.cubes6872.adj.simp1'
c writing 'p cnf 6160 148502' header
c closing file 'simp/33.cubes6872.adj.simp1'
c after writing 67986125 bytes 64.8 MB
c wrote 148502 clauses in 0.48 seconds process time
c 
c --- [ writing extension ] --------------------------------------------------
c 
c writing extension stack to 'simp/33.cubes6872.adj.ext1'
c opening file to write 'simp/33.cubes6872.adj.ext1'
c closing file 'simp/33.cubes6872.adj.ext1'
c after writing 11574 bytes 0.0 MB
c wrote 780 witnesses in 0.00 seconds process time
c 
c --- [ result ] -------------------------------------------------------------
c 
s SATISFIABLE
c 
c --- [ run-time profiling ] -------------------------------------------------
c 
c process time taken by individual solving procedures
c (percentage relative to process time for solving)
c 
c        19.22  154.15% parse
c        12.47   99.99% search
c        10.28   82.49% unstable
c         1.37   11.01% lucky
c         0.81    6.50% stable
c         0.00    0.00% simplify
c   =================================
c        12.47   38.75% solve
c 
c last line shows process time for solving
c (percentage relative to total process time)
c 
c --- [ statistics ] ---------------------------------------------------------
c 
c chronological:               623        27.03 %  of conflicts
c conflicts:                  2305       184.86    per second
c decisions:                 12681      1017.03    per second
c fixed:                       780        12.66 %  of all variables
c learned:                    2252        97.70 %  per conflict
c learned_lits:             378471       100.00 %  learned literals
c minimized:                     0         0.00 %  learned literals
c shrunken:                 263855        69.72 %  learned literals
c minishrunken:              18970         5.01 %  learned literals
c propagations:             333736         0.03 M  per second
c reduced:                     493        21.39 %  per conflict
c rephased:                      1      2305.00    interval
c restarts:                     69        33.41    interval
c stabilizing:                   1        56.62 %  of conflicts
c subsumed:                    730         0.02 %  of all clauses
c 
c seconds are measured in process time for solving
c 
c --- [ resources ] ----------------------------------------------------------
c 
c total process time since initialization:        32.17    seconds
c total real time since initialization:           32.26    seconds
c maximum resident set size of process:         1521.72    MB
c 
c --- [ shutting down ] ------------------------------------------------------
c 
c exit 10
WARNING! DIMACS header mismatch: wrong number of variables.
============================[ Problem Statistics ]=============================
|                                                                             |
|  Number of variables:          6120                                         |
|  Number of clauses:          148502                                         |
|  Parse time:                   0.90 s                                       |
|  Simplification time:          0.02 s                                       |
|                                                                             |
============================[ Search Statistics ]====================================================
| Conflicts |          ORIGINAL         |          LEARNT          | Num Sols |      SUBGRAPHS      |
|           |    Vars  Clauses Literals |    Limit  Clauses Lit/Cl |          | Canonical Noncanon. |
=====================================================================================================
|       100 |    6022   148502 14707469 |     2000       98     94 |        0 |        17         0 |
|       250 |    6022   148502 14707469 |     2000      248    115 |        0 |        27         0 |
|       504 |    6016   148531 14708017 |     2000      496    107 |        0 |        47        29 |
|       859 |    6015   148549 14708736 |     2000      850    108 |        0 |        62        47 |
|      1390 |    6014   148574 14709495 |     2000     1380     97 |        0 |        92        72 |
|      2161 |    6013   148586 14709802 |     3599     1160     65 |        0 |       119        84 |
|      3370 |    6013   148656 14711590 |     3599     2369     89 |        0 |       158       154 |
|      5136 |    6010   148714 14712968 |     4999     2334     54 |        0 |       230       212 |
|      7755 |    6009   148771 14714581 |     4999     4952     95 |        0 |       257       269 |
|     11697 |    6009   148869 14717064 |     7551     3248     43 |        0 |       321       367 |
|     17487 |    6007   148893 14717953 |     8774     5261     64 |        0 |       347       391 |
|     26517 |    6006   149274 14725117 |     9989     9905     74 |        0 |       514       772 |
|     43188 |    6005   152971 14799784 |    13623     9811     57 |        0 |      1526      4469 |
|     93736 |    6005   184058 15376893 |    20817    10553     21 |        0 |      7969     35556 |
|    137826 |    6004   198902 15643144 |    24410    21626     54 |        0 |      9871     50454 |
|    187895 |    6003   205182 15762693 |    29224    19319     44 |        0 |     10706     56734 |
|    254424 |    6003   206027 15783408 |    34031    23855     54 |        0 |     10944     57579 |
|    403581 |    6001   256652 16684115 |    42417    41398     63 |        0 |     18232    108210 |
|    552183 |    6001   257459 16701542 |    50821    29004     38 |        0 |     18390    109023 |
|    775187 |    6001   258780 16733406 |    60411    31998     33 |        0 |     18903    110344 |
|   1121540 |    6001   272608 17016144 |    72417    49357     48 |        0 |     20313    124172 |
|   1639635 |    6000   205087 13621107 |    72253    34288     63 |        0 |     21848    143479 |
|   2693223 |    6000   510493 18966065 |   112022   109645     78 |        0 |     38052    448885 |
|   4097625 |    5980   776545 22732165 |   139493    74118     35 |        0 |     52473    731013 |
=====================================================================================================
Number of solutions   : 0
Canonical subgraphs   : 55903          (15 /sec)
          order  3    : 1              (166667 /sec)
          order  4    : 1              (500000 /sec)
          order  5    : 1              (250000 /sec)
          order  6    : 1              (52632 /sec)
          order  7    : 2              (10363 /sec)
          order  8    : 4              (1909 /sec)
          order  9    : 9              (454 /sec)
          order 10    : 33             (112 /sec)
          order 11    : 115            (33 /sec)
          order 12    : 633            (11 /sec)
          order 13    : 3380           (8 /sec)
          order 14    : 48405          (16 /sec)
          order 15    : 2644           (12 /sec)
          order 16    : 569            (10 /sec)
          order 17    : 99             (9 /sec)
          order 18    : 5              (4 /sec)
          order 19    : 1              (5 /sec)
          order 20    : 0              (-nan /sec)
          order 21    : 0              (-nan /sec)
          order 22    : 0              (-nan /sec)
Noncanonical subgraphs: 896304         (154 /sec)
          order  3    : 0              (-nan /sec)
          order  4    : 0              (-nan /sec)
          order  5    : 0              (-nan /sec)
          order  6    : 0              (-nan /sec)
          order  7    : 0              (-nan /sec)
          order  8    : 0              (-nan /sec)
          order  9    : 0              (-nan /sec)
          order 10    : 0              (-nan /sec)
          order 11    : 0              (-nan /sec)
          order 12    : 0              (-nan /sec)
          order 13    : 7646           (8467 /sec)
          order 14    : 104896         (857 /sec)
          order 15    : 780190         (138 /sec)
          order 16    : 3075           (141 /sec)
          order 17    : 432            (103 /sec)
          order 18    : 61             (135 /sec)
          order 19    : 4              (32 /sec)
          order 20    : 0              (-nan /sec)
          order 21    : 0              (-nan /sec)
Canonicity checking   : 3791.41 s
Noncanonicity checking: 5802.93 s
Total canonicity time : 9594.34 s
database reductions   : 117
restarts              : 7676
conflicts             : 4328715        (396 /sec)
decisions             : 6178680        (0.00 % random) (566 /sec)
propagations          : 511306054      (46826 /sec)
conflict literals     : 402188194      (56.70 % deleted)
actual reward         : 0.100193
Memory used           : 421.00 MB
CPU time              : 10919.4 s

UNSATISFIABLE
