c --- [ banner ] -------------------------------------------------------------
c 
c CaDiCaL Radically Simplified CDCL SAT Solver
c Copyright (c) 2016-2021 A. Biere, M. Fleury, N. Froleyks
c 
c Version 1.5.2 a5f15211db36c3956764e18194dd5bd63bf3b5e6
c g++ (GCC) 9.3.0 -Wall -Wextra -O3 -DNDEBUG
c Fri Oct 21 01:27:37 EDT 2022 Linux gra-login3 3.10.0-1160.66.1.el7.x86_64 x86_64
c 
c --- [ limit ] --------------------------------------------------------------
c 
c setting conflict limit to 200000 conflicts (due to '200000')
c 
c --- [ parsing input ] ------------------------------------------------------
c 
c reading DIMACS file from '33.cubes7399.adj'
c opening file to read '33.cubes7399.adj'
c found 'p cnf 6160 1595477' header
c parsed 1595477 clauses in 18.25 seconds process time
c closing file '33.cubes7399.adj'
c after reading 1457566791 bytes 1390.0 MB
c 
c --- [ options ] ------------------------------------------------------------
c 
c all options are set to their default value
c 
c --- [ solving ] ------------------------------------------------------------
c 
c time measured in process time since initialization
c 
c  seconds    reductions  redundant   irredundant
c          MB     restarts       trail       variables
c            level   conflicts       glue         remaining
c 
c * 18.26 1382  0 0   0    0    0  0% 0 1595422 2323 38%
c { 19.91 1452  0 0   0    0    0  0% 0 1595422 2323 38%
c i 20.86 1473 749 0   0   19   16 33% 3 1595422 2315 38%
c i 23.39 1510 239 0  12   90   64 31% 16 1595422 2311 38%
c i 27.02 1525 147 0  45  276  222 28% 29 1595422 2310 38%
c - 30.75 1483 143 1  47  304  244 27% 30 269606 2310 38%
c i 30.95 1374 142 1  47  307  246 27% 30 269606 2309 37%
c i 31.16 1374 136 1  53  332  268 27% 29 269606 2308 37%
c i 31.41 1374 97 1  61  550  446 28% 29 269606 2307 37%
c } 31.57 1374 66 1  63 1001  770 29% 26 269606 2307 37%
c [ 31.57 1374  0 1  63 1001  770  0% 0 269606 2307 37%
c O 31.59 1374  7 1  63 1002  771 15% 1 269606 2307 37%
c i 31.76 1374 19 1  63 1042  801 26% 15 269606 2306 37%
c - 32.31 1493 35 2  63 1164  791 31% 30 269595 2306 37%
c i 32.47 1493 35 2  63 1240  837 32% 31 269595 2305 37%
c i 32.62 1493 36 2  63 1557 1076 32% 31 269595 2304 37%
c i 32.64 1493 35 2  63 1585 1095 32% 30 269595 2303 37%
c i 32.69 1493 34 2  63 1688 1170 32% 30 269595 2302 37%
c i 32.73 1493 34 2  63 1739 1199 32% 30 269595 2301 37%
c i 32.80 1493 34 2  63 1867 1265 32% 30 269595 2300 37%
c 
c  seconds    reductions  redundant   irredundant
c          MB     restarts       trail       variables
c            level   conflicts       glue         remaining
c 
c ] 32.89 1493 33 2  63 2032 1364 32% 29 269595 2300 37%
c 1 32.89 1493 33 2  63 2032 1364 32% 29 269595 2300 37%
c 
c --- [ writing output ] -----------------------------------------------------
c 
c writing simplified CNF to DIMACS file 'simp/33.cubes7399.adj.simp1'
c * 32.89 1493 33 2  63 2032 1364 32% 29 269595 2300 37%
c opening file to write 'simp/33.cubes7399.adj.simp1'
c writing 'p cnf 6160 269580' header
c closing file 'simp/33.cubes7399.adj.simp1'
c after writing 137390378 bytes 131.0 MB
c wrote 269580 clauses in 0.92 seconds process time
c 
c --- [ writing extension ] --------------------------------------------------
c 
c writing extension stack to 'simp/33.cubes7399.adj.ext1'
c opening file to write 'simp/33.cubes7399.adj.ext1'
c closing file 'simp/33.cubes7399.adj.ext1'
c after writing 10564 bytes 0.0 MB
c wrote 716 witnesses in 0.00 seconds process time
c 
c --- [ result ] -------------------------------------------------------------
c 
s SATISFIABLE
c 
c --- [ run-time profiling ] -------------------------------------------------
c 
c process time taken by individual solving procedures
c (percentage relative to process time for solving)
c 
c        18.25  124.72% parse
c        14.64  100.00% search
c        11.66   79.67% unstable
c         1.66   11.33% lucky
c         1.32    9.00% stable
c         0.00    0.00% simplify
c   =================================
c        14.64   43.29% solve
c 
c last line shows process time for solving
c (percentage relative to total process time)
c 
c --- [ statistics ] ---------------------------------------------------------
c 
c chronological:               474        23.33 %  of conflicts
c conflicts:                  2032       138.84    per second
c decisions:                 15151      1035.20    per second
c fixed:                       716        11.62 %  of all variables
c learned:                    1983        97.59 %  per conflict
c learned_lits:             438825       100.00 %  learned literals
c minimized:                     0         0.00 %  learned literals
c shrunken:                 269843        61.49 %  learned literals
c minishrunken:              35736         8.14 %  learned literals
c propagations:             276434         0.02 M  per second
c reduced:                     105         5.17 %  per conflict
c rephased:                      1      2032.00    interval
c restarts:                     63        32.25    interval
c stabilizing:                   1        50.74 %  of conflicts
c subsumed:                    501         0.02 %  of all clauses
c 
c seconds are measured in process time for solving
c 
c --- [ resources ] ----------------------------------------------------------
c 
c total process time since initialization:        33.81    seconds
c total real time since initialization:           62.33    seconds
c maximum resident set size of process:         1525.24    MB
c 
c --- [ shutting down ] ------------------------------------------------------
c 
c exit 10
WARNING! DIMACS header mismatch: wrong number of variables.
============================[ Problem Statistics ]=============================
|                                                                             |
|  Number of variables:          6120                                         |
|  Number of clauses:          269580                                         |
|  Parse time:                   2.01 s                                       |
|  Simplification time:          0.07 s                                       |
|                                                                             |
============================[ Search Statistics ]====================================================
| Conflicts |          ORIGINAL         |          LEARNT          | Num Sols |      SUBGRAPHS      |
|           |    Vars  Clauses Literals |    Limit  Clauses Lit/Cl |          | Canonical Noncanon. |
=====================================================================================================
|       109 |    6026   269589 29638139 |     2000      106    123 |        0 |        20         9 |
|       261 |    6026   269591 29638198 |     2000      258    116 |        0 |        21        11 |
|       497 |    6025   269602 29638544 |     2000      493    110 |        0 |        33        22 |
|       845 |    6008   269613 29638862 |     2000      836    122 |        0 |        51        33 |
|      1389 |    6004   269651 29640094 |     2000     1376    127 |        0 |        88        71 |
|      2186 |    5998   269689 29641852 |     3594     1179     85 |        0 |       121       109 |
|      3385 |    5998   269749 29644907 |     3594     2378    138 |        0 |       139       169 |
|      5230 |    5997   269886 29648301 |     4999     2429     68 |        0 |       179       306 |
|      7894 |    5996   269988 29651590 |     6310     2604     45 |        0 |       250       408 |
|     11855 |    5996   270105 29654440 |     7556     3411     44 |        0 |       309       525 |
|     17899 |    5995   270383 29661416 |     8784     5683     62 |        0 |       444       803 |
|     27332 |    5994   271167 29679986 |    11205     5736     37 |        0 |       674      1587 |
|     40580 |    5994   271441 29685649 |    13609     7189     40 |        0 |       790      1861 |
|     60247 |    5994   271647 29690356 |    16011    12658     68 |        0 |       852      2067 |
|     92733 |    5994   274941 29764730 |    19614    19347     84 |        0 |      1700      5361 |
|    137793 |    5994   276212 29790466 |    24406    21599     78 |        0 |      2046      6632 |
|    206224 |    5994   278959 29845389 |    30413    23037     66 |        0 |      2778      9379 |
|    308109 |    5994   240427 25224968 |    37619    24728     54 |        0 |      3716     12738 |
|    458134 |    5994   242663 25273516 |    46015    30549     66 |        0 |      4311     14974 |
|    683092 |    5994   245938 25352000 |    55609    54701     84 |        0 |      5146     18249 |
|   1019546 |    5994   249867 25456053 |    68812    52358     73 |        3 |      6239     22175 |
|   1524690 |    5994   256223 25612644 |    84419    63509     68 |        3 |      8630     28531 |
|   2282423 |    5994   265774 25848907 |   103624    74047     58 |        3 |     11429     38082 |
|   3416823 |    5994   277900 26164325 |   126433   121656     83 |        3 |     14102     50208 |
|   5122670 |    5994   300336 26686700 |   155226   145096     85 |        4 |     20693     72643 |
|   7665563 |    5994   318113 27094512 |   191224    98987     37 |        5 |     26230     90419 |
|  11474629 |    5994   339504 27607857 |   233231   205060     80 |        5 |     31976    111810 |
|  17174035 |    5994   357398 28081393 |   286025   206460     64 |        5 |     38426    129704 |
|  25715182 |    5994   376276 28579021 |   349619   341801     81 |        8 |     44739    148579 |
|  38537958 |    5994   415649 29592441 |   428848   340806     69 |       10 |     57016    187950 |
|  57838488 |    5993   398726 25329769 |   526022   330910     50 |       14 |     77294    313371 |
=====================================================================================================
Number of solutions   : 14
Canonical subgraphs   : 78841          (14 /sec)
          order  3    : 1              (250000 /sec)
          order  4    : 1              (1000000 /sec)
          order  5    : 1              (200000 /sec)
          order  6    : 1              (52632 /sec)
          order  7    : 1              (8130 /sec)
          order  8    : 2              (1276 /sec)
          order  9    : 7              (324 /sec)
          order 10    : 28             (94 /sec)
          order 11    : 106            (27 /sec)
          order 12    : 522            (8 /sec)
          order 13    : 3369           (6 /sec)
          order 14    : 26184          (14 /sec)
          order 15    : 45274          (16 /sec)
          order 16    : 1935           (16 /sec)
          order 17    : 631            (16 /sec)
          order 18    : 133            (11 /sec)
          order 19    : 59             (9 /sec)
          order 20    : 148            (10 /sec)
          order 21    : 424            (11 /sec)
          order 22    : 14             (1 /sec)
Noncanonical subgraphs: 317477         (260 /sec)
          order  3    : 0              (-nan /sec)
          order  4    : 0              (-nan /sec)
          order  5    : 0              (-nan /sec)
          order  6    : 0              (-nan /sec)
          order  7    : 0              (-nan /sec)
          order  8    : 0              (-nan /sec)
          order  9    : 0              (-nan /sec)
          order 10    : 0              (-nan /sec)
          order 11    : 0              (-nan /sec)
          order 12    : 0              (-nan /sec)
          order 13    : 7927           (7547 /sec)
          order 14    : 142526         (1197 /sec)
          order 15    : 88117          (951 /sec)
          order 16    : 76601          (81 /sec)
          order 17    : 1478           (94 /sec)
          order 18    : 275            (75 /sec)
          order 19    : 108            (38 /sec)
          order 20    : 0              (-nan /sec)
          order 21    : 0              (-nan /sec)
Canonicity checking   : 5617.67 s
Noncanonicity checking: 1222.9 s
Total canonicity time : 6840.57 s
database reductions   : 445
restarts              : 77894
conflicts             : 60322658       (1308 /sec)
decisions             : 74584164       (0.00 % random) (1617 /sec)
propagations          : 7236058134     (156878 /sec)
conflict literals     : 7514430642     (56.95 % deleted)
actual reward         : 0.106604
Memory used           : 706.00 MB
CPU time              : 46125.3 s

UNSATISFIABLE
