c --- [ banner ] -------------------------------------------------------------
c 
c CaDiCaL Radically Simplified CDCL SAT Solver
c Copyright (c) 2016-2021 A. Biere, M. Fleury, N. Froleyks
c 
c Version 1.5.2 a5f15211db36c3956764e18194dd5bd63bf3b5e6
c g++ (GCC) 9.3.0 -Wall -Wextra -O3 -DNDEBUG
c Fri Oct 21 01:27:37 EDT 2022 Linux gra-login3 3.10.0-1160.66.1.el7.x86_64 x86_64
c 
c --- [ limit ] --------------------------------------------------------------
c 
c setting conflict limit to 200000 conflicts (due to '200000')
c 
c --- [ parsing input ] ------------------------------------------------------
c 
c reading DIMACS file from '33.cubes3296.adj'
c opening file to read '33.cubes3296.adj'
c found 'p cnf 6160 1595474' header
c parsed 1595474 clauses in 17.21 seconds process time
c closing file '33.cubes3296.adj'
c after reading 1457566772 bytes 1390.0 MB
c 
c --- [ options ] ------------------------------------------------------------
c 
c all options are set to their default value
c 
c --- [ solving ] ------------------------------------------------------------
c 
c time measured in process time since initialization
c 
c  seconds    reductions  redundant   irredundant
c          MB     restarts       trail       variables
c            level   conflicts       glue         remaining
c 
c * 17.21 1383  0 0   0    0    0  0% 0 1595422 2385 39%
c { 18.20 1440  0 0   0    0    0  0% 0 1595422 2385 39%
c i 24.60 1531 217 0  34  167  143 29% 22 1595422 2384 39%
c i 25.10 1535 201 0  40  189  163 29% 23 1595422 2379 39%
c i 25.42 1536 200 0  43  200  172 29% 25 1595422 2373 39%
c i 26.50 1538 173 0  58  262  229 29% 31 1595422 2372 39%
c - 30.43 1506 168 1  69  302  264 29% 35 374900 2372 39%
c i 32.80 1433 138 1  97  452  396 28% 35 374900 2371 38%
c i 32.87 1433 137 1  98  459  399 28% 35 374900 2370 38%
c i 33.42 1434 131 1  99  492  425 28% 34 374900 2369 38%
c i 34.32 1435 118 1  99  588  514 28% 32 374900 2368 38%
c i 35.79 1437 118 1 113  662  581 28% 34 374900 2367 38%
c i 35.87 1437 118 1 115  668  586 28% 35 374900 2366 38%
c i 37.18 1437 114 1 128  772  676 28% 35 374900 2365 38%
c i 37.93 1437 108 1 137  865  764 28% 35 374900 2364 38%
c i 38.53 1438 105 1 154  951  827 28% 37 374900 2363 38%
c i 38.71 1438 104 1 162  982  855 28% 36 374900 2362 38%
c } 38.76 1438 102 1 162 1002  868 28% 36 374900 2362 38%
c [ 38.76 1438  0 1 162 1002  868  0% 0 374900 2362 38%
c O 38.77 1438  1 1 162 1003  869 13% 1 374900 2362 38%
c 
c  seconds    reductions  redundant  irredundant
c          MB     restarts       trail      variables
c            level   conflicts       glue        remaining
c 
c i 38.79 1438  1 1 162 1005  870 13% 1 374900 2312 38%
c i 38.79 1438  1 1 162 1006  870 13% 0 374900 2294 37%
c i 39.43 1438 19 1 162 1244 1054 31% 16 374900 2293 37%
c i 39.44 1438 19 1 162 1246 1053 31% 16 374900 2292 37%
c - 40.14 1607 19 2 162 1246  916 31% 16 373841 2292 37%
c i 40.75 1559 22 2 162 1464 1083 31% 19 373841 2291 37%
c i 40.96 1559 23 2 162 1705 1250 31% 19 373841 2290 37%
c i 41.20 1559 23 2 162 2008 1422 31% 20 373841 2289 37%
c i 41.35 1559 23 2 163 2272 1624 31% 20 373841 2288 37%
c - 41.94 1558 24 3 163 2662 1425 30% 21 373829 2288 37%
c ] 42.62 1520 25 3 163 3006 1596 49% 22 373829 2288 37%
c { 42.62 1520 102 3 163 3006 1596 75% 36 373829 2288 37%
c F 42.69 1520 102 3 163 3007 1597 75% 36 373829 2288 37%
c i 43.02 1520 99 3 163 3039 1622 74% 35 373829 2287 37%
c i 43.25 1520 97 3 163 3084 1664 73% 35 373829 2286 37%
c i 43.83 1520 97 3 170 3145 1718 71% 36 373829 2285 37%
c i 43.84 1520 96 3 170 3150 1722 71% 36 373829 2284 37%
c i 43.96 1520 96 3 170 3162 1731 71% 36 373829 2283 37%
c i 44.51 1520 94 3 171 3240 1798 69% 35 373829 2282 37%
c i 45.16 1520 83 3 176 3697 2164 63% 34 373829 2281 37%
c 
c  seconds    reductions  redundant   irredundant
c          MB     restarts       trail       variables
c            level   conflicts       glue         remaining
c 
c - 46.65 1517 67 4 181 4551 2042 59% 31 373808 2281 37%
c 2 48.11 1517 64 4 197 5001 3318 57% 31 373800 2275 37%
c p 55.40 1517 64 4 197 5001 5751 57% 31 373800 2217 36%
c d 56.01 1517 64 4 197 5001 5662 57% 31 373618 2214 36%
c # 57.21 1517 52 4 197 6011 6326 55% 27 373618 2214 36%
c - 58.98 1509 47 5 200 6913 2811 54% 25 373618 2214 36%
c } 59.09 1509 47 5 200 7007 2880 54% 25 373618 2214 36%
c [ 59.09 1509 25 5 200 7007 2880 49% 22 373618 2214 36%
c ] 59.18 1509 26 5 201 7135 2967 49% 22 373618 2214 36%
c 1 59.18 1509 26 5 201 7135 2967 49% 22 373618 2214 36%
c 
c --- [ writing output ] -----------------------------------------------------
c 
c writing simplified CNF to DIMACS file 'simp/33.cubes3296.adj.simp1'
c * 59.18 1509 26 5 201 7135 2967 49% 22 373618 2214 36%
c opening file to write 'simp/33.cubes3296.adj.simp1'
c writing 'p cnf 6160 373618' header
c closing file 'simp/33.cubes3296.adj.simp1'
c after writing 182402021 bytes 174.0 MB
c wrote 373618 clauses in 1.08 seconds process time
c 
c --- [ writing extension ] --------------------------------------------------
c 
c writing extension stack to 'simp/33.cubes3296.adj.ext1'
c opening file to write 'simp/33.cubes3296.adj.ext1'
c closing file 'simp/33.cubes3296.adj.ext1'
c after writing 12003 bytes 0.0 MB
c wrote 809 witnesses in 0.00 seconds process time
c 
c --- [ result ] -------------------------------------------------------------
c 
s SATISFIABLE
c 
c --- [ run-time profiling ] -------------------------------------------------
c 
c process time taken by individual solving procedures
c (percentage relative to process time for solving)
c 
c        33.51   79.85% search
c        28.57   68.08% unstable
c        17.21   41.02% parse
c         8.46   20.15% simplify
c         7.29   17.37% probe
c         3.95    9.42% stable
c         0.99    2.35% lucky
c         0.05    0.12% ternary
c   =================================
c        41.97   69.64% solve
c 
c last line shows process time for solving
c (percentage relative to total process time)
c 
c --- [ statistics ] ---------------------------------------------------------
c 
c chronological:              1939        27.18 %  of conflicts
c conflicts:                  7135       170.01    per second
c decisions:                 32332       770.40    per second
c fixed:                       795        12.91 %  of all variables
c learned:                    6833        95.77 %  per conflict
c learned_lits:            1162770       100.00 %  learned literals
c minimized:                     0         0.00 %  learned literals
c shrunken:                 708161        60.90 %  learned literals
c minishrunken:              91133         7.84 %  learned literals
c propagations:            1206088         0.03 M  per second
c reduced:                    2415        33.85 %  per conflict
c rephased:                      3      2378.33    interval
c restarts:                    201        35.50    interval
c stabilizing:                   2        29.88 %  of conflicts
c substituted:                   7         0.11 %  of all variables
c subsumed:                   1568         0.05 %  of all clauses
c ternary:                     918         0.51 %  of resolved
c weakened:                     14         2.00    average size
c 
c seconds are measured in process time for solving
c 
c --- [ resources ] ----------------------------------------------------------
c 
c total process time since initialization:        60.26    seconds
c total real time since initialization:           66.32    seconds
c maximum resident set size of process:         1727.11    MB
c 
c --- [ shutting down ] ------------------------------------------------------
c 
c exit 10
WARNING! DIMACS header mismatch: wrong number of variables.
============================[ Problem Statistics ]=============================
|                                                                             |
|  Number of variables:          6120                                         |
|  Number of clauses:          373618                                         |
|  Parse time:                   2.57 s                                       |
|  Simplification time:          0.08 s                                       |
|                                                                             |
============================[ Search Statistics ]====================================================
| Conflicts |          ORIGINAL         |          LEARNT          | Num Sols |      SUBGRAPHS      |
|           |    Vars  Clauses Literals |    Limit  Clauses Lit/Cl |          | Canonical Noncanon. |
=====================================================================================================
|       103 |    6029   373621 39253827 |     2000      103    175 |        0 |        12         3 |
|       253 |    6029   373621 39253827 |     2000      253    139 |        0 |        21         3 |
|       484 |    6029   373627 39254393 |     2000      484    120 |        0 |        31         9 |
|       889 |    6029   373695 39255685 |     2000      889    113 |        0 |        50        77 |
|      1406 |    6029   373706 39255978 |     2000     1406    110 |        0 |        77        88 |
|      2204 |    6029   373745 39256940 |     3600     1204     66 |        0 |       118       127 |
|      3413 |    6029   373815 39258014 |     3600     2413     87 |        0 |       161       197 |
|      6318 |    6029   375012 39279781 |     5001     3519     49 |        0 |       607      1394 |
|     10994 |    6029   377126 39315800 |     6301     5695     53 |        0 |      1309      3508 |
|     18915 |    6029   381203 39380092 |     8784     6699     30 |        0 |      2539      7585 |
|     26478 |    6029   383000 39415630 |     9994     9872     46 |        0 |      3066      9382 |
|     35830 |    6029   383703 39429319 |    12400     8630     45 |        0 |      3311     10085 |
|     49663 |    6029   384562 39444157 |    14806     9469     40 |        0 |      3559     10944 |
|     70504 |    6029   385942 39464091 |    17208    14912     64 |        0 |      4056     12324 |
|    104542 |    6029   390788 39542132 |    22011    10953     16 |        0 |      5720     17170 |
|    156011 |    6029   398468 39671393 |    26818    14829     26 |        0 |      7946     24850 |
|    222697 |    6029   399470 39692420 |    31620    24317     55 |        0 |      8272     25852 |
|    324764 |    6029   403011 39765375 |    38819    22583     35 |        0 |      9746     29393 |
|    477081 |    6029   407539 39859469 |    47226    26507     34 |        0 |     10769     33921 |
|    705015 |    6029   413790 39983616 |    56812    48827     57 |        1 |     12898     40171 |
|   1075424 |    6029   451674 40722136 |    71229    38853     25 |        1 |     22179     78055 |
|   1621308 |    6029   498770 41625776 |    86818    75126     49 |        1 |     33480    125151 |
|   2403212 |    6028   532429 42280483 |   106014    90626     60 |        2 |     44513    158872 |
|   3556511 |    6028   563454 42875757 |   130027    69938     27 |        5 |     55076    189894 |
|   5312986 |    6028   636518 44378448 |   158826   100812     37 |        5 |     81733    262958 |
=====================================================================================================
Number of solutions   : 14
Canonical subgraphs   : 87602          (6 /sec)
          order  3    : 1              (250000 /sec)
          order  4    : 1              (500000 /sec)
          order  5    : 1              (250000 /sec)
          order  6    : 1              (52632 /sec)
          order  7    : 1              (8333 /sec)
          order  8    : 2              (1283 /sec)
          order  9    : 4              (226 /sec)
          order 10    : 13             (57 /sec)
          order 11    : 57             (16 /sec)
          order 12    : 350            (5 /sec)
          order 13    : 2190           (5 /sec)
          order 14    : 14989          (6 /sec)
          order 15    : 9204           (8 /sec)
          order 16    : 56387          (6 /sec)
          order 17    : 3376           (4 /sec)
          order 18    : 772            (4 /sec)
          order 19    : 163            (4 /sec)
          order 20    : 39             (6 /sec)
          order 21    : 37             (6 /sec)
          order 22    : 14             (0 /sec)
Noncanonical subgraphs: 283385         (68 /sec)
          order  3    : 0              (-nan /sec)
          order  4    : 0              (-nan /sec)
          order  5    : 0              (-nan /sec)
          order  6    : 0              (-nan /sec)
          order  7    : 0              (-nan /sec)
          order  8    : 0              (-nan /sec)
          order  9    : 0              (-nan /sec)
          order 10    : 0              (-nan /sec)
          order 11    : 0              (-nan /sec)
          order 12    : 0              (-nan /sec)
          order 13    : 7309           (7679 /sec)
          order 14    : 27305          (2122 /sec)
          order 15    : 86056          (306 /sec)
          order 16    : 25042          (310 /sec)
          order 17    : 136827         (37 /sec)
          order 18    : 766            (23 /sec)
          order 19    : 48             (20 /sec)
          order 20    : 0              (-nan /sec)
          order 21    : 0              (-nan /sec)
Canonicity checking   : 14897 s
Noncanonicity checking: 4159.83 s
Total canonicity time : 19056.8 s
database reductions   : 142
restarts              : 10236
conflicts             : 6308295        (282 /sec)
decisions             : 8418540        (0.00 % random) (377 /sec)
propagations          : 648897638      (29023 /sec)
conflict literals     : 680946273      (54.81 % deleted)
actual reward         : 0.122712
Memory used           : 630.00 MB
CPU time              : 22358.3 s

UNSATISFIABLE
