c --- [ banner ] -------------------------------------------------------------
c 
c CaDiCaL Radically Simplified CDCL SAT Solver
c Copyright (c) 2016-2021 A. Biere, M. Fleury, N. Froleyks
c 
c Version 1.5.2 a5f15211db36c3956764e18194dd5bd63bf3b5e6
c g++ (GCC) 9.3.0 -Wall -Wextra -O3 -DNDEBUG
c Fri Oct 21 01:27:37 EDT 2022 Linux gra-login3 3.10.0-1160.66.1.el7.x86_64 x86_64
c 
c --- [ limit ] --------------------------------------------------------------
c 
c setting conflict limit to 200000 conflicts (due to '200000')
c 
c --- [ parsing input ] ------------------------------------------------------
c 
c reading DIMACS file from '33.cubes5662.adj'
c opening file to read '33.cubes5662.adj'
c found 'p cnf 6160 1595485' header
c parsed 1595485 clauses in 19.75 seconds process time
c closing file '33.cubes5662.adj'
c after reading 1457566844 bytes 1390.0 MB
c 
c --- [ options ] ------------------------------------------------------------
c 
c all options are set to their default value
c 
c --- [ solving ] ------------------------------------------------------------
c 
c time measured in process time since initialization
c 
c  seconds    reductions  redundant   irredundant
c          MB     restarts       trail       variables
c            level   conflicts       glue         remaining
c 
c * 19.76 1380  0 0   0    0    0  0% 0 1595422 2310 38%
c { 20.40 1417  0 0   0    0    0  0% 0 1595422 2310 38%
c i 20.64 1424 1185 0   0    6    5 35% 1 1595422 2306 37%
c i 21.46 1461 1209 0   1   17   15 40% 3 1595422 2277 37%
c i 26.56 1519 188 0  35  173  138 27% 21 1595422 2276 37%
c i 26.77 1521 169 0  35  197  161 27% 21 1595422 2275 37%
c i 26.85 1521 161 0  35  210  173 28% 21 1595422 2274 37%
c i 27.13 1521 152 0  37  235  193 28% 23 1595422 2273 37%
c i 27.16 1521 150 0  38  239  195 28% 24 1595422 2272 37%
c i 27.36 1523 145 0  42  254  205 28% 25 1595422 2271 37%
c i 27.39 1523 144 0  43  256  206 28% 25 1595422 2270 37%
c i 27.44 1524 143 0  43  259  208 28% 25 1595422 2269 37%
c i 27.72 1525 138 0  47  276  223 28% 25 1595422 2268 37%
c i 27.72 1525 137 0  47  277  223 28% 25 1595422 2267 37%
c - 32.65 1480 130 1  52  302  245 28% 25 417395 2267 37%
c i 33.14 1481 125 1  52  323  264 28% 25 417395 2266 37%
c i 33.24 1429 123 1  53  329  269 28% 25 417395 2265 37%
c i 34.60 1431 101 1  61  445  340 27% 24 417395 2264 37%
c i 35.18 1431 103 1  68  475  366 27% 26 417395 2263 37%
c i 35.85 1432 97 1  80  542  426 28% 26 417395 2262 37%
c 
c  seconds    reductions  redundant   irredundant
c          MB     restarts       trail       variables
c            level   conflicts       glue         remaining
c 
c i 35.92 1432 96 1  82  550  433 28% 26 417395 2261 37%
c i 36.28 1432 96 1  85  563  445 28% 26 417395 2260 37%
c i 37.03 1433 97 1  92  593  473 28% 28 417395 2259 37%
c i 37.41 1433 95 1 102  635  503 28% 28 417395 2258 37%
c i 37.96 1434 92 1 107  685  544 28% 27 417395 2257 37%
c i 38.31 1434 86 1 107  753  598 28% 26 417395 2256 37%
c i 38.54 1434 82 1 107  820  659 28% 26 417395 2255 37%
c } 39.10 1434 73 1 107 1000  803 28% 25 417395 2255 37%
c [ 39.10 1434  0 1 107 1000  803  0% 0 417395 2255 37%
c O 39.12 1434 15 1 107 1002  804 19% 2 417395 2255 37%
c i 39.12 1434 15 1 107 1002  804 19% 2 417395 2248 36%
c i 39.46 1434  9 1 107 1052  813 20% 7 417395 2247 36%
c i 39.63 1434 16 1 107 1105  858 26% 12 417395 2246 36%
c i 39.73 1434 17 1 107 1143  888 27% 13 417395 2245 36%
c i 39.74 1434 17 1 107 1145  889 27% 13 417395 2244 36%
c i 39.84 1434 19 1 107 1227  957 28% 15 417395 2243 36%
c i 39.86 1434 19 1 107 1235  961 29% 15 417395 2242 36%
c - 40.66 1563 19 2 107 1275  865 29% 15 416914 2242 36%
c i 40.79 1563 19 2 107 1282  869 29% 15 416914 2241 36%
c i 40.89 1563 20 2 107 1323  904 29% 16 416914 2240 36%
c 
c  seconds    reductions  redundant   irredundant
c          MB     restarts       trail       variables
c            level   conflicts       glue         remaining
c 
c i 40.97 1563 20 2 107 1372  934 29% 16 416914 2239 36%
c i 41.03 1563 20 2 107 1441  982 29% 17 416914 2238 36%
c i 41.05 1563 20 2 107 1458  993 29% 17 416914 2237 36%
c i 41.41 1563 21 2 107 1865 1268 30% 18 416914 2236 36%
c i 41.69 1563 21 2 108 2284 1553 30% 18 416914 2235 36%
c - 42.50 1562 23 3 108 2736 1460 30% 20 416893 2235 36%
c ] 43.13 1561 24 3 108 3000 1650 49% 20 416893 2235 36%
c { 43.13 1561 73 3 108 3000 1650 78% 25 416893 2235 36%
c F 43.15 1561 73 3 108 3004 1654 78% 25 416893 2235 36%
c i 43.59 1561 71 3 108 3035 1684 76% 24 416893 2234 36%
c i 43.91 1562 72 3 110 3081 1724 75% 25 416893 2233 36%
c i 44.46 1562 71 3 118 3146 1780 73% 25 416893 2232 36%
c i 44.82 1562 66 3 120 3312 1918 69% 25 416893 2231 36%
c i 45.93 1562 63 3 134 3537 2119 65% 25 416893 2230 36%
c i 47.85 1561 64 3 186 3803 2333 61% 27 416893 2229 36%
c i 47.89 1562 64 3 188 3810 2339 61% 27 416893 2228 36%
c i 48.24 1561 64 3 196 3839 2363 61% 27 416893 2227 36%
c i 48.46 1561 64 3 199 3853 2374 61% 27 416893 2226 36%
c i 50.38 1561 63 3 219 4094 2570 59% 27 416893 2225 36%
c i 50.69 1561 61 3 225 4270 2709 58% 27 416893 2224 36%
c 
c  seconds    reductions  redundant   irredundant
c          MB     restarts       trail       variables
c            level   conflicts       glue         remaining
c 
c i 50.93 1561 61 3 227 4306 2743 57% 26 416893 2223 36%
c i 51.11 1561 61 3 227 4348 2777 57% 26 416893 2222 36%
c i 52.88 1561 62 3 268 4562 2963 56% 27 416893 2221 36%
c i 52.88 1561 62 3 268 4563 2963 56% 27 416893 2220 36%
c i 53.47 1561 63 3 278 4617 3013 56% 28 416893 2219 36%
c - 54.89 1555 63 4 292 4683 2234 55% 29 416845 2219 36%
c p 64.56 1556 60 4 310 5000 5303 54% 28 416829 2191 36%
c d 65.18 1555 60 4 310 5000 5298 54% 28 416768 2190 36%
c # 66.56 1555 52 4 310 6006 6079 52% 26 416768 2190 36%
c } 69.40 1556 49 4 341 7001 6844 51% 25 416768 2190 36%
c [ 69.40 1556 24 4 341 7001 6844 49% 20 416768 2190 36%
c - 69.86 1393 24 5 342 7114 3217 48% 21 416768 2190 36%
c I 71.41 1393 24 5 343 10007 5756 51% 20 416768 2190 36%
c - 71.89 1394 24 6 343 10029 4010 51% 20 416768 2190 36%
c - 77.55 1394 27 7 346 13432 3794 49% 23 416768 2190 36%
c p 81.69 1394 28 7 346 15000 7821 50% 24 416768 2190 36%
c ] 81.94 1394 28 7 346 15006 7823 50% 24 416768 2190 36%
c { 81.94 1394 49 7 346 15006 7823 51% 25 416768 2190 36%
c B 82.00 1394 49 7 346 15008 7825 51% 25 416768 2190 36%
c - 85.06 1393 41 8 375 17321 4692 50% 23 416768 2190 36%
c 
c  seconds    reductions   redundant   irredundant
c          MB     restarts        trail       variables
c            level    conflicts       glue         remaining
c 
c s 93.50 1394 43 8 575 18866 5833 49% 24 413876 2190 36%
c v 99.38 1394 43 8 575 18866 5833 49% 24 413857 2190 36%
c w 99.58 1393 43 8 575 18866 5825 49% 24 413857 2190 36%
c t 99.59 1393 43 8 575 18866 5823 49% 24 413846 2190 36%
c e 101.10 1394 43 8 575 18866 5557 49% 24 411743 972 16%
c s 101.25 1394 43 8 575 18866 5557 49% 24 411130 972 16%
c } 104.54 1394 43 8 644 19249 5837 63% 24 411130 972 16%
c 1 104.54 1394 43 8 644 19249 5837 63% 24 411130 972 16%
c 
c --- [ writing output ] -----------------------------------------------------
c 
c writing simplified CNF to DIMACS file 'simp/33.cubes5662.adj.simp1'
c * 104.54 1394 43 8 644 19249 5837 63% 24 411130 972 16%
c opening file to write 'simp/33.cubes5662.adj.simp1'
c writing 'p cnf 6160 411130' header
c closing file 'simp/33.cubes5662.adj.simp1'
c after writing 181219682 bytes 172.8 MB
c wrote 411130 clauses in 1.31 seconds process time
c 
c --- [ writing extension ] --------------------------------------------------
c 
c writing extension stack to 'simp/33.cubes5662.adj.ext1'
c opening file to write 'simp/33.cubes5662.adj.ext1'
c closing file 'simp/33.cubes5662.adj.ext1'
c after writing 82245 bytes 0.1 MB
c wrote 3698 witnesses in 0.00 seconds process time
c 
c --- [ result ] -------------------------------------------------------------
c 
s SATISFIABLE
c 
c --- [ run-time profiling ] -------------------------------------------------
c 
c process time taken by individual solving procedures
c (percentage relative to process time for solving)
c 
c        64.01   75.50% search
c        49.55   58.45% unstable
c        20.78   24.50% simplify
c        19.75   23.30% parse
c        13.81   16.28% stable
c        10.10   11.91% probe
c         6.04    7.12% vivify
c         2.88    3.39% elim
c         0.65    0.77% lucky
c         0.30    0.35% subsume
c         0.11    0.13% ternary
c   =================================
c        84.79   80.09% solve
c 
c last line shows process time for solving
c (percentage relative to total process time)
c 
c --- [ statistics ] ---------------------------------------------------------
c 
c chronological:              3941        20.47 %  of conflicts
c conflicts:                 19249       227.03    per second
c decisions:                 71441       842.61    per second
c eliminated:                 1218        19.77 %  of all variables
c fixed:                       817        13.26 %  of all variables
c learned:                   18771        97.52 %  per conflict
c learned_lits:            3452518       100.00 %  learned literals
c minimized:                     0         0.00 %  learned literals
c shrunken:                1747414        50.61 %  learned literals
c minishrunken:             505363        14.64 %  learned literals
c propagations:            2899220         0.03 M  per second
c reduced:                    8354        43.40 %  per conflict
c rephased:                      5      3849.80    interval
c restarts:                    644        29.89    interval
c stabilizing:                   2        51.98 %  of conflicts
c substituted:                   9         0.15 %  of all variables
c subsumed:                   8014         0.24 %  of all clauses
c strengthened:               6711         0.20 %  of all clauses
c ternary:                    1872         0.56 %  of resolved
c vivified:                     35         0.00 %  of all clauses
c weakened:                   2881         3.03    average size
c 
c seconds are measured in process time for solving
c 
c --- [ resources ] ----------------------------------------------------------
c 
c total process time since initialization:       105.86    seconds
c total real time since initialization:          109.42    seconds
c maximum resident set size of process:         1732.09    MB
c 
c --- [ shutting down ] ------------------------------------------------------
c 
c exit 10
WARNING! DIMACS header mismatch: wrong number of variables.
============================[ Problem Statistics ]=============================
|                                                                             |
|  Number of variables:          6111                                         |
|  Number of clauses:          411130                                         |
|  Parse time:                   2.32 s                                       |
|  Simplification time:          0.06 s                                       |
|                                                                             |
============================[ Search Statistics ]====================================================
| Conflicts |          ORIGINAL         |          LEARNT          | Num Sols |      SUBGRAPHS      |
|           |    Vars  Clauses Literals |    Limit  Clauses Lit/Cl |          | Canonical Noncanon. |
=====================================================================================================
|       134 |    6020   411164 39609089 |     2000      134    103 |        0 |        26        34 |
|       326 |    6020   411206 39609737 |     2000      326     78 |        0 |        43        76 |
|       589 |    6020   411244 39610442 |     2000      589     80 |        0 |        53       114 |
|       930 |    6020   411248 39610502 |     2000      930     98 |        0 |        56       118 |
|      1886 |    6020   411698 39619813 |     2000     1886     79 |        0 |       170       568 |
|      3049 |    6020   412102 39630888 |     3604     2053     62 |        0 |       244       972 |
|      4310 |    6020   412224 39632801 |     3604     3314     76 |        0 |       285      1094 |
|      6032 |    6020   412238 39633346 |     5002     3234     63 |        0 |       317      1108 |
|      8600 |    6020   412244 39633545 |     6302     3302     55 |        0 |       332      1114 |
|     12980 |    6020   412780 39643527 |     7555     4535     55 |        0 |       438      1650 |
|     19099 |    6020   413133 39650898 |     8781     6880     69 |        0 |       586      2003 |
|     27971 |    6020   413356 39656220 |    11203     6374     45 |        0 |       765      2226 |
|     41378 |    6020   413789 39665042 |    13607     7985     49 |        0 |      1030      2659 |
|     61428 |    6020   414378 39676839 |    16010    13838     70 |        0 |      1280      3248 |
|     92554 |    6020   416312 39713787 |    19610    19164     74 |        0 |      1922      5182 |
|    138180 |    6020   418149 39750733 |    24426    22006     69 |        0 |      2428      7019 |
|    204272 |    6020   418557 39759470 |    30409    21081     63 |        0 |      2661      7427 |
|    303706 |    6020   419465 39777582 |    37610    20316     50 |        0 |      2807      8335 |
|    452178 |    6020   420148 39791012 |    46016    24594     52 |        0 |      3111      9018 |
|    676909 |    6020   423196 39849331 |    55624    48533     81 |        0 |      3726     12066 |
|   1012953 |    6020   426715 39925834 |    68827    45780     69 |        0 |      4752     15585 |
|   1518110 |    6020   433084 40064089 |    84427    56937     65 |        0 |      6891     21954 |
|   2273826 |    6020   440618 40236508 |   103621    65447     58 |        1 |      9302     29487 |
|   3411513 |    6020   456031 40540398 |   126412   116325     78 |        1 |     12751     44900 |
|   5119476 |    6020   480583 41019584 |   155213   141889     73 |        2 |     21823     69451 |
|   7673033 |    6020   509024 41687673 |   191225   106458     43 |        2 |     31670     97892 |
|  11495458 |    6020   543774 42518854 |   233217   225875     71 |        2 |     41697    132642 |
|  17211762 |    6020   578566 43507008 |   286020   244182     58 |        2 |     52450    167434 |
|  25804648 |    6014   612553 44095441 |   350819   256467     66 |       46 |     66837    238007 |
=====================================================================================================
Number of solutions   : 76
Canonical subgraphs   : 78707          (14 /sec)
          order  3    : 1              (200000 /sec)
          order  4    : 1              (500000 /sec)
          order  5    : 1              (250000 /sec)
          order  6    : 1              (55556 /sec)
          order  7    : 1              (8929 /sec)
          order  8    : 2              (1388 /sec)
          order  9    : 7              (354 /sec)
          order 10    : 34             (118 /sec)
          order 11    : 245            (53 /sec)
          order 12    : 968            (14 /sec)
          order 13    : 4908           (12 /sec)
          order 14    : 20296          (15 /sec)
          order 15    : 33232          (14 /sec)
          order 16    : 10490          (20 /sec)
          order 17    : 4538           (16 /sec)
          order 18    : 1488           (12 /sec)
          order 19    : 679            (13 /sec)
          order 20    : 824            (13 /sec)
          order 21    : 915            (12 /sec)
          order 22    : 76             (1 /sec)
Noncanonical subgraphs: 282753         (228 /sec)
          order  3    : 0              (-nan /sec)
          order  4    : 0              (-nan /sec)
          order  5    : 0              (-nan /sec)
          order  6    : 0              (-nan /sec)
          order  7    : 0              (-nan /sec)
          order  8    : 0              (-nan /sec)
          order  9    : 0              (-nan /sec)
          order 10    : 0              (-nan /sec)
          order 11    : 0              (-nan /sec)
          order 12    : 0              (-nan /sec)
          order 13    : 21830          (3302 /sec)
          order 14    : 82236          (1304 /sec)
          order 15    : 58618          (738 /sec)
          order 16    : 113099         (122 /sec)
          order 17    : 4129           (93 /sec)
          order 18    : 1817           (59 /sec)
          order 19    : 2              (446 /sec)
          order 20    : 0              (-nan /sec)
          order 21    : 3              (27 /sec)
Canonicity checking   : 5475.63 s
Noncanonicity checking: 1240.12 s
Total canonicity time : 6715.75 s
database reductions   : 342
restarts              : 49150
conflicts             : 35833841       (1176 /sec)
decisions             : 43356221       (0.00 % random) (1423 /sec)
propagations          : 1823037589     (59840 /sec)
conflict literals     : 3799763692     (57.03 % deleted)
actual reward         : 0.242058
Memory used           : 817.00 MB
CPU time              : 30465.3 s

UNSATISFIABLE
