c --- [ banner ] -------------------------------------------------------------
c 
c CaDiCaL Radically Simplified CDCL SAT Solver
c Copyright (c) 2016-2021 A. Biere, M. Fleury, N. Froleyks
c 
c Version 1.5.2 a5f15211db36c3956764e18194dd5bd63bf3b5e6
c g++ (GCC) 9.3.0 -Wall -Wextra -O3 -DNDEBUG
c Fri Oct 21 01:27:37 EDT 2022 Linux gra-login3 3.10.0-1160.66.1.el7.x86_64 x86_64
c 
c --- [ limit ] --------------------------------------------------------------
c 
c setting conflict limit to 200000 conflicts (due to '200000')
c 
c --- [ parsing input ] ------------------------------------------------------
c 
c reading DIMACS file from '33.cubes3628.adj'
c opening file to read '33.cubes3628.adj'
c found 'p cnf 6160 1595473' header
c parsed 1595473 clauses in 19.64 seconds process time
c closing file '33.cubes3628.adj'
c after reading 1457566762 bytes 1390.0 MB
c 
c --- [ options ] ------------------------------------------------------------
c 
c all options are set to their default value
c 
c --- [ solving ] ------------------------------------------------------------
c 
c time measured in process time since initialization
c 
c  seconds    reductions  redundant   irredundant
c          MB     restarts       trail       variables
c            level   conflicts       glue         remaining
c 
c * 19.64 1381  0 0   0    0    0  0% 0 1595422 2420 39%
c { 20.61 1428  0 0   0    0    0  0% 0 1595422 2420 39%
c i 22.82 1479 240 0   1   93   81 22% 4 1595422 2407 39%
c i 22.84 1480 235 0   1   95   82 22% 4 1595422 2397 39%
c i 23.95 1497 210 0   5  110   94 23% 5 1595422 2396 39%
c i 26.42 1514 147 0  23  181  153 25% 10 1595422 2395 39%
c i 27.64 1520 122 0  40  248  202 25% 13 1595422 2394 39%
c i 28.19 1522 115 0  48  282  232 25% 15 1595422 2389 39%
c i 28.22 1522 116 0  50  287  236 25% 16 1595422 2384 39%
c - 31.86 1510 115 1  54  302  250 25% 18 271211 2384 39%
c i 32.31 1362 110 1  61  333  277 26% 19 271211 2383 39%
c i 32.35 1362 110 1  62  339  280 26% 19 271211 2381 39%
c i 32.70 1362 109 1  69  364  299 26% 21 271211 2380 39%
c i 32.77 1362 110 1  70  370  304 26% 21 271211 2379 39%
c i 33.02 1362 112 1  76  391  324 26% 22 271211 2378 39%
c i 33.90 1362 106 1  90  467  390 26% 22 271211 2377 39%
c i 33.95 1362 106 1  92  474  395 26% 23 271211 2376 39%
c i 35.61 1363 107 1 135  669  554 27% 31 271211 2375 39%
c i 35.63 1363 107 1 135  670  554 27% 31 271211 2374 39%
c i 36.03 1363 109 1 145  711  587 27% 32 271211 2373 39%
c 
c  seconds     reductions  redundant   irredundant
c          MB      restarts       trail       variables
c             level   conflicts       glue         remaining
c 
c i 36.59 1363 108 1 154  762  628 27% 32 271211 2372 39%
c i 36.60 1363 107 1 154  763  628 27% 32 271211 2371 38%
c i 36.60 1363 107 1 154  765  629 27% 32 271211 2370 38%
c i 36.60 1363 107 1 154  767  629 27% 32 271211 2369 38%
c i 37.05 1363 98 1 154  874  717 27% 30 271211 2368 38%
c } 37.40 1363 90 1 154 1001  830 27% 29 271211 2368 38%
c [ 37.40 1363  0 1 154 1001  830  0% 0 271211 2368 38%
c O 37.41 1363  0 1 154 1002  830 15% 0 271211 2368 38%
c i 37.41 1363  0 1 154 1002  830 15% 0 271211 2335 38%
c i 37.41 1363  0 1 154 1003  830 14% 0 271211 2319 38%
c i 37.41 1363  0 1 154 1004  830 13% 0 271211 2303 37%
c - 38.31 1491 20 2 154 1162  856 32% 15 270047 2303 37%
c i 38.40 1491 20 2 154 1173  866 32% 15 270047 2302 37%
c i 38.43 1491 20 2 154 1183  872 32% 15 270047 2301 37%
c i 38.74 1491 30 2 154 1847 1315 32% 25 270047 2300 37%
c - 39.27 1490 30 3 155 2453 1366 32% 25 270038 2300 37%
c ] 39.69 1490 28 3 155 3001 1749 56% 24 270038 2300 37%
c { 39.69 1490 90 3 155 3001 1749 73% 29 270038 2300 37%
c F 39.70 1490 89 3 155 3006 1751 73% 29 270038 2300 37%
c i 40.42 1490 62 3 177 3920 2379 64% 26 270038 2299 37%
c 
c  seconds    reductions  redundant   irredundant
c          MB     restarts       trail       variables
c            level   conflicts       glue         remaining
c 
c i 40.80 1490 61 3 188 3978 2426 64% 26 270038 2298 37%
c i 40.91 1490 62 3 192 3997 2443 63% 26 270038 2297 37%
c i 41.59 1490 63 3 230 4154 2583 62% 27 270038 2296 37%
c - 42.05 1490 63 4 234 4170 1839 62% 27 270026 2296 37%
c i 42.57 1490 62 4 238 4246 1901 61% 27 270026 2295 37%
c i 42.60 1490 62 4 238 4257 1910 61% 27 270026 2294 37%
c i 43.36 1490 60 4 247 4533 2145 60% 27 270026 2293 37%
c i 43.36 1490 60 4 247 4534 2145 60% 27 270026 2292 37%
c i 45.95 1490 61 4 294 4876 2441 58% 28 270026 2291 37%
c 3 47.29 1490 62 4 312 5001 3830 57% 28 269999 2285 37%
c p 54.27 1490 62 4 312 5001 8464 57% 28 269999 2201 36%
c d 54.77 1490 62 4 312 5001 7830 57% 28 269546 2200 36%
c # 57.41 1490 58 4 388 6008 8610 56% 28 269546 2200 36%
c - 57.88 1366 56 5 388 6317 2950 55% 27 269546 2200 36%
c } 58.15 1366 52 5 388 7001 3445 55% 27 269546 2200 36%
c [ 58.15 1366 28 5 388 7001 3445 56% 24 269546 2200 36%
c - 58.94 1366 26 6 389 8892 3214 53% 22 269546 2200 36%
c I 59.41 1366 24 6 390 10009 3907 53% 21 269546 2200 36%
c - 61.61 1366 46 7 392 11898 3716 50% 36 269546 2200 36%
c ] 63.21 1366 49 7 393 15001 5997 50% 40 269546 2200 36%
c 
c  seconds    reductions   redundant   irredundant
c          MB     restarts        trail       variables
c            level    conflicts       glue         remaining
c 
c { 63.21 1366 52 7 393 15001 5997 55% 27 269546 2200 36%
c 2 63.28 1366 52 7 393 15001 7177 55% 27 269545 2200 36%
c p 65.81 1366 52 7 393 15001 10951 55% 27 269545 2200 36%
c B 66.04 1366 52 7 395 15011 10960 55% 27 269545 2200 36%
c - 66.94 1366 51 8 401 15338 4416 54% 26 269545 2200 36%
c s 74.66 1367 46 8 585 18730 6929 52% 26 267371 2200 36%
c v 78.61 1367 46 8 585 18730 6929 52% 26 267347 2200 36%
c t 78.72 1367 46 8 585 18730 6910 52% 26 267334 2200 36%
c e 79.82 1368 46 8 585 18730 6243 52% 26 264535 818 13%
c s 79.93 1368 46 8 585 18730 6243 52% 26 261044 818 13%
c - 81.91 1368 45 9 608 19200 4681 75% 26 261044 818 13%
c W 84.18 1368 42 9 647 21014 5911 75% 25 261044 818 13%
c - 88.93 1368 41 10 776 23451 5321 75% 24 261044 818 13%
c F 94.02 1368 38 10 975 28018 8511 75% 23 261044 818 13%
c - 94.34 1368 37 11 975 28126 6196 75% 23 261044 818 13%
c 2 97.07 1368 37 11 1086 30001 7999 75% 23 261043 818 13%
c p 99.26 1368 37 11 1086 30001 10204 75% 23 261043 817 13%
c } 100.61 1368 36 11 1118 31001 10993 75% 23 261043 817 13%
c [ 100.61 1368 49 11 1118 31001 10993 139% 40 261043 817 13%
c - 101.57 1368 46 12 1118 33231 7105 126% 37 261040 817 13%
c 
c  seconds     reductions     redundant    irredundant
c           MB      restarts         trail        variables
c             level      conflicts        glue        remaining
c 
c B 102.49 1368 43 12 1121 36019 8842 115% 35 261040 817 13%
c ] 102.86 1368 43 12 1121 36726 9367 113% 35 261040 817 13%
c 1 102.86 1368 43 12 1121 36726 9367 113% 35 261040 817 13%
c 
c --- [ writing output ] -----------------------------------------------------
c 
c writing simplified CNF to DIMACS file 'simp/33.cubes3628.adj.simp1'
c * 102.86 1368 43 12 1121 36726 9367 113% 35 261040 817 13%
c opening file to write 'simp/33.cubes3628.adj.simp1'
c writing 'p cnf 6160 261040' header
c closing file 'simp/33.cubes3628.adj.simp1'
c after writing 134982660 bytes 128.7 MB
c wrote 261040 clauses in 0.94 seconds process time
c 
c --- [ writing extension ] --------------------------------------------------
c 
c writing extension stack to 'simp/33.cubes3628.adj.ext1'
c opening file to write 'simp/33.cubes3628.adj.ext1'
c closing file 'simp/33.cubes3628.adj.ext1'
c after writing 90679 bytes 0.1 MB
c wrote 3994 witnesses in 0.00 seconds process time
c 
c --- [ result ] -------------------------------------------------------------
c 
s SATISFIABLE
c 
c --- [ run-time profiling ] -------------------------------------------------
c 
c process time taken by individual solving procedures
c (percentage relative to process time for solving)
c 
c        64.03   76.94% search
c        53.17   63.89% unstable
c        19.64   23.60% parse
c        19.19   23.06% simplify
c        11.67   14.02% probe
c         9.60   11.54% stable
c         4.02    4.83% vivify
c         2.08    2.50% elim
c         0.97    1.17% lucky
c         0.29    0.35% walk
c         0.19    0.23% subsume
c         0.11    0.13% ternary
c   =================================
c        83.22   80.17% solve
c 
c last line shows process time for solving
c (percentage relative to total process time)
c 
c --- [ statistics ] ---------------------------------------------------------
c 
c chronological:              7726        21.04 %  of conflicts
c conflicts:                 36726       441.30    per second
c decisions:                122985      1477.79    per second
c eliminated:                 1382        22.44 %  of all variables
c fixed:                       810        13.15 %  of all variables
c learned:                   35681        97.15 %  per conflict
c learned_lits:            6621874       100.00 %  learned literals
c minimized:                     0         0.00 %  learned literals
c shrunken:                4318750        65.22 %  learned literals
c minishrunken:             406260         6.14 %  learned literals
c propagations:            3966471         0.05 M  per second
c reduced:                   16495        44.91 %  per conflict
c rephased:                      8      4590.75    interval
c restarts:                   1121        32.76    interval
c stabilizing:                   3        42.82 %  of conflicts
c substituted:                   7         0.11 %  of all variables
c subsumed:                  15013         0.45 %  of all clauses
c strengthened:               3163         0.09 %  of all clauses
c ternary:                    2873         0.67 %  of resolved
c vivified:                     46         0.00 %  of all clauses
c walked:                        1     36726.00    interval
c weakened:                   3184         3.09    average size
c 
c seconds are measured in process time for solving
c 
c --- [ resources ] ----------------------------------------------------------
c 
c total process time since initialization:       103.81    seconds
c total real time since initialization:          103.95    seconds
c maximum resident set size of process:         1617.40    MB
c 
c --- [ shutting down ] ------------------------------------------------------
c 
c exit 10
WARNING! DIMACS header mismatch: wrong number of variables.
============================[ Problem Statistics ]=============================
|                                                                             |
|  Number of variables:          3099                                         |
|  Number of clauses:          261040                                         |
|  Parse time:                   1.78 s                                       |
|  Simplification time:          0.03 s                                       |
|                                                                             |
============================[ Search Statistics ]====================================================
| Conflicts |          ORIGINAL         |          LEARNT          | Num Sols |      SUBGRAPHS      |
|           |    Vars  Clauses Literals |    Limit  Clauses Lit/Cl |          | Canonical Noncanon. |
=====================================================================================================
|       105 |    3007   261045 28858148 |     2000      105    147 |        0 |        21         5 |
|       255 |    3007   261045 28858148 |     2000      255    124 |        0 |        36         5 |
|       480 |    3007   261045 28858148 |     2000      480    109 |        0 |        45         5 |
|      1175 |    3007   261403 28863322 |     2000     1175     67 |        0 |       192       363 |
|      1698 |    3007   261420 28863656 |     2000     1698     79 |        0 |       210       380 |
|      2484 |    3007   261447 28864305 |     3601     1485     45 |        0 |       232       407 |
|      5489 |    3007   263313 28887714 |     5004     2693     15 |        0 |       444      2273 |
|      7636 |    3007   263752 28894388 |     5004     4840     47 |        0 |       529      2712 |
|     10311 |    3007   263865 28896382 |     6311     5022     56 |        0 |       561      2825 |
|     15157 |    3007   264867 28910859 |     7556     6713     53 |        0 |       779      3827 |
|     22012 |    3007   265956 28925436 |    10002     5414     29 |        0 |       897      4916 |
|     32283 |    3007   267578 28947426 |    11202    10685     63 |        0 |      1272      6538 |
|     47388 |    3007   269709 28975427 |    14811     7199     15 |        0 |      1653      8669 |
|     69484 |    3007   272344 29014647 |    17210    13894     44 |        0 |      2327     11304 |
|    100256 |    3007   273924 29039144 |    20818    17074     51 |        0 |      2811     12884 |
|    146340 |    3007   276219 29071660 |    25621    17961     52 |        0 |      3288     15179 |
|    214791 |    3007   278986 29109506 |    31608    16399     22 |        0 |      3825     17946 |
|    315428 |    3007   281097 29143860 |    37617    32045     49 |        0 |      4407     20057 |
|    468782 |    3007   286662 29228674 |    46019    41201     57 |        1 |      5449     25621 |
|    698478 |    3007   294675 29380447 |    56814    42292     46 |        3 |      8009     33632 |
|   1036904 |    2997   298392 29446109 |    70004    35308     32 |        3 |     10092     39533 |
|   1537340 |    2992   299029 29461381 |    79843    71583     74 |        3 |     11035     41181 |
=====================================================================================================
Number of solutions   : 3
Canonical subgraphs   : 13680          (11 /sec)
          order  3    : 1              (166667 /sec)
          order  4    : 1              (500000 /sec)
          order  5    : 1              (250000 /sec)
          order  6    : 1              (52632 /sec)
          order  7    : 1              (8333 /sec)
          order  8    : 2              (1359 /sec)
          order  9    : 5              (281 /sec)
          order 10    : 13             (61 /sec)
          order 11    : 58             (18 /sec)
          order 12    : 234            (18 /sec)
          order 13    : 1835           (31 /sec)
          order 14    : 1037           (18 /sec)
          order 15    : 3567           (12 /sec)
          order 16    : 4749           (9 /sec)
          order 17    : 1403           (8 /sec)
          order 18    : 539            (8 /sec)
          order 19    : 151            (6 /sec)
          order 20    : 41             (6 /sec)
          order 21    : 38             (6 /sec)
          order 22    : 3              (1 /sec)
Noncanonical subgraphs: 46178          (166 /sec)
          order  3    : 0              (-nan /sec)
          order  4    : 0              (-nan /sec)
          order  5    : 0              (-nan /sec)
          order  6    : 0              (-nan /sec)
          order  7    : 0              (-nan /sec)
          order  8    : 0              (-nan /sec)
          order  9    : 0              (-nan /sec)
          order 10    : 0              (-nan /sec)
          order 11    : 0              (-nan /sec)
          order 12    : 0              (-nan /sec)
          order 13    : 5246           (7205 /sec)
          order 14    : 17238          (1165 /sec)
          order 15    : 7984           (877 /sec)
          order 16    : 3425           (289 /sec)
          order 17    : 11700          (53 /sec)
          order 18    : 295            (42 /sec)
          order 19    : 253            (37 /sec)
          order 20    : 0              (-nan /sec)
          order 21    : 0              (-nan /sec)
Canonicity checking   : 1227.81 s
Noncanonicity checking: 279.012 s
Total canonicity time : 1506.82 s
database reductions   : 81
restarts              : 4093
conflicts             : 2115483        (915 /sec)
decisions             : 2734632        (0.00 % random) (1183 /sec)
propagations          : 91145997       (39423 /sec)
conflict literals     : 225969494      (56.48 % deleted)
actual reward         : 0.301408
Memory used           : 381.00 MB
CPU time              : 2311.99 s

UNSATISFIABLE
