c --- [ banner ] -------------------------------------------------------------
c 
c CaDiCaL Radically Simplified CDCL SAT Solver
c Copyright (c) 2016-2021 A. Biere, M. Fleury, N. Froleyks
c 
c Version 1.5.2 a5f15211db36c3956764e18194dd5bd63bf3b5e6
c g++ (GCC) 9.3.0 -Wall -Wextra -O3 -DNDEBUG
c Fri Oct 21 01:27:37 EDT 2022 Linux gra-login3 3.10.0-1160.66.1.el7.x86_64 x86_64
c 
c --- [ limit ] --------------------------------------------------------------
c 
c setting conflict limit to 200000 conflicts (due to '200000')
c 
c --- [ parsing input ] ------------------------------------------------------
c 
c reading DIMACS file from '33.cubes1269.adj'
c opening file to read '33.cubes1269.adj'
c found 'p cnf 6160 1595475' header
c parsed 1595475 clauses in 19.24 seconds process time
c closing file '33.cubes1269.adj'
c after reading 1457566774 bytes 1390.0 MB
c 
c --- [ options ] ------------------------------------------------------------
c 
c all options are set to their default value
c 
c --- [ solving ] ------------------------------------------------------------
c 
c time measured in process time since initialization
c 
c  seconds    reductions  redundant   irredundant
c          MB     restarts       trail       variables
c            level   conflicts       glue         remaining
c 
c * 19.24 1365  0 0   0    0    0  0% 0 1595422 2401 39%
c { 19.55 1386  0 0   0    0    0  0% 0 1595422 2401 39%
c i 20.01 1409 1140 0   0   19   18 35% 1 1595422 2386 39%
c i 21.44 1459 912 0   3   41   35 37% 6 1595422 2385 39%
c i 21.80 1464 669 0   5   56   48 35% 12 1595422 2384 39%
c i 21.89 1465 657 0   6   57   48 35% 12 1595422 2383 39%
c i 21.90 1465 645 0   6   58   48 35% 12 1595422 2382 39%
c i 22.24 1476 586 0   7   64   53 34% 13 1595422 2374 39%
c i 22.48 1480 546 0   9   70   58 34% 17 1595422 2347 38%
c i 22.76 1482 528 0  10   73   60 33% 19 1595422 2334 38%
c i 22.91 1484 499 0  11   78   64 33% 22 1595422 2333 38%
c i 24.38 1493 260 0  23  160  112 27% 22 1595422 2332 38%
c i 24.57 1493 252 0  23  166  117 27% 22 1595422 2331 38%
c i 24.72 1494 250 0  23  167  117 27% 21 1595422 2330 38%
c i 24.78 1494 244 0  23  173  121 27% 21 1595422 2329 38%
c i 24.88 1494 235 0  23  180  126 27% 21 1595422 2328 38%
c i 24.89 1494 231 0  23  183  127 27% 21 1595422 2327 38%
c i 24.92 1494 225 0  23  188  130 27% 21 1595422 2326 38%
c i 24.96 1494 219 0  23  204  135 27% 21 1595422 2325 38%
c i 24.98 1494 217 0  23  206  136 27% 21 1595422 2324 38%
c 
c  seconds     reductions  redundant    irredundant
c          MB      restarts       trail        variables
c             level   conflicts       glue          remaining
c 
c i 24.98 1494 216 0  23  207  136 27% 21 1595422 2323 38%
c i 25.07 1494 205 0  23  221  148 27% 21 1595422 2322 38%
c i 25.12 1494 202 0  23  225  151 27% 22 1595422 2321 38%
c i 25.12 1494 201 0  23  226  151 27% 21 1595422 2320 38%
c i 25.78 1499 165 0  28  291  203 27% 22 1595422 2319 38%
c i 25.82 1499 163 0  28  294  205 27% 21 1595422 2318 38%
c i 25.91 1500 162 0  28  298  208 27% 21 1595422 2317 38%
c - 29.79 1490 161 1  28  300  210 27% 21 387011 2317 38%
c i 30.27 1382 149 1  30  344  243 27% 22 387011 2316 38%
c i 30.33 1382 144 1  30  356  254 27% 21 387011 2315 38%
c i 30.51 1382 134 1  30  392  287 28% 21 387011 2314 38%
c i 30.52 1382 130 1  30  406  299 28% 21 387011 2313 38%
c i 30.52 1382 130 1  30  407  299 28% 21 387011 2312 38%
c i 30.52 1382 130 1  30  408  299 28% 21 387011 2311 38%
c i 30.52 1382 130 1  30  409  299 28% 21 387011 2310 38%
c i 30.52 1382 129 1  30  410  299 27% 21 387011 2309 37%
c i 30.52 1382 129 1  30  411  299 27% 21 387011 2308 37%
c i 30.52 1382 128 1  30  413  300 27% 21 387011 2307 37%
c i 30.52 1382 128 1  30  414  300 27% 21 387011 2306 37%
c i 30.52 1382 128 1  30  415  300 27% 20 387011 2305 37%
c 
c  seconds     reductions  redundant   irredundant
c          MB      restarts       trail       variables
c             level   conflicts       glue         remaining
c 
c i 30.52 1382 127 1  30  417  301 27% 20 387011 2304 37%
c i 30.53 1382 127 1  30  418  301 27% 20 387011 2303 37%
c i 30.60 1382 120 1  30  451  327 28% 21 387011 2302 37%
c i 30.60 1382 120 1  30  452  327 28% 21 387011 2301 37%
c i 30.61 1382 120 1  30  454  328 28% 21 387011 2300 37%
c i 30.78 1382 116 1  30  474  346 28% 20 387011 2299 37%
c i 30.78 1382 116 1  30  475  346 28% 20 387011 2298 37%
c i 30.88 1382 114 1  30  486  355 28% 21 387011 2297 37%
c i 30.89 1382 114 1  30  487  355 28% 21 387011 2296 37%
c i 30.89 1382 114 1  30  490  357 28% 21 387011 2295 37%
c i 31.19 1382 101 1  32  572  415 28% 20 387011 2294 37%
c i 31.20 1382 100 1  32  579  421 28% 20 387011 2293 37%
c i 31.20 1382 100 1  32  580  421 28% 20 387011 2292 37%
c i 31.20 1382 100 1  32  581  421 28% 20 387011 2291 37%
c i 31.20 1382 100 1  32  582  421 28% 20 387011 2290 37%
c i 31.28 1382 99 1  32  603  440 28% 20 387011 2281 37%
c i 31.32 1382 99 1  32  612  446 28% 20 387011 2280 37%
c i 31.36 1382 98 1  32  629  455 28% 20 387011 2279 37%
c i 31.37 1382 97 1  32  632  457 28% 20 387011 2278 37%
c i 31.49 1382 92 1  32  690  488 28% 20 387011 2270 37%
c 
c  seconds    reductions  redundant   irredundant
c          MB     restarts       trail       variables
c            level   conflicts       glue         remaining
c 
c i 31.55 1382 90 1  32  712  504 28% 20 387011 2267 37%
c i 31.55 1382 90 1  32  713  504 28% 20 387011 2266 37%
c i 31.55 1382 90 1  32  714  504 28% 20 387011 2265 37%
c i 31.55 1382 90 1  32  715  504 28% 20 387011 2264 37%
c i 31.55 1382 90 1  32  717  505 28% 20 387011 2263 37%
c i 31.56 1382 89 1  32  720  507 28% 20 387011 2262 37%
c i 31.81 1382 88 1  34  745  527 28% 20 387011 2258 37%
c i 32.03 1382 83 1  35  812  576 28% 20 387011 2257 37%
c i 32.14 1383 82 1  38  834  596 28% 20 387011 2256 37%
c i 32.14 1383 82 1  38  835  596 28% 20 387011 2255 37%
c i 32.39 1383 81 1  40  844  604 28% 20 387011 2254 37%
c i 32.50 1383 80 1  40  867  624 28% 20 387011 2253 37%
c i 32.51 1383 80 1  40  868  624 28% 20 387011 2252 37%
c i 32.53 1383 79 1  40  875  630 28% 20 387011 2251 37%
c i 32.57 1383 79 1  40  877  631 28% 20 387011 2250 37%
c i 32.70 1383 76 1  40  911  654 28% 19 387011 2249 37%
c i 32.73 1383 76 1  40  923  662 28% 19 387011 2248 36%
c i 33.07 1383 72 1  40  987  713 28% 19 387011 2247 36%
c i 33.13 1383 71 1  40  997  721 28% 19 387011 2246 36%
c } 33.14 1383 71 1  40 1000  724 28% 19 387011 2246 36%
c 
c  seconds    reductions  redundant  irredundant
c          MB     restarts       trail      variables
c            level   conflicts       glue        remaining
c 
c [ 33.14 1383  0 1  40 1000  724  0% 0 387011 2246 36%
c O 33.15 1383 16 1  40 1005  727 27% 12 387011 2246 36%
c i 33.48 1383 16 1  40 1131  809 29% 13 387011 2245 36%
c i 33.49 1383 16 1  40 1146  816 29% 13 387011 2244 36%
c i 33.49 1383 17 1  40 1158  822 29% 14 387011 2243 36%
c i 33.50 1383 16 1  40 1160  822 29% 13 387011 2242 36%
c i 33.55 1383 17 1  40 1223  862 30% 14 387011 2241 36%
c - 34.27 1538 17 2  40 1253  775 30% 15 386490 2241 36%
c i 34.41 1538 17 2  40 1347  829 30% 15 386490 2240 36%
c i 34.49 1538 20 2  40 1560  963 31% 17 386490 2239 36%
c i 34.50 1538 20 2  40 1604  984 31% 17 386490 2238 36%
c i 34.50 1538 20 2  40 1605  984 31% 17 386490 2237 36%
c i 34.51 1538 19 2  40 1619  990 31% 17 386490 2236 36%
c i 34.52 1538 19 2  40 1646 1011 31% 17 386490 2235 36%
c i 34.52 1538 19 2  40 1647 1011 31% 17 386490 2234 36%
c i 34.61 1538 19 2  40 1796 1084 31% 17 386490 2233 36%
c i 34.65 1538 20 2  40 1839 1121 31% 17 386490 2232 36%
c i 34.68 1538 21 2  40 1930 1185 31% 18 386490 2231 36%
c i 34.69 1538 21 2  40 1955 1202 31% 18 386490 2230 36%
c i 34.81 1538 21 2  41 2241 1374 31% 18 386490 2229 36%
c 
c  seconds    reductions  redundant   irredundant
c          MB     restarts       trail       variables
c            level   conflicts       glue         remaining
c 
c i 34.88 1538 21 2  41 2286 1408 31% 18 386490 2228 36%
c i 34.95 1538 21 2  41 2390 1480 31% 18 386490 2227 36%
c i 34.95 1538 21 2  41 2393 1482 31% 18 386490 2226 36%
c i 35.04 1538 21 2  41 2570 1611 32% 18 386490 2225 36%
c - 35.59 1533 21 3  41 2683 1295 32% 18 386442 2225 36%
c i 35.95 1533 21 3  41 2737 1335 54% 18 386442 2224 36%
c i 36.03 1533 21 3  41 2778 1367 53% 18 386442 2223 36%
c ] 36.17 1533 21 3  41 3000 1508 52% 18 386442 2223 36%
c { 36.17 1533 71 3  41 3000 1508 78% 19 386442 2223 36%
c F 36.19 1533 71 3  41 3006 1513 78% 19 386442 2223 36%
c i 36.53 1533 67 3  41 3077 1566 76% 18 386442 2222 36%
c i 36.59 1533 65 3  41 3119 1594 75% 18 386442 2221 36%
c i 36.65 1533 64 3  41 3167 1634 74% 18 386442 2220 36%
c i 36.69 1533 63 3  41 3180 1644 73% 18 386442 2219 36%
c i 36.72 1533 63 3  41 3204 1657 73% 18 386442 2218 36%
c i 36.77 1533 61 3  41 3265 1711 71% 18 386442 2217 36%
c i 36.77 1533 61 3  41 3267 1712 71% 18 386442 2216 36%
c i 37.04 1533 62 3  52 3321 1765 70% 19 386442 2215 36%
c i 37.11 1533 63 3  55 3333 1774 70% 19 386442 2214 36%
c i 37.34 1533 62 3  66 3377 1808 69% 19 386442 2213 36%
c 
c  seconds    reductions  redundant   irredundant
c          MB     restarts       trail       variables
c            level   conflicts       glue         remaining
c 
c i 37.78 1533 62 3  83 3451 1876 67% 20 386442 2212 36%
c i 37.92 1533 62 3  86 3471 1893 67% 20 386442 2211 36%
c i 38.10 1533 62 3  93 3517 1930 66% 21 386442 2210 36%
c i 38.11 1533 62 3  95 3521 1933 66% 20 386442 2209 36%
c i 38.24 1533 62 3 100 3544 1954 66% 21 386442 2208 36%
c i 38.49 1533 62 3 117 3655 2044 64% 21 386442 2207 36%
c i 38.71 1533 59 3 117 3769 2136 63% 20 386442 2206 36%
c i 38.71 1533 59 3 117 3770 2136 63% 20 386442 2205 36%
c i 38.89 1533 51 3 117 4139 2352 60% 19 386442 2204 36%
c i 38.96 1533 49 3 117 4273 2436 59% 18 386442 2203 36%
c i 38.97 1533 49 3 117 4276 2438 59% 18 386442 2202 36%
c i 39.02 1533 48 3 117 4338 2490 59% 18 386442 2201 36%
c i 39.02 1533 48 3 117 4343 2493 59% 18 386442 2200 36%
c i 39.15 1533 47 3 117 4470 2589 58% 18 386442 2199 36%
c i 39.19 1533 46 3 117 4494 2612 58% 18 386442 2198 36%
c - 39.78 1385 45 4 123 4587 1950 57% 18 386361 2198 36%
c i 40.11 1385 43 4 123 4793 2051 56% 17 386361 2197 36%
c i 40.34 1385 43 4 127 4834 2088 56% 17 386361 2196 36%
c i 40.42 1385 43 4 127 4862 2104 56% 17 386361 2195 36%
c i 40.44 1385 43 4 127 4871 2111 56% 17 386361 2194 36%
c 
c  seconds    reductions  redundant   irredundant
c          MB     restarts       trail       variables
c            level   conflicts       glue         remaining
c 
c d 41.18 1385 41 4 127 5001 2169 56% 17 361925 2178 35%
c 2 41.27 1385 41 4 127 5001 3021 56% 17 361925 2178 35%
c p 48.30 1385 41 4 127 5001 5501 56% 17 361925 2083 34%
c d 48.85 1385 41 4 127 5001 5389 56% 17 360883 2081 34%
c d 48.98 1385 41 4 127 5001 5386 56% 17 339821 2079 34%
c # 50.31 1385 35 4 170 6008 5924 54% 16 339821 2079 34%
c - 55.79 1343 38 5 352 6968 2620 52% 18 339821 2079 34%
c } 55.90 1343 38 5 352 7000 2645 52% 18 339821 2079 34%
c [ 55.90 1343 21 5 352 7000 2645 52% 18 339821 2079 34%
c - 57.36 1343 22 6 354 9727 3114 49% 19 339821 2079 34%
c I 57.63 1343 22 6 354 10012 3321 49% 19 339821 2079 34%
c - 60.58 1343 26 7 356 12943 3470 47% 21 339821 2079 34%
c ] 63.42 1343 26 7 357 15000 4658 48% 22 339821 2079 34%
c { 63.42 1343 38 7 357 15000 4658 52% 18 339821 2079 34%
c 3 63.45 1343 38 7 357 15001 5414 52% 18 339818 2079 34%
c 2 63.51 1343 38 7 357 15001 5504 52% 18 339817 2079 34%
c p 65.29 1343 38 7 357 15001 8042 52% 18 339817 2079 34%
c B 65.48 1343 38 7 357 15015 8055 52% 18 339817 2079 34%
c - 69.78 1343 36 8 504 16620 4405 50% 19 339817 2079 34%
c s 70.82 1343 31 8 512 18753 5560 50% 18 337422 2079 34%
c 
c  seconds    reductions   redundant   irredundant
c          MB     restarts        trail       variables
c            level    conflicts       glue         remaining
c 
c v 77.41 1343 31 8 512 18753 5560 50% 18 337386 2079 34%
c w 77.57 1343 31 8 512 18753 5554 50% 18 337386 2079 34%
c t 77.58 1343 31 8 512 18753 5527 50% 18 337381 2079 34%
c e 78.51 1345 31 8 512 18753 5242 50% 18 334585 595 10%
c s 78.65 1345 31 8 512 18753 5242 50% 18 334244 595 10%
c } 80.47 1345 31 8 535 19205 5559 78% 18 334244 595 10%
c 1 80.47 1345 31 8 535 19205 5559 78% 18 334244 595 10%
c 
c --- [ writing output ] -----------------------------------------------------
c 
c writing simplified CNF to DIMACS file 'simp/33.cubes1269.adj.simp1'
c * 80.47 1345 31 8 535 19205 5559 78% 18 334244 595 10%
c opening file to write 'simp/33.cubes1269.adj.simp1'
c writing 'p cnf 6160 334244' header
c closing file 'simp/33.cubes1269.adj.simp1'
c after writing 122694107 bytes 117.0 MB
c wrote 334244 clauses in 0.84 seconds process time
c 
c --- [ writing extension ] --------------------------------------------------
c 
c writing extension stack to 'simp/33.cubes1269.adj.ext1'
c opening file to write 'simp/33.cubes1269.adj.ext1'
c closing file 'simp/33.cubes1269.adj.ext1'
c after writing 95142 bytes 0.1 MB
c wrote 4246 witnesses in 0.00 seconds process time
c 
c --- [ result ] -------------------------------------------------------------
c 
s SATISFIABLE
c 
c --- [ run-time profiling ] -------------------------------------------------
c 
c process time taken by individual solving procedures
c (percentage relative to process time for solving)
c 
c        42.19   68.90% search
c        31.33   51.16% unstable
c        19.24   31.43% parse
c        19.04   31.10% simplify
c        10.56   17.24% stable
c         8.81   14.39% probe
c         6.73   10.99% vivify
c         1.75    2.85% elim
c         0.30    0.49% lucky
c         0.28    0.46% subsume
c         0.10    0.16% ternary
c   =================================
c        61.23   75.29% solve
c 
c last line shows process time for solving
c (percentage relative to total process time)
c 
c --- [ statistics ] ---------------------------------------------------------
c 
c chronological:              3837        19.98 %  of conflicts
c conflicts:                 19205       313.67    per second
c decisions:                 54070       883.11    per second
c eliminated:                 1484        24.09 %  of all variables
c fixed:                       917        14.89 %  of all variables
c learned:                   18754        97.65 %  per conflict
c learned_lits:            2876597       100.00 %  learned literals
c minimized:                     0         0.00 %  learned literals
c shrunken:                1892002        65.77 %  learned literals
c minishrunken:             183606         6.38 %  learned literals
c propagations:            3006086         0.05 M  per second
c reduced:                    6747        35.13 %  per conflict
c rephased:                      5      3841.00    interval
c restarts:                    535        35.90    interval
c stabilizing:                   2        52.07 %  of conflicts
c substituted:                  20         0.32 %  of all variables
c subsumed:                   9006         0.26 %  of all clauses
c strengthened:               5998         0.17 %  of all clauses
c ternary:                    1704         0.54 %  of resolved
c vivified:                     49         0.00 %  of all clauses
c weakened:                   3329         3.01    average size
c 
c seconds are measured in process time for solving
c 
c --- [ resources ] ----------------------------------------------------------
c 
c total process time since initialization:        81.32    seconds
c total real time since initialization:           81.99    seconds
c maximum resident set size of process:         1687.21    MB
c 
c --- [ shutting down ] ------------------------------------------------------
c 
c exit 10
WARNING! DIMACS header mismatch: wrong number of variables.
============================[ Problem Statistics ]=============================
|                                                                             |
|  Number of variables:          2807                                         |
|  Number of clauses:          334250                                         |
|  Parse time:                   1.57 s                                       |
|  Simplification time:          0.05 s                                       |
|                                                                             |
============================[ Search Statistics ]====================================================
| Conflicts |          ORIGINAL         |          LEARNT          | Num Sols |      SUBGRAPHS      |
|           |    Vars  Clauses Literals |    Limit  Clauses Lit/Cl |          | Canonical Noncanon. |
=====================================================================================================
|       190 |    2709   334340 26979950 |     2000      190     30 |        0 |        77        90 |
|      1443 |    2709   335443 26994862 |     2000     1443     15 |        0 |       258      1193 |
|      3401 |    2709   337176 27015616 |     3602     2403     11 |        0 |       556      2926 |
|      4589 |    2709   338027 27026301 |     3602     3591     13 |        0 |       718      3777 |
|      5571 |    2709   338503 27033013 |     5002     2773     21 |        0 |       826      4253 |
|      6391 |    2709   338564 27034060 |     5002     3593     35 |        0 |       836      4314 |
|     10633 |    2709   341667 27073182 |     6303     5336     18 |        0 |      1257      7417 |
|     21133 |    2709   350459 27174424 |     9996     4529      8 |        0 |      1966     16209 |
=====================================================================================================
Number of solutions   : 0
Canonical subgraphs   : 2119           (51 /sec)
          order  3    : 1              (100000 /sec)
          order  4    : 1              (333333 /sec)
          order  5    : 1              (125000 /sec)
          order  6    : 1              (24390 /sec)
          order  7    : 1              (5405 /sec)
          order  8    : 2              (1002 /sec)
          order  9    : 6              (298 /sec)
          order 10    : 22             (86 /sec)
          order 11    : 82             (48 /sec)
          order 12    : 217            (44 /sec)
          order 13    : 1557           (62 /sec)
          order 14    : 116            (24 /sec)
          order 15    : 30             (30 /sec)
          order 16    : 54             (24 /sec)
          order 17    : 19             (21 /sec)
          order 18    : 9              (24 /sec)
          order 19    : 0              (-nan /sec)
          order 20    : 0              (-nan /sec)
          order 21    : 0              (-nan /sec)
          order 22    : 0              (-nan /sec)
Noncanonical subgraphs: 20329          (408 /sec)
          order  3    : 0              (-nan /sec)
          order  4    : 0              (-nan /sec)
          order  5    : 0              (-nan /sec)
          order  6    : 0              (-nan /sec)
          order  7    : 0              (-nan /sec)
          order  8    : 0              (-nan /sec)
          order  9    : 0              (-nan /sec)
          order 10    : 0              (-nan /sec)
          order 11    : 0              (-nan /sec)
          order 12    : 0              (-nan /sec)
          order 13    : 2986           (2576 /sec)
          order 14    : 16618          (366 /sec)
          order 15    : 547            (234 /sec)
          order 16    : 135            (234 /sec)
          order 17    : 43             (115 /sec)
          order 18    : 0              (-nan /sec)
          order 19    : 0              (-nan /sec)
          order 20    : 0              (-nan /sec)
          order 21    : 0              (-nan /sec)
Canonicity checking   : 41.4594 s
Noncanonicity checking: 49.8594 s
Total canonicity time : 91.3188 s
database reductions   : 7
restarts              : 99
conflicts             : 27791          (273 /sec)
decisions             : 58064          (0.00 % random) (570 /sec)
propagations          : 1122436        (11028 /sec)
conflict literals     : 581983         (53.44 % deleted)
actual reward         : 0.138649
Memory used           : 155.00 MB
CPU time              : 101.782 s

UNSATISFIABLE
