c --- [ banner ] -------------------------------------------------------------
c 
c CaDiCaL Radically Simplified CDCL SAT Solver
c Copyright (c) 2016-2021 A. Biere, M. Fleury, N. Froleyks
c 
c Version 1.5.2 a5f15211db36c3956764e18194dd5bd63bf3b5e6
c g++ (GCC) 9.3.0 -Wall -Wextra -O3 -DNDEBUG
c Fri Oct 21 01:27:37 EDT 2022 Linux gra-login3 3.10.0-1160.66.1.el7.x86_64 x86_64
c 
c --- [ limit ] --------------------------------------------------------------
c 
c setting conflict limit to 200000 conflicts (due to '200000')
c 
c --- [ parsing input ] ------------------------------------------------------
c 
c reading DIMACS file from '33.cubes534.adj'
c opening file to read '33.cubes534.adj'
c found 'p cnf 6160 1595472' header
c parsed 1595472 clauses in 19.44 seconds process time
c closing file '33.cubes534.adj'
c after reading 1457566755 bytes 1390.0 MB
c 
c --- [ options ] ------------------------------------------------------------
c 
c all options are set to their default value
c 
c --- [ solving ] ------------------------------------------------------------
c 
c time measured in process time since initialization
c 
c  seconds    reductions  redundant   irredundant
c          MB     restarts       trail       variables
c            level   conflicts       glue         remaining
c 
c * 19.45 1359  0 0   0    0    0  0% 0 1595422 2323 38%
c { 19.74 1376  0 0   0    0    0  0% 0 1595422 2323 38%
c i 20.94 1438 1186 0   1   20   14 39% 4 1595422 2319 38%
c i 21.66 1459 976 0   3   27   19 38% 12 1595422 2310 38%
c i 22.81 1473 609 0   6   44   33 32% 15 1595422 2309 37%
c i 24.07 1482 447 0  11   62   50 31% 23 1595422 2308 37%
c i 24.16 1482 412 0  12   67   54 31% 22 1595422 2307 37%
c i 24.16 1482 405 0  12   68   54 30% 22 1595422 2306 37%
c i 24.42 1485 384 0  12   72   57 30% 21 1595422 2298 37%
c i 25.01 1487 310 0  12   89   72 29% 19 1595422 2297 37%
c i 25.17 1488 279 0  12  100   79 29% 18 1595422 2296 37%
c i 25.28 1488 252 0  12  112   89 30% 18 1595422 2295 37%
c i 25.40 1489 244 0  12  116   92 29% 18 1595422 2294 37%
c i 25.47 1490 227 0  12  125   98 29% 18 1595422 2293 37%
c i 25.50 1490 226 0  12  126   98 29% 18 1595422 2292 37%
c i 25.57 1490 213 0  12  134  103 29% 18 1595422 2291 37%
c i 25.73 1490 189 0  12  153  115 29% 18 1595422 2290 37%
c i 25.77 1490 181 0  12  160  121 29% 18 1595422 2283 37%
c i 25.92 1491 160 0  12  184  138 29% 18 1595422 2282 37%
c i 26.24 1491 123 0  12  253  185 29% 17 1595422 2281 37%
c 
c  seconds     reductions  redundant    irredundant
c          MB      restarts       trail        variables
c             level   conflicts       glue          remaining
c 
c i 26.26 1491 122 0  12  254  185 29% 17 1595422 2280 37%
c i 26.26 1491 122 0  12  255  185 29% 17 1595422 2279 37%
c i 26.26 1491 121 0  12  256  185 29% 17 1595422 2278 37%
c i 26.26 1491 121 0  12  257  185 29% 17 1595422 2277 37%
c i 26.28 1491 120 0  12  259  186 29% 17 1595422 2276 37%
c i 26.49 1492 118 0  13  271  195 29% 18 1595422 2275 37%
c i 26.61 1492 115 0  14  278  201 29% 18 1595422 2274 37%
c i 26.64 1492 114 0  14  282  204 29% 18 1595422 2273 37%
c i 26.65 1492 113 0  14  285  206 29% 18 1595422 2272 37%
c i 26.69 1492 113 0  14  286  206 29% 17 1595422 2271 37%
c i 26.78 1492 113 0  14  290  207 29% 17 1595422 2266 37%
c - 30.84 1380 116 1  14  301  217 28% 17 267340 2266 37%
c i 31.00 1381 116 1  14  303  218 28% 17 267340 2265 37%
c i 31.05 1381 115 1  14  308  221 28% 17 267340 2264 37%
c i 31.13 1381 113 1  14  318  230 28% 17 267340 2263 37%
c i 31.45 1381 108 1  19  341  250 28% 18 267340 2262 37%
c i 31.46 1381 108 1  20  342  250 28% 18 267340 2261 37%
c i 31.46 1381 108 1  20  344  251 28% 18 267340 2260 37%
c i 31.81 1381 113 1  22  371  270 28% 18 267340 2259 37%
c i 32.12 1381 105 1  27  412  292 28% 18 267340 2258 37%
c 
c  seconds     reductions  redundant   irredundant
c          MB      restarts       trail       variables
c             level   conflicts       glue         remaining
c 
c i 32.27 1381 105 1  27  419  298 28% 18 267340 2257 37%
c i 32.27 1381 105 1  27  422  300 28% 18 267340 2256 37%
c i 32.33 1381 105 1  28  431  307 28% 18 267340 2255 37%
c i 32.37 1381 104 1  30  437  311 28% 18 267340 2254 37%
c i 32.38 1381 103 1  31  438  311 28% 18 267340 2253 37%
c i 32.62 1381 104 1  32  471  336 28% 18 267340 2252 37%
c i 32.78 1381 103 1  35  483  346 28% 19 267340 2251 37%
c i 32.79 1381 103 1  36  485  347 28% 19 267340 2250 37%
c i 32.79 1381 103 1  36  487  348 28% 19 267340 2249 37%
c i 32.79 1381 102 1  37  488  348 28% 18 267340 2248 36%
c i 32.80 1381 102 1  37  489  348 28% 18 267340 2247 36%
c i 32.80 1381 102 1  37  490  348 28% 18 267340 2246 36%
c i 32.80 1381 102 1  38  491  348 28% 18 267340 2245 36%
c i 32.80 1381 101 1  38  492  348 28% 18 267340 2244 36%
c i 32.80 1381 101 1  38  493  348 28% 18 267340 2243 36%
c i 32.86 1381 97 1  38  518  367 28% 18 267340 2242 36%
c i 33.73 1381 89 1  64  628  464 28% 20 267340 2241 36%
c i 34.01 1381 90 1  68  642  475 28% 20 267340 2240 36%
c i 34.01 1381 90 1  68  643  475 28% 20 267340 2239 36%
c i 34.45 1381 90 1  77  682  505 27% 21 267340 2238 36%
c 
c  seconds    reductions  redundant   irredundant
c          MB     restarts       trail       variables
c            level   conflicts       glue         remaining
c 
c i 34.47 1381 90 1  77  684  506 27% 21 267340 2237 36%
c i 34.52 1381 89 1  79  691  512 27% 21 267340 2236 36%
c i 34.58 1381 89 1  80  695  515 27% 21 267340 2235 36%
c i 34.65 1381 89 1  82  702  521 28% 21 267340 2234 36%
c i 34.67 1381 88 1  83  705  523 28% 21 267340 2233 36%
c i 34.71 1381 88 1  85  715  528 28% 21 267340 2232 36%
c i 34.97 1381 86 1  95  753  564 28% 22 267340 2231 36%
c i 35.14 1381 87 1 100  771  580 28% 23 267340 2230 36%
c i 35.16 1381 87 1 101  774  582 28% 23 267340 2229 36%
c i 35.53 1381 87 1 110  816  613 28% 24 267340 2228 36%
c i 35.75 1381 85 1 117  845  638 28% 24 267340 2227 36%
c i 35.77 1381 85 1 118  849  640 28% 25 267340 2226 36%
c i 35.95 1381 85 1 122  862  652 28% 24 267340 2225 36%
c i 36.07 1381 84 1 126  876  662 28% 24 267340 2224 36%
c i 36.23 1381 84 1 129  889  673 28% 25 267340 2223 36%
c i 36.24 1381 84 1 129  891  673 28% 25 267340 2222 36%
c i 36.25 1381 83 1 130  895  675 28% 25 267340 2221 36%
c i 36.26 1381 83 1 131  900  679 28% 24 267340 2220 36%
c i 36.26 1381 83 1 131  901  679 28% 24 267340 2219 36%
c i 36.35 1381 83 1 131  906  682 28% 25 267340 2218 36%
c 
c  seconds    reductions  redundant   irredundant
c          MB     restarts       trail       variables
c            level   conflicts       glue         remaining
c 
c i 36.39 1381 82 1 133  915  688 28% 24 267340 2217 36%
c i 36.42 1381 82 1 133  920  692 28% 24 267340 2216 36%
c i 36.43 1381 82 1 133  924  695 28% 24 267340 2215 36%
c i 36.47 1381 82 1 133  932  700 28% 24 267340 2214 36%
c i 36.47 1381 81 1 133  933  700 28% 24 267340 2213 36%
c i 36.47 1381 81 1 133  934  700 28% 24 267340 2212 36%
c i 36.48 1381 81 1 133  939  704 28% 24 267340 2211 36%
c i 36.54 1381 81 1 133  950  714 28% 24 267340 2210 36%
c i 36.64 1381 80 1 135  975  736 28% 25 267340 2209 36%
c } 36.78 1381 81 1 141 1002  760 28% 25 267340 2209 36%
c [ 36.78 1381  0 1 141 1002  760  0% 0 267340 2209 36%
c O 36.81 1381 17 1 141 1003  761 33% 13 267340 2209 36%
c i 36.84 1381 15 1 141 1009  766 33% 10 267340 2208 36%
c i 36.86 1381 13 1 141 1010  766 33% 9 267340 2207 36%
c i 36.86 1381 13 1 141 1012  767 33% 9 267340 2206 36%
c i 36.89 1381 13 1 141 1022  775 33% 10 267340 2205 36%
c i 36.91 1381 16 1 141 1032  783 33% 12 267340 2204 36%
c i 36.92 1381 18 1 141 1036  786 32% 13 267340 2203 36%
c i 36.92 1381 19 1 141 1040  789 32% 13 267340 2202 36%
c i 36.96 1381 20 1 141 1050  797 32% 15 267340 2201 36%
c 
c  seconds    reductions  redundant   irredundant
c          MB     restarts       trail       variables
c            level   conflicts       glue         remaining
c 
c i 36.96 1381 20 1 141 1054  799 32% 15 267340 2200 36%
c i 36.96 1381 20 1 141 1055  799 32% 15 267340 2199 36%
c i 37.02 1381 23 1 141 1086  821 32% 17 267340 2198 36%
c i 37.06 1381 24 1 141 1110  840 32% 18 267340 2197 36%
c i 37.06 1381 24 1 141 1111  840 32% 18 267340 2196 36%
c i 37.06 1381 23 1 141 1112  840 32% 18 267340 2195 36%
c i 37.06 1381 23 1 141 1113  840 32% 18 267340 2194 36%
c i 37.07 1381 24 1 141 1124  845 32% 18 267340 2193 36%
c - 37.67 1447 24 2 141 1159  755 32% 20 267121 2193 36%
c i 37.82 1447 25 2 141 1193  783 32% 20 267121 2192 36%
c i 37.82 1447 25 2 141 1195  784 32% 20 267121 2191 36%
c i 37.96 1447 27 2 141 1278  844 32% 22 267121 2190 36%
c i 38.13 1447 27 2 141 1502 1005 33% 23 267121 2189 36%
c i 38.19 1447 27 2 141 1563 1033 33% 22 267121 2188 36%
c i 38.23 1447 26 2 141 1618 1066 33% 22 267121 2187 36%
c i 38.65 1447 29 2 141 1968 1320 32% 25 267121 2186 35%
c i 38.77 1447 29 2 142 2132 1424 32% 25 267121 2185 35%
c - 39.41 1445 28 3 142 2443 1249 32% 24 267097 2185 35%
c ] 40.05 1445 26 3 142 3006 1544 49% 23 267097 2185 35%
c { 40.05 1445 81 3 142 3006 1544 78% 25 267097 2185 35%
c 
c  seconds    reductions  redundant   irredundant
c          MB     restarts       trail       variables
c            level   conflicts       glue         remaining
c 
c F 40.08 1445 81 3 142 3007 1544 78% 24 267097 2185 35%
c i 40.08 1445 81 3 142 3007 1544 78% 24 267097 2184 35%
c i 40.08 1445 81 3 142 3008 1544 78% 24 267097 2183 35%
c i 40.30 1445 79 3 142 3051 1579 76% 24 267097 2182 35%
c i 40.53 1445 78 3 151 3114 1635 75% 25 267097 2181 35%
c i 40.82 1445 76 3 167 3182 1689 73% 25 267097 2180 35%
c i 40.88 1445 76 3 170 3190 1696 73% 25 267097 2179 35%
c i 40.96 1445 74 3 171 3224 1716 72% 25 267097 2178 35%
c i 41.01 1445 73 3 171 3247 1733 72% 24 267097 2177 35%
c i 41.24 1445 66 3 171 3484 1902 67% 24 267097 2176 35%
c i 41.38 1445 62 3 188 3653 1981 65% 23 267097 2175 35%
c i 41.48 1445 58 3 188 3801 2066 64% 22 267097 2174 35%
c i 41.56 1445 55 3 188 3925 2136 63% 22 267097 2173 35%
c - 42.25 1350 53 4 197 4155 1604 62% 22 267061 2173 35%
c i 44.05 1350 53 4 254 4510 1902 59% 23 267061 2172 35%
c i 44.07 1350 53 4 255 4514 1904 59% 23 267061 2171 35%
c i 44.43 1350 52 4 271 4626 2000 58% 23 267061 2170 35%
c i 44.94 1350 52 4 288 4791 2144 57% 23 267061 2169 35%
c i 45.12 1350 51 4 298 4848 2192 57% 23 267061 2168 35%
c i 45.31 1350 51 4 302 4934 2258 56% 23 267061 2167 35%
c 
c  seconds    reductions  redundant   irredundant
c          MB     restarts       trail       variables
c            level   conflicts       glue         remaining
c 
c 2 45.86 1350 51 4 306 5000 3463 56% 23 266990 2151 35%
c p 49.33 1350 51 4 306 5000 6502 56% 23 266990 2124 34%
c d 49.61 1350 51 4 306 5000 6483 56% 23 266908 2123 34%
c } 50.49 1350 43 4 308 5929 7055 53% 21 266908 2123 34%
c 1 50.49 1350 43 4 308 5929 7055 53% 21 266908 2123 34%
c 
c --- [ writing output ] -----------------------------------------------------
c 
c writing simplified CNF to DIMACS file 'simp/33.cubes534.adj.simp1'
c * 50.49 1350 43 4 308 5929 7055 53% 21 266908 2123 34%
c opening file to write 'simp/33.cubes534.adj.simp1'
c writing 'p cnf 6160 266908' header
c closing file 'simp/33.cubes534.adj.simp1'
c after writing 102881331 bytes 98.1 MB
c wrote 266908 clauses in 0.77 seconds process time
c 
c --- [ writing extension ] --------------------------------------------------
c 
c writing extension stack to 'simp/33.cubes534.adj.ext1'
c opening file to write 'simp/33.cubes534.adj.ext1'
c closing file 'simp/33.cubes534.adj.ext1'
c after writing 13707 bytes 0.0 MB
c wrote 910 witnesses in 0.00 seconds process time
c 
c --- [ result ] -------------------------------------------------------------
c 
s SATISFIABLE
c 
c --- [ run-time profiling ] -------------------------------------------------
c 
c process time taken by individual solving procedures
c (percentage relative to process time for solving)
c 
c        26.82   86.40% search
c        23.26   74.92% unstable
c        19.44   62.64% parse
c         4.22   13.60% simplify
c         3.47   11.19% probe
c         3.27   10.52% stable
c         0.30    0.95% lucky
c         0.05    0.14% ternary
c   =================================
c        31.04   60.56% solve
c 
c last line shows process time for solving
c (percentage relative to total process time)
c 
c --- [ statistics ] ---------------------------------------------------------
c 
c chronological:              1472        24.83 %  of conflicts
c conflicts:                  5929       191.00    per second
c decisions:                 33802      1088.89    per second
c fixed:                       876        14.22 %  of all variables
c learned:                    5792        97.69 %  per conflict
c learned_lits:             855921       100.00 %  learned literals
c minimized:                     0         0.00 %  learned literals
c shrunken:                 524225        61.25 %  learned literals
c minishrunken:              54074         6.32 %  learned literals
c propagations:            1130716         0.04 M  per second
c reduced:                    1207        20.36 %  per conflict
c rephased:                      2      2964.50    interval
c restarts:                    308        19.25    interval
c stabilizing:                   1        33.80 %  of conflicts
c substituted:                  17         0.28 %  of all variables
c subsumed:                   1597         0.05 %  of all clauses
c ternary:                    1161         0.55 %  of resolved
c weakened:                     34         2.00    average size
c 
c seconds are measured in process time for solving
c 
c --- [ resources ] ----------------------------------------------------------
c 
c total process time since initialization:        51.26    seconds
c total real time since initialization:           51.97    seconds
c maximum resident set size of process:         1543.48    MB
c 
c --- [ shutting down ] ------------------------------------------------------
c 
c exit 10
WARNING! DIMACS header mismatch: wrong number of variables.
============================[ Problem Statistics ]=============================
|                                                                             |
|  Number of variables:          6120                                         |
|  Number of clauses:          266908                                         |
|  Parse time:                   1.37 s                                       |
|  Simplification time:          0.03 s                                       |
|                                                                             |
============================[ Search Statistics ]====================================================
| Conflicts |          ORIGINAL         |          LEARNT          | Num Sols |      SUBGRAPHS      |
|           |    Vars  Clauses Literals |    Limit  Clauses Lit/Cl |          | Canonical Noncanon. |
=====================================================================================================
|       154 |    6021   266962 22524839 |     2000      154     66 |        0 |        30        54 |
|       322 |    6021   266980 22525456 |     2000      322     87 |        0 |        35        72 |
|       627 |    6021   267060 22527227 |     2000      627     67 |        0 |        67       152 |
|      1000 |    6021   267096 22528070 |     2000     1000     73 |        0 |       103       188 |
|      1549 |    6021   267139 22529087 |     2000     1549     70 |        0 |       141       231 |
|      2500 |    6021   267331 22532061 |     3600     1500     40 |        0 |       203       423 |
|      3671 |    6021   267363 22533025 |     3600     2671     63 |        0 |       235       455 |
|      5568 |    6021   267552 22537829 |     5001     2769     43 |        0 |       368       644 |
|      8425 |    6021   267847 22543453 |     6306     3131     40 |        0 |       450       939 |
|     12473 |    6021   268051 22548655 |     7561     4034     42 |        0 |       556      1143 |
|     18438 |    6021   268250 22552987 |     8782     6220     61 |        0 |       650      1342 |
|     28176 |    6021   269339 22573808 |    11196     6572     46 |        0 |      1175      2431 |
|     43172 |    6021   271361 22613783 |    13601     9773     43 |        0 |      2159      4453 |
|     65991 |    6021   274719 22673466 |    17207    10398     37 |        0 |      3131      7811 |
|     97286 |    6021   276822 22707313 |    20813    14099     53 |        0 |      4150      9914 |
|    144674 |    6021   280421 22759599 |    25614    16288     45 |        0 |      5472     13513 |
|    213736 |    6021   283799 22808131 |    31618    15354     35 |        0 |      7121     16891 |
|    317237 |    6021   288774 22889421 |    37608    33845     62 |        0 |      8895     21866 |
|    484025 |    6021   307773 23138282 |    47213    33438     51 |        0 |     17180     40865 |
|    727001 |    6021   329066 23419900 |    58014    42415     49 |        0 |     26940     62158 |
|   1100859 |    6021   370399 23985027 |    71219    64278     55 |        0 |     45067    103491 |
|   1638030 |    6021   408782 24510720 |    88011    48441     33 |        0 |     60173    141874 |
=====================================================================================================
Number of solutions   : 0
Canonical subgraphs   : 82741          (43 /sec)
          order  3    : 1              (166667 /sec)
          order  4    : 1              (500000 /sec)
          order  5    : 1              (200000 /sec)
          order  6    : 1              (55556 /sec)
          order  7    : 1              (7752 /sec)
          order  8    : 2              (1380 /sec)
          order  9    : 7              (352 /sec)
          order 10    : 32             (113 /sec)
          order 11    : 148            (71 /sec)
          order 12    : 849            (56 /sec)
          order 13    : 5083           (65 /sec)
          order 14    : 26862          (54 /sec)
          order 15    : 25416          (42 /sec)
          order 16    : 12350          (35 /sec)
          order 17    : 7125           (32 /sec)
          order 18    : 3755           (32 /sec)
          order 19    : 643            (33 /sec)
          order 20    : 235            (44 /sec)
          order 21    : 229            (43 /sec)
          order 22    : 0              (-nan /sec)
Noncanonical subgraphs: 186927         (396 /sec)
          order  3    : 0              (-nan /sec)
          order  4    : 0              (-nan /sec)
          order  5    : 0              (-nan /sec)
          order  6    : 0              (-nan /sec)
          order  7    : 0              (-nan /sec)
          order  8    : 0              (-nan /sec)
          order  9    : 0              (-nan /sec)
          order 10    : 0              (-nan /sec)
          order 11    : 0              (-nan /sec)
          order 12    : 0              (-nan /sec)
          order 13    : 21262          (2555 /sec)
          order 14    : 33151          (3209 /sec)
          order 15    : 127006         (306 /sec)
          order 16    : 5109           (158 /sec)
          order 17    : 55             (373 /sec)
          order 18    : 69             (12055 /sec)
          order 19    : 21             (4015 /sec)
          order 20    : 1              (105 /sec)
          order 21    : 0              (-nan /sec)
Canonicity checking   : 1920.18 s
Noncanonicity checking: 472.299 s
Total canonicity time : 2392.48 s
database reductions   : 87
restarts              : 4095
conflicts             : 2428610        (589 /sec)
decisions             : 3134200        (0.00 % random) (760 /sec)
propagations          : 294979764      (71503 /sec)
conflict literals     : 216009670      (52.12 % deleted)
actual reward         : 0.102341
Memory used           : 389.00 MB
CPU time              : 4125.39 s

UNSATISFIABLE
