c --- [ banner ] -------------------------------------------------------------
c 
c CaDiCaL Radically Simplified CDCL SAT Solver
c Copyright (c) 2016-2021 A. Biere, M. Fleury, N. Froleyks
c 
c Version 1.5.2 a5f15211db36c3956764e18194dd5bd63bf3b5e6
c g++ (GCC) 9.3.0 -Wall -Wextra -O3 -DNDEBUG
c Fri Oct 21 01:27:37 EDT 2022 Linux gra-login3 3.10.0-1160.66.1.el7.x86_64 x86_64
c 
c --- [ limit ] --------------------------------------------------------------
c 
c setting conflict limit to 200000 conflicts (due to '200000')
c 
c --- [ parsing input ] ------------------------------------------------------
c 
c reading DIMACS file from '33.cubes2688.adj'
c opening file to read '33.cubes2688.adj'
c found 'p cnf 6160 1595478' header
c parsed 1595478 clauses in 18.00 seconds process time
c closing file '33.cubes2688.adj'
c after reading 1457566795 bytes 1390.0 MB
c 
c --- [ options ] ------------------------------------------------------------
c 
c all options are set to their default value
c 
c --- [ solving ] ------------------------------------------------------------
c 
c time measured in process time since initialization
c 
c  seconds    reductions  redundant   irredundant
c          MB     restarts       trail       variables
c            level   conflicts       glue         remaining
c 
c * 18.00 1381  0 0   0    0    0  0% 0 1595422 2340 38%
c { 19.07 1433  0 0   0    0    0  0% 0 1595422 2340 38%
c i 22.23 1501 366 0   5   59   40 27% 8 1595422 2333 38%
c i 24.32 1521 208 0  22  130   98 27% 23 1595422 2318 38%
c i 24.50 1522 190 0  27  149  114 27% 24 1595422 2309 37%
c i 24.51 1522 189 0  27  150  114 27% 24 1595422 2303 37%
c i 25.15 1526 181 0  32  179  134 27% 28 1595422 2287 37%
c i 25.20 1526 180 0  33  180  134 27% 27 1595422 2286 37%
c i 25.20 1526 179 0  33  181  134 27% 27 1595422 2285 37%
c i 25.21 1526 178 0  33  182  134 27% 27 1595422 2284 37%
c i 25.21 1526 177 0  34  183  134 27% 27 1595422 2283 37%
c i 25.21 1526 176 0  34  184  134 27% 27 1595422 2282 37%
c i 25.22 1526 175 0  34  185  134 27% 27 1595422 2281 37%
c i 25.26 1526 173 0  35  187  135 27% 26 1595422 2270 37%
c i 25.29 1526 171 0  35  189  136 27% 26 1595422 2269 37%
c i 25.55 1527 168 0  38  207  152 27% 27 1595422 2266 37%
c i 25.76 1527 165 0  40  218  161 27% 27 1595422 2265 37%
c i 26.07 1529 159 0  45  234  176 27% 27 1595422 2264 37%
c i 26.92 1530 142 0  60  291  232 27% 32 1595422 2263 37%
c - 30.81 1498 140 1  62  300  233 27% 32 321795 2263 37%
c 
c  seconds     reductions  redundant   irredundant
c          MB      restarts       trail       variables
c             level   conflicts       glue         remaining
c 
c i 31.16 1354 133 1  68  323  253 27% 32 321795 2262 37%
c i 31.35 1354 132 1  71  335  262 27% 32 321795 2261 37%
c i 31.41 1354 133 1  72  345  270 27% 34 321795 2260 37%
c i 31.41 1354 133 1  73  346  270 27% 34 321795 2259 37%
c i 31.66 1354 129 1  81  377  296 27% 35 321795 2258 37%
c i 31.71 1354 128 1  83  383  301 27% 35 321795 2257 37%
c i 31.71 1354 128 1  83  386  303 27% 34 321795 2256 37%
c i 31.90 1354 126 1  86  399  315 27% 34 321795 2255 37%
c i 32.03 1354 119 1  86  427  340 27% 33 321795 2254 37%
c i 32.42 1354 119 1  90  456  364 27% 34 321795 2253 37%
c i 32.48 1354 120 1  92  462  368 27% 35 321795 2252 37%
c i 32.50 1354 120 1  93  464  369 27% 34 321795 2251 37%
c i 32.59 1354 122 1  95  471  375 27% 35 321795 2250 37%
c i 32.69 1354 122 1  98  479  381 27% 35 321795 2249 37%
c i 33.50 1355 117 1 108  558  445 27% 35 321795 2248 36%
c i 33.56 1355 116 1 108  563  449 27% 34 321795 2247 36%
c i 33.61 1355 115 1 108  573  458 27% 34 321795 2246 36%
c i 33.64 1355 114 1 108  576  460 27% 34 321795 2245 36%
c i 33.76 1355 113 1 108  585  467 27% 34 321795 2244 36%
c i 33.86 1355 111 1 108  613  487 27% 34 321795 2243 36%
c 
c  seconds     reductions  redundant   irredundant
c          MB      restarts       trail       variables
c             level   conflicts       glue         remaining
c 
c i 33.90 1355 110 1 108  614  487 27% 34 321795 2242 36%
c i 33.90 1355 110 1 108  616  488 27% 34 321795 2241 36%
c i 34.52 1356 105 1 110  701  560 27% 34 321795 2240 36%
c i 34.71 1356 103 1 112  733  589 27% 34 321795 2239 36%
c i 34.90 1356 97 1 112  831  662 28% 34 321795 2238 36%
c i 34.94 1356 96 1 114  846  673 28% 34 321795 2237 36%
c i 34.94 1356 96 1 114  848  674 28% 34 321795 2236 36%
c i 34.94 1356 95 1 114  849  674 28% 34 321795 2235 36%
c i 34.97 1356 95 1 114  862  685 28% 34 321795 2234 36%
c i 34.98 1356 94 1 114  863  685 28% 34 321795 2233 36%
c i 35.03 1356 93 1 114  884  704 28% 33 321795 2232 36%
c i 35.08 1356 93 1 115  898  717 28% 34 321795 2231 36%
c i 35.15 1356 93 1 119  910  727 28% 34 321795 2230 36%
c i 35.70 1356 93 1 126  944  755 28% 35 321795 2229 36%
c i 35.73 1356 92 1 129  954  760 28% 35 321795 2228 36%
c } 35.94 1356 91 1 136 1001  804 28% 35 321795 2228 36%
c [ 35.94 1356  0 1 136 1001  804  0% 0 321795 2228 36%
c O 35.95 1356  2 1 136 1002  805 15% 2 321795 2228 36%
c i 36.14 1356 22 1 136 1020  822 32% 17 321795 2227 36%
c i 36.22 1356 24 1 136 1027  828 33% 19 321795 2226 36%
c 
c  seconds    reductions  redundant   irredundant
c          MB     restarts       trail       variables
c            level   conflicts       glue         remaining
c 
c i 36.26 1356 29 1 136 1038  836 33% 23 321795 2225 36%
c i 36.28 1356 29 1 136 1044  838 33% 24 321795 2224 36%
c i 36.28 1356 29 1 136 1045  838 33% 24 321795 2223 36%
c i 36.28 1356 28 1 136 1046  838 33% 23 321795 2222 36%
c i 36.31 1356 28 1 136 1056  842 33% 23 321795 2221 36%
c i 36.32 1356 27 1 136 1065  846 32% 23 321795 2220 36%
c i 36.32 1356 27 1 136 1070  847 32% 22 321795 2219 36%
c i 36.32 1356 26 1 136 1073  848 32% 22 321795 2218 36%
c i 36.33 1356 26 1 136 1074  848 32% 21 321795 2217 36%
c i 36.33 1356 25 1 136 1076  849 32% 21 321795 2216 36%
c i 36.36 1356 28 1 136 1111  873 32% 22 321795 2215 36%
c i 36.37 1356 28 1 136 1127  884 32% 23 321795 2214 36%
c i 36.45 1356 31 1 136 1192  923 32% 25 321795 2213 36%
c i 36.46 1356 31 1 136 1204  933 32% 25 321795 2212 36%
c - 37.06 1485 31 2 136 1204  834 32% 25 321642 2212 36%
c i 37.08 1485 30 2 136 1205  834 32% 25 321642 2211 36%
c i 37.28 1485 33 2 136 1411  957 32% 28 321642 2210 36%
c i 37.31 1485 33 2 136 1432  977 32% 27 321642 2209 36%
c i 37.32 1485 32 2 136 1436  978 32% 27 321642 2208 36%
c i 37.41 1485 29 2 136 1602 1070 32% 24 321642 2207 36%
c 
c  seconds    reductions  redundant   irredundant
c          MB     restarts       trail       variables
c            level   conflicts       glue         remaining
c 
c i 37.43 1485 29 2 136 1632 1082 32% 24 321642 2206 36%
c i 37.46 1485 28 2 136 1706 1110 32% 23 321642 2205 36%
c i 37.53 1485 26 2 136 1866 1199 32% 22 321642 2204 36%
c i 37.53 1485 26 2 136 1868 1197 32% 22 321642 2203 36%
c i 37.72 1485 24 2 137 2405 1494 32% 20 321642 2202 36%
c - 38.09 1482 23 3 137 2563 1169 32% 20 321612 2202 36%
c ] 38.48 1482 22 3 137 2794 1275 54% 19 321612 2202 36%
c 1 38.48 1482 22 3 137 2794 1275 54% 19 321612 2202 36%
c 
c --- [ writing output ] -----------------------------------------------------
c 
c writing simplified CNF to DIMACS file 'simp/33.cubes2688.adj.simp1'
c * 38.48 1482 22 3 137 2794 1275 54% 19 321612 2202 36%
c opening file to write 'simp/33.cubes2688.adj.simp1'
c writing 'p cnf 6160 321612' header
c closing file 'simp/33.cubes2688.adj.simp1'
c after writing 146545357 bytes 139.8 MB
c wrote 321612 clauses in 1.04 seconds process time
c 
c --- [ writing extension ] --------------------------------------------------
c 
c writing extension stack to 'simp/33.cubes2688.adj.ext1'
c opening file to write 'simp/33.cubes2688.adj.ext1'
c closing file 'simp/33.cubes2688.adj.ext1'
c after writing 12024 bytes 0.0 MB
c wrote 814 witnesses in 0.00 seconds process time
c 
c --- [ result ] -------------------------------------------------------------
c 
s SATISFIABLE
c 
c --- [ run-time profiling ] -------------------------------------------------
c 
c process time taken by individual solving procedures
c (percentage relative to process time for solving)
c 
c        20.47  100.00% search
c        18.00   87.91% parse
c        16.87   82.39% unstable
c         2.54   12.39% stable
c         1.07    5.22% lucky
c         0.00    0.00% simplify
c   =================================
c        20.47   51.82% solve
c 
c last line shows process time for solving
c (percentage relative to total process time)
c 
c --- [ statistics ] ---------------------------------------------------------
c 
c chronological:               771        27.59 %  of conflicts
c conflicts:                  2794       136.46    per second
c decisions:                 22578      1102.73    per second
c fixed:                       814        13.21 %  of all variables
c learned:                    2714        97.14 %  per conflict
c learned_lits:             467906       100.00 %  learned literals
c minimized:                     0         0.00 %  learned literals
c shrunken:                 354170        75.69 %  learned literals
c minishrunken:              12119         2.59 %  learned literals
c propagations:             451241         0.02 M  per second
c reduced:                     503        18.00 %  per conflict
c rephased:                      1      2794.00    interval
c restarts:                    137        20.39    interval
c stabilizing:                   1        64.17 %  of conflicts
c subsumed:                    852         0.03 %  of all clauses
c 
c seconds are measured in process time for solving
c 
c --- [ resources ] ----------------------------------------------------------
c 
c total process time since initialization:        39.51    seconds
c total real time since initialization:           39.55    seconds
c maximum resident set size of process:         1610.64    MB
c 
c --- [ shutting down ] ------------------------------------------------------
c 
c exit 10
WARNING! DIMACS header mismatch: wrong number of variables.
============================[ Problem Statistics ]=============================
|                                                                             |
|  Number of variables:          6120                                         |
|  Number of clauses:          321612                                         |
|  Parse time:                   1.89 s                                       |
|  Simplification time:          0.04 s                                       |
|                                                                             |
============================[ Search Statistics ]====================================================
| Conflicts |          ORIGINAL         |          LEARNT          | Num Sols |      SUBGRAPHS      |
|           |    Vars  Clauses Literals |    Limit  Clauses Lit/Cl |          | Canonical Noncanon. |
=====================================================================================================
|       128 |    6021   321640 31510581 |     2000      125     48 |        0 |        39        28 |
|       377 |    6017   321739 31512035 |     2000      371     57 |        0 |        82       127 |
|       632 |    6015   321769 31512587 |     2000      624     66 |        0 |        93       157 |
|      1013 |    6012   321813 31513540 |     2000     1002     77 |        0 |       111       201 |
|      1525 |    6011   321819 31513821 |     2000     1513     94 |        0 |       114       207 |
|      2456 |    6007   321991 31516865 |     3592     1448     50 |        0 |       168       379 |
|      4619 |    6005   323015 31531182 |     4995     1814     12 |        0 |       368      1403 |
|      6742 |    6003   323430 31538025 |     4995     3935     49 |        0 |       497      1818 |
|      9531 |    6002   323657 31541307 |     6300     4230     48 |        0 |       581      2045 |
|     13644 |    6000   323926 31545627 |     7549     5193     52 |        0 |       674      2314 |
|     20293 |    5998   324809 31559640 |     8783     8076     63 |        0 |       933      3197 |
|     32286 |    5997   328153 31604151 |    11203    10688     55 |        0 |      1377      6541 |
|     45417 |    5997   328310 31606446 |    13605    12022     57 |        0 |      1473      6698 |
|     68767 |    5996   332199 31658147 |    17207    13174     51 |        0 |      2084     10587 |
|     99293 |    5996   333533 31681340 |    20822    16115     55 |        0 |      2465     11921 |
|    146932 |    5994   337383 31732069 |    25615    18547     48 |        0 |      3255     15771 |
|    216061 |    5994   340828 31775414 |    31614    17675     31 |        0 |      4256     19216 |
=====================================================================================================
Number of solutions   : 0
Canonical subgraphs   : 4712           (10 /sec)
          order  3    : 1              (142857 /sec)
          order  4    : 1              (500000 /sec)
          order  5    : 1              (200000 /sec)
          order  6    : 1              (55556 /sec)
          order  7    : 1              (8696 /sec)
          order  8    : 2              (1362 /sec)
          order  9    : 6              (315 /sec)
          order 10    : 14             (66 /sec)
          order 11    : 60             (17 /sec)
          order 12    : 348            (8 /sec)
          order 13    : 820            (9 /sec)
          order 14    : 549            (16 /sec)
          order 15    : 802            (11 /sec)
          order 16    : 1454           (10 /sec)
          order 17    : 418            (9 /sec)
          order 18    : 193            (8 /sec)
          order 19    : 38             (9 /sec)
          order 20    : 2              (11 /sec)
          order 21    : 1              (9 /sec)
          order 22    : 0              (-nan /sec)
Noncanonical subgraphs: 21778          (291 /sec)
          order  3    : 0              (-nan /sec)
          order  4    : 0              (-nan /sec)
          order  5    : 0              (-nan /sec)
          order  6    : 0              (-nan /sec)
          order  7    : 0              (-nan /sec)
          order  8    : 0              (-nan /sec)
          order  9    : 0              (-nan /sec)
          order 10    : 0              (-nan /sec)
          order 11    : 0              (-nan /sec)
          order 12    : 0              (-nan /sec)
          order 13    : 2584           (4509 /sec)
          order 14    : 11988          (532 /sec)
          order 15    : 3174           (851 /sec)
          order 16    : 1405           (542 /sec)
          order 17    : 2512           (59 /sec)
          order 18    : 114            (47 /sec)
          order 19    : 0              (-nan /sec)
          order 20    : 0              (-nan /sec)
          order 21    : 0              (-nan /sec)
Canonicity checking   : 471.192 s
Noncanonicity checking: 74.7681 s
Total canonicity time : 545.96 s
database reductions   : 27
restarts              : 660
conflicts             : 279842         (390 /sec)
decisions             : 411005         (0.00 % random) (573 /sec)
propagations          : 30505555       (42513 /sec)
conflict literals     : 26057823       (52.56 % deleted)
actual reward         : 0.120147
Memory used           : 371.00 MB
CPU time              : 717.565 s

UNSATISFIABLE
