c --- [ banner ] -------------------------------------------------------------
c 
c CaDiCaL Radically Simplified CDCL SAT Solver
c Copyright (c) 2016-2021 A. Biere, M. Fleury, N. Froleyks
c 
c Version 1.5.2 a5f15211db36c3956764e18194dd5bd63bf3b5e6
c g++ (GCC) 9.3.0 -Wall -Wextra -O3 -DNDEBUG
c Fri Oct 21 01:27:37 EDT 2022 Linux gra-login3 3.10.0-1160.66.1.el7.x86_64 x86_64
c 
c --- [ limit ] --------------------------------------------------------------
c 
c setting conflict limit to 200000 conflicts (due to '200000')
c 
c --- [ parsing input ] ------------------------------------------------------
c 
c reading DIMACS file from '33.cubes4025.adj'
c opening file to read '33.cubes4025.adj'
c found 'p cnf 6160 1595474' header
c parsed 1595474 clauses in 19.39 seconds process time
c closing file '33.cubes4025.adj'
c after reading 1457566770 bytes 1390.0 MB
c 
c --- [ options ] ------------------------------------------------------------
c 
c all options are set to their default value
c 
c --- [ solving ] ------------------------------------------------------------
c 
c time measured in process time since initialization
c 
c  seconds    reductions  redundant   irredundant
c          MB     restarts       trail       variables
c            level   conflicts       glue         remaining
c 
c * 19.39 1385  0 0   0    0    0  0% 0 1595422 2325 38%
c { 20.50 1441  0 0   0    0    0  0% 0 1595422 2325 38%
c i 22.61 1499 528 0   4   39   34 31% 12 1595422 2324 38%
c i 22.68 1501 501 0   5   41   35 31% 12 1595422 2323 38%
c i 23.20 1507 345 0   8   63   52 29% 10 1595422 2306 37%
c i 23.69 1509 239 0   8   92   74 27% 10 1595422 2305 37%
c i 23.92 1512 208 0  10  107   85 27% 11 1595422 2304 37%
c i 24.41 1516 191 0  15  126  103 27% 16 1595422 2303 37%
c i 24.46 1517 190 0  15  129  105 27% 16 1595422 2302 37%
c i 24.82 1519 170 0  22  154  126 28% 19 1595422 2301 37%
c i 24.98 1521 164 0  26  173  138 27% 27 1595422 2300 37%
c i 25.71 1524 151 0  36  213  176 28% 30 1595422 2298 37%
c - 30.54 1463 133 1  55  300  248 28% 32 246349 2298 37%
c i 30.70 1430 132 1  57  310  256 28% 33 246349 2297 37%
c i 30.71 1430 132 1  58  312  257 28% 33 246349 2296 37%
c i 30.85 1430 126 1  59  355  290 28% 32 246349 2295 37%
c i 30.86 1430 126 1  59  357  291 28% 32 246349 2294 37%
c i 31.06 1430 93 1  62  591  479 29% 28 246349 2293 37%
c i 31.07 1430 92 1  62  598  484 29% 28 246349 2292 37%
c i 31.49 1430 78 1  70  866  696 29% 28 246349 2291 37%
c 
c  seconds    reductions  redundant   irredundant
c          MB     restarts       trail       variables
c            level   conflicts       glue         remaining
c 
c i 31.98 1431 79 1  96  977  796 29% 31 246349 2290 37%
c i 32.03 1431 78 1 100  991  809 29% 31 246349 2283 37%
c i 32.05 1431 78 1 102  996  813 29% 31 246349 2282 37%
c } 32.08 1431 78 1 103 1000  817 29% 30 246349 2282 37%
c [ 32.08 1431  0 1 103 1000  817  0% 0 246349 2282 37%
c O 32.08 1431 44 1 103 1002  818 20% 3 246349 2282 37%
c i 32.08 1431 44 1 103 1002  818 20% 3 246349 2271 37%
c i 32.21 1431 21 1 103 1024  837 31% 13 246349 2270 37%
c - 32.67 1518 22 2 103 1135  806 32% 17 209923 2270 37%
c i 32.96 1518 22 2 103 1841 1301 32% 18 209923 2269 37%
c ] 32.97 1518 22 2 103 1860 1318 32% 18 209923 2269 37%
c 1 32.97 1518 22 2 103 1860 1318 32% 18 209923 2269 37%
c 
c --- [ writing output ] -----------------------------------------------------
c 
c writing simplified CNF to DIMACS file 'simp/33.cubes4025.adj.simp1'
c * 32.97 1518 22 2 103 1860 1318 32% 18 209923 2269 37%
c opening file to write 'simp/33.cubes4025.adj.simp1'
c writing 'p cnf 6160 209920' header
c closing file 'simp/33.cubes4025.adj.simp1'
c after writing 100703886 bytes 96.0 MB
c wrote 209920 clauses in 0.75 seconds process time
c 
c --- [ writing extension ] --------------------------------------------------
c 
c writing extension stack to 'simp/33.cubes4025.adj.ext1'
c opening file to write 'simp/33.cubes4025.adj.ext1'
c closing file 'simp/33.cubes4025.adj.ext1'
c after writing 11060 bytes 0.0 MB
c wrote 747 witnesses in 0.00 seconds process time
c 
c --- [ result ] -------------------------------------------------------------
c 
s SATISFIABLE
c 
c --- [ run-time profiling ] -------------------------------------------------
c 
c process time taken by individual solving procedures
c (percentage relative to process time for solving)
c 
c        19.39  142.76% parse
c        13.58  100.00% search
c        11.58   85.25% unstable
c         1.11    8.15% lucky
c         0.90    6.59% stable
c         0.00    0.00% simplify
c   =================================
c        13.58   40.27% solve
c 
c last line shows process time for solving
c (percentage relative to total process time)
c 
c --- [ statistics ] ---------------------------------------------------------
c 
c chronological:               570        30.65 %  of conflicts
c conflicts:                  1860       136.95    per second
c decisions:                 19140      1409.30    per second
c fixed:                       747        12.13 %  of all variables
c learned:                    1790        96.24 %  per conflict
c learned_lits:             305781       100.00 %  learned literals
c minimized:                     0         0.00 %  learned literals
c shrunken:                 162027        52.99 %  learned literals
c minishrunken:              32222        10.54 %  learned literals
c propagations:             302698         0.02 M  per second
c reduced:                     108         5.81 %  per conflict
c rephased:                      1      1860.00    interval
c restarts:                    103        18.06    interval
c stabilizing:                   1        46.24 %  of conflicts
c subsumed:                    337         0.01 %  of all clauses
c 
c seconds are measured in process time for solving
c 
c --- [ resources ] ----------------------------------------------------------
c 
c total process time since initialization:        33.72    seconds
c total real time since initialization:           33.81    seconds
c maximum resident set size of process:         1525.62    MB
c 
c --- [ shutting down ] ------------------------------------------------------
c 
c exit 10
WARNING! DIMACS header mismatch: wrong number of variables.
============================[ Problem Statistics ]=============================
|                                                                             |
|  Number of variables:          6120                                         |
|  Number of clauses:          209920                                         |
|  Parse time:                   1.33 s                                       |
|  Simplification time:          0.02 s                                       |
|                                                                             |
============================[ Search Statistics ]====================================================
| Conflicts |          ORIGINAL         |          LEARNT          | Num Sols |      SUBGRAPHS      |
|           |    Vars  Clauses Literals |    Limit  Clauses Lit/Cl |          | Canonical Noncanon. |
=====================================================================================================
|       102 |    6026   209922 21812653 |     2000      101     47 |        0 |        24         2 |
|       771 |    6025   210441 21823445 |     2000      769     26 |        0 |       194       521 |
|      1022 |    6023   210467 21824028 |     2000     1018     41 |        0 |       200       547 |
|      1378 |    6019   210486 21824435 |     2000     1370     62 |        0 |       208       566 |
|      2035 |    6017   210637 21827009 |     3595     1030     20 |        0 |       260       717 |
|      8181 |    6017   216024 21930013 |     6308     2889     13 |        0 |      1725      6104 |
|     11346 |    6017   218050 21970406 |     6308     6054     32 |        0 |      2413      8130 |
|     13126 |    6015   218122 21972192 |     7563     4688     44 |        0 |      2441      8202 |
|     15832 |    6013   218266 21976371 |     7563     7392     72 |        0 |      2492      8346 |
|     22308 |    6012   220898 22022966 |     9998     5705     26 |        0 |      2971     10978 |
|     32079 |    6011   224903 22102548 |    11204    10483     34 |        0 |      4127     14983 |
|     40827 |    6010   225002 22106140 |    13610     7437     31 |        0 |      4169     15082 |
|     54797 |    6008   225998 22123684 |    14810    14605     69 |        0 |      4353     16078 |
|     75419 |    6008   227159 22145648 |    18411    11230     35 |        0 |      4606     17239 |
|    107453 |    6008   230001 22204619 |    22008    13861     44 |        0 |      5277     20081 |
|    152084 |    6008   230843 22222523 |    25609    23693     77 |        0 |      5576     20923 |
|    222475 |    6008   235495 22297487 |    31610    24085     68 |        0 |      6449     25630 |
|    350507 |    6008   265001 22782327 |    40010    28917     57 |        0 |     11705     55136 |
|    499143 |    6008   265848 22801175 |    48422    24965     34 |        0 |     11984     55983 |
|    721956 |    6008   266978 22827112 |    58015    37371     55 |        0 |     12425     57113 |
|   1075963 |    6008   288460 23270314 |    71221    39384     41 |        4 |     17220     78591 |
|   1633008 |    6007   346714 24558493 |    88022    43430     27 |        6 |     29369    136846 |
|   2425221 |    6007   390745 25566960 |   107228    59649     37 |        6 |     38000    180877 |
|   3633399 |    6007   476649 27432040 |   131229    81828     43 |        6 |     51396    266781 |
|   5444594 |    6007   604433 29602023 |   160022   153016     72 |       10 |     68542    394561 |
|   8044520 |    5996   676907 30758171 |   194781   189301     67 |       10 |     83930    469371 |
=====================================================================================================
Number of solutions   : 10
Canonical subgraphs   : 91696          (11 /sec)
          order  3    : 1              (142857 /sec)
          order  4    : 1              (500000 /sec)
          order  5    : 1              (250000 /sec)
          order  6    : 1              (52632 /sec)
          order  7    : 1              (8850 /sec)
          order  8    : 2              (1274 /sec)
          order  9    : 7              (351 /sec)
          order 10    : 33             (116 /sec)
          order 11    : 148            (37 /sec)
          order 12    : 919            (14 /sec)
          order 13    : 3799           (6 /sec)
          order 14    : 28124          (12 /sec)
          order 15    : 50679          (12 /sec)
          order 16    : 4761           (7 /sec)
          order 17    : 2672           (7 /sec)
          order 18    : 472            (6 /sec)
          order 19    : 38             (5 /sec)
          order 20    : 13             (7 /sec)
          order 21    : 14             (8 /sec)
          order 22    : 10             (1 /sec)
Noncanonical subgraphs: 510127         (128 /sec)
          order  3    : 0              (-nan /sec)
          order  4    : 0              (-nan /sec)
          order  5    : 0              (-nan /sec)
          order  6    : 0              (-nan /sec)
          order  7    : 0              (-nan /sec)
          order  8    : 0              (-nan /sec)
          order  9    : 0              (-nan /sec)
          order 10    : 0              (-nan /sec)
          order 11    : 0              (-nan /sec)
          order 12    : 0              (-nan /sec)
          order 13    : 15205          (4359 /sec)
          order 14    : 123775         (986 /sec)
          order 15    : 79970          (661 /sec)
          order 16    : 288772         (78 /sec)
          order 17    : 2082           (66 /sec)
          order 18    : 283            (47 /sec)
          order 19    : 35             (22 /sec)
          order 20    : 0              (-nan /sec)
          order 21    : 0              (-nan /sec)
Canonicity checking   : 8644.09 s
Noncanonicity checking: 3996.03 s
Total canonicity time : 12640.1 s
database reductions   : 177
restarts              : 16122
conflicts             : 9762795        (588 /sec)
decisions             : 12899359       (0.00 % random) (777 /sec)
propagations          : 1089303148     (65639 /sec)
conflict literals     : 1064973961     (56.85 % deleted)
actual reward         : 0.112877
Memory used           : 505.00 MB
CPU time              : 16595.4 s

UNSATISFIABLE
