c --- [ banner ] -------------------------------------------------------------
c 
c CaDiCaL Radically Simplified CDCL SAT Solver
c Copyright (c) 2016-2021 A. Biere, M. Fleury, N. Froleyks
c 
c Version 1.5.2 a5f15211db36c3956764e18194dd5bd63bf3b5e6
c g++ (GCC) 9.3.0 -Wall -Wextra -O3 -DNDEBUG
c Fri Oct 21 01:27:37 EDT 2022 Linux gra-login3 3.10.0-1160.66.1.el7.x86_64 x86_64
c 
c --- [ limit ] --------------------------------------------------------------
c 
c setting conflict limit to 200000 conflicts (due to '200000')
c 
c --- [ parsing input ] ------------------------------------------------------
c 
c reading DIMACS file from '33.cubes2600.adj'
c opening file to read '33.cubes2600.adj'
c found 'p cnf 6160 1595475' header
c parsed 1595475 clauses in 18.52 seconds process time
c closing file '33.cubes2600.adj'
c after reading 1457566775 bytes 1390.0 MB
c 
c --- [ options ] ------------------------------------------------------------
c 
c all options are set to their default value
c 
c --- [ solving ] ------------------------------------------------------------
c 
c time measured in process time since initialization
c 
c  seconds    reductions  redundant   irredundant
c          MB     restarts       trail       variables
c            level   conflicts       glue         remaining
c 
c * 18.52 1378  0 0   0    0    0  0% 0 1595422 2380 39%
c { 19.52 1425  0 0   0    0    0  0% 0 1595422 2380 39%
c i 20.15 1454 1321 0   0    7    6 42% 3 1595422 2377 39%
c i 22.31 1493 487 0   6   68   48 30% 11 1595422 2366 38%
c i 22.46 1495 450 0   8   73   52 30% 12 1595422 2365 38%
c i 24.00 1507 226 0  24  152  116 28% 23 1595422 2364 38%
c i 24.23 1508 210 0  29  166  128 28% 23 1595422 2363 38%
c i 24.34 1509 198 0  30  179  139 28% 23 1595422 2362 38%
c i 24.46 1509 190 0  33  188  147 28% 24 1595422 2361 38%
c i 24.47 1509 188 0  34  189  147 28% 23 1595422 2360 38%
c i 24.48 1509 187 0  34  190  147 28% 23 1595422 2359 38%
c i 24.76 1509 165 0  38  226  176 28% 23 1595422 2358 38%
c i 25.16 1509 142 0  38  275  214 28% 22 1595422 2357 38%
c i 25.17 1509 142 0  38  276  214 28% 22 1595422 2356 38%
c i 25.17 1509 141 0  38  277  214 28% 22 1595422 2355 38%
c i 25.33 1510 139 0  39  286  222 28% 23 1595422 2354 38%
c i 25.38 1510 136 0  39  294  229 28% 23 1595422 2353 38%
c - 28.99 1441 134 1  39  300  234 28% 22 314735 2353 38%
c i 29.16 1413 131 1  39  309  241 28% 22 314735 2352 38%
c i 29.16 1413 130 1  39  310  241 28% 22 314735 2351 38%
c 
c  seconds     reductions  redundant   irredundant
c          MB      restarts       trail       variables
c             level   conflicts       glue         remaining
c 
c i 29.40 1413 128 1  39  321  251 28% 22 314735 2350 38%
c i 31.16 1414 112 1  66  438  350 28% 25 314735 2349 38%
c i 32.01 1415 108 1  79  489  396 28% 26 314735 2348 38%
c i 32.06 1415 107 1  81  494  400 28% 26 314735 2347 38%
c i 32.19 1415 106 1  82  504  407 28% 26 314735 2346 38%
c i 32.20 1415 106 1  82  507  409 28% 26 314735 2345 38%
c i 32.83 1415 90 1  87  627  467 26% 24 314735 2344 38%
c i 32.85 1415 90 1  87  628  467 26% 23 314735 2343 38%
c i 32.87 1415 90 1  87  630  468 26% 23 314735 2342 38%
c i 32.87 1415 90 1  87  632  468 26% 23 314735 2340 38%
c i 32.95 1415 90 1  87  647  479 26% 23 314735 2339 38%
c i 33.04 1415 90 1  87  657  486 26% 24 314735 2338 38%
c i 33.14 1415 90 1  89  665  492 26% 24 314735 2337 38%
c i 33.30 1415 87 1  90  689  509 27% 24 314735 2336 38%
c i 33.40 1415 87 1  91  696  515 27% 24 314735 2335 38%
c i 33.59 1415 87 1  95  713  525 27% 25 314735 2334 38%
c i 33.64 1415 87 1  96  720  531 27% 25 314735 2333 38%
c i 33.67 1415 87 1  97  723  533 27% 25 314735 2332 38%
c i 33.77 1415 86 1 101  736  542 27% 25 314735 2331 38%
c i 35.12 1416 85 1 125  828  625 27% 27 314735 2328 38%
c 
c  seconds    reductions  redundant   irredundant
c          MB     restarts       trail       variables
c            level   conflicts       glue         remaining
c 
c i 35.30 1416 85 1 128  839  634 27% 27 314735 2327 38%
c i 35.51 1416 85 1 135  870  661 27% 28 314735 2326 38%
c } 36.39 1417 80 1 151 1000  768 27% 28 314735 2326 38%
c [ 36.39 1417  0 1 151 1000  768  0% 0 314735 2326 38%
c O 36.40 1417 24 1 151 1002  770 23% 4 314735 2326 38%
c i 36.68 1417 19 1 151 1073  835 30% 14 314735 2325 38%
c i 36.68 1417 19 1 151 1074  835 30% 13 314735 2324 38%
c i 36.68 1417 18 1 151 1079  838 30% 13 314735 2323 38%
c i 36.72 1417 18 1 151 1096  852 30% 13 314735 2322 38%
c i 36.77 1417 18 1 151 1126  876 31% 13 314735 2321 38%
c i 36.81 1417 19 1 151 1161  904 31% 14 314735 2320 38%
c - 37.40 1559 19 2 151 1202  819 31% 15 314636 2320 38%
c i 37.57 1559 19 2 151 1250  854 31% 15 314636 2319 38%
c i 37.67 1559 19 2 151 1321  906 31% 15 314636 2318 38%
c i 37.94 1559 21 2 151 1664 1183 32% 17 314636 2317 38%
c i 38.44 1559 21 2 152 2506 1768 32% 18 314636 2316 38%
c i 38.45 1559 21 2 152 2514 1771 32% 18 314636 2315 38%
c - 38.84 1558 21 3 152 2550 1366 32% 18 314621 2315 38%
c i 39.16 1558 21 3 152 2606 1408 54% 18 314621 2314 38%
c i 39.34 1558 21 3 152 2798 1530 54% 18 314621 2313 38%
c 
c  seconds    reductions  redundant   irredundant
c          MB     restarts       trail       variables
c            level   conflicts       glue         remaining
c 
c i 39.34 1558 21 3 152 2800 1531 54% 18 314621 2312 38%
c i 39.34 1558 21 3 152 2803 1533 54% 18 314621 2311 38%
c i 39.44 1558 21 3 152 2986 1670 55% 18 314621 2310 38%
c ] 39.45 1558 21 3 152 3001 1680 55% 18 314621 2310 38%
c { 39.45 1558 80 3 152 3001 1680 72% 28 314621 2310 38%
c F 39.56 1558 80 3 152 3007 1685 72% 28 314621 2310 38%
c i 39.79 1558 74 3 152 3122 1789 70% 26 314621 2309 37%
c i 40.23 1558 60 3 155 3510 2099 65% 23 314621 2308 37%
c i 40.48 1558 61 3 163 3543 2126 65% 25 314621 2307 37%
c i 40.89 1558 61 3 173 3591 2163 64% 25 314621 2305 37%
c i 41.54 1558 60 3 185 3680 2232 63% 25 314621 2304 37%
c i 41.83 1558 60 3 186 3747 2288 62% 25 314621 2303 37%
c i 42.68 1558 60 3 202 3873 2401 61% 25 314621 2302 37%
c i 42.86 1558 59 3 202 3927 2449 61% 25 314621 2301 37%
c i 43.29 1558 59 3 206 4016 2528 60% 25 314621 2300 37%
c i 43.39 1558 58 3 206 4039 2549 60% 25 314621 2299 37%
c i 43.78 1558 58 3 208 4131 2627 59% 24 314621 2298 37%
c i 43.97 1558 58 3 211 4150 2645 59% 24 314621 2297 37%
c - 45.54 1418 59 4 254 4348 2066 58% 26 314567 2297 37%
c i 45.55 1418 59 4 254 4350 2066 58% 26 314567 2295 37%
c 
c  seconds    reductions  redundant   irredundant
c          MB     restarts       trail       variables
c            level   conflicts       glue         remaining
c 
c i 47.00 1418 57 4 288 4877 2508 56% 26 314567 2294 37%
c i 47.02 1418 57 4 288 4896 2526 56% 26 314567 2293 37%
c i 47.12 1418 56 4 288 4950 2573 56% 26 314567 2292 37%
c d 47.73 1418 56 4 289 5000 2603 55% 26 314519 2279 37%
c 2 47.81 1418 56 4 289 5000 3821 55% 26 314508 2279 37%
c p 54.88 1418 56 4 289 5000 6788 55% 26 314508 2209 36%
c d 55.41 1418 56 4 289 5000 6506 55% 26 313885 2208 36%
c # 56.68 1418 48 4 293 6011 7216 54% 24 313885 2208 36%
c - 57.54 1419 45 5 293 6596 2716 53% 24 313885 2208 36%
c } 57.84 1419 43 5 293 7002 3012 53% 23 313885 2208 36%
c [ 57.84 1419 21 5 293 7002 3012 55% 18 313885 2208 36%
c - 59.08 1419 26 6 295 9290 3114 52% 22 313885 2208 36%
c I 59.55 1419 25 6 295 10012 3599 52% 21 313885 2208 36%
c - 67.70 1419 23 7 297 12436 3525 50% 20 313885 2208 36%
c ] 72.63 1419 24 7 298 15002 5253 49% 20 313885 2208 36%
c { 72.63 1419 43 7 298 15002 5253 53% 23 313885 2208 36%
c p 74.97 1419 43 7 298 15002 9114 53% 23 313885 2208 36%
c B 75.20 1419 43 7 300 15015 9124 53% 23 313885 2208 36%
c - 78.02 1419 41 8 343 16029 4508 53% 23 313885 2208 36%
c s 86.90 1420 42 8 609 18779 6503 51% 24 311971 2208 36%
c 
c  seconds    reductions   redundant   irredundant
c          MB     restarts        trail       variables
c            level    conflicts       glue         remaining
c 
c v 92.38 1420 42 8 609 18779 6503 51% 24 311961 2208 36%
c t 92.54 1420 42 8 609 18779 6489 51% 24 311950 2208 36%
c e 93.32 1421 42 8 609 18779 6000 51% 24 309320 861 14%
c s 93.43 1421 42 8 609 18779 5999 51% 24 308707 861 14%
c - 96.02 1421 39 9 614 20071 5002 70% 23 308707 861 14%
c W 97.50 1421 38 9 646 21018 5675 71% 23 308707 861 14%
c - 100.56 1421 36 10 788 24540 5550 73% 22 308707 861 14%
c } 101.11 1421 34 10 788 25514 6157 73% 22 308707 861 14%
c 1 101.11 1421 34 10 788 25514 6157 73% 22 308707 861 14%
c 
c --- [ writing output ] -----------------------------------------------------
c 
c writing simplified CNF to DIMACS file 'simp/33.cubes2600.adj.simp1'
c * 101.11 1421 34 10 788 25514 6157 73% 22 308707 861 14%
c opening file to write 'simp/33.cubes2600.adj.simp1'
c writing 'p cnf 6160 308707' header
c closing file 'simp/33.cubes2600.adj.simp1'
c after writing 144302367 bytes 137.6 MB
c wrote 308707 clauses in 0.88 seconds process time
c 
c --- [ writing extension ] --------------------------------------------------
c 
c writing extension stack to 'simp/33.cubes2600.adj.ext1'
c opening file to write 'simp/33.cubes2600.adj.ext1'
c closing file 'simp/33.cubes2600.adj.ext1'
c after writing 87357 bytes 0.1 MB
c wrote 3892 witnesses in 0.00 seconds process time
c 
c --- [ result ] -------------------------------------------------------------
c 
s SATISFIABLE
c 
c --- [ run-time profiling ] -------------------------------------------------
c 
c process time taken by individual solving procedures
c (percentage relative to process time for solving)
c 
c        64.72   78.37% search
c        45.65   55.27% unstable
c        18.52   22.42% parse
c        17.87   21.63% simplify
c        17.84   21.60% stable
c         9.33   11.30% probe
c         5.60    6.78% vivify
c         1.46    1.76% elim
c         1.00    1.21% lucky
c         0.23    0.28% walk
c         0.21    0.25% subsume
c         0.10    0.12% ternary
c   =================================
c        82.59   80.98% solve
c 
c last line shows process time for solving
c (percentage relative to total process time)
c 
c --- [ statistics ] ---------------------------------------------------------
c 
c chronological:              5155        20.20 %  of conflicts
c conflicts:                 25514       308.93    per second
c decisions:                 84477      1022.87    per second
c eliminated:                 1347        21.87 %  of all variables
c fixed:                       794        12.89 %  of all variables
c learned:                   24903        97.61 %  per conflict
c learned_lits:            4634022       100.00 %  learned literals
c minimized:                     0         0.00 %  learned literals
c shrunken:                2611123        56.35 %  learned literals
c minishrunken:             489631        10.57 %  learned literals
c propagations:            3416425         0.04 M  per second
c reduced:                   11713        45.91 %  per conflict
c rephased:                      6      4252.33    interval
c restarts:                    788        32.38    interval
c stabilizing:                   2        39.20 %  of conflicts
c substituted:                  14         0.23 %  of all variables
c subsumed:                   9077         0.27 %  of all clauses
c strengthened:               5041         0.15 %  of all clauses
c ternary:                    2411         0.58 %  of resolved
c vivified:                     20         0.00 %  of all clauses
c walked:                        1     25514.00    interval
c weakened:                   3098         3.01    average size
c 
c seconds are measured in process time for solving
c 
c --- [ resources ] ----------------------------------------------------------
c 
c total process time since initialization:       101.99    seconds
c total real time since initialization:          107.81    seconds
c maximum resident set size of process:         1700.40    MB
c 
c --- [ shutting down ] ------------------------------------------------------
c 
c exit 10
WARNING! DIMACS header mismatch: wrong number of variables.
============================[ Problem Statistics ]=============================
|                                                                             |
|  Number of variables:          3251                                         |
|  Number of clauses:          308707                                         |
|  Parse time:                   2.04 s                                       |
|  Simplification time:          0.06 s                                       |
|                                                                             |
============================[ Search Statistics ]====================================================
| Conflicts |          ORIGINAL         |          LEARNT          | Num Sols |      SUBGRAPHS      |
|           |    Vars  Clauses Literals |    Limit  Clauses Lit/Cl |          | Canonical Noncanon. |
=====================================================================================================
|       100 |    3160   308707 31201786 |     2000      100    115 |        0 |        11         0 |
|       372 |    3160   308829 31203148 |     2000      372     60 |        0 |        62       122 |
|      1006 |    3160   309238 31209826 |     2000     1006     47 |        0 |       204       531 |
|      1394 |    3160   309289 31210821 |     2000     1394     59 |        0 |       228       582 |
|      2060 |    3160   309449 31213170 |     3600     1060     23 |        0 |       291       742 |
|      3201 |    3160   309831 31218012 |     3600     2201     44 |        0 |       350      1124 |
|      4705 |    3160   310196 31224225 |     5002     1907     25 |        0 |       526      1489 |
|      6480 |    3160   310263 31225781 |     5002     3682     64 |        0 |       552      1556 |
|      9339 |    3160   310560 31230452 |     6302     4041     48 |        0 |       667      1853 |
|     14438 |    3160   311815 31249237 |     7555     5993     47 |        0 |      1018      3108 |
|     22179 |    3160   313790 31280757 |     9995     5574     26 |        3 |      1669      5080 |
|     31435 |    3160   314397 31293408 |    11206     9841     55 |        3 |      1832      5687 |
|     44642 |    3160   314630 31297125 |    13614    11256     59 |        3 |      2083      5920 |
|     64428 |    3160   314955 31302176 |    17218     8846     38 |        3 |      2293      6245 |
|     95660 |    3160   316995 31339878 |    20823    12483     51 |        3 |      2805      8285 |
|    141772 |    3160   319318 31379433 |    25614    13386     33 |        3 |      3574     10608 |
|    210489 |    3160   322351 31429522 |    30411    27300     61 |        3 |      4686     13641 |
|    315206 |    3160   328542 31521120 |    37615    31821     67 |        3 |      6442     19832 |
|    470769 |    3160   336316 31625515 |    46011    43180     68 |        3 |      9429     27606 |
|    708611 |    3149   331592 31512859 |    56822    43438     72 |        3 |     12806     43765 |
=====================================================================================================
Number of solutions   : 3
Canonical subgraphs   : 17920          (14 /sec)
          order  3    : 1              (200000 /sec)
          order  4    : 1              (500000 /sec)
          order  5    : 1              (250000 /sec)
          order  6    : 1              (50000 /sec)
          order  7    : 1              (8065 /sec)
          order  8    : 2              (1280 /sec)
          order  9    : 7              (325 /sec)
          order 10    : 25             (89 /sec)
          order 11    : 115            (28 /sec)
          order 12    : 607            (19 /sec)
          order 13    : 2792           (20 /sec)
          order 14    : 2311           (23 /sec)
          order 15    : 2620           (17 /sec)
          order 16    : 4762           (12 /sec)
          order 17    : 2825           (10 /sec)
          order 18    : 1393           (9 /sec)
          order 19    : 310            (10 /sec)
          order 20    : 76             (10 /sec)
          order 21    : 67             (10 /sec)
          order 22    : 3              (1 /sec)
Noncanonical subgraphs: 59009          (301 /sec)
          order  3    : 0              (-nan /sec)
          order  4    : 0              (-nan /sec)
          order  5    : 0              (-nan /sec)
          order  6    : 0              (-nan /sec)
          order  7    : 0              (-nan /sec)
          order  8    : 0              (-nan /sec)
          order  9    : 0              (-nan /sec)
          order 10    : 0              (-nan /sec)
          order 11    : 0              (-nan /sec)
          order 12    : 0              (-nan /sec)
          order 13    : 5380           (6855 /sec)
          order 14    : 32998          (925 /sec)
          order 15    : 3743           (954 /sec)
          order 16    : 7367           (483 /sec)
          order 17    : 8957           (74 /sec)
          order 18    : 490            (38 /sec)
          order 19    : 3              (202 /sec)
          order 20    : 1              (114 /sec)
          order 21    : 0              (-nan /sec)
Canonicity checking   : 1300.28 s
Noncanonicity checking: 196.286 s
Total canonicity time : 1496.56 s
database reductions   : 55
restarts              : 2046
conflicts             : 1025568        (501 /sec)
decisions             : 1363071        (0.00 % random) (666 /sec)
propagations          : 46620184       (22763 /sec)
conflict literals     : 105861227      (54.76 % deleted)
actual reward         : 0.286874
Memory used           : 380.00 MB
CPU time              : 2048.1 s

UNSATISFIABLE
