c --- [ banner ] -------------------------------------------------------------
c 
c CaDiCaL Radically Simplified CDCL SAT Solver
c Copyright (c) 2016-2021 A. Biere, M. Fleury, N. Froleyks
c 
c Version 1.5.2 a5f15211db36c3956764e18194dd5bd63bf3b5e6
c g++ (GCC) 9.3.0 -Wall -Wextra -O3 -DNDEBUG
c Fri Oct 21 01:27:37 EDT 2022 Linux gra-login3 3.10.0-1160.66.1.el7.x86_64 x86_64
c 
c --- [ limit ] --------------------------------------------------------------
c 
c setting conflict limit to 200000 conflicts (due to '200000')
c 
c --- [ parsing input ] ------------------------------------------------------
c 
c reading DIMACS file from '33.cubes1392.adj'
c opening file to read '33.cubes1392.adj'
c found 'p cnf 6160 1595476' header
c parsed 1595476 clauses in 19.76 seconds process time
c closing file '33.cubes1392.adj'
c after reading 1457566781 bytes 1390.0 MB
c 
c --- [ options ] ------------------------------------------------------------
c 
c all options are set to their default value
c 
c --- [ solving ] ------------------------------------------------------------
c 
c time measured in process time since initialization
c 
c  seconds    reductions  redundant   irredundant
c          MB     restarts       trail       variables
c            level   conflicts       glue         remaining
c 
c * 19.76 1365  0 0   0    0    0  0% 0 1595422 2412 39%
c { 20.82 1417  0 0   0    0    0  0% 0 1595422 2412 39%
c i 21.02 1422 927 0   0   23   14 31% 2 1595422 2403 39%
c i 23.13 1481 443 0   5   75   48 30% 12 1595422 2398 39%
c i 23.85 1485 340 0   6   95   63 29% 13 1595422 2397 39%
c i 24.98 1489 160 0  10  217  157 29% 12 1595422 2396 39%
c i 25.10 1489 141 0  10  245  163 29% 11 1595422 2395 39%
c - 28.90 1399 116 1  10  301  203 29% 10 257830 2395 39%
c i 29.15 1356 108 1  10  327  219 29% 10 257830 2394 39%
c i 29.19 1356 108 1  11  333  222 29% 11 257830 2392 39%
c i 29.42 1356 104 1  19  359  242 29% 13 257830 2391 39%
c i 29.47 1356 103 1  20  363  245 29% 13 257830 2390 39%
c i 29.55 1356 102 1  22  367  247 29% 13 257830 2389 39%
c i 29.67 1356 101 1  25  378  255 29% 13 257830 2387 39%
c i 29.85 1356 100 1  30  398  273 29% 13 257830 2386 39%
c i 30.41 1356 92 1  50  484  330 28% 15 257830 2385 39%
c i 30.42 1356 92 1  52  492  335 28% 15 257830 2384 39%
c i 30.43 1356 91 1  52  493  335 28% 15 257830 2383 39%
c i 30.43 1356 91 1  53  495  336 28% 15 257830 2382 39%
c i 30.55 1356 92 1  56  512  349 28% 17 257830 2381 39%
c 
c  seconds    reductions  redundant   irredundant
c          MB     restarts       trail       variables
c            level   conflicts       glue         remaining
c 
c i 30.55 1356 91 1  57  515  351 28% 17 257830 2380 39%
c i 30.59 1356 91 1  59  523  358 28% 17 257830 2379 39%
c i 30.62 1356 91 1  61  529  363 28% 17 257830 2378 39%
c i 30.65 1356 91 1  62  531  364 28% 17 257830 2377 39%
c i 30.75 1356 94 1  64  556  377 28% 17 257830 2373 39%
c i 30.78 1356 94 1  66  561  381 28% 17 257830 2372 39%
c i 30.78 1356 94 1  66  562  381 28% 17 257830 2371 38%
c i 30.96 1356 95 1  71  580  397 28% 18 257830 2370 38%
c i 30.96 1356 95 1  72  581  397 28% 18 257830 2369 38%
c i 30.97 1356 95 1  72  582  397 28% 18 257830 2368 38%
c i 30.97 1356 94 1  72  583  397 28% 18 257830 2367 38%
c i 30.97 1356 94 1  73  585  398 28% 18 257830 2366 38%
c i 31.00 1356 94 1  74  588  400 28% 18 257830 2365 38%
c i 31.06 1356 94 1  75  595  406 28% 18 257830 2364 38%
c i 31.27 1357 93 1  78  609  418 28% 18 257830 2357 38%
c i 31.36 1357 94 1  82  628  431 28% 19 257830 2355 38%
c i 31.43 1357 94 1  85  640  440 28% 20 257830 2351 38%
c i 31.60 1357 93 1  92  671  467 28% 21 257830 2350 38%
c i 31.60 1357 92 1  93  674  469 28% 21 257830 2349 38%
c i 31.61 1357 92 1  94  677  471 28% 21 257830 2334 38%
c 
c  seconds    reductions  redundant   irredundant
c          MB     restarts       trail       variables
c            level   conflicts       glue         remaining
c 
c i 31.67 1357 92 1  96  684  477 27% 20 257830 2289 37%
c i 31.67 1357 91 1  97  686  478 27% 20 257830 2288 37%
c i 31.68 1357 91 1  97  688  479 27% 20 257830 2287 37%
c i 31.68 1357 91 1  98  689  479 27% 20 257830 2286 37%
c i 31.83 1357 88 1  99  721  505 28% 20 257830 2285 37%
c i 31.86 1357 86 1  99  741  519 28% 20 257830 2284 37%
c i 31.91 1357 85 1  99  757  533 28% 20 257830 2275 37%
c i 31.91 1357 84 1  99  758  533 27% 20 257830 2274 37%
c i 31.97 1357 84 1  99  770  541 27% 20 257830 2272 37%
c i 31.98 1357 84 1  99  775  544 27% 20 257830 2271 37%
c i 32.00 1357 83 1  99  785  553 27% 19 257830 2270 37%
c i 32.00 1357 83 1  99  786  553 27% 19 257830 2269 37%
c i 32.00 1357 82 1  99  789  555 27% 19 257830 2268 37%
c i 32.00 1357 82 1  99  792  557 27% 19 257830 2267 37%
c i 32.00 1357 82 1  99  795  558 27% 19 257830 2266 37%
c i 32.01 1357 81 1  99  801  563 27% 19 257830 2265 37%
c i 32.01 1357 81 1  99  802  563 27% 19 257830 2264 37%
c i 32.03 1357 80 1  99  813  572 27% 19 257830 2263 37%
c i 32.15 1357 75 1  99  883  611 28% 18 257830 2262 37%
c i 32.22 1357 73 1  99  919  625 28% 18 257830 2261 37%
c 
c  seconds    reductions  redundant   irredundant
c          MB     restarts       trail       variables
c            level   conflicts       glue         remaining
c 
c i 32.24 1357 72 1  99  930  635 28% 18 257830 2260 37%
c i 32.24 1357 72 1  99  932  636 28% 18 257830 2259 37%
c i 32.24 1357 72 1  99  934  637 28% 18 257830 2258 37%
c i 32.26 1357 73 1  99  937  638 28% 18 257830 2256 37%
c i 32.61 1357 72 1 107  988  678 28% 18 257830 2255 37%
c i 32.61 1357 72 1 107  989  678 28% 18 257830 2254 37%
c } 32.64 1357 71 1 107 1002  686 28% 18 257830 2254 37%
c [ 32.64 1357  0 1 107 1002  686  0% 0 257830 2254 37%
c O 32.64 1357  3 1 107 1003  687 13% 1 257830 2254 37%
c i 32.64 1357  2 1 107 1004  687 13% 0 257830 2241 36%
c i 32.64 1357  2 1 107 1005  687 13% 0 257830 2233 36%
c i 32.86 1357 23 1 107 1048  726 29% 17 257830 2232 36%
c i 32.93 1357 25 1 107 1091  753 30% 19 257830 2231 36%
c - 33.60 1443 24 2 107 1148  703 30% 20 219143 2231 36%
c i 33.76 1443 23 2 107 1226  756 30% 19 219143 2230 36%
c i 33.82 1443 22 2 107 1305  791 30% 18 219143 2229 36%
c i 33.96 1443 21 2 107 1557  928 31% 18 219143 2228 36%
c i 33.96 1443 21 2 107 1559  929 31% 18 219143 2227 36%
c i 33.97 1443 21 2 107 1576  939 31% 18 219143 2226 36%
c i 33.99 1443 21 2 107 1629  979 31% 18 219143 2225 36%
c 
c  seconds    reductions  redundant   irredundant
c          MB     restarts       trail       variables
c            level   conflicts       glue         remaining
c 
c i 34.40 1443 19 2 108 2251 1257 31% 16 219143 2224 36%
c - 34.66 1442 19 3 108 2355  989 31% 16 219122 2224 36%
c i 35.22 1442 18 3 108 2721 1196 49% 16 219122 2223 36%
c i 35.32 1442 18 3 108 2882 1283 49% 15 219122 2222 36%
c i 35.35 1442 18 3 108 2899 1295 49% 15 219122 2221 36%
c i 35.40 1442 18 3 108 2984 1341 50% 15 219122 2220 36%
c ] 35.42 1442 18 3 108 3002 1355 50% 15 219122 2220 36%
c { 35.42 1442 71 3 108 3002 1355 76% 18 219122 2220 36%
c F 35.43 1442 71 3 108 3004 1357 76% 18 219122 2220 36%
c i 35.54 1442 68 3 108 3049 1391 74% 17 219122 2219 36%
c i 35.54 1442 68 3 108 3054 1395 74% 17 219122 2218 36%
c i 35.64 1442 68 3 110 3088 1424 73% 18 219122 2217 36%
c i 35.65 1442 68 3 110 3089 1424 73% 18 219122 2216 36%
c i 35.82 1442 66 3 126 3179 1477 70% 18 219122 2215 36%
c i 35.88 1442 66 3 127 3194 1490 70% 18 219122 2214 36%
c i 35.95 1442 66 3 132 3216 1508 69% 19 219122 2213 36%
c i 36.25 1442 66 3 152 3310 1583 67% 19 219122 2212 36%
c i 36.26 1442 66 3 152 3314 1585 67% 19 219122 2211 36%
c i 36.29 1442 65 3 152 3333 1599 67% 19 219122 2210 36%
c i 36.71 1442 55 3 158 3746 1928 62% 19 219122 2209 36%
c 
c  seconds    reductions  redundant   irredundant
c          MB     restarts       trail       variables
c            level   conflicts       glue         remaining
c 
c - 37.79 1439 57 4 210 3963 1627 60% 20 219077 2209 36%
c i 38.23 1439 57 4 239 4156 1794 58% 21 219077 2208 36%
c i 38.47 1439 54 4 248 4373 1941 56% 20 219077 2207 36%
c i 38.87 1439 54 4 271 4581 2091 54% 20 219077 2206 36%
c d 39.62 1439 49 4 280 5001 2343 53% 19 208296 2197 36%
c 2 39.67 1439 49 4 280 5001 3350 53% 19 208288 2196 36%
c p 41.42 1439 49 4 280 5001 6206 53% 19 208288 2154 35%
c d 41.72 1439 49 4 280 5001 6118 53% 19 208037 2152 35%
c - 42.40 1358 41 5 280 5973 2401 52% 17 208037 2152 35%
c # 42.47 1358 41 5 280 6005 2428 52% 17 208037 2152 35%
c } 45.17 1358 40 5 402 7003 3207 50% 18 208037 2152 35%
c [ 45.17 1358 18 5 402 7003 3207 50% 15 208037 2152 35%
c - 46.21 1358 18 6 403 8348 3079 49% 16 208037 2152 35%
c ] 46.83 1358 19 6 404 9568 3971 50% 16 208037 2152 35%
c 1 46.83 1358 19 6 404 9568 3971 50% 16 208037 2152 35%
c 
c --- [ writing output ] -----------------------------------------------------
c 
c writing simplified CNF to DIMACS file 'simp/33.cubes1392.adj.simp1'
c * 46.83 1358 19 6 404 9568 3971 50% 16 208037 2152 35%
c opening file to write 'simp/33.cubes1392.adj.simp1'
c writing 'p cnf 6160 208037' header
c closing file 'simp/33.cubes1392.adj.simp1'
c after writing 86243787 bytes 82.2 MB
c wrote 208037 clauses in 0.63 seconds process time
c 
c --- [ writing extension ] --------------------------------------------------
c 
c writing extension stack to 'simp/33.cubes1392.adj.ext1'
c opening file to write 'simp/33.cubes1392.adj.ext1'
c closing file 'simp/33.cubes1392.adj.ext1'
c after writing 13077 bytes 0.0 MB
c wrote 875 witnesses in 0.00 seconds process time
c 
c --- [ result ] -------------------------------------------------------------
c 
s SATISFIABLE
c 
c --- [ run-time profiling ] -------------------------------------------------
c 
c process time taken by individual solving procedures
c (percentage relative to process time for solving)
c 
c        24.64   91.01% search
c        19.76   72.98% parse
c        19.14   70.71% unstable
c         4.44   16.39% stable
c         2.43    8.99% simplify
c         1.75    6.47% probe
c         1.06    3.90% lucky
c         0.04    0.13% ternary
c   =================================
c        27.07   57.04% solve
c 
c last line shows process time for solving
c (percentage relative to total process time)
c 
c --- [ statistics ] ---------------------------------------------------------
c 
c chronological:              2292        23.95 %  of conflicts
c conflicts:                  9568       353.42    per second
c decisions:                 44790      1654.46    per second
c fixed:                       853        13.85 %  of all variables
c learned:                    9380        98.04 %  per conflict
c learned_lits:            1538999       100.00 %  learned literals
c minimized:                     0         0.00 %  learned literals
c shrunken:                 802366        52.14 %  learned literals
c minishrunken:             192519        12.51 %  learned literals
c propagations:            1637692         0.06 M  per second
c reduced:                    2791        29.17 %  per conflict
c rephased:                      3      3189.33    interval
c restarts:                    404        23.68    interval
c stabilizing:                   2        47.71 %  of conflicts
c substituted:                  11         0.18 %  of all variables
c subsumed:                   2541         0.08 %  of all clauses
c ternary:                    1008         0.56 %  of resolved
c weakened:                     22         2.00    average size
c 
c seconds are measured in process time for solving
c 
c --- [ resources ] ----------------------------------------------------------
c 
c total process time since initialization:        47.46    seconds
c total real time since initialization:           47.81    seconds
c maximum resident set size of process:         1528.57    MB
c 
c --- [ shutting down ] ------------------------------------------------------
c 
c exit 10
WARNING! DIMACS header mismatch: wrong number of variables.
============================[ Problem Statistics ]=============================
|                                                                             |
|  Number of variables:          6120                                         |
|  Number of clauses:          208039                                         |
|  Parse time:                   1.11 s                                       |
|  Simplification time:          0.02 s                                       |
|                                                                             |
============================[ Search Statistics ]====================================================
| Conflicts |          ORIGINAL         |          LEARNT          | Num Sols |      SUBGRAPHS      |
|           |    Vars  Clauses Literals |    Limit  Clauses Lit/Cl |          | Canonical Noncanon. |
=====================================================================================================
|       102 |    6023   208041 18611731 |     2000      102     83 |        0 |        18         2 |
|       332 |    6023   208121 18613163 |     2000      332     76 |        0 |        34        82 |
|      1267 |    6023   208831 18625949 |     2000     1267     38 |        0 |       270       792 |
|      4224 |    6023   211451 18670222 |     3600     3224     15 |        0 |      1112      3412 |
|      8370 |    6023   215091 18729576 |     6302     3072     13 |        0 |      2102      7052 |
|     14043 |    6023   220005 18806370 |     7551     5594     13 |        0 |      3408     11966 |
|     25045 |    6023   229868 18955224 |     9996     8441     13 |        0 |      5908     21829 |
|     45145 |    6023   248260 19237193 |    13610    11755     12 |        0 |      9338     40221 |
|     73569 |    6023   274122 19614248 |    18412     9381     10 |        0 |     14633     66083 |
|     82562 |    6023   279271 19690454 |    18412    18374     28 |        0 |     15394     71232 |
|    104923 |    6023   295866 19917543 |    22010    11333     14 |        0 |     17515     87827 |
|    119746 |    6023   302040 20007616 |    23208    15154     12 |        0 |     18428     94001 |
|    173463 |    6023   342783 20571169 |    28006    18869     14 |        0 |     25211    134744 |
|    197761 |    6023   347620 20646658 |    29213    29174     40 |        0 |     25891    139581 |
|    257943 |    6023   378610 21089873 |    34015    27358     21 |        0 |     28400    170571 |
=====================================================================================================
Number of solutions   : 0
Canonical subgraphs   : 29635          (51 /sec)
          order  3    : 1              (142857 /sec)
          order  4    : 1              (500000 /sec)
          order  5    : 1              (200000 /sec)
          order  6    : 1              (55556 /sec)
          order  7    : 1              (8696 /sec)
          order  8    : 2              (1357 /sec)
          order  9    : 7              (352 /sec)
          order 10    : 34             (181 /sec)
          order 11    : 130            (121 /sec)
          order 12    : 764            (82 /sec)
          order 13    : 5068           (65 /sec)
          order 14    : 21462          (54 /sec)
          order 15    : 1916           (24 /sec)
          order 16    : 221            (15 /sec)
          order 17    : 15             (16 /sec)
          order 18    : 9              (17 /sec)
          order 19    : 2              (16 /sec)
          order 20    : 0              (-nan /sec)
          order 21    : 0              (-nan /sec)
          order 22    : 0              (-nan /sec)
Noncanonical subgraphs: 187763         (355 /sec)
          order  3    : 0              (-nan /sec)
          order  4    : 0              (-nan /sec)
          order  5    : 0              (-nan /sec)
          order  6    : 0              (-nan /sec)
          order  7    : 0              (-nan /sec)
          order  8    : 0              (-nan /sec)
          order  9    : 0              (-nan /sec)
          order 10    : 0              (-nan /sec)
          order 11    : 0              (-nan /sec)
          order 12    : 0              (-nan /sec)
          order 13    : 16795          (3572 /sec)
          order 14    : 21202          (3178 /sec)
          order 15    : 146610         (291 /sec)
          order 16    : 2936           (224 /sec)
          order 17    : 220            (146 /sec)
          order 18    : 0              (-nan /sec)
          order 19    : 0              (-nan /sec)
          order 20    : 0              (-nan /sec)
          order 21    : 0              (-nan /sec)
Canonicity checking   : 578.316 s
Noncanonicity checking: 529.62 s
Total canonicity time : 1107.94 s
database reductions   : 28
restarts              : 697
conflicts             : 288507         (245 /sec)
decisions             : 543943         (0.00 % random) (461 /sec)
propagations          : 32744356       (27765 /sec)
conflict literals     : 9867479        (57.32 % deleted)
actual reward         : 0.064550
Memory used           : 283.00 MB
CPU time              : 1179.33 s

UNSATISFIABLE
