c --- [ banner ] -------------------------------------------------------------
c 
c CaDiCaL Radically Simplified CDCL SAT Solver
c Copyright (c) 2016-2021 A. Biere, M. Fleury, N. Froleyks
c 
c Version 1.5.2 a5f15211db36c3956764e18194dd5bd63bf3b5e6
c g++ (GCC) 9.3.0 -Wall -Wextra -O3 -DNDEBUG
c Fri Oct 21 01:27:37 EDT 2022 Linux gra-login3 3.10.0-1160.66.1.el7.x86_64 x86_64
c 
c --- [ limit ] --------------------------------------------------------------
c 
c setting conflict limit to 200000 conflicts (due to '200000')
c 
c --- [ parsing input ] ------------------------------------------------------
c 
c reading DIMACS file from '33.cubes360.adj'
c opening file to read '33.cubes360.adj'
c found 'p cnf 6160 1595472' header
c parsed 1595472 clauses in 19.25 seconds process time
c closing file '33.cubes360.adj'
c after reading 1457566756 bytes 1390.0 MB
c 
c --- [ options ] ------------------------------------------------------------
c 
c all options are set to their default value
c 
c --- [ solving ] ------------------------------------------------------------
c 
c time measured in process time since initialization
c 
c  seconds    reductions  redundant   irredundant
c          MB     restarts       trail       variables
c            level   conflicts       glue         remaining
c 
c * 19.25 1365  0 0   0    0    0  0% 0 1595422 2453 40%
c { 19.77 1386  0 0   0    0    0  0% 0 1595422 2453 40%
c i 20.30 1411 1111 0   0   13   12 35% 1 1595422 2441 40%
c i 20.65 1421 948 0   1   18   16 33% 2 1595422 2420 39%
c i 23.24 1467 465 0   9   64   53 29% 17 1595422 2419 39%
c i 23.55 1471 372 0  13   81   68 28% 19 1595422 2417 39%
c i 24.33 1477 318 0  17   96   82 28% 20 1595422 2416 39%
c i 24.60 1481 283 0  22  110   93 28% 21 1595422 2415 39%
c i 24.91 1482 266 0  23  117   98 27% 20 1595422 2413 39%
c i 26.77 1494 180 0  30  190  148 26% 21 1595422 2412 39%
c i 28.35 1503 171 0  41  239  190 27% 29 1595422 2411 39%
c i 28.59 1503 169 0  43  246  196 27% 29 1595422 2410 39%
c i 28.75 1503 166 0  44  252  201 27% 29 1595422 2409 39%
c i 29.10 1507 159 0  50  276  222 27% 32 1595422 2408 39%
c i 29.16 1507 157 0  51  280  225 27% 32 1595422 2396 39%
c i 29.47 1508 153 0  54  295  236 27% 32 1595422 2395 39%
c - 33.49 1464 152 1  57  302  243 27% 33 409653 2395 39%
c i 34.25 1372 148 1  61  321  260 27% 32 409653 2394 39%
c i 34.28 1372 147 1  61  325  262 27% 32 409653 2392 39%
c i 34.55 1372 145 1  65  348  280 27% 34 409653 2391 39%
c 
c  seconds     reductions  redundant   irredundant
c          MB      restarts       trail       variables
c             level   conflicts       glue         remaining
c 
c i 34.75 1372 141 1  68  359  289 27% 33 409653 2390 39%
c i 34.75 1372 140 1  68  361  289 27% 33 409653 2388 39%
c i 34.80 1372 138 1  68  367  294 27% 32 409653 2387 39%
c i 34.86 1372 138 1  68  368  294 27% 32 409653 2386 39%
c i 34.94 1372 134 1  68  386  310 27% 32 409653 2385 39%
c i 34.94 1372 133 1  68  389  312 27% 32 409653 2384 39%
c i 34.98 1372 132 1  68  395  316 27% 32 409653 2383 39%
c i 35.04 1372 130 1  68  402  322 27% 31 409653 2382 39%
c i 35.05 1372 130 1  68  404  323 27% 31 409653 2381 39%
c i 35.17 1372 128 1  68  412  329 27% 31 409653 2380 39%
c i 35.19 1372 128 1  68  415  331 27% 31 409653 2379 39%
c i 35.32 1372 125 1  68  439  353 27% 30 409653 2378 39%
c i 35.36 1372 124 1  68  442  355 27% 30 409653 2377 39%
c i 35.37 1372 124 1  68  447  359 27% 31 409653 2376 39%
c i 35.39 1372 123 1  68  451  362 27% 30 409653 2375 39%
c i 35.43 1372 123 1  68  459  364 27% 30 409653 2374 39%
c i 35.49 1372 122 1  68  470  373 27% 30 409653 2373 39%
c i 35.49 1372 122 1  68  471  373 27% 30 409653 2372 39%
c i 35.49 1372 121 1  68  477  378 27% 30 409653 2371 38%
c i 35.53 1372 121 1  68  478  378 27% 30 409653 2370 38%
c 
c  seconds     reductions  redundant   irredundant
c          MB      restarts       trail       variables
c             level   conflicts       glue         remaining
c 
c i 35.59 1372 120 1  68  491  390 27% 30 409653 2369 38%
c i 35.61 1372 121 1  68  494  392 27% 31 409653 2368 38%
c i 35.61 1372 121 1  68  497  394 27% 30 409653 2367 38%
c i 35.66 1372 121 1  70  510  403 27% 31 409653 2366 38%
c i 35.86 1372 121 1  74  524  415 27% 32 409653 2365 38%
c i 36.13 1372 121 1  78  539  426 27% 32 409653 2363 38%
c i 36.44 1372 120 1  84  563  446 27% 33 409653 2362 38%
c i 36.57 1372 119 1  86  570  452 27% 33 409653 2361 38%
c i 36.59 1373 119 1  87  571  452 27% 33 409653 2360 38%
c i 36.59 1373 119 1  87  574  454 27% 33 409653 2359 38%
c i 36.63 1372 118 1  89  578  457 27% 33 409653 2358 38%
c i 36.66 1372 118 1  89  580  458 27% 33 409653 2357 38%
c i 36.69 1373 118 1  90  584  461 27% 33 409653 2356 38%
c i 36.87 1372 116 1  92  602  477 27% 33 409653 2355 38%
c i 37.25 1373 113 1  98  629  500 27% 33 409653 2354 38%
c i 37.27 1373 113 1  99  630  500 27% 33 409653 2353 38%
c i 37.51 1373 115 1 100  654  518 27% 33 409653 2352 38%
c i 37.83 1373 113 1 105  677  537 27% 33 409653 2351 38%
c i 37.89 1373 112 1 105  681  540 27% 33 409653 2350 38%
c i 38.00 1373 110 1 105  701  559 27% 33 409653 2349 38%
c 
c  seconds     reductions  redundant   irredundant
c          MB      restarts       trail       variables
c             level   conflicts       glue         remaining
c 
c i 38.03 1373 110 1 105  707  564 27% 33 409653 2348 38%
c i 38.06 1373 109 1 105  711  567 27% 33 409653 2347 38%
c i 38.10 1373 110 1 105  716  570 27% 33 409653 2346 38%
c i 38.16 1373 110 1 105  731  582 27% 33 409653 2344 38%
c i 38.16 1373 111 1 105  736  583 27% 33 409653 2340 38%
c i 38.24 1373 112 1 107  754  598 27% 34 409653 2338 38%
c i 38.72 1373 113 1 117  800  640 27% 34 409653 2337 38%
c i 38.81 1373 113 1 117  820  658 27% 34 409653 2335 38%
c i 38.90 1373 113 1 118  833  669 27% 34 409653 2334 38%
c i 38.92 1373 113 1 118  838  673 27% 34 409653 2333 38%
c i 38.93 1373 113 1 118  842  676 27% 34 409653 2332 38%
c i 39.00 1373 113 1 119  849  682 27% 35 409653 2331 38%
c i 39.15 1374 114 1 120  856  688 27% 34 409653 2330 38%
c i 39.19 1374 114 1 120  864  693 27% 35 409653 2329 38%
c i 39.53 1374 115 1 121  879  707 27% 35 409653 2328 38%
c i 39.57 1374 114 1 122  882  709 27% 35 409653 2327 38%
c i 39.86 1374 113 1 123  899  725 27% 34 409653 2326 38%
c i 40.02 1374 111 1 123  916  736 27% 34 409653 2325 38%
c i 40.20 1374 111 1 123  921  740 27% 34 409653 2324 38%
c i 40.81 1374 109 1 124  983  786 28% 34 409653 2323 38%
c 
c  seconds     reductions  redundant   irredundant
c          MB      restarts       trail       variables
c             level   conflicts       glue         remaining
c 
c } 40.87 1374 108 1 124 1000  801 28% 34 409653 2323 38%
c [ 40.87 1374  0 1 124 1000  801  0% 0 409653 2323 38%
c i 40.87 1374 41 1 124 1005  804 30% 23 409653 2322 38%
c O 40.89 1374 34 1 124 1006  804 28% 19 409653 2322 38%
c i 40.89 1374 34 1 124 1006  804 28% 19 409653 2290 37%
c i 41.26 1374 29 1 124 1028  825 31% 18 409653 2289 37%
c i 41.40 1374 29 1 124 1053  847 31% 19 409653 2288 37%
c i 41.43 1374 28 1 124 1061  854 31% 19 409653 2287 37%
c i 41.46 1374 28 1 124 1066  857 31% 19 409653 2286 37%
c i 41.49 1374 28 1 124 1084  873 31% 19 409653 2285 37%
c i 41.50 1374 28 1 124 1085  873 31% 19 409653 2284 37%
c i 41.51 1374 28 1 124 1093  880 31% 18 409653 2283 37%
c i 41.54 1374 29 1 124 1106  891 31% 18 409653 2282 37%
c i 41.57 1374 28 1 124 1136  914 31% 17 409653 2281 37%
c i 41.57 1374 27 1 124 1137  914 31% 17 409653 2280 37%
c i 41.58 1374 27 1 124 1141  917 31% 17 409653 2279 37%
c i 41.67 1374 26 1 124 1194  960 31% 18 409653 2278 37%
c - 42.70 1540 25 2 124 1271  897 31% 18 408860 2278 37%
c i 43.02 1540 23 2 124 1368  974 31% 17 408860 2277 37%
c i 43.04 1540 23 2 124 1380  983 31% 17 408860 2276 37%
c 
c  seconds    reductions  redundant   irredundant
c          MB     restarts       trail       variables
c            level   conflicts       glue         remaining
c 
c i 43.05 1540 23 2 124 1385  984 31% 17 408860 2275 37%
c i 43.05 1540 23 2 124 1386  984 31% 17 408860 2274 37%
c i 43.17 1540 24 2 124 1499 1060 31% 18 408860 2273 37%
c i 43.18 1540 24 2 124 1510 1064 31% 18 408860 2272 37%
c i 43.22 1540 24 2 124 1591 1120 31% 19 408860 2271 37%
c i 43.22 1540 24 2 124 1593 1121 31% 19 408860 2270 37%
c i 43.30 1540 23 2 124 1785 1251 31% 18 408860 2269 37%
c i 43.35 1540 23 2 124 1888 1330 31% 18 408860 2268 37%
c - 44.34 1538 24 3 125 2724 1536 31% 19 408830 2268 37%
c ] 44.91 1538 24 3 125 3001 1685 50% 19 408830 2268 37%
c { 44.91 1538 108 3 125 3001 1685 75% 34 408830 2268 37%
c F 44.93 1538 107 3 125 3009 1690 75% 34 408830 2268 37%
c i 45.30 1538 92 3 125 3211 1821 70% 30 408830 2267 37%
c i 45.31 1538 92 3 125 3215 1822 70% 30 408830 2266 37%
c i 45.75 1538 72 3 127 3798 2266 64% 29 408830 2265 37%
c i 47.02 1538 64 3 160 4336 2609 59% 28 408830 2264 37%
c i 47.73 1538 64 3 181 4484 2719 59% 28 408830 2263 37%
c i 48.43 1538 64 3 209 4608 2831 58% 29 408830 2262 37%
c - 48.93 1536 63 4 211 4659 2031 58% 29 408812 2262 37%
c i 49.27 1536 59 4 211 4988 2289 57% 28 408812 2261 37%
c 
c  seconds    reductions  redundant   irredundant
c          MB     restarts       trail       variables
c            level   conflicts       glue         remaining
c 
c d 49.95 1536 59 4 211 5001 2300 57% 28 408783 2248 36%
c 3 49.99 1536 59 4 211 5001 3152 57% 28 408783 2248 36%
c 2 50.09 1536 59 4 211 5001 3244 57% 28 408759 2239 36%
c p 56.97 1536 59 4 211 5001 5510 57% 28 408759 2181 35%
c d 57.56 1536 59 4 211 5001 5325 57% 28 342433 2180 35%
c d 57.77 1536 59 4 211 5001 5325 57% 28 342431 2179 35%
c # 60.66 1536 52 4 232 6014 6145 54% 27 342431 2179 35%
c } 63.31 1536 49 4 262 7001 6892 53% 26 342431 2179 35%
c [ 63.32 1536 24 4 262 7001 6892 50% 19 342431 2179 35%
c - 63.89 1502 23 5 262 7076 2998 50% 19 342431 2179 35%
c - 65.97 1375 23 6 264 9838 2906 50% 20 342431 2179 35%
c I 66.17 1375 23 6 264 10017 3001 50% 20 342431 2179 35%
c - 69.40 1376 33 7 266 13060 3711 49% 27 342431 2179 35%
c ] 70.63 1376 36 7 267 15001 5143 49% 29 342431 2179 35%
c { 70.63 1376 49 7 267 15001 5143 53% 26 342431 2179 35%
c 2 70.72 1376 49 7 267 15001 6261 53% 26 342431 2179 35%
c p 72.43 1376 49 7 267 15001 8465 53% 26 342431 2179 35%
c B 72.71 1376 49 7 268 15018 8482 53% 26 342431 2179 35%
c - 77.29 1376 46 8 360 16742 4598 51% 25 342431 2179 35%
c s 79.32 1376 41 8 397 18695 5835 51% 24 340562 2179 35%
c 
c  seconds    reductions   redundant   irredundant
c          MB     restarts        trail       variables
c            level    conflicts       glue         remaining
c 
c v 86.67 1376 41 8 397 18695 5835 51% 24 340552 2179 35%
c t 86.83 1377 41 8 397 18695 5824 51% 24 340547 2179 35%
c e 88.11 1378 41 8 397 18695 5422 51% 24 337641 734 12%
c s 88.24 1378 41 8 397 18695 5421 51% 24 337141 734 12%
c - 96.65 1378 39 9 495 20887 5278 74% 23 337141 734 12%
c W 97.10 1379 39 9 495 21020 5352 74% 23 337141 734 12%
c - 105.84 1379 36 10 715 25477 5614 75% 23 337141 734 12%
c F 109.50 1378 35 10 776 28022 7494 76% 22 337141 734 12%
c p 119.41 1378 36 10 968 30001 10701 75% 23 337141 734 12%
c - 120.36 1379 35 11 976 30518 6690 75% 22 337141 734 12%
c } 120.72 1379 35 11 976 31002 7027 75% 22 337141 734 12%
c [ 120.72 1379 36 11 976 31002 7027 152% 29 337141 734 12%
c - 124.62 1378 32 12 979 36019 7023 124% 26 337141 734 12%
c B 124.77 1378 32 12 979 36025 7029 124% 26 337141 734 12%
c ] 127.32 1378 33 12 982 40596 10564 111% 28 337141 734 12%
c 1 127.32 1378 33 12 982 40596 10564 111% 28 337141 734 12%
c 
c --- [ writing output ] -----------------------------------------------------
c 
c writing simplified CNF to DIMACS file 'simp/33.cubes360.adj.simp1'
c * 127.32 1378 33 12 982 40596 10564 111% 28 337141 734 12%
c opening file to write 'simp/33.cubes360.adj.simp1'
c writing 'p cnf 6160 337141' header
c closing file 'simp/33.cubes360.adj.simp1'
c after writing 144361756 bytes 137.7 MB
c wrote 337141 clauses in 1.07 seconds process time
c 
c --- [ writing extension ] --------------------------------------------------
c 
c writing extension stack to 'simp/33.cubes360.adj.ext1'
c opening file to write 'simp/33.cubes360.adj.ext1'
c closing file 'simp/33.cubes360.adj.ext1'
c after writing 93366 bytes 0.1 MB
c wrote 4140 witnesses in 0.00 seconds process time
c 
c --- [ result ] -------------------------------------------------------------
c 
s SATISFIABLE
c 
c --- [ run-time profiling ] -------------------------------------------------
c 
c process time taken by individual solving procedures
c (percentage relative to process time for solving)
c 
c        85.87   79.46% search
c        67.15   62.14% unstable
c        22.19   20.54% simplify
c        19.25   17.81% parse
c        17.95   16.61% stable
c        10.23    9.47% probe
c         7.47    6.91% vivify
c         2.40    2.22% elim
c         0.51    0.48% lucky
c         0.26    0.24% subsume
c         0.25    0.24% walk
c         0.17    0.15% ternary
c   =================================
c       108.07   84.17% solve
c 
c last line shows process time for solving
c (percentage relative to total process time)
c 
c --- [ statistics ] ---------------------------------------------------------
c 
c chronological:              7659        18.87 %  of conflicts
c conflicts:                 40596       375.66    per second
c decisions:                119758      1108.19    per second
c eliminated:                 1445        23.46 %  of all variables
c fixed:                       822        13.34 %  of all variables
c learned:                   39669        97.72 %  per conflict
c learned_lits:            7288329       100.00 %  learned literals
c minimized:                     0         0.00 %  learned literals
c shrunken:                4227870        58.01 %  learned literals
c minishrunken:             620192         8.51 %  learned literals
c propagations:            4122184         0.04 M  per second
c reduced:                   18121        44.64 %  per conflict
c rephased:                      8      5074.50    interval
c restarts:                    982        41.34    interval
c stabilizing:                   3        48.27 %  of conflicts
c substituted:                  15         0.24 %  of all variables
c subsumed:                  12927         0.37 %  of all clauses
c strengthened:               5026         0.14 %  of all clauses
c ternary:                    2425         0.59 %  of resolved
c vivified:                     21         0.00 %  of all clauses
c walked:                        1     40596.00    interval
c weakened:                   3318         3.01    average size
c 
c seconds are measured in process time for solving
c 
c --- [ resources ] ----------------------------------------------------------
c 
c total process time since initialization:       128.39    seconds
c total real time since initialization:          130.16    seconds
c maximum resident set size of process:         1703.51    MB
c 
c --- [ shutting down ] ------------------------------------------------------
c 
c exit 10
WARNING! DIMACS header mismatch: wrong number of variables.
============================[ Problem Statistics ]=============================
|                                                                             |
|  Number of variables:          3015                                         |
|  Number of clauses:          337141                                         |
|  Parse time:                   1.91 s                                       |
|  Simplification time:          0.05 s                                       |
|                                                                             |
============================[ Search Statistics ]====================================================
| Conflicts |          ORIGINAL         |          LEARNT          | Num Sols |      SUBGRAPHS      |
|           |    Vars  Clauses Literals |    Limit  Clauses Lit/Cl |          | Canonical Noncanon. |
=====================================================================================================
|       143 |    2923   337184 31475942 |     2000      143     89 |        0 |        37        43 |
|       300 |    2923   337191 31476171 |     2000      300     92 |        0 |        58        50 |
|       585 |    2923   337251 31477263 |     2000      585     90 |        0 |        88       110 |
|      1415 |    2923   337744 31484447 |     2000     1415     57 |        0 |       315       603 |
|      2006 |    2923   337829 31485865 |     3607     1013     25 |        0 |       356       688 |
|      2948 |    2923   338012 31488635 |     3607     1955     52 |        0 |       395       871 |
|      4446 |    2923   338371 31493424 |     3607     3453     65 |        0 |       482      1230 |
|      6234 |    2923   338451 31494595 |     5005     3439     67 |        0 |       545      1310 |
|      8809 |    2923   338464 31494902 |     6307     3516     58 |        0 |       572      1323 |
|     13632 |    2923   339443 31507402 |     7560     5192     57 |        0 |       859      2302 |
|     19864 |    2923   339909 31516137 |     8785     7649     59 |        0 |      1244      2768 |
|     29016 |    2923   340412 31523952 |    11199     7415     53 |        0 |      1586      3271 |
|     43098 |    2923   341520 31543597 |    13604     9702     53 |        0 |      2267      4379 |
|     64216 |    2923   343177 31568610 |    17207     8623     35 |        0 |      3012      6036 |
|     95540 |    2923   345309 31603610 |    20814    12354     44 |        0 |      3967      8168 |
|    140964 |    2923   346944 31628834 |    25615    12579     38 |        0 |      5191      9803 |
|    208950 |    2923   349246 31662110 |    30421    25771     70 |        0 |      6726     12105 |
|    311386 |    2923   353156 31731035 |    37617    28003     64 |        0 |     10154     16015 |
|    464893 |    2923   358874 31844595 |    46017    37310     64 |        0 |     15049     21733 |
|    698676 |    2908   370974 32027985 |    56816    42492     60 |        0 |     22695     33833 |
|   1047770 |    2894   377379 32095197 |    70003    46173     48 |        0 |     34086     50402 |
=====================================================================================================
Number of solutions   : 0
Canonical subgraphs   : 34875          (27 /sec)
          order  3    : 1              (166667 /sec)
          order  4    : 1              (500000 /sec)
          order  5    : 1              (200000 /sec)
          order  6    : 1              (55556 /sec)
          order  7    : 1              (8850 /sec)
          order  8    : 2              (1364 /sec)
          order  9    : 7              (353 /sec)
          order 10    : 31             (111 /sec)
          order 11    : 149            (55 /sec)
          order 12    : 852            (47 /sec)
          order 13    : 1049           (74 /sec)
          order 14    : 2919           (52 /sec)
          order 15    : 2965           (38 /sec)
          order 16    : 8897           (28 /sec)
          order 17    : 11374          (22 /sec)
          order 18    : 4539           (22 /sec)
          order 19    : 1275           (23 /sec)
          order 20    : 419            (24 /sec)
          order 21    : 392            (24 /sec)
          order 22    : 0              (-nan /sec)
Noncanonical subgraphs: 51861          (212 /sec)
          order  3    : 0              (-nan /sec)
          order  4    : 0              (-nan /sec)
          order  5    : 0              (-nan /sec)
          order  6    : 0              (-nan /sec)
          order  7    : 0              (-nan /sec)
          order  8    : 0              (-nan /sec)
          order  9    : 0              (-nan /sec)
          order 10    : 0              (-nan /sec)
          order 11    : 0              (-nan /sec)
          order 12    : 0              (-nan /sec)
          order 13    : 11298          (2214 /sec)
          order 14    : 6008           (2652 /sec)
          order 15    : 4600           (1246 /sec)
          order 16    : 20734          (198 /sec)
          order 17    : 8760           (81 /sec)
          order 18    : 6              (327 /sec)
          order 19    : 0              (-nan /sec)
          order 20    : 1              (54 /sec)
          order 21    : 1              (339 /sec)
Canonicity checking   : 1311.09 s
Noncanonicity checking: 244.531 s
Total canonicity time : 1555.63 s
database reductions   : 57
restarts              : 2047
conflicts             : 1072767        (540 /sec)
decisions             : 1410298        (0.00 % random) (710 /sec)
propagations          : 44356267       (22325 /sec)
conflict literals     : 113108273      (53.40 % deleted)
actual reward         : 0.321677
Memory used           : 458.00 MB
CPU time              : 1986.86 s

UNSATISFIABLE
