c --- [ banner ] -------------------------------------------------------------
c 
c CaDiCaL Radically Simplified CDCL SAT Solver
c Copyright (c) 2016-2021 A. Biere, M. Fleury, N. Froleyks
c 
c Version 1.5.2 a5f15211db36c3956764e18194dd5bd63bf3b5e6
c g++ (GCC) 9.3.0 -Wall -Wextra -O3 -DNDEBUG
c Fri Oct 21 01:27:37 EDT 2022 Linux gra-login3 3.10.0-1160.66.1.el7.x86_64 x86_64
c 
c --- [ limit ] --------------------------------------------------------------
c 
c setting conflict limit to 200000 conflicts (due to '200000')
c 
c --- [ parsing input ] ------------------------------------------------------
c 
c reading DIMACS file from '33.cubes1698.adj'
c opening file to read '33.cubes1698.adj'
c found 'p cnf 6160 1595477' header
c parsed 1595477 clauses in 19.37 seconds process time
c closing file '33.cubes1698.adj'
c after reading 1457566789 bytes 1390.0 MB
c 
c --- [ options ] ------------------------------------------------------------
c 
c all options are set to their default value
c 
c --- [ solving ] ------------------------------------------------------------
c 
c time measured in process time since initialization
c 
c  seconds    reductions  redundant   irredundant
c          MB     restarts       trail       variables
c            level   conflicts       glue         remaining
c 
c * 19.37 1366  0 0   0    0    0  0% 0 1595422 2419 39%
c { 19.77 1391  0 0   0    0    0  0% 0 1595422 2419 39%
c i 19.99 1403 993 0   0    6    4 35% 1 1595422 2354 38%
c i 20.17 1415 1010 0   0   11    8 38% 1 1595422 2346 38%
c i 23.67 1483 174 0  18  103   79 25% 16 1595422 2339 38%
c i 23.71 1483 172 0  18  104   79 25% 16 1595422 2338 38%
c i 23.72 1483 170 0  18  105   79 25% 16 1595422 2337 38%
c i 23.72 1483 169 0  18  106   79 25% 16 1595422 2336 38%
c i 23.72 1483 167 0  18  107   79 25% 15 1595422 2335 38%
c i 24.09 1488 141 0  20  134  105 26% 18 1595422 2334 38%
c i 24.17 1489 138 0  21  138  108 26% 18 1595422 2333 38%
c i 24.39 1490 125 0  29  165  128 25% 20 1595422 2332 38%
c i 24.65 1490 111 0  33  194  146 25% 18 1595422 2331 38%
c i 24.76 1490 104 0  33  209  157 25% 18 1595422 2330 38%
c i 24.77 1490 104 0  33  210  157 25% 18 1595422 2329 38%
c i 24.77 1490 103 0  33  211  157 24% 18 1595422 2328 38%
c i 24.77 1490 103 0  33  212  157 24% 18 1595422 2327 38%
c i 24.77 1490 102 0  33  213  157 24% 18 1595422 2326 38%
c i 24.77 1490 102 0  33  214  157 24% 17 1595422 2325 38%
c i 24.86 1491 100 0  33  221  163 25% 18 1595422 2324 38%
c 
c  seconds    reductions  redundant    irredundant
c          MB     restarts       trail        variables
c            level   conflicts       glue          remaining
c 
c i 24.93 1493 99 0  33  222  163 25% 18 1595422 2323 38%
c i 25.00 1493 98 0  34  242  178 25% 20 1595422 2322 38%
c i 25.06 1493 96 0  36  248  183 25% 20 1595422 2321 38%
c i 25.31 1493 92 0  42  268  197 25% 20 1595422 2320 38%
c i 25.31 1493 92 0  42  269  197 25% 20 1595422 2319 38%
c i 25.74 1495 92 0  49  298  221 25% 20 1595422 2318 38%
c i 25.75 1495 92 0  49  300  222 25% 20 1595422 2317 38%
c - 29.36 1443 92 1  49  300  222 25% 20 263071 2317 38%
c i 29.51 1443 94 1  49  304  224 25% 21 263071 2315 38%
c i 29.58 1443 94 1  50  307  226 25% 21 263071 2314 38%
c i 29.74 1380 91 1  56  330  248 26% 22 263071 2313 38%
c i 29.89 1380 88 1  62  356  272 26% 22 263071 2312 38%
c i 30.01 1380 82 1  67  399  299 25% 22 263071 2311 38%
c i 30.10 1380 81 1  67  410  309 25% 22 263071 2310 38%
c i 30.14 1380 80 1  67  417  315 25% 22 263071 2309 37%
c i 30.19 1380 78 1  67  440  333 26% 22 263071 2308 37%
c i 30.33 1380 77 1  73  473  356 26% 23 263071 2307 37%
c i 30.35 1380 77 1  73  476  357 26% 23 263071 2306 37%
c i 30.42 1380 76 1  76  488  368 26% 23 263071 2305 37%
c i 30.45 1380 76 1  76  490  369 26% 23 263071 2304 37%
c 
c  seconds    reductions  redundant   irredundant
c          MB     restarts       trail       variables
c            level   conflicts       glue         remaining
c 
c i 30.51 1380 77 1  76  494  372 26% 23 263071 2303 37%
c i 30.58 1380 78 1  78  507  382 26% 24 263071 2302 37%
c i 30.58 1380 78 1  79  509  383 26% 24 263071 2295 37%
c i 30.63 1380 78 1  82  522  395 26% 24 263071 2288 37%
c i 30.63 1380 77 1  82  524  396 26% 24 263071 2287 37%
c i 30.64 1380 77 1  83  527  397 26% 24 263071 2286 37%
c i 30.64 1380 77 1  84  533  400 26% 24 263071 2285 37%
c i 30.65 1380 77 1  85  534  400 26% 24 263071 2284 37%
c i 30.87 1380 74 1  94  579  435 26% 25 263071 2283 37%
c i 30.96 1380 74 1  98  593  445 26% 25 263071 2282 37%
c i 31.06 1380 68 1 100  645  472 26% 23 263071 2281 37%
c i 31.17 1380 68 1 100  654  480 26% 23 263071 2280 37%
c i 31.57 1380 71 1 113  745  556 26% 26 263071 2279 37%
c i 31.69 1380 67 1 120  798  594 26% 25 263071 2278 37%
c i 31.69 1380 67 1 120  802  594 26% 25 263071 2277 37%
c i 31.70 1380 67 1 120  808  598 26% 25 263071 2276 37%
c i 31.70 1380 67 1 120  809  598 26% 25 263071 2275 37%
c i 31.70 1380 67 1 120  811  599 26% 24 263071 2274 37%
c i 31.70 1380 67 1 120  812  599 26% 24 263071 2273 37%
c i 31.70 1380 66 1 120  814  600 26% 24 263071 2272 37%
c 
c  seconds    reductions  redundant   irredundant
c          MB     restarts       trail       variables
c            level   conflicts       glue         remaining
c 
c i 31.70 1380 66 1 120  816  601 26% 24 263071 2271 37%
c i 31.70 1380 66 1 120  823  605 26% 24 263071 2270 37%
c i 31.71 1380 65 1 120  837  618 26% 24 263071 2269 37%
c i 31.71 1380 65 1 120  838  618 26% 24 263071 2268 37%
c i 31.71 1380 65 1 120  840  619 26% 24 263071 2267 37%
c i 31.71 1380 65 1 120  843  621 26% 24 263071 2266 37%
c i 31.71 1380 65 1 120  846  623 26% 24 263071 2265 37%
c i 31.71 1380 64 1 120  849  622 26% 24 263071 2264 37%
c i 31.78 1380 66 1 120  877  646 26% 24 263071 2263 37%
c i 31.80 1380 67 1 123  893  659 26% 25 263071 2262 37%
c i 31.82 1380 66 1 126  902  665 26% 25 263071 2261 37%
c i 31.86 1380 66 1 129  914  675 26% 25 263071 2260 37%
c i 31.88 1380 66 1 130  920  680 26% 25 263071 2259 37%
c i 32.03 1381 66 1 143  969  721 26% 26 263071 2239 36%
c i 32.28 1381 67 1 150  998  749 26% 26 263071 2232 36%
c } 32.35 1381 67 1 151 1004  753 26% 26 263071 2232 36%
c [ 32.35 1381  0 1 151 1004  753  0% 0 263071 2232 36%
c O 32.35 1381  1 1 151 1005  753 14% 0 263071 2232 36%
c i 32.35 1381  1 1 151 1005  753 14% 0 263071 2218 36%
c i 32.35 1381  1 1 151 1006  753 14% 0 263071 2209 36%
c 
c  seconds    reductions  redundant   irredundant
c          MB     restarts       trail       variables
c            level   conflicts       glue         remaining
c 
c i 32.45 1381 23 1 151 1022  768 29% 18 263071 2208 36%
c i 32.47 1381 26 1 151 1032  777 30% 21 263071 2207 36%
c i 32.47 1381 26 1 151 1038  781 29% 21 263071 2206 36%
c i 32.48 1381 29 1 151 1053  794 29% 23 263071 2205 36%
c i 32.50 1381 31 1 151 1065  804 29% 24 263071 2204 36%
c i 32.50 1381 31 1 151 1067  805 29% 24 263071 2203 36%
c i 32.51 1380 33 1 151 1076  813 29% 24 263071 2202 36%
c i 32.53 1380 34 1 151 1084  820 30% 25 263071 2201 36%
c i 32.53 1380 33 1 151 1088  823 29% 24 263071 2200 36%
c i 32.55 1380 31 1 151 1105  838 30% 23 263071 2199 36%
c i 32.57 1380 31 1 151 1127  858 30% 23 263071 2198 36%
c - 33.09 1478 31 2 151 1153  773 30% 23 261750 2198 36%
c i 33.09 1478 31 2 151 1154  773 30% 23 261750 2197 36%
c i 33.18 1478 30 2 151 1189  802 30% 23 261750 2196 36%
c i 33.19 1478 30 2 151 1196  807 30% 23 261750 2195 36%
c i 33.20 1478 29 2 151 1226  830 30% 22 261750 2194 36%
c i 33.28 1478 27 2 151 1456 1007 30% 22 261750 2193 36%
c i 33.41 1478 23 2 151 1847 1293 30% 19 261750 2192 36%
c i 33.43 1478 23 2 151 1911 1337 30% 19 261750 2191 36%
c i 33.45 1478 22 2 151 1964 1385 30% 18 261750 2190 36%
c 
c  seconds    reductions  redundant   irredundant
c          MB     restarts       trail       variables
c            level   conflicts       glue         remaining
c 
c i 33.45 1478 22 2 151 1965 1385 30% 18 261750 2189 36%
c i 33.49 1478 23 2 152 2060 1456 30% 19 261750 2188 36%
c - 33.87 1477 25 3 152 2432 1355 31% 20 261720 2188 36%
c i 34.08 1476 25 3 152 2468 1379 49% 20 261720 2187 36%
c ] 34.41 1476 27 3 152 3007 1752 50% 22 261720 2187 36%
c { 34.41 1476 67 3 152 3007 1752 74% 26 261720 2187 36%
c F 34.42 1476 67 3 153 3008 1752 74% 26 261720 2187 36%
c i 34.42 1476 67 3 153 3008 1752 74% 26 261720 2186 35%
c i 34.44 1476 67 3 155 3014 1756 74% 26 261720 2185 35%
c i 34.44 1476 67 3 155 3015 1756 74% 26 261720 2184 35%
c i 34.46 1476 67 3 157 3020 1760 74% 26 261720 2183 35%
c i 34.65 1476 62 3 163 3183 1896 70% 26 261720 2182 35%
c i 34.71 1476 57 3 163 3361 2021 68% 25 261720 2181 35%
c i 34.78 1476 53 3 163 3572 2182 65% 24 261720 2180 35%
c i 34.89 1476 50 3 166 3799 2368 63% 24 261720 2179 35%
c - 35.19 1381 45 4 166 4133 1895 61% 23 261694 2179 35%
c i 35.64 1381 39 4 168 4743 2275 58% 21 261694 2178 35%
c i 36.34 1381 41 4 207 4965 2461 56% 21 261694 2171 35%
c i 36.40 1381 41 4 207 4980 2474 56% 21 261694 2170 35%
c d 36.87 1381 41 4 211 5002 2484 56% 21 239446 2159 35%
c 
c  seconds    reductions  redundant   irredundant
c          MB     restarts       trail       variables
c            level   conflicts       glue         remaining
c 
c 3 36.89 1381 41 4 211 5002 3540 56% 21 239439 2159 35%
c 2 36.94 1381 41 4 211 5002 3665 56% 21 239431 2159 35%
c p 39.79 1381 41 4 211 5002 7049 56% 21 239431 2106 34%
c d 40.09 1381 41 4 211 5002 6913 56% 21 197579 2103 34%
c # 40.92 1381 36 4 225 6009 7571 54% 19 197579 2103 34%
c - 41.68 1383 36 5 266 6259 2487 53% 19 197579 2103 34%
c } 43.24 1383 37 5 385 7009 3041 52% 20 197579 2103 34%
c [ 43.24 1383 27 5 385 7009 3041 50% 22 197579 2103 34%
c - 44.55 1383 29 6 386 8592 2992 48% 23 197579 2103 34%
c I 45.38 1383 28 6 387 10011 3828 48% 23 197579 2103 34%
c - 46.45 1383 29 7 389 11317 3199 47% 24 197579 2103 34%
c - 48.24 1383 32 8 390 14426 3665 47% 26 197579 2103 34%
c 2 48.47 1383 34 8 390 15005 5421 47% 27 197577 2103 34%
c p 50.27 1383 34 8 390 15005 8791 47% 27 197577 2102 34%
c d 50.39 1383 34 8 390 15005 8737 47% 27 184788 2101 34%
c ] 50.45 1383 34 8 390 15009 8741 47% 27 184788 2101 34%
c { 50.45 1383 37 8 390 15009 8741 52% 20 184788 2101 34%
c B 50.46 1383 37 8 390 15012 8744 52% 20 184788 2101 34%
c - 51.74 1383 30 9 415 17924 3883 50% 18 184788 2101 34%
c s 52.06 1383 28 9 415 18735 3963 50% 17 182915 2101 34%
c 
c  seconds    reductions   redundant   irredundant
c          MB     restarts        trail       variables
c            level    conflicts       glue         remaining
c 
c v 54.15 1383 28 9 415 18735 3963 50% 17 182891 2101 34%
c t 54.21 1383 28 9 415 18735 3949 50% 17 182881 2101 34%
c e 54.71 1384 28 9 415 18735 3740 50% 17 180288 693 11%
c s 54.81 1384 28 9 415 18735 3734 50% 17 180092 693 11%
c W 57.47 1385 27 9 547 21013 5223 74% 17 180092 693 11%
c - 58.89 1385 28 10 691 21728 4635 73% 18 180092 693 11%
c - 62.02 1385 27 11 867 25871 5426 73% 18 180092 693 11%
c F 63.47 1385 26 11 931 28019 6845 73% 17 180092 693 11%
c p 66.19 1385 26 11 1045 30005 10395 74% 17 180092 693 11%
c - 66.44 1385 26 12 1065 30392 5954 74% 17 180092 693 11%
c } 67.25 1385 26 12 1153 31010 6371 74% 17 180092 693 11%
c [ 67.25 1385 34 12 1153 31010 6371 147% 27 180092 693 11%
c - 68.30 1385 29 13 1155 35291 6045 122% 24 180092 693 11%
c B 68.53 1385 28 13 1156 36020 6511 120% 23 180092 693 11%
c ] 68.84 1385 28 13 1156 36871 7147 117% 23 180092 693 11%
c 1 68.84 1385 28 13 1156 36871 7147 117% 23 180092 693 11%
c 
c --- [ writing output ] -----------------------------------------------------
c 
c writing simplified CNF to DIMACS file 'simp/33.cubes1698.adj.simp1'
c * 68.84 1385 28 13 1156 36871 7147 117% 23 180092 693 11%
c opening file to write 'simp/33.cubes1698.adj.simp1'
c writing 'p cnf 6160 180092' header
c closing file 'simp/33.cubes1698.adj.simp1'
c after writing 70146930 bytes 66.9 MB
c wrote 180092 clauses in 0.52 seconds process time
c 
c --- [ writing extension ] --------------------------------------------------
c 
c writing extension stack to 'simp/33.cubes1698.adj.ext1'
c opening file to write 'simp/33.cubes1698.adj.ext1'
c closing file 'simp/33.cubes1698.adj.ext1'
c after writing 87966 bytes 0.1 MB
c wrote 3960 witnesses in 0.00 seconds process time
c 
c --- [ result ] -------------------------------------------------------------
c 
s SATISFIABLE
c 
c --- [ run-time profiling ] -------------------------------------------------
c 
c process time taken by individual solving procedures
c (percentage relative to process time for solving)
c 
c        39.92   80.71% search
c        30.49   61.63% unstable
c        19.37   39.15% parse
c         9.54   19.29% simplify
c         8.88   17.96% stable
c         5.30   10.71% probe
c         2.13    4.30% vivify
c         0.95    1.92% elim
c         0.40    0.81% lucky
c         0.18    0.37% subsume
c         0.15    0.31% walk
c         0.08    0.17% ternary
c   =================================
c        49.47   71.32% solve
c 
c last line shows process time for solving
c (percentage relative to total process time)
c 
c --- [ statistics ] ---------------------------------------------------------
c 
c chronological:              7154        19.40 %  of conflicts
c conflicts:                 36871       745.39    per second
c decisions:                100709      2035.95    per second
c eliminated:                 1408        22.86 %  of all variables
c fixed:                       901        14.63 %  of all variables
c learned:                   36009        97.66 %  per conflict
c learned_lits:            5560175       100.00 %  learned literals
c minimized:                     0         0.00 %  learned literals
c shrunken:                3508923        63.11 %  learned literals
c minishrunken:             402350         7.24 %  learned literals
c propagations:            3874095         0.08 M  per second
c reduced:                   17123        46.44 %  per conflict
c rephased:                      8      4608.88    interval
c restarts:                   1156        31.90    interval
c stabilizing:                   3        43.03 %  of conflicts
c substituted:                  14         0.23 %  of all variables
c subsumed:                  13498         0.40 %  of all clauses
c strengthened:               5471         0.16 %  of all clauses
c ternary:                    3126         0.76 %  of resolved
c vivified:                     38         0.00 %  of all clauses
c walked:                        1     36871.00    interval
c weakened:                   3059         3.01    average size
c 
c seconds are measured in process time for solving
c 
c --- [ resources ] ----------------------------------------------------------
c 
c total process time since initialization:        69.35    seconds
c total real time since initialization:           70.24    seconds
c maximum resident set size of process:         1573.66    MB
c 
c --- [ shutting down ] ------------------------------------------------------
c 
c exit 10
WARNING! DIMACS header mismatch: wrong number of variables.
============================[ Problem Statistics ]=============================
|                                                                             |
|  Number of variables:          3243                                         |
|  Number of clauses:          180098                                         |
|  Parse time:                   1.02 s                                       |
|  Simplification time:          0.03 s                                       |
|                                                                             |
============================[ Search Statistics ]====================================================
| Conflicts |          ORIGINAL         |          LEARNT          | Num Sols |      SUBGRAPHS      |
|           |    Vars  Clauses Literals |    Limit  Clauses Lit/Cl |          | Canonical Noncanon. |
=====================================================================================================
|       116 |    3144   180114 15261825 |     2000      116    120 |        0 |        28        16 |
|       274 |    3144   180122 15262104 |     2000      274     93 |        0 |        45        24 |
|       505 |    3144   180128 15262246 |     2000      505     91 |        0 |        48        30 |
|      1314 |    3144   180600 15270487 |     2000     1314     53 |        0 |       256       502 |
|      2359 |    3144   181139 15280235 |     3601     1360     27 |        0 |       408      1041 |
|      3138 |    3144   181159 15280696 |     3601     2139     48 |        0 |       412      1061 |
|      4376 |    3144   181258 15282511 |     3601     3377     54 |        0 |       474      1160 |
|      8099 |    3144   183273 15311081 |     6301     2800     24 |        0 |      1096      3175 |
|     13024 |    3144   185636 15348358 |     7554     4578     30 |        0 |      1702      5538 |
|     19529 |    3144   188297 15383953 |     8780     7309     42 |        0 |      2303      8199 |
|     25869 |    3144   188871 15393949 |     9999     9268     49 |        0 |      2460      8773 |
|     36129 |    3144   190482 15417855 |    12414     8943     40 |        0 |      2825     10384 |
|     50500 |    3144   191879 15439789 |    14806    10306     40 |        0 |      3069     11781 |
|     75992 |    3144   197910 15525071 |    18405    11797     24 |        0 |      4327     17812 |
=====================================================================================================
Number of solutions   : 0
Canonical subgraphs   : 7193           (33 /sec)
          order  3    : 1              (90909 /sec)
          order  4    : 1              (83333 /sec)
          order  5    : 1              (125000 /sec)
          order  6    : 1              (30303 /sec)
          order  7    : 1              (4785 /sec)
          order  8    : 2              (908 /sec)
          order  9    : 6              (292 /sec)
          order 10    : 23             (89 /sec)
          order 11    : 113            (42 /sec)
          order 12    : 509            (38 /sec)
          order 13    : 1994           (41 /sec)
          order 14    : 4142           (33 /sec)
          order 15    : 217            (16 /sec)
          order 16    : 74             (16 /sec)
          order 17    : 65             (13 /sec)
          order 18    : 33             (15 /sec)
          order 19    : 10             (15 /sec)
          order 20    : 0              (-nan /sec)
          order 21    : 0              (-nan /sec)
          order 22    : 0              (-nan /sec)
Noncanonical subgraphs: 32217          (702 /sec)
          order  3    : 0              (-nan /sec)
          order  4    : 0              (-nan /sec)
          order  5    : 0              (-nan /sec)
          order  6    : 0              (-nan /sec)
          order  7    : 0              (-nan /sec)
          order  8    : 0              (-nan /sec)
          order  9    : 0              (-nan /sec)
          order 10    : 0              (-nan /sec)
          order 11    : 0              (-nan /sec)
          order 12    : 0              (-nan /sec)
          order 13    : 5403           (9184 /sec)
          order 14    : 20995          (1569 /sec)
          order 15    : 5617           (184 /sec)
          order 16    : 196            (148 /sec)
          order 17    : 6              (86 /sec)
          order 18    : 0              (-nan /sec)
          order 19    : 0              (-nan /sec)
          order 20    : 0              (-nan /sec)
          order 21    : 0              (-nan /sec)
Canonicity checking   : 216.816 s
Noncanonicity checking: 45.8777 s
Total canonicity time : 262.694 s
database reductions   : 17
restarts              : 318
conflicts             : 119203         (398 /sec)
decisions             : 196582         (0.00 % random) (657 /sec)
propagations          : 5686212        (18994 /sec)
conflict literals     : 7238270        (54.53 % deleted)
actual reward         : 0.241082
Memory used           : 178.00 MB
CPU time              : 299.375 s

UNSATISFIABLE
