c --- [ banner ] -------------------------------------------------------------
c 
c CaDiCaL Radically Simplified CDCL SAT Solver
c Copyright (c) 2016-2021 A. Biere, M. Fleury, N. Froleyks
c 
c Version 1.5.2 a5f15211db36c3956764e18194dd5bd63bf3b5e6
c g++ (GCC) 9.3.0 -Wall -Wextra -O3 -DNDEBUG
c Fri Oct 21 01:27:37 EDT 2022 Linux gra-login3 3.10.0-1160.66.1.el7.x86_64 x86_64
c 
c --- [ limit ] --------------------------------------------------------------
c 
c setting conflict limit to 200000 conflicts (due to '200000')
c 
c --- [ parsing input ] ------------------------------------------------------
c 
c reading DIMACS file from '33.cubes4140.adj'
c opening file to read '33.cubes4140.adj'
c found 'p cnf 6160 1595471' header
c parsed 1595471 clauses in 18.92 seconds process time
c closing file '33.cubes4140.adj'
c after reading 1457566746 bytes 1390.0 MB
c 
c --- [ options ] ------------------------------------------------------------
c 
c all options are set to their default value
c 
c --- [ solving ] ------------------------------------------------------------
c 
c time measured in process time since initialization
c 
c  seconds    reductions  redundant   irredundant
c          MB     restarts       trail       variables
c            level   conflicts       glue         remaining
c 
c * 18.92 1373  0 0   0    0    0  0% 0 1595422 2591 42%
c { 19.64 1415  0 0   0    0    0  0% 0 1595422 2591 42%
c i 20.73 1466 857 0   0   15   14 33% 8 1595422 2581 42%
c i 22.91 1501 380 0   3  128   83 23% 6 1595422 2560 42%
c i 24.01 1512 296 0  10  159  111 24% 11 1595422 2559 42%
c i 24.39 1518 265 0  14  178  128 24% 17 1595422 2555 41%
c i 24.50 1518 240 0  20  196  138 24% 18 1595422 2542 41%
c i 25.05 1523 214 0  29  230  169 25% 22 1595422 2528 41%
c i 25.21 1523 203 0  32  242  172 24% 21 1595422 2526 41%
c i 25.46 1523 192 0  37  269  193 25% 25 1595422 2487 40%
c - 29.87 1471 174 1  44  302  205 24% 23 346666 2466 40%
c i 30.07 1472 173 1  45  312  214 24% 24 346666 2463 40%
c i 30.24 1472 172 1  48  321  221 24% 24 346666 2451 40%
c i 30.24 1472 169 1  49  330  223 24% 24 346666 2444 40%
c i 30.55 1472 173 1  54  381  269 24% 27 346666 2443 40%
c i 30.58 1472 171 1  56  388  275 24% 27 346666 2442 40%
c i 30.60 1473 169 1  56  395  278 24% 27 346666 2438 40%
c i 30.62 1473 169 1  57  404  284 24% 27 346666 2436 40%
c i 30.80 1473 168 1  59  413  290 24% 29 346666 2434 40%
c i 30.90 1473 167 1  61  423  299 24% 30 346666 2433 39%
c 
c  seconds     reductions  redundant   irredundant
c          MB      restarts       trail       variables
c             level   conflicts       glue         remaining
c 
c i 31.13 1473 159 1  70  456  324 24% 29 346666 2384 39%
c i 31.26 1473 149 1  72  493  340 24% 28 346666 2383 39%
c i 31.29 1473 148 1  72  504  350 24% 29 346666 2382 39%
c i 31.35 1473 148 1  74  512  355 24% 29 346666 2379 39%
c i 31.40 1473 148 1  75  517  359 24% 29 346666 2378 39%
c i 31.54 1473 149 1  84  548  387 24% 30 346666 2376 39%
c i 31.72 1473 149 1  90  568  406 24% 31 346666 2375 39%
c i 32.28 1474 143 1 107  651  478 25% 32 346666 2374 39%
c i 32.60 1474 134 1 113  711  527 25% 31 346666 2373 39%
c i 32.63 1474 133 1 113  728  540 25% 31 346666 2372 39%
c i 32.66 1474 132 1 113  743  546 25% 31 346666 2371 38%
c i 32.70 1474 131 1 113  748  549 25% 31 346666 2370 38%
c i 33.16 1475 127 1 125  828  615 25% 32 346666 2369 38%
c i 33.17 1475 125 1 125  839  625 26% 31 346666 2368 38%
c i 33.36 1475 123 1 131  882  658 26% 32 346666 2367 38%
c i 33.37 1475 121 1 131  897  667 26% 31 346666 2366 38%
c i 33.37 1475 121 1 131  904  673 26% 31 346666 2365 38%
c i 33.45 1475 115 1 134  976  731 26% 32 346666 2364 38%
c i 33.49 1475 114 1 137  988  741 26% 32 346666 2363 38%
c } 33.56 1475 114 1 138 1002  755 26% 32 346666 2363 38%
c 
c  seconds    reductions  redundant  irredundant
c          MB     restarts       trail      variables
c            level   conflicts       glue        remaining
c 
c [ 33.56 1475  0 1 138 1002  755  0% 0 346666 2363 38%
c O 33.56 1475  3 1 138 1003  756 12% 3 346666 2363 38%
c i 33.66 1475 19 1 138 1092  835 35% 15 346666 2362 38%
c i 33.66 1475 19 1 138 1096  838 35% 15 346666 2361 38%
c i 33.72 1475 20 1 138 1187  916 34% 16 346666 2360 38%
c - 34.43 1525 20 2 138 1226  876 34% 16 269696 2360 38%
c i 34.58 1525 27 2 138 1600 1142 33% 21 269696 2359 38%
c i 34.64 1525 29 2 138 1924 1353 33% 23 269696 2358 38%
c i 34.64 1525 29 2 138 1931 1359 33% 23 269696 2357 38%
c i 34.65 1525 29 2 138 1941 1367 33% 23 269696 2356 38%
c i 34.70 1525 29 2 139 2171 1528 32% 24 269696 2355 38%
c i 34.70 1525 29 2 139 2173 1529 32% 24 269696 2354 38%
c i 34.72 1525 29 2 139 2272 1601 32% 24 269696 2353 38%
c i 34.74 1525 29 2 139 2321 1637 32% 24 269696 2352 38%
c - 35.11 1523 29 3 139 2514 1364 32% 24 269672 2352 38%
c i 35.31 1523 29 3 139 2589 1421 50% 23 269672 2351 38%
c ] 35.39 1523 29 3 139 3005 1726 52% 24 269672 2351 38%
c { 35.39 1523 114 3 139 3005 1726 68% 32 269672 2351 38%
c F 35.39 1523 114 3 139 3006 1726 68% 32 269672 2351 38%
c i 35.39 1523 114 3 139 3006 1726 68% 32 269672 2350 38%
c 
c  seconds     reductions  redundant   irredundant
c          MB      restarts       trail       variables
c             level   conflicts       glue         remaining
c 
c i 35.40 1523 114 3 139 3007 1726 68% 32 269672 2349 38%
c i 35.40 1523 114 3 139 3008 1726 68% 32 269672 2348 38%
c i 35.42 1523 113 3 139 3015 1731 68% 31 269672 2347 38%
c i 35.42 1523 113 3 139 3016 1731 68% 31 269672 2346 38%
c i 35.53 1523 108 3 139 3062 1764 67% 30 269672 2345 38%
c i 35.57 1523 107 3 139 3085 1785 66% 31 269672 2344 38%
c i 35.58 1523 107 3 139 3107 1800 66% 31 269672 2343 38%
c i 35.63 1523 101 3 139 3197 1871 65% 30 269672 2342 38%
c i 35.89 1523 88 3 158 3509 2090 62% 30 269672 2341 38%
c i 35.96 1523 78 3 158 3767 2249 61% 28 269672 2340 38%
c i 35.96 1523 77 3 158 3794 2265 61% 28 269672 2339 38%
c i 35.96 1523 77 3 158 3799 2268 61% 28 269672 2338 38%
c i 36.13 1523 79 3 166 3847 2311 60% 29 269672 2337 38%
c i 36.13 1523 79 3 167 3848 2311 60% 29 269672 2336 38%
c i 36.15 1523 78 3 168 3854 2316 60% 29 269672 2335 38%
c i 36.23 1523 79 3 176 3883 2339 60% 30 269672 2334 38%
c i 36.24 1523 80 3 177 3887 2342 60% 30 269672 2333 38%
c i 36.31 1523 81 3 181 3901 2354 60% 30 269672 2332 38%
c i 36.36 1523 81 3 189 3932 2381 60% 31 269672 2331 38%
c i 36.41 1523 82 3 198 3968 2411 60% 31 269672 2330 38%
c 
c  seconds    reductions  redundant   irredundant
c          MB     restarts       trail       variables
c            level   conflicts       glue         remaining
c 
c i 36.41 1523 82 3 198 3969 2411 60% 31 269672 2329 38%
c i 36.41 1523 81 3 199 3973 2414 60% 31 269672 2328 38%
c i 36.59 1523 83 3 222 4068 2490 59% 33 269672 2327 38%
c i 36.59 1523 83 3 224 4076 2496 59% 33 269672 2326 38%
c i 36.73 1523 83 3 234 4126 2540 58% 33 269672 2325 38%
c i 36.75 1523 83 3 234 4131 2544 58% 33 269672 2324 38%
c i 36.81 1523 83 3 239 4150 2560 58% 33 269672 2323 38%
c i 36.94 1523 82 3 255 4229 2625 58% 33 269672 2322 38%
c - 37.27 1493 82 4 255 4231 1922 58% 33 209359 2322 38%
c i 37.31 1493 81 4 255 4255 1940 58% 33 209359 2321 38%
c i 37.63 1493 69 4 263 4958 2481 56% 31 209359 2320 38%
c d 38.05 1493 68 4 263 5000 2509 56% 30 193889 2308 37%
c 3 38.06 1493 68 4 263 5000 3834 56% 30 193889 2308 37%
c 2 38.09 1493 68 4 263 5000 3936 56% 30 193887 2308 37%
c p 39.95 1493 68 4 263 5000 11537 56% 30 193887 2123 34%
c # 40.29 1493 57 4 275 6007 12176 55% 28 193887 2123 34%
c - 40.74 1391 56 5 275 6213 2428 54% 28 160698 2123 34%
c } 40.99 1391 51 5 275 7006 3068 54% 27 160698 2123 34%
c [ 40.99 1391 29 5 275 7006 3068 52% 24 160698 2123 34%
c - 41.23 1391 29 6 276 8384 2772 52% 24 160698 2123 34%
c 
c  seconds    reductions   redundant   irredundant
c          MB     restarts        trail       variables
c            level    conflicts       glue         remaining
c 
c I 41.56 1391 27 6 277 10009 3654 51% 23 160698 2123 34%
c - 42.08 1392 31 7 278 10918 2920 51% 26 160698 2123 34%
c - 43.28 1392 31 8 280 13814 3140 52% 26 160698 2123 34%
c 2 43.71 1392 32 8 280 15001 5357 52% 27 160698 2123 34%
c p 45.53 1392 32 8 280 15001 10807 52% 27 160698 2095 34%
c ] 45.78 1392 32 8 280 15009 10697 48% 27 120545 2095 34%
c { 45.78 1392 51 8 280 15009 10697 60% 27 120545 2095 34%
c B 45.80 1392 51 8 280 15010 10698 60% 27 120545 2095 34%
c - 46.61 1396 44 9 301 17073 3983 56% 25 120545 2095 34%
c } 46.79 1396 43 9 314 17496 4284 55% 25 120545 2095 34%
c 1 46.79 1396 43 9 314 17496 4284 55% 25 120545 2095 34%
c 
c --- [ writing output ] -----------------------------------------------------
c 
c writing simplified CNF to DIMACS file 'simp/33.cubes4140.adj.simp1'
c * 46.79 1396 43 9 314 17496 4284 55% 25 120545 2095 34%
c opening file to write 'simp/33.cubes4140.adj.simp1'
c writing 'p cnf 6160 120545' header
c closing file 'simp/33.cubes4140.adj.simp1'
c after writing 57352914 bytes 54.7 MB
c wrote 120545 clauses in 0.43 seconds process time
c 
c --- [ writing extension ] --------------------------------------------------
c 
c writing extension stack to 'simp/33.cubes4140.adj.ext1'
c opening file to write 'simp/33.cubes4140.adj.ext1'
c closing file 'simp/33.cubes4140.adj.ext1'
c after writing 14002 bytes 0.0 MB
c wrote 933 witnesses in 0.00 seconds process time
c 
c --- [ result ] -------------------------------------------------------------
c 
s SATISFIABLE
c 
c --- [ run-time profiling ] -------------------------------------------------
c 
c process time taken by individual solving procedures
c (percentage relative to process time for solving)
c 
c        23.70   85.04% search
c        18.92   67.88% parse
c        18.21   65.36% unstable
c         4.76   17.08% stable
c         4.17   14.96% simplify
c         3.68   13.21% probe
c         0.72    2.59% lucky
c         0.05    0.17% ternary
c   =================================
c        27.87   59.02% solve
c 
c last line shows process time for solving
c (percentage relative to total process time)
c 
c --- [ statistics ] ---------------------------------------------------------
c 
c chronological:              3365        19.23 %  of conflicts
c conflicts:                 17496       627.82    per second
c decisions:                 51297      1840.72    per second
c fixed:                       909        14.76 %  of all variables
c learned:                   17122        97.86 %  per conflict
c learned_lits:            3105058       100.00 %  learned literals
c minimized:                     0         0.00 %  learned literals
c shrunken:                2201064        70.89 %  learned literals
c minishrunken:             133167         4.29 %  learned literals
c propagations:            2575196         0.09 M  per second
c reduced:                    7816        44.67 %  per conflict
c rephased:                      5      3499.20    interval
c restarts:                    314        55.72    interval
c stabilizing:                   2        57.19 %  of conflicts
c substituted:                  12         0.19 %  of all variables
c subsumed:                   5117         0.15 %  of all clauses
c ternary:                    2854         0.64 %  of resolved
c weakened:                     24         2.00    average size
c 
c seconds are measured in process time for solving
c 
c --- [ resources ] ----------------------------------------------------------
c 
c total process time since initialization:        47.22    seconds
c total real time since initialization:           47.28    seconds
c maximum resident set size of process:         1656.88    MB
c 
c --- [ shutting down ] ------------------------------------------------------
c 
c exit 10
WARNING! DIMACS header mismatch: wrong number of variables.
============================[ Problem Statistics ]=============================
|                                                                             |
|  Number of variables:          6120                                         |
|  Number of clauses:          120545                                         |
|  Parse time:                   0.73 s                                       |
|  Simplification time:          0.01 s                                       |
|                                                                             |
============================[ Search Statistics ]====================================================
| Conflicts |          ORIGINAL         |          LEARNT          | Num Sols |      SUBGRAPHS      |
|           |    Vars  Clauses Literals |    Limit  Clauses Lit/Cl |          | Canonical Noncanon. |
=====================================================================================================
|       100 |    6024   120545 12247271 |     2000      100    133 |        0 |        13         0 |
|       761 |    6024   121056 12254284 |     2000      761     32 |        0 |        99       511 |
|      2284 |    6024   122354 12269826 |     3600     1284     10 |        0 |       266      1809 |
|      4069 |    6024   123802 12286488 |     3600     3069     16 |        0 |       377      3257 |
|      4587 |    6024   123814 12286683 |     3600     3587     26 |        0 |       377      3269 |
|      5484 |    6024   123952 12288487 |     5005     2689     33 |        0 |       399      3407 |
|      6963 |    6024   124292 12291848 |     5005     4168     44 |        0 |       432      3747 |
|      9826 |    6024   125447 12304577 |     6304     4530     22 |        0 |       533      4902 |
=====================================================================================================
Number of solutions   : 0
Canonical subgraphs   : 658            (53 /sec)
          order  3    : 1              (125000 /sec)
          order  4    : 1              (500000 /sec)
          order  5    : 1              (200000 /sec)
          order  6    : 1              (52632 /sec)
          order  7    : 1              (8264 /sec)
          order  8    : 1              (2155 /sec)
          order  9    : 2              (842 /sec)
          order 10    : 5              (379 /sec)
          order 11    : 12             (225 /sec)
          order 12    : 19             (184 /sec)
          order 13    : 17             (134 /sec)
          order 14    : 122            (98 /sec)
          order 15    : 355            (62 /sec)
          order 16    : 93             (26 /sec)
          order 17    : 17             (18 /sec)
          order 18    : 9              (13 /sec)
          order 19    : 1              (11 /sec)
          order 20    : 0              (-nan /sec)
          order 21    : 0              (-nan /sec)
          order 22    : 0              (-nan /sec)
Noncanonical subgraphs: 7395           (352 /sec)
          order  3    : 0              (-nan /sec)
          order  4    : 0              (-nan /sec)
          order  5    : 0              (-nan /sec)
          order  6    : 0              (-nan /sec)
          order  7    : 0              (-nan /sec)
          order  8    : 0              (-nan /sec)
          order  9    : 0              (-nan /sec)
          order 10    : 0              (-nan /sec)
          order 11    : 0              (-nan /sec)
          order 12    : 0              (-nan /sec)
          order 13    : 50             (37064 /sec)
          order 14    : 548            (5346 /sec)
          order 15    : 848            (1792 /sec)
          order 16    : 5475           (326 /sec)
          order 17    : 177            (142 /sec)
          order 18    : 279            (132 /sec)
          order 19    : 18             (70 /sec)
          order 20    : 0              (-nan /sec)
          order 21    : 0              (-nan /sec)
Canonicity checking   : 12.5291 s
Noncanonicity checking: 21.0067 s
Total canonicity time : 33.5358 s
database reductions   : 4
restarts              : 62
conflicts             : 14529          (385 /sec)
decisions             : 38160          (0.00 % random) (1011 /sec)
propagations          : 1649017        (43690 /sec)
conflict literals     : 646377         (52.32 % deleted)
actual reward         : 0.086382
Memory used           : 93.00 MB
CPU time              : 37.7434 s

UNSATISFIABLE
