c --- [ banner ] -------------------------------------------------------------
c 
c CaDiCaL Radically Simplified CDCL SAT Solver
c Copyright (c) 2016-2021 A. Biere, M. Fleury, N. Froleyks
c 
c Version 1.5.2 a5f15211db36c3956764e18194dd5bd63bf3b5e6
c g++ (GCC) 9.3.0 -Wall -Wextra -O3 -DNDEBUG
c Fri Oct 21 01:27:37 EDT 2022 Linux gra-login3 3.10.0-1160.66.1.el7.x86_64 x86_64
c 
c --- [ limit ] --------------------------------------------------------------
c 
c setting conflict limit to 200000 conflicts (due to '200000')
c 
c --- [ parsing input ] ------------------------------------------------------
c 
c reading DIMACS file from '33.cubes5723.adj'
c opening file to read '33.cubes5723.adj'
c found 'p cnf 6160 1595483' header
c parsed 1595483 clauses in 19.76 seconds process time
c closing file '33.cubes5723.adj'
c after reading 1457566831 bytes 1390.0 MB
c 
c --- [ options ] ------------------------------------------------------------
c 
c all options are set to their default value
c 
c --- [ solving ] ------------------------------------------------------------
c 
c time measured in process time since initialization
c 
c  seconds    reductions  redundant   irredundant
c          MB     restarts       trail       variables
c            level   conflicts       glue         remaining
c 
c * 19.76 1381  0 0   0    0    0  0% 0 1595422 2312 38%
c { 20.40 1416  0 0   0    0    0  0% 0 1595422 2312 38%
c i 24.84 1513 437 0  14   78   69 31% 12 1595422 2311 38%
c i 25.13 1517 389 0  16   88   78 31% 15 1595422 2310 38%
c i 25.66 1522 333 0  21  104   90 30% 17 1595422 2309 37%
c i 25.70 1523 321 0  22  108   92 30% 16 1595422 2308 37%
c i 27.03 1532 246 0  31  154  130 28% 20 1595422 2307 37%
c i 27.15 1533 241 0  32  164  138 28% 20 1595422 2306 37%
c i 27.49 1534 142 0  36  282  165 24% 15 1595422 2305 37%
c i 27.50 1534 142 0  36  283  165 24% 15 1595422 2304 37%
c i 27.50 1534 141 0  36  284  165 24% 15 1595422 2303 37%
c i 27.58 1534 139 0  36  290  170 24% 15 1595422 2302 37%
c - 31.54 1484 136 1  38  302  181 25% 16 419800 2302 37%
c i 31.84 1380 134 1  39  311  188 25% 17 419800 2301 37%
c i 31.88 1380 133 1  40  315  191 25% 17 419800 2300 37%
c i 31.91 1380 133 1  41  317  192 25% 17 419800 2294 37%
c i 31.98 1380 132 1  42  322  196 25% 17 419800 2287 37%
c i 32.44 1380 130 1  48  339  212 25% 18 419800 2286 37%
c i 32.57 1380 127 1  52  355  223 25% 19 419800 2285 37%
c i 33.02 1381 127 1  60  385  247 25% 20 419800 2284 37%
c 
c  seconds     reductions  redundant   irredundant
c          MB      restarts       trail       variables
c             level   conflicts       glue         remaining
c 
c i 33.18 1381 124 1  63  394  254 25% 20 419800 2283 37%
c i 33.31 1381 123 1  65  400  259 25% 20 419800 2282 37%
c i 33.54 1381 122 1  67  408  266 25% 20 419800 2281 37%
c i 33.73 1382 122 1  69  415  271 25% 21 419800 2280 37%
c i 33.74 1382 122 1  70  416  271 25% 20 419800 2279 37%
c i 34.52 1382 119 1  81  457  305 25% 22 419800 2278 37%
c i 34.52 1382 119 1  81  458  305 25% 22 419800 2277 37%
c i 35.51 1383 117 1  94  512  356 26% 23 419800 2276 37%
c i 36.60 1384 118 1 111  583  420 26% 27 419800 2275 37%
c i 37.24 1385 115 1 123  627  458 26% 28 419800 2274 37%
c i 38.08 1386 111 1 134  669  495 26% 28 419800 2273 37%
c i 38.41 1386 106 1 134  715  538 26% 28 419800 2272 37%
c i 38.47 1386 105 1 134  722  543 26% 28 419800 2271 37%
c i 39.32 1386 97 1 138  825  633 27% 27 419800 2270 37%
c i 39.39 1386 96 1 138  828  635 27% 27 419800 2269 37%
c i 39.40 1386 96 1 138  829  635 27% 27 419800 2268 37%
c i 39.40 1386 96 1 138  830  635 27% 27 419800 2267 37%
c i 39.48 1386 95 1 138  850  651 27% 27 419800 2266 37%
c i 39.52 1386 94 1 138  863  663 27% 27 419800 2265 37%
c i 39.67 1387 93 1 141  897  686 27% 27 419800 2264 37%
c 
c  seconds    reductions  redundant   irredundant
c          MB     restarts       trail       variables
c            level   conflicts       glue         remaining
c 
c i 39.96 1387 92 1 149  928  707 27% 28 419800 2263 37%
c i 40.31 1387 91 1 153  951  728 27% 28 419800 2262 37%
c i 40.34 1387 91 1 154  956  732 27% 28 419800 2261 37%
c i 40.51 1387 91 1 161  991  756 27% 28 419800 2260 37%
c } 40.64 1387 91 1 161 1001  766 27% 28 419800 2260 37%
c [ 40.64 1387  0 1 161 1001  766  0% 0 419800 2260 37%
c O 40.64 1387  1 1 161 1002  766 13% 0 419800 2260 37%
c i 40.64 1387  1 1 161 1002  766 13% 0 419800 2243 36%
c i 40.94 1387 18 1 161 1076  823 31% 15 419800 2242 36%
c i 40.96 1387 19 1 161 1084  830 32% 15 419800 2241 36%
c ] 40.97 1387 20 1 161 1091  836 32% 16 419800 2241 36%
c 1 40.97 1387 20 1 161 1091  836 32% 16 419800 2241 36%
c 
c --- [ writing output ] -----------------------------------------------------
c 
c writing simplified CNF to DIMACS file 'simp/33.cubes5723.adj.simp1'
c * 40.97 1387 20 1 161 1091  836 32% 16 419800 2241 36%
c opening file to write 'simp/33.cubes5723.adj.simp1'
c writing 'p cnf 6160 418815' header
c closing file 'simp/33.cubes5723.adj.simp1'
c after writing 201819548 bytes 192.5 MB
c wrote 418815 clauses in 1.72 seconds process time
c 
c --- [ writing extension ] --------------------------------------------------
c 
c writing extension stack to 'simp/33.cubes5723.adj.ext1'
c opening file to write 'simp/33.cubes5723.adj.ext1'
c closing file 'simp/33.cubes5723.adj.ext1'
c after writing 11468 bytes 0.0 MB
c wrote 775 witnesses in 0.00 seconds process time
c 
c --- [ result ] -------------------------------------------------------------
c 
s SATISFIABLE
c 
c --- [ run-time profiling ] -------------------------------------------------
c 
c process time taken by individual solving procedures
c (percentage relative to process time for solving)
c 
c        21.21  100.00% search
c        20.24   95.44% unstable
c        19.76   93.17% parse
c         0.63    2.98% lucky
c         0.33    1.57% stable
c         0.00    0.00% simplify
c   =================================
c        21.21   49.68% solve
c 
c last line shows process time for solving
c (percentage relative to total process time)
c 
c --- [ statistics ] ---------------------------------------------------------
c 
c chronological:               445        40.79 %  of conflicts
c conflicts:                  1091        51.44    per second
c decisions:                 20729       977.28    per second
c fixed:                       775        12.58 %  of all variables
c learned:                    1055        96.70 %  per conflict
c learned_lits:             116621       100.00 %  learned literals
c minimized:                     0         0.00 %  learned literals
c shrunken:                  54321        46.58 %  learned literals
c minishrunken:              10057         8.62 %  learned literals
c propagations:             255621         0.01 M  per second
c rephased:                      1      1091.00    interval
c restarts:                    161         6.78    interval
c stabilizing:                   1         8.25 %  of conflicts
c subsumed:                    175         0.01 %  of all clauses
c 
c seconds are measured in process time for solving
c 
c --- [ resources ] ----------------------------------------------------------
c 
c total process time since initialization:        42.70    seconds
c total real time since initialization:           47.34    seconds
c maximum resident set size of process:         1534.35    MB
c 
c --- [ shutting down ] ------------------------------------------------------
c 
c exit 10
WARNING! DIMACS header mismatch: wrong number of variables.
============================[ Problem Statistics ]=============================
|                                                                             |
|  Number of variables:          6120                                         |
|  Number of clauses:          418815                                         |
|  Parse time:                   2.77 s                                       |
|  Simplification time:          0.06 s                                       |
|                                                                             |
============================[ Search Statistics ]====================================================
| Conflicts |          ORIGINAL         |          LEARNT          | Num Sols |      SUBGRAPHS      |
|           |    Vars  Clauses Literals |    Limit  Clauses Lit/Cl |          | Canonical Noncanon. |
=====================================================================================================
|       150 |    6026   418865 43593908 |     2000      148     15 |        0 |        49        50 |
|       378 |    6016   418943 43595587 |     2000      367     38 |        0 |        73       128 |
|       690 |    6014   419030 43597219 |     2000      677     55 |        0 |       127       215 |
|      1033 |    6012   419036 43597583 |     2000     1018     74 |        0 |       132       221 |
|      1561 |    6004   419058 43598088 |     2000     1538     92 |        0 |       160       243 |
|      2339 |    6000   419077 43598790 |     3587     1326     57 |        0 |       192       262 |
|      3667 |    5994   419266 43602057 |     3587     2648     69 |        0 |       337       451 |
|      5419 |    5994   419310 43603218 |     4994     2613     52 |        0 |       364       495 |
|      8072 |    5994   419401 43605320 |     6297     2769     37 |        0 |       420       586 |
|     12873 |    5992   420358 43623082 |     7554     4427     39 |        0 |       606      1543 |
|     20010 |    5990   421729 43652010 |     8779     7788     51 |        0 |       821      2914 |
|     30409 |    5986   423479 43685746 |    11195     8803     42 |        0 |      1279      4664 |
|     43756 |    5986   423852 43693334 |    13613    10369     49 |        0 |      1418      5037 |
|     63730 |    5981   424365 43702304 |    17216     8146     23 |        0 |      1572      5550 |
|     93424 |    5981   424867 43711543 |    20813    10237     30 |        0 |      1799      6052 |
|    138377 |    5981   426031 43733541 |    24410    22187     68 |        0 |      2032      7216 |
|    206892 |    5981   428862 43773898 |    30415    23707     61 |        0 |      2690     10047 |
|    306556 |    5981   430000 43795642 |    37617    23173     51 |        0 |      3009     11185 |
|    455444 |    5981   430960 43820620 |    46016    27860     56 |        0 |      3585     12284 |
|    679960 |    5981   433793 43878992 |    55618    51578     79 |        0 |      5201     15117 |
|   1015563 |    5981   436871 43948173 |    68820    48383     57 |        0 |      6861     18195 |
|   1519761 |    5981   442281 44070357 |    84416    58577     57 |        0 |      9108     23605 |
|   2270915 |    5981   445253 44150112 |   103618    62533     53 |        0 |     10095     26577 |
|   3405965 |    5981   458029 44428995 |   126426   110791     63 |        0 |     12809     39353 |
|   5109249 |    5981   477902 44829521 |   155224   131673     66 |        0 |     15761     59226 |
|   7659049 |    5974   494704 45172135 |   189035   186484     76 |        0 |     20123     83910 |
=====================================================================================================
Number of solutions   : 1
Canonical subgraphs   : 24659          (7 /sec)
          order  3    : 1              (200000 /sec)
          order  4    : 1              (500000 /sec)
          order  5    : 1              (200000 /sec)
          order  6    : 1              (55556 /sec)
          order  7    : 1              (8850 /sec)
          order  8    : 2              (1364 /sec)
          order  9    : 6              (315 /sec)
          order 10    : 23             (90 /sec)
          order 11    : 79             (23 /sec)
          order 12    : 386            (7 /sec)
          order 13    : 2053           (5 /sec)
          order 14    : 6676           (7 /sec)
          order 15    : 11590          (8 /sec)
          order 16    : 2774           (7 /sec)
          order 17    : 740            (7 /sec)
          order 18    : 239            (7 /sec)
          order 19    : 42             (9 /sec)
          order 20    : 22             (9 /sec)
          order 21    : 21             (9 /sec)
          order 22    : 1              (1 /sec)
Noncanonical subgraphs: 159148         (83 /sec)
          order  3    : 0              (-nan /sec)
          order  4    : 0              (-nan /sec)
          order  5    : 0              (-nan /sec)
          order  6    : 0              (-nan /sec)
          order  7    : 0              (-nan /sec)
          order  8    : 0              (-nan /sec)
          order  9    : 0              (-nan /sec)
          order 10    : 0              (-nan /sec)
          order 11    : 0              (-nan /sec)
          order 12    : 0              (-nan /sec)
          order 13    : 6845           (8620 /sec)
          order 14    : 15719          (3168 /sec)
          order 15    : 28878          (471 /sec)
          order 16    : 107047         (58 /sec)
          order 17    : 621            (103 /sec)
          order 18    : 18             (30 /sec)
          order 19    : 0              (-nan /sec)
          order 20    : 0              (-nan /sec)
          order 21    : 0              (-nan /sec)
Canonicity checking   : 3436.51 s
Noncanonicity checking: 1919.83 s
Total canonicity time : 5356.34 s
database reductions   : 189
restarts              : 16383
conflicts             : 11148649       (757 /sec)
decisions             : 13666675       (0.00 % random) (928 /sec)
propagations          : 1328870952     (90275 /sec)
conflict literals     : 1156415756     (56.30 % deleted)
actual reward         : 0.112407
Memory used           : 639.00 MB
CPU time              : 14720.2 s

UNSATISFIABLE
