c --- [ banner ] -------------------------------------------------------------
c 
c CaDiCaL Radically Simplified CDCL SAT Solver
c Copyright (c) 2016-2021 A. Biere, M. Fleury, N. Froleyks
c 
c Version 1.5.2 a5f15211db36c3956764e18194dd5bd63bf3b5e6
c g++ (GCC) 9.3.0 -Wall -Wextra -O3 -DNDEBUG
c Fri Oct 21 01:27:37 EDT 2022 Linux gra-login3 3.10.0-1160.66.1.el7.x86_64 x86_64
c 
c --- [ limit ] --------------------------------------------------------------
c 
c setting conflict limit to 200000 conflicts (due to '200000')
c 
c --- [ parsing input ] ------------------------------------------------------
c 
c reading DIMACS file from '33.cubes4288.adj'
c opening file to read '33.cubes4288.adj'
c found 'p cnf 6160 1595476' header
c parsed 1595476 clauses in 19.88 seconds process time
c closing file '33.cubes4288.adj'
c after reading 1457566779 bytes 1390.0 MB
c 
c --- [ options ] ------------------------------------------------------------
c 
c all options are set to their default value
c 
c --- [ solving ] ------------------------------------------------------------
c 
c time measured in process time since initialization
c 
c  seconds    reductions  redundant   irredundant
c          MB     restarts       trail       variables
c            level   conflicts       glue         remaining
c 
c * 19.88 1376  0 0   0    0    0  0% 0 1595422 2423 39%
c { 21.32 1441  0 0   0    0    0  0% 0 1595422 2423 39%
c i 24.05 1496 744 0   4   76   52 28% 20 1595422 2421 39%
c i 24.24 1499 684 0   6   82   57 28% 22 1595422 2420 39%
c i 24.45 1501 563 0   9   96   67 29% 24 1595422 2419 39%
c i 24.51 1502 551 0  10  101   68 29% 24 1595422 2418 39%
c i 24.51 1502 544 0  11  102   68 29% 24 1595422 2417 39%
c i 24.52 1502 531 0  11  104   69 29% 24 1595422 2416 39%
c i 24.52 1502 525 0  12  105   69 29% 23 1595422 2415 39%
c i 24.54 1502 513 0  12  107   70 29% 23 1595422 2414 39%
c i 24.70 1502 472 0  14  117   77 29% 26 1595422 2412 39%
c i 25.50 1514 410 0  19  136   94 29% 28 1595422 2411 39%
c i 26.63 1521 325 0  30  177  133 29% 38 1595422 2410 39%
c i 26.64 1521 323 0  30  178  133 29% 37 1595422 2369 38%
c i 26.64 1521 319 0  30  180  134 29% 37 1595422 2368 38%
c i 27.17 1523 276 0  39  213  164 29% 39 1595422 2367 38%
c i 27.31 1523 268 0  41  220  170 29% 38 1595422 2349 38%
c i 27.34 1525 266 0  42  222  171 29% 38 1595422 2345 38%
c i 27.42 1525 264 0  43  225  173 29% 38 1595422 2344 38%
c i 27.76 1526 235 0  46  260  206 29% 38 1595422 2343 38%
c 
c  seconds     reductions  redundant    irredundant
c          MB      restarts       trail        variables
c             level   conflicts       glue          remaining
c 
c i 27.79 1527 232 0  46  263  208 29% 37 1595422 2342 38%
c i 27.94 1527 226 0  46  274  217 29% 37 1595422 2341 38%
c - 32.13 1428 214 1  50  301  241 29% 39 237225 2341 38%
c i 32.39 1359 206 1  52  319  257 29% 39 237225 2340 38%
c i 32.48 1359 180 1  52  373  305 29% 37 237225 2339 38%
c i 32.50 1359 180 1  52  374  305 29% 37 237225 2338 38%
c i 32.50 1359 179 1  52  375  305 29% 37 237225 2337 38%
c i 32.50 1359 179 1  52  376  305 29% 37 237225 2336 38%
c i 32.71 1359 168 1  52  415  335 29% 37 237225 2335 38%
c i 32.84 1359 154 1  52  460  366 29% 35 237225 2334 38%
c i 32.95 1359 147 1  52  503  395 29% 37 237225 2333 38%
c i 33.20 1359 144 1  58  526  413 29% 37 237225 2332 38%
c i 33.23 1359 141 1  58  536  422 29% 36 237225 2331 38%
c i 33.24 1359 141 1  58  537  422 29% 36 237225 2330 38%
c i 33.24 1359 141 1  58  538  422 29% 36 237225 2329 38%
c i 33.24 1359 141 1  58  540  423 29% 36 237225 2328 38%
c i 33.34 1359 137 1  58  563  445 29% 36 237225 2327 38%
c i 33.40 1359 131 1  58  606  484 29% 36 237225 2326 38%
c i 33.43 1359 127 1  58  631  504 29% 35 237225 2325 38%
c i 33.51 1359 118 1  58  706  571 29% 34 237225 2324 38%
c 
c  seconds     reductions  redundant   irredundant
c          MB      restarts       trail       variables
c             level   conflicts       glue         remaining
c 
c i 33.55 1359 117 1  58  712  576 29% 35 237225 2323 38%
c i 33.58 1359 116 1  58  728  587 29% 34 237225 2322 38%
c i 33.67 1359 114 1  58  755  609 29% 35 237225 2321 38%
c i 33.70 1359 114 1  59  756  609 29% 35 237225 2320 38%
c i 33.71 1359 114 1  59  757  609 29% 35 237225 2319 38%
c i 33.73 1359 113 1  59  762  613 29% 35 237225 2318 38%
c i 33.77 1359 112 1  59  779  629 29% 34 237225 2317 38%
c i 33.77 1359 112 1  59  780  629 29% 34 237225 2316 38%
c i 33.82 1359 110 1  59  799  642 29% 34 237225 2315 38%
c i 33.90 1359 108 1  59  834  670 29% 34 237225 2314 38%
c i 33.93 1359 107 1  59  843  677 29% 34 237225 2313 38%
c i 33.99 1359 106 1  59  859  692 29% 34 237225 2312 38%
c i 34.04 1359 105 1  59  895  720 29% 34 237225 2310 38%
c i 34.09 1359 105 1  60  915  731 29% 34 237225 2309 37%
c i 34.13 1359 104 1  60  926  741 29% 34 237225 2308 37%
c i 34.29 1359 103 1  60  952  764 29% 34 237225 2307 37%
c i 34.38 1359 100 1  60  994  800 29% 33 237225 2306 37%
c } 34.39 1359 99 1  60 1001  807 29% 34 237225 2306 37%
c [ 34.39 1359  0 1  60 1001  807  0% 0 237225 2306 37%
c O 34.39 1359  1 1  60 1002  808 12% 1 237225 2306 37%
c 
c  seconds    reductions  redundant   irredundant
c          MB     restarts       trail       variables
c            level   conflicts       glue         remaining
c 
c i 34.49 1359 20 1  60 1027  831 28% 16 237225 2305 37%
c i 34.54 1359 23 1  60 1048  848 30% 19 237225 2304 37%
c i 34.57 1359 23 1  60 1063  859 30% 19 237225 2303 37%
c - 35.11 1462 27 2  60 1129  785 30% 22 237116 2303 37%
c i 35.39 1462 27 2  60 1394  930 31% 23 237116 2302 37%
c i 35.42 1462 27 2  60 1467  963 31% 23 237116 2301 37%
c i 35.71 1462 27 2  61 2252 1381 31% 24 237116 2300 37%
c - 36.00 1462 27 3  61 2367 1038 31% 24 237107 2300 37%
c ] 36.50 1462 26 3  61 3001 1383 54% 23 237107 2300 37%
c { 36.50 1462 99 3  61 3001 1383 78% 34 237107 2300 37%
c F 36.53 1462 99 3  61 3003 1385 78% 33 237107 2300 37%
c i 36.68 1462 96 3  61 3048 1418 76% 33 237107 2299 37%
c i 37.76 1462 69 3 104 3885 2071 65% 31 237107 2298 37%
c i 38.55 1462 71 3 137 4009 2187 63% 32 237107 2297 37%
c - 38.77 1360 71 4 137 4023 1640 63% 32 237099 2297 37%
c i 38.95 1360 70 4 137 4054 1667 63% 32 237099 2296 37%
c i 38.98 1360 70 4 137 4059 1671 63% 32 237099 2295 37%
c i 39.05 1360 70 4 137 4067 1678 63% 31 237099 2294 37%
c i 39.91 1360 71 4 155 4256 1847 62% 32 237099 2293 37%
c d 40.90 1360 61 4 183 5006 2413 58% 30 237067 2284 37%
c 
c  seconds    reductions  redundant   irredundant
c          MB     restarts       trail       variables
c            level   conflicts       glue         remaining
c 
c 2 40.96 1360 61 4 183 5006 3175 58% 30 237054 2284 37%
c p 46.85 1360 61 4 183 5006 6191 58% 30 237054 2208 36%
c d 47.26 1360 61 4 183 5006 6000 58% 30 236612 2204 36%
c # 48.03 1360 53 4 184 6006 6778 57% 28 236612 2204 36%
c - 48.40 1456 53 5 184 6087 2505 56% 28 236612 2204 36%
c } 48.86 1456 47 5 190 7001 3182 55% 26 236612 2204 36%
c [ 48.86 1456 26 5 190 7001 3182 54% 23 236612 2204 36%
c - 50.07 1362 30 6 191 8561 2826 51% 26 236612 2204 36%
c I 50.87 1362 30 6 192 10007 3728 51% 26 236612 2204 36%
c - 51.81 1362 43 7 194 11446 3469 49% 35 236612 2204 36%
c - 53.00 1362 52 8 195 14745 4110 48% 43 236612 2204 36%
c ] 53.12 1362 53 8 195 15001 4286 48% 43 236612 2204 36%
c { 53.12 1362 47 8 195 15001 4286 55% 26 236612 2204 36%
c 2 53.18 1362 47 8 195 15006 5160 55% 26 236610 2204 36%
c p 55.97 1362 47 8 195 15006 8126 55% 26 236610 2203 36%
c B 56.13 1362 47 8 196 15010 8129 55% 26 236610 2203 36%
c - 63.04 1363 44 9 412 18454 5046 52% 26 236607 2203 36%
c s 63.85 1363 44 9 437 18726 5087 52% 26 234646 2203 36%
c v 67.08 1363 44 9 437 18726 5087 52% 26 234622 2203 36%
c t 67.19 1363 44 9 437 18726 5075 52% 26 234609 2203 36%
c 
c  seconds    reductions   redundant   irredundant
c          MB     restarts        trail       variables
c            level    conflicts       glue        remaining
c 
c e 68.09 1366 44 9 437 18726 4769 52% 26 231679 764 12%
c s 68.19 1366 44 9 437 18726 4768 52% 26 230528 764 12%
c W 72.40 1366 43 9 570 21012 6536 79% 26 230528 764 12%
c - 74.74 1366 42 10 675 22577 6217 78% 26 230528 764 12%
c - 77.68 1366 38 11 749 27073 6039 77% 25 230528 764 12%
c F 78.06 1366 37 11 757 28013 6583 77% 24 230528 764 12%
c 2 81.63 1366 37 11 900 30008 8262 77% 24 230524 764 12%
c p 84.87 1366 37 11 900 30008 10004 77% 24 230524 761 12%
c } 85.72 1366 36 11 912 31001 10609 77% 24 230524 761 12%
c [ 85.72 1366 53 11 912 31001 10609 143% 43 230524 761 12%
c - 86.27 1366 50 12 912 31978 6345 136% 41 230515 761 12%
c B 87.75 1366 43 12 915 36014 9165 118% 35 230515 761 12%
c - 88.53 1366 43 13 915 37298 7144 114% 35 230515 761 12%
c - 91.24 1366 40 14 919 43022 7728 104% 33 230515 761 12%
c W 93.22 1366 39 14 919 45015 9097 102% 33 230515 761 12%
c - 94.77 1366 38 15 920 49155 8266 98% 32 230515 761 12%
c p 96.62 1366 37 15 920 50009 10982 97% 31 230515 761 12%
c s 97.43 1366 37 15 920 51678 12139 96% 31 229118 761 12%
c v 100.52 1366 37 15 920 51678 12139 96% 31 229095 761 12%
c w 100.66 1366 37 15 920 51678 12137 96% 31 229095 761 12%
c 
c  seconds     reductions     redundant   irredundant
c           MB      restarts         trail       variables
c             level     conflicts        glue        remaining
c 
c t 100.66 1366 37 15 920 51678 12135 96% 31 229094 761 12%
c e 101.52 1367 37 15 920 51678 12092 96% 31 229092 759 12%
c s 101.67 1367 37 15 920 51678 12091 96% 31 227780 759 12%
c O 103.99 1367 35 15 921 55017 14266 94% 30 227780 759 12%
c - 104.40 1367 35 16 922 55695 8626 94% 30 227780 759 12%
c - 107.81 1367 33 17 926 62619 8527 91% 28 227780 759 12%
c ] 107.96 1367 33 17 927 63001 8739 91% 28 227780 759 12%
c { 107.96 1367 36 17 927 63001 8739 77% 24 227780 759 12%
c B 109.52 1367 34 17 952 66019 10653 77% 24 227780 759 12%
c - 111.88 1367 33 18 988 69949 9658 77% 23 227780 759 12%
c p 116.10 1367 31 18 1006 75012 15572 77% 22 227780 759 12%
c - 118.01 1367 30 19 1045 77686 10250 77% 22 227780 759 12%
c W 118.38 1367 30 19 1047 78020 10487 77% 22 227780 759 12%
c - 123.50 1367 28 20 1259 85837 10351 77% 21 227780 759 12%
c # 125.88 1367 27 20 1282 91022 13643 78% 20 227780 759 12%
c - 129.02 1367 27 21 1389 94389 11031 78% 19 227780 759 12%
c - 137.36 1367 26 22 1801 103350 11950 78% 19 227780 759 12%
c p 140.23 1367 26 22 1852 105012 15690 78% 19 227780 759 12%
c B 140.52 1367 26 22 1852 105029 15703 78% 19 227780 759 12%
c - 143.28 1367 25 23 1961 112716 12193 78% 19 227780 759 12%
c 
c  seconds     reductions       redundant   irredundant
c           MB      restarts           trail       variables
c             level      conflicts         glue        remaining
c 
c W 146.44 1367 24 23 2026 120030 16351 78% 18 227780 759 12%
c - 147.60 1367 24 24 2027 122492 12274 78% 18 227780 759 12%
c } 149.18 1367 23 24 2042 127004 14617 78% 18 227780 759 12%
c [ 149.18 1367 33 24 2042 127004 14617 91% 28 227780 759 12%
c - 151.92 1367 32 25 2044 132674 12224 89% 27 227780 759 12%
c B 153.35 1367 31 25 2046 136031 14175 88% 26 227780 759 12%
c p 157.30 1367 30 25 2049 140012 19651 88% 26 227780 759 12%
c - 159.59 1367 31 26 2049 143264 13827 87% 27 227780 759 12%
c W 165.49 1367 33 26 2051 153032 20374 86% 29 227780 759 12%
c - 166.03 1367 35 27 2051 154260 15127 86% 29 227780 759 12%
c - 170.25 1367 35 28 2051 165665 15723 84% 30 227780 759 12%
c I 172.47 1367 35 28 2054 171035 19473 83% 30 227780 759 12%
c - 177.13 1367 36 29 2058 177476 16793 83% 30 227780 759 12%
c p 180.28 1367 36 29 2058 180013 21621 83% 31 227780 759 12%
c - 186.10 1367 37 30 2065 189697 17167 82% 31 227780 759 12%
c B 186.36 1367 37 30 2065 190036 17392 82% 31 227780 759 12%
c ] 191.55 1367 36 30 2066 200003 24392 81% 30 227780 759 12%
c ? 191.55 1367 36 30 2066 200003 24392 81% 30 227780 759 12%
c 
c --- [ writing output ] -----------------------------------------------------
c 
c writing simplified CNF to DIMACS file 'simp/33.cubes4288.adj.simp1'
c * 191.55 1367 36 30 2066 200003 24392 81% 30 227780 759 12%
c opening file to write 'simp/33.cubes4288.adj.simp1'
c writing 'p cnf 6160 227780' header
c closing file 'simp/33.cubes4288.adj.simp1'
c after writing 108882755 bytes 103.8 MB
c wrote 227780 clauses in 0.85 seconds process time
c 
c --- [ writing extension ] --------------------------------------------------
c 
c writing extension stack to 'simp/33.cubes4288.adj.ext1'
c opening file to write 'simp/33.cubes4288.adj.ext1'
c closing file 'simp/33.cubes4288.adj.ext1'
c after writing 96575 bytes 0.1 MB
c wrote 4213 witnesses in 0.00 seconds process time
c 
c --- [ result ] -------------------------------------------------------------
c 
c UNKNOWN
c 
c --- [ run-time profiling ] -------------------------------------------------
c 
c process time taken by individual solving procedures
c (percentage relative to process time for solving)
c 
c       139.01   80.98% search
c        75.54   44.00% unstable
c        58.91   34.32% stable
c        32.66   19.02% simplify
c        20.89   12.17% probe
c        19.88   11.58% parse
c         6.52    3.80% vivify
c         3.38    1.97% elim
c         3.12    1.82% walk
c         1.44    0.84% lucky
c         0.48    0.28% subsume
c         0.26    0.15% ternary
c   =================================
c       171.68   89.23% solve
c 
c last line shows process time for solving
c (percentage relative to total process time)
c 
c --- [ statistics ] ---------------------------------------------------------
c 
c chronological:             32631        16.32 %  of conflicts
c conflicts:                200003      1165.01    per second
c decisions:                335000      1951.36    per second
c eliminated:                 1441        23.39 %  of all variables
c fixed:                       803        13.04 %  of all variables
c learned:                  196030        98.01 %  per conflict
c learned_lits:           39705251       100.00 %  learned literals
c minimized:                     0         0.00 %  learned literals
c shrunken:               25719972        64.78 %  learned literals
c minishrunken:            2919996         7.35 %  learned literals
c propagations:           11830186         0.07 M  per second
c reduced:                  108922        54.46 %  per conflict
c rephased:                     19     10526.47    interval
c restarts:                   2066        96.81    interval
c stabilizing:                   4        57.50 %  of conflicts
c substituted:                  13         0.21 %  of all variables
c subsumed:                  68512         1.84 %  of all clauses
c strengthened:               7811         0.21 %  of all clauses
c ternary:                    3010         0.62 %  of resolved
c vivified:                     79         0.00 %  of all clauses
c walked:                        5     40000.60    interval
c weakened:                   3410         3.12    average size
c 
c seconds are measured in process time for solving
c 
c --- [ resources ] ----------------------------------------------------------
c 
c total process time since initialization:       192.41    seconds
c total real time since initialization:          192.57    seconds
c maximum resident set size of process:         1565.16    MB
c 
c --- [ shutting down ] ------------------------------------------------------
c 
c exit 0
WARNING! DIMACS header mismatch: wrong number of variables.
============================[ Problem Statistics ]=============================
|                                                                             |
|  Number of variables:          2814                                         |
|  Number of clauses:          227784                                         |
|  Parse time:                   1.47 s                                       |
|  Simplification time:          0.03 s                                       |
|                                                                             |
============================[ Search Statistics ]====================================================
| Conflicts |          ORIGINAL         |          LEARNT          | Num Sols |      SUBGRAPHS      |
|           |    Vars  Clauses Literals |    Limit  Clauses Lit/Cl |          | Canonical Noncanon. |
=====================================================================================================
|       117 |    2724   227801 23413303 |     2000      117    160 |        0 |        22        17 |
|      1431 |    2724   228965 23433238 |     2000     1431     31 |        0 |       268      1181 |
|      4046 |    2724   231355 23471306 |     3602     3048     15 |        0 |       629      3571 |
|     11206 |    2724   238178 23582003 |     6303     5909     15 |        0 |      1303     10394 |
|     18970 |    2724   245436 23697647 |     8781     6751     14 |        0 |      1867     17652 |
|     26622 |    2724   252329 23793729 |    11203     5025     11 |        0 |      2233     24545 |
|     41729 |    2724   266297 23994055 |    13605     8334     11 |        0 |      2974     38513 |
|     59756 |    2724   282616 24211886 |    16009    12165     10 |        0 |      3641     54832 |
|    100843 |    2674   321140 24707736 |    20818    17661     10 |        0 |      4855     93357 |
=====================================================================================================
Number of solutions   : 0
Canonical subgraphs   : 5299           (32 /sec)
          order  3    : 1              (200000 /sec)
          order  4    : 1              (500000 /sec)
          order  5    : 1              (250000 /sec)
          order  6    : 1              (55556 /sec)
          order  7    : 1              (8772 /sec)
          order  8    : 2              (1364 /sec)
          order  9    : 4              (240 /sec)
          order 10    : 9              (46 /sec)
          order 11    : 41             (20 /sec)
          order 12    : 305            (23 /sec)
          order 13    : 1148           (39 /sec)
          order 14    : 3785           (32 /sec)
          order 15    : 0              (-nan /sec)
          order 16    : 0              (-nan /sec)
          order 17    : 0              (-nan /sec)
          order 18    : 0              (-nan /sec)
          order 19    : 0              (-nan /sec)
          order 20    : 0              (-nan /sec)
          order 21    : 0              (-nan /sec)
          order 22    : 0              (-nan /sec)
Noncanonical subgraphs: 113684         (232 /sec)
          order  3    : 0              (-nan /sec)
          order  4    : 0              (-nan /sec)
          order  5    : 0              (-nan /sec)
          order  6    : 0              (-nan /sec)
          order  7    : 0              (-nan /sec)
          order  8    : 0              (-nan /sec)
          order  9    : 0              (-nan /sec)
          order 10    : 0              (-nan /sec)
          order 11    : 0              (-nan /sec)
          order 12    : 0              (-nan /sec)
          order 13    : 9735           (1407 /sec)
          order 14    : 10595          (7000 /sec)
          order 15    : 93354          (194 /sec)
          order 16    : 0              (-nan /sec)
          order 17    : 0              (-nan /sec)
          order 18    : 0              (-nan /sec)
          order 19    : 0              (-nan /sec)
          order 20    : 0              (-nan /sec)
          order 21    : 0              (-nan /sec)
Canonicity checking   : 165.245 s
Noncanonicity checking: 490.333 s
Total canonicity time : 655.578 s
database reductions   : 17
restarts              : 330
conflicts             : 123409         (180 /sec)
decisions             : 248905         (0.00 % random) (362 /sec)
propagations          : 5310275        (7729 /sec)
conflict literals     : 1642980        (62.46 % deleted)
actual reward         : 0.083122
Memory used           : 150.00 MB
CPU time              : 687.092 s

UNSATISFIABLE
