c --- [ banner ] -------------------------------------------------------------
c 
c CaDiCaL Radically Simplified CDCL SAT Solver
c Copyright (c) 2016-2021 A. Biere, M. Fleury, N. Froleyks
c 
c Version 1.5.2 a5f15211db36c3956764e18194dd5bd63bf3b5e6
c g++ (GCC) 9.3.0 -Wall -Wextra -O3 -DNDEBUG
c Fri Oct 21 01:27:37 EDT 2022 Linux gra-login3 3.10.0-1160.66.1.el7.x86_64 x86_64
c 
c --- [ limit ] --------------------------------------------------------------
c 
c setting conflict limit to 200000 conflicts (due to '200000')
c 
c --- [ parsing input ] ------------------------------------------------------
c 
c reading DIMACS file from '33.cubes3712.adj'
c opening file to read '33.cubes3712.adj'
c found 'p cnf 6160 1595472' header
c parsed 1595472 clauses in 17.52 seconds process time
c closing file '33.cubes3712.adj'
c after reading 1457566758 bytes 1390.0 MB
c 
c --- [ options ] ------------------------------------------------------------
c 
c all options are set to their default value
c 
c --- [ solving ] ------------------------------------------------------------
c 
c time measured in process time since initialization
c 
c  seconds    reductions  redundant   irredundant
c          MB     restarts       trail       variables
c            level   conflicts       glue         remaining
c 
c * 17.52 1386  0 0   0    0    0  0% 0 1595422 2346 38%
c { 18.07 1426  0 0   0    0    0  0% 0 1595422 2346 38%
c i 19.50 1481 595 0   1   44   39 34% 6 1595422 2345 38%
c i 19.50 1481 582 0   1   45   39 34% 6 1595422 2341 38%
c i 24.55 1539 193 0  29  167  152 29% 17 1595422 2337 38%
c i 24.64 1539 190 0  30  172  156 29% 16 1595422 2336 38%
c i 24.88 1541 182 0  33  184  166 29% 16 1595422 2335 38%
c i 25.74 1547 141 0  49  258  214 28% 19 1595422 2334 38%
c i 25.87 1548 137 0  51  268  223 28% 19 1595422 2333 38%
c i 26.01 1548 131 0  55  290  238 28% 20 1595422 2332 38%
c - 29.85 1500 128 1  58  300  247 28% 20 564223 2332 38%
c i 30.12 1446 127 1  59  304  250 28% 20 564223 2331 38%
c i 30.62 1446 117 1  68  340  283 28% 21 564223 2330 38%
c i 30.65 1446 116 1  69  344  286 28% 21 564223 2329 38%
c i 30.65 1446 116 1  69  345  286 28% 21 564223 2328 38%
c i 31.25 1447 86 1  72  534  429 29% 20 564223 2327 38%
c i 31.69 1447 66 1  72  763  578 29% 19 564223 2326 38%
c i 32.03 1447 61 1  76  918  707 29% 20 564223 2325 38%
c } 33.04 1449 62 1  98 1002  782 29% 22 564223 2325 38%
c [ 33.04 1449  0 1  98 1002  782  0% 0 564223 2325 38%
c 
c  seconds    reductions  redundant  irredundant
c          MB     restarts       trail      variables
c            level   conflicts       glue        remaining
c 
c O 33.04 1449  1 1  98 1003  782 11% 0 564223 2325 38%
c i 33.04 1449  1 1  98 1003  782 11% 0 564223 2307 37%
c i 33.04 1449  1 1  98 1004  782 12% 0 564223 2291 37%
c i 33.04 1449  1 1  98 1005  782 12% 0 564223 2272 37%
c i 33.43 1449 21 1  98 1139  897 34% 17 564223 2271 37%
c i 33.52 1449 22 1  98 1246  988 34% 17 564223 2270 37%
c i 33.53 1449 22 1  98 1258  996 34% 17 564223 2269 37%
c - 34.59 1703 23 2  98 1350  968 34% 19 563470 2269 37%
c i 34.86 1703 25 2  98 1466 1043 33% 20 563470 2268 37%
c i 35.14 1703 25 2  98 1954 1331 33% 21 563470 2267 37%
c i 35.58 1703 23 2  99 2735 1743 32% 19 563470 2266 37%
c - 36.35 1701 23 3  99 2925 1307 32% 19 563461 2266 37%
c ] 36.79 1620 23 3  99 3002 1357 52% 19 563461 2266 37%
c { 36.79 1620 62 3  99 3002 1357 80% 22 563461 2266 37%
c F 36.94 1620 62 3 101 3006 1361 80% 22 563461 2266 37%
c i 37.02 1620 62 3 102 3011 1363 79% 22 563461 2258 37%
c i 37.49 1620 61 3 111 3050 1395 78% 22 563461 2257 37%
c i 38.44 1620 58 3 125 3314 1627 71% 22 563461 2256 37%
c i 38.68 1620 59 3 134 3351 1660 71% 23 563461 2255 37%
c i 38.68 1620 59 3 134 3353 1661 71% 23 563461 2254 37%
c 
c  seconds    reductions  redundant   irredundant
c          MB     restarts       trail       variables
c            level   conflicts       glue         remaining
c 
c i 39.30 1620 55 3 144 3510 1798 68% 22 563461 2253 37%
c i 39.84 1620 53 3 147 3728 1983 65% 22 563461 2252 37%
c i 39.94 1620 51 3 147 3863 2078 64% 22 563461 2251 37%
c i 40.03 1620 49 3 147 3962 2142 63% 21 563461 2250 37%
c i 40.27 1620 46 3 147 4131 2238 62% 20 563461 2249 37%
c i 40.53 1620 43 3 147 4426 2471 60% 19 563461 2248 36%
c i 40.53 1620 43 3 147 4427 2471 60% 19 563461 2247 36%
c i 40.58 1620 43 3 147 4484 2518 59% 19 563461 2246 36%
c i 41.69 1620 44 3 181 4630 2654 58% 20 563461 2245 36%
c i 41.70 1620 44 3 181 4657 2671 58% 20 563461 2244 36%
c i 42.10 1620 43 3 181 4754 2753 58% 20 563461 2243 36%
c i 42.16 1620 43 3 181 4761 2755 57% 20 563461 2242 36%
c i 42.24 1620 43 3 181 4776 2766 57% 20 563461 2241 36%
c i 42.35 1620 43 3 184 4799 2782 57% 20 563461 2239 36%
c i 42.35 1620 43 3 184 4801 2783 57% 20 563461 2238 36%
c i 43.82 1620 44 3 210 4947 2914 56% 20 563461 2237 36%
c d 45.17 1621 45 3 223 5002 2960 56% 20 476080 2231 36%
c 3 45.21 1621 45 3 223 5002 3938 56% 20 476080 2231 36%
c 2 45.30 1621 45 3 223 5002 4056 56% 20 476080 2231 36%
c p 48.76 1621 45 3 223 5002 7060 56% 20 476080 2187 36%
c 
c  seconds    reductions  redundant   irredundant
c          MB     restarts       trail       variables
c            level   conflicts       glue         remaining
c 
c d 49.55 1621 45 3 223 5002 6948 56% 20 475949 2182 35%
c - 50.35 1566 45 4 229 5026 2329 56% 20 475949 2182 35%
c # 54.67 1566 43 4 327 6007 3156 54% 21 475949 2182 35%
c } 57.18 1566 43 4 441 7002 3968 52% 22 475949 2182 35%
c [ 57.18 1566 23 4 441 7002 3968 52% 19 475949 2182 35%
c - 58.16 1370 23 5 442 7544 3262 50% 20 475949 2182 35%
c I 61.66 1370 24 5 443 10009 4933 49% 20 475949 2182 35%
c - 63.01 1567 29 6 444 10563 3715 49% 24 475949 2182 35%
c - 65.86 1370 35 7 446 14087 4162 49% 29 475949 2182 35%
c ] 66.45 1370 36 7 446 15005 4689 49% 30 475949 2182 35%
c { 66.45 1370 43 7 446 15005 4689 52% 22 475949 2182 35%
c 2 66.54 1370 43 7 447 15005 5907 52% 22 475949 2182 35%
c p 70.00 1370 43 7 447 15005 9223 52% 22 475949 2182 35%
c B 70.25 1370 43 7 448 15010 9226 52% 22 475949 2182 35%
c - 74.48 1567 34 8 462 18116 4786 50% 20 475949 2182 35%
c s 79.04 1567 36 8 627 18825 5233 50% 21 473330 2182 35%
c v 84.22 1567 36 8 627 18825 5233 50% 21 473321 2182 35%
c w 84.32 1567 36 8 627 18825 5228 50% 21 473321 2182 35%
c t 84.34 1567 36 8 627 18825 5209 50% 21 473315 2182 35%
c e 85.44 1570 36 8 627 18825 4782 50% 21 471348 1000 16%
c 
c  seconds    reductions   redundant   irredundant
c          MB     restarts        trail       variables
c            level    conflicts       glue         remaining
c 
c s 85.57 1570 36 8 627 18825 4782 50% 21 467342 1000 16%
c W 95.89 1374 37 8 868 21012 6435 64% 22 467342 1000 16%
c - 105.51 1570 37 9 979 22645 6205 63% 22 467342 1000 16%
c - 107.79 1374 31 10 993 27658 6295 63% 20 467342 1000 16%
c F 107.99 1374 31 10 993 28013 6565 64% 20 467342 1000 16%
c 3 116.47 1374 30 10 1156 30009 8254 63% 20 467341 1000 16%
c p 122.00 1374 30 10 1156 30009 10392 63% 20 467341 999 16%
c } 124.64 1374 30 10 1159 31008 11171 63% 19 467341 999 16%
c [ 124.64 1374 36 10 1159 31008 11171 112% 30 467341 999 16%
c - 128.07 1569 32 11 1159 33170 7400 101% 27 467338 999 16%
c B 131.04 1569 30 11 1162 36019 9240 92% 25 467338 999 16%
c - 134.40 1374 30 12 1164 39180 8130 86% 25 467338 999 16%
c W 146.48 1374 32 12 1166 45021 11961 80% 27 467338 999 16%
c - 147.89 1570 32 13 1166 45694 8770 80% 27 467338 999 16%
c p 154.44 1570 32 13 1167 50013 14290 77% 27 467338 999 16%
c - 157.74 1374 33 14 1167 52709 9511 76% 28 467338 999 16%
c s 159.74 1374 33 14 1167 54302 10581 75% 28 464631 999 16%
c v 167.95 1374 33 14 1167 54302 10581 75% 28 464623 999 16%
c t 168.22 1374 33 14 1167 54302 10576 75% 28 464623 999 16%
c s 169.63 1376 33 14 1167 54302 10576 75% 28 461190 999 16%
c 
c  seconds     reductions      redundant   irredundant
c           MB      restarts          trail       variables
c             level      conflicts        glue        remaining
c 
c O 172.85 1376 33 14 1168 55022 11016 75% 28 461190 999 16%
c ] 173.90 1376 32 14 1170 56808 12039 74% 28 461190 999 16%
c 1 173.90 1376 32 14 1170 56808 12039 74% 28 461190 999 16%
c 
c --- [ writing output ] -----------------------------------------------------
c 
c writing simplified CNF to DIMACS file 'simp/33.cubes3712.adj.simp1'
c * 173.90 1376 32 14 1170 56808 12039 74% 28 461190 999 16%
c opening file to write 'simp/33.cubes3712.adj.simp1'
c writing 'p cnf 6160 461190' header
c closing file 'simp/33.cubes3712.adj.simp1'
c after writing 223404550 bytes 213.1 MB
c wrote 461190 clauses in 1.43 seconds process time
c 
c --- [ writing extension ] --------------------------------------------------
c 
c writing extension stack to 'simp/33.cubes3712.adj.ext1'
c opening file to write 'simp/33.cubes3712.adj.ext1'
c closing file 'simp/33.cubes3712.adj.ext1'
c after writing 83521 bytes 0.1 MB
c wrote 3691 witnesses in 0.00 seconds process time
c 
c --- [ result ] -------------------------------------------------------------
c 
s SATISFIABLE
c 
c --- [ run-time profiling ] -------------------------------------------------
c 
c process time taken by individual solving procedures
c (percentage relative to process time for solving)
c 
c       121.06   77.41% search
c        71.08   45.45% unstable
c        47.15   30.15% stable
c        35.32   22.59% simplify
c        17.52   11.21% parse
c        14.45    9.24% probe
c        13.67    8.74% vivify
c         4.31    2.76% elim
c         2.28    1.46% walk
c         0.61    0.39% subsume
c         0.55    0.35% lucky
c         0.22    0.14% ternary
c   =================================
c       156.37   89.19% solve
c 
c last line shows process time for solving
c (percentage relative to total process time)
c 
c --- [ statistics ] ---------------------------------------------------------
c 
c chronological:             11194        19.70 %  of conflicts
c conflicts:                 56808       363.28    per second
c decisions:                136954       875.81    per second
c eliminated:                 1182        19.19 %  of all variables
c fixed:                       824        13.38 %  of all variables
c learned:                   55562        97.81 %  per conflict
c learned_lits:            9271331       100.00 %  learned literals
c minimized:                     0         0.00 %  learned literals
c shrunken:                6003909        64.76 %  learned literals
c minishrunken:             571353         6.16 %  learned literals
c propagations:            5992559         0.04 M  per second
c reduced:                   26165        46.06 %  per conflict
c rephased:                     10      5680.80    interval
c restarts:                   1170        48.55    interval
c stabilizing:                   3        63.02 %  of conflicts
c substituted:                  11         0.18 %  of all variables
c subsumed:                  29884         0.88 %  of all clauses
c strengthened:               5119         0.15 %  of all clauses
c ternary:                    3312         0.64 %  of resolved
c vivified:                     29         0.00 %  of all clauses
c walked:                        2     28404.00    interval
c weakened:                   2867         3.23    average size
c 
c seconds are measured in process time for solving
c 
c --- [ resources ] ----------------------------------------------------------
c 
c total process time since initialization:       175.33    seconds
c total real time since initialization:          181.73    seconds
c maximum resident set size of process:         1953.89    MB
c 
c --- [ shutting down ] ------------------------------------------------------
c 
c exit 10
WARNING! DIMACS header mismatch: wrong number of variables.
============================[ Problem Statistics ]=============================
|                                                                             |
|  Number of variables:          4041                                         |
|  Number of clauses:          461190                                         |
|  Parse time:                   3.17 s                                       |
|  Simplification time:          0.09 s                                       |
|                                                                             |
============================[ Search Statistics ]====================================================
| Conflicts |          ORIGINAL         |          LEARNT          | Num Sols |      SUBGRAPHS      |
|           |    Vars  Clauses Literals |    Limit  Clauses Lit/Cl |          | Canonical Noncanon. |
=====================================================================================================
|       613 |    3950   461703 48478308 |     2000      613     17 |        0 |       102       513 |
|      1751 |    3950   462691 48495147 |     2000     1751     18 |        0 |       533      1501 |
|      1995 |    3950   462710 48495436 |     2000     1995     24 |        0 |       539      1520 |
|      2350 |    3950   462728 48495860 |     3601     1351     36 |        0 |       551      1538 |
|      2860 |    3950   462732 48496007 |     3601     1861     51 |        0 |       556      1542 |
|      3671 |    3950   462784 48497019 |     3601     2672     61 |        0 |       576      1594 |
|      4887 |    3950   462861 48498668 |     5002     2089     25 |        0 |       609      1671 |
|      6703 |    3950   462969 48500732 |     5002     3905     61 |        0 |       635      1779 |
|      9489 |    3950   463193 48504074 |     6305     4194     44 |        0 |       702      2003 |
|     13435 |    3950   463295 48506393 |     7556     4991     44 |        0 |       743      2105 |
|     19634 |    3950   463728 48512985 |     8782     7416     57 |        0 |       822      2538 |
|     28505 |    3950   463950 48517219 |    11201     6906     37 |        0 |       914      2760 |
|     41835 |    3950   464306 48522750 |    13616     8451     40 |        0 |      1042      3116 |
|     61467 |    3950   464477 48526097 |    16009    13876     54 |        0 |      1127      3287 |
|     92321 |    3950   466139 48548592 |    19611    18932     59 |        0 |      1964      4949 |
|    137050 |    3950   467079 48565645 |    24406    20856     54 |        0 |      2265      5889 |
|    202887 |    3950   467232 48570570 |    30412    19699     40 |        0 |      2341      6042 |
|    304051 |    3950   469870 48624856 |    37616    20667     28 |        0 |      3166      8680 |
|    455899 |    3950   473929 48710616 |    46014    28313     34 |        0 |      5596     12739 |
|    678643 |    3950   474990 48740201 |    55616    50259     59 |        0 |      5916     13800 |
|   1012930 |    3950   476752 48791210 |    68817    45747     41 |        0 |      6471     15562 |
|   1518189 |    3950   483223 48918990 |    84422    57011     46 |        0 |      9521     22033 |
|   2268453 |    3950   485305 48973190 |   103614    60067     37 |        0 |     10122     24115 |
|   3411527 |    3943   502213 49288245 |   126431   114819     61 |        5 |     18714     44910 |
|   5102958 |    3943   510233 49452593 |   155225   125383     50 |        5 |     20804     52930 |
=====================================================================================================
Number of solutions   : 5
Canonical subgraphs   : 21444          (4 /sec)
          order  3    : 1              (250000 /sec)
          order  4    : 1              (500000 /sec)
          order  5    : 1              (250000 /sec)
          order  6    : 1              (50000 /sec)
          order  7    : 1              (8000 /sec)
          order  8    : 1              (925 /sec)
          order  9    : 2              (136 /sec)
          order 10    : 6              (29 /sec)
          order 11    : 23             (8 /sec)
          order 12    : 124            (2 /sec)
          order 13    : 192            (1 /sec)
          order 14    : 1219           (1 /sec)
          order 15    : 6997           (5 /sec)
          order 16    : 11058          (5 /sec)
          order 17    : 1239           (5 /sec)
          order 18    : 422            (4 /sec)
          order 19    : 123            (3 /sec)
          order 20    : 21             (4 /sec)
          order 21    : 7              (4 /sec)
          order 22    : 5              (1 /sec)
Noncanonical subgraphs: 55714          (75 /sec)
          order  3    : 0              (-nan /sec)
          order  4    : 0              (-nan /sec)
          order  5    : 0              (-nan /sec)
          order  6    : 0              (-nan /sec)
          order  7    : 0              (-nan /sec)
          order  8    : 0              (-nan /sec)
          order  9    : 0              (-nan /sec)
          order 10    : 0              (-nan /sec)
          order 11    : 0              (-nan /sec)
          order 12    : 0              (-nan /sec)
          order 13    : 645            (2755 /sec)
          order 14    : 5556           (583 /sec)
          order 15    : 19856          (263 /sec)
          order 16    : 10551          (354 /sec)
          order 17    : 18972          (30 /sec)
          order 18    : 109            (22 /sec)
          order 19    : 21             (13 /sec)
          order 20    : 0              (-nan /sec)
          order 21    : 0              (-nan /sec)
Canonicity checking   : 5093.63 s
Noncanonicity checking: 746.609 s
Total canonicity time : 5840.24 s
database reductions   : 155
restarts              : 12285
conflicts             : 7503989        (787 /sec)
decisions             : 9734874        (0.00 % random) (1021 /sec)
propagations          : 431868614      (45304 /sec)
conflict literals     : 711897867      (57.82 % deleted)
actual reward         : 0.221631
Memory used           : 634.00 MB
CPU time              : 9532.65 s

UNSATISFIABLE
