c --- [ banner ] -------------------------------------------------------------
c 
c CaDiCaL Radically Simplified CDCL SAT Solver
c Copyright (c) 2016-2021 A. Biere, M. Fleury, N. Froleyks
c 
c Version 1.5.2 a5f15211db36c3956764e18194dd5bd63bf3b5e6
c g++ (GCC) 9.3.0 -Wall -Wextra -O3 -DNDEBUG
c Fri Oct 21 01:27:37 EDT 2022 Linux gra-login3 3.10.0-1160.66.1.el7.x86_64 x86_64
c 
c --- [ limit ] --------------------------------------------------------------
c 
c setting conflict limit to 200000 conflicts (due to '200000')
c 
c --- [ parsing input ] ------------------------------------------------------
c 
c reading DIMACS file from '33.cubes6108.adj'
c opening file to read '33.cubes6108.adj'
c found 'p cnf 6160 1595476' header
c parsed 1595476 clauses in 19.67 seconds process time
c closing file '33.cubes6108.adj'
c after reading 1457566784 bytes 1390.0 MB
c 
c --- [ options ] ------------------------------------------------------------
c 
c all options are set to their default value
c 
c --- [ solving ] ------------------------------------------------------------
c 
c time measured in process time since initialization
c 
c  seconds    reductions  redundant   irredundant
c          MB     restarts       trail       variables
c            level   conflicts       glue         remaining
c 
c * 19.67 1380  0 0   0    0    0  0% 0 1595422 2385 39%
c { 20.75 1433  0 0   0    0    0  0% 0 1595422 2385 39%
c i 20.76 1433  1 0   0    1    0 12% 0 1595422 2372 39%
c i 26.68 1524 204 0  26  174  130 24% 24 1595422 2363 38%
c i 27.23 1525 153 0  28  240  167 24% 21 1595422 2362 38%
c i 27.33 1525 142 0  28  265  187 25% 20 1595422 2361 38%
c i 27.35 1525 141 0  28  266  187 25% 20 1595422 2360 38%
c i 27.36 1525 141 0  28  267  187 25% 20 1595422 2359 38%
c i 27.36 1525 140 0  28  268  187 25% 20 1595422 2358 38%
c i 27.36 1525 140 0  28  269  187 25% 20 1595422 2357 38%
c i 28.09 1528 136 0  33  300  217 25% 21 1595422 2348 38%
c - 31.92 1468 136 1  33  300  217 25% 21 394379 2345 38%
c i 32.38 1391 133 1  38  322  238 25% 23 394379 2344 38%
c i 33.04 1392 120 1  41  369  266 25% 21 394379 2343 38%
c i 33.13 1392 119 1  41  377  273 25% 22 394379 2342 38%
c i 34.86 1395 108 1  53  487  369 25% 23 394379 2341 38%
c i 36.40 1396 104 1  68  609  447 25% 23 394379 2337 38%
c i 36.43 1396 105 1  68  613  450 25% 23 394379 2336 38%
c i 36.91 1396 104 1  78  656  490 25% 25 394379 2335 38%
c i 37.88 1397 102 1  92  711  536 25% 26 394379 2334 38%
c 
c  seconds     reductions  redundant   irredundant
c          MB      restarts       trail       variables
c             level   conflicts       glue         remaining
c 
c i 38.05 1397 102 1  94  723  547 26% 26 394379 2333 38%
c i 38.06 1397 102 1  95  725  548 26% 26 394379 2332 38%
c i 38.46 1398 101 1 101  745  565 26% 27 394379 2331 38%
c i 40.51 1399 98 1 122  880  684 26% 28 394379 2330 38%
c i 41.72 1400 95 1 139  953  748 26% 28 394379 2329 38%
c i 41.75 1400 95 1 140  955  749 26% 28 394379 2328 38%
c i 42.16 1400 95 1 145  974  766 26% 28 394379 2326 38%
c } 42.69 1400 94 1 151 1002  793 26% 28 394379 2326 38%
c [ 42.69 1400  0 1 151 1002  793  0% 0 394379 2326 38%
c O 42.72 1400  6 1 151 1003  794 15% 2 394379 2326 38%
c i 43.33 1401 29 1 151 1060  840 28% 18 394379 2325 38%
c i 43.88 1401 47 1 151 1197  956 29% 34 394379 2324 38%
c i 44.02 1401 46 1 151 1249  998 29% 33 394379 2323 38%
c - 44.75 1581 46 2 151 1259  939 29% 33 394313 2323 38%
c i 45.43 1581 40 2 151 1660 1270 30% 32 394313 2322 38%
c i 45.99 1581 37 2 152 2371 1822 30% 30 394313 2321 38%
c i 46.01 1581 37 2 152 2379 1826 30% 30 394313 2320 38%
c - 46.87 1580 37 3 152 2698 1620 30% 31 394304 2320 38%
c i 47.25 1580 37 3 152 2708 1623 45% 31 394304 2319 38%
c i 47.25 1580 37 3 152 2709 1623 43% 30 394304 2318 38%
c 
c  seconds    reductions  redundant   irredundant
c          MB     restarts       trail       variables
c            level   conflicts       glue         remaining
c 
c ] 47.62 1580 35 3 152 3002 1842 50% 29 394304 2318 38%
c { 47.62 1580 94 3 152 3002 1842 69% 28 394304 2318 38%
c F 47.64 1580 94 3 152 3009 1849 69% 28 394304 2318 38%
c i 48.11 1580 91 3 152 3050 1881 68% 27 394304 2317 38%
c i 48.49 1580 76 3 152 3307 2062 66% 25 394304 2316 38%
c i 48.56 1580 75 3 152 3356 2098 65% 25 394304 2315 38%
c i 49.15 1580 58 3 152 3980 2589 61% 22 394304 2314 38%
c i 49.17 1580 57 3 152 4008 2596 61% 22 394304 2313 38%
c i 49.18 1580 57 3 152 4010 2597 61% 22 394304 2312 38%
c - 50.01 1402 47 4 152 4617 1979 59% 20 394280 2312 38%
c d 51.07 1402 42 4 152 5002 2158 58% 18 372390 2304 37%
c p 62.66 1402 42 4 152 5002 5724 58% 18 372390 2257 37%
c d 63.28 1402 42 4 152 5002 5705 58% 18 372250 2256 37%
c # 64.68 1402 36 4 152 6010 6268 57% 17 372250 2256 37%
c } 68.13 1402 33 4 155 7003 7071 55% 16 372250 2256 37%
c [ 68.14 1402 35 4 155 7003 7071 50% 29 372250 2256 37%
c - 68.59 1561 35 5 155 7011 2795 50% 29 372250 2256 37%
c - 78.26 1402 28 6 157 9840 3396 46% 22 372250 2256 37%
c I 79.41 1402 27 6 157 10011 3489 46% 22 372250 2256 37%
c - 84.49 1402 28 7 159 13139 3701 48% 22 372250 2256 37%
c 
c  seconds    reductions   redundant   irredundant
c          MB     restarts        trail       variables
c            level    conflicts       glue         remaining
c 
c ] 87.40 1402 27 7 160 15005 5100 49% 22 372250 2256 37%
c { 87.40 1402 33 7 160 15005 5100 55% 16 372250 2256 37%
c p 90.39 1402 33 7 160 15005 8942 55% 16 372250 2256 37%
c B 90.80 1402 33 7 162 15014 8950 55% 16 372250 2256 37%
c - 103.55 1402 33 8 347 16913 5009 52% 17 372250 2256 37%
c s 118.64 1402 41 8 741 18773 6382 51% 22 370116 2256 37%
c v 126.25 1402 41 8 741 18773 6382 51% 22 370058 2256 37%
c t 126.44 1402 41 8 741 18773 6372 51% 22 370045 2256 37%
c e 128.06 1404 41 8 741 18773 5873 51% 22 367605 977 16%
c s 128.19 1404 41 8 741 18773 5871 51% 22 366029 977 16%
c W 131.60 1404 37 8 752 21015 7307 71% 21 366029 977 16%
c - 132.43 1404 37 9 762 21154 5422 70% 21 366029 977 16%
c - 147.08 1404 36 10 1025 25845 6272 69% 21 366029 977 16%
c F 149.53 1404 34 10 1045 28018 7749 69% 21 366029 977 16%
c p 164.00 1404 35 10 1243 30006 11607 69% 22 366029 964 16%
c d 164.52 1404 35 10 1243 30006 11507 69% 22 365549 963 16%
c } 166.18 1404 34 10 1249 31005 12211 69% 22 365549 963 16%
c [ 166.18 1404 27 10 1249 31005 12211 115% 22 365549 963 16%
c - 166.43 1404 27 11 1249 31005 7278 115% 22 365549 963 16%
c B 171.63 1404 25 11 1252 36019 10507 97% 21 365549 963 16%
c 
c  seconds     reductions     redundant   irredundant
c           MB      restarts         trail       variables
c             level      conflicts       glue        remaining
c 
c - 172.54 1404 25 12 1252 36634 7475 96% 21 365549 963 16%
c - 177.70 1404 26 13 1256 42730 7626 89% 22 365549 963 16%
c W 181.93 1404 26 13 1256 45022 8973 87% 22 365549 963 16%
c - 186.00 1404 26 14 1257 49294 7768 84% 22 365549 963 16%
c 2 186.68 1404 26 14 1257 50006 8796 84% 22 365549 963 16%
c p 188.66 1404 26 14 1257 50006 10746 84% 22 365549 963 16%
c s 191.39 1404 26 14 1257 52972 12611 82% 22 364045 963 16%
c v 198.43 1404 26 14 1257 52972 12611 82% 22 364010 963 16%
c w 198.64 1404 26 14 1257 52972 12610 82% 22 364010 963 16%
c t 198.65 1404 26 14 1257 52972 12603 82% 22 364010 963 16%
c e 200.24 1404 26 14 1257 52972 12550 82% 22 363975 944 15%
c s 200.43 1404 26 14 1257 52972 12550 82% 22 362212 944 15%
c O 204.45 1404 26 14 1258 55024 13749 81% 23 362212 944 15%
c - 205.20 1404 26 15 1259 56329 8786 81% 22 362212 944 15%
c ] 206.19 1404 26 15 1261 58878 10581 80% 22 362212 944 15%
c 1 206.19 1404 26 15 1261 58878 10581 80% 22 362212 944 15%
c 
c --- [ writing output ] -----------------------------------------------------
c 
c writing simplified CNF to DIMACS file 'simp/33.cubes6108.adj.simp1'
c * 206.19 1404 26 15 1261 58878 10581 80% 22 362212 944 15%
c opening file to write 'simp/33.cubes6108.adj.simp1'
c writing 'p cnf 6160 362212' header
c closing file 'simp/33.cubes6108.adj.simp1'
c after writing 179030865 bytes 170.7 MB
c wrote 362212 clauses in 1.34 seconds process time
c 
c --- [ writing extension ] --------------------------------------------------
c 
c writing extension stack to 'simp/33.cubes6108.adj.ext1'
c opening file to write 'simp/33.cubes6108.adj.ext1'
c closing file 'simp/33.cubes6108.adj.ext1'
c after writing 88296 bytes 0.1 MB
c wrote 3902 witnesses in 0.00 seconds process time
c 
c --- [ result ] -------------------------------------------------------------
c 
s SATISFIABLE
c 
c --- [ run-time profiling ] -------------------------------------------------
c 
c process time taken by individual solving procedures
c (percentage relative to process time for solving)
c 
c       140.72   75.44% search
c        87.87   47.11% unstable
c        50.17   26.90% stable
c        45.81   24.56% simplify
c        21.87   11.72% probe
c        19.67   10.54% parse
c        14.96    8.02% vivify
c         6.12    3.28% elim
c         1.60    0.86% walk
c         1.08    0.58% lucky
c         0.62    0.33% subsume
c         0.22    0.12% ternary
c   =================================
c       186.53   89.88% solve
c 
c last line shows process time for solving
c (percentage relative to total process time)
c 
c --- [ statistics ] ---------------------------------------------------------
c 
c chronological:             10859        18.44 %  of conflicts
c conflicts:                 58878       315.65    per second
c decisions:                153694       823.97    per second
c eliminated:                 1298        21.07 %  of all variables
c fixed:                       764        12.40 %  of all variables
c learned:                   57593        97.82 %  per conflict
c learned_lits:           11201938       100.00 %  learned literals
c minimized:                     0         0.00 %  learned literals
c shrunken:                6716209        59.96 %  learned literals
c minishrunken:            1018276         9.09 %  learned literals
c propagations:            5846450         0.03 M  per second
c reduced:                   28960        49.19 %  per conflict
c rephased:                     10      5887.80    interval
c restarts:                   1261        46.69    interval
c stabilizing:                   3        64.33 %  of conflicts
c substituted:                  10         0.16 %  of all variables
c subsumed:                  24818         0.72 %  of all clauses
c strengthened:               9097         0.26 %  of all clauses
c ternary:                    3003         0.60 %  of resolved
c vivified:                    117         0.00 %  of all clauses
c walked:                        2     29439.00    interval
c weakened:                   3138         3.08    average size
c 
c seconds are measured in process time for solving
c 
c --- [ resources ] ----------------------------------------------------------
c 
c total process time since initialization:       207.54    seconds
c total real time since initialization:          208.05    seconds
c maximum resident set size of process:         1759.94    MB
c 
c --- [ shutting down ] ------------------------------------------------------
c 
c exit 10
WARNING! DIMACS header mismatch: wrong number of variables.
============================[ Problem Statistics ]=============================
|                                                                             |
|  Number of variables:          3493                                         |
|  Number of clauses:          362216                                         |
|  Parse time:                   2.36 s                                       |
|  Simplification time:          0.06 s                                       |
|                                                                             |
============================[ Search Statistics ]====================================================
| Conflicts |          ORIGINAL         |          LEARNT          | Num Sols |      SUBGRAPHS      |
|           |    Vars  Clauses Literals |    Limit  Clauses Lit/Cl |          | Canonical Noncanon. |
=====================================================================================================
|       115 |    3402   362231 38700819 |     2000      115    117 |        0 |        26        15 |
|       274 |    3402   362240 38701229 |     2000      274    114 |        0 |        38        24 |
|       505 |    3402   362246 38701533 |     2000      505    110 |        0 |        46        30 |
|       923 |    3402   362327 38703046 |     2000      923     98 |        0 |        78       111 |
|      1459 |    3402   362357 38703649 |     2000     1459    102 |        0 |        89       141 |
|      2242 |    3402   362381 38704332 |     3600     1242     65 |        0 |       128       165 |
|      3468 |    3402   362468 38706057 |     3600     2468     84 |        0 |       183       252 |
|      5318 |    3402   362610 38709755 |     5001     2519     60 |        0 |       238       394 |
|      7923 |    3402   362653 38710735 |     6304     2627     42 |        0 |       282       437 |
|     11917 |    3402   362803 38713761 |     7551     3468     37 |        0 |       365       587 |
|     17982 |    3402   363102 38718774 |     8781     5763     58 |        0 |       472       886 |
|     26904 |    3402   363375 38725237 |    11205     5309     23 |        0 |       612      1159 |
|     41994 |    3402   365491 38767702 |    13608     8602     43 |        0 |      1238      3275 |
|     61948 |    3402   365984 38776571 |    16010    14358     64 |        0 |      1384      3768 |
|     91463 |    3402   366307 38782014 |    19608    18071     65 |        0 |      1540      4091 |
|    181192 |    3402   412247 39760931 |    28015    26607     53 |        0 |     13587     50031 |
|    247258 |    3402   412629 39769068 |    34010    16668     19 |        0 |     13684     50413 |
|    346030 |    3402   412875 39774585 |    40008    24438     41 |        0 |     13790     50659 |
|    494086 |    3402   413142 39781761 |    47220    43506     58 |        0 |     13902     50926 |
|    716358 |    3402   413731 39800348 |    58028    31786     33 |        0 |     14093     51515 |
|   1050914 |    3402   415762 39851946 |    70012    49326     50 |        0 |     14690     53546 |
|   1551036 |    3402   417096 39889072 |    85617    47653     37 |        0 |     15442     54880 |
|   2304250 |    3402   422128 40025282 |   103617    95867     69 |        0 |     17631     59912 |
|   3431845 |    3402   427449 40161288 |   127625    73470     40 |        0 |     20126     65233 |
|   5119202 |    3402   431395 40278358 |   155223   141625     64 |        0 |     21987     69179 |
|   7650848 |    3402   437925 40459595 |   190021   179269     72 |        0 |     25231     75709 |
|  11449244 |    3402   448646 40750297 |   233223   179667     55 |        0 |     29115     86430 |
|  17166357 |    3402   484247 41596555 |   286025   198782     50 |        0 |     34738    122031 |
|  26192359 |    3402   987980 52041926 |   353224   292783     43 |        0 |     90529    625764 |
|  41574255 |    3383  2473142 76974735 |   444930   320184     45 |        0 |    227733   3224257 |
=====================================================================================================
Number of solutions   : 0
Canonical subgraphs   : 242143         (10 /sec)
          order  3    : 1              (200000 /sec)
          order  4    : 1              (500000 /sec)
          order  5    : 1              (200000 /sec)
          order  6    : 1              (55556 /sec)
          order  7    : 1              (8850 /sec)
          order  8    : 2              (1347 /sec)
          order  9    : 6              (312 /sec)
          order 10    : 21             (83 /sec)
          order 11    : 89             (26 /sec)
          order 12    : 434            (10 /sec)
          order 13    : 2284           (7 /sec)
          order 14    : 16395          (9 /sec)
          order 15    : 211566         (10 /sec)
          order 16    : 10122          (6 /sec)
          order 17    : 1064           (4 /sec)
          order 18    : 129            (5 /sec)
          order 19    : 26             (4 /sec)
          order 20    : 0              (-nan /sec)
          order 21    : 0              (-nan /sec)
          order 22    : 0              (-nan /sec)
Noncanonical subgraphs: 3465473        (74 /sec)
          order  3    : 0              (-nan /sec)
          order  4    : 0              (-nan /sec)
          order  5    : 0              (-nan /sec)
          order  6    : 0              (-nan /sec)
          order  7    : 0              (-nan /sec)
          order  8    : 0              (-nan /sec)
          order  9    : 0              (-nan /sec)
          order 10    : 0              (-nan /sec)
          order 11    : 0              (-nan /sec)
          order 12    : 0              (-nan /sec)
          order 13    : 8794           (8127 /sec)
          order 14    : 45978          (3013 /sec)
          order 15    : 353099         (571 /sec)
          order 16    : 3043324        (66 /sec)
          order 17    : 13633          (47 /sec)
          order 18    : 558            (52 /sec)
          order 19    : 87             (23 /sec)
          order 20    : 0              (-nan /sec)
          order 21    : 0              (-nan /sec)
Canonicity checking   : 24645.2 s
Noncanonicity checking: 46871.9 s
Total canonicity time : 71517.2 s
database reductions   : 377
restarts              : 60922
conflicts             : 43282491       (442 /sec)
decisions             : 57255420       (0.00 % random) (585 /sec)
propagations          : 2216757903     (22632 /sec)
conflict literals     : 4379240262     (58.20 % deleted)
actual reward         : 0.245148
Memory used           : 1355.00 MB
CPU time              : 97949.6 s

UNSATISFIABLE
