c --- [ banner ] -------------------------------------------------------------
c 
c CaDiCaL Radically Simplified CDCL SAT Solver
c Copyright (c) 2016-2021 A. Biere, M. Fleury, N. Froleyks
c 
c Version 1.5.2 a5f15211db36c3956764e18194dd5bd63bf3b5e6
c g++ (GCC) 9.3.0 -Wall -Wextra -O3 -DNDEBUG
c Fri Oct 21 01:27:37 EDT 2022 Linux gra-login3 3.10.0-1160.66.1.el7.x86_64 x86_64
c 
c --- [ limit ] --------------------------------------------------------------
c 
c setting conflict limit to 200000 conflicts (due to '200000')
c 
c --- [ parsing input ] ------------------------------------------------------
c 
c reading DIMACS file from '33.cubes2589.adj'
c opening file to read '33.cubes2589.adj'
c found 'p cnf 6160 1595472' header
c parsed 1595472 clauses in 17.18 seconds process time
c closing file '33.cubes2589.adj'
c after reading 1457566754 bytes 1390.0 MB
c 
c --- [ options ] ------------------------------------------------------------
c 
c all options are set to their default value
c 
c --- [ solving ] ------------------------------------------------------------
c 
c time measured in process time since initialization
c 
c  seconds    reductions  redundant   irredundant
c          MB     restarts       trail       variables
c            level   conflicts       glue         remaining
c 
c * 17.19 1377  0 0   0    0    0  0% 0 1595422 2433 39%
c { 18.07 1427  0 0   0    0    0  0% 0 1595422 2433 39%
c i 20.50 1498 546 0   8   61   42 30% 11 1595422 2432 39%
c i 20.51 1498 537 0   8   62   42 30% 11 1595422 2431 39%
c i 21.11 1503 429 0  11   80   59 29% 16 1595422 2430 39%
c i 22.32 1510 257 0  29  156  124 30% 27 1595422 2429 39%
c i 22.89 1514 238 0  34  177  141 29% 29 1595422 2427 39%
c i 23.34 1516 229 0  38  197  154 28% 30 1595422 2426 39%
c i 23.75 1516 218 0  43  216  171 28% 33 1595422 2425 39%
c i 23.96 1516 213 0  48  236  189 28% 32 1595422 2423 39%
c i 24.43 1518 205 0  50  269  213 28% 33 1595422 2418 39%
c i 24.55 1518 201 0  53  280  221 28% 34 1595422 2411 39%
c i 24.63 1518 198 0  55  287  227 28% 34 1595422 2410 39%
c - 28.11 1388 195 1  57  300  240 28% 37 213327 2410 39%
c i 28.33 1388 193 1  59  310  247 28% 38 213327 2409 39%
c i 28.36 1388 191 1  61  315  251 28% 38 213327 2396 39%
c i 28.45 1388 190 1  63  322  255 28% 37 213327 2392 39%
c i 28.74 1388 184 1  71  349  281 28% 39 213327 2391 39%
c i 28.88 1388 179 1  73  363  294 28% 38 213327 2390 39%
c i 28.89 1388 178 1  73  364  294 28% 38 213327 2389 39%
c 
c  seconds     reductions  redundant   irredundant
c          MB      restarts       trail       variables
c             level   conflicts       glue         remaining
c 
c i 28.90 1388 176 1  73  368  297 28% 38 213327 2388 39%
c i 28.90 1388 174 1  73  373  301 28% 37 213327 2387 39%
c i 29.00 1388 164 1  73  410  334 28% 37 213327 2378 39%
c i 29.01 1388 162 1  73  419  340 28% 37 213327 2377 39%
c i 29.02 1388 161 1  73  420  340 28% 37 213327 2376 39%
c i 29.05 1388 156 1  73  439  357 28% 36 213327 2375 39%
c i 29.06 1388 154 1  73  446  361 28% 36 213327 2374 39%
c i 29.07 1388 153 1  73  451  365 28% 36 213327 2373 39%
c i 29.16 1388 145 1  73  495  400 28% 36 213327 2372 39%
c i 29.23 1388 136 1  73  545  443 28% 36 213327 2371 38%
c i 29.24 1388 134 1  74  558  454 28% 36 213327 2370 38%
c i 29.44 1388 126 1  79  617  504 28% 35 213327 2369 38%
c i 29.53 1388 123 1  79  647  528 28% 36 213327 2367 38%
c i 29.54 1388 123 1  79  651  531 28% 35 213327 2366 38%
c i 29.63 1388 120 1  79  676  552 28% 35 213327 2365 38%
c i 29.74 1388 116 1  79  716  583 28% 35 213327 2364 38%
c i 29.75 1388 116 1  79  717  583 28% 35 213327 2363 38%
c i 29.75 1388 116 1  79  718  583 28% 35 213327 2362 38%
c i 29.87 1388 116 1  81  738  602 28% 36 213327 2361 38%
c i 29.88 1388 116 1  82  740  603 28% 36 213327 2360 38%
c 
c  seconds     reductions  redundant   irredundant
c          MB      restarts       trail       variables
c             level   conflicts       glue         remaining
c 
c i 30.00 1388 116 1  84  751  612 28% 36 213327 2359 38%
c i 30.08 1388 117 1  86  765  624 28% 37 213327 2357 38%
c i 30.23 1388 111 1  92  819  640 28% 36 213327 2356 38%
c i 30.31 1388 109 1  92  839  658 28% 35 213327 2355 38%
c i 30.50 1388 106 1  92  912  714 28% 35 213327 2353 38%
c i 30.51 1388 106 1  92  914  715 28% 35 213327 2352 38%
c i 30.72 1388 104 1  92  945  742 28% 34 213327 2351 38%
c } 31.25 1388 104 1  95 1000  791 28% 35 213327 2351 38%
c [ 31.25 1388  0 1  95 1000  791  0% 0 213327 2351 38%
c O 31.25 1388 62 1  95 1002  793 21% 4 213327 2351 38%
c i 31.44 1388 27 1  95 1054  824 23% 15 213327 2350 38%
c i 31.47 1388 27 1  95 1061  829 24% 16 213327 2349 38%
c i 31.49 1388 28 1  95 1069  833 25% 18 213327 2348 38%
c - 31.91 1481 31 2  95 1098  742 27% 22 212815 2348 38%
c i 32.06 1481 33 2  95 1151  786 28% 23 212815 2347 38%
c i 32.12 1481 34 2  95 1265  874 29% 26 212815 2346 38%
c i 32.14 1481 34 2  95 1319  917 30% 26 212815 2345 38%
c i 32.56 1481 36 2  96 2283 1628 31% 29 212815 2344 38%
c - 32.79 1481 36 3  96 2294 1267 31% 29 212803 2344 38%
c i 33.11 1481 37 3  96 2613 1508 53% 31 212803 2343 38%
c 
c  seconds    reductions  redundant   irredundant
c          MB     restarts       trail       variables
c            level   conflicts       glue         remaining
c 
c ] 33.25 1481 37 3  96 3002 1823 53% 31 212803 2343 38%
c { 33.25 1481 104 3  96 3002 1823 72% 35 212803 2343 38%
c F 33.26 1481 104 3  96 3003 1824 72% 35 212803 2343 38%
c i 33.34 1481 102 3  96 3019 1839 72% 34 212803 2342 38%
c i 33.39 1481 101 3  96 3041 1860 71% 34 212803 2341 38%
c i 33.61 1481 90 3  96 3238 2021 68% 31 212803 2340 38%
c i 33.87 1481 89 3 108 3305 2078 67% 32 212803 2339 38%
c i 33.97 1481 87 3 113 3356 2120 66% 32 212803 2338 38%
c i 34.04 1481 85 3 113 3422 2175 65% 31 212803 2337 38%
c i 35.18 1480 82 3 140 3693 2398 62% 32 212803 2336 38%
c i 35.24 1480 81 3 140 3732 2426 61% 32 212803 2335 38%
c - 36.17 1390 81 4 173 3889 1886 60% 33 212778 2335 38%
c i 36.65 1390 80 4 194 3980 1966 59% 33 212778 2334 38%
c i 37.73 1390 82 4 235 4255 2202 57% 35 212778 2333 38%
c i 38.37 1390 77 4 241 4644 2528 55% 34 212778 2332 38%
c i 38.60 1390 77 4 245 4779 2646 55% 34 212778 2331 38%
c i 38.62 1390 77 4 245 4800 2664 55% 34 212778 2330 38%
c i 38.64 1390 76 4 245 4811 2674 55% 34 212778 2329 38%
c i 38.79 1390 76 4 250 4921 2768 54% 34 212778 2328 38%
c d 39.41 1390 76 4 264 5000 2828 54% 35 212746 2322 38%
c 
c  seconds    reductions  redundant   irredundant
c          MB     restarts       trail       variables
c            level   conflicts       glue         remaining
c 
c 3 39.43 1390 76 4 264 5000 3799 54% 35 212746 2322 38%
c 2 39.47 1390 76 4 264 5000 3868 54% 35 212726 2322 38%
c p 43.46 1390 76 4 264 5000 6377 54% 35 212726 2261 37%
c d 43.79 1390 76 4 264 5000 6257 54% 35 212128 2260 37%
c - 46.79 1391 70 5 338 5882 2577 52% 33 212128 2260 37%
c # 46.99 1391 69 5 339 6005 2680 52% 33 212128 2260 37%
c } 48.50 1391 64 5 375 7002 3429 51% 33 212128 2260 37%
c [ 48.50 1391 37 5 375 7002 3429 53% 31 212128 2260 37%
c - 49.17 1391 33 6 376 8269 2916 51% 28 212128 2260 37%
c ] 49.32 1390 32 6 376 8552 3107 51% 27 212128 2260 37%
c 1 49.32 1390 32 6 376 8552 3107 51% 27 212128 2260 37%
c 
c --- [ writing output ] -----------------------------------------------------
c 
c writing simplified CNF to DIMACS file 'simp/33.cubes2589.adj.simp1'
c * 49.32 1390 32 6 376 8552 3107 51% 27 212128 2260 37%
c opening file to write 'simp/33.cubes2589.adj.simp1'
c writing 'p cnf 6160 212128' header
c closing file 'simp/33.cubes2589.adj.simp1'
c after writing 100326050 bytes 95.7 MB
c wrote 212128 clauses in 0.69 seconds process time
c 
c --- [ writing extension ] --------------------------------------------------
c 
c writing extension stack to 'simp/33.cubes2589.adj.ext1'
c opening file to write 'simp/33.cubes2589.adj.ext1'
c closing file 'simp/33.cubes2589.adj.ext1'
c after writing 11307 bytes 0.0 MB
c wrote 763 witnesses in 0.00 seconds process time
c 
c --- [ result ] -------------------------------------------------------------
c 
s SATISFIABLE
c 
c --- [ run-time profiling ] -------------------------------------------------
c 
c process time taken by individual solving procedures
c (percentage relative to process time for solving)
c 
c        27.41   85.30% search
c        23.70   73.77% unstable
c        17.18   53.48% parse
c         4.72   14.70% simplify
c         3.98   12.40% probe
c         2.82    8.78% stable
c         0.89    2.76% lucky
c         0.03    0.10% ternary
c   =================================
c        32.14   64.25% solve
c 
c last line shows process time for solving
c (percentage relative to total process time)
c 
c --- [ statistics ] ---------------------------------------------------------
c 
c chronological:              2193        25.64 %  of conflicts
c conflicts:                  8552       266.13    per second
c decisions:                 48562      1511.19    per second
c fixed:                       749        12.16 %  of all variables
c learned:                    8337        97.49 %  per conflict
c learned_lits:            1603373       100.00 %  learned literals
c minimized:                     0         0.00 %  learned literals
c shrunken:                 946698        59.04 %  learned literals
c minishrunken:             132663         8.27 %  learned literals
c propagations:            1420201         0.04 M  per second
c reduced:                    3376        39.48 %  per conflict
c rephased:                      3      2850.67    interval
c restarts:                    376        22.74    interval
c stabilizing:                   2        41.53 %  of conflicts
c substituted:                   7         0.11 %  of all variables
c subsumed:                   1824         0.06 %  of all clauses
c ternary:                    1042         0.46 %  of resolved
c weakened:                     14         2.00    average size
c 
c seconds are measured in process time for solving
c 
c --- [ resources ] ----------------------------------------------------------
c 
c total process time since initialization:        50.01    seconds
c total real time since initialization:           50.77    seconds
c maximum resident set size of process:         1573.78    MB
c 
c --- [ shutting down ] ------------------------------------------------------
c 
c exit 10
WARNING! DIMACS header mismatch: wrong number of variables.
============================[ Problem Statistics ]=============================
|                                                                             |
|  Number of variables:          6120                                         |
|  Number of clauses:          212128                                         |
|  Parse time:                   1.43 s                                       |
|  Simplification time:          0.05 s                                       |
|                                                                             |
============================[ Search Statistics ]====================================================
| Conflicts |          ORIGINAL         |          LEARNT          | Num Sols |      SUBGRAPHS      |
|           |    Vars  Clauses Literals |    Limit  Clauses Lit/Cl |          | Canonical Noncanon. |
=====================================================================================================
|       109 |    6029   212137 21658104 |     2000      109    198 |        0 |        14         9 |
|       259 |    6029   212137 21658104 |     2000      259    154 |        0 |        23         9 |
|       621 |    6029   212274 21661004 |     2000      621    110 |        0 |       100       146 |
|      1037 |    6029   212353 21662953 |     2000     1037    101 |        0 |       139       225 |
|      1549 |    6029   212359 21663058 |     2000     1549    111 |        0 |       149       231 |
|      2662 |    6029   212713 21669022 |     3600     1662     60 |        0 |       243       585 |
|      3894 |    6029   212806 21670696 |     3600     2894     87 |        0 |       274       678 |
|      6464 |    6029   213668 21687403 |     5001     3665     63 |        0 |       532      1540 |
|      9335 |    6029   213977 21694146 |     6300     4035     61 |        0 |       664      1849 |
|     13695 |    6029   214493 21703997 |     7552     5247     58 |        0 |       788      2365 |
|     19750 |    6029   214782 21709009 |     8779     7529     67 |        0 |       912      2654 |
|     29157 |    6029   215540 21721300 |    11203     7560     56 |        0 |      1126      3412 |
|     44759 |    6029   218168 21768598 |    13603    11362     67 |        0 |      1652      6040 |
|     66225 |    6029   220173 21800170 |    17207    10632     52 |        0 |      2171      8045 |
|     98673 |    6029   223429 21857563 |    20816    15489     66 |        0 |      2967     11301 |
|    147085 |    6029   228052 21933047 |    25619    18704     56 |        0 |      4098     15924 |
|    214556 |    6029   229839 21968099 |    31614    16170     35 |        0 |      4910     17711 |
|    324397 |    6029   241154 22118902 |    38807    22204     37 |        0 |      7080     29026 |
|    485661 |    6014   242131 22158223 |    47121    34982     82 |        0 |      8491     42501 |
|    715693 |    6014   250480 22312207 |    58013    31106     51 |        0 |     10061     50850 |
|   1070187 |    6014   272449 22750096 |    70013    68600     89 |        0 |     15785     72819 |
|   1591652 |    6014   295126 23212974 |    86823    45475     40 |        0 |     20714     95496 |
|   2384116 |    6014   339408 24137781 |   106024    71540     61 |        0 |     30325    139778 |
|   3556473 |    6014   389491 25299510 |   130013    69886     37 |        1 |     44732    189860 |
|   5334204 |    6002   460414 26987299 |   158815   122019     65 |        1 |     73979    284180 |
|   7978167 |    6002   579261 29274751 |   194823   122990     52 |        1 |    110498    403027 |
|  11886092 |    5948   544549 28047667 |   205482   113974     49 |        1 |    146992    523277 |
=====================================================================================================
Number of solutions   : 1
Canonical subgraphs   : 147653         (15 /sec)
          order  3    : 1              (142857 /sec)
          order  4    : 1              (500000 /sec)
          order  5    : 1              (166667 /sec)
          order  6    : 1              (33333 /sec)
          order  7    : 1              (5780 /sec)
          order  8    : 2              (1028 /sec)
          order  9    : 7              (311 /sec)
          order 10    : 30             (100 /sec)
          order 11    : 113            (28 /sec)
          order 12    : 622            (14 /sec)
          order 13    : 3808           (15 /sec)
          order 14    : 8612           (25 /sec)
          order 15    : 29765          (19 /sec)
          order 16    : 53146          (16 /sec)
          order 17    : 38560          (13 /sec)
          order 18    : 9291           (11 /sec)
          order 19    : 2405           (11 /sec)
          order 20    : 700            (12 /sec)
          order 21    : 586            (12 /sec)
          order 22    : 1              (1 /sec)
Noncanonical subgraphs: 524682         (174 /sec)
          order  3    : 0              (-nan /sec)
          order  4    : 0              (-nan /sec)
          order  5    : 0              (-nan /sec)
          order  6    : 0              (-nan /sec)
          order  7    : 0              (-nan /sec)
          order  8    : 0              (-nan /sec)
          order  9    : 0              (-nan /sec)
          order 10    : 0              (-nan /sec)
          order 11    : 0              (-nan /sec)
          order 12    : 0              (-nan /sec)
          order 13    : 8436           (5639 /sec)
          order 14    : 104703         (734 /sec)
          order 15    : 58482          (976 /sec)
          order 16    : 109421         (521 /sec)
          order 17    : 234195         (99 /sec)
          order 18    : 8779           (49 /sec)
          order 19    : 6              (79 /sec)
          order 20    : 0              (-nan /sec)
          order 21    : 0              (-nan /sec)
Canonicity checking   : 9725.19 s
Noncanonicity checking: 3021.44 s
Total canonicity time : 12746.6 s
database reductions   : 197
restarts              : 17531
conflicts             : 12032945       (624 /sec)
decisions             : 15037720       (0.00 % random) (780 /sec)
propagations          : 1298529598     (67314 /sec)
conflict literals     : 1387522483     (56.07 % deleted)
actual reward         : 0.115225
Memory used           : 506.00 MB
CPU time              : 19290.8 s

UNSATISFIABLE
