c --- [ banner ] -------------------------------------------------------------
c 
c CaDiCaL Radically Simplified CDCL SAT Solver
c Copyright (c) 2016-2021 A. Biere, M. Fleury, N. Froleyks
c 
c Version 1.5.2 a5f15211db36c3956764e18194dd5bd63bf3b5e6
c g++ (GCC) 9.3.0 -Wall -Wextra -O3 -DNDEBUG
c Fri Oct 21 01:27:37 EDT 2022 Linux gra-login3 3.10.0-1160.66.1.el7.x86_64 x86_64
c 
c --- [ limit ] --------------------------------------------------------------
c 
c setting conflict limit to 200000 conflicts (due to '200000')
c 
c --- [ parsing input ] ------------------------------------------------------
c 
c reading DIMACS file from '33.cubes2266.adj'
c opening file to read '33.cubes2266.adj'
c found 'p cnf 6160 1595475' header
c parsed 1595475 clauses in 17.34 seconds process time
c closing file '33.cubes2266.adj'
c after reading 1457566778 bytes 1390.0 MB
c 
c --- [ options ] ------------------------------------------------------------
c 
c all options are set to their default value
c 
c --- [ solving ] ------------------------------------------------------------
c 
c time measured in process time since initialization
c 
c  seconds    reductions  redundant   irredundant
c          MB     restarts       trail       variables
c            level   conflicts       glue         remaining
c 
c * 17.34 1379  0 0   0    0    0  0% 0 1595422 2430 39%
c { 18.18 1424  0 0   0    0    0  0% 0 1595422 2430 39%
c i 18.93 1453 1171 0   0   12   10 38% 2 1595422 2429 39%
c i 21.96 1511 410 0  14   86   73 31% 18 1595422 2427 39%
c i 22.09 1512 381 0  16   96   81 31% 27 1595422 2426 39%
c i 22.09 1512 377 0  16   97   81 31% 27 1595422 2425 39%
c i 22.10 1512 370 0  17   99   82 30% 26 1595422 2424 39%
c i 22.12 1512 360 0  18  102   84 30% 26 1595422 2423 39%
c i 22.14 1512 351 0  18  105   83 30% 26 1595422 2422 39%
c i 22.15 1512 348 0  19  106   83 30% 26 1595422 2421 39%
c i 22.23 1512 325 0  21  116   90 30% 28 1595422 2420 39%
c i 22.34 1512 305 0  24  125   98 30% 28 1595422 2419 39%
c i 22.34 1512 300 0  25  127   99 30% 28 1595422 2418 39%
c i 24.50 1519 216 0  43  216  182 29% 32 1595422 2417 39%
c i 24.63 1520 211 0  45  224  186 29% 33 1595422 2416 39%
c i 24.78 1520 190 0  46  257  214 29% 32 1595422 2415 39%
c - 28.34 1467 169 1  47  301  250 30% 32 327959 2415 39%
c i 28.59 1391 154 1  47  343  283 30% 33 327959 2414 39%
c i 28.72 1391 149 1  47  356  295 30% 32 327959 2413 39%
c i 29.29 1391 135 1  56  454  382 30% 35 327959 2374 39%
c 
c  seconds     reductions  redundant   irredundant
c          MB      restarts       trail       variables
c             level   conflicts       glue         remaining
c 
c i 30.12 1391 123 1  62  538  455 30% 33 327959 2368 38%
c i 30.13 1391 123 1  62  539  455 30% 33 327959 2367 38%
c i 30.43 1391 108 1  63  677  570 30% 33 327959 2366 38%
c i 30.87 1391 104 1  65  731  616 30% 32 327959 2365 38%
c i 30.89 1391 103 1  65  735  619 30% 32 327959 2364 38%
c i 31.61 1391 89 1  65  993  837 29% 31 327959 2363 38%
c } 31.63 1391 88 1  65 1000  843 29% 31 327959 2363 38%
c [ 31.63 1391  0 1  65 1000  843  0% 0 327959 2363 38%
c O 31.68 1391 23 1  65 1005  848 28% 17 327959 2363 38%
c i 31.68 1391 16 1  65 1007  849 24% 12 327959 2331 38%
c i 31.89 1391 21 1  65 1037  874 28% 16 327959 2330 38%
c i 32.05 1391 26 1  65 1159  972 32% 22 327959 2329 38%
c i 32.07 1391 26 1  65 1184  989 32% 22 327959 2328 38%
c i 32.09 1391 26 1  65 1200  999 32% 22 327959 2327 38%
c - 32.65 1528 26 2  65 1210  872 32% 22 280315 2327 38%
c i 32.76 1528 26 2  65 1224  877 32% 22 280315 2326 38%
c i 32.77 1528 26 2  65 1231  883 32% 22 280315 2325 38%
c i 32.82 1528 26 2  65 1257  893 32% 23 280315 2324 38%
c i 32.88 1528 26 2  65 1330  950 32% 22 280315 2323 38%
c i 33.39 1528 24 2  66 2296 1565 32% 21 280315 2322 38%
c 
c  seconds    reductions  redundant   irredundant
c          MB     restarts       trail       variables
c            level   conflicts       glue         remaining
c 
c - 33.79 1527 25 3  66 2512 1233 32% 21 280300 2322 38%
c i 34.01 1527 25 3  66 2525 1243 53% 21 280300 2321 38%
c ] 34.25 1527 25 3  66 3001 1568 54% 22 280300 2321 38%
c { 34.25 1527 88 3  66 3001 1568 77% 31 280300 2321 38%
c F 34.26 1527 88 3  66 3008 1572 77% 30 280300 2321 38%
c i 34.34 1527 87 3  66 3020 1579 77% 30 280300 2320 38%
c i 34.62 1527 85 3  68 3100 1649 75% 30 280300 2319 38%
c i 35.17 1527 88 3  86 3182 1722 72% 32 280300 2318 38%
c i 35.26 1527 88 3  93 3208 1739 72% 32 280300 2317 38%
c i 35.27 1527 88 3  94 3210 1740 72% 32 280300 2316 38%
c i 35.53 1527 88 3 107 3269 1788 70% 33 280300 2315 38%
c i 36.55 1527 86 3 146 3428 1925 67% 34 280300 2314 38%
c i 36.83 1527 84 3 147 3528 2014 66% 34 280300 2313 38%
c i 37.90 1527 70 3 152 4150 2510 61% 30 280300 2312 38%
c i 37.91 1527 70 3 152 4152 2509 61% 30 280300 2311 38%
c - 38.66 1523 71 4 153 4249 1919 61% 29 280267 2311 38%
c i 39.18 1523 71 4 162 4378 2031 60% 31 280267 2310 38%
c i 39.21 1523 71 4 163 4384 2036 60% 31 280267 2309 37%
c p 46.53 1523 63 4 194 5000 8424 58% 28 280249 2235 36%
c d 47.04 1523 63 4 194 5000 7884 58% 28 279627 2234 36%
c 
c  seconds    reductions  redundant   irredundant
c          MB     restarts       trail       variables
c            level   conflicts       glue         remaining
c 
c # 48.37 1523 57 4 202 6009 8685 56% 27 279627 2234 36%
c - 49.50 1392 55 5 203 6422 2782 56% 27 279627 2234 36%
c } 49.72 1392 51 5 203 7001 3187 55% 26 279627 2234 36%
c [ 49.72 1392 25 5 203 7001 3187 54% 22 279627 2234 36%
c - 50.67 1392 22 6 204 9027 3281 53% 19 279627 2234 36%
c I 51.14 1392 22 6 205 10013 4014 53% 19 279627 2234 36%
c - 53.53 1392 32 7 207 12074 3825 53% 26 279627 2234 36%
c 2 55.90 1392 38 7 208 15000 7173 52% 31 279627 2234 36%
c p 57.84 1392 38 7 208 15000 11011 52% 31 279627 2234 36%
c ] 57.98 1392 38 7 208 15001 11012 52% 31 279627 2234 36%
c { 57.98 1392 51 7 208 15001 11012 55% 26 279627 2234 36%
c B 58.08 1392 51 7 208 15017 11026 55% 26 279627 2234 36%
c - 59.49 1394 49 8 239 15548 4506 55% 25 279627 2234 36%
c s 61.22 1394 38 8 239 18718 6685 54% 22 278002 2234 36%
c v 65.27 1394 38 8 239 18718 6685 54% 22 277975 2234 36%
c t 65.36 1394 38 8 239 18718 6671 54% 22 277963 2234 36%
c e 66.12 1397 38 8 239 18718 6367 54% 22 275632 1014 16%
c s 66.20 1397 38 8 239 18718 6367 54% 22 274391 1014 16%
c - 67.84 1399 37 9 247 19453 4766 73% 22 274391 1014 16%
c W 71.81 1399 39 9 377 21020 6024 70% 23 274391 1014 16%
c 
c  seconds    reductions    redundant   irredundant
c          MB      restarts        trail       variables
c            level     conflicts       glue         remaining
c 
c - 77.14 1399 38 10 535 23769 5452 70% 23 274391 1014 16%
c F 87.60 1399 39 10 867 28023 8725 70% 24 274391 1014 16%
c - 88.79 1399 39 11 889 28517 6521 70% 24 274391 1014 16%
c 3 94.38 1399 41 11 1133 30000 8258 69% 25 274390 1014 16%
c p 96.43 1399 41 11 1133 30000 10263 69% 25 274390 1014 16%
c } 97.47 1399 40 11 1147 31003 11004 70% 25 274390 1014 16%
c [ 97.47 1399 38 11 1147 31003 11004 120% 31 274390 1014 16%
c - 99.00 1399 37 12 1148 33698 7649 108% 30 274390 1014 16%
c B 100.02 1399 36 12 1150 36025 9271 101% 30 274390 1014 16%
c - 103.02 1399 39 13 1152 39307 8217 95% 32 274390 1014 16%
c W 106.94 1399 39 13 1154 45028 12345 89% 33 274390 1014 16%
c - 107.18 1399 39 14 1154 45348 8305 89% 33 274390 1014 16%
c p 110.80 1399 38 14 1155 50000 14439 86% 32 274390 1014 16%
c s 111.80 1399 37 14 1155 51039 15123 85% 31 272973 1014 16%
c v 116.02 1399 37 14 1155 51039 15123 85% 31 272968 1014 16%
c w 116.16 1399 37 14 1155 51039 15118 85% 31 272968 1014 16%
c t 116.16 1399 37 14 1155 51039 15110 85% 31 272968 1014 16%
c s 117.00 1399 37 14 1155 51039 15110 85% 31 270978 1014 16%
c - 118.58 1400 37 15 1155 51821 8778 85% 31 270978 1014 16%
c O 120.21 1400 36 15 1156 55030 10875 83% 30 270978 1014 16%
c 
c  seconds     reductions      redundant   irredundant
c           MB      restarts          trail       variables
c             level      conflicts        glue         remaining
c 
c ] 121.98 1400 34 15 1159 58535 12817 82% 29 270978 1014 16%
c 1 121.98 1400 34 15 1159 58535 12817 82% 29 270978 1014 16%
c 
c --- [ writing output ] -----------------------------------------------------
c 
c writing simplified CNF to DIMACS file 'simp/33.cubes2266.adj.simp1'
c * 121.98 1400 34 15 1159 58535 12817 82% 29 270978 1014 16%
c opening file to write 'simp/33.cubes2266.adj.simp1'
c writing 'p cnf 6160 270978' header
c closing file 'simp/33.cubes2266.adj.simp1'
c after writing 143539646 bytes 136.9 MB
c wrote 270978 clauses in 0.87 seconds process time
c 
c --- [ writing extension ] --------------------------------------------------
c 
c writing extension stack to 'simp/33.cubes2266.adj.ext1'
c opening file to write 'simp/33.cubes2266.adj.ext1'
c closing file 'simp/33.cubes2266.adj.ext1'
c after writing 80404 bytes 0.1 MB
c wrote 3592 witnesses in 0.00 seconds process time
c 
c --- [ result ] -------------------------------------------------------------
c 
s SATISFIABLE
c 
c --- [ run-time profiling ] -------------------------------------------------
c 
c process time taken by individual solving procedures
c (percentage relative to process time for solving)
c 
c        80.15   76.60% search
c        53.56   51.19% unstable
c        24.49   23.40% simplify
c        24.49   23.40% stable
c        17.34   16.57% parse
c        11.56   11.04% probe
c         8.44    8.07% vivify
c         2.78    2.65% elim
c         1.26    1.20% walk
c         0.84    0.80% lucky
c         0.41    0.39% subsume
c         0.14    0.14% ternary
c   =================================
c       104.64   85.18% solve
c 
c last line shows process time for solving
c (percentage relative to total process time)
c 
c --- [ statistics ] ---------------------------------------------------------
c 
c chronological:             10890        18.60 %  of conflicts
c conflicts:                 58535       559.38    per second
c decisions:                155545      1486.43    per second
c eliminated:                 1220        19.81 %  of all variables
c fixed:                       775        12.58 %  of all variables
c learned:                   57319        97.92 %  per conflict
c learned_lits:           11913668       100.00 %  learned literals
c minimized:                     0         0.00 %  learned literals
c shrunken:                7225593        60.65 %  learned literals
c minishrunken:            1055689         8.86 %  learned literals
c propagations:            5527541         0.05 M  per second
c reduced:                   29491        50.38 %  per conflict
c rephased:                     10      5853.50    interval
c restarts:                   1159        50.50    interval
c stabilizing:                   3        64.12 %  of conflicts
c substituted:                   7         0.11 %  of all variables
c subsumed:                  21137         0.62 %  of all clauses
c strengthened:               5713         0.17 %  of all clauses
c ternary:                    3530         0.64 %  of resolved
c vivified:                     48         0.00 %  of all clauses
c walked:                        2     29267.50    interval
c weakened:                   2817         3.06    average size
c 
c seconds are measured in process time for solving
c 
c --- [ resources ] ----------------------------------------------------------
c 
c total process time since initialization:       122.85    seconds
c total real time since initialization:          123.31    seconds
c maximum resident set size of process:         1663.32    MB
c 
c --- [ shutting down ] ------------------------------------------------------
c 
c exit 10
WARNING! DIMACS header mismatch: wrong number of variables.
============================[ Problem Statistics ]=============================
|                                                                             |
|  Number of variables:          3492                                         |
|  Number of clauses:          270978                                         |
|  Parse time:                   2.03 s                                       |
|  Simplification time:          0.05 s                                       |
|                                                                             |
============================[ Search Statistics ]====================================================
| Conflicts |          ORIGINAL         |          LEARNT          | Num Sols |      SUBGRAPHS      |
|           |    Vars  Clauses Literals |    Limit  Clauses Lit/Cl |          | Canonical Noncanon. |
=====================================================================================================
|       112 |    3401   270990 30903900 |     2000      112    114 |        0 |        27        12 |
|       264 |    3401   270992 30903935 |     2000      264    127 |        0 |        33        14 |
|       509 |    3401   271012 30904404 |     2000      509    125 |        0 |        52        34 |
|       877 |    3401   271043 30905251 |     2000      877    121 |        0 |        67        65 |
|      1421 |    3401   271081 30906012 |     2000     1421    116 |        0 |        84       103 |
|      2231 |    3401   271132 30907016 |     3605     1236     66 |        0 |       116       154 |
|      3401 |    3401   271163 30907471 |     3605     2406     65 |        0 |       129       185 |
|      5128 |    3401   271182 30907735 |     5003     2331     48 |        0 |       153       204 |
|      7793 |    3401   271285 30910172 |     5003     4996     92 |        0 |       224       307 |
|     11852 |    3401   271500 30914843 |     7558     3410     35 |        0 |       327       522 |
|     17785 |    3401   271667 30919133 |     8783     5568     62 |        0 |       415       689 |
|     26603 |    3401   271836 30922292 |    11203     5006     24 |        0 |       493       858 |
|     40231 |    3401   272490 30933485 |    13603     6834     30 |        0 |       701      1512 |
|     61382 |    3401   274180 30962100 |    16006    13788     67 |        0 |      1103      3202 |
|     91846 |    3401   275452 30984895 |    19608    18454     73 |        0 |      1522      4474 |
|    138492 |    3401   278309 31027086 |    24413    22305     61 |        0 |      2139      7331 |
|    205432 |    3401   279565 31050037 |    30430    22262     62 |        0 |      2607      8587 |
|    307241 |    3401   282848 31108992 |    37611    23852     50 |        0 |      3528     11870 |
|    460370 |    3401   288188 31199229 |    46012    32782     62 |        0 |      4885     17210 |
|    686265 |    3401   292400 31279576 |    56827    30092     41 |        0 |      6208     21422 |
|   1025024 |    3401   298634 31411174 |    68817    57841     73 |        0 |      7905     27656 |
|   1537190 |    3401   312012 31704224 |    84416    76006     75 |        0 |     10627     41034 |
|   2323890 |    3401   350530 32569730 |   104817    63707     48 |        8 |     19222     79544 |
|   3461546 |    3401   365912 32924342 |   127615   103161     71 |        8 |     21797     94926 |
|   5185917 |    3401   406872 33785767 |   156420   130737     70 |        8 |     33050    135886 |
|   7810618 |    3401   506457 35993318 |   192413   148431     63 |        8 |     49358    235471 |
|  11624773 |    3392   393737 33536591 |   231243   117016     58 |       18 |     60720    261941 |
|  17527291 |    3365   528785 35918739 |   286753   271443     64 |       19 |     77598    482946 |
=====================================================================================================
Number of solutions   : 19
Canonical subgraphs   : 78110          (7 /sec)
          order  3    : 1              (333333 /sec)
          order  4    : 1              (500000 /sec)
          order  5    : 1              (250000 /sec)
          order  6    : 1              (50000 /sec)
          order  7    : 1              (8130 /sec)
          order  8    : 2              (1247 /sec)
          order  9    : 6              (289 /sec)
          order 10    : 23             (83 /sec)
          order 11    : 104            (27 /sec)
          order 12    : 432            (7 /sec)
          order 13    : 2259           (6 /sec)
          order 14    : 15273          (5 /sec)
          order 15    : 29135          (9 /sec)
          order 16    : 21990          (8 /sec)
          order 17    : 8022           (6 /sec)
          order 18    : 528            (5 /sec)
          order 19    : 207            (4 /sec)
          order 20    : 57             (5 /sec)
          order 21    : 48             (5 /sec)
          order 22    : 19             (0 /sec)
Noncanonical subgraphs: 494822         (317 /sec)
          order  3    : 0              (-nan /sec)
          order  4    : 0              (-nan /sec)
          order  5    : 0              (-nan /sec)
          order  6    : 0              (-nan /sec)
          order  7    : 0              (-nan /sec)
          order  8    : 0              (-nan /sec)
          order  9    : 0              (-nan /sec)
          order 10    : 0              (-nan /sec)
          order 11    : 0              (-nan /sec)
          order 12    : 0              (-nan /sec)
          order 13    : 7764           (8673 /sec)
          order 14    : 30731          (2151 /sec)
          order 15    : 411981         (307 /sec)
          order 16    : 29151          (432 /sec)
          order 17    : 13325          (160 /sec)
          order 18    : 1754           (42 /sec)
          order 19    : 76             (14 /sec)
          order 20    : 0              (-nan /sec)
          order 21    : 0              (-nan /sec)
Canonicity checking   : 10973 s
Noncanonicity checking: 1562.65 s
Total canonicity time : 12535.7 s
database reductions   : 241
restarts              : 26621
conflicts             : 17868633       (836 /sec)
decisions             : 22922823       (0.00 % random) (1073 /sec)
propagations          : 872664056      (40846 /sec)
conflict literals     : 2018331929     (57.29 % deleted)
actual reward         : 0.255648
Memory used           : 648.00 MB
CPU time              : 21364.5 s

UNSATISFIABLE
