c --- [ banner ] -------------------------------------------------------------
c 
c CaDiCaL Radically Simplified CDCL SAT Solver
c Copyright (c) 2016-2021 A. Biere, M. Fleury, N. Froleyks
c 
c Version 1.5.2 a5f15211db36c3956764e18194dd5bd63bf3b5e6
c g++ (GCC) 9.3.0 -Wall -Wextra -O3 -DNDEBUG
c Fri Oct 21 01:27:37 EDT 2022 Linux gra-login3 3.10.0-1160.66.1.el7.x86_64 x86_64
c 
c --- [ limit ] --------------------------------------------------------------
c 
c setting conflict limit to 200000 conflicts (due to '200000')
c 
c --- [ parsing input ] ------------------------------------------------------
c 
c reading DIMACS file from '33.cubes5843.adj'
c opening file to read '33.cubes5843.adj'
c found 'p cnf 6160 1595484' header
c parsed 1595484 clauses in 20.96 seconds process time
c closing file '33.cubes5843.adj'
c after reading 1457566836 bytes 1390.0 MB
c 
c --- [ options ] ------------------------------------------------------------
c 
c all options are set to their default value
c 
c --- [ solving ] ------------------------------------------------------------
c 
c time measured in process time since initialization
c 
c  seconds    reductions  redundant   irredundant
c          MB     restarts       trail       variables
c            level   conflicts       glue         remaining
c 
c * 20.96 1382  0 0   0    0    0  0% 0 1595422 2302 37%
c { 22.11 1430  0 0   0    0    0  0% 0 1595422 2302 37%
c i 25.62 1506 448 0   6   61   46 31% 17 1595422 2297 37%
c i 27.44 1514 204 0  15  133   84 27% 16 1595422 2291 37%
c i 27.89 1516 200 0  16  150   93 26% 18 1595422 2290 37%
c i 28.88 1519 172 0  24  185  119 26% 18 1595422 2289 37%
c i 29.10 1521 167 0  25  194  125 26% 18 1595422 2286 37%
c i 30.16 1526 154 0  33  227  157 26% 23 1595422 2285 37%
c i 30.31 1527 153 0  35  236  164 26% 22 1595422 2284 37%
c i 30.41 1527 149 0  37  245  172 26% 23 1595422 2283 37%
c i 30.72 1528 147 0  41  269  191 26% 23 1595422 2282 37%
c i 31.12 1528 143 0  46  298  209 26% 24 1595422 2281 37%
c - 35.08 1519 143 1  47  300  211 26% 24 438720 2281 37%
c i 35.41 1386 140 1  49  309  219 26% 24 438720 2280 37%
c i 35.46 1386 138 1  51  314  223 26% 24 438720 2279 37%
c i 35.47 1386 137 1  51  315  223 26% 24 438720 2278 37%
c i 35.49 1386 135 1  53  321  227 26% 24 438720 2277 37%
c i 35.51 1386 133 1  53  325  228 26% 24 438720 2276 37%
c i 35.53 1386 129 1  53  335  237 27% 24 438720 2275 37%
c i 35.54 1386 128 1  53  338  239 27% 24 438720 2274 37%
c 
c  seconds     reductions  redundant   irredundant
c          MB      restarts       trail       variables
c             level   conflicts       glue         remaining
c 
c i 35.54 1386 128 1  53  340  240 27% 24 438720 2273 37%
c i 35.59 1386 124 1  53  352  248 27% 24 438720 2272 37%
c i 35.68 1386 117 1  53  377  267 27% 24 438720 2271 37%
c i 35.73 1386 116 1  53  382  270 27% 24 438720 2270 37%
c i 37.17 1386 93 1  60  534  393 27% 22 438720 2269 37%
c i 37.62 1386 84 1  60  630  464 27% 21 438720 2268 37%
c i 37.65 1386 84 1  60  634  467 27% 21 438720 2267 37%
c i 37.74 1386 83 1  60  649  481 27% 21 438720 2266 37%
c i 37.74 1386 83 1  60  651  482 27% 21 438720 2265 37%
c i 37.74 1386 83 1  60  652  482 27% 21 438720 2264 37%
c i 37.77 1387 83 1  60  654  483 27% 21 438720 2263 37%
c i 37.82 1387 82 1  60  662  489 27% 21 438720 2262 37%
c i 37.88 1387 82 1  60  669  494 27% 21 438720 2261 37%
c i 38.07 1387 83 1  64  696  515 27% 23 438720 2260 37%
c i 38.10 1387 83 1  65  699  517 27% 23 438720 2259 37%
c i 39.51 1388 86 1  84  778  583 27% 26 438720 2258 37%
c i 41.52 1389 77 1 110  970  674 27% 25 438720 2257 37%
c i 41.84 1389 77 1 116  993  693 27% 25 438720 2256 37%
c i 41.89 1389 77 1 118  998  697 27% 25 438720 2255 37%
c i 41.90 1389 76 1 118  999  697 27% 25 438720 2254 37%
c 
c  seconds    reductions  redundant   irredundant
c          MB     restarts       trail       variables
c            level   conflicts       glue         remaining
c 
c } 41.94 1389 76 1 119 1001  698 27% 25 438720 2254 37%
c [ 41.94 1389  0 1 119 1001  698  0% 0 438720 2254 37%
c O 41.95 1389  3 1 119 1002  699 14% 1 438720 2254 37%
c i 42.31 1389 20 1 119 1052  735 30% 14 438720 2253 37%
c i 42.37 1389 20 1 119 1070  749 31% 14 438720 2252 37%
c i 42.39 1389 20 1 119 1075  751 31% 14 438720 2251 37%
c i 42.42 1389 19 1 119 1089  764 31% 14 438720 2250 37%
c i 42.42 1389 19 1 119 1092  765 31% 14 438720 2249 37%
c i 42.63 1389 18 1 119 1276  908 32% 15 438720 2248 36%
c - 43.45 1569 18 2 119 1287  816 32% 15 438621 2248 36%
c i 43.77 1569 19 2 119 1562 1025 32% 16 438621 2247 36%
c i 43.79 1569 19 2 119 1569 1031 32% 16 438621 2246 36%
c i 44.11 1569 21 2 119 1819 1223 32% 17 438621 2245 36%
c i 44.16 1569 22 2 119 1893 1281 32% 18 438621 2244 36%
c i 44.36 1569 23 2 120 2160 1487 32% 19 438621 2243 36%
c i 44.43 1569 23 2 120 2244 1558 32% 19 438621 2242 36%
c i 44.58 1569 23 2 120 2439 1709 32% 18 438621 2241 36%
c - 45.35 1566 22 3 120 2764 1551 32% 18 438600 2241 36%
c ] 45.94 1566 22 3 120 3004 1741 54% 18 438600 2241 36%
c { 45.94 1566 76 3 120 3004 1741 73% 25 438600 2241 36%
c 
c  seconds    reductions  redundant   irredundant
c          MB     restarts       trail       variables
c            level   conflicts       glue         remaining
c 
c F 45.95 1566 76 3 121 3005 1742 73% 25 438600 2241 36%
c i 48.27 1566 74 3 175 3306 2000 66% 27 438600 2232 36%
c - 50.59 1563 48 4 180 4736 2099 58% 23 438385 2232 36%
c 2 51.59 1564 45 4 180 5001 3082 57% 22 438371 2225 36%
c p 55.48 1564 45 4 180 5001 5363 57% 22 438371 2146 35%
c d 56.10 1564 45 4 180 5001 5242 57% 22 380246 2145 35%
c # 58.96 1564 40 4 228 6006 5962 55% 21 380246 2145 35%
c } 60.65 1564 37 4 259 7004 6770 54% 21 380246 2145 35%
c [ 60.65 1564 22 4 259 7004 6770 54% 18 380246 2145 35%
c - 61.28 1356 22 5 260 7199 2971 52% 19 380246 2145 35%
c I 66.72 1356 32 5 261 10007 4863 50% 27 380246 2145 35%
c - 67.19 1356 32 6 261 10043 3158 50% 27 380246 2145 35%
c - 70.90 1356 34 7 264 13362 3490 51% 29 380246 2145 35%
c ] 74.13 1356 35 7 264 15004 4621 51% 30 380246 2145 35%
c { 74.13 1356 37 7 264 15004 4621 54% 21 380246 2145 35%
c 2 74.22 1356 37 7 264 15004 5373 54% 21 380244 2145 35%
c p 76.63 1356 37 7 264 15004 7624 54% 21 380244 2145 35%
c B 76.85 1356 37 7 264 15011 7630 54% 21 380244 2145 35%
c - 80.03 1358 32 8 285 17155 4335 53% 19 380244 2145 35%
c } 80.34 1358 32 8 285 17545 4567 53% 19 380244 2145 35%
c 
c  seconds    reductions   redundant   irredundant
c          MB     restarts        trail       variables
c            level    conflicts       glue         remaining
c 
c 1 80.34 1358 32 8 285 17545 4567 53% 19 380244 2145 35%
c 
c --- [ writing output ] -----------------------------------------------------
c 
c writing simplified CNF to DIMACS file 'simp/33.cubes5843.adj.simp1'
c * 80.34 1358 32 8 285 17545 4567 53% 19 380244 2145 35%
c opening file to write 'simp/33.cubes5843.adj.simp1'
c writing 'p cnf 6160 380244' header
c closing file 'simp/33.cubes5843.adj.simp1'
c after writing 160568961 bytes 153.1 MB
c wrote 380244 clauses in 1.19 seconds process time
c 
c --- [ writing extension ] --------------------------------------------------
c 
c writing extension stack to 'simp/33.cubes5843.adj.ext1'
c opening file to write 'simp/33.cubes5843.adj.ext1'
c closing file 'simp/33.cubes5843.adj.ext1'
c after writing 13198 bytes 0.0 MB
c wrote 879 witnesses in 0.00 seconds process time
c 
c --- [ result ] -------------------------------------------------------------
c 
s SATISFIABLE
c 
c --- [ run-time profiling ] -------------------------------------------------
c 
c process time taken by individual solving procedures
c (percentage relative to process time for solving)
c 
c        51.59   86.89% search
c        32.95   55.50% unstable
c        20.96   35.30% parse
c        17.48   29.45% stable
c         7.78   13.11% simplify
c         6.29   10.59% probe
c         1.16    1.95% lucky
c         0.13    0.21% ternary
c   =================================
c        59.38   72.83% solve
c 
c last line shows process time for solving
c (percentage relative to total process time)
c 
c --- [ statistics ] ---------------------------------------------------------
c 
c chronological:              3165        18.04 %  of conflicts
c conflicts:                 17545       295.49    per second
c decisions:                 44150       743.56    per second
c fixed:                       863        14.01 %  of all variables
c learned:                   17160        97.81 %  per conflict
c learned_lits:            3161946       100.00 %  learned literals
c minimized:                     0         0.00 %  learned literals
c shrunken:                1941198        61.39 %  learned literals
c minishrunken:             231455         7.32 %  learned literals
c propagations:            2425403         0.04 M  per second
c reduced:                    7994        45.56 %  per conflict
c rephased:                      5      3509.00    interval
c restarts:                    285        61.56    interval
c stabilizing:                   2        57.01 %  of conflicts
c substituted:                   8         0.13 %  of all variables
c subsumed:                   4776         0.14 %  of all clauses
c ternary:                    1560         0.51 %  of resolved
c weakened:                     16         2.00    average size
c 
c seconds are measured in process time for solving
c 
c --- [ resources ] ----------------------------------------------------------
c 
c total process time since initialization:        81.53    seconds
c total real time since initialization:           82.66    seconds
c maximum resident set size of process:         1744.94    MB
c 
c --- [ shutting down ] ------------------------------------------------------
c 
c exit 10
WARNING! DIMACS header mismatch: wrong number of variables.
============================[ Problem Statistics ]=============================
|                                                                             |
|  Number of variables:          6120                                         |
|  Number of clauses:          380244                                         |
|  Parse time:                   2.25 s                                       |
|  Simplification time:          0.04 s                                       |
|                                                                             |
============================[ Search Statistics ]====================================================
| Conflicts |          ORIGINAL         |          LEARNT          | Num Sols |      SUBGRAPHS      |
|           |    Vars  Clauses Literals |    Limit  Clauses Lit/Cl |          | Canonical Noncanon. |
=====================================================================================================
|       100 |    6025   380244 35113847 |     2000      100    124 |        0 |        20         0 |
|       254 |    6025   380248 35113968 |     2000      254     98 |        0 |        34         4 |
|       482 |    6025   380251 35114091 |     2000      482    105 |        0 |        50         7 |
|       825 |    6025   380257 35114364 |     2000      825     99 |        0 |        62        13 |
|      1336 |    6025   380262 35114553 |     2000     1336     99 |        0 |        79        18 |
|      2099 |    6025   380266 35114661 |     3601     1100     52 |        0 |       127        22 |
|      3742 |    6025   380770 35124928 |     3601     2743     57 |        0 |       322       526 |
|      5662 |    6025   380982 35129133 |     5003     2865     53 |        0 |       472       738 |
|      8262 |    6025   381020 35129960 |     6307     2969     39 |        0 |       489       776 |
|     12843 |    6025   381757 35143024 |     7555     4398     41 |        0 |       680      1513 |
|     26708 |    6025   389856 35287653 |    11200     5108     15 |        0 |      2542      9612 |
|     38719 |    6025   393218 35355568 |    12407    11526     65 |        0 |      3505     12974 |
|     57294 |    6025   398819 35472379 |    16014     9708     34 |        0 |      4750     18575 |
|     85062 |    6025   407126 35633750 |    19610    11672     36 |        0 |      6592     26882 |
|    135026 |    6025   427898 36025168 |    24411    18837     25 |        0 |     11234     47654 |
|    194957 |    6025   444040 36324662 |    29215    26372     57 |        0 |     14518     63796 |
|    289419 |    6025   472818 36802669 |    36409    24228     36 |        0 |     19414     92574 |
|    434675 |    6025   519548 37504432 |    44813    29488     39 |        0 |     27376    139304 |
|    611285 |    6025   548369 37905244 |    53221    36706     51 |        0 |     32083    168125 |
|   1021691 |    6025   737092 41254907 |    68815    54506     29 |        0 |     58828    356848 |
|   1493875 |    6025   876751 44057017 |    83225    74300     59 |        0 |     80007    496507 |
=====================================================================================================
Number of solutions   : 0
Canonical subgraphs   : 89718          (20 /sec)
          order  3    : 1              (166667 /sec)
          order  4    : 1              (500000 /sec)
          order  5    : 1              (250000 /sec)
          order  6    : 1              (52632 /sec)
          order  7    : 1              (8696 /sec)
          order  8    : 2              (1352 /sec)
          order  9    : 7              (353 /sec)
          order 10    : 37             (117 /sec)
          order 11    : 222            (49 /sec)
          order 12    : 1283           (27 /sec)
          order 13    : 8842           (19 /sec)
          order 14    : 68259          (20 /sec)
          order 15    : 5779           (26 /sec)
          order 16    : 3865           (21 /sec)
          order 17    : 1056           (14 /sec)
          order 18    : 269            (9 /sec)
          order 19    : 60             (11 /sec)
          order 20    : 17             (10 /sec)
          order 21    : 15             (12 /sec)
          order 22    : 0              (-nan /sec)
Noncanonical subgraphs: 588476         (158 /sec)
          order  3    : 0              (-nan /sec)
          order  4    : 0              (-nan /sec)
          order  5    : 0              (-nan /sec)
          order  6    : 0              (-nan /sec)
          order  7    : 0              (-nan /sec)
          order  8    : 0              (-nan /sec)
          order  9    : 0              (-nan /sec)
          order 10    : 0              (-nan /sec)
          order 11    : 0              (-nan /sec)
          order 12    : 0              (-nan /sec)
          order 13    : 30734          (3208 /sec)
          order 14    : 103679         (890 /sec)
          order 15    : 440540         (125 /sec)
          order 16    : 8927           (193 /sec)
          order 17    : 3916           (128 /sec)
          order 18    : 665            (56 /sec)
          order 19    : 0              (-nan /sec)
          order 20    : 0              (-nan /sec)
          order 21    : 0              (-nan /sec)
Canonicity checking   : 4515.16 s
Noncanonicity checking: 3733.21 s
Total canonicity time : 8248.37 s
database reductions   : 77
restarts              : 3773
conflicts             : 1935362        (198 /sec)
decisions             : 2927906        (0.00 % random) (300 /sec)
propagations          : 197513987      (20210 /sec)
conflict literals     : 166201485      (51.71 % deleted)
actual reward         : 0.104058
Memory used           : 633.00 MB
CPU time              : 9773.13 s

UNSATISFIABLE
