c --- [ banner ] -------------------------------------------------------------
c 
c CaDiCaL Radically Simplified CDCL SAT Solver
c Copyright (c) 2016-2021 A. Biere, M. Fleury, N. Froleyks
c 
c Version 1.5.2 a5f15211db36c3956764e18194dd5bd63bf3b5e6
c g++ (GCC) 9.3.0 -Wall -Wextra -O3 -DNDEBUG
c Fri Oct 21 01:27:37 EDT 2022 Linux gra-login3 3.10.0-1160.66.1.el7.x86_64 x86_64
c 
c --- [ limit ] --------------------------------------------------------------
c 
c setting conflict limit to 200000 conflicts (due to '200000')
c 
c --- [ parsing input ] ------------------------------------------------------
c 
c reading DIMACS file from '33.cubes5295.adj'
c opening file to read '33.cubes5295.adj'
c found 'p cnf 6160 1595475' header
c parsed 1595475 clauses in 19.35 seconds process time
c closing file '33.cubes5295.adj'
c after reading 1457566776 bytes 1390.0 MB
c 
c --- [ options ] ------------------------------------------------------------
c 
c all options are set to their default value
c 
c --- [ solving ] ------------------------------------------------------------
c 
c time measured in process time since initialization
c 
c  seconds    reductions  redundant   irredundant
c          MB     restarts       trail       variables
c            level   conflicts       glue         remaining
c 
c * 19.36 1382  0 0   0    0    0  0% 0 1595422 2359 38%
c { 20.55 1435  0 0   0    0    0  0% 0 1595422 2359 38%
c i 22.08 1477 554 0   1   31   26 37% 9 1595422 2358 38%
c i 22.88 1490 354 0   5   49   43 34% 16 1595422 2357 38%
c i 24.54 1507 210 0  20  108   93 29% 25 1595422 2356 38%
c i 25.07 1513 199 0  26  130  110 29% 29 1595422 2355 38%
c i 25.22 1515 188 0  28  139  117 29% 29 1595422 2328 38%
c i 25.52 1515 150 0  30  182  151 29% 26 1595422 2327 38%
c i 25.54 1515 150 0  30  183  151 29% 26 1595422 2326 38%
c i 25.64 1516 135 0  30  209  174 29% 26 1595422 2325 38%
c i 25.79 1516 113 0  30  274  222 29% 26 1595422 2324 38%
c i 25.81 1516 112 0  30  276  223 29% 26 1595422 2323 38%
c i 25.83 1516 110 0  30  282  228 29% 26 1595422 2322 38%
c - 29.88 1473 105 1  30  303  245 29% 26 425902 2322 38%
c i 30.43 1474 88 1  30  383  289 29% 25 425902 2321 38%
c i 30.44 1474 88 1  30  385  290 29% 25 425902 2320 38%
c i 30.63 1474 70 1  30  512  373 29% 22 425902 2319 38%
c i 30.68 1474 67 1  30  551  403 29% 22 425902 2318 38%
c i 32.46 1474 53 1  38  927  684 29% 21 425902 2317 38%
c } 32.57 1474 52 1  39 1000  744 29% 21 425902 2317 38%
c 
c  seconds    reductions  redundant  irredundant
c          MB     restarts       trail      variables
c            level   conflicts       glue        remaining
c 
c [ 32.57 1474  0 1  39 1000  744  0% 0 425902 2317 38%
c O 32.58 1474 17 1  39 1005  747 27% 16 425902 2317 38%
c i 32.86 1474 15 1  39 1043  776 29% 13 425902 2316 38%
c i 32.97 1474 18 1  39 1118  828 31% 15 425902 2315 38%
c i 32.97 1474 17 1  39 1119  828 31% 15 425902 2314 38%
c i 32.98 1474 17 1  39 1130  833 31% 15 425902 2313 38%
c i 32.99 1474 17 1  39 1141  837 31% 15 425902 2312 38%
c i 33.00 1474 17 1  39 1159  850 31% 14 425902 2311 38%
c i 33.02 1474 16 1  39 1177  860 31% 14 425902 2310 38%
c - 33.90 1634 18 2  39 1280  835 31% 16 425866 2310 38%
c i 34.28 1634 20 2  39 1570 1075 32% 17 425866 2309 37%
c i 34.77 1634 22 2  40 2514 1802 31% 19 425866 2308 37%
c - 35.46 1578 23 3  40 2747 1503 31% 20 425860 2308 37%
c i 35.89 1578 23 3  40 2803 1544 51% 20 425860 2307 37%
c ] 36.03 1578 23 3  40 3001 1680 51% 20 425860 2307 37%
c { 36.03 1578 52 3  40 3001 1680 77% 21 425860 2307 37%
c F 36.06 1578 52 3  40 3006 1684 77% 21 425860 2307 37%
c i 36.40 1578 52 3  40 3018 1694 76% 21 425860 2306 37%
c i 36.44 1578 52 3  40 3022 1697 76% 21 425860 2305 37%
c i 36.51 1578 52 3  40 3026 1700 76% 21 425860 2304 37%
c 
c  seconds    reductions  redundant   irredundant
c          MB     restarts       trail       variables
c            level   conflicts       glue         remaining
c 
c i 36.60 1578 51 3  40 3032 1705 76% 21 425860 2303 37%
c i 36.60 1578 51 3  40 3033 1705 76% 21 425860 2302 37%
c i 36.64 1578 51 3  40 3036 1707 76% 21 425860 2301 37%
c i 36.64 1578 51 3  40 3037 1707 75% 21 425860 2300 37%
c i 36.81 1578 52 3  40 3048 1717 75% 21 425860 2299 37%
c i 36.84 1578 52 3  40 3049 1717 75% 21 425860 2298 37%
c i 38.29 1578 52 3  76 3275 1918 70% 22 425860 2297 37%
c i 38.68 1578 52 3  88 3331 1968 69% 22 425860 2296 37%
c i 39.46 1578 52 3 102 3388 2020 68% 23 425860 2295 37%
c i 39.82 1578 53 3 109 3423 2054 68% 23 425860 2294 37%
c i 40.60 1578 54 3 126 3497 2115 66% 24 425860 2293 37%
c i 40.87 1578 53 3 126 3547 2161 66% 23 425860 2292 37%
c i 41.01 1578 53 3 128 3593 2205 65% 23 425860 2291 37%
c i 41.22 1578 53 3 128 3639 2242 64% 23 425860 2290 37%
c i 41.44 1578 50 3 130 3883 2413 63% 23 425860 2289 37%
c i 41.60 1578 48 3 130 4087 2550 62% 23 425860 2288 37%
c i 41.69 1578 45 3 130 4273 2692 61% 23 425860 2287 37%
c i 41.89 1578 42 3 130 4649 2948 59% 22 425860 2286 37%
c - 42.52 1570 42 4 130 4702 2100 59% 22 425794 2286 37%
c 2 43.66 1570 40 4 130 5004 3418 58% 22 425774 2257 37%
c 
c  seconds    reductions  redundant   irredundant
c          MB     restarts       trail       variables
c            level   conflicts       glue         remaining
c 
c p 53.24 1570 40 4 130 5004 6224 58% 22 425774 2157 35%
c d 53.90 1570 40 4 130 5004 6085 58% 22 355414 2153 35%
c # 54.97 1570 34 4 130 6007 6705 55% 20 355412 2152 35%
c } 55.57 1570 32 4 139 7002 7364 54% 19 355412 2152 35%
c [ 55.57 1570 23 4 139 7002 7364 51% 20 355412 2152 35%
c - 55.94 1487 23 5 140 7147 2664 51% 20 355412 2152 35%
c ] 55.98 1487 23 5 140 7304 2767 50% 20 355412 2152 35%
c 1 55.98 1487 23 5 140 7304 2767 50% 20 355412 2152 35%
c 
c --- [ writing output ] -----------------------------------------------------
c 
c writing simplified CNF to DIMACS file 'simp/33.cubes5295.adj.simp1'
c * 55.98 1487 23 5 140 7304 2767 50% 20 355412 2152 35%
c opening file to write 'simp/33.cubes5295.adj.simp1'
c writing 'p cnf 6160 355412' header
c closing file 'simp/33.cubes5295.adj.simp1'
c after writing 141644170 bytes 135.1 MB
c wrote 355412 clauses in 1.14 seconds process time
c 
c --- [ writing extension ] --------------------------------------------------
c 
c writing extension stack to 'simp/33.cubes5295.adj.ext1'
c opening file to write 'simp/33.cubes5295.adj.ext1'
c closing file 'simp/33.cubes5295.adj.ext1'
c after writing 13193 bytes 0.0 MB
c wrote 879 witnesses in 0.00 seconds process time
c 
c --- [ result ] -------------------------------------------------------------
c 
s SATISFIABLE
c 
c --- [ run-time profiling ] -------------------------------------------------
c 
c process time taken by individual solving procedures
c (percentage relative to process time for solving)
c 
c        25.41   69.38% search
c        20.35   55.55% unstable
c        19.35   52.84% parse
c        11.21   30.62% simplify
c         9.58   26.15% probe
c         3.87   10.58% stable
c         1.19    3.25% lucky
c         0.07    0.19% ternary
c   =================================
c        36.63   64.11% solve
c 
c last line shows process time for solving
c (percentage relative to total process time)
c 
c --- [ statistics ] ---------------------------------------------------------
c 
c chronological:              1590        21.77 %  of conflicts
c conflicts:                  7304       199.42    per second
c decisions:                 23898       652.48    per second
c fixed:                       849        13.78 %  of all variables
c learned:                    7124        97.54 %  per conflict
c learned_lits:            1340579       100.00 %  learned literals
c minimized:                     0         0.00 %  learned literals
c shrunken:                 841759        62.79 %  learned literals
c minishrunken:             114542         8.54 %  learned literals
c propagations:            1129954         0.03 M  per second
c reduced:                    2606        35.68 %  per conflict
c rephased:                      3      2434.67    interval
c restarts:                    140        52.17    interval
c stabilizing:                   2        31.53 %  of conflicts
c substituted:                  15         0.24 %  of all variables
c subsumed:                   1849         0.06 %  of all clauses
c ternary:                    1096         0.56 %  of resolved
c weakened:                     30         2.00    average size
c 
c seconds are measured in process time for solving
c 
c --- [ resources ] ----------------------------------------------------------
c 
c total process time since initialization:        57.13    seconds
c total real time since initialization:           58.60    seconds
c maximum resident set size of process:         1817.36    MB
c 
c --- [ shutting down ] ------------------------------------------------------
c 
c exit 10
WARNING! DIMACS header mismatch: wrong number of variables.
============================[ Problem Statistics ]=============================
|                                                                             |
|  Number of variables:          6120                                         |
|  Number of clauses:          355412                                         |
|  Parse time:                   1.89 s                                       |
|  Simplification time:          0.05 s                                       |
|                                                                             |
============================[ Search Statistics ]====================================================
| Conflicts |          ORIGINAL         |          LEARNT          | Num Sols |      SUBGRAPHS      |
|           |    Vars  Clauses Literals |    Limit  Clauses Lit/Cl |          | Canonical Noncanon. |
=====================================================================================================
|       110 |    6024   355422 31046336 |     2000      110     70 |        0 |        14        10 |
|       263 |    6024   355425 31046379 |     2000      263     73 |        0 |        37        13 |
|       495 |    6024   355432 31046514 |     2000      495     87 |        0 |        51        20 |
|       836 |    6024   355436 31046562 |     2000      836     87 |        0 |        58        24 |
|      1343 |    6024   355437 31046575 |     2000     1343     91 |        0 |        65        25 |
|      2118 |    6024   355453 31046901 |     3600     1118     69 |        0 |        83        41 |
|      3303 |    6024   355499 31047642 |     3600     2303     78 |        0 |       100        87 |
|      5015 |    6024   355503 31047680 |     5000     2215     61 |        0 |       109        91 |
|      7629 |    6024   355555 31048522 |     5000     4829     79 |        0 |       138       143 |
|     11633 |    6024   355715 31051874 |     7552     3185     47 |        0 |       176       303 |
|     17955 |    6024   356271 31060366 |     8778     5733     54 |        0 |       293       859 |
|     26942 |    6024   356609 31065708 |    11199     5341     33 |        0 |       404      1197 |
|     40377 |    6024   357070 31076464 |    13608     6985     37 |        0 |       585      1658 |
|     60888 |    6024   358120 31095959 |    16007    13295     55 |        0 |       807      2708 |
|     91012 |    6024   359052 31108421 |    19608    17620     57 |        0 |      1022      3640 |
|    136025 |    6024   360276 31125724 |    24411    19836     58 |        0 |      1230      4864 |
|    202904 |    6024   361471 31142156 |    30409    19713     45 |        0 |      1513      6059 |
|    302799 |    6015   358406 31101403 |    36027    17826     53 |        0 |      1898      7428 |
|    451480 |    6015   359298 31115961 |    46003    23883     49 |        0 |      2264      8320 |
|    678680 |    6015   364815 31213365 |    55616    50296     57 |        0 |      3458     13837 |
|   1016069 |    6015   369679 31295184 |    68821    48890     51 |        0 |      4849     18701 |
|   1519936 |    6014   367329 31250322 |    84406    58742     47 |        0 |      6028     23780 |
=====================================================================================================
Number of solutions   : 0
Canonical subgraphs   : 6525           (14 /sec)
          order  3    : 1              (200000 /sec)
          order  4    : 1              (500000 /sec)
          order  5    : 1              (250000 /sec)
          order  6    : 1              (58824 /sec)
          order  7    : 1              (8929 /sec)
          order  8    : 2              (1359 /sec)
          order  9    : 6              (297 /sec)
          order 10    : 22             (87 /sec)
          order 11    : 83             (26 /sec)
          order 12    : 280            (9 /sec)
          order 13    : 1131           (9 /sec)
          order 14    : 2822           (14 /sec)
          order 15    : 1769           (20 /sec)
          order 16    : 158            (23 /sec)
          order 17    : 127            (19 /sec)
          order 18    : 37             (15 /sec)
          order 19    : 34             (14 /sec)
          order 20    : 23             (14 /sec)
          order 21    : 26             (13 /sec)
          order 22    : 0              (-nan /sec)
Noncanonical subgraphs: 25955          (927 /sec)
          order  3    : 0              (-nan /sec)
          order  4    : 0              (-nan /sec)
          order  5    : 0              (-nan /sec)
          order  6    : 0              (-nan /sec)
          order  7    : 0              (-nan /sec)
          order  8    : 0              (-nan /sec)
          order  9    : 0              (-nan /sec)
          order 10    : 0              (-nan /sec)
          order 11    : 0              (-nan /sec)
          order 12    : 0              (-nan /sec)
          order 13    : 4953           (2647 /sec)
          order 14    : 16885          (948 /sec)
          order 15    : 3675           (1223 /sec)
          order 16    : 363            (180 /sec)
          order 17    : 21             (90 /sec)
          order 18    : 26             (59 /sec)
          order 19    : 0              (-nan /sec)
          order 20    : 0              (-nan /sec)
          order 21    : 1              (259 /sec)
Canonicity checking   : 475.314 s
Noncanonicity checking: 27.9864 s
Total canonicity time : 503.3 s
database reductions   : 77
restarts              : 3708
conflicts             : 1913225        (1383 /sec)
decisions             : 2395655        (0.00 % random) (1732 /sec)
propagations          : 211142654      (152612 /sec)
conflict literals     : 163891699      (56.49 % deleted)
actual reward         : 0.108175
Memory used           : 388.00 MB
CPU time              : 1383.53 s

UNSATISFIABLE
