c --- [ banner ] -------------------------------------------------------------
c 
c CaDiCaL Radically Simplified CDCL SAT Solver
c Copyright (c) 2016-2021 A. Biere, M. Fleury, N. Froleyks
c 
c Version 1.5.2 a5f15211db36c3956764e18194dd5bd63bf3b5e6
c g++ (GCC) 9.3.0 -Wall -Wextra -O3 -DNDEBUG
c Fri Oct 21 01:27:37 EDT 2022 Linux gra-login3 3.10.0-1160.66.1.el7.x86_64 x86_64
c 
c --- [ limit ] --------------------------------------------------------------
c 
c setting conflict limit to 200000 conflicts (due to '200000')
c 
c --- [ parsing input ] ------------------------------------------------------
c 
c reading DIMACS file from '33.cubes6852.adj'
c opening file to read '33.cubes6852.adj'
c found 'p cnf 6160 1595479' header
c parsed 1595479 clauses in 16.85 seconds process time
c closing file '33.cubes6852.adj'
c after reading 1457566804 bytes 1390.0 MB
c 
c --- [ options ] ------------------------------------------------------------
c 
c all options are set to their default value
c 
c --- [ solving ] ------------------------------------------------------------
c 
c time measured in process time since initialization
c 
c  seconds    reductions  redundant   irredundant
c          MB     restarts       trail       variables
c            level   conflicts       glue         remaining
c 
c * 16.85 1379  0 0   0    0    0  0% 0 1595422 2357 38%
c { 17.59 1420  0 0   0    0    0  0% 0 1595422 2357 38%
c i 18.26 1451 1347 0   0   15   11 40% 1 1595422 2334 38%
c i 18.35 1455 1281 0   0   25   20 39% 1 1595422 2303 37%
c i 23.48 1533 324 0  26  180  154 31% 19 1595422 2277 37%
c i 23.58 1533 317 0  26  184  156 31% 19 1595422 2276 37%
c i 23.58 1533 315 0  26  185  156 31% 19 1595422 2275 37%
c i 23.60 1533 310 0  26  188  157 31% 19 1595422 2274 37%
c i 23.82 1534 269 0  26  219  180 31% 19 1595422 2273 37%
c i 23.94 1535 258 0  28  232  187 31% 20 1595422 2272 37%
c i 24.22 1538 250 0  31  246  194 31% 20 1595422 2271 37%
c - 28.57 1520 206 1  31  302  241 30% 18 755110 2271 37%
c i 29.28 1425 187 1  31  333  264 30% 17 755110 2270 37%
c i 29.48 1425 181 1  31  354  279 29% 17 755110 2266 37%
c i 29.86 1426 177 1  33  369  293 29% 19 755110 2265 37%
c i 29.98 1426 175 1  35  375  298 29% 19 755110 2264 37%
c i 30.02 1426 175 1  35  376  298 29% 19 755110 2263 37%
c i 30.09 1427 174 1  36  377  298 29% 19 755110 2262 37%
c i 30.10 1427 174 1  36  378  298 29% 19 755110 2261 37%
c i 30.10 1427 173 1  36  379  298 29% 19 755110 2260 37%
c 
c  seconds     reductions  redundant   irredundant
c          MB      restarts       trail       variables
c             level   conflicts       glue         remaining
c 
c i 30.10 1427 173 1  37  380  298 29% 19 755110 2259 37%
c i 30.45 1428 174 1  40  398  314 29% 21 755110 2258 37%
c i 30.56 1428 172 1  41  422  326 29% 22 755110 2249 37%
c i 30.58 1428 172 1  43  427  329 29% 22 755110 2248 36%
c i 31.32 1429 159 1  51  477  365 28% 21 755110 2247 36%
c i 31.33 1429 159 1  51  478  365 28% 21 755110 2246 36%
c i 31.33 1429 158 1  51  479  365 28% 21 755110 2245 36%
c i 31.38 1429 156 1  51  488  373 29% 21 755110 2244 36%
c i 31.41 1429 154 1  51  493  377 29% 20 755110 2243 36%
c i 31.41 1429 154 1  51  495  378 29% 20 755110 2242 36%
c i 31.41 1429 153 1  51  496  378 29% 20 755110 2241 36%
c i 31.60 1429 146 1  51  522  398 29% 20 755110 2240 36%
c i 31.62 1429 146 1  51  523  398 29% 20 755110 2239 36%
c i 31.70 1429 142 1  51  539  412 29% 20 755110 2238 36%
c i 31.89 1429 141 1  51  553  424 29% 20 755110 2237 36%
c i 32.06 1430 139 1  51  570  439 29% 20 755110 2236 36%
c } 32.77 1430 87 1  54 1003  655 27% 16 755110 2236 36%
c [ 32.77 1430  0 1  54 1003  655  0% 0 755110 2236 36%
c O 32.77 1430  1 1  54 1004  656 14% 1 755110 2236 36%
c i 33.62 1430 15 1  54 1135  745 29% 11 755110 2235 36%
c 
c  seconds    reductions  redundant   irredundant
c          MB     restarts       trail       variables
c            level   conflicts       glue         remaining
c 
c i 33.63 1430 15 1  54 1142  750 29% 11 755110 2234 36%
c i 33.69 1430 15 1  54 1156  758 29% 12 755110 2233 36%
c i 33.72 1430 15 1  54 1165  764 29% 12 755110 2232 36%
c i 33.85 1431 15 1  54 1189  780 29% 12 755110 2231 36%
c i 33.98 1431 16 1  54 1228  812 29% 12 755110 2230 36%
c i 34.07 1431 16 1  54 1273  845 30% 12 755110 2229 36%
c i 34.19 1431 15 1  54 1294  859 30% 12 755110 2228 36%
c i 34.19 1431 15 1  54 1295  859 30% 12 755110 2227 36%
c i 34.19 1431 15 1  54 1298  861 29% 12 755110 2226 36%
c i 34.19 1431 15 1  54 1299  861 29% 12 755110 2225 36%
c i 34.22 1431 15 1  54 1305  865 29% 12 755110 2224 36%
c i 34.26 1431 15 1  54 1315  867 29% 12 755110 2223 36%
c i 34.53 1431 17 1  54 1384  904 29% 13 755110 2222 36%
c i 34.53 1431 17 1  54 1385  904 29% 13 755110 2221 36%
c i 34.65 1431 17 1  54 1418  919 29% 13 755110 2220 36%
c - 35.94 1725 18 2  54 1429  820 29% 13 754957 2220 36%
c i 36.02 1725 17 2  54 1432  822 29% 13 754957 2219 36%
c i 36.02 1725 17 2  54 1433  822 29% 13 754957 2218 36%
c i 36.04 1725 17 2  54 1437  824 29% 13 754957 2217 36%
c i 36.04 1725 17 2  54 1438  824 29% 13 754957 2216 36%
c 
c  seconds    reductions  redundant   irredundant
c          MB     restarts       trail       variables
c            level   conflicts       glue         remaining
c 
c i 36.06 1725 17 2  54 1442  827 29% 13 754957 2215 36%
c i 36.84 1725 21 2  54 1612  947 29% 15 754957 2214 36%
c i 36.84 1725 21 2  54 1613  947 29% 15 754957 2213 36%
c i 36.84 1725 21 2  54 1614  947 29% 15 754957 2212 36%
c i 38.38 1725 21 2  55 2639 1522 29% 16 754957 2211 36%
c i 38.65 1725 21 2  55 2777 1617 29% 16 754957 2210 36%
c i 38.65 1725 21 2  55 2778 1617 29% 16 754957 2209 36%
c ] 38.89 1725 20 2  55 3005 1750 29% 16 754957 2209 36%
c { 38.89 1725 87 2  55 3005 1750 27% 16 754957 2209 36%
c F 39.88 1689 87 2  55 3006 1751 27% 16 754924 2209 36%
c - 40.31 1689 79 3  55 3120 1363 25% 15 754924 2209 36%
c i 40.51 1689 71 3  55 3275 1385 26% 14 754924 2208 36%
c i 40.88 1689 70 3  56 3300 1409 28% 15 754924 2207 36%
c i 41.70 1689 69 3  76 3380 1472 31% 15 754924 2206 36%
c i 42.64 1689 68 3  97 3477 1546 33% 16 754924 2205 36%
c i 44.03 1689 64 3 118 3641 1658 35% 16 754924 2204 36%
c i 48.67 1689 47 3 168 4833 2540 42% 16 754924 2203 36%
c 2 50.79 1689 46 3 176 5002 3222 42% 16 754884 2185 35%
c p 66.61 1689 46 3 176 5002 7351 42% 16 754884 2138 35%
c d 67.32 1689 46 3 176 5002 6890 42% 16 647577 2135 35%
c 
c  seconds    reductions  redundant   irredundant
c          MB     restarts       trail       variables
c            level   conflicts       glue         remaining
c 
c - 70.27 1641 44 4 204 5374 2220 40% 15 647577 2135 35%
c # 74.64 1642 42 4 258 6008 2743 41% 16 647577 2135 35%
c } 82.52 1642 42 4 426 7005 3550 40% 17 647577 2135 35%
c [ 82.52 1642 20 4 426 7005 3550 81% 16 647577 2135 35%
c - 84.02 1642 21 5 427 8095 3290 69% 17 647577 2135 35%
c I 85.97 1642 22 5 428 10009 4671 60% 18 647577 2135 35%
c - 89.06 1402 26 6 430 11356 4003 57% 21 647577 2135 35%
c 2 93.99 1402 27 6 431 15003 7081 52% 22 647575 2135 35%
c p 96.68 1402 27 6 431 15003 11015 52% 22 647575 2135 35%
c ] 96.84 1402 27 6 431 15005 11017 52% 22 647575 2135 35%
c { 96.84 1402 42 6 431 15005 11017 40% 17 647575 2135 35%
c B 97.05 1402 42 6 431 15010 11022 40% 17 647575 2135 35%
c - 98.97 1643 42 7 442 15160 4527 40% 17 647575 2135 35%
c s 121.13 1643 41 7 903 18806 7056 41% 19 645546 2135 35%
c v 132.79 1643 41 7 903 18806 7056 41% 19 645521 2135 35%
c t 133.03 1643 41 7 903 18806 7035 41% 19 645503 2135 35%
c e 134.50 1645 41 7 903 18806 6407 41% 19 643052 822 13%
c s 134.67 1645 41 7 903 18806 6405 41% 19 642093 822 13%
c - 140.11 1645 40 8 967 19507 4992 71% 19 642093 822 13%
c W 143.99 1645 38 8 995 21012 6037 71% 19 642093 822 13%
c 
c  seconds     reductions    redundant   irredundant
c           MB     restarts         trail       variables
c             level     conflicts       glue        remaining
c 
c - 154.26 1404 35 9 1150 24387 5917 71% 19 642093 822 13%
c F 159.24 1404 31 9 1204 28013 8353 71% 18 642093 822 13%
c - 167.14 1645 31 10 1389 29810 6855 71% 18 642093 822 13%
c 3 168.54 1645 32 10 1437 30004 7430 71% 18 642093 822 13%
c p 172.09 1645 32 10 1437 30004 9408 71% 18 642093 821 13%
c } 176.72 1645 31 10 1520 31006 10126 70% 18 642093 821 13%
c [ 176.72 1645 27 10 1520 31006 10126 140% 22 642093 821 13%
c - 185.87 1404 32 11 1523 35777 8305 117% 26 642090 821 13%
c B 186.55 1404 33 11 1523 36015 8475 116% 26 642090 821 13%
c - 195.51 1646 30 12 1527 42284 8662 103% 25 642090 821 13%
c W 201.63 1646 30 12 1527 45017 10641 99% 25 642090 821 13%
c - 207.59 1404 29 13 1528 49333 9184 94% 24 642090 821 13%
c p 210.53 1404 29 13 1528 50005 12290 94% 24 642090 821 13%
c O 218.48 1404 28 13 1529 55018 15709 90% 23 642090 821 13%
c ] 218.58 1404 28 13 1529 55030 15721 90% 23 642090 821 13%
c 1 218.58 1404 28 13 1529 55030 15721 90% 23 642090 821 13%
c 
c --- [ writing output ] -----------------------------------------------------
c 
c writing simplified CNF to DIMACS file 'simp/33.cubes6852.adj.simp1'
c * 218.58 1404 28 13 1529 55030 15721 90% 23 642090 821 13%
c opening file to write 'simp/33.cubes6852.adj.simp1'
c writing 'p cnf 6160 642090' header
c closing file 'simp/33.cubes6852.adj.simp1'
c after writing 271166347 bytes 258.6 MB
c wrote 642090 clauses in 1.62 seconds process time
c 
c --- [ writing extension ] --------------------------------------------------
c 
c writing extension stack to 'simp/33.cubes6852.adj.ext1'
c opening file to write 'simp/33.cubes6852.adj.ext1'
c closing file 'simp/33.cubes6852.adj.ext1'
c after writing 90963 bytes 0.1 MB
c wrote 4035 witnesses in 0.00 seconds process time
c 
c --- [ result ] -------------------------------------------------------------
c 
s SATISFIABLE
c 
c --- [ run-time profiling ] -------------------------------------------------
c 
c process time taken by individual solving procedures
c (percentage relative to process time for solving)
c 
c       160.61   79.61% search
c       102.09   50.61% unstable
c        54.73   27.13% stable
c        41.12   20.39% simplify
c        23.87   11.83% probe
c        16.85    8.35% parse
c        11.83    5.86% vivify
c         3.04    1.51% walk
c         2.63    1.31% elim
c         0.74    0.37% lucky
c         0.35    0.17% subsume
c         0.29    0.14% ternary
c   =================================
c       201.73   91.61% solve
c 
c last line shows process time for solving
c (percentage relative to total process time)
c 
c --- [ statistics ] ---------------------------------------------------------
c 
c chronological:             10531        19.14 %  of conflicts
c conflicts:                 55030       272.79    per second
c decisions:                145408       720.81    per second
c eliminated:                 1313        21.31 %  of all variables
c fixed:                       868        14.09 %  of all variables
c learned:                   53866        97.88 %  per conflict
c learned_lits:            8725691       100.00 %  learned literals
c minimized:                     0         0.00 %  learned literals
c shrunken:                4702076        53.89 %  learned literals
c minishrunken:             956136        10.96 %  learned literals
c propagations:            5742867         0.03 M  per second
c reduced:                   25103        45.62 %  per conflict
c rephased:                     10      5503.00    interval
c restarts:                   1529        35.99    interval
c stabilizing:                   3        61.83 %  of conflicts
c substituted:                  14         0.23 %  of all variables
c subsumed:                  17995         0.47 %  of all clauses
c strengthened:              10099         0.26 %  of all clauses
c ternary:                    2094         0.61 %  of resolved
c vivified:                     48         0.00 %  of all clauses
c walked:                        2     27515.00    interval
c weakened:                   3167         3.06    average size
c 
c seconds are measured in process time for solving
c 
c --- [ resources ] ----------------------------------------------------------
c 
c total process time since initialization:       220.20    seconds
c total real time since initialization:          220.92    seconds
c maximum resident set size of process:         2013.28    MB
c 
c --- [ shutting down ] ------------------------------------------------------
c 
c exit 10
WARNING! DIMACS header mismatch: wrong number of variables.
============================[ Problem Statistics ]=============================
|                                                                             |
|  Number of variables:          3244                                         |
|  Number of clauses:          642090                                         |
|  Parse time:                   3.81 s                                       |
|  Simplification time:          0.12 s                                       |
|                                                                             |
============================[ Search Statistics ]====================================================
| Conflicts |          ORIGINAL         |          LEARNT          | Num Sols |      SUBGRAPHS      |
|           |    Vars  Clauses Literals |    Limit  Clauses Lit/Cl |          | Canonical Noncanon. |
=====================================================================================================
|       104 |    3152   642094 59921605 |     2000      104    166 |        0 |        14         4 |
|       344 |    3152   642184 59923278 |     2000      344     80 |        0 |       102        94 |
|      1572 |    3152   643187 59940494 |     2000     1572     30 |        0 |       480      1097 |
|      2860 |    3152   644138 59956611 |     3603     1863     15 |        0 |       764      2048 |
|      4672 |    3152   645444 59977724 |     5002     1874     13 |        0 |      1328      3354 |
|      7495 |    3152   647508 60011698 |     5002     4697     14 |        0 |      1997      5418 |
|     11319 |    3152   650193 60052118 |     6301     6020     15 |        0 |      2707      8103 |
|     19219 |    3152   656385 60138923 |     8776     6995     12 |        0 |      4419     14295 |
|     35910 |    3152   670514 60334031 |    12405     8715     11 |        0 |      7934     28424 |
|     59520 |    3152   690280 60585347 |    16013    11933     11 |        0 |     12099     48190 |
|     92600 |    3142   717594 60909530 |    19614    19214     10 |        0 |     17464     75504 |
=====================================================================================================
Number of solutions   : 0
Canonical subgraphs   : 18688          (61 /sec)
          order  3    : 1              (250000 /sec)
          order  4    : 1              (500000 /sec)
          order  5    : 1              (250000 /sec)
          order  6    : 1              (52632 /sec)
          order  7    : 2              (10050 /sec)
          order  8    : 4              (2010 /sec)
          order  9    : 12             (476 /sec)
          order 10    : 57             (177 /sec)
          order 11    : 353            (68 /sec)
          order 12    : 2182           (56 /sec)
          order 13    : 15914          (62 /sec)
          order 14    : 158            (37 /sec)
          order 15    : 2              (16 /sec)
          order 16    : 0              (-nan /sec)
          order 17    : 0              (-nan /sec)
          order 18    : 0              (-nan /sec)
          order 19    : 0              (-nan /sec)
          order 20    : 0              (-nan /sec)
          order 21    : 0              (-nan /sec)
          order 22    : 0              (-nan /sec)
Noncanonical subgraphs: 81609          (518 /sec)
          order  3    : 0              (-nan /sec)
          order  4    : 0              (-nan /sec)
          order  5    : 0              (-nan /sec)
          order  6    : 0              (-nan /sec)
          order  7    : 0              (-nan /sec)
          order  8    : 0              (-nan /sec)
          order  9    : 0              (-nan /sec)
          order 10    : 0              (-nan /sec)
          order 11    : 0              (-nan /sec)
          order 12    : 0              (-nan /sec)
          order 13    : 28091          (2346 /sec)
          order 14    : 53045          (369 /sec)
          order 15    : 465            (265 /sec)
          order 16    : 8              (125 /sec)
          order 17    : 0              (-nan /sec)
          order 18    : 0              (-nan /sec)
          order 19    : 0              (-nan /sec)
          order 20    : 0              (-nan /sec)
          order 21    : 0              (-nan /sec)
Canonicity checking   : 305.614 s
Noncanonicity checking: 157.437 s
Total canonicity time : 463.051 s
database reductions   : 15
restarts              : 255
conflicts             : 99457          (170 /sec)
decisions             : 198442         (0.00 % random) (340 /sec)
propagations          : 5377164        (9205 /sec)
conflict literals     : 1374873        (62.57 % deleted)
actual reward         : 0.078699
Memory used           : 392.00 MB
CPU time              : 584.15 s

UNSATISFIABLE
