c --- [ banner ] -------------------------------------------------------------
c 
c CaDiCaL Radically Simplified CDCL SAT Solver
c Copyright (c) 2016-2021 A. Biere, M. Fleury, N. Froleyks
c 
c Version 1.5.2 a5f15211db36c3956764e18194dd5bd63bf3b5e6
c g++ (GCC) 9.3.0 -Wall -Wextra -O3 -DNDEBUG
c Fri Oct 21 01:27:37 EDT 2022 Linux gra-login3 3.10.0-1160.66.1.el7.x86_64 x86_64
c 
c --- [ limit ] --------------------------------------------------------------
c 
c setting conflict limit to 200000 conflicts (due to '200000')
c 
c --- [ parsing input ] ------------------------------------------------------
c 
c reading DIMACS file from '33.cubes3787.adj'
c opening file to read '33.cubes3787.adj'
c found 'p cnf 6160 1595478' header
c parsed 1595478 clauses in 19.46 seconds process time
c closing file '33.cubes3787.adj'
c after reading 1457566800 bytes 1390.0 MB
c 
c --- [ options ] ------------------------------------------------------------
c 
c all options are set to their default value
c 
c --- [ solving ] ------------------------------------------------------------
c 
c time measured in process time since initialization
c 
c  seconds    reductions  redundant   irredundant
c          MB     restarts       trail       variables
c            level   conflicts       glue         remaining
c 
c * 19.46 1388  0 0   0    0    0  0% 0 1595422 2296 37%
c { 20.48 1436  0 0   0    0    0  0% 0 1595422 2296 37%
c i 23.52 1507 262 0   7   62   58 29% 13 1595422 2295 37%
c i 25.41 1524 162 0  21  125  110 28% 20 1595422 2294 37%
c i 25.45 1524 160 0  22  126  110 28% 20 1595422 2293 37%
c i 25.46 1524 158 0  22  128  111 28% 20 1595422 2292 37%
c i 26.05 1528 146 0  30  163  142 28% 28 1595422 2291 37%
c - 34.40 1512 121 1  55  301  269 28% 31 595415 2291 37%
c i 36.18 1405 113 1  68  410  372 29% 35 595415 2288 37%
c i 36.82 1406 114 1  74  433  393 28% 36 595415 2282 37%
c i 37.00 1406 115 1  77  441  399 28% 37 595415 2280 37%
c i 37.00 1406 115 1  77  443  400 28% 37 595415 2279 37%
c i 37.00 1406 115 1  78  445  400 28% 37 595415 2278 37%
c i 37.16 1406 115 1  79  451  403 28% 37 595415 2275 37%
c i 37.74 1407 110 1  90  500  440 28% 37 595415 2274 37%
c i 38.34 1407 92 1  93  707  610 29% 34 595415 2273 37%
c i 38.37 1407 91 1  93  708  610 29% 34 595415 2272 37%
c i 38.37 1407 91 1  93  709  610 29% 34 595415 2271 37%
c i 38.37 1407 91 1  93  710  610 29% 34 595415 2270 37%
c i 38.43 1407 90 1  93  730  626 29% 34 595415 2269 37%
c 
c  seconds    reductions  redundant   irredundant
c          MB     restarts       trail       variables
c            level   conflicts       glue         remaining
c 
c i 38.50 1407 89 1  93  754  645 29% 34 595415 2268 37%
c i 39.20 1407 87 1  97  838  715 29% 34 595415 2258 37%
c i 40.22 1408 89 1 108  904  772 29% 34 595415 2247 36%
c } 41.82 1409 90 1 110 1001  860 28% 34 595415 2247 36%
c [ 41.82 1409  0 1 110 1001  860  0% 0 595415 2247 36%
c O 41.83 1409  6 1 110 1002  861 14% 1 595415 2247 36%
c - 44.35 1661 36 2 110 1366 1042 30% 27 594982 2247 36%
c - 46.89 1661 33 3 111 2965 1714 48% 27 594982 2247 36%
c ] 46.95 1661 33 3 111 3001 1737 48% 27 594982 2247 36%
c { 46.95 1661 90 3 111 3001 1737 78% 34 594982 2247 36%
c F 47.04 1661 90 3 111 3003 1739 78% 34 594982 2247 36%
c i 48.34 1661 88 3 119 3130 1846 74% 34 594982 2246 36%
c i 50.31 1661 58 3 130 4436 2949 62% 29 594982 2245 36%
c i 52.40 1661 60 3 180 4668 3155 61% 30 594982 2244 36%
c i 53.58 1661 61 3 192 4722 3206 60% 30 594982 2243 36%
c 2 56.68 1661 61 3 212 5001 4187 59% 30 594962 2239 36%
c p 65.57 1661 61 3 212 5001 6476 59% 30 594962 2196 36%
c d 66.33 1661 61 3 212 5001 6380 59% 30 533699 2195 36%
c d 66.68 1661 61 3 212 5001 6380 59% 30 533697 2194 36%
c - 68.11 1561 60 4 212 5100 2567 58% 30 533697 2194 36%
c 
c  seconds    reductions  redundant   irredundant
c          MB     restarts       trail       variables
c            level   conflicts       glue         remaining
c 
c # 71.31 1561 56 4 262 6006 3327 56% 29 533697 2194 36%
c } 72.71 1561 51 4 262 7001 4049 55% 28 533697 2194 36%
c [ 72.71 1561 33 4 262 7001 4049 48% 27 533697 2194 36%
c - 73.78 1343 32 5 263 7691 3095 49% 26 533697 2194 36%
c I 75.70 1343 29 5 264 10007 4506 48% 25 533697 2194 36%
c - 78.53 1562 38 6 265 10801 3591 48% 30 533697 2194 36%
c - 83.43 1343 57 7 267 14428 4707 48% 42 533697 2194 36%
c ] 85.07 1343 59 7 267 15001 5148 48% 44 533697 2194 36%
c { 85.07 1343 51 7 267 15001 5148 55% 28 533697 2194 36%
c 2 85.19 1343 51 7 267 15001 6035 55% 28 533697 2194 36%
c p 87.70 1343 51 7 267 15001 8297 55% 28 533697 2194 36%
c B 87.98 1343 51 7 268 15008 8304 55% 28 533697 2194 36%
c - 92.74 1562 39 8 291 18573 5421 52% 23 533697 2194 36%
c s 93.33 1562 38 8 291 18884 5424 52% 23 531426 2194 36%
c v 104.55 1562 38 8 291 18884 5424 52% 23 531412 2194 36%
c t 104.84 1562 38 8 291 18884 5416 52% 23 531407 2194 36%
c e 107.03 1562 38 8 291 18884 4887 52% 23 529492 1038 17%
c s 107.19 1562 38 8 291 18884 4885 52% 23 523878 1038 17%
c W 125.63 1344 40 8 542 21010 6637 63% 24 523878 1038 17%
c - 139.73 1561 41 9 737 23236 6887 63% 24 523878 1038 17%
c 
c  seconds     reductions     redundant   irredundant
c           MB     restarts          trail       variables
c             level     conflicts        glue         remaining
c 
c F 162.97 1561 39 9 1058 28011 10683 62% 24 523878 1038 17%
c - 163.83 1344 39 10 1058 28395 7475 62% 24 523878 1038 17%
c d 168.45 1344 38 10 1134 30002 8663 62% 24 479685 1037 17%
c 3 168.49 1344 38 10 1134 30002 9240 62% 24 479685 1037 17%
c p 171.36 1344 38 10 1134 30002 11079 62% 24 479685 1037 17%
c } 172.75 1344 38 10 1149 31004 11801 62% 24 479685 1037 17%
c [ 172.75 1344 59 10 1149 31004 11801 103% 44 479685 1037 17%
c - 174.13 1543 50 11 1150 34070 7823 93% 38 479685 1037 17%
c B 175.07 1543 47 11 1152 36012 9349 89% 36 479685 1037 17%
c - 179.89 1344 45 12 1155 40122 8614 84% 35 479685 1037 17%
c W 186.07 1344 44 12 1156 45018 12306 80% 34 479685 1037 17%
c - 187.70 1543 43 13 1157 46677 8989 79% 34 479685 1037 17%
c p 192.31 1544 41 13 1157 50003 13901 77% 33 479685 1037 17%
c - 194.89 1344 40 14 1157 53740 9188 76% 32 479685 1037 17%
c s 195.69 1344 39 14 1158 54804 9873 76% 32 477199 1037 17%
c v 203.84 1344 39 14 1158 54804 9873 76% 32 477190 1037 17%
c w 204.25 1344 39 14 1158 54804 9872 76% 32 477190 1037 17%
c e 206.23 1344 39 14 1158 54804 9857 76% 32 477023 986 16%
c s 206.46 1344 39 14 1158 54804 9857 76% 32 473496 986 16%
c O 209.06 1344 39 14 1158 55022 9996 76% 32 473496 986 16%
c 
c  seconds     reductions      redundant   irredundant
c           MB      restarts          trail       variables
c             level      conflicts        glue        remaining
c 
c - 213.53 1543 37 15 1163 61307 10120 73% 30 473496 986 16%
c ] 214.78 1543 37 15 1164 63006 11426 73% 30 473496 986 16%
c { 214.78 1543 38 15 1164 63006 11426 62% 24 473496 986 16%
c B 220.11 1543 36 15 1266 66025 13616 62% 23 473496 986 16%
c - 229.85 1344 37 16 1492 69348 11246 62% 24 473496 986 16%
c p 240.32 1344 35 16 1624 75004 18281 62% 23 473496 986 16%
c - 244.36 1542 34 17 1685 77894 12136 63% 23 473496 986 16%
c W 245.01 1542 34 17 1685 78026 12220 63% 23 473496 986 16%
c } 249.00 1542 32 17 1732 83361 15617 63% 22 473496 986 16%
c 1 249.00 1542 32 17 1732 83361 15617 63% 22 473496 986 16%
c 
c --- [ writing output ] -----------------------------------------------------
c 
c writing simplified CNF to DIMACS file 'simp/33.cubes3787.adj.simp1'
c * 249.00 1542 32 17 1732 83361 15617 63% 22 473496 986 16%
c opening file to write 'simp/33.cubes3787.adj.simp1'
c writing 'p cnf 6160 473496' header
c closing file 'simp/33.cubes3787.adj.simp1'
c after writing 229081657 bytes 218.5 MB
c wrote 473496 clauses in 1.86 seconds process time
c 
c --- [ writing extension ] --------------------------------------------------
c 
c writing extension stack to 'simp/33.cubes3787.adj.ext1'
c opening file to write 'simp/33.cubes3787.adj.ext1'
c closing file 'simp/33.cubes3787.adj.ext1'
c after writing 83918 bytes 0.1 MB
c wrote 3737 witnesses in 0.00 seconds process time
c 
c --- [ result ] -------------------------------------------------------------
c 
s SATISFIABLE
c 
c --- [ run-time profiling ] -------------------------------------------------
c 
c process time taken by individual solving procedures
c (percentage relative to process time for solving)
c 
c       179.17   78.06% search
c       132.83   57.86% unstable
c        50.37   21.94% simplify
c        42.75   18.62% stable
c        19.96    8.69% vivify
c        19.46    8.48% parse
c        18.79    8.19% probe
c         7.90    3.44% elim
c         2.57    1.12% walk
c         1.02    0.45% lucky
c         0.75    0.33% subsume
c         0.36    0.16% ternary
c   =================================
c       229.54   91.50% solve
c 
c last line shows process time for solving
c (percentage relative to total process time)
c 
c --- [ statistics ] ---------------------------------------------------------
c 
c chronological:             16085        19.30 %  of conflicts
c conflicts:                 83361       363.16    per second
c decisions:                205967       897.29    per second
c eliminated:                 1207        19.59 %  of all variables
c fixed:                       816        13.25 %  of all variables
c learned:                   81425        97.68 %  per conflict
c learned_lits:           15003390       100.00 %  learned literals
c minimized:                     0         0.00 %  learned literals
c shrunken:                8337694        55.57 %  learned literals
c minishrunken:            1434389         9.56 %  learned literals
c propagations:            7700518         0.03 M  per second
c reduced:                   45364        54.42 %  per conflict
c rephased:                     12      6946.75    interval
c restarts:                   1732        48.13    interval
c stabilizing:                   3        50.39 %  of conflicts
c substituted:                   7         0.11 %  of all variables
c subsumed:                  34135         1.00 %  of all clauses
c strengthened:               8771         0.26 %  of all clauses
c ternary:                    3522         0.59 %  of resolved
c vivified:                     42         0.00 %  of all clauses
c walked:                        3     27787.00    interval
c weakened:                   2921         3.14    average size
c 
c seconds are measured in process time for solving
c 
c --- [ resources ] ----------------------------------------------------------
c 
c total process time since initialization:       250.86    seconds
c total real time since initialization:          255.38    seconds
c maximum resident set size of process:         1912.11    MB
c 
c --- [ shutting down ] ------------------------------------------------------
c 
c exit 10
WARNING! DIMACS header mismatch: wrong number of variables.
============================[ Problem Statistics ]=============================
|                                                                             |
|  Number of variables:          4043                                         |
|  Number of clauses:          473498                                         |
|  Parse time:                   3.04 s                                       |
|  Simplification time:          0.10 s                                       |
|                                                                             |
============================[ Search Statistics ]====================================================
| Conflicts |          ORIGINAL         |          LEARNT          | Num Sols |      SUBGRAPHS      |
|           |    Vars  Clauses Literals |    Limit  Clauses Lit/Cl |          | Canonical Noncanon. |
=====================================================================================================
|       105 |    3951   473503 49330680 |     2000      105    202 |        0 |        13         5 |
|       289 |    3951   473537 49331257 |     2000      289    117 |        0 |        37        39 |
|       518 |    3951   473541 49331391 |     2000      518    112 |        0 |        39        43 |
|       929 |    3951   473615 49332393 |     2000      929     98 |        0 |        69       117 |
|      1477 |    3951   473657 49333152 |     2000     1477     96 |        0 |        93       159 |
|      2360 |    3951   473781 49335090 |     3599     1359     55 |        0 |       143       283 |
|      3536 |    3951   473818 49336460 |     3599     2535     76 |        0 |       174       320 |
|      5356 |    3951   473930 49338759 |     5002     2558     55 |        0 |       238       432 |
|      7979 |    3951   473991 49340982 |     6305     2684     38 |        0 |       299       493 |
|     12272 |    3951   474440 49349628 |     7553     3825     33 |        0 |       437       942 |
|     18143 |    3951   474545 49352088 |     8780     5923     48 |        0 |       492      1047 |
|     26923 |    3951   474676 49355546 |    11198     5321     26 |        0 |       546      1178 |
|     40693 |    3951   475472 49373949 |    13605     7298     28 |        0 |       768      1974 |
|     60600 |    3951   475918 49383452 |    16007    13007     54 |        0 |       958      2420 |
|     90222 |    3951   476348 49393124 |    19611    16833     58 |        0 |      1126      2850 |
|    134338 |    3951   476675 49400730 |    24407    18145     46 |        0 |      1260      3177 |
|    200935 |    3951   477588 49419068 |    30416    17751     35 |        0 |      1658      4090 |
|    301222 |    3951   479349 49458934 |    36426    36048     66 |        0 |      2338      5851 |
|    450686 |    3951   481024 49505075 |    46007    23093     30 |        0 |      2898      7526 |
|    673565 |    3951   482220 49544619 |    55609    45174     63 |        0 |      3433      8722 |
|   1007938 |    3951   484068 49608953 |    68820    40758     46 |        0 |      4139     10570 |
|   1510898 |    3951   488240 49734925 |    84422    49720     48 |        0 |      5581     14742 |
|   2317266 |    3951   546426 50854754 |   104835    57101     35 |        0 |     13541     72928 |
|   3449968 |    3951   556854 51114388 |   127629    91597     53 |        0 |     16655     83356 |
|   5223904 |    3951   647379 52877179 |   157622    90526     36 |        0 |     42532    173881 |
|   7859822 |    3951   758181 54951456 |   193628   101450     27 |        2 |     72597    284681 |
|  11762381 |    3951   873065 57116529 |   236828   141209     33 |        2 |    100812    399565 |
|  17685992 |    3951  1115164 62402721 |   289643   287635     69 |        2 |    163616    641664 |
|  26728385 |    3951  1635288 72785534 |   356829   297214     52 |        4 |    291286   1161786 |
|  40605466 |    3926  1971478 77179892 |   440807   237273     30 |        5 |    554694   2255463 |
=====================================================================================================
Number of solutions   : 5
Canonical subgraphs   : 718806         (7 /sec)
          order  3    : 1              (166667 /sec)
          order  4    : 1              (500000 /sec)
          order  5    : 1              (200000 /sec)
          order  6    : 1              (55556 /sec)
          order  7    : 1              (7937 /sec)
          order  8    : 1              (1006 /sec)
          order  9    : 2              (150 /sec)
          order 10    : 7              (37 /sec)
          order 11    : 35             (12 /sec)
          order 12    : 301            (5 /sec)
          order 13    : 3825           (5 /sec)
          order 14    : 21990          (7 /sec)
          order 15    : 173770         (8 /sec)
          order 16    : 489225         (7 /sec)
          order 17    : 22096          (5 /sec)
          order 18    : 6384           (4 /sec)
          order 19    : 1080           (4 /sec)
          order 20    : 57             (4 /sec)
          order 21    : 23             (5 /sec)
          order 22    : 5              (0 /sec)
Noncanonical subgraphs: 3044570        (58 /sec)
          order  3    : 0              (-nan /sec)
          order  4    : 0              (-nan /sec)
          order  5    : 0              (-nan /sec)
          order  6    : 0              (-nan /sec)
          order  7    : 0              (-nan /sec)
          order  8    : 0              (-nan /sec)
          order  9    : 0              (-nan /sec)
          order 10    : 0              (-nan /sec)
          order 11    : 0              (-nan /sec)
          order 12    : 0              (-nan /sec)
          order 13    : 8564           (5941 /sec)
          order 14    : 120035         (952 /sec)
          order 15    : 574886         (445 /sec)
          order 16    : 328914         (309 /sec)
          order 17    : 2004988        (40 /sec)
          order 18    : 6727           (28 /sec)
          order 19    : 437            (19 /sec)
          order 20    : 0              (-nan /sec)
          order 21    : 0              (-nan /sec)
Canonicity checking   : 105680 s
Noncanonicity checking: 52656.2 s
Total canonicity time : 158337 s
database reductions   : 392
restarts              : 65533
conflicts             : 46869804       (252 /sec)
decisions             : 61823736       (0.00 % random) (333 /sec)
propagations          : 2512232337     (13533 /sec)
conflict literals     : 4713201065     (55.93 % deleted)
actual reward         : 0.224425
Memory used           : 1340.00 MB
CPU time              : 185641 s

UNSATISFIABLE
