c --- [ banner ] -------------------------------------------------------------
c 
c CaDiCaL Radically Simplified CDCL SAT Solver
c Copyright (c) 2016-2021 A. Biere, M. Fleury, N. Froleyks
c 
c Version 1.5.2 a5f15211db36c3956764e18194dd5bd63bf3b5e6
c g++ (GCC) 9.3.0 -Wall -Wextra -O3 -DNDEBUG
c Fri Oct 21 01:27:37 EDT 2022 Linux gra-login3 3.10.0-1160.66.1.el7.x86_64 x86_64
c 
c --- [ limit ] --------------------------------------------------------------
c 
c setting conflict limit to 200000 conflicts (due to '200000')
c 
c --- [ parsing input ] ------------------------------------------------------
c 
c reading DIMACS file from '33.cubes6096.adj'
c opening file to read '33.cubes6096.adj'
c found 'p cnf 6160 1595480' header
c parsed 1595480 clauses in 19.75 seconds process time
c closing file '33.cubes6096.adj'
c after reading 1457566811 bytes 1390.0 MB
c 
c --- [ options ] ------------------------------------------------------------
c 
c all options are set to their default value
c 
c --- [ solving ] ------------------------------------------------------------
c 
c time measured in process time since initialization
c 
c  seconds    reductions  redundant   irredundant
c          MB     restarts       trail       variables
c            level   conflicts       glue         remaining
c 
c * 19.75 1380  0 0   0    0    0  0% 0 1595422 2332 38%
c { 20.67 1433  0 0   0    0    0  0% 0 1595422 2332 38%
c i 24.71 1502 264 0  15  122   85 25% 37 1595422 2330 38%
c i 24.72 1502 262 0  15  124   86 25% 38 1595422 2322 38%
c i 25.15 1504 218 0  19  154  100 24% 33 1595422 2318 38%
c i 25.41 1505 206 0  19  167  110 24% 33 1595422 2317 38%
c i 25.59 1505 192 0  19  186  126 25% 34 1595422 2316 38%
c i 25.67 1505 169 0  19  217  151 26% 35 1595422 2315 38%
c i 25.73 1506 160 0  19  234  163 26% 35 1595422 2314 38%
c i 25.80 1506 154 0  19  246  172 26% 35 1595422 2313 38%
c i 26.00 1506 147 0  19  265  190 26% 35 1595422 2312 38%
c i 26.20 1506 137 0  19  292  213 27% 34 1595422 2311 38%
c i 26.22 1507 137 0  19  294  214 27% 34 1595422 2310 38%
c i 26.32 1507 138 0  19  301  220 27% 34 1595422 2309 37%
c - 30.14 1401 138 1  19  301  219 27% 34 350475 2309 37%
c i 30.23 1401 139 1  19  306  223 26% 34 350475 2308 37%
c i 30.48 1401 140 1  19  315  231 26% 33 350475 2307 37%
c i 30.48 1401 140 1  19  316  231 26% 33 350475 2306 37%
c i 30.56 1401 141 1  19  322  234 26% 33 350475 2303 37%
c i 30.77 1401 140 1  22  340  249 27% 36 350475 2302 37%
c 
c  seconds     reductions  redundant   irredundant
c          MB      restarts       trail       variables
c             level   conflicts       glue         remaining
c 
c i 31.11 1402 134 1  29  366  274 27% 36 350475 2301 37%
c i 31.94 1402 129 1  40  435  338 27% 36 350475 2300 37%
c i 32.06 1402 124 1  41  472  365 27% 36 350475 2299 37%
c i 32.06 1402 123 1  41  475  367 27% 36 350475 2298 37%
c i 32.45 1402 110 1  45  587  453 28% 37 350475 2297 37%
c i 32.45 1402 109 1  45  588  453 28% 36 350475 2296 37%
c i 32.48 1402 108 1  46  596  460 28% 36 350475 2295 37%
c i 32.89 1402 103 1  46  657  500 28% 35 350475 2294 37%
c i 33.14 1402 96 1  46  727  555 28% 34 350475 2293 37%
c i 33.19 1402 95 1  46  740  564 28% 34 350475 2292 37%
c i 33.31 1403 94 1  46  764  584 28% 33 350475 2291 37%
c i 33.35 1403 93 1  46  775  594 28% 33 350475 2290 37%
c i 33.37 1403 93 1  46  778  596 28% 33 350475 2289 37%
c i 33.62 1403 92 1  48  811  627 28% 34 350475 2288 37%
c i 34.21 1403 90 1  58  874  681 28% 34 350475 2287 37%
c i 34.41 1403 87 1  60  916  712 28% 34 350475 2284 37%
c i 34.48 1403 86 1  60  933  727 28% 33 350475 2283 37%
c i 34.51 1403 85 1  60  949  736 28% 33 350475 2282 37%
c i 34.54 1403 84 1  60  967  751 28% 33 350475 2281 37%
c } 34.60 1403 82 1  60 1000  778 28% 32 350475 2281 37%
c 
c  seconds    reductions  redundant  irredundant
c          MB     restarts       trail      variables
c            level   conflicts       glue        remaining
c 
c [ 34.60 1403  0 1  60 1000  778  0% 0 350475 2281 37%
c i 34.61 1403  6 1  60 1001  778 34% 0 350475 2280 37%
c O 34.61 1403  3 1  60 1002  778 23% 0 350475 2280 37%
c i 34.61 1403  3 1  60 1002  778 23% 0 350475 2271 37%
c i 35.07 1403 21 1  60 1048  809 25% 15 350475 2270 37%
c i 35.07 1403 21 1  60 1049  809 25% 15 350475 2269 37%
c i 35.12 1403 23 1  60 1059  818 26% 15 350475 2268 37%
c i 35.12 1403 23 1  60 1062  820 26% 16 350475 2267 37%
c i 35.13 1403 23 1  60 1064  821 26% 16 350475 2266 37%
c i 35.21 1403 27 1  60 1120  870 29% 21 350475 2265 37%
c i 35.22 1403 27 1  60 1124  869 29% 21 350475 2264 37%
c - 36.04 1551 28 2  60 1228  845 30% 23 350175 2264 37%
c i 36.32 1551 29 2  60 1302  901 30% 24 350175 2263 37%
c i 36.53 1551 29 2  60 1479 1045 31% 25 350175 2262 37%
c i 36.54 1551 29 2  60 1499 1058 31% 24 350175 2261 37%
c i 36.55 1551 29 2  60 1529 1080 31% 25 350175 2260 37%
c i 36.57 1551 29 2  60 1550 1089 31% 25 350175 2259 37%
c i 37.02 1551 27 2  61 2332 1649 31% 24 350175 2258 37%
c - 37.64 1549 26 3  61 2620 1430 31% 23 350157 2258 37%
c ] 38.09 1549 26 3  61 2684 1482 53% 23 350157 2258 37%
c 
c  seconds    reductions  redundant   irredundant
c          MB     restarts       trail       variables
c            level   conflicts       glue         remaining
c 
c 1 38.09 1549 26 3  61 2684 1482 53% 23 350157 2258 37%
c 
c --- [ writing output ] -----------------------------------------------------
c 
c writing simplified CNF to DIMACS file 'simp/33.cubes6096.adj.simp1'
c * 38.09 1549 26 3  61 2684 1482 53% 23 350157 2258 37%
c opening file to write 'simp/33.cubes6096.adj.simp1'
c writing 'p cnf 6160 350157' header
c closing file 'simp/33.cubes6096.adj.simp1'
c after writing 169710730 bytes 161.8 MB
c wrote 350157 clauses in 1.23 seconds process time
c 
c --- [ writing extension ] --------------------------------------------------
c 
c writing extension stack to 'simp/33.cubes6096.adj.ext1'
c opening file to write 'simp/33.cubes6096.adj.ext1'
c closing file 'simp/33.cubes6096.adj.ext1'
c after writing 11192 bytes 0.0 MB
c wrote 758 witnesses in 0.00 seconds process time
c 
c --- [ result ] -------------------------------------------------------------
c 
s SATISFIABLE
c 
c --- [ run-time profiling ] -------------------------------------------------
c 
c process time taken by individual solving procedures
c (percentage relative to process time for solving)
c 
c        19.75  107.65% parse
c        18.34  100.00% search
c        13.93   75.97% unstable
c         3.49   19.01% stable
c         0.92    5.02% lucky
c         0.00    0.00% simplify
c   =================================
c        18.34   46.65% solve
c 
c last line shows process time for solving
c (percentage relative to total process time)
c 
c --- [ statistics ] ---------------------------------------------------------
c 
c chronological:               574        21.39 %  of conflicts
c conflicts:                  2684       146.32    per second
c decisions:                 15534       846.84    per second
c fixed:                       758        12.31 %  of all variables
c learned:                    2609        97.21 %  per conflict
c learned_lits:             546942       100.00 %  learned literals
c minimized:                     0         0.00 %  learned literals
c shrunken:                 265221        48.49 %  learned literals
c minishrunken:              76404        13.97 %  learned literals
c propagations:             394378         0.02 M  per second
c reduced:                     582        21.68 %  per conflict
c rephased:                      1      2684.00    interval
c restarts:                     61        44.00    interval
c stabilizing:                   1        62.74 %  of conflicts
c subsumed:                    490         0.02 %  of all clauses
c 
c seconds are measured in process time for solving
c 
c --- [ resources ] ----------------------------------------------------------
c 
c total process time since initialization:        39.32    seconds
c total real time since initialization:           39.38    seconds
c maximum resident set size of process:         1696.73    MB
c 
c --- [ shutting down ] ------------------------------------------------------
c 
c exit 10
WARNING! DIMACS header mismatch: wrong number of variables.
============================[ Problem Statistics ]=============================
|                                                                             |
|  Number of variables:          6120                                         |
|  Number of clauses:          350157                                         |
|  Parse time:                   2.20 s                                       |
|  Simplification time:          0.05 s                                       |
|                                                                             |
============================[ Search Statistics ]====================================================
| Conflicts |          ORIGINAL         |          LEARNT          | Num Sols |      SUBGRAPHS      |
|           |    Vars  Clauses Literals |    Limit  Clauses Lit/Cl |          | Canonical Noncanon. |
=====================================================================================================
|       106 |    6022   350163 36507929 |     2000      103    103 |        0 |        19         6 |
|       264 |    6019   350171 36508341 |     2000      258     91 |        0 |        39        14 |
|       532 |    6013   350214 36508876 |     2000      520     88 |        0 |        49        57 |
|       886 |    6010   350231 36509267 |     2000      871     90 |        0 |        67        74 |
|      1403 |    6008   350242 36509736 |     2000     1386     99 |        0 |        68        85 |
|      2195 |    6004   350275 36510335 |     3590     1183     71 |        0 |        97       118 |
|      3397 |    6001   350338 36512618 |     3590     2382     95 |        0 |       124       181 |
|      5144 |    6001   350377 36513497 |     4992     2336     77 |        0 |       144       220 |
|      7762 |    6001   350433 36515053 |     4992     4954     96 |        0 |       157       276 |
|     12652 |    6001   351479 36533662 |     7552     4204     50 |        0 |       399      1322 |
|     18645 |    6001   351706 36537547 |     8779     6424     71 |        0 |       550      1549 |
|     27969 |    6001   352381 36548489 |    11200     6369     43 |        0 |       789      2224 |
|     41343 |    6001   352781 36556388 |    13610     7953     50 |        0 |       934      2624 |
|     61165 |    6001   353142 36564574 |    16006    13571     64 |        0 |      1062      2985 |
|     91214 |    6001   353999 36580060 |    19608    17822     73 |        0 |      1354      3842 |
|    137866 |    6001   356862 36620617 |    24412    21678     67 |        0 |      1744      6705 |
|    204034 |    6001   357346 36629504 |    30413    20847     56 |        0 |      2063      7189 |
|    302953 |    6001   357667 36639016 |    37628    19581     46 |        0 |      2471      7582 |
|    451456 |    6001   358381 36654669 |    46024    23880     49 |        0 |      2936      8296 |
|    678508 |    6001   363750 36766313 |    55635    50143     74 |        0 |      4172     13665 |
|   1098286 |    6001   451003 38291445 |    71216    61702     56 |        0 |     19245    100918 |
|   1630168 |    6001   484097 38863980 |    86811    83979     75 |        0 |     23650    134012 |
|   2465976 |    6001   571723 40323339 |   107215   100391     50 |        0 |     29163    221638 |
|   3637500 |    6001   620973 41103630 |   131237    85937     56 |        0 |     36553    270888 |
|   5527798 |    5986   762436 43278677 |   159980   154978     66 |        0 |     58315    477775 |
|   8435616 |    5896   395694 27803942 |   199588   187204     61 |        0 |     87994    860477 |
=====================================================================================================
Number of solutions   : 0
Canonical subgraphs   : 90479          (9 /sec)
          order  3    : 1              (142857 /sec)
          order  4    : 1              (500000 /sec)
          order  5    : 1              (250000 /sec)
          order  6    : 1              (55556 /sec)
          order  7    : 1              (9009 /sec)
          order  8    : 2              (1362 /sec)
          order  9    : 6              (314 /sec)
          order 10    : 27             (101 /sec)
          order 11    : 106            (29 /sec)
          order 12    : 435            (7 /sec)
          order 13    : 2267           (7 /sec)
          order 14    : 16774          (8 /sec)
          order 15    : 50445          (10 /sec)
          order 16    : 12962          (8 /sec)
          order 17    : 5291           (7 /sec)
          order 18    : 1899           (6 /sec)
          order 19    : 247            (7 /sec)
          order 20    : 11             (7 /sec)
          order 21    : 2              (6 /sec)
          order 22    : 0              (-nan /sec)
Noncanonical subgraphs: 880003         (83 /sec)
          order  3    : 0              (-nan /sec)
          order  4    : 0              (-nan /sec)
          order  5    : 0              (-nan /sec)
          order  6    : 0              (-nan /sec)
          order  7    : 0              (-nan /sec)
          order  8    : 0              (-nan /sec)
          order  9    : 0              (-nan /sec)
          order 10    : 0              (-nan /sec)
          order 11    : 0              (-nan /sec)
          order 12    : 0              (-nan /sec)
          order 13    : 7795           (8201 /sec)
          order 14    : 36127          (3046 /sec)
          order 15    : 99376          (490 /sec)
          order 16    : 727850         (71 /sec)
          order 17    : 8525           (57 /sec)
          order 18    : 328            (20 /sec)
          order 19    : 0              (-nan /sec)
          order 20    : 0              (-nan /sec)
          order 21    : 0              (-nan /sec)
Canonicity checking   : 10280.9 s
Noncanonicity checking: 10565.1 s
Total canonicity time : 20845.9 s
database reductions   : 171
restarts              : 14843
conflicts             : 9126563        (330 /sec)
decisions             : 11914679       (0.00 % random) (431 /sec)
propagations          : 1107566968     (40096 /sec)
conflict literals     : 900911530      (56.23 % deleted)
actual reward         : 0.104818
Memory used           : 647.00 MB
CPU time              : 27622.6 s

UNSATISFIABLE
