c --- [ banner ] -------------------------------------------------------------
c 
c CaDiCaL Radically Simplified CDCL SAT Solver
c Copyright (c) 2016-2021 A. Biere, M. Fleury, N. Froleyks
c 
c Version 1.5.2 a5f15211db36c3956764e18194dd5bd63bf3b5e6
c g++ (GCC) 9.3.0 -Wall -Wextra -O3 -DNDEBUG
c Fri Oct 21 01:27:37 EDT 2022 Linux gra-login3 3.10.0-1160.66.1.el7.x86_64 x86_64
c 
c --- [ limit ] --------------------------------------------------------------
c 
c setting conflict limit to 200000 conflicts (due to '200000')
c 
c --- [ parsing input ] ------------------------------------------------------
c 
c reading DIMACS file from '33.cubes4041.adj'
c opening file to read '33.cubes4041.adj'
c found 'p cnf 6160 1595477' header
c parsed 1595477 clauses in 19.24 seconds process time
c closing file '33.cubes4041.adj'
c after reading 1457566791 bytes 1390.0 MB
c 
c --- [ options ] ------------------------------------------------------------
c 
c all options are set to their default value
c 
c --- [ solving ] ------------------------------------------------------------
c 
c time measured in process time since initialization
c 
c  seconds    reductions  redundant   irredundant
c          MB     restarts       trail       variables
c            level   conflicts       glue         remaining
c 
c * 19.24 1386  0 0   0    0    0  0% 0 1595422 2308 37%
c { 20.41 1441  0 0   0    0    0  0% 0 1595422 2308 37%
c i 22.83 1500 306 0   8   55   48 28% 13 1595422 2300 37%
c i 23.38 1502 252 0   8   68   60 29% 14 1595422 2299 37%
c i 24.02 1508 203 0   9   89   80 29% 15 1595422 2298 37%
c i 26.99 1526 90 0  47  294  257 28% 18 1595422 2288 37%
c - 30.83 1490 92 1  49  308  270 28% 21 328647 2288 37%
c i 31.11 1451 95 1  54  331  290 28% 23 328647 2287 37%
c i 31.73 1452 93 1  73  429  368 28% 30 328647 2284 37%
c i 32.13 1452 85 1  85  518  442 28% 29 328647 2283 37%
c i 32.17 1452 82 1  85  545  463 28% 28 328647 2282 37%
c i 32.25 1452 79 1  85  604  514 28% 28 328647 2281 37%
c i 32.45 1452 73 1  85  709  595 28% 27 328647 2280 37%
c i 32.45 1452 73 1  85  710  595 28% 27 328647 2279 37%
c i 32.49 1452 72 1  85  724  606 28% 27 328647 2278 37%
c i 33.16 1452 65 1 101  964  789 28% 26 328647 2277 37%
c i 33.17 1452 64 1 101  973  795 28% 26 328647 2276 37%
c } 33.24 1452 64 1 102 1000  820 28% 26 328647 2276 37%
c [ 33.24 1452  0 1 102 1000  820  0% 0 328647 2276 37%
c O 33.24 1452 29 1 102 1004  824 26% 20 328647 2276 37%
c 
c  seconds    reductions  redundant   irredundant
c          MB     restarts       trail       variables
c            level   conflicts       glue         remaining
c 
c - 34.09 1530 18 2 102 1218  893 32% 15 328611 2276 37%
c i 34.24 1530 17 2 102 1403 1038 32% 15 328611 2275 37%
c - 35.10 1530 18 3 103 2584 1502 33% 15 328608 2275 37%
c ] 35.49 1530 19 3 103 3001 1784 56% 17 328608 2275 37%
c { 35.49 1530 64 3 103 3001 1784 76% 26 328608 2275 37%
c F 35.51 1530 64 3 103 3005 1786 76% 26 328608 2275 37%
c i 36.03 1530 59 3 103 3143 1895 73% 25 328608 2274 37%
c i 36.24 1530 58 3 104 3246 1976 71% 24 328608 2273 37%
c i 36.32 1530 55 3 104 3323 2025 70% 24 328608 2272 37%
c i 36.33 1530 55 3 104 3338 2039 70% 24 328608 2271 37%
c i 36.34 1530 55 3 104 3359 2055 69% 24 328608 2270 37%
c i 36.51 1530 54 3 105 3433 2113 68% 24 328608 2269 37%
c i 36.57 1530 54 3 108 3485 2147 67% 24 328608 2268 37%
c i 37.21 1530 55 3 125 3571 2218 66% 24 328608 2267 37%
c i 38.36 1530 56 3 156 3759 2366 64% 25 328608 2266 37%
c - 41.58 1527 53 4 211 4404 1888 57% 25 328581 2266 37%
c i 42.02 1527 51 4 227 4734 2148 56% 25 328581 2265 37%
c i 42.72 1527 49 4 232 4938 2311 56% 24 328581 2264 37%
c i 42.75 1527 49 4 232 4947 2317 56% 24 328581 2263 37%
c p 49.88 1527 48 4 232 5000 6498 56% 24 328560 2195 36%
c 
c  seconds    reductions  redundant   irredundant
c          MB     restarts       trail       variables
c            level   conflicts       glue         remaining
c 
c d 50.39 1527 48 4 232 5000 6449 56% 24 282154 2193 36%
c # 53.08 1527 45 4 301 6007 7229 54% 24 282154 2193 36%
c - 54.68 1340 43 5 319 6680 2985 54% 23 282154 2193 36%
c } 55.03 1340 41 5 319 7003 3209 54% 23 282154 2193 36%
c [ 55.03 1340 19 5 319 7003 3209 56% 17 282154 2193 36%
c ] 56.38 1340 19 5 320 8973 4354 52% 17 282154 2193 36%
c 1 56.38 1340 19 5 320 8973 4354 52% 17 282154 2193 36%
c 
c --- [ writing output ] -----------------------------------------------------
c 
c writing simplified CNF to DIMACS file 'simp/33.cubes4041.adj.simp1'
c * 56.38 1340 19 5 320 8973 4354 52% 17 282154 2193 36%
c opening file to write 'simp/33.cubes4041.adj.simp1'
c writing 'p cnf 6160 282154' header
c closing file 'simp/33.cubes4041.adj.simp1'
c after writing 133310579 bytes 127.1 MB
c wrote 282154 clauses in 0.94 seconds process time
c 
c --- [ writing extension ] --------------------------------------------------
c 
c writing extension stack to 'simp/33.cubes4041.adj.ext1'
c opening file to write 'simp/33.cubes4041.adj.ext1'
c closing file 'simp/33.cubes4041.adj.ext1'
c after writing 12442 bytes 0.0 MB
c wrote 831 witnesses in 0.00 seconds process time
c 
c --- [ result ] -------------------------------------------------------------
c 
s SATISFIABLE
c 
c --- [ run-time profiling ] -------------------------------------------------
c 
c process time taken by individual solving procedures
c (percentage relative to process time for solving)
c 
c        29.58   79.65% search
c        24.80   66.79% unstable
c        19.24   51.81% parse
c         7.56   20.35% simplify
c         6.43   17.30% probe
c         3.61    9.71% stable
c         1.17    3.15% lucky
c         0.04    0.12% ternary
c   =================================
c        37.14   64.79% solve
c 
c last line shows process time for solving
c (percentage relative to total process time)
c 
c --- [ statistics ] ---------------------------------------------------------
c 
c chronological:              2100        23.40 %  of conflicts
c conflicts:                  8973       241.61    per second
c decisions:                 35074       944.41    per second
c fixed:                       815        13.23 %  of all variables
c learned:                    8721        97.19 %  per conflict
c learned_lits:            1582714       100.00 %  learned literals
c minimized:                     0         0.00 %  learned literals
c shrunken:                 917351        57.96 %  learned literals
c minishrunken:             157856         9.97 %  learned literals
c propagations:            1493474         0.04 M  per second
c reduced:                    2455        27.36 %  per conflict
c rephased:                      3      2991.00    interval
c restarts:                    320        28.04    interval
c stabilizing:                   2        44.25 %  of conflicts
c substituted:                   8         0.13 %  of all variables
c subsumed:                   2202         0.07 %  of all clauses
c ternary:                    1071         0.56 %  of resolved
c weakened:                     16         2.00    average size
c 
c seconds are measured in process time for solving
c 
c --- [ resources ] ----------------------------------------------------------
c 
c total process time since initialization:        57.32    seconds
c total real time since initialization:           57.59    seconds
c maximum resident set size of process:         1677.33    MB
c 
c --- [ shutting down ] ------------------------------------------------------
c 
c exit 10
WARNING! DIMACS header mismatch: wrong number of variables.
============================[ Problem Statistics ]=============================
|                                                                             |
|  Number of variables:          6120                                         |
|  Number of clauses:          282154                                         |
|  Parse time:                   1.80 s                                       |
|  Simplification time:          0.03 s                                       |
|                                                                             |
============================[ Search Statistics ]====================================================
| Conflicts |          ORIGINAL         |          LEARNT          | Num Sols |      SUBGRAPHS      |
|           |    Vars  Clauses Literals |    Limit  Clauses Lit/Cl |          | Canonical Noncanon. |
=====================================================================================================
|       100 |    6026   282154 28969617 |     2000      100    144 |        0 |        13         0 |
|       338 |    6026   282242 28970445 |     2000      338     81 |        0 |        45        88 |
|      1228 |    6026   282907 28983416 |     2000     1228     41 |        0 |       284       753 |
|      1822 |    6026   283164 28989126 |     2000     1822     48 |        0 |       409      1010 |
|      2353 |    6026   283189 28989839 |     3603     1356     31 |        0 |       445      1035 |
|      3405 |    6026   283482 28996941 |     3603     2408     50 |        0 |       523      1328 |
|      4638 |    6026   283576 28999130 |     5001     1839     27 |        0 |       550      1422 |
|      6443 |    6026   283673 29000620 |     5001     3644     64 |        0 |       608      1519 |
|      9218 |    6026   283886 29003806 |     6300     3918     46 |        0 |       745      1732 |
|     13291 |    6026   284115 29009590 |     7551     4842     43 |        0 |       830      1961 |
|     19245 |    6026   284303 29013364 |     8779     7024     68 |        0 |       897      2149 |
|     29895 |    6026   286304 29049014 |    11205     8300     42 |        0 |      1464      4150 |
|     43599 |    6026   287034 29062866 |    13602    10201     50 |        0 |      1614      4880 |
|     65222 |    6026   289196 29100080 |    17213     9635     31 |        0 |      2162      7042 |
|     95894 |    6026   290676 29133028 |    20813    12707     38 |        0 |      2620      8522 |
|    142018 |    6026   293011 29172710 |    25616    13634     28 |        0 |      3478     10857 |
|    236107 |    6026   321416 29653050 |    32818    21925     24 |        0 |     11683     39262 |
|    346013 |    6026   332796 29851947 |    40019    24432     38 |        0 |     14559     50642 |
|    495735 |    6026   334729 29890249 |    47219    45154     67 |        0 |     15221     52575 |
|    721077 |    6026   338388 29965669 |    58014    36491     48 |        0 |     16625     56234 |
|   1062531 |    6026   347317 30157007 |    70023    60954     61 |        0 |     19045     65163 |
|   1570622 |    6026   356620 30349844 |    85622    67244     58 |        0 |     20620     74466 |
|   2391079 |    6026   428895 31807110 |   106015    78494     63 |        0 |     41309    146741 |
|   3633289 |    6026   548831 33747772 |   131227    81716     44 |        0 |     68894    266677 |
=====================================================================================================
Number of solutions   : 2
Canonical subgraphs   : 89852          (9 /sec)
          order  3    : 1              (200000 /sec)
          order  4    : 1              (500000 /sec)
          order  5    : 1              (250000 /sec)
          order  6    : 1              (55556 /sec)
          order  7    : 1              (8621 /sec)
          order  8    : 2              (1361 /sec)
          order  9    : 7              (354 /sec)
          order 10    : 33             (116 /sec)
          order 11    : 149            (39 /sec)
          order 12    : 1194           (16 /sec)
          order 13    : 6025           (9 /sec)
          order 14    : 13950          (9 /sec)
          order 15    : 64364          (9 /sec)
          order 16    : 2600           (9 /sec)
          order 17    : 1141           (9 /sec)
          order 18    : 276            (9 /sec)
          order 19    : 59             (6 /sec)
          order 20    : 25             (8 /sec)
          order 21    : 20             (7 /sec)
          order 22    : 2              (1 /sec)
Noncanonical subgraphs: 353127         (121 /sec)
          order  3    : 0              (-nan /sec)
          order  4    : 0              (-nan /sec)
          order  5    : 0              (-nan /sec)
          order  6    : 0              (-nan /sec)
          order  7    : 0              (-nan /sec)
          order  8    : 0              (-nan /sec)
          order  9    : 0              (-nan /sec)
          order 10    : 0              (-nan /sec)
          order 11    : 0              (-nan /sec)
          order 12    : 0              (-nan /sec)
          order 13    : 23043          (3594 /sec)
          order 14    : 80575          (1032 /sec)
          order 15    : 92317          (504 /sec)
          order 16    : 155055         (60 /sec)
          order 17    : 1404           (62 /sec)
          order 18    : 499            (70 /sec)
          order 19    : 215            (41 /sec)
          order 20    : 0              (-nan /sec)
          order 21    : 0              (-nan /sec)
Canonicity checking   : 9778.45 s
Noncanonicity checking: 2906.67 s
Total canonicity time : 12685.1 s
database reductions   : 120
restarts              : 8186
conflicts             : 4536203        (314 /sec)
decisions             : 6074847        (0.00 % random) (420 /sec)
propagations          : 461282479      (31915 /sec)
conflict literals     : 499585098      (53.43 % deleted)
actual reward         : 0.120029
Memory used           : 492.00 MB
CPU time              : 14453.4 s

UNSATISFIABLE
