c --- [ banner ] -------------------------------------------------------------
c 
c CaDiCaL Radically Simplified CDCL SAT Solver
c Copyright (c) 2016-2021 A. Biere, M. Fleury, N. Froleyks
c 
c Version 1.5.2 a5f15211db36c3956764e18194dd5bd63bf3b5e6
c g++ (GCC) 9.3.0 -Wall -Wextra -O3 -DNDEBUG
c Fri Oct 21 01:27:37 EDT 2022 Linux gra-login3 3.10.0-1160.66.1.el7.x86_64 x86_64
c 
c --- [ limit ] --------------------------------------------------------------
c 
c setting conflict limit to 200000 conflicts (due to '200000')
c 
c --- [ parsing input ] ------------------------------------------------------
c 
c reading DIMACS file from '33.cubes5766.adj'
c opening file to read '33.cubes5766.adj'
c found 'p cnf 6160 1595481' header
c parsed 1595481 clauses in 19.26 seconds process time
c closing file '33.cubes5766.adj'
c after reading 1457566817 bytes 1390.0 MB
c 
c --- [ options ] ------------------------------------------------------------
c 
c all options are set to their default value
c 
c --- [ solving ] ------------------------------------------------------------
c 
c time measured in process time since initialization
c 
c  seconds    reductions  redundant   irredundant
c          MB     restarts       trail       variables
c            level   conflicts       glue         remaining
c 
c * 19.26 1378  0 0   0    0    0  0% 0 1595422 2358 38%
c { 19.52 1395  0 0   0    0    0  0% 0 1595422 2358 38%
c i 21.12 1462 1127 0   1   15   13 39% 4 1595422 2351 38%
c i 22.92 1488 559 0   7   40   36 33% 20 1595422 2340 38%
c i 23.17 1491 509 0   8   45   40 32% 25 1595422 2339 38%
c i 23.43 1494 494 0   9   47   41 32% 25 1595422 2338 38%
c i 23.83 1496 441 0  11   55   47 32% 28 1595422 2308 37%
c i 25.10 1504 262 0  15  101   79 27% 26 1595422 2305 37%
c i 25.97 1509 221 0  22  126  103 28% 28 1595422 2304 37%
c i 26.21 1509 210 0  23  136  111 28% 28 1595422 2302 37%
c i 26.57 1511 203 0  27  147  120 28% 33 1595422 2299 37%
c i 26.57 1511 202 0  27  148  120 27% 33 1595422 2287 37%
c i 26.87 1512 190 0  30  160  129 27% 31 1595422 2286 37%
c i 26.98 1512 183 0  32  168  136 27% 31 1595422 2285 37%
c i 28.10 1517 127 0  38  271  184 25% 27 1595422 2284 37%
c - 32.87 1484 124 1  47  301  209 26% 28 283859 2284 37%
c i 33.21 1392 127 1  50  319  222 26% 30 283859 2283 37%
c i 33.56 1392 127 1  54  335  235 26% 31 283859 2282 37%
c i 33.59 1392 127 1  54  336  235 26% 31 283859 2281 37%
c i 34.08 1392 121 1  64  379  274 26% 32 283859 2280 37%
c 
c  seconds     reductions  redundant   irredundant
c          MB      restarts       trail       variables
c             level   conflicts       glue         remaining
c 
c i 34.10 1392 122 1  65  386  278 26% 31 283859 2277 37%
c i 34.38 1393 120 1  67  434  305 26% 31 283859 2276 37%
c i 34.45 1393 119 1  67  449  315 26% 31 283859 2275 37%
c i 34.54 1393 115 1  67  465  330 26% 30 283859 2274 37%
c i 34.59 1393 114 1  67  471  335 26% 30 283859 2273 37%
c i 34.85 1393 111 1  67  509  367 27% 30 283859 2272 37%
c i 35.35 1393 110 1  73  561  409 27% 31 283859 2271 37%
c i 35.46 1393 110 1  75  571  417 27% 31 283859 2270 37%
c i 35.83 1393 106 1  82  613  454 27% 31 283859 2269 37%
c i 35.85 1393 106 1  82  614  454 27% 31 283859 2268 37%
c i 35.85 1393 106 1  82  615  454 27% 31 283859 2267 37%
c i 35.88 1393 105 1  82  616  454 27% 31 283859 2266 37%
c i 35.90 1393 105 1  82  627  464 27% 31 283859 2265 37%
c i 35.93 1393 104 1  82  634  470 27% 31 283859 2264 37%
c i 35.94 1393 104 1  82  635  470 27% 31 283859 2263 37%
c i 35.95 1393 103 1  82  641  475 27% 31 283859 2262 37%
c i 36.11 1393 101 1  82  665  498 27% 31 283859 2261 37%
c i 36.15 1393 100 1  82  673  505 27% 31 283859 2260 37%
c i 36.15 1393 100 1  82  676  507 27% 31 283859 2259 37%
c i 36.16 1393 100 1  82  678  507 27% 31 283859 2258 37%
c 
c  seconds    reductions  redundant   irredundant
c          MB     restarts       trail       variables
c            level   conflicts       glue         remaining
c 
c i 36.20 1393 99 1  82  688  513 27% 31 283859 2257 37%
c i 36.29 1393 98 1  82  710  531 27% 31 283859 2256 37%
c i 36.43 1393 97 1  91  741  557 27% 31 283859 2255 37%
c i 36.71 1394 97 1 101  796  596 28% 32 283859 2254 37%
c i 36.72 1394 97 1 102  797  596 28% 32 283859 2253 37%
c i 36.97 1394 97 1 113  844  632 28% 34 283859 2252 37%
c i 38.24 1394 95 1 142  981  751 28% 35 283859 2251 37%
c } 38.36 1394 94 1 145 1001  768 28% 35 283859 2251 37%
c [ 38.36 1394  0 1 145 1001  768  0% 0 283859 2251 37%
c O 38.38 1394  3 1 145 1002  769 14% 3 283859 2251 37%
c i 38.69 1394 37 1 145 1056  817 34% 30 283859 2250 37%
c i 38.71 1394 33 1 145 1077  835 34% 28 283859 2249 37%
c - 39.30 1517 26 2 145 1175  799 34% 22 283754 2249 37%
c i 39.52 1517 24 2 145 1368  904 33% 21 283754 2248 36%
c - 40.26 1517 24 3 146 2482 1227 32% 22 283751 2248 36%
c ] 40.72 1485 25 3 146 3001 1526 55% 22 283751 2248 36%
c { 40.72 1485 94 3 146 3001 1526 76% 35 283751 2248 36%
c F 40.75 1485 94 3 146 3004 1527 76% 35 283751 2248 36%
c i 41.12 1485 87 3 146 3091 1587 74% 33 283751 2247 36%
c i 41.26 1485 86 3 146 3132 1621 72% 32 283751 2246 36%
c 
c  seconds    reductions  redundant   irredundant
c          MB     restarts       trail       variables
c            level   conflicts       glue         remaining
c 
c i 41.73 1485 74 3 146 3373 1749 68% 29 283751 2245 36%
c i 41.77 1485 71 3 146 3447 1795 67% 28 283751 2244 36%
c i 42.07 1485 66 3 146 3619 1895 65% 27 283751 2243 36%
c i 42.45 1485 68 3 149 3667 1935 65% 27 283751 2242 36%
c i 42.46 1485 68 3 150 3670 1937 65% 27 283751 2241 36%
c i 42.57 1485 68 3 153 3681 1946 64% 27 283751 2239 36%
c i 42.62 1485 68 3 154 3683 1947 64% 27 283751 2238 36%
c i 42.69 1485 68 3 155 3690 1953 64% 27 283751 2237 36%
c i 43.39 1484 63 3 166 3951 2165 62% 26 283751 2236 36%
c - 44.07 1482 60 4 174 4227 1680 61% 27 283715 2236 36%
c i 44.60 1482 60 4 195 4308 1754 60% 27 283715 2234 36%
c i 44.91 1482 53 4 204 4738 2043 58% 25 283715 2233 36%
c d 45.55 1482 51 4 208 5000 2251 57% 25 278838 2222 36%
c p 49.28 1482 51 4 208 5000 6075 57% 25 278838 2176 35%
c d 49.75 1482 51 4 208 5000 6009 57% 25 278697 2174 35%
c # 51.57 1482 46 4 251 6005 6765 55% 24 278697 2174 35%
c - 52.09 1473 43 5 251 6407 2508 55% 23 278697 2174 35%
c } 52.28 1473 40 5 251 7004 2846 54% 22 278697 2174 35%
c [ 52.28 1473 25 5 251 7004 2846 55% 22 278697 2174 35%
c ] 52.77 1473 22 5 252 8769 3843 53% 19 278697 2174 35%
c 
c  seconds    reductions  redundant   irredundant
c          MB     restarts       trail       variables
c            level   conflicts       glue         remaining
c 
c 1 52.77 1473 22 5 252 8769 3843 53% 19 278697 2174 35%
c 
c --- [ writing output ] -----------------------------------------------------
c 
c writing simplified CNF to DIMACS file 'simp/33.cubes5766.adj.simp1'
c * 52.77 1473 22 5 252 8769 3843 53% 19 278697 2174 35%
c opening file to write 'simp/33.cubes5766.adj.simp1'
c writing 'p cnf 6160 278697' header
c closing file 'simp/33.cubes5766.adj.simp1'
c after writing 128164503 bytes 122.2 MB
c wrote 278697 clauses in 1.02 seconds process time
c 
c --- [ writing extension ] --------------------------------------------------
c 
c writing extension stack to 'simp/33.cubes5766.adj.ext1'
c opening file to write 'simp/33.cubes5766.adj.ext1'
c closing file 'simp/33.cubes5766.adj.ext1'
c after writing 12783 bytes 0.0 MB
c wrote 855 witnesses in 0.00 seconds process time
c 
c --- [ result ] -------------------------------------------------------------
c 
s SATISFIABLE
c 
c --- [ run-time profiling ] -------------------------------------------------
c 
c process time taken by individual solving procedures
c (percentage relative to process time for solving)
c 
c        28.82   86.01% search
c        25.72   76.75% unstable
c        19.26   57.49% parse
c         4.69   13.99% simplify
c         3.65   10.91% probe
c         2.85    8.50% stable
c         0.25    0.76% lucky
c         0.05    0.14% ternary
c   =================================
c        33.51   62.29% solve
c 
c last line shows process time for solving
c (percentage relative to total process time)
c 
c --- [ statistics ] ---------------------------------------------------------
c 
c chronological:              1871        21.34 %  of conflicts
c conflicts:                  8769       261.69    per second
c decisions:                 37968      1133.08    per second
c fixed:                       829        13.46 %  of all variables
c learned:                    8571        97.74 %  per conflict
c learned_lits:            1584751       100.00 %  learned literals
c minimized:                     0         0.00 %  learned literals
c shrunken:                1109559        70.01 %  learned literals
c minishrunken:              87953         5.55 %  learned literals
c propagations:            1344597         0.04 M  per second
c reduced:                    2163        24.67 %  per conflict
c rephased:                      3      2923.00    interval
c restarts:                    252        34.80    interval
c stabilizing:                   2        42.94 %  of conflicts
c substituted:                  13         0.21 %  of all variables
c subsumed:                   2693         0.08 %  of all clauses
c ternary:                    1171         0.64 %  of resolved
c weakened:                     26         2.00    average size
c 
c seconds are measured in process time for solving
c 
c --- [ resources ] ----------------------------------------------------------
c 
c total process time since initialization:        53.79    seconds
c total real time since initialization:           57.81    seconds
c maximum resident set size of process:         1639.01    MB
c 
c --- [ shutting down ] ------------------------------------------------------
c 
c exit 10
WARNING! DIMACS header mismatch: wrong number of variables.
============================[ Problem Statistics ]=============================
|                                                                             |
|  Number of variables:          6120                                         |
|  Number of clauses:          278699                                         |
|  Parse time:                   1.78 s                                       |
|  Simplification time:          0.03 s                                       |
|                                                                             |
============================[ Search Statistics ]====================================================
| Conflicts |          ORIGINAL         |          LEARNT          | Num Sols |      SUBGRAPHS      |
|           |    Vars  Clauses Literals |    Limit  Clauses Lit/Cl |          | Canonical Noncanon. |
=====================================================================================================
|       122 |    6028   278721 27713455 |     2000      122     17 |        0 |        34        22 |
|       281 |    6028   278730 27713682 |     2000      281     71 |        0 |        43        31 |
|       514 |    6028   278738 27713934 |     2000      514     92 |        0 |        49        39 |
|       858 |    6028   278745 27714083 |     2000      858     96 |        0 |        58        46 |
|      1398 |    6028   278779 27715195 |     2000     1398    105 |        0 |        78        80 |
|      3734 |    6028   280356 27745041 |     3600     2734     35 |        0 |       561      1657 |
|      5008 |    6028   280491 27748345 |     5004     2212     30 |        0 |       618      1792 |
|      7133 |    6028   280908 27754778 |     5004     4337     62 |        0 |       670      2209 |
|      9855 |    6028   281068 27757355 |     6310     4565     58 |        0 |       722      2369 |
|     14128 |    6028   281497 27763939 |     7555     5683     62 |        0 |       850      2798 |
|     20201 |    6028   281804 27770633 |     8787     7988     73 |        0 |       983      3105 |
|     29109 |    6028   282063 27775970 |    11205     7514     58 |        0 |      1104      3364 |
|     42448 |    6028   282428 27782207 |    13607     9055     64 |        0 |      1269      3729 |
|     62564 |    6028   283083 27794119 |    16009    14973     73 |        0 |      1523      4384 |
|     92380 |    6028   283707 27804888 |    19609    18989     74 |        0 |      1682      5008 |
|    136703 |    6028   284241 27813853 |    24416    20519     66 |        2 |      1936      5540 |
|    205860 |    6028   287714 27869459 |    30418    22678     69 |        2 |      2902      9013 |
|    305746 |    6028   289074 27895360 |    37617    22363     54 |        2 |      3405     10373 |
|    456844 |    6028   292383 27964689 |    46010    29254     57 |        2 |      4434     13682 |
|    694683 |    6028   308539 28291507 |    56810    38493     57 |        2 |      7720     29838 |
|   1031549 |    6028   312880 28385651 |    68826    64375     83 |        2 |      9083     34179 |
|   1539411 |    6028   321954 28573211 |    84417    78228     78 |        2 |     11412     43253 |
|   2294598 |    6028   328959 28727722 |   103612    86210     68 |        2 |     14489     50258 |
|   3429561 |    6028   341648 29000600 |   127617    71178     45 |        2 |     18248     62947 |
|   5133251 |    6028   361927 29489762 |   156426    78077     36 |        2 |     24783     83226 |
|   7691744 |    5994   345321 26769151 |   191211   125155     55 |       15 |     32811    116590 |
|  11524597 |    5979   292316 25656961 |   215007   119004     72 |       38 |     43681    161745 |
=====================================================================================================
Number of solutions   : 47
Canonical subgraphs   : 52000          (23 /sec)
          order  3    : 1              (166667 /sec)
          order  4    : 1              (500000 /sec)
          order  5    : 1              (250000 /sec)
          order  6    : 1              (58824 /sec)
          order  7    : 1              (8850 /sec)
          order  8    : 2              (1362 /sec)
          order  9    : 6              (311 /sec)
          order 10    : 20             (183 /sec)
          order 11    : 56             (120 /sec)
          order 12    : 258            (93 /sec)
          order 13    : 750            (68 /sec)
          order 14    : 6485           (45 /sec)
          order 15    : 8312           (33 /sec)
          order 16    : 20305          (25 /sec)
          order 17    : 9954           (18 /sec)
          order 18    : 2698           (14 /sec)
          order 19    : 1030           (15 /sec)
          order 20    : 968            (14 /sec)
          order 21    : 1104           (14 /sec)
          order 22    : 47             (1 /sec)
Noncanonical subgraphs: 202376         (176 /sec)
          order  3    : 0              (-nan /sec)
          order  4    : 0              (-nan /sec)
          order  5    : 0              (-nan /sec)
          order  6    : 0              (-nan /sec)
          order  7    : 0              (-nan /sec)
          order  8    : 0              (-nan /sec)
          order  9    : 0              (-nan /sec)
          order 10    : 0              (-nan /sec)
          order 11    : 0              (-nan /sec)
          order 12    : 0              (-nan /sec)
          order 13    : 1833           (18370 /sec)
          order 14    : 18536          (2308 /sec)
          order 15    : 14596          (1235 /sec)
          order 16    : 146565         (190 /sec)
          order 17    : 17239          (83 /sec)
          order 18    : 2424           (45 /sec)
          order 19    : 9              (18 /sec)
          order 20    : 2              (19 /sec)
          order 21    : 1              (31 /sec)
Canonicity checking   : 2257.12 s
Noncanonicity checking: 1148.12 s
Total canonicity time : 3405.24 s
database reductions   : 207
restarts              : 19834
conflicts             : 13268071       (1258 /sec)
decisions             : 16114699       (0.00 % random) (1528 /sec)
propagations          : 1315557607     (124706 /sec)
conflict literals     : 1363450680     (58.08 % deleted)
actual reward         : 0.120123
Memory used           : 476.00 MB
CPU time              : 10549.3 s

UNSATISFIABLE
