c --- [ banner ] -------------------------------------------------------------
c 
c CaDiCaL Radically Simplified CDCL SAT Solver
c Copyright (c) 2016-2021 A. Biere, M. Fleury, N. Froleyks
c 
c Version 1.5.2 a5f15211db36c3956764e18194dd5bd63bf3b5e6
c g++ (GCC) 9.3.0 -Wall -Wextra -O3 -DNDEBUG
c Fri Oct 21 01:27:37 EDT 2022 Linux gra-login3 3.10.0-1160.66.1.el7.x86_64 x86_64
c 
c --- [ limit ] --------------------------------------------------------------
c 
c setting conflict limit to 200000 conflicts (due to '200000')
c 
c --- [ parsing input ] ------------------------------------------------------
c 
c reading DIMACS file from '33.cubes7430.adj'
c opening file to read '33.cubes7430.adj'
c found 'p cnf 6160 1595478' header
c parsed 1595478 clauses in 17.63 seconds process time
c closing file '33.cubes7430.adj'
c after reading 1457566796 bytes 1390.0 MB
c 
c --- [ options ] ------------------------------------------------------------
c 
c all options are set to their default value
c 
c --- [ solving ] ------------------------------------------------------------
c 
c time measured in process time since initialization
c 
c  seconds    reductions  redundant   irredundant
c          MB     restarts       trail       variables
c            level   conflicts       glue         remaining
c 
c * 17.63 1379  0 0   0    0    0  0% 0 1595422 2411 39%
c { 18.24 1408  0 0   0    0    0  0% 0 1595422 2411 39%
c i 21.08 1495 670 0   2   58   48 32% 8 1595422 2398 39%
c i 21.20 1497 635 0   2   61   47 31% 8 1595422 2384 39%
c i 21.78 1502 522 0   5   74   59 30% 10 1595422 2383 39%
c i 21.78 1502 515 0   5   75   59 30% 10 1595422 2382 39%
c i 21.78 1502 507 0   5   76   59 30% 10 1595422 2381 39%
c i 21.92 1502 457 0   7   85   67 30% 13 1595422 2380 39%
c i 22.41 1509 419 0   9   94   75 30% 17 1595422 2378 39%
c i 22.57 1509 390 0  11  101   80 30% 16 1595422 2377 39%
c i 24.31 1520 297 0  23  146  116 28% 26 1595422 2376 39%
c i 25.25 1523 252 0  31  184  148 28% 28 1595422 2375 39%
c i 25.29 1524 250 0  32  186  149 28% 27 1595422 2374 39%
c i 25.34 1524 248 0  32  187  149 28% 27 1595422 2373 39%
c i 25.34 1524 247 0  33  188  149 28% 27 1595422 2372 39%
c i 25.96 1525 189 0  37  261  216 29% 27 1595422 2371 38%
c - 30.35 1414 182 1  40  300  249 28% 26 326111 2371 38%
c i 31.84 1415 174 1  62  410  344 28% 35 326111 2370 38%
c i 32.32 1416 166 1  70  440  369 28% 34 326111 2369 38%
c i 32.43 1416 160 1  70  464  392 28% 34 326111 2368 38%
c 
c  seconds     reductions  redundant   irredundant
c          MB      restarts       trail       variables
c             level   conflicts       glue         remaining
c 
c i 32.58 1416 158 1  71  477  403 28% 35 326111 2355 38%
c i 32.64 1417 157 1  73  483  408 28% 35 326111 2354 38%
c i 32.74 1417 147 1  76  523  439 28% 34 326111 2353 38%
c i 32.75 1417 146 1  76  529  443 28% 34 326111 2352 38%
c i 32.80 1417 136 1  76  583  475 29% 34 326111 2351 38%
c i 32.83 1417 125 1  76  647  520 29% 33 326111 2350 38%
c i 32.83 1417 125 1  76  649  521 29% 33 326111 2349 38%
c i 32.88 1417 108 1  76  800  625 29% 32 326111 2348 38%
c } 33.00 1417 94 1  76 1000  762 30% 32 326111 2348 38%
c [ 33.00 1417  0 1  76 1000  762  0% 0 326111 2348 38%
c O 33.00 1417 28 1  76 1003  765 25% 19 326111 2348 38%
c i 33.04 1417 12 1  76 1008  769 18% 8 326111 2334 38%
c i 33.37 1417 17 1  76 1082  832 33% 14 326111 2333 38%
c i 33.43 1417 17 1  76 1105  846 33% 15 326111 2332 38%
c i 33.44 1417 17 1  76 1116  854 33% 15 326111 2331 38%
c i 33.44 1417 17 1  76 1117  854 33% 14 326111 2330 38%
c i 33.46 1417 18 1  76 1136  864 33% 15 326111 2329 38%
c i 33.47 1417 18 1  76 1137  864 33% 15 326111 2328 38%
c i 33.47 1417 18 1  76 1139  865 33% 15 326111 2327 38%
c i 33.47 1417 18 1  76 1148  872 33% 15 326111 2326 38%
c 
c  seconds    reductions  redundant   irredundant
c          MB     restarts       trail       variables
c            level   conflicts       glue         remaining
c 
c i 33.48 1417 18 1  76 1164  882 33% 16 326111 2325 38%
c i 33.49 1417 18 1  76 1167  882 33% 16 326111 2324 38%
c - 34.14 1523 19 2  76 1208  806 33% 16 325631 2324 38%
c i 34.17 1523 19 2  76 1209  806 33% 16 325631 2323 38%
c i 34.17 1523 19 2  76 1213  809 33% 15 325631 2322 38%
c i 34.21 1523 19 2  76 1214  809 33% 15 325631 2321 38%
c i 34.27 1523 19 2  76 1224  817 33% 15 325631 2320 38%
c i 34.34 1523 19 2  76 1248  838 33% 15 325631 2319 38%
c i 34.47 1523 20 2  76 1330  889 32% 16 325631 2318 38%
c i 34.49 1523 19 2  76 1340  896 32% 16 325631 2317 38%
c i 34.49 1523 19 2  76 1345  899 32% 16 325631 2316 38%
c i 34.52 1523 20 2  76 1375  923 32% 16 325631 2315 38%
c i 34.52 1523 20 2  76 1377  924 32% 16 325631 2314 38%
c i 34.59 1523 21 2  76 1444  968 32% 17 325631 2313 38%
c i 34.59 1523 21 2  76 1445  968 32% 17 325631 2312 38%
c i 34.66 1523 22 2  76 1471  991 32% 18 325631 2311 38%
c i 34.68 1523 23 2  76 1481  998 32% 18 325631 2310 38%
c i 34.76 1523 24 2  76 1559 1039 32% 20 325631 2309 37%
c i 35.09 1523 27 2  76 1992 1273 32% 24 325631 2308 37%
c i 35.14 1523 27 2  77 2083 1330 32% 24 325631 2307 37%
c 
c  seconds    reductions  redundant   irredundant
c          MB     restarts       trail       variables
c            level   conflicts       glue         remaining
c 
c - 35.91 1519 28 3  77 2570 1186 31% 25 325580 2307 37%
c i 36.22 1519 28 3  77 2581 1192 50% 25 325580 2306 37%
c i 36.30 1519 28 3  77 2613 1218 53% 25 325580 2305 37%
c i 36.33 1519 28 3  77 2627 1226 53% 25 325580 2304 37%
c ] 36.65 1519 28 3  77 3001 1463 56% 24 325580 2304 37%
c { 36.65 1519 94 3  77 3001 1463 79% 32 325580 2304 37%
c F 36.69 1519 94 3  77 3006 1467 79% 32 325580 2304 37%
c i 37.08 1518 88 3  77 3081 1522 76% 30 325580 2303 37%
c i 37.09 1518 88 3  77 3087 1526 76% 30 325580 2302 37%
c i 37.20 1518 82 3  77 3171 1593 74% 29 325580 2301 37%
c i 37.27 1518 81 3  77 3205 1619 73% 28 325580 2300 37%
c i 37.71 1518 81 3  78 3269 1671 72% 28 325580 2299 37%
c i 37.74 1518 81 3  78 3271 1672 72% 28 325580 2298 37%
c i 37.77 1518 81 3  78 3274 1674 72% 28 325580 2297 37%
c i 37.92 1519 82 3  82 3305 1701 71% 29 325580 2296 37%
c i 38.14 1519 83 3  88 3332 1724 70% 30 325580 2295 37%
c i 38.52 1519 85 3  98 3376 1763 70% 30 325580 2293 37%
c i 38.86 1519 85 3 110 3431 1809 69% 31 325580 2292 37%
c i 39.00 1519 85 3 115 3449 1826 68% 31 325580 2291 37%
c i 39.26 1519 85 3 127 3491 1865 68% 31 325580 2289 37%
c 
c  seconds    reductions  redundant   irredundant
c          MB     restarts       trail       variables
c            level   conflicts       glue         remaining
c 
c i 39.60 1519 86 3 134 3536 1902 67% 31 325580 2288 37%
c i 39.72 1519 87 3 138 3554 1918 67% 32 325580 2286 37%
c i 39.92 1518 88 3 150 3599 1959 66% 33 325580 2285 37%
c i 40.03 1518 88 3 156 3622 1981 66% 34 325580 2284 37%
c i 40.03 1518 88 3 157 3624 1982 66% 33 325580 2283 37%
c i 40.22 1519 88 3 162 3641 1997 65% 33 325580 2282 37%
c i 40.22 1519 88 3 162 3642 1997 65% 33 325580 2281 37%
c i 40.41 1518 89 3 167 3661 2014 65% 34 325580 2280 37%
c i 41.40 1519 84 3 189 3976 2285 62% 34 325580 2279 37%
c i 41.48 1519 84 3 191 3985 2293 62% 35 325580 2278 37%
c i 41.60 1519 84 3 197 4006 2309 62% 35 325580 2277 37%
c i 42.53 1519 80 3 226 4295 2519 60% 34 325580 2276 37%
c - 42.97 1512 78 4 226 4386 1959 60% 34 325487 2276 37%
c i 43.33 1512 77 4 229 4448 2001 60% 34 325487 2275 37%
c i 43.58 1512 77 4 230 4516 2056 60% 34 325487 2274 37%
c d 44.38 1512 69 4 230 5001 2385 58% 32 288191 2259 37%
c 2 44.45 1512 69 4 230 5001 3305 58% 32 288191 2255 37%
c p 55.09 1512 69 4 230 5001 6754 58% 32 288191 2165 35%
c d 55.59 1512 69 4 230 5001 6462 58% 32 287912 2163 35%
c # 56.27 1512 59 4 230 6009 7182 56% 29 287912 2163 35%
c 
c  seconds    reductions  redundant   irredundant
c          MB     restarts       trail       variables
c            level   conflicts       glue         remaining
c 
c - 56.85 1340 54 5 230 6657 2748 56% 28 287912 2163 35%
c } 57.08 1340 51 5 230 7003 2969 55% 27 287912 2163 35%
c [ 57.08 1340 28 5 230 7003 2969 56% 24 287912 2163 35%
c - 57.88 1342 37 6 232 9285 3081 50% 31 287912 2163 35%
c I 58.12 1342 38 6 232 10013 3509 49% 32 287912 2163 35%
c i 58.20 1342 38 6 232 10022 3511 49% 32 287912 2151 35%
c - 60.35 1342 35 7 234 12350 3290 49% 29 177399 2151 35%
c d 62.33 1342 32 7 235 15001 4731 49% 27 167941 2149 35%
c 2 62.37 1342 32 7 235 15001 5832 49% 27 167940 2148 35%
c p 66.38 1342 32 7 235 15001 11308 49% 27 167940 2135 35%
c d 66.61 1342 32 7 235 15001 11088 49% 27 167898 2134 35%
c ] 66.71 1342 32 7 235 15006 11093 49% 27 167898 2134 35%
c { 66.71 1342 51 7 235 15006 11093 55% 27 167898 2134 35%
c B 66.77 1342 51 7 235 15015 11100 55% 27 167898 2134 35%
c - 67.24 1342 49 8 239 15347 3576 55% 26 167898 2134 35%
c - 68.07 1342 39 9 248 18658 3920 54% 23 167898 2134 35%
c s 68.17 1342 39 9 257 18741 3894 54% 23 165115 2134 35%
c v 70.34 1342 39 9 257 18741 3894 54% 23 165072 2134 35%
c w 70.42 1342 39 9 257 18741 3892 54% 23 165072 2134 35%
c t 70.43 1342 39 9 257 18741 3870 54% 23 165060 2134 35%
c 
c  seconds    reductions   redundant   irredundant
c          MB     restarts        trail       variables
c            level    conflicts       glue        remaining
c 
c e 70.82 1343 39 9 257 18741 3600 54% 23 161613 571  9%
c s 70.89 1343 39 9 257 18741 3600 54% 23 159397 571  9%
c W 72.35 1343 35 9 261 21016 4909 90% 22 159397 571  9%
c - 73.12 1343 34 10 331 22333 4039 90% 22 159397 571  9%
c - 76.43 1343 31 11 482 26301 4421 90% 21 159397 571  9%
c F 77.12 1343 30 11 489 28018 5529 90% 21 159397 571  9%
c 3 78.13 1343 29 11 513 30003 6914 90% 20 159397 571  9%
c d 78.26 1343 29 11 513 30003 6954 90% 20 149910 570  9%
c p 79.80 1343 29 11 513 30003 8817 90% 20 149910 570  9%
c - 80.15 1343 29 12 514 30629 4975 90% 20 149910 570  9%
c } 80.17 1343 29 12 514 30681 5001 90% 20 149910 570  9%
c 1 80.17 1343 29 12 514 30681 5001 90% 20 149910 570  9%
c 
c --- [ writing output ] -----------------------------------------------------
c 
c writing simplified CNF to DIMACS file 'simp/33.cubes7430.adj.simp1'
c * 80.17 1343 29 12 514 30681 5001 90% 20 149910 570  9%
c opening file to write 'simp/33.cubes7430.adj.simp1'
c writing 'p cnf 6160 149910' header
c closing file 'simp/33.cubes7430.adj.simp1'
c after writing 74970534 bytes 71.5 MB
c wrote 149910 clauses in 0.45 seconds process time
c 
c --- [ writing extension ] --------------------------------------------------
c 
c writing extension stack to 'simp/33.cubes7430.adj.ext1'
c opening file to write 'simp/33.cubes7430.adj.ext1'
c closing file 'simp/33.cubes7430.adj.ext1'
c after writing 104638 bytes 0.1 MB
c wrote 4576 witnesses in 0.00 seconds process time
c 
c --- [ result ] -------------------------------------------------------------
c 
s SATISFIABLE
c 
c --- [ run-time profiling ] -------------------------------------------------
c 
c process time taken by individual solving procedures
c (percentage relative to process time for solving)
c 
c        41.58   66.49% search
c        32.00   51.16% unstable
c        20.96   33.51% simplify
c        17.63   28.18% parse
c        16.18   25.87% probe
c         8.84   14.14% stable
c         2.24    3.58% vivify
c         0.73    1.17% elim
c         0.61    0.98% lucky
c         0.13    0.21% walk
c         0.13    0.20% subsume
c         0.10    0.16% ternary
c   =================================
c        62.54   77.57% solve
c 
c last line shows process time for solving
c (percentage relative to total process time)
c 
c --- [ statistics ] ---------------------------------------------------------
c 
c chronological:              5917        19.29 %  of conflicts
c conflicts:                 30681       490.57    per second
c decisions:                 75088      1200.61    per second
c eliminated:                 1563        25.37 %  of all variables
c fixed:                       862        13.99 %  of all variables
c learned:                   30088        98.07 %  per conflict
c learned_lits:            5523787       100.00 %  learned literals
c minimized:                     0         0.00 %  learned literals
c shrunken:                4164314        75.39 %  learned literals
c minishrunken:             170337         3.08 %  learned literals
c propagations:            3404843         0.05 M  per second
c reduced:                   14276        46.53 %  per conflict
c rephased:                      7      4383.00    interval
c restarts:                    514        59.69    interval
c stabilizing:                   2        32.61 %  of conflicts
c substituted:                  21         0.34 %  of all variables
c subsumed:                  15514         0.45 %  of all clauses
c strengthened:               1078         0.03 %  of all clauses
c ternary:                    2232         0.58 %  of resolved
c vivified:                     56         0.00 %  of all clauses
c walked:                        1     30681.00    interval
c weakened:                   3714         3.05    average size
c 
c seconds are measured in process time for solving
c 
c --- [ resources ] ----------------------------------------------------------
c 
c total process time since initialization:        80.63    seconds
c total real time since initialization:           81.57    seconds
c maximum resident set size of process:         1671.55    MB
c 
c --- [ shutting down ] ------------------------------------------------------
c 
c exit 10
WARNING! DIMACS header mismatch: wrong number of variables.
============================[ Problem Statistics ]=============================
|                                                                             |
|  Number of variables:          2719                                         |
|  Number of clauses:          149920                                         |
|  Parse time:                   1.06 s                                       |
|  Simplification time:          0.06 s                                       |
|                                                                             |
============================[ Search Statistics ]====================================================
| Conflicts |          ORIGINAL         |          LEARNT          | Num Sols |      SUBGRAPHS      |
|           |    Vars  Clauses Literals |    Limit  Clauses Lit/Cl |          | Canonical Noncanon. |
=====================================================================================================
|       279 |    2624   150098 16031912 |     2000      278     32 |        0 |        63       179 |
|       433 |    2624   150102 16031932 |     2000      432     59 |        0 |        64       183 |
|       669 |    2624   150113 16032040 |     2000      668     77 |        0 |        68       194 |
|      1044 |    2624   150151 16032533 |     2000     1043     85 |        0 |        80       232 |
|      1664 |    2624   150265 16034281 |     2000     1663     85 |        0 |       104       346 |
|      3360 |    2624   151202 16044200 |     3600     2360     38 |        0 |       175      1283 |
|      4520 |    2624   151223 16044749 |     3600     3520     58 |        0 |       176      1304 |
|      6347 |    2624   151342 16046328 |     5001     3548     55 |        0 |       191      1423 |
|      9311 |    2624   151744 16050994 |     6309     4020     44 |        0 |       233      1825 |
|     14058 |    2430   152647 16059362 |     7557     5613     38 |        0 |       320      2728 |
=====================================================================================================
Number of solutions   : 0
Canonical subgraphs   : 321            (29 /sec)
          order  3    : 1              (142857 /sec)
          order  4    : 1              (333333 /sec)
          order  5    : 1              (125000 /sec)
          order  6    : 1              (26316 /sec)
          order  7    : 1              (4367 /sec)
          order  8    : 1              (1059 /sec)
          order  9    : 1              (374 /sec)
          order 10    : 4              (304 /sec)
          order 11    : 8              (183 /sec)
          order 12    : 37             (112 /sec)
          order 13    : 29             (83 /sec)
          order 14    : 10             (69 /sec)
          order 15    : 40             (45 /sec)
          order 16    : 79             (27 /sec)
          order 17    : 67             (19 /sec)
          order 18    : 31             (15 /sec)
          order 19    : 9              (12 /sec)
          order 20    : 0              (-nan /sec)
          order 21    : 0              (-nan /sec)
          order 22    : 0              (-nan /sec)
Noncanonical subgraphs: 2771           (213 /sec)
          order  3    : 0              (-nan /sec)
          order  4    : 0              (-nan /sec)
          order  5    : 0              (-nan /sec)
          order  6    : 0              (-nan /sec)
          order  7    : 0              (-nan /sec)
          order  8    : 0              (-nan /sec)
          order  9    : 0              (-nan /sec)
          order 10    : 0              (-nan /sec)
          order 11    : 0              (-nan /sec)
          order 12    : 0              (-nan /sec)
          order 13    : 169            (16062 /sec)
          order 14    : 113            (18887 /sec)
          order 15    : 269            (2136 /sec)
          order 16    : 1121           (267 /sec)
          order 17    : 434            (133 /sec)
          order 18    : 598            (163 /sec)
          order 19    : 67             (39 /sec)
          order 20    : 0              (-nan /sec)
          order 21    : 0              (-nan /sec)
Canonicity checking   : 10.9422 s
Noncanonicity checking: 13.0091 s
Total canonicity time : 23.9513 s
database reductions   : 4
restarts              : 61
conflicts             : 14154          (472 /sec)
decisions             : 34744          (0.00 % random) (1159 /sec)
propagations          : 530616         (17704 /sec)
conflict literals     : 1090066        (52.69 % deleted)
actual reward         : 0.321248
Memory used           : 92.00 MB
CPU time              : 29.9712 s

UNSATISFIABLE
