c --- [ banner ] -------------------------------------------------------------
c 
c CaDiCaL Radically Simplified CDCL SAT Solver
c Copyright (c) 2016-2021 A. Biere, M. Fleury, N. Froleyks
c 
c Version 1.5.2 a5f15211db36c3956764e18194dd5bd63bf3b5e6
c g++ (GCC) 9.3.0 -Wall -Wextra -O3 -DNDEBUG
c Fri Oct 21 01:27:37 EDT 2022 Linux gra-login3 3.10.0-1160.66.1.el7.x86_64 x86_64
c 
c --- [ limit ] --------------------------------------------------------------
c 
c setting conflict limit to 200000 conflicts (due to '200000')
c 
c --- [ parsing input ] ------------------------------------------------------
c 
c reading DIMACS file from '33.cubes193.adj'
c opening file to read '33.cubes193.adj'
c found 'p cnf 6160 1595472' header
c parsed 1595472 clauses in 19.44 seconds process time
c closing file '33.cubes193.adj'
c after reading 1457566753 bytes 1390.0 MB
c 
c --- [ options ] ------------------------------------------------------------
c 
c all options are set to their default value
c 
c --- [ solving ] ------------------------------------------------------------
c 
c time measured in process time since initialization
c 
c  seconds    reductions  redundant   irredundant
c          MB     restarts       trail       variables
c            level   conflicts       glue         remaining
c 
c * 19.44 1368  0 0   0    0    0  0% 0 1595422 2408 39%
c { 19.88 1393  0 0   0    0    0  0% 0 1595422 2408 39%
c i 21.68 1460 745 0   4   30   25 31% 4 1595422 2407 39%
c i 21.92 1464 647 0   5   36   28 30% 11 1595422 2380 39%
c i 22.18 1466 516 0   7   48   36 29% 19 1595422 2379 39%
c i 22.24 1467 505 0   8   49   36 29% 18 1595422 2378 39%
c i 23.01 1473 359 0  15   79   57 28% 27 1595422 2366 38%
c i 23.22 1474 341 0  16   89   62 28% 29 1595422 2359 38%
c i 23.25 1474 331 0  17   95   64 28% 31 1595422 2356 38%
c i 23.33 1474 323 0  19  100   68 28% 32 1595422 2355 38%
c i 23.35 1474 320 0  20  102   69 28% 33 1595422 2354 38%
c i 23.47 1474 306 0  20  110   71 27% 36 1595422 2350 38%
c i 23.53 1474 297 0  21  116   76 27% 38 1595422 2349 38%
c i 24.00 1477 280 0  24  127   84 27% 35 1595422 2344 38%
c i 24.12 1478 269 0  25  135   89 27% 34 1595422 2342 38%
c i 24.39 1478 252 0  25  152  103 27% 31 1595422 2341 38%
c i 24.51 1479 241 0  25  165  113 27% 30 1595422 2338 38%
c i 24.52 1479 239 0  25  168  114 27% 29 1595422 2336 38%
c i 24.61 1479 231 0  25  180  123 27% 27 1595422 2333 38%
c i 24.63 1479 229 0  25  183  123 26% 27 1595422 2330 38%
c 
c  seconds     reductions  redundant    irredundant
c          MB      restarts       trail        variables
c             level   conflicts       glue          remaining
c 
c i 24.74 1480 220 0  25  197  130 26% 27 1595422 2326 38%
c i 24.84 1480 211 0  25  214  144 26% 28 1595422 2325 38%
c i 25.03 1481 195 0  29  247  172 26% 29 1595422 2324 38%
c i 25.04 1481 193 0  30  250  174 26% 29 1595422 2323 38%
c i 25.12 1481 186 0  32  260  182 26% 29 1595422 2322 38%
c i 25.16 1481 185 0  32  263  183 26% 29 1595422 2320 38%
c i 25.23 1482 183 0  32  269  188 26% 28 1595422 2319 38%
c i 25.32 1482 179 0  32  281  196 26% 29 1595422 2318 38%
c - 29.14 1403 175 1  32  300  215 26% 29 251116 2318 38%
c i 29.39 1403 172 1  32  305  219 27% 29 251116 2317 38%
c i 29.71 1403 167 1  38  329  241 27% 31 251116 2316 38%
c i 29.71 1403 167 1  38  330  241 27% 31 251116 2315 38%
c i 29.73 1403 165 1  38  334  243 27% 31 251116 2314 38%
c i 29.89 1404 159 1  40  349  257 27% 30 251116 2313 38%
c i 30.00 1404 151 1  40  375  277 27% 30 251116 2312 38%
c i 30.03 1404 148 1  40  384  284 27% 29 251116 2311 38%
c i 30.33 1404 145 1  49  430  323 27% 32 251116 2310 38%
c i 30.40 1404 144 1  51  438  329 27% 32 251116 2309 37%
c i 30.45 1404 141 1  53  449  339 27% 32 251116 2308 37%
c i 30.54 1404 137 1  56  468  352 27% 32 251116 2307 37%
c 
c  seconds     reductions  redundant   irredundant
c          MB      restarts       trail       variables
c             level   conflicts       glue         remaining
c 
c i 30.58 1404 134 1  56  480  363 27% 32 251116 2306 37%
c i 30.60 1404 132 1  56  493  374 27% 31 251116 2305 37%
c i 30.62 1404 129 1  56  509  388 27% 31 251116 2304 37%
c i 30.63 1404 128 1  56  518  392 27% 31 251116 2303 37%
c i 30.70 1404 108 1  56  643  488 28% 29 251116 2302 37%
c i 30.72 1404 105 1  56  673  508 28% 28 251116 2301 37%
c i 30.77 1404 101 1  56  704  530 28% 28 251116 2300 37%
c i 30.88 1404 93 1  56  789  592 28% 27 251116 2299 37%
c i 30.98 1404 89 1  58  868  648 28% 27 251116 2298 37%
c i 30.99 1404 88 1  58  870  649 28% 27 251116 2297 37%
c } 31.09 1404 80 1  58 1001  720 28% 27 251116 2297 37%
c [ 31.09 1404  0 1  58 1001  720  0% 0 251116 2297 37%
c O 31.09 1404  0 1  58 1002  720 12% 0 251116 2297 37%
c i 31.09 1404  0 1  58 1002  720 12% 0 251116 2264 37%
c i 31.09 1404  1 1  58 1003  720 12% 0 251116 2249 37%
c i 31.23 1404 12 1  58 1025  738 28% 10 251116 2248 36%
c i 31.26 1404 13 1  58 1028  740 29% 10 251116 2247 36%
c i 31.27 1404 14 1  58 1032  743 29% 11 251116 2246 36%
c i 31.32 1404 17 1  58 1051  761 31% 13 251116 2245 36%
c - 31.88 1506 27 2  58 1140  731 32% 23 250289 2245 36%
c 
c  seconds    reductions  redundant   irredundant
c          MB     restarts       trail       variables
c            level   conflicts       glue         remaining
c 
c i 32.02 1506 30 2  58 1222  802 33% 25 250289 2244 36%
c ] 32.09 1506 31 2  58 1341  882 33% 26 250289 2244 36%
c 1 32.09 1506 31 2  58 1341  882 33% 26 250289 2244 36%
c 
c --- [ writing output ] -----------------------------------------------------
c 
c writing simplified CNF to DIMACS file 'simp/33.cubes193.adj.simp1'
c * 32.09 1506 31 2  58 1341  882 33% 26 250289 2244 36%
c opening file to write 'simp/33.cubes193.adj.simp1'
c writing 'p cnf 6160 250286' header
c closing file 'simp/33.cubes193.adj.simp1'
c after writing 118962563 bytes 113.5 MB
c wrote 250286 clauses in 0.92 seconds process time
c 
c --- [ writing extension ] --------------------------------------------------
c 
c writing extension stack to 'simp/33.cubes193.adj.ext1'
c opening file to write 'simp/33.cubes193.adj.ext1'
c closing file 'simp/33.cubes193.adj.ext1'
c after writing 11412 bytes 0.0 MB
c wrote 772 witnesses in 0.00 seconds process time
c 
c --- [ result ] -------------------------------------------------------------
c 
s SATISFIABLE
c 
c --- [ run-time profiling ] -------------------------------------------------
c 
c process time taken by individual solving procedures
c (percentage relative to process time for solving)
c 
c        19.44  153.68% parse
c        12.65  100.00% search
c        11.21   88.61% unstable
c         1.00    7.94% stable
c         0.44    3.45% lucky
c         0.00    0.00% simplify
c   =================================
c        12.65   38.32% solve
c 
c last line shows process time for solving
c (percentage relative to total process time)
c 
c --- [ statistics ] ---------------------------------------------------------
c 
c chronological:               446        33.26 %  of conflicts
c conflicts:                  1341       106.01    per second
c decisions:                 15916      1258.16    per second
c fixed:                       772        12.53 %  of all variables
c learned:                    1308        97.54 %  per conflict
c learned_lits:             199116       100.00 %  learned literals
c minimized:                     0         0.00 %  learned literals
c shrunken:                 119516        60.02 %  learned literals
c minishrunken:              14313         7.19 %  learned literals
c propagations:             235967         0.02 M  per second
c reduced:                      96         7.16 %  per conflict
c rephased:                      1      1341.00    interval
c restarts:                     58        23.12    interval
c stabilizing:                   1        25.35 %  of conflicts
c subsumed:                    250         0.01 %  of all clauses
c 
c seconds are measured in process time for solving
c 
c --- [ resources ] ----------------------------------------------------------
c 
c total process time since initialization:        33.01    seconds
c total real time since initialization:           43.72    seconds
c maximum resident set size of process:         1506.02    MB
c 
c --- [ shutting down ] ------------------------------------------------------
c 
c exit 10
WARNING! DIMACS header mismatch: wrong number of variables.
============================[ Problem Statistics ]=============================
|                                                                             |
|  Number of variables:          6120                                         |
|  Number of clauses:          250286                                         |
|  Parse time:                   1.53 s                                       |
|  Simplification time:          0.05 s                                       |
|                                                                             |
============================[ Search Statistics ]====================================================
| Conflicts |          ORIGINAL         |          LEARNT          | Num Sols |      SUBGRAPHS      |
|           |    Vars  Clauses Literals |    Limit  Clauses Lit/Cl |          | Canonical Noncanon. |
=====================================================================================================
|       100 |    6024   250286 25511492 |     2000       99    159 |        0 |        12         0 |
|       599 |    6018   250635 25516359 |     2000      592     39 |        0 |       121       349 |
|       905 |    6011   250716 25518221 |     2000      891     52 |        0 |       140       430 |
|      1325 |    6003   250799 25519934 |     2000     1303     63 |        0 |       177       513 |
|      1995 |    5995   250963 25524079 |     2000     1965     65 |        0 |       227       677 |
|      2830 |    5993   251039 25525920 |     3586     1814     47 |        0 |       262       753 |
|      4467 |    5988   251537 25532560 |     3586     3446     54 |        0 |       360      1251 |
|      6307 |    5988   251669 25535490 |     5000     3507     54 |        0 |       424      1383 |
|      9214 |    5988   252014 25542156 |     6313     3927     44 |        0 |       531      1728 |
|     13494 |    5987   252450 25551312 |     7566     5059     46 |        0 |       710      2164 |
|     19995 |    5986   253185 25563811 |     8788     7783     60 |        0 |       935      2899 |
|     28923 |    5984   253464 25569170 |    11201     7324     44 |        0 |      1168      3178 |
|     43588 |    5983   255155 25597411 |    13604    10192     43 |        0 |      1659      4869 |
|     64006 |    5982   256112 25615697 |    17213     8419     24 |        0 |      2068      5826 |
|     93832 |    5982   256746 25626702 |    20803    10635     29 |        0 |      2532      6460 |
|    138811 |    5981   257936 25643169 |    24413    22623     53 |        0 |      3130      7650 |
|    208442 |    5981   261751 25708190 |    30416    25253     64 |        0 |      5374     11597 |
|    312274 |    5981   267057 25818259 |    37618    28892     59 |        0 |      7648     16903 |
|    479895 |    5981   286889 26148005 |    47216    29311     47 |        0 |     15268     36735 |
|    709320 |    5950   265162 25812605 |    56660    52980     68 |        0 |     19350     44477 |
|   1057039 |    5950   280356 26103591 |    70012    55451     59 |        0 |     27720     59671 |
|   1572060 |    5935   273839 25993594 |    85603    68663     63 |        1 |     38871     75903 |
|   2357121 |    5885   209697 20920436 |    99612    91733     68 |        1 |     56512    112782 |
=====================================================================================================
Number of solutions   : 1
Canonical subgraphs   : 59658          (26 /sec)
          order  3    : 1              (125000 /sec)
          order  4    : 1              (333333 /sec)
          order  5    : 1              (142857 /sec)
          order  6    : 1              (34483 /sec)
          order  7    : 1              (5556 /sec)
          order  8    : 2              (1015 /sec)
          order  9    : 6              (301 /sec)
          order 10    : 21             (175 /sec)
          order 11    : 62             (133 /sec)
          order 12    : 412            (105 /sec)
          order 13    : 910            (63 /sec)
          order 14    : 3051           (45 /sec)
          order 15    : 7288           (33 /sec)
          order 16    : 26903          (27 /sec)
          order 17    : 12207          (21 /sec)
          order 18    : 7100           (20 /sec)
          order 19    : 1203           (20 /sec)
          order 20    : 268            (21 /sec)
          order 21    : 219            (22 /sec)
          order 22    : 1              (1 /sec)
Noncanonical subgraphs: 118509         (207 /sec)
          order  3    : 0              (-nan /sec)
          order  4    : 0              (-nan /sec)
          order  5    : 0              (-nan /sec)
          order  6    : 0              (-nan /sec)
          order  7    : 0              (-nan /sec)
          order  8    : 0              (-nan /sec)
          order  9    : 0              (-nan /sec)
          order 10    : 0              (-nan /sec)
          order 11    : 0              (-nan /sec)
          order 12    : 0              (-nan /sec)
          order 13    : 7574           (3385 /sec)
          order 14    : 7777           (2660 /sec)
          order 15    : 13631          (890 /sec)
          order 16    : 81578          (183 /sec)
          order 17    : 7669           (82 /sec)
          order 18    : 10             (99 /sec)
          order 19    : 0              (-nan /sec)
          order 20    : 0              (-nan /sec)
          order 21    : 0              (-nan /sec)
Canonicity checking   : 2322.23 s
Noncanonicity checking: 572.931 s
Total canonicity time : 2895.16 s
database reductions   : 88
restarts              : 4274
conflicts             : 2518302        (545 /sec)
decisions             : 3182783        (0.00 % random) (689 /sec)
propagations          : 321396752      (69577 /sec)
conflict literals     : 225701146      (56.46 % deleted)
actual reward         : 0.112288
Memory used           : 386.00 MB
CPU time              : 4619.3 s

UNSATISFIABLE
