c --- [ banner ] -------------------------------------------------------------
c 
c CaDiCaL Radically Simplified CDCL SAT Solver
c Copyright (c) 2016-2021 A. Biere, M. Fleury, N. Froleyks
c 
c Version 1.5.2 a5f15211db36c3956764e18194dd5bd63bf3b5e6
c g++ (GCC) 9.3.0 -Wall -Wextra -O3 -DNDEBUG
c Fri Oct 21 01:27:37 EDT 2022 Linux gra-login3 3.10.0-1160.66.1.el7.x86_64 x86_64
c 
c --- [ limit ] --------------------------------------------------------------
c 
c setting conflict limit to 200000 conflicts (due to '200000')
c 
c --- [ parsing input ] ------------------------------------------------------
c 
c reading DIMACS file from '33.cubes2725.adj'
c opening file to read '33.cubes2725.adj'
c found 'p cnf 6160 1595479' header
c parsed 1595479 clauses in 19.55 seconds process time
c closing file '33.cubes2725.adj'
c after reading 1457566803 bytes 1390.0 MB
c 
c --- [ options ] ------------------------------------------------------------
c 
c all options are set to their default value
c 
c --- [ solving ] ------------------------------------------------------------
c 
c time measured in process time since initialization
c 
c  seconds    reductions  redundant   irredundant
c          MB     restarts       trail       variables
c            level   conflicts       glue         remaining
c 
c * 19.56 1380  0 0   0    0    0  0% 0 1595422 2344 38%
c { 20.52 1428  0 0   0    0    0  0% 0 1595422 2344 38%
c i 23.69 1501 414 0   8   44   43 33% 18 1595422 2343 38%
c i 23.75 1502 374 0   8   52   46 31% 18 1595422 2342 38%
c i 23.99 1504 267 0  12   75   67 31% 17 1595422 2341 38%
c - 29.55 1430 87 1  22  301  238 30% 16 295462 2341 38%
c i 29.71 1431 87 1  23  307  240 30% 17 295462 2340 38%
c i 29.87 1386 87 1  27  321  250 30% 17 295462 2337 38%
c i 30.12 1386 87 1  29  325  253 30% 17 295462 2336 38%
c i 30.14 1386 88 1  29  334  254 30% 18 295462 2331 38%
c i 30.63 1386 90 1  38  380  287 30% 20 295462 2327 38%
c i 30.73 1386 91 1  41  400  302 30% 20 295462 2326 38%
c i 31.18 1387 90 1  50  443  340 29% 22 295462 2325 38%
c i 31.28 1387 90 1  54  454  349 29% 23 295462 2324 38%
c i 31.28 1387 90 1  54  455  349 29% 22 295462 2323 38%
c i 31.31 1387 90 1  55  457  350 29% 22 295462 2322 38%
c i 31.34 1387 89 1  56  463  355 29% 23 295462 2321 38%
c i 31.40 1387 90 1  58  469  359 29% 23 295462 2320 38%
c i 31.67 1387 87 1  66  499  379 29% 23 295462 2319 38%
c i 31.71 1387 88 1  67  503  381 29% 23 295462 2317 38%
c 
c  seconds    reductions  redundant   irredundant
c          MB     restarts       trail       variables
c            level   conflicts       glue         remaining
c 
c i 31.88 1387 91 1  73  525  401 29% 26 295462 2316 38%
c i 31.94 1387 91 1  76  537  412 29% 27 295462 2315 38%
c i 32.02 1387 92 1  80  554  425 29% 28 295462 2314 38%
c i 32.14 1387 92 1  84  571  441 29% 29 295462 2313 38%
c i 32.16 1387 92 1  86  575  444 29% 29 295462 2312 38%
c i 32.16 1387 92 1  86  576  444 29% 29 295462 2311 38%
c i 32.16 1387 91 1  86  578  445 29% 29 295462 2310 38%
c i 32.39 1387 89 1  95  607  468 29% 28 295462 2309 37%
c i 32.43 1387 88 1  96  614  474 29% 28 295462 2308 37%
c i 32.47 1387 89 1  96  621  479 29% 28 295462 2306 37%
c i 32.53 1387 89 1  97  628  485 29% 29 295462 2305 37%
c i 33.20 1387 86 1 111  746  570 29% 30 295462 2304 37%
c i 33.61 1387 87 1 132  835  645 29% 32 295462 2303 37%
c i 34.50 1387 87 1 148  905  707 29% 32 295462 2302 37%
c i 34.52 1387 88 1 148  910  711 29% 32 295462 2301 37%
c } 34.90 1388 85 1 152 1001  791 29% 31 295462 2301 37%
c [ 34.90 1388  0 1 152 1001  791  0% 0 295462 2301 37%
c O 34.90 1388  1 1 152 1002  791 14% 0 295462 2301 37%
c i 34.90 1388  1 1 152 1002  791 14% 0 295462 2286 37%
c i 34.90 1388  1 1 152 1003  791 14% 0 295462 2276 37%
c 
c  seconds    reductions  redundant   irredundant
c          MB     restarts       trail       variables
c            level   conflicts       glue         remaining
c 
c i 35.13 1388 18 1 152 1028  813 31% 14 295462 2275 37%
c i 35.20 1388 23 1 152 1057  840 33% 18 295462 2274 37%
c i 35.24 1388 23 1 152 1083  860 34% 19 295462 2273 37%
c i 35.26 1388 23 1 152 1098  869 33% 19 295462 2272 37%
c i 35.27 1388 23 1 152 1112  881 34% 19 295462 2271 37%
c i 35.28 1388 22 1 152 1128  892 34% 19 295462 2270 37%
c - 35.89 1515 23 2 152 1183  800 33% 19 294847 2270 37%
c i 35.96 1515 23 2 152 1190  806 33% 19 294847 2269 37%
c i 36.07 1515 23 2 152 1267  859 33% 20 294847 2268 37%
c i 36.07 1515 23 2 152 1268  859 33% 20 294847 2267 37%
c i 36.11 1515 23 2 152 1354  922 33% 19 294847 2266 37%
c i 36.11 1515 23 2 152 1360  927 33% 19 294847 2265 37%
c i 36.13 1515 22 2 152 1411  956 33% 19 294847 2264 37%
c i 36.15 1515 22 2 152 1470  995 33% 19 294847 2263 37%
c i 36.16 1515 22 2 152 1490 1012 33% 19 294847 2262 37%
c i 36.23 1515 20 2 152 1727 1183 33% 18 294847 2261 37%
c i 36.24 1515 20 2 152 1740 1192 33% 18 294847 2260 37%
c i 36.29 1515 21 2 152 1866 1281 33% 18 294847 2259 37%
c i 36.31 1515 21 2 152 1914 1310 33% 18 294847 2258 37%
c i 36.40 1515 21 2 153 2135 1466 33% 18 294847 2257 37%
c 
c  seconds    reductions  redundant   irredundant
c          MB     restarts       trail       variables
c            level   conflicts       glue         remaining
c 
c i 36.40 1515 21 2 153 2140 1467 33% 18 294847 2256 37%
c i 36.43 1515 21 2 153 2203 1506 33% 18 294847 2255 37%
c i 36.45 1515 22 2 153 2248 1540 33% 19 294847 2254 37%
c i 36.45 1515 22 2 153 2249 1540 33% 19 294847 2253 37%
c i 36.50 1515 22 2 153 2374 1622 33% 19 294847 2252 37%
c - 36.93 1511 23 3 153 2508 1324 33% 20 294793 2252 37%
c i 37.19 1511 23 3 153 2534 1343 54% 20 294793 2251 37%
c i 37.37 1511 24 3 153 2967 1663 55% 20 294793 2250 37%
c ] 37.38 1511 24 3 153 3003 1687 55% 21 294793 2250 37%
c { 37.38 1511 85 3 153 3003 1687 79% 31 294793 2250 37%
c F 37.42 1511 85 3 153 3004 1688 79% 31 294793 2250 37%
c i 37.57 1511 81 3 153 3065 1738 77% 30 294793 2249 37%
c i 37.57 1511 81 3 153 3066 1738 77% 30 294793 2248 36%
c i 37.57 1511 81 3 153 3067 1738 77% 30 294793 2247 36%
c i 37.58 1511 81 3 153 3069 1739 77% 30 294793 2246 36%
c i 38.19 1511 81 3 166 3196 1854 73% 31 294793 2245 36%
c i 38.23 1511 81 3 168 3203 1860 73% 32 294793 2244 36%
c i 38.80 1511 72 3 188 3553 2119 67% 30 294793 2243 36%
c i 40.08 1510 74 3 249 3882 2385 63% 33 294793 2242 36%
c i 40.28 1510 72 3 249 4011 2491 61% 32 294793 2241 36%
c 
c  seconds    reductions  redundant   irredundant
c          MB     restarts       trail       variables
c            level   conflicts       glue         remaining
c 
c - 40.79 1508 68 4 249 4272 1929 60% 32 294760 2241 36%
c i 41.52 1508 60 4 253 4813 2305 57% 30 294760 2240 36%
c 3 42.28 1508 59 4 253 5002 3222 56% 29 294739 2231 36%
c 2 42.35 1509 59 4 253 5002 3325 56% 29 294726 2231 36%
c p 48.66 1509 59 4 253 5002 5316 56% 29 294726 2194 36%
c d 49.09 1509 59 4 253 5002 5282 56% 29 294622 2193 36%
c # 50.40 1509 51 4 253 6005 5999 53% 27 294622 2193 36%
c - 51.28 1505 48 5 253 6476 2480 53% 26 294622 2193 36%
c } 52.56 1505 48 5 294 7011 2898 52% 26 294622 2193 36%
c [ 52.56 1505 24 5 294 7011 2898 55% 21 294622 2193 36%
c - 53.90 1389 57 6 295 9120 3282 47% 43 294622 2193 36%
c I 54.47 1389 62 6 296 10009 4050 47% 46 294622 2193 36%
c - 57.86 1390 68 7 298 12206 3900 46% 51 294622 2193 36%
c p 64.68 1390 71 7 299 15004 9187 45% 55 294622 2193 36%
c B 64.87 1390 71 7 299 15010 9193 45% 55 294622 2193 36%
c ] 64.87 1390 71 7 299 15011 9194 45% 55 294622 2193 36%
c { 64.87 1390 48 7 299 15011 9194 52% 26 294622 2193 36%
c - 66.40 1390 46 8 325 15737 4653 51% 26 294622 2193 36%
c s 67.78 1390 36 8 325 18822 6222 50% 22 292718 2193 36%
c v 72.37 1390 36 8 325 18822 6222 50% 22 292709 2193 36%
c 
c  seconds    reductions   redundant   irredundant
c          MB     restarts        trail       variables
c            level    conflicts       glue         remaining
c 
c t 72.46 1390 36 8 325 18822 6212 50% 22 292697 2193 36%
c e 73.53 1392 36 8 325 18822 5984 50% 22 289938 811 13%
c s 73.65 1392 36 8 325 18822 5983 50% 22 288898 811 13%
c - 75.59 1393 34 9 329 19705 4350 76% 22 288898 811 13%
c B 76.01 1393 33 9 331 21011 5114 75% 21 288898 811 13%
c - 87.18 1393 35 10 733 24088 5088 74% 23 288898 811 13%
c W 89.82 1393 31 10 739 28012 7480 76% 21 288898 811 13%
c - 95.84 1393 33 11 949 28909 5636 75% 22 288898 811 13%
c 3 96.89 1393 33 11 977 30004 6805 75% 22 288898 811 13%
c p 100.62 1393 33 11 977 30004 8110 75% 22 288898 810 13%
c } 101.77 1393 33 11 991 31013 8807 75% 22 288898 810 13%
c [ 101.77 1393 71 11 991 31013 8807 125% 55 288898 810 13%
c - 103.96 1393 60 12 992 34170 6486 111% 46 288895 810 13%
c W 106.31 1393 55 12 994 36013 7526 106% 43 288895 810 13%
c - 108.11 1393 48 13 997 39866 6318 99% 38 288895 810 13%
c O 111.17 1393 41 13 998 45017 9376 93% 33 288895 810 13%
c - 111.68 1393 40 14 999 46001 6962 93% 33 288895 810 13%
c p 115.44 1393 38 14 999 50004 11206 90% 31 288895 810 13%
c - 116.48 1393 37 15 999 52576 7412 89% 31 288895 810 13%
c s 116.68 1393 37 15 999 52730 7514 89% 31 287680 810 13%
c 
c  seconds     reductions    redundant   irredundant
c           MB      restarts        trail       variables
c             level     conflicts       glue        remaining
c 
c v 120.22 1393 37 15 999 52730 7514 89% 31 287672 810 13%
c e 121.38 1393 37 15 999 52730 7514 89% 31 287669 807 13%
c s 121.54 1393 37 15 999 52730 7514 89% 31 286165 807 13%
c B 123.49 1393 37 15 1000 55019 8957 88% 30 286165 807 13%
c ] 124.84 1393 36 15 1003 58903 11304 86% 30 286165 807 13%
c 1 124.84 1393 36 15 1003 58903 11304 86% 30 286165 807 13%
c 
c --- [ writing output ] -----------------------------------------------------
c 
c writing simplified CNF to DIMACS file 'simp/33.cubes2725.adj.simp1'
c * 124.84 1393 36 15 1003 58903 11304 86% 30 286165 807 13%
c opening file to write 'simp/33.cubes2725.adj.simp1'
c writing 'p cnf 6160 286165' header
c closing file 'simp/33.cubes2725.adj.simp1'
c after writing 132561865 bytes 126.4 MB
c wrote 286165 clauses in 0.92 seconds process time
c 
c --- [ writing extension ] --------------------------------------------------
c 
c writing extension stack to 'simp/33.cubes2725.adj.ext1'
c opening file to write 'simp/33.cubes2725.adj.ext1'
c closing file 'simp/33.cubes2725.adj.ext1'
c after writing 90615 bytes 0.1 MB
c wrote 4020 witnesses in 0.00 seconds process time
c 
c --- [ result ] -------------------------------------------------------------
c 
s SATISFIABLE
c 
c --- [ run-time profiling ] -------------------------------------------------
c 
c process time taken by individual solving procedures
c (percentage relative to process time for solving)
c 
c        77.45   73.57% search
c        47.99   45.59% unstable
c        27.83   26.43% simplify
c        26.72   25.38% stable
c        19.55   18.57% parse
c        13.71   13.03% probe
c         8.31    7.89% vivify
c         4.00    3.80% elim
c         1.78    1.69% walk
c         0.96    0.91% lucky
c         0.51    0.49% subsume
c         0.16    0.15% ternary
c   =================================
c       105.28   83.72% solve
c 
c last line shows process time for solving
c (percentage relative to total process time)
c 
c --- [ statistics ] ---------------------------------------------------------
c 
c chronological:              9374        15.91 %  of conflicts
c conflicts:                 58903       559.49    per second
c decisions:                136926      1300.60    per second
c eliminated:                 1385        22.48 %  of all variables
c fixed:                       814        13.21 %  of all variables
c learned:                   57686        97.93 %  per conflict
c learned_lits:           11341402       100.00 %  learned literals
c minimized:                     0         0.00 %  learned literals
c shrunken:                7603199        67.04 %  learned literals
c minishrunken:             640388         5.65 %  learned literals
c propagations:            4829730         0.05 M  per second
c reduced:                   27707        47.04 %  per conflict
c rephased:                     10      5890.30    interval
c restarts:                   1003        58.73    interval
c stabilizing:                   3        64.33 %  of conflicts
c substituted:                  10         0.16 %  of all variables
c subsumed:                  24148         0.69 %  of all clauses
c strengthened:               7559         0.22 %  of all clauses
c ternary:                    2593         0.65 %  of resolved
c vivified:                     34         0.00 %  of all clauses
c walked:                        2     29451.50    interval
c weakened:                   3206         3.02    average size
c 
c seconds are measured in process time for solving
c 
c --- [ resources ] ----------------------------------------------------------
c 
c total process time since initialization:       125.75    seconds
c total real time since initialization:          126.15    seconds
c maximum resident set size of process:         1637.52    MB
c 
c --- [ shutting down ] ------------------------------------------------------
c 
c exit 10
WARNING! DIMACS header mismatch: wrong number of variables.
============================[ Problem Statistics ]=============================
|                                                                             |
|  Number of variables:          3251                                         |
|  Number of clauses:          286165                                         |
|  Parse time:                   1.74 s                                       |
|  Simplification time:          0.03 s                                       |
|                                                                             |
============================[ Search Statistics ]====================================================
| Conflicts |          ORIGINAL         |          LEARNT          | Num Sols |      SUBGRAPHS      |
|           |    Vars  Clauses Literals |    Limit  Clauses Lit/Cl |          | Canonical Noncanon. |
=====================================================================================================
|       130 |    3159   286195 28730096 |     2000      130     64 |        0 |        37        30 |
|       321 |    3159   286236 28730875 |     2000      321     89 |        0 |        59        71 |
|       547 |    3159   286237 28730892 |     2000      547    107 |        0 |        59        72 |
|      1121 |    3159   286474 28735372 |     2000     1121     86 |        0 |       179       309 |
|      1646 |    3159   286493 28736077 |     2000     1646     96 |        0 |       200       328 |
|      2476 |    3159   286564 28737762 |     3608     1484     74 |        0 |       224       399 |
|      3746 |    3159   286695 28741272 |     3608     2754     86 |        0 |       276       530 |
|      5590 |    3159   286831 28743758 |     5005     2795     65 |        0 |       313       666 |
|      8258 |    3159   286937 28746145 |     6307     2965     50 |        0 |       358       772 |
|     12190 |    3159   287025 28748434 |     7560     3750     53 |        0 |       409       860 |
|     18730 |    3159   287799 28762156 |     8786     6516     69 |        0 |       664      1634 |
|     27866 |    3159   288286 28771260 |    11207     6273     47 |        0 |       860      2121 |
|     41275 |    3159   288721 28780397 |    13609     7884     52 |        0 |      1033      2556 |
|     61590 |    3159   289575 28796602 |    16006    13996     64 |        0 |      1347      3410 |
|     93397 |    3159   292190 28840135 |    20814    10211     21 |        0 |      1865      6025 |
|    137578 |    3159   292582 28847403 |    24411    21389     62 |        0 |      2070      6417 |
|    204151 |    3159   293471 28866423 |    30414    20965     50 |        0 |      2311      7306 |
|    307512 |    3159   298306 28942713 |    37604    24116     58 |        0 |      3201     12141 |
|    458783 |    3159   301788 29000151 |    46010    31193     64 |        0 |      4030     15623 |
|    686456 |    3159   307778 29102461 |    56813    30269     42 |        0 |      4936     21613 |
|   1022999 |    3159   311796 29189568 |    68821    55820     74 |        0 |      6830     25631 |
|   1527629 |    3159   317638 29292129 |    84421    66450     71 |        2 |      8919     31471 |
|   2285979 |    3159   327806 29491597 |   103622    77601     69 |        6 |     12614     41635 |
|   3435763 |    3159   355316 29982671 |   127627    77390     48 |       10 |     18271     69141 |
|   5141428 |    3159   377570 30467765 |   156436    86264     41 |       10 |     24019     91395 |
|   7677932 |    3159   388958 30742484 |   191223   111355     46 |       14 |     29152    102779 |
|  11498955 |    3158   422255 31380651 |   233215   229370     74 |       16 |     40334    136125 |
|  17226965 |    3075   372794 30463355 |   241359   214724     71 |       44 |     47133    182595 |
=====================================================================================================
Number of solutions   : 44
Canonical subgraphs   : 49418          (14 /sec)
          order  3    : 1              (166667 /sec)
          order  4    : 1              (500000 /sec)
          order  5    : 1              (200000 /sec)
          order  6    : 1              (52632 /sec)
          order  7    : 1              (8621 /sec)
          order  8    : 2              (1384 /sec)
          order  9    : 7              (353 /sec)
          order 10    : 23             (90 /sec)
          order 11    : 106            (28 /sec)
          order 12    : 508            (21 /sec)
          order 13    : 2587           (20 /sec)
          order 14    : 4125           (27 /sec)
          order 15    : 10121          (18 /sec)
          order 16    : 8647           (13 /sec)
          order 17    : 13931          (13 /sec)
          order 18    : 4409           (11 /sec)
          order 19    : 1568           (14 /sec)
          order 20    : 1618           (14 /sec)
          order 21    : 1717           (14 /sec)
          order 22    : 44             (1 /sec)
Noncanonical subgraphs: 194722         (146 /sec)
          order  3    : 0              (-nan /sec)
          order  4    : 0              (-nan /sec)
          order  5    : 0              (-nan /sec)
          order  6    : 0              (-nan /sec)
          order  7    : 0              (-nan /sec)
          order  8    : 0              (-nan /sec)
          order  9    : 0              (-nan /sec)
          order 10    : 0              (-nan /sec)
          order 11    : 0              (-nan /sec)
          order 12    : 0              (-nan /sec)
          order 13    : 5446           (7398 /sec)
          order 14    : 54046          (965 /sec)
          order 15    : 23534          (1082 /sec)
          order 16    : 12050          (445 /sec)
          order 17    : 95074          (91 /sec)
          order 18    : 2837           (55 /sec)
          order 19    : 3              (18 /sec)
          order 20    : 2              (102 /sec)
          order 21    : 0              (-nan /sec)
Canonicity checking   : 3441.16 s
Noncanonicity checking: 1334.94 s
Total canonicity time : 4776.11 s
database reductions   : 245
restarts              : 27898
conflicts             : 18545725       (1142 /sec)
decisions             : 22449703       (0.00 % random) (1382 /sec)
propagations          : 772511729      (47567 /sec)
conflict literals     : 2020716936     (55.93 % deleted)
actual reward         : 0.304006
Memory used           : 515.00 MB
CPU time              : 16240.6 s

UNSATISFIABLE
