c --- [ banner ] -------------------------------------------------------------
c 
c CaDiCaL Radically Simplified CDCL SAT Solver
c Copyright (c) 2016-2021 A. Biere, M. Fleury, N. Froleyks
c 
c Version 1.5.2 a5f15211db36c3956764e18194dd5bd63bf3b5e6
c g++ (GCC) 9.3.0 -Wall -Wextra -O3 -DNDEBUG
c Fri Oct 21 01:27:37 EDT 2022 Linux gra-login3 3.10.0-1160.66.1.el7.x86_64 x86_64
c 
c --- [ limit ] --------------------------------------------------------------
c 
c setting conflict limit to 200000 conflicts (due to '200000')
c 
c --- [ parsing input ] ------------------------------------------------------
c 
c reading DIMACS file from '33.cubes4949.adj'
c opening file to read '33.cubes4949.adj'
c found 'p cnf 6160 1595474' header
c parsed 1595474 clauses in 19.30 seconds process time
c closing file '33.cubes4949.adj'
c after reading 1457566770 bytes 1390.0 MB
c 
c --- [ options ] ------------------------------------------------------------
c 
c all options are set to their default value
c 
c --- [ solving ] ------------------------------------------------------------
c 
c time measured in process time since initialization
c 
c  seconds    reductions  redundant   irredundant
c          MB     restarts       trail       variables
c            level   conflicts       glue         remaining
c 
c * 19.31 1379  0 0   0    0    0  0% 0 1595422 2391 39%
c { 19.69 1406  0 0   0    0    0  0% 0 1595422 2391 39%
c i 21.32 1479 569 0   1   32   28 32% 6 1595422 2383 39%
c i 24.39 1506 146 0  28  193  163 28% 21 1595422 2382 39%
c i 24.40 1506 144 0  28  196  164 28% 21 1595422 2381 39%
c i 24.42 1506 141 0  28  201  166 29% 21 1595422 2380 39%
c i 24.48 1506 140 0  28  202  166 29% 20 1595422 2379 39%
c i 24.62 1506 131 0  34  227  190 29% 22 1595422 2378 39%
c i 24.93 1507 124 0  41  259  216 29% 24 1595422 2377 39%
c i 25.00 1507 127 0  43  266  222 29% 27 1595422 2376 39%
c - 29.45 1422 125 1  53  300  252 29% 30 162737 2376 39%
c i 29.94 1371 116 1  72  375  312 28% 33 162737 2375 39%
c i 30.05 1371 97 1  73  472  372 29% 30 162737 2374 39%
c i 30.23 1371 75 1  73  671  495 30% 27 162737 2373 39%
c i 30.29 1371 68 1  73  771  567 30% 26 162737 2372 39%
c i 30.30 1371 67 1  73  787  581 30% 26 162737 2371 38%
c i 30.30 1371 67 1  73  794  585 30% 26 162737 2370 38%
c i 30.32 1371 65 1  73  834  617 30% 26 162737 2369 38%
c i 30.37 1371 63 1  74  896  665 30% 26 162737 2368 38%
c i 30.37 1371 63 1  75  906  670 30% 26 162737 2367 38%
c 
c  seconds    reductions  redundant   irredundant
c          MB     restarts       trail       variables
c            level   conflicts       glue         remaining
c 
c i 30.37 1371 63 1  76  908  671 30% 25 162737 2366 38%
c i 30.38 1371 62 1  76  912  674 30% 25 162737 2365 38%
c i 30.38 1371 62 1  76  913  674 30% 25 162737 2364 38%
c i 30.38 1371 62 1  76  915  675 30% 25 162737 2363 38%
c i 30.40 1371 62 1  76  947  704 30% 25 162737 2362 38%
c i 30.43 1371 62 1  78  961  715 30% 26 162737 2361 38%
c i 30.43 1371 62 1  79  963  716 30% 26 162737 2360 38%
c i 30.45 1371 61 1  81  986  735 30% 25 162737 2359 38%
c i 30.45 1371 61 1  81  999  747 30% 25 162737 2358 38%
c } 30.47 1371 61 1  81 1000  748 30% 25 162737 2358 38%
c [ 30.47 1371  0 1  81 1000  748  0% 0 162737 2358 38%
c O 30.47 1371 134 1  81 1004  751 21% 2 162737 2358 38%
c i 30.47 1371 134 1  81 1004  751 21% 2 162737 2338 38%
c i 30.51 1371 37 1  81 1023  766 29% 8 162737 2337 38%
c - 30.86 1452 34 2  81 1026  664 30% 8 162420 2337 38%
c i 30.89 1452 28 2  81 1045  678 31% 12 162420 2336 38%
c i 30.91 1452 24 2  81 1080  693 32% 14 162420 2335 38%
c i 30.91 1452 23 2  81 1089  700 32% 14 162420 2334 38%
c i 30.94 1452 22 2  81 1177  750 33% 16 162420 2333 38%
c i 30.96 1452 23 2  81 1240  790 33% 17 162420 2332 38%
c 
c  seconds    reductions  redundant   irredundant
c          MB     restarts       trail       variables
c            level   conflicts       glue         remaining
c 
c i 30.98 1452 22 2  81 1297  829 32% 17 162420 2331 38%
c i 31.09 1452 23 2  81 1640 1031 33% 19 162420 2330 38%
c - 31.44 1451 21 3  82 2115  908 32% 18 162399 2330 38%
c i 31.73 1423 20 3  82 2447 1046 58% 17 162399 2329 38%
c ] 31.78 1423 20 3  82 2622 1124 57% 17 162399 2329 38%
c 1 31.78 1423 20 3  82 2622 1124 57% 17 162399 2329 38%
c 
c --- [ writing output ] -----------------------------------------------------
c 
c writing simplified CNF to DIMACS file 'simp/33.cubes4949.adj.simp1'
c * 31.78 1423 20 3  82 2622 1124 57% 17 162399 2329 38%
c opening file to write 'simp/33.cubes4949.adj.simp1'
c writing 'p cnf 6160 162396' header
c closing file 'simp/33.cubes4949.adj.simp1'
c after writing 96029009 bytes 91.6 MB
c wrote 162396 clauses in 0.66 seconds process time
c 
c --- [ writing extension ] --------------------------------------------------
c 
c writing extension stack to 'simp/33.cubes4949.adj.ext1'
c opening file to write 'simp/33.cubes4949.adj.ext1'
c closing file 'simp/33.cubes4949.adj.ext1'
c after writing 10156 bytes 0.0 MB
c wrote 687 witnesses in 0.00 seconds process time
c 
c --- [ result ] -------------------------------------------------------------
c 
s SATISFIABLE
c 
c --- [ run-time profiling ] -------------------------------------------------
c 
c process time taken by individual solving procedures
c (percentage relative to process time for solving)
c 
c        19.30  154.70% parse
c        12.48   99.99% search
c        10.78   86.38% unstable
c         1.32   10.56% stable
c         0.38    3.05% lucky
c         0.00    0.00% simplify
c   =================================
c        12.48   38.46% solve
c 
c last line shows process time for solving
c (percentage relative to total process time)
c 
c --- [ statistics ] ---------------------------------------------------------
c 
c chronological:               598        22.81 %  of conflicts
c conflicts:                  2622       210.14    per second
c decisions:                 15089      1209.28    per second
c fixed:                       687        11.15 %  of all variables
c learned:                    2569        97.98 %  per conflict
c learned_lits:             507306       100.00 %  learned literals
c minimized:                     0         0.00 %  learned literals
c shrunken:                 413395        81.49 %  learned literals
c minishrunken:               9685         1.91 %  learned literals
c propagations:             412698         0.03 M  per second
c reduced:                     455        17.35 %  per conflict
c rephased:                      1      2622.00    interval
c restarts:                     82        31.98    interval
c stabilizing:                   1        61.86 %  of conflicts
c subsumed:                    953         0.03 %  of all clauses
c 
c seconds are measured in process time for solving
c 
c --- [ resources ] ----------------------------------------------------------
c 
c total process time since initialization:        32.45    seconds
c total real time since initialization:           32.74    seconds
c maximum resident set size of process:         1532.64    MB
c 
c --- [ shutting down ] ------------------------------------------------------
c 
c exit 10
WARNING! DIMACS header mismatch: wrong number of variables.
============================[ Problem Statistics ]=============================
|                                                                             |
|  Number of variables:          6120                                         |
|  Number of clauses:          162396                                         |
|  Parse time:                   1.26 s                                       |
|  Simplification time:          0.04 s                                       |
|                                                                             |
============================[ Search Statistics ]====================================================
| Conflicts |          ORIGINAL         |          LEARNT          | Num Sols |      SUBGRAPHS      |
|           |    Vars  Clauses Literals |    Limit  Clauses Lit/Cl |          | Canonical Noncanon. |
=====================================================================================================
|       111 |    6028   162407 20316504 |     2000      110    136 |        0 |        16        11 |
|       489 |    6026   162635 20320876 |     2000      486     71 |        0 |        78       239 |
|       790 |    6024   162711 20322381 |     2000      785     76 |        0 |        83       315 |
|      1169 |    6019   162753 20323464 |     2000     1159     84 |        0 |        86       357 |
|      3002 |    6014   164080 20344826 |     3598     1996     22 |        0 |       307      1684 |
|      4904 |    6008   165223 20361322 |     4998     2099     22 |        0 |       408      2827 |
|      6961 |    5992   166141 20372396 |     4998     4149     41 |        0 |       499      3745 |
|      9917 |    5992   167389 20388648 |     6299     4616     38 |        0 |       673      4993 |
|     13520 |    5992   168430 20400058 |     7551     5071     38 |        0 |       772      6034 |
|     20028 |    5992   171094 20433826 |     8785     7813     30 |        0 |      1080      8698 |
=====================================================================================================
Number of solutions   : 0
Canonical subgraphs   : 1116           (134 /sec)
          order  3    : 1              (100000 /sec)
          order  4    : 1              (333333 /sec)
          order  5    : 1              (142857 /sec)
          order  6    : 1              (34483 /sec)
          order  7    : 1              (4926 /sec)
          order  8    : 1              (2024 /sec)
          order  9    : 1              (1072 /sec)
          order 10    : 2              (731 /sec)
          order 11    : 7              (609 /sec)
          order 12    : 40             (411 /sec)
          order 13    : 255            (287 /sec)
          order 14    : 230            (181 /sec)
          order 15    : 338            (124 /sec)
          order 16    : 173            (85 /sec)
          order 17    : 46             (56 /sec)
          order 18    : 10             (38 /sec)
          order 19    : 6              (37 /sec)
          order 20    : 2              (35 /sec)
          order 21    : 0              (-nan /sec)
          order 22    : 0              (-nan /sec)
Noncanonical subgraphs: 9503           (948 /sec)
          order  3    : 0              (-nan /sec)
          order  4    : 0              (-nan /sec)
          order  5    : 0              (-nan /sec)
          order  6    : 0              (-nan /sec)
          order  7    : 0              (-nan /sec)
          order  8    : 0              (-nan /sec)
          order  9    : 0              (-nan /sec)
          order 10    : 0              (-nan /sec)
          order 11    : 0              (-nan /sec)
          order 12    : 0              (-nan /sec)
          order 13    : 455            (9417 /sec)
          order 14    : 3443           (1579 /sec)
          order 15    : 3214           (992 /sec)
          order 16    : 2079           (637 /sec)
          order 17    : 161            (325 /sec)
          order 18    : 151            (191 /sec)
          order 19    : 0              (-nan /sec)
          order 20    : 0              (-nan /sec)
          order 21    : 0              (-nan /sec)
Canonicity checking   : 8.33941 s
Noncanonicity checking: 10.0211 s
Total canonicity time : 18.3605 s
database reductions   : 6
restarts              : 78
conflicts             : 22116          (820 /sec)
decisions             : 64808          (0.00 % random) (2403 /sec)
propagations          : 2882297        (106871 /sec)
conflict literals     : 1403076        (51.27 % deleted)
actual reward         : 0.079534
Memory used           : 142.00 MB
CPU time              : 26.9699 s

UNSATISFIABLE
