c --- [ banner ] -------------------------------------------------------------
c 
c CaDiCaL Radically Simplified CDCL SAT Solver
c Copyright (c) 2016-2021 A. Biere, M. Fleury, N. Froleyks
c 
c Version 1.5.2 a5f15211db36c3956764e18194dd5bd63bf3b5e6
c g++ (GCC) 9.3.0 -Wall -Wextra -O3 -DNDEBUG
c Fri Oct 21 01:27:37 EDT 2022 Linux gra-login3 3.10.0-1160.66.1.el7.x86_64 x86_64
c 
c --- [ limit ] --------------------------------------------------------------
c 
c setting conflict limit to 200000 conflicts (due to '200000')
c 
c --- [ parsing input ] ------------------------------------------------------
c 
c reading DIMACS file from '33.cubes2713.adj'
c opening file to read '33.cubes2713.adj'
c found 'p cnf 6160 1595480' header
c parsed 1595480 clauses in 20.10 seconds process time
c closing file '33.cubes2713.adj'
c after reading 1457566810 bytes 1390.0 MB
c 
c --- [ options ] ------------------------------------------------------------
c 
c all options are set to their default value
c 
c --- [ solving ] ------------------------------------------------------------
c 
c time measured in process time since initialization
c 
c  seconds    reductions  redundant   irredundant
c          MB     restarts       trail       variables
c            level   conflicts       glue         remaining
c 
c * 20.10 1379  0 0   0    0    0  0% 0 1595422 2372 39%
c { 21.18 1429  0 0   0    0    0  0% 0 1595422 2372 39%
c i 23.32 1484 938 0   3   28   24 37% 6 1595422 2357 38%
c i 23.95 1492 583 0   3   44   34 31% 6 1595422 2338 38%
c i 26.38 1520 238 0  22  120  103 30% 25 1595422 2334 38%
c i 27.71 1524 137 0  35  235  172 26% 22 1595422 2333 38%
c i 28.05 1524 130 0  35  255  191 27% 23 1595422 2332 38%
c i 28.30 1525 121 0  35  282  216 27% 23 1595422 2331 38%
c - 33.00 1457 123 1  38  301  233 27% 25 394895 2331 38%
c i 33.14 1458 122 1  39  304  235 27% 25 394895 2318 38%
c i 33.42 1458 120 1  42  320  249 27% 25 394895 2317 38%
c i 33.72 1458 120 1  45  328  256 27% 25 394895 2316 38%
c i 33.81 1458 119 1  47  335  262 27% 26 394895 2315 38%
c i 34.06 1458 119 1  51  349  275 27% 27 394895 2314 38%
c i 34.30 1458 117 1  55  365  288 27% 27 394895 2313 38%
c i 34.82 1458 112 1  64  401  317 28% 29 394895 2312 38%
c i 34.87 1458 111 1  64  406  321 28% 29 394895 2311 38%
c i 34.93 1458 110 1  66  413  326 28% 29 394895 2310 38%
c i 34.94 1458 110 1  66  414  326 28% 29 394895 2309 37%
c i 35.08 1458 110 1  69  427  336 27% 28 394895 2308 37%
c 
c  seconds     reductions  redundant   irredundant
c          MB      restarts       trail       variables
c             level   conflicts       glue         remaining
c 
c i 35.23 1458 113 1  73  449  353 28% 31 394895 2307 37%
c i 35.27 1458 112 1  75  455  356 28% 32 394895 2306 37%
c i 35.37 1458 112 1  76  459  359 28% 32 394895 2305 37%
c i 36.32 1460 110 1  85  503  398 28% 31 394895 2304 37%
c i 36.49 1460 110 1  86  511  404 27% 31 394895 2303 37%
c i 36.49 1460 110 1  86  512  404 27% 31 394895 2302 37%
c i 36.80 1460 109 1  87  522  413 27% 31 394895 2301 37%
c i 36.97 1460 109 1  89  531  421 27% 31 394895 2300 37%
c i 36.99 1460 109 1  90  532  421 27% 31 394895 2299 37%
c i 37.36 1460 110 1  96  556  443 28% 34 394895 2298 37%
c i 37.37 1460 109 1  97  559  444 28% 34 394895 2297 37%
c i 37.63 1460 106 1 106  591  468 28% 34 394895 2294 37%
c i 37.82 1460 106 1 109  601  477 28% 34 394895 2293 37%
c i 37.86 1460 106 1 110  605  480 28% 34 394895 2292 37%
c i 37.87 1461 105 1 110  609  483 28% 33 394895 2291 37%
c i 37.89 1461 105 1 110  611  484 28% 33 394895 2290 37%
c i 37.90 1461 104 1 110  616  487 28% 33 394895 2289 37%
c i 37.99 1461 104 1 110  624  494 28% 33 394895 2288 37%
c i 38.12 1461 101 1 110  648  516 28% 33 394895 2287 37%
c i 38.19 1461 100 1 110  664  531 28% 33 394895 2286 37%
c 
c  seconds    reductions  redundant   irredundant
c          MB     restarts       trail       variables
c            level   conflicts       glue         remaining
c 
c i 38.21 1461 99 1 110  672  536 28% 33 394895 2285 37%
c i 38.77 1462 99 1 118  709  570 28% 34 394895 2284 37%
c i 39.00 1462 98 1 119  725  583 28% 34 394895 2283 37%
c i 39.07 1462 97 1 119  735  591 28% 34 394895 2282 37%
c i 39.18 1462 96 1 119  753  606 28% 33 394895 2281 37%
c i 39.29 1462 94 1 119  778  630 28% 33 394895 2280 37%
c i 39.32 1462 93 1 119  800  650 28% 33 394895 2279 37%
c i 39.47 1462 92 1 119  833  676 28% 33 394895 2278 37%
c i 40.15 1463 86 1 120  966  781 28% 33 394895 2277 37%
c i 40.24 1463 86 1 120  981  794 28% 33 394895 2276 37%
c i 40.32 1463 85 1 120  995  806 28% 32 394895 2275 37%
c } 40.36 1463 85 1 120 1000  810 28% 32 394895 2275 37%
c [ 40.36 1463  0 1 120 1000  810  0% 0 394895 2275 37%
c O 40.40 1463 32 1 120 1007  815 27% 17 394895 2275 37%
c i 40.88 1463 19 1 120 1044  843 28% 14 394895 2274 37%
c i 40.90 1463 20 1 120 1049  847 28% 14 394895 2273 37%
c i 41.13 1463 26 1 120 1118  904 30% 21 394895 2272 37%
c i 41.24 1463 28 1 120 1171  951 30% 23 394895 2271 37%
c - 42.25 1629 30 2 120 1259  899 30% 25 394533 2271 37%
c i 43.00 1629 31 2 120 1606 1166 31% 27 394533 2270 37%
c 
c  seconds    reductions  redundant   irredundant
c          MB     restarts       trail       variables
c            level   conflicts       glue         remaining
c 
c i 43.44 1629 29 2 121 2151 1567 31% 26 394533 2269 37%
c i 43.47 1629 29 2 121 2192 1592 31% 25 394533 2268 37%
c i 43.51 1629 29 2 121 2227 1611 31% 25 394533 2267 37%
c i 43.60 1629 29 2 121 2322 1664 31% 25 394533 2266 37%
c i 43.86 1629 28 2 121 2644 1880 31% 24 394533 2265 37%
c - 44.40 1627 28 3 121 2698 1409 31% 24 394515 2265 37%
c i 44.79 1571 28 3 121 2709 1417 52% 24 394515 2264 37%
c ] 45.05 1571 27 3 121 3001 1621 50% 24 394515 2264 37%
c { 45.05 1571 85 3 121 3001 1621 77% 32 394515 2264 37%
c F 45.12 1571 84 3 121 3008 1627 76% 32 394515 2264 37%
c i 46.01 1571 75 3 121 3197 1780 72% 30 394515 2263 37%
c i 46.21 1571 73 3 121 3271 1842 71% 30 394515 2262 37%
c i 46.26 1571 73 3 121 3285 1854 70% 30 394515 2261 37%
c i 46.27 1571 73 3 121 3286 1854 70% 30 394515 2260 37%
c i 46.34 1571 72 3 122 3316 1878 70% 30 394515 2259 37%
c i 46.34 1571 72 3 122 3320 1881 70% 30 394515 2258 37%
c i 46.43 1571 70 3 124 3403 1941 68% 30 394515 2257 37%
c i 46.65 1571 63 3 124 3702 2139 65% 29 394515 2256 37%
c i 46.72 1571 60 3 124 3846 2235 64% 28 394515 2255 37%
c i 47.53 1571 61 3 167 4103 2441 62% 31 394515 2254 37%
c 
c  seconds    reductions  redundant   irredundant
c          MB     restarts       trail       variables
c            level   conflicts       glue         remaining
c 
c i 48.48 1571 60 3 185 4307 2610 61% 30 394515 2253 37%
c i 48.90 1571 60 3 187 4349 2643 60% 31 394515 2252 37%
c i 48.95 1571 60 3 187 4355 2648 60% 31 394515 2251 37%
c i 49.25 1571 60 3 187 4384 2674 60% 30 394515 2250 37%
c i 50.03 1572 61 3 206 4542 2811 59% 31 394515 2249 37%
c i 50.05 1572 61 3 206 4556 2819 59% 31 394515 2248 36%
c - 50.68 1566 60 4 206 4617 2023 59% 31 394464 2248 36%
c 2 52.27 1567 60 4 235 5002 2981 57% 31 394436 2240 36%
c p 55.09 1567 60 4 235 5002 4865 57% 31 394436 2217 36%
c d 55.57 1567 60 4 235 5002 4860 57% 31 394365 2215 36%
c # 57.25 1567 55 4 277 6009 5687 55% 30 394365 2215 36%
c } 57.84 1567 51 4 277 7002 6434 54% 29 394365 2215 36%
c [ 57.84 1567 27 4 277 7002 6434 50% 24 394365 2215 36%
c - 58.13 1408 27 5 277 7012 2886 50% 24 394365 2215 36%
c - 59.72 1409 29 6 279 9887 3228 49% 25 394365 2215 36%
c I 59.83 1409 29 6 279 10010 3323 49% 25 394365 2215 36%
c - 67.02 1409 38 7 281 13238 3623 47% 33 394365 2215 36%
c ] 69.43 1409 39 7 282 15003 4670 46% 34 394365 2215 36%
c { 69.43 1409 51 7 282 15003 4670 54% 29 394365 2215 36%
c p 72.20 1409 51 7 282 15003 7385 54% 29 394365 2215 36%
c 
c  seconds    reductions   redundant   irredundant
c          MB     restarts        trail       variables
c            level    conflicts       glue         remaining
c 
c B 72.49 1409 51 7 282 15011 7393 54% 29 394365 2215 36%
c - 75.34 1409 45 8 309 17069 4471 52% 28 394365 2215 36%
c s 76.70 1409 41 8 311 18789 5492 52% 26 392652 2215 36%
c v 83.44 1409 41 8 311 18789 5492 52% 26 392643 2215 36%
c w 83.62 1409 41 8 311 18789 5490 52% 26 392643 2215 36%
c t 83.64 1409 41 8 311 18789 5483 52% 26 392637 2215 36%
c e 85.16 1411 41 8 311 18789 5004 52% 26 389883 837 14%
c s 85.29 1411 41 8 311 18789 5004 52% 26 388994 837 14%
c W 91.27 1411 38 8 368 21014 6657 73% 25 388994 837 14%
c - 91.50 1411 38 9 368 21377 4918 74% 25 388994 837 14%
c - 93.63 1411 32 10 374 26148 5416 74% 23 388994 837 14%
c F 94.80 1411 31 10 375 28015 6610 74% 22 388994 837 14%
c p 109.66 1411 33 10 684 30005 9994 74% 23 388994 836 14%
c } 110.50 1411 33 10 687 31003 10718 74% 23 388994 836 14%
c [ 110.50 1411 39 10 687 31003 10718 125% 34 388994 836 14%
c - 110.97 1411 38 11 687 31395 6628 123% 34 388991 836 14%
c B 113.11 1411 37 11 690 36016 9672 105% 32 388991 836 14%
c - 114.01 1411 36 12 690 37118 6975 103% 32 388991 836 14%
c - 116.90 1411 34 13 694 43318 7582 95% 30 388991 836 14%
c W 119.21 1411 34 13 694 45018 8891 93% 30 388991 836 14%
c 
c  seconds     reductions    redundant   irredundant
c           MB      restarts        trail       variables
c             level     conflicts       glue        remaining
c 
c - 120.86 1411 32 14 695 49996 8503 90% 29 388991 836 14%
c p 122.84 1411 32 14 695 50007 10384 90% 29 388991 836 14%
c s 124.80 1411 31 14 695 54232 13419 88% 28 387920 836 14%
c v 129.85 1411 31 14 695 54232 13419 88% 28 387912 836 14%
c w 130.19 1411 31 14 695 54232 13418 88% 28 387912 836 14%
c s 131.81 1414 31 14 695 54232 13418 88% 28 386402 836 14%
c O 134.07 1415 31 14 696 55019 13883 88% 28 386402 836 14%
c - 135.23 1415 31 15 698 57150 8975 87% 27 386402 836 14%
c ] 136.21 1415 30 15 700 59961 10832 86% 27 386402 836 14%
c 1 136.21 1415 30 15 700 59961 10832 86% 27 386402 836 14%
c 
c --- [ writing output ] -----------------------------------------------------
c 
c writing simplified CNF to DIMACS file 'simp/33.cubes2713.adj.simp1'
c * 136.21 1415 30 15 700 59961 10832 86% 27 386402 836 14%
c opening file to write 'simp/33.cubes2713.adj.simp1'
c writing 'p cnf 6160 386402' header
c closing file 'simp/33.cubes2713.adj.simp1'
c after writing 179973061 bytes 171.6 MB
c wrote 386402 clauses in 1.25 seconds process time
c 
c --- [ writing extension ] --------------------------------------------------
c 
c writing extension stack to 'simp/33.cubes2713.adj.ext1'
c opening file to write 'simp/33.cubes2713.adj.ext1'
c closing file 'simp/33.cubes2713.adj.ext1'
c after writing 91078 bytes 0.1 MB
c wrote 4026 witnesses in 0.00 seconds process time
c 
c --- [ result ] -------------------------------------------------------------
c 
s SATISFIABLE
c 
c --- [ run-time profiling ] -------------------------------------------------
c 
c process time taken by individual solving procedures
c (percentage relative to process time for solving)
c 
c        85.29   73.46% search
c        52.58   45.29% unstable
c        30.82   26.54% simplify
c        30.05   25.88% stable
c        20.10   17.31% parse
c        12.23   10.53% vivify
c        10.75    9.26% probe
c         5.74    4.95% elim
c         1.57    1.35% walk
c         1.08    0.93% lucky
c         0.60    0.52% subsume
c         0.20    0.18% ternary
c   =================================
c       116.12   84.47% solve
c 
c last line shows process time for solving
c (percentage relative to total process time)
c 
c --- [ statistics ] ---------------------------------------------------------
c 
c chronological:              9311        15.53 %  of conflicts
c conflicts:                 59961       516.39    per second
c decisions:                122225      1052.62    per second
c eliminated:                 1378        22.37 %  of all variables
c fixed:                       792        12.86 %  of all variables
c learned:                   58755        97.99 %  per conflict
c learned_lits:           12537080       100.00 %  learned literals
c minimized:                     0         0.00 %  learned literals
c shrunken:                7403927        59.06 %  learned literals
c minishrunken:            1223789         9.76 %  learned literals
c propagations:            4761209         0.04 M  per second
c reduced:                   31092        51.85 %  per conflict
c rephased:                     10      5996.10    interval
c restarts:                    700        85.66    interval
c stabilizing:                   3        64.98 %  of conflicts
c substituted:                  10         0.16 %  of all variables
c subsumed:                  21661         0.64 %  of all clauses
c strengthened:               8192         0.24 %  of all clauses
c ternary:                    2090         0.57 %  of resolved
c vivified:                     32         0.00 %  of all clauses
c walked:                        2     29980.50    interval
c weakened:                   3234         3.04    average size
c 
c seconds are measured in process time for solving
c 
c --- [ resources ] ----------------------------------------------------------
c 
c total process time since initialization:       137.46    seconds
c total real time since initialization:          154.98    seconds
c maximum resident set size of process:         1792.56    MB
c 
c --- [ shutting down ] ------------------------------------------------------
c 
c exit 10
WARNING! DIMACS header mismatch: wrong number of variables.
============================[ Problem Statistics ]=============================
|                                                                             |
|  Number of variables:          3251                                         |
|  Number of clauses:          386402                                         |
|  Parse time:                   2.43 s                                       |
|  Simplification time:          0.07 s                                       |
|                                                                             |
============================[ Search Statistics ]====================================================
| Conflicts |          ORIGINAL         |          LEARNT          | Num Sols |      SUBGRAPHS      |
|           |    Vars  Clauses Literals |    Limit  Clauses Lit/Cl |          | Canonical Noncanon. |
=====================================================================================================
|       187 |    3160   386489 38960966 |     2000      187     29 |        0 |        54        87 |
|       379 |    3160   386531 38961787 |     2000      379     54 |        0 |        75       129 |
|       651 |    3160   386578 38962949 |     2000      651     72 |        0 |        98       176 |
|       992 |    3160   386582 38963156 |     2000      992     84 |        0 |       108       180 |
|      1881 |    3160   386965 38969963 |     2000     1881     72 |        0 |       221       563 |
|      3233 |    3160   387558 38978246 |     3600     2233     46 |        0 |       305      1156 |
|      4692 |    3160   387878 38984075 |     5004     1896     18 |        0 |       411      1476 |
|      6470 |    3160   387948 38985722 |     5004     3674     63 |        0 |       440      1546 |
|     10718 |    3160   389634 39011891 |     6303     5421     37 |        0 |       797      3232 |
|     15979 |    3160   391051 39033828 |     7557     7536     52 |        0 |      1097      4649 |
|     21900 |    3160   391206 39036689 |     9997     5297     33 |        0 |      1139      4804 |
|     30616 |    3160   391273 39037927 |    11208     9024     60 |        0 |      1167      4871 |
|     43770 |    3160   391453 39041300 |    13607    10377     61 |        0 |      1198      5051 |
|     63318 |    3160   391540 39042950 |    16009    15727     68 |        0 |      1227      5138 |
|     93172 |    3160   392202 39053078 |    20814     9986     42 |        0 |      1456      5800 |
|    139635 |    3160   394876 39092044 |    24416    23451     77 |        0 |      2090      8474 |
|    211679 |    3160   401236 39193404 |    30411    28490     71 |        0 |      3224     14834 |
|    313695 |    3160   404726 39245287 |    37618    30313     70 |        0 |      3919     18324 |
|    464499 |    3160   407741 39288731 |    46015    36914     64 |        0 |      4447     21339 |
|    711009 |    3146   432568 39588973 |    56812    54821     72 |        3 |      6511     46163 |
|   1050784 |    3146   421942 39481375 |    68024    47208     67 |        9 |      8456     53407 |
|   1560893 |    3101   433263 39655153 |    85606    57499     54 |       16 |     11042     64721 |
=====================================================================================================
Number of solutions   : 16
Canonical subgraphs   : 11253          (14 /sec)
          order  3    : 1              (142857 /sec)
          order  4    : 1              (333333 /sec)
          order  5    : 1              (166667 /sec)
          order  6    : 1              (38462 /sec)
          order  7    : 1              (6369 /sec)
          order  8    : 2              (1132 /sec)
          order  9    : 6              (306 /sec)
          order 10    : 23             (90 /sec)
          order 11    : 95             (28 /sec)
          order 12    : 606            (14 /sec)
          order 13    : 3772           (16 /sec)
          order 14    : 1187           (26 /sec)
          order 15    : 442            (17 /sec)
          order 16    : 1244           (12 /sec)
          order 17    : 1879           (12 /sec)
          order 18    : 936            (11 /sec)
          order 19    : 345            (12 /sec)
          order 20    : 335            (12 /sec)
          order 21    : 360            (11 /sec)
          order 22    : 16             (1 /sec)
Noncanonical subgraphs: 65240          (411 /sec)
          order  3    : 0              (-nan /sec)
          order  4    : 0              (-nan /sec)
          order  5    : 0              (-nan /sec)
          order  6    : 0              (-nan /sec)
          order  7    : 0              (-nan /sec)
          order  8    : 0              (-nan /sec)
          order  9    : 0              (-nan /sec)
          order 10    : 0              (-nan /sec)
          order 11    : 0              (-nan /sec)
          order 12    : 0              (-nan /sec)
          order 13    : 7609           (6290 /sec)
          order 14    : 45813          (760 /sec)
          order 15    : 2668           (983 /sec)
          order 16    : 3803           (475 /sec)
          order 17    : 4503           (103 /sec)
          order 18    : 465            (48 /sec)
          order 19    : 6              (48 /sec)
          order 20    : 8              (39 /sec)
          order 21    : 17             (38 /sec)
Canonicity checking   : 805.292 s
Noncanonicity checking: 158.918 s
Total canonicity time : 964.21 s
database reductions   : 72
restarts              : 3321
conflicts             : 1719401        (1043 /sec)
decisions             : 2177192        (0.00 % random) (1320 /sec)
propagations          : 70176671       (42550 /sec)
conflict literals     : 191232615      (53.33 % deleted)
actual reward         : 0.305105
Memory used           : 600.00 MB
CPU time              : 1649.28 s

UNSATISFIABLE
