c --- [ banner ] -------------------------------------------------------------
c 
c CaDiCaL Radically Simplified CDCL SAT Solver
c Copyright (c) 2016-2021 A. Biere, M. Fleury, N. Froleyks
c 
c Version 1.5.2 a5f15211db36c3956764e18194dd5bd63bf3b5e6
c g++ (GCC) 9.3.0 -Wall -Wextra -O3 -DNDEBUG
c Fri Oct 21 01:27:37 EDT 2022 Linux gra-login3 3.10.0-1160.66.1.el7.x86_64 x86_64
c 
c --- [ limit ] --------------------------------------------------------------
c 
c setting conflict limit to 200000 conflicts (due to '200000')
c 
c --- [ parsing input ] ------------------------------------------------------
c 
c reading DIMACS file from '33.cubes2541.adj'
c opening file to read '33.cubes2541.adj'
c found 'p cnf 6160 1595476' header
c parsed 1595476 clauses in 17.48 seconds process time
c closing file '33.cubes2541.adj'
c after reading 1457566780 bytes 1390.0 MB
c 
c --- [ options ] ------------------------------------------------------------
c 
c all options are set to their default value
c 
c --- [ solving ] ------------------------------------------------------------
c 
c time measured in process time since initialization
c 
c  seconds    reductions  redundant   irredundant
c          MB     restarts       trail       variables
c            level   conflicts       glue         remaining
c 
c * 17.48 1379  0 0   0    0    0  0% 0 1595422 2337 38%
c { 18.70 1438  0 0   0    0    0  0% 0 1595422 2337 38%
c i 19.79 1459 1318 0   0   40   34 45% 6 1595422 2333 38%
c i 20.37 1470 451 0   3  113   71 27% 5 1595422 2323 38%
c i 21.10 1480 403 0   5  130   86 27% 8 1595422 2322 38%
c i 21.25 1482 383 0   7  139   93 27% 12 1595422 2321 38%
c i 21.40 1482 358 0  11  150  101 27% 13 1595422 2320 38%
c i 21.61 1484 332 0  15  163  111 27% 14 1595422 2319 38%
c i 21.84 1486 307 0  19  185  126 27% 16 1595422 2318 38%
c i 22.11 1489 293 0  23  198  137 27% 17 1595422 2309 37%
c i 22.76 1493 238 0  33  253  175 26% 17 1595422 2305 37%
c i 23.73 1499 212 0  46  299  214 27% 19 1595422 2304 37%
c - 27.32 1441 211 1  47  301  216 27% 19 288571 2304 37%
c i 27.91 1363 187 1  57  352  255 26% 19 288571 2303 37%
c i 28.20 1363 174 1  63  381  281 27% 19 288571 2302 37%
c i 28.38 1363 169 1  65  396  294 27% 19 288571 2301 37%
c i 28.41 1363 168 1  65  400  296 27% 19 288571 2300 37%
c i 28.61 1363 161 1  70  425  316 27% 19 288571 2299 37%
c i 28.88 1363 140 1  77  499  358 26% 18 288571 2298 37%
c i 29.05 1363 140 1  78  516  370 26% 19 288571 2296 37%
c 
c  seconds     reductions  redundant   irredundant
c          MB      restarts       trail       variables
c             level   conflicts       glue         remaining
c 
c i 29.08 1363 140 1  79  518  370 26% 19 288571 2290 37%
c i 29.44 1364 137 1  85  545  390 26% 21 288571 2280 37%
c i 29.44 1364 137 1  86  547  391 26% 21 288571 2279 37%
c i 29.48 1364 137 1  87  550  393 26% 21 288571 2278 37%
c i 29.48 1364 136 1  87  551  393 26% 21 288571 2277 37%
c i 29.48 1364 136 1  88  552  393 26% 21 288571 2276 37%
c i 29.62 1364 135 1  90  562  401 26% 21 288571 2275 37%
c i 29.63 1364 134 1  91  564  402 26% 21 288571 2274 37%
c i 29.63 1364 134 1  91  565  402 26% 21 288571 2273 37%
c i 29.69 1364 134 1  92  569  405 26% 22 288571 2272 37%
c i 29.75 1364 133 1  93  575  410 26% 22 288571 2271 37%
c i 30.26 1364 133 1 102  608  441 26% 23 288571 2270 37%
c i 30.57 1364 130 1 108  640  463 27% 23 288571 2269 37%
c i 30.79 1364 130 1 111  653  474 27% 24 288571 2268 37%
c i 31.00 1364 129 1 117  676  491 27% 26 288571 2267 37%
c i 31.00 1364 129 1 118  677  491 27% 25 288571 2266 37%
c i 31.08 1364 129 1 119  680  493 27% 25 288571 2265 37%
c i 31.08 1364 129 1 119  683  495 27% 26 288571 2264 37%
c i 31.09 1364 129 1 120  687  498 27% 25 288571 2263 37%
c i 31.25 1364 129 1 123  700  507 26% 26 288571 2262 37%
c 
c  seconds     reductions  redundant   irredundant
c          MB      restarts       trail       variables
c             level   conflicts       glue         remaining
c 
c i 31.58 1364 117 1 131  791  546 26% 24 288571 2261 37%
c i 32.26 1364 111 1 146  898  628 26% 25 288571 2260 37%
c i 32.29 1364 111 1 146  903  632 26% 25 288571 2259 37%
c i 32.31 1364 110 1 146  906  634 26% 25 288571 2258 37%
c i 32.37 1364 109 1 149  927  653 26% 25 288571 2257 37%
c i 32.37 1364 109 1 149  928  653 26% 25 288571 2256 37%
c i 32.37 1364 107 1 149  942  665 26% 25 288571 2255 37%
c i 32.42 1364 106 1 149  966  685 26% 25 288571 2254 37%
c } 32.59 1364 106 1 154 1004  719 26% 26 288571 2254 37%
c [ 32.59 1364  0 1 154 1004  719  0% 0 288571 2254 37%
c O 32.59 1364  3 1 154 1005  720 13% 3 288571 2254 37%
c i 32.80 1364 26 1 154 1100  790 29% 22 288571 2253 37%
c i 32.82 1364 25 1 154 1114  800 29% 21 288571 2252 37%
c - 33.34 1481 26 2 154 1178  773 29% 22 288223 2252 37%
c i 33.40 1481 26 2 154 1183  777 29% 22 288223 2251 37%
c ] 33.51 1481 25 2 154 1324  889 30% 21 288223 2251 37%
c 1 33.51 1481 25 2 154 1324  889 30% 21 288223 2251 37%
c 
c --- [ writing output ] -----------------------------------------------------
c 
c writing simplified CNF to DIMACS file 'simp/33.cubes2541.adj.simp1'
c * 33.51 1481 25 2 154 1324  889 30% 21 288223 2251 37%
c opening file to write 'simp/33.cubes2541.adj.simp1'
c writing 'p cnf 6160 288220' header
c closing file 'simp/33.cubes2541.adj.simp1'
c after writing 135406246 bytes 129.1 MB
c wrote 288220 clauses in 0.90 seconds process time
c 
c --- [ writing extension ] --------------------------------------------------
c 
c writing extension stack to 'simp/33.cubes2541.adj.ext1'
c opening file to write 'simp/33.cubes2541.adj.ext1'
c closing file 'simp/33.cubes2541.adj.ext1'
c after writing 11296 bytes 0.0 MB
c wrote 765 witnesses in 0.00 seconds process time
c 
c --- [ result ] -------------------------------------------------------------
c 
s SATISFIABLE
c 
c --- [ run-time profiling ] -------------------------------------------------
c 
c process time taken by individual solving procedures
c (percentage relative to process time for solving)
c 
c        17.48  109.01% parse
c        16.03  100.00% search
c        13.90   86.67% unstable
c         1.22    7.59% lucky
c         0.92    5.74% stable
c         0.00    0.00% simplify
c   =================================
c        16.03   46.59% solve
c 
c last line shows process time for solving
c (percentage relative to total process time)
c 
c --- [ statistics ] ---------------------------------------------------------
c 
c chronological:               441        33.31 %  of conflicts
c conflicts:                  1324        82.58    per second
c decisions:                 19184      1196.50    per second
c fixed:                       765        12.42 %  of all variables
c learned:                    1281        96.75 %  per conflict
c learned_lits:             157551       100.00 %  learned literals
c minimized:                     0         0.00 %  learned literals
c shrunken:                  68813        43.68 %  learned literals
c minishrunken:              17195        10.91 %  learned literals
c propagations:             258803         0.02 M  per second
c reduced:                      76         5.74 %  per conflict
c rephased:                      1      1324.00    interval
c restarts:                    154         8.60    interval
c stabilizing:                   1        24.17 %  of conflicts
c subsumed:                    263         0.01 %  of all clauses
c 
c seconds are measured in process time for solving
c 
c --- [ resources ] ----------------------------------------------------------
c 
c total process time since initialization:        34.41    seconds
c total real time since initialization:           34.99    seconds
c maximum resident set size of process:         1498.72    MB
c 
c --- [ shutting down ] ------------------------------------------------------
c 
c exit 10
WARNING! DIMACS header mismatch: wrong number of variables.
============================[ Problem Statistics ]=============================
|                                                                             |
|  Number of variables:          6120                                         |
|  Number of clauses:          288220                                         |
|  Parse time:                   1.92 s                                       |
|  Simplification time:          0.05 s                                       |
|                                                                             |
============================[ Search Statistics ]====================================================
| Conflicts |          ORIGINAL         |          LEARNT          | Num Sols |      SUBGRAPHS      |
|           |    Vars  Clauses Literals |    Limit  Clauses Lit/Cl |          | Canonical Noncanon. |
=====================================================================================================
|       241 |    6022   288361 29233978 |     2000      239     42 |        0 |        76       141 |
|       906 |    6022   288876 29244104 |     2000      904     27 |        0 |       238       656 |
|      1196 |    6016   288941 29245415 |     2000     1188     37 |        0 |       271       721 |
|      1539 |    6012   288947 29245526 |     2000     1527     55 |        0 |       283       727 |
|      2151 |    6004   289053 29246986 |     3591     1142     27 |        0 |       318       833 |
|      3105 |    6003   289248 29250631 |     3591     2095     56 |        0 |       367      1028 |
|      4401 |    5999   289405 29254361 |     3591     3387     68 |        0 |       431      1185 |
|      6287 |    5998   289583 29257953 |     4995     3481     57 |        0 |       496      1363 |
|     10206 |    5997   290940 29281223 |     6297     4902     44 |        0 |       736      2720 |
|     14540 |    5997   291430 29290028 |     7553     6093     64 |        0 |       871      3210 |
|     22143 |    5996   293267 29323285 |     9990     5533     34 |        0 |      1213      5047 |
|     31769 |    5996   294244 29342144 |    11202    10171     60 |        0 |      1381      6024 |
|     45398 |    5996   294899 29356011 |    13609    12007     63 |        0 |      1671      6679 |
|     66729 |    5996   296769 29385193 |    17209    11138     44 |        0 |      2180      8549 |
|     98581 |    5995   299429 29425870 |    20815    15396     57 |        0 |      2889     11209 |
|    153358 |    5995   310417 29599207 |    25624    24982     63 |        0 |      4510     22197 |
|    232888 |    5995   324263 29788201 |    32813    18701     35 |        0 |      6073     36043 |
|    339886 |    5994   332648 29914299 |    38808    37693     62 |        1 |      7736     44514 |
|    507488 |    5994   352461 30188532 |    48419    33307     51 |        1 |     10366     64327 |
|    752965 |    5994   376252 30487255 |    59208    39373     35 |        1 |     13764     88121 |
=====================================================================================================
Number of solutions   : 1
Canonical subgraphs   : 17153          (13 /sec)
          order  3    : 1              (250000 /sec)
          order  4    : 1              (500000 /sec)
          order  5    : 1              (250000 /sec)
          order  6    : 1              (50000 /sec)
          order  7    : 1              (7874 /sec)
          order  8    : 2              (1243 /sec)
          order  9    : 6              (289 /sec)
          order 10    : 24             (84 /sec)
          order 11    : 99             (26 /sec)
          order 12    : 319            (21 /sec)
          order 13    : 1109           (27 /sec)
          order 14    : 4768           (21 /sec)
          order 15    : 6327           (12 /sec)
          order 16    : 4056           (10 /sec)
          order 17    : 306            (9 /sec)
          order 18    : 60             (8 /sec)
          order 19    : 49             (7 /sec)
          order 20    : 14             (8 /sec)
          order 21    : 8              (10 /sec)
          order 22    : 1              (0 /sec)
Noncanonical subgraphs: 113305         (743 /sec)
          order  3    : 0              (-nan /sec)
          order  4    : 0              (-nan /sec)
          order  5    : 0              (-nan /sec)
          order  6    : 0              (-nan /sec)
          order  7    : 0              (-nan /sec)
          order  8    : 0              (-nan /sec)
          order  9    : 0              (-nan /sec)
          order 10    : 0              (-nan /sec)
          order 11    : 0              (-nan /sec)
          order 12    : 0              (-nan /sec)
          order 13    : 5275           (6127 /sec)
          order 14    : 7851           (7219 /sec)
          order 15    : 92628          (713 /sec)
          order 16    : 6943           (537 /sec)
          order 17    : 591            (85 /sec)
          order 18    : 10             (106 /sec)
          order 19    : 0              (-nan /sec)
          order 20    : 0              (-nan /sec)
          order 21    : 0              (-nan /sec)
Canonicity checking   : 1287.22 s
Noncanonicity checking: 152.504 s
Total canonicity time : 1439.72 s
database reductions   : 54
restarts              : 2045
conflicts             : 968912         (479 /sec)
decisions             : 1342962        (0.00 % random) (664 /sec)
propagations          : 112617216      (55718 /sec)
conflict literals     : 92084652       (52.98 % deleted)
actual reward         : 0.109160
Memory used           : 381.00 MB
CPU time              : 2021.19 s

UNSATISFIABLE
