c --- [ banner ] -------------------------------------------------------------
c 
c CaDiCaL Radically Simplified CDCL SAT Solver
c Copyright (c) 2016-2021 A. Biere, M. Fleury, N. Froleyks
c 
c Version 1.5.2 a5f15211db36c3956764e18194dd5bd63bf3b5e6
c g++ (GCC) 9.3.0 -Wall -Wextra -O3 -DNDEBUG
c Fri Oct 21 01:27:37 EDT 2022 Linux gra-login3 3.10.0-1160.66.1.el7.x86_64 x86_64
c 
c --- [ limit ] --------------------------------------------------------------
c 
c setting conflict limit to 200000 conflicts (due to '200000')
c 
c --- [ parsing input ] ------------------------------------------------------
c 
c reading DIMACS file from '33.cubes5638.adj'
c opening file to read '33.cubes5638.adj'
c found 'p cnf 6160 1595483' header
c parsed 1595483 clauses in 19.68 seconds process time
c closing file '33.cubes5638.adj'
c after reading 1457566830 bytes 1390.0 MB
c 
c --- [ options ] ------------------------------------------------------------
c 
c all options are set to their default value
c 
c --- [ solving ] ------------------------------------------------------------
c 
c time measured in process time since initialization
c 
c  seconds    reductions  redundant   irredundant
c          MB     restarts       trail       variables
c            level   conflicts       glue         remaining
c 
c * 19.68 1379  0 0   0    0    0  0% 0 1595422 2331 38%
c { 20.81 1426  0 0   0    0    0  0% 0 1595422 2331 38%
c i 21.06 1433 954 0   0    5    4 37% 1 1595422 2281 37%
c i 22.92 1489 567 0   4   67   58 30% 13 1595422 2274 37%
c i 23.32 1493 487 0   7   81   70 30% 23 1595422 2273 37%
c i 23.55 1493 463 0   8   89   76 29% 31 1595422 2272 37%
c i 23.78 1496 407 0  12  103   88 29% 32 1595422 2271 37%
c i 24.12 1498 368 0  16  115   99 29% 32 1595422 2270 37%
c i 24.50 1500 329 0  20  132  114 29% 33 1595422 2269 37%
c i 25.60 1506 233 0  26  203  169 29% 29 1595422 2268 37%
c i 25.62 1506 231 0  26  205  170 29% 29 1595422 2267 37%
c i 25.78 1506 221 0  26  217  179 30% 28 1595422 2266 37%
c i 25.78 1506 219 0  26  219  180 30% 27 1595422 2265 37%
c i 25.78 1506 218 0  26  220  180 30% 27 1595422 2264 37%
c i 25.78 1506 217 0  26  221  180 30% 27 1595422 2263 37%
c i 25.82 1506 211 0  26  229  186 30% 26 1595422 2262 37%
c i 25.96 1507 207 0  26  233  189 29% 26 1595422 2261 37%
c i 25.96 1507 206 0  26  234  189 29% 26 1595422 2260 37%
c i 25.96 1507 205 0  26  235  189 29% 26 1595422 2259 37%
c i 25.96 1507 204 0  26  236  189 29% 26 1595422 2258 37%
c 
c  seconds     reductions  redundant    irredundant
c          MB      restarts       trail        variables
c             level   conflicts       glue          remaining
c 
c i 25.96 1507 204 0  26  237  189 29% 26 1595422 2257 37%
c i 25.96 1507 203 0  26  238  189 29% 25 1595422 2256 37%
c i 25.96 1507 202 0  26  239  189 29% 25 1595422 2255 37%
c i 26.02 1507 200 0  26  242  191 29% 25 1595422 2254 37%
c i 26.14 1507 186 0  26  265  208 29% 23 1595422 2253 37%
c i 26.43 1508 166 0  26  297  238 29% 22 1595422 2252 37%
c - 30.10 1355 164 1  26  301  241 29% 22 227912 2252 37%
c i 30.29 1356 162 1  26  305  244 29% 22 227912 2251 37%
c i 30.35 1356 152 1  26  328  266 29% 21 227912 2250 37%
c i 30.42 1357 146 1  26  343  280 29% 21 227912 2249 37%
c i 30.97 1356 114 1  29  477  382 29% 21 227912 2248 36%
c i 31.10 1357 96 1  29  592  458 29% 21 227912 2247 36%
c i 31.15 1357 94 1  29  603  467 29% 20 227912 2246 36%
c i 31.23 1356 93 1  29  620  480 29% 20 227912 2245 36%
c i 31.59 1357 80 1  34  779  608 29% 20 227912 2244 36%
c i 31.59 1357 80 1  35  780  608 29% 20 227912 2243 36%
c i 31.60 1357 80 1  36  786  610 29% 20 227912 2242 36%
c i 31.79 1357 81 1  44  817  638 29% 20 227912 2226 36%
c i 31.93 1357 81 1  44  834  648 29% 20 227912 2225 36%
c i 32.22 1357 82 1  51  860  672 29% 20 227912 2224 36%
c 
c  seconds    reductions  redundant   irredundant
c          MB     restarts       trail       variables
c            level   conflicts       glue         remaining
c 
c i 32.54 1357 80 1  63  909  715 29% 21 227912 2223 36%
c i 32.63 1357 79 1  66  923  726 29% 21 227912 2222 36%
c } 32.72 1357 75 1  67 1001  791 29% 20 227912 2222 36%
c [ 32.72 1357  0 1  67 1001  791  0% 0 227912 2222 36%
c O 32.73 1357  7 1  67 1002  792 16% 1 227912 2222 36%
c i 32.81 1357 25 1  67 1035  819 29% 21 227912 2221 36%
c i 32.82 1357 29 1  67 1052  833 30% 23 227912 2220 36%
c i 32.82 1357 27 1  67 1057  837 30% 22 227912 2219 36%
c i 32.85 1357 28 1  67 1098  873 31% 22 227912 2218 36%
c i 32.85 1357 27 1  67 1111  881 32% 22 227912 2217 36%
c - 33.26 1449 27 2  67 1115  791 32% 22 223232 2217 36%
c i 33.37 1449 26 2  67 1149  818 32% 20 223232 2216 36%
c i 33.39 1449 25 2  67 1172  836 32% 20 223232 2215 36%
c i 33.41 1449 24 2  67 1203  860 32% 19 223232 2214 36%
c i 33.41 1449 24 2  67 1205  861 32% 19 223232 2213 36%
c - 33.90 1449 23 3  68 2329 1263 32% 20 223220 2213 36%
c ] 34.27 1449 23 3  68 3002 1755 54% 20 223220 2213 36%
c { 34.27 1449 75 3  68 3002 1755 81% 20 223220 2213 36%
c F 34.32 1449 75 3  68 3003 1756 81% 20 223220 2213 36%
c i 34.45 1449 73 3  68 3054 1795 79% 20 223220 2212 36%
c 
c  seconds    reductions  redundant   irredundant
c          MB     restarts       trail       variables
c            level   conflicts       glue         remaining
c 
c i 34.46 1449 72 3  68 3060 1799 79% 20 223220 2211 36%
c i 34.51 1449 71 3  68 3095 1827 78% 20 223220 2210 36%
c i 34.52 1449 71 3  68 3098 1829 77% 20 223220 2209 36%
c i 34.52 1449 71 3  68 3099 1829 77% 20 223220 2208 36%
c i 35.82 1448 59 3 109 3606 2241 67% 20 223220 2207 36%
c i 35.84 1449 59 3 110 3607 2241 67% 20 223220 2206 36%
c i 36.17 1449 60 3 131 3702 2325 66% 22 223220 2204 36%
c - 37.10 1359 57 4 154 3947 1832 63% 22 223193 2204 36%
c 2 37.94 1359 44 4 155 5002 3604 58% 20 223168 2197 36%
c p 42.22 1359 44 4 155 5002 6782 58% 20 223168 2160 35%
c d 42.59 1359 44 4 155 5002 6714 58% 20 223056 2158 35%
c - 43.63 1360 38 5 155 5970 2275 56% 19 223056 2158 35%
c # 43.71 1359 38 5 155 6004 2300 56% 19 223056 2158 35%
c } 44.73 1360 35 5 186 7006 3100 55% 19 223056 2158 35%
c [ 44.73 1360 23 5 186 7006 3100 54% 20 223056 2158 35%
c - 45.51 1360 23 6 187 8399 2873 53% 19 223056 2158 35%
c I 46.21 1359 23 6 188 10006 4125 53% 19 223056 2158 35%
c - 47.25 1360 29 7 189 11230 3359 52% 24 223056 2158 35%
c - 49.29 1360 37 8 191 14466 3690 51% 32 223056 2158 35%
c p 50.76 1360 39 8 191 15004 8363 50% 33 223056 2158 35%
c 
c  seconds    reductions   redundant   irredundant
c          MB     restarts        trail       variables
c            level    conflicts       glue         remaining
c 
c ] 50.84 1360 39 8 191 15006 8365 50% 33 223056 2158 35%
c { 50.84 1360 35 8 191 15006 8365 55% 19 223056 2158 35%
c B 50.85 1360 35 8 192 15007 8366 55% 19 223056 2158 35%
c - 57.68 1361 34 9 402 18108 4828 52% 19 223056 2158 35%
c s 58.93 1360 33 9 427 18838 5218 51% 19 221113 2158 35%
c v 61.68 1360 33 9 427 18838 5218 51% 19 221099 2158 35%
c t 61.78 1360 33 9 427 18838 5210 51% 19 221087 2158 35%
c e 62.60 1362 33 9 427 18838 4880 51% 19 219108 977 16%
c s 62.70 1362 33 9 427 18838 4880 51% 19 218369 977 16%
c W 67.78 1362 32 9 560 21008 6545 66% 19 218369 977 16%
c - 70.21 1362 31 10 560 22155 5790 67% 19 218369 977 16%
c - 82.52 1362 33 11 1085 26578 6281 67% 20 218369 977 16%
c F 83.59 1362 32 11 1163 28011 7172 67% 20 218369 977 16%
c p 88.69 1362 32 11 1304 30004 11148 67% 20 218369 977 16%
c } 89.72 1362 31 11 1327 31008 11794 67% 20 218369 977 16%
c [ 89.73 1362 39 11 1327 31008 11794 114% 33 218369 977 16%
c - 90.00 1362 38 12 1327 31403 6832 112% 32 218369 977 16%
c ] 90.61 1362 37 12 1327 32907 7728 106% 31 218369 977 16%
c 1 90.61 1362 37 12 1327 32907 7728 106% 31 218369 977 16%
c 
c --- [ writing output ] -----------------------------------------------------
c 
c writing simplified CNF to DIMACS file 'simp/33.cubes5638.adj.simp1'
c * 90.61 1362 37 12 1327 32907 7728 106% 31 218369 977 16%
c opening file to write 'simp/33.cubes5638.adj.simp1'
c writing 'p cnf 6160 218369' header
c closing file 'simp/33.cubes5638.adj.simp1'
c after writing 98281158 bytes 93.7 MB
c wrote 218369 clauses in 0.71 seconds process time
c 
c --- [ writing extension ] --------------------------------------------------
c 
c writing extension stack to 'simp/33.cubes5638.adj.ext1'
c opening file to write 'simp/33.cubes5638.adj.ext1'
c closing file 'simp/33.cubes5638.adj.ext1'
c after writing 77480 bytes 0.1 MB
c wrote 3522 witnesses in 0.00 seconds process time
c 
c --- [ result ] -------------------------------------------------------------
c 
s SATISFIABLE
c 
c --- [ run-time profiling ] -------------------------------------------------
c 
c process time taken by individual solving procedures
c (percentage relative to process time for solving)
c 
c        58.66   82.69% search
c        49.94   70.40% unstable
c        19.68   27.74% parse
c        12.28   17.31% simplify
c         7.33   10.34% stable
c         6.86    9.67% probe
c         2.82    3.98% vivify
c         1.53    2.15% elim
c         1.13    1.59% lucky
c         0.25    0.36% walk
c         0.19    0.27% subsume
c         0.10    0.13% ternary
c   =================================
c        70.93   77.67% solve
c 
c last line shows process time for solving
c (percentage relative to total process time)
c 
c --- [ statistics ] ---------------------------------------------------------
c 
c chronological:              7211        21.91 %  of conflicts
c conflicts:                 32907       463.92    per second
c decisions:                109673      1546.16    per second
c eliminated:                 1181        19.17 %  of all variables
c fixed:                       849        13.78 %  of all variables
c learned:                   32057        97.42 %  per conflict
c learned_lits:            5528760       100.00 %  learned literals
c minimized:                     0         0.00 %  learned literals
c shrunken:                3271570        59.17 %  learned literals
c minishrunken:             480576         8.69 %  learned literals
c propagations:            3952915         0.06 M  per second
c reduced:                   15549        47.25 %  per conflict
c rephased:                      7      4701.00    interval
c restarts:                   1327        24.80    interval
c stabilizing:                   3        36.16 %  of conflicts
c substituted:                   9         0.15 %  of all variables
c subsumed:                  11485         0.34 %  of all clauses
c strengthened:               5242         0.16 %  of all clauses
c ternary:                    2818         0.65 %  of resolved
c vivified:                     28         0.00 %  of all clauses
c walked:                        1     32907.00    interval
c weakened:                   2673         3.03    average size
c 
c seconds are measured in process time for solving
c 
c --- [ resources ] ----------------------------------------------------------
c 
c total process time since initialization:        91.32    seconds
c total real time since initialization:           92.05    seconds
c maximum resident set size of process:         1540.56    MB
c 
c --- [ shutting down ] ------------------------------------------------------
c 
c exit 10
WARNING! DIMACS header mismatch: wrong number of variables.
============================[ Problem Statistics ]=============================
|                                                                             |
|  Number of variables:          3757                                         |
|  Number of clauses:          218369                                         |
|  Parse time:                   1.32 s                                       |
|  Simplification time:          0.02 s                                       |
|                                                                             |
============================[ Search Statistics ]====================================================
| Conflicts |          ORIGINAL         |          LEARNT          | Num Sols |      SUBGRAPHS      |
|           |    Vars  Clauses Literals |    Limit  Clauses Lit/Cl |          | Canonical Noncanon. |
=====================================================================================================
|       144 |    3664   218413 21331854 |     2000      144     56 |        0 |        39        44 |
|       377 |    3664   218496 21332895 |     2000      377     36 |        0 |        72       127 |
|       639 |    3664   218533 21333467 |     2000      639     51 |        0 |        98       164 |
|      1860 |    3664   219417 21347584 |     2000     1860     36 |        0 |       379      1048 |
|      2382 |    3664   219433 21347950 |     3602     1384     40 |        0 |       389      1064 |
|      3209 |    3664   219501 21349763 |     3602     2211     63 |        0 |       433      1132 |
|      4572 |    3664   219725 21354181 |     3602     3574     70 |        0 |       522      1356 |
|      6495 |    3664   219940 21358563 |     5003     3698     56 |        0 |       596      1571 |
|      9553 |    3664   220436 21366541 |     6305     4258     47 |        0 |       770      2067 |
|     14460 |    3664   221499 21385479 |     7558     6018     41 |        0 |      1182      3130 |
|     20351 |    3664   221624 21388065 |     8787     8138     65 |        0 |      1237      3255 |
|     30634 |    3664   223258 21413891 |    11203     9037     55 |        0 |      1812      4889 |
|     44169 |    3664   223819 21424961 |    13607    10776     44 |        0 |      2055      5450 |
|     64624 |    3664   224813 21444810 |    17215     9039     26 |        0 |      2486      6444 |
|     95309 |    3664   226306 21471705 |    20809    12118     34 |        0 |      3023      7937 |
|    141990 |    3664   229198 21514162 |    25612    13602     29 |        0 |      3842     10829 |
|    209817 |    3664   231341 21548907 |    30420    26637     68 |        0 |      4614     12972 |
|    312797 |    3664   235795 21624463 |    37629    29426     48 |        0 |      5933     17426 |
|    469869 |    3664   245078 21750568 |    46008    42277     73 |        0 |      8488     26709 |
|    697031 |    3664   250557 21850767 |    56807    40838     51 |        4 |     10634     32184 |
|   1037542 |    3664   258543 22006260 |    70018    35960     31 |        4 |     12688     40170 |
|   1539647 |    3664   261860 22070469 |    84411    78458     51 |        4 |     14134     43487 |
=====================================================================================================
Number of solutions   : 4
Canonical subgraphs   : 21230          (10 /sec)
          order  3    : 1              (166667 /sec)
          order  4    : 1              (500000 /sec)
          order  5    : 1              (200000 /sec)
          order  6    : 1              (52632 /sec)
          order  7    : 1              (8264 /sec)
          order  8    : 2              (1361 /sec)
          order  9    : 7              (354 /sec)
          order 10    : 33             (114 /sec)
          order 11    : 148            (38 /sec)
          order 12    : 905            (14 /sec)
          order 13    : 4183           (9 /sec)
          order 14    : 6364           (9 /sec)
          order 15    : 6644           (10 /sec)
          order 16    : 1302           (12 /sec)
          order 17    : 816            (13 /sec)
          order 18    : 419            (11 /sec)
          order 19    : 168            (13 /sec)
          order 20    : 102            (14 /sec)
          order 21    : 128            (14 /sec)
          order 22    : 4              (1 /sec)
Noncanonical subgraphs: 72085          (268 /sec)
          order  3    : 0              (-nan /sec)
          order  4    : 0              (-nan /sec)
          order  5    : 0              (-nan /sec)
          order  6    : 0              (-nan /sec)
          order  7    : 0              (-nan /sec)
          order  8    : 0              (-nan /sec)
          order  9    : 0              (-nan /sec)
          order 10    : 0              (-nan /sec)
          order 11    : 0              (-nan /sec)
          order 12    : 0              (-nan /sec)
          order 13    : 13150          (4551 /sec)
          order 14    : 34210          (1321 /sec)
          order 15    : 9416           (514 /sec)
          order 16    : 14449          (73 /sec)
          order 17    : 353            (64 /sec)
          order 18    : 336            (53 /sec)
          order 19    : 0              (-nan /sec)
          order 20    : 0              (-nan /sec)
          order 21    : 0              (-nan /sec)
Canonicity checking   : 2118.46 s
Noncanonicity checking: 268.848 s
Total canonicity time : 2387.31 s
database reductions   : 80
restarts              : 4091
conflicts             : 2065820        (614 /sec)
decisions             : 2669527        (0.00 % random) (794 /sec)
propagations          : 110281373      (32789 /sec)
conflict literals     : 205171462      (56.75 % deleted)
actual reward         : 0.249049
Memory used           : 299.00 MB
CPU time              : 3363.39 s

UNSATISFIABLE
