c --- [ banner ] -------------------------------------------------------------
c 
c CaDiCaL Radically Simplified CDCL SAT Solver
c Copyright (c) 2016-2021 A. Biere, M. Fleury, N. Froleyks
c 
c Version 1.5.2 a5f15211db36c3956764e18194dd5bd63bf3b5e6
c g++ (GCC) 9.3.0 -Wall -Wextra -O3 -DNDEBUG
c Fri Oct 21 01:27:37 EDT 2022 Linux gra-login3 3.10.0-1160.66.1.el7.x86_64 x86_64
c 
c --- [ limit ] --------------------------------------------------------------
c 
c setting conflict limit to 200000 conflicts (due to '200000')
c 
c --- [ parsing input ] ------------------------------------------------------
c 
c reading DIMACS file from '33.cubes1046.adj'
c opening file to read '33.cubes1046.adj'
c found 'p cnf 6160 1595474' header
c parsed 1595474 clauses in 19.51 seconds process time
c closing file '33.cubes1046.adj'
c after reading 1457566767 bytes 1390.0 MB
c 
c --- [ options ] ------------------------------------------------------------
c 
c all options are set to their default value
c 
c --- [ solving ] ------------------------------------------------------------
c 
c time measured in process time since initialization
c 
c  seconds    reductions  redundant   irredundant
c          MB     restarts       trail       variables
c            level   conflicts       glue         remaining
c 
c * 19.51 1369  0 0   0    0    0  0% 0 1595422 2272 37%
c { 20.35 1407  0 0   0    0    0  0% 0 1595422 2272 37%
c i 20.88 1434 1238 0   0    6    5 39% 1 1595422 2269 37%
c i 22.05 1460 544 0   6   42   32 36% 23 1595422 2259 37%
c i 22.57 1463 259 0   8   93   80 33% 23 1595422 2258 37%
c i 22.90 1465 175 0   9  155  135 32% 24 1595422 2256 37%
c i 23.05 1469 173 0   9  172  145 31% 22 1595422 2255 37%
c i 24.07 1476 150 0  14  221  183 30% 24 1595422 2254 37%
c i 24.07 1476 149 0  14  222  183 30% 24 1595422 2253 37%
c i 24.08 1476 147 0  14  226  186 30% 24 1595422 2252 37%
c i 24.11 1476 142 0  14  250  193 30% 24 1595422 2251 37%
c i 24.17 1476 137 0  14  259  200 30% 23 1595422 2241 36%
c i 24.18 1476 134 0  14  265  205 30% 23 1595422 2240 36%
c i 24.22 1476 132 0  14  272  211 30% 23 1595422 2239 36%
c i 24.23 1476 131 0  14  275  213 30% 23 1595422 2238 36%
c i 24.23 1476 131 0  14  277  214 30% 22 1595422 2237 36%
c i 24.24 1476 129 0  14  282  216 30% 23 1595422 2236 36%
c i 24.25 1476 127 0  14  291  220 30% 23 1595422 2235 36%
c i 24.25 1476 127 0  14  292  220 30% 23 1595422 2234 36%
c i 24.26 1476 125 0  14  298  225 30% 23 1595422 2233 36%
c 
c  seconds     reductions  redundant   irredundant
c          MB      restarts       trail       variables
c             level   conflicts       glue         remaining
c 
c - 27.89 1417 124 1  14  300  227 30% 23 191362 2229 36%
c i 28.10 1364 125 1  14  309  235 30% 23 191362 2228 36%
c i 28.10 1364 126 1  14  319  240 30% 22 191362 2226 36%
c i 28.19 1364 127 1  15  336  254 30% 24 191362 2225 36%
c i 28.22 1365 126 1  16  339  256 30% 24 191362 2224 36%
c i 28.39 1364 113 1  18  379  284 30% 22 191362 2223 36%
c i 28.40 1364 111 1  18  388  290 30% 22 191362 2222 36%
c i 28.40 1364 110 1  18  389  290 30% 22 191362 2221 36%
c i 28.42 1364 107 1  18  404  303 30% 21 191362 2220 36%
c i 28.42 1364 105 1  18  409  307 30% 21 191362 2219 36%
c i 28.42 1364 105 1  18  412  309 30% 21 191362 2218 36%
c i 28.42 1364 104 1  18  415  311 30% 21 191362 2217 36%
c i 28.43 1364 99 1  18  439  325 30% 21 191362 2216 36%
c i 28.46 1364 95 1  18  462  342 30% 21 191362 2215 36%
c i 28.48 1365 90 1  18  490  363 30% 20 191362 2214 36%
c i 28.50 1365 89 1  18  497  366 30% 20 191362 2213 36%
c i 28.50 1365 89 1  18  501  369 30% 20 191362 2212 36%
c i 28.56 1364 87 1  18  514  378 30% 20 191362 2211 36%
c i 28.59 1364 79 1  18  582  427 30% 19 191362 2210 36%
c i 28.60 1365 77 1  18  606  446 30% 19 191362 2209 36%
c 
c  seconds    reductions  redundant   irredundant
c          MB     restarts       trail       variables
c            level   conflicts       glue         remaining
c 
c i 28.60 1365 76 1  18  610  449 30% 19 191362 2208 36%
c i 28.61 1365 74 1  18  630  465 30% 19 191362 2207 36%
c i 29.08 1365 69 1  36  754  560 30% 20 191362 2206 36%
c i 29.09 1365 69 1  36  757  562 30% 20 191362 2205 36%
c i 29.15 1364 69 1  36  778  581 30% 20 191362 2204 36%
c i 29.15 1365 69 1  36  785  585 30% 20 191362 2203 36%
c i 29.18 1365 70 1  36  793  592 30% 20 191362 2202 36%
c i 29.21 1365 71 1  37  810  608 30% 21 191362 2201 36%
c i 29.44 1365 72 1  44  837  632 30% 21 191362 2200 36%
c i 29.45 1365 72 1  45  840  634 30% 21 191362 2199 36%
c i 29.80 1364 74 1  57  885  673 29% 23 191362 2195 36%
c i 29.96 1365 74 1  68  941  709 29% 24 191362 2194 36%
c i 29.97 1365 74 1  69  947  714 29% 24 191362 2193 36%
c i 30.06 1365 73 1  74  973  733 29% 24 191362 2192 36%
c i 30.07 1365 73 1  75  975  734 29% 24 191362 2191 36%
c i 30.12 1365 73 1  79  990  743 29% 24 191362 2190 36%
c } 30.13 1365 73 1  81 1000  752 29% 24 191362 2190 36%
c [ 30.13 1365  0 1  81 1000  752  0% 0 191362 2190 36%
c O 30.15 1365 13 1  81 1002  754 24% 11 191362 2190 36%
c i 30.26 1365 11 1  81 1031  780 33% 10 191362 2189 36%
c 
c  seconds    reductions  redundant  irredundant
c          MB     restarts       trail      variables
c            level   conflicts       glue        remaining
c 
c i 30.26 1365 11 1  81 1037  785 33% 9 191362 2188 36%
c i 30.27 1365 12 1  81 1042  789 33% 10 191362 2187 36%
c i 30.28 1365 13 1  81 1064  804 33% 10 191362 2186 35%
c - 30.61 1431 13 2  81 1070  690 32% 11 191235 2186 35%
c i 30.64 1431 13 2  81 1099  709 32% 11 191235 2185 35%
c i 30.65 1431 13 2  81 1117  716 32% 11 191235 2184 35%
c i 30.68 1431 15 2  81 1152  736 32% 13 191235 2183 35%
c i 30.68 1431 16 2  81 1160  741 32% 13 191235 2182 35%
c i 30.69 1431 16 2  81 1177  751 32% 13 191235 2181 35%
c i 30.69 1431 16 2  81 1184  754 32% 14 191235 2180 35%
c i 30.69 1431 16 2  81 1189  758 32% 13 191235 2179 35%
c i 30.70 1431 16 2  81 1200  757 32% 13 191235 2178 35%
c i 30.70 1431 16 2  81 1201  757 32% 13 191235 2177 35%
c i 30.70 1431 16 2  81 1202  757 32% 13 191235 2176 35%
c i 30.70 1431 16 2  81 1203  757 32% 13 191235 2175 35%
c i 30.70 1431 16 2  81 1205  754 32% 13 191235 2174 35%
c i 30.71 1431 16 2  81 1249  777 32% 13 191235 2173 35%
c i 30.72 1431 15 2  81 1293  786 32% 13 191235 2172 35%
c i 30.73 1431 15 2  81 1334  810 32% 13 191235 2171 35%
c i 30.73 1431 15 2  81 1338  809 32% 13 191235 2170 35%
c 
c  seconds    reductions  redundant   irredundant
c          MB     restarts       trail       variables
c            level   conflicts       glue         remaining
c 
c i 30.74 1431 17 2  81 1383  837 32% 14 191235 2169 35%
c i 30.74 1431 17 2  81 1384  837 32% 13 191235 2168 35%
c i 30.77 1431 18 2  81 1497  891 31% 15 191235 2167 35%
c i 30.77 1431 18 2  81 1499  892 31% 15 191235 2166 35%
c i 30.87 1431 17 2  81 2008 1167 31% 15 191235 2165 35%
c - 31.12 1428 17 3  82 2224  888 31% 15 191172 2165 35%
c i 31.39 1428 16 3  82 2480 1010 49% 14 191172 2164 35%
c i 31.42 1428 16 3  82 2600 1052 49% 14 191172 2163 35%
c i 31.53 1428 16 3  82 2894 1183 48% 13 191172 2162 35%
c ] 31.58 1428 16 3  82 3001 1233 48% 13 191172 2162 35%
c { 31.58 1428 73 3  82 3001 1233 84% 24 191172 2162 35%
c F 31.62 1428 72 3  83 3004 1236 84% 24 191172 2162 35%
c i 31.75 1428 68 3  84 3095 1293 81% 23 191172 2161 35%
c i 31.93 1428 54 3  84 3581 1620 70% 21 191172 2160 35%
c - 32.21 1428 51 4  84 3762 1304 68% 20 191158 2160 35%
c i 32.50 1428 53 4 102 3845 1357 67% 22 191158 2159 35%
c i 32.90 1428 51 4 115 4079 1548 64% 22 191158 2158 35%
c 2 33.41 1428 40 4 115 5000 3057 59% 19 191123 2139 35%
c p 38.37 1428 40 4 115 5000 6757 59% 19 191123 2108 34%
c d 38.57 1428 40 4 115 5000 6584 59% 19 170471 2107 34%
c 
c  seconds    reductions  redundant   irredundant
c          MB     restarts       trail       variables
c            level   conflicts       glue         remaining
c 
c d 38.64 1428 40 4 115 5000 6582 59% 19 170468 2105 34%
c - 39.20 1365 36 5 120 5686 1991 57% 18 170468 2105 34%
c # 39.83 1365 36 5 146 6009 2243 55% 18 170468 2105 34%
c } 40.99 1365 34 5 218 7003 2885 53% 18 170468 2105 34%
c [ 40.99 1365 16 5 218 7003 2885 48% 13 170468 2105 34%
c - 41.47 1365 16 6 219 7903 2503 48% 13 170468 2105 34%
c I 42.18 1365 17 6 220 10010 3669 44% 14 170468 2105 34%
c - 42.87 1365 20 7 221 10490 2928 44% 16 170468 2105 34%
c - 45.24 1365 23 8 223 13446 3377 45% 18 170468 2105 34%
c ] 45.82 1365 23 8 223 15003 4387 45% 19 170468 2105 34%
c { 45.82 1365 34 8 223 15003 4387 53% 18 170468 2105 34%
c 2 45.85 1365 34 8 223 15003 5409 53% 18 170467 2105 34%
c p 46.96 1365 34 8 223 15003 9416 53% 18 170467 2105 34%
c B 47.06 1365 34 8 223 15011 9424 53% 18 170467 2105 34%
c - 51.24 1365 35 9 504 16771 4351 50% 19 170467 2105 34%
c s 52.64 1365 31 9 532 18912 5414 50% 18 168622 2105 34%
c v 54.55 1365 31 9 532 18912 5414 50% 18 168605 2105 34%
c t 54.61 1365 31 9 532 18912 5401 50% 18 168594 2105 34%
c e 55.10 1367 31 9 532 18912 5172 50% 18 165888 711 12%
c s 55.19 1367 31 9 532 18912 5172 50% 18 165662 711 12%
c 
c  seconds    reductions   redundant   irredundant
c          MB     restarts        trail       variables
c            level    conflicts       glue        remaining
c 
c } 56.79 1367 30 9 585 20367 6143 77% 18 165662 711 12%
c 1 56.79 1367 30 9 585 20367 6143 77% 18 165662 711 12%
c 
c --- [ writing output ] -----------------------------------------------------
c 
c writing simplified CNF to DIMACS file 'simp/33.cubes1046.adj.simp1'
c * 56.79 1367 30 9 585 20367 6143 77% 18 165662 711 12%
c opening file to write 'simp/33.cubes1046.adj.simp1'
c writing 'p cnf 6160 165662' header
c closing file 'simp/33.cubes1046.adj.simp1'
c after writing 61616017 bytes 58.8 MB
c wrote 165662 clauses in 0.46 seconds process time
c 
c --- [ writing extension ] --------------------------------------------------
c 
c writing extension stack to 'simp/33.cubes1046.adj.ext1'
c opening file to write 'simp/33.cubes1046.adj.ext1'
c closing file 'simp/33.cubes1046.adj.ext1'
c after writing 88795 bytes 0.1 MB
c wrote 4025 witnesses in 0.00 seconds process time
c 
c --- [ result ] -------------------------------------------------------------
c 
s SATISFIABLE
c 
c --- [ run-time profiling ] -------------------------------------------------
c 
c process time taken by individual solving procedures
c (percentage relative to process time for solving)
c 
c        27.57   73.96% search
c        20.46   54.88% unstable
c        19.51   52.34% parse
c         9.71   26.04% simplify
c         6.27   16.82% stable
c         6.06   16.25% probe
c         1.94    5.20% vivify
c         0.91    2.45% elim
c         0.84    2.26% lucky
c         0.18    0.48% subsume
c         0.06    0.15% ternary
c   =================================
c        37.28   65.12% solve
c 
c last line shows process time for solving
c (percentage relative to total process time)
c 
c --- [ statistics ] ---------------------------------------------------------
c 
c chronological:              4401        21.61 %  of conflicts
c conflicts:                 20367       546.40    per second
c decisions:                 58087      1558.34    per second
c eliminated:                 1394        22.63 %  of all variables
c fixed:                       898        14.58 %  of all variables
c learned:                   19813        97.28 %  per conflict
c learned_lits:            3101371       100.00 %  learned literals
c minimized:                     0         0.00 %  learned literals
c shrunken:                2180855        70.32 %  learned literals
c minishrunken:             145155         4.68 %  learned literals
c propagations:            3039197         0.08 M  per second
c reduced:                    6576        32.29 %  per conflict
c rephased:                      5      4073.40    interval
c restarts:                    585        34.82    interval
c stabilizing:                   2        49.10 %  of conflicts
c substituted:                  13         0.21 %  of all variables
c subsumed:                   9103         0.27 %  of all clauses
c strengthened:               8499         0.25 %  of all clauses
c ternary:                    1880         0.65 %  of resolved
c vivified:                     37         0.00 %  of all clauses
c weakened:                   3127         2.91    average size
c 
c seconds are measured in process time for solving
c 
c --- [ resources ] ----------------------------------------------------------
c 
c total process time since initialization:        57.24    seconds
c total real time since initialization:           57.95    seconds
c maximum resident set size of process:         1494.92    MB
c 
c --- [ shutting down ] ------------------------------------------------------
c 
c exit 10
WARNING! DIMACS header mismatch: wrong number of variables.
============================[ Problem Statistics ]=============================
|                                                                             |
|  Number of variables:          6111                                         |
|  Number of clauses:          165662                                         |
|  Parse time:                   0.77 s                                       |
|  Simplification time:          0.02 s                                       |
|                                                                             |
============================[ Search Statistics ]====================================================
| Conflicts |          ORIGINAL         |          LEARNT          | Num Sols |      SUBGRAPHS      |
|           |    Vars  Clauses Literals |    Limit  Clauses Lit/Cl |          | Canonical Noncanon. |
=====================================================================================================
|       176 |    6012   165738 13626698 |     2000      176     40 |        0 |        38        76 |
|       728 |    6012   166140 13633600 |     2000      728     22 |        0 |       168       478 |
|      1474 |    6012   166661 13642180 |     2000     1474     19 |        0 |       284       999 |
|      2130 |    6012   166980 13647493 |     3600     1130     14 |        0 |       412      1318 |
|      3857 |    6012   168201 13662606 |     3600     2857     14 |        0 |       736      2539 |
|      5081 |    6012   168666 13670350 |     5000     2281     12 |        0 |       895      3004 |
|      9376 |    6012   171822 13716004 |     6303     4079     12 |        0 |      1476      6160 |
|     18488 |    6012   179226 13818384 |     8776     6264     13 |        0 |      2435     13564 |
|     27863 |    6012   186039 13914219 |    11200     6263     11 |        0 |      3294     20377 |
|     38592 |    6012   192924 14002566 |    12403    11395     18 |        0 |      4012     27262 |
|     57874 |    6012   206440 14169592 |    16005    10279     10 |        0 |      4942     40778 |
=====================================================================================================
Number of solutions   : 0
Canonical subgraphs   : 5460           (132 /sec)
          order  3    : 1              (200000 /sec)
          order  4    : 1              (500000 /sec)
          order  5    : 1              (200000 /sec)
          order  6    : 1              (58824 /sec)
          order  7    : 2              (10256 /sec)
          order  8    : 6              (2617 /sec)
          order  9    : 16             (616 /sec)
          order 10    : 74             (227 /sec)
          order 11    : 502            (154 /sec)
          order 12    : 3713           (132 /sec)
          order 13    : 1027           (141 /sec)
          order 14    : 105            (52 /sec)
          order 15    : 9              (31 /sec)
          order 16    : 2              (61 /sec)
          order 17    : 0              (-nan /sec)
          order 18    : 0              (-nan /sec)
          order 19    : 0              (-nan /sec)
          order 20    : 0              (-nan /sec)
          order 21    : 0              (-nan /sec)
          order 22    : 0              (-nan /sec)
Noncanonical subgraphs: 51660          (848 /sec)
          order  3    : 0              (-nan /sec)
          order  4    : 0              (-nan /sec)
          order  5    : 0              (-nan /sec)
          order  6    : 0              (-nan /sec)
          order  7    : 0              (-nan /sec)
          order  8    : 0              (-nan /sec)
          order  9    : 0              (-nan /sec)
          order 10    : 0              (-nan /sec)
          order 11    : 0              (-nan /sec)
          order 12    : 0              (-nan /sec)
          order 13    : 47453          (843 /sec)
          order 14    : 4004           (908 /sec)
          order 15    : 192            (796 /sec)
          order 16    : 9              (255 /sec)
          order 17    : 2              (2649 /sec)
          order 18    : 0              (-nan /sec)
          order 19    : 0              (-nan /sec)
          order 20    : 0              (-nan /sec)
          order 21    : 0              (-nan /sec)
Canonicity checking   : 41.3339 s
Noncanonicity checking: 60.9507 s
Total canonicity time : 102.285 s
database reductions   : 13
restarts              : 239
conflicts             : 75539          (594 /sec)
decisions             : 149820         (0.00 % random) (1178 /sec)
propagations          : 3434192        (27009 /sec)
conflict literals     : 1586020        (53.94 % deleted)
actual reward         : 0.118923
Memory used           : 99.00 MB
CPU time              : 127.152 s

UNSATISFIABLE
