c --- [ banner ] -------------------------------------------------------------
c 
c CaDiCaL Radically Simplified CDCL SAT Solver
c Copyright (c) 2016-2021 A. Biere, M. Fleury, N. Froleyks
c 
c Version 1.5.2 a5f15211db36c3956764e18194dd5bd63bf3b5e6
c g++ (GCC) 9.3.0 -Wall -Wextra -O3 -DNDEBUG
c Fri Oct 21 01:27:37 EDT 2022 Linux gra-login3 3.10.0-1160.66.1.el7.x86_64 x86_64
c 
c --- [ limit ] --------------------------------------------------------------
c 
c setting conflict limit to 200000 conflicts (due to '200000')
c 
c --- [ parsing input ] ------------------------------------------------------
c 
c reading DIMACS file from '33.cubes7308.adj'
c opening file to read '33.cubes7308.adj'
c found 'p cnf 6160 1595478' header
c parsed 1595478 clauses in 20.21 seconds process time
c closing file '33.cubes7308.adj'
c after reading 1457566791 bytes 1390.0 MB
c 
c --- [ options ] ------------------------------------------------------------
c 
c all options are set to their default value
c 
c --- [ solving ] ------------------------------------------------------------
c 
c time measured in process time since initialization
c 
c  seconds    reductions  redundant   irredundant
c          MB     restarts       trail       variables
c            level   conflicts       glue         remaining
c 
c * 20.22 1378  0 0   0    0    0  0% 0 1595422 2385 39%
c { 20.85 1419  0 0   0    0    0  0% 0 1595422 2385 39%
c i 21.25 1440 1144 0   0   19   15 38% 2 1595422 2370 38%
c i 21.29 1441 1129 0   0   32   27 38% 2 1595422 2357 38%
c i 21.33 1443 717 0   0   63   57 31% 2 1595422 2356 38%
c i 22.08 1468 606 0   1   80   73 30% 2 1595422 2350 38%
c i 22.38 1471 526 0   3   92   83 30% 3 1595422 2329 38%
c i 23.59 1484 365 0  18  143  127 28% 10 1595422 2324 38%
c i 23.71 1485 334 0  20  159  138 28% 14 1595422 2323 38%
c i 24.14 1488 304 0  26  178  155 28% 14 1595422 2322 38%
c i 24.32 1489 286 0  30  195  167 27% 14 1595422 2321 38%
c i 24.57 1489 260 0  36  227  195 28% 19 1595422 2320 38%
c i 24.88 1489 232 0  43  257  218 27% 18 1595422 2319 38%
c i 24.95 1489 220 0  44  275  234 28% 18 1595422 2318 38%
c i 24.95 1489 219 0  44  276  234 28% 18 1595422 2317 38%
c i 24.95 1489 218 0  44  277  234 28% 18 1595422 2316 38%
c i 24.96 1489 215 0  44  282  238 28% 18 1595422 2315 38%
c i 25.09 1489 208 0  48  300  251 28% 20 1595422 2309 37%
c - 28.58 1384 208 1  48  300  250 28% 20 161564 2303 37%
c i 28.84 1354 201 1  54  324  270 28% 23 161564 2302 37%
c 
c  seconds     reductions  redundant   irredundant
c          MB      restarts       trail       variables
c             level   conflicts       glue         remaining
c 
c i 28.97 1354 186 1  61  357  296 28% 23 161564 2292 37%
c i 29.08 1354 177 1  67  382  318 28% 23 161564 2289 37%
c i 29.16 1354 143 1  67  503  413 29% 22 161564 2288 37%
c i 29.19 1354 137 1  68  531  438 29% 22 161564 2287 37%
c i 29.20 1354 135 1  68  541  445 29% 22 161564 2286 37%
c i 29.36 1354 127 1  81  623  512 29% 25 161564 2285 37%
c i 29.41 1354 125 1  84  639  525 29% 26 161564 2284 37%
c i 29.42 1354 124 1  85  648  529 29% 26 161564 2283 37%
c i 29.49 1354 120 1  92  686  557 29% 26 161564 2282 37%
c i 29.68 1354 117 1 101  731  590 29% 26 161564 2281 37%
c i 29.77 1354 118 1 105  748  605 29% 27 161564 2279 37%
c i 29.81 1354 118 1 108  760  613 29% 27 161564 2278 37%
c i 30.33 1354 116 1 136  875  715 28% 30 161564 2275 37%
c i 30.51 1354 115 1 146  914  752 28% 30 161564 2274 37%
c i 30.57 1354 115 1 149  925  762 28% 30 161564 2273 37%
c } 30.70 1354 109 1 158 1001  818 29% 29 161564 2273 37%
c [ 30.70 1354  0 1 158 1001  818  0% 0 161564 2273 37%
c O 30.70 1354  4 1 158 1002  819 14% 4 161564 2273 37%
c - 31.13 1431 19 2 158 1025  763 30% 14 161334 2273 37%
c i 31.23 1431 19 2 158 1156  879 33% 15 161334 2272 37%
c 
c  seconds    reductions  redundant   irredundant
c          MB     restarts       trail       variables
c            level   conflicts       glue         remaining
c 
c i 31.26 1431 20 2 158 1199  920 33% 15 161334 2271 37%
c i 31.28 1431 19 2 158 1241  955 33% 15 161334 2270 37%
c i 31.29 1431 20 2 158 1259  968 33% 15 161334 2269 37%
c i 31.42 1431 22 2 158 1645 1223 32% 18 161334 2268 37%
c - 31.77 1431 23 3 159 2111 1211 32% 20 161319 2268 37%
c ] 32.25 1431 26 3 159 2970 1736 51% 22 161319 2268 37%
c 1 32.25 1431 26 3 159 2970 1736 51% 22 161319 2268 37%
c 
c --- [ writing output ] -----------------------------------------------------
c 
c writing simplified CNF to DIMACS file 'simp/33.cubes7308.adj.simp1'
c * 32.25 1431 26 3 159 2970 1736 51% 22 161319 2268 37%
c opening file to write 'simp/33.cubes7308.adj.simp1'
c writing 'p cnf 6160 161319' header
c closing file 'simp/33.cubes7308.adj.simp1'
c after writing 90925103 bytes 86.7 MB
c wrote 161319 clauses in 0.63 seconds process time
c 
c --- [ writing extension ] --------------------------------------------------
c 
c writing extension stack to 'simp/33.cubes7308.adj.ext1'
c opening file to write 'simp/33.cubes7308.adj.ext1'
c closing file 'simp/33.cubes7308.adj.ext1'
c after writing 11046 bytes 0.0 MB
c wrote 748 witnesses in 0.00 seconds process time
c 
c --- [ result ] -------------------------------------------------------------
c 
s SATISFIABLE
c 
c --- [ run-time profiling ] -------------------------------------------------
c 
c process time taken by individual solving procedures
c (percentage relative to process time for solving)
c 
c        20.21  167.99% parse
c        12.03   99.99% search
c         9.84   81.79% unstable
c         1.55   12.91% stable
c         0.64    5.29% lucky
c         0.00    0.00% simplify
c   =================================
c        12.03   36.60% solve
c 
c last line shows process time for solving
c (percentage relative to total process time)
c 
c --- [ statistics ] ---------------------------------------------------------
c 
c chronological:               815        27.44 %  of conflicts
c conflicts:                  2970       246.81    per second
c decisions:                 20006      1662.55    per second
c fixed:                       748        12.14 %  of all variables
c learned:                    2907        97.88 %  per conflict
c learned_lits:             583964       100.00 %  learned literals
c minimized:                     0         0.00 %  learned literals
c shrunken:                 351312        60.16 %  learned literals
c minishrunken:              55344         9.48 %  learned literals
c propagations:             473722         0.04 M  per second
c reduced:                     410        13.80 %  per conflict
c rephased:                      1      2970.00    interval
c restarts:                    159        18.68    interval
c stabilizing:                   1        66.30 %  of conflicts
c subsumed:                    720         0.02 %  of all clauses
c 
c seconds are measured in process time for solving
c 
c --- [ resources ] ----------------------------------------------------------
c 
c total process time since initialization:        32.88    seconds
c total real time since initialization:           44.19    seconds
c maximum resident set size of process:         1507.57    MB
c 
c --- [ shutting down ] ------------------------------------------------------
c 
c exit 10
WARNING! DIMACS header mismatch: wrong number of variables.
============================[ Problem Statistics ]=============================
|                                                                             |
|  Number of variables:          6120                                         |
|  Number of clauses:          161319                                         |
|  Parse time:                   1.29 s                                       |
|  Simplification time:          0.04 s                                       |
|                                                                             |
============================[ Search Statistics ]====================================================
| Conflicts |          ORIGINAL         |          LEARNT          | Num Sols |      SUBGRAPHS      |
|           |    Vars  Clauses Literals |    Limit  Clauses Lit/Cl |          | Canonical Noncanon. |
=====================================================================================================
|       144 |    6023   161363 19249787 |     2000      141     65 |        0 |        46        44 |
|       302 |    6017   161371 19249920 |     2000      293     86 |        0 |        55        52 |
|       615 |    6013   161459 19251514 |     2000      602     80 |        0 |       102       140 |
|       998 |    6011   161505 19252503 |     2000      983     82 |        0 |       119       186 |
|      1529 |    6007   161530 19252938 |     2000     1510     91 |        0 |       129       211 |
|      2321 |    6001   161563 19254347 |     3592     1312     69 |        0 |       140       244 |
|      4439 |    6001   162542 19265570 |     3592     3430     60 |        0 |       503      1223 |
|      7436 |    5998   163831 19283974 |     5000     4633     44 |        0 |       925      2512 |
|     11180 |    5996   165013 19303840 |     6302     5880     50 |        0 |      1257      3694 |
|     16327 |    5960   166316 19317192 |     8780     4106     16 |        0 |      1512      4997 |
|     22759 |    5960   166982 19324673 |     9997     6156     32 |        0 |      1627      5663 |
|     33167 |    5945   168741 19343043 |    12410     5977     20 |        0 |      2010      7422 |
=====================================================================================================
Number of solutions   : 0
Canonical subgraphs   : 2113           (57 /sec)
          order  3    : 1              (90909 /sec)
          order  4    : 1              (250000 /sec)
          order  5    : 1              (142857 /sec)
          order  6    : 1              (31250 /sec)
          order  7    : 1              (4587 /sec)
          order  8    : 1              (1326 /sec)
          order  9    : 3              (802 /sec)
          order 10    : 10             (456 /sec)
          order 11    : 38             (259 /sec)
          order 12    : 120            (193 /sec)
          order 13    : 344            (97 /sec)
          order 14    : 871            (70 /sec)
          order 15    : 416            (56 /sec)
          order 16    : 126            (29 /sec)
          order 17    : 137            (22 /sec)
          order 18    : 27             (19 /sec)
          order 19    : 12             (17 /sec)
          order 20    : 2              (22 /sec)
          order 21    : 1              (23 /sec)
          order 22    : 0              (-nan /sec)
Noncanonical subgraphs: 7941           (498 /sec)
          order  3    : 0              (-nan /sec)
          order  4    : 0              (-nan /sec)
          order  5    : 0              (-nan /sec)
          order  6    : 0              (-nan /sec)
          order  7    : 0              (-nan /sec)
          order  8    : 0              (-nan /sec)
          order  9    : 0              (-nan /sec)
          order 10    : 0              (-nan /sec)
          order 11    : 0              (-nan /sec)
          order 12    : 0              (-nan /sec)
          order 13    : 1506           (5823 /sec)
          order 14    : 2051           (2708 /sec)
          order 15    : 1315           (1619 /sec)
          order 16    : 2398           (280 /sec)
          order 17    : 393            (131 /sec)
          order 18    : 277            (111 /sec)
          order 19    : 0              (-nan /sec)
          order 20    : 0              (-nan /sec)
          order 21    : 0              (-nan /sec)
Canonicity checking   : 36.8343 s
Noncanonicity checking: 15.9385 s
Total canonicity time : 52.7728 s
database reductions   : 9
restarts              : 127
conflicts             : 43447          (578 /sec)
decisions             : 85286          (0.00 % random) (1135 /sec)
propagations          : 5061562        (67384 /sec)
conflict literals     : 3464992        (52.45 % deleted)
actual reward         : 0.111946
Memory used           : 147.00 MB
CPU time              : 75.1154 s

UNSATISFIABLE
