c --- [ banner ] -------------------------------------------------------------
c 
c CaDiCaL Radically Simplified CDCL SAT Solver
c Copyright (c) 2016-2021 A. Biere, M. Fleury, N. Froleyks
c 
c Version 1.5.2 a5f15211db36c3956764e18194dd5bd63bf3b5e6
c g++ (GCC) 9.3.0 -Wall -Wextra -O3 -DNDEBUG
c Fri Oct 21 01:27:37 EDT 2022 Linux gra-login3 3.10.0-1160.66.1.el7.x86_64 x86_64
c 
c --- [ limit ] --------------------------------------------------------------
c 
c setting conflict limit to 200000 conflicts (due to '200000')
c 
c --- [ parsing input ] ------------------------------------------------------
c 
c reading DIMACS file from '33.cubes6217.adj'
c opening file to read '33.cubes6217.adj'
c found 'p cnf 6160 1595481' header
c parsed 1595481 clauses in 20.12 seconds process time
c closing file '33.cubes6217.adj'
c after reading 1457566815 bytes 1390.0 MB
c 
c --- [ options ] ------------------------------------------------------------
c 
c all options are set to their default value
c 
c --- [ solving ] ------------------------------------------------------------
c 
c time measured in process time since initialization
c 
c  seconds    reductions  redundant   irredundant
c          MB     restarts       trail       variables
c            level   conflicts       glue         remaining
c 
c * 20.13 1382  0 0   0    0    0  0% 0 1595422 2300 37%
c { 21.88 1445  0 0   0    0    0  0% 0 1595422 2300 37%
c i 26.44 1499 154 0  15  170  120 29% 17 1595422 2299 37%
c i 26.62 1499 134 0  21  202  141 29% 21 1595422 2298 37%
c i 27.42 1502 117 0  27  237  166 29% 20 1595422 2280 37%
c - 32.33 1457 95 1  27  300  215 28% 18 295997 2279 37%
c i 32.77 1407 93 1  27  309  223 29% 18 295997 2278 37%
c i 32.83 1407 92 1  27  311  224 29% 18 295997 2277 37%
c i 32.85 1407 92 1  27  314  226 29% 18 295997 2276 37%
c i 32.87 1407 92 1  27  315  226 29% 18 295997 2275 37%
c i 32.91 1407 92 1  27  317  227 29% 18 295997 2274 37%
c i 33.19 1407 95 1  31  335  243 29% 21 295997 2273 37%
c i 33.26 1407 94 1  32  342  247 29% 21 295997 2262 37%
c i 33.62 1407 92 1  39  370  270 28% 22 295997 2261 37%
c i 33.73 1407 91 1  41  378  277 28% 22 295997 2260 37%
c i 33.77 1407 91 1  41  384  281 28% 22 295997 2259 37%
c i 34.62 1408 87 1  57  439  332 28% 24 295997 2258 37%
c i 34.66 1408 87 1  58  444  333 28% 24 295997 2254 37%
c i 35.24 1408 83 1  61  486  369 28% 23 295997 2253 37%
c i 35.39 1408 81 1  61  508  385 28% 23 295997 2252 37%
c 
c  seconds    reductions  redundant   irredundant
c          MB     restarts       trail       variables
c            level   conflicts       glue         remaining
c 
c i 35.50 1408 77 1  61  547  410 28% 23 295997 2251 37%
c i 36.34 1408 75 1  69  630  483 28% 24 295997 2250 37%
c i 37.06 1408 70 1  81  703  542 28% 24 295997 2249 37%
c i 37.06 1408 70 1  81  705  543 28% 24 295997 2248 36%
c i 38.06 1409 72 1  95  772  605 28% 26 295997 2247 36%
c i 38.84 1409 69 1 112  860  677 28% 27 295997 2246 36%
c i 38.87 1409 68 1 112  870  685 28% 26 295997 2245 36%
c i 39.29 1409 67 1 112  971  766 28% 26 295997 2244 36%
c } 39.38 1409 66 1 112 1001  791 28% 26 295997 2244 36%
c [ 39.38 1409  0 1 112 1001  791  0% 0 295997 2244 36%
c O 39.39 1409  7 1 112 1002  792 15% 2 295997 2244 36%
c i 39.70 1409 16 1 112 1067  835 26% 11 295997 2243 36%
c i 39.72 1409 16 1 112 1075  842 27% 11 295997 2242 36%
c i 39.72 1409 16 1 112 1081  847 27% 11 295997 2241 36%
c - 40.57 1531 20 2 112 1183  836 30% 15 295721 2241 36%
c i 40.80 1531 20 2 112 1225  869 30% 15 295721 2240 36%
c i 41.11 1531 20 2 112 1503 1113 31% 16 295721 2239 36%
c i 41.11 1531 20 2 112 1511 1120 31% 16 295721 2238 36%
c i 41.15 1531 20 2 112 1593 1178 31% 16 295721 2237 36%
c i 41.20 1531 20 2 112 1652 1216 31% 16 295721 2236 36%
c 
c  seconds    reductions  redundant   irredundant
c          MB     restarts       trail       variables
c            level   conflicts       glue         remaining
c 
c i 41.20 1531 20 2 112 1653 1216 31% 16 295721 2235 36%
c i 41.57 1531 20 2 113 2193 1659 31% 16 295721 2234 36%
c i 41.68 1531 20 2 113 2382 1805 32% 16 295721 2233 36%
c - 42.17 1529 20 3 113 2509 1476 32% 16 295697 2233 36%
c ] 42.96 1472 19 3 113 3002 1882 52% 16 295697 2233 36%
c { 42.96 1472 66 3 113 3002 1882 77% 26 295697 2233 36%
c F 42.99 1472 66 3 113 3003 1883 77% 26 295697 2233 36%
c i 43.47 1472 62 3 116 3139 1987 73% 25 295697 2232 36%
c i 43.69 1472 60 3 116 3197 2032 72% 25 295697 2231 36%
c i 43.85 1472 59 3 116 3236 2068 71% 24 295697 2230 36%
c i 44.46 1472 53 3 120 3538 2196 62% 23 295697 2229 36%
c i 44.56 1472 53 3 123 3558 2212 62% 23 295697 2228 36%
c i 44.59 1472 53 3 125 3565 2218 62% 23 295697 2227 36%
c i 44.79 1472 54 3 130 3591 2239 62% 24 295697 2226 36%
c i 45.30 1472 58 3 149 3665 2307 61% 26 295697 2225 36%
c i 45.48 1472 58 3 155 3686 2324 61% 26 295697 2224 36%
c i 45.75 1472 58 3 161 3705 2341 60% 26 295697 2223 36%
c i 46.26 1472 58 3 166 3758 2387 60% 26 295697 2221 36%
c i 46.32 1472 58 3 166 3776 2403 60% 26 295697 2220 36%
c i 46.68 1472 58 3 170 3826 2445 59% 26 295697 2219 36%
c 
c  seconds    reductions  redundant   irredundant
c          MB     restarts       trail       variables
c            level   conflicts       glue         remaining
c 
c i 47.51 1472 56 3 175 3991 2579 58% 26 295697 2218 36%
c i 47.87 1472 55 3 175 4097 2662 57% 25 295697 2217 36%
c i 47.88 1472 55 3 175 4099 2663 57% 25 295697 2216 36%
c i 48.38 1472 54 3 175 4249 2780 56% 25 295697 2215 36%
c - 48.83 1468 54 4 175 4275 1963 56% 25 295644 2215 36%
c i 49.19 1468 52 4 175 4382 2051 56% 25 295644 2214 36%
c i 49.21 1468 52 4 175 4388 2056 56% 25 295644 2213 36%
c i 49.35 1468 52 4 175 4437 2094 56% 25 295644 2212 36%
c i 49.72 1468 50 4 175 4610 2234 55% 24 295644 2211 36%
c i 49.80 1468 50 4 175 4646 2259 55% 24 295644 2210 36%
c d 50.67 1468 47 4 175 5001 2519 54% 24 295609 2200 36%
c 2 50.75 1468 47 4 175 5001 3584 54% 24 295609 2199 36%
c p 57.73 1468 47 4 175 5001 5857 54% 24 295609 2144 35%
c d 58.18 1468 47 4 175 5001 5834 54% 24 295443 2142 35%
c # 59.27 1468 40 4 178 6005 6464 53% 22 295443 2142 35%
c - 60.15 1353 38 5 178 6481 2610 52% 21 295443 2142 35%
c } 60.42 1353 36 5 178 7002 2990 51% 21 295443 2142 35%
c [ 60.42 1353 19 5 178 7002 2990 52% 16 295443 2142 35%
c - 61.69 1354 22 6 179 9127 3053 46% 18 295443 2142 35%
c I 62.11 1354 23 6 180 10006 3640 46% 19 295443 2142 35%
c 
c  seconds    reductions   redundant   irredundant
c          MB     restarts        trail       variables
c            level    conflicts       glue         remaining
c 
c - 65.47 1354 32 7 182 12214 3674 46% 26 295443 2142 35%
c ] 68.66 1354 37 7 183 15004 5798 46% 30 295443 2142 35%
c { 68.66 1354 36 7 183 15004 5798 51% 21 295443 2142 35%
c 2 68.73 1354 36 7 183 15004 6828 51% 21 295442 2142 35%
c p 70.83 1354 36 7 183 15004 9116 51% 21 295442 2142 35%
c B 70.99 1354 36 7 183 15007 9119 51% 21 295442 2142 35%
c - 74.29 1354 37 8 283 15743 4571 50% 22 295442 2142 35%
c s 78.21 1354 32 8 343 18877 6371 48% 19 293764 2142 35%
c v 84.61 1354 32 8 343 18877 6371 48% 19 293755 2142 35%
c t 84.73 1354 32 8 343 18877 6366 48% 19 293737 2142 35%
c e 85.82 1356 32 8 343 18877 5911 48% 19 291183 786 13%
c s 85.93 1356 32 8 343 18877 5910 48% 19 290745 786 13%
c - 89.51 1356 31 9 400 19715 4380 70% 19 290745 786 13%
c W 92.79 1356 31 9 482 21009 5291 70% 19 290745 786 13%
c - 95.28 1356 29 10 569 24107 5107 71% 19 290745 786 13%
c F 102.99 1356 28 10 812 28010 7668 71% 19 290745 786 13%
c - 104.29 1356 28 11 830 28938 5650 71% 19 290745 786 13%
c p 108.49 1356 27 11 858 30004 8123 71% 19 290745 785 13%
c } 110.41 1356 27 11 927 31004 8722 71% 19 290745 785 13%
c [ 110.41 1356 37 11 927 31004 8722 131% 30 290745 785 13%
c 
c  seconds     reductions    redundant    irredundant
c           MB      restarts        trail        variables
c             level     conflicts        glue        remaining
c 
c - 111.54 1356 34 12 928 34206 6053 114% 28 290742 785 13%
c B 112.04 1356 34 12 930 36012 7173 108% 28 290742 785 13%
c ] 113.28 1356 34 12 932 39176 9318 101% 28 290742 785 13%
c 1 113.28 1356 34 12 932 39176 9318 101% 28 290742 785 13%
c 
c --- [ writing output ] -----------------------------------------------------
c 
c writing simplified CNF to DIMACS file 'simp/33.cubes6217.adj.simp1'
c * 113.28 1356 34 12 932 39176 9318 101% 28 290742 785 13%
c opening file to write 'simp/33.cubes6217.adj.simp1'
c writing 'p cnf 6160 290742' header
c closing file 'simp/33.cubes6217.adj.simp1'
c after writing 121034749 bytes 115.4 MB
c wrote 290742 clauses in 0.89 seconds process time
c 
c --- [ writing extension ] --------------------------------------------------
c 
c writing extension stack to 'simp/33.cubes6217.adj.ext1'
c opening file to write 'simp/33.cubes6217.adj.ext1'
c closing file 'simp/33.cubes6217.adj.ext1'
c after writing 86051 bytes 0.1 MB
c wrote 3897 witnesses in 0.00 seconds process time
c 
c --- [ result ] -------------------------------------------------------------
c 
s SATISFIABLE
c 
c --- [ run-time profiling ] -------------------------------------------------
c 
c process time taken by individual solving procedures
c (percentage relative to process time for solving)
c 
c        71.05   76.27% search
c        54.26   58.24% unstable
c        22.11   23.73% simplify
c        20.12   21.60% parse
c        14.69   15.77% stable
c        12.13   13.02% probe
c         6.48    6.95% vivify
c         2.05    2.20% elim
c         1.75    1.88% lucky
c         0.34    0.37% walk
c         0.23    0.25% subsume
c         0.14    0.15% ternary
c   =================================
c        93.16   81.59% solve
c 
c last line shows process time for solving
c (percentage relative to total process time)
c 
c --- [ statistics ] ---------------------------------------------------------
c 
c chronological:              7051        18.00 %  of conflicts
c conflicts:                 39176       420.54    per second
c decisions:                 92948       997.75    per second
c eliminated:                 1356        22.01 %  of all variables
c fixed:                       863        14.01 %  of all variables
c learned:                   38317        97.81 %  per conflict
c learned_lits:            6300542       100.00 %  learned literals
c minimized:                     0         0.00 %  learned literals
c shrunken:                3983121        63.22 %  learned literals
c minishrunken:             444550         7.06 %  learned literals
c propagations:            3784123         0.04 M  per second
c reduced:                   16987        43.36 %  per conflict
c rephased:                      8      4897.00    interval
c restarts:                    932        42.03    interval
c stabilizing:                   3        46.39 %  of conflicts
c substituted:                  12         0.19 %  of all variables
c subsumed:                  13787         0.41 %  of all clauses
c strengthened:               4761         0.14 %  of all clauses
c ternary:                    2493         0.59 %  of resolved
c vivified:                     18         0.00 %  of all clauses
c walked:                        1     39176.00    interval
c weakened:                   3034         2.95    average size
c 
c seconds are measured in process time for solving
c 
c --- [ resources ] ----------------------------------------------------------
c 
c total process time since initialization:       114.17    seconds
c total real time since initialization:          114.82    seconds
c maximum resident set size of process:         1650.48    MB
c 
c --- [ shutting down ] ------------------------------------------------------
c 
c exit 10
WARNING! DIMACS header mismatch: wrong number of variables.
============================[ Problem Statistics ]=============================
|                                                                             |
|  Number of variables:          3251                                         |
|  Number of clauses:          290742                                         |
|  Parse time:                   1.59 s                                       |
|  Simplification time:          0.03 s                                       |
|                                                                             |
============================[ Search Statistics ]====================================================
| Conflicts |          ORIGINAL         |          LEARNT          | Num Sols |      SUBGRAPHS      |
|           |    Vars  Clauses Literals |    Limit  Clauses Lit/Cl |          | Canonical Noncanon. |
=====================================================================================================
|       103 |    3155   290745 26288807 |     2000      103    222 |        0 |        12         3 |
|       253 |    3155   290745 26288807 |     2000      253    150 |        0 |        27         3 |
|       480 |    3155   290747 26288841 |     2000      480    125 |        0 |        31         5 |
|       950 |    3155   290880 26291195 |     2000      950     95 |        0 |        69       138 |
|      1456 |    3155   290880 26291195 |     2000     1456     88 |        0 |        91       138 |
|      2452 |    3155   291117 26295518 |     3602     1454     41 |        0 |       198       375 |
|      3607 |    3155   291133 26295976 |     3602     2609     61 |        0 |       211       391 |
|      5336 |    3155   291154 26296565 |     5001     2537     51 |        0 |       257       412 |
|      7928 |    3155   291184 26297095 |     6303     2631     37 |        0 |       306       442 |
|     12513 |    3155   291925 26308658 |     7553     4066     33 |        0 |       502      1183 |
|     23920 |    3155   297566 26407122 |     9991     7311     43 |        0 |      1926      6824 |
|     33036 |    3155   298033 26416280 |    12404     5840     18 |        0 |      2084      7291 |
|     46046 |    3155   298069 26417308 |    13610    12656     51 |        0 |      2111      7327 |
|     80220 |    3155   312782 26672542 |    18410    16030     45 |        0 |      5529     22040 |
|    110951 |    3155   314321 26696780 |    22008    17359     48 |        0 |      5973     23579 |
|    158726 |    3155   318307 26767731 |    26815    17541     37 |        0 |      6850     27565 |
|    258038 |    3155   351935 27406071 |    34017    27455     43 |        0 |     16745     61193 |
|    370902 |    3155   366273 27663195 |    41213    29315     41 |        0 |     19622     75531 |
|    533565 |    3155   381147 27949639 |    49614    35179     45 |        0 |     23096     90405 |
|    793575 |    3155   419474 28733071 |    60416    50391     50 |        0 |     30509    128732 |
|   1283225 |    3143   564778 30872589 |    76275    61700     26 |        0 |     54435    285857 |
=====================================================================================================
Number of solutions   : 0
Canonical subgraphs   : 69778          (17 /sec)
          order  3    : 1              (166667 /sec)
          order  4    : 1              (500000 /sec)
          order  5    : 1              (250000 /sec)
          order  6    : 1              (50000 /sec)
          order  7    : 1              (8264 /sec)
          order  8    : 2              (1355 /sec)
          order  9    : 6              (313 /sec)
          order 10    : 25             (96 /sec)
          order 11    : 103            (28 /sec)
          order 12    : 622            (16 /sec)
          order 13    : 3789           (17 /sec)
          order 14    : 7697           (20 /sec)
          order 15    : 50372          (17 /sec)
          order 16    : 4492           (15 /sec)
          order 17    : 2144           (15 /sec)
          order 18    : 392            (11 /sec)
          order 19    : 123            (10 /sec)
          order 20    : 6              (12 /sec)
          order 21    : 0              (-nan /sec)
          order 22    : 0              (-nan /sec)
Noncanonical subgraphs: 377681         (135 /sec)
          order  3    : 0              (-nan /sec)
          order  4    : 0              (-nan /sec)
          order  5    : 0              (-nan /sec)
          order  6    : 0              (-nan /sec)
          order  7    : 0              (-nan /sec)
          order  8    : 0              (-nan /sec)
          order  9    : 0              (-nan /sec)
          order 10    : 0              (-nan /sec)
          order 11    : 0              (-nan /sec)
          order 12    : 0              (-nan /sec)
          order 13    : 8449           (6441 /sec)
          order 14    : 54863          (868 /sec)
          order 15    : 45554          (1078 /sec)
          order 16    : 265936         (100 /sec)
          order 17    : 2333           (98 /sec)
          order 18    : 546            (74 /sec)
          order 19    : 0              (-nan /sec)
          order 20    : 0              (-nan /sec)
          order 21    : 0              (-nan /sec)
Canonicity checking   : 4086.13 s
Noncanonicity checking: 2800.81 s
Total canonicity time : 6886.94 s
database reductions   : 69
restarts              : 3069
conflicts             : 1575656        (206 /sec)
decisions             : 2280399        (0.00 % random) (299 /sec)
propagations          : 65785505       (8615 /sec)
conflict literals     : 124730415      (53.52 % deleted)
actual reward         : 0.253942
Memory used           : 402.00 MB
CPU time              : 7636.47 s

UNSATISFIABLE
