c --- [ banner ] -------------------------------------------------------------
c 
c CaDiCaL Radically Simplified CDCL SAT Solver
c Copyright (c) 2016-2021 A. Biere, M. Fleury, N. Froleyks
c 
c Version 1.5.2 a5f15211db36c3956764e18194dd5bd63bf3b5e6
c g++ (GCC) 9.3.0 -Wall -Wextra -O3 -DNDEBUG
c Fri Oct 21 01:27:37 EDT 2022 Linux gra-login3 3.10.0-1160.66.1.el7.x86_64 x86_64
c 
c --- [ limit ] --------------------------------------------------------------
c 
c setting conflict limit to 200000 conflicts (due to '200000')
c 
c --- [ parsing input ] ------------------------------------------------------
c 
c reading DIMACS file from '33.cubes6166.adj'
c opening file to read '33.cubes6166.adj'
c found 'p cnf 6160 1595480' header
c parsed 1595480 clauses in 19.49 seconds process time
c closing file '33.cubes6166.adj'
c after reading 1457566809 bytes 1390.0 MB
c 
c --- [ options ] ------------------------------------------------------------
c 
c all options are set to their default value
c 
c --- [ solving ] ------------------------------------------------------------
c 
c time measured in process time since initialization
c 
c  seconds    reductions  redundant   irredundant
c          MB     restarts       trail       variables
c            level   conflicts       glue         remaining
c 
c * 19.49 1381  0 0   0    0    0  0% 0 1595422 2322 38%
c { 20.20 1414  0 0   0    0    0  0% 0 1595422 2322 38%
c i 20.25 1415  1 0   0    1    0 13% 0 1595422 2313 38%
c i 21.27 1457 923 0   0   12    9 34% 3 1595422 2308 37%
c i 21.38 1458 986 0   0   16   12 36% 4 1595422 2301 37%
c i 24.18 1496 301 0  15   92   80 30% 14 1595422 2288 37%
c i 24.28 1496 277 0  15  101   88 30% 15 1595422 2286 37%
c i 24.30 1496 275 0  15  103   88 30% 15 1595422 2284 37%
c i 25.83 1504 172 0  30  231  191 29% 16 1595422 2269 37%
c i 25.87 1504 172 0  30  232  191 29% 16 1595422 2268 37%
c i 26.33 1504 158 0  39  266  216 28% 17 1595422 2267 37%
c - 30.82 1494 149 1  48  302  246 28% 19 213284 2267 37%
c i 32.17 1384 104 1  84  576  469 27% 21 213284 2266 37%
c i 33.12 1384 103 1 107  663  541 27% 23 213284 2264 37%
c i 33.15 1384 103 1 108  669  544 27% 23 213284 2263 37%
c i 33.20 1384 103 1 109  676  550 27% 23 213284 2262 37%
c i 33.21 1384 103 1 109  677  550 27% 23 213284 2261 37%
c i 33.71 1384 95 1 140  828  652 27% 25 213284 2260 37%
c i 33.81 1384 89 1 140  893  692 28% 24 213284 2259 37%
c i 33.89 1384 81 1 140 1001  776 28% 23 213284 2258 37%
c 
c  seconds    reductions  redundant   irredundant
c          MB     restarts       trail       variables
c            level   conflicts       glue         remaining
c 
c } 33.89 1384 81 1 140 1001  776 28% 23 213284 2258 37%
c [ 33.89 1384  0 1 140 1001  776  0% 0 213284 2258 37%
c O 33.89 1384  4 1 140 1002  777 14% 3 213284 2258 37%
c - 34.39 1473 21 2 140 1102  764 32% 14 213258 2258 37%
c - 35.06 1474 22 3 141 2298 1445 32% 16 213258 2258 37%
c ] 35.31 1474 23 3 141 3002 2011 32% 17 213258 2258 37%
c { 35.31 1474 81 3 141 3002 2011 28% 23 213258 2258 37%
c F 35.50 1474 81 3 141 3003 2012 16% 23 213258 2258 37%
c i 36.04 1474 64 3 141 3382 2264 47% 20 213258 2257 37%
c i 36.55 1474 67 3 160 3481 2348 46% 22 213258 2256 37%
c i 36.56 1474 67 3 160 3482 2348 46% 22 213258 2255 37%
c i 37.83 1474 64 3 186 3737 2558 45% 22 213258 2254 37%
c i 38.30 1474 62 3 202 3894 2691 44% 22 213258 2253 37%
c - 38.49 1385 62 4 202 3894 1876 44% 22 213245 2253 37%
c i 39.42 1385 63 4 253 4112 2044 44% 24 213245 2252 37%
c i 40.40 1385 66 4 290 4289 2178 43% 26 213245 2251 37%
c i 40.84 1385 66 4 298 4342 2229 43% 26 213245 2250 37%
c i 40.99 1385 66 4 305 4377 2259 43% 26 213245 2248 36%
c i 41.89 1385 59 4 330 4955 2655 43% 25 213245 2247 36%
c d 42.23 1385 59 4 330 5001 2680 43% 24 197973 2241 36%
c 
c  seconds    reductions  redundant   irredundant
c          MB     restarts       trail       variables
c            level   conflicts       glue         remaining
c 
c 2 42.28 1385 59 4 330 5001 4092 43% 24 197962 2228 36%
c p 46.88 1385 59 4 330 5001 7693 43% 24 197962 2185 35%
c d 47.22 1385 59 4 330 5001 7255 43% 24 197629 2182 35%
c - 48.47 1385 52 5 336 5889 2675 45% 24 197629 2182 35%
c # 48.55 1385 51 5 336 6006 2760 45% 23 197629 2182 35%
c } 49.17 1385 45 5 336 7002 3427 46% 21 197629 2182 35%
c [ 49.17 1385 23 5 336 7002 3427 86% 17 197629 2182 35%
c - 49.73 1385 20 6 337 8221 2827 73% 16 197629 2182 35%
c I 50.79 1385 19 6 338 10009 4060 64% 16 197629 2182 35%
c - 51.45 1386 24 7 339 10942 3427 62% 19 197629 2182 35%
c - 52.66 1386 33 8 341 14052 4002 57% 26 197629 2182 35%
c ] 53.00 1386 34 8 341 15002 4760 56% 27 197629 2182 35%
c { 53.00 1386 45 8 341 15002 4760 46% 21 197629 2182 35%
c 2 53.04 1386 45 8 341 15002 6252 46% 21 197627 2182 35%
c p 54.42 1386 45 8 341 15002 9456 46% 21 197627 2182 35%
c B 54.59 1386 45 8 341 15011 9465 46% 21 197627 2182 35%
c - 57.61 1386 38 9 414 17550 4806 48% 20 197627 2182 35%
c s 59.83 1386 37 9 477 18850 5439 48% 20 196179 2182 35%
c v 61.94 1386 37 9 477 18850 5439 48% 20 196171 2182 35%
c t 62.03 1386 37 9 477 18850 5430 48% 20 196160 2182 35%
c 
c  seconds    reductions   redundant   irredundant
c          MB     restarts        trail       variables
c            level    conflicts       glue        remaining
c 
c e 62.73 1387 37 9 477 18850 5088 48% 20 193748 883 14%
c s 62.82 1387 37 9 477 18850 5085 48% 20 193644 883 14%
c } 64.71 1387 35 9 507 20140 6011 70% 20 193644 883 14%
c 1 64.71 1387 35 9 507 20140 6011 70% 20 193644 883 14%
c 
c --- [ writing output ] -----------------------------------------------------
c 
c writing simplified CNF to DIMACS file 'simp/33.cubes6166.adj.simp1'
c * 64.71 1387 35 9 507 20140 6011 70% 20 193644 883 14%
c opening file to write 'simp/33.cubes6166.adj.simp1'
c writing 'p cnf 6160 193644' header
c closing file 'simp/33.cubes6166.adj.simp1'
c after writing 88067030 bytes 84.0 MB
c wrote 193644 clauses in 0.62 seconds process time
c 
c --- [ writing extension ] --------------------------------------------------
c 
c writing extension stack to 'simp/33.cubes6166.adj.ext1'
c opening file to write 'simp/33.cubes6166.adj.ext1'
c closing file 'simp/33.cubes6166.adj.ext1'
c after writing 81938 bytes 0.1 MB
c wrote 3706 witnesses in 0.00 seconds process time
c 
c --- [ result ] -------------------------------------------------------------
c 
s SATISFIABLE
c 
c --- [ run-time profiling ] -------------------------------------------------
c 
c process time taken by individual solving procedures
c (percentage relative to process time for solving)
c 
c        34.83   77.03% search
c        28.87   63.85% unstable
c        19.49   43.10% parse
c        10.38   22.97% simplify
c         5.98   13.23% probe
c         5.25   11.60% stable
c         2.17    4.81% vivify
c         1.27    2.80% elim
c         0.71    1.58% lucky
c         0.17    0.38% subsume
c         0.07    0.14% ternary
c   =================================
c        45.22   69.21% solve
c 
c last line shows process time for solving
c (percentage relative to total process time)
c 
c --- [ statistics ] ---------------------------------------------------------
c 
c chronological:              4345        21.57 %  of conflicts
c conflicts:                 20140       445.39    per second
c decisions:                 60862      1345.95    per second
c eliminated:                 1299        21.09 %  of all variables
c fixed:                       825        13.39 %  of all variables
c learned:                   19609        97.36 %  per conflict
c learned_lits:            3340189       100.00 %  learned literals
c minimized:                     0         0.00 %  learned literals
c shrunken:                1840786        55.11 %  learned literals
c minishrunken:             390058        11.68 %  learned literals
c propagations:            2873816         0.06 M  per second
c reduced:                    8632        42.86 %  per conflict
c rephased:                      5      4028.00    interval
c restarts:                    507        39.72    interval
c stabilizing:                   2        49.66 %  of conflicts
c substituted:                   9         0.15 %  of all variables
c subsumed:                   6553         0.20 %  of all clauses
c strengthened:               4760         0.15 %  of all clauses
c ternary:                    2905         0.75 %  of resolved
c vivified:                     18         0.00 %  of all clauses
c weakened:                   2881         2.98    average size
c 
c seconds are measured in process time for solving
c 
c --- [ resources ] ----------------------------------------------------------
c 
c total process time since initialization:        65.33    seconds
c total real time since initialization:           65.42    seconds
c maximum resident set size of process:         1562.73    MB
c 
c --- [ shutting down ] ------------------------------------------------------
c 
c exit 10
WARNING! DIMACS header mismatch: wrong number of variables.
============================[ Problem Statistics ]=============================
|                                                                             |
|  Number of variables:          5739                                         |
|  Number of clauses:          193650                                         |
|  Parse time:                   1.15 s                                       |
|  Simplification time:          0.02 s                                       |
|                                                                             |
============================[ Search Statistics ]====================================================
| Conflicts |          ORIGINAL         |          LEARNT          | Num Sols |      SUBGRAPHS      |
|           |    Vars  Clauses Literals |    Limit  Clauses Lit/Cl |          | Canonical Noncanon. |
=====================================================================================================
|       108 |    5644   193658 18956695 |     2000      108     58 |        0 |        24         8 |
|       482 |    5644   193882 18960357 |     2000      482     41 |        0 |        95       232 |
|      2537 |    5644   195712 18997013 |     3600     1537     16 |        0 |       613      2062 |
|      3839 |    5644   196677 19015179 |     3600     2839     17 |        0 |       880      3027 |
|      7734 |    5644   200066 19077488 |     5000     4934     16 |        0 |      2040      6416 |
|     13869 |    5644   205442 19183690 |     7558     5427     15 |        0 |      3311     11792 |
|     15270 |    5644   205704 19187761 |     7558     6828     29 |        0 |      3374     12054 |
|     17491 |    5644   206217 19196212 |     8782     5273     29 |        0 |      3420     12567 |
|     20233 |    5644   206397 19200315 |     8782     8015     48 |        0 |      3463     12747 |
|     24151 |    5644   206471 19202044 |     9991     7542     43 |        0 |      3514     12821 |
|     48882 |    5644   225436 19520596 |    14814     8696     13 |        0 |      6330     31786 |
|     93024 |    5644   260929 20179932 |    20815     9839     11 |        0 |     12646     67279 |
|    114005 |    5644   268936 20341950 |    22008    20413     53 |        0 |     13788     75286 |
|    151433 |    5644   286903 20673889 |    25613    23046     55 |        0 |     16829     93253 |
|    225866 |    5644   332144 21462959 |    31629    27495     42 |        0 |     24191    138494 |
|    337381 |    5644   399870 22519434 |    38813    35194     51 |        0 |     32073    206220 |
|    433750 |    5644   430555 22984944 |    44819    28569     33 |        0 |     34820    236905 |
|    628485 |    5644   526764 24484157 |    54421    27306     13 |        0 |     43988    333114 |
|    795938 |    5644   546428 24876986 |    60415    52753     43 |        0 |     48360    352778 |
=====================================================================================================
Number of solutions   : 0
Canonical subgraphs   : 57698          (16 /sec)
          order  3    : 1              (166667 /sec)
          order  4    : 1              (500000 /sec)
          order  5    : 1              (200000 /sec)
          order  6    : 1              (52632 /sec)
          order  7    : 1              (7634 /sec)
          order  8    : 2              (1316 /sec)
          order  9    : 6              (305 /sec)
          order 10    : 24             (89 /sec)
          order 11    : 112            (29 /sec)
          order 12    : 610            (18 /sec)
          order 13    : 3688           (19 /sec)
          order 14    : 16803          (20 /sec)
          order 15    : 31993          (17 /sec)
          order 16    : 3653           (9 /sec)
          order 17    : 611            (7 /sec)
          order 18    : 166            (5 /sec)
          order 19    : 25             (6 /sec)
          order 20    : 0              (-nan /sec)
          order 21    : 0              (-nan /sec)
          order 22    : 0              (-nan /sec)
Noncanonical subgraphs: 519396         (113 /sec)
          order  3    : 0              (-nan /sec)
          order  4    : 0              (-nan /sec)
          order  5    : 0              (-nan /sec)
          order  6    : 0              (-nan /sec)
          order  7    : 0              (-nan /sec)
          order  8    : 0              (-nan /sec)
          order  9    : 0              (-nan /sec)
          order 10    : 0              (-nan /sec)
          order 11    : 0              (-nan /sec)
          order 12    : 0              (-nan /sec)
          order 13    : 9002           (5981 /sec)
          order 14    : 75711          (912 /sec)
          order 15    : 30451          (1220 /sec)
          order 16    : 399282         (90 /sec)
          order 17    : 4429           (69 /sec)
          order 18    : 481            (45 /sec)
          order 19    : 40             (43 /sec)
          order 20    : 0              (-nan /sec)
          order 21    : 0              (-nan /sec)
Canonicity checking   : 3514.13 s
Noncanonicity checking: 4600.68 s
Total canonicity time : 8114.81 s
database reductions   : 56
restarts              : 2047
conflicts             : 1060821        (127 /sec)
decisions             : 1813977        (0.00 % random) (216 /sec)
propagations          : 47450580       (5660 /sec)
conflict literals     : 60685334       (57.48 % deleted)
actual reward         : 0.192790
Memory used           : 393.00 MB
CPU time              : 8382.96 s

UNSATISFIABLE
