c --- [ banner ] -------------------------------------------------------------
c 
c CaDiCaL Radically Simplified CDCL SAT Solver
c Copyright (c) 2016-2021 A. Biere, M. Fleury, N. Froleyks
c 
c Version 1.5.2 a5f15211db36c3956764e18194dd5bd63bf3b5e6
c g++ (GCC) 9.3.0 -Wall -Wextra -O3 -DNDEBUG
c Fri Oct 21 01:27:37 EDT 2022 Linux gra-login3 3.10.0-1160.66.1.el7.x86_64 x86_64
c 
c --- [ limit ] --------------------------------------------------------------
c 
c setting conflict limit to 200000 conflicts (due to '200000')
c 
c --- [ parsing input ] ------------------------------------------------------
c 
c reading DIMACS file from '33.cubes1606.adj'
c opening file to read '33.cubes1606.adj'
c found 'p cnf 6160 1595476' header
c parsed 1595476 clauses in 19.16 seconds process time
c closing file '33.cubes1606.adj'
c after reading 1457566783 bytes 1390.0 MB
c 
c --- [ options ] ------------------------------------------------------------
c 
c all options are set to their default value
c 
c --- [ solving ] ------------------------------------------------------------
c 
c time measured in process time since initialization
c 
c  seconds    reductions  redundant   irredundant
c          MB     restarts       trail       variables
c            level   conflicts       glue         remaining
c 
c * 19.16 1368  0 0   0    0    0  0% 0 1595422 2402 39%
c { 20.26 1422  0 0   0    0    0  0% 0 1595422 2402 39%
c i 20.43 1427 827 0   0   11   10 32% 1 1595422 2395 39%
c i 21.79 1480 691 0   2   23   21 32% 9 1595422 2342 38%
c i 21.92 1481 592 0   2   29   25 30% 7 1595422 2337 38%
c i 21.97 1482 518 0   3   33   27 28% 7 1595422 2327 38%
c i 22.55 1488 232 0   4   77   42 21% 7 1595422 2326 38%
c i 22.79 1490 227 0   5   81   44 21% 8 1595422 2324 38%
c i 23.05 1492 213 0   7   88   49 22% 10 1595422 2322 38%
c i 24.38 1504 167 0  20  137   95 24% 20 1595422 2321 38%
c i 24.53 1505 159 0  22  145  102 24% 19 1595422 2320 38%
c i 24.76 1506 159 0  24  154  106 24% 19 1595422 2315 38%
c i 25.08 1506 155 0  28  170  118 24% 21 1595422 2314 38%
c i 25.23 1506 149 0  31  181  127 24% 22 1595422 2313 38%
c i 25.23 1506 148 0  31  182  127 24% 21 1595422 2312 38%
c i 25.23 1506 147 0  31  185  128 24% 22 1595422 2311 38%
c i 25.71 1507 128 0  41  226  161 24% 22 1595422 2310 38%
c i 25.99 1507 123 0  42  240  173 24% 22 1595422 2309 37%
c i 26.54 1510 116 0  50  272  201 25% 23 1595422 2308 37%
c i 26.85 1510 112 0  53  299  222 25% 23 1595422 2303 37%
c 
c  seconds     reductions  redundant   irredundant
c          MB      restarts       trail       variables
c             level   conflicts       glue         remaining
c 
c - 30.47 1405 112 1  53  300  212 25% 23 254669 2303 37%
c i 30.72 1406 112 1  54  311  222 25% 24 254669 2302 37%
c i 30.81 1406 107 1  56  328  230 25% 23 254669 2301 37%
c i 30.81 1406 107 1  56  329  230 25% 22 254669 2300 37%
c i 30.81 1406 107 1  56  330  230 25% 22 254669 2299 37%
c i 30.90 1406 106 1  56  336  235 25% 22 254669 2298 37%
c i 31.33 1406 101 1  63  376  258 25% 24 254669 2297 37%
c i 31.36 1406 101 1  63  383  263 25% 24 254669 2296 37%
c i 31.38 1406 102 1  63  387  264 25% 24 254669 2293 37%
c i 31.71 1406 104 1  73  427  296 25% 25 254669 2292 37%
c i 31.71 1406 103 1  73  428  296 25% 25 254669 2291 37%
c i 31.71 1406 103 1  73  429  296 25% 25 254669 2290 37%
c i 32.12 1406 101 1  80  485  346 26% 25 254669 2289 37%
c i 32.12 1406 100 1  80  486  346 26% 25 254669 2288 37%
c i 32.16 1406 100 1  82  492  350 26% 25 254669 2287 37%
c i 32.22 1406 100 1  83  503  359 26% 26 254669 2286 37%
c i 32.26 1406 99 1  86  515  365 26% 26 254669 2279 37%
c i 32.30 1406 98 1  89  523  370 26% 26 254669 2278 37%
c i 32.57 1406 100 1  99  574  408 26% 28 254669 2276 37%
c i 32.65 1406 102 1 104  590  422 26% 27 254669 2268 37%
c 
c  seconds     reductions  redundant   irredundant
c          MB      restarts       trail       variables
c             level   conflicts       glue         remaining
c 
c i 32.70 1406 102 1 106  615  431 26% 27 254669 2261 37%
c i 32.71 1406 104 1 106  643  452 26% 26 254669 2255 37%
c i 32.81 1406 105 1 106  678  482 26% 27 254669 2254 37%
c i 33.16 1406 109 1 122  753  542 26% 30 254669 2253 37%
c i 33.45 1406 108 1 129  781  565 26% 30 254669 2252 37%
c i 33.68 1406 107 1 139  846  604 26% 30 254669 2251 37%
c i 33.69 1406 107 1 139  852  609 26% 30 254669 2250 37%
c i 33.69 1406 107 1 139  853  609 26% 30 254669 2249 37%
c i 33.97 1406 105 1 144  916  662 26% 31 254669 2248 36%
c i 34.11 1406 105 1 148  928  671 26% 31 254669 2247 36%
c i 34.22 1406 104 1 153  949  689 26% 31 254669 2246 36%
c i 34.43 1406 101 1 154  997  735 26% 30 254669 2245 36%
c } 34.43 1406 102 1 154 1000  738 26% 30 254669 2245 36%
c [ 34.43 1406  0 1 154 1000  738  0% 0 254669 2245 36%
c O 34.44 1406 77 1 154 1002  740 21% 3 254669 2245 36%
c i 34.53 1406 26 1 154 1015  751 27% 10 254669 2244 36%
c i 34.60 1406 23 1 154 1035  764 30% 14 254669 2243 36%
c i 34.60 1406 22 1 154 1037  765 30% 14 254669 2242 36%
c i 34.60 1406 22 1 154 1038  765 30% 14 254669 2241 36%
c i 34.60 1406 21 1 154 1042  768 30% 14 254669 2240 36%
c 
c  seconds    reductions  redundant   irredundant
c          MB     restarts       trail       variables
c            level   conflicts       glue         remaining
c 
c i 34.60 1406 21 1 154 1045  770 30% 14 254669 2239 36%
c i 34.61 1406 20 1 154 1048  772 30% 14 254669 2238 36%
c i 34.61 1406 20 1 154 1049  772 30% 13 254669 2237 36%
c i 34.61 1406 20 1 154 1051  772 30% 13 254669 2236 36%
c i 34.61 1406 19 1 154 1056  776 30% 13 254669 2235 36%
c i 34.61 1406 18 1 154 1067  782 30% 13 254669 2234 36%
c i 34.62 1406 18 1 154 1071  785 30% 13 254669 2233 36%
c i 34.64 1406 19 1 154 1100  807 30% 14 254669 2232 36%
c i 34.64 1406 19 1 154 1104  810 30% 14 254669 2231 36%
c i 34.65 1406 20 1 154 1116  820 30% 15 254669 2230 36%
c i 34.66 1406 20 1 154 1122  824 30% 15 254669 2229 36%
c - 35.12 1442 22 2 154 1144  742 30% 17 254125 2229 36%
c i 35.20 1442 22 2 154 1175  768 31% 17 254125 2228 36%
c i 35.26 1442 25 2 154 1387  946 31% 19 254125 2227 36%
c i 35.27 1442 25 2 154 1425  974 31% 19 254125 2226 36%
c i 35.27 1442 25 2 154 1453  997 31% 19 254125 2225 36%
c i 35.32 1442 24 2 154 1681 1172 31% 19 254125 2224 36%
c i 35.35 1442 24 2 154 1774 1251 31% 19 254125 2223 36%
c - 35.78 1442 24 3 155 2408 1435 32% 19 254108 2223 36%
c ] 36.19 1441 23 3 155 3003 1929 53% 19 254108 2223 36%
c 
c  seconds     reductions  redundant   irredundant
c          MB      restarts       trail       variables
c             level   conflicts       glue         remaining
c 
c { 36.19 1441 102 3 155 3003 1929 73% 30 254108 2223 36%
c F 36.19 1441 102 3 155 3004 1930 72% 30 254108 2223 36%
c - 36.80 1441 57 4 155 4095 1825 59% 21 254108 2223 36%
c i 37.00 1441 47 4 155 4667 2113 57% 18 254108 2222 36%
c d 37.46 1442 43 4 155 5000 2316 56% 17 254090 2214 36%
c 2 37.52 1442 43 4 155 5000 3176 56% 17 254080 2214 36%
c p 39.26 1442 43 4 155 5000 5778 56% 17 254080 2196 36%
c d 39.52 1442 43 4 155 5000 5666 56% 17 254022 2193 36%
c # 42.45 1442 46 4 340 6005 6502 53% 21 254022 2193 36%
c - 42.90 1348 45 5 340 6203 2609 53% 20 254022 2193 36%
c } 44.73 1348 45 5 420 7003 3255 51% 21 254022 2193 36%
c [ 44.73 1348 23 5 420 7003 3255 53% 19 254022 2193 36%
c ] 45.14 1348 25 5 421 8153 3955 52% 20 254022 2193 36%
c 1 45.14 1348 25 5 421 8153 3955 52% 20 254022 2193 36%
c 
c --- [ writing output ] -----------------------------------------------------
c 
c writing simplified CNF to DIMACS file 'simp/33.cubes1606.adj.simp1'
c * 45.14 1348 25 5 421 8153 3955 52% 20 254022 2193 36%
c opening file to write 'simp/33.cubes1606.adj.simp1'
c writing 'p cnf 6160 254022' header
c closing file 'simp/33.cubes1606.adj.simp1'
c after writing 108389854 bytes 103.4 MB
c wrote 254022 clauses in 0.81 seconds process time
c 
c --- [ writing extension ] --------------------------------------------------
c 
c writing extension stack to 'simp/33.cubes1606.adj.ext1'
c opening file to write 'simp/33.cubes1606.adj.ext1'
c closing file 'simp/33.cubes1606.adj.ext1'
c after writing 12475 bytes 0.0 MB
c wrote 834 witnesses in 0.00 seconds process time
c 
c --- [ result ] -------------------------------------------------------------
c 
s SATISFIABLE
c 
c --- [ run-time profiling ] -------------------------------------------------
c 
c process time taken by individual solving procedures
c (percentage relative to process time for solving)
c 
c        23.55   90.67% search
c        20.29   78.10% unstable
c        19.16   73.75% parse
c         2.42    9.33% simplify
c         2.17    8.34% stable
c         1.74    6.69% probe
c         1.10    4.22% lucky
c         0.04    0.14% ternary
c   =================================
c        25.98   56.53% solve
c 
c last line shows process time for solving
c (percentage relative to total process time)
c 
c --- [ statistics ] ---------------------------------------------------------
c 
c chronological:              2238        27.45 %  of conflicts
c conflicts:                  8153       313.84    per second
c decisions:                 48298      1859.18    per second
c fixed:                       812        13.18 %  of all variables
c learned:                    7929        97.25 %  per conflict
c learned_lits:            1259331       100.00 %  learned literals
c minimized:                     0         0.00 %  learned literals
c shrunken:                 671017        53.28 %  learned literals
c minishrunken:             132095        10.49 %  learned literals
c propagations:            1366763         0.05 M  per second
c reduced:                    2096        25.71 %  per conflict
c rephased:                      3      2717.67    interval
c restarts:                    421        19.37    interval
c stabilizing:                   2        38.67 %  of conflicts
c substituted:                  11         0.18 %  of all variables
c subsumed:                   1975         0.06 %  of all clauses
c ternary:                     860         0.53 %  of resolved
c weakened:                     22         2.00    average size
c 
c seconds are measured in process time for solving
c 
c --- [ resources ] ----------------------------------------------------------
c 
c total process time since initialization:        45.95    seconds
c total real time since initialization:           46.24    seconds
c maximum resident set size of process:         1537.80    MB
c 
c --- [ shutting down ] ------------------------------------------------------
c 
c exit 10
WARNING! DIMACS header mismatch: wrong number of variables.
============================[ Problem Statistics ]=============================
|                                                                             |
|  Number of variables:          6120                                         |
|  Number of clauses:          254022                                         |
|  Parse time:                   1.40 s                                       |
|  Simplification time:          0.03 s                                       |
|                                                                             |
============================[ Search Statistics ]====================================================
| Conflicts |          ORIGINAL         |          LEARNT          | Num Sols |      SUBGRAPHS      |
|           |    Vars  Clauses Literals |    Limit  Clauses Lit/Cl |          | Canonical Noncanon. |
=====================================================================================================
|       102 |    6028   254024 23522896 |     2000      102     64 |        0 |        15         2 |
|       253 |    6028   254025 23522911 |     2000      253     72 |        0 |        34         3 |
|       512 |    6028   254059 23523938 |     2000      512     83 |        0 |        52        37 |
|      1668 |    6028   254878 23540571 |     2000     1668     46 |        0 |       334       856 |
|      2326 |    6028   255030 23543517 |     3606     1332     25 |        0 |       407      1008 |
|      3647 |    6028   255592 23553501 |     3606     2653     39 |        0 |       523      1570 |
|      6026 |    6028   256832 23576812 |     5004     3230     21 |        0 |      1009      2810 |
|      7851 |    6028   256949 23579421 |     6309     2560     20 |        0 |      1128      2927 |
|     10654 |    6028   257190 23585698 |     6309     5363     62 |        0 |      1301      3168 |
|     20246 |    6028   262938 23695903 |     8778     8024     26 |        0 |      2365      8916 |
|     26434 |    6028   263360 23705789 |     9994     9828     62 |        0 |      2588      9338 |
|     36585 |    6028   264862 23736325 |    12411     9396     60 |        0 |      3118     10840 |
|     51274 |    6028   266577 23774652 |    14804    11078     46 |        0 |      4396     12555 |
|     74400 |    6028   270242 23851726 |    18419    10219     30 |        0 |      5589     16220 |
|    106890 |    6028   273540 23918383 |    22011    13301     35 |        0 |      7742     19518 |
|    158245 |    6028   281106 24064369 |    26811    17056     34 |        0 |     10159     27084 |
|    242680 |    6028   299857 24408974 |    32812    28492     58 |        0 |     16378     45835 |
|    427416 |    6028   386067 25778735 |    44822    22238     17 |        0 |     30704    132045 |
|    909878 |    6028   720740 30415795 |    65216    42294     18 |        0 |     54880    466718 |
|   1184303 |    6028   773482 31132092 |    74834    39137     18 |        0 |     76513    519460 |
|   1671497 |    6028   928151 33318849 |    88025    81922     54 |        0 |    118153    674129 |
|   2314227 |    6028  1072093 35324897 |   104815    54042     17 |        0 |    167006    818071 |
|   3320711 |    5973   446380 16793578 |   124410    87321     47 |        0 |    243436   1076373 |
=====================================================================================================
Number of solutions   : 0
Canonical subgraphs   : 307379         (25 /sec)
          order  3    : 1              (166667 /sec)
          order  4    : 1              (500000 /sec)
          order  5    : 1              (250000 /sec)
          order  6    : 1              (55556 /sec)
          order  7    : 1              (8696 /sec)
          order  8    : 2              (1363 /sec)
          order  9    : 7              (354 /sec)
          order 10    : 33             (116 /sec)
          order 11    : 150            (38 /sec)
          order 12    : 1190           (26 /sec)
          order 13    : 7040           (28 /sec)
          order 14    : 62045          (24 /sec)
          order 15    : 81639          (32 /sec)
          order 16    : 68827          (26 /sec)
          order 17    : 44518          (21 /sec)
          order 18    : 26798          (22 /sec)
          order 19    : 11050          (22 /sec)
          order 20    : 2598           (24 /sec)
          order 21    : 1477           (25 /sec)
          order 22    : 0              (-nan /sec)
Noncanonical subgraphs: 1201664        (166 /sec)
          order  3    : 0              (-nan /sec)
          order  4    : 0              (-nan /sec)
          order  5    : 0              (-nan /sec)
          order  6    : 0              (-nan /sec)
          order  7    : 0              (-nan /sec)
          order  8    : 0              (-nan /sec)
          order  9    : 0              (-nan /sec)
          order 10    : 0              (-nan /sec)
          order 11    : 0              (-nan /sec)
          order 12    : 0              (-nan /sec)
          order 13    : 25012          (3394 /sec)
          order 14    : 95487          (1548 /sec)
          order 15    : 997143         (154 /sec)
          order 16    : 54565          (185 /sec)
          order 17    : 27507          (92 /sec)
          order 18    : 265            (669 /sec)
          order 19    : 62             (661 /sec)
          order 20    : 11             (630 /sec)
          order 21    : 6              (868 /sec)
Canonicity checking   : 12107.6 s
Noncanonicity checking: 7218.07 s
Total canonicity time : 19325.6 s
database reductions   : 113
restarts              : 7164
conflicts             : 4027499        (193 /sec)
decisions             : 6077973        (0.00 % random) (292 /sec)
propagations          : 392353340      (18845 /sec)
conflict literals     : 339589957      (54.12 % deleted)
actual reward         : 0.124227
Memory used           : 499.00 MB
CPU time              : 20820 s

UNSATISFIABLE
