c --- [ banner ] -------------------------------------------------------------
c 
c CaDiCaL Radically Simplified CDCL SAT Solver
c Copyright (c) 2016-2021 A. Biere, M. Fleury, N. Froleyks
c 
c Version 1.5.2 a5f15211db36c3956764e18194dd5bd63bf3b5e6
c g++ (GCC) 9.3.0 -Wall -Wextra -O3 -DNDEBUG
c Fri Oct 21 01:27:37 EDT 2022 Linux gra-login3 3.10.0-1160.66.1.el7.x86_64 x86_64
c 
c --- [ limit ] --------------------------------------------------------------
c 
c setting conflict limit to 200000 conflicts (due to '200000')
c 
c --- [ parsing input ] ------------------------------------------------------
c 
c reading DIMACS file from '33.cubes444.adj'
c opening file to read '33.cubes444.adj'
c found 'p cnf 6160 1595470' header
c parsed 1595470 clauses in 20.18 seconds process time
c closing file '33.cubes444.adj'
c after reading 1457566742 bytes 1390.0 MB
c 
c --- [ options ] ------------------------------------------------------------
c 
c all options are set to their default value
c 
c --- [ solving ] ------------------------------------------------------------
c 
c time measured in process time since initialization
c 
c  seconds    reductions  redundant   irredundant
c          MB     restarts       trail       variables
c            level   conflicts       glue         remaining
c 
c * 20.18 1362  0 0   0    0    0  0% 0 1595422 2403 39%
c { 21.72 1433  0 0   0    0    0  0% 0 1595422 2403 39%
c i 23.38 1477 627 0   3   24   21 29% 6 1595422 2402 39%
c i 24.50 1495 424 0   9   42   38 29% 30 1595422 2398 39%
c i 24.92 1499 375 0  12   54   49 28% 47 1595422 2394 39%
c i 25.37 1504 335 0  17   69   62 28% 49 1595422 2392 39%
c i 25.44 1504 333 0  18   74   66 27% 46 1595422 2391 39%
c i 26.01 1506 295 0  21  130  112 26% 39 1595422 2390 39%
c i 26.30 1506 270 0  21  148  128 26% 38 1595422 2389 39%
c i 26.32 1506 264 0  21  155  133 26% 40 1595422 2388 39%
c i 26.38 1506 259 0  22  160  137 26% 39 1595422 2387 39%
c i 26.40 1506 253 0  22  167  142 27% 39 1595422 2385 39%
c i 26.57 1506 205 0  23  211  158 25% 34 1595422 2379 39%
c i 26.80 1506 197 0  23  225  169 26% 35 1595422 2376 39%
c i 26.83 1507 197 0  23  226  169 26% 34 1595422 2375 39%
c i 26.93 1507 189 0  23  238  180 26% 34 1595422 2374 39%
c i 27.24 1507 177 0  27  272  211 26% 36 1595422 2373 39%
c i 27.36 1507 175 0  29  278  216 26% 36 1595422 2372 39%
c i 27.37 1507 174 0  30  280  216 26% 36 1595422 2371 38%
c i 27.41 1507 171 0  30  287  222 27% 36 1595422 2370 38%
c 
c  seconds     reductions  redundant    irredundant
c          MB      restarts       trail        variables
c             level   conflicts       glue          remaining
c 
c i 27.55 1508 166 0  30  300  234 27% 35 1595422 2369 38%
c - 31.23 1390 166 1  30  300  234 27% 35 314003 2369 38%
c i 31.41 1390 163 1  30  311  243 27% 35 314003 2368 38%
c i 31.51 1390 159 1  32  347  275 27% 36 314003 2367 38%
c i 31.51 1390 158 1  32  348  275 27% 36 314003 2366 38%
c i 31.51 1390 158 1  33  349  275 27% 36 314003 2365 38%
c i 31.51 1390 157 1  33  350  275 27% 36 314003 2364 38%
c i 31.65 1390 150 1  36  379  300 27% 36 314003 2363 38%
c i 31.72 1390 148 1  37  388  307 27% 36 314003 2362 38%
c i 32.10 1390 144 1  38  459  360 27% 36 314003 2361 38%
c i 32.17 1391 144 1  39  472  368 27% 37 314003 2360 38%
c i 32.45 1391 144 1  44  498  391 26% 37 314003 2358 38%
c i 32.48 1391 145 1  45  504  396 26% 38 314003 2357 38%
c i 32.68 1391 141 1  52  535  417 27% 39 314003 2356 38%
c i 32.75 1391 139 1  54  548  425 27% 38 314003 2355 38%
c i 32.86 1391 132 1  55  587  461 27% 37 314003 2354 38%
c i 33.02 1391 124 1  55  645  516 27% 36 314003 2353 38%
c i 33.03 1391 124 1  55  646  516 27% 36 314003 2352 38%
c i 33.04 1391 123 1  55  653  522 27% 36 314003 2351 38%
c i 33.04 1391 123 1  55  655  523 27% 36 314003 2350 38%
c 
c  seconds     reductions  redundant   irredundant
c          MB      restarts       trail       variables
c             level   conflicts       glue         remaining
c 
c i 33.04 1391 122 1  55  658  525 27% 36 314003 2349 38%
c i 33.10 1391 119 1  55  681  545 27% 35 314003 2348 38%
c i 33.14 1391 118 1  55  698  554 27% 35 314003 2347 38%
c i 33.16 1391 117 1  55  701  556 27% 35 314003 2346 38%
c i 33.18 1391 117 1  55  709  560 27% 34 314003 2342 38%
c i 33.21 1391 118 1  55  715  561 27% 34 314003 2337 38%
c i 33.24 1391 118 1  55  722  566 27% 34 314003 2335 38%
c i 33.29 1391 118 1  55  728  571 27% 34 314003 2334 38%
c i 33.30 1391 118 1  55  733  575 27% 34 314003 2333 38%
c i 33.31 1391 118 1  55  739  579 27% 34 314003 2332 38%
c i 33.32 1391 118 1  55  741  580 27% 34 314003 2331 38%
c i 33.32 1391 118 1  55  744  582 27% 34 314003 2330 38%
c i 33.46 1391 117 1  57  778  608 27% 34 314003 2329 38%
c i 33.61 1391 117 1  57  805  628 27% 34 314003 2328 38%
c i 33.66 1391 117 1  57  821  642 27% 34 314003 2327 38%
c i 33.68 1391 116 1  57  827  645 27% 34 314003 2326 38%
c i 33.79 1391 115 1  62  855  660 27% 34 314003 2325 38%
c i 34.03 1391 115 1  66  878  678 27% 34 314003 2324 38%
c i 34.11 1391 114 1  66  897  693 27% 34 314003 2323 38%
c i 34.16 1391 112 1  66  916  704 27% 34 314003 2322 38%
c 
c  seconds     reductions  redundant   irredundant
c          MB      restarts       trail       variables
c             level   conflicts       glue         remaining
c 
c i 34.20 1391 111 1  66  935  717 27% 34 314003 2321 38%
c i 34.21 1391 110 1  66  943  723 27% 34 314003 2320 38%
c } 34.79 1391 108 1  78 1002  775 27% 34 314003 2320 38%
c [ 34.79 1391  0 1  78 1002  775  0% 0 314003 2320 38%
c O 34.84 1391  5 1  78 1003  776 17% 3 314003 2320 38%
c i 35.01 1391  7 1  78 1041  783 21% 6 314003 2319 38%
c i 35.17 1391 17 1  78 1080  816 26% 14 314003 2318 38%
c i 35.26 1391 19 1  78 1115  837 27% 16 314003 2317 38%
c i 35.29 1391 20 1  78 1131  845 27% 17 314003 2316 38%
c i 35.30 1391 20 1  78 1135  847 27% 17 314003 2315 38%
c - 35.97 1516 21 2  78 1199  798 29% 19 313841 2315 38%
c i 36.05 1516 21 2  78 1206  804 29% 19 313841 2314 38%
c i 36.13 1516 21 2  78 1224  816 29% 19 313841 2313 38%
c i 36.19 1516 21 2  78 1257  838 29% 19 313841 2312 38%
c i 36.20 1516 21 2  78 1260  840 29% 19 313841 2311 38%
c i 36.38 1516 22 2  78 1492 1031 31% 19 313841 2310 38%
c i 36.38 1516 22 2  78 1498 1035 31% 19 313841 2309 37%
c i 36.38 1516 22 2  78 1500 1034 31% 19 313841 2308 37%
c i 36.39 1516 22 2  78 1518 1050 31% 19 313841 2307 37%
c i 36.41 1516 22 2  78 1536 1066 31% 19 313841 2306 37%
c 
c  seconds    reductions  redundant   irredundant
c          MB     restarts       trail       variables
c            level   conflicts       glue         remaining
c 
c i 36.42 1516 22 2  78 1541 1070 31% 19 313841 2305 37%
c i 36.42 1516 22 2  78 1542 1070 31% 19 313841 2304 37%
c ] 36.46 1516 22 2  78 1640 1157 31% 20 313841 2304 37%
c 1 36.46 1516 22 2  78 1640 1157 31% 20 313841 2304 37%
c 
c --- [ writing output ] -----------------------------------------------------
c 
c writing simplified CNF to DIMACS file 'simp/33.cubes444.adj.simp1'
c * 36.46 1516 22 2  78 1640 1157 31% 20 313841 2304 37%
c opening file to write 'simp/33.cubes444.adj.simp1'
c writing 'p cnf 6160 313808' header
c closing file 'simp/33.cubes444.adj.simp1'
c after writing 138237697 bytes 131.8 MB
c wrote 313808 clauses in 1.13 seconds process time
c 
c --- [ writing extension ] --------------------------------------------------
c 
c writing extension stack to 'simp/33.cubes444.adj.ext1'
c opening file to write 'simp/33.cubes444.adj.ext1'
c closing file 'simp/33.cubes444.adj.ext1'
c after writing 10596 bytes 0.0 MB
c wrote 712 witnesses in 0.00 seconds process time
c 
c --- [ result ] -------------------------------------------------------------
c 
s SATISFIABLE
c 
c --- [ run-time profiling ] -------------------------------------------------
c 
c process time taken by individual solving procedures
c (percentage relative to process time for solving)
c 
c        20.18  123.90% parse
c        16.28  100.00% search
c        13.08   80.30% unstable
c         1.67   10.24% stable
c         1.54    9.45% lucky
c         0.00    0.00% simplify
c   =================================
c        16.28   43.32% solve
c 
c last line shows process time for solving
c (percentage relative to total process time)
c 
c --- [ statistics ] ---------------------------------------------------------
c 
c chronological:               515        31.40 %  of conflicts
c conflicts:                  1640       100.72    per second
c decisions:                 19236      1181.32    per second
c fixed:                       712        11.56 %  of all variables
c learned:                    1601        97.62 %  per conflict
c learned_lits:             279919       100.00 %  learned literals
c minimized:                     0         0.00 %  learned literals
c shrunken:                 108818        38.87 %  learned literals
c minishrunken:              38694        13.82 %  learned literals
c propagations:             301973         0.02 M  per second
c reduced:                      98         5.98 %  per conflict
c rephased:                      1      1640.00    interval
c restarts:                     78        21.03    interval
c stabilizing:                   1        38.90 %  of conflicts
c subsumed:                    259         0.01 %  of all clauses
c 
c seconds are measured in process time for solving
c 
c --- [ resources ] ----------------------------------------------------------
c 
c total process time since initialization:        37.59    seconds
c total real time since initialization:           38.25    seconds
c maximum resident set size of process:         1516.19    MB
c 
c --- [ shutting down ] ------------------------------------------------------
c 
c exit 10
WARNING! DIMACS header mismatch: wrong number of variables.
============================[ Problem Statistics ]=============================
|                                                                             |
|  Number of variables:          6120                                         |
|  Number of clauses:          313808                                         |
|  Parse time:                   1.88 s                                       |
|  Simplification time:          0.05 s                                       |
|                                                                             |
============================[ Search Statistics ]====================================================
| Conflicts |          ORIGINAL         |          LEARNT          | Num Sols |      SUBGRAPHS      |
|           |    Vars  Clauses Literals |    Limit  Clauses Lit/Cl |          | Canonical Noncanon. |
=====================================================================================================
|       100 |    6022   313808 30485832 |     2000       94     94 |        0 |        17         0 |
|       250 |    6020   313808 30485832 |     2000      242    102 |        0 |        30         0 |
|       546 |    6009   313879 30487717 |     2000      527     88 |        0 |        61        71 |
|      1157 |    6005   314153 30493520 |     2000     1134     70 |        0 |       144       345 |
|      1785 |    6000   314275 30496533 |     2000     1757     71 |        0 |       210       467 |
|      2766 |    5994   314497 30501510 |     3588     1748     58 |        0 |       258       689 |
|      3991 |    5990   314583 30503066 |     3588     2969     73 |        0 |       304       775 |
|      5911 |    5990   314795 30507660 |     4992     3103     59 |        0 |       370       987 |
|      9193 |    5990   315515 30521896 |     6301     3894     53 |        0 |       664      1707 |
|     14738 |    5990   317216 30558039 |     7550     6288     49 |        0 |      1151      3408 |
|     22760 |    5990   319472 30607522 |     9994     6154     32 |        0 |      2039      5664 |
|     32308 |    5990   320371 30626099 |    11201    10709     69 |        0 |      2295      6563 |
|     45598 |    5990   320687 30634235 |    13603    12201     71 |        0 |      2392      6879 |
|     70036 |    5990   325664 30735851 |    17219    14455     64 |        0 |      3453     11856 |
|    108995 |    5989   335431 30932960 |    22018    15412     61 |        0 |      5780     21623 |
|    158983 |    5989   341630 31040768 |    26819    17802     60 |        0 |      8072     27822 |
|    234959 |    5989   351805 31205097 |    32819    20774     53 |        0 |     11384     38114 |
|    366317 |    5988   384637 31764131 |    41217    24734     49 |        0 |     19699     70946 |
|    557081 |    5988   427609 32408054 |    50814    33895     58 |        0 |     32282    113921 |
|    827481 |    5988   476326 33048827 |    61612    54093     74 |        0 |     50872    162638 |
|   1302020 |    5987   618318 35067419 |    78395    42815     34 |        0 |     76281    304652 |
|   1970287 |    5985   787791 37469724 |    96419    60106     40 |        0 |    111071    474131 |
|   2969140 |    5948   529268 33336414 |   115580    97120     68 |        0 |    161273    724802 |
=====================================================================================================
Number of solutions   : 0
Canonical subgraphs   : 173106         (59 /sec)
          order  3    : 1              (200000 /sec)
          order  4    : 1              (500000 /sec)
          order  5    : 1              (200000 /sec)
          order  6    : 1              (55556 /sec)
          order  7    : 2              (10471 /sec)
          order  8    : 6              (2634 /sec)
          order  9    : 16             (613 /sec)
          order 10    : 85             (229 /sec)
          order 11    : 621            (137 /sec)
          order 12    : 4962           (92 /sec)
          order 13    : 21139          (64 /sec)
          order 14    : 50605          (70 /sec)
          order 15    : 53813          (60 /sec)
          order 16    : 19915          (46 /sec)
          order 17    : 13092          (43 /sec)
          order 18    : 4139           (44 /sec)
          order 19    : 1592           (54 /sec)
          order 20    : 1484           (59 /sec)
          order 21    : 1631           (57 /sec)
          order 22    : 0              (-nan /sec)
Noncanonical subgraphs: 787843         (455 /sec)
          order  3    : 0              (-nan /sec)
          order  4    : 0              (-nan /sec)
          order  5    : 0              (-nan /sec)
          order  6    : 0              (-nan /sec)
          order  7    : 0              (-nan /sec)
          order  8    : 0              (-nan /sec)
          order  9    : 0              (-nan /sec)
          order 10    : 0              (-nan /sec)
          order 11    : 0              (-nan /sec)
          order 12    : 0              (-nan /sec)
          order 13    : 106485         (1226 /sec)
          order 14    : 582067         (416 /sec)
          order 15    : 83995          (526 /sec)
          order 16    : 13251          (252 /sec)
          order 17    : 182            (646 /sec)
          order 18    : 38             (1676 /sec)
          order 19    : 13             (398 /sec)
          order 20    : 24             (683 /sec)
          order 21    : 0              (-nan /sec)
Canonicity checking   : 2918.23 s
Noncanonicity checking: 1732.82 s
Total canonicity time : 4651.05 s
database reductions   : 100
restarts              : 5692
conflicts             : 3220095        (466 /sec)
decisions             : 4589561        (0.00 % random) (664 /sec)
propagations          : 418086857      (60444 /sec)
conflict literals     : 329590328      (51.97 % deleted)
actual reward         : 0.092825
Memory used           : 500.00 MB
CPU time              : 6916.93 s

UNSATISFIABLE
