c --- [ banner ] -------------------------------------------------------------
c 
c CaDiCaL Radically Simplified CDCL SAT Solver
c Copyright (c) 2016-2021 A. Biere, M. Fleury, N. Froleyks
c 
c Version 1.5.2 a5f15211db36c3956764e18194dd5bd63bf3b5e6
c g++ (GCC) 9.3.0 -Wall -Wextra -O3 -DNDEBUG
c Fri Oct 21 01:27:37 EDT 2022 Linux gra-login3 3.10.0-1160.66.1.el7.x86_64 x86_64
c 
c --- [ limit ] --------------------------------------------------------------
c 
c setting conflict limit to 200000 conflicts (due to '200000')
c 
c --- [ parsing input ] ------------------------------------------------------
c 
c reading DIMACS file from '33.cubes6.adj'
c opening file to read '33.cubes6.adj'
c found 'p cnf 6160 1595465' header
c parsed 1595465 clauses in 18.94 seconds process time
c closing file '33.cubes6.adj'
c after reading 1457566710 bytes 1390.0 MB
c 
c --- [ options ] ------------------------------------------------------------
c 
c all options are set to their default value
c 
c --- [ solving ] ------------------------------------------------------------
c 
c time measured in process time since initialization
c 
c  seconds    reductions  redundant   irredundant
c          MB     restarts       trail       variables
c            level   conflicts       glue         remaining
c 
c * 18.95 1347  0 0   0    0    0  0% 0 1595422 2452 40%
c { 19.73 1400  0 0   0    0    0  0% 0 1595422 2452 40%
c i 20.24 1411 1613 0   0   13   10 41% 1 1595422 2428 39%
c i 22.16 1465 780 0   4   65   52 35% 11 1595422 2426 39%
c i 22.81 1480 537 0  11   93   64 32% 12 1595422 2425 39%
c i 22.83 1480 531 0  11   94   64 32% 12 1595422 2424 39%
c i 22.83 1480 525 0  12   95   64 32% 11 1595422 2423 39%
c i 22.92 1481 520 0  12   96   64 32% 11 1595422 2422 39%
c i 22.98 1481 509 0  12   98   65 32% 12 1595422 2421 39%
c i 23.02 1481 489 0  13  102   68 32% 12 1595422 2420 39%
c i 23.03 1481 484 0  14  103   68 32% 12 1595422 2419 39%
c i 23.30 1484 470 0  15  106   70 32% 12 1595422 2418 39%
c i 23.32 1484 462 0  15  108   71 32% 12 1595422 2417 39%
c i 23.80 1486 371 0  24  140   89 30% 17 1595422 2416 39%
c i 23.95 1486 355 0  26  146   93 30% 16 1595422 2415 39%
c i 23.96 1486 352 0  26  147   93 30% 16 1595422 2414 39%
c i 24.07 1487 336 0  28  154   99 29% 16 1595422 2413 39%
c i 24.07 1487 334 0  28  155   99 29% 16 1595422 2412 39%
c i 24.30 1488 319 0  28  162  103 29% 15 1595422 2411 39%
c i 24.51 1489 274 0  28  195  123 29% 15 1595422 2410 39%
c 
c  seconds     reductions  redundant    irredundant
c          MB      restarts       trail        variables
c             level   conflicts       glue          remaining
c 
c i 24.52 1489 273 0  28  196  123 29% 15 1595422 2409 39%
c i 24.59 1489 265 0  28  201  127 29% 14 1595422 2408 39%
c i 24.60 1490 264 0  28  202  127 29% 14 1595422 2407 39%
c i 24.95 1491 249 0  28  214  136 29% 14 1595422 2406 39%
c i 24.98 1491 244 0  28  218  139 29% 14 1595422 2405 39%
c i 24.99 1491 243 0  28  219  139 29% 14 1595422 2404 39%
c i 24.99 1491 242 0  28  220  139 29% 14 1595422 2403 39%
c i 24.99 1491 241 0  28  221  139 29% 14 1595422 2402 39%
c i 24.99 1491 240 0  28  222  139 29% 14 1595422 2401 39%
c i 25.00 1491 239 0  28  223  139 29% 14 1595422 2400 39%
c i 25.01 1491 235 0  28  226  141 29% 14 1595422 2399 39%
c i 25.17 1492 229 0  28  233  145 29% 14 1595422 2398 39%
c i 25.22 1492 222 0  28  241  152 29% 14 1595422 2397 39%
c i 25.24 1492 217 0  28  248  157 29% 13 1595422 2396 39%
c i 25.25 1492 211 0  28  254  162 29% 13 1595422 2395 39%
c i 25.29 1492 199 0  28  269  171 29% 13 1595422 2394 39%
c i 25.31 1492 197 0  28  272  172 29% 13 1595422 2393 39%
c i 25.34 1492 194 0  28  277  175 29% 13 1595422 2392 39%
c i 25.35 1492 188 0  28  285  180 29% 13 1595422 2391 39%
c i 25.36 1492 186 0  28  289  183 29% 13 1595422 2390 39%
c 
c  seconds     reductions  redundant   irredundant
c          MB      restarts       trail       variables
c             level   conflicts       glue         remaining
c 
c - 29.20 1428 180 1  28  300  190 29% 13 464304 2390 39%
c i 29.36 1396 176 1  28  308  196 29% 13 464304 2389 39%
c i 29.42 1396 174 1  28  311  198 29% 13 464304 2388 39%
c i 29.44 1396 172 1  28  315  201 29% 12 464304 2387 39%
c i 29.47 1396 170 1  28  319  204 29% 13 464304 2386 39%
c i 29.47 1396 169 1  28  320  204 29% 12 464304 2385 39%
c i 29.47 1396 169 1  28  321  204 29% 12 464304 2384 39%
c i 29.47 1396 168 1  28  322  204 29% 12 464304 2383 39%
c i 29.47 1396 168 1  28  323  204 29% 12 464304 2382 39%
c i 29.47 1396 167 1  28  324  204 29% 12 464304 2381 39%
c i 29.47 1396 167 1  28  325  204 29% 12 464304 2380 39%
c i 29.47 1396 166 1  28  326  204 29% 12 464304 2379 39%
c i 29.47 1396 165 1  28  327  204 29% 12 464304 2378 39%
c i 29.47 1396 165 1  28  328  204 29% 12 464304 2377 39%
c i 29.48 1396 163 1  28  333  208 29% 12 464304 2376 39%
c i 29.51 1396 159 1  28  341  215 28% 12 464304 2375 39%
c i 29.51 1396 158 1  28  343  216 28% 12 464304 2374 39%
c i 29.65 1396 147 1  34  374  234 28% 13 464304 2373 39%
c i 29.65 1396 147 1  34  375  234 28% 13 464304 2372 39%
c i 29.65 1396 146 1  35  376  234 28% 13 464304 2371 38%
c 
c  seconds     reductions  redundant   irredundant
c          MB      restarts       trail       variables
c             level   conflicts       glue         remaining
c 
c i 29.65 1396 146 1  35  377  234 28% 13 464304 2370 38%
c i 29.65 1396 146 1  35  378  234 28% 13 464304 2369 38%
c i 29.65 1396 145 1  35  379  234 28% 12 464304 2368 38%
c i 29.65 1396 145 1  35  380  234 28% 12 464304 2367 38%
c i 29.65 1396 144 1  35  381  234 28% 12 464304 2366 38%
c i 29.68 1396 143 1  35  385  237 28% 12 464304 2365 38%
c i 29.72 1396 142 1  35  390  240 28% 12 464304 2364 38%
c i 29.72 1396 141 1  35  392  241 28% 12 464304 2363 38%
c i 29.87 1396 136 1  41  415  259 28% 14 464304 2362 38%
c i 29.92 1396 138 1  43  426  265 28% 14 464304 2360 38%
c i 29.98 1396 140 1  46  448  275 27% 14 464304 2349 38%
c i 29.98 1396 140 1  47  449  275 27% 13 464304 2348 38%
c i 29.98 1396 139 1  47  450  275 27% 13 464304 2347 38%
c i 29.98 1396 139 1  47  451  275 27% 13 464304 2346 38%
c i 29.98 1396 139 1  48  452  275 27% 13 464304 2345 38%
c i 29.98 1396 138 1  48  453  275 27% 13 464304 2344 38%
c i 29.98 1396 138 1  48  454  275 27% 13 464304 2343 38%
c i 29.98 1396 138 1  48  455  275 27% 13 464304 2342 38%
c i 29.98 1396 137 1  48  456  275 27% 13 464304 2341 38%
c i 29.98 1396 136 1  48  461  279 27% 13 464304 2340 38%
c 
c  seconds     reductions  redundant   irredundant
c          MB      restarts       trail       variables
c             level   conflicts       glue         remaining
c 
c i 30.06 1396 139 1  48  476  290 27% 13 464304 2338 38%
c i 30.13 1396 140 1  48  480  293 27% 14 464304 2337 38%
c i 30.15 1396 142 1  52  498  310 27% 14 464304 2336 38%
c i 30.19 1396 139 1  60  538  335 27% 15 464304 2329 38%
c i 30.19 1396 140 1  61  540  336 27% 15 464304 2328 38%
c i 30.27 1396 141 1  66  560  349 27% 18 464304 2327 38%
c i 30.28 1396 140 1  67  561  349 27% 18 464304 2326 38%
c i 30.31 1397 139 1  68  569  354 27% 18 464304 2325 38%
c i 30.39 1397 137 1  70  578  362 27% 18 464304 2324 38%
c i 30.46 1397 136 1  71  580  363 27% 18 464304 2323 38%
c i 30.46 1397 136 1  71  581  363 27% 18 464304 2322 38%
c i 30.53 1397 135 1  73  586  367 27% 17 464304 2321 38%
c i 30.60 1397 135 1  74  588  368 27% 17 464304 2320 38%
c i 30.62 1397 134 1  75  591  370 27% 17 464304 2319 38%
c i 30.62 1397 133 1  76  594  371 27% 17 464304 2318 38%
c i 30.63 1397 133 1  76  596  372 27% 17 464304 2317 38%
c i 30.65 1397 132 1  78  603  376 27% 17 464304 2316 38%
c i 30.65 1397 131 1  79  606  378 27% 17 464304 2315 38%
c i 30.79 1397 132 1  82  627  396 26% 18 464304 2314 38%
c i 30.83 1397 132 1  83  631  399 26% 17 464304 2313 38%
c 
c  seconds     reductions  redundant   irredundant
c          MB      restarts       trail       variables
c             level   conflicts       glue         remaining
c 
c i 30.89 1397 131 1  86  638  404 26% 17 464304 2312 38%
c i 31.04 1397 131 1  99  702  447 26% 20 464304 2302 37%
c i 31.04 1397 131 1 100  720  452 26% 19 464304 2289 37%
c i 31.04 1397 131 1 101  725  456 26% 19 464304 2288 37%
c i 31.12 1397 131 1 104  753  472 26% 20 464304 2285 37%
c i 31.17 1397 131 1 107  769  483 26% 20 464304 2284 37%
c i 31.17 1397 131 1 107  770  483 26% 20 464304 2283 37%
c i 31.17 1397 131 1 108  774  485 26% 20 464304 2282 37%
c i 31.26 1397 130 1 110  778  488 26% 20 464304 2281 37%
c i 31.26 1397 130 1 110  779  488 26% 20 464304 2280 37%
c i 31.46 1397 128 1 116  799  506 26% 21 464304 2279 37%
c i 31.66 1397 129 1 122  822  523 26% 22 464304 2278 37%
c i 31.72 1397 124 1 130  856  538 26% 22 464304 2277 37%
c i 31.79 1397 123 1 130  863  544 26% 22 464304 2276 37%
c i 31.82 1397 123 1 131  869  548 26% 22 464304 2275 37%
c i 31.82 1397 123 1 131  870  548 26% 22 464304 2274 37%
c i 31.82 1397 122 1 131  871  548 26% 22 464304 2273 37%
c i 31.82 1397 122 1 131  872  548 26% 22 464304 2272 37%
c i 31.82 1397 122 1 131  873  548 26% 22 464304 2271 37%
c i 31.82 1397 122 1 131  874  548 26% 22 464304 2270 37%
c 
c  seconds     reductions  redundant   irredundant
c          MB      restarts       trail       variables
c             level   conflicts       glue         remaining
c 
c i 31.82 1397 122 1 131  875  548 26% 22 464304 2269 37%
c i 31.86 1397 120 1 131  886  554 26% 21 464304 2268 37%
c i 31.88 1397 120 1 131  891  556 26% 22 464304 2265 37%
c i 31.90 1397 120 1 132  903  564 26% 22 464304 2264 37%
c i 31.96 1397 121 1 137  923  579 26% 23 464304 2262 37%
c i 32.12 1397 118 1 146  961  613 26% 23 464304 2261 37%
c i 32.12 1397 118 1 146  962  613 26% 23 464304 2260 37%
c i 32.18 1397 118 1 146  964  614 26% 23 464304 2259 37%
c i 32.33 1397 117 1 151  997  645 26% 23 464304 2258 37%
c } 32.33 1397 117 1 152 1006  652 26% 23 464304 2258 37%
c [ 32.33 1397  0 1 152 1006  652  0% 0 464304 2258 37%
c O 32.33 1397  1 1 152 1007  653 13% 1 464304 2258 37%
c i 32.53 1397 14 1 152 1053  679 26% 11 464304 2257 37%
c i 32.57 1397 14 1 152 1075  695 26% 11 464304 2256 37%
c i 32.61 1397 15 1 152 1101  716 27% 12 464304 2255 37%
c i 32.61 1397 15 1 152 1102  716 27% 12 464304 2254 37%
c i 32.61 1397 14 1 152 1103  716 27% 12 464304 2253 37%
c i 32.61 1397 14 1 152 1104  716 27% 12 464304 2252 37%
c i 32.61 1397 14 1 152 1105  716 27% 12 464304 2251 37%
c i 32.61 1397 14 1 152 1106  716 27% 11 464304 2250 37%
c 
c  seconds    reductions  redundant   irredundant
c          MB     restarts       trail       variables
c            level   conflicts       glue         remaining
c 
c i 32.61 1397 14 1 152 1107  716 27% 11 464304 2249 37%
c i 32.65 1397 15 1 152 1129  734 27% 12 464304 2248 36%
c i 32.65 1397 15 1 152 1131  735 27% 12 464304 2247 36%
c i 32.69 1397 15 1 152 1164  754 27% 12 464304 2246 36%
c i 32.69 1397 15 1 152 1165  754 27% 12 464304 2245 36%
c i 32.96 1397 16 1 152 1221  795 27% 13 464304 2244 36%
c i 32.96 1397 17 1 152 1229  798 27% 13 464304 2243 36%
c i 32.96 1397 17 1 152 1232  800 27% 13 464304 2242 36%
c i 32.97 1397 17 1 152 1233  800 27% 13 464304 2241 36%
c i 32.97 1397 17 1 152 1234  800 27% 13 464304 2240 36%
c i 32.97 1397 17 1 152 1235  800 27% 13 464304 2239 36%
c i 32.97 1397 17 1 152 1238  801 27% 13 464304 2238 36%
c i 32.97 1397 17 1 152 1239  801 27% 13 464304 2237 36%
c i 32.97 1397 17 1 152 1240  801 27% 13 464304 2236 36%
c i 32.97 1397 16 1 152 1241  801 27% 13 464304 2235 36%
c i 32.97 1397 17 1 152 1249  805 27% 13 464304 2234 36%
c i 32.97 1397 17 1 152 1251  805 27% 13 464304 2233 36%
c i 32.98 1397 17 1 152 1254  807 27% 13 464304 2232 36%
c i 32.98 1397 17 1 152 1255  807 27% 13 464304 2231 36%
c i 32.98 1397 17 1 152 1256  807 27% 13 464304 2230 36%
c 
c  seconds    reductions  redundant   irredundant
c          MB     restarts       trail       variables
c            level   conflicts       glue         remaining
c 
c i 32.99 1397 17 1 152 1272  815 27% 13 464304 2229 36%
c i 32.99 1397 17 1 152 1273  815 27% 13 464304 2228 36%
c i 32.99 1397 17 1 152 1274  815 27% 13 464304 2227 36%
c i 33.00 1397 17 1 152 1277  817 27% 13 464304 2226 36%
c - 34.25 1571 17 2 152 1300  757 27% 13 463617 2226 36%
c i 34.48 1571 17 2 152 1353  805 28% 13 463617 2225 36%
c i 34.48 1571 17 2 152 1354  805 28% 13 463617 2224 36%
c i 34.49 1571 17 2 152 1360  808 28% 13 463617 2223 36%
c i 34.49 1571 17 2 152 1361  808 28% 13 463617 2222 36%
c i 34.49 1571 17 2 152 1362  808 28% 13 463617 2221 36%
c i 34.67 1571 17 2 152 1413  839 29% 14 463617 2220 36%
c i 34.76 1571 17 2 152 1455  861 29% 14 463617 2219 36%
c i 34.90 1571 17 2 152 1511  888 29% 13 463617 2218 36%
c i 34.93 1571 16 2 152 1520  890 29% 13 463617 2217 36%
c i 34.97 1571 16 2 152 1545  904 29% 13 463617 2216 36%
c i 34.97 1571 16 2 152 1547  905 29% 13 463617 2215 36%
c i 35.14 1571 17 2 152 1705  996 29% 14 463617 2214 36%
c i 35.15 1571 17 2 152 1750 1019 29% 14 463617 2213 36%
c i 35.21 1571 17 2 152 1832 1043 29% 14 463617 2212 36%
c i 35.25 1571 17 2 152 1869 1056 29% 14 463617 2211 36%
c 
c  seconds    reductions  redundant   irredundant
c          MB     restarts       trail       variables
c            level   conflicts       glue         remaining
c 
c i 35.26 1571 17 2 152 1879 1058 29% 14 463617 2210 36%
c i 35.26 1571 17 2 152 1881 1059 29% 14 463617 2209 36%
c i 35.26 1571 17 2 152 1883 1060 29% 14 463617 2208 36%
c i 35.28 1571 16 2 152 1915 1070 29% 14 463617 2207 36%
c i 35.28 1571 16 2 152 1916 1070 29% 14 463617 2206 36%
c i 35.28 1571 16 2 152 1917 1070 28% 14 463617 2205 36%
c i 35.28 1571 16 2 152 1918 1070 28% 13 463617 2204 36%
c i 35.29 1571 17 2 152 1932 1077 28% 14 463617 2203 36%
c i 35.30 1571 17 2 152 1939 1081 28% 14 463617 2202 36%
c i 35.31 1571 17 2 152 1958 1086 28% 14 463617 2201 36%
c i 35.31 1571 17 2 152 1959 1086 28% 14 463617 2200 36%
c i 35.31 1571 17 2 152 1960 1086 28% 14 463617 2199 36%
c i 35.31 1571 17 2 152 1961 1086 28% 14 463617 2198 36%
c i 35.31 1571 16 2 152 1962 1086 28% 13 463617 2197 36%
c i 35.32 1571 16 2 152 1992 1104 28% 13 463617 2196 36%
c i 35.37 1571 16 2 153 2050 1142 28% 13 463617 2195 36%
c i 35.50 1571 16 2 153 2231 1222 28% 13 463617 2194 36%
c i 35.51 1571 16 2 153 2236 1226 28% 13 463617 2193 36%
c i 35.79 1571 17 2 153 2670 1542 28% 14 463617 2192 36%
c i 35.84 1571 17 2 153 2780 1607 29% 14 463617 2191 36%
c 
c  seconds    reductions  redundant   irredundant
c          MB     restarts       trail       variables
c            level   conflicts       glue         remaining
c 
c - 36.47 1559 17 3 153 2801 1281 29% 14 463512 2191 36%
c i 36.96 1559 17 3 153 2877 1322 34% 14 463512 2190 36%
c i 36.96 1559 17 3 153 2881 1325 34% 14 463512 2189 36%
c i 36.96 1559 17 3 153 2882 1325 34% 14 463512 2188 36%
c i 36.96 1559 17 3 153 2883 1325 34% 14 463512 2187 36%
c i 36.96 1559 17 3 153 2884 1325 34% 14 463512 2186 35%
c i 37.15 1559 17 3 153 2971 1380 34% 14 463512 2185 35%
c i 37.30 1559 17 3 153 3001 1408 37% 14 463512 2184 35%
c ] 37.31 1559 17 3 153 3006 1406 37% 14 463512 2184 35%
c { 37.31 1559 117 3 153 3006 1406 72% 23 463512 2184 35%
c F 37.33 1559 117 3 155 3012 1411 72% 23 463512 2184 35%
c i 37.34 1559 117 3 155 3013 1411 72% 23 463512 2183 35%
c i 37.67 1559 111 3 157 3075 1466 70% 22 463512 2182 35%
c i 37.75 1559 107 3 157 3132 1507 69% 22 463512 2181 35%
c i 37.76 1559 106 3 157 3140 1513 68% 22 463512 2180 35%
c i 37.76 1559 106 3 157 3148 1514 68% 22 463512 2179 35%
c i 37.77 1559 105 3 157 3153 1518 68% 22 463512 2178 35%
c i 38.10 1559 93 3 157 3339 1669 64% 20 463512 2177 35%
c i 38.80 1559 92 3 174 3440 1753 62% 21 463512 2176 35%
c i 38.80 1559 92 3 174 3441 1753 62% 21 463512 2175 35%
c 
c  seconds    reductions  redundant   irredundant
c          MB     restarts       trail       variables
c            level   conflicts       glue         remaining
c 
c i 38.83 1558 92 3 174 3442 1753 62% 21 463512 2174 35%
c i 39.04 1558 92 3 187 3488 1794 61% 21 463512 2173 35%
c i 39.63 1558 88 3 187 3613 1882 59% 21 463512 2172 35%
c i 39.69 1558 87 3 187 3626 1894 58% 21 463512 2171 35%
c i 41.14 1558 77 3 216 4026 2206 54% 21 463512 2170 35%
c i 41.18 1558 76 3 216 4033 2210 54% 20 463512 2169 35%
c i 41.39 1558 75 3 216 4102 2261 53% 20 463512 2168 35%
c - 42.92 1551 60 4 218 4802 2068 49% 18 463443 2168 35%
c d 44.17 1551 57 4 218 5003 2213 48% 17 463383 2138 35%
c 2 44.27 1551 57 4 218 5003 3103 48% 17 463354 2138 35%
c p 52.56 1551 57 4 218 5003 7136 48% 17 463354 2101 34%
c d 53.00 1551 57 4 218 5003 5878 48% 17 463243 2098 34%
c # 55.49 1551 46 4 224 6015 6544 45% 15 463243 2098 34%
c } 58.15 1551 40 4 227 7011 7162 43% 14 463243 2098 34%
c [ 58.15 1551 17 4 227 7011 7162 37% 14 463243 2098 34%
c - 59.27 1548 17 5 228 7300 2818 36% 14 463243 2098 34%
c i 63.02 1548 15 5 228 9117 3829 35% 12 463243 2097 34%
c I 65.10 1548 20 5 229 10016 4543 36% 15 463243 2097 34%
c - 66.46 1548 21 6 230 10298 2562 36% 15 463240 2097 34%
c - 70.77 1548 23 7 232 13797 3743 34% 17 463240 2097 34%
c 
c  seconds    reductions   redundant   irredundant
c          MB     restarts        trail       variables
c            level    conflicts       glue         remaining
c 
c ] 71.30 1548 23 7 232 15014 4458 34% 17 463240 2097 34%
c { 71.30 1548 40 7 232 15014 4458 43% 14 463240 2097 34%
c 2 71.40 1548 40 7 232 15014 5180 43% 14 463238 2097 34%
c p 73.57 1548 40 7 232 15014 8184 43% 14 463238 2097 34%
c B 73.74 1548 40 7 232 15019 8189 43% 14 463238 2097 34%
c - 81.74 1548 33 8 374 17798 4794 39% 14 463238 2097 34%
c s 84.30 1548 32 8 441 18692 4926 39% 14 459741 2097 34%
c v 93.29 1548 32 8 441 18692 4926 39% 14 459730 2097 34%
c t 93.45 1548 32 8 441 18692 4898 39% 14 459713 2097 34%
c e 94.78 1551 32 8 441 18692 4622 39% 14 456583 572  9%
c s 94.94 1551 32 8 441 18692 4614 39% 14 455848 572  9%
c W 103.06 1551 28 8 487 21021 6211 66% 14 455848 572  9%
c - 106.05 1402 27 9 574 22298 5693 67% 14 455848 572  9%
c i 113.33 1402 24 9 670 26127 7733 67% 13 455848 571  9%
c - 116.38 1402 23 10 676 27274 4949 67% 12 455845 571  9%
c F 117.51 1402 23 10 676 28023 5300 67% 12 455845 571  9%
c p 123.87 1402 22 10 782 30015 8317 68% 12 455845 571  9%
c } 127.34 1402 22 10 805 31015 8871 67% 12 455845 571  9%
c [ 127.34 1402 23 10 805 31015 8871 131% 17 455845 571  9%
c - 134.02 1402 22 11 805 32749 6920 119% 17 455845 571  9%
c 
c  seconds     reductions    redundant    irredundant
c           MB      restarts        trail        variables
c             level     conflicts        glue        remaining
c 
c B 144.41 1402 20 11 808 36024 8884 105% 16 455845 571  9%
c - 148.97 1402 23 12 809 38720 8563 99% 17 455845 571  9%
c W 161.88 1402 23 12 812 45028 12844 89% 18 455845 571  9%
c - 162.42 1402 23 13 812 45191 9371 89% 18 455845 571  9%
c p 171.81 1402 24 13 813 50017 14372 85% 18 455845 571  9%
c - 175.28 1402 24 14 813 52158 10044 84% 19 455845 571  9%
c O 178.26 1402 24 14 814 55030 11876 82% 19 455845 571  9%
c s 182.31 1402 24 14 816 57246 13342 81% 19 454229 571  9%
c v 188.63 1402 24 14 816 57246 13342 81% 19 454191 571  9%
c t 188.76 1402 24 14 816 57246 13341 81% 19 454190 571  9%
c e 190.04 1402 24 14 816 57246 13330 81% 19 454189 570  9%
c s 190.24 1402 24 14 816 57246 13330 81% 19 452872 570  9%
c - 195.67 1402 25 15 817 59623 10804 80% 19 452872 570  9%
c ] 198.62 1402 24 15 820 63015 13301 79% 19 452872 570  9%
c { 198.62 1402 22 15 820 63015 13301 67% 12 452872 570  9%
c i 203.20 1402 21 15 957 64556 14143 67% 12 452872 569  9%
c B 206.84 1402 21 15 1109 66033 15001 67% 12 452872 569  9%
c - 209.77 1402 21 16 1207 67571 11076 68% 12 452869 569  9%
c p 227.25 1402 20 16 1630 75018 17227 68% 12 452869 569  9%
c - 229.94 1402 20 17 1669 76016 11781 67% 12 452869 569  9%
c 
c  seconds     reductions      redundant   irredundant
c           MB      restarts          trail       variables
c             level      conflicts        glue        remaining
c 
c i 231.13 1402 19 17 1669 76515 12008 67% 12 452869 568  9%
c W 237.43 1404 20 17 1964 78035 11511 67% 12 354930 568  9%
c - 249.93 1404 19 18 2298 84958 12065 67% 12 354930 568  9%
c i 255.99 1404 18 18 2385 88968 14216 68% 12 354930 567  9%
c } 256.32 1404 18 18 2385 89097 14279 68% 12 354930 567  9%
c 1 256.32 1404 18 18 2385 89097 14279 68% 12 354930 567  9%
c 
c --- [ writing output ] -----------------------------------------------------
c 
c writing simplified CNF to DIMACS file 'simp/33.cubes6.adj.simp1'
c * 256.32 1404 18 18 2385 89097 14279 68% 12 354930 567  9%
c opening file to write 'simp/33.cubes6.adj.simp1'
c writing 'p cnf 6160 354927' header
c closing file 'simp/33.cubes6.adj.simp1'
c after writing 133390026 bytes 127.2 MB
c wrote 354927 clauses in 1.00 seconds process time
c 
c --- [ writing extension ] --------------------------------------------------
c 
c writing extension stack to 'simp/33.cubes6.adj.ext1'
c opening file to write 'simp/33.cubes6.adj.ext1'
c closing file 'simp/33.cubes6.adj.ext1'
c after writing 103247 bytes 0.1 MB
c wrote 4553 witnesses in 0.00 seconds process time
c 
c --- [ result ] -------------------------------------------------------------
c 
s SATISFIABLE
c 
c --- [ run-time profiling ] -------------------------------------------------
c 
c process time taken by individual solving procedures
c (percentage relative to process time for solving)
c 
c       199.14   83.89% search
c       119.11   50.18% unstable
c        76.36   32.17% stable
c        38.23   16.11% simplify
c        18.94    7.98% parse
c        15.50    6.53% vivify
c        15.19    6.40% probe
c         5.03    2.12% elim
c         2.89    1.22% walk
c         0.78    0.33% lucky
c         0.74    0.31% subsume
c         0.28    0.12% ternary
c   =================================
c       237.37   92.25% solve
c 
c last line shows process time for solving
c (percentage relative to total process time)
c 
c --- [ statistics ] ---------------------------------------------------------
c 
c chronological:             23405        26.27 %  of conflicts
c conflicts:                 89097       375.34    per second
c decisions:                192267       809.97    per second
c eliminated:                 1526        24.77 %  of all variables
c fixed:                       890        14.45 %  of all variables
c learned:                   86682        97.29 %  per conflict
c learned_lits:            8739282       100.00 %  learned literals
c minimized:                     0         0.00 %  learned literals
c shrunken:                5057280        57.87 %  learned literals
c minishrunken:             627913         7.18 %  learned literals
c propagations:            6479268         0.03 M  per second
c reduced:                   36191        40.62 %  per conflict
c rephased:                     12      7424.75    interval
c restarts:                   2385        37.36    interval
c stabilizing:                   3        47.14 %  of conflicts
c substituted:                  33         0.54 %  of all variables
c subsumed:                  38595         0.97 %  of all clauses
c strengthened:              10116         0.25 %  of all clauses
c ternary:                    2608         0.65 %  of resolved
c vivified:                     57         0.00 %  of all clauses
c walked:                        3     29699.00    interval
c weakened:                   3663         3.03    average size
c 
c seconds are measured in process time for solving
c 
c --- [ resources ] ----------------------------------------------------------
c 
c total process time since initialization:       257.32    seconds
c total real time since initialization:          257.47    seconds
c maximum resident set size of process:         1732.06    MB
c 
c --- [ shutting down ] ------------------------------------------------------
c 
c exit 10
WARNING! DIMACS header mismatch: wrong number of variables.
============================[ Problem Statistics ]=============================
|                                                                             |
|  Number of variables:          2814                                         |
|  Number of clauses:          354927                                         |
|  Parse time:                   1.75 s                                       |
|  Simplification time:          0.03 s                                       |
|                                                                             |
============================[ Search Statistics ]====================================================
| Conflicts |          ORIGINAL         |          LEARNT          | Num Sols |      SUBGRAPHS      |
|           |    Vars  Clauses Literals |    Limit  Clauses Lit/Cl |          | Canonical Noncanon. |
=====================================================================================================
|       123 |    2722   354950 29764110 |     2000      123     29 |        0 |        27        23 |
|       308 |    2722   354985 29764915 |     2000      308     31 |        0 |        73        58 |
|       535 |    2722   354987 29765029 |     2000      535     44 |        0 |        83        60 |
|       874 |    2722   354989 29765085 |     2000      874     45 |        0 |        99        62 |
|      1402 |    2722   355011 29765434 |     2000     1402     51 |        0 |       110        84 |
|      2189 |    2722   355039 29765918 |     3606     1195     27 |        0 |       135       112 |
|      3378 |    2722   355089 29768295 |     3606     2384     45 |        0 |       193       162 |
|      5121 |    2722   355124 29769093 |     5004     2325     27 |        0 |       264       197 |
|      7771 |    2722   355212 29771182 |     5004     4975     45 |        0 |       345       285 |
|     11658 |    2722   355255 29772271 |     7556     3214     19 |        0 |       415       328 |
|     17601 |    2722   355432 29776372 |     8782     5383     30 |        0 |       612       505 |
|     26478 |    2721   355660 29782448 |     9992     9870     42 |        0 |       956       733 |
|     39505 |    2721   355713 29783691 |    12400    12305     40 |        0 |      1150       786 |
|     59044 |    2721   355791 29785448 |    16008    11452     31 |        0 |      1426       864 |
|     88700 |    2721   356255 29793830 |    19612    15312     35 |        0 |      2222      1328 |
|    133686 |    2721   357452 29813223 |    24404    17490     25 |        0 |      3019      2525 |
=====================================================================================================
Number of solutions   : 0
Canonical subgraphs   : 3620           (248 /sec)
          order  3    : 1              (142857 /sec)
          order  4    : 1              (500000 /sec)
          order  5    : 1              (200000 /sec)
          order  6    : 1              (52632 /sec)
          order  7    : 2              (10000 /sec)
          order  8    : 3              (4808 /sec)
          order  9    : 8              (1275 /sec)
          order 10    : 36             (670 /sec)
          order 11    : 155            (371 /sec)
          order 12    : 1216           (259 /sec)
          order 13    : 677            (278 /sec)
          order 14    : 395            (239 /sec)
          order 15    : 341            (221 /sec)
          order 16    : 286            (214 /sec)
          order 17    : 296            (205 /sec)
          order 18    : 164            (197 /sec)
          order 19    : 35             (184 /sec)
          order 20    : 1              (233 /sec)
          order 21    : 1              (220 /sec)
          order 22    : 0              (-nan /sec)
Noncanonical subgraphs: 4139           (2086 /sec)
          order  3    : 0              (-nan /sec)
          order  4    : 0              (-nan /sec)
          order  5    : 0              (-nan /sec)
          order  6    : 0              (-nan /sec)
          order  7    : 0              (-nan /sec)
          order  8    : 0              (-nan /sec)
          order  9    : 0              (-nan /sec)
          order 10    : 0              (-nan /sec)
          order 11    : 0              (-nan /sec)
          order 12    : 0              (-nan /sec)
          order 13    : 4065           (2108 /sec)
          order 14    : 62             (1338 /sec)
          order 15    : 0              (-nan /sec)
          order 16    : 1              (1214 /sec)
          order 17    : 5              (2839 /sec)
          order 18    : 4              (3152 /sec)
          order 19    : 1              (1328 /sec)
          order 20    : 0              (-nan /sec)
          order 21    : 0              (-nan /sec)
Canonicity checking   : 14.6118 s
Noncanonicity checking: 1.98427 s
Total canonicity time : 16.5961 s
database reductions   : 20
restarts              : 448
conflicts             : 167164         (963 /sec)
decisions             : 274452         (0.00 % random) (1582 /sec)
propagations          : 7684988        (44284 /sec)
conflict literals     : 10120788       (48.86 % deleted)
actual reward         : 0.269337
Memory used           : 364.00 MB
CPU time              : 173.538 s

UNSATISFIABLE
