c --- [ banner ] -------------------------------------------------------------
c 
c CaDiCaL Radically Simplified CDCL SAT Solver
c Copyright (c) 2016-2021 A. Biere, M. Fleury, N. Froleyks
c 
c Version 1.5.2 a5f15211db36c3956764e18194dd5bd63bf3b5e6
c g++ (GCC) 9.3.0 -Wall -Wextra -O3 -DNDEBUG
c Fri Oct 21 01:27:37 EDT 2022 Linux gra-login3 3.10.0-1160.66.1.el7.x86_64 x86_64
c 
c --- [ limit ] --------------------------------------------------------------
c 
c setting conflict limit to 200000 conflicts (due to '200000')
c 
c --- [ parsing input ] ------------------------------------------------------
c 
c reading DIMACS file from '33.cubes6233.adj'
c opening file to read '33.cubes6233.adj'
c found 'p cnf 6160 1595482' header
c parsed 1595482 clauses in 19.69 seconds process time
c closing file '33.cubes6233.adj'
c after reading 1457566820 bytes 1390.0 MB
c 
c --- [ options ] ------------------------------------------------------------
c 
c all options are set to their default value
c 
c --- [ solving ] ------------------------------------------------------------
c 
c time measured in process time since initialization
c 
c  seconds    reductions  redundant   irredundant
c          MB     restarts       trail       variables
c            level   conflicts       glue         remaining
c 
c * 19.69 1381  0 0   0    0    0  0% 0 1595422 2334 38%
c { 20.37 1408  0 0   0    0    0  0% 0 1595422 2334 38%
c i 22.63 1477 599 0   0   37   36 30% 3 1595422 2333 38%
c i 23.68 1489 618 0   3   53   50 32% 6 1595422 2327 38%
c i 25.20 1500 404 0  13   89   76 30% 14 1595422 2326 38%
c i 25.81 1503 364 0  17  111   91 28% 20 1595422 2325 38%
c i 26.04 1503 349 0  17  122   98 28% 24 1595422 2318 38%
c i 26.21 1503 340 0  19  127  102 28% 26 1595422 2314 38%
c i 26.53 1505 327 0  20  135  102 28% 29 1595422 2313 38%
c i 26.64 1505 288 0  25  153  101 26% 26 1595422 2312 38%
c i 27.11 1505 270 0  29  173  117 26% 28 1595422 2311 38%
c i 27.55 1505 206 0  32  232  169 27% 25 1595422 2310 38%
c i 27.61 1505 197 0  32  244  180 27% 25 1595422 2309 37%
c - 31.60 1416 166 1  37  302  232 28% 26 227868 2309 37%
c i 31.85 1417 165 1  38  308  237 28% 26 227868 2308 37%
c i 32.48 1417 125 1  45  438  348 29% 25 227868 2307 37%
c i 32.48 1417 125 1  45  439  348 29% 25 227868 2306 37%
c i 33.05 1368 111 1  60  539  422 29% 26 227868 2296 37%
c i 33.65 1368 102 1  67  635  510 29% 26 227868 2291 37%
c i 33.70 1368 100 1  67  652  523 29% 25 227868 2290 37%
c 
c  seconds    reductions  redundant   irredundant
c          MB     restarts       trail       variables
c            level   conflicts       glue         remaining
c 
c i 34.61 1368 94 1  91  855  676 29% 28 227868 2289 37%
c i 34.74 1368 96 1  94  871  689 29% 29 227868 2288 37%
c i 34.93 1368 97 1  97  883  699 29% 30 227868 2287 37%
c i 35.58 1368 92 1 112  959  742 28% 29 227868 2286 37%
c i 35.72 1368 93 1 113  974  755 28% 29 227868 2285 37%
c } 35.93 1368 91 1 115 1000  774 28% 29 227868 2285 37%
c [ 35.93 1368  0 1 115 1000  774  0% 0 227868 2285 37%
c O 35.93 1368 32 1 115 1003  772 20% 2 227868 2285 37%
c i 35.94 1368 32 1 115 1003  772 20% 2 227868 2251 37%
c i 35.94 1368 24 1 115 1004  772 19% 1 227868 2240 36%
c - 37.01 1471 47 2 115 1116  759 28% 38 226936 2240 36%
c i 37.26 1471 44 2 115 1209  832 29% 36 226936 2239 36%
c i 37.39 1471 44 2 115 1275  892 29% 37 226936 2238 36%
c i 37.39 1471 44 2 115 1277  893 29% 36 226936 2237 36%
c i 37.84 1471 43 2 115 1618 1135 29% 35 226936 2236 36%
c - 38.45 1471 38 3 116 2339 1208 29% 33 226924 2236 36%
c i 38.96 1470 36 3 116 2848 1515 47% 31 226924 2235 36%
c ] 39.04 1470 36 3 116 3000 1607 47% 31 226924 2235 36%
c { 39.04 1470 91 3 116 3000 1607 78% 29 226924 2235 36%
c F 39.05 1470 91 3 116 3004 1610 77% 29 226924 2235 36%
c 
c  seconds    reductions  redundant   irredundant
c          MB     restarts       trail       variables
c            level   conflicts       glue         remaining
c 
c i 39.26 1470 88 3 116 3040 1632 76% 28 226924 2234 36%
c i 39.34 1470 85 3 116 3084 1665 75% 27 226924 2233 36%
c i 39.37 1470 84 3 116 3103 1675 75% 27 226924 2232 36%
c i 39.40 1470 83 3 116 3126 1693 74% 27 226924 2231 36%
c i 39.40 1470 83 3 116 3130 1696 74% 27 226924 2230 36%
c i 39.40 1470 83 3 116 3131 1696 74% 27 226924 2229 36%
c i 39.40 1470 83 3 116 3132 1696 74% 27 226924 2228 36%
c i 39.42 1470 82 3 116 3150 1713 74% 27 226924 2227 36%
c i 39.73 1470 75 3 125 3323 1807 70% 26 226924 2195 36%
c i 39.93 1470 74 3 129 3370 1844 69% 26 226924 2188 36%
c i 40.24 1470 75 3 148 3449 1913 68% 27 226924 2187 36%
c i 40.70 1470 75 3 171 3545 2003 66% 28 226924 2186 35%
c i 40.80 1470 73 3 174 3628 2064 65% 28 226924 2185 35%
c i 40.86 1470 70 3 174 3711 2107 64% 27 226924 2184 35%
c i 40.87 1470 70 3 174 3723 2117 64% 27 226924 2183 35%
c i 40.87 1470 70 3 174 3727 2119 64% 27 226924 2175 35%
c i 41.04 1470 66 3 177 3909 2255 62% 27 226924 2168 35%
c i 41.05 1470 66 3 177 3913 2258 62% 27 226924 2167 35%
c - 41.36 1423 65 4 177 3967 1620 62% 27 129488 2167 35%
c i 41.50 1423 64 4 177 4050 1685 61% 27 129488 2166 35%
c 
c  seconds    reductions  redundant   irredundant
c          MB     restarts       trail       variables
c            level   conflicts       glue         remaining
c 
c i 41.51 1423 64 4 177 4059 1692 61% 27 129488 2165 35%
c i 41.56 1423 63 4 177 4097 1720 61% 26 129488 2164 35%
c i 41.75 1423 55 4 178 4665 2123 58% 25 129488 2163 35%
c i 41.76 1423 55 4 178 4698 2144 58% 26 129488 2162 35%
c d 42.04 1423 52 4 178 5000 2379 56% 25 129455 2153 35%
c 2 42.09 1423 52 4 178 5000 3976 56% 25 129455 2152 35%
c p 44.34 1423 52 4 178 5000 8131 56% 25 129455 2076 34%
c - 44.78 1369 46 5 179 5635 2097 55% 23 129240 2076 34%
c # 45.01 1369 43 5 179 6006 2355 54% 22 129240 2076 34%
c } 45.33 1369 39 5 179 7000 3110 53% 21 129240 2076 34%
c [ 45.33 1369 36 5 179 7000 3110 47% 31 129240 2076 34%
c - 45.53 1369 31 6 180 7637 2484 47% 27 129240 2076 34%
c - 46.30 1370 30 7 181 9970 2786 47% 25 129240 2076 34%
c I 46.39 1370 30 7 181 10007 2809 47% 25 129240 2076 34%
c - 48.83 1370 53 8 183 12637 3364 47% 42 129240 2076 34%
c ] 50.32 1370 58 8 184 15003 5231 46% 46 129240 2076 34%
c { 50.32 1370 39 8 184 15003 5231 53% 21 129240 2076 34%
c p 51.76 1369 39 8 184 15003 10142 53% 21 129240 2076 34%
c B 51.88 1369 39 8 184 15013 10150 53% 21 129240 2076 34%
c - 52.42 1370 37 9 201 15639 3907 52% 21 129240 2076 34%
c 
c  seconds    reductions   redundant   irredundant
c          MB     restarts        trail       variables
c            level    conflicts       glue         remaining
c 
c s 54.24 1370 31 9 241 18834 5445 50% 20 128271 2076 34%
c v 56.48 1370 31 9 241 18834 5445 50% 20 128229 2076 34%
c t 56.64 1370 31 9 241 18834 5436 50% 20 128221 2076 34%
c e 57.14 1372 31 9 241 18834 5080 50% 20 125105 564  9%
c s 57.21 1372 31 9 241 18834 5080 50% 20 124889 564  9%
c - 58.36 1372 31 10 275 18975 3533 84% 20 124889 564  9%
c W 60.78 1372 30 10 393 21014 4739 87% 20 124889 564  9%
c - 61.32 1372 29 11 401 22595 3782 86% 19 124889 564  9%
c - 64.48 1372 26 12 422 26545 4527 87% 18 124889 564  9%
c F 65.17 1372 25 12 422 28015 5609 87% 18 124889 564  9%
c 2 68.74 1372 26 12 666 30004 7383 86% 19 124885 564  9%
c p 70.15 1372 26 12 666 30004 9128 86% 19 124885 564  9%
c - 70.76 1372 26 13 671 30821 5377 86% 18 124885 564  9%
c } 70.82 1372 26 13 671 31003 5498 86% 18 124885 564  9%
c [ 70.82 1372 58 13 671 31003 5498 184% 46 124885 564  9%
c - 73.77 1372 46 14 673 35426 5515 149% 36 124885 564  9%
c B 73.99 1372 45 14 674 36016 5915 146% 36 124885 564  9%
c - 76.50 1372 41 15 677 40362 6253 131% 33 124885 564  9%
c ] 78.82 1372 40 15 678 43789 8480 123% 32 124885 564  9%
c 1 78.82 1372 40 15 678 43789 8480 123% 32 124885 564  9%
c 
c --- [ writing output ] -----------------------------------------------------
c 
c writing simplified CNF to DIMACS file 'simp/33.cubes6233.adj.simp1'
c 
c  seconds    reductions    redundant    irredundant
c          MB      restarts        trail        variables
c            level     conflicts        glue        remaining
c 
c * 78.82 1372 40 15 678 43789 8480 123% 32 124885 564  9%
c opening file to write 'simp/33.cubes6233.adj.simp1'
c writing 'p cnf 6160 124885' header
c closing file 'simp/33.cubes6233.adj.simp1'
c after writing 60607847 bytes 57.8 MB
c wrote 124885 clauses in 0.43 seconds process time
c 
c --- [ writing extension ] --------------------------------------------------
c 
c writing extension stack to 'simp/33.cubes6233.adj.ext1'
c opening file to write 'simp/33.cubes6233.adj.ext1'
c closing file 'simp/33.cubes6233.adj.ext1'
c after writing 94610 bytes 0.1 MB
c wrote 4220 witnesses in 0.00 seconds process time
c 
c --- [ result ] -------------------------------------------------------------
c 
s SATISFIABLE
c 
c --- [ run-time profiling ] -------------------------------------------------
c 
c process time taken by individual solving procedures
c (percentage relative to process time for solving)
c 
c        50.28   85.03% search
c        33.37   56.44% unstable
c        19.69   33.29% parse
c        16.10   27.23% stable
c         8.85   14.97% simplify
c         5.05    8.55% probe
c         2.38    4.02% vivify
c         0.90    1.53% elim
c         0.68    1.15% lucky
c         0.13    0.22% subsume
c         0.13    0.22% walk
c         0.08    0.13% ternary
c   =================================
c        59.13   74.62% solve
c 
c last line shows process time for solving
c (percentage relative to total process time)
c 
c --- [ statistics ] ---------------------------------------------------------
c 
c chronological:              7343        16.77 %  of conflicts
c conflicts:                 43789       740.55    per second
c decisions:                 90782      1535.28    per second
c eliminated:                 1512        24.55 %  of all variables
c fixed:                       931        15.11 %  of all variables
c learned:                   42936        98.05 %  per conflict
c learned_lits:            6839670       100.00 %  learned literals
c minimized:                     0         0.00 %  learned literals
c shrunken:                4592958        67.15 %  learned literals
c minishrunken:             388773         5.68 %  learned literals
c propagations:            3671775         0.06 M  per second
c reduced:                   20582        47.00 %  per conflict
c rephased:                      8      5473.62    interval
c restarts:                    678        64.59    interval
c stabilizing:                   3        52.04 %  of conflicts
c substituted:                   9         0.15 %  of all variables
c subsumed:                  14655         0.44 %  of all clauses
c strengthened:               2038         0.06 %  of all clauses
c ternary:                    3221         0.80 %  of resolved
c vivified:                     56         0.00 %  of all clauses
c walked:                        1     43789.00    interval
c weakened:                   3289         2.98    average size
c 
c seconds are measured in process time for solving
c 
c --- [ resources ] ----------------------------------------------------------
c 
c total process time since initialization:        79.25    seconds
c total real time since initialization:           79.50    seconds
c maximum resident set size of process:         1573.57    MB
c 
c --- [ shutting down ] ------------------------------------------------------
c 
c exit 10
WARNING! DIMACS header mismatch: wrong number of variables.
============================[ Problem Statistics ]=============================
|                                                                             |
|  Number of variables:          6120                                         |
|  Number of clauses:          124887                                         |
|  Parse time:                   0.78 s                                       |
|  Simplification time:          0.01 s                                       |
|                                                                             |
============================[ Search Statistics ]====================================================
| Conflicts |          ORIGINAL         |          LEARNT          | Num Sols |      SUBGRAPHS      |
|           |    Vars  Clauses Literals |    Limit  Clauses Lit/Cl |          | Canonical Noncanon. |
=====================================================================================================
|       108 |    6021   124895 12870857 |     2000      108     95 |        0 |        21         8 |
|       945 |    6021   125582 12883677 |     2000      945     36 |        0 |       252       695 |
|      1213 |    6021   125625 12884363 |     2000     1213     43 |        0 |       267       738 |
|      1629 |    6021   125704 12885518 |     2000     1629     56 |        0 |       276       817 |
|      2141 |    6021   125710 12885637 |     3603     1144     32 |        0 |       282       823 |
|      2948 |    6021   125758 12886377 |     3603     1951     57 |        0 |       293       871 |
|      6808 |    6011   128479 12918669 |     5001     4009     15 |        0 |       779      3592 |
|      8559 |    6011   128522 12919497 |     6306     3265     27 |        0 |       809      3635 |
|     12872 |    6011   130273 12946065 |     7556     4428     14 |        0 |      1152      5386 |
|     19939 |    6011   133496 12984898 |     8785     7724     46 |        0 |      1687      8609 |
|     29608 |    6011   137399 13042930 |    11201     8009     34 |        0 |      2370     12512 |
|     39849 |    6011   138991 13075176 |    13616     6465     14 |        0 |      2915     14104 |
|     54053 |    6011   140221 13095255 |    14811    13864     48 |        0 |      3397     15334 |
|     75013 |    6011   141720 13118787 |    18412    10825     22 |        0 |      3757     16833 |
|    105071 |    6011   142586 13135075 |    22016    11487     25 |        0 |      4087     17699 |
|    150795 |    6011   144521 13163100 |    25619    22414     44 |        0 |      4553     19634 |
|    222795 |    6011   150837 13263488 |    31609    24404     44 |        0 |      6257     25950 |
=====================================================================================================
Number of solutions   : 0
Canonical subgraphs   : 14350          (22 /sec)
          order  3    : 1              (200000 /sec)
          order  4    : 1              (500000 /sec)
          order  5    : 1              (250000 /sec)
          order  6    : 1              (58824 /sec)
          order  7    : 1              (7874 /sec)
          order  8    : 1              (999 /sec)
          order  9    : 2              (149 /sec)
          order 10    : 4              (91 /sec)
          order 11    : 13             (78 /sec)
          order 12    : 65             (63 /sec)
          order 13    : 138            (45 /sec)
          order 14    : 1787           (33 /sec)
          order 15    : 9800           (24 /sec)
          order 16    : 1608           (17 /sec)
          order 17    : 626            (13 /sec)
          order 18    : 245            (11 /sec)
          order 19    : 53             (10 /sec)
          order 20    : 2              (8 /sec)
          order 21    : 1              (8 /sec)
          order 22    : 0              (-nan /sec)
Noncanonical subgraphs: 96050          (157 /sec)
          order  3    : 0              (-nan /sec)
          order  4    : 0              (-nan /sec)
          order  5    : 0              (-nan /sec)
          order  6    : 0              (-nan /sec)
          order  7    : 0              (-nan /sec)
          order  8    : 0              (-nan /sec)
          order  9    : 0              (-nan /sec)
          order 10    : 0              (-nan /sec)
          order 11    : 0              (-nan /sec)
          order 12    : 0              (-nan /sec)
          order 13    : 363            (35585 /sec)
          order 14    : 5824           (1984 /sec)
          order 15    : 12137          (1273 /sec)
          order 16    : 76488          (131 /sec)
          order 17    : 977            (98 /sec)
          order 18    : 248            (76 /sec)
          order 19    : 12             (28 /sec)
          order 20    : 0              (-nan /sec)
          order 21    : 0              (-nan /sec)
Canonicity checking   : 647.647 s
Noncanonicity checking: 609.854 s
Total canonicity time : 1257.5 s
database reductions   : 32
restarts              : 895
conflicts             : 378273         (260 /sec)
decisions             : 567321         (0.00 % random) (391 /sec)
propagations          : 12949854       (8914 /sec)
conflict literals     : 24884591       (57.91 % deleted)
actual reward         : 0.322663
Memory used           : 183.00 MB
CPU time              : 1452.68 s

UNSATISFIABLE
