c --- [ banner ] -------------------------------------------------------------
c 
c CaDiCaL Radically Simplified CDCL SAT Solver
c Copyright (c) 2016-2021 A. Biere, M. Fleury, N. Froleyks
c 
c Version 1.5.2 a5f15211db36c3956764e18194dd5bd63bf3b5e6
c g++ (GCC) 9.3.0 -Wall -Wextra -O3 -DNDEBUG
c Fri Oct 21 01:27:37 EDT 2022 Linux gra-login3 3.10.0-1160.66.1.el7.x86_64 x86_64
c 
c --- [ limit ] --------------------------------------------------------------
c 
c setting conflict limit to 200000 conflicts (due to '200000')
c 
c --- [ parsing input ] ------------------------------------------------------
c 
c reading DIMACS file from '33.cubes3399.adj'
c opening file to read '33.cubes3399.adj'
c found 'p cnf 6160 1595476' header
c parsed 1595476 clauses in 20.54 seconds process time
c closing file '33.cubes3399.adj'
c after reading 1457566784 bytes 1390.0 MB
c 
c --- [ options ] ------------------------------------------------------------
c 
c all options are set to their default value
c 
c --- [ solving ] ------------------------------------------------------------
c 
c time measured in process time since initialization
c 
c  seconds    reductions  redundant   irredundant
c          MB     restarts       trail       variables
c            level   conflicts       glue         remaining
c 
c * 20.55 1386  0 0   0    0    0  0% 0 1595422 2321 38%
c { 21.28 1427  0 0   0    0    0  0% 0 1595422 2321 38%
c i 22.06 1451 922 0   0    5    4 34% 2 1595422 2320 38%
c i 24.76 1491 253 0   5   54   44 29% 32 1595422 2319 38%
c i 25.23 1496 218 0  10   73   58 29% 40 1595422 2318 38%
c i 25.34 1497 213 0  11   76   60 29% 39 1595422 2317 38%
c i 25.40 1498 208 0  12   82   60 28% 37 1595422 2311 38%
c i 25.57 1498 187 0  13   94   70 28% 35 1595422 2310 38%
c i 27.17 1509 116 0  24  234  192 29% 35 1595422 2309 37%
c i 27.26 1509 113 0  24  252  205 29% 34 1595422 2308 37%
c i 27.31 1509 113 0  24  253  205 29% 34 1595422 2307 37%
c - 32.12 1450 118 1  32  300  247 29% 36 280415 2307 37%
c i 32.49 1451 109 1  36  372  307 29% 36 280415 2306 37%
c i 32.54 1451 110 1  36  375  309 29% 36 280415 2305 37%
c i 32.96 1407 108 1  50  439  368 29% 40 280415 2304 37%
c i 32.97 1407 108 1  50  441  368 29% 40 280415 2302 37%
c i 33.08 1407 111 1  52  452  374 29% 40 280415 2291 37%
c i 34.20 1407 103 1  63  558  453 28% 38 280415 2284 37%
c i 35.10 1408 106 1  77  666  550 29% 39 280415 2283 37%
c i 35.44 1408 105 1  77  706  587 29% 39 280415 2282 37%
c 
c  seconds    reductions  redundant   irredundant
c          MB     restarts       trail       variables
c            level   conflicts       glue         remaining
c 
c i 36.86 1408 98 1  86  920  777 28% 38 280415 2281 37%
c i 36.88 1408 97 1  87  923  779 28% 38 280415 2280 37%
c i 37.10 1408 96 1  90  976  825 28% 38 280415 2279 37%
c } 37.18 1409 95 1  93 1000  846 28% 38 280415 2279 37%
c [ 37.18 1409  0 1  93 1000  846  0% 0 280415 2279 37%
c O 37.38 1409 55 1  93 1002  848 33% 49 280415 2279 37%
c - 38.30 1530 17 2  93 1170  855 33% 14 280148 2279 37%
c i 38.72 1530 23 2  93 1624 1181 32% 19 280148 2278 37%
c - 39.53 1530 26 3  94 2472 1346 31% 22 280146 2278 37%
c ] 40.00 1529 25 3  94 3002 1671 50% 20 280146 2278 37%
c { 40.00 1529 95 3  94 3002 1671 77% 38 280146 2278 37%
c F 40.01 1530 95 3  95 3003 1672 77% 38 280146 2278 37%
c i 40.22 1530 92 3  95 3045 1710 76% 37 280146 2275 37%
c i 40.29 1530 92 3  95 3092 1746 74% 37 280146 2273 37%
c i 40.29 1530 92 3  95 3097 1750 74% 37 280146 2272 37%
c i 40.32 1529 92 3  95 3126 1772 73% 37 280146 2271 37%
c i 40.36 1530 92 3  96 3150 1793 73% 37 280146 2269 37%
c i 40.38 1530 89 3  96 3199 1835 72% 36 280146 2268 37%
c i 40.42 1529 90 3  98 3243 1873 71% 37 280146 2263 37%
c i 40.81 1529 90 3 109 3328 1949 69% 36 280146 2262 37%
c 
c  seconds    reductions  redundant   irredundant
c          MB     restarts       trail       variables
c            level   conflicts       glue         remaining
c 
c i 40.98 1529 89 3 116 3391 1999 68% 37 280146 2261 37%
c i 41.44 1529 89 3 140 3505 2103 66% 38 280146 2260 37%
c i 42.56 1529 90 3 170 3790 2352 63% 38 280146 2259 37%
c i 42.83 1529 90 3 172 3848 2407 62% 38 280146 2258 37%
c i 42.96 1530 89 3 173 3885 2437 62% 38 280146 2257 37%
c i 43.20 1529 89 3 191 3969 2503 61% 39 280146 2256 37%
c i 43.52 1529 90 3 205 4028 2555 61% 39 280146 2255 37%
c i 43.53 1529 90 3 206 4029 2555 61% 39 280146 2254 37%
c - 44.07 1524 85 4 207 4208 2019 60% 38 279958 2254 37%
c i 44.18 1524 84 4 207 4239 2043 60% 38 279958 2253 37%
c i 44.28 1524 84 4 207 4270 2069 59% 38 279958 2252 37%
c i 44.31 1524 84 4 207 4279 2074 59% 37 279958 2251 37%
c i 44.44 1524 81 4 207 4375 2142 59% 36 279958 2250 37%
c i 44.52 1524 78 4 207 4466 2197 59% 35 279958 2248 36%
c i 44.60 1524 75 4 207 4596 2290 59% 34 279958 2247 36%
c i 44.73 1524 72 4 207 4778 2412 58% 33 279958 2246 36%
c i 44.76 1524 72 4 208 4832 2458 58% 33 279958 2245 36%
c d 45.48 1524 71 4 215 5002 2588 57% 33 254593 2239 36%
c 2 45.55 1524 71 4 215 5002 3588 57% 33 254576 2234 36%
c p 47.44 1525 71 4 215 5002 6677 57% 33 254576 2193 36%
c 
c  seconds    reductions  redundant   irredundant
c          MB     restarts       trail       variables
c            level   conflicts       glue         remaining
c 
c d 47.80 1525 71 4 215 5002 6642 57% 33 254438 2190 36%
c # 48.78 1524 63 4 223 6005 7389 55% 32 254438 2190 36%
c - 49.28 1354 60 5 223 6378 2842 55% 31 254438 2190 36%
c } 49.64 1354 56 5 231 7002 3319 54% 30 254438 2190 36%
c [ 49.64 1354 25 5 231 7002 3319 50% 20 254438 2190 36%
c - 50.70 1355 30 6 232 8911 3079 51% 25 254438 2190 36%
c I 51.54 1355 30 6 233 10009 3821 51% 25 254438 2190 36%
c - 53.77 1355 28 7 235 11863 3572 50% 23 254438 2190 36%
c ] 55.71 1355 25 7 236 15004 5467 50% 21 254438 2190 36%
c { 55.71 1355 56 7 236 15004 5467 54% 30 254438 2190 36%
c 2 55.77 1355 56 7 236 15004 6540 54% 30 254435 2190 36%
c p 57.44 1355 56 7 236 15004 9891 54% 30 254435 2190 36%
c B 57.60 1355 56 7 236 15011 9898 54% 30 254435 2190 36%
c - 58.16 1355 55 8 236 15236 4048 54% 30 254435 2190 36%
c s 62.24 1355 47 8 301 18850 6678 52% 28 251966 2190 36%
c v 66.02 1355 47 8 301 18850 6678 52% 28 251944 2190 36%
c t 66.16 1355 47 8 301 18850 6665 52% 28 251939 2190 36%
c e 67.18 1357 47 8 301 18850 6282 52% 28 249642 915 15%
c s 67.29 1357 47 8 301 18850 6281 52% 28 246461 915 15%
c - 69.16 1357 47 9 307 19037 4862 69% 28 246461 915 15%
c 
c  seconds    reductions   redundant   irredundant
c          MB     restarts        trail       variables
c            level    conflicts       glue        remaining
c 
c W 72.96 1357 46 9 379 21013 6471 68% 28 246461 915 15%
c - 74.17 1357 42 10 388 23215 5695 69% 27 246461 915 15%
c - 76.78 1357 36 11 388 27808 5996 70% 24 246461 915 15%
c F 76.96 1357 36 11 395 28016 6111 70% 24 246461 915 15%
c 2 80.00 1357 35 11 507 30004 8205 70% 24 246460 915 15%
c p 81.22 1357 35 11 507 30004 10599 70% 24 246460 915 15%
c } 81.69 1357 35 11 507 31004 11227 69% 23 246460 915 15%
c [ 81.69 1357 25 11 507 31004 11227 125% 21 246460 915 15%
c - 82.36 1357 24 12 507 32820 6720 114% 20 246460 915 15%
c B 83.52 1357 23 12 510 36019 8809 103% 19 246460 915 15%
c - 84.82 1357 24 13 511 38247 7375 98% 20 246460 915 15%
c - 87.28 1357 26 14 514 44093 7767 90% 22 246460 915 15%
c W 88.86 1357 26 14 514 45020 8376 89% 22 246460 915 15%
c p 93.27 1357 26 14 515 50007 14804 84% 22 246460 915 15%
c - 93.84 1357 26 15 515 50358 8162 84% 22 246460 915 15%
c s 94.37 1357 26 15 515 51145 8651 84% 22 244372 915 15%
c v 97.35 1357 26 15 515 51145 8651 84% 22 244360 915 15%
c t 97.47 1357 26 15 515 51145 8648 84% 22 244359 915 15%
c s 98.56 1357 26 15 515 51145 8648 84% 22 242147 915 15%
c O 101.18 1357 26 15 516 55023 11583 82% 22 242147 915 15%
c 
c  seconds     reductions    redundant   irredundant
c           MB      restarts        trail       variables
c             level     conflicts       glue        remaining
c 
c - 101.98 1357 26 16 518 57038 8978 81% 22 242147 915 15%
c ] 103.55 1357 27 16 522 63006 13125 78% 23 242147 915 15%
c { 103.55 1357 35 16 522 63006 13125 69% 23 242147 915 15%
c - 103.92 1357 34 17 524 64097 9276 69% 23 242147 915 15%
c B 105.05 1357 33 17 583 66024 10637 69% 23 242147 915 15%
c - 111.21 1357 31 18 762 71571 9744 69% 22 242147 915 15%
c p 116.50 1357 30 18 903 75008 15541 69% 21 242147 915 15%
c W 118.56 1357 29 18 924 78026 17476 69% 21 242147 915 15%
c - 120.86 1357 29 19 1007 79460 10912 69% 21 242147 915 15%
c - 125.41 1357 28 20 1139 87764 11798 69% 20 242147 915 15%
c # 132.61 1357 28 20 1447 91027 14175 69% 20 242147 915 15%
c - 138.48 1357 27 21 1646 96483 12537 69% 20 242147 915 15%
c p 153.77 1357 28 21 2273 105009 22122 69% 20 242147 915 15%
c B 154.05 1357 28 21 2277 105028 22137 69% 20 242147 915 15%
c - 155.18 1357 28 22 2364 105619 13240 69% 21 242147 915 15%
c - 159.19 1357 26 23 2381 115170 12939 69% 20 242147 915 15%
c W 162.52 1357 25 23 2411 120031 15866 70% 19 242147 915 15%
c - 163.95 1357 25 24 2435 125135 13598 70% 19 242147 915 15%
c } 164.57 1357 25 24 2440 127008 14715 70% 19 242147 915 15%
c [ 164.57 1357 27 24 2440 127008 14715 78% 23 242147 915 15%
c 
c  seconds     reductions       redundant   irredundant
c           MB      restarts           trail       variables
c             level      conflicts         glue        remaining
c 
c - 167.67 1357 27 25 2444 135520 14390 77% 23 242147 915 15%
c B 167.92 1357 27 25 2445 136033 14693 77% 23 242147 915 15%
c p 171.14 1357 27 25 2447 140011 21191 76% 23 242147 915 15%
c - 173.79 1357 28 26 2448 146316 15815 75% 24 242147 915 15%
c W 176.39 1357 30 26 2449 153035 20945 75% 25 242147 915 15%
c - 177.68 1357 30 27 2449 157527 16330 74% 24 242147 915 15%
c - 181.03 1357 30 28 2450 169155 16400 74% 25 242147 915 15%
c I 181.82 1357 30 28 2452 171036 17723 74% 25 242147 915 15%
c p 193.11 1357 37 28 2456 180012 28799 73% 30 242147 915 15%
c - 194.83 1357 38 29 2457 181197 17771 73% 31 242147 915 15%
c B 200.24 1357 42 29 2463 190040 24094 72% 34 242147 915 15%
c - 202.14 1357 41 30 2464 193658 17819 72% 34 242147 915 15%
c ] 204.53 1357 40 30 2464 200000 21871 72% 33 242147 915 15%
c ? 204.53 1357 40 30 2464 200000 21871 72% 33 242147 915 15%
c 
c --- [ writing output ] -----------------------------------------------------
c 
c writing simplified CNF to DIMACS file 'simp/33.cubes3399.adj.simp1'
c * 204.53 1357 40 30 2464 200000 21871 72% 33 242147 915 15%
c opening file to write 'simp/33.cubes3399.adj.simp1'
c writing 'p cnf 6160 242147' header
c closing file 'simp/33.cubes3399.adj.simp1'
c after writing 113514778 bytes 108.3 MB
c wrote 242147 clauses in 0.88 seconds process time
c 
c --- [ writing extension ] --------------------------------------------------
c 
c writing extension stack to 'simp/33.cubes3399.adj.ext1'
c opening file to write 'simp/33.cubes3399.adj.ext1'
c closing file 'simp/33.cubes3399.adj.ext1'
c after writing 81845 bytes 0.1 MB
c wrote 3688 witnesses in 0.00 seconds process time
c 
c --- [ result ] -------------------------------------------------------------
c 
c UNKNOWN
c 
c --- [ run-time profiling ] -------------------------------------------------
c 
c process time taken by individual solving procedures
c (percentage relative to process time for solving)
c 
c       158.48   86.13% search
c        94.79   51.52% unstable
c        58.63   31.87% stable
c        25.51   13.86% simplify
c        20.54   11.17% parse
c        12.93    7.03% probe
c         6.93    3.77% vivify
c         4.32    2.35% walk
c         3.68    2.00% elim
c         0.74    0.40% lucky
c         0.54    0.30% subsume
c         0.28    0.15% ternary
c   =================================
c       183.99   89.57% solve
c 
c last line shows process time for solving
c (percentage relative to total process time)
c 
c --- [ statistics ] ---------------------------------------------------------
c 
c chronological:             33197        16.60 %  of conflicts
c conflicts:                200000      1087.03    per second
c decisions:                349623      1900.25    per second
c eliminated:                 1275        20.70 %  of all variables
c fixed:                       817        13.26 %  of all variables
c learned:                  195959        97.98 %  per conflict
c learned_lits:           36043349       100.00 %  learned literals
c minimized:                     0         0.00 %  learned literals
c shrunken:               23357240        64.80 %  learned literals
c minishrunken:            2372979         6.58 %  learned literals
c propagations:           13390330         0.07 M  per second
c reduced:                  113798        56.90 %  per conflict
c rephased:                     19     10526.32    interval
c restarts:                   2464        81.17    interval
c stabilizing:                   4        57.50 %  of conflicts
c substituted:                   9         0.15 %  of all variables
c subsumed:                  69952         1.90 %  of all clauses
c strengthened:               9235         0.25 %  of all clauses
c ternary:                    6199         0.72 %  of resolved
c vivified:                     61         0.00 %  of all clauses
c walked:                        5     40000.00    interval
c weakened:                   2871         3.04    average size
c 
c seconds are measured in process time for solving
c 
c --- [ resources ] ----------------------------------------------------------
c 
c total process time since initialization:       205.41    seconds
c total real time since initialization:          207.28    seconds
c maximum resident set size of process:         1650.20    MB
c 
c --- [ shutting down ] ------------------------------------------------------
c 
c exit 0
WARNING! DIMACS header mismatch: wrong number of variables.
============================[ Problem Statistics ]=============================
|                                                                             |
|  Number of variables:          4023                                         |
|  Number of clauses:          242149                                         |
|  Parse time:                   1.52 s                                       |
|  Simplification time:          0.03 s                                       |
|                                                                             |
============================[ Search Statistics ]====================================================
| Conflicts |          ORIGINAL         |          LEARNT          | Num Sols |      SUBGRAPHS      |
|           |    Vars  Clauses Literals |    Limit  Clauses Lit/Cl |          | Canonical Noncanon. |
=====================================================================================================
|       100 |    3929   242149 24403911 |     2000      100    133 |        0 |        23         0 |
|       250 |    3929   242149 24403911 |     2000      250    112 |        0 |        26         0 |
|       489 |    3929   242163 24404240 |     2000      489     99 |        0 |        31        14 |
|       836 |    3929   242173 24404643 |     2000      836    100 |        0 |        51        24 |
|      1351 |    3929   242182 24404844 |     2000     1351     93 |        0 |        74        33 |
|      2848 |    3929   242920 24418618 |     3600     1848     36 |        0 |       320       771 |
|      4253 |    3929   243186 24422628 |     3600     3253     60 |        0 |       371      1037 |
|      6021 |    3929   243246 24423974 |     5002     3223     60 |        0 |       391      1097 |
|      8614 |    3929   243277 24424519 |     6303     3317     47 |        0 |       404      1128 |
|     12978 |    3929   243797 24434793 |     7553     4531     44 |        0 |       588      1648 |
|     20959 |    3929   246012 24469512 |     8781     8740     52 |        0 |       977      3863 |
|     41976 |    3929   258380 24703278 |    13608     8584     37 |        0 |      4281     16231 |
|     56095 |    3929   259525 24723674 |    16004     8499     26 |        0 |      4567     17376 |
|     82785 |    3929   266754 24843703 |    19608     9393     12 |        0 |      5957     24605 |
|    113498 |    3929   268275 24872356 |    22013    19911     57 |        0 |      6488     26126 |
|    158129 |    3929   269117 24888290 |    26815    16944     37 |        0 |      6710     26968 |
|    244909 |    3929   290213 25254017 |    32815    30724     54 |        1 |     14205     48063 |
|    361629 |    3929   308407 25546285 |    41225    20054     14 |        1 |     20395     66257 |
|    512274 |    3929   311263 25599592 |    48420    38094     47 |        1 |     21390     69113 |
|    741170 |    3929   318476 25711327 |    58019    56589     62 |        1 |     23906     76326 |
|   1089498 |    3929   334279 25942509 |    71223    52921     45 |        1 |     28442     92129 |
|   1637874 |    3929   383867 26716235 |    88033    48307     26 |        1 |     43542    141717 |
|   2558322 |    3929   556133 30262144 |   109632    84954     49 |        1 |     85786    313983 |
|   3825369 |    3919   374120 26525583 |   133017    73386     35 |        1 |    119118    458756 |
|   5649610 |    3919   514950 28943361 |   163619   116229     31 |        1 |    170919    599586 |
=====================================================================================================
Number of solutions   : 1
Canonical subgraphs   : 189191         (6 /sec)
          order  3    : 1              (125000 /sec)
          order  4    : 1              (333333 /sec)
          order  5    : 1              (200000 /sec)
          order  6    : 1              (52632 /sec)
          order  7    : 1              (8264 /sec)
          order  8    : 2              (1349 /sec)
          order  9    : 4              (239 /sec)
          order 10    : 13             (60 /sec)
          order 11    : 56             (17 /sec)
          order 12    : 349            (6 /sec)
          order 13    : 4267           (6 /sec)
          order 14    : 20809          (5 /sec)
          order 15    : 37757          (6 /sec)
          order 16    : 119341         (6 /sec)
          order 17    : 5359           (5 /sec)
          order 18    : 1033           (5 /sec)
          order 19    : 173            (4 /sec)
          order 20    : 21             (5 /sec)
          order 21    : 1              (6 /sec)
          order 22    : 1              (1 /sec)
Noncanonical subgraphs: 709297         (80 /sec)
          order  3    : 0              (-nan /sec)
          order  4    : 0              (-nan /sec)
          order  5    : 0              (-nan /sec)
          order  6    : 0              (-nan /sec)
          order  7    : 0              (-nan /sec)
          order  8    : 0              (-nan /sec)
          order  9    : 0              (-nan /sec)
          order 10    : 0              (-nan /sec)
          order 11    : 0              (-nan /sec)
          order 12    : 0              (-nan /sec)
          order 13    : 9720           (6949 /sec)
          order 14    : 102097         (788 /sec)
          order 15    : 252567         (296 /sec)
          order 16    : 74915          (355 /sec)
          order 17    : 266661         (35 /sec)
          order 18    : 2811           (52 /sec)
          order 19    : 526            (41 /sec)
          order 20    : 0              (-nan /sec)
          order 21    : 0              (-nan /sec)
Canonicity checking   : 33735 s
Noncanonicity checking: 8876.77 s
Total canonicity time : 42611.8 s
database reductions   : 146
restarts              : 10748
conflicts             : 6659591        (147 /sec)
decisions             : 9288049        (0.00 % random) (206 /sec)
propagations          : 328465809      (7270 /sec)
conflict literals     : 623844711      (55.82 % deleted)
actual reward         : 0.241099
Memory used           : 418.00 MB
CPU time              : 45183 s

UNSATISFIABLE
