c --- [ banner ] -------------------------------------------------------------
c 
c CaDiCaL Radically Simplified CDCL SAT Solver
c Copyright (c) 2016-2021 A. Biere, M. Fleury, N. Froleyks
c 
c Version 1.5.2 a5f15211db36c3956764e18194dd5bd63bf3b5e6
c g++ (GCC) 9.3.0 -Wall -Wextra -O3 -DNDEBUG
c Fri Oct 21 01:27:37 EDT 2022 Linux gra-login3 3.10.0-1160.66.1.el7.x86_64 x86_64
c 
c --- [ limit ] --------------------------------------------------------------
c 
c setting conflict limit to 200000 conflicts (due to '200000')
c 
c --- [ parsing input ] ------------------------------------------------------
c 
c reading DIMACS file from '33.cubes1495.adj'
c opening file to read '33.cubes1495.adj'
c found 'p cnf 6160 1595473' header
c parsed 1595473 clauses in 19.13 seconds process time
c closing file '33.cubes1495.adj'
c after reading 1457566761 bytes 1390.0 MB
c 
c --- [ options ] ------------------------------------------------------------
c 
c all options are set to their default value
c 
c --- [ solving ] ------------------------------------------------------------
c 
c time measured in process time since initialization
c 
c  seconds    reductions  redundant   irredundant
c          MB     restarts       trail       variables
c            level   conflicts       glue         remaining
c 
c * 19.14 1368  0 0   0    0    0  0% 0 1595422 2424 39%
c { 19.48 1394  0 0   0    0    0  0% 0 1595422 2424 39%
c i 19.99 1433 1232 0   0    6    5 38% 1 1595422 2421 39%
c i 20.10 1439 1286 0   0    8    6 40% 1 1595422 2420 39%
c i 21.22 1468 471 0   2   44   34 31% 6 1595422 2409 39%
c i 21.27 1469 463 0   2   45   34 31% 6 1595422 2408 39%
c i 21.49 1469 411 0   3   55   41 31% 15 1595422 2407 39%
c i 21.72 1472 359 0   7   71   52 30% 35 1595422 2406 39%
c i 22.60 1476 285 0  18  124   92 29% 54 1595422 2405 39%
c i 22.77 1478 278 0  19  141  100 29% 55 1595422 2401 39%
c i 23.41 1483 200 0  28  215  165 29% 53 1595422 2394 39%
c i 23.48 1483 183 0  28  240  180 29% 50 1595422 2393 39%
c i 23.48 1483 182 0  28  241  180 29% 49 1595422 2392 39%
c i 23.48 1483 181 0  28  243  181 29% 49 1595422 2391 39%
c i 23.49 1483 177 0  28  248  185 29% 48 1595422 2390 39%
c i 23.53 1483 177 0  28  250  186 29% 48 1595422 2389 39%
c i 23.62 1483 176 0  28  260  192 29% 46 1595422 2385 39%
c i 23.64 1483 176 0  28  262  193 29% 46 1595422 2384 39%
c - 27.50 1368 171 1  29  300  230 29% 48 167727 2384 39%
c i 27.76 1368 164 1  29  319  246 29% 47 167727 2383 39%
c 
c  seconds     reductions  redundant   irredundant
c          MB      restarts       trail       variables
c             level   conflicts       glue         remaining
c 
c i 27.88 1368 157 1  29  346  269 29% 47 167727 2381 39%
c i 28.05 1368 155 1  34  370  292 29% 49 167727 2380 39%
c i 28.11 1368 151 1  35  388  308 29% 48 167727 2379 39%
c i 28.23 1368 139 1  35  428  338 29% 45 167727 2378 39%
c i 28.25 1368 137 1  35  433  342 29% 45 167727 2377 39%
c i 28.27 1368 135 1  35  445  351 29% 44 167727 2376 39%
c i 28.30 1368 133 1  35  454  359 29% 44 167727 2375 39%
c i 28.49 1368 133 1  43  498  397 29% 48 167727 2374 39%
c i 28.51 1368 132 1  44  502  400 29% 48 167727 2373 39%
c i 28.56 1368 129 1  47  522  419 29% 47 167727 2372 39%
c i 28.57 1368 129 1  47  525  421 29% 47 167727 2371 38%
c i 28.60 1368 127 1  47  533  428 29% 47 167727 2370 38%
c i 28.63 1368 126 1  47  543  435 29% 46 167727 2369 38%
c i 28.68 1368 125 1  47  555  446 29% 46 167727 2368 38%
c i 28.79 1368 121 1  48  609  490 29% 46 167727 2367 38%
c i 28.81 1368 119 1  48  624  501 29% 45 167727 2366 38%
c i 28.81 1368 118 1  48  626  502 29% 45 167727 2365 38%
c i 28.82 1368 118 1  48  629  504 29% 45 167727 2364 38%
c i 28.83 1368 116 1  48  639  510 29% 44 167727 2363 38%
c i 28.85 1368 112 1  48  666  522 29% 43 167727 2362 38%
c 
c  seconds     reductions  redundant   irredundant
c          MB      restarts       trail       variables
c             level   conflicts       glue         remaining
c 
c i 28.91 1368 110 1  48  694  545 29% 43 167727 2361 38%
c i 28.98 1368 107 1  48  719  565 29% 42 167727 2360 38%
c i 28.99 1368 107 1  48  721  565 29% 42 167727 2358 38%
c i 29.01 1368 107 1  48  727  567 29% 42 167727 2357 38%
c i 29.03 1368 107 1  48  739  577 29% 42 167727 2356 38%
c i 29.04 1368 107 1  48  742  579 29% 42 167727 2355 38%
c i 29.04 1368 107 1  48  751  587 29% 42 167727 2354 38%
c i 29.08 1368 107 1  49  783  617 29% 42 167727 2353 38%
c i 29.25 1368 110 1  49  809  639 29% 42 167727 2346 38%
c i 29.56 1368 103 1  60  952  756 29% 41 167727 2342 38%
c i 29.58 1368 101 1  60  980  779 29% 41 167727 2341 38%
c } 29.65 1368 99 1  60 1004  801 29% 40 167727 2341 38%
c [ 29.65 1368  0 1  60 1004  801  0% 0 167727 2341 38%
c O 29.65 1368  1 1  60 1005  802 11% 1 167727 2341 38%
c i 29.78 1368  9 1  60 1018  814 20% 4 167727 2340 38%
c i 29.80 1368 15 1  60 1021  816 22% 10 167727 2339 38%
c i 29.81 1368 15 1  60 1024  818 23% 11 167727 2338 38%
c i 29.84 1368 21 1  60 1029  822 24% 16 167727 2337 38%
c i 29.84 1368 21 1  60 1030  822 24% 15 167727 2336 38%
c i 29.85 1368 21 1  60 1033  823 25% 16 167727 2335 38%
c 
c  seconds    reductions  redundant   irredundant
c          MB     restarts       trail       variables
c            level   conflicts       glue         remaining
c 
c - 30.24 1445 22 2  60 1034  706 25% 16 167417 2335 38%
c i 30.29 1445 26 2  60 1042  712 26% 19 167417 2334 38%
c i 30.32 1445 27 2  60 1057  725 28% 19 167417 2333 38%
c i 30.33 1445 26 2  60 1068  734 28% 19 167417 2332 38%
c i 30.35 1445 26 2  60 1083  743 28% 19 167417 2331 38%
c i 30.38 1445 26 2  60 1126  774 29% 20 167417 2330 38%
c i 30.43 1445 27 2  60 1278  864 30% 21 167417 2329 38%
c i 30.44 1445 27 2  60 1306  886 30% 21 167417 2328 38%
c i 30.47 1445 28 2  60 1360  922 30% 21 167417 2327 38%
c i 30.76 1445 28 2  61 2072 1380 31% 23 167417 2326 38%
c i 30.77 1445 28 2  61 2104 1395 31% 22 167417 2325 38%
c - 30.99 1444 28 3  61 2135 1033 31% 22 167387 2325 38%
c i 31.20 1443 28 3  61 2205 1066 55% 22 167387 2324 38%
c i 31.22 1443 28 3  61 2219 1072 55% 22 167387 2323 38%
c i 31.33 1443 28 3  61 2446 1212 54% 22 167387 2322 38%
c i 31.33 1443 28 3  61 2448 1213 54% 22 167387 2321 38%
c ] 31.55 1443 28 3  61 3004 1521 55% 23 167387 2321 38%
c { 31.55 1443 99 3  61 3004 1521 78% 40 167387 2321 38%
c F 31.56 1443 99 3  61 3006 1522 78% 40 167387 2321 38%
c i 31.56 1443 99 3  61 3006 1522 78% 40 167387 2320 38%
c 
c  seconds    reductions  redundant   irredundant
c          MB     restarts       trail       variables
c            level   conflicts       glue         remaining
c 
c i 31.66 1443 94 3  61 3066 1562 76% 39 167387 2319 38%
c i 31.68 1443 93 3  61 3095 1588 75% 38 167387 2318 38%
c i 31.69 1443 92 3  61 3104 1596 75% 38 167387 2317 38%
c i 31.69 1443 91 3  61 3116 1601 75% 37 167387 2316 38%
c i 31.71 1443 88 3  61 3164 1637 74% 37 167387 2315 38%
c i 31.74 1443 86 3  61 3220 1681 73% 36 167387 2314 38%
c i 31.82 1443 74 3  61 3526 1902 69% 33 167387 2313 38%
c i 31.82 1443 74 3  61 3528 1903 69% 33 167387 2312 38%
c i 31.84 1443 72 3  61 3600 1961 68% 33 167387 2311 38%
c - 32.03 1442 72 4  61 3603 1462 68% 33 167349 2311 38%
c i 32.05 1442 73 4  61 3612 1466 67% 33 167349 2310 38%
c i 32.08 1442 74 4  61 3629 1480 67% 33 167349 2308 37%
c i 32.18 1442 73 4  72 3706 1548 66% 33 167349 2307 37%
c i 32.27 1442 67 4  72 3996 1786 64% 32 167349 2306 37%
c i 32.27 1442 66 4  72 4013 1800 64% 32 167349 2305 37%
c i 32.30 1442 67 4  78 4044 1827 64% 33 167349 2304 37%
c i 32.32 1442 67 4  81 4053 1834 64% 33 167349 2303 37%
c i 32.38 1442 67 4  85 4118 1877 63% 32 167349 2302 37%
c i 32.62 1442 63 4 101 4510 2176 61% 31 167349 2301 37%
c i 32.62 1442 63 4 101 4511 2176 61% 31 167349 2300 37%
c 
c  seconds    reductions  redundant   irredundant
c          MB     restarts       trail       variables
c            level   conflicts       glue         remaining
c 
c i 32.62 1442 63 4 102 4512 2176 61% 31 167349 2299 37%
c i 32.64 1442 63 4 104 4526 2188 61% 31 167349 2298 37%
c i 32.68 1442 63 4 107 4567 2225 61% 31 167349 2297 37%
c i 32.75 1442 59 4 107 4888 2462 59% 30 167349 2296 37%
c d 33.07 1442 58 4 107 5000 2524 59% 30 145893 2285 37%
c 2 33.12 1442 58 4 107 5000 3787 59% 30 145882 2254 37%
c p 35.39 1442 58 4 107 5000 10367 59% 30 145882 2112 34%
c d 35.60 1442 58 4 107 5000 8488 59% 30 86923 2110 34%
c d 35.68 1442 58 4 107 5000 8470 59% 30 83611 2103 34%
c - 35.96 1337 53 5 107 5438 2326 57% 28 83611 2103 34%
c # 36.11 1337 48 5 107 6007 2664 56% 26 83611 2103 34%
c } 36.44 1337 42 5 111 7004 3296 55% 23 83611 2103 34%
c [ 36.44 1337 28 5 111 7004 3296 55% 23 83611 2103 34%
c - 36.55 1338 26 6 112 7239 2404 55% 22 83611 2103 34%
c - 37.07 1338 21 7 113 9339 2470 54% 18 83611 2103 34%
c I 37.27 1338 23 7 113 10008 2893 54% 19 83611 2103 34%
c - 38.09 1338 29 8 115 11740 3114 52% 24 83611 2103 34%
c - 39.55 1338 31 9 116 14440 3596 50% 26 83611 2103 34%
c 2 39.74 1338 32 9 116 15002 5001 50% 26 83607 2103 34%
c p 40.77 1338 32 9 116 15002 8996 50% 26 83607 2089 34%
c 
c  seconds    reductions   redundant   irredundant
c          MB     restarts        trail      variables
c            level    conflicts       glue        remaining
c 
c ] 40.89 1338 32 9 116 15004 8609 43% 26 83352 2089 34%
c { 40.89 1338 42 9 116 15004 8609 62% 23 83352 2089 34%
c B 40.91 1338 42 9 116 15009 8614 62% 23 83352 2089 34%
c - 41.42 1338 35 10 139 17444 3710 56% 21 83352 2089 34%
c s 41.73 1338 32 10 156 18725 4246 54% 21 81643 2089 34%
c v 42.37 1338 32 10 156 18725 4246 54% 21 81631 2089 34%
c t 42.39 1338 32 10 156 18725 4203 54% 21 81618 2089 34%
c e 42.63 1338 32 10 156 18725 3710 54% 21 78385 492  8%
c s 42.69 1338 32 10 156 18725 3710 54% 21 77625 492  8%
c - 43.33 1338 30 11 165 20744 3813 48% 20 77625 492  8%
c W 43.53 1338 30 11 167 21010 3992 87% 20 77625 492  8%
c - 44.27 1338 27 12 171 24345 3908 91% 18 77625 492  8%
c F 45.33 1338 24 12 248 28011 6087 90% 17 77625 492  8%
c - 45.51 1338 25 13 260 28247 4153 90% 17 77625 492  8%
c p 46.40 1338 24 13 301 30002 6847 90% 17 77625 492  8%
c } 46.70 1338 24 13 319 31005 7437 90% 17 77625 492  8%
c [ 46.70 1338 32 13 319 31005 7437 182% 26 77625 492  8%
c - 47.02 1338 31 14 319 32448 4968 91% 26 77625 492  8%
c B 47.80 1338 29 14 322 36015 7016 90% 24 77625 492  8%
c - 48.09 1338 29 15 322 36949 5231 90% 24 77625 492  8%
c 
c  seconds    reductions    redundant   irredundant
c          MB      restarts        trail      variables
c            level     conflicts       glue       remaining
c 
c - 49.67 1338 30 16 325 41750 5702 91% 25 77625 492  8%
c W 51.15 1338 31 16 326 45016 7905 91% 26 77625 492  8%
c - 52.58 1338 31 17 327 46852 6180 91% 26 77625 492  8%
c s 53.34 1338 31 17 327 47933 6888 91% 26 76565 492  8%
c v 53.95 1338 31 17 327 47933 6888 91% 26 76556 492  8%
c t 53.98 1338 31 17 327 47933 6886 91% 26 76556 492  8%
c s 54.28 1339 31 17 327 47933 6886 91% 26 75549 492  8%
c p 55.93 1339 31 17 327 50004 9856 91% 26 75549 492  8%
c - 57.58 1339 30 18 327 52254 6672 91% 26 75549 492  8%
c O 59.30 1339 29 18 328 55019 8387 90% 25 75549 492  8%
c - 59.97 1339 28 19 330 57956 6402 91% 24 75549 492  8%
c ] 60.89 1339 27 19 334 63006 9258 91% 23 75549 492  8%
c { 60.89 1339 24 19 334 63006 9258 90% 17 75549 492  8%
c - 61.14 1339 23 20 335 63956 6332 90% 17 75549 492  8%
c B 61.62 1339 23 20 363 66020 7336 90% 17 75549 492  8%
c } 61.98 1339 22 20 427 67566 8188 91% 16 75549 492  8%
c 1 61.98 1339 22 20 427 67566 8188 91% 16 75549 492  8%
c 
c --- [ writing output ] -----------------------------------------------------
c 
c writing simplified CNF to DIMACS file 'simp/33.cubes1495.adj.simp1'
c * 61.98 1339 22 20 427 67566 8188 91% 16 75549 492  8%
c opening file to write 'simp/33.cubes1495.adj.simp1'
c writing 'p cnf 6160 75549' header
c closing file 'simp/33.cubes1495.adj.simp1'
c after writing 34047757 bytes 32.5 MB
c wrote 75549 clauses in 0.24 seconds process time
c 
c --- [ writing extension ] --------------------------------------------------
c 
c writing extension stack to 'simp/33.cubes1495.adj.ext1'
c opening file to write 'simp/33.cubes1495.adj.ext1'
c closing file 'simp/33.cubes1495.adj.ext1'
c after writing 101637 bytes 0.1 MB
c wrote 4503 witnesses in 0.00 seconds process time
c 
c --- [ result ] -------------------------------------------------------------
c 
s SATISFIABLE
c 
c --- [ run-time profiling ] -------------------------------------------------
c 
c process time taken by individual solving procedures
c (percentage relative to process time for solving)
c 
c        35.62   83.15% search
c        19.13   44.66% parse
c        17.58   41.04% stable
c        17.24   40.24% unstable
c         7.22   16.84% simplify
c         4.07    9.50% probe
c         1.28    2.98% vivify
c         0.86    2.01% elim
c         0.46    1.07% walk
c         0.34    0.80% lucky
c         0.30    0.70% subsume
c         0.07    0.17% ternary
c   =================================
c        42.84   68.85% solve
c 
c last line shows process time for solving
c (percentage relative to total process time)
c 
c --- [ statistics ] ---------------------------------------------------------
c 
c chronological:             10242        15.16 %  of conflicts
c conflicts:                 67566      1577.15    per second
c decisions:                101943      2379.59    per second
c eliminated:                 1597        25.93 %  of all variables
c fixed:                       907        14.72 %  of all variables
c learned:                   66406        98.28 %  per conflict
c learned_lits:           10841268       100.00 %  learned literals
c minimized:                     0         0.00 %  learned literals
c shrunken:                8175408        75.41 %  learned literals
c minishrunken:             402796         3.72 %  learned literals
c propagations:            4540000         0.11 M  per second
c reduced:                   33466        49.53 %  per conflict
c rephased:                     11      6142.36    interval
c restarts:                    427       158.23    interval
c stabilizing:                   3        62.16 %  of conflicts
c substituted:                  20         0.32 %  of all variables
c subsumed:                  28871         0.84 %  of all clauses
c strengthened:               3958         0.12 %  of all clauses
c ternary:                    2650         0.63 %  of resolved
c vivified:                     44         0.00 %  of all clauses
c walked:                        2     33783.00    interval
c weakened:                   3596         3.02    average size
c 
c seconds are measured in process time for solving
c 
c --- [ resources ] ----------------------------------------------------------
c 
c total process time since initialization:        62.22    seconds
c total real time since initialization:           62.33    seconds
c maximum resident set size of process:         1520.26    MB
c 
c --- [ shutting down ] ------------------------------------------------------
c 
c exit 10
WARNING! DIMACS header mismatch: wrong number of variables.
============================[ Problem Statistics ]=============================
|                                                                             |
|  Number of variables:          2887                                         |
|  Number of clauses:           75553                                         |
|  Parse time:                   0.43 s                                       |
|  Simplification time:          0.01 s                                       |
|                                                                             |
============================[ Search Statistics ]====================================================
| Conflicts |          ORIGINAL         |          LEARNT          | Num Sols |      SUBGRAPHS      |
|           |    Vars  Clauses Literals |    Limit  Clauses Lit/Cl |          | Canonical Noncanon. |
=====================================================================================================
|       147 |    2788    75600  7235914 |     2000      147     46 |        0 |        20        47 |
|       351 |    2788    75654  7236609 |     2000      351     61 |        0 |        33       101 |
|       619 |    2788    75697  7237288 |     2000      619     64 |        0 |        41       144 |
|       986 |    2788    75727  7238031 |     2000      986     70 |        0 |        57       174 |
|      1576 |    2788    75811  7239242 |     2000     1576     72 |        0 |        85       258 |
|      2788 |    2788    76264  7245603 |     3600     1788     38 |        0 |       239       711 |
|      4480 |    2788    76817  7253154 |     3600     3480     53 |        0 |       396      1264 |
|      6386 |    2788    77015  7256198 |     5002     3588     48 |        0 |       478      1462 |
|     10314 |    2788    78381  7272669 |     6306     5020     43 |        0 |       820      2828 |
|     14526 |    2788    78749  7277793 |     7558     6084     47 |        0 |       912      3196 |
|     20803 |    2788    79260  7285108 |     8784     8587     54 |        0 |      1073      3707 |
|     30583 |    2788    80391  7301935 |    11200     8983     47 |        0 |      1409      4838 |
|     45178 |    2788    82012  7329352 |    13617    11795     48 |        0 |      1998      6459 |
|     69298 |    2765    86671  7383953 |    17204    13702     33 |        0 |      2989     11118 |
=====================================================================================================
Number of solutions   : 0
Canonical subgraphs   : 4251           (71 /sec)
          order  3    : 1              (142857 /sec)
          order  4    : 1              (500000 /sec)
          order  5    : 1              (200000 /sec)
          order  6    : 1              (52632 /sec)
          order  7    : 2              (10000 /sec)
          order  8    : 2              (4376 /sec)
          order  9    : 2              (2028 /sec)
          order 10    : 4              (1034 /sec)
          order 11    : 9              (530 /sec)
          order 12    : 19             (302 /sec)
          order 13    : 107            (170 /sec)
          order 14    : 300            (133 /sec)
          order 15    : 1676           (68 /sec)
          order 16    : 1131           (75 /sec)
          order 17    : 416            (60 /sec)
          order 18    : 359            (55 /sec)
          order 19    : 156            (54 /sec)
          order 20    : 43             (54 /sec)
          order 21    : 21             (55 /sec)
          order 22    : 0              (-nan /sec)
Noncanonical subgraphs: 20366          (390 /sec)
          order  3    : 0              (-nan /sec)
          order  4    : 0              (-nan /sec)
          order  5    : 0              (-nan /sec)
          order  6    : 0              (-nan /sec)
          order  7    : 0              (-nan /sec)
          order  8    : 0              (-nan /sec)
          order  9    : 0              (-nan /sec)
          order 10    : 0              (-nan /sec)
          order 11    : 0              (-nan /sec)
          order 12    : 0              (-nan /sec)
          order 13    : 338            (13185 /sec)
          order 14    : 1198           (3405 /sec)
          order 15    : 5468           (905 /sec)
          order 16    : 12219          (314 /sec)
          order 17    : 1100           (179 /sec)
          order 18    : 1              (29412 /sec)
          order 19    : 3              (54 /sec)
          order 20    : 0              (-nan /sec)
          order 21    : 4              (67 /sec)
Canonicity checking   : 60.1711 s
Noncanonicity checking: 52.2871 s
Total canonicity time : 112.458 s
database reductions   : 15
restarts              : 255
conflicts             : 95977          (737 /sec)
decisions             : 158385         (0.00 % random) (1216 /sec)
propagations          : 3152567        (24198 /sec)
conflict literals     : 6377255        (56.63 % deleted)
actual reward         : 0.342483
Memory used           : 89.00 MB
CPU time              : 130.282 s

UNSATISFIABLE
