c --- [ banner ] -------------------------------------------------------------
c 
c CaDiCaL Radically Simplified CDCL SAT Solver
c Copyright (c) 2016-2021 A. Biere, M. Fleury, N. Froleyks
c 
c Version 1.5.2 a5f15211db36c3956764e18194dd5bd63bf3b5e6
c g++ (GCC) 9.3.0 -Wall -Wextra -O3 -DNDEBUG
c Fri Oct 21 01:27:37 EDT 2022 Linux gra-login3 3.10.0-1160.66.1.el7.x86_64 x86_64
c 
c --- [ limit ] --------------------------------------------------------------
c 
c setting conflict limit to 200000 conflicts (due to '200000')
c 
c --- [ parsing input ] ------------------------------------------------------
c 
c reading DIMACS file from '33.cubes4446.adj'
c opening file to read '33.cubes4446.adj'
c found 'p cnf 6160 1595481' header
c parsed 1595481 clauses in 19.55 seconds process time
c closing file '33.cubes4446.adj'
c after reading 1457566815 bytes 1390.0 MB
c 
c --- [ options ] ------------------------------------------------------------
c 
c all options are set to their default value
c 
c --- [ solving ] ------------------------------------------------------------
c 
c time measured in process time since initialization
c 
c  seconds    reductions  redundant   irredundant
c          MB     restarts       trail       variables
c            level   conflicts       glue         remaining
c 
c * 19.55 1381  0 0   0    0    0  0% 0 1595422 2331 38%
c { 20.66 1428  0 0   0    0    0  0% 0 1595422 2331 38%
c i 20.68 1428  1 0   0    1    0 14% 0 1595422 2317 38%
c i 21.77 1468 1061 0   0   12   10 37% 2 1595422 2309 37%
c i 23.85 1504 506 0   6   64   48 33% 13 1595422 2299 37%
c i 23.90 1504 497 0   7   65   48 33% 13 1595422 2298 37%
c i 23.91 1504 482 0   7   67   49 32% 12 1595422 2297 37%
c i 23.97 1504 474 0   8   68   49 32% 12 1595422 2283 37%
c i 24.39 1507 430 0   8   75   55 31% 11 1595422 2282 37%
c i 24.77 1508 369 0   9   88   65 31% 13 1595422 2281 37%
c i 24.86 1509 360 0   9   90   66 31% 12 1595422 2280 37%
c i 24.94 1509 351 0  10   94   68 31% 13 1595422 2276 37%
c i 25.11 1511 343 0  12   99   71 30% 17 1595422 2271 37%
c i 25.47 1513 296 0  18  123   91 30% 25 1595422 2270 37%
c i 25.47 1513 293 0  18  124   91 30% 25 1595422 2264 37%
c i 25.89 1515 263 0  22  142  105 29% 25 1595422 2263 37%
c i 26.34 1516 216 0  32  181  139 29% 29 1595422 2262 37%
c i 28.04 1521 170 0  47  263  214 28% 29 1595422 2261 37%
c i 28.07 1521 165 0  47  272  220 29% 29 1595422 2260 37%
c - 32.02 1461 157 1  52  300  245 29% 31 277757 2260 37%
c 
c  seconds     reductions  redundant   irredundant
c          MB      restarts       trail       variables
c             level   conflicts       glue         remaining
c 
c i 32.16 1410 155 1  53  304  248 29% 31 277757 2259 37%
c i 33.15 1410 132 1  68  418  348 28% 31 277757 2258 37%
c i 33.30 1410 116 1  68  509  425 29% 31 277757 2257 37%
c i 33.35 1410 114 1  69  529  442 29% 31 277757 2256 37%
c } 34.23 1410 78 1  77 1004  789 29% 27 277757 2256 37%
c [ 34.23 1410  0 1  77 1004  789  0% 0 277757 2256 37%
c O 34.24 1410  3 1  77 1005  790 13% 3 277757 2256 37%
c i 34.46 1410 46 1  77 1021  803 30% 31 277757 2255 37%
c - 35.16 1524 53 2  77 1170  818 31% 43 277743 2255 37%
c i 35.20 1524 53 2  77 1182  828 31% 43 277743 2254 37%
c i 35.29 1524 51 2  77 1284  895 31% 42 277743 2253 37%
c i 35.30 1524 50 2  77 1309  912 31% 42 277743 2252 37%
c i 35.30 1524 50 2  77 1317  918 31% 41 277743 2251 37%
c i 35.31 1524 50 2  77 1336  929 31% 41 277743 2250 37%
c i 35.35 1524 48 2  77 1432  993 31% 40 277743 2249 37%
c i 35.38 1524 47 2  77 1491 1040 31% 39 277743 2248 36%
c i 35.59 1524 43 2  77 2031 1402 31% 37 277743 2247 36%
c - 36.05 1523 41 3  78 2469 1273 31% 36 277720 2247 36%
c i 36.39 1523 41 3  78 2642 1387 51% 35 277720 2246 36%
c i 36.43 1523 41 3  78 2735 1455 51% 35 277720 2245 36%
c 
c  seconds    reductions  redundant   irredundant
c          MB     restarts       trail       variables
c            level   conflicts       glue         remaining
c 
c i 36.47 1523 41 3  78 2849 1526 51% 35 277720 2244 36%
c ] 36.52 1523 41 3  78 3005 1631 51% 35 277720 2244 36%
c { 36.52 1523 78 3  78 3005 1631 79% 27 277720 2244 36%
c F 36.54 1523 78 3  78 3006 1632 79% 27 277720 2244 36%
c i 37.07 1523 77 3  88 3154 1761 74% 29 277720 2242 36%
c i 37.09 1523 77 3  90 3164 1770 74% 29 277720 2241 36%
c i 37.45 1523 79 3 109 3248 1846 72% 31 277720 2231 36%
c i 38.04 1523 64 3 130 3915 2391 63% 29 277720 2230 36%
c - 38.89 1499 62 4 153 4201 1923 60% 30 219656 2230 36%
c i 39.40 1499 59 4 163 4546 2195 59% 29 219656 2228 36%
c i 40.17 1499 59 4 183 4655 2292 58% 29 219656 2227 36%
c d 41.20 1499 58 4 199 5002 2566 57% 29 204393 2222 36%
c 2 41.25 1499 58 4 199 5002 3350 57% 29 204386 2222 36%
c p 44.98 1499 58 4 199 5002 5534 57% 29 204386 2177 35%
c d 45.26 1499 58 4 199 5002 5507 57% 29 204246 2174 35%
c # 46.98 1499 50 4 202 6007 6322 54% 27 204246 2174 35%
c - 47.39 1490 49 5 202 6213 2624 54% 27 204246 2174 35%
c } 47.65 1490 45 5 202 7005 3231 53% 26 204246 2174 35%
c [ 47.65 1490 41 5 202 7005 3231 51% 35 204246 2174 35%
c - 48.17 1413 38 6 203 8571 2892 51% 32 204246 2174 35%
c 
c  seconds    reductions   redundant   irredundant
c          MB     restarts        trail       variables
c            level    conflicts       glue         remaining
c 
c I 48.68 1413 35 6 204 10008 3750 51% 30 204246 2174 35%
c - 49.65 1413 45 7 206 11322 3276 49% 38 204246 2174 35%
c - 51.09 1413 54 8 207 14466 3932 48% 45 204246 2174 35%
c 2 51.35 1413 54 8 207 15003 5195 48% 45 204244 2174 35%
c p 53.35 1413 54 8 207 15003 7505 48% 45 204244 2173 35%
c ] 53.41 1413 54 8 207 15005 7507 48% 45 204244 2173 35%
c { 53.41 1413 45 8 207 15005 7507 53% 26 204244 2173 35%
c B 53.43 1413 45 8 207 15010 7512 53% 26 204244 2173 35%
c } 57.69 1413 43 8 325 17614 9508 51% 25 204244 2173 35%
c 1 57.69 1413 43 8 325 17614 9508 51% 25 204244 2173 35%
c 
c --- [ writing output ] -----------------------------------------------------
c 
c writing simplified CNF to DIMACS file 'simp/33.cubes4446.adj.simp1'
c * 57.69 1413 43 8 325 17614 9508 51% 25 204244 2173 35%
c opening file to write 'simp/33.cubes4446.adj.simp1'
c writing 'p cnf 6160 204241' header
c closing file 'simp/33.cubes4446.adj.simp1'
c after writing 90645651 bytes 86.4 MB
c wrote 204241 clauses in 0.65 seconds process time
c 
c --- [ writing extension ] --------------------------------------------------
c 
c writing extension stack to 'simp/33.cubes4446.adj.ext1'
c opening file to write 'simp/33.cubes4446.adj.ext1'
c closing file 'simp/33.cubes4446.adj.ext1'
c after writing 12700 bytes 0.0 MB
c wrote 851 witnesses in 0.00 seconds process time
c 
c --- [ result ] -------------------------------------------------------------
c 
s SATISFIABLE
c 
c --- [ run-time profiling ] -------------------------------------------------
c 
c process time taken by individual solving procedures
c (percentage relative to process time for solving)
c 
c        31.72   83.16% search
c        24.61   64.53% unstable
c        19.55   51.26% parse
c         6.42   16.84% simplify
c         6.00   15.73% stable
c         5.73   15.02% probe
c         1.11    2.90% lucky
c         0.07    0.17% ternary
c   =================================
c        38.14   65.37% solve
c 
c last line shows process time for solving
c (percentage relative to total process time)
c 
c --- [ statistics ] ---------------------------------------------------------
c 
c chronological:              3528        20.03 %  of conflicts
c conflicts:                 17614       461.83    per second
c decisions:                 51386      1347.32    per second
c fixed:                       835        13.56 %  of all variables
c learned:                   17232        97.83 %  per conflict
c learned_lits:            3218604       100.00 %  learned literals
c minimized:                     0         0.00 %  learned literals
c shrunken:                1941827        60.33 %  learned literals
c minishrunken:             199693         6.20 %  learned literals
c propagations:            2408904         0.06 M  per second
c reduced:                    6985        39.66 %  per conflict
c rephased:                      5      3522.80    interval
c restarts:                    325        54.20    interval
c stabilizing:                   2        56.78 %  of conflicts
c substituted:                   8         0.13 %  of all variables
c subsumed:                   3880         0.12 %  of all clauses
c ternary:                    1674         0.54 %  of resolved
c weakened:                     16         2.00    average size
c 
c seconds are measured in process time for solving
c 
c --- [ resources ] ----------------------------------------------------------
c 
c total process time since initialization:        58.34    seconds
c total real time since initialization:           59.64    seconds
c maximum resident set size of process:         1636.28    MB
c 
c --- [ shutting down ] ------------------------------------------------------
c 
c exit 10
WARNING! DIMACS header mismatch: wrong number of variables.
============================[ Problem Statistics ]=============================
|                                                                             |
|  Number of variables:          6120                                         |
|  Number of clauses:          204245                                         |
|  Parse time:                   1.31 s                                       |
|  Simplification time:          0.04 s                                       |
|                                                                             |
============================[ Search Statistics ]====================================================
| Conflicts |          ORIGINAL         |          LEARNT          | Num Sols |      SUBGRAPHS      |
|           |    Vars  Clauses Literals |    Limit  Clauses Lit/Cl |          | Canonical Noncanon. |
=====================================================================================================
|       103 |    6026   204248 19535772 |     2000      103    101 |        0 |        15         3 |
|       328 |    6026   204323 19537489 |     2000      328     79 |        0 |        61        78 |
|       561 |    6026   204331 19537638 |     2000      561    103 |        0 |        72        86 |
|       941 |    6026   204374 19538504 |     2000      941    102 |        0 |        94       129 |
|      1453 |    6026   204380 19538635 |     2000     1453     97 |        0 |       108       135 |
|      2798 |    6026   204966 19551976 |     3600     1798     49 |        0 |       327       721 |
|      4008 |    6026   205037 19554291 |     3600     3008     73 |        0 |       365       792 |
|      5758 |    6026   205079 19555436 |     5000     2958     64 |        0 |       381       834 |
|      8355 |    6026   205114 19556122 |     6306     3061     60 |        0 |       392       869 |
|     12761 |    6026   205676 19566915 |     7553     4314     50 |        0 |       609      1431 |
|     20427 |    6026   207576 19600354 |     8777     8204     71 |        0 |      1312      3331 |
|     30347 |    6026   208847 19624119 |    11202     8749     51 |        0 |      1585      4602 |
|     44236 |    6026   209762 19642802 |    13612    10848     62 |        0 |      1863      5517 |
|     64933 |    6026   210998 19666980 |    17209     9342     35 |        0 |      2436      6753 |
|    101647 |    6026   218520 19787801 |    20816    18463     59 |        0 |      4389     14275 |
|    148150 |    6026   221234 19838665 |    25609    19759     51 |        0 |      5174     16989 |
|    216643 |    6026   224043 19893498 |    31609    18252     37 |        0 |      5994     19798 |
|    318615 |    6026   227489 19963920 |    37613    35228     67 |        0 |      7023     23244 |
|    470175 |    6026   231260 20037093 |    46015    42590     68 |        0 |      7939     27015 |
|    708758 |    6026   248160 20332109 |    56810    52568     76 |        0 |     11111     43915 |
|   1055665 |    6026   262542 20611620 |    70016    54081     61 |        0 |     16116     58297 |
|   1567240 |    6026   275329 20866238 |    85621    63861     62 |        0 |     21401     71084 |
|   2369963 |    6026   329870 21795346 |   106029    57392     35 |        0 |     37497    125625 |
|   3541151 |    6026   378784 22749300 |   128820   118971     65 |        3 |     51523    174536 |
|   5383412 |    6026   537634 25944547 |   160029    91841     36 |       83 |     98745    333306 |
|   8059435 |    6026   688541 28861069 |   196028   106863     26 |       88 |    148081    484208 |
|  12110680 |    6005   877796 32126786 |   240376   132456     36 |      144 |    231737    747722 |
=====================================================================================================
Number of solutions   : 144
Canonical subgraphs   : 274825         (15 /sec)
          order  3    : 1              (111111 /sec)
          order  4    : 1              (333333 /sec)
          order  5    : 1              (142857 /sec)
          order  6    : 1              (33333 /sec)
          order  7    : 1              (4717 /sec)
          order  8    : 2              (965 /sec)
          order  9    : 6              (293 /sec)
          order 10    : 23             (89 /sec)
          order 11    : 105            (29 /sec)
          order 12    : 608            (10 /sec)
          order 13    : 3814           (12 /sec)
          order 14    : 31165          (21 /sec)
          order 15    : 131003         (18 /sec)
          order 16    : 52229          (13 /sec)
          order 17    : 33858          (11 /sec)
          order 18    : 15557          (9 /sec)
          order 19    : 4003           (10 /sec)
          order 20    : 1058           (12 /sec)
          order 21    : 1245           (11 /sec)
          order 22    : 144            (1 /sec)
Noncanonical subgraphs: 885270         (135 /sec)
          order  3    : 0              (-nan /sec)
          order  4    : 0              (-nan /sec)
          order  5    : 0              (-nan /sec)
          order  6    : 0              (-nan /sec)
          order  7    : 0              (-nan /sec)
          order  8    : 0              (-nan /sec)
          order  9    : 0              (-nan /sec)
          order 10    : 0              (-nan /sec)
          order 11    : 0              (-nan /sec)
          order 12    : 0              (-nan /sec)
          order 13    : 8587           (5828 /sec)
          order 14    : 134427         (801 /sec)
          order 15    : 112404         (1108 /sec)
          order 16    : 595782         (106 /sec)
          order 17    : 26358          (77 /sec)
          order 18    : 6334           (37 /sec)
          order 19    : 6              (5561 /sec)
          order 20    : 7              (4122 /sec)
          order 21    : 0              (-nan /sec)
Canonicity checking   : 18764.2 s
Noncanonicity checking: 6549.13 s
Total canonicity time : 25313.4 s
database reductions   : 222
restarts              : 22907
conflicts             : 15221824       (423 /sec)
decisions             : 19746457       (0.00 % random) (549 /sec)
propagations          : 1586177784     (44101 /sec)
conflict literals     : 1646341828     (54.55 % deleted)
actual reward         : 0.120802
Memory used           : 537.00 MB
CPU time              : 35967.3 s

UNSATISFIABLE
