c --- [ banner ] -------------------------------------------------------------
c 
c CaDiCaL Radically Simplified CDCL SAT Solver
c Copyright (c) 2016-2021 A. Biere, M. Fleury, N. Froleyks
c 
c Version 1.5.2 a5f15211db36c3956764e18194dd5bd63bf3b5e6
c g++ (GCC) 9.3.0 -Wall -Wextra -O3 -DNDEBUG
c Fri Oct 21 01:27:37 EDT 2022 Linux gra-login3 3.10.0-1160.66.1.el7.x86_64 x86_64
c 
c --- [ limit ] --------------------------------------------------------------
c 
c setting conflict limit to 200000 conflicts (due to '200000')
c 
c --- [ parsing input ] ------------------------------------------------------
c 
c reading DIMACS file from '33.cubes7110.adj'
c opening file to read '33.cubes7110.adj'
c found 'p cnf 6160 1595474' header
c parsed 1595474 clauses in 20.60 seconds process time
c closing file '33.cubes7110.adj'
c after reading 1457566769 bytes 1390.0 MB
c 
c --- [ options ] ------------------------------------------------------------
c 
c all options are set to their default value
c 
c --- [ solving ] ------------------------------------------------------------
c 
c time measured in process time since initialization
c 
c  seconds    reductions  redundant   irredundant
c          MB     restarts       trail       variables
c            level   conflicts       glue         remaining
c 
c * 20.60 1384  0 0   0    0    0  0% 0 1595422 2359 38%
c { 22.29 1455  0 0   0    0    0  0% 0 1595422 2359 38%
c i 27.59 1517 380 0  19  139  124 30% 27 1595422 2358 38%
c i 29.11 1524 285 0  37  206  184 30% 30 1595422 2357 38%
c i 29.56 1526 264 0  44  245  212 29% 32 1595422 2355 38%
c i 29.67 1526 259 0  46  253  219 29% 32 1595422 2354 38%
c - 34.38 1452 239 1  57  300  263 29% 37 221055 2354 38%
c i 34.53 1375 237 1  57  304  265 29% 37 221055 2353 38%
c i 34.55 1375 234 1  58  309  266 29% 37 221055 2352 38%
c i 34.58 1375 231 1  59  314  269 29% 37 221055 2351 38%
c i 34.87 1375 203 1  62  360  311 29% 34 221055 2350 38%
c i 34.89 1375 200 1  62  368  318 29% 34 221055 2349 38%
c i 34.92 1375 200 1  62  370  319 29% 34 221055 2348 38%
c i 34.97 1375 199 1  63  380  327 29% 36 221055 2347 38%
c i 35.05 1375 199 1  65  387  333 29% 37 221055 2346 38%
c i 35.90 1376 184 1  77  451  388 29% 37 221055 2345 38%
c i 35.93 1376 182 1  77  457  392 29% 36 221055 2344 38%
c i 35.93 1376 182 1  77  458  392 29% 36 221055 2343 38%
c i 35.98 1376 179 1  77  466  399 29% 36 221055 2342 38%
c i 36.19 1376 179 1  79  483  413 29% 37 221055 2340 38%
c 
c  seconds     reductions  redundant   irredundant
c          MB      restarts       trail       variables
c             level   conflicts       glue         remaining
c 
c i 36.53 1376 170 1  82  548  468 29% 37 221055 2339 38%
c i 36.58 1376 167 1  82  566  484 29% 36 221055 2338 38%
c i 36.59 1376 166 1  82  569  486 29% 36 221055 2337 38%
c i 36.62 1376 165 1  82  580  496 29% 36 221055 2336 38%
c i 36.64 1376 163 1  82  599  513 29% 36 221055 2335 38%
c i 36.68 1376 161 1  82  617  529 29% 36 221055 2334 38%
c i 37.07 1376 153 1  91  676  582 29% 37 221055 2333 38%
c i 37.70 1376 135 1  95  848  730 29% 36 221055 2332 38%
c i 37.87 1376 123 1  95  992  860 29% 35 221055 2331 38%
c } 37.88 1376 122 1  95 1000  867 29% 35 221055 2331 38%
c [ 37.88 1376  0 1  95 1000  867  0% 0 221055 2331 38%
c O 37.93 1376 34 1  95 1003  870 30% 10 221055 2331 38%
c - 38.65 1478 22 2  95 1106  841 30% 16 220992 2331 38%
c i 39.13 1478 22 2  95 1847 1353 30% 19 220992 2330 38%
c i 39.31 1478 23 2  96 2196 1558 30% 19 220992 2329 38%
c - 39.62 1478 23 3  96 2315 1217 30% 19 220986 2329 38%
c ] 40.30 1477 24 3  96 3001 1738 54% 20 220986 2329 38%
c { 40.30 1477 122 3  96 3001 1738 78% 35 220986 2329 38%
c F 40.35 1477 122 3  96 3009 1744 77% 35 220986 2329 38%
c i 40.53 1477 120 3  96 3019 1753 77% 35 220986 2328 38%
c 
c  seconds     reductions  redundant   irredundant
c          MB      restarts       trail       variables
c             level   conflicts       glue         remaining
c 
c i 40.61 1477 119 3  96 3033 1766 77% 35 220986 2323 38%
c i 41.50 1478 106 3 100 3255 1956 72% 32 220986 2315 38%
c i 41.79 1478 103 3 103 3353 2039 70% 32 220986 2314 38%
c i 42.81 1478 98 3 114 3534 2196 67% 32 220986 2313 38%
c i 43.59 1478 97 3 130 3669 2311 65% 32 220986 2312 38%
c i 43.62 1478 97 3 130 3681 2322 65% 32 220986 2311 38%
c i 44.08 1478 95 3 138 3786 2420 64% 32 220986 2310 38%
c i 44.11 1478 95 3 139 3800 2431 64% 32 220986 2296 37%
c i 44.12 1478 96 3 139 3801 2431 64% 32 220986 2295 37%
c i 44.14 1478 96 3 139 3810 2437 64% 33 220986 2293 37%
c - 44.71 1377 92 4 144 3930 1932 63% 32 220217 2277 37%
c i 45.55 1377 86 4 152 4168 2125 62% 31 220217 2276 37%
c d 46.49 1378 70 4 156 5000 2767 59% 27 207939 2271 37%
c 3 46.51 1378 70 4 156 5000 3624 59% 27 207939 2271 37%
c 2 46.56 1377 70 4 156 5000 3666 59% 27 207931 2263 37%
c p 54.02 1377 70 4 156 5000 7236 59% 27 207931 2216 36%
c d 54.38 1377 70 4 156 5000 6904 59% 27 207769 2214 36%
c - 55.67 1341 60 5 157 5945 2689 57% 25 207769 2214 36%
c # 55.76 1341 60 5 157 6012 2746 57% 25 207769 2214 36%
c } 58.02 1341 56 5 220 7005 3548 55% 25 207769 2214 36%
c 
c  seconds    reductions  redundant   irredundant
c          MB     restarts       trail       variables
c            level   conflicts       glue         remaining
c 
c [ 58.02 1341 24 5 220 7005 3548 54% 20 207769 2214 36%
c - 59.11 1341 26 6 221 8316 3098 51% 21 207769 2214 36%
c I 60.99 1341 26 6 222 10013 4253 51% 21 207769 2214 36%
c - 63.84 1341 31 7 223 11083 3629 50% 24 207769 2214 36%
c - 69.86 1343 35 8 225 14245 4458 49% 28 207769 2214 36%
c 2 70.34 1342 37 8 225 15000 6086 49% 29 207766 2214 36%
c p 72.00 1343 37 8 225 15000 9496 49% 29 207766 2214 36%
c ] 72.13 1343 37 8 225 15007 9501 49% 29 207766 2214 36%
c { 72.13 1343 56 8 225 15007 9501 55% 25 207766 2214 36%
c B 72.20 1343 56 8 225 15014 9506 55% 25 207766 2214 36%
c - 75.60 1343 46 9 277 17804 5123 53% 24 207766 2214 36%
c s 76.49 1343 43 9 291 18805 5640 53% 23 205845 2214 36%
c v 78.94 1343 43 9 291 18805 5640 53% 23 205819 2214 36%
c t 79.06 1343 43 9 291 18805 5637 53% 23 205806 2214 36%
c e 79.89 1344 43 9 291 18805 5306 53% 23 203497 968 16%
c s 79.98 1344 43 9 291 18805 5306 53% 23 201972 968 16%
c W 82.75 1344 38 9 293 21019 6864 67% 21 201972 968 16%
c - 83.95 1344 38 10 333 21756 5235 67% 21 201972 968 16%
c - 86.99 1344 32 11 367 26065 5645 68% 18 201972 968 16%
c F 87.91 1344 30 11 367 28021 6989 69% 18 201972 968 16%
c 
c  seconds    reductions     redundant   irredundant
c          MB      restarts         trail       variables
c            level     conflicts        glue        remaining
c 
c p 93.10 1344 28 11 398 30002 10576 68% 17 201972 967 16%
c - 94.18 1344 28 12 398 30766 6387 68% 17 201969 967 16%
c } 94.26 1344 28 12 404 31007 6547 68% 17 201969 967 16%
c [ 94.26 1344 37 12 404 31007 6547 119% 29 201969 967 16%
c - 96.80 1344 31 13 407 35856 6862 100% 25 201969 967 16%
c B 96.92 1344 31 13 407 36024 6987 100% 25 201969 967 16%
c - 100.60 1344 31 14 410 41339 7140 92% 25 201969 967 16%
c W 103.81 1344 30 14 411 45025 9412 88% 25 201969 967 16%
c - 104.58 1345 30 15 412 47214 7582 86% 25 201969 967 16%
c s 105.46 1344 30 15 412 49625 9212 85% 25 200918 967 16%
c v 107.60 1344 30 15 412 49625 9212 85% 25 200882 967 16%
c e 108.44 1345 30 15 412 49625 9212 85% 25 200882 966 16%
c s 108.57 1345 30 15 412 49625 9210 85% 25 200070 966 16%
c p 111.21 1345 31 15 412 50002 11966 85% 25 200070 966 16%
c - 112.86 1345 31 16 412 53479 8390 83% 26 200070 966 16%
c O 113.36 1345 31 16 413 55026 9428 82% 26 200070 966 16%
c - 114.58 1345 29 17 417 60115 7970 80% 25 200070 966 16%
c ] 115.08 1345 29 17 419 63011 9495 80% 24 200070 966 16%
c { 115.08 1345 28 17 419 63011 9495 68% 17 200070 966 16%
c B 121.42 1345 29 17 784 66031 11524 68% 18 200070 966 16%
c 
c  seconds     reductions     redundant   irredundant
c           MB      restarts         trail       variables
c             level      conflicts       glue        remaining
c 
c - 124.97 1344 31 18 1024 67141 8624 68% 19 200070 966 16%
c - 127.70 1345 27 19 1066 74557 8668 69% 17 200070 966 16%
c p 131.99 1345 27 19 1066 75004 13009 69% 17 200070 947 15%
c d 132.29 1345 27 19 1066 75004 12631 69% 17 199841 946 15%
c W 134.80 1345 26 19 1174 78032 14538 69% 17 199841 946 15%
c - 136.04 1345 25 20 1201 82364 10182 68% 17 199841 946 15%
c - 141.55 1344 23 21 1247 90560 10631 68% 16 199841 946 15%
c # 141.98 1345 23 21 1247 91036 10901 68% 16 199841 946 15%
c s 146.04 1345 22 21 1358 95793 13854 68% 16 198449 946 15%
c v 148.58 1345 22 21 1358 95793 13854 68% 16 198391 946 15%
c w 148.69 1345 22 21 1358 95793 13853 68% 16 198391 946 15%
c t 148.69 1345 22 21 1358 95793 13850 68% 16 198391 946 15%
c e 149.44 1345 22 21 1358 95793 13838 68% 16 198381 936 15%
c s 149.65 1345 22 21 1358 95793 13836 68% 16 197034 936 15%
c - 155.51 1345 22 22 1561 99144 11634 69% 16 197034 936 15%
c p 163.57 1344 22 22 1801 105004 19273 68% 16 197034 936 15%
c B 163.85 1344 22 22 1801 105038 19295 68% 16 197034 936 15%
c - 166.31 1345 22 23 2009 108077 12868 68% 16 197034 936 15%
c - 172.72 1345 21 24 2299 117398 13514 68% 15 197034 936 15%
c W 176.42 1345 21 24 2492 120041 15272 68% 15 197034 936 15%
c 
c  seconds     reductions       redundant   irredundant
c           MB      restarts           trail       variables
c             level      conflicts         glue        remaining
c 
c } 186.51 1344 23 24 3553 127011 20337 68% 17 197034 936 15%
c [ 186.51 1345 29 24 3553 127011 20337 80% 24 197034 936 15%
c - 186.64 1345 29 25 3553 127109 15025 80% 24 197034 936 15%
c B 190.01 1345 29 25 3557 136042 20939 77% 24 197034 936 15%
c - 190.52 1345 29 26 3559 137206 15360 77% 24 197034 936 15%
c p 193.28 1345 28 26 3560 140006 21115 77% 24 197034 936 15%
c - 197.69 1345 29 27 3561 147694 15956 76% 24 197034 936 15%
c W 201.36 1345 30 27 3562 153043 19995 75% 24 197034 936 15%
c s 205.12 1345 29 27 3562 157537 22913 74% 24 195861 936 15%
c v 208.58 1345 29 27 3562 157537 22913 74% 24 195819 936 15%
c w 208.76 1345 29 27 3562 157537 22913 74% 24 195819 936 15%
c t 208.76 1345 29 27 3562 157537 22912 74% 24 195819 936 15%
c s 209.74 1345 29 27 3562 157537 22911 74% 24 194374 936 15%
c - 211.41 1345 29 28 3562 158568 16446 74% 24 194374 936 15%
c - 221.12 1345 29 29 3564 169780 17093 73% 24 194374 936 15%
c I 222.02 1345 29 29 3565 171045 17957 73% 24 194374 936 15%
c p 231.82 1345 31 29 3569 180007 28899 72% 25 194374 936 15%
c - 234.11 1345 31 30 3570 181381 18107 72% 25 194374 936 15%
c ] 237.34 1345 31 30 3574 186749 22077 72% 25 194374 936 15%
c 1 237.34 1345 31 30 3574 186749 22077 72% 25 194374 936 15%
c 
c --- [ writing output ] -----------------------------------------------------
c 
c writing simplified CNF to DIMACS file 'simp/33.cubes7110.adj.simp1'
c 
c  seconds     reductions       redundant   irredundant
c           MB      restarts           trail       variables
c             level      conflicts         glue        remaining
c 
c * 237.34 1345 31 30 3574 186749 22077 72% 25 194374 936 15%
c opening file to write 'simp/33.cubes7110.adj.simp1'
c writing 'p cnf 6160 194374' header
c closing file 'simp/33.cubes7110.adj.simp1'
c after writing 93338355 bytes 89.0 MB
c wrote 194374 clauses in 0.65 seconds process time
c 
c --- [ writing extension ] --------------------------------------------------
c 
c writing extension stack to 'simp/33.cubes7110.adj.ext1'
c opening file to write 'simp/33.cubes7110.adj.ext1'
c closing file 'simp/33.cubes7110.adj.ext1'
c after writing 83174 bytes 0.1 MB
c wrote 3723 witnesses in 0.00 seconds process time
c 
c --- [ result ] -------------------------------------------------------------
c 
s SATISFIABLE
c 
c --- [ run-time profiling ] -------------------------------------------------
c 
c process time taken by individual solving procedures
c (percentage relative to process time for solving)
c 
c       173.69   80.14% search
c        98.34   45.37% unstable
c        71.17   32.84% stable
c        43.05   19.86% simplify
c        23.34   10.77% probe
c        20.60    9.50% parse
c        10.98    5.07% vivify
c         5.76    2.66% elim
c         2.49    1.15% walk
c         1.69    0.78% lucky
c         1.45    0.67% subsume
c         0.24    0.11% ternary
c   =================================
c       216.74   91.07% solve
c 
c last line shows process time for solving
c (percentage relative to total process time)
c 
c --- [ statistics ] ---------------------------------------------------------
c 
c chronological:             34743        18.60 %  of conflicts
c conflicts:                186749       861.63    per second
c decisions:                362106      1670.71    per second
c eliminated:                 1257        20.41 %  of all variables
c fixed:                       815        13.23 %  of all variables
c learned:                  182360        97.65 %  per conflict
c learned_lits:           30994716       100.00 %  learned literals
c minimized:                     0         0.00 %  learned literals
c shrunken:               20725018        66.87 %  learned literals
c minishrunken:            2057949         6.64 %  learned literals
c propagations:           14161038         0.07 M  per second
c reduced:                  100098        53.60 %  per conflict
c rephased:                     18     10374.94    interval
c restarts:                   3574        52.25    interval
c stabilizing:                   4        54.48 %  of conflicts
c substituted:                   8         0.13 %  of all variables
c subsumed:                  70864         1.95 %  of all clauses
c strengthened:              22390         0.61 %  of all clauses
c ternary:                    5106         0.69 %  of resolved
c vivified:                    192         0.01 %  of all clauses
c walked:                        5     37349.80    interval
c weakened:                   2908         3.09    average size
c 
c seconds are measured in process time for solving
c 
c --- [ resources ] ----------------------------------------------------------
c 
c total process time since initialization:       237.99    seconds
c total real time since initialization:          255.88    seconds
c maximum resident set size of process:         1579.68    MB
c 
c --- [ shutting down ] ------------------------------------------------------
c 
c exit 10
WARNING! DIMACS header mismatch: wrong number of variables.
============================[ Problem Statistics ]=============================
|                                                                             |
|  Number of variables:          3496                                         |
|  Number of clauses:          194378                                         |
|  Parse time:                   1.24 s                                       |
|  Simplification time:          0.02 s                                       |
|                                                                             |
============================[ Search Statistics ]====================================================
| Conflicts |          ORIGINAL         |          LEARNT          | Num Sols |      SUBGRAPHS      |
|           |    Vars  Clauses Literals |    Limit  Clauses Lit/Cl |          | Canonical Noncanon. |
=====================================================================================================
|       109 |    3404   194387 20057817 |     2000      109     90 |        0 |        13         9 |
|       262 |    3404   194390 20057854 |     2000      262     80 |        0 |        26        12 |
|       490 |    3404   194393 20058043 |     2000      490     92 |        0 |        34        15 |
|       854 |    3404   194420 20058585 |     2000      854     90 |        0 |        48        42 |
|      1364 |    3404   194424 20058682 |     2000     1364     88 |        0 |        65        46 |
|      2144 |    3404   194445 20059062 |     3601     1145     45 |        0 |        91        67 |
|      3296 |    3404   194458 20059873 |     3601     2297     80 |        0 |       104        80 |
|      5038 |    3404   194492 20060662 |     5004     2242     49 |        0 |       148       114 |
|      7766 |    3404   194658 20063966 |     5004     4970     82 |        0 |       198       280 |
|     19276 |    3404   202324 20211959 |     8783     7059     49 |        0 |      3180      7946 |
|     28630 |    3404   205912 20266059 |    11198     7028     23 |        0 |      4398     11534 |
|     37393 |    3404   206026 20268745 |    12401    10194     57 |        0 |      4453     11648 |
|     51041 |    3404   206700 20282760 |    14806    10847     48 |        0 |      4612     12322 |
|     77953 |    3404   214151 20413795 |    18412    13765     44 |        0 |      6725     19773 |
|    124687 |    3404   231693 20740313 |    23209    20096     48 |        0 |     11385     37315 |
|    169047 |    3404   232264 20750507 |    28016    14463     18 |        0 |     11540     37886 |
|    250138 |    3404   247671 21024749 |    34021    19559     29 |        0 |     15563     53293 |
|    354538 |    3404   253545 21121384 |    40012    32950     47 |        0 |     17604     59167 |
|    503446 |    3404   254664 21144748 |    48418    29264     30 |        0 |     17847     60286 |
|    814440 |    3404   343975 22460803 |    61616    41056     36 |        0 |     37400    149597 |
|   1147759 |    3404   344769 22480737 |    73621    39380     25 |        0 |     37854    150391 |
|   1647029 |    3404   345251 22493343 |    88025    57454     42 |        0 |     38176    150873 |
|   2549782 |    3322   400919 23398835 |   108807    75587     46 |        0 |     90592    305444 |
|   3714593 |    3250   342586 17743296 |   132410    47161     36 |        0 |    101509    347981 |
=====================================================================================================
Number of solutions   : 0
Canonical subgraphs   : 101971         (7 /sec)
          order  3    : 1              (166667 /sec)
          order  4    : 1              (500000 /sec)
          order  5    : 1              (250000 /sec)
          order  6    : 1              (55556 /sec)
          order  7    : 1              (7937 /sec)
          order  8    : 2              (1364 /sec)
          order  9    : 5              (282 /sec)
          order 10    : 13             (61 /sec)
          order 11    : 59             (17 /sec)
          order 12    : 338            (8 /sec)
          order 13    : 1452           (4 /sec)
          order 14    : 4970           (5 /sec)
          order 15    : 92989          (7 /sec)
          order 16    : 1441           (5 /sec)
          order 17    : 542            (4 /sec)
          order 18    : 147            (3 /sec)
          order 19    : 7              (2 /sec)
          order 20    : 1              (2 /sec)
          order 21    : 0              (-nan /sec)
          order 22    : 0              (-nan /sec)
Noncanonical subgraphs: 349478         (66 /sec)
          order  3    : 0              (-nan /sec)
          order  4    : 0              (-nan /sec)
          order  5    : 0              (-nan /sec)
          order  6    : 0              (-nan /sec)
          order  7    : 0              (-nan /sec)
          order  8    : 0              (-nan /sec)
          order  9    : 0              (-nan /sec)
          order 10    : 0              (-nan /sec)
          order 11    : 0              (-nan /sec)
          order 12    : 0              (-nan /sec)
          order 13    : 5687           (9975 /sec)
          order 14    : 15831          (1826 /sec)
          order 15    : 137834         (297 /sec)
          order 16    : 189073         (40 /sec)
          order 17    : 916            (27 /sec)
          order 18    : 136            (43 /sec)
          order 19    : 1              (11 /sec)
          order 20    : 0              (-nan /sec)
          order 21    : 0              (-nan /sec)
Canonicity checking   : 14725.3 s
Noncanonicity checking: 5266.36 s
Total canonicity time : 19991.6 s
database reductions   : 110
restarts              : 6727
conflicts             : 3842262        (180 /sec)
decisions             : 5352668        (0.00 % random) (251 /sec)
propagations          : 198781545      (9323 /sec)
conflict literals     : 343083936      (56.05 % deleted)
actual reward         : 0.242974
Memory used           : 392.00 MB
CPU time              : 21322.3 s

UNSATISFIABLE
