c --- [ banner ] -------------------------------------------------------------
c 
c CaDiCaL Radically Simplified CDCL SAT Solver
c Copyright (c) 2016-2021 A. Biere, M. Fleury, N. Froleyks
c 
c Version 1.5.2 a5f15211db36c3956764e18194dd5bd63bf3b5e6
c g++ (GCC) 9.3.0 -Wall -Wextra -O3 -DNDEBUG
c Fri Oct 21 01:27:37 EDT 2022 Linux gra-login3 3.10.0-1160.66.1.el7.x86_64 x86_64
c 
c --- [ limit ] --------------------------------------------------------------
c 
c setting conflict limit to 200000 conflicts (due to '200000')
c 
c --- [ parsing input ] ------------------------------------------------------
c 
c reading DIMACS file from '33.cubes3992.adj'
c opening file to read '33.cubes3992.adj'
c found 'p cnf 6160 1595467' header
c parsed 1595467 clauses in 18.85 seconds process time
c closing file '33.cubes3992.adj'
c after reading 1457566720 bytes 1390.0 MB
c 
c --- [ options ] ------------------------------------------------------------
c 
c all options are set to their default value
c 
c --- [ solving ] ------------------------------------------------------------
c 
c time measured in process time since initialization
c 
c  seconds    reductions  redundant   irredundant
c          MB     restarts       trail       variables
c            level   conflicts       glue         remaining
c 
c * 18.85 1371  0 0   0    0    0  0% 0 1595422 2375 39%
c { 19.62 1410  0 0   0    0    0  0% 0 1595422 2375 39%
c i 20.21 1434 1108 0   0    8    7 38% 1 1595422 2280 37%
c i 22.40 1477 331 0  10   66   52 31% 10 1595422 2246 36%
c i 22.46 1477 325 0  10   67   52 31% 9 1595422 2245 36%
c i 22.59 1479 310 0  11   70   54 31% 10 1595422 2244 36%
c i 22.63 1479 302 0  11   73   55 31% 10 1595422 2242 36%
c i 23.03 1483 278 0  13   80   61 31% 12 1595422 2241 36%
c i 23.26 1485 257 0  15   87   67 31% 14 1595422 2240 36%
c i 23.33 1489 251 0  16   89   68 31% 14 1595422 2239 36%
c i 24.46 1494 183 0  22  140  102 29% 13 1595422 2238 36%
c i 25.19 1495 162 0  31  180  136 29% 23 1595422 2237 36%
c i 25.25 1495 159 0  32  187  139 29% 23 1595422 2233 36%
c i 25.70 1496 140 0  42  227  169 29% 25 1595422 2232 36%
c i 25.88 1497 133 0  46  241  182 29% 25 1595422 2231 36%
c i 26.00 1497 124 0  48  261  198 29% 25 1595422 2230 36%
c i 26.02 1497 123 0  48  264  200 29% 25 1595422 2229 36%
c i 26.09 1497 121 0  48  271  206 29% 25 1595422 2228 36%
c i 26.12 1497 120 0  48  278  212 29% 25 1595422 2227 36%
c i 26.20 1497 119 0  48  286  219 29% 25 1595422 2226 36%
c 
c  seconds     reductions  redundant   irredundant
c          MB      restarts       trail       variables
c             level   conflicts       glue         remaining
c 
c - 29.91 1448 115 1  49  304  232 29% 26 150989 2226 36%
c i 30.17 1399 112 1  52  318  245 29% 26 150989 2225 36%
c i 30.45 1399 103 1  58  385  302 29% 26 150989 2224 36%
c i 30.47 1399 103 1  58  389  305 29% 26 150989 2223 36%
c i 30.49 1399 103 1  59  395  309 29% 27 150989 2222 36%
c i 30.49 1399 102 1  60  398  311 29% 27 150989 2221 36%
c i 30.50 1399 102 1  61  399  311 29% 27 150989 2220 36%
c i 30.53 1399 101 1  62  404  315 29% 26 150989 2219 36%
c i 30.53 1399 101 1  62  405  315 29% 26 150989 2218 36%
c i 30.53 1399 101 1  62  407  316 29% 26 150989 2217 36%
c i 30.53 1399 101 1  62  408  316 29% 26 150989 2216 36%
c i 30.55 1399 100 1  62  418  322 29% 26 150989 2215 36%
c i 30.91 1399 85 1  77  593  452 29% 27 150989 2214 36%
c i 31.33 1399 83 1  90  671  524 29% 27 150989 2213 36%
c i 31.46 1399 81 1  90  701  549 29% 27 150989 2212 36%
c i 31.73 1399 73 1  93  824  632 30% 26 150989 2211 36%
c i 31.74 1399 73 1  93  827  634 30% 26 150989 2210 36%
c i 31.76 1399 72 1  93  846  640 30% 26 150989 2209 36%
c i 31.79 1399 72 1  93  849  642 30% 26 150989 2208 36%
c i 31.79 1399 71 1  93  851  643 30% 25 150989 2207 36%
c 
c  seconds    reductions  redundant   irredundant
c          MB     restarts       trail       variables
c            level   conflicts       glue         remaining
c 
c i 31.79 1399 71 1  93  852  643 30% 25 150989 2206 36%
c i 31.79 1399 71 1  93  853  643 30% 25 150989 2205 36%
c i 32.04 1399 70 1  96  917  698 30% 26 150989 2204 36%
c i 32.08 1399 69 1  96  948  725 30% 26 150989 2203 36%
c i 32.08 1399 69 1  96  952  728 30% 26 150989 2202 36%
c i 32.09 1399 69 1  96  956  731 30% 26 150989 2201 36%
c i 32.10 1399 69 1  96  958  732 30% 26 150989 2200 36%
c i 32.10 1399 69 1  96  960  732 30% 25 150989 2198 36%
c i 32.10 1399 69 1  96  961  732 30% 25 150989 2197 36%
c i 32.10 1399 69 1  96  962  732 30% 25 150989 2196 36%
c i 32.10 1399 69 1  96  963  732 30% 25 150989 2195 36%
c i 32.19 1399 69 1  97  986  753 30% 26 150989 2194 36%
c i 32.22 1399 69 1 100  994  760 30% 26 150989 2193 36%
c } 32.23 1399 68 1 102 1002  766 30% 26 150989 2193 36%
c [ 32.23 1399  0 1 102 1002  766  0% 0 150989 2193 36%
c O 32.23 1399  0 1 102 1003  766 15% 0 150989 2193 36%
c i 32.23 1399  0 1 102 1003  766 15% 0 150989 2186 35%
c i 32.23 1399  1 1 102 1004  766 15% 0 150989 2179 35%
c - 32.62 1453 11 2 102 1011  646 24% 8 150620 2179 35%
c i 32.70 1453 20 2 102 1065  674 33% 17 150620 2178 35%
c 
c  seconds    reductions  redundant   irredundant
c          MB     restarts       trail       variables
c            level   conflicts       glue         remaining
c 
c i 32.71 1453 21 2 102 1085  687 33% 18 150620 2177 35%
c i 32.72 1453 21 2 102 1096  694 33% 18 150620 2176 35%
c i 32.74 1453 20 2 102 1189  748 33% 17 150620 2175 35%
c i 32.78 1453 23 2 102 1284  815 32% 19 150620 2174 35%
c i 32.78 1453 23 2 102 1285  815 32% 19 150620 2173 35%
c ] 32.78 1453 23 2 102 1294  823 32% 19 150620 2173 35%
c 1 32.78 1453 23 2 102 1294  823 32% 19 150620 2173 35%
c 
c --- [ writing output ] -----------------------------------------------------
c 
c writing simplified CNF to DIMACS file 'simp/33.cubes3992.adj.simp1'
c * 32.78 1453 23 2 102 1294  823 32% 19 150620 2173 35%
c opening file to write 'simp/33.cubes3992.adj.simp1'
c writing 'p cnf 6160 150602' header
c closing file 'simp/33.cubes3992.adj.simp1'
c after writing 61334947 bytes 58.5 MB
c wrote 150602 clauses in 0.47 seconds process time
c 
c --- [ writing extension ] --------------------------------------------------
c 
c writing extension stack to 'simp/33.cubes3992.adj.ext1'
c opening file to write 'simp/33.cubes3992.adj.ext1'
c closing file 'simp/33.cubes3992.adj.ext1'
c after writing 12588 bytes 0.0 MB
c wrote 843 witnesses in 0.00 seconds process time
c 
c --- [ result ] -------------------------------------------------------------
c 
s SATISFIABLE
c 
c --- [ run-time profiling ] -------------------------------------------------
c 
c process time taken by individual solving procedures
c (percentage relative to process time for solving)
c 
c        18.85  135.35% parse
c        13.93  100.00% search
c        12.62   90.57% unstable
c         0.76    5.48% lucky
c         0.55    3.95% stable
c         0.00    0.00% simplify
c   =================================
c        13.93   41.89% solve
c 
c last line shows process time for solving
c (percentage relative to total process time)
c 
c --- [ statistics ] ---------------------------------------------------------
c 
c chronological:               484        37.40 %  of conflicts
c conflicts:                  1294        92.90    per second
c decisions:                 15694      1126.71    per second
c fixed:                       843        13.69 %  of all variables
c learned:                    1229        94.98 %  per conflict
c learned_lits:             168495       100.00 %  learned literals
c minimized:                     0         0.00 %  learned literals
c shrunken:                 100523        59.66 %  learned literals
c minishrunken:              11851         7.03 %  learned literals
c propagations:             253417         0.02 M  per second
c reduced:                     125         9.66 %  per conflict
c rephased:                      1      1294.00    interval
c restarts:                    102        12.69    interval
c stabilizing:                   1        22.57 %  of conflicts
c subsumed:                    215         0.01 %  of all clauses
c 
c seconds are measured in process time for solving
c 
c --- [ resources ] ----------------------------------------------------------
c 
c total process time since initialization:        33.25    seconds
c total real time since initialization:           34.12    seconds
c maximum resident set size of process:         1497.46    MB
c 
c --- [ shutting down ] ------------------------------------------------------
c 
c exit 10
WARNING! DIMACS header mismatch: wrong number of variables.
============================[ Problem Statistics ]=============================
|                                                                             |
|  Number of variables:          6120                                         |
|  Number of clauses:          150602                                         |
|  Parse time:                   0.83 s                                       |
|  Simplification time:          0.02 s                                       |
|                                                                             |
============================[ Search Statistics ]====================================================
| Conflicts |          ORIGINAL         |          LEARNT          | Num Sols |      SUBGRAPHS      |
|           |    Vars  Clauses Literals |    Limit  Clauses Lit/Cl |          | Canonical Noncanon. |
=====================================================================================================
|       103 |    6017   150605 13426281 |     2000       97     80 |        0 |        24         3 |
|       397 |    6015   150749 13429071 |     2000      389     51 |        0 |        77       147 |
|      1110 |    6015   151237 13436600 |     2000     1102     27 |        0 |       238       635 |
|      1884 |    6015   151674 13442554 |     2000     1876     21 |        0 |       439      1072 |
|      3317 |    6015   152601 13453486 |     3599     2316     11 |        0 |       715      1999 |
|      5217 |    6013   153742 13467717 |     5005     2422     10 |        0 |      1131      3140 |
|      8869 |    6012   156255 13500781 |     6303     3571     11 |        0 |      1867      5653 |
|     15144 |    6012   160822 13560446 |     7553     6697     11 |        0 |      2844     10220 |
|     22834 |    6007   165950 13622058 |     9994     6228      9 |        0 |      3670     15348 |
=====================================================================================================
Number of solutions   : 0
Canonical subgraphs   : 4475           (165 /sec)
          order  3    : 1              (142857 /sec)
          order  4    : 1              (500000 /sec)
          order  5    : 1              (250000 /sec)
          order  6    : 1              (52632 /sec)
          order  7    : 2              (10101 /sec)
          order  8    : 6              (2667 /sec)
          order  9    : 23             (803 /sec)
          order 10    : 96             (384 /sec)
          order 11    : 510            (243 /sec)
          order 12    : 3678           (160 /sec)
          order 13    : 149            (93 /sec)
          order 14    : 7              (51 /sec)
          order 15    : 0              (-nan /sec)
          order 16    : 0              (-nan /sec)
          order 17    : 0              (-nan /sec)
          order 18    : 0              (-nan /sec)
          order 19    : 0              (-nan /sec)
          order 20    : 0              (-nan /sec)
          order 21    : 0              (-nan /sec)
          order 22    : 0              (-nan /sec)
Noncanonical subgraphs: 22606          (911 /sec)
          order  3    : 0              (-nan /sec)
          order  4    : 0              (-nan /sec)
          order  5    : 0              (-nan /sec)
          order  6    : 0              (-nan /sec)
          order  7    : 0              (-nan /sec)
          order  8    : 0              (-nan /sec)
          order  9    : 0              (-nan /sec)
          order 10    : 0              (-nan /sec)
          order 11    : 0              (-nan /sec)
          order 12    : 0              (-nan /sec)
          order 13    : 21852          (915 /sec)
          order 14    : 724            (797 /sec)
          order 15    : 30             (629 /sec)
          order 16    : 0              (-nan /sec)
          order 17    : 0              (-nan /sec)
          order 18    : 0              (-nan /sec)
          order 19    : 0              (-nan /sec)
          order 20    : 0              (-nan /sec)
          order 21    : 0              (-nan /sec)
Canonicity checking   : 27.1257 s
Noncanonicity checking: 24.8281 s
Total canonicity time : 51.9537 s
database reductions   : 8
restarts              : 124
conflicts             : 33215          (545 /sec)
decisions             : 72193          (0.00 % random) (1184 /sec)
propagations          : 3839262        (62968 /sec)
conflict literals     : 482315         (57.61 % deleted)
actual reward         : 0.042404
Memory used           : 94.00 MB
CPU time              : 60.9721 s

UNSATISFIABLE
