c --- [ banner ] -------------------------------------------------------------
c 
c CaDiCaL Radically Simplified CDCL SAT Solver
c Copyright (c) 2016-2021 A. Biere, M. Fleury, N. Froleyks
c 
c Version 1.5.2 a5f15211db36c3956764e18194dd5bd63bf3b5e6
c g++ (GCC) 9.3.0 -Wall -Wextra -O3 -DNDEBUG
c Fri Oct 21 01:27:37 EDT 2022 Linux gra-login3 3.10.0-1160.66.1.el7.x86_64 x86_64
c 
c --- [ limit ] --------------------------------------------------------------
c 
c setting conflict limit to 200000 conflicts (due to '200000')
c 
c --- [ parsing input ] ------------------------------------------------------
c 
c reading DIMACS file from '33.cubes6207.adj'
c opening file to read '33.cubes6207.adj'
c found 'p cnf 6160 1595480' header
c parsed 1595480 clauses in 19.19 seconds process time
c closing file '33.cubes6207.adj'
c after reading 1457566807 bytes 1390.0 MB
c 
c --- [ options ] ------------------------------------------------------------
c 
c all options are set to their default value
c 
c --- [ solving ] ------------------------------------------------------------
c 
c time measured in process time since initialization
c 
c  seconds    reductions  redundant   irredundant
c          MB     restarts       trail       variables
c            level   conflicts       glue         remaining
c 
c * 19.19 1382  0 0   0    0    0  0% 0 1595422 2341 38%
c { 20.25 1431  0 0   0    0    0  0% 0 1595422 2341 38%
c i 21.00 1454 888 0   0   19   15 32% 3 1595422 2340 38%
c i 21.55 1470 845 0   0   39   31 34% 4 1595422 2319 38%
c i 21.56 1470 786 0   0   42   33 32% 3 1595422 2303 37%
c i 22.94 1485 501 0   1   70   59 29% 4 1595422 2276 37%
c i 23.10 1489 480 0   1   73   61 29% 4 1595422 2275 37%
c i 26.00 1512 282 0  12  135  120 28% 17 1595422 2274 37%
c i 28.34 1523 204 0  33  230  202 28% 24 1595422 2262 37%
c - 33.50 1485 170 1  39  301  263 28% 22 327454 2262 37%
c i 33.68 1485 167 1  39  311  272 28% 22 327454 2261 37%
c i 33.90 1485 162 1  39  330  290 28% 22 327454 2260 37%
c i 34.06 1485 154 1  39  349  308 28% 22 327454 2259 37%
c i 34.47 1390 148 1  43  386  339 28% 23 327454 2258 37%
c i 34.71 1390 139 1  44  416  359 27% 22 327454 2257 37%
c i 34.83 1390 135 1  44  430  372 28% 22 327454 2256 37%
c i 35.07 1390 123 1  44  489  419 28% 22 327454 2255 37%
c i 35.82 1390 104 1  52  639  540 28% 22 327454 2254 37%
c i 35.90 1390 104 1  52  649  548 28% 22 327454 2253 37%
c i 35.97 1390 104 1  54  657  555 28% 22 327454 2252 37%
c 
c  seconds     reductions  redundant   irredundant
c          MB      restarts       trail       variables
c             level   conflicts       glue         remaining
c 
c i 36.07 1391 101 1  59  677  568 28% 22 327454 2251 37%
c i 36.10 1391 101 1  59  684  573 28% 22 327454 2250 37%
c i 36.17 1391 99 1  59  703  589 28% 22 327454 2249 37%
c i 36.31 1391 90 1  59  803  661 29% 22 327454 2248 36%
c i 36.34 1391 88 1  59  819  675 29% 22 327454 2247 36%
c } 37.17 1391 78 1  74 1002  819 29% 22 327454 2247 36%
c [ 37.17 1391  0 1  74 1002  819  0% 0 327454 2247 36%
c O 37.17 1391  2 1  74 1003  820 15% 2 327454 2247 36%
c - 38.68 1534 18 2  74 1214  875 31% 13 327409 2247 36%
c i 39.37 1534 18 2  74 1749 1237 31% 14 327409 2246 36%
c i 39.50 1534 17 2  74 1974 1379 31% 14 327409 2245 36%
c i 40.30 1534 17 2  75 2447 1721 52% 13 327403 2244 36%
c - 40.69 1533 17 3  75 2580 1394 52% 14 327400 2244 36%
c ] 40.92 1533 17 3  75 3002 1700 51% 14 327400 2244 36%
c { 40.92 1533 78 3  75 3002 1700 80% 22 327400 2244 36%
c F 40.95 1533 78 3  75 3006 1703 79% 22 327400 2244 36%
c i 40.95 1533 78 3  75 3006 1703 79% 22 327400 2243 36%
c i 40.95 1533 78 3  75 3007 1703 79% 22 327400 2242 36%
c i 40.98 1533 78 3  75 3008 1703 79% 22 327400 2241 36%
c i 41.23 1533 77 3  75 3022 1716 79% 22 327400 2240 36%
c 
c  seconds    reductions  redundant   irredundant
c          MB     restarts       trail       variables
c            level   conflicts       glue         remaining
c 
c i 41.61 1533 74 3  75 3144 1823 75% 21 327400 2239 36%
c i 41.75 1533 70 3  75 3231 1896 73% 21 327400 2238 36%
c i 41.90 1533 65 3  75 3368 1993 70% 20 327400 2237 36%
c i 42.24 1533 61 3  77 3562 2156 67% 20 327400 2236 36%
c i 42.51 1533 57 3  79 3738 2276 64% 19 327400 2235 36%
c i 42.57 1533 56 3  79 3788 2311 64% 19 327400 2234 36%
c i 42.58 1533 56 3  79 3791 2312 64% 19 327400 2233 36%
c i 42.62 1533 55 3  79 3830 2344 63% 19 327400 2232 36%
c i 42.63 1533 55 3  79 3845 2356 63% 19 327400 2231 36%
c i 42.67 1533 54 3  79 3905 2397 63% 19 327400 2230 36%
c i 42.79 1533 49 3  79 4204 2628 61% 18 327400 2229 36%
c i 42.92 1533 48 3  80 4310 2719 60% 18 327400 2228 36%
c - 43.52 1529 48 4  81 4398 2058 59% 18 327352 2228 36%
c i 44.14 1529 45 4  85 4701 2289 58% 18 327352 2227 36%
c d 44.85 1529 42 4  85 5000 2449 57% 17 327335 2220 36%
c p 54.95 1529 42 4  85 5000 7547 57% 17 327335 2157 35%
c d 55.50 1529 42 4  85 5000 7038 57% 17 306891 2154 35%
c d 55.58 1529 42 4  85 5000 7038 57% 17 306889 2153 35%
c # 59.58 1529 39 4 166 6007 7692 54% 18 306889 2153 35%
c i 62.45 1529 41 4 231 6338 7976 53% 19 306889 2143 35%
c 
c  seconds    reductions  redundant   irredundant
c          MB     restarts       trail       variables
c            level   conflicts       glue         remaining
c 
c - 64.40 1461 40 5 251 6670 3035 53% 19 306666 2140 35%
c } 65.05 1461 39 5 251 7003 3273 52% 19 306666 2140 35%
c [ 65.05 1461 17 5 251 7003 3273 51% 14 306666 2140 35%
c - 68.15 1461 21 6 253 9348 3475 48% 18 306666 2140 35%
c I 68.69 1461 22 6 253 10010 3923 48% 18 306666 2140 35%
c - 73.58 1343 23 7 255 12471 3832 47% 19 306666 2140 35%
c 3 77.00 1343 24 7 256 15001 6878 47% 20 306662 2140 35%
c 2 77.06 1343 24 7 256 15001 6991 47% 20 306661 2140 35%
c p 82.74 1343 24 7 256 15001 12275 47% 20 306661 2129 35%
c d 83.07 1343 24 7 256 15001 11837 47% 20 306627 2128 35%
c ] 83.24 1343 24 7 256 15006 11842 47% 20 306627 2128 35%
c { 83.24 1343 39 7 256 15006 11842 52% 19 306627 2128 35%
c B 83.34 1343 39 7 256 15013 11847 52% 19 306627 2128 35%
c - 84.70 1461 34 8 260 16039 4712 52% 17 306627 2128 35%
c s 89.63 1461 29 8 349 18826 6271 51% 16 305324 2128 35%
c v 94.30 1461 29 8 349 18826 6271 51% 16 305300 2128 35%
c t 94.42 1461 29 8 349 18826 6258 51% 16 305292 2128 35%
c e 95.54 1462 29 8 349 18826 5589 51% 16 302715 750 12%
c s 95.66 1462 29 8 349 18826 5589 51% 16 302503 750 12%
c - 104.17 1346 30 9 564 20052 4888 71% 17 302503 750 12%
c 
c  seconds     reductions   redundant   irredundant
c           MB     restarts        trail       variables
c             level    conflicts       glue        remaining
c 
c W 107.19 1346 30 9 635 21014 5645 72% 17 302503 750 12%
c - 117.89 1346 29 10 823 24494 5854 71% 17 302503 750 12%
c F 127.15 1346 28 10 1022 28015 7958 72% 17 302503 750 12%
c - 132.30 1346 27 11 1098 29381 6508 72% 17 302503 750 12%
c 2 134.37 1346 27 11 1100 30002 7650 72% 17 302501 750 12%
c p 139.73 1346 27 11 1100 30002 9946 72% 17 302501 741 12%
c } 142.65 1346 26 11 1100 31007 10562 72% 17 302501 741 12%
c [ 142.65 1346 24 11 1100 31007 10562 140% 20 302501 741 12%
c - 150.09 1347 22 12 1102 34711 7202 120% 19 302475 741 12%
c B 153.26 1347 22 12 1103 36017 8062 115% 18 302475 741 12%
c - 158.12 1347 26 13 1106 40486 8186 104% 21 302475 741 12%
c W 162.98 1347 28 13 1107 45019 11685 98% 23 302475 741 12%
c - 164.03 1347 28 14 1108 46706 8674 96% 23 302475 741 12%
c p 168.88 1346 27 14 1108 50005 14066 93% 23 302475 741 12%
c - 171.74 1346 27 15 1108 53374 8476 91% 23 302475 741 12%
c s 172.00 1346 27 15 1108 53453 8533 91% 23 302153 741 12%
c v 176.43 1346 27 15 1108 53453 8533 91% 23 302131 741 12%
c w 176.60 1346 27 15 1108 53453 8531 91% 23 302131 741 12%
c t 176.60 1346 27 15 1108 53453 8523 91% 23 302130 741 12%
c s 177.79 1346 27 15 1108 53453 8523 91% 23 301936 741 12%
c 
c  seconds     reductions     redundant   irredundant
c           MB      restarts         trail       variables
c             level      conflicts       glue        remaining
c 
c O 180.46 1346 27 15 1109 55021 9502 90% 23 301936 741 12%
c - 183.71 1346 26 16 1113 60481 9127 88% 22 301936 741 12%
c ] 185.96 1346 26 16 1115 63010 10623 87% 22 301936 741 12%
c { 185.96 1346 26 16 1115 63010 10623 72% 17 301936 741 12%
c B 191.68 1346 26 16 1370 66022 12611 72% 17 301936 741 12%
c - 195.41 1346 25 17 1441 68028 9682 73% 17 301936 741 12%
c p 208.63 1345 24 17 1576 75009 17363 73% 16 301936 740 12%
c d 208.86 1345 24 17 1576 75009 17337 73% 16 301931 739 12%
c - 211.93 1346 23 18 1591 76020 10322 73% 16 301931 739 12%
c W 215.28 1346 23 18 1605 78023 11497 73% 16 301931 739 12%
c - 226.82 1346 22 19 1769 84456 10953 73% 15 301931 739 12%
c # 234.88 1346 21 19 1916 91026 14663 73% 15 301931 739 12%
c - 240.04 1345 21 20 2122 93336 11555 73% 15 301931 739 12%
c } 255.85 1346 20 20 2458 101827 16479 73% 15 301931 739 12%
c 1 255.85 1346 20 20 2458 101827 16479 73% 15 301931 739 12%
c 
c --- [ writing output ] -----------------------------------------------------
c 
c writing simplified CNF to DIMACS file 'simp/33.cubes6207.adj.simp1'
c * 255.85 1346 20 20 2458 101827 16479 73% 15 301931 739 12%
c opening file to write 'simp/33.cubes6207.adj.simp1'
c writing 'p cnf 6160 301931' header
c closing file 'simp/33.cubes6207.adj.simp1'
c after writing 131686371 bytes 125.6 MB
c wrote 301931 clauses in 0.99 seconds process time
c 
c --- [ writing extension ] --------------------------------------------------
c 
c writing extension stack to 'simp/33.cubes6207.adj.ext1'
c opening file to write 'simp/33.cubes6207.adj.ext1'
c closing file 'simp/33.cubes6207.adj.ext1'
c after writing 89915 bytes 0.1 MB
c wrote 4028 witnesses in 0.00 seconds process time
c 
c --- [ result ] -------------------------------------------------------------
c 
s SATISFIABLE
c 
c --- [ run-time profiling ] -------------------------------------------------
c 
c process time taken by individual solving procedures
c (percentage relative to process time for solving)
c 
c       191.57   80.95% search
c       140.14   59.22% unstable
c        47.97   20.27% stable
c        45.09   19.05% simplify
c        29.05   12.27% probe
c        19.19    8.11% parse
c         9.31    3.93% vivify
c         3.98    1.68% elim
c         2.40    1.01% walk
c         1.06    0.45% lucky
c         0.55    0.23% subsume
c         0.24    0.10% ternary
c   =================================
c       236.66   92.14% solve
c 
c last line shows process time for solving
c (percentage relative to total process time)
c 
c --- [ statistics ] ---------------------------------------------------------
c 
c chronological:             18576        18.24 %  of conflicts
c conflicts:                101827       430.27    per second
c decisions:                196927       832.12    per second
c eliminated:                 1378        22.37 %  of all variables
c fixed:                       886        14.38 %  of all variables
c learned:                   99392        97.61 %  per conflict
c learned_lits:           15339857       100.00 %  learned literals
c minimized:                     0         0.00 %  learned literals
c shrunken:               10410664        67.87 %  learned literals
c minishrunken:            1046135         6.82 %  learned literals
c propagations:            7782643         0.03 M  per second
c reduced:                   49287        48.40 %  per conflict
c rephased:                     13      7832.85    interval
c restarts:                   2458        41.43    interval
c stabilizing:                   3        41.25 %  of conflicts
c substituted:                  13         0.21 %  of all variables
c subsumed:                  35263         0.99 %  of all clauses
c strengthened:               7329         0.21 %  of all clauses
c ternary:                    5305         1.01 %  of resolved
c vivified:                     73         0.00 %  of all clauses
c walked:                        3     33942.33    interval
c weakened:                   3142         3.01    average size
c 
c seconds are measured in process time for solving
c 
c --- [ resources ] ----------------------------------------------------------
c 
c total process time since initialization:       256.84    seconds
c total real time since initialization:          257.05    seconds
c maximum resident set size of process:         1676.16    MB
c 
c --- [ shutting down ] ------------------------------------------------------
c 
c exit 10
WARNING! DIMACS header mismatch: wrong number of variables.
============================[ Problem Statistics ]=============================
|                                                                             |
|  Number of variables:          6120                                         |
|  Number of clauses:          301935                                         |
|  Parse time:                   1.74 s                                       |
|  Simplification time:          0.03 s                                       |
|                                                                             |
============================[ Search Statistics ]====================================================
| Conflicts |          ORIGINAL         |          LEARNT          | Num Sols |      SUBGRAPHS      |
|           |    Vars  Clauses Literals |    Limit  Clauses Lit/Cl |          | Canonical Noncanon. |
=====================================================================================================
|       100 |    6025   301935 28503835 |     2000      100    196 |        0 |        10         0 |
|       261 |    6025   301946 28504032 |     2000      261    139 |        0 |        22        11 |
|       487 |    6025   301947 28504042 |     2000      487    109 |        0 |        25        12 |
|      1012 |    6025   302135 28506292 |     2000     1012     77 |        0 |       108       200 |
|      1530 |    6025   302147 28506452 |     2000     1530     75 |        0 |       125       212 |
|      2391 |    6025   302249 28507805 |     3600     1391     35 |        0 |       189       314 |
|      3592 |    6025   302311 28508518 |     3600     2592     50 |        0 |       227       376 |
|      5408 |    6025   302419 28510968 |     5004     2612     38 |        0 |       311       484 |
|      8072 |    6025   302521 28512540 |     6303     2775     24 |        0 |       363       586 |
|     13132 |    6025   303737 28530525 |     7552     4684     22 |        0 |       688      1802 |
|     19124 |    6025   303963 28534784 |     8781     6905     47 |        0 |       765      2028 |
|     28107 |    6017   304297 28538256 |    11197     6504     28 |        0 |       862      2362 |
|     41232 |    6016   304448 28540336 |    13602     7834     25 |        0 |       938      2513 |
|     64901 |    6016   308656 28590005 |    17211     9312     19 |        0 |      1413      6721 |
|     96375 |    6015   310938 28622348 |    20822    13197     24 |        0 |      1699      9003 |
=====================================================================================================
Number of solutions   : 0
Canonical subgraphs   : 2154           (8 /sec)
          order  3    : 1              (200000 /sec)
          order  4    : 1              (500000 /sec)
          order  5    : 1              (200000 /sec)
          order  6    : 1              (55556 /sec)
          order  7    : 1              (8929 /sec)
          order  8    : 2              (1366 /sec)
          order  9    : 5              (282 /sec)
          order 10    : 13             (61 /sec)
          order 11    : 54             (27 /sec)
          order 12    : 195            (17 /sec)
          order 13    : 333            (13 /sec)
          order 14    : 255            (13 /sec)
          order 15    : 944            (11 /sec)
          order 16    : 251            (3 /sec)
          order 17    : 72             (3 /sec)
          order 18    : 23             (2 /sec)
          order 19    : 2              (1 /sec)
          order 20    : 0              (-nan /sec)
          order 21    : 0              (-nan /sec)
          order 22    : 0              (-nan /sec)
Noncanonical subgraphs: 12921          (96 /sec)
          order  3    : 0              (-nan /sec)
          order  4    : 0              (-nan /sec)
          order  5    : 0              (-nan /sec)
          order  6    : 0              (-nan /sec)
          order  7    : 0              (-nan /sec)
          order  8    : 0              (-nan /sec)
          order  9    : 0              (-nan /sec)
          order 10    : 0              (-nan /sec)
          order 11    : 0              (-nan /sec)
          order 12    : 0              (-nan /sec)
          order 13    : 1299           (6143 /sec)
          order 14    : 1207           (601 /sec)
          order 15    : 1655           (1502 /sec)
          order 16    : 8426           (67 /sec)
          order 17    : 274            (90 /sec)
          order 18    : 59             (24 /sec)
          order 19    : 1              (7 /sec)
          order 20    : 0              (-nan /sec)
          order 21    : 0              (-nan /sec)
Canonicity checking   : 254.833 s
Noncanonicity checking: 134.763 s
Total canonicity time : 389.596 s
database reductions   : 19
restarts              : 382
conflicts             : 141159         (272 /sec)
decisions             : 212994         (0.00 % random) (410 /sec)
propagations          : 6865483        (13219 /sec)
conflict literals     : 10067466       (55.32 % deleted)
actual reward         : 0.275540
Memory used           : 372.00 MB
CPU time              : 519.371 s

UNSATISFIABLE
