c --- [ banner ] -------------------------------------------------------------
c 
c CaDiCaL Radically Simplified CDCL SAT Solver
c Copyright (c) 2016-2021 A. Biere, M. Fleury, N. Froleyks
c 
c Version 1.5.2 a5f15211db36c3956764e18194dd5bd63bf3b5e6
c g++ (GCC) 9.3.0 -Wall -Wextra -O3 -DNDEBUG
c Fri Oct 21 01:27:37 EDT 2022 Linux gra-login3 3.10.0-1160.66.1.el7.x86_64 x86_64
c 
c --- [ limit ] --------------------------------------------------------------
c 
c setting conflict limit to 200000 conflicts (due to '200000')
c 
c --- [ parsing input ] ------------------------------------------------------
c 
c reading DIMACS file from '33.cubes216.adj'
c opening file to read '33.cubes216.adj'
c found 'p cnf 6160 1595468' header
c parsed 1595468 clauses in 19.42 seconds process time
c closing file '33.cubes216.adj'
c after reading 1457566729 bytes 1390.0 MB
c 
c --- [ options ] ------------------------------------------------------------
c 
c all options are set to their default value
c 
c --- [ solving ] ------------------------------------------------------------
c 
c time measured in process time since initialization
c 
c  seconds    reductions  redundant   irredundant
c          MB     restarts       trail       variables
c            level   conflicts       glue         remaining
c 
c * 19.42 1370  0 0   0    0    0  0% 0 1595422 2383 39%
c { 20.78 1432  0 0   0    0    0  0% 0 1595422 2383 39%
c i 20.82 1432  1 0   0    1    0 12% 0 1595422 2369 38%
c i 23.40 1477 507 0   6   45   41 31% 20 1595422 2368 38%
c i 23.94 1481 189 0   9  130   76 23% 15 1595422 2358 38%
c i 24.04 1481 184 0   9  134   79 23% 15 1595422 2357 38%
c i 24.18 1481 183 0   9  138   82 23% 14 1595422 2356 38%
c i 24.56 1483 168 0  16  173  107 23% 19 1595422 2355 38%
c i 24.79 1485 164 0  19  184  115 23% 20 1595422 2354 38%
c i 24.91 1485 158 0  21  192  121 23% 20 1595422 2353 38%
c i 25.61 1489 139 0  30  233  152 23% 20 1595422 2352 38%
c i 25.68 1490 138 0  31  235  153 23% 20 1595422 2351 38%
c i 25.69 1490 137 0  31  236  153 23% 20 1595422 2350 38%
c i 25.69 1490 137 0  32  238  154 23% 20 1595422 2349 38%
c - 30.65 1463 119 1  43  301  204 24% 22 250660 2349 38%
c i 30.86 1431 117 1  45  311  213 24% 23 250660 2348 38%
c i 30.94 1357 114 1  48  321  220 24% 23 250660 2347 38%
c i 31.10 1357 108 1  50  346  234 24% 22 250660 2346 38%
c i 31.14 1357 109 1  50  350  237 24% 22 250660 2345 38%
c i 31.17 1357 113 1  50  366  245 24% 22 250660 2343 38%
c 
c  seconds     reductions  redundant   irredundant
c          MB      restarts       trail       variables
c             level   conflicts       glue         remaining
c 
c i 31.19 1357 114 1  50  370  247 24% 22 250660 2342 38%
c i 31.43 1357 115 1  55  397  270 24% 25 250660 2341 38%
c i 32.35 1357 108 1  80  505  361 25% 28 250660 2340 38%
c i 32.42 1357 108 1  83  515  367 25% 28 250660 2339 38%
c i 32.44 1357 107 1  84  517  368 25% 28 250660 2338 38%
c i 32.68 1357 95 1  89  600  399 24% 26 250660 2337 38%
c i 32.74 1357 95 1  89  610  408 24% 26 250660 2336 38%
c i 32.75 1357 95 1  89  611  408 24% 26 250660 2335 38%
c i 32.79 1357 95 1  89  625  421 25% 27 250660 2334 38%
c i 33.30 1357 86 1 108  756  490 24% 27 250660 2333 38%
c i 33.43 1357 84 1 108  807  536 24% 27 250660 2332 38%
c i 33.44 1357 83 1 108  809  537 24% 27 250660 2331 38%
c i 33.50 1357 81 1 108  847  569 25% 27 250660 2330 38%
c i 33.50 1357 81 1 108  848  569 25% 27 250660 2329 38%
c } 33.64 1357 72 1 108 1000  692 25% 25 250660 2329 38%
c [ 33.64 1357  0 1 108 1000  692  0% 0 250660 2329 38%
c O 33.64 1357 24 1 108 1008  697 28% 21 250660 2329 38%
c i 33.64 1357 24 1 108 1008  697 28% 21 250660 2295 37%
c i 33.78 1357 12 1 108 1036  715 22% 9 250660 2294 37%
c i 33.78 1357 11 1 108 1037  715 22% 8 250660 2293 37%
c 
c  seconds    reductions  redundant   irredundant
c          MB     restarts       trail       variables
c            level   conflicts       glue         remaining
c 
c i 33.93 1357 28 1 108 1104  776 28% 23 250660 2292 37%
c - 34.42 1458 28 2 108 1141  718 29% 23 250038 2292 37%
c i 34.58 1458 29 2 108 1214  780 30% 24 250038 2291 37%
c i 34.64 1458 29 2 108 1307  846 30% 25 250038 2290 37%
c i 34.66 1458 29 2 108 1345  871 30% 25 250038 2289 37%
c i 34.77 1458 32 2 108 1531 1002 31% 27 250038 2288 37%
c i 34.87 1458 34 2 108 1650 1098 31% 29 250038 2287 37%
c i 34.91 1458 34 2 108 1730 1148 31% 29 250038 2286 37%
c i 34.95 1458 34 2 108 1809 1205 31% 29 250038 2285 37%
c i 35.13 1458 34 2 109 2188 1462 31% 29 250038 2284 37%
c i 35.23 1458 33 2 109 2359 1570 31% 28 250038 2283 37%
c - 35.55 1457 33 3 109 2399 1244 31% 28 250011 2283 37%
c i 35.91 1457 32 3 109 2590 1369 53% 28 250011 2282 37%
c i 35.91 1457 32 3 109 2592 1370 53% 28 250011 2281 37%
c i 35.91 1457 32 3 109 2593 1370 53% 28 250011 2280 37%
c i 36.01 1457 31 3 109 2743 1455 52% 27 250011 2279 37%
c i 36.07 1457 31 3 109 2840 1519 52% 27 250011 2278 37%
c ] 36.14 1457 31 3 109 3004 1642 52% 27 250011 2278 37%
c { 36.14 1457 72 3 109 3004 1642 68% 25 250011 2278 37%
c F 36.15 1457 72 3 109 3011 1649 68% 25 250011 2278 37%
c 
c  seconds    reductions  redundant   irredundant
c          MB     restarts       trail       variables
c            level   conflicts       glue         remaining
c 
c i 36.29 1457 71 3 109 3035 1668 68% 25 250011 2277 37%
c i 36.31 1457 70 3 109 3043 1675 68% 25 250011 2276 37%
c i 36.36 1457 68 3 109 3106 1720 66% 25 250011 2275 37%
c i 36.36 1457 68 3 109 3113 1724 66% 25 250011 2274 37%
c i 36.41 1457 66 3 109 3155 1760 66% 24 250011 2273 37%
c i 36.57 1457 58 3 113 3496 2022 61% 24 250011 2272 37%
c i 36.61 1457 56 3 119 3636 2130 60% 24 250011 2271 37%
c i 36.82 1457 53 3 130 3945 2392 58% 24 250011 2270 37%
c - 37.54 1454 53 4 151 4077 1820 57% 24 249972 2270 37%
c i 38.40 1454 56 4 185 4561 2190 54% 24 249972 2269 37%
c i 38.91 1454 56 4 226 4743 2342 54% 25 249972 2268 37%
c i 38.91 1454 56 4 227 4746 2344 54% 25 249972 2267 37%
c i 38.91 1454 56 4 228 4749 2346 54% 24 249972 2266 37%
c i 39.22 1454 57 4 244 4851 2431 53% 25 249972 2265 37%
c d 39.78 1454 55 4 250 5001 2524 53% 24 249928 2254 37%
c 3 39.81 1454 55 4 250 5001 3477 53% 24 249928 2254 37%
c 2 39.86 1454 55 4 250 5001 3505 53% 24 249899 2230 36%
c p 40.94 1454 55 4 250 5001 6367 53% 24 249899 2192 36%
c d 41.27 1454 55 4 250 5001 6279 53% 24 196494 2191 36%
c } 41.92 1454 52 4 274 5435 6607 52% 24 196494 2191 36%
c 
c  seconds    reductions  redundant   irredundant
c          MB     restarts       trail       variables
c            level   conflicts       glue         remaining
c 
c 1 41.92 1454 52 4 274 5435 6607 52% 24 196494 2191 36%
c 
c --- [ writing output ] -----------------------------------------------------
c 
c writing simplified CNF to DIMACS file 'simp/33.cubes216.adj.simp1'
c * 41.92 1454 52 4 274 5435 6607 52% 24 196494 2191 36%
c opening file to write 'simp/33.cubes216.adj.simp1'
c writing 'p cnf 6160 196494' header
c closing file 'simp/33.cubes216.adj.simp1'
c after writing 83092105 bytes 79.2 MB
c wrote 196494 clauses in 0.64 seconds process time
c 
c --- [ writing extension ] --------------------------------------------------
c 
c writing extension stack to 'simp/33.cubes216.adj.ext1'
c opening file to write 'simp/33.cubes216.adj.ext1'
c closing file 'simp/33.cubes216.adj.ext1'
c after writing 12502 bytes 0.0 MB
c wrote 837 witnesses in 0.00 seconds process time
c 
c --- [ result ] -------------------------------------------------------------
c 
s SATISFIABLE
c 
c --- [ run-time profiling ] -------------------------------------------------
c 
c process time taken by individual solving procedures
c (percentage relative to process time for solving)
c 
c        20.59   91.52% search
c        19.42   86.29% parse
c        16.72   74.32% unstable
c         2.51   11.15% stable
c         1.91    8.48% simplify
c         1.36    6.05% lucky
c         1.08    4.79% probe
c         0.04    0.18% ternary
c   =================================
c        22.50   52.87% solve
c 
c last line shows process time for solving
c (percentage relative to total process time)
c 
c --- [ statistics ] ---------------------------------------------------------
c 
c chronological:              1376        25.32 %  of conflicts
c conflicts:                  5435       241.55    per second
c decisions:                 30873      1372.09    per second
c fixed:                       813        13.20 %  of all variables
c learned:                    5271        96.98 %  per conflict
c learned_lits:             898325       100.00 %  learned literals
c minimized:                     0         0.00 %  learned literals
c shrunken:                 505909        56.32 %  learned literals
c minishrunken:              73210         8.15 %  learned literals
c propagations:            1000389         0.04 M  per second
c reduced:                    1126        20.72 %  per conflict
c rephased:                      2      2717.50    interval
c restarts:                    274        19.84    interval
c stabilizing:                   1        36.87 %  of conflicts
c substituted:                  12         0.19 %  of all variables
c subsumed:                   1247         0.04 %  of all clauses
c ternary:                     983         0.49 %  of resolved
c weakened:                     24         2.00    average size
c 
c seconds are measured in process time for solving
c 
c --- [ resources ] ----------------------------------------------------------
c 
c total process time since initialization:        42.56    seconds
c total real time since initialization:           46.61    seconds
c maximum resident set size of process:         1557.60    MB
c 
c --- [ shutting down ] ------------------------------------------------------
c 
c exit 10
WARNING! DIMACS header mismatch: wrong number of variables.
============================[ Problem Statistics ]=============================
|                                                                             |
|  Number of variables:          6120                                         |
|  Number of clauses:          196494                                         |
|  Parse time:                   1.09 s                                       |
|  Simplification time:          0.02 s                                       |
|                                                                             |
============================[ Search Statistics ]====================================================
| Conflicts |          ORIGINAL         |          LEARNT          | Num Sols |      SUBGRAPHS      |
|           |    Vars  Clauses Literals |    Limit  Clauses Lit/Cl |          | Canonical Noncanon. |
=====================================================================================================
|       100 |    6022   196494 18001566 |     2000      100     40 |        0 |        24         0 |
|       251 |    6022   196495 18001587 |     2000      251    101 |        0 |        30         1 |
|       480 |    6022   196499 18001716 |     2000      480     95 |        0 |        33         5 |
|       822 |    6022   196504 18001921 |     2000      822    106 |        0 |        35        10 |
|      1429 |    6022   196605 18004286 |     2000     1429    103 |        0 |        60       111 |
|      2818 |    6022   197235 18017652 |     3600     1818     44 |        0 |       388       741 |
|      4117 |    6022   197395 18021357 |     3600     3117     61 |        0 |       466       901 |
|      5891 |    6022   197461 18023620 |     5002     3093     58 |        0 |       523       967 |
|      8937 |    6022   197945 18032644 |     6305     3642     54 |        0 |       689      1451 |
|     12954 |    6022   198118 18036486 |     7560     4514     66 |        0 |       860      1624 |
|     18910 |    6022   198308 18041464 |     8790     6700     76 |        0 |       972      1814 |
|     28084 |    6022   198833 18053572 |    11204     6488     53 |        0 |      1223      2339 |
|     42681 |    6022   200456 18087758 |    13608     9289     55 |        0 |      1729      3962 |
|     62817 |    6022   201131 18103847 |    16007    15224     73 |        0 |      2153      4637 |
|     92630 |    6022   201752 18118707 |    19611    19241     80 |        0 |      2726      5258 |
|    138044 |    6022   203377 18153782 |    24412    21856     77 |        0 |      3551      6883 |
|    207168 |    6022   206817 18217353 |    30414    23982     68 |        0 |      4514     10323 |
|    314468 |    6022   215591 18371898 |    37614    31082     74 |        0 |      6603     19097 |
|    496955 |    6022   250289 18936521 |    47218    46373     74 |        0 |     15522     53795 |
|    742058 |    6022   273709 19312832 |    58029    57487     65 |        0 |     22841     77215 |
|   1107387 |    6022   306513 19820525 |    71212    70799     71 |        0 |     35399    110019 |
|   1638414 |    6022   338752 20397541 |    88023    48837     47 |        0 |     50219    142258 |
|   2448937 |    6022   401093 21454503 |   107227    83364     68 |        0 |     75265    204599 |
|   3732924 |    5972   401646 21465183 |   126472   109796     66 |        0 |    132934    366312 |
=====================================================================================================
Number of solutions   : 0
Canonical subgraphs   : 159343         (23 /sec)
          order  3    : 1              (166667 /sec)
          order  4    : 1              (500000 /sec)
          order  5    : 1              (250000 /sec)
          order  6    : 1              (52632 /sec)
          order  7    : 1              (8333 /sec)
          order  8    : 2              (1340 /sec)
          order  9    : 7              (368 /sec)
          order 10    : 27             (101 /sec)
          order 11    : 110            (30 /sec)
          order 12    : 621            (11 /sec)
          order 13    : 3807           (13 /sec)
          order 14    : 26900          (25 /sec)
          order 15    : 84414          (25 /sec)
          order 16    : 29270          (23 /sec)
          order 17    : 9894           (18 /sec)
          order 18    : 1888           (17 /sec)
          order 19    : 1632           (16 /sec)
          order 20    : 397            (17 /sec)
          order 21    : 369            (16 /sec)
          order 22    : 0              (-nan /sec)
Noncanonical subgraphs: 453311         (288 /sec)
          order  3    : 0              (-nan /sec)
          order  4    : 0              (-nan /sec)
          order  5    : 0              (-nan /sec)
          order  6    : 0              (-nan /sec)
          order  7    : 0              (-nan /sec)
          order  8    : 0              (-nan /sec)
          order  9    : 0              (-nan /sec)
          order 10    : 0              (-nan /sec)
          order 11    : 0              (-nan /sec)
          order 12    : 0              (-nan /sec)
          order 13    : 8088           (6568 /sec)
          order 14    : 123399         (897 /sec)
          order 15    : 91724          (1253 /sec)
          order 16    : 226508         (175 /sec)
          order 17    : 3194           (77 /sec)
          order 18    : 6              (283 /sec)
          order 19    : 1              (47619 /sec)
          order 20    : 0              (-nan /sec)
          order 21    : 0              (-nan /sec)
Canonicity checking   : 6900.4 s
Noncanonicity checking: 1573.91 s
Total canonicity time : 8474.32 s
database reductions   : 127
restarts              : 8191
conflicts             : 5058522        (472 /sec)
decisions             : 6492288        (0.00 % random) (606 /sec)
propagations          : 636996320      (59420 /sec)
conflict literals     : 506452233      (55.42 % deleted)
actual reward         : 0.102288
Memory used           : 396.00 MB
CPU time              : 10720.3 s

UNSATISFIABLE
