c --- [ banner ] -------------------------------------------------------------
c 
c CaDiCaL Radically Simplified CDCL SAT Solver
c Copyright (c) 2016-2021 A. Biere, M. Fleury, N. Froleyks
c 
c Version 1.5.2 a5f15211db36c3956764e18194dd5bd63bf3b5e6
c g++ (GCC) 9.3.0 -Wall -Wextra -O3 -DNDEBUG
c Fri Oct 21 01:27:37 EDT 2022 Linux gra-login3 3.10.0-1160.66.1.el7.x86_64 x86_64
c 
c --- [ limit ] --------------------------------------------------------------
c 
c setting conflict limit to 200000 conflicts (due to '200000')
c 
c --- [ parsing input ] ------------------------------------------------------
c 
c reading DIMACS file from '33.cubes4185.adj'
c opening file to read '33.cubes4185.adj'
c found 'p cnf 6160 1595474' header
c parsed 1595474 clauses in 19.48 seconds process time
c closing file '33.cubes4185.adj'
c after reading 1457566766 bytes 1390.0 MB
c 
c --- [ options ] ------------------------------------------------------------
c 
c all options are set to their default value
c 
c --- [ solving ] ------------------------------------------------------------
c 
c time measured in process time since initialization
c 
c  seconds    reductions  redundant   irredundant
c          MB     restarts       trail       variables
c            level   conflicts       glue         remaining
c 
c * 19.48 1377  0 0   0    0    0  0% 0 1595422 2386 39%
c { 20.04 1405  0 0   0    0    0  0% 0 1595422 2386 39%
c i 24.38 1498 338 0  22  108   94 30% 13 1595422 2381 39%
c i 24.76 1500 297 0  28  127  111 29% 15 1595422 2380 39%
c i 25.68 1504 264 0  37  166  144 28% 23 1595422 2379 39%
c i 25.75 1504 258 0  39  171  148 28% 23 1595422 2378 39%
c i 25.75 1504 255 0  39  173  148 28% 23 1595422 2377 39%
c i 26.40 1507 222 0  48  213  183 28% 25 1595422 2368 38%
c i 26.55 1507 215 0  50  228  193 28% 25 1595422 2364 38%
c i 26.58 1507 213 0  50  231  195 28% 25 1595422 2363 38%
c i 26.72 1507 207 0  54  243  205 28% 26 1595422 2362 38%
c i 26.83 1507 197 0  57  267  220 28% 25 1595422 2333 38%
c i 26.84 1507 191 0  57  275  222 27% 24 1595422 2332 38%
c i 26.85 1507 190 0  57  276  222 27% 24 1595422 2331 38%
c i 26.91 1508 186 0  57  285  230 28% 24 1595422 2330 38%
c - 30.47 1498 184 1  57  300  241 28% 25 199911 2329 38%
c i 30.63 1371 183 1  57  301  241 28% 25 199911 2328 38%
c i 30.84 1371 169 1  62  337  273 28% 24 199911 2327 38%
c i 30.84 1371 169 1  62  338  273 28% 24 199911 2326 38%
c i 30.85 1371 168 1  62  341  275 28% 24 199911 2325 38%
c 
c  seconds     reductions  redundant   irredundant
c          MB      restarts       trail       variables
c             level   conflicts       glue         remaining
c 
c i 30.88 1371 164 1  62  351  284 28% 24 199911 2324 38%
c i 30.88 1371 164 1  62  352  284 28% 24 199911 2323 38%
c i 30.93 1371 157 1  62  371  300 28% 23 199911 2322 38%
c i 30.95 1371 153 1  62  383  309 28% 23 199911 2321 38%
c i 30.95 1371 153 1  62  384  309 28% 23 199911 2320 38%
c i 30.95 1371 152 1  62  385  309 28% 23 199911 2319 38%
c i 30.99 1371 145 1  62  408  325 28% 23 199911 2318 38%
c i 31.00 1371 144 1  62  410  326 28% 23 199911 2317 38%
c i 31.00 1371 143 1  62  416  329 28% 23 199911 2316 38%
c i 31.02 1371 135 1  62  441  340 28% 23 199911 2315 38%
c i 31.03 1371 132 1  62  455  351 28% 22 199911 2314 38%
c i 31.08 1371 116 1  62  535  417 29% 22 199911 2313 38%
c i 31.10 1371 111 1  62  569  442 29% 22 199911 2312 38%
c i 31.12 1371 108 1  62  588  456 29% 22 199911 2311 38%
c i 31.12 1371 108 1  62  590  457 29% 22 199911 2310 38%
c i 31.16 1371 106 1  62  604  465 29% 22 199911 2309 37%
c i 31.17 1371 103 1  62  624  479 29% 22 199911 2308 37%
c i 31.18 1371 103 1  62  629  483 29% 21 199911 2307 37%
c i 31.28 1371 98 1  62  674  516 29% 21 199911 2306 37%
c i 31.85 1371 91 1  89  835  639 29% 24 199911 2305 37%
c 
c  seconds    reductions  redundant   irredundant
c          MB     restarts       trail       variables
c            level   conflicts       glue         remaining
c 
c i 31.85 1371 91 1  89  836  639 29% 24 199911 2304 37%
c i 31.94 1371 86 1  89  898  685 29% 23 199911 2294 37%
c i 32.05 1371 85 1  92  923  706 29% 24 199911 2293 37%
c } 32.14 1371 82 1  93 1005  766 29% 24 199911 2293 37%
c [ 32.14 1371  0 1  93 1005  766  0% 0 199911 2293 37%
c O 32.15 1371  3 1  93 1006  767 15% 1 199911 2293 37%
c i 32.26 1371 21 1  93 1029  787 32% 15 199911 2292 37%
c i 32.27 1371 21 1  93 1034  791 32% 15 199911 2291 37%
c i 32.31 1371 24 1  93 1066  812 33% 20 199911 2290 37%
c - 32.68 1458 25 2  93 1082  717 33% 20 199646 2290 37%
c i 32.77 1458 27 2  93 1120  745 33% 22 199646 2289 37%
c i 32.77 1458 27 2  93 1121  745 33% 22 199646 2288 37%
c i 32.79 1458 27 2  93 1145  761 33% 22 199646 2287 37%
c i 32.88 1458 27 2  93 1312  870 32% 22 199646 2286 37%
c i 32.89 1458 26 2  93 1330  883 32% 21 199646 2285 37%
c i 32.99 1458 25 2  93 1639 1092 32% 22 199646 2284 37%
c i 33.02 1458 25 2  93 1719 1149 32% 21 199646 2283 37%
c - 33.40 1457 24 3  94 2256 1126 32% 21 199625 2283 37%
c ] 33.65 1422 24 3  94 2624 1392 54% 20 199625 2283 37%
c 1 33.65 1422 24 3  94 2624 1392 54% 20 199625 2283 37%
c 
c --- [ writing output ] -----------------------------------------------------
c 
c writing simplified CNF to DIMACS file 'simp/33.cubes4185.adj.simp1'
c 
c  seconds    reductions  redundant   irredundant
c          MB     restarts       trail       variables
c            level   conflicts       glue         remaining
c 
c * 33.65 1422 24 3  94 2624 1392 54% 20 199625 2283 37%
c opening file to write 'simp/33.cubes4185.adj.simp1'
c writing 'p cnf 6160 199625' header
c closing file 'simp/33.cubes4185.adj.simp1'
c after writing 99284971 bytes 94.7 MB
c wrote 199625 clauses in 0.74 seconds process time
c 
c --- [ writing extension ] --------------------------------------------------
c 
c writing extension stack to 'simp/33.cubes4185.adj.ext1'
c opening file to write 'simp/33.cubes4185.adj.ext1'
c closing file 'simp/33.cubes4185.adj.ext1'
c after writing 10844 bytes 0.0 MB
c wrote 733 witnesses in 0.00 seconds process time
c 
c --- [ result ] -------------------------------------------------------------
c 
s SATISFIABLE
c 
c --- [ run-time profiling ] -------------------------------------------------
c 
c process time taken by individual solving procedures
c (percentage relative to process time for solving)
c 
c        19.48  137.53% parse
c        14.17  100.00% search
c        12.10   85.44% unstable
c         1.51   10.63% stable
c         0.56    3.93% lucky
c         0.00    0.00% simplify
c   =================================
c        14.17   41.19% solve
c 
c last line shows process time for solving
c (percentage relative to total process time)
c 
c --- [ statistics ] ---------------------------------------------------------
c 
c chronological:               676        25.76 %  of conflicts
c conflicts:                  2624       185.23    per second
c decisions:                 13572       958.04    per second
c fixed:                       733        11.90 %  of all variables
c learned:                    2546        97.03 %  per conflict
c learned_lits:             549913       100.00 %  learned literals
c minimized:                     0         0.00 %  learned literals
c shrunken:                 291959        53.09 %  learned literals
c minishrunken:              68391        12.44 %  learned literals
c propagations:             399116         0.03 M  per second
c reduced:                     463        17.64 %  per conflict
c rephased:                      1      2624.00    interval
c restarts:                     94        27.91    interval
c stabilizing:                   1        61.70 %  of conflicts
c subsumed:                    640         0.02 %  of all clauses
c 
c seconds are measured in process time for solving
c 
c --- [ resources ] ----------------------------------------------------------
c 
c total process time since initialization:        34.39    seconds
c total real time since initialization:           34.49    seconds
c maximum resident set size of process:         1543.07    MB
c 
c --- [ shutting down ] ------------------------------------------------------
c 
c exit 10
WARNING! DIMACS header mismatch: wrong number of variables.
============================[ Problem Statistics ]=============================
|                                                                             |
|  Number of variables:          6120                                         |
|  Number of clauses:          199625                                         |
|  Parse time:                   1.32 s                                       |
|  Simplification time:          0.02 s                                       |
|                                                                             |
============================[ Search Statistics ]====================================================
| Conflicts |          ORIGINAL         |          LEARNT          | Num Sols |      SUBGRAPHS      |
|           |    Vars  Clauses Literals |    Limit  Clauses Lit/Cl |          | Canonical Noncanon. |
=====================================================================================================
|       100 |    6029   199625 21416578 |     2000      100    180 |        0 |        12         0 |
|       256 |    6025   199631 21416758 |     2000      252    124 |        0 |        22         6 |
|       500 |    6020   199650 21417639 |     2000      491    113 |        0 |        46        25 |
|      2270 |    6020   201083 21444709 |     3596     1266     15 |        0 |       546      1458 |
|      4751 |    6020   203058 21473814 |     4999     1950     15 |        0 |      1179      3433 |
|      6206 |    6019   203754 21486372 |     4999     3404     38 |        0 |      1441      4129 |
|      7374 |    6017   203783 21486980 |     4999     4570     60 |        0 |      1456      4158 |
|      9256 |    6014   203957 21490718 |     6301     3956     43 |        0 |      1522      4332 |
|     19537 |    6012   211676 21600824 |     8784     7321     12 |        0 |      3792     12051 |
|     33518 |    6007   221813 21750323 |    12406     6324     20 |        0 |      6530     22188 |
|     42378 |    6006   224907 21793362 |    13608     8986     38 |        0 |      7380     25282 |
|     80588 |    6006   254468 22180676 |    18410    16398     29 |        0 |     14129     54843 |
|    106345 |    6006   267251 22331794 |    22009    12754     20 |        0 |     16317     67626 |
=====================================================================================================
Number of solutions   : 0
Canonical subgraphs   : 17213          (47 /sec)
          order  3    : 1              (166667 /sec)
          order  4    : 1              (500000 /sec)
          order  5    : 1              (200000 /sec)
          order  6    : 1              (52632 /sec)
          order  7    : 1              (8333 /sec)
          order  8    : 2              (1366 /sec)
          order  9    : 9              (393 /sec)
          order 10    : 34             (118 /sec)
          order 11    : 150            (55 /sec)
          order 12    : 844            (56 /sec)
          order 13    : 4486           (60 /sec)
          order 14    : 10653          (51 /sec)
          order 15    : 513            (22 /sec)
          order 16    : 282            (15 /sec)
          order 17    : 164            (13 /sec)
          order 18    : 61             (10 /sec)
          order 19    : 10             (9 /sec)
          order 20    : 0              (-nan /sec)
          order 21    : 0              (-nan /sec)
          order 22    : 0              (-nan /sec)
Noncanonical subgraphs: 72313          (456 /sec)
          order  3    : 0              (-nan /sec)
          order  4    : 0              (-nan /sec)
          order  5    : 0              (-nan /sec)
          order  6    : 0              (-nan /sec)
          order  7    : 0              (-nan /sec)
          order  8    : 0              (-nan /sec)
          order  9    : 0              (-nan /sec)
          order 10    : 0              (-nan /sec)
          order 11    : 0              (-nan /sec)
          order 12    : 0              (-nan /sec)
          order 13    : 19978          (2400 /sec)
          order 14    : 14658          (3010 /sec)
          order 15    : 34738          (277 /sec)
          order 16    : 2387           (168 /sec)
          order 17    : 267            (163 /sec)
          order 18    : 285            (68 /sec)
          order 19    : 0              (-nan /sec)
          order 20    : 0              (-nan /sec)
          order 21    : 0              (-nan /sec)
Canonicity checking   : 363.343 s
Noncanonicity checking: 158.418 s
Total canonicity time : 521.761 s
database reductions   : 17
restarts              : 318
conflicts             : 120549         (215 /sec)
decisions             : 237621         (0.00 % random) (425 /sec)
propagations          : 14606438       (26098 /sec)
conflict literals     : 5657282        (53.56 % deleted)
actual reward         : 0.066409
Memory used           : 154.00 MB
CPU time              : 559.682 s

UNSATISFIABLE
