c --- [ banner ] -------------------------------------------------------------
c 
c CaDiCaL Radically Simplified CDCL SAT Solver
c Copyright (c) 2016-2021 A. Biere, M. Fleury, N. Froleyks
c 
c Version 1.5.2 a5f15211db36c3956764e18194dd5bd63bf3b5e6
c g++ (GCC) 9.3.0 -Wall -Wextra -O3 -DNDEBUG
c Fri Oct 21 01:27:37 EDT 2022 Linux gra-login3 3.10.0-1160.66.1.el7.x86_64 x86_64
c 
c --- [ limit ] --------------------------------------------------------------
c 
c setting conflict limit to 200000 conflicts (due to '200000')
c 
c --- [ parsing input ] ------------------------------------------------------
c 
c reading DIMACS file from '33.cubes5541.adj'
c opening file to read '33.cubes5541.adj'
c found 'p cnf 6160 1595480' header
c parsed 1595480 clauses in 19.31 seconds process time
c closing file '33.cubes5541.adj'
c after reading 1457566810 bytes 1390.0 MB
c 
c --- [ options ] ------------------------------------------------------------
c 
c all options are set to their default value
c 
c --- [ solving ] ------------------------------------------------------------
c 
c time measured in process time since initialization
c 
c  seconds    reductions  redundant   irredundant
c          MB     restarts       trail       variables
c            level   conflicts       glue         remaining
c 
c * 19.32 1379  0 0   0    0    0  0% 0 1595422 2338 38%
c { 20.55 1431  0 0   0    0    0  0% 0 1595422 2338 38%
c i 20.69 1434 349 0   0    6    5 22% 2 1595422 2333 38%
c i 24.96 1519 304 0  15   95   75 28% 29 1595422 2325 38%
c i 25.00 1519 295 0  15   98   77 28% 28 1595422 2324 38%
c i 25.66 1521 202 0  20  145  104 26% 21 1595422 2323 38%
c i 25.93 1521 185 0  20  164  118 26% 20 1595422 2322 38%
c i 26.52 1524 173 0  26  195  144 26% 23 1595422 2319 38%
c i 26.53 1524 173 0  26  199  146 26% 23 1595422 2317 38%
c i 26.55 1524 173 0  26  203  148 26% 22 1595422 2315 38%
c i 27.06 1527 169 0  30  220  164 26% 25 1595422 2314 38%
c i 28.09 1528 150 0  44  281  213 26% 28 1595422 2313 38%
c i 28.22 1529 149 0  47  290  219 26% 29 1595422 2312 38%
c - 32.32 1458 148 1  50  301  229 26% 30 350781 2312 38%
c i 32.49 1411 145 1  51  308  234 26% 30 350781 2311 38%
c i 32.53 1411 143 1  53  313  238 26% 29 350781 2310 38%
c i 32.55 1411 143 1  54  315  239 26% 29 350781 2309 37%
c i 32.66 1411 138 1  56  328  248 26% 29 350781 2308 37%
c i 32.69 1411 137 1  57  334  251 26% 29 350781 2307 37%
c i 33.17 1411 117 1  64  432  333 26% 28 350781 2306 37%
c 
c  seconds     reductions  redundant   irredundant
c          MB      restarts       trail       variables
c             level   conflicts       glue         remaining
c 
c i 33.39 1411 114 1  64  461  356 26% 28 350781 2305 37%
c i 33.44 1411 114 1  64  472  365 26% 28 350781 2304 37%
c i 33.60 1411 111 1  71  498  384 26% 29 350781 2303 37%
c i 33.98 1412 112 1  76  523  407 26% 30 350781 2295 37%
c i 34.21 1412 113 1  82  543  426 26% 29 350781 2287 37%
c i 34.74 1412 102 1  86  663  473 25% 27 350781 2286 37%
c i 35.00 1412 104 1  87  679  486 25% 27 350781 2285 37%
c i 35.30 1412 106 1  91  711  516 26% 28 350781 2284 37%
c i 35.35 1412 105 1  94  728  531 26% 28 350781 2283 37%
c i 35.90 1412 101 1 104  778  572 26% 28 350781 2282 37%
c i 36.14 1413 100 1 108  801  591 26% 28 350781 2281 37%
c i 36.44 1413 100 1 111  818  606 26% 29 350781 2280 37%
c i 37.09 1414 98 1 126  876  660 26% 29 350781 2279 37%
c i 37.13 1414 96 1 126  892  674 26% 29 350781 2278 37%
c i 37.22 1414 96 1 126  907  687 26% 29 350781 2277 37%
c i 37.22 1414 95 1 126  908  687 26% 29 350781 2276 37%
c i 37.25 1414 95 1 126  911  689 26% 29 350781 2275 37%
c i 37.32 1414 94 1 126  926  701 26% 29 350781 2274 37%
c i 37.39 1414 93 1 126  939  710 26% 29 350781 2273 37%
c i 37.43 1414 93 1 126  940  710 26% 29 350781 2272 37%
c 
c  seconds    reductions  redundant   irredundant
c          MB     restarts       trail       variables
c            level   conflicts       glue         remaining
c 
c i 37.49 1414 94 1 126  952  720 26% 29 350781 2271 37%
c } 38.06 1414 92 1 137 1001  762 26% 29 350781 2271 37%
c [ 38.06 1414  0 1 137 1001  762  0% 0 350781 2271 37%
c O 38.06 1414  1 1 137 1002  762 12% 0 350781 2271 37%
c i 38.06 1414  1 1 137 1002  762 12% 0 350781 2255 37%
c i 38.35 1414 10 1 137 1069  777 20% 9 350781 2254 37%
c i 38.49 1414 17 1 137 1116  822 25% 14 350781 2253 37%
c i 38.51 1414 19 1 137 1136  834 26% 15 350781 2252 37%
c i 38.51 1414 19 1 137 1140  836 26% 15 350781 2251 37%
c i 38.52 1414 19 1 137 1151  843 26% 16 350781 2250 37%
c i 38.53 1414 21 1 137 1169  857 27% 16 350781 2249 37%
c i 38.54 1414 20 1 137 1170  857 27% 16 350781 2248 36%
c i 38.54 1414 21 1 137 1180  866 27% 16 350781 2247 36%
c i 38.56 1414 20 1 137 1214  891 28% 16 350781 2246 36%
c - 39.26 1554 20 2 137 1230  808 28% 16 349775 2246 36%
c i 39.39 1554 21 2 137 1251  827 29% 17 349775 2245 36%
c i 39.40 1554 21 2 137 1257  831 29% 17 349775 2244 36%
c i 39.45 1554 22 2 137 1289  858 29% 17 349775 2243 36%
c i 39.46 1554 22 2 137 1295  863 29% 17 349775 2242 36%
c i 39.54 1554 21 2 137 1451 1000 30% 16 349775 2241 36%
c 
c  seconds    reductions  redundant   irredundant
c          MB     restarts       trail       variables
c            level   conflicts       glue         remaining
c 
c i 39.56 1554 21 2 137 1496 1039 30% 16 349775 2240 36%
c i 39.56 1554 21 2 137 1502 1044 30% 16 349775 2239 36%
c i 39.57 1554 20 2 137 1526 1061 30% 16 349775 2238 36%
c i 39.75 1554 25 2 137 1825 1281 30% 20 349775 2237 36%
c i 39.97 1554 23 2 138 2247 1602 31% 19 349775 2236 36%
c - 40.62 1552 23 3 138 2620 1513 31% 19 349745 2236 36%
c i 40.95 1503 23 3 138 2664 1545 53% 19 349745 2235 36%
c i 41.04 1503 23 3 138 2809 1654 52% 19 349745 2234 36%
c ] 41.14 1503 22 3 138 3001 1820 52% 18 349745 2234 36%
c { 41.14 1503 92 3 138 3001 1820 72% 29 349745 2234 36%
c F 41.16 1503 92 3 138 3004 1823 72% 29 349745 2234 36%
c i 41.19 1503 92 3 138 3005 1823 72% 29 349745 2233 36%
c i 41.53 1503 83 3 138 3202 1995 68% 28 349745 2232 36%
c i 41.62 1503 78 3 138 3351 2107 66% 28 349745 2231 36%
c i 41.67 1503 76 3 139 3416 2157 65% 28 349745 2230 36%
c i 42.35 1503 60 3 139 4144 2737 59% 26 349745 2229 36%
c i 42.63 1503 59 3 141 4354 2923 57% 26 349745 2228 36%
c - 43.47 1501 59 4 162 4473 2176 57% 26 349721 2228 36%
c i 44.88 1501 61 4 207 4759 2428 55% 27 349721 2227 36%
c i 45.68 1501 61 4 240 4886 2545 55% 28 349721 2226 36%
c 
c  seconds    reductions  redundant   irredundant
c          MB     restarts       trail       variables
c            level   conflicts       glue         remaining
c 
c p 49.46 1501 60 4 247 5000 5764 54% 28 349699 2191 36%
c d 49.90 1501 60 4 247 5000 5730 54% 28 349617 2190 36%
c # 50.65 1501 51 4 247 6005 6484 53% 26 349617 2190 36%
c - 51.77 1498 46 5 252 6788 2767 52% 24 349617 2190 36%
c } 52.05 1498 44 5 252 7002 2870 51% 24 349617 2190 36%
c [ 52.05 1498 22 5 252 7002 2870 52% 18 349617 2190 36%
c - 54.09 1366 23 6 254 9566 3045 50% 20 349617 2190 36%
c I 54.53 1366 23 6 254 10006 3327 50% 20 349617 2190 36%
c - 60.79 1500 47 7 256 12807 3835 48% 37 349617 2190 36%
c p 63.95 1500 52 7 257 15000 8625 48% 41 349617 2190 36%
c ] 64.05 1500 52 7 257 15002 8627 48% 41 349617 2190 36%
c { 64.05 1500 44 7 257 15002 8627 51% 24 349617 2190 36%
c B 64.12 1500 44 7 257 15009 8633 51% 24 349617 2190 36%
c - 67.82 1367 44 8 376 16512 4880 50% 24 349617 2190 36%
c s 76.56 1367 42 8 536 18834 6546 49% 25 347465 2190 36%
c v 83.39 1367 42 8 536 18834 6546 49% 25 347451 2190 36%
c w 83.61 1367 42 8 536 18834 6538 49% 25 347451 2190 36%
c t 83.62 1367 42 8 536 18834 6534 49% 25 347438 2190 36%
c e 84.83 1368 42 8 536 18834 6274 49% 25 345084 930 15%
c s 84.96 1368 42 8 536 18834 6274 49% 25 344684 930 15%
c 
c  seconds    reductions   redundant   irredundant
c          MB     restarts        trail       variables
c            level    conflicts       glue        remaining
c 
c - 87.63 1368 38 9 561 20681 5365 72% 24 344684 930 15%
c W 88.22 1368 38 9 561 21013 5615 71% 23 344684 930 15%
c - 93.95 1369 33 10 655 25294 5064 67% 21 344684 930 15%
c } 94.41 1369 33 10 655 25858 5455 67% 21 344684 930 15%
c 1 94.41 1369 33 10 655 25858 5455 67% 21 344684 930 15%
c 
c --- [ writing output ] -----------------------------------------------------
c 
c writing simplified CNF to DIMACS file 'simp/33.cubes5541.adj.simp1'
c * 94.41 1369 33 10 655 25858 5455 67% 21 344684 930 15%
c opening file to write 'simp/33.cubes5541.adj.simp1'
c writing 'p cnf 6160 344684' header
c closing file 'simp/33.cubes5541.adj.simp1'
c after writing 151121517 bytes 144.1 MB
c wrote 344684 clauses in 1.09 seconds process time
c 
c --- [ writing extension ] --------------------------------------------------
c 
c writing extension stack to 'simp/33.cubes5541.adj.ext1'
c opening file to write 'simp/33.cubes5541.adj.ext1'
c closing file 'simp/33.cubes5541.adj.ext1'
c after writing 82256 bytes 0.1 MB
c wrote 3726 witnesses in 0.00 seconds process time
c 
c --- [ result ] -------------------------------------------------------------
c 
s SATISFIABLE
c 
c --- [ run-time profiling ] -------------------------------------------------
c 
c process time taken by individual solving procedures
c (percentage relative to process time for solving)
c 
c        60.61   80.72% search
c        44.88   59.77% unstable
c        19.31   25.72% parse
c        14.48   19.28% simplify
c        14.13   18.82% stable
c         7.01    9.34% vivify
c         3.71    4.93% probe
c         2.33    3.11% elim
c         1.23    1.64% lucky
c         0.37    0.49% walk
c         0.25    0.34% subsume
c         0.11    0.14% ternary
c   =================================
c        75.09   78.63% solve
c 
c last line shows process time for solving
c (percentage relative to total process time)
c 
c --- [ statistics ] ---------------------------------------------------------
c 
c chronological:              4682        18.11 %  of conflicts
c conflicts:                 25858       344.36    per second
c decisions:                 81425      1084.35    per second
c eliminated:                 1260        20.45 %  of all variables
c fixed:                       817        13.26 %  of all variables
c learned:                   25323        97.93 %  per conflict
c learned_lits:            4768826       100.00 %  learned literals
c minimized:                     0         0.00 %  learned literals
c shrunken:                2618856        54.92 %  learned literals
c minishrunken:             479105        10.05 %  learned literals
c propagations:            3335179         0.04 M  per second
c reduced:                   13066        50.53 %  per conflict
c rephased:                      6      4309.67    interval
c restarts:                    655        39.48    interval
c stabilizing:                   2        38.67 %  of conflicts
c substituted:                   9         0.15 %  of all variables
c subsumed:                   9106         0.27 %  of all clauses
c strengthened:               7218         0.21 %  of all clauses
c ternary:                    1750         0.54 %  of resolved
c vivified:                     31         0.00 %  of all clauses
c walked:                        1     25858.00    interval
c weakened:                   2909         2.94    average size
c 
c seconds are measured in process time for solving
c 
c --- [ resources ] ----------------------------------------------------------
c 
c total process time since initialization:        95.50    seconds
c total real time since initialization:           98.68    seconds
c maximum resident set size of process:         1691.93    MB
c 
c --- [ shutting down ] ------------------------------------------------------
c 
c exit 10
WARNING! DIMACS header mismatch: wrong number of variables.
============================[ Problem Statistics ]=============================
|                                                                             |
|  Number of variables:          6111                                         |
|  Number of clauses:          344684                                         |
|  Parse time:                   2.08 s                                       |
|  Simplification time:          0.04 s                                       |
|                                                                             |
============================[ Search Statistics ]====================================================
| Conflicts |          ORIGINAL         |          LEARNT          | Num Sols |      SUBGRAPHS      |
|           |    Vars  Clauses Literals |    Limit  Clauses Lit/Cl |          | Canonical Noncanon. |
=====================================================================================================
|       121 |    6018   344705 33060141 |     2000      121    114 |        0 |        16        21 |
|       282 |    6018   344716 33060399 |     2000      282    100 |        0 |        21        32 |
|       538 |    6018   344747 33060782 |     2000      538     96 |        0 |        34        63 |
|       916 |    6018   344788 33061502 |     2000      916     97 |        0 |        51       104 |
|      1495 |    6018   344861 33063312 |     2000     1495     96 |        0 |        58       177 |
|      2266 |    6018   344873 33063572 |     3600     1266     68 |        0 |        58       189 |
|      3443 |    6018   344911 33064233 |     3600     2443     76 |        0 |        69       227 |
|      5169 |    6018   344929 33064668 |     5000     2369     65 |        0 |       133       245 |
|      7743 |    6018   344941 33065171 |     5000     4943     84 |        0 |       159       257 |
|     23350 |    6018   356704 33310916 |     9994     6744     23 |        0 |      2103     12020 |
|     35474 |    6018   363062 33439544 |    12407     8281     47 |        0 |      3659     18378 |
|     44323 |    6018   363262 33446461 |    13607    10930     72 |        0 |      3773     18578 |
|     71885 |    6018   377850 33757302 |    17204    16289     59 |        0 |      6722     33166 |
|     95524 |    6018   382028 33842093 |    20817    12341     40 |        0 |      8010     37344 |
|    136708 |    6018   394020 34083063 |    24412    20520     57 |        0 |     10501     49336 |
|    258181 |    6018   471704 35651816 |    34015    27596     42 |        0 |     19665    127020 |
|    339848 |    6018   487687 35941996 |    38818    37666     60 |        0 |     22105    143003 |
|    448184 |    6018   497497 36114455 |    44817    43001     69 |        0 |     23402    152813 |
|    621652 |    6018   523176 36492919 |    53223    47075     46 |        0 |     26237    178492 |
|    962166 |    6017   641990 38641307 |    66402    61968     74 |        0 |     44797    297323 |
|   1681073 |    6017  1028372 45366043 |    89220    47493     25 |        2 |     66266    683703 |
|   2451062 |    6017  1299573 49996295 |   107214    85476     63 |        2 |     86817    954904 |
|   4266035 |    6017  2366364 66321897 |   142018   102453     36 |        4 |    145553   2021693 |
|   5529471 |    6017  2507526 68577273 |   161212   157883     58 |       10 |    164515   2162849 |
|   7724723 |    6017  3019367 76210813 |   191219   158142     57 |       11 |    201047   2674689 |
=====================================================================================================
Number of solutions   : 11
Canonical subgraphs   : 214795         (19 /sec)
          order  3    : 1              (166667 /sec)
          order  4    : 1              (500000 /sec)
          order  5    : 1              (250000 /sec)
          order  6    : 1              (52632 /sec)
          order  7    : 1              (8696 /sec)
          order  8    : 2              (1360 /sec)
          order  9    : 7              (353 /sec)
          order 10    : 34             (114 /sec)
          order 11    : 229            (51 /sec)
          order 12    : 1355           (18 /sec)
          order 13    : 10370          (17 /sec)
          order 14    : 122843         (18 /sec)
          order 15    : 45631          (26 /sec)
          order 16    : 25346          (20 /sec)
          order 17    : 6864           (15 /sec)
          order 18    : 1397           (11 /sec)
          order 19    : 462            (11 /sec)
          order 20    : 134            (13 /sec)
          order 21    : 105            (14 /sec)
          order 22    : 11             (1 /sec)
Noncanonical subgraphs: 2933146        (133 /sec)
          order  3    : 0              (-nan /sec)
          order  4    : 0              (-nan /sec)
          order  5    : 0              (-nan /sec)
          order  6    : 0              (-nan /sec)
          order  7    : 0              (-nan /sec)
          order  8    : 0              (-nan /sec)
          order  9    : 0              (-nan /sec)
          order 10    : 0              (-nan /sec)
          order 11    : 0              (-nan /sec)
          order 12    : 0              (-nan /sec)
          order 13    : 40166          (3144 /sec)
          order 14    : 207460         (916 /sec)
          order 15    : 2624773        (123 /sec)
          order 16    : 40037          (181 /sec)
          order 17    : 17118          (126 /sec)
          order 18    : 3489           (56 /sec)
          order 19    : 1              (2494 /sec)
          order 20    : 2              (35714 /sec)
          order 21    : 0              (-nan /sec)
Canonicity checking   : 11071.1 s
Noncanonicity checking: 22026.2 s
Total canonicity time : 33097.3 s
database reductions   : 169
restarts              : 14333
conflicts             : 8903459        (232 /sec)
decisions             : 13313118       (0.00 % random) (346 /sec)
propagations          : 400687828      (10424 /sec)
conflict literals     : 777921148      (53.03 % deleted)
actual reward         : 0.218570
Memory used           : 1117.00 MB
CPU time              : 38438.6 s

UNSATISFIABLE
