c --- [ banner ] -------------------------------------------------------------
c 
c CaDiCaL Radically Simplified CDCL SAT Solver
c Copyright (c) 2016-2021 A. Biere, M. Fleury, N. Froleyks
c 
c Version 1.5.2 a5f15211db36c3956764e18194dd5bd63bf3b5e6
c g++ (GCC) 9.3.0 -Wall -Wextra -O3 -DNDEBUG
c Fri Oct 21 01:27:37 EDT 2022 Linux gra-login3 3.10.0-1160.66.1.el7.x86_64 x86_64
c 
c --- [ limit ] --------------------------------------------------------------
c 
c setting conflict limit to 200000 conflicts (due to '200000')
c 
c --- [ parsing input ] ------------------------------------------------------
c 
c reading DIMACS file from '33.cubes1701.adj'
c opening file to read '33.cubes1701.adj'
c found 'p cnf 6160 1595480' header
c parsed 1595480 clauses in 19.46 seconds process time
c closing file '33.cubes1701.adj'
c after reading 1457566810 bytes 1390.0 MB
c 
c --- [ options ] ------------------------------------------------------------
c 
c all options are set to their default value
c 
c --- [ solving ] ------------------------------------------------------------
c 
c time measured in process time since initialization
c 
c  seconds    reductions  redundant   irredundant
c          MB     restarts       trail       variables
c            level   conflicts       glue         remaining
c 
c * 19.46 1368  0 0   0    0    0  0% 0 1595422 2355 38%
c { 20.32 1407  0 0   0    0    0  0% 0 1595422 2355 38%
c i 20.61 1415 1072 0   0   12   11 36% 1 1595422 2329 38%
c i 20.63 1416 827 0   0   16   14 31% 1 1595422 2321 38%
c i 21.66 1453 115 0  39  213   90 20% 9 1595422 2314 38%
c i 21.76 1453 121 0  40  236  100 21% 11 1595422 2307 37%
c i 22.12 1458 120 0  45  256  119 21% 13 1595422 2299 37%
c - 27.18 1437 105 1  58  300  143 21% 14 248570 2299 37%
c i 27.31 1386 105 1  58  301  143 21% 14 248570 2298 37%
c i 27.32 1386 105 1  58  303  144 21% 14 248570 2297 37%
c i 27.32 1386 104 1  59  304  144 21% 14 248570 2296 37%
c i 27.35 1386 104 1  59  305  144 21% 14 248570 2295 37%
c i 27.43 1386 104 1  60  309  147 21% 14 248570 2294 37%
c i 27.44 1386 103 1  61  311  148 21% 14 248570 2293 37%
c i 27.70 1386 104 1  64  322  157 21% 16 248570 2291 37%
c i 27.99 1386 44 1  78  888  257 20% 12 248570 2290 37%
c i 28.03 1386 44 1  79  893  261 20% 12 248570 2289 37%
c i 28.18 1386 46 1  80  907  273 20% 12 248570 2288 37%
c i 28.52 1386 45 1  88  980  299 20% 12 248570 2287 37%
c i 28.60 1386 46 1  91  992  310 21% 13 248570 2286 37%
c 
c  seconds    reductions  redundant   irredundant
c          MB     restarts       trail       variables
c            level   conflicts       glue         remaining
c 
c } 28.65 1386 47 1  94 1000  318 21% 13 248570 2286 37%
c [ 28.65 1387  0 1  94 1000  318  0% 0 248570 2286 37%
c O 28.67 1387 43 1  94 1002  320 23% 11 248570 2286 37%
c i 28.73 1387 13 1  94 1016  326 21% 7 248570 2285 37%
c i 28.74 1387 13 1  94 1018  327 22% 7 248570 2284 37%
c i 28.76 1387 14 1  94 1025  333 25% 9 248570 2283 37%
c i 28.77 1387 14 1  94 1029  336 26% 9 248570 2282 37%
c i 28.82 1387 22 1  94 1056  362 29% 16 248570 2281 37%
c i 28.82 1387 21 1  94 1057  362 29% 16 248570 2280 37%
c i 28.82 1387 21 1  94 1058  362 29% 15 248570 2279 37%
c i 28.82 1387 22 1  94 1061  362 29% 16 248570 2278 37%
c i 28.82 1387 21 1  94 1062  362 29% 15 248570 2277 37%
c i 28.84 1387 27 1  94 1081  377 29% 19 248570 2276 37%
c i 28.85 1387 29 1  94 1090  385 29% 21 248570 2275 37%
c i 28.85 1387 29 1  94 1092  386 29% 20 248570 2274 37%
c i 28.89 1387 32 1  94 1120  404 30% 24 248570 2273 37%
c i 28.89 1387 32 1  94 1121  404 30% 23 248570 2272 37%
c i 28.91 1386 33 1  94 1128  408 30% 23 248570 2271 37%
c - 29.35 1487 34 2  94 1137  362 30% 24 248488 2271 37%
c i 29.38 1487 34 2  94 1146  370 30% 24 248488 2270 37%
c 
c  seconds    reductions  redundant   irredundant
c          MB     restarts       trail       variables
c            level   conflicts       glue         remaining
c 
c i 29.44 1487 34 2  94 1177  387 30% 25 248488 2269 37%
c i 29.44 1487 34 2  94 1178  387 30% 24 248488 2268 37%
c i 29.44 1487 34 2  94 1179  387 30% 24 248488 2267 37%
c i 29.44 1487 34 2  94 1180  387 30% 24 248488 2266 37%
c i 29.44 1487 33 2  94 1181  387 30% 24 248488 2265 37%
c i 29.49 1487 31 2  94 1316  487 31% 23 248488 2264 37%
c i 29.49 1487 31 2  94 1319  486 31% 23 248488 2263 37%
c i 29.51 1488 31 2  94 1336  500 31% 23 248488 2262 37%
c i 29.51 1488 31 2  94 1337  500 31% 23 248488 2261 37%
c i 29.52 1488 31 2  94 1358  515 31% 22 248488 2260 37%
c i 29.54 1488 29 2  94 1403  542 31% 22 248488 2259 37%
c i 29.54 1488 29 2  94 1404  542 31% 22 248488 2258 37%
c i 29.55 1488 30 2  94 1424  556 31% 22 248488 2257 37%
c i 29.58 1488 29 2  94 1501  603 31% 22 248488 2256 37%
c i 29.59 1488 28 2  94 1516  608 31% 21 248488 2255 37%
c i 29.59 1488 28 2  94 1519  610 31% 21 248488 2254 37%
c i 29.60 1488 28 2  94 1545  624 31% 21 248488 2253 37%
c i 29.62 1488 27 2  94 1575  639 31% 21 248488 2252 37%
c i 29.64 1487 27 2  94 1624  663 31% 21 248488 2251 37%
c i 29.65 1487 26 2  94 1649  676 31% 20 248488 2250 37%
c 
c  seconds    reductions  redundant   irredundant
c          MB     restarts       trail       variables
c            level   conflicts       glue         remaining
c 
c i 29.65 1487 26 2  94 1650  676 31% 20 248488 2249 37%
c i 29.65 1487 26 2  94 1656  680 31% 20 248488 2248 36%
c i 29.68 1487 27 2  94 1755  757 31% 20 248488 2247 36%
c i 29.69 1487 27 2  94 1764  764 31% 20 248488 2246 36%
c i 29.69 1487 26 2  94 1783  780 31% 20 248488 2245 36%
c i 29.70 1487 26 2  94 1794  789 31% 20 248488 2244 36%
c i 29.70 1487 26 2  94 1807  797 31% 20 248488 2243 36%
c i 29.70 1487 26 2  94 1808  797 31% 20 248488 2242 36%
c i 29.75 1487 25 2  94 1962  899 31% 19 248488 2241 36%
c - 30.20 1483 23 3  95 2392 1014 31% 18 248401 2241 36%
c i 30.48 1483 22 3  95 2458 1045 52% 18 248401 2240 36%
c i 30.49 1483 22 3  95 2495 1066 52% 17 248401 2239 36%
c ] 30.65 1483 23 3  95 3003 1381 50% 18 248401 2239 36%
c { 30.65 1483 47 3  95 3003 1381 57% 13 248401 2239 36%
c F 30.68 1483 47 3  96 3004 1382 56% 13 248401 2239 36%
c i 30.89 1483 45 3 111 3127 1445 53% 13 248401 2238 36%
c i 30.94 1483 45 3 111 3134 1451 53% 13 248401 2237 36%
c i 31.24 1483 46 3 120 3175 1488 53% 13 248401 2236 36%
c i 32.19 1483 46 3 153 3341 1628 51% 14 248401 2235 36%
c i 32.22 1483 46 3 156 3352 1637 51% 14 248401 2234 36%
c 
c  seconds    reductions  redundant   irredundant
c          MB     restarts       trail       variables
c            level   conflicts       glue         remaining
c 
c i 32.45 1483 45 3 177 3503 1699 48% 14 248401 2233 36%
c i 32.46 1483 45 3 177 3504 1699 48% 14 248401 2232 36%
c i 32.47 1483 44 3 177 3521 1715 48% 14 248401 2231 36%
c - 33.71 1387 46 4 241 4067 1489 44% 15 248373 2231 36%
c i 33.86 1387 45 4 241 4187 1532 43% 15 248373 2230 36%
c i 34.13 1388 46 4 260 4265 1603 43% 15 248373 2229 36%
c i 34.74 1388 47 4 287 4367 1698 43% 16 248373 2228 36%
c d 38.06 1388 48 4 415 5000 2226 43% 18 248350 2220 36%
c 3 38.09 1388 48 4 415 5000 3190 43% 18 248350 2220 36%
c 2 38.14 1388 48 4 415 5000 3288 43% 18 248341 2220 36%
c p 42.28 1388 48 4 415 5000 6790 43% 18 248341 2194 36%
c d 42.61 1388 48 4 415 5000 6539 43% 18 248262 2192 36%
c # 43.93 1388 41 4 435 6008 7217 44% 17 248262 2192 36%
c - 44.42 1389 40 5 435 6160 2511 44% 17 248262 2192 36%
c } 45.45 1389 38 5 475 7003 3234 45% 18 248262 2192 36%
c [ 45.45 1389 23 5 475 7003 3234 50% 18 248262 2192 36%
c - 46.75 1389 34 6 476 8671 3128 49% 26 248262 2192 36%
c ] 46.76 1389 34 6 476 8673 3130 50% 26 248262 2192 36%
c 1 46.76 1389 34 6 476 8673 3130 50% 26 248262 2192 36%
c 
c --- [ writing output ] -----------------------------------------------------
c 
c writing simplified CNF to DIMACS file 'simp/33.cubes1701.adj.simp1'
c * 46.76 1389 34 6 476 8673 3130 50% 26 248262 2192 36%
c opening file to write 'simp/33.cubes1701.adj.simp1'
c writing 'p cnf 6160 248262' header
c closing file 'simp/33.cubes1701.adj.simp1'
c after writing 105261550 bytes 100.4 MB
c wrote 248262 clauses in 0.77 seconds process time
c 
c --- [ writing extension ] --------------------------------------------------
c 
c writing extension stack to 'simp/33.cubes1701.adj.ext1'
c opening file to write 'simp/33.cubes1701.adj.ext1'
c closing file 'simp/33.cubes1701.adj.ext1'
c after writing 12530 bytes 0.0 MB
c wrote 834 witnesses in 0.00 seconds process time
c 
c --- [ result ] -------------------------------------------------------------
c 
s SATISFIABLE
c 
c --- [ run-time profiling ] -------------------------------------------------
c 
c process time taken by individual solving procedures
c (percentage relative to process time for solving)
c 
c        22.36   81.91% search
c        19.46   71.31% parse
c        18.19   66.65% unstable
c         4.94   18.08% simplify
c         4.14   15.16% probe
c         3.30   12.11% stable
c         0.86    3.15% lucky
c         0.04    0.14% ternary
c   =================================
c        27.29   57.43% solve
c 
c last line shows process time for solving
c (percentage relative to total process time)
c 
c --- [ statistics ] ---------------------------------------------------------
c 
c chronological:              1956        22.55 %  of conflicts
c conflicts:                  8673       317.78    per second
c decisions:                 43114      1579.71    per second
c fixed:                       814        13.21 %  of all variables
c learned:                    8486        97.84 %  per conflict
c learned_lits:            1258771       100.00 %  learned literals
c minimized:                     0         0.00 %  learned literals
c shrunken:                 695697        55.27 %  learned literals
c minishrunken:             113389         9.01 %  learned literals
c propagations:            1364196         0.05 M  per second
c reduced:                    2566        29.59 %  per conflict
c rephased:                      3      2891.00    interval
c restarts:                    476        18.22    interval
c stabilizing:                   2        42.35 %  of conflicts
c substituted:                  10         0.16 %  of all variables
c subsumed:                   2786         0.08 %  of all clauses
c ternary:                    1064         0.60 %  of resolved
c weakened:                     20         2.00    average size
c 
c seconds are measured in process time for solving
c 
c --- [ resources ] ----------------------------------------------------------
c 
c total process time since initialization:        47.52    seconds
c total real time since initialization:           47.81    seconds
c maximum resident set size of process:         1583.49    MB
c 
c --- [ shutting down ] ------------------------------------------------------
c 
c exit 10
WARNING! DIMACS header mismatch: wrong number of variables.
============================[ Problem Statistics ]=============================
|                                                                             |
|  Number of variables:          6120                                         |
|  Number of clauses:          248262                                         |
|  Parse time:                   1.43 s                                       |
|  Simplification time:          0.03 s                                       |
|                                                                             |
============================[ Search Statistics ]====================================================
| Conflicts |          ORIGINAL         |          LEARNT          | Num Sols |      SUBGRAPHS      |
|           |    Vars  Clauses Literals |    Limit  Clauses Lit/Cl |          | Canonical Noncanon. |
=====================================================================================================
|       130 |    6029   248292 23055117 |     2000      130     47 |        0 |        47        30 |
|       280 |    6029   248292 23055117 |     2000      280     84 |        0 |        51        30 |
|       525 |    6029   248312 23055556 |     2000      525     81 |        0 |        63        50 |
|      1521 |    6029   248971 23068432 |     2000     1521     49 |        0 |       414       709 |
|      2984 |    6029   249928 23086474 |     3600     1984     18 |        0 |       922      1666 |
|      4118 |    6029   250303 23093735 |     3600     3118     33 |        0 |      1049      2041 |
|      5313 |    6029   250359 23095540 |     5003     2516     35 |        0 |      1066      2097 |
|      7517 |    6029   250855 23105827 |     5003     4720     47 |        0 |      1232      2593 |
|     10228 |    6029   251004 23109299 |     6306     4934     52 |        0 |      1299      2742 |
|     20868 |    6029   257800 23226471 |     8787     8655     26 |        0 |      3825      9538 |
|     27640 |    6029   258806 23246925 |    11201     6041     29 |        0 |      4118     10544 |
|     37719 |    6029   260236 23272533 |    12402    10521     50 |        0 |      4786     11974 |
|     53277 |    6029   262820 23312826 |    14804    13081     56 |        0 |      5856     14558 |
|     74698 |    6029   264780 23351298 |    18407    10505     26 |        0 |      6681     16518 |
|    114365 |    6029   275255 23536173 |    22012    20777     40 |        0 |     10077     26993 |
|    167574 |    6029   284675 23705519 |    26819    26393     41 |        0 |     13270     36413 |
|    271709 |    6029   323126 24305008 |    35217    24126     34 |        0 |     25991     74864 |
|    432541 |    6029   385432 25211616 |    44825    27366     22 |        0 |     45343    137170 |
=====================================================================================================
Number of solutions   : 0
Canonical subgraphs   : 75142          (27 /sec)
          order  3    : 1              (166667 /sec)
          order  4    : 1              (500000 /sec)
          order  5    : 1              (200000 /sec)
          order  6    : 1              (52632 /sec)
          order  7    : 1              (8621 /sec)
          order  8    : 2              (1373 /sec)
          order  9    : 9              (418 /sec)
          order 10    : 42             (139 /sec)
          order 11    : 267            (58 /sec)
          order 12    : 1399           (30 /sec)
          order 13    : 7834           (34 /sec)
          order 14    : 51453          (32 /sec)
          order 15    : 5835           (19 /sec)
          order 16    : 3739           (18 /sec)
          order 17    : 2726           (14 /sec)
          order 18    : 1438           (15 /sec)
          order 19    : 337            (15 /sec)
          order 20    : 38             (19 /sec)
          order 21    : 18             (21 /sec)
          order 22    : 0              (-nan /sec)
Noncanonical subgraphs: 249016         (279 /sec)
          order  3    : 0              (-nan /sec)
          order  4    : 0              (-nan /sec)
          order  5    : 0              (-nan /sec)
          order  6    : 0              (-nan /sec)
          order  7    : 0              (-nan /sec)
          order  8    : 0              (-nan /sec)
          order  9    : 0              (-nan /sec)
          order 10    : 0              (-nan /sec)
          order 11    : 0              (-nan /sec)
          order 12    : 0              (-nan /sec)
          order 13    : 24135          (3423 /sec)
          order 14    : 78445          (1269 /sec)
          order 15    : 141984         (181 /sec)
          order 16    : 3565           (149 /sec)
          order 17    : 868            (69 /sec)
          order 18    : 0              (-nan /sec)
          order 19    : 0              (-nan /sec)
          order 20    : 0              (-nan /sec)
          order 21    : 0              (-nan /sec)
Canonicity checking   : 2746.07 s
Noncanonicity checking: 891.746 s
Total canonicity time : 3637.82 s
database reductions   : 43
restarts              : 1350
conflicts             : 635756         (160 /sec)
decisions             : 1072921        (0.00 % random) (270 /sec)
propagations          : 69972796       (17604 /sec)
conflict literals     : 42881059       (54.63 % deleted)
actual reward         : 0.098158
Memory used           : 385.00 MB
CPU time              : 3974.73 s

UNSATISFIABLE
