c --- [ banner ] -------------------------------------------------------------
c 
c CaDiCaL Radically Simplified CDCL SAT Solver
c Copyright (c) 2016-2021 A. Biere, M. Fleury, N. Froleyks
c 
c Version 1.5.2 a5f15211db36c3956764e18194dd5bd63bf3b5e6
c g++ (GCC) 9.3.0 -Wall -Wextra -O3 -DNDEBUG
c Fri Oct 21 01:27:37 EDT 2022 Linux gra-login3 3.10.0-1160.66.1.el7.x86_64 x86_64
c 
c --- [ limit ] --------------------------------------------------------------
c 
c setting conflict limit to 200000 conflicts (due to '200000')
c 
c --- [ parsing input ] ------------------------------------------------------
c 
c reading DIMACS file from '33.cubes4403.adj'
c opening file to read '33.cubes4403.adj'
c found 'p cnf 6160 1595476' header
c parsed 1595476 clauses in 19.52 seconds process time
c closing file '33.cubes4403.adj'
c after reading 1457566779 bytes 1390.0 MB
c 
c --- [ options ] ------------------------------------------------------------
c 
c all options are set to their default value
c 
c --- [ solving ] ------------------------------------------------------------
c 
c time measured in process time since initialization
c 
c  seconds    reductions  redundant   irredundant
c          MB     restarts       trail       variables
c            level   conflicts       glue         remaining
c 
c * 19.52 1380  0 0   0    0    0  0% 0 1595422 2345 38%
c { 21.25 1447  0 0   0    0    0  0% 0 1595422 2345 38%
c i 22.08 1464 1181 0   0   26   25 40% 4 1595422 2329 38%
c i 25.47 1501 470 0  21  144  133 31% 13 1595422 2318 38%
c i 26.09 1503 401 0  29  176  162 30% 17 1595422 2317 38%
c i 26.22 1503 384 0  31  185  170 30% 18 1595422 2316 38%
c i 26.28 1504 382 0  32  186  170 30% 18 1595422 2315 38%
c i 26.41 1505 367 0  34  197  180 30% 21 1595422 2314 38%
c i 27.01 1507 332 0  43  240  213 29% 30 1595422 2313 38%
c i 27.53 1508 275 0  52  300  258 28% 27 1595422 2312 38%
c - 31.12 1496 275 1  52  300  258 28% 27 225281 2312 38%
c i 31.45 1400 245 1  53  355  300 28% 27 225281 2311 38%
c i 31.52 1400 238 1  57  370  311 28% 28 225281 2310 38%
c i 31.68 1400 228 1  63  393  331 28% 28 225281 2309 37%
c i 31.74 1400 225 1  65  402  337 28% 29 225281 2308 37%
c i 31.87 1400 207 1  70  447  362 28% 29 225281 2307 37%
c i 32.17 1400 174 1  78  548  452 28% 28 225281 2306 37%
c i 32.57 1400 144 1  94  730  608 29% 29 225281 2305 37%
c i 32.69 1400 144 1  96  739  616 29% 30 225281 2304 37%
c i 32.72 1400 144 1  97  742  618 29% 30 225281 2298 37%
c 
c  seconds     reductions  redundant   irredundant
c          MB      restarts       trail       variables
c             level   conflicts       glue         remaining
c 
c i 33.21 1401 138 1 101  811  672 29% 29 225281 2297 37%
c i 33.36 1401 138 1 102  822  682 29% 29 225281 2296 37%
c i 33.50 1401 133 1 107  874  724 29% 29 225281 2295 37%
c i 33.52 1401 133 1 107  879  728 29% 29 225281 2294 37%
c i 33.54 1401 130 1 107  899  739 29% 29 225281 2293 37%
c i 33.73 1400 129 1 111  934  770 29% 29 225281 2287 37%
c i 33.94 1400 130 1 117  968  798 29% 30 225281 2286 37%
c i 34.16 1400 129 1 123  993  817 29% 30 225281 2285 37%
c } 34.21 1400 128 1 125 1000  824 29% 31 225281 2285 37%
c [ 34.21 1400  0 1 125 1000  824  0% 0 225281 2285 37%
c O 34.21 1401 48 1 125 1003  827 25% 39 225281 2285 37%
c i 34.36 1400 23 1 125 1040  859 28% 16 225281 2284 37%
c i 34.43 1400 28 1 125 1073  889 29% 21 225281 2283 37%
c i 34.44 1400 29 1 125 1085  900 30% 22 225281 2282 37%
c - 34.83 1477 30 2 125 1111  826 30% 23 177744 2282 37%
c i 35.04 1477 28 2 125 1355  953 31% 24 177744 2281 37%
c i 35.04 1477 27 2 125 1387  975 31% 24 177744 2280 37%
c i 35.05 1477 27 2 125 1407  987 31% 23 177744 2279 37%
c i 35.11 1477 25 2 125 1597 1123 31% 22 177744 2278 37%
c i 35.18 1477 23 2 125 1873 1314 32% 20 177744 2277 37%
c 
c  seconds    reductions  redundant   irredundant
c          MB     restarts       trail       variables
c            level   conflicts       glue         remaining
c 
c - 35.59 1477 23 3 126 2236 1163 32% 19 177729 2277 37%
c i 35.96 1415 22 3 126 2611 1404 54% 19 177729 2276 37%
c i 36.12 1415 22 3 126 2930 1642 54% 19 177729 2275 37%
c i 36.13 1415 21 3 126 2959 1667 54% 19 177729 2274 37%
c ] 36.14 1415 21 3 126 3001 1700 54% 19 177729 2274 37%
c { 36.14 1415 128 3 126 3001 1700 77% 31 177729 2274 37%
c i 36.16 1415 128 3 127 3003 1701 77% 31 177729 2273 37%
c F 36.16 1415 128 3 127 3004 1702 77% 31 177729 2273 37%
c i 36.34 1415 124 3 129 3038 1730 76% 30 177729 2272 37%
c i 36.38 1415 121 3 129 3067 1753 75% 29 177729 2271 37%
c i 36.40 1415 117 3 129 3113 1786 74% 29 177729 2270 37%
c i 36.44 1415 111 3 129 3199 1853 72% 29 177729 2269 37%
c i 36.54 1415 94 3 129 3507 2051 68% 28 177729 2268 37%
c - 36.79 1339 85 4 129 3735 1553 65% 26 177703 2268 37%
c i 37.59 1339 73 4 154 4251 1979 62% 26 177703 2267 37%
c i 37.64 1339 74 4 158 4275 1994 61% 26 177703 2264 37%
c i 37.66 1339 74 4 160 4279 1997 61% 26 177703 2263 37%
c i 38.26 1339 71 4 193 4557 2168 59% 27 177703 2262 37%
c i 38.56 1339 71 4 207 4704 2283 58% 27 177703 2261 37%
c i 39.29 1339 70 4 231 4925 2474 57% 27 177703 2260 37%
c 
c  seconds    reductions  redundant   irredundant
c          MB     restarts       trail       variables
c            level   conflicts       glue         remaining
c 
c i 39.39 1339 70 4 235 4955 2500 57% 27 177703 2259 37%
c d 39.84 1339 69 4 236 5001 2521 57% 27 177667 2254 37%
c 2 39.89 1339 69 4 236 5001 3507 57% 27 177660 2254 37%
c p 43.54 1339 69 4 236 5001 6557 57% 27 177660 2215 36%
c d 43.80 1339 69 4 236 5001 6549 57% 27 177542 2213 36%
c - 44.45 1341 62 5 239 5610 2280 56% 25 177542 2213 36%
c # 44.60 1341 58 5 239 6005 2625 55% 25 177542 2213 36%
c } 47.17 1341 58 5 352 7001 3467 53% 26 177542 2213 36%
c [ 47.17 1341 21 5 352 7001 3467 54% 19 177542 2213 36%
c - 47.73 1341 30 6 353 7860 2952 51% 24 177542 2213 36%
c I 48.77 1341 34 6 354 10006 4449 51% 27 177542 2213 36%
c - 49.38 1342 36 7 355 10483 3368 51% 28 177542 2213 36%
c - 52.41 1342 41 8 357 13481 3793 50% 33 177542 2213 36%
c ] 53.90 1342 40 8 357 15002 4766 49% 32 177542 2213 36%
c { 53.90 1342 58 8 357 15002 4766 53% 26 177542 2213 36%
c 2 53.95 1342 58 8 358 15002 5799 53% 26 177541 2213 36%
c p 55.96 1342 58 8 358 15002 8923 53% 26 177541 2211 36%
c B 56.13 1342 58 8 360 15009 8929 53% 26 177541 2211 36%
c - 59.90 1342 53 9 521 16857 4496 51% 25 177535 2211 36%
c s 62.04 1342 48 9 602 18821 5721 50% 24 176068 2211 36%
c 
c  seconds    reductions   redundant   irredundant
c          MB     restarts        trail       variables
c            level    conflicts       glue         remaining
c 
c v 64.35 1342 48 9 602 18821 5721 50% 24 176056 2211 36%
c t 64.44 1342 48 9 602 18821 5699 50% 24 176044 2211 36%
c e 65.08 1343 48 9 602 18821 5026 50% 24 173473 878 14%
c s 65.17 1343 48 9 602 18821 5022 50% 24 173135 878 14%
c - 67.57 1343 44 10 615 20604 5026 71% 24 173135 878 14%
c W 68.00 1343 43 10 615 21010 5321 70% 23 173135 878 14%
c - 71.02 1343 39 11 712 24690 5592 71% 22 173135 878 14%
c F 73.18 1343 36 11 749 28012 7929 71% 21 173135 878 14%
c - 73.76 1343 35 12 768 29148 6101 71% 21 173135 878 14%
c p 75.04 1343 34 12 783 30003 9030 71% 21 173135 878 14%
c } 75.37 1343 34 12 790 31003 9682 71% 21 173135 878 14%
c [ 75.37 1343 40 12 790 31003 9682 126% 32 173135 878 14%
c - 76.10 1343 36 13 791 33977 6338 112% 29 173135 878 14%
c B 76.69 1343 34 13 793 36013 7449 106% 28 173135 878 14%
c - 77.77 1343 35 14 795 39178 6716 99% 29 173135 878 14%
c - 79.52 1343 34 15 797 44754 7259 92% 29 173135 878 14%
c W 80.38 1343 34 15 797 45016 7417 92% 29 173135 878 14%
c ] 81.46 1343 33 15 798 48898 9668 89% 28 173135 878 14%
c 1 81.46 1343 33 15 798 48898 9668 89% 28 173135 878 14%
c 
c --- [ writing output ] -----------------------------------------------------
c 
c writing simplified CNF to DIMACS file 'simp/33.cubes4403.adj.simp1'
c * 81.46 1343 33 15 798 48898 9668 89% 28 173135 878 14%
c opening file to write 'simp/33.cubes4403.adj.simp1'
c writing 'p cnf 6160 173135' header
c closing file 'simp/33.cubes4403.adj.simp1'
c after writing 83075962 bytes 79.2 MB
c wrote 173135 clauses in 0.60 seconds process time
c 
c --- [ writing extension ] --------------------------------------------------
c 
c writing extension stack to 'simp/33.cubes4403.adj.ext1'
c opening file to write 'simp/33.cubes4403.adj.ext1'
c closing file 'simp/33.cubes4403.adj.ext1'
c after writing 85838 bytes 0.1 MB
c wrote 3832 witnesses in 0.00 seconds process time
c 
c --- [ result ] -------------------------------------------------------------
c 
s SATISFIABLE
c 
c --- [ run-time profiling ] -------------------------------------------------
c 
c process time taken by individual solving procedures
c (percentage relative to process time for solving)
c 
c        50.73   81.91% search
c        34.04   54.97% unstable
c        19.52   31.52% parse
c        14.03   22.65% stable
c        11.21   18.09% simplify
c         6.69   10.81% probe
c         2.37    3.82% vivify
c         1.73    2.79% lucky
c         1.23    1.99% elim
c         0.93    1.50% walk
c         0.17    0.28% subsume
c         0.08    0.13% ternary
c   =================================
c        61.94   75.48% solve
c 
c last line shows process time for solving
c (percentage relative to total process time)
c 
c --- [ statistics ] ---------------------------------------------------------
c 
c chronological:              9305        19.03 %  of conflicts
c conflicts:                 48898       789.46    per second
c decisions:                116271      1877.20    per second
c eliminated:                 1333        21.64 %  of all variables
c fixed:                       798        12.95 %  of all variables
c learned:                   47870        97.90 %  per conflict
c learned_lits:            8815716       100.00 %  learned literals
c minimized:                     0         0.00 %  learned literals
c shrunken:                5808511        65.89 %  learned literals
c minishrunken:             582042         6.60 %  learned literals
c propagations:            4670110         0.08 M  per second
c reduced:                   23265        47.58 %  per conflict
c rephased:                      9      5433.11    interval
c restarts:                    798        61.28    interval
c stabilizing:                   3        57.05 %  of conflicts
c substituted:                   7         0.11 %  of all variables
c subsumed:                  16045         0.48 %  of all clauses
c strengthened:               5292         0.16 %  of all clauses
c ternary:                    2438         0.58 %  of resolved
c vivified:                     43         0.00 %  of all clauses
c walked:                        2     24449.00    interval
c weakened:                   3034         3.03    average size
c 
c seconds are measured in process time for solving
c 
c --- [ resources ] ----------------------------------------------------------
c 
c total process time since initialization:        82.06    seconds
c total real time since initialization:           82.83    seconds
c maximum resident set size of process:         1553.75    MB
c 
c --- [ shutting down ] ------------------------------------------------------
c 
c exit 10
WARNING! DIMACS header mismatch: wrong number of variables.
============================[ Problem Statistics ]=============================
|                                                                             |
|  Number of variables:          3245                                         |
|  Number of clauses:          173135                                         |
|  Parse time:                   1.12 s                                       |
|  Simplification time:          0.02 s                                       |
|                                                                             |
============================[ Search Statistics ]====================================================
| Conflicts |          ORIGINAL         |          LEARNT          | Num Sols |      SUBGRAPHS      |
|           |    Vars  Clauses Literals |    Limit  Clauses Lit/Cl |          | Canonical Noncanon. |
=====================================================================================================
|       106 |    3152   173141 17855736 |     2000      106    224 |        0 |        12         6 |
|       283 |    3152   173168 17856641 |     2000      283    146 |        0 |        33        33 |
|       850 |    3152   173510 17864008 |     2000      850     75 |        0 |       248       375 |
|      1452 |    3152   173775 17869062 |     2000     1452     73 |        0 |       277       640 |
|      2038 |    3152   173855 17870800 |     3600     1038     22 |        0 |       295       720 |
|      4011 |    3152   175069 17897978 |     3600     3011     38 |        0 |       581      1934 |
|      5978 |    3152   175897 17915467 |     5005     3183     45 |        0 |       837      2762 |
|      7776 |    3152   175987 17917435 |     5005     4981     63 |        0 |       881      2852 |
|     10927 |    3152   176576 17929104 |     6311     5638     60 |        0 |      1066      3441 |
|     14873 |    3152   176678 17931592 |     7562     6435     69 |        0 |      1139      3543 |
|     22083 |    3152   178122 17956758 |     9998     5481     26 |        0 |      1581      4987 |
|     32351 |    3152   179741 17983815 |    11207    10758     53 |        0 |      2162      6606 |
|     53950 |    3152   188366 18113537 |    14803    13753     57 |        0 |      4264     15231 |
|     78389 |    3152   193344 18206193 |    18410    14199     34 |        0 |      5385     20209 |
|    125413 |    3152   211176 18524170 |    23209    20822     35 |        1 |      9304     38040 |
|    183203 |    3152   225177 18781152 |    29214    14617     17 |        1 |     13152     52041 |
|    263324 |    3152   239614 19025680 |    34020    32744     54 |        1 |     16089     66478 |
|    362737 |    3152   240501 19043106 |    41221    21158     23 |        1 |     16369     67365 |
|    604505 |    3152   334480 20895271 |    53219    29924     31 |        1 |     39438    161344 |
|    960433 |    3152   468725 22976735 |    66414    60247     48 |        1 |     58358    295589 |
|   1430383 |    3152   606150 25021584 |    82016    51799     36 |       92 |     82077    432922 |
|   2116723 |    3152   793702 27759565 |   100022    60145     33 |       92 |    111256    620474 |
=====================================================================================================
Number of solutions   : 105
Canonical subgraphs   : 135930         (15 /sec)
          order  3    : 1              (166667 /sec)
          order  4    : 1              (500000 /sec)
          order  5    : 1              (200000 /sec)
          order  6    : 1              (52632 /sec)
          order  7    : 1              (8403 /sec)
          order  8    : 2              (1360 /sec)
          order  9    : 6              (315 /sec)
          order 10    : 23             (90 /sec)
          order 11    : 96             (26 /sec)
          order 12    : 601            (16 /sec)
          order 13    : 3770           (17 /sec)
          order 14    : 26514          (19 /sec)
          order 15    : 82896          (18 /sec)
          order 16    : 10955          (10 /sec)
          order 17    : 7906           (9 /sec)
          order 18    : 2001           (8 /sec)
          order 19    : 645            (8 /sec)
          order 20    : 234            (8 /sec)
          order 21    : 171            (7 /sec)
          order 22    : 105            (0 /sec)
Noncanonical subgraphs: 821541         (133 /sec)
          order  3    : 0              (-nan /sec)
          order  4    : 0              (-nan /sec)
          order  5    : 0              (-nan /sec)
          order  6    : 0              (-nan /sec)
          order  7    : 0              (-nan /sec)
          order  8    : 0              (-nan /sec)
          order  9    : 0              (-nan /sec)
          order 10    : 0              (-nan /sec)
          order 11    : 0              (-nan /sec)
          order 12    : 0              (-nan /sec)
          order 13    : 8865           (6519 /sec)
          order 14    : 122659         (823 /sec)
          order 15    : 76584          (1179 /sec)
          order 16    : 606662         (104 /sec)
          order 17    : 5420           (82 /sec)
          order 18    : 1253           (51 /sec)
          order 19    : 3              (60 /sec)
          order 20    : 1              (31250 /sec)
          order 21    : 0              (-nan /sec)
Canonicity checking   : 8782.87 s
Noncanonicity checking: 6178.81 s
Total canonicity time : 14961.7 s
database reductions   : 88
restarts              : 4247
conflicts             : 2510388        (158 /sec)
decisions             : 3905486        (0.00 % random) (245 /sec)
propagations          : 112236504      (7048 /sec)
conflict literals     : 205688532      (55.79 % deleted)
actual reward         : 0.240960
Memory used           : 411.00 MB
CPU time              : 15925 s

UNSATISFIABLE
