c --- [ banner ] -------------------------------------------------------------
c 
c CaDiCaL Radically Simplified CDCL SAT Solver
c Copyright (c) 2016-2021 A. Biere, M. Fleury, N. Froleyks
c 
c Version 1.5.2 a5f15211db36c3956764e18194dd5bd63bf3b5e6
c g++ (GCC) 9.3.0 -Wall -Wextra -O3 -DNDEBUG
c Fri Oct 21 01:27:37 EDT 2022 Linux gra-login3 3.10.0-1160.66.1.el7.x86_64 x86_64
c 
c --- [ limit ] --------------------------------------------------------------
c 
c setting conflict limit to 200000 conflicts (due to '200000')
c 
c --- [ parsing input ] ------------------------------------------------------
c 
c reading DIMACS file from '33.cubes7407.adj'
c opening file to read '33.cubes7407.adj'
c found 'p cnf 6160 1595478' header
c parsed 1595478 clauses in 18.01 seconds process time
c closing file '33.cubes7407.adj'
c after reading 1457566796 bytes 1390.0 MB
c 
c --- [ options ] ------------------------------------------------------------
c 
c all options are set to their default value
c 
c --- [ solving ] ------------------------------------------------------------
c 
c time measured in process time since initialization
c 
c  seconds    reductions  redundant   irredundant
c          MB     restarts       trail       variables
c            level   conflicts       glue         remaining
c 
c * 18.01 1383  0 0   0    0    0  0% 0 1595422 2357 38%
c { 18.81 1433  0 0   0    0    0  0% 0 1595422 2357 38%
c i 18.83 1433  1 0   0    1    0 12% 0 1595422 2346 38%
c i 18.88 1433  1 0   0    2    0 13% 0 1595422 2333 38%
c i 21.79 1507 625 0   8   57   43 36% 14 1595422 2332 38%
c i 23.15 1516 242 0  18  170  117 32% 20 1595422 2331 38%
c i 23.15 1516 241 0  18  171  117 32% 20 1595422 2330 38%
c i 23.15 1516 238 0  18  173  118 32% 20 1595422 2329 38%
c i 23.24 1516 172 0  18  244  176 32% 19 1595422 2328 38%
c - 27.23 1411 142 1  18  300  208 32% 17 251274 2328 38%
c i 27.47 1369 138 1  18  310  215 32% 17 251274 2327 38%
c i 27.47 1369 138 1  18  311  215 32% 17 251274 2326 38%
c i 27.70 1369 115 1  18  385  280 31% 16 251274 2325 38%
c i 27.77 1369 111 1  21  413  296 31% 17 251274 2316 38%
c i 28.06 1369 111 1  27  444  320 31% 17 251274 2315 38%
c i 28.09 1369 110 1  28  452  326 31% 17 251274 2314 38%
c i 28.24 1369 110 1  32  469  339 30% 18 251274 2313 38%
c i 28.53 1369 109 1  39  503  369 30% 20 251274 2312 38%
c i 28.56 1369 109 1  40  507  372 30% 20 251274 2311 38%
c i 29.13 1370 96 1  53  595  419 29% 19 251274 2310 38%
c 
c  seconds    reductions  redundant   irredundant
c          MB     restarts       trail       variables
c            level   conflicts       glue         remaining
c 
c i 29.60 1370 97 1  63  655  466 29% 23 251274 2309 37%
c i 30.24 1370 96 1  87  750  545 29% 25 251274 2308 37%
c i 30.31 1370 96 1  92  764  556 29% 25 251274 2307 37%
c i 31.35 1371 101 1 124  890  674 29% 33 251274 2306 37%
c i 31.73 1371 100 1 142  958  738 29% 34 251274 2305 37%
c i 31.86 1371 98 1 144  990  762 29% 34 251274 2304 37%
c } 31.91 1371 97 1 144 1000  767 29% 34 251274 2304 37%
c [ 31.91 1371  0 1 144 1000  767  0% 0 251274 2304 37%
c O 31.93 1371 22 1 144 1003  770 26% 19 251274 2304 37%
c i 32.27 1371 22 1 144 1127  852 28% 18 251274 2303 37%
c - 32.74 1481 24 2 144 1141  781 28% 19 251067 2303 37%
c i 32.77 1481 24 2 144 1144  783 28% 19 251067 2302 37%
c i 32.79 1481 24 2 144 1151  788 28% 19 251067 2301 37%
c i 32.95 1481 35 2 144 1289  897 30% 28 251067 2300 37%
c i 32.98 1481 36 2 144 1338  934 30% 29 251067 2299 37%
c - 33.91 1480 29 3 145 2401 1262 31% 25 251055 2299 37%
c ] 34.43 1480 28 3 145 3006 1647 53% 24 251055 2299 37%
c { 34.43 1480 97 3 145 3006 1647 78% 34 251055 2299 37%
c F 34.47 1480 97 3 145 3007 1648 78% 34 251055 2299 37%
c i 35.30 1480 96 3 162 3118 1739 74% 35 251055 2298 37%
c 
c  seconds    reductions  redundant   irredundant
c          MB     restarts       trail       variables
c            level   conflicts       glue         remaining
c 
c i 37.79 1480 85 3 228 3940 2438 62% 36 251055 2297 37%
c - 38.12 1479 81 4 228 4080 1872 61% 35 251050 2297 37%
c i 38.41 1479 77 4 228 4347 2046 59% 34 251050 2296 37%
c i 38.51 1479 74 4 228 4515 2175 58% 33 251050 2295 37%
c d 39.09 1479 68 4 228 5003 2568 56% 32 237053 2291 37%
c 2 39.15 1479 68 4 228 5003 3305 56% 32 237046 2291 37%
c p 44.53 1479 68 4 228 5003 5832 56% 32 237046 2249 37%
c d 44.89 1479 68 4 228 5003 5769 56% 32 236715 2247 36%
c # 45.44 1479 56 4 228 6008 6494 55% 28 236715 2247 36%
c - 45.76 1372 55 5 228 6180 2570 55% 28 236715 2247 36%
c } 48.28 1372 56 5 323 7007 3248 53% 29 236715 2247 36%
c [ 48.28 1372 28 5 323 7007 3248 53% 24 236715 2247 36%
c - 49.37 1372 40 6 324 8655 3151 50% 33 236715 2247 36%
c I 50.15 1372 45 6 325 10015 4200 50% 37 236715 2247 36%
c - 51.51 1374 44 7 327 11541 3639 49% 36 236715 2247 36%
c - 53.07 1374 43 8 328 14842 3848 49% 36 236715 2247 36%
c 2 53.23 1374 43 8 328 15004 4730 49% 37 236713 2247 36%
c p 54.56 1374 43 8 328 15004 7465 49% 37 236713 2247 36%
c ] 54.65 1374 43 8 328 15007 7468 49% 37 236713 2247 36%
c { 54.65 1374 56 8 328 15007 7468 53% 29 236713 2247 36%
c 
c  seconds    reductions   redundant   irredundant
c          MB     restarts        trail       variables
c            level    conflicts       glue         remaining
c 
c B 54.77 1374 56 8 331 15017 7477 53% 29 236713 2247 36%
c - 59.89 1374 46 9 462 18552 4804 51% 26 236713 2247 36%
c s 60.11 1374 45 9 462 18808 4771 51% 25 234920 2247 36%
c v 63.51 1374 45 9 462 18808 4771 51% 25 234903 2247 36%
c t 63.62 1374 45 9 462 18808 4757 51% 25 234890 2247 36%
c e 64.52 1376 45 9 462 18808 4360 51% 25 232567 988 16%
c s 64.62 1376 45 9 462 18808 4356 51% 25 231695 988 16%
c W 66.69 1377 40 9 463 21018 5657 71% 23 231695 988 16%
c - 67.72 1377 37 10 465 22674 5465 70% 22 231695 988 16%
c - 73.91 1377 35 11 770 27179 5713 70% 22 231695 988 16%
c F 75.00 1377 35 11 803 28020 6408 70% 22 231695 988 16%
c p 83.24 1377 35 11 978 30005 10199 69% 22 231695 987 16%
c } 84.17 1377 35 11 978 31009 10847 69% 21 231695 987 16%
c [ 84.17 1377 43 11 978 31009 10847 114% 37 231695 987 16%
c - 84.69 1377 41 12 978 32093 6820 109% 34 231692 987 16%
c B 85.91 1377 36 12 981 36022 9119 98% 30 231692 987 16%
c - 86.66 1377 36 13 981 37416 7218 95% 31 231692 987 16%
c - 88.68 1377 37 14 985 43149 7987 88% 32 231692 987 16%
c W 90.73 1377 37 14 985 45025 9242 86% 32 231692 987 16%
c - 92.81 1377 36 15 986 49291 8059 83% 32 231692 987 16%
c 
c  seconds    reductions     redundant   irredundant
c          MB      restarts         trail       variables
c            level     conflicts        glue        remaining
c 
c p 94.27 1377 36 15 986 50012 10844 83% 32 231692 987 16%
c s 94.63 1377 36 15 986 50304 11013 83% 32 230717 987 16%
c v 97.92 1377 36 15 986 50304 11013 83% 32 230669 987 16%
c t 98.04 1377 36 15 986 50304 11006 83% 32 230669 987 16%
c e 98.93 1377 36 15 986 50304 10960 83% 32 230662 980 16%
c s 99.07 1377 36 15 986 50304 10958 83% 32 229862 980 16%
c O 101.64 1377 35 15 987 55029 13935 80% 31 229862 980 16%
c - 102.06 1377 35 16 988 55842 8422 80% 31 229862 980 16%
c ] 102.50 1377 35 16 989 57330 9421 80% 30 229862 980 16%
c 1 102.50 1377 35 16 989 57330 9421 80% 30 229862 980 16%
c 
c --- [ writing output ] -----------------------------------------------------
c 
c writing simplified CNF to DIMACS file 'simp/33.cubes7407.adj.simp1'
c * 102.50 1377 35 16 989 57330 9421 80% 30 229862 980 16%
c opening file to write 'simp/33.cubes7407.adj.simp1'
c writing 'p cnf 6160 229862' header
c closing file 'simp/33.cubes7407.adj.simp1'
c after writing 111286875 bytes 106.1 MB
c wrote 229862 clauses in 0.83 seconds process time
c 
c --- [ writing extension ] --------------------------------------------------
c 
c writing extension stack to 'simp/33.cubes7407.adj.ext1'
c opening file to write 'simp/33.cubes7407.adj.ext1'
c closing file 'simp/33.cubes7407.adj.ext1'
c after writing 84170 bytes 0.1 MB
c wrote 3752 witnesses in 0.00 seconds process time
c 
c --- [ result ] -------------------------------------------------------------
c 
s SATISFIABLE
c 
c --- [ run-time profiling ] -------------------------------------------------
c 
c process time taken by individual solving procedures
c (percentage relative to process time for solving)
c 
c        61.88   73.23% search
c        41.68   49.33% unstable
c        22.61   26.77% simplify
c        18.32   21.68% stable
c        18.01   21.32% parse
c        10.90   12.90% probe
c         6.85    8.11% vivify
c         3.41    4.03% elim
c         1.08    1.28% walk
c         0.80    0.94% lucky
c         0.47    0.56% subsume
c         0.14    0.16% ternary
c   =================================
c        84.49   81.77% solve
c 
c last line shows process time for solving
c (percentage relative to total process time)
c 
c --- [ statistics ] ---------------------------------------------------------
c 
c chronological:             10361        18.07 %  of conflicts
c conflicts:                 57330       678.54    per second
c decisions:                147232      1742.58    per second
c eliminated:                 1266        20.55 %  of all variables
c fixed:                       764        12.40 %  of all variables
c learned:                   56093        97.84 %  per conflict
c learned_lits:           11404451       100.00 %  learned literals
c minimized:                     0         0.00 %  learned literals
c shrunken:                7048514        61.80 %  learned literals
c minishrunken:             928459         8.14 %  learned literals
c propagations:            5510570         0.07 M  per second
c reduced:                   29832        52.04 %  per conflict
c rephased:                     10      5733.00    interval
c restarts:                    989        57.97    interval
c stabilizing:                   3        63.36 %  of conflicts
c substituted:                   6         0.10 %  of all variables
c subsumed:                  21049         0.62 %  of all clauses
c strengthened:               7345         0.21 %  of all clauses
c ternary:                    2559         0.59 %  of resolved
c vivified:                     86         0.00 %  of all clauses
c walked:                        2     28665.00    interval
c weakened:                   2988         3.06    average size
c 
c seconds are measured in process time for solving
c 
c --- [ resources ] ----------------------------------------------------------
c 
c total process time since initialization:       103.33    seconds
c total real time since initialization:          103.61    seconds
c maximum resident set size of process:         1588.53    MB
c 
c --- [ shutting down ] ------------------------------------------------------
c 
c exit 10
WARNING! DIMACS header mismatch: wrong number of variables.
============================[ Problem Statistics ]=============================
|                                                                             |
|  Number of variables:          3497                                         |
|  Number of clauses:          229866                                         |
|  Parse time:                   1.46 s                                       |
|  Simplification time:          0.03 s                                       |
|                                                                             |
============================[ Search Statistics ]====================================================
| Conflicts |          ORIGINAL         |          LEARNT          | Num Sols |      SUBGRAPHS      |
|           |    Vars  Clauses Literals |    Limit  Clauses Lit/Cl |          | Canonical Noncanon. |
=====================================================================================================
|       105 |    3404   229871 24090426 |     2000      105    128 |        0 |        19         5 |
|       256 |    3404   229872 24090608 |     2000      256    116 |        0 |        30         6 |
|       496 |    3404   229887 24090946 |     2000      496     99 |        0 |        58        21 |
|       867 |    3404   229921 24091449 |     2000      867    101 |        0 |        78        55 |
|      1433 |    3404   229981 24092680 |     2000     1433    100 |        0 |       106       115 |
|      2204 |    3404   229993 24092961 |     3601     1205     50 |        0 |       135       127 |
|      3458 |    3404   230108 24094812 |     3601     2459     68 |        0 |       157       242 |
|      5274 |    3404   230216 24096737 |     5001     2475     52 |        0 |       204       350 |
|      7967 |    3404   230347 24100164 |     6305     2672     36 |        0 |       253       481 |
|     12144 |    3404   230680 24106271 |     7556     3700     32 |        0 |       390       814 |
|     19373 |    3404   232143 24134636 |     8788     7161     62 |        0 |       906      2277 |
|     28216 |    3404   232337 24139697 |    11206     6622     36 |        0 |       975      2471 |
|     44549 |    3404   235696 24214878 |    13608    11157     60 |        0 |      1671      5830 |
|    109508 |    3404   281194 25100919 |    22014    15922     20 |        0 |     11857     51328 |
|    147658 |    3404   290152 25288185 |    25612    19270     50 |        0 |     13781     60286 |
|    198657 |    3404   297362 25426268 |    30415    15472     18 |        0 |     15484     67496 |
|    264719 |    3404   297740 25435009 |    35213    17132     16 |        0 |     15674     67874 |
|    363719 |    3404   298214 25446145 |    41219    22138     28 |        0 |     15916     68348 |
|    512058 |    3404   298764 25462753 |    48415    37873     60 |        0 |     16299     68898 |
|    734840 |    3404   299863 25496475 |    58012    50252     64 |        0 |     16933     69997 |
|   1070223 |    3404   302721 25565982 |    70021    68644     71 |        0 |     17900     72855 |
|   1572201 |    3404   305911 25642962 |    85619    68820     58 |        0 |     19409     76045 |
|   2324216 |    3404   309744 25742481 |   104816    64032     45 |        0 |     20985     79878 |
|   3471538 |    3404   334792 26222067 |   127623   113161     67 |        0 |     25924    104926 |
|   5372345 |    3404   552188 30244099 |   160033    80778     25 |        0 |     57013    322322 |
|   8333643 |    3404   988370 38494089 |   198440   184483     56 |        0 |    145823    758504 |
|  12174444 |    3404  1041496 39760515 |   240423   196267     48 |        0 |    153873    811630 |
|  18268743 |    3404  1454283 47425734 |   294428   287571     59 |        0 |    202757   1224417 |
=====================================================================================================
Number of solutions   : 1
Canonical subgraphs   : 319395         (9 /sec)
          order  3    : 1              (166667 /sec)
          order  4    : 1              (333333 /sec)
          order  5    : 1              (250000 /sec)
          order  6    : 1              (52632 /sec)
          order  7    : 1              (8264 /sec)
          order  8    : 2              (1364 /sec)
          order  9    : 7              (353 /sec)
          order 10    : 28             (105 /sec)
          order 11    : 90             (26 /sec)
          order 12    : 435            (7 /sec)
          order 13    : 2282           (6 /sec)
          order 14    : 17778          (8 /sec)
          order 15    : 291815         (9 /sec)
          order 16    : 6080           (6 /sec)
          order 17    : 813            (4 /sec)
          order 18    : 38             (4 /sec)
          order 19    : 19             (3 /sec)
          order 20    : 1              (6 /sec)
          order 21    : 1              (6 /sec)
          order 22    : 1              (1 /sec)
Noncanonical subgraphs: 2444596        (78 /sec)
          order  3    : 0              (-nan /sec)
          order  4    : 0              (-nan /sec)
          order  5    : 0              (-nan /sec)
          order  6    : 0              (-nan /sec)
          order  7    : 0              (-nan /sec)
          order  8    : 0              (-nan /sec)
          order  9    : 0              (-nan /sec)
          order 10    : 0              (-nan /sec)
          order 11    : 0              (-nan /sec)
          order 12    : 0              (-nan /sec)
          order 13    : 8473           (8368 /sec)
          order 14    : 42440          (2784 /sec)
          order 15    : 502956         (443 /sec)
          order 16    : 1882559        (63 /sec)
          order 17    : 8066           (53 /sec)
          order 18    : 96             (48 /sec)
          order 19    : 6              (21 /sec)
          order 20    : 0              (-nan /sec)
          order 21    : 0              (-nan /sec)
Canonicity checking   : 35347.8 s
Noncanonicity checking: 31366.8 s
Total canonicity time : 66714.6 s
database reductions   : 297
restarts              : 36862
conflicts             : 26996428       (335 /sec)
decisions             : 36017020       (0.00 % random) (447 /sec)
propagations          : 1378224473     (17087 /sec)
conflict literals     : 2728754424     (58.47 % deleted)
actual reward         : 0.239378
Memory used           : 1071.00 MB
CPU time              : 80658.7 s

UNSATISFIABLE
