c --- [ banner ] -------------------------------------------------------------
c 
c CaDiCaL Radically Simplified CDCL SAT Solver
c Copyright (c) 2016-2021 A. Biere, M. Fleury, N. Froleyks
c 
c Version 1.5.2 a5f15211db36c3956764e18194dd5bd63bf3b5e6
c g++ (GCC) 9.3.0 -Wall -Wextra -O3 -DNDEBUG
c Fri Oct 21 01:27:37 EDT 2022 Linux gra-login3 3.10.0-1160.66.1.el7.x86_64 x86_64
c 
c --- [ limit ] --------------------------------------------------------------
c 
c setting conflict limit to 200000 conflicts (due to '200000')
c 
c --- [ parsing input ] ------------------------------------------------------
c 
c reading DIMACS file from '33.cubes2255.adj'
c opening file to read '33.cubes2255.adj'
c found 'p cnf 6160 1595475' header
c parsed 1595475 clauses in 19.07 seconds process time
c closing file '33.cubes2255.adj'
c after reading 1457566775 bytes 1390.0 MB
c 
c --- [ options ] ------------------------------------------------------------
c 
c all options are set to their default value
c 
c --- [ solving ] ------------------------------------------------------------
c 
c time measured in process time since initialization
c 
c  seconds    reductions  redundant   irredundant
c          MB     restarts       trail       variables
c            level   conflicts       glue         remaining
c 
c * 19.07 1382  0 0   0    0    0  0% 0 1595422 2346 38%
c { 19.62 1415  0 0   0    0    0  0% 0 1595422 2346 38%
c i 23.59 1509 404 0  11   82   63 27% 10 1595422 2345 38%
c i 25.08 1518 286 0  23  134  106 27% 23 1595422 2344 38%
c i 25.08 1518 284 0  23  136  107 27% 23 1595422 2343 38%
c i 25.10 1518 281 0  24  138  108 27% 24 1595422 2342 38%
c i 25.12 1518 277 0  24  141  109 27% 24 1595422 2340 38%
c i 25.17 1518 270 0  25  147  113 27% 26 1595422 2339 38%
c i 25.68 1518 244 0  33  174  133 27% 30 1595422 2338 38%
c i 26.49 1524 215 0  44  212  153 27% 33 1595422 2337 38%
c i 26.74 1524 212 0  46  220  157 27% 33 1595422 2336 38%
c i 27.50 1525 202 0  53  247  181 27% 33 1595422 2334 38%
c i 27.65 1525 200 0  54  254  185 27% 33 1595422 2331 38%
c i 27.83 1526 188 0  56  277  204 27% 33 1595422 2330 38%
c - 31.72 1470 179 1  56  301  214 27% 32 260924 2330 38%
c i 32.27 1358 157 1  56  357  254 27% 29 260924 2329 38%
c i 32.29 1358 156 1  56  364  260 27% 29 260924 2328 38%
c i 32.29 1358 156 1  56  366  261 27% 29 260924 2327 38%
c i 32.30 1358 156 1  56  367  261 27% 29 260924 2326 38%
c i 32.47 1358 153 1  59  390  282 27% 31 260924 2325 38%
c 
c  seconds     reductions  redundant   irredundant
c          MB      restarts       trail       variables
c             level   conflicts       glue         remaining
c 
c i 32.67 1358 152 1  62  401  292 27% 32 260924 2324 38%
c i 32.78 1358 151 1  65  416  306 27% 33 260924 2323 38%
c i 33.17 1358 146 1  72  443  329 28% 34 260924 2322 38%
c i 33.43 1358 140 1  79  475  355 27% 34 260924 2321 38%
c i 33.80 1359 104 1  83  760  595 29% 33 260924 2320 38%
c i 33.98 1359 97 1  86  851  665 29% 33 260924 2319 38%
c i 34.59 1359 90 1  97 1001  769 29% 33 260924 2318 38%
c } 34.59 1359 90 1  97 1001  769 29% 33 260924 2318 38%
c [ 34.59 1359  0 1  97 1001  769  0% 0 260924 2318 38%
c O 34.59 1359  1 1  97 1002  769 12% 0 260924 2318 38%
c i 34.59 1359  1 1  97 1002  769 12% 0 260924 2302 37%
c i 35.00 1359 26 1  97 1059  818 31% 16 260924 2301 37%
c i 35.05 1359 29 1  97 1084  834 31% 21 260924 2300 37%
c i 35.10 1359 30 1  97 1121  853 32% 22 260924 2299 37%
c i 35.11 1359 30 1  97 1130  861 32% 22 260924 2298 37%
c - 35.65 1480 30 2  97 1150  797 32% 22 260658 2298 37%
c i 35.89 1480 28 2  97 1212  836 32% 22 260658 2297 37%
c i 36.17 1480 24 2  97 1830 1144 32% 20 260658 2296 37%
c i 36.31 1480 23 2  98 2199 1330 32% 20 260658 2295 37%
c i 36.31 1480 23 2  98 2201 1329 32% 20 260658 2294 37%
c 
c  seconds    reductions  redundant   irredundant
c          MB     restarts       trail       variables
c            level   conflicts       glue         remaining
c 
c i 36.34 1480 23 2  98 2266 1368 32% 20 260658 2293 37%
c i 36.36 1480 23 2  98 2286 1385 32% 20 260658 2292 37%
c i 36.41 1480 23 2  98 2396 1448 32% 20 260658 2291 37%
c - 36.75 1479 23 3  98 2425 1053 32% 20 260637 2291 37%
c i 37.02 1479 22 3  98 2445 1061 53% 20 260637 2290 37%
c i 37.08 1479 22 3  98 2507 1089 53% 20 260637 2289 37%
c i 37.09 1479 22 3  98 2513 1091 53% 20 260637 2288 37%
c ] 37.27 1479 22 3  98 3002 1396 56% 20 260637 2288 37%
c { 37.27 1479 90 3  98 3002 1396 77% 33 260637 2288 37%
c F 37.30 1479 90 3  98 3003 1397 77% 33 260637 2288 37%
c i 37.55 1479 88 3  98 3043 1434 76% 32 260637 2287 37%
c i 37.99 1479 79 3 106 3313 1655 71% 32 260637 2286 37%
c i 38.48 1479 75 3 116 3516 1842 68% 32 260637 2285 37%
c i 38.51 1479 74 3 117 3547 1869 67% 32 260637 2284 37%
c i 39.79 1479 70 3 158 4049 2263 63% 33 260637 2283 37%
c i 39.79 1479 70 3 158 4056 2268 63% 33 260637 2282 37%
c i 39.80 1479 69 3 158 4068 2279 62% 33 260637 2281 37%
c - 40.41 1477 69 4 165 4124 1760 62% 33 260607 2281 37%
c i 40.65 1477 68 4 165 4221 1828 61% 33 260607 2280 37%
c i 41.54 1477 66 4 180 4560 2095 60% 33 260607 2279 37%
c 
c  seconds    reductions  redundant   irredundant
c          MB     restarts       trail       variables
c            level   conflicts       glue         remaining
c 
c 2 45.18 1477 69 4 271 5000 3397 58% 36 260591 2269 37%
c p 53.16 1477 69 4 271 5000 5902 58% 36 260591 2223 36%
c d 53.58 1477 69 4 271 5000 5860 58% 36 260438 2220 36%
c # 55.19 1477 60 4 298 6005 6621 56% 34 260438 2220 36%
c - 55.52 1360 58 5 298 6248 2566 56% 33 260438 2220 36%
c } 55.72 1360 52 5 298 7003 3099 55% 30 260438 2220 36%
c [ 55.72 1360 22 5 298 7003 3099 56% 20 260438 2220 36%
c - 56.25 1360 26 6 299 8803 2864 52% 22 260438 2220 36%
c I 56.77 1360 26 6 300 10009 3712 52% 22 260438 2220 36%
c - 59.09 1361 34 7 302 11776 3572 50% 28 260438 2220 36%
c 2 62.30 1361 37 7 303 15000 6906 49% 31 260436 2220 36%
c p 64.68 1361 37 7 303 15000 9444 49% 31 260436 2220 36%
c ] 64.80 1361 37 7 303 15003 9447 49% 31 260436 2220 36%
c { 64.80 1361 52 7 303 15003 9447 55% 30 260436 2220 36%
c B 64.85 1361 52 7 303 15013 9456 55% 30 260436 2220 36%
c - 65.69 1361 52 8 312 15178 4185 55% 30 260436 2220 36%
c s 66.75 1361 40 8 327 18820 6471 53% 26 258137 2220 36%
c v 71.38 1361 40 8 327 18820 6471 53% 26 258113 2220 36%
c t 71.63 1361 40 8 327 18820 6451 53% 26 258106 2220 36%
c e 72.80 1362 40 8 327 18820 6293 53% 26 255353 851 14%
c 
c  seconds    reductions   redundant   irredundant
c          MB     restarts        trail       variables
c            level    conflicts       glue        remaining
c 
c s 72.90 1362 40 8 327 18820 6293 53% 26 252754 851 14%
c - 74.58 1362 40 9 327 19001 4317 77% 26 252754 851 14%
c W 76.05 1362 37 9 357 21014 5836 76% 25 252754 851 14%
c - 77.34 1362 36 10 361 23219 5089 76% 24 252754 851 14%
c - 80.77 1362 32 11 424 27849 5398 75% 22 252754 851 14%
c F 80.85 1362 32 11 424 28015 5469 75% 22 252754 851 14%
c 2 88.54 1362 33 11 640 30000 7437 75% 22 252753 851 14%
c p 93.15 1362 33 11 640 30000 8956 75% 22 252753 850 14%
c } 93.82 1362 33 11 640 31003 9631 75% 22 252753 850 14%
c [ 93.82 1362 37 11 640 31003 9631 133% 31 252753 850 14%
c - 94.67 1362 35 12 640 32902 6442 122% 30 252750 850 14%
c B 96.30 1362 35 12 643 36017 8505 112% 29 252750 850 14%
c - 97.54 1362 36 13 644 38373 7410 106% 30 252750 850 14%
c - 99.85 1362 39 14 647 44266 8191 97% 32 252750 850 14%
c W 101.42 1362 39 14 647 45018 8770 96% 32 252750 850 14%
c p 105.63 1362 38 14 648 50001 14735 92% 32 252750 850 14%
c - 106.20 1362 38 15 648 50578 8741 92% 32 252750 850 14%
c s 106.65 1362 38 15 648 51680 9332 91% 31 250711 850 14%
c v 109.96 1362 38 15 648 51680 9332 91% 31 250698 850 14%
c w 110.09 1362 38 15 648 51680 9332 91% 31 250698 850 14%
c 
c  seconds     reductions    redundant   irredundant
c           MB      restarts        trail       variables
c             level     conflicts       glue        remaining
c 
c t 110.09 1362 38 15 648 51680 9331 91% 31 250697 850 14%
c s 111.37 1362 38 15 648 51680 9331 91% 31 247944 850 14%
c O 113.84 1362 38 15 649 55020 11539 90% 31 247944 850 14%
c ] 114.05 1362 37 15 650 55816 12037 89% 31 247944 850 14%
c 1 114.05 1362 37 15 650 55816 12037 89% 31 247944 850 14%
c 
c --- [ writing output ] -----------------------------------------------------
c 
c writing simplified CNF to DIMACS file 'simp/33.cubes2255.adj.simp1'
c * 114.05 1362 37 15 650 55816 12037 89% 31 247944 850 14%
c opening file to write 'simp/33.cubes2255.adj.simp1'
c writing 'p cnf 6160 247944' header
c closing file 'simp/33.cubes2255.adj.simp1'
c after writing 130334061 bytes 124.3 MB
c wrote 247944 clauses in 0.99 seconds process time
c 
c --- [ writing extension ] --------------------------------------------------
c 
c writing extension stack to 'simp/33.cubes2255.adj.ext1'
c opening file to write 'simp/33.cubes2255.adj.ext1'
c closing file 'simp/33.cubes2255.adj.ext1'
c after writing 90418 bytes 0.1 MB
c wrote 3980 witnesses in 0.00 seconds process time
c 
c --- [ result ] -------------------------------------------------------------
c 
s SATISFIABLE
c 
c --- [ run-time profiling ] -------------------------------------------------
c 
c process time taken by individual solving procedures
c (percentage relative to process time for solving)
c 
c        63.52   66.87% search
c        41.43   43.62% unstable
c        31.46   33.13% simplify
c        20.33   21.40% stable
c        19.07   20.07% parse
c        17.17   18.08% probe
c         8.26    8.69% vivify
c         4.41    4.64% elim
c         1.21    1.27% walk
c         0.55    0.58% lucky
c         0.46    0.48% subsume
c         0.16    0.17% ternary
c   =================================
c        94.98   82.56% solve
c 
c last line shows process time for solving
c (percentage relative to total process time)
c 
c --- [ statistics ] ---------------------------------------------------------
c 
c chronological:             10235        18.34 %  of conflicts
c conflicts:                 55816       587.64    per second
c decisions:                119788      1261.14    per second
c eliminated:                 1369        22.22 %  of all variables
c fixed:                       789        12.81 %  of all variables
c learned:                   54673        97.95 %  per conflict
c learned_lits:           11268338       100.00 %  learned literals
c minimized:                     0         0.00 %  learned literals
c shrunken:                6862822        60.90 %  learned literals
c minishrunken:             845868         7.51 %  learned literals
c propagations:            4753600         0.05 M  per second
c reduced:                   26923        48.24 %  per conflict
c rephased:                     10      5581.60    interval
c restarts:                    650        85.87    interval
c stabilizing:                   3        62.37 %  of conflicts
c substituted:                   8         0.13 %  of all variables
c subsumed:                  25306         0.74 %  of all clauses
c strengthened:               6137         0.18 %  of all clauses
c ternary:                    2845         0.64 %  of resolved
c vivified:                     55         0.00 %  of all clauses
c walked:                        2     27908.00    interval
c weakened:                   3191         3.10    average size
c 
c seconds are measured in process time for solving
c 
c --- [ resources ] ----------------------------------------------------------
c 
c total process time since initialization:       115.04    seconds
c total real time since initialization:          115.56    seconds
c maximum resident set size of process:         1600.16    MB
c 
c --- [ shutting down ] ------------------------------------------------------
c 
c exit 10
WARNING! DIMACS header mismatch: wrong number of variables.
============================[ Problem Statistics ]=============================
|                                                                             |
|  Number of variables:          3251                                         |
|  Number of clauses:          247944                                         |
|  Parse time:                   1.67 s                                       |
|  Simplification time:          0.03 s                                       |
|                                                                             |
============================[ Search Statistics ]====================================================
| Conflicts |          ORIGINAL         |          LEARNT          | Num Sols |      SUBGRAPHS      |
|           |    Vars  Clauses Literals |    Limit  Clauses Lit/Cl |          | Canonical Noncanon. |
=====================================================================================================
|       100 |    3159   247944 27778828 |     2000      100    134 |        0 |        12         0 |
|       253 |    3159   247947 27778872 |     2000      253    117 |        0 |        19         3 |
|       479 |    3159   247948 27778888 |     2000      479    120 |        0 |        26         4 |
|       818 |    3159   247950 27778929 |     2000      818    114 |        0 |        34         6 |
|      1331 |    3159   247957 27779139 |     2000     1331    109 |        0 |        45        13 |
|      2355 |    3159   248222 27783581 |     3601     1356     61 |        0 |       140       278 |
|      3544 |    3159   248272 27785010 |     3601     2545     87 |        0 |       153       328 |
|      5658 |    3159   248678 27792983 |     5001     2859     71 |        0 |       272       734 |
|      8484 |    3159   248942 27798134 |     6305     3189     45 |        0 |       310       998 |
|     12402 |    3159   249016 27800003 |     7555     3957     47 |        0 |       355      1072 |
|     19675 |    3159   250523 27823391 |     8778     7453     72 |        0 |       573      2579 |
|     29165 |    3159   251364 27838072 |    11202     7567     49 |        0 |       788      3420 |
|     42278 |    3159   251503 27841231 |    13612     8890     46 |        0 |       867      3559 |
|     62455 |    3159   252219 27855012 |    16011    14866     64 |        0 |      1112      4275 |
|     92095 |    3159   252667 27863308 |    19615    18710     62 |        0 |      1227      4723 |
|    137412 |    3159   254195 27893581 |    24413    21225     60 |        0 |      1545      6251 |
|    204993 |    3159   256092 27933036 |    30415    21808     56 |        0 |      2023      8148 |
|    305527 |    3159   258100 27973104 |    37613    22140     34 |        0 |      2387     10156 |
|    464433 |    3159   269217 28182151 |    46016    36849     53 |       11 |      4133     21262 |
|    695518 |    3159   278619 28373739 |    56816    39334     41 |       15 |      5711     30660 |
|   1039599 |    3159   290175 28619664 |    70032    38031     26 |       20 |      7882     42211 |
|   1545199 |    3159   296987 28789247 |    84418    84017     62 |       20 |      8780     49023 |
|   2400243 |    3159   403849 30788287 |   106034    87677     49 |       27 |     12741    155878 |
|   3544726 |    3159   426058 31232087 |   128827   122553     62 |       27 |     16314    178087 |
|   5272682 |    3159   470603 32119515 |   157621   139303     54 |       27 |     27489    222632 |
|   7828018 |    3159   500823 32729111 |   192436   165854     55 |       31 |     36050    252848 |
|  11627947 |    3159   513077 33011021 |   235621   124568     26 |       50 |     40851    265083 |
|  17321893 |    3159   525511 33347105 |   287232   211325     49 |       63 |     47130    277504 |
|  25859538 |    3158   540850 33753272 |   350827   311365     52 |       65 |     54518    292878 |
|  38668006 |    3126   256661 23689713 |   344520   170926     44 |       80 |     64885    317928 |
=====================================================================================================
Number of solutions   : 82
Canonical subgraphs   : 67849          (6 /sec)
          order  3    : 1              (200000 /sec)
          order  4    : 1              (500000 /sec)
          order  5    : 1              (200000 /sec)
          order  6    : 1              (52632 /sec)
          order  7    : 1              (8333 /sec)
          order  8    : 2              (1361 /sec)
          order  9    : 4              (240 /sec)
          order 10    : 9              (46 /sec)
          order 11    : 37             (13 /sec)
          order 12    : 175            (8 /sec)
          order 13    : 842            (8 /sec)
          order 14    : 7749           (10 /sec)
          order 15    : 14875          (7 /sec)
          order 16    : 22670          (6 /sec)
          order 17    : 16516          (5 /sec)
          order 18    : 3575           (5 /sec)
          order 19    : 615            (4 /sec)
          order 20    : 354            (4 /sec)
          order 21    : 339            (4 /sec)
          order 22    : 82             (0 /sec)
Noncanonical subgraphs: 323163         (283 /sec)
          order  3    : 0              (-nan /sec)
          order  4    : 0              (-nan /sec)
          order  5    : 0              (-nan /sec)
          order  6    : 0              (-nan /sec)
          order  7    : 0              (-nan /sec)
          order  8    : 0              (-nan /sec)
          order  9    : 0              (-nan /sec)
          order 10    : 0              (-nan /sec)
          order 11    : 0              (-nan /sec)
          order 12    : 0              (-nan /sec)
          order 13    : 1882           (15763 /sec)
          order 14    : 21527          (2947 /sec)
          order 15    : 239507         (418 /sec)
          order 16    : 40774          (357 /sec)
          order 17    : 8478           (148 /sec)
          order 18    : 10653          (34 /sec)
          order 19    : 55             (15 /sec)
          order 20    : 1              (2755 /sec)
          order 21    : 1              (2577 /sec)
Canonicity checking   : 11876.4 s
Noncanonicity checking: 1143.67 s
Total canonicity time : 13020.1 s
database reductions   : 373
restarts              : 59388
conflicts             : 42498646       (1210 /sec)
decisions             : 54065306       (0.00 % random) (1540 /sec)
propagations          : 1961177210     (55861 /sec)
conflict literals     : 4377090324     (59.15 % deleted)
actual reward         : 0.286472
Memory used           : 660.00 MB
CPU time              : 35108.5 s

UNSATISFIABLE
