c --- [ banner ] -------------------------------------------------------------
c 
c CaDiCaL Radically Simplified CDCL SAT Solver
c Copyright (c) 2016-2021 A. Biere, M. Fleury, N. Froleyks
c 
c Version 1.5.2 a5f15211db36c3956764e18194dd5bd63bf3b5e6
c g++ (GCC) 9.3.0 -Wall -Wextra -O3 -DNDEBUG
c Fri Oct 21 01:27:37 EDT 2022 Linux gra-login3 3.10.0-1160.66.1.el7.x86_64 x86_64
c 
c --- [ limit ] --------------------------------------------------------------
c 
c setting conflict limit to 200000 conflicts (due to '200000')
c 
c --- [ parsing input ] ------------------------------------------------------
c 
c reading DIMACS file from '33.cubes801.adj'
c opening file to read '33.cubes801.adj'
c found 'p cnf 6160 1595477' header
c parsed 1595477 clauses in 18.90 seconds process time
c closing file '33.cubes801.adj'
c after reading 1457566786 bytes 1390.0 MB
c 
c --- [ options ] ------------------------------------------------------------
c 
c all options are set to their default value
c 
c --- [ solving ] ------------------------------------------------------------
c 
c time measured in process time since initialization
c 
c  seconds    reductions  redundant   irredundant
c          MB     restarts       trail       variables
c            level   conflicts       glue         remaining
c 
c * 18.90 1359  0 0   0    0    0  0% 0 1595422 2400 39%
c { 19.55 1402  0 0   0    0    0  0% 0 1595422 2400 39%
c i 19.75 1414 1059 0   0   13   11 35% 1 1595422 2390 39%
c i 21.07 1471 763 0   1   20   16 32% 4 1595422 2386 39%
c i 21.77 1476 396 0   2   38   28 25% 4 1595422 2378 39%
c i 21.86 1479 385 0   2   39   28 25% 4 1595422 2377 39%
c i 22.39 1487 252 0   8   71   50 25% 16 1595422 2368 38%
c i 23.50 1496 233 0  16  117   86 25% 45 1595422 2366 38%
c i 23.77 1497 230 0  21  131   99 25% 46 1595422 2365 38%
c i 23.86 1497 225 0  23  140  107 25% 45 1595422 2364 38%
c i 24.77 1503 218 0  25  178  134 25% 39 1595422 2361 38%
c i 24.79 1503 218 0  25  180  135 25% 39 1595422 2360 38%
c i 24.79 1503 218 0  25  182  136 25% 40 1595422 2359 38%
c i 24.82 1503 217 0  25  184  137 25% 39 1595422 2358 38%
c i 25.16 1506 210 0  28  206  156 25% 42 1595422 2357 38%
c i 25.36 1506 195 0  28  224  173 26% 41 1595422 2356 38%
c i 26.04 1507 166 0  28  280  220 26% 40 1595422 2355 38%
c - 30.23 1425 158 1  28  300  234 26% 39 417152 2355 38%
c i 30.71 1382 150 1  28  333  263 26% 39 417152 2354 38%
c i 30.79 1382 147 1  28  346  275 26% 39 417152 2353 38%
c 
c  seconds     reductions  redundant   irredundant
c          MB      restarts       trail       variables
c             level   conflicts       glue         remaining
c 
c i 30.88 1382 143 1  28  358  278 26% 38 417152 2352 38%
c i 30.88 1382 143 1  28  359  278 26% 38 417152 2351 38%
c i 31.11 1382 138 1  28  381  298 26% 37 417152 2350 38%
c i 31.12 1382 137 1  28  383  299 26% 37 417152 2349 38%
c i 31.32 1382 129 1  28  427  337 27% 38 417152 2348 38%
c i 31.45 1382 121 1  28  476  379 27% 37 417152 2347 38%
c i 31.48 1382 120 1  28  494  386 27% 37 417152 2346 38%
c i 31.48 1382 119 1  28  499  390 27% 37 417152 2345 38%
c i 31.70 1382 106 1  28  629  491 27% 37 417152 2344 38%
c i 31.71 1382 105 1  28  635  494 27% 37 417152 2343 38%
c i 31.73 1382 104 1  28  649  504 27% 37 417152 2342 38%
c i 31.82 1382 103 1  28  663  516 27% 37 417152 2341 38%
c i 31.88 1382 102 1  28  670  522 27% 37 417152 2340 38%
c i 31.94 1382 102 1  28  682  533 27% 37 417152 2339 38%
c i 32.06 1382 99 1  30  721  565 28% 38 417152 2338 38%
c i 32.11 1382 98 1  31  731  574 28% 37 417152 2337 38%
c i 32.33 1382 95 1  38  789  620 28% 38 417152 2336 38%
c i 32.34 1382 95 1  38  790  620 28% 38 417152 2335 38%
c i 32.34 1382 95 1  38  791  620 28% 38 417152 2334 38%
c i 32.35 1382 95 1  38  792  620 28% 38 417152 2333 38%
c 
c  seconds    reductions  redundant   irredundant
c          MB     restarts       trail       variables
c            level   conflicts       glue         remaining
c 
c i 32.41 1382 93 1  38  833  658 28% 38 417152 2332 38%
c i 32.48 1382 91 1  38  871  686 28% 38 417152 2331 38%
c i 32.52 1382 90 1  38  884  692 28% 38 417152 2330 38%
c } 32.74 1382 85 1  38 1001  784 28% 37 417152 2330 38%
c [ 32.74 1382  0 1  38 1001  784  0% 0 417152 2330 38%
c O 32.76 1382  4 1  38 1002  785 14% 4 417152 2330 38%
c i 32.78 1382  3 1  38 1006  786 14% 3 417152 2318 38%
c i 33.06 1383 19 1  38 1032  808 31% 16 417152 2317 38%
c i 33.09 1383 19 1  38 1044  816 32% 16 417152 2316 38%
c i 33.14 1383 19 1  38 1051  821 32% 16 417152 2315 38%
c i 33.17 1383 19 1  38 1062  829 32% 17 417152 2314 38%
c i 33.18 1383 19 1  38 1063  829 32% 16 417152 2313 38%
c i 33.18 1383 19 1  38 1066  831 32% 16 417152 2312 38%
c i 33.20 1383 19 1  38 1076  840 32% 16 417152 2311 38%
c i 33.22 1383 19 1  38 1085  843 32% 16 417152 2310 38%
c i 33.22 1383 19 1  38 1087  844 32% 16 417152 2309 37%
c i 33.27 1383 19 1  38 1126  874 33% 16 417152 2308 37%
c i 33.30 1383 18 1  38 1169  912 33% 16 417152 2307 37%
c i 33.31 1383 18 1  38 1172  911 33% 16 417152 2306 37%
c i 33.33 1383 18 1  38 1177  913 33% 16 417152 2305 37%
c 
c  seconds    reductions  redundant   irredundant
c          MB     restarts       trail       variables
c            level   conflicts       glue         remaining
c 
c - 34.27 1560 20 2  38 1273  882 33% 18 416861 2305 37%
c i 34.51 1560 20 2  38 1299  895 32% 18 416861 2304 37%
c i 34.52 1560 20 2  38 1305  898 32% 18 416861 2303 37%
c i 34.55 1560 20 2  38 1320  906 32% 18 416861 2302 37%
c i 34.57 1560 20 2  38 1330  910 32% 17 416861 2301 37%
c i 34.57 1560 20 2  38 1332  910 32% 17 416861 2300 37%
c i 34.57 1560 20 2  38 1335  910 32% 17 416861 2299 37%
c i 34.59 1560 20 2  38 1346  919 32% 17 416861 2298 37%
c i 34.78 1560 21 2  38 1478 1007 32% 18 416861 2297 37%
c i 34.85 1560 21 2  38 1571 1055 32% 18 416861 2296 37%
c i 34.89 1560 21 2  38 1590 1066 32% 18 416861 2295 37%
c i 34.89 1560 21 2  38 1597 1071 32% 18 416861 2294 37%
c i 34.90 1560 21 2  38 1600 1073 32% 19 416861 2293 37%
c i 34.90 1560 21 2  38 1602 1074 32% 18 416861 2292 37%
c - 36.63 1557 23 3  39 2730 1219 31% 20 416822 2292 37%
c i 37.34 1557 22 3  39 2853 1277 54% 20 416822 2291 37%
c i 37.40 1557 22 3  39 2874 1290 53% 20 416822 2290 37%
c i 37.45 1557 22 3  39 2900 1307 52% 20 416822 2289 37%
c ] 37.67 1557 22 3  39 3003 1364 51% 20 416822 2289 37%
c { 37.67 1557 85 3  39 3003 1364 75% 37 416822 2289 37%
c 
c  seconds    reductions  redundant   irredundant
c          MB     restarts       trail       variables
c            level   conflicts       glue         remaining
c 
c F 37.75 1557 85 3  39 3004 1365 75% 37 416822 2289 37%
c i 38.02 1557 83 3  39 3032 1389 74% 36 416822 2288 37%
c i 38.02 1557 82 3  39 3033 1389 74% 36 416822 2287 37%
c i 38.05 1557 81 3  39 3050 1401 73% 36 416822 2286 37%
c i 38.13 1557 81 3  39 3055 1401 73% 36 416822 2285 37%
c i 38.75 1557 80 3  44 3170 1499 70% 36 416822 2284 37%
c i 38.91 1557 76 3  44 3316 1615 67% 35 416822 2283 37%
c i 39.42 1557 73 3  51 3440 1720 65% 34 416822 2282 37%
c i 39.47 1557 73 3  51 3446 1725 65% 34 416822 2281 37%
c i 39.71 1557 72 3  53 3488 1763 65% 34 416822 2280 37%
c i 39.73 1557 72 3  53 3492 1766 65% 34 416822 2279 37%
c i 40.08 1557 75 3  56 3542 1806 64% 35 416822 2278 37%
c i 40.20 1557 73 3  59 3589 1826 63% 34 416822 2277 37%
c i 40.21 1557 73 3  59 3590 1826 63% 34 416822 2276 37%
c i 40.21 1557 73 3  59 3591 1826 63% 34 416822 2275 37%
c i 40.21 1557 73 3  59 3592 1826 63% 34 416822 2274 37%
c i 40.23 1557 73 3  59 3603 1834 63% 34 416822 2273 37%
c i 40.36 1557 72 3  59 3626 1855 62% 34 416822 2272 37%
c i 40.47 1557 72 3  59 3674 1893 62% 34 416822 2271 37%
c i 40.56 1557 71 3  59 3701 1913 62% 33 416822 2270 37%
c 
c  seconds    reductions  redundant   irredundant
c          MB     restarts       trail       variables
c            level   conflicts       glue         remaining
c 
c i 40.61 1557 70 3  59 3717 1926 62% 33 416822 2269 37%
c } 40.74 1557 69 3  59 3787 1974 61% 33 416822 2269 37%
c 1 40.74 1557 69 3  59 3787 1974 61% 33 416822 2269 37%
c 
c --- [ writing output ] -----------------------------------------------------
c 
c writing simplified CNF to DIMACS file 'simp/33.cubes801.adj.simp1'
c * 40.74 1557 69 3  59 3787 1974 61% 33 416822 2269 37%
c opening file to write 'simp/33.cubes801.adj.simp1'
c writing 'p cnf 6160 416753' header
c closing file 'simp/33.cubes801.adj.simp1'
c after writing 191353540 bytes 182.5 MB
c wrote 416753 clauses in 1.44 seconds process time
c 
c --- [ writing extension ] --------------------------------------------------
c 
c writing extension stack to 'simp/33.cubes801.adj.ext1'
c opening file to write 'simp/33.cubes801.adj.ext1'
c closing file 'simp/33.cubes801.adj.ext1'
c after writing 11092 bytes 0.0 MB
c wrote 747 witnesses in 0.00 seconds process time
c 
c --- [ result ] -------------------------------------------------------------
c 
s SATISFIABLE
c 
c --- [ run-time profiling ] -------------------------------------------------
c 
c process time taken by individual solving procedures
c (percentage relative to process time for solving)
c 
c        21.84  100.00% search
c        18.90   86.55% parse
c        16.27   74.49% unstable
c         4.93   22.56% stable
c         0.64    2.95% lucky
c         0.00    0.00% simplify
c   =================================
c        21.84   51.77% solve
c 
c last line shows process time for solving
c (percentage relative to total process time)
c 
c --- [ statistics ] ---------------------------------------------------------
c 
c chronological:               891        23.53 %  of conflicts
c conflicts:                  3787       173.41    per second
c decisions:                 15873       726.83    per second
c fixed:                       747        12.13 %  of all variables
c learned:                    3691        97.47 %  per conflict
c learned_lits:             670257       100.00 %  learned literals
c minimized:                     0         0.00 %  learned literals
c shrunken:                 420989        62.81 %  learned literals
c minishrunken:              42219         6.30 %  learned literals
c propagations:             552749         0.03 M  per second
c reduced:                     647        17.08 %  per conflict
c rephased:                      2      1893.50    interval
c restarts:                     59        64.19    interval
c stabilizing:                   1        52.87 %  of conflicts
c subsumed:                    969         0.03 %  of all clauses
c 
c seconds are measured in process time for solving
c 
c --- [ resources ] ----------------------------------------------------------
c 
c total process time since initialization:        42.19    seconds
c total real time since initialization:           42.42    seconds
c maximum resident set size of process:         1734.14    MB
c 
c --- [ shutting down ] ------------------------------------------------------
c 
c exit 10
WARNING! DIMACS header mismatch: wrong number of variables.
============================[ Problem Statistics ]=============================
|                                                                             |
|  Number of variables:          6120                                         |
|  Number of clauses:          416753                                         |
|  Parse time:                   2.52 s                                       |
|  Simplification time:          0.06 s                                       |
|                                                                             |
============================[ Search Statistics ]====================================================
| Conflicts |          ORIGINAL         |          LEARNT          | Num Sols |      SUBGRAPHS      |
|           |    Vars  Clauses Literals |    Limit  Clauses Lit/Cl |          | Canonical Noncanon. |
=====================================================================================================
|       103 |    6028   416756 41724642 |     2000      102    120 |        0 |        12         3 |
|       268 |    6027   416771 41724893 |     2000      266     88 |        0 |        36        18 |
|       494 |    6024   416772 41724907 |     2000      489     85 |        0 |        50        19 |
|       981 |    6019   416922 41728378 |     2000      971     72 |        0 |       109       169 |
|      1970 |    6010   417405 41739575 |     2000     1951     53 |        0 |       273       652 |
|      3014 |    6007   417690 41745278 |     3598     2009     47 |        0 |       371       937 |
|      4373 |    6006   417910 41749624 |     3598     3367     62 |        0 |       441      1157 |
|      6982 |    6004   418811 41763991 |     5000     4180     47 |        0 |       555      2058 |
|      9647 |    6003   418914 41766821 |     6310     4356     55 |        0 |       642      2161 |
|     13980 |    6000   419403 41777577 |     7563     5540     54 |        0 |       822      2650 |
|     20154 |    5999   419811 41787601 |     8784     7937     62 |        0 |      1127      3058 |
|     29918 |    5999   420926 41811684 |    11205     8323     53 |        0 |      1604      4173 |
|     45287 |    5998   423321 41856972 |    13606    11893     52 |        0 |      2327      6568 |
|     67889 |    5998   426462 41911079 |    17211    12300     42 |        0 |      3586      9709 |
|     98425 |    5997   427806 41934484 |    20809    15234     49 |        0 |      4671     11053 |
|    143355 |    5997   428947 41959118 |    25613    14968     39 |        0 |      6564     12194 |
|    212556 |    5997   432464 42022661 |    30405    29361     61 |        0 |     10154     15711 |
|    321429 |    5997   442715 42186440 |    38814    19243     31 |        0 |     16730     26058 |
|    478922 |    5997   452419 42391899 |    47220    28342     48 |        0 |     28408     35762 |
|    716079 |    5997   467893 42631360 |    58024    31503     39 |        0 |     46672     51236 |
|   1100444 |    5995   519730 43334266 |    71218    63862     68 |        0 |     80519    103076 |
|   1653038 |    5993   573527 44001022 |    88018    63456     47 |        0 |    123039    156882 |
=====================================================================================================
Number of solutions   : 0
Canonical subgraphs   : 173001         (61 /sec)
          order  3    : 1              (200000 /sec)
          order  4    : 1              (500000 /sec)
          order  5    : 1              (200000 /sec)
          order  6    : 1              (55556 /sec)
          order  7    : 1              (8929 /sec)
          order  8    : 2              (1366 /sec)
          order  9    : 9              (421 /sec)
          order 10    : 41             (134 /sec)
          order 11    : 184            (142 /sec)
          order 12    : 807            (181 /sec)
          order 13    : 3996           (143 /sec)
          order 14    : 25479          (91 /sec)
          order 15    : 61628          (67 /sec)
          order 16    : 45554          (54 /sec)
          order 17    : 22472          (47 /sec)
          order 18    : 10421          (45 /sec)
          order 19    : 1572           (51 /sec)
          order 20    : 415            (63 /sec)
          order 21    : 416            (63 /sec)
          order 22    : 0              (-nan /sec)
Noncanonical subgraphs: 236717         (509 /sec)
          order  3    : 0              (-nan /sec)
          order  4    : 0              (-nan /sec)
          order  5    : 0              (-nan /sec)
          order  6    : 0              (-nan /sec)
          order  7    : 0              (-nan /sec)
          order  8    : 0              (-nan /sec)
          order  9    : 0              (-nan /sec)
          order 10    : 0              (-nan /sec)
          order 11    : 0              (-nan /sec)
          order 12    : 0              (-nan /sec)
          order 13    : 5712           (8561 /sec)
          order 14    : 120825         (785 /sec)
          order 15    : 76804          (531 /sec)
          order 16    : 32648          (207 /sec)
          order 17    : 233            (355 /sec)
          order 18    : 48             (469 /sec)
          order 19    : 7              (597 /sec)
          order 20    : 1              (468 /sec)
          order 21    : 0              (-nan /sec)
Canonicity checking   : 2840.78 s
Noncanonicity checking: 464.653 s
Total canonicity time : 3305.43 s
database reductions   : 85
restarts              : 4095
conflicts             : 2333892        (438 /sec)
decisions             : 3077038        (0.00 % random) (577 /sec)
propagations          : 304184253      (57068 /sec)
conflict literals     : 240179424      (54.68 % deleted)
actual reward         : 0.112086
Memory used           : 619.00 MB
CPU time              : 5330.18 s

UNSATISFIABLE
