c --- [ banner ] -------------------------------------------------------------
c 
c CaDiCaL Radically Simplified CDCL SAT Solver
c Copyright (c) 2016-2021 A. Biere, M. Fleury, N. Froleyks
c 
c Version 1.5.2 a5f15211db36c3956764e18194dd5bd63bf3b5e6
c g++ (GCC) 9.3.0 -Wall -Wextra -O3 -DNDEBUG
c Fri Oct 21 01:27:37 EDT 2022 Linux gra-login3 3.10.0-1160.66.1.el7.x86_64 x86_64
c 
c --- [ limit ] --------------------------------------------------------------
c 
c setting conflict limit to 200000 conflicts (due to '200000')
c 
c --- [ parsing input ] ------------------------------------------------------
c 
c reading DIMACS file from '33.cubes5452.adj'
c opening file to read '33.cubes5452.adj'
c found 'p cnf 6160 1595479' header
c parsed 1595479 clauses in 19.45 seconds process time
c closing file '33.cubes5452.adj'
c after reading 1457566801 bytes 1390.0 MB
c 
c --- [ options ] ------------------------------------------------------------
c 
c all options are set to their default value
c 
c --- [ solving ] ------------------------------------------------------------
c 
c time measured in process time since initialization
c 
c  seconds    reductions  redundant   irredundant
c          MB     restarts       trail       variables
c            level   conflicts       glue         remaining
c 
c * 19.45 1378  0 0   0    0    0  0% 0 1595422 2332 38%
c { 20.48 1422  0 0   0    0    0  0% 0 1595422 2332 38%
c i 21.00 1438 925 0   0   62   53 31% 2 1595422 2324 38%
c i 22.16 1465 731 0   3   78   66 29% 3 1595422 2316 38%
c i 22.58 1471 680 0   5   84   71 29% 3 1595422 2315 38%
c i 23.02 1477 628 0   7   91   77 29% 6 1595422 2314 38%
c i 24.31 1487 449 0  17  130  105 28% 8 1595422 2312 38%
c i 24.32 1487 446 0  18  131  105 28% 8 1595422 2305 37%
c i 24.49 1487 434 0  18  135  108 28% 9 1595422 2304 37%
c i 25.05 1492 374 0  24  159  130 28% 13 1595422 2303 37%
c i 26.03 1497 317 0  33  190  159 28% 15 1595422 2302 37%
c i 26.51 1498 283 0  39  218  179 28% 16 1595422 2301 37%
c i 27.06 1500 222 0  44  282  213 27% 14 1595422 2300 37%
c i 27.22 1500 209 0  44  301  226 27% 14 1595422 2299 37%
c - 30.74 1436 209 1  44  301  224 27% 14 202978 2299 37%
c i 30.89 1436 208 1  44  303  224 27% 14 202978 2298 37%
c i 31.45 1436 156 1  55  427  320 28% 15 202978 2296 37%
c i 31.75 1436 155 1  58  468  354 28% 15 202978 2295 37%
c i 32.04 1436 150 1  64  499  380 28% 16 202978 2294 37%
c i 32.10 1436 146 1  68  511  388 28% 16 202978 2293 37%
c 
c  seconds     reductions  redundant   irredundant
c          MB      restarts       trail       variables
c             level   conflicts       glue         remaining
c 
c i 32.14 1436 142 1  70  530  401 28% 15 202978 2292 37%
c i 32.14 1436 141 1  70  531  401 28% 15 202978 2291 37%
c i 32.14 1436 141 1  70  532  401 28% 15 202978 2290 37%
c i 32.21 1436 135 1  75  563  425 28% 16 202978 2289 37%
c i 32.38 1436 134 1  79  581  442 28% 17 202978 2255 37%
c i 32.41 1436 132 1  82  592  450 28% 17 202978 2253 37%
c i 32.69 1436 126 1  94  642  494 28% 18 202978 2252 37%
c i 32.74 1437 126 1  95  647  497 28% 18 202978 2251 37%
c i 33.56 1437 117 1 126  774  599 28% 22 202978 2250 37%
c i 33.57 1437 116 1 127  778  602 28% 22 202978 2249 37%
c i 34.13 1437 112 1 143  855  666 28% 23 202978 2248 36%
c i 34.41 1437 110 1 150  884  688 28% 23 202978 2246 36%
c i 34.69 1437 108 1 155  923  713 28% 23 202978 2245 36%
c i 34.75 1437 108 1 155  931  720 28% 23 202978 2244 36%
c i 34.85 1437 108 1 158  943  730 28% 23 202978 2243 36%
c i 35.20 1437 107 1 164  967  752 28% 23 202978 2242 36%
c i 35.25 1437 106 1 165  984  764 28% 23 202978 2241 36%
c i 35.29 1437 106 1 165  992  771 28% 23 202978 2240 36%
c } 35.34 1437 105 1 165 1000  779 28% 23 202978 2240 36%
c [ 35.34 1437  0 1 165 1000  779  0% 0 202978 2240 36%
c 
c  seconds    reductions  redundant  irredundant
c          MB     restarts       trail      variables
c            level   conflicts       glue        remaining
c 
c O 35.35 1437  7 1 165 1002  781 19% 3 202978 2240 36%
c i 35.46 1437 15 1 165 1020  796 27% 9 202978 2239 36%
c i 35.53 1437 29 1 165 1055  823 30% 21 202978 2238 36%
c - 36.00 1449 29 2 165 1085  773 31% 22 186568 2238 36%
c i 36.07 1449 29 2 165 1103  788 31% 22 186568 2237 36%
c i 36.13 1449 29 2 165 1125  805 31% 22 186568 2236 36%
c i 36.16 1449 29 2 165 1133  812 31% 22 186568 2235 36%
c i 36.18 1449 29 2 165 1148  825 31% 22 186568 2234 36%
c i 36.20 1449 27 2 165 1179  851 31% 21 186568 2233 36%
c i 36.25 1449 25 2 165 1236  896 31% 19 186568 2232 36%
c i 36.28 1449 25 2 165 1294  944 31% 20 186568 2231 36%
c i 36.28 1449 25 2 165 1295  944 31% 19 186568 2230 36%
c i 36.32 1449 25 2 165 1370 1004 31% 20 186568 2229 36%
c i 36.47 1449 26 2 165 1539 1134 31% 21 186568 2228 36%
c i 36.50 1449 26 2 165 1581 1168 31% 21 186568 2227 36%
c i 36.51 1449 25 2 165 1595 1179 31% 21 186568 2226 36%
c - 36.99 1527 24 3 166 2228 1328 32% 20 186533 2226 36%
c ] 37.51 1450 22 3 166 3000 1850 53% 19 186533 2226 36%
c { 37.51 1450 105 3 166 3000 1850 77% 23 186533 2226 36%
c F 37.51 1450 104 3 166 3005 1855 77% 23 186533 2226 36%
c 
c  seconds     reductions  redundant   irredundant
c          MB      restarts       trail       variables
c             level   conflicts       glue         remaining
c 
c i 37.58 1450 103 3 166 3022 1871 76% 22 186533 2225 36%
c i 37.62 1450 99 3 166 3064 1909 75% 22 186533 2224 36%
c - 39.82 1353 82 4 267 3754 1774 64% 25 186528 2224 36%
c i 40.08 1353 77 4 276 4000 1954 62% 25 186528 2223 36%
c i 40.38 1353 77 4 288 4047 1995 62% 26 186528 2222 36%
c i 40.56 1353 77 4 299 4087 2033 62% 26 186528 2221 36%
c i 41.02 1353 77 4 315 4167 2088 61% 26 186528 2220 36%
c d 42.22 1353 62 4 315 5003 2671 57% 23 186503 2213 36%
c 2 42.28 1353 62 4 315 5003 3852 57% 23 186493 2213 36%
c p 48.48 1353 62 4 315 5003 8814 57% 23 186493 2160 35%
c d 48.79 1353 62 4 315 5003 8678 57% 23 186326 2155 35%
c - 50.04 1353 53 5 315 5660 2227 55% 21 186326 2155 35%
c # 50.23 1353 50 5 315 6010 2438 54% 20 186326 2155 35%
c } 52.33 1353 47 5 381 7003 3281 52% 20 186326 2155 35%
c [ 52.33 1353 22 5 381 7003 3281 53% 19 186326 2155 35%
c - 52.84 1354 27 6 382 7947 2983 51% 22 186326 2155 35%
c I 53.76 1354 30 6 383 10012 4559 50% 24 186326 2155 35%
c - 54.94 1355 32 7 384 10614 3611 50% 25 186326 2155 35%
c - 57.48 1355 40 8 386 13662 3919 50% 32 186326 2155 35%
c ] 59.56 1355 42 8 386 15005 4885 49% 34 186326 2155 35%
c 
c  seconds    reductions   redundant   irredundant
c          MB     restarts        trail       variables
c            level    conflicts       glue         remaining
c 
c { 59.56 1355 47 8 386 15005 4885 52% 20 186326 2155 35%
c 2 59.61 1355 47 8 386 15005 6162 52% 20 186326 2155 35%
c p 61.25 1355 47 8 386 15005 10936 52% 20 186326 2155 35%
c B 61.38 1355 47 8 388 15015 10945 52% 20 186326 2155 35%
c - 63.54 1355 38 9 405 17092 4525 51% 18 186326 2155 35%
c s 64.50 1355 34 9 407 18838 5338 50% 17 184539 2155 35%
c v 66.48 1355 34 9 407 18838 5338 50% 17 184522 2155 35%
c t 66.59 1355 34 9 407 18838 5326 50% 17 184504 2155 35%
c e 67.33 1357 34 9 407 18838 5088 50% 17 182277 910 15%
c s 67.42 1357 34 9 407 18838 5085 50% 17 181495 910 15%
c - 70.61 1357 32 10 521 20905 4896 71% 17 181495 910 15%
c W 70.81 1357 31 10 521 21016 4969 71% 17 181495 910 15%
c - 74.59 1357 29 11 716 25060 5170 71% 17 181495 910 15%
c F 78.14 1357 28 11 842 28017 7061 71% 17 181495 910 15%
c - 80.23 1357 28 12 996 29593 5652 71% 17 181495 910 15%
c 3 80.48 1357 28 12 1020 30006 6614 71% 17 181495 910 15%
c p 82.66 1357 28 12 1020 30006 8937 71% 17 181495 909 15%
c } 84.53 1357 28 12 1199 31005 9701 71% 18 181495 909 15%
c [ 84.53 1357 42 12 1199 31005 9701 120% 34 181495 909 15%
c - 86.48 1357 39 13 1200 34502 6465 106% 32 181492 909 15%
c 
c  seconds    reductions     redundant    irredundant
c          MB      restarts         trail        variables
c            level      conflicts        glue        remaining
c 
c B 87.33 1357 39 13 1202 36020 7420 102% 32 181492 909 15%
c ] 87.51 1356 39 13 1202 36558 7855 101% 32 181492 909 15%
c 1 87.51 1356 39 13 1202 36558 7855 101% 32 181492 909 15%
c 
c --- [ writing output ] -----------------------------------------------------
c 
c writing simplified CNF to DIMACS file 'simp/33.cubes5452.adj.simp1'
c * 87.51 1356 39 13 1202 36558 7855 101% 32 181492 909 15%
c opening file to write 'simp/33.cubes5452.adj.simp1'
c writing 'p cnf 6160 181492' header
c closing file 'simp/33.cubes5452.adj.simp1'
c after writing 82538895 bytes 78.7 MB
c wrote 181492 clauses in 0.58 seconds process time
c 
c --- [ writing extension ] --------------------------------------------------
c 
c writing extension stack to 'simp/33.cubes5452.adj.ext1'
c opening file to write 'simp/33.cubes5452.adj.ext1'
c closing file 'simp/33.cubes5452.adj.ext1'
c after writing 81429 bytes 0.1 MB
c wrote 3677 witnesses in 0.00 seconds process time
c 
c --- [ result ] -------------------------------------------------------------
c 
s SATISFIABLE
c 
c --- [ run-time profiling ] -------------------------------------------------
c 
c process time taken by individual solving procedures
c (percentage relative to process time for solving)
c 
c        53.61   78.76% search
c        40.07   58.87% unstable
c        19.45   28.58% parse
c        14.45   21.23% simplify
c        12.37   18.18% stable
c         9.98   14.67% probe
c         2.06    3.03% vivify
c         1.40    2.05% elim
c         1.03    1.51% lucky
c         0.17    0.25% subsume
c         0.13    0.20% walk
c         0.10    0.14% ternary
c   =================================
c        68.06   77.25% solve
c 
c last line shows process time for solving
c (percentage relative to total process time)
c 
c --- [ statistics ] ---------------------------------------------------------
c 
c chronological:              7540        20.62 %  of conflicts
c conflicts:                 36558       537.16    per second
c decisions:                102493      1505.97    per second
c eliminated:                 1245        20.21 %  of all variables
c fixed:                       850        13.80 %  of all variables
c learned:                   35654        97.53 %  per conflict
c learned_lits:            6579591       100.00 %  learned literals
c minimized:                     0         0.00 %  learned literals
c shrunken:                4199736        63.83 %  learned literals
c minishrunken:             485673         7.38 %  learned literals
c propagations:            4145961         0.06 M  per second
c reduced:                   17163        46.95 %  per conflict
c rephased:                      8      4569.75    interval
c restarts:                   1202        30.41    interval
c stabilizing:                   3        42.55 %  of conflicts
c substituted:                  12         0.19 %  of all variables
c subsumed:                  13234         0.39 %  of all clauses
c strengthened:               6079         0.18 %  of all clauses
c ternary:                    3178         0.74 %  of resolved
c vivified:                     40         0.00 %  of all clauses
c walked:                        1     36558.00    interval
c weakened:                   2827         3.00    average size
c 
c seconds are measured in process time for solving
c 
c --- [ resources ] ----------------------------------------------------------
c 
c total process time since initialization:        88.10    seconds
c total real time since initialization:           89.22    seconds
c maximum resident set size of process:         1528.32    MB
c 
c --- [ shutting down ] ------------------------------------------------------
c 
c exit 10
WARNING! DIMACS header mismatch: wrong number of variables.
============================[ Problem Statistics ]=============================
|                                                                             |
|  Number of variables:          3491                                         |
|  Number of clauses:          181494                                         |
|  Parse time:                   1.19 s                                       |
|  Simplification time:          0.02 s                                       |
|                                                                             |
============================[ Search Statistics ]====================================================
| Conflicts |          ORIGINAL         |          LEARNT          | Num Sols |      SUBGRAPHS      |
|           |    Vars  Clauses Literals |    Limit  Clauses Lit/Cl |          | Canonical Noncanon. |
=====================================================================================================
|       314 |    3398   181708 17868622 |     2000      314     25 |        0 |        87       214 |
|       521 |    3398   181765 17869298 |     2000      521     40 |        0 |       109       271 |
|      1523 |    3398   182542 17879276 |     2000     1523     23 |        0 |       363      1048 |
|      2959 |    3398   183641 17894338 |     3604     1963     17 |        0 |       662      2147 |
|      3466 |    3398   183642 17894424 |     3604     2470     36 |        0 |       664      2148 |
|      4286 |    3398   183703 17895562 |     3604     3290     47 |        0 |       691      2209 |
|      5496 |    3398   183774 17897060 |     5004     2700     30 |        0 |       759      2280 |
|      7725 |    3398   184295 17906741 |     5004     4929     50 |        0 |       951      2801 |
|     11512 |    3398   185520 17922351 |     6303     6215     45 |        0 |      1349      4026 |
|     18326 |    3398   188490 17962032 |     8782     6108     33 |        0 |      2241      6996 |
|     29723 |    3398   194121 18042156 |    11206     8129     24 |        0 |      3717     12627 |
|     47502 |    3398   203251 18161025 |    14802     7304     14 |        0 |      5599     21757 |
|     65041 |    3398   207816 18216015 |    17210     9451     20 |        0 |      6525     26322 |
=====================================================================================================
Number of solutions   : 0
Canonical subgraphs   : 7042           (15 /sec)
          order  3    : 1              (166667 /sec)
          order  4    : 1              (500000 /sec)
          order  5    : 1              (200000 /sec)
          order  6    : 1              (52632 /sec)
          order  7    : 1              (8333 /sec)
          order  8    : 3              (1684 /sec)
          order  9    : 8              (393 /sec)
          order 10    : 32             (116 /sec)
          order 11    : 153            (38 /sec)
          order 12    : 1209           (20 /sec)
          order 13    : 1912           (15 /sec)
          order 14    : 3120           (14 /sec)
          order 15    : 293            (11 /sec)
          order 16    : 152            (11 /sec)
          order 17    : 92             (11 /sec)
          order 18    : 28             (8 /sec)
          order 19    : 26             (14 /sec)
          order 20    : 5              (18 /sec)
          order 21    : 4              (19 /sec)
          order 22    : 0              (-nan /sec)
Noncanonical subgraphs: 29028          (170 /sec)
          order  3    : 0              (-nan /sec)
          order  4    : 0              (-nan /sec)
          order  5    : 0              (-nan /sec)
          order  6    : 0              (-nan /sec)
          order  7    : 0              (-nan /sec)
          order  8    : 0              (-nan /sec)
          order  9    : 0              (-nan /sec)
          order 10    : 0              (-nan /sec)
          order 11    : 0              (-nan /sec)
          order 12    : 0              (-nan /sec)
          order 13    : 9608           (2972 /sec)
          order 14    : 4406           (503 /sec)
          order 15    : 14163          (94 /sec)
          order 16    : 451            (130 /sec)
          order 17    : 245            (127 /sec)
          order 18    : 151            (53 /sec)
          order 19    : 0              (-nan /sec)
          order 20    : 0              (-nan /sec)
          order 21    : 0              (-nan /sec)
Canonicity checking   : 471.763 s
Noncanonicity checking: 170.426 s
Total canonicity time : 642.19 s
database reductions   : 13
restarts              : 235
conflicts             : 74177          (109 /sec)
decisions             : 145166         (0.00 % random) (214 /sec)
propagations          : 4421851        (6512 /sec)
conflict literals     : 4421975        (52.59 % deleted)
actual reward         : 0.172161
Memory used           : 153.00 MB
CPU time              : 679.014 s

UNSATISFIABLE
