c --- [ banner ] -------------------------------------------------------------
c 
c CaDiCaL Radically Simplified CDCL SAT Solver
c Copyright (c) 2016-2021 A. Biere, M. Fleury, N. Froleyks
c 
c Version 1.5.2 a5f15211db36c3956764e18194dd5bd63bf3b5e6
c g++ (GCC) 9.3.0 -Wall -Wextra -O3 -DNDEBUG
c Fri Oct 21 01:27:37 EDT 2022 Linux gra-login3 3.10.0-1160.66.1.el7.x86_64 x86_64
c 
c --- [ limit ] --------------------------------------------------------------
c 
c setting conflict limit to 200000 conflicts (due to '200000')
c 
c --- [ parsing input ] ------------------------------------------------------
c 
c reading DIMACS file from '33.cubes4274.adj'
c opening file to read '33.cubes4274.adj'
c found 'p cnf 6160 1595476' header
c parsed 1595476 clauses in 19.70 seconds process time
c closing file '33.cubes4274.adj'
c after reading 1457566780 bytes 1390.0 MB
c 
c --- [ options ] ------------------------------------------------------------
c 
c all options are set to their default value
c 
c --- [ solving ] ------------------------------------------------------------
c 
c time measured in process time since initialization
c 
c  seconds    reductions  redundant   irredundant
c          MB     restarts       trail       variables
c            level   conflicts       glue         remaining
c 
c * 19.70 1377  0 0   0    0    0  0% 0 1595422 2414 39%
c { 20.32 1405  0 0   0    0    0  0% 0 1595422 2414 39%
c i 21.99 1475 888 0   1   58   54 32% 2 1595422 2413 39%
c i 22.80 1493 769 0   3   68   62 32% 4 1595422 2412 39%
c i 23.41 1499 710 0   5   74   67 31% 6 1595422 2411 39%
c i 23.81 1504 627 0   8   87   78 31% 13 1595422 2410 39%
c i 24.77 1511 518 0  14  110  100 29% 22 1595422 2409 39%
c i 26.45 1521 309 0  34  198  163 27% 22 1595422 2408 39%
c i 26.82 1522 284 0  40  220  182 27% 23 1595422 2407 39%
c i 26.85 1522 282 0  41  222  183 27% 23 1595422 2399 39%
c i 26.86 1522 279 0  41  224  184 27% 23 1595422 2398 39%
c i 26.88 1522 276 0  42  227  186 28% 23 1595422 2397 39%
c i 26.92 1522 275 0  43  229  187 28% 23 1595422 2394 39%
c i 26.93 1522 274 0  43  230  187 28% 22 1595422 2393 39%
c i 26.93 1522 274 0  43  231  187 28% 22 1595422 2391 39%
c i 27.06 1522 269 0  44  240  194 28% 24 1595422 2379 39%
c i 27.16 1522 267 0  45  242  195 28% 24 1595422 2344 38%
c i 27.18 1522 266 0  45  243  195 28% 24 1595422 2343 38%
c - 31.82 1441 232 1  55  301  242 28% 24 238260 2343 38%
c i 32.20 1442 221 1  59  333  272 28% 25 238260 2342 38%
c 
c  seconds     reductions  redundant   irredundant
c          MB      restarts       trail       variables
c             level   conflicts       glue         remaining
c 
c i 32.22 1442 219 1  60  335  273 28% 25 238260 2341 38%
c i 32.25 1442 217 1  61  343  277 28% 24 238260 2337 38%
c i 32.74 1442 202 1  70  384  316 27% 26 238260 2336 38%
c i 32.97 1442 186 1  72  426  353 28% 25 238260 2335 38%
c i 33.05 1442 177 1  72  452  374 28% 24 238260 2334 38%
c i 33.05 1442 176 1  72  453  374 28% 24 238260 2333 38%
c i 33.17 1442 162 1  72  510  423 28% 24 238260 2332 38%
c i 33.45 1442 157 1  75  538  450 28% 25 238260 2331 38%
c i 33.48 1442 156 1  76  542  453 28% 25 238260 2330 38%
c i 33.50 1442 155 1  77  545  455 28% 25 238260 2329 38%
c i 33.51 1442 155 1  78  547  456 28% 25 238260 2328 38%
c i 33.55 1442 153 1  79  553  461 28% 25 238260 2327 38%
c i 34.00 1442 146 1  93  602  504 28% 26 238260 2326 38%
c i 34.32 1442 139 1 100  652  550 28% 26 238260 2325 38%
c i 34.39 1442 135 1 101  686  583 28% 26 238260 2324 38%
c i 34.47 1442 134 1 104  696  592 28% 26 238260 2323 38%
c i 34.52 1442 133 1 105  702  596 28% 27 238260 2322 38%
c i 35.13 1442 125 1 114  792  673 28% 26 238260 2321 38%
c i 35.35 1442 111 1 114  928  765 28% 25 238260 2320 38%
c i 35.43 1443 110 1 114  943  776 28% 26 238260 2318 38%
c 
c  seconds     reductions  redundant   irredundant
c          MB      restarts       trail       variables
c             level   conflicts       glue         remaining
c 
c i 35.51 1443 110 1 114  953  785 28% 26 238260 2317 38%
c i 35.51 1443 110 1 114  958  789 28% 26 238260 2316 38%
c i 35.71 1443 107 1 116  997  819 28% 26 238260 2315 38%
c } 35.75 1443 107 1 116 1002  824 28% 26 238260 2315 38%
c [ 35.75 1443  0 1 116 1002  824  0% 0 238260 2315 38%
c O 35.75 1443  3 1 116 1003  825 14% 3 238260 2315 38%
c i 35.94 1443 19 1 116 1016  835 27% 15 238260 2314 38%
c i 35.96 1443 20 1 116 1020  838 28% 16 238260 2313 38%
c i 36.01 1443 32 1 116 1045  861 31% 25 238260 2312 38%
c - 36.71 1546 40 2 116 1130  834 31% 33 238171 2312 38%
c i 37.41 1546 39 2 116 1464 1078 30% 32 238171 2311 38%
c i 37.78 1546 41 2 116 1753 1296 29% 34 238171 2310 38%
c i 37.83 1546 41 2 116 1870 1388 29% 34 238171 2309 37%
c i 37.96 1546 42 2 117 2114 1573 29% 35 238171 2308 37%
c i 38.01 1546 43 2 117 2185 1631 29% 35 238171 2307 37%
c - 38.51 1545 43 3 117 2370 1373 29% 35 238157 2307 37%
c ] 39.20 1545 43 3 117 3002 1806 48% 36 238157 2307 37%
c { 39.20 1545 107 3 117 3002 1806 75% 26 238157 2307 37%
c F 39.20 1545 107 3 117 3005 1807 75% 26 238157 2307 37%
c i 39.54 1545 100 3 117 3114 1903 72% 25 238157 2306 37%
c 
c  seconds    reductions  redundant   irredundant
c          MB     restarts       trail       variables
c            level   conflicts       glue         remaining
c 
c i 39.93 1545 98 3 131 3196 1976 70% 26 238157 2305 37%
c i 39.94 1545 98 3 133 3201 1979 70% 26 238157 2304 37%
c i 41.29 1545 89 3 165 3506 2218 63% 24 238157 2303 37%
c i 41.50 1545 84 3 165 3638 2318 62% 24 238157 2302 37%
c i 41.53 1545 83 3 165 3684 2359 62% 24 238157 2301 37%
c i 41.56 1545 82 3 165 3723 2393 61% 24 238157 2300 37%
c i 41.92 1545 81 3 177 3792 2452 61% 24 238157 2291 37%
c i 42.37 1545 81 3 190 3846 2499 60% 24 238157 2284 37%
c i 42.85 1545 81 3 204 3915 2554 60% 25 238157 2283 37%
c - 43.66 1444 79 4 216 4024 1903 58% 25 237860 2283 37%
c i 43.88 1444 78 4 216 4079 1947 58% 25 237860 2282 37%
c i 43.98 1444 77 4 216 4110 1965 58% 25 237860 2281 37%
c i 44.07 1444 77 4 216 4143 1990 58% 25 237860 2280 37%
c i 44.48 1444 72 4 219 4387 2180 57% 24 237860 2279 37%
c i 44.53 1444 71 4 219 4453 2231 57% 24 237860 2278 37%
c d 46.26 1444 67 4 279 5000 2668 55% 25 237835 2273 37%
c 2 46.31 1444 67 4 279 5000 3475 55% 25 237825 2273 37%
c p 51.81 1444 67 4 279 5000 5511 55% 25 237825 2233 36%
c d 52.17 1444 67 4 279 5000 5446 55% 25 237528 2232 36%
c # 55.07 1444 65 4 410 6006 6265 53% 29 237528 2232 36%
c 
c  seconds    reductions  redundant   irredundant
c          MB     restarts       trail       variables
c            level   conflicts       glue         remaining
c 
c - 55.40 1472 64 5 410 6089 2716 53% 29 237528 2232 36%
c } 56.02 1472 58 5 425 7002 3454 53% 27 237528 2232 36%
c [ 56.02 1472 43 5 425 7002 3454 48% 36 237528 2232 36%
c - 57.15 1377 34 6 426 8565 3223 50% 29 237528 2232 36%
c I 57.83 1377 30 6 427 10007 4404 51% 25 237528 2232 36%
c - 59.62 1377 31 7 429 11454 3755 51% 26 237528 2232 36%
c - 62.57 1377 32 8 430 14756 3964 51% 27 237528 2232 36%
c p 64.09 1377 32 8 430 15000 7220 51% 28 237528 2232 36%
c ] 64.18 1377 32 8 430 15002 7222 51% 28 237528 2232 36%
c { 64.18 1377 58 8 430 15002 7222 53% 27 237528 2232 36%
c B 64.21 1377 58 8 430 15009 7228 53% 27 237528 2232 36%
c - 66.45 1377 44 9 460 18474 4411 52% 25 237528 2232 36%
c s 66.71 1377 44 9 465 18737 4513 52% 25 235900 2232 36%
c v 69.91 1377 44 9 465 18737 4513 52% 25 235896 2232 36%
c t 70.02 1377 44 9 465 18737 4499 52% 25 235891 2232 36%
c e 70.87 1380 44 9 465 18737 4000 52% 25 233068 825 13%
c s 70.97 1380 44 9 465 18737 4000 52% 25 232223 825 13%
c } 72.51 1380 42 9 470 19746 4517 77% 24 232223 825 13%
c 1 72.51 1380 42 9 470 19746 4517 77% 24 232223 825 13%
c 
c --- [ writing output ] -----------------------------------------------------
c 
c writing simplified CNF to DIMACS file 'simp/33.cubes4274.adj.simp1'
c * 72.51 1380 42 9 470 19746 4517 77% 24 232223 825 13%
c opening file to write 'simp/33.cubes4274.adj.simp1'
c writing 'p cnf 6160 232223' header
c closing file 'simp/33.cubes4274.adj.simp1'
c after writing 110729377 bytes 105.6 MB
c wrote 232223 clauses in 0.83 seconds process time
c 
c --- [ writing extension ] --------------------------------------------------
c 
c writing extension stack to 'simp/33.cubes4274.adj.ext1'
c opening file to write 'simp/33.cubes4274.adj.ext1'
c closing file 'simp/33.cubes4274.adj.ext1'
c after writing 91367 bytes 0.1 MB
c wrote 4037 witnesses in 0.00 seconds process time
c 
c --- [ result ] -------------------------------------------------------------
c 
s SATISFIABLE
c 
c --- [ run-time profiling ] -------------------------------------------------
c 
c process time taken by individual solving procedures
c (percentage relative to process time for solving)
c 
c        40.08   75.89% search
c        29.20   55.30% unstable
c        19.70   37.31% parse
c        12.73   24.10% simplify
c        10.26   19.43% stable
c         6.77   12.83% probe
c         3.28    6.21% vivify
c         1.63    3.08% elim
c         0.62    1.17% lucky
c         0.19    0.36% subsume
c         0.07    0.13% ternary
c   =================================
c        52.80   72.00% solve
c 
c last line shows process time for solving
c (percentage relative to total process time)
c 
c --- [ statistics ] ---------------------------------------------------------
c 
c chronological:              4081        20.67 %  of conflicts
c conflicts:                 19746       373.95    per second
c decisions:                 62239      1178.68    per second
c eliminated:                 1407        22.84 %  of all variables
c fixed:                       778        12.63 %  of all variables
c learned:                   19314        97.81 %  per conflict
c learned_lits:            3865243       100.00 %  learned literals
c minimized:                     0         0.00 %  learned literals
c shrunken:                2306871        59.68 %  learned literals
c minishrunken:             328160         8.49 %  learned literals
c propagations:            2986220         0.06 M  per second
c reduced:                    9357        47.39 %  per conflict
c rephased:                      5      3949.20    interval
c restarts:                    470        42.01    interval
c stabilizing:                   2        50.64 %  of conflicts
c substituted:                   6         0.10 %  of all variables
c subsumed:                   7471         0.23 %  of all clauses
c strengthened:               3145         0.10 %  of all clauses
c ternary:                    1656         0.52 %  of resolved
c vivified:                     20         0.00 %  of all clauses
c weakened:                   3259         3.03    average size
c 
c seconds are measured in process time for solving
c 
c --- [ resources ] ----------------------------------------------------------
c 
c total process time since initialization:        73.34    seconds
c total real time since initialization:           74.25    seconds
c maximum resident set size of process:         1647.59    MB
c 
c --- [ shutting down ] ------------------------------------------------------
c 
c exit 10
WARNING! DIMACS header mismatch: wrong number of variables.
============================[ Problem Statistics ]=============================
|                                                                             |
|  Number of variables:          6111                                         |
|  Number of clauses:          232223                                         |
|  Parse time:                   1.41 s                                       |
|  Simplification time:          0.03 s                                       |
|                                                                             |
============================[ Search Statistics ]====================================================
| Conflicts |          ORIGINAL         |          LEARNT          | Num Sols |      SUBGRAPHS      |
|           |    Vars  Clauses Literals |    Limit  Clauses Lit/Cl |          | Canonical Noncanon. |
=====================================================================================================
|       103 |    6020   232226 23911955 |     2000      103    105 |        0 |        13         3 |
|      1332 |    6020   233305 23933943 |     2000     1332     28 |        0 |       284      1082 |
|      2887 |    6020   234635 23955732 |     3600     1887     15 |        0 |       734      2412 |
|      5391 |    6020   236802 23998561 |     5006     2597     16 |        0 |      1401      4579 |
|     10590 |    6020   241495 24086093 |     6312     5302     15 |        0 |      2476      9272 |
|     15783 |    6020   245929 24168646 |     7564     7347     19 |        0 |      3462     13706 |
|     17392 |    6020   246399 24179893 |     8789     5181     35 |        0 |      3564     14176 |
|     19118 |    6020   246417 24180377 |     8789     6907     57 |        0 |      3570     14194 |
|     31219 |    6020   255956 24350195 |    11200     9619     15 |        0 |      5351     23733 |
|     56957 |    6020   277850 24707826 |    16010     9367     12 |        0 |      9319     45627 |
|    107228 |    6020   322355 25453703 |    22010    13638     12 |        0 |     16864     90132 |
|    158845 |    6020   365323 26202780 |    26811    17656     19 |        0 |     21369    133100 |
|    219423 |    6020   412927 26881115 |    31613    21036     26 |        0 |     24137    180704 |
|    309869 |    6020   483912 28022916 |    37614    26483     20 |        0 |     31582    251689 |
|    462843 |    6020   607694 29895614 |    46016    35259     15 |        0 |     39235    375471 |
|    607935 |    6020   708997 31302684 |    53220    33355     15 |        1 |     46110    476773 |
=====================================================================================================
Number of solutions   : 1
Canonical subgraphs   : 49693          (40 /sec)
          order  3    : 1              (166667 /sec)
          order  4    : 1              (500000 /sec)
          order  5    : 1              (200000 /sec)
          order  6    : 1              (52632 /sec)
          order  7    : 1              (8547 /sec)
          order  8    : 2              (1335 /sec)
          order  9    : 7              (346 /sec)
          order 10    : 30             (108 /sec)
          order 11    : 154            (54 /sec)
          order 12    : 859            (46 /sec)
          order 13    : 5127           (63 /sec)
          order 14    : 33324          (52 /sec)
          order 15    : 6553           (25 /sec)
          order 16    : 2404           (18 /sec)
          order 17    : 797            (15 /sec)
          order 18    : 320            (12 /sec)
          order 19    : 97             (12 /sec)
          order 20    : 10             (11 /sec)
          order 21    : 3              (11 /sec)
          order 22    : 1              (1 /sec)
Noncanonical subgraphs: 576364         (309 /sec)
          order  3    : 0              (-nan /sec)
          order  4    : 0              (-nan /sec)
          order  5    : 0              (-nan /sec)
          order  6    : 0              (-nan /sec)
          order  7    : 0              (-nan /sec)
          order  8    : 0              (-nan /sec)
          order  9    : 0              (-nan /sec)
          order 10    : 0              (-nan /sec)
          order 11    : 0              (-nan /sec)
          order 12    : 0              (-nan /sec)
          order 13    : 25687          (2314 /sec)
          order 14    : 42536          (3043 /sec)
          order 15    : 488539         (285 /sec)
          order 16    : 13178          (198 /sec)
          order 17    : 5048           (139 /sec)
          order 18    : 1374           (58 /sec)
          order 19    : 0              (-nan /sec)
          order 20    : 0              (-nan /sec)
          order 21    : 0              (-nan /sec)
Canonicity checking   : 1238.85 s
Noncanonicity checking: 1865.44 s
Total canonicity time : 3104.3 s
database reductions   : 47
restarts              : 1565
conflicts             : 749747         (226 /sec)
decisions             : 1456019        (0.00 % random) (438 /sec)
propagations          : 35612145       (10724 /sec)
conflict literals     : 22621320       (56.38 % deleted)
actual reward         : 0.117369
Memory used           : 396.00 MB
CPU time              : 3320.65 s

UNSATISFIABLE
