c --- [ banner ] -------------------------------------------------------------
c 
c CaDiCaL Radically Simplified CDCL SAT Solver
c Copyright (c) 2016-2021 A. Biere, M. Fleury, N. Froleyks
c 
c Version 1.5.2 a5f15211db36c3956764e18194dd5bd63bf3b5e6
c g++ (GCC) 9.3.0 -Wall -Wextra -O3 -DNDEBUG
c Fri Oct 21 01:27:37 EDT 2022 Linux gra-login3 3.10.0-1160.66.1.el7.x86_64 x86_64
c 
c --- [ limit ] --------------------------------------------------------------
c 
c setting conflict limit to 200000 conflicts (due to '200000')
c 
c --- [ parsing input ] ------------------------------------------------------
c 
c reading DIMACS file from '33.cubes4656.adj'
c opening file to read '33.cubes4656.adj'
c found 'p cnf 6160 1595481' header
c parsed 1595481 clauses in 19.49 seconds process time
c closing file '33.cubes4656.adj'
c after reading 1457566817 bytes 1390.0 MB
c 
c --- [ options ] ------------------------------------------------------------
c 
c all options are set to their default value
c 
c --- [ solving ] ------------------------------------------------------------
c 
c time measured in process time since initialization
c 
c  seconds    reductions  redundant   irredundant
c          MB     restarts       trail       variables
c            level   conflicts       glue         remaining
c 
c * 19.49 1380  0 0   0    0    0  0% 0 1595422 2346 38%
c { 20.53 1429  0 0   0    0    0  0% 0 1595422 2346 38%
c i 21.75 1467 870 0   0   16   10 32% 4 1595422 2345 38%
c i 22.56 1484 478 0   2   44   30 32% 17 1595422 2344 38%
c i 23.35 1489 275 0   6   71   55 30% 18 1595422 2343 38%
c i 23.39 1489 240 0   6   81   63 30% 19 1595422 2342 38%
c i 23.45 1491 234 0   6   83   64 30% 19 1595422 2341 38%
c i 23.46 1491 231 0   6   84   64 30% 18 1595422 2340 38%
c i 23.46 1491 228 0   6   85   64 30% 18 1595422 2339 38%
c i 23.47 1491 225 0   6   86   64 30% 18 1595422 2338 38%
c i 23.77 1492 174 0   6  114   87 30% 19 1595422 2337 38%
c i 23.92 1492 153 0   6  131  103 30% 19 1595422 2336 38%
c i 24.05 1493 138 0   6  147  113 30% 19 1595422 2335 38%
c i 24.20 1493 129 0   6  160  124 30% 20 1595422 2334 38%
c i 25.53 1513 122 0  16  192  152 30% 23 1595422 2333 38%
c i 25.55 1513 120 0  16  196  155 30% 23 1595422 2332 38%
c i 25.82 1513 118 0  18  203  160 30% 23 1595422 2331 38%
c i 26.02 1514 111 0  20  223  175 30% 23 1595422 2330 38%
c i 26.07 1514 110 0  20  224  175 30% 22 1595422 2329 38%
c i 26.17 1514 108 0  21  230  180 30% 23 1595422 2328 38%
c 
c  seconds     reductions  redundant    irredundant
c          MB      restarts       trail        variables
c             level   conflicts       glue          remaining
c 
c i 26.41 1518 107 0  22  235  183 30% 23 1595422 2327 38%
c i 26.42 1518 107 0  22  237  184 30% 23 1595422 2326 38%
c i 26.42 1519 106 0  23  238  184 30% 23 1595422 2325 38%
c i 26.60 1519 104 0  25  245  190 30% 23 1595422 2324 38%
c i 26.94 1519 102 0  28  260  203 30% 24 1595422 2323 38%
c - 32.27 1511 99 1  40  300  239 29% 26 521947 2323 38%
c i 32.54 1470 98 1  40  305  243 29% 25 521947 2322 38%
c i 33.00 1471 93 1  45  334  268 29% 26 521947 2321 38%
c i 33.42 1471 92 1  50  358  288 29% 27 521947 2320 38%
c i 33.98 1471 95 1  55  390  313 29% 27 521947 2305 37%
c i 34.46 1471 95 1  57  415  332 28% 27 521947 2303 37%
c i 34.72 1471 95 1  57  429  344 29% 27 521947 2302 37%
c i 34.83 1472 94 1  58  435  349 29% 27 521947 2300 37%
c i 35.06 1472 93 1  60  454  366 28% 27 521947 2299 37%
c i 35.22 1473 94 1  62  464  375 28% 28 521947 2298 37%
c i 35.38 1473 94 1  63  473  381 28% 29 521947 2297 37%
c i 35.52 1473 94 1  66  486  391 28% 28 521947 2295 37%
c i 36.24 1473 92 1  73  549  448 28% 28 521947 2294 37%
c i 36.26 1473 91 1  73  551  449 28% 28 521947 2293 37%
c i 36.43 1474 91 1  73  558  455 28% 28 521947 2292 37%
c 
c  seconds    reductions  redundant   irredundant
c          MB     restarts       trail       variables
c            level   conflicts       glue         remaining
c 
c i 37.01 1474 88 1  83  623  513 28% 28 521947 2291 37%
c } 37.90 1474 69 1  93 1001  821 29% 27 521947 2291 37%
c [ 37.90 1474  0 1  93 1001  821  0% 0 521947 2291 37%
c O 37.90 1474  0 1  93 1002  821 12% 0 521947 2291 37%
c i 37.90 1474  0 1  93 1002  821 12% 0 521947 2256 37%
c i 37.90 1474  1 1  93 1003  821 13% 0 521947 2241 36%
c i 38.31 1474 22 1  93 1110  905 31% 19 521947 2240 36%
c - 39.65 1546 25 2  93 1330  943 31% 21 437723 2240 36%
c i 39.93 1546 25 2  93 1409 1002 31% 21 437723 2239 36%
c i 40.12 1546 24 2  93 1619 1135 31% 20 437723 2238 36%
c i 40.14 1546 23 2  93 1672 1171 31% 20 437723 2237 36%
c i 40.16 1546 23 2  93 1683 1180 31% 20 437723 2236 36%
c i 40.24 1546 25 2  93 1842 1294 31% 22 437723 2235 36%
c i 40.24 1546 25 2  93 1851 1301 31% 22 437723 2234 36%
c i 40.35 1546 25 2  94 2112 1478 31% 22 437723 2233 36%
c i 40.37 1546 25 2  94 2138 1494 31% 22 437723 2232 36%
c i 40.44 1546 25 2  94 2282 1566 31% 22 437723 2231 36%
c ] 40.47 1546 25 2  94 2342 1595 31% 21 437723 2231 36%
c 1 40.47 1546 25 2  94 2342 1595 31% 21 437723 2231 36%
c 
c --- [ writing output ] -----------------------------------------------------
c 
c writing simplified CNF to DIMACS file 'simp/33.cubes4656.adj.simp1'
c * 40.47 1546 25 2  94 2342 1595 31% 21 437723 2231 36%
c opening file to write 'simp/33.cubes4656.adj.simp1'
c writing 'p cnf 6160 437696' header
c closing file 'simp/33.cubes4656.adj.simp1'
c after writing 200669395 bytes 191.4 MB
c wrote 437696 clauses in 1.55 seconds process time
c 
c --- [ writing extension ] --------------------------------------------------
c 
c writing extension stack to 'simp/33.cubes4656.adj.ext1'
c opening file to write 'simp/33.cubes4656.adj.ext1'
c closing file 'simp/33.cubes4656.adj.ext1'
c after writing 11670 bytes 0.0 MB
c wrote 785 witnesses in 0.00 seconds process time
c 
c --- [ result ] -------------------------------------------------------------
c 
s SATISFIABLE
c 
c --- [ run-time profiling ] -------------------------------------------------
c 
c process time taken by individual solving procedures
c (percentage relative to process time for solving)
c 
c        20.98  100.00% search
c        19.49   92.92% parse
c        17.37   82.83% unstable
c         2.56   12.22% stable
c         1.04    4.94% lucky
c         0.00    0.00% simplify
c   =================================
c        20.98   49.92% solve
c 
c last line shows process time for solving
c (percentage relative to total process time)
c 
c --- [ statistics ] ---------------------------------------------------------
c 
c chronological:               670        28.61 %  of conflicts
c conflicts:                  2342       111.66    per second
c decisions:                 19053       908.36    per second
c fixed:                       785        12.74 %  of all variables
c learned:                    2286        97.61 %  per conflict
c learned_lits:             425522       100.00 %  learned literals
c minimized:                     0         0.00 %  learned literals
c shrunken:                 258507        60.75 %  learned literals
c minishrunken:              38079         8.95 %  learned literals
c propagations:             370180         0.02 M  per second
c reduced:                     124         5.29 %  per conflict
c rephased:                      1      2342.00    interval
c restarts:                     94        24.91    interval
c stabilizing:                   1        57.26 %  of conflicts
c subsumed:                    506         0.02 %  of all clauses
c 
c seconds are measured in process time for solving
c 
c --- [ resources ] ----------------------------------------------------------
c 
c total process time since initialization:        42.02    seconds
c total real time since initialization:           42.66    seconds
c maximum resident set size of process:         1652.24    MB
c 
c --- [ shutting down ] ------------------------------------------------------
c 
c exit 10
WARNING! DIMACS header mismatch: wrong number of variables.
============================[ Problem Statistics ]=============================
|                                                                             |
|  Number of variables:          6120                                         |
|  Number of clauses:          437696                                         |
|  Parse time:                   2.66 s                                       |
|  Simplification time:          0.06 s                                       |
|                                                                             |
============================[ Search Statistics ]====================================================
| Conflicts |          ORIGINAL         |          LEARNT          | Num Sols |      SUBGRAPHS      |
|           |    Vars  Clauses Literals |    Limit  Clauses Lit/Cl |          | Canonical Noncanon. |
=====================================================================================================
|       208 |    6027   437804 43759978 |     2000      207     17 |        0 |       124       108 |
|       686 |    6019   438132 43764714 |     2000      684     27 |        0 |       176       436 |
|       918 |    6014   438139 43765016 |     2000      911     44 |        0 |       198       443 |
|      1347 |    6013   438231 43768378 |     2000     1339     60 |        0 |       259       535 |
|      2013 |    6006   438391 43771441 |     3597     1010     13 |        0 |       340       695 |
|      2803 |    6006   438422 43772387 |     3597     1800     64 |        0 |       355       726 |
|      3989 |    6002   438469 43773327 |     3597     2982     76 |        0 |       405       773 |
|      5862 |    5999   438634 43776159 |     4999     3059     46 |        0 |       466       938 |
|      9428 |    5993   439638 43793420 |     6301     4127     40 |        0 |       681      1942 |
|     13381 |    5993   439747 43795205 |     7550     4931     50 |        0 |       735      2051 |
|     19186 |    5990   439786 43796286 |     8774     6959     58 |        0 |       767      2090 |
|     28739 |    5987   440690 43812831 |    11197     7136     49 |        0 |      1023      2994 |
|     41972 |    5985   440949 43817354 |    13608     8580     55 |        0 |      1149      3253 |
|     61606 |    5983   441122 43820417 |    16003    14009     70 |        0 |      1235      3426 |
|     90891 |    5983   441215 43822149 |    19605    17496     69 |        0 |      1252      3519 |
|    136871 |    5983   443406 43853227 |    24406    20677     64 |        0 |      1792      5710 |
|    203228 |    5983   444079 43866547 |    30413    20041     57 |        0 |      2019      6383 |
|    301990 |    5983   444315 43872513 |    37617    18607     44 |        0 |      2104      6619 |
|    450969 |    5983   444651 43878997 |    46008    23377     45 |        0 |      2488      7809 |
|    674248 |    5982   446247 43914587 |    55622    45870     72 |        0 |      3042      9405 |
|   1010734 |    5982   450205 43997706 |    68816    43550     60 |        0 |      4405     13366 |
|   1518815 |    5966   456365 44097660 |    82369    55584     65 |        4 |      7849     22655 |
|   2272768 |    5952   453251 44043979 |   103513    64281     61 |        4 |     10394     28426 |
=====================================================================================================
Number of solutions   : 4
Canonical subgraphs   : 11420          (10 /sec)
          order  3    : 1              (166667 /sec)
          order  4    : 1              (1000000 /sec)
          order  5    : 1              (250000 /sec)
          order  6    : 1              (55556 /sec)
          order  7    : 1              (8850 /sec)
          order  8    : 2              (1361 /sec)
          order  9    : 6              (315 /sec)
          order 10    : 23             (90 /sec)
          order 11    : 97             (27 /sec)
          order 12    : 421            (12 /sec)
          order 13    : 1743           (7 /sec)
          order 14    : 1422           (7 /sec)
          order 15    : 2905           (11 /sec)
          order 16    : 2255           (15 /sec)
          order 17    : 1546           (14 /sec)
          order 18    : 780            (11 /sec)
          order 19    : 110            (14 /sec)
          order 20    : 53             (15 /sec)
          order 21    : 48             (14 /sec)
          order 22    : 4              (1 /sec)
Noncanonical subgraphs: 31029          (274 /sec)
          order  3    : 0              (-nan /sec)
          order  4    : 0              (-nan /sec)
          order  5    : 0              (-nan /sec)
          order  6    : 0              (-nan /sec)
          order  7    : 0              (-nan /sec)
          order  8    : 0              (-nan /sec)
          order  9    : 0              (-nan /sec)
          order 10    : 0              (-nan /sec)
          order 11    : 0              (-nan /sec)
          order 12    : 0              (-nan /sec)
          order 13    : 6198           (3611 /sec)
          order 14    : 8322           (1074 /sec)
          order 15    : 6515           (680 /sec)
          order 16    : 8561           (117 /sec)
          order 17    : 786            (154 /sec)
          order 18    : 600            (47 /sec)
          order 19    : 0              (-nan /sec)
          order 20    : 0              (-nan /sec)
          order 21    : 0              (-nan /sec)
Canonicity checking   : 1148.56 s
Noncanonicity checking: 113.185 s
Total canonicity time : 1261.74 s
database reductions   : 87
restarts              : 4121
conflicts             : 2466431        (809 /sec)
decisions             : 3028239        (0.00 % random) (994 /sec)
propagations          : 283281421      (92940 /sec)
conflict literals     : 252532066      (55.79 % deleted)
actual reward         : 0.112743
Memory used           : 616.00 MB
CPU time              : 3047.99 s

UNSATISFIABLE
