c --- [ banner ] -------------------------------------------------------------
c 
c CaDiCaL Radically Simplified CDCL SAT Solver
c Copyright (c) 2016-2021 A. Biere, M. Fleury, N. Froleyks
c 
c Version 1.5.2 a5f15211db36c3956764e18194dd5bd63bf3b5e6
c g++ (GCC) 9.3.0 -Wall -Wextra -O3 -DNDEBUG
c Fri Oct 21 01:27:37 EDT 2022 Linux gra-login3 3.10.0-1160.66.1.el7.x86_64 x86_64
c 
c --- [ limit ] --------------------------------------------------------------
c 
c setting conflict limit to 200000 conflicts (due to '200000')
c 
c --- [ parsing input ] ------------------------------------------------------
c 
c reading DIMACS file from '33.cubes1508.adj'
c opening file to read '33.cubes1508.adj'
c found 'p cnf 6160 1595474' header
c parsed 1595474 clauses in 19.59 seconds process time
c closing file '33.cubes1508.adj'
c after reading 1457566769 bytes 1390.0 MB
c 
c --- [ options ] ------------------------------------------------------------
c 
c all options are set to their default value
c 
c --- [ solving ] ------------------------------------------------------------
c 
c time measured in process time since initialization
c 
c  seconds    reductions  redundant   irredundant
c          MB     restarts       trail       variables
c            level   conflicts       glue         remaining
c 
c * 19.59 1369  0 0   0    0    0  0% 0 1595422 2395 39%
c { 19.88 1386  0 0   0    0    0  0% 0 1595422 2395 39%
c i 20.61 1430 1083 0   0    8    7 34% 1 1595422 2391 39%
c i 23.90 1495 191 0  29  126   89 25% 16 1595422 2381 39%
c i 23.91 1495 189 0  30  127   89 25% 16 1595422 2380 39%
c i 23.92 1495 187 0  30  129   89 25% 16 1595422 2379 39%
c i 24.01 1495 182 0  32  135   93 25% 17 1595422 2377 39%
c i 24.09 1495 180 0  33  140   96 25% 18 1595422 2375 39%
c i 24.27 1495 173 0  36  152  104 25% 19 1595422 2374 39%
c i 24.32 1495 166 0  38  164  113 26% 20 1595422 2369 38%
c i 24.66 1497 151 0  47  199  142 26% 24 1595422 2357 38%
c i 25.16 1499 119 0  57  290  186 25% 23 1595422 2352 38%
c i 25.20 1499 118 0  59  294  189 25% 23 1595422 2351 38%
c - 28.96 1430 115 1  59  304  196 25% 22 279474 2351 38%
c i 29.26 1396 110 1  62  331  216 25% 23 279474 2350 38%
c i 29.31 1396 110 1  63  334  218 25% 23 279474 2349 38%
c i 29.31 1396 111 1  63  338  220 25% 24 279474 2348 38%
c i 29.41 1396 110 1  68  356  233 25% 25 279474 2347 38%
c i 29.45 1396 111 1  69  365  237 25% 25 279474 2343 38%
c i 29.67 1396 105 1  73  404  269 25% 24 279474 2342 38%
c 
c  seconds    reductions  redundant   irredundant
c          MB     restarts       trail       variables
c            level   conflicts       glue         remaining
c 
c i 29.74 1396 98 1  81  446  306 26% 25 279474 2341 38%
c i 29.76 1396 93 1  81  477  328 26% 24 279474 2340 38%
c i 29.78 1396 85 1  81  540  373 26% 23 279474 2339 38%
c i 29.80 1396 84 1  81  550  380 26% 24 279474 2338 38%
c i 29.94 1396 73 1  91  706  488 27% 24 279474 2337 38%
c i 29.98 1396 73 1  96  723  502 27% 25 279474 2336 38%
c i 30.00 1396 72 1  98  731  506 27% 25 279474 2335 38%
c i 30.20 1396 72 1 104  750  520 27% 25 279474 2334 38%
c i 30.20 1396 72 1 105  751  520 27% 25 279474 2333 38%
c i 30.20 1396 72 1 105  752  520 27% 25 279474 2332 38%
c i 30.22 1396 72 1 105  753  520 27% 25 279474 2331 38%
c i 30.34 1396 70 1 116  806  556 27% 25 279474 2330 38%
c i 30.35 1396 69 1 116  826  572 27% 25 279474 2329 38%
c i 30.45 1396 71 1 118  853  595 27% 26 279474 2328 38%
c i 30.56 1396 72 1 123  881  616 27% 25 279474 2325 38%
c i 30.63 1396 72 1 126  896  627 27% 26 279474 2324 38%
c i 30.66 1396 72 1 126  906  635 27% 25 279474 2323 38%
c i 30.94 1397 73 1 133  933  655 27% 26 279474 2322 38%
c i 31.00 1397 73 1 137  954  672 27% 27 279474 2321 38%
c i 31.01 1397 73 1 138  955  672 27% 27 279474 2320 38%
c 
c  seconds    reductions  redundant   irredundant
c          MB     restarts       trail       variables
c            level   conflicts       glue         remaining
c 
c i 31.13 1397 76 1 145  988  689 27% 26 279474 2318 38%
c i 31.18 1397 76 1 146  990  690 27% 27 279474 2317 38%
c i 31.20 1397 76 1 147  993  692 27% 27 279474 2316 38%
c } 31.29 1397 76 1 148 1001  700 27% 27 279474 2316 38%
c [ 31.29 1397  0 1 148 1001  700  0% 0 279474 2316 38%
c O 31.30 1397  4 1 148 1002  701 17% 2 279474 2316 38%
c i 31.46 1397 13 1 148 1030  723 28% 10 279474 2315 38%
c i 31.53 1397 16 1 148 1078  765 31% 13 279474 2314 38%
c i 31.54 1397 16 1 148 1083  768 31% 13 279474 2313 38%
c i 31.55 1397 16 1 148 1096  778 31% 13 279474 2312 38%
c i 31.56 1397 16 1 148 1098  779 31% 13 279474 2311 38%
c - 32.17 1524 17 2 148 1173  756 31% 15 279354 2311 38%
c i 32.31 1524 18 2 148 1233  792 31% 16 279354 2310 38%
c i 32.34 1524 18 2 148 1262  811 32% 16 279354 2309 37%
c i 32.35 1524 18 2 148 1275  823 32% 16 279354 2308 37%
c i 32.39 1524 17 2 148 1377  897 32% 16 279354 2307 37%
c i 32.47 1524 18 2 148 1545 1010 32% 16 279354 2306 37%
c i 32.47 1524 18 2 148 1547 1011 32% 16 279354 2305 37%
c i 32.52 1524 18 2 148 1682 1106 32% 16 279354 2304 37%
c - 33.19 1523 17 3 149 2480 1257 32% 15 279333 2304 37%
c 
c  seconds    reductions  redundant   irredundant
c          MB     restarts       trail       variables
c            level   conflicts       glue         remaining
c 
c i 33.47 1485 17 3 149 2491 1265 53% 15 279333 2303 37%
c i 33.59 1485 16 3 149 2688 1425 53% 15 279333 2302 37%
c i 33.59 1485 16 3 149 2692 1427 53% 15 279333 2301 37%
c ] 33.69 1485 17 3 149 3003 1654 53% 16 279333 2301 37%
c { 33.69 1485 76 3 149 3003 1654 73% 27 279333 2301 37%
c F 33.73 1485 76 3 150 3004 1655 73% 27 279333 2301 37%
c i 34.05 1485 66 3 151 3251 1855 69% 25 279333 2300 37%
c i 34.05 1485 66 3 151 3252 1855 69% 25 279333 2299 37%
c } 34.06 1485 64 3 151 3313 1894 69% 24 279333 2299 37%
c 1 34.06 1485 64 3 151 3313 1894 69% 24 279333 2299 37%
c 
c --- [ writing output ] -----------------------------------------------------
c 
c writing simplified CNF to DIMACS file 'simp/33.cubes1508.adj.simp1'
c * 34.06 1485 64 3 151 3313 1894 69% 24 279333 2299 37%
c opening file to write 'simp/33.cubes1508.adj.simp1'
c writing 'p cnf 6160 279318' header
c closing file 'simp/33.cubes1508.adj.simp1'
c after writing 146233960 bytes 139.5 MB
c wrote 279318 clauses in 1.04 seconds process time
c 
c --- [ writing extension ] --------------------------------------------------
c 
c writing extension stack to 'simp/33.cubes1508.adj.ext1'
c opening file to write 'simp/33.cubes1508.adj.ext1'
c closing file 'simp/33.cubes1508.adj.ext1'
c after writing 10650 bytes 0.0 MB
c wrote 717 witnesses in 0.00 seconds process time
c 
c --- [ result ] -------------------------------------------------------------
c 
s SATISFIABLE
c 
c --- [ run-time profiling ] -------------------------------------------------
c 
c process time taken by individual solving procedures
c (percentage relative to process time for solving)
c 
c        19.59  135.34% parse
c        14.47   99.99% search
c        11.78   81.37% unstable
c         2.41   16.64% stable
c         0.29    1.98% lucky
c         0.00    0.00% simplify
c   =================================
c        14.47   41.23% solve
c 
c last line shows process time for solving
c (percentage relative to total process time)
c 
c --- [ statistics ] ---------------------------------------------------------
c 
c chronological:               662        19.98 %  of conflicts
c conflicts:                  3313       228.91    per second
c decisions:                 17556      1213.04    per second
c fixed:                       717        11.64 %  of all variables
c learned:                    3235        97.65 %  per conflict
c learned_lits:             729612       100.00 %  learned literals
c minimized:                     0         0.00 %  learned literals
c shrunken:                 386245        52.94 %  learned literals
c minishrunken:             112770        15.46 %  learned literals
c propagations:             496281         0.03 M  per second
c reduced:                     475        14.34 %  per conflict
c rephased:                      2      1656.50    interval
c restarts:                    151        21.94    interval
c stabilizing:                   1        60.43 %  of conflicts
c subsumed:                    799         0.02 %  of all clauses
c 
c seconds are measured in process time for solving
c 
c --- [ resources ] ----------------------------------------------------------
c 
c total process time since initialization:        35.11    seconds
c total real time since initialization:           38.85    seconds
c maximum resident set size of process:         1650.02    MB
c 
c --- [ shutting down ] ------------------------------------------------------
c 
c exit 10
WARNING! DIMACS header mismatch: wrong number of variables.
============================[ Problem Statistics ]=============================
|                                                                             |
|  Number of variables:          6120                                         |
|  Number of clauses:          279318                                         |
|  Parse time:                   1.94 s                                       |
|  Simplification time:          0.05 s                                       |
|                                                                             |
============================[ Search Statistics ]====================================================
| Conflicts |          ORIGINAL         |          LEARNT          | Num Sols |      SUBGRAPHS      |
|           |    Vars  Clauses Literals |    Limit  Clauses Lit/Cl |          | Canonical Noncanon. |
=====================================================================================================
|       124 |    5988   279342 31441138 |     2000      122     27 |        0 |        32        24 |
|       332 |    5969   279400 31441719 |     2000      327     33 |        0 |        68        82 |
|       625 |    5966   279468 31442373 |     2000      617     43 |        0 |       105       150 |
|      1022 |    5963   279528 31443386 |     2000     1011     60 |        0 |       134       210 |
|      1662 |    5957   279662 31445373 |     2000     1645     64 |        0 |       169       344 |
|      2671 |    5938   279912 31448829 |     3595     1664     37 |        0 |       239       594 |
|      3973 |    5933   280075 31451222 |     3595     2961     52 |        0 |       288       757 |
|      6281 |    5933   280675 31458671 |     4996     3477     44 |        0 |       453      1357 |
|      9538 |    5933   281370 31467095 |     6301     4239     44 |        0 |       668      2052 |
=====================================================================================================
Number of solutions   : 0
Canonical subgraphs   : 764            (60 /sec)
          order  3    : 1              (166667 /sec)
          order  4    : 1              (500000 /sec)
          order  5    : 1              (200000 /sec)
          order  6    : 1              (55556 /sec)
          order  7    : 2              (9662 /sec)
          order  8    : 2              (4587 /sec)
          order  9    : 4              (2205 /sec)
          order 10    : 17             (1149 /sec)
          order 11    : 36             (650 /sec)
          order 12    : 47             (355 /sec)
          order 13    : 49             (185 /sec)
          order 14    : 39             (92 /sec)
          order 15    : 278            (53 /sec)
          order 16    : 194            (41 /sec)
          order 17    : 46             (52 /sec)
          order 18    : 31             (47 /sec)
          order 19    : 14             (48 /sec)
          order 20    : 1              (58 /sec)
          order 21    : 0              (-nan /sec)
          order 22    : 0              (-nan /sec)
Noncanonical subgraphs: 2363           (413 /sec)
          order  3    : 0              (-nan /sec)
          order  4    : 0              (-nan /sec)
          order  5    : 0              (-nan /sec)
          order  6    : 0              (-nan /sec)
          order  7    : 0              (-nan /sec)
          order  8    : 0              (-nan /sec)
          order  9    : 0              (-nan /sec)
          order 10    : 0              (-nan /sec)
          order 11    : 0              (-nan /sec)
          order 12    : 0              (-nan /sec)
          order 13    : 172            (8693 /sec)
          order 14    : 244            (3593 /sec)
          order 15    : 653            (895 /sec)
          order 16    : 1114           (305 /sec)
          order 17    : 173            (138 /sec)
          order 18    : 7              (1618 /sec)
          order 19    : 0              (-nan /sec)
          order 20    : 0              (-nan /sec)
          order 21    : 0              (-nan /sec)
Canonicity checking   : 12.7239 s
Noncanonicity checking: 5.72497 s
Total canonicity time : 18.4489 s
database reductions   : 4
restarts              : 60
conflicts             : 13259          (476 /sec)
decisions             : 34963          (0.00 % random) (1255 /sec)
propagations          : 1666003        (59806 /sec)
conflict literals     : 884428         (56.30 % deleted)
actual reward         : 0.104254
Memory used           : 147.00 MB
CPU time              : 27.8569 s

UNSATISFIABLE
