c --- [ banner ] -------------------------------------------------------------
c 
c CaDiCaL Radically Simplified CDCL SAT Solver
c Copyright (c) 2016-2021 A. Biere, M. Fleury, N. Froleyks
c 
c Version 1.5.2 a5f15211db36c3956764e18194dd5bd63bf3b5e6
c g++ (GCC) 9.3.0 -Wall -Wextra -O3 -DNDEBUG
c Fri Oct 21 01:27:37 EDT 2022 Linux gra-login3 3.10.0-1160.66.1.el7.x86_64 x86_64
c 
c --- [ limit ] --------------------------------------------------------------
c 
c setting conflict limit to 200000 conflicts (due to '200000')
c 
c --- [ parsing input ] ------------------------------------------------------
c 
c reading DIMACS file from '33.cubes6881.adj'
c opening file to read '33.cubes6881.adj'
c found 'p cnf 6160 1595474' header
c parsed 1595474 clauses in 19.03 seconds process time
c closing file '33.cubes6881.adj'
c after reading 1457566771 bytes 1390.0 MB
c 
c --- [ options ] ------------------------------------------------------------
c 
c all options are set to their default value
c 
c --- [ solving ] ------------------------------------------------------------
c 
c time measured in process time since initialization
c 
c  seconds    reductions  redundant   irredundant
c          MB     restarts       trail       variables
c            level   conflicts       glue         remaining
c 
c * 19.03 1381  0 0   0    0    0  0% 0 1595422 2321 38%
c { 20.61 1449  0 0   0    0    0  0% 0 1595422 2321 38%
c i 21.24 1458 1114 0   0   21   14 36% 3 1595422 2298 37%
c i 24.46 1508 106 0  36  283  101 23% 9 1595422 2297 37%
c i 24.47 1508 106 0  36  284  101 23% 9 1595422 2296 37%
c - 28.46 1411 104 1  40  300  113 23% 11 250130 2296 37%
c i 28.94 1377 91 1  54  356  135 23% 11 250130 2295 37%
c i 29.05 1377 92 1  59  373  149 23% 13 250130 2294 37%
c i 29.05 1377 91 1  60  375  150 23% 13 250130 2293 37%
c i 29.06 1377 91 1  60  376  150 23% 13 250130 2292 37%
c i 29.13 1377 90 1  64  386  159 24% 13 250130 2291 37%
c i 29.22 1377 89 1  70  412  179 24% 15 250130 2290 37%
c i 29.27 1377 89 1  73  420  185 24% 15 250130 2288 37%
c i 31.04 1378 70 1 122  792  386 24% 18 250130 2287 37%
c i 31.04 1378 70 1 122  794  387 24% 18 250130 2286 37%
c i 31.04 1378 70 1 123  795  387 24% 18 250130 2285 37%
c i 31.28 1378 68 1 133  841  423 24% 18 250130 2284 37%
c i 31.38 1378 68 1 137  859  440 24% 19 250130 2283 37%
c i 31.70 1379 65 1 144  907  470 24% 18 250130 2282 37%
c i 31.91 1379 67 1 148  952  501 24% 19 250130 2281 37%
c 
c  seconds    reductions  redundant   irredundant
c          MB     restarts       trail       variables
c            level   conflicts       glue         remaining
c 
c i 32.03 1379 68 1 152  972  510 24% 20 250130 2280 37%
c } 32.22 1379 68 1 160 1002  537 24% 20 250130 2280 37%
c [ 32.22 1379  0 1 160 1002  537  0% 0 250130 2280 37%
c O 32.23 1379  3 1 160 1003  538 18% 2 250130 2280 37%
c - 33.03 1492 17 2 160 1138  579 33% 13 250082 2280 37%
c i 33.17 1492 16 2 160 1218  621 33% 13 250082 2279 37%
c i 33.19 1492 16 2 160 1239  629 33% 13 250082 2278 37%
c i 33.20 1492 16 2 160 1273  635 33% 13 250082 2277 37%
c i 33.23 1492 17 2 160 1356  674 33% 15 250082 2276 37%
c i 33.29 1492 16 2 160 1550  762 33% 14 250082 2275 37%
c i 33.32 1492 16 2 160 1690  822 33% 14 250082 2274 37%
c i 33.34 1492 16 2 160 1698  825 33% 14 250082 2273 37%
c - 33.82 1491 16 3 161 2396  946 33% 13 250061 2273 37%
c i 34.24 1490 19 3 161 2568 1057 53% 15 250061 2272 37%
c ] 34.40 1490 19 3 161 3002 1268 54% 16 250061 2272 37%
c { 34.40 1490 68 3 161 3002 1268 66% 20 250061 2272 37%
c F 34.44 1490 68 3 163 3006 1271 66% 20 250061 2272 37%
c i 34.44 1490 68 3 163 3006 1271 66% 20 250061 2271 37%
c i 34.45 1490 68 3 163 3007 1271 66% 20 250061 2270 37%
c i 34.99 1490 70 3 179 3077 1333 65% 23 250061 2269 37%
c 
c  seconds    reductions  redundant   irredundant
c          MB     restarts       trail       variables
c            level   conflicts       glue         remaining
c 
c i 35.04 1490 70 3 184 3094 1348 64% 23 250061 2268 37%
c i 35.09 1490 69 3 188 3110 1363 64% 23 250061 2267 37%
c i 35.18 1490 69 3 194 3135 1387 64% 24 250061 2266 37%
c i 35.19 1490 69 3 195 3137 1388 64% 24 250061 2265 37%
c i 35.37 1490 70 3 207 3182 1415 63% 24 250061 2264 37%
c i 36.01 1490 71 3 227 3259 1484 62% 25 250061 2263 37%
c } 36.35 1491 68 3 237 3369 1581 61% 25 250061 2263 37%
c 1 36.35 1491 68 3 237 3369 1581 61% 25 250061 2263 37%
c 
c --- [ writing output ] -----------------------------------------------------
c 
c writing simplified CNF to DIMACS file 'simp/33.cubes6881.adj.simp1'
c * 36.35 1491 68 3 237 3369 1581 61% 25 250061 2263 37%
c opening file to write 'simp/33.cubes6881.adj.simp1'
c writing 'p cnf 6160 250031' header
c closing file 'simp/33.cubes6881.adj.simp1'
c after writing 125374521 bytes 119.6 MB
c wrote 250031 clauses in 0.91 seconds process time
c 
c --- [ writing extension ] --------------------------------------------------
c 
c writing extension stack to 'simp/33.cubes6881.adj.ext1'
c opening file to write 'simp/33.cubes6881.adj.ext1'
c closing file 'simp/33.cubes6881.adj.ext1'
c after writing 11230 bytes 0.0 MB
c wrote 753 witnesses in 0.00 seconds process time
c 
c --- [ result ] -------------------------------------------------------------
c 
s SATISFIABLE
c 
c --- [ run-time profiling ] -------------------------------------------------
c 
c process time taken by individual solving procedures
c (percentage relative to process time for solving)
c 
c        19.03  109.87% parse
c        17.32  100.00% search
c        13.56   78.32% unstable
c         2.17   12.55% stable
c         1.58    9.13% lucky
c         0.00    0.00% simplify
c   =================================
c        17.32   46.48% solve
c 
c last line shows process time for solving
c (percentage relative to total process time)
c 
c --- [ statistics ] ---------------------------------------------------------
c 
c chronological:               830        24.64 %  of conflicts
c conflicts:                  3369       194.54    per second
c decisions:                 23416      1352.15    per second
c fixed:                       753        12.22 %  of all variables
c learned:                    3278        97.30 %  per conflict
c learned_lits:             513353       100.00 %  learned literals
c minimized:                     0         0.00 %  learned literals
c shrunken:                 373860        72.83 %  learned literals
c minishrunken:              17800         3.47 %  learned literals
c propagations:             428663         0.02 M  per second
c reduced:                     312         9.26 %  per conflict
c rephased:                      2      1684.50    interval
c restarts:                    237        14.22    interval
c stabilizing:                   1        59.36 %  of conflicts
c subsumed:                   1347         0.04 %  of all clauses
c 
c seconds are measured in process time for solving
c 
c --- [ resources ] ----------------------------------------------------------
c 
c total process time since initialization:        37.26    seconds
c total real time since initialization:          944.05    seconds
c maximum resident set size of process:         1603.22    MB
c 
c --- [ shutting down ] ------------------------------------------------------
c 
c exit 10
WARNING! DIMACS header mismatch: wrong number of variables.
============================[ Problem Statistics ]=============================
|                                                                             |
|  Number of variables:          6120                                         |
|  Number of clauses:          250031                                         |
|  Parse time:                   1.74 s                                       |
|  Simplification time:          0.03 s                                       |
|                                                                             |
============================[ Search Statistics ]====================================================
| Conflicts |          ORIGINAL         |          LEARNT          | Num Sols |      SUBGRAPHS      |
|           |    Vars  Clauses Literals |    Limit  Clauses Lit/Cl |          | Canonical Noncanon. |
=====================================================================================================
|       103 |    6027   250034 27317551 |     2000      102    110 |        0 |        16         3 |
|       305 |    6024   250086 27318525 |     2000      301     72 |        0 |        37        55 |
|       535 |    6020   250091 27318688 |     2000      527     84 |        0 |        46        60 |
|      1191 |    6019   250410 27324384 |     2000     1182     53 |        0 |       289       379 |
|      4112 |    6019   252825 27363231 |     3595     3107     15 |        0 |       917      2794 |
|      6211 |    6016   254165 27386852 |     5000     3408     19 |        0 |      1312      4134 |
|      7446 |    6012   254261 27389820 |     5000     4639     44 |        0 |      1355      4230 |
|      9278 |    6009   254385 27392876 |     6297     3974     48 |        0 |      1396      4354 |
|     14677 |    6009   257222 27447004 |     7549     6226     18 |        0 |      2153      7191 |
|     27316 |    6007   266017 27628087 |    11208     5724     13 |        0 |      4318     15986 |
|     36333 |    6006   269268 27688615 |    12405     9138     55 |        0 |      5312     19237 |
|     45236 |    6005   269522 27694263 |    13611    11846     69 |        0 |      5398     19491 |
|     76846 |    6005   288158 28014735 |    18410    12656     20 |        0 |      9509     38127 |
|    118561 |    6005   310412 28441796 |    23208    13969     38 |        0 |     13660     60381 |
|    214281 |    6005   376940 29621855 |    31613    15894     18 |        0 |     26980    126909 |
|    285461 |    6005   404262 30080449 |    36412    20273     29 |        0 |     32292    154300 |
|    421653 |    6005   474770 31207449 |    43612    38265     39 |        0 |     44564    224808 |
|    567390 |    6005   521981 31923812 |    50830    44220     46 |        0 |     52220    272019 |
|    840131 |    6005   646933 33740356 |    62816    35947     27 |        0 |     71545    396971 |
=====================================================================================================
Number of solutions   : 0
Canonical subgraphs   : 85539          (18 /sec)
          order  3    : 1              (142857 /sec)
          order  4    : 1              (500000 /sec)
          order  5    : 1              (200000 /sec)
          order  6    : 1              (52632 /sec)
          order  7    : 2              (10152 /sec)
          order  8    : 5              (2318 /sec)
          order  9    : 15             (580 /sec)
          order 10    : 56             (170 /sec)
          order 11    : 254            (56 /sec)
          order 12    : 1077           (24 /sec)
          order 13    : 6942           (18 /sec)
          order 14    : 74552          (18 /sec)
          order 15    : 1712           (23 /sec)
          order 16    : 622            (15 /sec)
          order 17    : 257            (11 /sec)
          order 18    : 37             (9 /sec)
          order 19    : 4              (7 /sec)
          order 20    : 0              (-nan /sec)
          order 21    : 0              (-nan /sec)
          order 22    : 0              (-nan /sec)
Noncanonical subgraphs: 469650         (171 /sec)
          order  3    : 0              (-nan /sec)
          order  4    : 0              (-nan /sec)
          order  5    : 0              (-nan /sec)
          order  6    : 0              (-nan /sec)
          order  7    : 0              (-nan /sec)
          order  8    : 0              (-nan /sec)
          order  9    : 0              (-nan /sec)
          order 10    : 0              (-nan /sec)
          order 11    : 0              (-nan /sec)
          order 12    : 0              (-nan /sec)
          order 13    : 25547          (3073 /sec)
          order 14    : 117383         (953 /sec)
          order 15    : 319926         (124 /sec)
          order 16    : 5586           (161 /sec)
          order 17    : 574            (113 /sec)
          order 18    : 596            (113 /sec)
          order 19    : 38             (39 /sec)
          order 20    : 0              (-nan /sec)
          order 21    : 0              (-nan /sec)
Canonicity checking   : 4706.96 s
Noncanonicity checking: 2750.4 s
Total canonicity time : 7457.36 s
database reductions   : 58
restarts              : 2047
conflicts             : 1107807        (139 /sec)
decisions             : 1838364        (0.00 % random) (230 /sec)
propagations          : 116992226      (14632 /sec)
conflict literals     : 83948299       (54.60 % deleted)
actual reward         : 0.088892
Memory used           : 477.00 MB
CPU time              : 7995.89 s

UNSATISFIABLE
