c --- [ banner ] -------------------------------------------------------------
c 
c CaDiCaL Radically Simplified CDCL SAT Solver
c Copyright (c) 2016-2021 A. Biere, M. Fleury, N. Froleyks
c 
c Version 1.5.2 a5f15211db36c3956764e18194dd5bd63bf3b5e6
c g++ (GCC) 9.3.0 -Wall -Wextra -O3 -DNDEBUG
c Fri Oct 21 01:27:37 EDT 2022 Linux gra-login3 3.10.0-1160.66.1.el7.x86_64 x86_64
c 
c --- [ limit ] --------------------------------------------------------------
c 
c setting conflict limit to 200000 conflicts (due to '200000')
c 
c --- [ parsing input ] ------------------------------------------------------
c 
c reading DIMACS file from '33.cubes6948.adj'
c opening file to read '33.cubes6948.adj'
c found 'p cnf 6160 1595478' header
c parsed 1595478 clauses in 19.39 seconds process time
c closing file '33.cubes6948.adj'
c after reading 1457566795 bytes 1390.0 MB
c 
c --- [ options ] ------------------------------------------------------------
c 
c all options are set to their default value
c 
c --- [ solving ] ------------------------------------------------------------
c 
c time measured in process time since initialization
c 
c  seconds    reductions  redundant   irredundant
c          MB     restarts       trail       variables
c            level   conflicts       glue         remaining
c 
c * 19.39 1382  0 0   0    0    0  0% 0 1595422 2305 37%
c { 20.74 1443  0 0   0    0    0  0% 0 1595422 2305 37%
c i 22.66 1491 932 0   3   51   44 36% 5 1595422 2304 37%
c i 24.10 1504 517 0  13   92   78 32% 13 1595422 2303 37%
c i 25.12 1514 423 0  19  116   99 30% 20 1595422 2302 37%
c i 26.33 1519 249 0  37  206  156 28% 21 1595422 2301 37%
c i 26.40 1519 228 0  37  233  166 27% 19 1595422 2300 37%
c - 30.73 1464 187 1  39  300  208 27% 19 406382 2300 37%
c i 30.98 1402 176 1  39  320  219 27% 19 406382 2299 37%
c i 31.09 1402 172 1  39  329  227 27% 19 406382 2298 37%
c i 31.28 1402 167 1  39  354  245 27% 18 406382 2296 37%
c i 31.60 1402 162 1  40  377  263 27% 19 406382 2295 37%
c i 31.96 1402 143 1  56  447  323 27% 20 406382 2294 37%
c i 32.50 1403 131 1  76  542  403 27% 21 406382 2293 37%
c i 32.95 1404 130 1  84  574  430 28% 22 406382 2292 37%
c i 33.12 1404 130 1  88  587  440 27% 22 406382 2290 37%
c i 34.06 1405 129 1 104  647  497 27% 24 406382 2289 37%
c i 34.08 1405 129 1 105  650  499 27% 24 406382 2288 37%
c i 34.72 1405 125 1 113  698  541 27% 24 406382 2287 37%
c i 34.79 1405 124 1 113  708  549 27% 24 406382 2286 37%
c 
c  seconds     reductions  redundant   irredundant
c          MB      restarts       trail       variables
c             level   conflicts       glue         remaining
c 
c i 34.97 1405 121 1 114  732  569 27% 24 406382 2285 37%
c i 35.02 1405 117 1 114  757  590 27% 23 406382 2284 37%
c i 35.05 1405 116 1 114  763  595 27% 23 406382 2283 37%
c i 35.07 1405 115 1 114  775  606 27% 23 406382 2282 37%
c i 35.33 1405 105 1 118  883  687 28% 23 406382 2281 37%
c } 35.47 1405 95 1 118 1000  769 28% 23 406382 2281 37%
c [ 35.47 1405  0 1 118 1000  769  0% 0 406382 2281 37%
c O 35.48 1405 13 1 118 1004  773 27% 6 406382 2281 37%
c i 35.48 1405 10 1 118 1005  773 24% 5 406382 2273 37%
c i 35.67 1405 15 1 118 1058  813 28% 13 406382 2272 37%
c i 35.84 1405 19 1 118 1219  926 30% 16 406382 2271 37%
c i 35.84 1405 19 1 118 1220  926 30% 16 406382 2270 37%
c i 35.85 1405 19 1 118 1232  933 30% 16 406382 2269 37%
c - 36.60 1571 19 2 118 1268  877 30% 17 405880 2269 37%
c i 37.09 1571 17 2 118 2019 1387 31% 15 405880 2268 37%
c - 37.75 1571 17 3 119 2716 1443 31% 15 405877 2268 37%
c i 38.07 1571 17 3 119 2804 1504 51% 15 405877 2267 37%
c ] 38.17 1571 17 3 119 3003 1628 51% 15 405877 2267 37%
c { 38.17 1571 95 3 119 3003 1628 76% 23 405877 2267 37%
c F 38.22 1571 95 3 119 3005 1630 76% 23 405877 2267 37%
c 
c  seconds    reductions  redundant   irredundant
c          MB     restarts       trail       variables
c            level   conflicts       glue         remaining
c 
c i 38.45 1571 88 3 119 3103 1704 74% 22 405877 2266 37%
c i 38.47 1571 88 3 119 3112 1711 73% 22 405877 2265 37%
c i 38.75 1571 80 3 120 3318 1876 70% 22 405877 2264 37%
c i 38.76 1571 80 3 120 3322 1878 70% 22 405877 2263 37%
c i 38.82 1571 73 3 120 3498 2006 68% 21 405877 2262 37%
c i 38.86 1571 72 3 121 3550 2043 67% 21 405877 2261 37%
c i 38.90 1571 69 3 122 3633 2095 66% 21 405877 2260 37%
c i 39.45 1571 69 3 148 3733 2182 65% 22 405877 2259 37%
c i 40.47 1571 69 3 196 3936 2351 62% 23 405877 2258 37%
c i 40.94 1571 69 3 209 4026 2425 61% 24 405877 2257 37%
c i 40.96 1571 68 3 210 4029 2427 61% 24 405877 2256 37%
c i 41.36 1571 58 3 224 4591 2840 58% 22 405877 2255 37%
c - 41.80 1567 58 4 224 4648 2058 58% 22 405838 2255 37%
c i 41.96 1567 56 4 224 4799 2190 58% 22 405838 2254 37%
c i 42.04 1567 55 4 224 4898 2258 57% 22 405838 2253 37%
c i 42.05 1567 55 4 224 4900 2259 57% 22 405838 2252 37%
c i 42.10 1567 55 4 224 4948 2294 57% 22 405838 2251 37%
c 2 42.85 1567 54 4 234 5001 3180 57% 22 405806 2223 36%
c p 46.36 1567 54 4 234 5001 5279 57% 22 405806 2173 35%
c d 46.92 1567 54 4 234 5001 5204 57% 22 341465 2172 35%
c 
c  seconds    reductions  redundant   irredundant
c          MB     restarts       trail       variables
c            level   conflicts       glue         remaining
c 
c # 48.83 1567 49 4 270 6008 5995 54% 22 341463 2171 35%
c } 51.92 1567 49 4 396 7004 6795 53% 23 341463 2171 35%
c [ 51.92 1567 17 4 396 7004 6795 51% 15 341463 2171 35%
c - 52.30 1371 18 5 396 7062 3037 51% 15 341463 2171 35%
c - 53.83 1372 20 6 398 9824 2963 50% 17 341463 2171 35%
c I 53.98 1372 20 6 398 10011 3076 50% 17 341463 2171 35%
c - 58.38 1372 22 7 400 13045 3534 48% 18 341463 2171 35%
c 2 60.31 1372 21 7 401 15001 5889 48% 17 341463 2171 35%
c p 63.17 1372 21 7 401 15001 8153 48% 17 341463 2171 35%
c ] 63.38 1372 21 7 401 15006 8158 48% 17 341463 2171 35%
c { 63.38 1372 49 7 401 15006 8158 53% 23 341463 2171 35%
c B 63.52 1372 49 7 401 15012 8163 53% 23 341463 2171 35%
c - 69.76 1372 47 8 578 16725 4669 50% 24 341463 2171 35%
c s 71.40 1373 41 8 584 18870 6059 50% 22 338478 2171 35%
c v 77.95 1373 41 8 584 18870 6059 50% 22 338464 2171 35%
c w 78.15 1373 41 8 584 18870 6055 50% 22 338464 2171 35%
c t 78.16 1373 41 8 584 18870 6040 50% 22 338458 2171 35%
c e 79.27 1374 41 8 584 18870 5830 50% 22 336025 859 14%
c s 79.39 1374 41 8 584 18870 5830 50% 22 335736 859 14%
c } 80.91 1374 40 8 584 19005 5930 73% 22 335736 859 14%
c 
c  seconds    reductions   redundant   irredundant
c          MB     restarts        trail       variables
c            level    conflicts       glue        remaining
c 
c 1 80.91 1374 40 8 584 19005 5930 73% 22 335736 859 14%
c 
c --- [ writing output ] -----------------------------------------------------
c 
c writing simplified CNF to DIMACS file 'simp/33.cubes6948.adj.simp1'
c * 80.91 1374 40 8 584 19005 5930 73% 22 335736 859 14%
c opening file to write 'simp/33.cubes6948.adj.simp1'
c writing 'p cnf 6160 335736' header
c closing file 'simp/33.cubes6948.adj.simp1'
c after writing 140258184 bytes 133.8 MB
c wrote 335736 clauses in 0.97 seconds process time
c 
c --- [ writing extension ] --------------------------------------------------
c 
c writing extension stack to 'simp/33.cubes6948.adj.ext1'
c opening file to write 'simp/33.cubes6948.adj.ext1'
c closing file 'simp/33.cubes6948.adj.ext1'
c after writing 84321 bytes 0.1 MB
c wrote 3809 witnesses in 0.00 seconds process time
c 
c --- [ result ] -------------------------------------------------------------
c 
s SATISFIABLE
c 
c --- [ run-time profiling ] -------------------------------------------------
c 
c process time taken by individual solving procedures
c (percentage relative to process time for solving)
c 
c        44.57   72.46% search
c        32.02   52.06% unstable
c        19.39   31.52% parse
c        16.94   27.54% simplify
c        11.20   18.21% stable
c         6.72   10.92% vivify
c         6.37   10.36% probe
c         2.07    3.36% elim
c         1.35    2.19% lucky
c         0.24    0.40% subsume
c         0.10    0.16% ternary
c   =================================
c        61.52   75.13% solve
c 
c last line shows process time for solving
c (percentage relative to total process time)
c 
c --- [ statistics ] ---------------------------------------------------------
c 
c chronological:              3883        20.43 %  of conflicts
c conflicts:                 19005       308.93    per second
c decisions:                 61020       991.91    per second
c eliminated:                 1312        21.30 %  of all variables
c fixed:                       833        13.52 %  of all variables
c learned:                   18607        97.91 %  per conflict
c learned_lits:            3115333       100.00 %  learned literals
c minimized:                     0         0.00 %  learned literals
c shrunken:                1913434        61.42 %  learned literals
c minishrunken:             276854         8.89 %  learned literals
c propagations:            2956616         0.05 M  per second
c reduced:                    7260        38.20 %  per conflict
c rephased:                      5      3801.00    interval
c restarts:                    584        32.54    interval
c stabilizing:                   2        52.64 %  of conflicts
c substituted:                  12         0.19 %  of all variables
c subsumed:                   8617         0.26 %  of all clauses
c strengthened:               6097         0.18 %  of all clauses
c ternary:                    1850         0.54 %  of resolved
c vivified:                     26         0.00 %  of all clauses
c weakened:                   2976         2.96    average size
c 
c seconds are measured in process time for solving
c 
c --- [ resources ] ----------------------------------------------------------
c 
c total process time since initialization:        81.88    seconds
c total real time since initialization:           82.09    seconds
c maximum resident set size of process:         1736.42    MB
c 
c --- [ shutting down ] ------------------------------------------------------
c 
c exit 10
WARNING! DIMACS header mismatch: wrong number of variables.
============================[ Problem Statistics ]=============================
|                                                                             |
|  Number of variables:          3498                                         |
|  Number of clauses:          335736                                         |
|  Parse time:                   1.89 s                                       |
|  Simplification time:          0.06 s                                       |
|                                                                             |
============================[ Search Statistics ]====================================================
| Conflicts |          ORIGINAL         |          LEARNT          | Num Sols |      SUBGRAPHS      |
|           |    Vars  Clauses Literals |    Limit  Clauses Lit/Cl |          | Canonical Noncanon. |
=====================================================================================================
|       122 |    3402   335758 30841734 |     2000      122    135 |        0 |        23        22 |
|       315 |    3402   335801 30842548 |     2000      315     81 |        0 |        43        65 |
|       559 |    3402   335820 30842917 |     2000      559     91 |        0 |        51        84 |
|       991 |    3402   335915 30845143 |     2000      991     91 |        0 |        57       179 |
|      5140 |    3402   339558 30914427 |     5007     2347     17 |        0 |       990      3822 |
|     10667 |    3402   344326 30997140 |     6304     5371     16 |        0 |      1922      8590 |
|     19144 |    3402   351664 31124080 |     8782     6926     25 |        0 |      2936     15928 |
|     21139 |    3402   351951 31129242 |     9995     4534     14 |        0 |      2984     16215 |
|     24453 |    3402   352703 31145752 |     9995     7848     42 |        0 |      3157     16967 |
|     29716 |    3402   354122 31171815 |    11198     8114     31 |        0 |      3338     18386 |
|     37986 |    3402   356626 31217651 |    12404    10790     37 |        0 |      3816     20890 |
|     54686 |    3402   364677 31358696 |    14807    14493     29 |        0 |      5507     28941 |
|     68229 |    3402   365246 31369880 |    17220    12649     45 |        0 |      5648     29510 |
|    121886 |    3402   399442 31983956 |    23219    17305     38 |        0 |      9312     63706 |
|    151935 |    3402   400299 31999573 |    25614    23549     54 |        0 |      9450     64563 |
|    196102 |    3402   400677 32006988 |    29218    27520     63 |        0 |      9590     64941 |
|    261884 |    3402   400775 32010044 |    34010    31294     62 |        0 |      9665     65039 |
|    360666 |    3402   401031 32017463 |    40006    39072     66 |        0 |      9886     65295 |
|    509745 |    3402   402321 32052099 |    48425    35570     59 |        0 |     10376     66585 |
|    732489 |    3402   403382 32082053 |    58020    47909     67 |        0 |     10874     67646 |
|   1130411 |    3402   468779 33167487 |    72416    58227     62 |        0 |     18667    133043 |
|   1751832 |    3402   591412 35177142 |    90414    73646     55 |        0 |     25807    255676 |
|   2503640 |    3402   595038 35276185 |   108417    84457     55 |        0 |     27161    259302 |
|   3825605 |    3402   794729 38760377 |   134828    75433     37 |        0 |     44538    458993 |
|   5992693 |    3397  1271060 45652068 |   168416   127774     29 |        0 |     74730    942670 |
=====================================================================================================
Number of solutions   : 0
Canonical subgraphs   : 77960          (27 /sec)
          order  3    : 1              (142857 /sec)
          order  4    : 1              (333333 /sec)
          order  5    : 1              (142857 /sec)
          order  6    : 1              (38462 /sec)
          order  7    : 1              (5495 /sec)
          order  8    : 2              (1060 /sec)
          order  9    : 7              (341 /sec)
          order 10    : 33             (117 /sec)
          order 11    : 209            (50 /sec)
          order 12    : 1135           (23 /sec)
          order 13    : 6142           (29 /sec)
          order 14    : 60802          (30 /sec)
          order 15    : 5660           (16 /sec)
          order 16    : 3583           (17 /sec)
          order 17    : 286            (8 /sec)
          order 18    : 86             (6 /sec)
          order 19    : 8              (11 /sec)
          order 20    : 2              (10 /sec)
          order 21    : 0              (-nan /sec)
          order 22    : 0              (-nan /sec)
Noncanonical subgraphs: 978714         (205 /sec)
          order  3    : 0              (-nan /sec)
          order  4    : 0              (-nan /sec)
          order  5    : 0              (-nan /sec)
          order  6    : 0              (-nan /sec)
          order  7    : 0              (-nan /sec)
          order  8    : 0              (-nan /sec)
          order  9    : 0              (-nan /sec)
          order 10    : 0              (-nan /sec)
          order 11    : 0              (-nan /sec)
          order 12    : 0              (-nan /sec)
          order 13    : 27341          (2637 /sec)
          order 14    : 118437         (1270 /sec)
          order 15    : 814622         (178 /sec)
          order 16    : 13662          (160 /sec)
          order 17    : 4497           (156 /sec)
          order 18    : 154            (46 /sec)
          order 19    : 1              (1156 /sec)
          order 20    : 0              (-nan /sec)
          order 21    : 0              (-nan /sec)
Canonicity checking   : 2922.09 s
Noncanonicity checking: 4785.42 s
Total canonicity time : 7707.51 s
database reductions   : 139
restarts              : 9788
conflicts             : 6094141        (592 /sec)
decisions             : 8244630        (0.00 % random) (801 /sec)
propagations          : 286734343      (27855 /sec)
conflict literals     : 586349659      (54.69 % deleted)
actual reward         : 0.242037
Memory used           : 656.00 MB
CPU time              : 10293.9 s

UNSATISFIABLE
