c --- [ banner ] -------------------------------------------------------------
c 
c CaDiCaL Radically Simplified CDCL SAT Solver
c Copyright (c) 2016-2021 A. Biere, M. Fleury, N. Froleyks
c 
c Version 1.5.2 a5f15211db36c3956764e18194dd5bd63bf3b5e6
c g++ (GCC) 9.3.0 -Wall -Wextra -O3 -DNDEBUG
c Fri Oct 21 01:27:37 EDT 2022 Linux gra-login3 3.10.0-1160.66.1.el7.x86_64 x86_64
c 
c --- [ limit ] --------------------------------------------------------------
c 
c setting conflict limit to 200000 conflicts (due to '200000')
c 
c --- [ parsing input ] ------------------------------------------------------
c 
c reading DIMACS file from '33.cubes4617.adj'
c opening file to read '33.cubes4617.adj'
c found 'p cnf 6160 1595470' header
c parsed 1595470 clauses in 19.71 seconds process time
c closing file '33.cubes4617.adj'
c after reading 1457566741 bytes 1390.0 MB
c 
c --- [ options ] ------------------------------------------------------------
c 
c all options are set to their default value
c 
c --- [ solving ] ------------------------------------------------------------
c 
c time measured in process time since initialization
c 
c  seconds    reductions  redundant   irredundant
c          MB     restarts       trail       variables
c            level   conflicts       glue         remaining
c 
c * 19.71 1369  0 0   0    0    0  0% 0 1595422 2561 42%
c { 20.42 1407  0 0   0    0    0  0% 0 1595422 2561 42%
c i 21.15 1438 678 0   0   10    8 28% 1 1595422 2438 40%
c i 21.81 1461 811 0   1   17   13 32% 5 1595422 2327 38%
c i 23.12 1487 536 0   6   41   32 30% 7 1595422 2309 37%
c i 23.51 1492 417 0   7   53   41 28% 8 1595422 2308 37%
c i 24.23 1498 326 0  11   75   58 28% 18 1595422 2307 37%
c i 24.30 1498 318 0  12   77   59 28% 18 1595422 2306 37%
c i 24.31 1498 314 0  12   78   59 28% 18 1595422 2305 37%
c i 24.47 1499 265 0  17   96   73 28% 23 1595422 2304 37%
c i 25.22 1506 215 0  25  125  100 28% 23 1595422 2303 37%
c i 25.35 1506 203 0  27  133  106 28% 23 1595422 2302 37%
c i 25.43 1507 201 0  28  135  107 28% 23 1595422 2301 37%
c i 25.57 1507 197 0  29  140  111 28% 23 1595422 2300 37%
c i 25.69 1509 190 0  30  146  115 28% 23 1595422 2299 37%
c i 25.83 1509 180 0  30  156  124 28% 23 1595422 2298 37%
c i 25.83 1509 179 0  30  157  124 28% 22 1595422 2297 37%
c i 26.03 1509 164 0  30  173  137 28% 22 1595422 2296 37%
c i 26.11 1509 161 0  30  178  141 28% 21 1595422 2295 37%
c i 26.27 1509 159 0  30  184  145 27% 21 1595422 2294 37%
c 
c  seconds     reductions  redundant    irredundant
c          MB      restarts       trail        variables
c             level   conflicts       glue          remaining
c 
c i 26.29 1509 159 0  30  186  146 27% 21 1595422 2289 37%
c i 26.55 1509 151 0  31  216  171 27% 23 1595422 2279 37%
c i 26.62 1509 150 0  33  223  177 27% 23 1595422 2276 37%
c i 26.62 1509 150 0  33  228  179 27% 23 1595422 2274 37%
c i 26.80 1509 149 0  36  237  187 27% 23 1595422 2273 37%
c i 26.81 1509 149 0  37  240  189 27% 23 1595422 2272 37%
c i 26.91 1509 146 0  38  251  197 27% 22 1595422 2270 37%
c i 27.05 1510 141 0  40  276  217 27% 24 1595422 2269 37%
c - 30.72 1474 135 1  47  300  231 27% 24 223547 2269 37%
c i 30.99 1436 133 1  49  310  239 27% 24 223547 2268 37%
c i 31.14 1436 129 1  52  330  257 27% 24 223547 2267 37%
c i 31.27 1436 124 1  53  355  278 27% 25 223547 2266 37%
c i 31.28 1436 124 1  54  356  278 27% 24 223547 2265 37%
c i 31.31 1436 123 1  55  361  282 27% 24 223547 2264 37%
c i 31.41 1436 120 1  57  379  297 27% 24 223547 2263 37%
c i 31.44 1436 117 1  57  396  310 27% 24 223547 2262 37%
c i 31.44 1436 117 1  57  397  310 27% 24 223547 2261 37%
c i 31.47 1436 112 1  57  422  329 28% 23 223547 2260 37%
c i 31.48 1436 109 1  57  435  340 28% 23 223547 2259 37%
c i 31.56 1436 106 1  59  481  380 28% 23 223547 2258 37%
c 
c  seconds    reductions  redundant   irredundant
c          MB     restarts       trail       variables
c            level   conflicts       glue         remaining
c 
c i 31.59 1436 94 1  60  554  428 28% 22 223547 2257 37%
c i 31.60 1436 94 1  60  555  428 28% 22 223547 2256 37%
c i 31.60 1436 94 1  60  556  428 28% 22 223547 2255 37%
c i 31.60 1436 92 1  60  566  437 28% 22 223547 2254 37%
c i 31.60 1436 92 1  60  572  437 28% 22 223547 2253 37%
c i 31.60 1436 91 1  60  573  437 28% 22 223547 2252 37%
c i 31.61 1436 87 1  60  609  461 28% 21 223547 2251 37%
c i 31.61 1436 87 1  60  624  464 28% 21 223547 2250 37%
c i 31.61 1436 86 1  60  630  469 28% 21 223547 2249 37%
c i 31.62 1436 83 1  60  660  497 28% 21 223547 2248 36%
c i 31.64 1436 74 1  60  765  568 28% 19 223547 2247 36%
c i 31.64 1436 74 1  60  766  568 28% 19 223547 2246 36%
c i 31.64 1436 74 1  60  767  568 28% 19 223547 2245 36%
c i 31.65 1436 73 1  60  777  575 28% 19 223547 2243 36%
c i 31.65 1436 73 1  60  779  576 28% 19 223547 2242 36%
c i 31.67 1436 69 1  60  832  612 28% 19 223547 2241 36%
c i 31.67 1436 69 1  60  842  620 28% 18 223547 2240 36%
c } 31.70 1436 60 1  60 1003  710 29% 17 223547 2240 36%
c [ 31.70 1436  0 1  60 1003  710  0% 0 223547 2240 36%
c O 31.72 1436  2 1  60 1004  711 17% 1 223547 2240 36%
c 
c  seconds    reductions  redundant  irredundant
c          MB     restarts       trail      variables
c            level   conflicts       glue        remaining
c 
c i 31.72 1436  1 1  60 1006  712 16% 1 223547 2222 36%
c i 31.72 1436  1 1  60 1007  712 16% 0 223547 2201 36%
c i 31.87 1436 12 1  60 1019  722 25% 7 223547 2200 36%
c i 31.98 1436 22 1  60 1104  782 31% 19 223547 2199 36%
c - 32.43 1527 22 2  60 1110  684 32% 19 222950 2199 36%
c i 32.54 1527 22 2  60 1154  723 32% 19 222950 2198 36%
c i 32.55 1527 22 2  60 1158  725 32% 19 222950 2197 36%
c i 32.56 1527 21 2  60 1168  730 32% 18 222950 2196 36%
c i 32.57 1527 21 2  60 1188  743 32% 18 222950 2195 36%
c i 32.59 1527 20 2  60 1217  761 32% 17 222950 2194 36%
c i 32.62 1527 20 2  60 1275  804 32% 17 222950 2193 36%
c i 32.62 1527 20 2  60 1278  806 32% 17 222950 2192 36%
c i 32.63 1527 21 2  60 1299  822 32% 18 222950 2191 36%
c i 32.63 1527 21 2  60 1305  825 32% 18 222950 2190 36%
c i 32.63 1527 21 2  60 1309  828 32% 18 222950 2189 36%
c i 32.63 1527 21 2  60 1311  828 32% 18 222950 2188 36%
c i 32.64 1527 21 2  60 1315  831 32% 18 222950 2187 36%
c i 32.65 1527 22 2  60 1371  865 32% 19 222950 2186 35%
c i 32.67 1527 22 2  60 1421  897 32% 19 222950 2185 35%
c i 32.67 1527 22 2  60 1423  898 32% 19 222950 2184 35%
c 
c  seconds    reductions  redundant   irredundant
c          MB     restarts       trail       variables
c            level   conflicts       glue         remaining
c 
c i 32.67 1527 22 2  60 1434  905 32% 19 222950 2183 35%
c i 32.69 1527 22 2  60 1493  944 32% 18 222950 2182 35%
c i 32.74 1527 21 2  60 1695 1088 32% 18 222950 2181 35%
c i 32.75 1527 21 2  60 1703 1094 32% 18 222950 2180 35%
c i 32.75 1527 21 2  60 1721 1099 32% 18 222950 2179 35%
c i 32.85 1527 20 2  60 2035 1317 32% 17 222950 2178 35%
c - 33.23 1524 19 3  61 2324 1150 32% 16 222891 2178 35%
c ] 33.65 1524 19 3  61 3003 1483 53% 16 222891 2178 35%
c { 33.65 1524 60 3  61 3003 1483 81% 17 222891 2178 35%
c F 33.70 1524 60 3  61 3005 1485 81% 17 222891 2178 35%
c i 33.72 1524 60 3  61 3009 1488 81% 17 222891 2177 35%
c i 34.06 1524 53 3  61 3253 1649 74% 16 222891 2176 35%
c i 34.33 1524 52 3  70 3328 1708 71% 17 222891 2171 35%
c i 34.55 1524 55 3  83 3381 1755 70% 19 222891 2170 35%
c i 34.64 1524 55 3  89 3403 1772 70% 20 222891 2169 35%
c i 34.82 1524 55 3 100 3449 1815 69% 20 222891 2168 35%
c i 35.23 1524 55 3 130 3576 1919 67% 21 222891 2151 35%
c i 35.42 1524 55 3 139 3612 1948 66% 21 222891 2149 35%
c i 35.49 1524 56 3 143 3631 1964 66% 22 222891 2148 35%
c i 35.51 1524 56 3 144 3634 1966 66% 22 222891 2147 35%
c 
c  seconds    reductions  redundant   irredundant
c          MB     restarts       trail       variables
c            level   conflicts       glue         remaining
c 
c i 35.68 1524 57 3 157 3685 2011 66% 23 222891 2146 35%
c i 35.81 1524 57 3 166 3715 2036 65% 23 222891 2145 35%
c i 35.82 1524 57 3 167 3717 2037 65% 23 222891 2144 35%
c i 35.83 1524 58 3 167 3726 2041 65% 23 222891 2142 35%
c i 35.95 1524 58 3 180 3778 2087 64% 24 222891 2141 35%
c i 36.02 1524 57 3 184 3810 2112 64% 24 222891 2140 35%
c i 36.03 1524 57 3 184 3828 2121 64% 23 222891 2139 35%
c i 36.07 1524 56 3 184 3868 2143 64% 23 222891 2138 35%
c i 36.07 1524 56 3 184 3879 2153 63% 23 222891 2137 35%
c i 36.07 1524 55 3 184 3900 2171 63% 23 222891 2136 35%
c - 36.36 1447 54 4 184 3941 1619 63% 23 222576 2136 35%
c i 36.51 1447 54 4 188 4007 1664 62% 23 222576 2135 35%
c i 36.51 1447 54 4 189 4011 1665 62% 23 222576 2134 35%
c d 37.05 1447 41 4 195 5001 2192 57% 19 191168 2123 34%
c 2 37.10 1447 41 4 195 5001 3185 57% 19 191140 2115 34%
c p 40.94 1447 41 4 195 5001 7522 57% 19 191140 2017 33%
c d 41.23 1447 41 4 195 5001 7175 57% 19 190358 2012 33%
c - 42.02 1349 36 5 211 5963 2207 54% 18 190358 2012 33%
c # 42.06 1349 36 5 211 6006 2240 54% 18 190358 2012 33%
c } 43.15 1349 33 5 214 7003 2992 52% 17 190358 2012 33%
c 
c  seconds    reductions  redundant   irredundant
c          MB     restarts       trail       variables
c            level   conflicts       glue         remaining
c 
c [ 43.15 1349 19 5 214 7003 2992 53% 16 190358 2012 33%
c - 43.63 1349 18 6 215 8266 2707 49% 16 190358 2012 33%
c I 44.33 1349 19 6 216 10007 3822 50% 16 190358 2012 33%
c - 45.33 1349 21 7 217 10954 3255 49% 18 190358 2012 33%
c - 48.14 1349 24 8 219 14024 3690 48% 20 190358 2012 33%
c d 48.67 1349 25 8 219 15002 4399 48% 21 190263 2011 33%
c 3 48.68 1349 25 8 219 15002 5410 48% 21 190259 2011 33%
c 3 48.69 1349 25 8 219 15002 5514 48% 21 190259 2011 33%
c 2 48.72 1349 25 8 219 15002 5507 48% 21 190256 2011 33%
c p 51.55 1349 25 8 219 15002 10622 48% 21 190256 2007 33%
c ] 51.63 1349 25 8 219 15003 10623 48% 21 190256 2007 33%
c { 51.63 1349 33 8 219 15003 10623 52% 17 190256 2007 33%
c B 51.71 1349 33 8 219 15010 10630 52% 17 190256 2007 33%
c - 53.98 1349 30 9 368 17479 4652 50% 17 190246 2007 33%
c s 54.37 1349 28 9 368 18567 5147 50% 17 187687 2007 33%
c v 57.32 1349 28 9 368 18567 5147 50% 17 187632 2007 33%
c t 57.40 1349 28 9 368 18567 5109 50% 17 187615 2007 33%
c e 57.92 1350 28 9 368 18567 4942 50% 17 185377 712 12%
c s 58.02 1350 28 9 368 18567 4941 50% 17 184563 712 12%
c W 60.35 1350 25 9 443 21012 6453 70% 16 184563 712 12%
c 
c  seconds    reductions    redundant   irredundant
c          MB      restarts        trail       variables
c            level     conflicts       glue        remaining
c 
c - 60.60 1350 25 10 449 21319 4827 69% 16 184563 712 12%
c - 64.08 1350 22 11 558 25498 4931 68% 15 184563 712 12%
c F 65.91 1350 21 11 656 28013 6433 68% 14 184563 712 12%
c 2 67.61 1350 21 11 715 30003 8370 67% 14 184560 712 12%
c p 68.86 1350 21 11 715 30003 10670 67% 14 184560 712 12%
c - 69.10 1350 21 12 715 30058 5671 67% 14 184560 712 12%
c } 69.35 1350 21 12 740 31004 6169 67% 14 184560 712 12%
c [ 69.35 1350 25 12 740 31004 6169 147% 21 184560 712 12%
c - 71.85 1350 25 13 742 34995 6446 121% 20 184560 712 12%
c B 72.28 1350 26 13 743 36014 7219 117% 21 184560 712 12%
c - 74.18 1350 26 14 746 40312 7245 105% 22 184560 712 12%
c W 76.80 1350 26 14 747 45015 10438 97% 22 184560 712 12%
c - 77.50 1350 26 15 747 46012 7583 96% 21 184560 712 12%
c p 80.01 1350 26 15 748 50003 13457 92% 22 184560 712 12%
c s 80.64 1350 26 15 748 50642 13931 91% 21 183955 712 12%
c v 82.54 1350 26 15 748 50642 13931 91% 21 183917 712 12%
c w 82.65 1350 26 15 748 50642 13878 91% 21 183917 712 12%
c t 82.66 1350 26 15 748 50642 13868 91% 21 183916 712 12%
c s 83.31 1351 26 15 748 50642 13867 91% 21 183163 712 12%
c - 84.72 1351 26 16 748 52091 8623 90% 21 183163 712 12%
c 
c  seconds    reductions     redundant   irredundant
c          MB      restarts         trail       variables
c            level     conflicts        glue        remaining
c 
c O 85.95 1351 25 16 749 55016 10611 88% 21 183163 712 12%
c - 86.73 1351 25 17 751 58535 8657 85% 20 183163 712 12%
c ] 87.89 1351 25 17 755 63004 11513 83% 21 183163 712 12%
c { 87.89 1351 21 17 755 63004 11513 67% 14 183163 712 12%
c - 88.94 1351 20 18 835 65357 8486 67% 14 183163 712 12%
c B 89.40 1351 20 18 854 66017 8861 67% 14 183163 712 12%
c - 92.36 1351 19 19 1097 72559 8355 68% 14 183163 712 12%
c p 96.10 1351 19 19 1330 75006 13175 68% 14 183163 712 12%
c W 97.26 1351 18 19 1362 78020 14817 68% 13 183163 712 12%
c - 98.49 1351 18 20 1401 80139 9667 68% 13 183163 712 12%
c - 100.46 1351 17 21 1578 88094 9406 68% 13 183163 712 12%
c # 101.14 1351 17 21 1656 91021 10928 68% 13 183163 712 12%
c - 103.11 1351 17 22 1933 96431 10063 69% 13 183163 712 12%
c 3 106.09 1351 16 22 2534 105007 15118 69% 13 183163 712 12%
c p 107.44 1351 16 22 2534 105007 18012 69% 13 183163 712 12%
c B 107.53 1351 16 22 2534 105023 18022 69% 13 183163 712 12%
c - 107.77 1351 16 23 2559 105144 10222 69% 13 183163 712 12%
c i 109.70 1351 16 23 2694 107591 11506 69% 13 183163 711 12%
c s 109.91 1351 16 23 2694 107591 11502 69% 13 182019 711 12%
c v 112.85 1351 16 23 2694 107591 11502 69% 13 181987 711 12%
c 
c  seconds     reductions       redundant   irredundant
c           MB      restarts           trail       variables
c             level      conflicts         glue        remaining
c 
c w 112.93 1351 16 23 2694 107591 11500 69% 13 181987 711 12%
c t 112.93 1351 16 23 2694 107591 11493 69% 13 181987 711 12%
c s 113.65 1352 16 23 2694 107591 11493 69% 13 181248 711 12%
c } 116.41 1352 16 23 3039 114224 14941 68% 13 181248 711 12%
c 1 116.41 1352 16 23 3039 114224 14941 68% 13 181248 711 12%
c 
c --- [ writing output ] -----------------------------------------------------
c 
c writing simplified CNF to DIMACS file 'simp/33.cubes4617.adj.simp1'
c * 116.41 1352 16 23 3039 114224 14941 68% 13 181248 711 12%
c opening file to write 'simp/33.cubes4617.adj.simp1'
c writing 'p cnf 6160 181248' header
c closing file 'simp/33.cubes4617.adj.simp1'
c after writing 66597288 bytes 63.5 MB
c wrote 181248 clauses in 0.48 seconds process time
c 
c --- [ writing extension ] --------------------------------------------------
c 
c writing extension stack to 'simp/33.cubes4617.adj.ext1'
c opening file to write 'simp/33.cubes4617.adj.ext1'
c closing file 'simp/33.cubes4617.adj.ext1'
c after writing 84357 bytes 0.1 MB
c wrote 3854 witnesses in 0.00 seconds process time
c 
c --- [ result ] -------------------------------------------------------------
c 
s SATISFIABLE
c 
c --- [ run-time profiling ] -------------------------------------------------
c 
c process time taken by individual solving procedures
c (percentage relative to process time for solving)
c 
c        71.98   74.44% search
c        49.45   51.14% unstable
c        24.72   25.56% simplify
c        20.69   21.40% stable
c        19.71   20.38% parse
c        11.83   12.24% probe
c         7.99    8.27% vivify
c         2.91    3.01% elim
c         1.12    1.16% walk
c         0.93    0.96% subsume
c         0.72    0.74% lucky
c         0.17    0.17% ternary
c   =================================
c        96.70   82.73% solve
c 
c last line shows process time for solving
c (percentage relative to total process time)
c 
c --- [ statistics ] ---------------------------------------------------------
c 
c chronological:             19881        17.41 %  of conflicts
c conflicts:                114224      1181.20    per second
c decisions:                196979      2036.97    per second
c eliminated:                 1295        21.02 %  of all variables
c fixed:                       993        16.12 %  of all variables
c learned:                  111567        97.67 %  per conflict
c learned_lits:           15898099       100.00 %  learned literals
c minimized:                     0         0.00 %  learned literals
c shrunken:               11196597        70.43 %  learned literals
c minishrunken:             942678         5.93 %  learned literals
c propagations:            7814165         0.08 M  per second
c reduced:                   53808        47.11 %  per conflict
c rephased:                     14      8158.86    interval
c restarts:                   3039        37.59    interval
c stabilizing:                   3        36.77 %  of conflicts
c substituted:                  17         0.28 %  of all variables
c subsumed:                  49299         1.40 %  of all clauses
c strengthened:              24306         0.69 %  of all clauses
c ternary:                    5035         0.92 %  of resolved
c vivified:                    200         0.01 %  of all clauses
c walked:                        3     38074.67    interval
c weakened:                   2861         3.05    average size
c 
c seconds are measured in process time for solving
c 
c --- [ resources ] ----------------------------------------------------------
c 
c total process time since initialization:       116.89    seconds
c total real time since initialization:          117.27    seconds
c maximum resident set size of process:         1614.77    MB
c 
c --- [ shutting down ] ------------------------------------------------------
c 
c exit 10
WARNING! DIMACS header mismatch: wrong number of variables.
============================[ Problem Statistics ]=============================
|                                                                             |
|  Number of variables:          3479                                         |
|  Number of clauses:          181258                                         |
|  Parse time:                   0.84 s                                       |
|  Simplification time:          0.02 s                                       |
|                                                                             |
============================[ Search Statistics ]====================================================
| Conflicts |          ORIGINAL         |          LEARNT          | Num Sols |      SUBGRAPHS      |
|           |    Vars  Clauses Literals |    Limit  Clauses Lit/Cl |          | Canonical Noncanon. |
=====================================================================================================
|       103 |    3378   181261 14450787 |     2000      103     98 |        0 |        11         3 |
|       255 |    3378   181263 14450805 |     2000      255     85 |        0 |        20         5 |
|       485 |    3378   181268 14450982 |     2000      485     81 |        0 |        22        10 |
|       844 |    3378   181290 14451388 |     2000      844     74 |        0 |        47        32 |
|      1367 |    3378   181307 14451573 |     2000     1367     68 |        0 |        59        49 |
|      2153 |    3378   181334 14451824 |     3601     1154     40 |        0 |        92        76 |
|      3318 |    3378   181360 14452205 |     3601     2319     50 |        0 |       116       102 |
|      5055 |    3378   181389 14452646 |     5005     2260     33 |        0 |       138       131 |
|      7660 |    3378   181432 14453365 |     5005     4865     49 |        0 |       165       174 |
|     11529 |    3378   181457 14453868 |     6307     6236     51 |        0 |       203       199 |
|     17315 |    3378   181477 14454224 |     8781     5096     39 |        0 |       211       219 |
|     26164 |    3378   181677 14456723 |     9994     9558     47 |        0 |       304       419 |
|     39476 |    3378   182015 14462220 |    12405    12281     51 |        0 |       434       757 |
|     59438 |    3378   182516 14470582 |    16010    11848     42 |        0 |       574      1258 |
|     88846 |    3378   182732 14474612 |    19615    15461     41 |        0 |       678      1474 |
|    132722 |    3363   182819 14476092 |    24410    16532     33 |        0 |       730      1561 |
=====================================================================================================
Number of solutions   : 0
Canonical subgraphs   : 761            (3 /sec)
          order  3    : 1              (166667 /sec)
          order  4    : 1              (500000 /sec)
          order  5    : 1              (200000 /sec)
          order  6    : 1              (55556 /sec)
          order  7    : 1              (8850 /sec)
          order  8    : 1              (1006 /sec)
          order  9    : 2              (151 /sec)
          order 10    : 6              (33 /sec)
          order 11    : 16             (7 /sec)
          order 12    : 68             (2 /sec)
          order 13    : 253            (2 /sec)
          order 14    : 165            (2 /sec)
          order 15    : 245            (4 /sec)
          order 16    : 0              (-nan /sec)
          order 17    : 0              (-nan /sec)
          order 18    : 0              (-nan /sec)
          order 19    : 0              (-nan /sec)
          order 20    : 0              (-nan /sec)
          order 21    : 0              (-nan /sec)
          order 22    : 0              (-nan /sec)
Noncanonical subgraphs: 1627           (374 /sec)
          order  3    : 0              (-nan /sec)
          order  4    : 0              (-nan /sec)
          order  5    : 0              (-nan /sec)
          order  6    : 0              (-nan /sec)
          order  7    : 0              (-nan /sec)
          order  8    : 0              (-nan /sec)
          order  9    : 0              (-nan /sec)
          order 10    : 0              (-nan /sec)
          order 11    : 0              (-nan /sec)
          order 12    : 0              (-nan /sec)
          order 13    : 525            (47383 /sec)
          order 14    : 735            (6862 /sec)
          order 15    : 213            (3151 /sec)
          order 16    : 154            (37 /sec)
          order 17    : 0              (-nan /sec)
          order 18    : 0              (-nan /sec)
          order 19    : 0              (-nan /sec)
          order 20    : 0              (-nan /sec)
          order 21    : 0              (-nan /sec)
Canonicity checking   : 283.191 s
Noncanonicity checking: 4.35309 s
Total canonicity time : 287.544 s
database reductions   : 20
restarts              : 427
conflicts             : 157708         (466 /sec)
decisions             : 215258         (0.00 % random) (636 /sec)
propagations          : 7545803        (22278 /sec)
conflict literals     : 10621839       (56.09 % deleted)
actual reward         : 0.271572
Memory used           : 176.00 MB
CPU time              : 338.713 s

UNSATISFIABLE
