c --- [ banner ] -------------------------------------------------------------
c 
c CaDiCaL Radically Simplified CDCL SAT Solver
c Copyright (c) 2016-2021 A. Biere, M. Fleury, N. Froleyks
c 
c Version 1.5.2 a5f15211db36c3956764e18194dd5bd63bf3b5e6
c g++ (GCC) 9.3.0 -Wall -Wextra -O3 -DNDEBUG
c Fri Oct 21 01:27:37 EDT 2022 Linux gra-login3 3.10.0-1160.66.1.el7.x86_64 x86_64
c 
c --- [ limit ] --------------------------------------------------------------
c 
c setting conflict limit to 200000 conflicts (due to '200000')
c 
c --- [ parsing input ] ------------------------------------------------------
c 
c reading DIMACS file from '33.cubes4204.adj'
c opening file to read '33.cubes4204.adj'
c found 'p cnf 6160 1595472' header
c parsed 1595472 clauses in 20.19 seconds process time
c closing file '33.cubes4204.adj'
c after reading 1457566752 bytes 1390.0 MB
c 
c --- [ options ] ------------------------------------------------------------
c 
c all options are set to their default value
c 
c --- [ solving ] ------------------------------------------------------------
c 
c time measured in process time since initialization
c 
c  seconds    reductions  redundant   irredundant
c          MB     restarts       trail       variables
c            level   conflicts       glue         remaining
c 
c * 20.19 1382  0 0   0    0    0  0% 0 1595422 2334 38%
c { 21.60 1432  0 0   0    0    0  0% 0 1595422 2334 38%
c i 25.57 1491 800 0   5   65   64 35% 12 1595422 2333 38%
c i 26.65 1496 421 0  12  128  101 29% 9 1595422 2310 38%
c i 26.69 1496 412 0  12  131  103 28% 9 1595422 2301 37%
c i 27.48 1497 327 0  12  167  133 29% 9 1595422 2300 37%
c i 27.86 1497 255 0  18  217  155 29% 9 1595422 2299 37%
c i 27.88 1497 254 0  18  218  155 29% 9 1595422 2298 37%
c i 27.94 1497 229 0  18  244  172 29% 9 1595422 2297 37%
c i 28.08 1497 208 0  18  269  184 30% 9 1595422 2296 37%
c - 32.05 1476 188 1  21  300  199 30% 9 302506 2257 37%
c i 32.87 1399 173 1  30  342  234 30% 14 302506 2256 37%
c i 33.42 1399 156 1  39  388  271 29% 14 302506 2255 37%
c i 33.97 1399 148 1  47  420  287 29% 15 302506 2254 37%
c i 33.98 1399 147 1  48  424  289 29% 15 302506 2253 37%
c i 33.99 1399 147 1  48  425  289 29% 15 302506 2252 37%
c i 33.99 1399 147 1  49  426  289 29% 15 302506 2251 37%
c i 34.48 1399 140 1  57  470  323 29% 15 302506 2245 36%
c i 35.09 1399 133 1  69  514  363 29% 17 302506 2244 36%
c i 35.36 1399 129 1  76  543  389 29% 17 302506 2243 36%
c 
c  seconds     reductions  redundant   irredundant
c          MB      restarts       trail       variables
c             level   conflicts       glue         remaining
c 
c i 35.45 1399 127 1  78  560  401 29% 18 302506 2242 36%
c i 35.46 1399 126 1  79  562  402 29% 18 302506 2241 36%
c i 35.78 1400 120 1  93  616  443 29% 18 302506 2240 36%
c i 35.90 1400 122 1  97  629  454 29% 19 302506 2239 36%
c i 35.92 1400 123 1  99  634  457 29% 19 302506 2238 36%
c i 36.08 1400 124 1 100  652  466 29% 21 302506 2237 36%
c i 36.10 1400 124 1 103  661  471 29% 21 302506 2236 36%
c i 36.32 1400 120 1 111  697  499 28% 21 302506 2235 36%
c i 36.48 1400 119 1 116  719  514 28% 22 302506 2234 36%
c i 36.52 1400 118 1 118  727  519 28% 22 302506 2233 36%
c i 36.56 1400 116 1 121  742  533 28% 22 302506 2232 36%
c i 36.83 1400 101 1 127  889  645 29% 22 302506 2231 36%
c i 36.83 1400 101 1 127  890  645 29% 22 302506 2230 36%
c i 37.03 1400 96 1 127  949  676 29% 21 302506 2229 36%
c i 37.15 1400 94 1 127  988  700 29% 21 302506 2228 36%
c } 37.18 1400 93 1 127 1000  708 29% 21 302506 2228 36%
c [ 37.18 1400  0 1 127 1000  708  0% 0 302506 2228 36%
c O 37.21 1400 18 1 127 1002  710 25% 12 302506 2228 36%
c i 37.43 1400 16 1 127 1042  737 27% 13 302506 2227 36%
c i 37.45 1400 17 1 127 1049  741 27% 14 302506 2226 36%
c 
c  seconds    reductions  redundant   irredundant
c          MB     restarts       trail       variables
c            level   conflicts       glue         remaining
c 
c i 37.62 1400 22 1 127 1134  810 30% 17 302506 2225 36%
c i 37.63 1400 22 1 127 1138  812 30% 17 302506 2224 36%
c i 37.64 1400 20 1 127 1159  827 30% 16 302506 2223 36%
c - 38.29 1512 19 2 127 1188  780 30% 15 300430 2223 36%
c i 38.41 1512 19 2 127 1214  798 31% 15 300430 2222 36%
c i 38.43 1512 19 2 127 1224  804 31% 15 300430 2221 36%
c i 38.45 1512 19 2 127 1231  805 31% 15 300430 2220 36%
c i 38.51 1512 18 2 127 1290  840 31% 14 300430 2219 36%
c i 38.58 1512 17 2 127 1338  871 31% 13 300430 2218 36%
c i 38.58 1512 17 2 127 1342  873 31% 13 300430 2217 36%
c i 38.62 1512 17 2 127 1377  895 31% 13 300430 2216 36%
c i 38.64 1512 17 2 127 1389  900 31% 13 300430 2215 36%
c i 38.73 1512 14 2 127 1596  963 31% 12 300430 2214 36%
c i 38.73 1512 14 2 127 1602  965 31% 12 300430 2213 36%
c i 38.88 1512 16 2 127 1771 1055 31% 13 300430 2212 36%
c i 38.92 1512 18 2 127 1818 1081 31% 14 300430 2211 36%
c i 38.96 1512 19 2 127 1869 1114 31% 15 300430 2210 36%
c - 39.72 1480 19 3 128 2519 1083 31% 15 300391 2210 36%
c ] 40.34 1479 18 3 128 3004 1300 51% 15 300391 2210 36%
c { 40.34 1479 93 3 128 3004 1300 80% 21 300391 2210 36%
c 
c  seconds    reductions  redundant   irredundant
c          MB     restarts       trail       variables
c            level   conflicts       glue         remaining
c 
c F 40.35 1479 93 3 128 3005 1301 80% 21 300391 2210 36%
c i 40.90 1479 84 3 128 3138 1406 76% 20 300391 2209 36%
c i 41.00 1479 83 3 128 3154 1419 76% 20 300391 2208 36%
c i 41.10 1480 82 3 128 3179 1439 75% 20 300391 2207 36%
c i 41.19 1479 80 3 128 3222 1473 74% 20 300391 2206 36%
c i 42.29 1480 74 3 160 3437 1638 69% 21 300391 2205 36%
c i 42.30 1480 74 3 160 3450 1650 69% 21 300391 2204 36%
c i 42.37 1480 73 3 160 3474 1670 68% 21 300391 2203 36%
c i 42.38 1480 73 3 160 3477 1672 68% 21 300391 2202 36%
c i 43.08 1479 54 3 160 4161 2041 59% 17 300391 2201 36%
c i 43.16 1479 52 3 160 4252 2096 58% 17 300391 2200 36%
c - 43.56 1477 51 4 160 4296 1621 58% 17 300361 2200 36%
c i 44.31 1477 46 4 177 4767 1959 56% 16 300361 2199 36%
c 2 45.26 1478 44 4 189 5002 2860 55% 16 300336 2174 35%
c p 54.35 1478 44 4 189 5002 5761 55% 16 300336 2111 34%
c d 54.74 1478 44 4 189 5002 5370 55% 16 249910 2107 34%
c # 57.12 1478 39 4 222 6006 6046 52% 16 249910 2107 34%
c - 58.69 1373 37 5 236 6512 2478 52% 16 249910 2107 34%
c } 59.67 1373 36 5 267 7005 2829 51% 16 249910 2107 34%
c [ 59.67 1373 18 5 267 7005 2829 51% 15 249910 2107 34%
c 
c  seconds    reductions  redundant   irredundant
c          MB     restarts       trail       variables
c            level   conflicts       glue         remaining
c 
c - 60.92 1374 19 6 268 9029 2951 52% 16 249910 2107 34%
c I 61.58 1374 19 6 269 10007 3676 52% 16 249910 2107 34%
c - 65.86 1374 21 7 271 11965 3273 49% 18 249910 2107 34%
c 2 72.47 1374 23 7 272 15002 6049 48% 20 249905 2107 34%
c p 74.41 1374 23 7 272 15002 8808 48% 20 249905 2107 34%
c ] 74.53 1374 23 7 272 15007 8812 48% 20 249905 2107 34%
c { 74.53 1374 36 7 272 15007 8812 51% 16 249905 2107 34%
c B 74.64 1374 36 7 272 15008 8813 51% 16 249905 2107 34%
c - 75.94 1374 36 8 319 15320 3840 50% 17 249905 2107 34%
c i 77.28 1374 32 8 336 16638 4589 49% 16 249905 2106 34%
c s 81.69 1374 28 8 395 18835 5623 48% 15 247611 2106 34%
c v 85.34 1374 28 8 395 18835 5623 48% 15 247588 2106 34%
c w 85.43 1374 28 8 395 18835 5617 48% 15 247588 2106 34%
c t 85.44 1374 28 8 395 18835 5612 48% 15 247579 2106 34%
c e 86.30 1375 28 8 395 18835 5276 48% 15 245232 778 13%
c s 86.42 1375 28 8 395 18835 5275 48% 15 244874 778 13%
c - 88.17 1376 28 9 395 19094 3737 68% 15 244874 778 13%
c W 92.13 1376 27 9 522 21009 4936 68% 15 244874 778 13%
c - 100.38 1375 27 10 860 23260 4889 66% 16 244874 778 13%
c - 111.83 1376 27 11 1317 27843 5847 67% 17 244874 778 13%
c 
c  seconds     reductions     redundant   irredundant
c           MB      restarts         trail       variables
c             level      conflicts       glue        remaining
c 
c F 112.00 1376 27 11 1317 28011 5976 67% 17 244874 778 13%
c d 113.35 1376 26 11 1331 30002 7322 68% 16 244739 777 13%
c p 115.07 1375 26 11 1331 30002 9306 68% 16 244739 777 13%
c } 116.03 1375 25 11 1333 31007 9933 68% 16 244739 777 13%
c [ 116.03 1376 23 11 1333 31007 9933 136% 20 244739 777 13%
c - 116.99 1376 24 12 1333 32846 6376 123% 20 244739 777 13%
c B 118.92 1376 22 12 1336 36012 8369 110% 19 244739 777 13%
c ] 119.76 1376 23 12 1336 36838 9024 108% 19 244739 777 13%
c 1 119.76 1376 23 12 1336 36838 9024 108% 19 244739 777 13%
c 
c --- [ writing output ] -----------------------------------------------------
c 
c writing simplified CNF to DIMACS file 'simp/33.cubes4204.adj.simp1'
c * 119.76 1376 23 12 1336 36838 9024 108% 19 244739 777 13%
c opening file to write 'simp/33.cubes4204.adj.simp1'
c writing 'p cnf 6160 244739' header
c closing file 'simp/33.cubes4204.adj.simp1'
c after writing 89961209 bytes 85.8 MB
c wrote 244739 clauses in 0.68 seconds process time
c 
c --- [ writing extension ] --------------------------------------------------
c 
c writing extension stack to 'simp/33.cubes4204.adj.ext1'
c opening file to write 'simp/33.cubes4204.adj.ext1'
c closing file 'simp/33.cubes4204.adj.ext1'
c after writing 84501 bytes 0.1 MB
c wrote 3860 witnesses in 0.00 seconds process time
c 
c --- [ result ] -------------------------------------------------------------
c 
s SATISFIABLE
c 
c --- [ run-time profiling ] -------------------------------------------------
c 
c process time taken by individual solving procedures
c (percentage relative to process time for solving)
c 
c        80.12   80.47% search
c        58.81   59.07% unstable
c        20.19   20.27% parse
c        19.70   19.79% stable
c        19.45   19.53% simplify
c        12.69   12.75% probe
c         3.71    3.73% vivify
c         1.63    1.63% elim
c         1.41    1.42% lucky
c         0.23    0.23% subsume
c         0.19    0.19% walk
c         0.14    0.14% ternary
c   =================================
c        99.57   82.67% solve
c 
c last line shows process time for solving
c (percentage relative to total process time)
c 
c --- [ statistics ] ---------------------------------------------------------
c 
c chronological:              7076        19.21 %  of conflicts
c conflicts:                 36838       369.97    per second
c decisions:                 92707       931.08    per second
c eliminated:                 1328        21.56 %  of all variables
c fixed:                       897        14.56 %  of all variables
c learned:                   35956        97.61 %  per conflict
c learned_lits:            5300390       100.00 %  learned literals
c minimized:                     0         0.00 %  learned literals
c shrunken:                3332598        62.87 %  learned literals
c minishrunken:             409192         7.72 %  learned literals
c propagations:            3984366         0.04 M  per second
c reduced:                   14853        40.32 %  per conflict
c rephased:                      8      4604.75    interval
c restarts:                   1336        27.57    interval
c stabilizing:                   3        42.99 %  of conflicts
c substituted:                  14         0.23 %  of all variables
c subsumed:                  14500         0.42 %  of all clauses
c strengthened:               8487         0.25 %  of all clauses
c ternary:                    1979         0.59 %  of resolved
c vivified:                     41         0.00 %  of all clauses
c walked:                        1     36838.00    interval
c weakened:                   2963         2.91    average size
c 
c seconds are measured in process time for solving
c 
c --- [ resources ] ----------------------------------------------------------
c 
c total process time since initialization:       120.44    seconds
c total real time since initialization:          122.61    seconds
c maximum resident set size of process:         1620.18    MB
c 
c --- [ shutting down ] ------------------------------------------------------
c 
c exit 10
WARNING! DIMACS header mismatch: wrong number of variables.
============================[ Problem Statistics ]=============================
|                                                                             |
|  Number of variables:          3245                                         |
|  Number of clauses:          244741                                         |
|  Parse time:                   1.23 s                                       |
|  Simplification time:          0.04 s                                       |
|                                                                             |
============================[ Search Statistics ]====================================================
| Conflicts |          ORIGINAL         |          LEARNT          | Num Sols |      SUBGRAPHS      |
|           |    Vars  Clauses Literals |    Limit  Clauses Lit/Cl |          | Canonical Noncanon. |
=====================================================================================================
|       101 |    3147   244742 19926641 |     2000      101    165 |        0 |        16         1 |
|       256 |    3147   244747 19926850 |     2000      256    102 |        0 |        27         6 |
|      1041 |    3147   245307 19935835 |     2000     1041     37 |        0 |       196       566 |
|      2557 |    3147   246486 19951237 |     3600     1557     11 |        0 |       566      1745 |
|      4471 |    3147   247894 19972117 |     3600     3471     13 |        0 |       980      3153 |
|      7612 |    3147   250276 20002902 |     5003     4815     11 |        0 |      1585      5535 |
|     13600 |    3147   255125 20070279 |     7552     5152     11 |        0 |      2834     10384 |
|     19968 |    3147   259785 20123750 |     8776     7744     10 |        0 |      3812     15044 |
|     30716 |    3147   267971 20218320 |    11201     9117      9 |        0 |      5099     23230 |
=====================================================================================================
Number of solutions   : 0
Canonical subgraphs   : 5347           (43 /sec)
          order  3    : 1              (125000 /sec)
          order  4    : 1              (250000 /sec)
          order  5    : 1              (142857 /sec)
          order  6    : 1              (34483 /sec)
          order  7    : 2              (7491 /sec)
          order  8    : 4              (1716 /sec)
          order  9    : 11             (477 /sec)
          order 10    : 48             (156 /sec)
          order 11    : 234            (83 /sec)
          order 12    : 1311           (41 /sec)
          order 13    : 3551           (42 /sec)
          order 14    : 182            (28 /sec)
          order 15    : 0              (-nan /sec)
          order 16    : 0              (-nan /sec)
          order 17    : 0              (-nan /sec)
          order 18    : 0              (-nan /sec)
          order 19    : 0              (-nan /sec)
          order 20    : 0              (-nan /sec)
          order 21    : 0              (-nan /sec)
          order 22    : 0              (-nan /sec)
Noncanonical subgraphs: 25570          (409 /sec)
          order  3    : 0              (-nan /sec)
          order  4    : 0              (-nan /sec)
          order  5    : 0              (-nan /sec)
          order  6    : 0              (-nan /sec)
          order  7    : 0              (-nan /sec)
          order  8    : 0              (-nan /sec)
          order  9    : 0              (-nan /sec)
          order 10    : 0              (-nan /sec)
          order 11    : 0              (-nan /sec)
          order 12    : 0              (-nan /sec)
          order 13    : 8583           (2120 /sec)
          order 14    : 16713          (291 /sec)
          order 15    : 274            (293 /sec)
          order 16    : 0              (-nan /sec)
          order 17    : 0              (-nan /sec)
          order 18    : 0              (-nan /sec)
          order 19    : 0              (-nan /sec)
          order 20    : 0              (-nan /sec)
          order 21    : 0              (-nan /sec)
Canonicity checking   : 125.159 s
Noncanonicity checking: 62.5069 s
Total canonicity time : 187.666 s
database reductions   : 8
restarts              : 125
conflicts             : 33745          (159 /sec)
decisions             : 67781          (0.00 % random) (319 /sec)
propagations          : 1772353        (8341 /sec)
conflict literals     : 419700         (63.73 % deleted)
actual reward         : 0.081966
Memory used           : 149.00 MB
CPU time              : 212.487 s

UNSATISFIABLE
