c --- [ banner ] -------------------------------------------------------------
c 
c CaDiCaL Radically Simplified CDCL SAT Solver
c Copyright (c) 2016-2021 A. Biere, M. Fleury, N. Froleyks
c 
c Version 1.5.2 a5f15211db36c3956764e18194dd5bd63bf3b5e6
c g++ (GCC) 9.3.0 -Wall -Wextra -O3 -DNDEBUG
c Fri Oct 21 01:27:37 EDT 2022 Linux gra-login3 3.10.0-1160.66.1.el7.x86_64 x86_64
c 
c --- [ limit ] --------------------------------------------------------------
c 
c setting conflict limit to 200000 conflicts (due to '200000')
c 
c --- [ parsing input ] ------------------------------------------------------
c 
c reading DIMACS file from '33.cubes3866.adj'
c opening file to read '33.cubes3866.adj'
c found 'p cnf 6160 1595478' header
c parsed 1595478 clauses in 19.20 seconds process time
c closing file '33.cubes3866.adj'
c after reading 1457566797 bytes 1390.0 MB
c 
c --- [ options ] ------------------------------------------------------------
c 
c all options are set to their default value
c 
c --- [ solving ] ------------------------------------------------------------
c 
c time measured in process time since initialization
c 
c  seconds    reductions  redundant   irredundant
c          MB     restarts       trail       variables
c            level   conflicts       glue         remaining
c 
c * 19.20 1389  0 0   0    0    0  0% 0 1595422 2260 37%
c { 20.32 1441  0 0   0    0    0  0% 0 1595422 2260 37%
c i 22.90 1501 502 0   3   58   51 30% 4 1595422 2253 37%
c i 25.35 1518 223 0  21  152  125 28% 13 1595422 2252 37%
c i 25.55 1521 210 0  24  165  136 28% 14 1595422 2251 37%
c i 25.56 1521 208 0  24  167  137 28% 14 1595422 2250 37%
c i 25.71 1521 198 0  26  176  145 28% 14 1595422 2240 36%
c i 26.43 1523 180 0  36  220  183 28% 27 1595422 2238 36%
c i 26.93 1523 164 0  44  251  210 28% 27 1595422 2237 36%
c - 32.26 1508 147 1  58  300  255 28% 27 434765 2237 36%
c i 33.66 1434 126 1  75  448  383 28% 27 434765 2236 36%
c i 33.73 1434 112 1  75  525  440 29% 27 434765 2235 36%
c i 33.98 1434 101 1  76  619  525 29% 27 434765 2234 36%
c i 34.10 1435 95 1  76  687  577 29% 26 434765 2233 36%
c i 35.24 1435 91 1 100  845  706 29% 29 434765 2232 36%
c i 35.31 1435 90 1 102  853  713 29% 29 434765 2231 36%
c i 35.53 1435 85 1 107  944  780 29% 28 434765 2230 36%
c i 35.59 1435 82 1 107  991  815 29% 28 434765 2229 36%
c i 35.62 1435 82 1 107  995  818 29% 28 434765 2219 36%
c } 35.64 1435 82 1 107 1000  822 29% 28 434765 2219 36%
c 
c  seconds    reductions  redundant  irredundant
c          MB     restarts       trail      variables
c            level   conflicts       glue        remaining
c 
c [ 35.64 1435  0 1 107 1000  822  0% 0 434765 2219 36%
c O 35.65 1435 50 1 107 1003  824 26% 29 434765 2219 36%
c i 35.65 1435 50 1 107 1003  824 26% 29 434765 2203 36%
c i 35.82 1435 19 1 107 1083  883 31% 15 434765 2202 36%
c - 36.69 1593 18 2 107 1282  941 33% 16 361519 2202 36%
c i 36.83 1593 20 2 107 1498 1085 33% 18 361519 2201 36%
c i 36.85 1593 21 2 107 1529 1101 33% 18 361519 2200 36%
c i 36.85 1593 21 2 107 1532 1102 33% 18 361519 2199 36%
c i 36.89 1593 21 2 107 1608 1146 33% 18 361519 2198 36%
c i 37.07 1593 22 2 108 2171 1472 32% 19 361519 2197 36%
c i 37.24 1593 21 2 108 2674 1805 32% 18 361519 2196 36%
c - 37.71 1592 21 3 108 2684 1313 32% 18 361501 2196 36%
c ] 38.18 1514 23 3 108 3001 1563 51% 19 361501 2196 36%
c { 38.18 1514 82 3 108 3001 1563 81% 28 361501 2196 36%
c F 38.31 1514 82 3 108 3005 1567 81% 28 361501 2196 36%
c i 38.67 1514 81 3 110 3045 1604 80% 28 361501 2195 36%
c i 39.03 1514 77 3 111 3195 1743 76% 27 361501 2194 36%
c i 39.04 1514 76 3 111 3216 1762 76% 27 361501 2193 36%
c i 39.05 1514 75 3 111 3227 1771 75% 27 361501 2192 36%
c i 39.30 1514 75 3 122 3310 1847 73% 28 361501 2191 36%
c 
c  seconds    reductions  redundant   irredundant
c          MB     restarts       trail       variables
c            level   conflicts       glue         remaining
c 
c i 39.31 1514 74 3 122 3314 1850 73% 28 361501 2190 36%
c i 39.36 1514 73 3 122 3337 1871 73% 27 361501 2189 36%
c i 39.75 1514 67 3 122 3536 2029 69% 25 361501 2188 36%
c i 39.88 1514 64 3 122 3643 2114 67% 25 361501 2187 36%
c i 39.91 1514 63 3 122 3691 2143 66% 25 361501 2186 35%
c i 39.97 1514 62 3 123 3788 2224 65% 25 361501 2185 35%
c i 40.09 1514 61 3 123 3868 2292 64% 24 361501 2184 35%
c i 40.13 1514 60 3 123 3901 2315 64% 24 361501 2183 35%
c i 40.43 1514 55 3 123 4165 2489 62% 23 361501 2182 35%
c i 40.51 1514 52 3 123 4340 2604 60% 22 361501 2181 35%
c - 41.07 1509 50 4 124 4553 2037 59% 22 361456 2181 35%
c i 42.59 1509 49 4 172 4904 2302 58% 23 361456 2180 35%
c i 42.77 1509 50 4 182 4940 2335 58% 23 361456 2179 35%
c 2 43.62 1509 51 4 199 5000 3547 57% 24 361438 2173 35%
c p 52.02 1509 51 4 199 5000 6978 57% 24 361438 2130 35%
c d 52.60 1509 51 4 199 5000 6873 57% 24 361318 2127 35%
c # 55.03 1509 47 4 231 6007 7706 54% 24 361318 2127 35%
c - 58.67 1504 46 5 303 6892 3243 53% 24 361318 2127 35%
c } 58.76 1504 46 5 303 7002 3323 53% 24 361318 2127 35%
c [ 58.76 1504 23 5 303 7002 3323 51% 19 361318 2127 35%
c 
c  seconds    reductions  redundant   irredundant
c          MB     restarts       trail       variables
c            level   conflicts       glue         remaining
c 
c - 60.12 1504 25 6 305 9696 3279 50% 21 361318 2127 35%
c I 60.39 1504 25 6 305 10010 3486 50% 21 361318 2127 35%
c - 64.20 1504 29 7 307 12969 4008 49% 24 361318 2127 35%
c p 68.56 1504 30 7 308 15001 9978 49% 25 361318 2126 35%
c ] 68.68 1504 30 7 308 15002 9979 49% 25 361318 2126 35%
c { 68.68 1504 46 7 308 15002 9979 53% 24 361318 2126 35%
c B 68.90 1504 45 7 308 15016 9992 53% 24 361318 2126 35%
c - 70.88 1504 41 8 337 16707 4790 51% 24 361315 2126 35%
c s 74.38 1504 38 8 371 18928 6334 50% 23 358442 2126 35%
c v 80.16 1504 38 8 371 18928 6334 50% 23 358435 2126 35%
c t 80.32 1504 38 8 371 18928 6319 50% 23 358428 2126 35%
c e 81.59 1505 38 8 371 18928 5853 50% 23 356483 919 15%
c s 81.72 1505 38 8 371 18928 5853 50% 23 350153 919 15%
c - 85.31 1362 34 9 373 20924 4898 67% 21 350153 919 15%
c W 85.57 1362 34 9 375 21017 4957 67% 21 350153 919 15%
c - 87.68 1362 29 10 384 25557 5583 66% 19 350153 919 15%
c F 93.79 1362 29 10 583 28019 7435 66% 20 350153 919 15%
c p 104.63 1362 31 10 830 30001 11909 65% 20 350153 918 15%
c - 105.96 1362 31 11 859 30655 6924 66% 20 350150 918 15%
c } 106.17 1362 30 11 859 31003 7103 66% 20 350150 918 15%
c 
c  seconds     reductions    redundant    irredundant
c           MB      restarts        trail        variables
c             level     conflicts        glue        remaining
c 
c [ 106.17 1362 30 11 859 31003 7103 116% 25 350150 918 15%
c B 108.05 1362 27 11 862 36021 10056 97% 22 350150 918 15%
c - 108.41 1362 27 12 862 36214 6854 97% 22 350150 918 15%
c - 112.31 1362 29 13 866 42238 8032 87% 24 350150 918 15%
c W 114.62 1362 30 13 866 45027 10095 85% 25 350150 918 15%
c - 116.53 1506 30 14 867 48725 8397 82% 25 350150 918 15%
c p 119.12 1506 29 14 867 50001 12228 81% 25 350150 918 15%
c s 121.06 1506 29 14 867 53223 14178 79% 25 348052 918 15%
c v 126.91 1506 29 14 867 53223 14178 79% 25 348036 918 15%
c w 127.10 1506 29 14 867 53223 14175 79% 25 348036 918 15%
c t 127.11 1506 29 14 867 53223 14166 79% 25 348036 918 15%
c e 128.32 1506 29 14 867 53223 14164 79% 25 348035 917 15%
c s 128.50 1506 29 14 867 53223 14164 79% 25 345526 917 15%
c O 130.97 1506 29 14 868 55029 15277 79% 25 345526 917 15%
c - 131.36 1362 29 15 869 55677 9039 78% 25 345526 917 15%
c ] 133.86 1362 28 15 874 63008 13476 76% 24 345526 917 15%
c { 133.86 1362 30 15 874 63008 13476 66% 20 345526 917 15%
c - 133.99 1362 30 16 883 63063 8800 66% 20 345526 917 15%
c B 135.00 1362 29 16 907 66033 10598 66% 20 345526 917 15%
c - 138.91 1505 27 17 1045 70909 9631 66% 19 345526 917 15%
c 
c  seconds     reductions      redundant   irredundant
c           MB      restarts          trail       variables
c             level      conflicts        glue        remaining
c 
c p 145.25 1505 26 17 1107 75002 15272 66% 18 345526 917 15%
c W 149.47 1505 25 17 1266 78036 17264 66% 18 345526 917 15%
c - 150.05 1362 25 18 1268 79217 10994 66% 18 345526 917 15%
c - 152.87 1363 23 19 1294 87991 11242 66% 17 345526 917 15%
c # 153.50 1363 22 19 1319 91037 13025 66% 17 345526 917 15%
c - 158.79 1363 22 20 1542 97223 11652 67% 16 345526 917 15%
c p 167.85 1363 22 20 1958 105004 19563 67% 17 345526 917 15%
c B 168.15 1363 22 20 1958 105038 19585 67% 17 345526 917 15%
c - 169.41 1363 22 21 1994 106916 12263 67% 16 345526 917 15%
c - 175.39 1363 20 22 2013 117070 12435 67% 15 345526 917 15%
c W 180.49 1363 20 22 2151 120042 14328 67% 15 345526 917 15%
c } 187.86 1363 20 22 2438 127009 18414 66% 15 345526 917 15%
c [ 187.86 1363 28 22 2438 127009 18414 76% 24 345526 917 15%
c - 188.71 1363 30 23 2438 127686 13880 76% 25 345526 917 15%
c B 194.20 1363 43 23 2442 136043 19783 74% 35 345526 917 15%
c - 196.14 1508 42 24 2444 138763 16125 73% 35 345526 917 15%
c p 199.65 1508 42 24 2445 140004 20802 73% 34 345526 917 15%
c - 208.99 1363 40 25 2446 150301 16460 72% 33 345526 917 15%
c W 211.40 1363 39 25 2447 153044 18291 71% 32 345526 917 15%
c - 215.04 1363 37 26 2447 162302 16996 70% 31 345526 917 15%
c 
c  seconds     reductions       redundant   irredundant
c           MB      restarts           trail       variables
c             level      conflicts         glue        remaining
c 
c I 218.74 1363 37 26 2450 171046 23070 70% 30 345526 917 15%
c - 224.89 1363 36 27 2453 174763 17458 70% 30 345526 917 15%
c p 234.35 1363 36 27 2454 180005 24206 69% 30 345526 917 15%
c - 246.54 1363 34 28 2460 187689 17422 69% 29 345526 917 15%
c B 248.97 1363 34 28 2461 190048 18948 69% 28 345526 917 15%
c ] 260.93 1363 33 28 2462 200000 25296 69% 27 345526 917 15%
c ? 260.93 1363 33 28 2462 200000 25296 69% 27 345526 917 15%
c 
c --- [ writing output ] -----------------------------------------------------
c 
c writing simplified CNF to DIMACS file 'simp/33.cubes3866.adj.simp1'
c * 260.93 1363 33 28 2462 200000 25296 69% 27 345526 917 15%
c opening file to write 'simp/33.cubes3866.adj.simp1'
c writing 'p cnf 6160 345526' header
c closing file 'simp/33.cubes3866.adj.simp1'
c after writing 165746063 bytes 158.1 MB
c wrote 345526 clauses in 1.22 seconds process time
c 
c --- [ writing extension ] --------------------------------------------------
c 
c writing extension stack to 'simp/33.cubes3866.adj.ext1'
c opening file to write 'simp/33.cubes3866.adj.ext1'
c closing file 'simp/33.cubes3866.adj.ext1'
c after writing 83573 bytes 0.1 MB
c wrote 3740 witnesses in 0.00 seconds process time
c 
c --- [ result ] -------------------------------------------------------------
c 
c UNKNOWN
c 
c --- [ run-time profiling ] -------------------------------------------------
c 
c process time taken by individual solving procedures
c (percentage relative to process time for solving)
c 
c       195.92   81.05% search
c        97.71   40.42% unstable
c        93.47   38.67% stable
c        45.81   18.95% simplify
c        26.66   11.03% probe
c        19.20    7.94% parse
c        11.90    4.92% vivify
c         4.70    1.95% elim
c         3.62    1.50% walk
c         1.12    0.46% lucky
c         0.60    0.25% subsume
c         0.35    0.15% ternary
c   =================================
c       241.73   92.21% solve
c 
c last line shows process time for solving
c (percentage relative to total process time)
c 
c --- [ statistics ] ---------------------------------------------------------
c 
c chronological:             35970        17.98 %  of conflicts
c conflicts:                200000       827.38    per second
c decisions:                330041      1365.34    per second
c eliminated:                 1208        19.61 %  of all variables
c fixed:                       882        14.32 %  of all variables
c learned:                  195677        97.84 %  per conflict
c learned_lits:           32304271       100.00 %  learned literals
c minimized:                     0         0.00 %  learned literals
c shrunken:               21250051        65.78 %  learned literals
c minishrunken:            2127622         6.59 %  learned literals
c propagations:           14287785         0.06 M  per second
c reduced:                  105499        52.75 %  per conflict
c rephased:                     19     10526.32    interval
c restarts:                   2462        81.23    interval
c stabilizing:                   4        57.50 %  of conflicts
c substituted:                   9         0.15 %  of all variables
c subsumed:                  78625         2.09 %  of all clauses
c strengthened:              10217         0.27 %  of all clauses
c ternary:                    6536         0.81 %  of resolved
c vivified:                     44         0.00 %  of all clauses
c walked:                        5     40000.00    interval
c weakened:                   2858         3.17    average size
c 
c seconds are measured in process time for solving
c 
c --- [ resources ] ----------------------------------------------------------
c 
c total process time since initialization:       262.15    seconds
c total real time since initialization:          262.80    seconds
c maximum resident set size of process:         1749.23    MB
c 
c --- [ shutting down ] ------------------------------------------------------
c 
c exit 0
WARNING! DIMACS header mismatch: wrong number of variables.
============================[ Problem Statistics ]=============================
|                                                                             |
|  Number of variables:          4041                                         |
|  Number of clauses:          345526                                         |
|  Parse time:                   2.20 s                                       |
|  Simplification time:          0.05 s                                       |
|                                                                             |
============================[ Search Statistics ]====================================================
| Conflicts |          ORIGINAL         |          LEARNT          | Num Sols |      SUBGRAPHS      |
|           |    Vars  Clauses Literals |    Limit  Clauses Lit/Cl |          | Canonical Noncanon. |
=====================================================================================================
|       134 |    3946   345560 35527701 |     2000      134     70 |        0 |        27        34 |
|       286 |    3946   345562 35527730 |     2000      286     69 |        0 |        29        36 |
|       525 |    3946   345576 35528188 |     2000      525     76 |        0 |        40        50 |
|       898 |    3946   345612 35528756 |     2000      898     74 |        0 |        53        86 |
|      1425 |    3946   345633 35529180 |     2000     1425     70 |        0 |        67       107 |
|      2384 |    3946   345833 35532144 |     3600     1384     40 |        0 |       124       307 |
|      5262 |    3946   347572 35556772 |     5005     2467     15 |        0 |       775      2046 |
|      7055 |    3946   347657 35558606 |     5005     4260     53 |        0 |       820      2131 |
|      9688 |    3946   347728 35559622 |     6305     4393     44 |        0 |       855      2202 |
|     13755 |    3946   347951 35562443 |     7559     5314     49 |        0 |       940      2425 |
|     19841 |    3946   348271 35567252 |     8785     7626     59 |        0 |      1046      2745 |
|     28716 |    3946   348497 35570624 |    11210     7126     41 |        0 |      1150      2971 |
|     42549 |    3946   349356 35583070 |    13607     9156     35 |        0 |      1476      3830 |
|     65561 |    3946   352907 35634217 |    17209     9970     26 |        0 |      2506      7381 |
|     96139 |    3946   354293 35654940 |    20809    12948     34 |        0 |      2894      8767 |
|    143789 |    3946   358154 35711564 |    25623    15412     33 |        0 |      4151     12628 |
|    212867 |    3946   361548 35757948 |    30421    29688     50 |        0 |      4900     16022 |
|    319035 |    3946   369190 35861468 |    37622    35657     53 |        0 |      7046     23664 |
|    469291 |    3946   371657 35904223 |    46029    41720     45 |        0 |      7781     26131 |
=====================================================================================================
Number of solutions   : 0
Canonical subgraphs   : 8483           (3 /sec)
          order  3    : 1              (166667 /sec)
          order  4    : 1              (500000 /sec)
          order  5    : 1              (250000 /sec)
          order  6    : 1              (52632 /sec)
          order  7    : 1              (8772 /sec)
          order  8    : 1              (1007 /sec)
          order  9    : 2              (150 /sec)
          order 10    : 6              (33 /sec)
          order 11    : 23             (9 /sec)
          order 12    : 121            (4 /sec)
          order 13    : 757            (3 /sec)
          order 14    : 1919           (3 /sec)
          order 15    : 1933           (2 /sec)
          order 16    : 3391           (2 /sec)
          order 17    : 171            (4 /sec)
          order 18    : 122            (5 /sec)
          order 19    : 27             (5 /sec)
          order 20    : 3              (6 /sec)
          order 21    : 2              (6 /sec)
          order 22    : 0              (-nan /sec)
Noncanonical subgraphs: 30418          (58 /sec)
          order  3    : 0              (-nan /sec)
          order  4    : 0              (-nan /sec)
          order  5    : 0              (-nan /sec)
          order  6    : 0              (-nan /sec)
          order  7    : 0              (-nan /sec)
          order  8    : 0              (-nan /sec)
          order  9    : 0              (-nan /sec)
          order 10    : 0              (-nan /sec)
          order 11    : 0              (-nan /sec)
          order 12    : 0              (-nan /sec)
          order 13    : 2153           (7678 /sec)
          order 14    : 4463           (2179 /sec)
          order 15    : 9546           (329 /sec)
          order 16    : 7237           (118 /sec)
          order 17    : 6991           (16 /sec)
          order 18    : 24             (26 /sec)
          order 19    : 2              (12 /sec)
          order 20    : 0              (-nan /sec)
          order 21    : 0              (-nan /sec)
Canonicity checking   : 3253.94 s
Noncanonicity checking: 523.578 s
Total canonicity time : 3777.52 s
database reductions   : 43
restarts              : 1403
conflicts             : 650636         (160 /sec)
decisions             : 936933         (0.00 % random) (230 /sec)
propagations          : 33949831       (8345 /sec)
conflict literals     : 55539703       (54.30 % deleted)
actual reward         : 0.245316
Memory used           : 459.00 MB
CPU time              : 4068.26 s

UNSATISFIABLE
