+ '[' -z 2880 ']'
+ f=constraints_22_11.simp-noncanon.simp
+ c=22-cubes/30.cubes
+ i=2880
+ s=70
+ adj=22-cubes/30.cubes2880.adj
+ cnf=22-cubes/30.cubes2880.cnf
+ ext=22-cubes/30.cubes2880.ext
+ cnfext=22-cubes/30.cubes2880.cnfext
+ unitlines=0
++ sed '2881q;d' 22-cubes/30.cubes
+ for b in '$(sed "$((i+1))q;d" "$c")'
+ [[ a != \a ]]
+ for b in '$(sed "$((i+1))q;d" "$c")'
+ [[ -92 != \a ]]
+ [[ -92 != \0 ]]
+ unitlines=1
+ for b in '$(sed "$((i+1))q;d" "$c")'
+ [[ -137 != \a ]]
+ [[ -137 != \0 ]]
+ unitlines=2
+ for b in '$(sed "$((i+1))q;d" "$c")'
+ [[ 122 != \a ]]
+ [[ 122 != \0 ]]
+ unitlines=3
+ for b in '$(sed "$((i+1))q;d" "$c")'
+ [[ -80 != \a ]]
+ [[ -80 != \0 ]]
+ unitlines=4
+ for b in '$(sed "$((i+1))q;d" "$c")'
+ [[ -58 != \a ]]
+ [[ -58 != \0 ]]
+ unitlines=5
+ for b in '$(sed "$((i+1))q;d" "$c")'
+ [[ 207 != \a ]]
+ [[ 207 != \0 ]]
+ unitlines=6
+ for b in '$(sed "$((i+1))q;d" "$c")'
+ [[ -154 != \a ]]
+ [[ -154 != \0 ]]
+ unitlines=7
+ for b in '$(sed "$((i+1))q;d" "$c")'
+ [[ -107 != \a ]]
+ [[ -107 != \0 ]]
+ unitlines=8
+ for b in '$(sed "$((i+1))q;d" "$c")'
+ [[ -27 != \a ]]
+ [[ -27 != \0 ]]
+ unitlines=9
+ for b in '$(sed "$((i+1))q;d" "$c")'
+ [[ -136 != \a ]]
+ [[ -136 != \0 ]]
+ unitlines=10
+ for b in '$(sed "$((i+1))q;d" "$c")'
+ [[ -135 != \a ]]
+ [[ -135 != \0 ]]
+ unitlines=11
+ for b in '$(sed "$((i+1))q;d" "$c")'
+ [[ -26 != \a ]]
+ [[ -26 != \0 ]]
+ unitlines=12
+ for b in '$(sed "$((i+1))q;d" "$c")'
+ [[ -134 != \a ]]
+ [[ -134 != \0 ]]
+ unitlines=13
+ for b in '$(sed "$((i+1))q;d" "$c")'
+ [[ -33 != \a ]]
+ [[ -33 != \0 ]]
+ unitlines=14
+ for b in '$(sed "$((i+1))q;d" "$c")'
+ [[ 133 != \a ]]
+ [[ 133 != \0 ]]
+ unitlines=15
+ for b in '$(sed "$((i+1))q;d" "$c")'
+ [[ 206 != \a ]]
+ [[ 206 != \0 ]]
+ unitlines=16
+ for b in '$(sed "$((i+1))q;d" "$c")'
+ [[ -205 != \a ]]
+ [[ -205 != \0 ]]
+ unitlines=17
+ for b in '$(sed "$((i+1))q;d" "$c")'
+ [[ -204 != \a ]]
+ [[ -204 != \0 ]]
+ unitlines=18
+ for b in '$(sed "$((i+1))q;d" "$c")'
+ [[ -132 != \a ]]
+ [[ -132 != \0 ]]
+ unitlines=19
+ for b in '$(sed "$((i+1))q;d" "$c")'
+ [[ -131 != \a ]]
+ [[ -131 != \0 ]]
+ unitlines=20
+ for b in '$(sed "$((i+1))q;d" "$c")'
+ [[ -153 != \a ]]
+ [[ -153 != \0 ]]
+ unitlines=21
+ for b in '$(sed "$((i+1))q;d" "$c")'
+ [[ 169 != \a ]]
+ [[ 169 != \0 ]]
+ unitlines=22
+ for b in '$(sed "$((i+1))q;d" "$c")'
+ [[ 0 != \a ]]
+ [[ 0 != \0 ]]
++ cut '-d ' -f3
++ head -n 1 constraints_22_11.simp-noncanon.simp
+ numvars=6160
++ cut '-d ' -f4
++ head -n 1 constraints_22_11.simp-noncanon.simp
+ numlines=1786659
+ newlines=1786681
+ echo 'p cnf 6160 1786681'
+ tail constraints_22_11.simp-noncanon.simp -n +2
++ sed '2881q;d' 22-cubes/30.cubes
+ for b in '$(sed "$((i+1))q;d" "$c")'
+ [[ a != \a ]]
+ for b in '$(sed "$((i+1))q;d" "$c")'
+ [[ -92 != \a ]]
+ [[ -92 != \0 ]]
+ echo '-92 0'
+ for b in '$(sed "$((i+1))q;d" "$c")'
+ [[ -137 != \a ]]
+ [[ -137 != \0 ]]
+ echo '-137 0'
+ for b in '$(sed "$((i+1))q;d" "$c")'
+ [[ 122 != \a ]]
+ [[ 122 != \0 ]]
+ echo '122 0'
+ for b in '$(sed "$((i+1))q;d" "$c")'
+ [[ -80 != \a ]]
+ [[ -80 != \0 ]]
+ echo '-80 0'
+ for b in '$(sed "$((i+1))q;d" "$c")'
+ [[ -58 != \a ]]
+ [[ -58 != \0 ]]
+ echo '-58 0'
+ for b in '$(sed "$((i+1))q;d" "$c")'
+ [[ 207 != \a ]]
+ [[ 207 != \0 ]]
+ echo '207 0'
+ for b in '$(sed "$((i+1))q;d" "$c")'
+ [[ -154 != \a ]]
+ [[ -154 != \0 ]]
+ echo '-154 0'
+ for b in '$(sed "$((i+1))q;d" "$c")'
+ [[ -107 != \a ]]
+ [[ -107 != \0 ]]
+ echo '-107 0'
+ for b in '$(sed "$((i+1))q;d" "$c")'
+ [[ -27 != \a ]]
+ [[ -27 != \0 ]]
+ echo '-27 0'
+ for b in '$(sed "$((i+1))q;d" "$c")'
+ [[ -136 != \a ]]
+ [[ -136 != \0 ]]
+ echo '-136 0'
+ for b in '$(sed "$((i+1))q;d" "$c")'
+ [[ -135 != \a ]]
+ [[ -135 != \0 ]]
+ echo '-135 0'
+ for b in '$(sed "$((i+1))q;d" "$c")'
+ [[ -26 != \a ]]
+ [[ -26 != \0 ]]
+ echo '-26 0'
+ for b in '$(sed "$((i+1))q;d" "$c")'
+ [[ -134 != \a ]]
+ [[ -134 != \0 ]]
+ echo '-134 0'
+ for b in '$(sed "$((i+1))q;d" "$c")'
+ [[ -33 != \a ]]
+ [[ -33 != \0 ]]
+ echo '-33 0'
+ for b in '$(sed "$((i+1))q;d" "$c")'
+ [[ 133 != \a ]]
+ [[ 133 != \0 ]]
+ echo '133 0'
+ for b in '$(sed "$((i+1))q;d" "$c")'
+ [[ 206 != \a ]]
+ [[ 206 != \0 ]]
+ echo '206 0'
+ for b in '$(sed "$((i+1))q;d" "$c")'
+ [[ -205 != \a ]]
+ [[ -205 != \0 ]]
+ echo '-205 0'
+ for b in '$(sed "$((i+1))q;d" "$c")'
+ [[ -204 != \a ]]
+ [[ -204 != \0 ]]
+ echo '-204 0'
+ for b in '$(sed "$((i+1))q;d" "$c")'
+ [[ -132 != \a ]]
+ [[ -132 != \0 ]]
+ echo '-132 0'
+ for b in '$(sed "$((i+1))q;d" "$c")'
+ [[ -131 != \a ]]
+ [[ -131 != \0 ]]
+ echo '-131 0'
+ for b in '$(sed "$((i+1))q;d" "$c")'
+ [[ -153 != \a ]]
+ [[ -153 != \0 ]]
+ echo '-153 0'
+ for b in '$(sed "$((i+1))q;d" "$c")'
+ [[ 169 != \a ]]
+ [[ 169 != \0 ]]
+ echo '169 0'
+ for b in '$(sed "$((i+1))q;d" "$c")'
+ [[ 0 != \a ]]
+ [[ 0 != \0 ]]
+ ./simplify-by-var-removal.sh 22-cubes/30.cubes2880.adj 70
+ '[' -z 70 ']'
+ f=22-cubes/30.cubes2880.adj
+ p=70
++ echo 22-cubes
+ sub_dir=22-cubes
+ mkdir -p log/22-cubes
+ mkdir -p simp/22-cubes
+ tee log/22-cubes/30.cubes2880.adj.simp1
+ ./cadical/build/cadical 22-cubes/30.cubes2880.adj -o simp/22-cubes/30.cubes2880.adj.simp1 -e simp/22-cubes/30.cubes2880.adj.ext1 -n -c 200000
c --- [ banner ] -------------------------------------------------------------
c 
c CaDiCaL Radically Simplified CDCL SAT Solver
c Copyright (c) 2016-2021 A. Biere, M. Fleury, N. Froleyks
c 
c Version 1.5.2
c g++ (GCC) 9.3.0 -Wall -Wextra -O3 -DNDEBUG
c Tue Feb 8 21:15:15 EST 2022 Linux gra-login1 3.10.0-1160.36.2.el7.x86_64 x86_64
c 
c --- [ limit ] --------------------------------------------------------------
c 
c setting conflict limit to 200000 conflicts (due to '200000')
c 
c --- [ parsing input ] ------------------------------------------------------
c 
c reading DIMACS file from '22-cubes/30.cubes2880.adj'
c opening file to read '22-cubes/30.cubes2880.adj'
c found 'p cnf 6160 1786681' header
c parsed 1786681 clauses in 18.58 seconds process time
c closing file '22-cubes/30.cubes2880.adj'
c after reading 1542541759 bytes 1471.1 MB
c 
c --- [ options ] ------------------------------------------------------------
c 
c all options are set to their default value
c 
c --- [ solving ] ------------------------------------------------------------
c 
c time measured in process time since initialization
c 
c  seconds    reductions  redundant   irredundant
c          MB     restarts       trail       variables
c            level   conflicts       glue         remaining
c 
c * 18.58 1472  0 0   0    0    0  0% 0 1785954 4668 76%
c { 19.59 1536  0 0   0    0    0  0% 0 1785954 4668 76%
c - 29.24 1576 55 1  38  301  202 45% 20 605029 4668 76%
c i 30.56 1579 44 1  46  532  270 43% 18 605029 4667 76%
c i 31.26 1580 48 1  61  592  310 44% 19 605029 4659 76%
c } 33.09 1581 39 1  66 1001  624 46% 17 605029 4659 76%
c [ 33.09 1581  0 1  66 1001  624  0% 0 605029 4659 76%
c O 33.09 1581  1 1  66 1002  625 26% 1 605029 4659 76%
c i 33.10 1581  1 1  66 1004  626 27% 1 605029 4615 75%
c - 35.25 1746 21 2  66 1372  818 55% 17 604020 4615 75%
c - 37.16 1746 21 3  67 2975 1536 56% 17 604020 4615 75%
c ] 37.20 1746 21 3  67 3002 1552 56% 17 604020 4615 75%
c { 37.20 1746 39 3  67 3002 1552 46% 17 604020 4615 75%
c F 37.72 1746 39 3  67 3003 1553  3% 17 604020 4615 75%
c i 37.99 1746 36 3  67 3127 1595 22% 16 604020 4614 75%
c i 39.90 1746 38 3  98 3344 1763 30% 17 604020 4613 75%
c i 40.27 1746 35 3  98 3531 1865 33% 17 604020 4612 75%
c i 40.33 1746 35 3  98 3623 1922 33% 16 604020 4611 75%
c i 42.03 1746 37 3 141 3853 2084 33% 18 604020 4610 75%
c i 43.61 1746 41 3 170 3983 2190 33% 19 604020 4470 73%
c 
c  seconds    reductions  redundant   irredundant
c          MB     restarts       trail       variables
c            level   conflicts       glue         remaining
c 
c i 43.70 1746 40 3 170 4004 2193 32% 18 604020 4463 72%
c i 47.13 1746 38 3 233 4652 2553 30% 19 604020 4462 72%
c i 47.14 1746 38 3 233 4654 2554 30% 19 604020 4461 72%
c i 48.96 1746 40 3 270 4906 2742 31% 19 604020 4448 72%
c i 49.21 1746 41 3 272 4957 2782 31% 19 604020 4445 72%
c d 50.61 1746 42 3 284 5000 2801 31% 20 534746 4439 72%
c d 50.98 1746 42 3 284 5000 2801 31% 20 534744 4438 72%
c 3 51.00 1746 42 3 284 5000 4560 31% 20 534744 4438 72%
c 2 51.12 1746 42 3 284 5000 4736 31% 20 534629 4438 72%
c p 58.92 1746 42 3 284 5000 9662 31% 20 534629 4397 71%
c d 59.71 1746 42 3 284 5000 9545 31% 20 534479 4395 71%
c - 61.17 1678 42 4 296 5121 2047 31% 20 534479 4395 71%
c # 70.31 1678 48 4 471 6004 2761 32% 22 534479 4395 71%
c } 73.23 1678 43 4 503 7004 3442 33% 21 534479 4395 71%
c [ 73.23 1678 21 4 503 7004 3442 75% 17 534479 4395 71%
c - 73.98 1461 21 5 504 7712 2996 67% 17 534479 4395 71%
c I 75.62 1461 21 5 505 10006 4754 56% 18 534479 4395 71%
c - 77.38 1679 24 6 506 10824 3913 53% 20 534479 4395 71%
c - 81.20 1461 30 7 508 14453 4444 48% 24 534479 4395 71%
c 3 81.54 1461 31 7 508 15000 6855 48% 25 534479 4395 71%
c 
c  seconds    reductions   redundant   irredundant
c          MB     restarts        trail       variables
c            level    conflicts       glue         remaining
c 
c 2 81.65 1461 31 7 508 15000 7025 48% 25 534469 4395 71%
c p 84.26 1461 31 7 508 15000 12214 48% 25 534469 4395 71%
c ] 84.50 1461 31 7 508 15005 12219 48% 25 534469 4395 71%
c { 84.50 1461 43 7 508 15005 12219 33% 21 534469 4395 71%
c B 84.63 1461 43 7 508 15007 12221 33% 21 534469 4395 71%
c s 87.86 1461 37 7 539 17160 13166 35% 19 531265 4395 71%
c v 100.62 1461 37 7 539 17160 13166 35% 19 530917 4395 71%
c w 100.95 1461 37 7 539 17160 13164 35% 19 530917 4395 71%
c t 100.96 1461 37 7 539 17160 13149 35% 19 530772 4395 71%
c e 103.08 1462 37 7 539 17160 7616 35% 19 523729 1352 22%
c s 103.26 1462 37 7 539 17160 7607 35% 19 523469 1352 22%
c - 108.01 1462 34 8 549 18601 4842 54% 19 523469 1352 22%
c W 109.29 1462 29 8 582 21010 5209 43% 17 523469 1352 22%
c - 113.52 1679 28 9 694 23242 3777 45% 16 523469 1352 22%
c F 129.84 1679 29 9 1182 28016 6810 50% 18 523469 1352 22%
c - 130.80 1462 29 10 1229 28399 5748 50% 18 523469 1352 22%
c 3 131.68 1462 27 10 1229 30003 7133 51% 17 523469 1352 22%
c p 133.77 1462 27 10 1229 30003 9325 51% 17 523469 1352 22%
c } 135.03 1462 27 10 1253 31005 9979 52% 17 523469 1352 22%
c [ 135.03 1462 31 10 1253 31005 9979 162% 25 523469 1352 22%
c 
c  seconds     reductions     redundant    irredundant
c           MB      restarts         trail        variables
c             level      conflicts        glue         remaining
c 
c - 137.06 1462 29 11 1254 34071 6606 137% 24 523469 1352 22%
c B 138.85 1462 28 11 1256 36018 7759 127% 23 523469 1352 22%
c - 141.67 1462 27 12 1259 40260 7327 111% 22 523469 1352 22%
c W 145.78 1462 27 12 1260 45020 10168 100% 23 523469 1352 22%
c - 146.89 1462 28 13 1261 46963 8002 96% 23 523469 1352 22%
c 3 148.17 1462 27 13 1261 50004 10388 92% 23 523469 1352 22%
c p 150.25 1462 27 13 1261 50004 12776 92% 23 523469 1352 22%
c s 152.13 1462 28 13 1261 51548 13925 90% 23 523012 1352 22%
c v 160.43 1462 28 13 1261 51548 13925 90% 23 522727 1352 22%
c w 160.74 1462 28 13 1261 51548 13922 90% 23 522727 1352 22%
c t 160.75 1462 28 13 1261 51548 13922 90% 23 522726 1352 22%
c e 162.74 1462 28 13 1261 51548 13917 90% 23 522722 1351 22%
c s 162.97 1462 28 13 1261 51548 13917 90% 23 521965 1351 22%
c - 167.41 1462 27 14 1261 54184 9211 87% 23 521965 1351 22%
c O 168.33 1462 27 14 1262 55024 9636 87% 23 521965 1351 22%
c ] 170.36 1462 26 14 1267 60858 13176 82% 22 521965 1351 22%
c 1 170.36 1462 26 14 1267 60858 13176 82% 22 521965 1351 22%
c 
c --- [ writing output ] -----------------------------------------------------
c 
c writing simplified CNF to DIMACS file 'simp/22-cubes/30.cubes2880.adj.simp1'
c * 170.36 1462 26 14 1267 60858 13176 82% 22 521965 1351 22%
c opening file to write 'simp/22-cubes/30.cubes2880.adj.simp1'
c writing 'p cnf 6160 521965' header
c closing file 'simp/22-cubes/30.cubes2880.adj.simp1'
c after writing 248950444 bytes 237.4 MB
c wrote 521965 clauses in 1.73 seconds process time
c 
c --- [ writing extension ] --------------------------------------------------
c 
c writing extension stack to 'simp/22-cubes/30.cubes2880.adj.ext1'
c opening file to write 'simp/22-cubes/30.cubes2880.adj.ext1'
c closing file 'simp/22-cubes/30.cubes2880.adj.ext1'
c after writing 230099 bytes 0.2 MB
c wrote 9843 witnesses in 0.00 seconds process time
c 
c --- [ result ] -------------------------------------------------------------
c 
s SATISFIABLE
c 
c --- [ run-time profiling ] -------------------------------------------------
c 
c process time taken by individual solving procedures
c (percentage relative to process time for solving)
c 
c       104.56   68.89% search
c        70.22   46.26% unstable
c        47.22   31.11% simplify
c        31.81   20.96% stable
c        21.59   14.23% vivify
c        18.58   12.24% parse
c        14.36    9.46% probe
c         7.39    4.87% elim
c         1.52    1.00% walk
c         1.01    0.67% lucky
c         0.84    0.55% subsume
c         0.32    0.21% ternary
c   =================================
c       151.78   88.20% solve
c 
c last line shows process time for solving
c (percentage relative to total process time)
c 
c --- [ statistics ] ---------------------------------------------------------
c 
c chronological:              9887        16.25 %  of conflicts
c conflicts:                 60858       400.96    per second
c decisions:                138335       911.42    per second
c eliminated:                 3044        49.42 %  of all variables
c fixed:                      1756        28.51 %  of all variables
c learned:                   59634        97.99 %  per conflict
c learned_lits:           11468514       100.00 %  learned literals
c minimized:                     0         0.00 %  learned literals
c shrunken:                7152478        62.37 %  learned literals
c minishrunken:             980289         8.55 %  learned literals
c propagations:            7615202         0.05 M  per second
c reduced:                   24230        39.81 %  per conflict
c rephased:                     10      6085.80    interval
c restarts:                   1267        48.03    interval
c stabilizing:                   3        65.49 %  of conflicts
c substituted:                   9         0.15 %  of all variables
c subsumed:                  28296         0.74 %  of all clauses
c strengthened:              38065         1.00 %  of all clauses
c ternary:                    5363         0.46 %  of resolved
c vivified:                    646         0.02 %  of all clauses
c walked:                        2     30429.00    interval
c weakened:                   8087         3.25    average size
c 
c seconds are measured in process time for solving
c 
c --- [ resources ] ----------------------------------------------------------
c 
c total process time since initialization:       172.09    seconds
c total real time since initialization:          172.48    seconds
c maximum resident set size of process:         2032.01    MB
c 
c --- [ shutting down ] ------------------------------------------------------
c 
c exit 10
++ seq 1 100
+ for i in '$(seq 1 100)'
++ sed 's/.$//'
++ rev
++ cut '-d ' -f1
++ rev
++ tail -n 1
++ grep 'c [*]' log/22-cubes/30.cubes2880.adj.simp1
+ vars_remaining=22
+ ((  vars_remaining < 100 - p  ))
+ break
++ cut '-d ' -f3
++ head -n 1 simp/22-cubes/30.cubes2880.adj.simp1
+ numvars=6160
++ cut '-d ' -f4
++ head -n 1 simp/22-cubes/30.cubes2880.adj.simp1
+ numlines=521965
+ extlines_total=0
++ seq 1 1
+ for j in '$(seq 1 "$i")'
++ cut '-d ' -f1
++ wc -l simp/22-cubes/30.cubes2880.adj.ext1
+ extlines_j=9843
+ extlines_total=9843
+ newlines=531808
+ echo 'p cnf 6160 531808'
+ tail simp/22-cubes/30.cubes2880.adj.simp1 -n +2
++ seq 1 1
+ for j in '$(seq 1 "$i")'
+ cat simp/22-cubes/30.cubes2880.adj.ext1
+ sed -i 's/ 0.*/ 0/' 22-cubes/30.cubes2880.adj.simp
============================[ Problem Statistics ]=============================
|                                                                             |
|  Number of variables:          6160                                         |
|  Number of clauses:          530052                                         |
|  Parse time:                   3.27 s                                       |
|  Simplification time:          0.08 s                                       |
|                                                                             |
============================[ Search Statistics ]====================================================
| Conflicts |          ORIGINAL         |          LEARNT          | Num Sols |      SUBGRAPHS      |
|           |    Vars  Clauses Literals |    Limit  Clauses Lit/Cl |          | Canonical Noncanon. |
=====================================================================================================
|       100 |    4404   530052 54320760 |     2000      100    103 |        0 |        21         0 |
|       259 |    4404   530061 54320952 |     2000      259     96 |        0 |        38         9 |
|       490 |    4404   530067 54321090 |     2000      490     80 |        0 |        70        15 |
|       859 |    4404   530099 54321610 |     2000      859     78 |        0 |       102        47 |
|      1393 |    4404   530127 54322277 |     2000     1393     87 |        0 |       119        75 |
|      2156 |    4404   530131 54322403 |     3602     1158     41 |        0 |       156        79 |
|      3642 |    4404   530478 54329197 |     3602     2644     63 |        0 |       313       426 |
|      5544 |    4404   530672 54333270 |     5004     2748     46 |        0 |       369       620 |
|      8673 |    4404   531239 54346381 |     6307     3380     31 |        0 |       734      1187 |
|     12571 |    4404   531293 54348049 |     7553     4124     38 |        0 |       804      1241 |
|     18453 |    4404   531409 54351423 |     8783     6236     61 |        0 |       868      1357 |
|     27219 |    4404   531526 54354546 |    11198     5617     35 |        0 |       928      1474 |
|     40662 |    4404   531995 54366096 |    13609     7271     35 |        0 |      1094      1943 |
|     60605 |    4404   532477 54378402 |    16004    13009     67 |        0 |      1378      2425 |
|     90952 |    4404   533632 54404800 |    19613    17565     62 |        0 |      1817      3580 |
|    135874 |    4404   534765 54431380 |    24412    19686     63 |        0 |      2250      4713 |
|    201945 |    4404   535152 54441486 |    30417    18762     50 |        0 |      2418      5100 |
|    300849 |    4404   535530 54450934 |    36422    35671     73 |        0 |      2712      5478 |
|    448995 |    4404   535887 54460652 |    44816    43811     75 |        0 |      3128      5835 |
|    672767 |    4404   537976 54510307 |    55615    44382     69 |        0 |      3746      7924 |
|   1010063 |    4404   542747 54620985 |    68828    42891     68 |        0 |      4832     12695 |
|   1511661 |    4404   545557 54694146 |    84413    50474     66 |        0 |      5846     15505 |
|   2269915 |    4404   555629 54893048 |   103616    61531     54 |        0 |      8575     25577 |
|   3418179 |    4404   581619 55356778 |   126415   122994     77 |        0 |     13820     51567 |
|   5141200 |    4327   518593 53844611 |   129509    59109     52 |        0 |     23847     91177 |
|   7675464 |    4327   527741 54087223 |   191229   108893     49 |        0 |     28096    100325 |
|  11478773 |    4327   543375 54508944 |   233219   209192     73 |        0 |     32600    115959 |
|  17188074 |    4326   569436 55199772 |   286027   220501     63 |        1 |     42901    143747 |
|  25757096 |    4326   616189 56367350 |   350828   208924     46 |        1 |     51153    190500 |
=====================================================================================================
Number of solutions   : 2           
Canonical subgraphs   : 64002          (10 /sec)
          order  3    : 1              (142857 /sec)
          order  4    : 1              (500000 /sec)
          order  5    : 1              (200000 /sec)
          order  6    : 1              (55556 /sec)
          order  7    : 1              (8000 /sec)
          order  8    : 2              (1372 /sec)
          order  9    : 7              (354 /sec)
          order 10    : 29             (107 /sec)
          order 11    : 148            (36 /sec)
          order 12    : 1054           (15 /sec)
          order 13    : 5239           (8 /sec)
          order 14    : 23781          (9 /sec)
          order 15    : 24994          (10 /sec)
          order 16    : 8037           (14 /sec)
          order 17    : 535            (12 /sec)
          order 18    : 71             (9 /sec)
          order 19    : 34             (7 /sec)
          order 20    : 32             (8 /sec)
          order 21    : 32             (7 /sec)
          order 22    : 2              (1 /sec)
Noncanonical subgraphs: 368445         (611 /sec)
          order  3    : 0              (-nan /sec)
          order  4    : 0              (-nan /sec)
          order  5    : 0              (-nan /sec)
          order  6    : 0              (-nan /sec)
          order  7    : 0              (-nan /sec)
          order  8    : 0              (-nan /sec)
          order  9    : 0              (-nan /sec)
          order 10    : 0              (-nan /sec)
          order 11    : 0              (-nan /sec)
          order 12    : 0              (-nan /sec)
          order 13    : 0              (-nan /sec)
          order 14    : 150553         (1346 /sec)
          order 15    : 194726         (553 /sec)
          order 16    : 13664          (514 /sec)
          order 17    : 9424           (88 /sec)
          order 18    : 36             (48 /sec)
          order 19    : 8              (42 /sec)
          order 20    : 0              (-nan /sec)
          order 21    : 0              (-nan /sec)
Canonicity checking   : 6926.95 s
database reductions   : 326
restarts              : 45178
conflicts             : 32442918       (1516 /sec)
decisions             : 40569212       (0.00 % random) (1895 /sec)
propagations          : 6383651493     (298229 /sec)
conflict literals     : 3591815934     (57.01 % deleted)
actual reward         : 0.058928
Memory used           : 997.00 MB
CPU time              : 21405.2 s

UNSATISFIABLE
