c --- [ banner ] -------------------------------------------------------------
c 
c CaDiCaL Radically Simplified CDCL SAT Solver
c Copyright (c) 2016-2021 A. Biere, M. Fleury, N. Froleyks
c 
c Version 1.5.2 ca9bff05c11bde5eae4912f9932871d1527e61d8
c g++ (GCC) 9.3.0 -Wall -Wextra -O3 -DNDEBUG
c Thu Mar 31 01:52:53 EDT 2022 Linux gra-login3 3.10.0-1160.59.1.el7.x86_64 x86_64
c 
c --- [ limit ] --------------------------------------------------------------
c 
c setting conflict limit to 200000 conflicts (due to '200000')
c 
c --- [ parsing input ] ------------------------------------------------------
c 
c reading DIMACS file from '10.cubes639.adj'
c opening file to read '10.cubes639.adj'
c found 'p cnf 5320 922652' header
c parsed 922652 clauses in 7.91 seconds process time
c closing file '10.cubes639.adj'
c after reading 673840311 bytes 642.6 MB
c 
c --- [ options ] ------------------------------------------------------------
c 
c all options are set to their default value
c 
c --- [ solving ] ------------------------------------------------------------
c 
c time measured in process time since initialization
c 
c  seconds   reductions  redundant  irredundant
c          MB    restarts       trail      variables
c           level   conflicts       glue        remaining
c 
c *  7.91 667  0 0   0    0    0  0% 0 922009 4249 80%
c {  8.71 710  0 0   0    0    0  0% 0 922009 4249 80%
c i 10.59 747 86 0   6   53   42 46% 17 922009 4248 80%
c i 10.75 750 83 0   8   59   47 47% 18 922009 4247 80%
c i 10.83 751 83 0  10   65   51 47% 18 922009 4245 80%
c i 11.68 757 70 0  19  131   80 41% 24 922009 4244 80%
c i 11.70 757 69 0  19  133   81 41% 24 922009 4243 80%
c i 11.77 758 68 0  20  136   83 41% 24 922009 4242 80%
c i 11.89 759 67 0  22  141   87 42% 24 922009 4241 80%
c i 11.92 759 67 0  22  142   87 42% 24 922009 4240 80%
c i 12.10 761 66 0  24  147   91 42% 24 922009 4239 80%
c i 12.13 762 66 0  24  150   93 43% 25 922009 4223 79%
c i 12.22 764 66 0  25  153   95 43% 25 922009 4222 79%
c i 12.54 769 69 0  29  164  102 43% 27 922009 4221 79%
c i 12.86 770 69 0  34  181  116 43% 28 922009 4220 79%
c i 12.89 770 68 0  35  184  117 43% 28 922009 4219 79%
c i 12.89 770 68 0  35  185  117 43% 28 922009 4206 79%
c i 13.25 773 71 0  38  198  127 44% 28 922009 4205 79%
c i 13.78 776 65 0  40  251  166 45% 26 922009 4204 79%
c i 14.27 782 68 0  45  276  189 45% 28 922009 4203 79%
c 
c  seconds   reductions  redundant   irredundant
c          MB    restarts       trail       variables
c           level   conflicts       glue         remaining
c 
c i 14.31 782 69 0  46  282  194 45% 29 922009 4202 79%
c i 14.45 783 68 0  50  299  209 46% 29 922009 4201 79%
c - 16.00 757 68 1  51  300  210 46% 29 371377 4201 79%
c i 16.18 758 68 1  53  308  217 46% 30 371377 4200 79%
c i 16.23 758 68 1  54  310  218 46% 29 371377 4199 79%
c i 16.27 758 67 1  54  315  220 46% 29 371377 4198 79%
c i 16.34 758 67 1  55  318  222 46% 29 371377 4197 79%
c i 17.24 760 65 1  57  390  259 45% 26 371377 4196 79%
c i 17.34 760 66 1  58  398  266 45% 27 371377 4195 79%
c i 17.44 761 66 1  60  413  277 45% 27 371377 4194 79%
c i 17.83 762 83 1  66  490  329 45% 28 371377 4193 79%
c i 17.88 762 84 1  68  496  333 45% 28 371377 4192 79%
c i 18.07 762 84 1  73  517  349 45% 29 371377 4191 79%
c i 18.59 763 86 1  79  539  369 45% 30 371377 4190 79%
c i 18.68 763 85 1  81  543  372 45% 30 371377 4189 79%
c i 18.68 763 85 1  81  544  372 45% 30 371377 4188 79%
c i 19.05 763 80 1  87  600  412 45% 29 371377 4187 79%
c i 19.13 764 80 1  87  605  416 45% 29 371377 4186 79%
c i 19.24 764 81 1  87  615  425 45% 29 371377 4185 79%
c i 19.28 764 83 1  87  623  432 45% 29 371377 4184 79%
c 
c  seconds   reductions  redundant   irredundant
c          MB    restarts       trail       variables
c           level   conflicts       glue         remaining
c 
c i 19.34 764 85 1  88  632  439 45% 30 371377 4182 79%
c i 19.45 764 84 1  90  644  449 45% 30 371377 4181 79%
c i 19.49 764 83 1  91  655  457 45% 29 371377 4180 79%
c i 19.51 764 82 1  91  664  464 45% 29 371377 4179 79%
c i 19.61 764 81 1  91  680  476 45% 29 371377 4178 79%
c i 19.61 764 81 1  91  681  476 45% 29 371377 4177 79%
c i 19.70 764 80 1  91  697  490 46% 29 371377 4176 78%
c i 19.85 764 80 1  91  724  509 46% 29 371377 4175 78%
c i 20.08 764 79 1  91  771  544 46% 28 371377 4174 78%
c i 20.10 764 79 1  91  774  546 46% 28 371377 4173 78%
c i 20.15 764 78 1  91  785  555 46% 28 371377 4172 78%
c i 20.37 764 77 1  92  851  613 46% 28 371377 4171 78%
c i 20.93 764 77 1 103  951  702 47% 28 371377 4170 78%
c i 20.97 764 76 1 104  973  721 47% 28 371377 4169 78%
c i 20.98 764 76 1 104  975  722 47% 28 371377 4168 78%
c i 21.00 764 77 1 104  983  729 47% 28 371377 4167 78%
c i 21.01 764 77 1 104  992  736 47% 28 371377 4165 78%
c i 21.01 764 77 1 104  994  736 47% 28 371377 4164 78%
c } 21.02 764 77 1 105 1000  742 47% 28 371377 4164 78%
c [ 21.02 764  0 1 105 1000  742  0% 0 371377 4164 78%
c 
c  seconds   reductions  redundant  irredundant
c          MB    restarts       trail      variables
c           level   conflicts       glue        remaining
c 
c O 21.04 764 49 1 105 1002  744 39% 1 371377 4164 78%
c i 21.07 764 11 1 105 1011  748 30% 1 371377 4079 77%
c i 21.37 764 12 1 105 1065  772 36% 6 371377 4078 77%
c i 21.41 764 14 1 105 1074  779 39% 8 371377 4077 77%
c i 21.43 764 15 1 105 1084  787 41% 9 371377 4076 77%
c i 21.44 764 15 1 105 1089  791 42% 9 371377 4075 77%
c i 21.46 764 16 1 105 1093  794 43% 10 371377 4074 77%
c i 21.50 764 17 1 105 1110  807 45% 11 371377 4073 77%
c i 21.51 764 16 1 105 1113  809 45% 11 371377 4072 77%
c i 21.51 764 16 1 105 1115  810 45% 11 371377 4071 77%
c i 21.56 764 17 1 105 1126  817 46% 12 371377 4070 77%
c i 21.60 764 18 1 105 1149  833 48% 13 371377 4069 76%
c i 21.61 764 18 1 105 1153  836 48% 12 371377 4068 76%
c i 21.63 764 18 1 105 1168  849 49% 12 371377 4067 76%
c i 21.64 764 18 1 105 1169  849 49% 12 371377 4066 76%
c i 21.65 764 18 1 105 1173  852 49% 12 371377 4065 76%
c i 21.67 764 18 1 105 1177  855 49% 13 371377 4064 76%
c i 21.71 764 18 1 105 1203  874 50% 13 371377 4063 76%
c i 21.74 764 18 1 105 1217  883 50% 13 371377 4062 76%
c - 22.45 896 19 2 105 1243  776 51% 14 370071 4062 76%
c 
c  seconds   reductions  redundant   irredundant
c          MB    restarts       trail       variables
c           level   conflicts       glue         remaining
c 
c i 22.54 878 19 2 105 1251  782 51% 14 370071 4061 76%
c i 22.55 878 19 2 105 1253  783 51% 14 370071 4060 76%
c i 22.62 878 19 2 105 1271  796 52% 14 370071 4059 76%
c i 22.62 878 19 2 105 1274  798 52% 14 370071 4058 76%
c i 22.62 878 19 2 105 1278  800 52% 14 370071 4057 76%
c i 22.64 878 19 2 105 1280  801 52% 14 370071 4056 76%
c i 22.73 878 20 2 105 1337  841 52% 15 370071 4055 76%
c i 22.75 878 20 2 105 1348  849 53% 15 370071 4054 76%
c i 22.75 878 20 2 105 1359  858 53% 15 370071 4053 76%
c i 22.75 878 20 2 105 1364  861 53% 15 370071 4052 76%
c i 22.75 878 20 2 105 1365  861 53% 15 370071 4051 76%
c i 22.75 878 20 2 105 1366  861 53% 15 370071 4050 76%
c i 22.77 878 20 2 105 1369  863 53% 15 370071 4036 76%
c i 22.77 878 20 2 105 1371  864 53% 15 370071 4035 76%
c i 22.79 878 20 2 105 1386  877 53% 15 370071 4034 76%
c i 22.80 878 20 2 105 1393  883 52% 15 370071 4033 76%
c i 22.89 878 21 2 105 1465  939 52% 16 370071 4032 76%
c i 22.91 878 21 2 105 1473  944 52% 16 370071 4031 76%
c i 22.96 878 22 2 105 1507  972 52% 17 370071 4030 76%
c i 22.96 878 22 2 105 1511  975 52% 17 370071 4029 76%
c 
c  seconds   reductions  redundant   irredundant
c          MB    restarts       trail       variables
c           level   conflicts       glue         remaining
c 
c i 23.02 878 23 2 105 1544 1001 52% 17 370071 4028 76%
c i 23.11 878 25 2 105 1616 1061 53% 19 370071 4027 76%
c i 23.11 878 25 2 105 1619 1063 53% 19 370071 4026 76%
c i 23.13 878 25 2 105 1638 1080 53% 19 370071 4025 76%
c i 23.89 878 29 2 106 2178 1471 54% 23 370071 4024 76%
c i 24.00 878 29 2 106 2246 1511 54% 23 370071 4023 76%
c i 24.08 878 29 2 106 2300 1552 55% 23 370071 4022 76%
c i 24.35 878 28 2 106 2570 1730 55% 23 370071 4021 76%
c i 24.37 878 28 2 106 2587 1744 55% 23 370071 4020 76%
c i 24.40 878 27 2 106 2623 1777 55% 23 370071 4019 76%
c - 24.86 869 27 3 106 2656 1419 55% 23 369714 4019 76%
c i 25.37 830 28 3 106 2770 1483 41% 23 369714 4018 76%
c i 25.56 830 28 3 106 2957 1616 41% 23 369714 4017 76%
c i 25.60 830 28 3 106 2978 1632 41% 23 369714 4016 75%
c ] 25.63 830 28 3 106 3000 1645 41% 23 369714 4016 75%
c { 25.63 830 77 3 106 3000 1645 62% 28 369714 4016 75%
c F 25.66 830 77 3 107 3003 1648 62% 28 369714 4016 75%
c i 25.89 830 75 3 108 3051 1677 60% 27 369714 4015 75%
c i 25.95 830 71 3 108 3142 1756 59% 27 369714 4014 75%
c i 25.96 830 71 3 108 3148 1760 59% 27 369714 4013 75%
c 
c  seconds   reductions  redundant   irredundant
c          MB    restarts       trail       variables
c           level   conflicts       glue         remaining
c 
c i 26.06 830 67 3 108 3244 1829 57% 26 369714 4012 75%
c i 26.09 830 66 3 108 3275 1858 57% 26 369714 4011 75%
c i 26.19 830 66 3 108 3312 1889 56% 26 369714 4010 75%
c i 26.21 830 67 3 108 3336 1908 56% 26 369714 4009 75%
c i 26.46 830 66 3 112 3406 1972 55% 26 369714 4008 75%
c i 27.25 830 71 3 137 3553 2098 53% 27 369714 4007 75%
c i 27.49 830 72 3 142 3592 2130 52% 27 369714 4006 75%
c i 27.64 830 72 3 147 3615 2152 52% 27 369714 4005 75%
c i 28.13 829 71 3 161 3748 2257 50% 27 369714 4004 75%
c i 28.47 829 66 3 166 4044 2515 49% 26 369714 4003 75%
c i 28.89 829 71 3 182 4203 2625 48% 27 369714 4002 75%
c i 28.91 829 71 3 184 4213 2631 48% 27 369714 4001 75%
c i 29.16 829 72 3 193 4299 2693 47% 26 369714 4000 75%
c - 30.43 825 71 4 226 4540 2105 46% 27 369657 4000 75%
c d 32.56 825 69 4 289 5000 2424 44% 28 351660 3986 75%
c 2 32.64 825 69 4 289 5000 3918 44% 28 351574 3986 75%
c p 34.37 825 69 4 289 5000 9286 44% 28 351574 3945 74%
c d 34.80 825 69 4 289 5000 9186 44% 28 351457 3944 74%
c # 37.07 825 64 4 349 6005 9955 42% 28 351457 3944 74%
c - 38.17 816 56 5 352 6894 2735 42% 26 351457 3944 74%
c 
c  seconds   reductions  redundant   irredundant
c          MB    restarts       trail       variables
c           level   conflicts       glue         remaining
c 
c } 38.27 816 56 5 360 7000 2800 42% 26 351457 3944 74%
c [ 38.27 816 28 5 360 7000 2800 41% 23 351457 3944 74%
c - 39.57 673 28 6 362 9676 3224 41% 23 351457 3944 74%
c I 39.92 673 28 6 362 10006 3430 41% 23 351457 3944 74%
c - 44.58 818 57 7 364 12924 4077 40% 45 351457 3944 74%
c ] 47.11 818 71 7 365 15000 5806 40% 54 351457 3944 74%
c { 47.11 818 56 7 365 15000 5806 42% 26 351457 3944 74%
c p 48.09 818 56 7 365 15000 12181 42% 26 351457 3944 74%
c B 48.28 818 56 7 365 15007 12187 42% 26 351457 3944 74%
c s 49.22 818 54 7 376 15525 12263 42% 26 348820 3944 74%
c v 53.78 818 54 7 376 15525 12263 42% 26 348707 3944 74%
c t 53.91 818 54 7 376 15525 12249 42% 26 348674 3944 74%
c e 54.90 819 54 7 376 15525 7083 42% 26 342490 1044 20%
c s 55.02 819 54 7 376 15525 7083 42% 26 341965 1044 20%
c - 57.93 819 50 8 393 16635 4677 70% 25 341965 1044 20%
c - 60.67 674 38 9 423 20776 4648 71% 22 341965 1044 20%
c W 61.07 674 38 9 423 21008 4807 71% 22 341965 1044 20%
c - 75.55 818 39 10 828 25378 5771 69% 23 341965 1044 20%
c F 79.18 818 38 10 959 28013 7786 69% 23 341965 1044 20%
c 2 83.58 818 38 10 1119 30001 9888 68% 23 341965 1044 20%
c 
c  seconds   reductions      redundant   irredundant
c          MB     restarts          trail       variables
c           level      conflicts        glue         remaining
c 
c p 84.41 818 38 10 1119 30001 11606 68% 23 341965 1044 20%
c - 85.29 674 38 11 1134 30446 6615 68% 23 341965 1044 20%
c } 86.16 674 38 11 1161 31000 6991 68% 22 341965 1044 20%
c [ 86.16 674 71 11 1161 31000 6991 153% 54 341965 1044 20%
c - 89.15 818 53 12 1164 35969 6842 122% 42 341965 1044 20%
c B 89.29 819 53 12 1164 36014 6872 121% 41 341965 1044 20%
c - 94.24 674 54 13 1168 41953 8222 105% 42 341965 1044 20%
c ] 94.96 674 53 13 1168 42600 8681 104% 41 341965 1044 20%
c 1 94.96 674 53 13 1168 42600 8681 104% 41 341965 1044 20%
c 
c --- [ writing output ] -----------------------------------------------------
c 
c writing simplified CNF to DIMACS file 'simp/10.cubes639.adj.simp1'
c * 94.96 674 53 13 1168 42600 8681 104% 41 341965 1044 20%
c opening file to write 'simp/10.cubes639.adj.simp1'
c writing 'p cnf 5320 341965' header
c closing file 'simp/10.cubes639.adj.simp1'
c after writing 159223368 bytes 151.8 MB
c wrote 341965 clauses in 1.05 seconds process time
c 
c --- [ writing extension ] --------------------------------------------------
c 
c writing extension stack to 'simp/10.cubes639.adj.ext1'
c opening file to write 'simp/10.cubes639.adj.ext1'
c closing file 'simp/10.cubes639.adj.ext1'
c after writing 189632 bytes 0.2 MB
c wrote 8198 witnesses in 0.00 seconds process time
c 
c --- [ result ] -------------------------------------------------------------
c 
s SATISFIABLE
c 
c --- [ run-time profiling ] -------------------------------------------------
c 
c process time taken by individual solving procedures
c (percentage relative to process time for solving)
c 
c        75.47   86.70% search
c        52.17   59.93% unstable
c        22.24   25.55% stable
c        11.58   13.30% simplify
c         7.91    9.09% parse
c         4.65    5.35% vivify
c         3.46    3.98% probe
c         1.89    2.18% elim
c         0.80    0.92% lucky
c         0.26    0.30% walk
c         0.24    0.28% subsume
c         0.15    0.17% ternary
c   =================================
c        87.04   90.66% solve
c 
c last line shows process time for solving
c (percentage relative to total process time)
c 
c --- [ statistics ] ---------------------------------------------------------
c 
c chronological:              8126        19.08 %  of conflicts
c conflicts:                 42600       489.41    per second
c decisions:                138313      1589.01    per second
c eliminated:                 2900        54.51 %  of all variables
c fixed:                      1361        25.58 %  of all variables
c learned:                   41710        97.91 %  per conflict
c learned_lits:            8997096       100.00 %  learned literals
c minimized:                     0         0.00 %  learned literals
c shrunken:                5102175        56.71 %  learned literals
c minishrunken:             851258         9.46 %  learned literals
c propagations:            5621133         0.06 M  per second
c reduced:                   21764        51.09 %  per conflict
c rephased:                      8      5325.00    interval
c restarts:                   1168        36.47    interval
c stabilizing:                   3        50.70 %  of conflicts
c substituted:                  15         0.28 %  of all variables
c subsumed:                  14507         0.71 %  of all clauses
c strengthened:               7986         0.39 %  of all clauses
c ternary:                    3261         0.39 %  of resolved
c vivified:                    115         0.01 %  of all clauses
c walked:                        1     42600.00    interval
c weakened:                   6837         3.13    average size
c 
c seconds are measured in process time for solving
c 
c --- [ resources ] ----------------------------------------------------------
c 
c total process time since initialization:        96.01    seconds
c total real time since initialization:           96.41    seconds
c maximum resident set size of process:         1034.60    MB
c 
c --- [ shutting down ] ------------------------------------------------------
c 
c exit 10
WARNING! DIMACS header mismatch: wrong number of variables.
============================[ Problem Statistics ]=============================
|                                                                             |
|  Number of variables:          3159                                         |
|  Number of clauses:          341967                                         |
|  Parse time:                   2.48 s                                       |
|  Simplification time:          0.06 s                                       |
|                                                                             |
============================[ Search Statistics ]====================================================
| Conflicts |          ORIGINAL         |          LEARNT          | Num Sols |      SUBGRAPHS      |
|           |    Vars  Clauses Literals |    Limit  Clauses Lit/Cl |          | Canonical Noncanon. |
=====================================================================================================
|       107 |    3092   341974 35936693 |     2000      107     79 |        0 |        21         7 |
|       314 |    3092   342031 35938510 |     2000      314     93 |        0 |        35        64 |
|       546 |    3092   342038 35938871 |     2000      546    112 |        0 |        43        71 |
|       921 |    3092   342076 35939739 |     2000      921    121 |        0 |        53       109 |
|      1434 |    3092   342083 35939907 |     2000     1434    125 |        0 |        59       116 |
|      2316 |    3092   342206 35942810 |     3607     1323     87 |        0 |       108       239 |
|      3516 |    3092   342267 35944294 |     3607     2523    102 |        0 |       143       300 |
|      5292 |    3092   342335 35945927 |     5005     2497     85 |        0 |       218       368 |
|      7926 |    3092   342407 35947514 |     6303     2629     63 |        0 |       258       440 |
|     12280 |    3092   342917 35958537 |     7554     3834     57 |        0 |       426       950 |
|     18703 |    3092   343574 35968813 |     8780     6483     72 |        0 |       684      1607 |
|     28164 |    3092   344386 35985428 |    11207     6571     50 |        0 |       960      2419 |
|     42398 |    3092   345646 36011158 |    13615     9013     64 |        0 |      1435      3679 |
|     62846 |    3092   346633 36030755 |    16012    15258     84 |        0 |      1850      4666 |
|     92794 |    3092   347389 36046778 |    19613    19407     76 |        0 |      2223      5422 |
|    137038 |    3092   347844 36056736 |    24413    20851     77 |        0 |      2561      5877 |
|    203079 |    3092   348201 36063367 |    30419    19898     67 |        0 |      2811      6234 |
|    305124 |    3092   351720 36118203 |    37618    21742     61 |        0 |      4145      9753 |
|    455740 |    3092   354547 36187424 |    46020    28160     63 |        0 |      6289     12580 |
|    683885 |    3092   361009 36320999 |    55619    55504     82 |        0 |      8832     19042 |
|   1026028 |    3092   370627 36493980 |    68818    58846     80 |        0 |     13519     28660 |
|   1544415 |    3092   390226 36815318 |    84418    83233     92 |        0 |     22233     48259 |
|   2325360 |    3069   297588 30484393 |   104795    65155     73 |        0 |     34628     81022 |
|   3466958 |    3069   316912 30895989 |   127618   108576     84 |        0 |     49462    100346 |
|   5172279 |    3069   338822 31456604 |   156424   117103     78 |        0 |     60936    122256 |
|   7757646 |    3069   399073 32807392 |   191226   191072     85 |        0 |     85842    182507 |
|  11581970 |    3069   435722 33713480 |   234430   195800     67 |        0 |    103946    219156 |
|  17447363 |    3069   619603 37217205 |   288425   193188     53 |        0 |    157701    403037 |
|  26381833 |    3037   789477 38913107 |   354421   305654     60 |        0 |    222118    815238 |
=====================================================================================================
Number of solutions   : 0
Canonical subgraphs   : 245904         (45 /sec)
          order  3    : 1              (166667 /sec)
          order  4    : 1              (500000 /sec)
          order  5    : 1              (250000 /sec)
          order  6    : 1              (52632 /sec)
          order  7    : 2              (9756 /sec)
          order  8    : 6              (2466 /sec)
          order  9    : 25             (779 /sec)
          order 10    : 76             (219 /sec)
          order 11    : 310            (96 /sec)
          order 12    : 1228           (70 /sec)
          order 13    : 5861           (69 /sec)
          order 14    : 33854          (53 /sec)
          order 15    : 111420         (46 /sec)
          order 16    : 72587          (41 /sec)
          order 17    : 15157          (41 /sec)
          order 18    : 3043           (41 /sec)
          order 19    : 1492           (44 /sec)
          order 20    : 839            (54 /sec)
          order 21    : 0              (-nan /sec)
Noncanonical subgraphs: 1012141        (339 /sec)
          order  3    : 0              (-nan /sec)
          order  4    : 0              (-nan /sec)
          order  5    : 0              (-nan /sec)
          order  6    : 0              (-nan /sec)
          order  7    : 0              (-nan /sec)
          order  8    : 0              (-nan /sec)
          order  9    : 0              (-nan /sec)
          order 10    : 0              (-nan /sec)
          order 11    : 0              (-nan /sec)
          order 12    : 0              (-nan /sec)
          order 13    : 27907          (2657 /sec)
          order 14    : 53452          (3129 /sec)
          order 15    : 882769         (324 /sec)
          order 16    : 46739          (227 /sec)
          order 17    : 55             (536 /sec)
          order 18    : 12             (3061 /sec)
          order 19    : 10             (842 /sec)
          order 20    : 7              (740 /sec)
Canonicity checking   : 5441.73 s
Noncanonicity checking: 2982.4 s
Total canonicity time : 8424.12 s
database reductions   : 327
restarts              : 46072
conflicts             : 32822743       (1070 /sec)
decisions             : 41371616       (0.00 % random) (1348 /sec)
propagations          : 1654020757     (53898 /sec)
conflict literals     : 3834164998     (57.32 % deleted)
actual reward         : 0.262096
Memory used           : 687.00 MB
CPU time              : 30687.8 s

UNSATISFIABLE
