+ '[' -z 4956 ']'
+ f=constraints_22_11.simp-noncanon.simp
+ c=22-cubes/30.cubes
+ i=4956
+ s=70
+ adj=22-cubes/30.cubes4956.adj
+ cnf=22-cubes/30.cubes4956.cnf
+ ext=22-cubes/30.cubes4956.ext
+ cnfext=22-cubes/30.cubes4956.cnfext
+ unitlines=0
++ sed '4957q;d' 22-cubes/30.cubes
+ for b in '$(sed "$((i+1))q;d" "$c")'
+ [[ a != \a ]]
+ for b in '$(sed "$((i+1))q;d" "$c")'
+ [[ -92 != \a ]]
+ [[ -92 != \0 ]]
+ unitlines=1
+ for b in '$(sed "$((i+1))q;d" "$c")'
+ [[ -137 != \a ]]
+ [[ -137 != \0 ]]
+ unitlines=2
+ for b in '$(sed "$((i+1))q;d" "$c")'
+ [[ 122 != \a ]]
+ [[ 122 != \0 ]]
+ unitlines=3
+ for b in '$(sed "$((i+1))q;d" "$c")'
+ [[ -80 != \a ]]
+ [[ -80 != \0 ]]
+ unitlines=4
+ for b in '$(sed "$((i+1))q;d" "$c")'
+ [[ -58 != \a ]]
+ [[ -58 != \0 ]]
+ unitlines=5
+ for b in '$(sed "$((i+1))q;d" "$c")'
+ [[ -207 != \a ]]
+ [[ -207 != \0 ]]
+ unitlines=6
+ for b in '$(sed "$((i+1))q;d" "$c")'
+ [[ 154 != \a ]]
+ [[ 154 != \0 ]]
+ unitlines=7
+ for b in '$(sed "$((i+1))q;d" "$c")'
+ [[ -171 != \a ]]
+ [[ -171 != \0 ]]
+ unitlines=8
+ for b in '$(sed "$((i+1))q;d" "$c")'
+ [[ -169 != \a ]]
+ [[ -169 != \0 ]]
+ unitlines=9
+ for b in '$(sed "$((i+1))q;d" "$c")'
+ [[ -49 != \a ]]
+ [[ -49 != \0 ]]
+ unitlines=10
+ for b in '$(sed "$((i+1))q;d" "$c")'
+ [[ 107 != \a ]]
+ [[ 107 != \0 ]]
+ unitlines=11
+ for b in '$(sed "$((i+1))q;d" "$c")'
+ [[ -188 != \a ]]
+ [[ -188 != \0 ]]
+ unitlines=12
+ for b in '$(sed "$((i+1))q;d" "$c")'
+ [[ 168 != \a ]]
+ [[ 168 != \0 ]]
+ unitlines=13
+ for b in '$(sed "$((i+1))q;d" "$c")'
+ [[ -93 != \a ]]
+ [[ -93 != \0 ]]
+ unitlines=14
+ for b in '$(sed "$((i+1))q;d" "$c")'
+ [[ -167 != \a ]]
+ [[ -167 != \0 ]]
+ unitlines=15
+ for b in '$(sed "$((i+1))q;d" "$c")'
+ [[ -166 != \a ]]
+ [[ -166 != \0 ]]
+ unitlines=16
+ for b in '$(sed "$((i+1))q;d" "$c")'
+ [[ -175 != \a ]]
+ [[ -175 != \0 ]]
+ unitlines=17
+ for b in '$(sed "$((i+1))q;d" "$c")'
+ [[ -136 != \a ]]
+ [[ -136 != \0 ]]
+ unitlines=18
+ for b in '$(sed "$((i+1))q;d" "$c")'
+ [[ -33 != \a ]]
+ [[ -33 != \0 ]]
+ unitlines=19
+ for b in '$(sed "$((i+1))q;d" "$c")'
+ [[ -120 != \a ]]
+ [[ -120 != \0 ]]
+ unitlines=20
+ for b in '$(sed "$((i+1))q;d" "$c")'
+ [[ -119 != \a ]]
+ [[ -119 != \0 ]]
+ unitlines=21
+ for b in '$(sed "$((i+1))q;d" "$c")'
+ [[ -165 != \a ]]
+ [[ -165 != \0 ]]
+ unitlines=22
+ for b in '$(sed "$((i+1))q;d" "$c")'
+ [[ -227 != \a ]]
+ [[ -227 != \0 ]]
+ unitlines=23
+ for b in '$(sed "$((i+1))q;d" "$c")'
+ [[ -149 != \a ]]
+ [[ -149 != \0 ]]
+ unitlines=24
+ for b in '$(sed "$((i+1))q;d" "$c")'
+ [[ -206 != \a ]]
+ [[ -206 != \0 ]]
+ unitlines=25
+ for b in '$(sed "$((i+1))q;d" "$c")'
+ [[ -164 != \a ]]
+ [[ -164 != \0 ]]
+ unitlines=26
+ for b in '$(sed "$((i+1))q;d" "$c")'
+ [[ 148 != \a ]]
+ [[ 148 != \0 ]]
+ unitlines=27
+ for b in '$(sed "$((i+1))q;d" "$c")'
+ [[ 0 != \a ]]
+ [[ 0 != \0 ]]
++ cut '-d ' -f3
++ head -n 1 constraints_22_11.simp-noncanon.simp
+ numvars=6160
++ cut '-d ' -f4
++ head -n 1 constraints_22_11.simp-noncanon.simp
+ numlines=1786659
+ newlines=1786686
+ echo 'p cnf 6160 1786686'
+ tail constraints_22_11.simp-noncanon.simp -n +2
++ sed '4957q;d' 22-cubes/30.cubes
+ for b in '$(sed "$((i+1))q;d" "$c")'
+ [[ a != \a ]]
+ for b in '$(sed "$((i+1))q;d" "$c")'
+ [[ -92 != \a ]]
+ [[ -92 != \0 ]]
+ echo '-92 0'
+ for b in '$(sed "$((i+1))q;d" "$c")'
+ [[ -137 != \a ]]
+ [[ -137 != \0 ]]
+ echo '-137 0'
+ for b in '$(sed "$((i+1))q;d" "$c")'
+ [[ 122 != \a ]]
+ [[ 122 != \0 ]]
+ echo '122 0'
+ for b in '$(sed "$((i+1))q;d" "$c")'
+ [[ -80 != \a ]]
+ [[ -80 != \0 ]]
+ echo '-80 0'
+ for b in '$(sed "$((i+1))q;d" "$c")'
+ [[ -58 != \a ]]
+ [[ -58 != \0 ]]
+ echo '-58 0'
+ for b in '$(sed "$((i+1))q;d" "$c")'
+ [[ -207 != \a ]]
+ [[ -207 != \0 ]]
+ echo '-207 0'
+ for b in '$(sed "$((i+1))q;d" "$c")'
+ [[ 154 != \a ]]
+ [[ 154 != \0 ]]
+ echo '154 0'
+ for b in '$(sed "$((i+1))q;d" "$c")'
+ [[ -171 != \a ]]
+ [[ -171 != \0 ]]
+ echo '-171 0'
+ for b in '$(sed "$((i+1))q;d" "$c")'
+ [[ -169 != \a ]]
+ [[ -169 != \0 ]]
+ echo '-169 0'
+ for b in '$(sed "$((i+1))q;d" "$c")'
+ [[ -49 != \a ]]
+ [[ -49 != \0 ]]
+ echo '-49 0'
+ for b in '$(sed "$((i+1))q;d" "$c")'
+ [[ 107 != \a ]]
+ [[ 107 != \0 ]]
+ echo '107 0'
+ for b in '$(sed "$((i+1))q;d" "$c")'
+ [[ -188 != \a ]]
+ [[ -188 != \0 ]]
+ echo '-188 0'
+ for b in '$(sed "$((i+1))q;d" "$c")'
+ [[ 168 != \a ]]
+ [[ 168 != \0 ]]
+ echo '168 0'
+ for b in '$(sed "$((i+1))q;d" "$c")'
+ [[ -93 != \a ]]
+ [[ -93 != \0 ]]
+ echo '-93 0'
+ for b in '$(sed "$((i+1))q;d" "$c")'
+ [[ -167 != \a ]]
+ [[ -167 != \0 ]]
+ echo '-167 0'
+ for b in '$(sed "$((i+1))q;d" "$c")'
+ [[ -166 != \a ]]
+ [[ -166 != \0 ]]
+ echo '-166 0'
+ for b in '$(sed "$((i+1))q;d" "$c")'
+ [[ -175 != \a ]]
+ [[ -175 != \0 ]]
+ echo '-175 0'
+ for b in '$(sed "$((i+1))q;d" "$c")'
+ [[ -136 != \a ]]
+ [[ -136 != \0 ]]
+ echo '-136 0'
+ for b in '$(sed "$((i+1))q;d" "$c")'
+ [[ -33 != \a ]]
+ [[ -33 != \0 ]]
+ echo '-33 0'
+ for b in '$(sed "$((i+1))q;d" "$c")'
+ [[ -120 != \a ]]
+ [[ -120 != \0 ]]
+ echo '-120 0'
+ for b in '$(sed "$((i+1))q;d" "$c")'
+ [[ -119 != \a ]]
+ [[ -119 != \0 ]]
+ echo '-119 0'
+ for b in '$(sed "$((i+1))q;d" "$c")'
+ [[ -165 != \a ]]
+ [[ -165 != \0 ]]
+ echo '-165 0'
+ for b in '$(sed "$((i+1))q;d" "$c")'
+ [[ -227 != \a ]]
+ [[ -227 != \0 ]]
+ echo '-227 0'
+ for b in '$(sed "$((i+1))q;d" "$c")'
+ [[ -149 != \a ]]
+ [[ -149 != \0 ]]
+ echo '-149 0'
+ for b in '$(sed "$((i+1))q;d" "$c")'
+ [[ -206 != \a ]]
+ [[ -206 != \0 ]]
+ echo '-206 0'
+ for b in '$(sed "$((i+1))q;d" "$c")'
+ [[ -164 != \a ]]
+ [[ -164 != \0 ]]
+ echo '-164 0'
+ for b in '$(sed "$((i+1))q;d" "$c")'
+ [[ 148 != \a ]]
+ [[ 148 != \0 ]]
+ echo '148 0'
+ for b in '$(sed "$((i+1))q;d" "$c")'
+ [[ 0 != \a ]]
+ [[ 0 != \0 ]]
+ ./simplify-by-var-removal.sh 22-cubes/30.cubes4956.adj 70
+ '[' -z 70 ']'
+ f=22-cubes/30.cubes4956.adj
+ p=70
++ echo 22-cubes
+ sub_dir=22-cubes
+ mkdir -p log/22-cubes
+ mkdir -p simp/22-cubes
+ tee log/22-cubes/30.cubes4956.adj.simp1
+ ./cadical/build/cadical 22-cubes/30.cubes4956.adj -o simp/22-cubes/30.cubes4956.adj.simp1 -e simp/22-cubes/30.cubes4956.adj.ext1 -n -c 200000
c --- [ banner ] -------------------------------------------------------------
c 
c CaDiCaL Radically Simplified CDCL SAT Solver
c Copyright (c) 2016-2021 A. Biere, M. Fleury, N. Froleyks
c 
c Version 1.5.2
c g++ (GCC) 9.3.0 -Wall -Wextra -O3 -DNDEBUG
c Tue Feb 8 21:15:15 EST 2022 Linux gra-login1 3.10.0-1160.36.2.el7.x86_64 x86_64
c 
c --- [ limit ] --------------------------------------------------------------
c 
c setting conflict limit to 200000 conflicts (due to '200000')
c 
c --- [ parsing input ] ------------------------------------------------------
c 
c reading DIMACS file from '22-cubes/30.cubes4956.adj'
c opening file to read '22-cubes/30.cubes4956.adj'
c found 'p cnf 6160 1786686' header
c parsed 1786686 clauses in 18.56 seconds process time
c closing file '22-cubes/30.cubes4956.adj'
c after reading 1542541794 bytes 1471.1 MB
c 
c --- [ options ] ------------------------------------------------------------
c 
c all options are set to their default value
c 
c --- [ solving ] ------------------------------------------------------------
c 
c time measured in process time since initialization
c 
c  seconds    reductions  redundant   irredundant
c          MB     restarts       trail       variables
c            level   conflicts       glue         remaining
c 
c * 18.56 1476  0 0   0    0    0  0% 0 1785954 4498 73%
c { 19.44 1528  0 0   0    0    0  0% 0 1785954 4498 73%
c i 19.55 1529  1 0   0    1    0 36% 0 1785954 4497 73%
c i 19.57 1529 10 0   0    3    1 35% 4 1785954 4446 72%
c i 22.72 1600 62 0  13   90   72 52% 24 1785954 4445 72%
c i 22.95 1600 61 0  16  102   83 52% 26 1785954 4437 72%
c i 24.89 1619 74 0  35  186  154 51% 32 1785954 4436 72%
c i 25.20 1622 82 0  38  202  166 51% 31 1785954 4435 72%
c i 25.25 1623 83 0  38  206  169 50% 31 1785954 4434 72%
c i 25.44 1623 87 0  39  214  176 51% 33 1785954 4430 72%
c i 25.57 1623 91 0  42  225  186 51% 36 1785954 4428 72%
c i 26.92 1633 89 0  60  297  245 50% 38 1785954 4416 72%
c - 31.02 1622 89 1  60  301  248 50% 38 593865 4416 72%
c i 32.18 1510 65 1  61  520  404 50% 31 593865 4415 72%
c i 32.29 1510 64 1  61  567  447 50% 30 593865 4414 72%
c i 32.35 1510 63 1  61  612  484 51% 31 593865 4413 72%
c i 33.95 1511 65 1  87  889  692 51% 29 593865 4412 72%
c i 35.05 1513 65 1 100  994  791 51% 31 593865 4411 72%
c } 35.27 1513 65 1 101 1014  806 51% 30 593865 4411 72%
c [ 35.27 1513  0 1 101 1014  806  0% 0 593865 4411 72%
c 
c  seconds    reductions  redundant  irredundant
c          MB     restarts       trail      variables
c            level   conflicts       glue        remaining
c 
c O 35.28 1513  2 1 101 1015  807 29% 2 593865 4411 72%
c i 35.77 1514 20 1 101 1086  866 58% 17 593865 4410 72%
c ] 36.02 1514 21 1 101 1331 1066 59% 19 593865 4410 72%
c 1 36.02 1514 21 1 101 1331 1066 59% 19 593865 4410 72%
c 
c --- [ writing output ] -----------------------------------------------------
c 
c writing simplified CNF to DIMACS file 'simp/22-cubes/30.cubes4956.adj.simp1'
c * 36.02 1514 21 1 101 1331 1066 59% 19 593865 4410 72%
c opening file to write 'simp/22-cubes/30.cubes4956.adj.simp1'
c writing 'p cnf 6160 593847' header
c closing file 'simp/22-cubes/30.cubes4956.adj.simp1'
c after writing 278865416 bytes 265.9 MB
c wrote 593847 clauses in 2.23 seconds process time
c 
c --- [ writing extension ] --------------------------------------------------
c 
c writing extension stack to 'simp/22-cubes/30.cubes4956.adj.ext1'
c opening file to write 'simp/22-cubes/30.cubes4956.adj.ext1'
c closing file 'simp/22-cubes/30.cubes4956.adj.ext1'
c after writing 25304 bytes 0.0 MB
c wrote 1750 witnesses in 0.00 seconds process time
c 
c --- [ result ] -------------------------------------------------------------
c 
s SATISFIABLE
c 
c --- [ run-time profiling ] -------------------------------------------------
c 
c process time taken by individual solving procedures
c (percentage relative to process time for solving)
c 
c        18.56  106.33% parse
c        17.46  100.00% search
c        15.84   90.70% unstable
c         0.87    5.00% lucky
c         0.75    4.29% stable
c         0.00    0.00% simplify
c   =================================
c        17.46   45.64% solve
c 
c last line shows process time for solving
c (percentage relative to total process time)
c 
c --- [ statistics ] ---------------------------------------------------------
c 
c chronological:               374        28.10 %  of conflicts
c conflicts:                  1331        76.24    per second
c decisions:                 12052       690.31    per second
c fixed:                      1750        28.41 %  of all variables
c learned:                    1269        95.34 %  per conflict
c learned_lits:             200886       100.00 %  learned literals
c minimized:                     0         0.00 %  learned literals
c shrunken:                  80428        40.04 %  learned literals
c minishrunken:              29111        14.49 %  learned literals
c propagations:             371840         0.02 M  per second
c rephased:                      1      1331.00    interval
c restarts:                    101        13.18    interval
c stabilizing:                   1        23.82 %  of conflicts
c subsumed:                    186         0.01 %  of all clauses
c 
c seconds are measured in process time for solving
c 
c --- [ resources ] ----------------------------------------------------------
c 
c total process time since initialization:        38.26    seconds
c total real time since initialization:           38.31    seconds
c maximum resident set size of process:         1635.64    MB
c 
c --- [ shutting down ] ------------------------------------------------------
c 
c exit 10
++ seq 1 100
+ for i in '$(seq 1 100)'
++ sed 's/.$//'
++ rev
++ cut '-d ' -f1
++ rev
++ tail -n 1
++ grep 'c [*]' log/22-cubes/30.cubes4956.adj.simp1
+ vars_remaining=72
+ ((  vars_remaining < 100 - p  ))
+ tee log/22-cubes/30.cubes4956.adj.simp2
+ ./cadical/build/cadical simp/22-cubes/30.cubes4956.adj.simp1 -o simp/22-cubes/30.cubes4956.adj.simp2 -e simp/22-cubes/30.cubes4956.adj.ext2 -n -c 200000
c --- [ banner ] -------------------------------------------------------------
c 
c CaDiCaL Radically Simplified CDCL SAT Solver
c Copyright (c) 2016-2021 A. Biere, M. Fleury, N. Froleyks
c 
c Version 1.5.2
c g++ (GCC) 9.3.0 -Wall -Wextra -O3 -DNDEBUG
c Tue Feb 8 21:15:15 EST 2022 Linux gra-login1 3.10.0-1160.36.2.el7.x86_64 x86_64
c 
c --- [ limit ] --------------------------------------------------------------
c 
c setting conflict limit to 200000 conflicts (due to '200000')
c 
c --- [ parsing input ] ------------------------------------------------------
c 
c reading DIMACS file from 'simp/22-cubes/30.cubes4956.adj.simp1'
c opening file to read 'simp/22-cubes/30.cubes4956.adj.simp1'
c found 'p cnf 6160 593847' header
c parsed 593847 clauses in 3.25 seconds process time
c closing file 'simp/22-cubes/30.cubes4956.adj.simp1'
c after reading 278865416 bytes 265.9 MB
c 
c --- [ options ] ------------------------------------------------------------
c 
c all options are set to their default value
c 
c --- [ solving ] ------------------------------------------------------------
c 
c time measured in process time since initialization
c 
c  seconds   reductions  redundant  irredundant
c          MB    restarts       trail      variables
c           level   conflicts       glue        remaining
c 
c *  3.25 275  0 0   0    0    0  0% 0 593847 4408 72%
c {  3.66 306  0 0   0    0    0  0% 0 593847 4408 72%
c i  4.40 327 66 0   4  112  100 25% 20 593847 4407 72%
c i  4.65 332 61 0  11  159  131 24% 22 593847 4406 72%
c i  4.78 334 63 0  11  166  137 24% 22 593847 4405 72%
c i  4.80 334 64 0  11  173  140 23% 22 593847 4404 71%
c i  5.06 337 62 0  18  207  163 22% 23 593847 4403 71%
c i  5.66 346 62 0  29  280  221 22% 25 593847 4402 71%
c -  6.25 346 60 1  30  301  236 22% 24 593829 4402 71%
c i  6.37 347 56 1  30  330  262 22% 23 593829 4401 71%
c i  6.39 347 56 1  30  337  268 22% 23 593829 4400 71%
c i  6.54 347 50 1  30  456  371 23% 23 593829 4399 71%
c i  6.57 347 50 1  30  459  373 23% 23 593829 4398 71%
c }  7.24 352 32 1  39 1000  461 16% 17 593829 4398 71%
c [  7.24 352  0 1  39 1000  461  0% 0 593829 4398 71%
c O  7.24 352 26 1  39 1003  462  7% 10 593829 4398 71%
c i  7.68 353 41 1  39 1193  626 31% 19 593829 4397 71%
c i  7.77 353 40 1  39 1246  666 31% 22 593829 4396 71%
c i  7.78 353 40 1  39 1248  667 31% 22 593829 4395 71%
c -  8.56 589 36 2  39 1366  631 31% 22 593808 4395 71%
c 
c  seconds   reductions  redundant   irredundant
c          MB    restarts       trail       variables
c           level   conflicts       glue         remaining
c 
c i  8.61 589 36 2  39 1372  635 31% 22 593808 4394 71%
c i  8.71 589 32 2  39 1499  716 30% 22 593808 4393 71%
c i  8.93 589 28 2  39 1943  999 30% 21 593808 4392 71%
c ]  8.96 589 27 2  39 2018 1056 30% 21 593808 4392 71%
c 1  8.96 589 27 2  39 2018 1056 30% 21 593808 4392 71%
c 
c --- [ writing output ] -----------------------------------------------------
c 
c writing simplified CNF to DIMACS file 'simp/22-cubes/30.cubes4956.adj.simp2'
c *  8.96 589 27 2  39 2018 1056 30% 21 593808 4392 71%
c opening file to write 'simp/22-cubes/30.cubes4956.adj.simp2'
c writing 'p cnf 6160 593799' header
c closing file 'simp/22-cubes/30.cubes4956.adj.simp2'
c after writing 269329235 bytes 256.9 MB
c wrote 593799 clauses in 1.97 seconds process time
c 
c --- [ writing extension ] --------------------------------------------------
c 
c writing extension stack to 'simp/22-cubes/30.cubes4956.adj.ext2'
c opening file to write 'simp/22-cubes/30.cubes4956.adj.ext2'
c closing file 'simp/22-cubes/30.cubes4956.adj.ext2'
c after writing 256 bytes 0.0 MB
c wrote 16 witnesses in 0.00 seconds process time
c 
c --- [ result ] -------------------------------------------------------------
c 
s SATISFIABLE
c 
c --- [ run-time profiling ] -------------------------------------------------
c 
c process time taken by individual solving procedures
c (percentage relative to process time for solving)
c 
c         5.71  100.00% search
c         3.58   62.74% unstable
c         3.25   56.94% parse
c         1.72   30.12% stable
c         0.41    7.13% lucky
c         0.00    0.00% simplify
c   =================================
c         5.71   52.25% solve
c 
c last line shows process time for solving
c (percentage relative to total process time)
c 
c --- [ statistics ] ---------------------------------------------------------
c 
c chronological:               415        20.56 %  of conflicts
c conflicts:                  2018       353.43    per second
c decisions:                  9544      1671.52    per second
c fixed:                        16         0.26 %  of all variables
c learned:                    1991        98.66 %  per conflict
c learned_lits:             297024       100.00 %  learned literals
c minimized:                     0         0.00 %  learned literals
c shrunken:                 144384        48.61 %  learned literals
c minishrunken:              39229        13.21 %  learned literals
c propagations:             389625         0.07 M  per second
c reduced:                     126         6.24 %  per conflict
c rephased:                      1      2018.00    interval
c restarts:                     39        51.74    interval
c stabilizing:                   1        50.45 %  of conflicts
c subsumed:                    793         0.07 %  of all clauses
c 
c seconds are measured in process time for solving
c 
c --- [ resources ] ----------------------------------------------------------
c 
c total process time since initialization:        10.93    seconds
c total real time since initialization:           11.07    seconds
c maximum resident set size of process:          589.03    MB
c 
c --- [ shutting down ] ------------------------------------------------------
c 
c exit 10
+ for i in '$(seq 1 100)'
++ sed 's/.$//'
++ rev
++ cut '-d ' -f1
++ rev
++ tail -n 1
++ grep 'c [*]' log/22-cubes/30.cubes4956.adj.simp2
+ vars_remaining=71
+ ((  vars_remaining < 100 - p  ))
+ tee log/22-cubes/30.cubes4956.adj.simp3
+ ./cadical/build/cadical simp/22-cubes/30.cubes4956.adj.simp2 -o simp/22-cubes/30.cubes4956.adj.simp3 -e simp/22-cubes/30.cubes4956.adj.ext3 -n -c 200000
c --- [ banner ] -------------------------------------------------------------
c 
c CaDiCaL Radically Simplified CDCL SAT Solver
c Copyright (c) 2016-2021 A. Biere, M. Fleury, N. Froleyks
c 
c Version 1.5.2
c g++ (GCC) 9.3.0 -Wall -Wextra -O3 -DNDEBUG
c Tue Feb 8 21:15:15 EST 2022 Linux gra-login1 3.10.0-1160.36.2.el7.x86_64 x86_64
c 
c --- [ limit ] --------------------------------------------------------------
c 
c setting conflict limit to 200000 conflicts (due to '200000')
c 
c --- [ parsing input ] ------------------------------------------------------
c 
c reading DIMACS file from 'simp/22-cubes/30.cubes4956.adj.simp2'
c opening file to read 'simp/22-cubes/30.cubes4956.adj.simp2'
c found 'p cnf 6160 593799' header
c parsed 593799 clauses in 3.14 seconds process time
c closing file 'simp/22-cubes/30.cubes4956.adj.simp2'
c after reading 269329235 bytes 256.9 MB
c 
c --- [ options ] ------------------------------------------------------------
c 
c all options are set to their default value
c 
c --- [ solving ] ------------------------------------------------------------
c 
c time measured in process time since initialization
c 
c  seconds   reductions  redundant  irredundant
c          MB    restarts       trail      variables
c           level   conflicts       glue        remaining
c 
c *  3.14 267  0 0   0    0    0  0% 0 593799 4392 71%
c {  3.63 306  0 0   0    0    0  0% 0 593799 4392 71%
c i  4.74 327 54 0  10   74   62 24% 16 593799 4391 71%
c -  7.37 349 62 1  56  301  209 20% 25 593796 4391 71%
c i  7.79 352 68 1  58  414  268 19% 24 593796 4390 71%
c i  8.29 354 65 1  67  526  332 19% 24 593796 4389 71%
c i  9.06 355 50 1  79  866  540 19% 21 593796 4388 71%
c }  9.15 355 47 1  79 1002  657 21% 21 593796 4388 71%
c [  9.15 355  0 1  79 1002  657  0% 0 593796 4388 71%
c O  9.16 355 40 1  79 1003  658  1% 1 593796 4388 71%
c - 10.40 590 71 2  79 1367  826 30% 20 593787 4388 71%
c i 10.53 590 70 2  79 1548  962 30% 20 593787 4387 71%
c ] 11.44 589 62 2  80 2270 1472 42% 21 593784 4387 71%
c 1 11.44 589 62 2  80 2270 1472 42% 21 593784 4387 71%
c 
c --- [ writing output ] -----------------------------------------------------
c 
c writing simplified CNF to DIMACS file 'simp/22-cubes/30.cubes4956.adj.simp3'
c * 11.44 589 62 2  80 2270 1472 42% 21 593784 4387 71%
c opening file to write 'simp/22-cubes/30.cubes4956.adj.simp3'
c writing 'p cnf 6160 593784' header
c closing file 'simp/22-cubes/30.cubes4956.adj.simp3'
c after writing 266376675 bytes 254.0 MB
c wrote 593784 clauses in 1.89 seconds process time
c 
c --- [ writing extension ] --------------------------------------------------
c 
c writing extension stack to 'simp/22-cubes/30.cubes4956.adj.ext3'
c opening file to write 'simp/22-cubes/30.cubes4956.adj.ext3'
c closing file 'simp/22-cubes/30.cubes4956.adj.ext3'
c after writing 80 bytes 0.0 MB
c wrote 5 witnesses in 0.00 seconds process time
c 
c --- [ result ] -------------------------------------------------------------
c 
s SATISFIABLE
c 
c --- [ run-time profiling ] -------------------------------------------------
c 
c process time taken by individual solving procedures
c (percentage relative to process time for solving)
c 
c         8.30  100.00% search
c         5.52   66.55% unstable
c         3.14   37.85% parse
c         2.29   27.62% stable
c         0.48    5.82% lucky
c         0.00    0.00% simplify
c   =================================
c         8.30   62.24% solve
c 
c last line shows process time for solving
c (percentage relative to total process time)
c 
c --- [ statistics ] ---------------------------------------------------------
c 
c chronological:               494        21.76 %  of conflicts
c conflicts:                  2270       273.48    per second
c decisions:                 12120      1460.19    per second
c fixed:                         5         0.08 %  of all variables
c learned:                    2220        97.80 %  per conflict
c learned_lits:             383999       100.00 %  learned literals
c minimized:                     0         0.00 %  learned literals
c shrunken:                 180098        46.90 %  learned literals
c minishrunken:              56126        14.62 %  learned literals
c propagations:             537700         0.06 M  per second
c reduced:                     100         4.41 %  per conflict
c rephased:                      1      2270.00    interval
c restarts:                     80        28.38    interval
c stabilizing:                   1        55.86 %  of conflicts
c subsumed:                    643         0.05 %  of all clauses
c 
c seconds are measured in process time for solving
c 
c --- [ resources ] ----------------------------------------------------------
c 
c total process time since initialization:        13.34    seconds
c total real time since initialization:           13.37    seconds
c maximum resident set size of process:          821.84    MB
c 
c --- [ shutting down ] ------------------------------------------------------
c 
c exit 10
+ for i in '$(seq 1 100)'
++ sed 's/.$//'
++ rev
++ cut '-d ' -f1
++ rev
++ tail -n 1
++ grep 'c [*]' log/22-cubes/30.cubes4956.adj.simp3
+ vars_remaining=71
+ ((  vars_remaining < 100 - p  ))
+ tee log/22-cubes/30.cubes4956.adj.simp4
+ ./cadical/build/cadical simp/22-cubes/30.cubes4956.adj.simp3 -o simp/22-cubes/30.cubes4956.adj.simp4 -e simp/22-cubes/30.cubes4956.adj.ext4 -n -c 200000
c --- [ banner ] -------------------------------------------------------------
c 
c CaDiCaL Radically Simplified CDCL SAT Solver
c Copyright (c) 2016-2021 A. Biere, M. Fleury, N. Froleyks
c 
c Version 1.5.2
c g++ (GCC) 9.3.0 -Wall -Wextra -O3 -DNDEBUG
c Tue Feb 8 21:15:15 EST 2022 Linux gra-login1 3.10.0-1160.36.2.el7.x86_64 x86_64
c 
c --- [ limit ] --------------------------------------------------------------
c 
c setting conflict limit to 200000 conflicts (due to '200000')
c 
c --- [ parsing input ] ------------------------------------------------------
c 
c reading DIMACS file from 'simp/22-cubes/30.cubes4956.adj.simp3'
c opening file to read 'simp/22-cubes/30.cubes4956.adj.simp3'
c found 'p cnf 6160 593784' header
c parsed 593784 clauses in 3.11 seconds process time
c closing file 'simp/22-cubes/30.cubes4956.adj.simp3'
c after reading 266376675 bytes 254.0 MB
c 
c --- [ options ] ------------------------------------------------------------
c 
c all options are set to their default value
c 
c --- [ solving ] ------------------------------------------------------------
c 
c time measured in process time since initialization
c 
c  seconds   reductions  redundant  irredundant
c          MB    restarts       trail      variables
c           level   conflicts       glue        remaining
c 
c *  3.11 266  0 0   0    0    0  0% 0 593784 4387 71%
c {  3.64 307  0 0   0    0    0  0% 0 593784 4387 71%
c -  6.78 355 65 1  24  302  261 22% 19 593784 4387 71%
c }  9.14 362 35 1  41 1001  783 24% 16 593784 4387 71%
c [  9.14 362  0 1  41 1001  783  0% 0 593784 4387 71%
c O  9.14 362 40 1  41 1002  784  2% 1 593784 4387 71%
c - 10.40 596 54 2  41 1367  970 28% 18 593784 4387 71%
c i 11.38 584 47 2  42 2370 1680 39% 19 593784 4386 71%
c - 12.09 583 40 3  42 2966 1579 38% 19 593781 4386 71%
c ] 12.16 583 40 3  42 3001 1600 38% 20 593781 4386 71%
c { 12.16 583 35 3  42 3001 1600 34% 16 593781 4386 71%
c F 12.17 583 35 3  42 3005 1604 34% 16 593781 4386 71%
c 3 24.45 583 51 3 375 5003 4623 32% 26 593765 4378 71%
c 2 24.67 583 51 3 375 5003 4853 32% 26 593650 4377 71%
c p 33.05 583 51 3 375 5003 8426 32% 26 593650 4355 71%
c d 33.74 583 51 3 375 5003 8266 32% 26 593537 4354 71%
c - 35.06 581 52 4 397 5095 2198 32% 27 593537 4354 71%
c # 36.49 581 47 4 424 6007 2900 33% 26 593537 4354 71%
c } 41.00 581 45 4 467 7002 3697 33% 25 593537 4354 71%
c [ 41.00 581 40 4 467 7002 3697 38% 20 593537 4354 71%
c 
c  seconds   reductions  redundant   irredundant
c          MB    restarts       trail       variables
c           level   conflicts       glue         remaining
c 
c - 43.45 582 35 5 468 7756 3061 36% 19 593537 4354 71%
c I 46.46 582 31 5 469 10011 4684 37% 21 593537 4354 71%
c - 48.42 582 35 6 470 10948 3888 37% 25 593537 4354 71%
c s 52.20 582 37 6 472 14163 6241 37% 28 590195 4354 71%
c v 64.42 582 37 6 472 14163 6241 37% 28 589853 4354 71%
c t 64.73 582 37 6 472 14163 6237 37% 28 589669 4354 71%
c e 66.84 594 37 6 472 14163 6006 37% 28 581783 1122 18%
c s 67.04 594 37 6 472 14163 6002 37% 28 581259 1122 18%
c - 70.90 558 38 7 472 14672 4576 65% 29 581259 1122 18%
c ] 71.28 558 38 7 472 15005 4819 65% 29 581259 1122 18%
c { 71.28 558 45 7 472 15005 4819 129% 25 581259 1122 18%
c p 74.26 558 45 7 473 15005 6496 129% 25 581259 1121 18%
c B 74.54 558 45 7 474 15012 6503 129% 25 581259 1121 18%
c } 79.41 558 42 7 554 16797 7824 111% 24 581259 1121 18%
c 1 79.41 558 42 7 554 16797 7824 111% 24 581259 1121 18%
c 
c --- [ writing output ] -----------------------------------------------------
c 
c writing simplified CNF to DIMACS file 'simp/22-cubes/30.cubes4956.adj.simp4'
c * 79.41 558 42 7 554 16797 7824 111% 24 581259 1121 18%
c opening file to write 'simp/22-cubes/30.cubes4956.adj.simp4'
c writing 'p cnf 6160 581256' header
c closing file 'simp/22-cubes/30.cubes4956.adj.simp4'
c after writing 261964940 bytes 249.8 MB
c wrote 581256 clauses in 1.89 seconds process time
c 
c --- [ writing extension ] --------------------------------------------------
c 
c writing extension stack to 'simp/22-cubes/30.cubes4956.adj.ext4'
c opening file to write 'simp/22-cubes/30.cubes4956.adj.ext4'
c closing file 'simp/22-cubes/30.cubes4956.adj.ext4'
c after writing 224335 bytes 0.2 MB
c wrote 8860 witnesses in 0.00 seconds process time
c 
c --- [ result ] -------------------------------------------------------------
c 
s SATISFIABLE
c 
c --- [ run-time profiling ] -------------------------------------------------
c 
c process time taken by individual solving procedures
c (percentage relative to process time for solving)
c 
c        46.45   60.88% search
c        29.84   39.12% simplify
c        29.35   38.46% unstable
c        16.58   21.73% stable
c        12.46   16.33% vivify
c        11.23   14.72% probe
c         3.85    5.05% elim
c         3.11    4.08% parse
c         0.52    0.69% lucky
c         0.41    0.53% subsume
c         0.16    0.21% ternary
c   =================================
c        76.29   93.84% solve
c 
c last line shows process time for solving
c (percentage relative to total process time)
c 
c --- [ statistics ] ---------------------------------------------------------
c 
c chronological:              3361        20.01 %  of conflicts
c conflicts:                 16797       220.17    per second
c decisions:                 59877       784.83    per second
c eliminated:                 3232        52.47 %  of all variables
c fixed:                        24         0.39 %  of all variables
c learned:                   16415        97.73 %  per conflict
c learned_lits:            3114694       100.00 %  learned literals
c minimized:                     0         0.00 %  learned literals
c shrunken:                1675563        53.80 %  learned literals
c minishrunken:             303864         9.76 %  learned literals
c propagations:            3911422         0.05 M  per second
c reduced:                    6049        36.01 %  per conflict
c rephased:                      5      3359.40    interval
c restarts:                    554        30.32    interval
c stabilizing:                   2        59.55 %  of conflicts
c substituted:                  10         0.16 %  of all variables
c subsumed:                   9038         0.70 %  of all clauses
c strengthened:              29898         2.30 %  of all clauses
c ternary:                    2214         0.37 %  of resolved
c vivified:                    345         0.03 %  of all clauses
c weakened:                   8836         3.24    average size
c 
c seconds are measured in process time for solving
c 
c --- [ resources ] ----------------------------------------------------------
c 
c total process time since initialization:        81.30    seconds
c total real time since initialization:           81.37    seconds
c maximum resident set size of process:          938.34    MB
c 
c --- [ shutting down ] ------------------------------------------------------
c 
c exit 10
+ for i in '$(seq 1 100)'
++ sed 's/.$//'
++ rev
++ cut '-d ' -f1
++ rev
++ tail -n 1
++ grep 'c [*]' log/22-cubes/30.cubes4956.adj.simp4
+ vars_remaining=18
+ ((  vars_remaining < 100 - p  ))
+ break
++ cut '-d ' -f3
++ head -n 1 simp/22-cubes/30.cubes4956.adj.simp4
+ numvars=6160
++ cut '-d ' -f4
++ head -n 1 simp/22-cubes/30.cubes4956.adj.simp4
+ numlines=581256
+ extlines_total=0
++ seq 1 4
+ for j in '$(seq 1 "$i")'
++ cut '-d ' -f1
++ wc -l simp/22-cubes/30.cubes4956.adj.ext1
+ extlines_j=1750
+ extlines_total=1750
+ for j in '$(seq 1 "$i")'
++ cut '-d ' -f1
++ wc -l simp/22-cubes/30.cubes4956.adj.ext2
+ extlines_j=16
+ extlines_total=1766
+ for j in '$(seq 1 "$i")'
++ cut '-d ' -f1
++ wc -l simp/22-cubes/30.cubes4956.adj.ext3
+ extlines_j=5
+ extlines_total=1771
+ for j in '$(seq 1 "$i")'
++ cut '-d ' -f1
++ wc -l simp/22-cubes/30.cubes4956.adj.ext4
+ extlines_j=8860
+ extlines_total=10631
+ newlines=591887
+ echo 'p cnf 6160 591887'
+ tail simp/22-cubes/30.cubes4956.adj.simp4 -n +2
++ seq 1 4
+ for j in '$(seq 1 "$i")'
+ cat simp/22-cubes/30.cubes4956.adj.ext1
+ for j in '$(seq 1 "$i")'
+ cat simp/22-cubes/30.cubes4956.adj.ext2
+ for j in '$(seq 1 "$i")'
+ cat simp/22-cubes/30.cubes4956.adj.ext3
+ for j in '$(seq 1 "$i")'
+ cat simp/22-cubes/30.cubes4956.adj.ext4
+ sed -i 's/ 0.*/ 0/' 22-cubes/30.cubes4956.adj.simp
============================[ Problem Statistics ]=============================
|                                                                             |
|  Number of variables:          6160                                         |
|  Number of clauses:          590092                                         |
|  Parse time:                   3.38 s                                       |
|  Simplification time:          0.08 s                                       |
|                                                                             |
============================[ Search Statistics ]====================================================
| Conflicts |          ORIGINAL         |          LEARNT          | Num Sols |      SUBGRAPHS      |
|           |    Vars  Clauses Literals |    Limit  Clauses Lit/Cl |          | Canonical Noncanon. |
=====================================================================================================
|       100 |    4365   590092 57132706 |     2000      100     34 |        0 |        29         0 |
|       275 |    4365   590117 57133217 |     2000      275     62 |        0 |        47        25 |
|       503 |    4365   590120 57133267 |     2000      503     80 |        0 |        57        28 |
|       859 |    4365   590139 57133793 |     2000      859     79 |        0 |        85        47 |
|      1365 |    4365   590139 57133793 |     2000     1365     92 |        0 |        95        47 |
|      2144 |    4365   590159 57134305 |     3606     1150     67 |        0 |       122        67 |
|      3292 |    4365   590168 57134491 |     3606     2298     89 |        0 |       133        76 |
|      5192 |    4365   590360 57138582 |     5007     2399     56 |        0 |       178       268 |
|      7879 |    4365   590485 57141352 |     6308     2587     41 |        0 |       261       393 |
|     11815 |    4365   590577 57143370 |     7555     3370     33 |        0 |       410       485 |
|     17673 |    4365   590669 57145307 |     8780     5453     58 |        0 |       500       577 |
|     26619 |    4365   590966 57151826 |    11206     5025     29 |        0 |       689       874 |
|     39757 |    4365   591130 57155068 |    13614     6371     34 |        0 |       795      1038 |
|     59528 |    4365   591440 57161848 |    16015    11943     62 |        0 |       919      1348 |
|     90238 |    4365   592958 57186403 |    19606    16844     64 |        0 |      1133      2866 |
|    134618 |    4365   593549 57197032 |    24412    18430     56 |        0 |      1275      3457 |
|    200843 |    4365   594090 57208478 |    30411    17654     49 |        0 |      1519      3998 |
|    300574 |    4365   595295 57236136 |    36413    35387     64 |        0 |      1990      5203 |
|    450359 |    4365   597291 57282094 |    46018    22777     34 |        0 |      3073      7199 |
|    672815 |    4365   598064 57306130 |    55626    44441     60 |        0 |      3546      7972 |
|   1007128 |    4365   599852 57354679 |    68835    39963     45 |        0 |      4291      9760 |
|   1510852 |    4365   604788 57473136 |    84426    49678     45 |        0 |      5692     14696 |
|   2264753 |    4365   610507 57634210 |   103618    56371     40 |        0 |      7188     20415 |
|   3390957 |    4365   614437 57747817 |   126413    95770     56 |        0 |      8458     24345 |
|   5093377 |    4365   633446 58215347 |   155210   115787     62 |        0 |     15441     43354 |
|   7650224 |    4365   665177 58897938 |   190028   178652     71 |        2 |     28457     75083 |
|  11500810 |    4365   728088 60233621 |   233228   231238     76 |        2 |     53374    137994 |
|  17323167 |    4365   868933 63173251 |   287248   212615     57 |        2 |     86582    278839 |
|  26122671 |    4365  1146168 68840137 |   353229   223100     46 |        2 |    127326    556074 |
|  39103910 |    4365  1344004 73023045 |   432417   261727     41 |        3 |    162547    753909 |
|  58668327 |    4365  1733316 80659539 |   529622   369949     48 |        4 |    235213   1143220 |
=====================================================================================================
Number of solutions   : 4           
Canonical subgraphs   : 269850         (19 /sec)
          order  3    : 1              (200000 /sec)
          order  4    : 1              (500000 /sec)
          order  5    : 1              (200000 /sec)
          order  6    : 1              (55556 /sec)
          order  7    : 1              (8772 /sec)
          order  8    : 2              (1365 /sec)
          order  9    : 6              (316 /sec)
          order 10    : 25             (90 /sec)
          order 11    : 113            (27 /sec)
          order 12    : 1012           (14 /sec)
          order 13    : 5811           (10 /sec)
          order 14    : 44486          (18 /sec)
          order 15    : 138218         (21 /sec)
          order 16    : 60453          (21 /sec)
          order 17    : 13089          (16 /sec)
          order 18    : 3768           (13 /sec)
          order 19    : 1836           (12 /sec)
          order 20    : 580            (11 /sec)
          order 21    : 442            (11 /sec)
          order 22    : 4              (1 /sec)
Noncanonical subgraphs: 1429998        (203 /sec)
          order  3    : 0              (-nan /sec)
          order  4    : 0              (-nan /sec)
          order  5    : 0              (-nan /sec)
          order  6    : 0              (-nan /sec)
          order  7    : 0              (-nan /sec)
          order  8    : 0              (-nan /sec)
          order  9    : 0              (-nan /sec)
          order 10    : 0              (-nan /sec)
          order 11    : 0              (-nan /sec)
          order 12    : 0              (-nan /sec)
          order 13    : 0              (-nan /sec)
          order 14    : 187825         (1110 /sec)
          order 15    : 228518         (1036 /sec)
          order 16    : 989454         (155 /sec)
          order 17    : 20654          (105 /sec)
          order 18    : 3091           (53 /sec)
          order 19    : 4              (92 /sec)
          order 20    : 0              (-nan /sec)
          order 21    : 0              (-nan /sec)
Canonicity checking   : 20909.9 s
database reductions   : 461
restarts              : 83400
conflicts             : 64663567       (842 /sec)
decisions             : 78843042       (0.00 % random) (1027 /sec)
propagations          : 13738586037    (178974 /sec)
conflict literals     : 7121097173     (57.15 % deleted)
actual reward         : 0.056687
Memory used           : 1325.00 MB
CPU time              : 76762.8 s

UNSATISFIABLE
