+ '[' -z 5041 ']'
+ f=constraints_22_11.simp-noncanon.simp
+ c=22-cubes/30.cubes
+ i=5041
+ s=70
+ adj=22-cubes/30.cubes5041.adj
+ cnf=22-cubes/30.cubes5041.cnf
+ ext=22-cubes/30.cubes5041.ext
+ cnfext=22-cubes/30.cubes5041.cnfext
+ unitlines=0
++ sed '5042q;d' 22-cubes/30.cubes
+ for b in '$(sed "$((i+1))q;d" "$c")'
+ [[ a != \a ]]
+ for b in '$(sed "$((i+1))q;d" "$c")'
+ [[ -92 != \a ]]
+ [[ -92 != \0 ]]
+ unitlines=1
+ for b in '$(sed "$((i+1))q;d" "$c")'
+ [[ -137 != \a ]]
+ [[ -137 != \0 ]]
+ unitlines=2
+ for b in '$(sed "$((i+1))q;d" "$c")'
+ [[ 122 != \a ]]
+ [[ 122 != \0 ]]
+ unitlines=3
+ for b in '$(sed "$((i+1))q;d" "$c")'
+ [[ -80 != \a ]]
+ [[ -80 != \0 ]]
+ unitlines=4
+ for b in '$(sed "$((i+1))q;d" "$c")'
+ [[ -58 != \a ]]
+ [[ -58 != \0 ]]
+ unitlines=5
+ for b in '$(sed "$((i+1))q;d" "$c")'
+ [[ -207 != \a ]]
+ [[ -207 != \0 ]]
+ unitlines=6
+ for b in '$(sed "$((i+1))q;d" "$c")'
+ [[ 154 != \a ]]
+ [[ 154 != \0 ]]
+ unitlines=7
+ for b in '$(sed "$((i+1))q;d" "$c")'
+ [[ -171 != \a ]]
+ [[ -171 != \0 ]]
+ unitlines=8
+ for b in '$(sed "$((i+1))q;d" "$c")'
+ [[ -169 != \a ]]
+ [[ -169 != \0 ]]
+ unitlines=9
+ for b in '$(sed "$((i+1))q;d" "$c")'
+ [[ -49 != \a ]]
+ [[ -49 != \0 ]]
+ unitlines=10
+ for b in '$(sed "$((i+1))q;d" "$c")'
+ [[ 107 != \a ]]
+ [[ 107 != \0 ]]
+ unitlines=11
+ for b in '$(sed "$((i+1))q;d" "$c")'
+ [[ -188 != \a ]]
+ [[ -188 != \0 ]]
+ unitlines=12
+ for b in '$(sed "$((i+1))q;d" "$c")'
+ [[ -168 != \a ]]
+ [[ -168 != \0 ]]
+ unitlines=13
+ for b in '$(sed "$((i+1))q;d" "$c")'
+ [[ -167 != \a ]]
+ [[ -167 != \0 ]]
+ unitlines=14
+ for b in '$(sed "$((i+1))q;d" "$c")'
+ [[ -93 != \a ]]
+ [[ -93 != \0 ]]
+ unitlines=15
+ for b in '$(sed "$((i+1))q;d" "$c")'
+ [[ 226 != \a ]]
+ [[ 226 != \0 ]]
+ unitlines=16
+ for b in '$(sed "$((i+1))q;d" "$c")'
+ [[ 193 != \a ]]
+ [[ 193 != \0 ]]
+ unitlines=17
+ for b in '$(sed "$((i+1))q;d" "$c")'
+ [[ -151 != \a ]]
+ [[ -151 != \0 ]]
+ unitlines=18
+ for b in '$(sed "$((i+1))q;d" "$c")'
+ [[ 223 != \a ]]
+ [[ 223 != \0 ]]
+ unitlines=19
+ for b in '$(sed "$((i+1))q;d" "$c")'
+ [[ 0 != \a ]]
+ [[ 0 != \0 ]]
++ cut '-d ' -f3
++ head -n 1 constraints_22_11.simp-noncanon.simp
+ numvars=6160
++ cut '-d ' -f4
++ head -n 1 constraints_22_11.simp-noncanon.simp
+ numlines=1786659
+ newlines=1786678
+ echo 'p cnf 6160 1786678'
+ tail constraints_22_11.simp-noncanon.simp -n +2
++ sed '5042q;d' 22-cubes/30.cubes
+ for b in '$(sed "$((i+1))q;d" "$c")'
+ [[ a != \a ]]
+ for b in '$(sed "$((i+1))q;d" "$c")'
+ [[ -92 != \a ]]
+ [[ -92 != \0 ]]
+ echo '-92 0'
+ for b in '$(sed "$((i+1))q;d" "$c")'
+ [[ -137 != \a ]]
+ [[ -137 != \0 ]]
+ echo '-137 0'
+ for b in '$(sed "$((i+1))q;d" "$c")'
+ [[ 122 != \a ]]
+ [[ 122 != \0 ]]
+ echo '122 0'
+ for b in '$(sed "$((i+1))q;d" "$c")'
+ [[ -80 != \a ]]
+ [[ -80 != \0 ]]
+ echo '-80 0'
+ for b in '$(sed "$((i+1))q;d" "$c")'
+ [[ -58 != \a ]]
+ [[ -58 != \0 ]]
+ echo '-58 0'
+ for b in '$(sed "$((i+1))q;d" "$c")'
+ [[ -207 != \a ]]
+ [[ -207 != \0 ]]
+ echo '-207 0'
+ for b in '$(sed "$((i+1))q;d" "$c")'
+ [[ 154 != \a ]]
+ [[ 154 != \0 ]]
+ echo '154 0'
+ for b in '$(sed "$((i+1))q;d" "$c")'
+ [[ -171 != \a ]]
+ [[ -171 != \0 ]]
+ echo '-171 0'
+ for b in '$(sed "$((i+1))q;d" "$c")'
+ [[ -169 != \a ]]
+ [[ -169 != \0 ]]
+ echo '-169 0'
+ for b in '$(sed "$((i+1))q;d" "$c")'
+ [[ -49 != \a ]]
+ [[ -49 != \0 ]]
+ echo '-49 0'
+ for b in '$(sed "$((i+1))q;d" "$c")'
+ [[ 107 != \a ]]
+ [[ 107 != \0 ]]
+ echo '107 0'
+ for b in '$(sed "$((i+1))q;d" "$c")'
+ [[ -188 != \a ]]
+ [[ -188 != \0 ]]
+ echo '-188 0'
+ for b in '$(sed "$((i+1))q;d" "$c")'
+ [[ -168 != \a ]]
+ [[ -168 != \0 ]]
+ echo '-168 0'
+ for b in '$(sed "$((i+1))q;d" "$c")'
+ [[ -167 != \a ]]
+ [[ -167 != \0 ]]
+ echo '-167 0'
+ for b in '$(sed "$((i+1))q;d" "$c")'
+ [[ -93 != \a ]]
+ [[ -93 != \0 ]]
+ echo '-93 0'
+ for b in '$(sed "$((i+1))q;d" "$c")'
+ [[ 226 != \a ]]
+ [[ 226 != \0 ]]
+ echo '226 0'
+ for b in '$(sed "$((i+1))q;d" "$c")'
+ [[ 193 != \a ]]
+ [[ 193 != \0 ]]
+ echo '193 0'
+ for b in '$(sed "$((i+1))q;d" "$c")'
+ [[ -151 != \a ]]
+ [[ -151 != \0 ]]
+ echo '-151 0'
+ for b in '$(sed "$((i+1))q;d" "$c")'
+ [[ 223 != \a ]]
+ [[ 223 != \0 ]]
+ echo '223 0'
+ for b in '$(sed "$((i+1))q;d" "$c")'
+ [[ 0 != \a ]]
+ [[ 0 != \0 ]]
+ ./simplify-by-var-removal.sh 22-cubes/30.cubes5041.adj 70
+ '[' -z 70 ']'
+ f=22-cubes/30.cubes5041.adj
+ p=70
++ echo 22-cubes
+ sub_dir=22-cubes
+ mkdir -p log/22-cubes
+ mkdir -p simp/22-cubes
+ ./cadical/build/cadical 22-cubes/30.cubes5041.adj -o simp/22-cubes/30.cubes5041.adj.simp1 -e simp/22-cubes/30.cubes5041.adj.ext1 -n -c 200000
+ tee log/22-cubes/30.cubes5041.adj.simp1
c --- [ banner ] -------------------------------------------------------------
c 
c CaDiCaL Radically Simplified CDCL SAT Solver
c Copyright (c) 2016-2021 A. Biere, M. Fleury, N. Froleyks
c 
c Version 1.5.2
c g++ (GCC) 9.3.0 -Wall -Wextra -O3 -DNDEBUG
c Tue Feb 8 21:15:15 EST 2022 Linux gra-login1 3.10.0-1160.36.2.el7.x86_64 x86_64
c 
c --- [ limit ] --------------------------------------------------------------
c 
c setting conflict limit to 200000 conflicts (due to '200000')
c 
c --- [ parsing input ] ------------------------------------------------------
c 
c reading DIMACS file from '22-cubes/30.cubes5041.adj'
c opening file to read '22-cubes/30.cubes5041.adj'
c found 'p cnf 6160 1786678' header
c parsed 1786678 clauses in 18.54 seconds process time
c closing file '22-cubes/30.cubes5041.adj'
c after reading 1542541738 bytes 1471.1 MB
c 
c --- [ options ] ------------------------------------------------------------
c 
c all options are set to their default value
c 
c --- [ solving ] ------------------------------------------------------------
c 
c time measured in process time since initialization
c 
c  seconds    reductions  redundant   irredundant
c          MB     restarts       trail       variables
c            level   conflicts       glue         remaining
c 
c * 18.54 1475  0 0   0    0    0  0% 0 1785954 4526 73%
c { 20.47 1558  0 0   0    0    0  0% 0 1785954 4526 73%
c i 20.98 1561 76 0   0   17   13 45% 4 1785954 4525 73%
c i 21.06 1562 61 0   0   25   20 42% 3 1785954 4478 73%
c i 22.67 1591 104 0   8   75   64 46% 33 1785954 4474 73%
c i 22.85 1591 78 0  16  113   79 47% 27 1785954 4473 73%
c i 23.24 1595 85 0  18  159  116 47% 28 1785954 4472 73%
c i 23.27 1595 84 0  18  163  119 47% 27 1785954 4471 73%
c i 23.43 1595 85 0  18  190  143 48% 28 1785954 4470 73%
c i 23.74 1600 86 0  23  209  159 48% 30 1785954 4469 73%
c i 24.33 1607 89 0  30  240  187 48% 35 1785954 4465 72%
c i 25.29 1611 87 0  38  271  214 48% 34 1785954 4462 72%
c - 29.57 1529 82 1  38  300  227 48% 31 381257 4462 72%
c i 30.78 1476 64 1  38  427  335 48% 25 381257 4461 72%
c i 30.83 1476 64 1  38  430  337 48% 25 381257 4460 72%
c i 30.85 1476 64 1  38  433  339 48% 25 381257 4459 72%
c i 30.91 1476 63 1  38  447  350 48% 25 381257 4458 72%
c i 30.98 1476 62 1  38  464  366 48% 26 381257 4457 72%
c i 31.01 1476 62 1  39  476  377 48% 26 381257 4456 72%
c i 31.05 1476 62 1  39  478  378 48% 26 381257 4455 72%
c 
c  seconds    reductions  redundant   irredundant
c          MB     restarts       trail       variables
c            level   conflicts       glue         remaining
c 
c i 31.17 1476 62 1  39  486  385 49% 26 381257 4454 72%
c i 31.20 1476 61 1  40  490  388 49% 26 381257 4453 72%
c i 31.49 1477 56 1  50  585  461 49% 26 381257 4452 72%
c i 31.51 1477 56 1  50  588  463 49% 26 381257 4451 72%
c i 31.62 1477 57 1  51  618  491 49% 26 381257 4450 72%
c i 31.66 1477 57 1  51  624  496 49% 26 381257 4449 72%
c i 31.78 1477 58 1  59  665  523 49% 27 381257 4448 72%
c i 31.88 1477 61 1  64  686  541 49% 29 381257 4447 72%
c i 31.96 1477 62 1  68  698  552 49% 29 381257 4446 72%
c i 32.13 1477 62 1  73  741  571 48% 28 381257 4445 72%
c i 32.20 1477 63 1  73  751  580 49% 28 381257 4444 72%
c i 32.23 1477 64 1  75  758  585 49% 29 381257 4443 72%
c i 33.12 1477 69 1  96  842  663 49% 32 381257 4442 72%
c i 33.19 1477 69 1  97  852  671 49% 32 381257 4441 72%
c i 33.46 1477 69 1 111  909  721 49% 32 381257 4440 72%
c i 33.52 1477 67 1 111  953  759 49% 32 381257 4439 72%
c } 33.58 1477 66 1 111 1000  798 50% 31 381257 4439 72%
c [ 33.58 1477  0 1 111 1000  798  0% 0 381257 4439 72%
c O 33.59 1477 17 1 111 1002  800 41% 14 381257 4439 72%
c - 34.81 1624 29 2 111 1248  842 52% 24 381194 4439 72%
c 
c  seconds    reductions  redundant   irredundant
c          MB     restarts       trail       variables
c            level   conflicts       glue         remaining
c 
c - 35.58 1623 26 3 112 2671 1502 56% 22 381194 4439 72%
c ] 35.70 1623 26 3 112 3001 1751 57% 22 381194 4439 72%
c { 35.70 1623 66 3 112 3001 1751 50% 31 381194 4439 72%
c F 36.02 1623 65 3 112 3004 1754 17% 31 381194 4439 72%
c i 36.21 1623 63 3 112 3060 1799 30% 30 381194 4438 72%
c i 36.21 1623 63 3 112 3061 1799 30% 30 381194 4437 72%
c i 36.28 1623 61 3 112 3105 1835 32% 30 381194 4436 72%
c i 36.31 1623 60 3 112 3137 1858 34% 29 381194 4435 72%
c i 36.56 1623 61 3 115 3222 1935 35% 30 381194 4434 72%
c i 36.80 1623 62 3 121 3246 1957 35% 30 381194 4433 72%
c i 36.87 1623 62 3 122 3250 1960 35% 30 381194 4432 72%
c i 37.34 1623 59 3 131 3407 2079 34% 29 381194 4413 72%
c i 37.44 1623 58 3 131 3443 2095 34% 28 381194 4412 72%
c i 37.64 1623 59 3 133 3497 2137 34% 29 381194 4410 72%
c i 37.84 1623 59 3 141 3522 2160 34% 29 381194 4409 72%
c i 38.19 1623 59 3 144 3566 2193 33% 29 381194 4408 72%
c i 39.02 1623 57 3 179 4046 2530 35% 30 381194 4407 72%
c i 39.10 1623 55 3 179 4194 2640 36% 30 381194 4406 72%
c i 39.18 1623 53 3 179 4378 2790 36% 29 381194 4405 72%
c - 39.70 1563 51 4 179 4569 2038 37% 29 330352 4405 72%
c 
c  seconds    reductions  redundant   irredundant
c          MB     restarts       trail       variables
c            level   conflicts       glue         remaining
c 
c 3 40.52 1563 47 4 179 5002 3776 37% 27 330336 4397 71%
c 2 40.66 1563 47 4 179 5002 3971 37% 27 330203 4345 71%
c p 45.49 1563 47 4 179 5002 8558 37% 27 330203 4322 70%
c d 45.96 1563 47 4 179 5002 8454 37% 27 329420 4321 70%
c # 46.51 1563 42 4 183 6006 9209 38% 26 329420 4321 70%
c - 48.29 1444 40 5 208 6850 2601 38% 25 329420 4321 70%
c } 48.56 1444 40 5 220 7002 2699 37% 25 329420 4321 70%
c [ 48.56 1444 26 5 220 7002 2699 79% 22 329420 4321 70%
c - 50.21 1444 31 6 222 9582 3300 57% 27 329420 4321 70%
c I 50.61 1444 32 6 222 10009 3602 55% 27 329420 4321 70%
c - 56.68 1444 29 7 224 12769 3793 48% 24 329420 4321 70%
c ] 60.55 1444 28 7 225 15003 5271 45% 23 329420 4321 70%
c { 60.55 1444 40 7 225 15003 5271 37% 25 329420 4321 70%
c 3 60.59 1444 40 7 225 15003 6780 37% 25 329420 4321 70%
c 2 60.65 1444 40 7 225 15003 6900 37% 25 329395 4321 70%
c p 62.65 1444 40 7 225 15003 11705 37% 25 329395 4321 70%
c B 62.92 1444 40 7 225 15010 11712 37% 25 329395 4321 70%
c - 64.97 1444 39 8 259 16411 4532 37% 24 329395 4321 70%
c s 67.89 1444 39 8 304 17250 5109 37% 24 325168 4321 70%
c v 74.71 1444 39 8 304 17250 5109 37% 24 324873 4321 70%
c 
c  seconds    reductions   redundant   irredundant
c          MB     restarts        trail       variables
c            level    conflicts       glue         remaining
c 
c t 74.93 1444 39 8 304 17250 5097 37% 24 324671 4321 70%
c e 75.97 1445 39 8 304 17250 4936 37% 24 317022 1143 19%
c s 76.13 1445 39 8 304 17250 4933 37% 24 316936 1143 19%
c } 78.60 1445 38 8 329 17964 5346 55% 24 316936 1143 19%
c 1 78.60 1445 38 8 329 17964 5346 55% 24 316936 1143 19%
c 
c --- [ writing output ] -----------------------------------------------------
c 
c writing simplified CNF to DIMACS file 'simp/22-cubes/30.cubes5041.adj.simp1'
c * 78.60 1445 38 8 329 17964 5346 55% 24 316936 1143 19%
c opening file to write 'simp/22-cubes/30.cubes5041.adj.simp1'
c writing 'p cnf 6160 316936' header
c closing file 'simp/22-cubes/30.cubes5041.adj.simp1'
c after writing 128214663 bytes 122.3 MB
c wrote 316936 clauses in 0.91 seconds process time
c 
c --- [ writing extension ] --------------------------------------------------
c 
c writing extension stack to 'simp/22-cubes/30.cubes5041.adj.ext1'
c opening file to write 'simp/22-cubes/30.cubes5041.adj.ext1'
c closing file 'simp/22-cubes/30.cubes5041.adj.ext1'
c after writing 238464 bytes 0.2 MB
c wrote 10277 witnesses in 0.00 seconds process time
c 
c --- [ result ] -------------------------------------------------------------
c 
s SATISFIABLE
c 
c --- [ run-time profiling ] -------------------------------------------------
c 
c process time taken by individual solving procedures
c (percentage relative to process time for solving)
c 
c        42.92   71.46% search
c        26.89   44.78% unstable
c        18.54   30.88% parse
c        17.14   28.54% simplify
c        14.10   23.48% stable
c         6.99   11.64% vivify
c         6.83   11.37% probe
c         1.92    3.20% lucky
c         1.85    3.07% elim
c         0.31    0.52% subsume
c         0.12    0.20% ternary
c   =================================
c        60.05   75.53% solve
c 
c last line shows process time for solving
c (percentage relative to total process time)
c 
c --- [ statistics ] ---------------------------------------------------------
c 
c chronological:              3607        20.08 %  of conflicts
c conflicts:                 17964       299.14    per second
c decisions:                 50664       843.67    per second
c eliminated:                 3178        51.59 %  of all variables
c fixed:                      1829        29.69 %  of all variables
c learned:                   17573        97.82 %  per conflict
c learned_lits:            2937874       100.00 %  learned literals
c minimized:                     0         0.00 %  learned literals
c shrunken:                1489119        50.69 %  learned literals
c minishrunken:             343416        11.69 %  learned literals
c propagations:            4205775         0.07 M  per second
c reduced:                    7811        43.48 %  per conflict
c rephased:                      5      3592.80    interval
c restarts:                    329        54.60    interval
c stabilizing:                   2        55.68 %  of conflicts
c substituted:                  10         0.16 %  of all variables
c subsumed:                   9703         0.26 %  of all clauses
c strengthened:              30100         0.81 %  of all clauses
c ternary:                    3327         0.35 %  of resolved
c vivified:                    303         0.01 %  of all clauses
c weakened:                   8448         3.17    average size
c 
c seconds are measured in process time for solving
c 
c --- [ resources ] ----------------------------------------------------------
c 
c total process time since initialization:        79.50    seconds
c total real time since initialization:           79.58    seconds
c maximum resident set size of process:         1769.39    MB
c 
c --- [ shutting down ] ------------------------------------------------------
c 
c exit 10
++ seq 1 100
+ for i in '$(seq 1 100)'
++ sed 's/.$//'
++ rev
++ cut '-d ' -f1
++ rev
++ tail -n 1
++ grep 'c [*]' log/22-cubes/30.cubes5041.adj.simp1
+ vars_remaining=19
+ ((  vars_remaining < 100 - p  ))
+ break
++ cut '-d ' -f3
++ head -n 1 simp/22-cubes/30.cubes5041.adj.simp1
+ numvars=6160
++ cut '-d ' -f4
++ head -n 1 simp/22-cubes/30.cubes5041.adj.simp1
+ numlines=316936
+ extlines_total=0
++ seq 1 1
+ for j in '$(seq 1 "$i")'
++ cut '-d ' -f1
++ wc -l simp/22-cubes/30.cubes5041.adj.ext1
+ extlines_j=10277
+ extlines_total=10277
+ newlines=327213
+ echo 'p cnf 6160 327213'
+ tail simp/22-cubes/30.cubes5041.adj.simp1 -n +2
++ seq 1 1
+ for j in '$(seq 1 "$i")'
+ cat simp/22-cubes/30.cubes5041.adj.ext1
+ sed -i 's/ 0.*/ 0/' 22-cubes/30.cubes5041.adj.simp
============================[ Problem Statistics ]=============================
|                                                                             |
|  Number of variables:          6160                                         |
|  Number of clauses:          325384                                         |
|  Parse time:                   1.66 s                                       |
|  Simplification time:          0.03 s                                       |
|                                                                             |
============================[ Search Statistics ]====================================================
| Conflicts |          ORIGINAL         |          LEARNT          | Num Sols |      SUBGRAPHS      |
|           |    Vars  Clauses Literals |    Limit  Clauses Lit/Cl |          | Canonical Noncanon. |
=====================================================================================================
|       100 |    4331   325384 28203991 |     2000      100     15 |        0 |        20         0 |
|       253 |    4331   325387 28204160 |     2000      253     82 |        0 |        25         3 |
|       480 |    4331   325389 28204247 |     2000      480     89 |        0 |        34         5 |
|       822 |    4331   325394 28204437 |     2000      822     86 |        0 |        46        10 |
|      1344 |    4331   325410 28205115 |     2000     1344     84 |        0 |        59        26 |
|      2130 |    4331   325437 28205822 |     3602     1132     50 |        0 |        94        53 |
|      3292 |    4331   325460 28206449 |     3602     2294     54 |        0 |       174        76 |
|      5165 |    4331   325625 28209751 |     5006     2371     41 |        0 |       232       241 |
|      7742 |    4331   325640 28210272 |     5006     4948     83 |        0 |       281       256 |
|     11735 |    4331   325789 28213844 |     7558     3293     24 |        0 |       430       405 |
|     17609 |    4331   325897 28216048 |     8782     5391     48 |        0 |       491       513 |
|     26615 |    4331   326254 28221662 |    11203     5018     39 |        0 |       567       870 |
|     39784 |    4331   326449 28225446 |    13604     6388     47 |        0 |       613      1065 |
|     60986 |    4331   328190 28266983 |    16011    13397     71 |        0 |      1174      2806 |
|     91635 |    4331   329647 28302451 |    19615    18250     77 |        0 |      2034      4263 |
|    136040 |    4331   330263 28316416 |    24418    19858     73 |        0 |      2508      4879 |
|    202087 |    4331   330626 28325777 |    30409    18896     60 |        0 |      2670      5242 |
|    300844 |    4331   330857 28332289 |    36413    35657     80 |        0 |      2838      5473 |
|    449121 |    4331   331345 28345748 |    44819    43940     86 |        0 |      3162      5961 |
|    671280 |    4331   331821 28361585 |    55614    42894     76 |        0 |      3522      6437 |
|   1004451 |    4331   332467 28379465 |    68816    37267     64 |        0 |      3894      7083 |
|   1504809 |    4331   334037 28422908 |    84421    43630     63 |        0 |      4913      8653 |
|   2256478 |    4331   337524 28517760 |   102418    99296     91 |        0 |      7728     12140 |
|   3383468 |    4331   342240 28642582 |   126413    88281     73 |        0 |     10711     16856 |
|   5072333 |    4331   347694 28793534 |   155223    94756     64 |        0 |     14754     22310 |
|   7656831 |    4331   407076 30325733 |   190036   185267     79 |        0 |     38915     81692 |
|  11466679 |    4331   429249 30815392 |   233222   197101     76 |        1 |     47297    103864 |
|  17190054 |    4331   471112 31688112 |   286032   222486     69 |        2 |     62662    145726 |
|  25749967 |    4331   508756 32648198 |   350827   201794     47 |        2 |     80736    183370 |
|  38697380 |    4331   672766 35920693 |   430039   285819     50 |       19 |    118643    347363 |
|  58068082 |    4331   868363 39921776 |   527234   297516     43 |       24 |    160563    542955 |
=====================================================================================================
Number of solutions   : 69          
Canonical subgraphs   : 201617         (18 /sec)
          order  3    : 1              (142857 /sec)
          order  4    : 1              (500000 /sec)
          order  5    : 1              (250000 /sec)
          order  6    : 1              (52632 /sec)
          order  7    : 1              (8772 /sec)
          order  8    : 2              (1352 /sec)
          order  9    : 6              (315 /sec)
          order 10    : 23             (90 /sec)
          order 11    : 112            (28 /sec)
          order 12    : 1025           (14 /sec)
          order 13    : 5659           (15 /sec)
          order 14    : 43446          (18 /sec)
          order 15    : 141218         (18 /sec)
          order 16    : 4229           (19 /sec)
          order 17    : 1633           (16 /sec)
          order 18    : 770            (13 /sec)
          order 19    : 969            (13 /sec)
          order 20    : 1136           (12 /sec)
          order 21    : 1315           (12 /sec)
          order 22    : 69             (1 /sec)
Noncanonical subgraphs: 675173         (244 /sec)
          order  3    : 0              (-nan /sec)
          order  4    : 0              (-nan /sec)
          order  5    : 0              (-nan /sec)
          order  6    : 0              (-nan /sec)
          order  7    : 0              (-nan /sec)
          order  8    : 0              (-nan /sec)
          order  9    : 0              (-nan /sec)
          order 10    : 0              (-nan /sec)
          order 11    : 0              (-nan /sec)
          order 12    : 0              (-nan /sec)
          order 13    : 0              (-nan /sec)
          order 14    : 179809         (1206 /sec)
          order 15    : 256935         (964 /sec)
          order 16    : 236055         (107 /sec)
          order 17    : 805            (126 /sec)
          order 18    : 285            (49 /sec)
          order 19    : 3              (49 /sec)
          order 20    : 3              (41 /sec)
          order 21    : 4              (136 /sec)
Canonicity checking   : 14185.1 s
database reductions   : 496
restarts              : 98301
conflicts             : 74817547       (802 /sec)
decisions             : 89688400       (0.00 % random) (962 /sec)
propagations          : 15679940792    (168098 /sec)
conflict literals     : 8861149517     (55.80 % deleted)
actual reward         : 0.056141
Memory used           : 953.00 MB
CPU time              : 93278.7 s

UNSATISFIABLE
