+ '[' -z 5010 ']'
+ f=constraints_22_11.simp-noncanon.simp
+ c=22-cubes/30.cubes
+ i=5010
+ s=70
+ adj=22-cubes/30.cubes5010.adj
+ cnf=22-cubes/30.cubes5010.cnf
+ ext=22-cubes/30.cubes5010.ext
+ cnfext=22-cubes/30.cubes5010.cnfext
+ unitlines=0
++ sed '5011q;d' 22-cubes/30.cubes
+ for b in '$(sed "$((i+1))q;d" "$c")'
+ [[ a != \a ]]
+ for b in '$(sed "$((i+1))q;d" "$c")'
+ [[ -92 != \a ]]
+ [[ -92 != \0 ]]
+ unitlines=1
+ for b in '$(sed "$((i+1))q;d" "$c")'
+ [[ -137 != \a ]]
+ [[ -137 != \0 ]]
+ unitlines=2
+ for b in '$(sed "$((i+1))q;d" "$c")'
+ [[ 122 != \a ]]
+ [[ 122 != \0 ]]
+ unitlines=3
+ for b in '$(sed "$((i+1))q;d" "$c")'
+ [[ -80 != \a ]]
+ [[ -80 != \0 ]]
+ unitlines=4
+ for b in '$(sed "$((i+1))q;d" "$c")'
+ [[ -58 != \a ]]
+ [[ -58 != \0 ]]
+ unitlines=5
+ for b in '$(sed "$((i+1))q;d" "$c")'
+ [[ -207 != \a ]]
+ [[ -207 != \0 ]]
+ unitlines=6
+ for b in '$(sed "$((i+1))q;d" "$c")'
+ [[ 154 != \a ]]
+ [[ 154 != \0 ]]
+ unitlines=7
+ for b in '$(sed "$((i+1))q;d" "$c")'
+ [[ -171 != \a ]]
+ [[ -171 != \0 ]]
+ unitlines=8
+ for b in '$(sed "$((i+1))q;d" "$c")'
+ [[ -169 != \a ]]
+ [[ -169 != \0 ]]
+ unitlines=9
+ for b in '$(sed "$((i+1))q;d" "$c")'
+ [[ -49 != \a ]]
+ [[ -49 != \0 ]]
+ unitlines=10
+ for b in '$(sed "$((i+1))q;d" "$c")'
+ [[ 107 != \a ]]
+ [[ 107 != \0 ]]
+ unitlines=11
+ for b in '$(sed "$((i+1))q;d" "$c")'
+ [[ -188 != \a ]]
+ [[ -188 != \0 ]]
+ unitlines=12
+ for b in '$(sed "$((i+1))q;d" "$c")'
+ [[ -168 != \a ]]
+ [[ -168 != \0 ]]
+ unitlines=13
+ for b in '$(sed "$((i+1))q;d" "$c")'
+ [[ 167 != \a ]]
+ [[ 167 != \0 ]]
+ unitlines=14
+ for b in '$(sed "$((i+1))q;d" "$c")'
+ [[ -93 != \a ]]
+ [[ -93 != \0 ]]
+ unitlines=15
+ for b in '$(sed "$((i+1))q;d" "$c")'
+ [[ -166 != \a ]]
+ [[ -166 != \0 ]]
+ unitlines=16
+ for b in '$(sed "$((i+1))q;d" "$c")'
+ [[ -151 != \a ]]
+ [[ -151 != \0 ]]
+ unitlines=17
+ for b in '$(sed "$((i+1))q;d" "$c")'
+ [[ -136 != \a ]]
+ [[ -136 != \0 ]]
+ unitlines=18
+ for b in '$(sed "$((i+1))q;d" "$c")'
+ [[ -165 != \a ]]
+ [[ -165 != \0 ]]
+ unitlines=19
+ for b in '$(sed "$((i+1))q;d" "$c")'
+ [[ -226 != \a ]]
+ [[ -226 != \0 ]]
+ unitlines=20
+ for b in '$(sed "$((i+1))q;d" "$c")'
+ [[ -175 != \a ]]
+ [[ -175 != \0 ]]
+ unitlines=21
+ for b in '$(sed "$((i+1))q;d" "$c")'
+ [[ -119 != \a ]]
+ [[ -119 != \0 ]]
+ unitlines=22
+ for b in '$(sed "$((i+1))q;d" "$c")'
+ [[ -118 != \a ]]
+ [[ -118 != \0 ]]
+ unitlines=23
+ for b in '$(sed "$((i+1))q;d" "$c")'
+ [[ -164 != \a ]]
+ [[ -164 != \0 ]]
+ unitlines=24
+ for b in '$(sed "$((i+1))q;d" "$c")'
+ [[ 208 != \a ]]
+ [[ 208 != \0 ]]
+ unitlines=25
+ for b in '$(sed "$((i+1))q;d" "$c")'
+ [[ 0 != \a ]]
+ [[ 0 != \0 ]]
++ cut '-d ' -f3
++ head -n 1 constraints_22_11.simp-noncanon.simp
+ numvars=6160
++ cut '-d ' -f4
++ head -n 1 constraints_22_11.simp-noncanon.simp
+ numlines=1786659
+ newlines=1786684
+ echo 'p cnf 6160 1786684'
+ tail constraints_22_11.simp-noncanon.simp -n +2
++ sed '5011q;d' 22-cubes/30.cubes
+ for b in '$(sed "$((i+1))q;d" "$c")'
+ [[ a != \a ]]
+ for b in '$(sed "$((i+1))q;d" "$c")'
+ [[ -92 != \a ]]
+ [[ -92 != \0 ]]
+ echo '-92 0'
+ for b in '$(sed "$((i+1))q;d" "$c")'
+ [[ -137 != \a ]]
+ [[ -137 != \0 ]]
+ echo '-137 0'
+ for b in '$(sed "$((i+1))q;d" "$c")'
+ [[ 122 != \a ]]
+ [[ 122 != \0 ]]
+ echo '122 0'
+ for b in '$(sed "$((i+1))q;d" "$c")'
+ [[ -80 != \a ]]
+ [[ -80 != \0 ]]
+ echo '-80 0'
+ for b in '$(sed "$((i+1))q;d" "$c")'
+ [[ -58 != \a ]]
+ [[ -58 != \0 ]]
+ echo '-58 0'
+ for b in '$(sed "$((i+1))q;d" "$c")'
+ [[ -207 != \a ]]
+ [[ -207 != \0 ]]
+ echo '-207 0'
+ for b in '$(sed "$((i+1))q;d" "$c")'
+ [[ 154 != \a ]]
+ [[ 154 != \0 ]]
+ echo '154 0'
+ for b in '$(sed "$((i+1))q;d" "$c")'
+ [[ -171 != \a ]]
+ [[ -171 != \0 ]]
+ echo '-171 0'
+ for b in '$(sed "$((i+1))q;d" "$c")'
+ [[ -169 != \a ]]
+ [[ -169 != \0 ]]
+ echo '-169 0'
+ for b in '$(sed "$((i+1))q;d" "$c")'
+ [[ -49 != \a ]]
+ [[ -49 != \0 ]]
+ echo '-49 0'
+ for b in '$(sed "$((i+1))q;d" "$c")'
+ [[ 107 != \a ]]
+ [[ 107 != \0 ]]
+ echo '107 0'
+ for b in '$(sed "$((i+1))q;d" "$c")'
+ [[ -188 != \a ]]
+ [[ -188 != \0 ]]
+ echo '-188 0'
+ for b in '$(sed "$((i+1))q;d" "$c")'
+ [[ -168 != \a ]]
+ [[ -168 != \0 ]]
+ echo '-168 0'
+ for b in '$(sed "$((i+1))q;d" "$c")'
+ [[ 167 != \a ]]
+ [[ 167 != \0 ]]
+ echo '167 0'
+ for b in '$(sed "$((i+1))q;d" "$c")'
+ [[ -93 != \a ]]
+ [[ -93 != \0 ]]
+ echo '-93 0'
+ for b in '$(sed "$((i+1))q;d" "$c")'
+ [[ -166 != \a ]]
+ [[ -166 != \0 ]]
+ echo '-166 0'
+ for b in '$(sed "$((i+1))q;d" "$c")'
+ [[ -151 != \a ]]
+ [[ -151 != \0 ]]
+ echo '-151 0'
+ for b in '$(sed "$((i+1))q;d" "$c")'
+ [[ -136 != \a ]]
+ [[ -136 != \0 ]]
+ echo '-136 0'
+ for b in '$(sed "$((i+1))q;d" "$c")'
+ [[ -165 != \a ]]
+ [[ -165 != \0 ]]
+ echo '-165 0'
+ for b in '$(sed "$((i+1))q;d" "$c")'
+ [[ -226 != \a ]]
+ [[ -226 != \0 ]]
+ echo '-226 0'
+ for b in '$(sed "$((i+1))q;d" "$c")'
+ [[ -175 != \a ]]
+ [[ -175 != \0 ]]
+ echo '-175 0'
+ for b in '$(sed "$((i+1))q;d" "$c")'
+ [[ -119 != \a ]]
+ [[ -119 != \0 ]]
+ echo '-119 0'
+ for b in '$(sed "$((i+1))q;d" "$c")'
+ [[ -118 != \a ]]
+ [[ -118 != \0 ]]
+ echo '-118 0'
+ for b in '$(sed "$((i+1))q;d" "$c")'
+ [[ -164 != \a ]]
+ [[ -164 != \0 ]]
+ echo '-164 0'
+ for b in '$(sed "$((i+1))q;d" "$c")'
+ [[ 208 != \a ]]
+ [[ 208 != \0 ]]
+ echo '208 0'
+ for b in '$(sed "$((i+1))q;d" "$c")'
+ [[ 0 != \a ]]
+ [[ 0 != \0 ]]
+ ./simplify-by-var-removal.sh 22-cubes/30.cubes5010.adj 70
+ '[' -z 70 ']'
+ f=22-cubes/30.cubes5010.adj
+ p=70
++ echo 22-cubes
+ sub_dir=22-cubes
+ mkdir -p log/22-cubes
+ mkdir -p simp/22-cubes
+ ./cadical/build/cadical 22-cubes/30.cubes5010.adj -o simp/22-cubes/30.cubes5010.adj.simp1 -e simp/22-cubes/30.cubes5010.adj.ext1 -n -c 200000
+ tee log/22-cubes/30.cubes5010.adj.simp1
c --- [ banner ] -------------------------------------------------------------
c 
c CaDiCaL Radically Simplified CDCL SAT Solver
c Copyright (c) 2016-2021 A. Biere, M. Fleury, N. Froleyks
c 
c Version 1.5.2
c g++ (GCC) 9.3.0 -Wall -Wextra -O3 -DNDEBUG
c Tue Feb 8 21:15:15 EST 2022 Linux gra-login1 3.10.0-1160.36.2.el7.x86_64 x86_64
c 
c --- [ limit ] --------------------------------------------------------------
c 
c setting conflict limit to 200000 conflicts (due to '200000')
c 
c --- [ parsing input ] ------------------------------------------------------
c 
c reading DIMACS file from '22-cubes/30.cubes5010.adj'
c opening file to read '22-cubes/30.cubes5010.adj'
c found 'p cnf 6160 1786684' header
c parsed 1786684 clauses in 18.63 seconds process time
c closing file '22-cubes/30.cubes5010.adj'
c after reading 1542541781 bytes 1471.1 MB
c 
c --- [ options ] ------------------------------------------------------------
c 
c all options are set to their default value
c 
c --- [ solving ] ------------------------------------------------------------
c 
c time measured in process time since initialization
c 
c  seconds    reductions  redundant   irredundant
c          MB     restarts       trail       variables
c            level   conflicts       glue         remaining
c 
c * 18.63 1475  0 0   0    0    0  0% 0 1785954 4551 74%
c { 20.48 1545  0 0   0    0    0  0% 0 1785954 4551 74%
c i 20.70 1545 121 0   0    1    0 40% 0 1785954 4543 74%
c i 23.33 1593 104 0   5   74   68 49% 17 1785954 4541 74%
c i 24.52 1601 81 0  15  116   96 48% 18 1785954 4540 74%
c i 24.68 1601 76 0  18  132  108 49% 20 1785954 4536 74%
c i 26.30 1612 81 0  31  177  149 48% 23 1785954 4534 74%
c i 27.06 1613 60 0  33  260  195 47% 18 1785954 4533 74%
c - 31.58 1591 60 1  39  301  217 46% 19 567458 4533 74%
c i 32.04 1525 55 1  39  343  224 45% 18 567458 4532 74%
c i 32.26 1526 58 1  40  349  229 45% 19 567458 4531 74%
c } 35.62 1529 36 1  67 1000  348 41% 17 567458 4531 74%
c [ 35.62 1529  0 1  67 1000  348  0% 0 567458 4531 74%
c O 35.64 1529  6 1  67 1003  346 33% 6 567458 4531 74%
c i 35.64 1529  6 1  67 1003  346 33% 6 567458 4506 73%
c i 35.66 1529  3 1  67 1006  347 31% 3 567458 4455 72%
c i 35.89 1529  7 1  67 1021  352 33% 7 567458 4447 72%
c i 36.31 1529 20 1  67 1088  416 54% 16 567458 4446 72%
c i 36.40 1529 20 1  67 1104  429 55% 15 567458 4445 72%
c i 36.63 1529 19 1  67 1205  498 56% 15 567458 4444 72%
c 
c  seconds    reductions  redundant   irredundant
c          MB     restarts       trail       variables
c            level   conflicts       glue         remaining
c 
c i 36.64 1529 19 1  67 1208  499 56% 15 567458 4443 72%
c i 36.74 1529 19 1  67 1257  532 57% 15 567458 4442 72%
c - 38.06 1718 19 2  67 1353  503 57% 15 566181 4442 72%
c i 38.29 1718 19 2  67 1366  511 57% 15 566181 4441 72%
c i 38.32 1718 18 2  67 1371  513 57% 15 566181 4440 72%
c i 38.92 1718 18 2  67 1614  660 57% 15 566181 4439 72%
c i 39.61 1718 19 2  68 2151  972 57% 16 566181 4438 72%
c - 41.29 1717 20 3  68 2932 1202 57% 17 566169 4438 72%
c i 41.80 1677 20 3  68 2935 1204 32% 17 566169 4437 72%
c ] 42.06 1677 20 3  68 3000 1246 38% 17 566169 4437 72%
c { 42.06 1677 36 3  68 3000 1246 56% 17 566169 4437 72%
c F 42.09 1677 36 3  68 3004 1250 56% 17 566169 4437 72%
c i 42.31 1677 36 3  68 3013 1258 56% 17 566169 4436 72%
c i 42.76 1677 38 3  73 3045 1286 55% 18 566169 4419 72%
c i 43.50 1677 40 3  85 3098 1328 54% 18 566169 4409 72%
c i 43.65 1677 40 3  87 3105 1333 54% 18 566169 4408 72%
c i 43.86 1677 40 3  91 3121 1346 53% 19 566169 4407 72%
c i 44.64 1677 40 3 105 3176 1397 52% 19 566169 4406 72%
c i 45.30 1677 41 3 113 3235 1450 51% 19 566169 4405 72%
c i 45.91 1677 42 3 118 3252 1466 51% 19 566169 4404 71%
c 
c  seconds    reductions  redundant   irredundant
c          MB     restarts       trail       variables
c            level   conflicts       glue         remaining
c 
c i 46.80 1677 43 3 130 3296 1502 50% 20 566169 4403 71%
c i 49.61 1677 47 3 182 3602 1699 46% 22 566169 4402 71%
c i 49.78 1677 47 3 185 3626 1720 45% 22 566169 4401 71%
c i 50.73 1677 50 3 220 3774 1841 44% 24 566169 4400 71%
c i 58.47 1677 50 3 330 4658 2358 38% 24 566169 4399 71%
c i 59.57 1677 50 3 350 4757 2434 38% 24 566169 4398 71%
c d 63.03 1677 52 3 398 5001 2621 37% 26 565771 4390 71%
c 3 63.10 1677 52 3 398 5001 4062 37% 26 565771 4390 71%
c 2 63.34 1677 52 3 398 5001 4207 37% 26 565659 4389 71%
c p 75.40 1677 52 3 398 5001 7457 37% 26 565659 4362 71%
c d 75.99 1677 52 3 398 5001 7444 37% 26 565519 4361 71%
c - 77.28 1663 52 4 406 5037 1955 37% 26 565519 4361 71%
c # 83.59 1663 49 4 468 6006 2679 37% 25 565519 4361 71%
c } 85.93 1663 42 4 491 7000 2835 33% 23 565519 4361 71%
c [ 85.93 1663 20 4 491 7000 2835 38% 17 565519 4361 71%
c - 86.53 1663 17 5 492 7666 1916 16% 15 565519 4361 71%
c I 86.79 1663 14 5 493 10007 2027 15% 12 565519 4361 71%
c - 93.82 1663 14 6 494 10822 1709 19% 13 565519 4361 71%
c - 101.98 1664 20 7 496 14502 3777 28% 17 565519 4361 71%
c ] 102.40 1664 21 7 496 15003 4149 29% 17 565519 4361 71%
c 
c  seconds     reductions   redundant   irredundant
c           MB     restarts        trail       variables
c             level    conflicts       glue         remaining
c 
c { 102.40 1664 42 7 496 15003 4149 33% 23 565519 4361 71%
c 3 102.47 1664 42 7 496 15003 5663 33% 23 565519 4361 71%
c 2 102.61 1664 42 7 496 15003 5791 33% 23 565511 4361 71%
c p 106.95 1664 42 7 496 15003 9557 33% 23 565511 4361 71%
c B 107.58 1664 42 7 496 15008 9562 33% 23 565511 4361 71%
c s 123.31 1662 43 7 735 17234 11053 34% 25 561614 4361 71%
c v 137.97 1662 43 7 735 17234 11053 34% 25 561227 4361 71%
c w 138.30 1662 43 7 735 17234 11052 34% 25 561227 4361 71%
c t 138.32 1662 43 7 735 17234 11047 34% 25 561070 4361 71%
c e 140.90 1663 43 7 735 17234 6736 34% 25 553125 1141 19%
c s 141.10 1663 43 7 735 17234 6734 34% 25 552444 1141 19%
c - 151.32 1447 42 8 810 18708 5165 60% 24 552444 1141 19%
c W 169.32 1447 44 8 1111 21011 6987 58% 25 552444 1141 19%
c } 171.70 1447 43 8 1129 21747 7576 58% 25 552444 1141 19%
c 1 171.70 1447 43 8 1129 21747 7576 58% 25 552444 1141 19%
c 
c --- [ writing output ] -----------------------------------------------------
c 
c writing simplified CNF to DIMACS file 'simp/22-cubes/30.cubes5010.adj.simp1'
c * 171.70 1447 43 8 1129 21747 7576 58% 25 552444 1141 19%
c opening file to write 'simp/22-cubes/30.cubes5010.adj.simp1'
c writing 'p cnf 6160 552444' header
c closing file 'simp/22-cubes/30.cubes5010.adj.simp1'
c after writing 248490472 bytes 237.0 MB
c wrote 552444 clauses in 1.85 seconds process time
c 
c --- [ writing extension ] --------------------------------------------------
c 
c writing extension stack to 'simp/22-cubes/30.cubes5010.adj.ext1'
c opening file to write 'simp/22-cubes/30.cubes5010.adj.ext1'
c closing file 'simp/22-cubes/30.cubes5010.adj.ext1'
c after writing 249726 bytes 0.2 MB
c wrote 10617 witnesses in 0.00 seconds process time
c 
c --- [ result ] -------------------------------------------------------------
c 
s SATISFIABLE
c 
c --- [ run-time profiling ] -------------------------------------------------
c 
c process time taken by individual solving procedures
c (percentage relative to process time for solving)
c 
c       114.78   74.98% search
c        89.33   58.36% unstable
c        38.30   25.02% simplify
c        22.91   14.97% stable
c        18.63   12.17% parse
c        16.40   10.72% probe
c        14.92    9.75% vivify
c         4.39    2.87% elim
c         1.85    1.21% lucky
c         0.68    0.44% walk
c         0.41    0.27% subsume
c         0.20    0.13% ternary
c   =================================
c       153.07   88.20% solve
c 
c last line shows process time for solving
c (percentage relative to total process time)
c 
c --- [ statistics ] ---------------------------------------------------------
c 
c chronological:              4258        19.58 %  of conflicts
c conflicts:                 21747       142.07    per second
c decisions:                105114       686.69    per second
c eliminated:                 3220        52.27 %  of all variables
c fixed:                      1789        29.04 %  of all variables
c learned:                   21283        97.87 %  per conflict
c learned_lits:            2744865       100.00 %  learned literals
c minimized:                     0         0.00 %  learned literals
c shrunken:                1512733        55.11 %  learned literals
c minishrunken:             230318         8.39 %  learned literals
c propagations:            4228469         0.03 M  per second
c reduced:                    5333        24.52 %  per conflict
c rephased:                      6      3624.50    interval
c restarts:                   1129        19.26    interval
c stabilizing:                   2        46.00 %  of conflicts
c substituted:                  10         0.16 %  of all variables
c subsumed:                  14282         0.37 %  of all clauses
c strengthened:              28874         0.75 %  of all clauses
c ternary:                    3262         0.32 %  of resolved
c vivified:                    389         0.01 %  of all clauses
c walked:                        1     21747.00    interval
c weakened:                   8828         3.24    average size
c 
c seconds are measured in process time for solving
c 
c --- [ resources ] ----------------------------------------------------------
c 
c total process time since initialization:       173.55    seconds
c total real time since initialization:          173.70    seconds
c maximum resident set size of process:         1949.35    MB
c 
c --- [ shutting down ] ------------------------------------------------------
c 
c exit 10
++ seq 1 100
+ for i in '$(seq 1 100)'
++ sed 's/.$//'
++ rev
++ cut '-d ' -f1
++ rev
++ tail -n 1
++ grep 'c [*]' log/22-cubes/30.cubes5010.adj.simp1
+ vars_remaining=19
+ ((  vars_remaining < 100 - p  ))
+ break
++ cut '-d ' -f3
++ head -n 1 simp/22-cubes/30.cubes5010.adj.simp1
+ numvars=6160
++ cut '-d ' -f4
++ head -n 1 simp/22-cubes/30.cubes5010.adj.simp1
+ numlines=552444
+ extlines_total=0
++ seq 1 1
+ for j in '$(seq 1 "$i")'
++ cut '-d ' -f1
++ wc -l simp/22-cubes/30.cubes5010.adj.ext1
+ extlines_j=10617
+ extlines_total=10617
+ newlines=563061
+ echo 'p cnf 6160 563061'
+ tail simp/22-cubes/30.cubes5010.adj.simp1 -n +2
++ seq 1 1
+ for j in '$(seq 1 "$i")'
+ cat simp/22-cubes/30.cubes5010.adj.ext1
+ sed -i 's/ 0.*/ 0/' 22-cubes/30.cubes5010.adj.simp
============================[ Problem Statistics ]=============================
|                                                                             |
|  Number of variables:          6160                                         |
|  Number of clauses:          561272                                         |
|  Parse time:                   3.31 s                                       |
|  Simplification time:          0.08 s                                       |
|                                                                             |
============================[ Search Statistics ]====================================================
| Conflicts |          ORIGINAL         |          LEARNT          | Num Sols |      SUBGRAPHS      |
|           |    Vars  Clauses Literals |    Limit  Clauses Lit/Cl |          | Canonical Noncanon. |
=====================================================================================================
|       153 |    4371   561325 54195701 |     2000      153     89 |        0 |        61        53 |
|       305 |    4371   561327 54195753 |     2000      305    113 |        0 |        69        55 |
|       532 |    4371   561329 54195886 |     2000      532    107 |        0 |        86        57 |
|       932 |    4371   561392 54197262 |     2000      932     98 |        0 |       110       120 |
|      1595 |    4371   561549 54200632 |     2000     1595     96 |        0 |       139       277 |
|      2357 |    4371   561552 54200734 |     3604     1361     63 |        0 |       162       280 |
|      3611 |    4371   561667 54203056 |     3604     2615     88 |        0 |       185       395 |
|      5603 |    4371   561951 54209062 |     5003     2806     63 |        0 |       300       679 |
|      8219 |    4371   562005 54210092 |     6301     2920     55 |        0 |       319       733 |
|     12149 |    4371   562091 54212288 |     7557     3706     51 |        0 |       387       819 |
|     18140 |    4371   562316 54218451 |     8790     5930     68 |        0 |       552      1044 |
|     26904 |    4371   562431 54220744 |    11208     5312     45 |        0 |       589      1159 |
|     40821 |    4371   563374 54240922 |    13604     7425     57 |        0 |       805      2102 |
|     60525 |    4371   563617 54246788 |    16009    12934     76 |        0 |      1063      2345 |
|     90342 |    4371   564242 54260369 |    19622    16964     74 |        0 |      1441      2970 |
|    134471 |    4371   564582 54267139 |    24414    18285     60 |        0 |      1553      3310 |
|    200522 |    4371   564949 54275073 |    30417    17339     51 |        0 |      1820      3677 |
|    299367 |    4371   565268 54283809 |    36414    34181     80 |        0 |      2316      3996 |
|    447868 |    4371   565980 54303717 |    44815    42683     89 |        0 |      3324      4708 |
|    670517 |    4371   566946 54333675 |    55611    42128     80 |        0 |      4445      5674 |
|   1007654 |    4371   571558 54441174 |    68818    40472     66 |        0 |      6897     10286 |
|   1511182 |    4371   576298 54557570 |    84408    49990     61 |        2 |      8974     15024 |
|   2262680 |    4371   579614 54649370 |   103614    54294     53 |        2 |     11097     18340 |
|   3389490 |    4371   584150 54769910 |   126411    94301     70 |        2 |     13811     22876 |
|   5076967 |    4371   588216 54881430 |   155231    99398     59 |        2 |     16361     26942 |
|   7616102 |    4371   602235 55228473 |   190010   144512     69 |        2 |     23046     40961 |
|  11426922 |    4371   625380 55801305 |   233230   157352     56 |        2 |     31011     64106 |
|  17143481 |    4371   660427 56609547 |   286027   175908     45 |        2 |     40735     99153 |
|  25754014 |    4352   668533 56653147 |   350814   205828     54 |        6 |     58159    187413 |
|  38640168 |    4352   771284 59120890 |   430033   228601     39 |        7 |     90746    290163 |
|  58091347 |    4331   719767 57766409 |   527156   320703     54 |        7 |    128144    566237 |
|  87075584 |    4331   941346 63085324 |   644835   620419     69 |        8 |    185591    787815 |
=====================================================================================================
Number of solutions   : 8           
Canonical subgraphs   : 237041         (18 /sec)
          order  3    : 1              (166667 /sec)
          order  4    : 1              (500000 /sec)
          order  5    : 1              (250000 /sec)
          order  6    : 1              (41667 /sec)
          order  7    : 1              (8333 /sec)
          order  8    : 2              (1354 /sec)
          order  9    : 6              (315 /sec)
          order 10    : 22             (87 /sec)
          order 11    : 110            (27 /sec)
          order 12    : 705            (11 /sec)
          order 13    : 5844           (10 /sec)
          order 14    : 45908          (16 /sec)
          order 15    : 154478         (19 /sec)
          order 16    : 24180          (23 /sec)
          order 17    : 2904           (18 /sec)
          order 18    : 764            (15 /sec)
          order 19    : 655            (13 /sec)
          order 20    : 699            (13 /sec)
          order 21    : 751            (12 /sec)
          order 22    : 8              (1 /sec)
Noncanonical subgraphs: 1189320        (193 /sec)
          order  3    : 0              (-nan /sec)
          order  4    : 0              (-nan /sec)
          order  5    : 0              (-nan /sec)
          order  6    : 0              (-nan /sec)
          order  7    : 0              (-nan /sec)
          order  8    : 0              (-nan /sec)
          order  9    : 0              (-nan /sec)
          order 10    : 0              (-nan /sec)
          order 11    : 0              (-nan /sec)
          order 12    : 0              (-nan /sec)
          order 13    : 0              (-nan /sec)
          order 14    : 194760         (1082 /sec)
          order 15    : 266727         (1007 /sec)
          order 16    : 723265         (129 /sec)
          order 17    : 3382           (129 /sec)
          order 18    : 349            (52 /sec)
          order 19    : 4              (24 /sec)
          order 20    : 0              (-nan /sec)
          order 21    : 0              (-nan /sec)
Canonicity checking   : 19506.9 s
database reductions   : 636
restarts              : 147454
conflicts             : 122610756      (1035 /sec)
decisions             : 148674142      (0.00 % random) (1255 /sec)
propagations          : 25904042327    (218582 /sec)
conflict literals     : 13378959667    (57.22 % deleted)
actual reward         : 0.056705
Memory used           : 1141.00 MB
CPU time              : 118509 s

UNSATISFIABLE
