+ '[' -z 4972 ']'
+ f=constraints_22_11.simp-noncanon.simp
+ c=22-cubes/30.cubes
+ i=4972
+ s=70
+ adj=22-cubes/30.cubes4972.adj
+ cnf=22-cubes/30.cubes4972.cnf
+ ext=22-cubes/30.cubes4972.ext
+ cnfext=22-cubes/30.cubes4972.cnfext
+ unitlines=0
++ sed '4973q;d' 22-cubes/30.cubes
+ for b in '$(sed "$((i+1))q;d" "$c")'
+ [[ a != \a ]]
+ for b in '$(sed "$((i+1))q;d" "$c")'
+ [[ -92 != \a ]]
+ [[ -92 != \0 ]]
+ unitlines=1
+ for b in '$(sed "$((i+1))q;d" "$c")'
+ [[ -137 != \a ]]
+ [[ -137 != \0 ]]
+ unitlines=2
+ for b in '$(sed "$((i+1))q;d" "$c")'
+ [[ 122 != \a ]]
+ [[ 122 != \0 ]]
+ unitlines=3
+ for b in '$(sed "$((i+1))q;d" "$c")'
+ [[ -80 != \a ]]
+ [[ -80 != \0 ]]
+ unitlines=4
+ for b in '$(sed "$((i+1))q;d" "$c")'
+ [[ -58 != \a ]]
+ [[ -58 != \0 ]]
+ unitlines=5
+ for b in '$(sed "$((i+1))q;d" "$c")'
+ [[ -207 != \a ]]
+ [[ -207 != \0 ]]
+ unitlines=6
+ for b in '$(sed "$((i+1))q;d" "$c")'
+ [[ 154 != \a ]]
+ [[ 154 != \0 ]]
+ unitlines=7
+ for b in '$(sed "$((i+1))q;d" "$c")'
+ [[ -171 != \a ]]
+ [[ -171 != \0 ]]
+ unitlines=8
+ for b in '$(sed "$((i+1))q;d" "$c")'
+ [[ -169 != \a ]]
+ [[ -169 != \0 ]]
+ unitlines=9
+ for b in '$(sed "$((i+1))q;d" "$c")'
+ [[ -49 != \a ]]
+ [[ -49 != \0 ]]
+ unitlines=10
+ for b in '$(sed "$((i+1))q;d" "$c")'
+ [[ 107 != \a ]]
+ [[ 107 != \0 ]]
+ unitlines=11
+ for b in '$(sed "$((i+1))q;d" "$c")'
+ [[ -188 != \a ]]
+ [[ -188 != \0 ]]
+ unitlines=12
+ for b in '$(sed "$((i+1))q;d" "$c")'
+ [[ -168 != \a ]]
+ [[ -168 != \0 ]]
+ unitlines=13
+ for b in '$(sed "$((i+1))q;d" "$c")'
+ [[ 167 != \a ]]
+ [[ 167 != \0 ]]
+ unitlines=14
+ for b in '$(sed "$((i+1))q;d" "$c")'
+ [[ -93 != \a ]]
+ [[ -93 != \0 ]]
+ unitlines=15
+ for b in '$(sed "$((i+1))q;d" "$c")'
+ [[ 166 != \a ]]
+ [[ 166 != \0 ]]
+ unitlines=16
+ for b in '$(sed "$((i+1))q;d" "$c")'
+ [[ 134 != \a ]]
+ [[ 134 != \0 ]]
+ unitlines=17
+ for b in '$(sed "$((i+1))q;d" "$c")'
+ [[ 135 != \a ]]
+ [[ 135 != \0 ]]
+ unitlines=18
+ for b in '$(sed "$((i+1))q;d" "$c")'
+ [[ 0 != \a ]]
+ [[ 0 != \0 ]]
++ cut '-d ' -f3
++ head -n 1 constraints_22_11.simp-noncanon.simp
+ numvars=6160
++ cut '-d ' -f4
++ head -n 1 constraints_22_11.simp-noncanon.simp
+ numlines=1786659
+ newlines=1786677
+ echo 'p cnf 6160 1786677'
+ tail constraints_22_11.simp-noncanon.simp -n +2
++ sed '4973q;d' 22-cubes/30.cubes
+ for b in '$(sed "$((i+1))q;d" "$c")'
+ [[ a != \a ]]
+ for b in '$(sed "$((i+1))q;d" "$c")'
+ [[ -92 != \a ]]
+ [[ -92 != \0 ]]
+ echo '-92 0'
+ for b in '$(sed "$((i+1))q;d" "$c")'
+ [[ -137 != \a ]]
+ [[ -137 != \0 ]]
+ echo '-137 0'
+ for b in '$(sed "$((i+1))q;d" "$c")'
+ [[ 122 != \a ]]
+ [[ 122 != \0 ]]
+ echo '122 0'
+ for b in '$(sed "$((i+1))q;d" "$c")'
+ [[ -80 != \a ]]
+ [[ -80 != \0 ]]
+ echo '-80 0'
+ for b in '$(sed "$((i+1))q;d" "$c")'
+ [[ -58 != \a ]]
+ [[ -58 != \0 ]]
+ echo '-58 0'
+ for b in '$(sed "$((i+1))q;d" "$c")'
+ [[ -207 != \a ]]
+ [[ -207 != \0 ]]
+ echo '-207 0'
+ for b in '$(sed "$((i+1))q;d" "$c")'
+ [[ 154 != \a ]]
+ [[ 154 != \0 ]]
+ echo '154 0'
+ for b in '$(sed "$((i+1))q;d" "$c")'
+ [[ -171 != \a ]]
+ [[ -171 != \0 ]]
+ echo '-171 0'
+ for b in '$(sed "$((i+1))q;d" "$c")'
+ [[ -169 != \a ]]
+ [[ -169 != \0 ]]
+ echo '-169 0'
+ for b in '$(sed "$((i+1))q;d" "$c")'
+ [[ -49 != \a ]]
+ [[ -49 != \0 ]]
+ echo '-49 0'
+ for b in '$(sed "$((i+1))q;d" "$c")'
+ [[ 107 != \a ]]
+ [[ 107 != \0 ]]
+ echo '107 0'
+ for b in '$(sed "$((i+1))q;d" "$c")'
+ [[ -188 != \a ]]
+ [[ -188 != \0 ]]
+ echo '-188 0'
+ for b in '$(sed "$((i+1))q;d" "$c")'
+ [[ -168 != \a ]]
+ [[ -168 != \0 ]]
+ echo '-168 0'
+ for b in '$(sed "$((i+1))q;d" "$c")'
+ [[ 167 != \a ]]
+ [[ 167 != \0 ]]
+ echo '167 0'
+ for b in '$(sed "$((i+1))q;d" "$c")'
+ [[ -93 != \a ]]
+ [[ -93 != \0 ]]
+ echo '-93 0'
+ for b in '$(sed "$((i+1))q;d" "$c")'
+ [[ 166 != \a ]]
+ [[ 166 != \0 ]]
+ echo '166 0'
+ for b in '$(sed "$((i+1))q;d" "$c")'
+ [[ 134 != \a ]]
+ [[ 134 != \0 ]]
+ echo '134 0'
+ for b in '$(sed "$((i+1))q;d" "$c")'
+ [[ 135 != \a ]]
+ [[ 135 != \0 ]]
+ echo '135 0'
+ for b in '$(sed "$((i+1))q;d" "$c")'
+ [[ 0 != \a ]]
+ [[ 0 != \0 ]]
+ ./simplify-by-var-removal.sh 22-cubes/30.cubes4972.adj 70
+ '[' -z 70 ']'
+ f=22-cubes/30.cubes4972.adj
+ p=70
++ echo 22-cubes
+ sub_dir=22-cubes
+ mkdir -p log/22-cubes
+ mkdir -p simp/22-cubes
+ tee log/22-cubes/30.cubes4972.adj.simp1
+ ./cadical/build/cadical 22-cubes/30.cubes4972.adj -o simp/22-cubes/30.cubes4972.adj.simp1 -e simp/22-cubes/30.cubes4972.adj.ext1 -n -c 200000
c --- [ banner ] -------------------------------------------------------------
c 
c CaDiCaL Radically Simplified CDCL SAT Solver
c Copyright (c) 2016-2021 A. Biere, M. Fleury, N. Froleyks
c 
c Version 1.5.2
c g++ (GCC) 9.3.0 -Wall -Wextra -O3 -DNDEBUG
c Tue Feb 8 21:15:15 EST 2022 Linux gra-login1 3.10.0-1160.36.2.el7.x86_64 x86_64
c 
c --- [ limit ] --------------------------------------------------------------
c 
c setting conflict limit to 200000 conflicts (due to '200000')
c 
c --- [ parsing input ] ------------------------------------------------------
c 
c reading DIMACS file from '22-cubes/30.cubes4972.adj'
c opening file to read '22-cubes/30.cubes4972.adj'
c found 'p cnf 6160 1786677' header
c parsed 1786677 clauses in 18.46 seconds process time
c closing file '22-cubes/30.cubes4972.adj'
c after reading 1542541730 bytes 1471.1 MB
c 
c --- [ options ] ------------------------------------------------------------
c 
c all options are set to their default value
c 
c --- [ solving ] ------------------------------------------------------------
c 
c time measured in process time since initialization
c 
c  seconds    reductions  redundant   irredundant
c          MB     restarts       trail       variables
c            level   conflicts       glue         remaining
c 
c * 18.46 1472  0 0   0    0    0  0% 0 1785954 4570 74%
c { 19.86 1532  0 0   0    0    0  0% 0 1785954 4570 74%
c i 20.09 1533 71 0   0    5    2 44% 1 1785954 4552 74%
c i 20.59 1547 74 0   0   19   14 47% 2 1785954 4551 74%
c i 21.11 1556 46 0   3   48   37 43% 4 1785954 4501 73%
c i 21.12 1556 45 0   4   49   37 42% 4 1785954 4482 73%
c i 21.25 1556 24 0   9  102   42 38% 3 1785954 4331 70%
c i 21.88 1564 26 0  11  125   55 39% 5 1785954 4330 70%
c i 22.12 1566 30 0  12  131   60 40% 8 1785954 4329 70%
c i 22.74 1573 36 0  18  159   81 42% 14 1785954 4328 70%
c i 22.74 1573 36 0  18  160   81 42% 13 1785954 4327 70%
c i 22.75 1573 35 0  19  162   82 42% 13 1785954 4326 70%
c i 22.75 1573 35 0  19  163   82 42% 13 1785954 4325 70%
c i 23.04 1575 39 0  22  185   91 42% 14 1785954 4324 70%
c i 23.09 1577 39 0  23  187   92 42% 14 1785954 4323 70%
c i 23.24 1578 42 0  24  197   99 42% 16 1785954 4322 70%
c i 23.35 1579 42 0  27  205  105 42% 15 1785954 4321 70%
c i 23.43 1579 44 0  29  212  111 42% 15 1785954 4320 70%
c i 24.07 1582 42 0  37  289  169 42% 14 1785954 4319 70%
c - 28.02 1559 42 1  38  300  154 43% 14 430576 4319 70%
c 
c  seconds    reductions  redundant   irredundant
c          MB     restarts       trail       variables
c            level   conflicts       glue         remaining
c 
c i 28.13 1560 42 1  38  302  155 43% 14 430576 4318 70%
c i 28.16 1560 43 1  38  304  156 43% 14 430576 4317 70%
c i 28.42 1490 50 1  40  325  171 43% 15 430576 4313 70%
c i 28.52 1490 51 1  41  328  173 43% 14 430576 4312 70%
c i 28.54 1490 52 1  42  334  177 43% 14 430576 4311 70%
c i 28.55 1490 53 1  42  339  179 43% 14 430576 4308 70%
c i 28.92 1490 60 1  50  371  210 44% 19 430576 4307 70%
c i 28.98 1490 59 1  54  382  219 44% 19 430576 4306 70%
c i 29.19 1491 59 1  56  394  226 44% 19 430576 4305 70%
c i 29.28 1491 60 1  56  397  228 44% 19 430576 4304 70%
c i 29.49 1491 60 1  60  411  239 44% 18 430576 4301 70%
c i 29.69 1491 62 1  64  432  251 45% 19 430576 4296 70%
c i 30.41 1491 63 1  76  520  324 46% 20 430576 4295 70%
c i 30.89 1491 66 1  86  562  356 46% 22 430576 4294 70%
c i 30.99 1492 67 1  88  568  361 46% 23 430576 4293 70%
c i 31.85 1492 65 1 106  670  442 47% 23 430576 4292 70%
c i 31.87 1492 65 1 106  678  448 47% 23 430576 4291 70%
c i 31.89 1492 64 1 106  705  472 47% 23 430576 4290 70%
c i 32.18 1492 61 1 115  796  554 48% 24 430576 4289 70%
c i 32.30 1492 61 1 119  814  569 49% 24 430576 4288 70%
c 
c  seconds    reductions  redundant   irredundant
c          MB     restarts       trail       variables
c            level   conflicts       glue         remaining
c 
c i 32.39 1492 62 1 122  831  584 49% 25 430576 4287 70%
c i 32.45 1492 62 1 123  835  587 49% 25 430576 4286 70%
c i 33.48 1492 67 1 147  922  667 49% 27 430576 4285 70%
c i 33.74 1492 67 1 154  949  687 49% 27 430576 4262 69%
c i 34.00 1492 67 1 157  966  702 49% 27 430576 4256 69%
c } 34.33 1492 67 1 158 1001  729 49% 27 430576 4256 69%
c [ 34.33 1492  0 1 158 1001  729  0% 0 430576 4256 69%
c O 34.33 1492  1 1 158 1002  729 31% 0 430576 4256 69%
c i 34.34 1492  1 1 158 1002  729 31% 0 430576 4230 69%
c i 34.62 1492 11 1 158 1028  750 52% 9 430576 4229 69%
c i 34.62 1492 11 1 158 1032  751 52% 9 430576 4228 69%
c i 34.77 1492 12 1 158 1083  784 57% 10 430576 4227 69%
c - 35.71 1634 13 2 158 1280  799 56% 12 370365 4227 69%
c i 36.04 1634 14 2 158 1408  851 56% 12 370365 4226 69%
c i 36.11 1634 14 2 158 1431  861 56% 12 370365 4225 69%
c i 36.13 1634 15 2 158 1448  872 56% 13 370365 4224 69%
c i 36.13 1634 15 2 158 1449  872 56% 13 370365 4223 69%
c i 36.16 1634 15 2 158 1473  889 56% 13 370365 4222 69%
c i 36.18 1634 16 2 158 1530  928 55% 14 370365 4221 69%
c i 36.19 1634 17 2 158 1547  934 55% 14 370365 4220 69%
c 
c  seconds    reductions  redundant   irredundant
c          MB     restarts       trail       variables
c            level   conflicts       glue         remaining
c 
c i 36.24 1634 17 2 158 1644  993 55% 14 370365 4219 68%
c i 36.24 1634 17 2 158 1650  994 55% 14 370365 4218 68%
c i 36.42 1634 18 2 159 2049 1198 54% 14 370365 4217 68%
c - 37.12 1630 20 3 159 2692 1176 54% 17 370335 4217 68%
c ] 37.64 1595 21 3 159 3002 1376 34% 18 370335 4217 68%
c { 37.64 1595 67 3 159 3002 1376 72% 27 370335 4217 68%
c F 37.66 1595 67 3 159 3003 1377 72% 27 370335 4217 68%
c i 37.83 1595 66 3 159 3020 1391 71% 26 370335 4216 68%
c i 37.83 1595 66 3 159 3021 1391 71% 26 370335 4215 68%
c i 37.84 1595 66 3 159 3030 1399 70% 26 370335 4214 68%
c i 38.00 1595 64 3 159 3066 1428 69% 25 370335 4213 68%
c i 38.02 1595 63 3 159 3081 1441 69% 25 370335 4212 68%
c i 38.24 1595 61 3 159 3140 1484 67% 24 370335 4211 68%
c i 39.25 1595 61 3 165 3331 1649 62% 24 370335 4210 68%
c i 39.28 1595 61 3 165 3347 1661 61% 24 370335 4209 68%
c i 39.45 1595 57 3 167 3560 1812 58% 24 370335 4208 68%
c i 39.52 1595 55 3 167 3648 1879 57% 24 370335 4207 68%
c i 39.52 1595 55 3 167 3649 1879 57% 24 370335 4206 68%
c i 39.52 1595 55 3 167 3651 1880 56% 24 370335 4205 68%
c i 39.52 1595 55 3 167 3652 1880 56% 24 370335 4204 68%
c 
c  seconds    reductions  redundant   irredundant
c          MB     restarts       trail       variables
c            level   conflicts       glue         remaining
c 
c i 39.52 1595 55 3 167 3654 1881 56% 24 370335 4203 68%
c i 39.53 1595 55 3 167 3655 1881 56% 24 370335 4202 68%
c i 39.53 1595 55 3 167 3656 1881 56% 24 370335 4201 68%
c i 39.53 1595 55 3 167 3660 1884 56% 24 370335 4200 68%
c i 39.83 1595 46 3 169 4291 2294 50% 22 370335 4199 68%
c i 40.26 1595 47 3 173 4346 2339 50% 22 370335 4198 68%
c i 40.84 1595 48 3 186 4400 2389 49% 23 370335 4197 68%
c i 41.08 1595 49 3 195 4448 2422 49% 23 370335 4196 68%
c - 42.19 1589 49 4 217 4576 1948 48% 23 370273 4196 68%
c i 44.16 1589 47 4 265 4989 2281 46% 24 370273 4195 68%
c d 44.72 1589 47 4 265 5002 2291 46% 23 328893 4177 68%
c 2 44.81 1589 47 4 265 5002 4699 46% 23 328789 4163 68%
c p 52.30 1589 47 4 265 5002 11012 46% 23 328789 4083 66%
c d 52.79 1589 47 4 265 5002 10715 46% 23 328454 4074 66%
c # 54.27 1589 41 4 266 6009 11421 43% 22 328454 4074 66%
c - 55.15 1459 38 5 280 6928 2982 42% 21 328454 4074 66%
c } 55.21 1459 38 5 280 7002 3019 42% 21 328454 4074 66%
c [ 55.21 1459 21 5 280 7002 3019 34% 18 328454 4074 66%
c - 56.31 1460 18 6 282 9657 2997 36% 16 328454 4074 66%
c I 56.56 1460 18 6 282 10012 3183 36% 15 328454 4074 66%
c 
c  seconds    reductions   redundant   irredundant
c          MB     restarts        trail       variables
c            level    conflicts       glue         remaining
c 
c - 62.52 1460 33 7 284 12841 3962 34% 24 328454 4074 66%
c ] 64.46 1460 38 7 285 15002 5604 33% 29 328454 4074 66%
c { 64.46 1460 38 7 285 15002 5604 42% 21 328454 4074 66%
c 3 64.50 1460 38 7 285 15002 7653 42% 21 328453 4074 66%
c 2 64.57 1460 38 7 285 15002 7901 42% 21 328442 4074 66%
c p 68.69 1460 38 7 285 15002 14180 42% 21 328442 4071 66%
c d 68.81 1460 38 7 285 15002 14162 42% 21 317020 4070 66%
c B 69.11 1460 38 7 285 15018 14176 42% 21 317020 4070 66%
c - 70.70 1460 34 8 335 16483 4824 40% 20 317020 4070 66%
c s 71.05 1460 32 8 335 17221 5083 40% 19 313727 4070 66%
c v 78.83 1460 32 8 335 17221 5083 40% 19 313394 4070 66%
c w 78.91 1460 32 8 335 17221 5079 40% 19 313394 4070 66%
c t 78.93 1460 32 8 335 17221 5030 40% 19 313233 4070 66%
c e 79.80 1461 32 8 335 17221 4826 40% 19 305842 868 14%
c s 79.96 1461 32 8 335 17221 4826 40% 19 305065 868 14%
c - 83.79 1461 28 9 441 20536 4825 59% 18 305065 868 14%
c W 84.34 1461 27 9 441 21021 5120 59% 18 305065 868 14%
c - 90.20 1461 26 10 613 24991 5349 58% 17 305065 868 14%
c F 95.87 1461 26 10 853 28022 7388 58% 18 305065 868 14%
c - 97.59 1461 25 11 890 29889 5741 59% 17 305065 868 14%
c 
c  seconds    reductions    redundant   irredundant
c          MB      restarts        trail       variables
c            level     conflicts       glue        remaining
c 
c 2 97.74 1461 25 11 890 30002 6343 59% 17 305062 868 14%
c p 100.53 1461 25 11 890 30002 8232 59% 17 305062 867 14%
c } 101.03 1461 24 11 890 31004 8705 59% 17 305062 867 14%
c [ 101.03 1461 38 11 890 31004 8705 162% 29 305062 867 14%
c - 102.15 1461 34 12 892 35233 6131 126% 26 305059 867 14%
c B 102.35 1461 33 12 893 36025 6565 122% 26 305059 867 14%
c - 104.19 1461 32 13 896 41026 6618 104% 25 305059 867 14%
c W 106.35 1461 30 13 897 45026 9235 95% 24 305059 867 14%
c - 106.99 1461 30 14 898 47263 6953 92% 24 305059 867 14%
c p 108.87 1461 29 14 898 50003 10913 88% 24 305059 867 14%
c ] 109.14 1461 29 14 898 50729 11347 87% 24 305059 867 14%
c 1 109.14 1461 29 14 898 50729 11347 87% 24 305059 867 14%
c 
c --- [ writing output ] -----------------------------------------------------
c 
c writing simplified CNF to DIMACS file 'simp/22-cubes/30.cubes4972.adj.simp1'
c * 109.14 1461 29 14 898 50729 11347 87% 24 305059 867 14%
c opening file to write 'simp/22-cubes/30.cubes4972.adj.simp1'
c writing 'p cnf 6160 305059' header
c closing file 'simp/22-cubes/30.cubes4972.adj.simp1'
c after writing 112090390 bytes 106.9 MB
c wrote 305059 clauses in 0.81 seconds process time
c 
c --- [ writing extension ] --------------------------------------------------
c 
c writing extension stack to 'simp/22-cubes/30.cubes4972.adj.ext1'
c opening file to write 'simp/22-cubes/30.cubes4972.adj.ext1'
c closing file 'simp/22-cubes/30.cubes4972.adj.ext1'
c after writing 236960 bytes 0.2 MB
c wrote 10305 witnesses in 0.00 seconds process time
c 
c --- [ result ] -------------------------------------------------------------
c 
s SATISFIABLE
c 
c --- [ run-time profiling ] -------------------------------------------------
c 
c process time taken by individual solving procedures
c (percentage relative to process time for solving)
c 
c        63.53   70.06% search
c        42.60   46.98% unstable
c        27.15   29.94% simplify
c        18.46   20.36% parse
c        18.14   20.00% stable
c        15.80   17.43% probe
c         7.83    8.64% vivify
c         1.65    1.82% elim
c         1.40    1.54% lucky
c         1.39    1.53% walk
c         0.30    0.34% subsume
c         0.20    0.22% ternary
c   =================================
c        90.67   82.47% solve
c 
c last line shows process time for solving
c (percentage relative to total process time)
c 
c --- [ statistics ] ---------------------------------------------------------
c 
c chronological:              8819        17.38 %  of conflicts
c conflicts:                 50729       559.46    per second
c decisions:                101360      1117.84    per second
c eliminated:                 3202        51.98 %  of all variables
c fixed:                      2063        33.49 %  of all variables
c learned:                   49616        97.81 %  per conflict
c learned_lits:            6704261       100.00 %  learned literals
c minimized:                     0         0.00 %  learned literals
c shrunken:                4558599        68.00 %  learned literals
c minishrunken:             332925         4.97 %  learned literals
c propagations:            6194610         0.07 M  per second
c reduced:                   23291        45.91 %  per conflict
c rephased:                      9      5636.56    interval
c restarts:                    898        56.49    interval
c stabilizing:                   3        58.60 %  of conflicts
c substituted:                  28         0.45 %  of all variables
c subsumed:                  22086         0.58 %  of all clauses
c strengthened:               9618         0.25 %  of all clauses
c ternary:                    5715         0.58 %  of resolved
c vivified:                    365         0.01 %  of all clauses
c walked:                        2     25364.50    interval
c weakened:                   8242         3.18    average size
c 
c seconds are measured in process time for solving
c 
c --- [ resources ] ----------------------------------------------------------
c 
c total process time since initialization:       109.95    seconds
c total real time since initialization:          110.52    seconds
c maximum resident set size of process:         1772.06    MB
c 
c --- [ shutting down ] ------------------------------------------------------
c 
c exit 10
++ seq 1 100
+ for i in '$(seq 1 100)'
++ sed 's/.$//'
++ rev
++ cut '-d ' -f1
++ rev
++ tail -n 1
++ grep 'c [*]' log/22-cubes/30.cubes4972.adj.simp1
+ vars_remaining=14
+ ((  vars_remaining < 100 - p  ))
+ break
++ cut '-d ' -f3
++ head -n 1 simp/22-cubes/30.cubes4972.adj.simp1
+ numvars=6160
++ cut '-d ' -f4
++ head -n 1 simp/22-cubes/30.cubes4972.adj.simp1
+ numlines=305059
+ extlines_total=0
++ seq 1 1
+ for j in '$(seq 1 "$i")'
++ cut '-d ' -f1
++ wc -l simp/22-cubes/30.cubes4972.adj.ext1
+ extlines_j=10305
+ extlines_total=10305
+ newlines=315364
+ echo 'p cnf 6160 315364'
+ tail simp/22-cubes/30.cubes4972.adj.simp1 -n +2
++ seq 1 1
+ for j in '$(seq 1 "$i")'
+ cat simp/22-cubes/30.cubes4972.adj.ext1
+ sed -i 's/ 0.*/ 0/' 22-cubes/30.cubes4972.adj.simp
============================[ Problem Statistics ]=============================
|                                                                             |
|  Number of variables:          6160                                         |
|  Number of clauses:          313301                                         |
|  Parse time:                   1.49 s                                       |
|  Simplification time:          0.03 s                                       |
|                                                                             |
============================[ Search Statistics ]====================================================
| Conflicts |          ORIGINAL         |          LEARNT          | Num Sols |      SUBGRAPHS      |
|           |    Vars  Clauses Literals |    Limit  Clauses Lit/Cl |          | Canonical Noncanon. |
=====================================================================================================
|       101 |    4097   313302 24444852 |     2000      101     73 |        0 |        26         1 |
|       254 |    4097   313305 24444971 |     2000      254     74 |        0 |        31         4 |
|       486 |    4097   313312 24445057 |     2000      486     69 |        0 |        47        11 |
|       832 |    4097   313321 24445224 |     2000      832     62 |        0 |        61        20 |
|      1354 |    4097   313337 24445544 |     2000     1354     61 |        0 |        80        36 |
|      2128 |    4097   313352 24445789 |     3603     1131     36 |        0 |       113        51 |
|      3283 |    4097   313368 24446135 |     3603     2286     53 |        0 |       139        67 |
|      5079 |    4097   313456 24447667 |     5002     2281     42 |        0 |       175       155 |
|      7759 |    4097   313574 24449510 |     5002     4961     59 |        0 |       206       273 |
|     11777 |    4097   313748 24451964 |     7558     3335     36 |        0 |       287       447 |
|     17703 |    4097   313908 24454936 |     8782     5485     49 |        0 |       374       607 |
|     26759 |    4097   314315 24460734 |    11199     5158     29 |        0 |       538      1014 |
|     39991 |    4097   314573 24465166 |    13602     6593     27 |        0 |       632      1272 |
|     59845 |    4097   314966 24472060 |    16007    12252     46 |        0 |       837      1665 |
|     89672 |    4097   315601 24481279 |    19608    16280     41 |        0 |      1079      2300 |
|    134299 |    4097   316439 24492067 |    24409    18108     38 |        0 |      1426      3138 |
|    201098 |    4081   284651 21976226 |    29054    16552     54 |        0 |      1746      4253 |
|    303633 |    4081   288660 22045643 |    37599    20232     41 |        0 |      2863      8262 |
|    455063 |    4081   292301 22117103 |    46005    27468     44 |        0 |      3910     11903 |
|    683076 |    4081   298631 22244030 |    55616    54692     53 |        0 |      5577     18233 |
|   1025495 |    4033   286537 21024410 |    67640    57135     56 |        0 |      7333     28127 |
=====================================================================================================
Number of solutions   : 0           
Canonical subgraphs   : 8129           (5 /sec)
          order  3    : 1              (142857 /sec)
          order  4    : 1              (142857 /sec)
          order  5    : 1              (250000 /sec)
          order  6    : 1              (52632 /sec)
          order  7    : 1              (8333 /sec)
          order  8    : 2              (1356 /sec)
          order  9    : 4              (241 /sec)
          order 10    : 9              (46 /sec)
          order 11    : 39             (13 /sec)
          order 12    : 172            (4 /sec)
          order 13    : 1154           (4 /sec)
          order 14    : 3035           (5 /sec)
          order 15    : 3105           (7 /sec)
          order 16    : 361            (7 /sec)
          order 17    : 167            (7 /sec)
          order 18    : 40             (6 /sec)
          order 19    : 29             (5 /sec)
          order 20    : 4              (8 /sec)
          order 21    : 3              (7 /sec)
          order 22    : 0              (-nan /sec)
Noncanonical subgraphs: 33784          (390 /sec)
          order  3    : 0              (-nan /sec)
          order  4    : 0              (-nan /sec)
          order  5    : 0              (-nan /sec)
          order  6    : 0              (-nan /sec)
          order  7    : 0              (-nan /sec)
          order  8    : 0              (-nan /sec)
          order  9    : 0              (-nan /sec)
          order 10    : 0              (-nan /sec)
          order 11    : 0              (-nan /sec)
          order 12    : 0              (-nan /sec)
          order 13    : 0              (-nan /sec)
          order 14    : 14629          (2854 /sec)
          order 15    : 16780          (360 /sec)
          order 16    : 2326           (70 /sec)
          order 17    : 45             (46 /sec)
          order 18    : 1              (23810 /sec)
          order 19    : 0              (-nan /sec)
          order 20    : 0              (-nan /sec)
          order 21    : 0              (-nan /sec)
Canonicity checking   : 1581.86 s
database reductions   : 62
restarts              : 2444
conflicts             : 1278568        (600 /sec)
decisions             : 1626861        (0.00 % random) (763 /sec)
propagations          : 270621402      (126896 /sec)
conflict literals     : 101576924      (53.61 % deleted)
actual reward         : 0.058013
Memory used           : 299.00 MB
CPU time              : 2132.62 s

UNSATISFIABLE
