+ '[' -z 3566 ']'
+ f=constraints_22_11.simp-noncanon.simp
+ c=22-cubes/30.cubes
+ i=3566
+ s=70
+ adj=22-cubes/30.cubes3566.adj
+ cnf=22-cubes/30.cubes3566.cnf
+ ext=22-cubes/30.cubes3566.ext
+ cnfext=22-cubes/30.cubes3566.cnfext
+ unitlines=0
++ sed '3567q;d' 22-cubes/30.cubes
+ for b in '$(sed "$((i+1))q;d" "$c")'
+ [[ a != \a ]]
+ for b in '$(sed "$((i+1))q;d" "$c")'
+ [[ -92 != \a ]]
+ [[ -92 != \0 ]]
+ unitlines=1
+ for b in '$(sed "$((i+1))q;d" "$c")'
+ [[ -137 != \a ]]
+ [[ -137 != \0 ]]
+ unitlines=2
+ for b in '$(sed "$((i+1))q;d" "$c")'
+ [[ 122 != \a ]]
+ [[ 122 != \0 ]]
+ unitlines=3
+ for b in '$(sed "$((i+1))q;d" "$c")'
+ [[ -80 != \a ]]
+ [[ -80 != \0 ]]
+ unitlines=4
+ for b in '$(sed "$((i+1))q;d" "$c")'
+ [[ -58 != \a ]]
+ [[ -58 != \0 ]]
+ unitlines=5
+ for b in '$(sed "$((i+1))q;d" "$c")'
+ [[ -207 != \a ]]
+ [[ -207 != \0 ]]
+ unitlines=6
+ for b in '$(sed "$((i+1))q;d" "$c")'
+ [[ -154 != \a ]]
+ [[ -154 != \0 ]]
+ unitlines=7
+ for b in '$(sed "$((i+1))q;d" "$c")'
+ [[ -27 != \a ]]
+ [[ -27 != \0 ]]
+ unitlines=8
+ for b in '$(sed "$((i+1))q;d" "$c")'
+ [[ -169 != \a ]]
+ [[ -169 != \0 ]]
+ unitlines=9
+ for b in '$(sed "$((i+1))q;d" "$c")'
+ [[ 188 != \a ]]
+ [[ 188 != \0 ]]
+ unitlines=10
+ for b in '$(sed "$((i+1))q;d" "$c")'
+ [[ -33 != \a ]]
+ [[ -33 != \0 ]]
+ unitlines=11
+ for b in '$(sed "$((i+1))q;d" "$c")'
+ [[ -107 != \a ]]
+ [[ -107 != \0 ]]
+ unitlines=12
+ for b in '$(sed "$((i+1))q;d" "$c")'
+ [[ -135 != \a ]]
+ [[ -135 != \0 ]]
+ unitlines=13
+ for b in '$(sed "$((i+1))q;d" "$c")'
+ [[ -134 != \a ]]
+ [[ -134 != \0 ]]
+ unitlines=14
+ for b in '$(sed "$((i+1))q;d" "$c")'
+ [[ 133 != \a ]]
+ [[ 133 != \0 ]]
+ unitlines=15
+ for b in '$(sed "$((i+1))q;d" "$c")'
+ [[ 187 != \a ]]
+ [[ 187 != \0 ]]
+ unitlines=16
+ for b in '$(sed "$((i+1))q;d" "$c")'
+ [[ -94 != \a ]]
+ [[ -94 != \0 ]]
+ unitlines=17
+ for b in '$(sed "$((i+1))q;d" "$c")'
+ [[ 0 != \a ]]
+ [[ 0 != \0 ]]
++ cut '-d ' -f3
++ head -n 1 constraints_22_11.simp-noncanon.simp
+ numvars=6160
++ cut '-d ' -f4
++ head -n 1 constraints_22_11.simp-noncanon.simp
+ numlines=1786659
+ newlines=1786676
+ echo 'p cnf 6160 1786676'
+ tail constraints_22_11.simp-noncanon.simp -n +2
++ sed '3567q;d' 22-cubes/30.cubes
+ for b in '$(sed "$((i+1))q;d" "$c")'
+ [[ a != \a ]]
+ for b in '$(sed "$((i+1))q;d" "$c")'
+ [[ -92 != \a ]]
+ [[ -92 != \0 ]]
+ echo '-92 0'
+ for b in '$(sed "$((i+1))q;d" "$c")'
+ [[ -137 != \a ]]
+ [[ -137 != \0 ]]
+ echo '-137 0'
+ for b in '$(sed "$((i+1))q;d" "$c")'
+ [[ 122 != \a ]]
+ [[ 122 != \0 ]]
+ echo '122 0'
+ for b in '$(sed "$((i+1))q;d" "$c")'
+ [[ -80 != \a ]]
+ [[ -80 != \0 ]]
+ echo '-80 0'
+ for b in '$(sed "$((i+1))q;d" "$c")'
+ [[ -58 != \a ]]
+ [[ -58 != \0 ]]
+ echo '-58 0'
+ for b in '$(sed "$((i+1))q;d" "$c")'
+ [[ -207 != \a ]]
+ [[ -207 != \0 ]]
+ echo '-207 0'
+ for b in '$(sed "$((i+1))q;d" "$c")'
+ [[ -154 != \a ]]
+ [[ -154 != \0 ]]
+ echo '-154 0'
+ for b in '$(sed "$((i+1))q;d" "$c")'
+ [[ -27 != \a ]]
+ [[ -27 != \0 ]]
+ echo '-27 0'
+ for b in '$(sed "$((i+1))q;d" "$c")'
+ [[ -169 != \a ]]
+ [[ -169 != \0 ]]
+ echo '-169 0'
+ for b in '$(sed "$((i+1))q;d" "$c")'
+ [[ 188 != \a ]]
+ [[ 188 != \0 ]]
+ echo '188 0'
+ for b in '$(sed "$((i+1))q;d" "$c")'
+ [[ -33 != \a ]]
+ [[ -33 != \0 ]]
+ echo '-33 0'
+ for b in '$(sed "$((i+1))q;d" "$c")'
+ [[ -107 != \a ]]
+ [[ -107 != \0 ]]
+ echo '-107 0'
+ for b in '$(sed "$((i+1))q;d" "$c")'
+ [[ -135 != \a ]]
+ [[ -135 != \0 ]]
+ echo '-135 0'
+ for b in '$(sed "$((i+1))q;d" "$c")'
+ [[ -134 != \a ]]
+ [[ -134 != \0 ]]
+ echo '-134 0'
+ for b in '$(sed "$((i+1))q;d" "$c")'
+ [[ 133 != \a ]]
+ [[ 133 != \0 ]]
+ echo '133 0'
+ for b in '$(sed "$((i+1))q;d" "$c")'
+ [[ 187 != \a ]]
+ [[ 187 != \0 ]]
+ echo '187 0'
+ for b in '$(sed "$((i+1))q;d" "$c")'
+ [[ -94 != \a ]]
+ [[ -94 != \0 ]]
+ echo '-94 0'
+ for b in '$(sed "$((i+1))q;d" "$c")'
+ [[ 0 != \a ]]
+ [[ 0 != \0 ]]
+ ./simplify-by-var-removal.sh 22-cubes/30.cubes3566.adj 70
+ '[' -z 70 ']'
+ f=22-cubes/30.cubes3566.adj
+ p=70
++ echo 22-cubes
+ sub_dir=22-cubes
+ mkdir -p log/22-cubes
+ mkdir -p simp/22-cubes
+ tee log/22-cubes/30.cubes3566.adj.simp1
+ ./cadical/build/cadical 22-cubes/30.cubes3566.adj -o simp/22-cubes/30.cubes3566.adj.simp1 -e simp/22-cubes/30.cubes3566.adj.ext1 -n -c 200000
c --- [ banner ] -------------------------------------------------------------
c 
c CaDiCaL Radically Simplified CDCL SAT Solver
c Copyright (c) 2016-2021 A. Biere, M. Fleury, N. Froleyks
c 
c Version 1.5.2
c g++ (GCC) 9.3.0 -Wall -Wextra -O3 -DNDEBUG
c Tue Feb 8 21:15:15 EST 2022 Linux gra-login1 3.10.0-1160.36.2.el7.x86_64 x86_64
c 
c --- [ limit ] --------------------------------------------------------------
c 
c setting conflict limit to 200000 conflicts (due to '200000')
c 
c --- [ parsing input ] ------------------------------------------------------
c 
c reading DIMACS file from '22-cubes/30.cubes3566.adj'
c opening file to read '22-cubes/30.cubes3566.adj'
c found 'p cnf 6160 1786676' header
c parsed 1786676 clauses in 18.56 seconds process time
c closing file '22-cubes/30.cubes3566.adj'
c after reading 1542541725 bytes 1471.1 MB
c 
c --- [ options ] ------------------------------------------------------------
c 
c all options are set to their default value
c 
c --- [ solving ] ------------------------------------------------------------
c 
c time measured in process time since initialization
c 
c  seconds    reductions  redundant   irredundant
c          MB     restarts       trail       variables
c            level   conflicts       glue         remaining
c 
c * 18.56 1468  0 0   0    0    0  0% 0 1785954 4722 77%
c { 19.96 1538  0 0   0    0    0  0% 0 1785954 4722 77%
c i 21.87 1571 138 0   6  100   96 54% 14 1785954 4664 76%
c i 22.28 1575 140 0  11  136  129 55% 26 1785954 4638 75%
c i 23.31 1581 85 0  23  271  181 47% 21 1785954 4637 75%
c - 28.04 1537 82 1  31  300  207 48% 22 270002 4637 75%
c i 28.50 1502 79 1  40  342  243 48% 22 270002 4636 75%
c i 28.51 1502 79 1  40  343  243 48% 22 270002 4635 75%
c i 28.53 1502 78 1  40  350  248 48% 22 270002 4634 75%
c i 28.63 1502 78 1  42  369  262 48% 23 270002 4631 75%
c i 28.99 1502 77 1  63  464  315 48% 27 270002 4621 75%
c i 28.99 1502 77 1  63  466  316 48% 26 270002 4620 75%
c i 29.00 1502 77 1  64  468  316 48% 26 270002 4618 75%
c i 29.09 1502 78 1  65  473  319 48% 26 270002 4617 75%
c i 29.71 1502 77 1  93  617  437 49% 29 270002 4616 75%
c i 29.72 1502 77 1  93  622  440 49% 29 270002 4615 75%
c i 30.04 1503 77 1  98  689  502 50% 30 270002 4614 75%
c i 30.30 1503 75 1 105  764  565 50% 30 270002 4613 75%
c i 30.43 1503 74 1 106  819  607 50% 30 270002 4612 75%
c i 30.47 1503 74 1 106  827  611 50% 30 270002 4611 75%
c 
c  seconds    reductions  redundant   irredundant
c          MB     restarts       trail       variables
c            level   conflicts       glue         remaining
c 
c i 30.63 1503 75 1 111  858  634 50% 31 270002 4610 75%
c i 30.63 1503 75 1 114  867  638 50% 31 270002 4609 75%
c i 30.70 1503 75 1 119  887  654 50% 31 270002 4607 75%
c i 30.74 1503 75 1 121  904  663 50% 31 270002 4606 75%
c i 30.75 1503 75 1 122  906  664 50% 31 270002 4605 75%
c } 30.89 1503 70 1 126 1000  711 49% 30 270002 4605 75%
c [ 30.89 1503  0 1 126 1000  711  0% 0 270002 4605 75%
c O 30.90 1503 11 1 126 1004  713 37% 11 270002 4605 75%
c i 30.90 1503  9 1 126 1005  713 36% 9 270002 4562 74%
c i 30.90 1503  8 1 126 1006  713 35% 7 270002 4516 73%
c - 31.79 1622 20 2 126 1159  726 49% 16 268229 4516 73%
c i 31.92 1622 20 2 126 1208  768 51% 16 268229 4515 73%
c i 31.93 1622 20 2 126 1221  775 51% 16 268229 4514 73%
c i 31.94 1622 20 2 126 1241  789 52% 16 268229 4513 73%
c i 31.95 1622 20 2 126 1253  800 52% 16 268229 4512 73%
c i 31.96 1622 20 2 126 1271  813 52% 17 268229 4511 73%
c i 32.07 1622 22 2 126 1580 1078 55% 19 268229 4510 73%
c i 32.26 1622 26 2 127 2071 1459 55% 22 268229 4509 73%
c i 32.36 1622 28 2 127 2378 1701 55% 24 268229 4508 73%
c i 32.37 1622 28 2 127 2381 1703 55% 24 268229 4507 73%
c 
c  seconds    reductions  redundant   irredundant
c          MB     restarts       trail       variables
c            level   conflicts       glue         remaining
c 
c i 32.39 1622 28 2 127 2435 1745 55% 24 268229 4506 73%
c - 32.76 1620 28 3 127 2445 1364 55% 24 268200 4506 73%
c i 33.01 1620 28 3 127 2457 1375 37% 24 268200 4505 73%
c ] 33.22 1620 29 3 127 3000 1765 39% 25 268200 4505 73%
c { 33.22 1620 70 3 127 3000 1765 67% 30 268200 4505 73%
c F 33.32 1620 70 3 127 3008 1773 67% 30 268200 4505 73%
c i 33.36 1620 68 3 127 3043 1807 66% 29 268200 4504 73%
c i 33.94 1620 67 3 147 3206 1933 62% 30 268200 4503 73%
c i 34.32 1621 68 3 163 3287 2010 60% 31 268200 4502 73%
c i 34.60 1621 64 3 169 3478 2171 57% 29 268200 4501 73%
c i 34.67 1621 65 3 170 3532 2222 57% 29 268200 4500 73%
c i 34.75 1621 66 3 170 3592 2236 55% 29 268200 4499 73%
c - 36.16 1504 63 4 183 4160 1932 50% 28 268179 4499 73%
c i 36.21 1504 62 4 183 4205 1968 50% 27 268179 4498 73%
c i 36.36 1504 61 4 183 4310 2058 49% 27 268179 4497 73%
c i 36.42 1504 60 4 183 4363 2099 49% 26 268179 4496 73%
c i 38.25 1504 60 4 256 4986 2533 45% 27 268179 4495 73%
c i 38.28 1504 60 4 256 4995 2541 45% 27 268179 4494 73%
c i 38.29 1504 61 4 256 5007 2546 45% 27 268179 4491 73%
c d 38.69 1504 61 4 256 5007 2546 45% 27 217808 4477 73%
c 
c  seconds    reductions  redundant   irredundant
c          MB     restarts       trail       variables
c            level   conflicts       glue         remaining
c 
c 3 38.71 1504 61 4 256 5007 4694 45% 27 217808 4477 73%
c 2 38.77 1504 61 4 256 5007 4815 45% 27 217698 4477 73%
c p 41.93 1504 61 4 256 5007 10446 45% 27 217698 4335 70%
c d 42.29 1504 61 4 256 5007 10024 45% 27 216308 4334 70%
c # 43.16 1504 54 4 281 6011 10785 43% 26 216308 4334 70%
c - 43.44 1505 53 5 281 6302 2613 43% 26 216308 4334 70%
c } 44.58 1505 51 5 335 7003 3135 42% 26 216308 4334 70%
c [ 44.58 1505 29 5 335 7003 3135 39% 25 216308 4334 70%
c ] 44.84 1505 28 5 336 7636 3545 40% 25 216308 4334 70%
c 1 44.84 1505 28 5 336 7636 3545 40% 25 216308 4334 70%
c 
c --- [ writing output ] -----------------------------------------------------
c 
c writing simplified CNF to DIMACS file 'simp/22-cubes/30.cubes3566.adj.simp1'
c * 44.84 1505 28 5 336 7636 3545 40% 25 216308 4334 70%
c opening file to write 'simp/22-cubes/30.cubes3566.adj.simp1'
c writing 'p cnf 6160 216308' header
c closing file 'simp/22-cubes/30.cubes3566.adj.simp1'
c after writing 93737372 bytes 89.4 MB
c wrote 216308 clauses in 0.68 seconds process time
c 
c --- [ writing extension ] --------------------------------------------------
c 
c writing extension stack to 'simp/22-cubes/30.cubes3566.adj.ext1'
c opening file to write 'simp/22-cubes/30.cubes3566.adj.ext1'
c closing file 'simp/22-cubes/30.cubes3566.adj.ext1'
c after writing 26699 bytes 0.0 MB
c wrote 1841 witnesses in 0.00 seconds process time
c 
c --- [ result ] -------------------------------------------------------------
c 
s SATISFIABLE
c 
c --- [ run-time profiling ] -------------------------------------------------
c 
c process time taken by individual solving procedures
c (percentage relative to process time for solving)
c 
c        22.27   84.72% search
c        18.56   70.59% parse
c        18.28   69.54% unstable
c         4.02   15.28% simplify
c         3.15   12.00% probe
c         2.59    9.84% stable
c         1.40    5.34% lucky
c         0.05    0.20% ternary
c   =================================
c        26.29   57.74% solve
c 
c last line shows process time for solving
c (percentage relative to total process time)
c 
c --- [ statistics ] ---------------------------------------------------------
c 
c chronological:              1844        24.15 %  of conflicts
c conflicts:                  7636       290.50    per second
c decisions:                 39113      1488.00    per second
c fixed:                      1811        29.40 %  of all variables
c learned:                    7392        96.80 %  per conflict
c learned_lits:            1345351       100.00 %  learned literals
c minimized:                     0         0.00 %  learned literals
c shrunken:                 741538        55.12 %  learned literals
c minishrunken:             133676         9.94 %  learned literals
c propagations:            2007930         0.08 M  per second
c reduced:                    2298        30.09 %  per conflict
c rephased:                      3      2545.33    interval
c restarts:                    336        22.73    interval
c stabilizing:                   2        34.48 %  of conflicts
c substituted:                  15         0.24 %  of all variables
c subsumed:                   1730         0.05 %  of all clauses
c ternary:                    2271         0.40 %  of resolved
c weakened:                     30         2.00    average size
c 
c seconds are measured in process time for solving
c 
c --- [ resources ] ----------------------------------------------------------
c 
c total process time since initialization:        45.52    seconds
c total real time since initialization:           45.56    seconds
c maximum resident set size of process:         1739.99    MB
c 
c --- [ shutting down ] ------------------------------------------------------
c 
c exit 10
++ seq 1 100
+ for i in '$(seq 1 100)'
++ sed 's/.$//'
++ rev
++ cut '-d ' -f1
++ rev
++ tail -n 1
++ grep 'c [*]' log/22-cubes/30.cubes3566.adj.simp1
+ vars_remaining=70
+ ((  vars_remaining < 100 - p  ))
+ tee log/22-cubes/30.cubes3566.adj.simp2
+ ./cadical/build/cadical simp/22-cubes/30.cubes3566.adj.simp1 -o simp/22-cubes/30.cubes3566.adj.simp2 -e simp/22-cubes/30.cubes3566.adj.ext2 -n -c 200000
c --- [ banner ] -------------------------------------------------------------
c 
c CaDiCaL Radically Simplified CDCL SAT Solver
c Copyright (c) 2016-2021 A. Biere, M. Fleury, N. Froleyks
c 
c Version 1.5.2
c g++ (GCC) 9.3.0 -Wall -Wextra -O3 -DNDEBUG
c Tue Feb 8 21:15:15 EST 2022 Linux gra-login1 3.10.0-1160.36.2.el7.x86_64 x86_64
c 
c --- [ limit ] --------------------------------------------------------------
c 
c setting conflict limit to 200000 conflicts (due to '200000')
c 
c --- [ parsing input ] ------------------------------------------------------
c 
c reading DIMACS file from 'simp/22-cubes/30.cubes3566.adj.simp1'
c opening file to read 'simp/22-cubes/30.cubes3566.adj.simp1'
c found 'p cnf 6160 216308' header
c parsed 216308 clauses in 1.11 seconds process time
c closing file 'simp/22-cubes/30.cubes3566.adj.simp1'
c after reading 93737372 bytes 89.4 MB
c 
c --- [ options ] ------------------------------------------------------------
c 
c all options are set to their default value
c 
c --- [ solving ] ------------------------------------------------------------
c 
c time measured in process time since initialization
c 
c  seconds  reductions  redundant  irredundant
c         MB    restarts       trail      variables
c          level   conflicts       glue        remaining
c 
c *  1.11 95  0 0   0    0    0  0% 0 216308 4308 70%
c {  1.22 106  0 0   0    0    0  0% 0 216308 4308 70%
c -  2.04 122 49 1  26  300  254 24% 16 216308 4308 70%
c i  2.26 123 48 1  42  406  310 21% 17 216308 4287 70%
c }  3.67 133 49 1 132 1000  674 18% 23 216308 4287 70%
c [  3.67 133  0 1 132 1000  674  0% 0 216308 4287 70%
c O  3.68 133 19 1 132 1003  675  4% 4 216308 4287 70%
c -  4.10 215 38 2 132 1101  603 23% 14 215538 4287 70%
c -  4.57 210 24 3 133 2302 1215 26% 19 215538 4287 70%
c ]  4.75 210 23 3 133 3000 1716 27% 19 215538 4287 70%
c {  4.75 210 49 3 133 3000 1716 18% 23 215538 4287 70%
c F  4.93 210 49 3 133 3004 1720 16% 23 215538 4287 70%
c -  6.61 205 52 4 235 3902 1750 31% 25 215538 4287 70%
c 2  8.14 205 49 4 274 5001 4459 32% 23 215479 4287 70%
c p  9.03 205 49 4 274 5001 9095 32% 23 215479 4287 70%
c - 10.31 205 45 5 320 5902 2278 33% 22 215477 4285 70%
c # 10.41 205 45 5 328 6005 2370 33% 23 215477 4285 70%
c } 12.20 205 45 5 440 7001 3090 32% 23 215477 4285 70%
c [ 12.20 205 23 5 440 7001 3090 38% 19 215477 4285 70%
c - 12.76 205 21 6 441 8303 2707 38% 17 215477 4285 70%
c 
c  seconds   reductions   redundant   irredundant
c          MB    restarts        trail       variables
c           level    conflicts       glue         remaining
c 
c I 13.25 205 22 6 442 10007 3762 37% 18 215477 4285 70%
c - 14.20 205 27 7 443 11107 3354 37% 20 215477 4285 70%
c s 14.42 206 27 7 444 11300 3461 36% 20 212308 4285 70%
c v 17.32 206 27 7 444 11300 3461 36% 20 212199 4285 70%
c t 17.41 206 27 7 444 11300 3454 36% 20 212092 4285 70%
c e 18.14 218 27 7 444 11300 3281 36% 20 204737 1278 21%
c s 18.23 218 27 7 444 11300 3276 36% 20 204493 1278 21%
c - 20.72 215 29 8 445 14307 4144 62% 23 204493 1278 21%
c ] 20.98 215 30 8 445 15005 4661 62% 23 204493 1278 21%
c { 20.98 215 45 8 445 15005 4661 108% 23 204493 1278 21%
c 3 21.00 215 45 8 445 15005 5250 108% 23 204493 1278 21%
c 2 21.04 215 45 8 445 15005 5275 108% 23 204492 1278 21%
c p 22.22 215 45 8 445 15005 7201 108% 23 204492 1276 21%
c B 22.35 215 45 8 445 15011 7206 108% 23 204492 1276 21%
c - 25.69 215 41 9 595 17847 4818 87% 23 204486 1276 21%
c W 27.66 215 37 9 706 21016 7057 79% 22 204486 1276 21%
c - 27.99 215 36 10 713 21779 4976 78% 22 204486 1276 21%
c } 28.63 215 32 10 713 25005 7198 74% 20 204486 1276 21%
c 1 28.63 215 32 10 713 25005 7198 74% 20 204486 1276 21%
c 
c --- [ writing output ] -----------------------------------------------------
c 
c writing simplified CNF to DIMACS file 'simp/22-cubes/30.cubes3566.adj.simp2'
c * 28.63 215 32 10 713 25005 7198 74% 20 204486 1276 21%
c opening file to write 'simp/22-cubes/30.cubes3566.adj.simp2'
c writing 'p cnf 6160 204486' header
c closing file 'simp/22-cubes/30.cubes3566.adj.simp2'
c after writing 91912312 bytes 87.7 MB
c wrote 204486 clauses in 0.71 seconds process time
c 
c --- [ writing extension ] --------------------------------------------------
c 
c writing extension stack to 'simp/22-cubes/30.cubes3566.adj.ext2'
c opening file to write 'simp/22-cubes/30.cubes3566.adj.ext2'
c closing file 'simp/22-cubes/30.cubes3566.adj.ext2'
c after writing 202737 bytes 0.2 MB
c wrote 8035 witnesses in 0.00 seconds process time
c 
c --- [ result ] -------------------------------------------------------------
c 
s SATISFIABLE
c 
c --- [ run-time profiling ] -------------------------------------------------
c 
c process time taken by individual solving procedures
c (percentage relative to process time for solving)
c 
c        20.77   75.45% search
c        15.12   54.92% unstable
c         6.76   24.55% simplify
c         5.36   19.49% stable
c         2.96   10.77% vivify
c         2.06    7.49% probe
c         1.35    4.91% elim
c         1.11    4.02% parse
c         0.17    0.63% subsume
c         0.17    0.62% walk
c         0.12    0.42% lucky
c         0.07    0.27% ternary
c   =================================
c        27.53   93.79% solve
c 
c last line shows process time for solving
c (percentage relative to total process time)
c 
c --- [ statistics ] ---------------------------------------------------------
c 
c chronological:              5072        20.28 %  of conflicts
c conflicts:                 25005       908.44    per second
c decisions:                 77170      2803.60    per second
c eliminated:                 3007        48.81 %  of all variables
c fixed:                        23         0.37 %  of all variables
c learned:                   24395        97.56 %  per conflict
c learned_lits:            4368486       100.00 %  learned literals
c minimized:                     0         0.00 %  learned literals
c shrunken:                2530024        57.92 %  learned literals
c minishrunken:             405870         9.29 %  learned literals
c propagations:            3703515         0.13 M  per second
c reduced:                   10314        41.25 %  per conflict
c rephased:                      6      4167.50    interval
c restarts:                    713        35.07    interval
c stabilizing:                   2        40.01 %  of conflicts
c substituted:                   2         0.03 %  of all variables
c subsumed:                  11033         2.20 %  of all clauses
c strengthened:               9811         1.95 %  of all clauses
c ternary:                    2638         0.43 %  of resolved
c vivified:                    115         0.02 %  of all clauses
c walked:                        1     25005.00    interval
c weakened:                   8012         3.22    average size
c 
c seconds are measured in process time for solving
c 
c --- [ resources ] ----------------------------------------------------------
c 
c total process time since initialization:        29.35    seconds
c total real time since initialization:           31.08    seconds
c maximum resident set size of process:          328.30    MB
c 
c --- [ shutting down ] ------------------------------------------------------
c 
c exit 10
+ for i in '$(seq 1 100)'
++ sed 's/.$//'
++ rev
++ cut '-d ' -f1
++ rev
++ tail -n 1
++ grep 'c [*]' log/22-cubes/30.cubes3566.adj.simp2
+ vars_remaining=21
+ ((  vars_remaining < 100 - p  ))
+ break
++ cut '-d ' -f3
++ head -n 1 simp/22-cubes/30.cubes3566.adj.simp2
+ numvars=6160
++ cut '-d ' -f4
++ head -n 1 simp/22-cubes/30.cubes3566.adj.simp2
+ numlines=204486
+ extlines_total=0
++ seq 1 2
+ for j in '$(seq 1 "$i")'
++ cut '-d ' -f1
++ wc -l simp/22-cubes/30.cubes3566.adj.ext1
+ extlines_j=1841
+ extlines_total=1841
+ for j in '$(seq 1 "$i")'
++ cut '-d ' -f1
++ wc -l simp/22-cubes/30.cubes3566.adj.ext2
+ extlines_j=8035
+ extlines_total=9876
+ newlines=214362
+ echo 'p cnf 6160 214362'
+ tail simp/22-cubes/30.cubes3566.adj.simp2 -n +2
++ seq 1 2
+ for j in '$(seq 1 "$i")'
+ cat simp/22-cubes/30.cubes3566.adj.ext1
+ for j in '$(seq 1 "$i")'
+ cat simp/22-cubes/30.cubes3566.adj.ext2
+ sed -i 's/ 0.*/ 0/' 22-cubes/30.cubes3566.adj.simp
============================[ Problem Statistics ]=============================
|                                                                             |
|  Number of variables:          6160                                         |
|  Number of clauses:          212516                                         |
|  Parse time:                   1.30 s                                       |
|  Simplification time:          0.04 s                                       |
|                                                                             |
============================[ Search Statistics ]====================================================
| Conflicts |          ORIGINAL         |          LEARNT          | Num Sols |      SUBGRAPHS      |
|           |    Vars  Clauses Literals |    Limit  Clauses Lit/Cl |          | Canonical Noncanon. |
=====================================================================================================
|       101 |    4319   212515 19892118 |     2000      101    103 |        0 |        19         1 |
|       263 |    4319   212527 19892350 |     2000      263    121 |        0 |        30        13 |
|       511 |    4319   212550 19892901 |     2000      511    118 |        0 |        37        36 |
|       882 |    4319   212584 19893901 |     2000      882    105 |        0 |        54        70 |
|      1391 |    4319   212587 19893983 |     2000     1391    103 |        0 |        59        73 |
|      2211 |    4319   212648 19895009 |     3600     1211     61 |        0 |        92       134 |
|      3463 |    4319   212761 19897074 |     3600     2463     78 |        0 |       134       247 |
|      5994 |    4319   213584 19917752 |     5004     3198     53 |        0 |       361      1070 |
|      8777 |    4319   213805 19922845 |     6310     3487     73 |        0 |       486      1291 |
|     12663 |    4319   213847 19924029 |     7559     4222     58 |        0 |       584      1333 |
|     18530 |    4319   213948 19926788 |     8789     6319     68 |        0 |       654      1434 |
|     27260 |    4319   214029 19928492 |    11199     5659     44 |        0 |       743      1515 |
|     40571 |    4319   214366 19935469 |    13605     7176     37 |        0 |       866      1852 |
|     60506 |    4319   214840 19945608 |    16010    12916     63 |        0 |      1090      2326 |
|     90342 |    4319   215484 19957204 |    19610    16952     66 |        0 |      1203      2970 |
|    135780 |    4319   217133 19982202 |    24411    19591     58 |        0 |      1482      4619 |
|    203552 |    4319   219221 20019184 |    30414    20366     65 |        0 |      2172      6707 |
|    302442 |    4319   219585 20028143 |    37612    19054     45 |        0 |      2465      7071 |
|    450966 |    4319   220320 20046512 |    46021    23387     45 |        0 |      2933      7806 |
|    673318 |    4319   220989 20064794 |    55607    44925     73 |        0 |      3398      8475 |
|   1007403 |    4319   222549 20096704 |    68829    40232     55 |        0 |      3942     10035 |
|   1508145 |    4319   224503 20137965 |    84412    46957     53 |        0 |      4416     11989 |
|   2257745 |    4319   225921 20170713 |   102413   100558     80 |        0 |      4947     13407 |
|   3384268 |    4319   230170 20270304 |   126420    89088     71 |        1 |      6748     17655 |
|   5076984 |    4319   239475 20472940 |   155246    99430     61 |        1 |      9916     26960 |
|   7620198 |    4319   257573 20895867 |   190024   148622     67 |        1 |     15323     45058 |
|  11431327 |    4319   281027 21363700 |   233209   161736     60 |        1 |     22078     68512 |
|  17126436 |    4319   294624 21707155 |   286025   158861     43 |        1 |     26972     82109 |
|  25718986 |    4319   364905 23217661 |   349632   345618     72 |        1 |     44903    152390 |
=====================================================================================================
Number of solutions   : 1           
Canonical subgraphs   : 48942          (5 /sec)
          order  3    : 1              (83333 /sec)
          order  4    : 1              (250000 /sec)
          order  5    : 1              (125000 /sec)
          order  6    : 1              (30303 /sec)
          order  7    : 1              (4808 /sec)
          order  8    : 2              (971 /sec)
          order  9    : 6              (273 /sec)
          order 10    : 22             (86 /sec)
          order 11    : 84             (24 /sec)
          order 12    : 345            (6 /sec)
          order 13    : 1529           (3 /sec)
          order 14    : 9032           (4 /sec)
          order 15    : 25409          (6 /sec)
          order 16    : 11972          (7 /sec)
          order 17    : 455            (7 /sec)
          order 18    : 32             (6 /sec)
          order 19    : 16             (5 /sec)
          order 20    : 16             (5 /sec)
          order 21    : 16             (4 /sec)
          order 22    : 1              (1 /sec)
Noncanonical subgraphs: 160720         (366 /sec)
          order  3    : 0              (-nan /sec)
          order  4    : 0              (-nan /sec)
          order  5    : 0              (-nan /sec)
          order  6    : 0              (-nan /sec)
          order  7    : 0              (-nan /sec)
          order  8    : 0              (-nan /sec)
          order  9    : 0              (-nan /sec)
          order 10    : 0              (-nan /sec)
          order 11    : 0              (-nan /sec)
          order 12    : 0              (-nan /sec)
          order 13    : 0              (-nan /sec)
          order 14    : 38429          (3560 /sec)
          order 15    : 78172          (1417 /sec)
          order 16    : 26865          (421 /sec)
          order 17    : 17213          (56 /sec)
          order 18    : 25             (73 /sec)
          order 19    : 1              (16 /sec)
          order 20    : 0              (-nan /sec)
          order 21    : 0              (-nan /sec)
Canonicity checking   : 9717.67 s
database reductions   : 303
restarts              : 38909
conflicts             : 28150119       (1312 /sec)
decisions             : 35107859       (0.00 % random) (1636 /sec)
propagations          : 5679252244     (264635 /sec)
conflict literals     : 3155062521     (57.99 % deleted)
actual reward         : 0.059199
Memory used           : 432.00 MB
CPU time              : 21460.7 s

UNSATISFIABLE
