+ '[' -z 3654 ']'
+ f=constraints_22_11.simp-noncanon.simp
+ c=22-cubes/30.cubes
+ i=3654
+ s=70
+ adj=22-cubes/30.cubes3654.adj
+ cnf=22-cubes/30.cubes3654.cnf
+ ext=22-cubes/30.cubes3654.ext
+ cnfext=22-cubes/30.cubes3654.cnfext
+ unitlines=0
++ sed '3655q;d' 22-cubes/30.cubes
+ for b in '$(sed "$((i+1))q;d" "$c")'
+ [[ a != \a ]]
+ for b in '$(sed "$((i+1))q;d" "$c")'
+ [[ -92 != \a ]]
+ [[ -92 != \0 ]]
+ unitlines=1
+ for b in '$(sed "$((i+1))q;d" "$c")'
+ [[ -137 != \a ]]
+ [[ -137 != \0 ]]
+ unitlines=2
+ for b in '$(sed "$((i+1))q;d" "$c")'
+ [[ 122 != \a ]]
+ [[ 122 != \0 ]]
+ unitlines=3
+ for b in '$(sed "$((i+1))q;d" "$c")'
+ [[ -80 != \a ]]
+ [[ -80 != \0 ]]
+ unitlines=4
+ for b in '$(sed "$((i+1))q;d" "$c")'
+ [[ -58 != \a ]]
+ [[ -58 != \0 ]]
+ unitlines=5
+ for b in '$(sed "$((i+1))q;d" "$c")'
+ [[ -207 != \a ]]
+ [[ -207 != \0 ]]
+ unitlines=6
+ for b in '$(sed "$((i+1))q;d" "$c")'
+ [[ -154 != \a ]]
+ [[ -154 != \0 ]]
+ unitlines=7
+ for b in '$(sed "$((i+1))q;d" "$c")'
+ [[ -27 != \a ]]
+ [[ -27 != \0 ]]
+ unitlines=8
+ for b in '$(sed "$((i+1))q;d" "$c")'
+ [[ -169 != \a ]]
+ [[ -169 != \0 ]]
+ unitlines=9
+ for b in '$(sed "$((i+1))q;d" "$c")'
+ [[ 188 != \a ]]
+ [[ 188 != \0 ]]
+ unitlines=10
+ for b in '$(sed "$((i+1))q;d" "$c")'
+ [[ -33 != \a ]]
+ [[ -33 != \0 ]]
+ unitlines=11
+ for b in '$(sed "$((i+1))q;d" "$c")'
+ [[ -107 != \a ]]
+ [[ -107 != \0 ]]
+ unitlines=12
+ for b in '$(sed "$((i+1))q;d" "$c")'
+ [[ -135 != \a ]]
+ [[ -135 != \0 ]]
+ unitlines=13
+ for b in '$(sed "$((i+1))q;d" "$c")'
+ [[ -134 != \a ]]
+ [[ -134 != \0 ]]
+ unitlines=14
+ for b in '$(sed "$((i+1))q;d" "$c")'
+ [[ -133 != \a ]]
+ [[ -133 != \0 ]]
+ unitlines=15
+ for b in '$(sed "$((i+1))q;d" "$c")'
+ [[ -206 != \a ]]
+ [[ -206 != \0 ]]
+ unitlines=16
+ for b in '$(sed "$((i+1))q;d" "$c")'
+ [[ -171 != \a ]]
+ [[ -171 != \0 ]]
+ unitlines=17
+ for b in '$(sed "$((i+1))q;d" "$c")'
+ [[ 81 != \a ]]
+ [[ 81 != \0 ]]
+ unitlines=18
+ for b in '$(sed "$((i+1))q;d" "$c")'
+ [[ -69 != \a ]]
+ [[ -69 != \0 ]]
+ unitlines=19
+ for b in '$(sed "$((i+1))q;d" "$c")'
+ [[ -186 != \a ]]
+ [[ -186 != \0 ]]
+ unitlines=20
+ for b in '$(sed "$((i+1))q;d" "$c")'
+ [[ -152 != \a ]]
+ [[ -152 != \0 ]]
+ unitlines=21
+ for b in '$(sed "$((i+1))q;d" "$c")'
+ [[ 224 != \a ]]
+ [[ 224 != \0 ]]
+ unitlines=22
+ for b in '$(sed "$((i+1))q;d" "$c")'
+ [[ 0 != \a ]]
+ [[ 0 != \0 ]]
++ cut '-d ' -f3
++ head -n 1 constraints_22_11.simp-noncanon.simp
+ numvars=6160
++ cut '-d ' -f4
++ head -n 1 constraints_22_11.simp-noncanon.simp
+ numlines=1786659
+ newlines=1786681
+ echo 'p cnf 6160 1786681'
+ tail constraints_22_11.simp-noncanon.simp -n +2
++ sed '3655q;d' 22-cubes/30.cubes
+ for b in '$(sed "$((i+1))q;d" "$c")'
+ [[ a != \a ]]
+ for b in '$(sed "$((i+1))q;d" "$c")'
+ [[ -92 != \a ]]
+ [[ -92 != \0 ]]
+ echo '-92 0'
+ for b in '$(sed "$((i+1))q;d" "$c")'
+ [[ -137 != \a ]]
+ [[ -137 != \0 ]]
+ echo '-137 0'
+ for b in '$(sed "$((i+1))q;d" "$c")'
+ [[ 122 != \a ]]
+ [[ 122 != \0 ]]
+ echo '122 0'
+ for b in '$(sed "$((i+1))q;d" "$c")'
+ [[ -80 != \a ]]
+ [[ -80 != \0 ]]
+ echo '-80 0'
+ for b in '$(sed "$((i+1))q;d" "$c")'
+ [[ -58 != \a ]]
+ [[ -58 != \0 ]]
+ echo '-58 0'
+ for b in '$(sed "$((i+1))q;d" "$c")'
+ [[ -207 != \a ]]
+ [[ -207 != \0 ]]
+ echo '-207 0'
+ for b in '$(sed "$((i+1))q;d" "$c")'
+ [[ -154 != \a ]]
+ [[ -154 != \0 ]]
+ echo '-154 0'
+ for b in '$(sed "$((i+1))q;d" "$c")'
+ [[ -27 != \a ]]
+ [[ -27 != \0 ]]
+ echo '-27 0'
+ for b in '$(sed "$((i+1))q;d" "$c")'
+ [[ -169 != \a ]]
+ [[ -169 != \0 ]]
+ echo '-169 0'
+ for b in '$(sed "$((i+1))q;d" "$c")'
+ [[ 188 != \a ]]
+ [[ 188 != \0 ]]
+ echo '188 0'
+ for b in '$(sed "$((i+1))q;d" "$c")'
+ [[ -33 != \a ]]
+ [[ -33 != \0 ]]
+ echo '-33 0'
+ for b in '$(sed "$((i+1))q;d" "$c")'
+ [[ -107 != \a ]]
+ [[ -107 != \0 ]]
+ echo '-107 0'
+ for b in '$(sed "$((i+1))q;d" "$c")'
+ [[ -135 != \a ]]
+ [[ -135 != \0 ]]
+ echo '-135 0'
+ for b in '$(sed "$((i+1))q;d" "$c")'
+ [[ -134 != \a ]]
+ [[ -134 != \0 ]]
+ echo '-134 0'
+ for b in '$(sed "$((i+1))q;d" "$c")'
+ [[ -133 != \a ]]
+ [[ -133 != \0 ]]
+ echo '-133 0'
+ for b in '$(sed "$((i+1))q;d" "$c")'
+ [[ -206 != \a ]]
+ [[ -206 != \0 ]]
+ echo '-206 0'
+ for b in '$(sed "$((i+1))q;d" "$c")'
+ [[ -171 != \a ]]
+ [[ -171 != \0 ]]
+ echo '-171 0'
+ for b in '$(sed "$((i+1))q;d" "$c")'
+ [[ 81 != \a ]]
+ [[ 81 != \0 ]]
+ echo '81 0'
+ for b in '$(sed "$((i+1))q;d" "$c")'
+ [[ -69 != \a ]]
+ [[ -69 != \0 ]]
+ echo '-69 0'
+ for b in '$(sed "$((i+1))q;d" "$c")'
+ [[ -186 != \a ]]
+ [[ -186 != \0 ]]
+ echo '-186 0'
+ for b in '$(sed "$((i+1))q;d" "$c")'
+ [[ -152 != \a ]]
+ [[ -152 != \0 ]]
+ echo '-152 0'
+ for b in '$(sed "$((i+1))q;d" "$c")'
+ [[ 224 != \a ]]
+ [[ 224 != \0 ]]
+ echo '224 0'
+ for b in '$(sed "$((i+1))q;d" "$c")'
+ [[ 0 != \a ]]
+ [[ 0 != \0 ]]
+ ./simplify-by-var-removal.sh 22-cubes/30.cubes3654.adj 70
+ '[' -z 70 ']'
+ f=22-cubes/30.cubes3654.adj
+ p=70
++ echo 22-cubes
+ sub_dir=22-cubes
+ mkdir -p log/22-cubes
+ mkdir -p simp/22-cubes
+ tee log/22-cubes/30.cubes3654.adj.simp1
+ ./cadical/build/cadical 22-cubes/30.cubes3654.adj -o simp/22-cubes/30.cubes3654.adj.simp1 -e simp/22-cubes/30.cubes3654.adj.ext1 -n -c 200000
c --- [ banner ] -------------------------------------------------------------
c 
c CaDiCaL Radically Simplified CDCL SAT Solver
c Copyright (c) 2016-2021 A. Biere, M. Fleury, N. Froleyks
c 
c Version 1.5.2
c g++ (GCC) 9.3.0 -Wall -Wextra -O3 -DNDEBUG
c Tue Feb 8 21:15:15 EST 2022 Linux gra-login1 3.10.0-1160.36.2.el7.x86_64 x86_64
c 
c --- [ limit ] --------------------------------------------------------------
c 
c setting conflict limit to 200000 conflicts (due to '200000')
c 
c --- [ parsing input ] ------------------------------------------------------
c 
c reading DIMACS file from '22-cubes/30.cubes3654.adj'
c opening file to read '22-cubes/30.cubes3654.adj'
c found 'p cnf 6160 1786681' header
c parsed 1786681 clauses in 18.67 seconds process time
c closing file '22-cubes/30.cubes3654.adj'
c after reading 1542541759 bytes 1471.1 MB
c 
c --- [ options ] ------------------------------------------------------------
c 
c all options are set to their default value
c 
c --- [ solving ] ------------------------------------------------------------
c 
c time measured in process time since initialization
c 
c  seconds    reductions  redundant   irredundant
c          MB     restarts       trail       variables
c            level   conflicts       glue         remaining
c 
c * 18.67 1471  0 0   0    0    0  0% 0 1785954 4681 76%
c { 20.69 1547  0 0   0    0    0  0% 0 1785954 4681 76%
c i 24.60 1606 76 0  13  106   92 49% 22 1785954 4680 76%
c i 24.80 1608 73 0  17  125  106 49% 23 1785954 4679 76%
c i 25.00 1608 67 0  22  144  117 48% 23 1785954 4678 76%
c i 26.22 1613 69 0  29  212  160 47% 23 1785954 4661 76%
c i 26.88 1614 84 0  33  274  200 47% 21 1785954 4647 75%
c i 26.97 1614 88 0  33  295  213 48% 23 1785954 4646 75%
c i 27.09 1614 87 0  35  300  217 48% 23 1785954 4629 75%
c - 30.83 1602 87 1  35  300  215 48% 23 375695 4628 75%
c i 31.86 1535 87 1  51  378  279 49% 30 375695 4626 75%
c i 32.23 1535 75 1  67  480  352 50% 28 375695 4625 75%
c i 32.26 1535 75 1  67  481  352 50% 28 375695 4624 75%
c i 32.26 1535 75 1  67  482  352 50% 28 375695 4623 75%
c i 32.44 1535 67 1  68  614  445 52% 27 375695 4622 75%
c i 32.46 1535 66 1  68  622  450 52% 27 375695 4621 75%
c i 32.51 1535 64 1  68  668  483 52% 27 375695 4620 75%
c i 32.56 1535 61 1  68  722  516 52% 26 375695 4619 75%
c i 32.58 1535 60 1  68  736  526 52% 26 375695 4618 75%
c i 32.62 1535 57 1  68  812  584 53% 26 375695 4617 75%
c 
c  seconds    reductions  redundant   irredundant
c          MB     restarts       trail       variables
c            level   conflicts       glue         remaining
c 
c i 33.65 1536 59 1  88  894  658 53% 27 375695 4616 75%
c i 34.71 1536 62 1  94  975  731 53% 27 375695 4615 75%
c } 35.03 1536 62 1  98 1000  754 52% 27 375695 4615 75%
c [ 35.03 1536  0 1  98 1000  754  0% 0 375695 4615 75%
c O 35.04 1536 30 1  98 1003  757 39% 16 375695 4615 75%
c i 35.08 1536 12 1  98 1010  761 34% 6 375695 4417 72%
c i 35.11 1536 10 1  98 1015  765 34% 6 375695 4405 72%
c i 35.49 1537 21 1  98 1064  805 53% 14 375695 4404 71%
c - 36.65 1697 20 2  98 1245  833 56% 16 372781 4404 71%
c i 37.27 1627 21 2  98 1494  968 55% 17 372781 4403 71%
c i 37.31 1627 21 2  98 1544  998 55% 17 372781 4402 71%
c i 37.41 1627 22 2  98 1679 1073 55% 18 372781 4401 71%
c i 37.95 1627 25 2  99 2568 1538 54% 21 372781 4400 71%
c - 38.48 1625 25 3  99 2660 1129 54% 21 372769 4400 71%
c i 38.85 1625 25 3  99 2669 1134 31% 21 372769 4399 71%
c i 38.85 1625 25 3  99 2670 1134 30% 21 372769 4398 71%
c ] 39.18 1625 26 3  99 3000 1348 37% 22 372769 4398 71%
c { 39.18 1625 62 3  99 3000 1348 73% 27 372769 4398 71%
c F 39.26 1625 62 3 100 3005 1353 73% 27 372769 4398 71%
c i 42.29 1625 58 3 141 3502 1733 59% 26 372769 4397 71%
c 
c  seconds    reductions  redundant   irredundant
c          MB     restarts       trail       variables
c            level   conflicts       glue         remaining
c 
c i 42.37 1625 58 3 143 3508 1738 59% 26 372769 4396 71%
c i 42.95 1625 58 3 157 3597 1818 58% 26 372769 4395 71%
c i 43.33 1626 59 3 171 3657 1869 56% 26 372769 4394 71%
c i 43.80 1626 58 3 179 3742 1935 55% 26 372769 4393 71%
c i 44.63 1626 61 3 204 3941 2097 53% 28 372769 4392 71%
c i 44.63 1626 61 3 205 3944 2094 53% 28 372769 4391 71%
c i 44.68 1626 59 3 209 4032 2158 52% 28 372769 4390 71%
c i 45.28 1626 56 3 221 4334 2376 50% 27 372769 4389 71%
c i 45.28 1626 56 3 221 4336 2377 50% 27 372769 4388 71%
c - 45.96 1622 54 4 221 4546 1940 49% 27 372733 4388 71%
c i 46.17 1622 53 4 221 4666 2035 49% 27 372733 4387 71%
c i 46.21 1622 52 4 221 4711 2070 49% 27 372733 4386 71%
c 3 47.06 1622 50 4 221 5001 4104 48% 26 372709 4377 71%
c 2 47.22 1622 50 4 221 5001 4232 48% 26 372637 4376 71%
c p 53.95 1622 50 4 221 5001 7656 48% 26 372637 4323 70%
c # 55.70 1622 45 4 244 6006 8381 45% 25 372637 4323 70%
c - 61.28 1468 46 5 323 6903 2963 43% 25 372397 4323 70%
c } 61.58 1468 47 5 324 7001 3050 42% 25 372397 4323 70%
c [ 61.58 1468 26 5 324 7001 3050 37% 22 372397 4323 70%
c - 65.62 1619 22 6 326 9733 3211 38% 19 372397 4323 70%
c 
c  seconds    reductions   redundant   irredundant
c          MB     restarts        trail       variables
c            level    conflicts       glue         remaining
c 
c I 66.10 1619 22 6 326 10008 3390 38% 18 372397 4323 70%
c - 68.15 1468 26 7 328 13032 3881 37% 22 372397 4323 70%
c ] 69.02 1468 28 7 329 15003 5353 37% 23 372397 4323 70%
c { 69.02 1468 47 7 329 15003 5353 42% 25 372397 4323 70%
c 2 69.12 1468 47 7 330 15003 7314 42% 25 372390 4323 70%
c p 71.60 1468 47 7 330 15003 10899 42% 25 372390 4323 70%
c B 71.86 1468 47 7 331 15010 10906 42% 25 372390 4323 70%
c - 81.17 1468 47 8 471 16802 5093 40% 25 372390 4323 70%
c s 81.53 1468 46 8 472 17154 5270 40% 25 370014 4323 70%
c v 91.02 1468 46 8 472 17154 5270 40% 25 369599 4323 70%
c t 91.24 1468 46 8 472 17154 5261 40% 25 369476 4323 70%
c e 92.72 1468 46 8 472 17154 4440 40% 25 360626 988 16%
c s 92.87 1468 46 8 472 17154 4440 40% 25 360098 988 16%
c W 102.13 1468 40 8 558 21014 7388 68% 23 360098 988 16%
c - 102.28 1468 40 9 558 21048 5341 68% 23 360098 988 16%
c } 102.95 1468 37 9 559 22656 6535 69% 23 360098 988 16%
c 1 102.95 1468 37 9 559 22656 6535 69% 23 360098 988 16%
c 
c --- [ writing output ] -----------------------------------------------------
c 
c writing simplified CNF to DIMACS file 'simp/22-cubes/30.cubes3654.adj.simp1'
c * 102.95 1468 37 9 559 22656 6535 69% 23 360098 988 16%
c opening file to write 'simp/22-cubes/30.cubes3654.adj.simp1'
c writing 'p cnf 6160 360098' header
c closing file 'simp/22-cubes/30.cubes3654.adj.simp1'
c after writing 175748766 bytes 167.6 MB
c wrote 360098 clauses in 1.25 seconds process time
c 
c --- [ writing extension ] --------------------------------------------------
c 
c writing extension stack to 'simp/22-cubes/30.cubes3654.adj.ext1'
c opening file to write 'simp/22-cubes/30.cubes3654.adj.ext1'
c closing file 'simp/22-cubes/30.cubes3654.adj.ext1'
c after writing 267756 bytes 0.3 MB
c wrote 11280 witnesses in 0.00 seconds process time
c 
c --- [ result ] -------------------------------------------------------------
c 
s SATISFIABLE
c 
c --- [ run-time profiling ] -------------------------------------------------
c 
c process time taken by individual solving procedures
c (percentage relative to process time for solving)
c 
c        61.44   72.90% search
c        47.57   56.44% unstable
c        22.84   27.10% simplify
c        18.67   22.15% parse
c        11.59   13.75% stable
c         9.66   11.46% vivify
c         9.21   10.93% probe
c         2.76    3.27% elim
c         2.02    2.40% lucky
c         0.29    0.35% subsume
c         0.26    0.31% walk
c         0.13    0.16% ternary
c   =================================
c        84.28   80.88% solve
c 
c last line shows process time for solving
c (percentage relative to total process time)
c 
c --- [ statistics ] ---------------------------------------------------------
c 
c chronological:              4990        22.03 %  of conflicts
c conflicts:                 22656       268.81    per second
c decisions:                 72738       863.03    per second
c eliminated:                 3335        54.14 %  of all variables
c fixed:                      1827        29.66 %  of all variables
c learned:                   22082        97.47 %  per conflict
c learned_lits:            4092300       100.00 %  learned literals
c minimized:                     0         0.00 %  learned literals
c shrunken:                2335893        57.08 %  learned literals
c minishrunken:             390364         9.54 %  learned literals
c propagations:            4626364         0.05 M  per second
c reduced:                    9126        40.28 %  per conflict
c rephased:                      6      3776.00    interval
c restarts:                    559        40.53    interval
c stabilizing:                   2        44.15 %  of conflicts
c substituted:                  10         0.16 %  of all variables
c subsumed:                   9606         0.26 %  of all clauses
c strengthened:               9117         0.24 %  of all clauses
c ternary:                    3915         0.38 %  of resolved
c vivified:                    420         0.01 %  of all clauses
c walked:                        1     22656.00    interval
c weakened:                   9453         3.25    average size
c 
c seconds are measured in process time for solving
c 
c --- [ resources ] ----------------------------------------------------------
c 
c total process time since initialization:       104.21    seconds
c total real time since initialization:          104.28    seconds
c maximum resident set size of process:         1785.32    MB
c 
c --- [ shutting down ] ------------------------------------------------------
c 
c exit 10
++ seq 1 100
+ for i in '$(seq 1 100)'
++ sed 's/.$//'
++ rev
++ cut '-d ' -f1
++ rev
++ tail -n 1
++ grep 'c [*]' log/22-cubes/30.cubes3654.adj.simp1
+ vars_remaining=16
+ ((  vars_remaining < 100 - p  ))
+ break
++ cut '-d ' -f3
++ head -n 1 simp/22-cubes/30.cubes3654.adj.simp1
+ numvars=6160
++ cut '-d ' -f4
++ head -n 1 simp/22-cubes/30.cubes3654.adj.simp1
+ numlines=360098
+ extlines_total=0
++ seq 1 1
+ for j in '$(seq 1 "$i")'
++ cut '-d ' -f1
++ wc -l simp/22-cubes/30.cubes3654.adj.ext1
+ extlines_j=11280
+ extlines_total=11280
+ newlines=371378
+ echo 'p cnf 6160 371378'
+ tail simp/22-cubes/30.cubes3654.adj.simp1 -n +2
++ seq 1 1
+ for j in '$(seq 1 "$i")'
+ cat simp/22-cubes/30.cubes3654.adj.ext1
+ sed -i 's/ 0.*/ 0/' 22-cubes/30.cubes3654.adj.simp
============================[ Problem Statistics ]=============================
|                                                                             |
|  Number of variables:          6160                                         |
|  Number of clauses:          369551                                         |
|  Parse time:                   2.30 s                                       |
|  Simplification time:          0.06 s                                       |
|                                                                             |
============================[ Search Statistics ]====================================================
| Conflicts |          ORIGINAL         |          LEARNT          | Num Sols |      SUBGRAPHS      |
|           |    Vars  Clauses Literals |    Limit  Clauses Lit/Cl |          | Canonical Noncanon. |
=====================================================================================================
|       108 |    4333   369559 37980932 |     2000      108    124 |        0 |        14         8 |
|       348 |    4333   369649 37982998 |     2000      348     84 |        0 |        85        98 |
|       573 |    4333   369649 37982998 |     2000      573    104 |        0 |        85        98 |
|      1014 |    4333   369753 37985065 |     2000     1014     95 |        0 |       126       202 |
|      1551 |    4333   369784 37985858 |     2000     1551    103 |        0 |       143       233 |
|      2316 |    4333   369790 37986183 |     3600     1316     80 |        0 |       160       239 |
|      3474 |    4333   369809 37986693 |     3600     2474    100 |        0 |       180       258 |
|      5240 |    4333   369867 37988322 |     5000     2440     72 |        0 |       220       316 |
|      7854 |    4333   369919 37989516 |     6304     2558     56 |        0 |       237       368 |
|     11900 |    4333   370121 37993231 |     7552     3452     45 |        0 |       312       570 |
|     18170 |    4333   370625 38002271 |     8779     5949     61 |        0 |       482      1074 |
|     27171 |    4333   370977 38009371 |    11199     5570     36 |        0 |       662      1426 |
|     41583 |    4333   372415 38037148 |    13609     8192     48 |        0 |       942      2864 |
|     61865 |    4333   373236 38051551 |    16013    14278     68 |        0 |      1283      3685 |
|     91491 |    4333   373670 38059517 |    19607    18098     69 |        0 |      1443      4119 |
|    136125 |    4333   374515 38074034 |    24414    19939     73 |        0 |      1687      4964 |
|    202757 |    4333   375463 38092441 |    30413    19570     56 |        0 |      2138      5912 |
|    302376 |    4333   376556 38114456 |    37613    18989     38 |        0 |      2736      7005 |
|    454464 |    4333   380855 38199691 |    46014    26878     57 |        0 |      3896     11304 |
|    695685 |    4333   400393 38585849 |    56812    39497     62 |        0 |      5444     30842 |
|   1033703 |    4333   405886 38672502 |    68811    66514     76 |        0 |      6565     36335 |
|   1534128 |    4333   407523 38711399 |    84413    72941     75 |        0 |      7388     37972 |
|   2285697 |    4333   410910 38790234 |   103623    77320     70 |        0 |      8540     41359 |
|   3413664 |    4333   416603 38925041 |   126440   118504     75 |        0 |     10824     47052 |
|   5113859 |    4333   433387 39311116 |   155216   136275     76 |        0 |     16442     63836 |
|   7662136 |    4333   456548 39792709 |   191220    95556     34 |        1 |     23677     86996 |
|  11547140 |    4314   540452 41464826 |   234411   160951     63 |        8 |     41211    184318 |
|  17268501 |    4314   580301 42285475 |   287229   157930     40 |       24 |     51921    224151 |
|  25828731 |    4300   527667 41131667 |   350822   280553     65 |       26 |     62364    262110 |
=====================================================================================================
Number of solutions   : 30          
Canonical subgraphs   : 67349          (18 /sec)
          order  3    : 1              (200000 /sec)
          order  4    : 1              (500000 /sec)
          order  5    : 1              (250000 /sec)
          order  6    : 1              (55556 /sec)
          order  7    : 1              (8850 /sec)
          order  8    : 2              (1365 /sec)
          order  9    : 7              (354 /sec)
          order 10    : 26             (98 /sec)
          order 11    : 110            (29 /sec)
          order 12    : 565            (14 /sec)
          order 13    : 3830           (14 /sec)
          order 14    : 8605           (26 /sec)
          order 15    : 27962          (19 /sec)
          order 16    : 21640          (16 /sec)
          order 17    : 3699           (19 /sec)
          order 18    : 185            (13 /sec)
          order 19    : 102            (8 /sec)
          order 20    : 162            (8 /sec)
          order 21    : 419            (8 /sec)
          order 22    : 30             (1 /sec)
Noncanonical subgraphs: 269973         (448 /sec)
          order  3    : 0              (-nan /sec)
          order  4    : 0              (-nan /sec)
          order  5    : 0              (-nan /sec)
          order  6    : 0              (-nan /sec)
          order  7    : 0              (-nan /sec)
          order  8    : 0              (-nan /sec)
          order  9    : 0              (-nan /sec)
          order 10    : 0              (-nan /sec)
          order 11    : 0              (-nan /sec)
          order 12    : 0              (-nan /sec)
          order 13    : 0              (-nan /sec)
          order 14    : 104998         (746 /sec)
          order 15    : 71692          (1100 /sec)
          order 16    : 60112          (656 /sec)
          order 17    : 32605          (132 /sec)
          order 18    : 133            (70 /sec)
          order 19    : 40             (37 /sec)
          order 20    : 2              (114 /sec)
          order 21    : 1              (848 /sec)
Canonicity checking   : 4363.92 s
database reductions   : 322
restarts              : 44395
conflicts             : 31720456       (1204 /sec)
decisions             : 38615273       (0.00 % random) (1465 /sec)
propagations          : 6181355253     (234545 /sec)
conflict literals     : 3637985739     (57.27 % deleted)
actual reward         : 0.059887
Memory used           : 666.00 MB
CPU time              : 26354.6 s

UNSATISFIABLE
