c --- [ banner ] -------------------------------------------------------------
c 
c CaDiCaL Radically Simplified CDCL SAT Solver
c Copyright (c) 2016-2021 A. Biere, M. Fleury, N. Froleyks
c 
c Version 1.5.2 ca9bff05c11bde5eae4912f9932871d1527e61d8
c g++ (GCC) 9.3.0 -Wall -Wextra -O3 -DNDEBUG
c Sun May 1 02:23:23 EDT 2022 Linux gra-login1 3.10.0-1160.59.1.el7.x86_64 x86_64
c 
c --- [ limit ] --------------------------------------------------------------
c 
c setting conflict limit to 200000 conflicts (due to '200000')
c 
c --- [ parsing input ] ------------------------------------------------------
c 
c reading DIMACS file from '12.cubes1338.adj'
c opening file to read '12.cubes1338.adj'
c found 'p cnf 5320 924210' header
c parsed 924210 clauses in 8.69 seconds process time
c closing file '12.cubes1338.adj'
c after reading 686668115 bytes 654.9 MB
c 
c --- [ options ] ------------------------------------------------------------
c 
c all options are set to their default value
c 
c --- [ solving ] ------------------------------------------------------------
c 
c time measured in process time since initialization
c 
c  seconds   reductions  redundant  irredundant
c          MB    restarts       trail      variables
c           level   conflicts       glue        remaining
c 
c *  8.69 690  0 0   0    0    0  0% 0 923580 4059 76%
c {  9.46 738  0 0   0    0    0  0% 0 923580 4059 76%
c i  9.60 739 15 0   0    4    3 39% 1 923580 4035 76%
c i 10.13 751 61 0   3   34   28 46% 21 923580 4012 75%
c i 10.21 752 73 0   6   48   36 44% 28 923580 3920 74%
c i 10.27 752 40 0   6   90   54 39% 16 923580 3899 73%
c i 10.39 753 44 0   6  107   65 40% 16 923580 3898 73%
c i 10.51 754 47 0   7  124   81 42% 18 923580 3897 73%
c i 10.54 755 49 0   7  126   81 42% 18 923580 3895 73%
c i 10.71 757 55 0   7  135   88 42% 18 923580 3894 73%
c i 11.26 762 57 0  23  204  145 45% 24 923580 3893 73%
c i 11.27 762 56 0  24  210  148 45% 24 923580 3892 73%
c i 11.29 762 56 0  24  211  148 45% 24 923580 3891 73%
c i 11.30 762 56 0  24  213  149 46% 24 923580 3890 73%
c i 11.31 762 53 0  24  233  165 47% 23 923580 3889 73%
c i 11.32 763 54 0  24  238  169 47% 23 923580 3888 73%
c i 11.32 763 54 0  24  239  169 47% 23 923580 3887 73%
c i 11.32 763 55 0  24  242  171 47% 23 923580 3886 73%
c i 11.36 763 56 0  24  245  173 47% 23 923580 3885 73%
c i 11.38 763 56 0  26  251  178 47% 24 923580 3884 73%
c 
c  seconds   reductions  redundant   irredundant
c          MB    restarts       trail       variables
c           level   conflicts       glue         remaining
c 
c i 11.39 763 56 0  26  253  179 47% 24 923580 3883 73%
c i 11.40 763 56 0  27  254  179 47% 24 923580 3868 73%
c i 11.42 763 56 0  27  255  179 47% 24 923580 3867 73%
c i 11.49 763 56 0  32  278  197 47% 24 923580 3866 73%
c i 11.50 763 56 0  32  279  197 47% 24 923580 3865 73%
c i 11.50 763 56 0  32  280  197 47% 24 923580 3864 73%
c i 11.51 763 56 0  32  283  198 47% 24 923580 3863 73%
c i 11.51 763 56 0  32  285  199 47% 24 923580 3862 73%
c - 13.42 732 58 1  32  301  165 47% 24 178870 3862 73%
c i 13.54 732 61 1  33  320  176 47% 26 178870 3858 73%
c i 13.61 732 63 1  43  360  210 48% 29 178870 3857 72%
c i 13.61 732 62 1  44  364  212 48% 29 178870 3856 72%
c i 13.66 732 63 1  47  375  222 48% 30 178870 3855 72%
c i 13.71 732 64 1  51  389  235 49% 30 178870 3854 72%
c i 13.80 732 63 1  53  402  246 49% 30 178870 3853 72%
c i 13.86 732 65 1  58  417  256 48% 31 178870 3852 72%
c i 13.90 732 65 1  60  425  262 48% 31 178870 3838 72%
c i 13.93 732 65 1  62  434  269 49% 30 178870 3837 72%
c i 14.22 678 68 1  80  502  329 49% 34 178870 3836 72%
c i 14.30 678 69 1  88  526  349 49% 33 178870 3835 72%
c 
c  seconds   reductions  redundant   irredundant
c          MB    restarts       trail       variables
c           level   conflicts       glue         remaining
c 
c i 14.32 678 68 1  88  528  350 49% 33 178870 3834 72%
c i 14.37 678 67 1  88  542  363 49% 32 178870 3833 72%
c i 14.41 678 67 1  88  550  370 49% 32 178870 3832 72%
c i 14.45 678 68 1  88  575  393 49% 33 178870 3831 72%
c i 14.46 678 67 1  88  579  396 49% 32 178870 3830 72%
c i 14.59 678 66 1  88  660  463 50% 32 178870 3829 72%
c i 14.63 678 66 1  88  686  483 50% 32 178870 3828 72%
c i 14.67 678 64 1  88  737  526 50% 31 178870 3827 72%
c i 14.68 678 63 1  88  744  532 50% 31 178870 3826 72%
c i 14.70 678 63 1  88  771  556 51% 31 178870 3825 72%
c i 14.83 678 65 1  91  839  604 51% 31 178870 3824 72%
c i 14.87 678 65 1  94  855  618 51% 32 178870 3823 72%
c i 15.03 678 65 1 105  911  664 51% 32 178870 3822 72%
c i 15.05 678 65 1 106  932  682 51% 32 178870 3821 72%
c i 15.06 678 64 1 106  965  704 51% 31 178870 3820 72%
c i 15.06 678 64 1 106  970  708 51% 31 178870 3819 72%
c i 15.07 678 64 1 106  972  709 51% 31 178870 3818 72%
c } 15.09 678 64 1 106 1000  736 51% 31 178870 3818 72%
c [ 15.09 678  0 1 106 1000  736  0% 0 178870 3818 72%
c O 15.09 678 22 1 106 1002  738 43% 18 178870 3818 72%
c 
c  seconds   reductions  redundant   irredundant
c          MB    restarts       trail       variables
c           level   conflicts       glue         remaining
c 
c i 15.09 678 15 1 106 1003  738 38% 12 178870 3795 71%
c i 15.15 678 13 1 106 1031  764 49% 10 178870 3794 71%
c - 15.42 738 16 2 106 1053  693 52% 12 178273 3794 71%
c i 15.49 738 24 2 106 1212  806 55% 20 178273 3793 71%
c i 15.51 738 24 2 106 1362  902 55% 19 178273 3792 71%
c i 15.51 738 24 2 106 1363  902 55% 19 178273 3791 71%
c i 15.58 738 21 2 106 1638 1062 55% 18 178273 3790 71%
c i 15.60 738 21 2 106 1812 1182 56% 18 178273 3789 71%
c - 15.79 737 19 3 107 2182 1001 56% 16 178258 3789 71%
c i 15.94 737 19 3 107 2437 1151 35% 16 178258 3788 71%
c i 15.97 737 20 3 107 2615 1264 37% 16 178258 3787 71%
c i 15.98 737 19 3 107 2678 1296 37% 16 178258 3786 71%
c i 16.00 737 19 3 107 2762 1333 37% 16 178258 3785 71%
c ] 16.05 737 19 3 107 3000 1447 37% 16 178258 3785 71%
c { 16.05 737 64 3 107 3000 1447 72% 31 178258 3785 71%
c F 16.05 737 64 3 107 3003 1449 71% 31 178258 3785 71%
c - 16.41 737 45 4 107 3684 1449 57% 23 178247 3785 71%
c d 16.94 737 34 4 114 5001 2367 48% 19 115407 3776 71%
c 2 16.98 737 34 4 114 5001 3230 48% 19 115342 3763 71%
c p 17.45 737 34 4 114 5001 7472 48% 19 115342 3726 70%
c 
c  seconds   reductions  redundant   irredundant
c          MB    restarts       trail       variables
c           level   conflicts       glue         remaining
c 
c d 17.55 737 34 4 114 5001 7385 48% 19 115186 3723 70%
c - 17.82 680 31 5 114 5560 2152 46% 18 115186 3723 70%
c # 18.12 680 32 5 149 6008 2463 45% 18 115186 3723 70%
c } 19.26 680 38 5 347 7000 3264 41% 20 115186 3723 70%
c [ 19.26 680 19 5 347 7000 3264 37% 16 115186 3723 70%
c - 19.44 680 20 6 348 7471 2639 36% 16 115186 3723 70%
c - 19.94 680 19 7 349 9703 3062 36% 15 115186 3723 70%
c I 20.03 680 19 7 349 10012 3239 36% 15 115186 3723 70%
c - 20.66 680 22 8 351 12252 3527 35% 18 115186 3723 70%
c ] 21.20 680 25 8 352 15000 5385 34% 21 115186 3723 70%
c { 21.20 680 38 8 352 15000 5385 41% 20 115186 3723 70%
c d 21.25 680 38 8 353 15001 5383 41% 20 115181 3721 70%
c 2 21.28 680 38 8 353 15001 6518 41% 20 115179 3721 70%
c p 21.78 680 38 8 353 15001 11053 41% 20 115179 3717 70%
c B 21.84 680 38 8 356 15016 11063 41% 20 115179 3717 70%
c - 22.10 680 40 9 384 15119 3969 41% 21 115167 3717 70%
c s 22.71 681 40 9 472 15661 4297 40% 21 113027 3717 70%
c v 23.57 681 40 9 472 15661 4297 40% 21 112916 3717 70%
c t 23.60 681 40 9 472 15661 4283 40% 21 112874 3717 70%
c e 23.86 681 40 9 472 15661 4068 40% 21 107581 967 18%
c 
c  seconds   reductions   redundant   irredundant
c          MB    restarts        trail       variables
c           level    conflicts       glue        remaining
c 
c s 23.95 681 40 9 472 15661 4068 40% 21 107482 967 18%
c - 25.61 681 40 10 713 18302 4629 61% 23 107482 967 18%
c W 26.75 681 37 10 821 21018 6677 62% 22 107482 967 18%
c - 27.22 681 38 11 957 21707 5214 62% 23 107482 967 18%
c - 28.01 681 34 12 1043 25420 5314 62% 21 107482 967 18%
c F 28.35 681 31 12 1043 28019 6883 63% 20 107482 967 18%
c - 28.77 681 30 13 1070 29442 5788 63% 19 107482 967 18%
c 2 28.88 681 30 13 1070 30001 6889 63% 19 107478 967 18%
c p 29.38 681 30 13 1070 30001 9773 63% 19 107478 965 18%
c } 29.70 681 29 13 1075 31000 10449 63% 19 107478 965 18%
c [ 29.70 681 25 13 1075 31000 10449 134% 21 107478 965 18%
c - 30.31 681 25 14 1076 33774 6213 116% 20 107472 965 18%
c B 30.73 681 29 14 1078 36021 7980 107% 23 107472 965 18%
c - 31.24 682 32 15 1079 38414 7202 100% 25 107472 965 18%
c s 32.28 682 33 15 1082 42851 10511 92% 26 106976 965 18%
c v 33.06 682 33 15 1082 42851 10511 92% 26 106950 965 18%
c t 33.09 682 33 15 1082 42851 10511 92% 26 106949 965 18%
c e 33.34 683 33 15 1082 42851 10510 92% 26 106945 961 18%
c s 33.48 683 33 15 1082 42851 10508 92% 26 106839 961 18%
c - 33.91 683 33 16 1082 43370 7560 91% 26 106839 961 18%
c 
c  seconds   reductions     redundant   irredundant
c          MB     restarts         trail       variables
c           level      conflicts       glue        remaining
c 
c W 34.48 683 33 16 1082 45024 8701 89% 26 106839 961 18%
c - 35.24 683 32 17 1083 48616 7887 85% 26 106839 961 18%
c p 35.74 683 32 17 1083 50003 12457 84% 26 106839 961 18%
c - 36.66 683 32 18 1083 54172 8451 81% 25 106839 961 18%
c O 36.84 683 31 18 1084 55025 9083 80% 25 106839 961 18%
c - 37.57 683 31 19 1088 60035 8751 78% 25 106839 961 18%
c ] 37.99 683 30 19 1090 63004 10850 76% 25 106839 961 18%
c { 37.99 683 29 19 1090 63004 10850 63% 19 106839 961 18%
c B 38.49 683 28 19 1116 66026 12976 63% 18 106839 961 18%
c - 38.63 683 28 20 1150 66208 8983 63% 19 106839 961 18%
c - 40.00 683 26 21 1294 72689 8674 63% 18 106839 961 18%
c p 40.60 683 25 21 1294 75004 14134 63% 17 106839 961 18%
c W 41.30 683 25 21 1435 78031 15929 63% 17 106839 961 18%
c - 41.79 683 25 22 1548 79482 9698 63% 17 106839 961 18%
c - 43.74 683 24 23 1827 86580 9742 63% 17 106839 961 18%
c # 44.43 683 23 23 1841 91033 12097 63% 16 106839 961 18%
c - 45.03 683 22 24 1853 93992 10169 63% 16 106839 961 18%
c - 47.77 683 22 25 2276 101707 11513 63% 16 106839 961 18%
c p 48.90 683 22 25 2344 105004 17351 63% 16 106839 961 18%
c s 49.13 683 22 25 2344 105004 17346 63% 16 106048 961 18%
c 
c  seconds   reductions       redundant   irredundant
c          MB     restarts           trail       variables
c           level      conflicts         glue        remaining
c 
c v 49.92 683 22 25 2344 105004 17346 63% 16 105988 961 18%
c t 49.96 683 22 25 2344 105004 17333 63% 16 105988 961 18%
c s 50.44 684 22 25 2344 105004 17333 63% 16 105572 961 18%
c B 50.77 684 22 25 2344 105037 17344 63% 16 105572 961 18%
c - 52.19 684 22 26 2695 109731 11962 63% 16 105572 961 18%
c - 53.95 684 21 27 2844 118022 11979 63% 16 105572 961 18%
c W 54.77 684 21 27 2871 120041 13019 63% 15 105572 961 18%
c - 57.31 684 21 28 3503 126620 12782 63% 16 105572 961 18%
c } 57.37 684 21 28 3526 127008 13023 63% 16 105572 961 18%
c [ 57.37 684 30 28 3526 127008 13023 76% 25 105572 961 18%
c - 58.46 684 29 29 3530 135529 12423 74% 23 105572 961 18%
c B 58.53 684 29 29 3531 136043 12708 74% 23 105572 961 18%
c p 59.45 684 29 29 3533 140007 19704 73% 23 105572 961 18%
c - 60.33 684 30 30 3534 144745 13384 72% 24 105572 961 18%
c W 61.90 684 31 30 3535 153046 19179 71% 26 105572 961 18%
c - 62.12 684 31 31 3535 154264 14100 70% 26 105572 961 18%
c - 63.95 684 31 32 3535 164091 14439 69% 26 105572 961 18%
c I 65.02 684 31 32 3538 171048 18807 68% 26 105572 961 18%
c - 65.72 684 32 33 3540 174224 14750 68% 27 105572 961 18%
c p 67.15 684 33 33 3542 180007 22812 67% 27 105572 961 18%
c 
c  seconds   reductions       redundant   irredundant
c          MB     restarts           trail       variables
c           level      conflicts         glue        remaining
c 
c - 68.19 684 33 34 3545 184669 14961 67% 27 105572 961 18%
c B 69.16 684 33 34 3549 190052 18836 67% 28 105572 961 18%
c - 70.16 684 33 35 3550 195416 16403 67% 27 105572 961 18%
c ] 70.93 684 32 35 3550 200000 20164 67% 27 105572 961 18%
c ? 70.93 684 32 35 3550 200000 20164 67% 27 105572 961 18%
c 
c --- [ writing output ] -----------------------------------------------------
c 
c writing simplified CNF to DIMACS file 'simp/12.cubes1338.adj.simp1'
c * 70.93 684 32 35 3550 200000 20164 67% 27 105572 961 18%
c opening file to write 'simp/12.cubes1338.adj.simp1'
c writing 'p cnf 5320 105572' header
c closing file 'simp/12.cubes1338.adj.simp1'
c after writing 37274691 bytes 35.5 MB
c wrote 105572 clauses in 0.30 seconds process time
c 
c --- [ writing extension ] --------------------------------------------------
c 
c writing extension stack to 'simp/12.cubes1338.adj.ext1'
c opening file to write 'simp/12.cubes1338.adj.ext1'
c closing file 'simp/12.cubes1338.adj.ext1'
c after writing 166717 bytes 0.2 MB
c wrote 7524 witnesses in 0.00 seconds process time
c 
c --- [ result ] -------------------------------------------------------------
c 
c UNKNOWN
c 
c --- [ run-time profiling ] -------------------------------------------------
c 
c process time taken by individual solving procedures
c (percentage relative to process time for solving)
c 
c        53.99   86.73% search
c        30.13   48.40% unstable
c        21.84   35.09% stable
c         8.69   13.96% parse
c         8.26   13.27% simplify
c         2.86    4.59% probe
c         2.49    4.00% vivify
c         1.46    2.34% elim
c         1.24    2.00% walk
c         0.88    1.41% subsume
c         0.77    1.24% lucky
c         0.12    0.19% ternary
c   =================================
c        62.25   87.38% solve
c 
c last line shows process time for solving
c (percentage relative to total process time)
c 
c --- [ statistics ] ---------------------------------------------------------
c 
c chronological:             33134        16.57 %  of conflicts
c conflicts:                200000      3213.10    per second
c decisions:                365133      5866.04    per second
c eliminated:                 2754        51.77 %  of all variables
c fixed:                      1591        29.91 %  of all variables
c learned:                  195931        97.97 %  per conflict
c learned_lits:           35725206       100.00 %  learned literals
c minimized:                     0         0.00 %  learned literals
c shrunken:               21320217        59.68 %  learned literals
c minishrunken:            3137058         8.78 %  learned literals
c propagations:           14749804         0.24 M  per second
c reduced:                  115312        57.66 %  per conflict
c rephased:                     19     10526.32    interval
c restarts:                   3550        56.34    interval
c stabilizing:                   4        57.50 %  of conflicts
c substituted:                  14         0.26 %  of all variables
c subsumed:                  64601         2.75 %  of all clauses
c strengthened:              20858         0.89 %  of all clauses
c ternary:                    5587         0.61 %  of resolved
c vivified:                    258         0.01 %  of all clauses
c walked:                        5     40000.00    interval
c weakened:                   5933         3.01    average size
c 
c seconds are measured in process time for solving
c 
c --- [ resources ] ----------------------------------------------------------
c 
c total process time since initialization:        71.24    seconds
c total real time since initialization:           71.32    seconds
c maximum resident set size of process:          796.67    MB
c 
c --- [ shutting down ] ------------------------------------------------------
c 
c exit 0
WARNING! DIMACS header mismatch: wrong number of variables.
============================[ Problem Statistics ]=============================
|                                                                             |
|  Number of variables:          2943                                         |
|  Number of clauses:          105578                                         |
|  Parse time:                   0.50 s                                       |
|  Simplification time:          0.01 s                                       |
|                                                                             |
============================[ Search Statistics ]====================================================
| Conflicts |          ORIGINAL         |          LEARNT          | Num Sols |      SUBGRAPHS      |
|           |    Vars  Clauses Literals |    Limit  Clauses Lit/Cl |          | Canonical Noncanon. |
=====================================================================================================
|       100 |    2860   105578  8336813 |     2000      100     89 |        0 |        18         0 |
|       253 |    2860   105581  8336913 |     2000      253    126 |        0 |        21         3 |
|       503 |    2860   105606  8337504 |     2000      503    111 |        0 |        57        28 |
|       858 |    2860   105624  8337900 |     2000      858    110 |        0 |        71        46 |
|      1391 |    2860   105651  8338987 |     2000     1391    106 |        0 |        97        73 |
|      2170 |    2860   105671  8339368 |     3603     1173     70 |        0 |       121        93 |
|      3319 |    2860   105681  8339643 |     3603     2322     85 |        0 |       138       103 |
|      5167 |    2860   105821  8342454 |     5003     2370     49 |        0 |       234       243 |
|      7780 |    2860   105872  8343576 |     5003     4983     75 |        0 |       310       294 |
|     11867 |    2860   106115  8349495 |     7552     3419     36 |        0 |       393       537 |
|     17748 |    2860   106230  8352141 |     8777     5525     42 |        0 |       500       652 |
|     26743 |    2860   106576  8360249 |    11204     5147     23 |        0 |       660       998 |
|     40266 |    2860   107125  8371282 |    13617     6883     32 |        0 |       776      1547 |
|     60277 |    2860   107675  8381984 |    16011    12688     56 |        0 |       923      2097 |
|     91208 |    2860   109414  8413324 |    19612    17820     49 |        0 |      1296      3836 |
|    135833 |    2860   110250  8429261 |    24410    19643     57 |        0 |      1549      4672 |
|    201981 |    2860   110714  8441372 |    30423    18804     47 |        0 |      1830      5136 |
|    301671 |    2860   111878  8470717 |    37617    18288     30 |        0 |      2324      6300 |
|    454947 |    2860   117365  8553754 |    46022    27369     45 |        0 |      2947     11787 |
|    736321 |    2860   177056  9599942 |    58012    51733     65 |        0 |      6855     71478 |
|   1111437 |    2860   219647 10267927 |    72415    39252     31 |        0 |     10069    114069 |
|   1633069 |    2860   242491 10737537 |    88017    43486     31 |        0 |     14104    136913 |
|   2430730 |    2860   291970 11787690 |   107222    65152     48 |        0 |     19357    186392 |
|   3716176 |    2850   397281 13817518 |   131538    98114     55 |        1 |     36091    349563 |
=====================================================================================================
Number of solutions   : 1
Canonical subgraphs   : 42376          (33 /sec)
          order  3    : 1              (166667 /sec)
          order  4    : 1              (500000 /sec)
          order  5    : 1              (250000 /sec)
          order  6    : 1              (55556 /sec)
          order  7    : 2              (10050 /sec)
          order  8    : 4              (2077 /sec)
          order  9    : 9              (433 /sec)
          order 10    : 33             (112 /sec)
          order 11    : 122            (32 /sec)
          order 12    : 620            (20 /sec)
          order 13    : 3456           (29 /sec)
          order 14    : 32644          (36 /sec)
          order 15    : 5223           (27 /sec)
          order 16    : 244            (23 /sec)
          order 17    : 10             (19 /sec)
          order 18    : 2              (14 /sec)
          order 19    : 1              (18 /sec)
          order 20    : 1              (17 /sec)
          order 21    : 1              (1 /sec)
Noncanonical subgraphs: 521728         (281 /sec)
          order  3    : 0              (-nan /sec)
          order  4    : 0              (-nan /sec)
          order  5    : 0              (-nan /sec)
          order  6    : 0              (-nan /sec)
          order  7    : 0              (-nan /sec)
          order  8    : 0              (-nan /sec)
          order  9    : 0              (-nan /sec)
          order 10    : 0              (-nan /sec)
          order 11    : 0              (-nan /sec)
          order 12    : 0              (-nan /sec)
          order 13    : 8338           (8984 /sec)
          order 14    : 75191          (1731 /sec)
          order 15    : 437453         (242 /sec)
          order 16    : 735            (219 /sec)
          order 17    : 11             (167 /sec)
          order 18    : 0              (-nan /sec)
          order 19    : 0              (-nan /sec)
          order 20    : 0              (-nan /sec)
Canonicity checking   : 1265.79 s
Noncanonicity checking: 1853.47 s
Total canonicity time : 3119.26 s
database reductions   : 120
restarts              : 8187
conflicts             : 4552764        (1133 /sec)
decisions             : 6100935        (0.00 % random) (1518 /sec)
propagations          : 236281491      (58800 /sec)
conflict literals     : 419805675      (55.21 % deleted)
actual reward         : 0.238466
Memory used           : 258.00 MB
CPU time              : 4018.41 s

UNSATISFIABLE
