c --- [ banner ] -------------------------------------------------------------
c 
c CaDiCaL Radically Simplified CDCL SAT Solver
c Copyright (c) 2016-2021 A. Biere, M. Fleury, N. Froleyks
c 
c Version 1.5.2 ca9bff05c11bde5eae4912f9932871d1527e61d8
c g++ (GCC) 9.3.0 -Wall -Wextra -O3 -DNDEBUG
c Sun May 1 02:23:23 EDT 2022 Linux gra-login1 3.10.0-1160.59.1.el7.x86_64 x86_64
c 
c --- [ limit ] --------------------------------------------------------------
c 
c setting conflict limit to 200000 conflicts (due to '200000')
c 
c --- [ parsing input ] ------------------------------------------------------
c 
c reading DIMACS file from '12.cubes1272.adj'
c opening file to read '12.cubes1272.adj'
c found 'p cnf 5320 924210' header
c parsed 924210 clauses in 8.73 seconds process time
c closing file '12.cubes1272.adj'
c after reading 686668115 bytes 654.9 MB
c 
c --- [ options ] ------------------------------------------------------------
c 
c all options are set to their default value
c 
c --- [ solving ] ------------------------------------------------------------
c 
c time measured in process time since initialization
c 
c  seconds   reductions  redundant  irredundant
c          MB    restarts       trail      variables
c           level   conflicts       glue        remaining
c 
c *  8.73 694  0 0   0    0    0  0% 0 923580 4032 76%
c {  9.83 740  0 0   0    0    0  0% 0 923580 4032 76%
c i 10.61 755 77 0   3   34   33 45% 7 923580 4031 76%
c i 10.86 759 78 0   7   49   47 47% 13 923580 4022 76%
c i 11.06 760 73 0  13   79   67 49% 14 923580 4010 75%
c i 11.51 762 52 0  26  205  129 41% 13 923580 4009 75%
c i 11.56 763 54 0  27  211  134 41% 14 923580 4008 75%
c i 11.60 763 56 0  28  216  136 41% 16 923580 4007 75%
c i 11.62 763 59 0  30  224  142 42% 17 923580 4005 75%
c i 11.65 763 63 0  33  235  151 42% 16 923580 4004 75%
c i 11.71 763 63 0  35  241  156 42% 16 923580 4003 75%
c i 11.72 763 64 0  36  242  156 42% 16 923580 4002 75%
c i 11.75 763 63 0  38  253  160 41% 16 923580 4001 75%
c i 11.87 763 67 0  42  272  175 42% 20 923580 4000 75%
c - 14.31 711 71 1  50  302  204 43% 23 158923 4000 75%
c i 14.52 711 67 1  61  353  243 44% 23 158923 3999 75%
c i 14.56 711 67 1  61  357  246 44% 23 158923 3998 75%
c i 14.60 711 69 1  62  363  250 44% 23 158923 3996 75%
c i 14.60 711 69 1  62  365  251 44% 23 158923 3995 75%
c i 14.71 711 75 1  67  385  266 44% 27 158923 3994 75%
c 
c  seconds   reductions  redundant   irredundant
c          MB    restarts       trail       variables
c           level   conflicts       glue         remaining
c 
c i 14.88 711 70 1  75  447  316 44% 25 158923 3993 75%
c i 14.88 711 70 1  75  448  316 44% 25 158923 3992 75%
c i 14.92 711 72 1  75  482  331 44% 25 158923 3989 75%
c i 15.02 711 71 1  87  534  371 45% 26 158923 3988 75%
c i 15.21 711 77 1  98  592  419 46% 29 158923 3987 75%
c i 15.21 711 78 1  99  595  421 46% 29 158923 3986 75%
c i 15.22 711 78 1 100  597  421 46% 29 158923 3984 75%
c i 15.27 711 77 1 107  636  449 46% 28 158923 3983 75%
c i 15.35 711 76 1 109  672  477 46% 28 158923 3982 75%
c i 15.46 711 77 1 111  701  505 46% 29 158923 3981 75%
c i 15.68 712 70 1 122  859  618 48% 27 158923 3980 75%
c i 15.69 712 69 1 122  880  637 48% 27 158923 3979 75%
c i 15.70 712 69 1 122  895  649 48% 27 158923 3977 75%
c i 15.71 712 69 1 122  904  657 48% 27 158923 3976 75%
c i 15.99 712 69 1 138  972  718 48% 28 158923 3969 75%
c } 16.08 712 69 1 143 1007  741 48% 29 158923 3962 74%
c [ 16.08 712  0 1 143 1007  741  0% 0 158923 3962 74%
c O 16.08 712  1 1 143 1008  741 28% 0 158923 3962 74%
c i 16.08 712  0 1 143 1009  741 28% 0 158923 3873 73%
c i 16.13 712  5 1 143 1016  747 36% 3 158923 3872 73%
c 
c  seconds   reductions  redundant   irredundant
c          MB    restarts       trail       variables
c           level   conflicts       glue         remaining
c 
c - 16.41 771 13 2 143 1023  680 45% 12 157422 3872 73%
c i 16.53 771 20 2 143 1303  881 58% 17 157422 3871 73%
c i 16.55 771 20 2 143 1379  934 58% 17 157422 3870 73%
c i 16.56 771 20 2 143 1412  957 58% 17 157422 3869 73%
c i 16.56 771 20 2 143 1415  959 58% 17 157422 3868 73%
c i 16.57 771 20 2 143 1448  983 58% 17 157422 3867 73%
c i 16.57 771 20 2 143 1470  995 58% 17 157422 3866 73%
c i 16.57 771 20 2 143 1471  995 58% 17 157422 3865 73%
c i 16.58 771 20 2 143 1485 1004 58% 17 157422 3864 73%
c i 16.61 771 19 2 143 1623 1093 58% 17 157422 3863 73%
c i 16.65 771 19 2 143 1771 1196 57% 17 157422 3862 73%
c i 16.66 771 19 2 143 1807 1213 57% 17 157422 3861 73%
c i 16.73 771 19 2 144 2083 1375 57% 16 157422 3860 73%
c - 16.88 770 19 3 144 2101 1065 57% 16 157386 3860 73%
c i 17.00 770 19 3 144 2135 1088 38% 16 157386 3859 73%
c i 17.03 770 19 3 144 2256 1171 41% 16 157386 3858 73%
c i 17.16 770 18 3 144 2668 1426 41% 16 157386 3857 72%
c i 17.16 770 18 3 144 2681 1434 41% 16 157386 3856 72%
c i 17.18 770 18 3 144 2733 1465 41% 16 157386 3855 72%
c i 17.23 770 18 3 144 2895 1565 41% 16 157386 3854 72%
c 
c  seconds   reductions  redundant   irredundant
c          MB    restarts       trail       variables
c           level   conflicts       glue         remaining
c 
c ] 17.27 770 19 3 144 3010 1634 40% 16 157386 3854 72%
c { 17.27 770 69 3 144 3010 1634 66% 29 157386 3854 72%
c F 17.27 770 69 3 145 3011 1635 66% 28 157386 3854 72%
c i 17.33 770 67 3 145 3054 1673 65% 28 157386 3853 72%
c i 17.33 770 67 3 145 3055 1673 65% 28 157386 3852 72%
c i 17.36 770 64 3 145 3110 1718 64% 27 157386 3851 72%
c i 17.37 770 63 3 145 3144 1745 63% 27 157386 3850 72%
c i 17.41 770 56 3 145 3323 1866 60% 25 157386 3849 72%
c - 17.58 769 50 4 145 3538 1448 57% 23 157353 3849 72%
c i 17.73 769 41 4 145 4041 1698 53% 20 157353 3848 72%
c i 17.79 769 39 4 145 4192 1811 52% 19 157353 3847 72%
c i 17.84 769 39 4 146 4287 1889 51% 19 157353 3846 72%
c i 17.96 769 39 4 161 4431 2019 50% 20 157353 3804 72%
c i 18.00 769 39 4 164 4456 2033 50% 19 157353 3803 71%
c i 18.12 769 40 4 175 4510 2079 50% 20 157353 3802 71%
c i 18.18 769 39 4 196 4605 2154 49% 20 157353 3801 71%
c i 18.32 769 41 4 211 4690 2219 49% 20 157353 3800 71%
c d 18.78 769 39 4 235 5001 2421 48% 20 156694 3792 71%
c 3 18.80 769 39 4 235 5001 3999 48% 20 156694 3792 71%
c 2 18.83 769 39 4 235 5001 4094 48% 20 156630 3792 71%
c 
c  seconds   reductions   redundant   irredundant
c          MB    restarts        trail       variables
c           level   conflicts        glue         remaining
c 
c p 20.03 769 39 4 235 5001 10005 48% 20 156630 3695 69%
c d 20.21 769 39 4 235 5001 9393 48% 20 123764 3692 69%
c d 20.27 769 39 4 235 5001 9391 48% 20 123760 3690 69%
c - 20.56 712 37 5 235 5337 1965 47% 19 123760 3690 69%
c # 20.77 712 33 5 235 6012 2417 45% 18 123760 3690 69%
c } 21.37 712 30 5 235 7010 3139 43% 17 123760 3690 69%
c [ 21.37 712 19 5 235 7010 3139 40% 16 123760 3690 69%
c - 21.47 712 19 6 236 7304 2367 40% 16 123760 3690 69%
c - 22.48 713 21 7 237 9600 2760 37% 17 123760 3690 69%
c I 22.89 713 20 7 237 10013 3011 37% 17 123760 3690 69%
c - 23.96 713 21 8 239 12222 3076 37% 18 123760 3690 69%
c 2 24.74 713 25 8 240 15002 6842 37% 21 123752 3690 69%
c p 25.28 713 25 8 240 15002 11968 37% 21 123752 3690 69%
c ] 25.32 713 25 8 240 15010 11975 37% 21 123752 3690 69%
c { 25.32 713 30 8 240 15010 11975 43% 17 123752 3690 69%
c B 25.33 713 30 8 240 15015 11980 43% 17 123752 3690 69%
c - 25.59 713 30 9 266 15171 3579 43% 18 123752 3690 69%
c s 26.42 713 33 9 358 15683 3902 42% 19 121888 3690 69%
c v 27.53 713 33 9 358 15683 3902 42% 19 121790 3690 69%
c t 27.57 713 33 9 358 15683 3886 42% 19 121710 3690 69%
c 
c  seconds   reductions   redundant   irredundant
c          MB    restarts        trail       variables
c           level    conflicts       glue        remaining
c 
c e 27.88 714 33 9 358 15683 3486 42% 19 116328 892 17%
c s 27.97 714 33 9 358 15683 3486 42% 19 115887 892 17%
c - 29.55 714 30 10 481 18451 3844 64% 18 115887 892 17%
c W 30.95 714 29 10 647 21016 5768 64% 19 115887 892 17%
c - 31.19 719 28 11 648 21962 4429 64% 18 115887 892 17%
c - 33.03 719 28 12 842 25794 5242 64% 18 115887 892 17%
c F 34.94 719 28 12 1039 28018 6877 64% 19 115887 892 17%
c i 35.35 719 28 12 1087 28290 7112 64% 19 115887 891 17%
c - 36.47 719 28 13 1192 29944 5926 65% 19 115884 891 17%
c 3 36.54 719 28 13 1206 30005 6567 65% 19 115884 891 17%
c p 37.42 719 28 13 1206 30005 8937 65% 19 115884 890 17%
c } 38.22 719 28 13 1298 31010 9620 64% 19 115884 890 17%
c [ 38.22 719 25 13 1298 31010 9620 161% 21 115884 890 17%
c - 39.06 719 30 14 1299 34416 6563 134% 25 115881 890 17%
c B 39.45 719 31 14 1301 36020 7797 126% 26 115881 890 17%
c - 40.16 719 32 15 1303 39204 7025 114% 27 115881 890 17%
c s 41.19 719 31 15 1305 43770 10362 103% 26 115417 890 17%
c v 42.45 719 31 15 1305 43770 10362 103% 26 115403 890 17%
c e 42.80 720 31 15 1305 43770 10347 103% 26 115402 889 17%
c s 42.93 720 31 15 1305 43770 10347 103% 26 115031 889 17%
c 
c  seconds   reductions     redundant    irredundant
c          MB     restarts         trail        variables
c           level      conflicts        glue        remaining
c 
c - 43.44 721 31 16 1305 44312 7284 102% 26 115031 889 17%
c W 43.94 721 31 16 1305 45023 7841 101% 27 115031 889 17%
c - 44.71 721 31 17 1306 49723 7514 94% 26 115031 889 17%
c p 45.37 721 31 17 1306 50006 10865 94% 26 115031 888 17%
c O 46.24 721 30 17 1307 55024 14352 89% 26 115031 888 17%
c - 46.41 721 30 18 1308 55451 7950 89% 26 115028 888 17%
c - 47.42 721 28 19 1312 61497 7254 84% 24 115028 888 17%
c ] 47.69 721 28 19 1313 63010 8130 84% 24 115028 888 17%
c { 47.69 721 28 19 1313 63010 8130 64% 19 115028 888 17%
c B 48.80 721 28 19 1467 66028 10186 65% 19 115028 888 17%
c - 50.57 721 29 20 1702 67863 8453 64% 19 115028 888 17%
c - 52.12 721 26 21 1804 74546 9113 65% 19 115028 888 17%
c p 52.73 721 26 21 1804 75006 12909 65% 18 115028 888 17%
c W 53.60 721 25 21 1819 78030 14940 65% 18 115028 888 17%
c - 54.54 721 25 22 1997 81548 9982 65% 18 115028 888 17%
c s 56.24 721 24 22 2087 85866 12682 65% 17 114593 888 17%
c v 56.99 721 24 22 2087 85866 12682 65% 17 114569 888 17%
c w 57.05 721 24 22 2087 85866 12681 65% 17 114569 888 17%
c t 57.05 721 24 22 2087 85866 12679 65% 17 114569 888 17%
c e 57.35 721 24 22 2087 85866 12679 65% 17 114566 885 17%
c 
c  seconds   reductions      redundant   irredundant
c          MB     restarts          trail       variables
c           level      conflicts        glue        remaining
c 
c s 57.53 721 24 22 2087 85866 12679 65% 17 114209 885 17%
c - 58.82 721 23 23 2104 88868 9918 65% 17 114209 885 17%
c # 59.31 721 23 23 2132 91031 11280 65% 17 114209 885 17%
c - 61.79 721 23 24 2474 96484 10739 65% 17 114209 885 17%
c - 63.12 721 22 25 2633 104416 10414 65% 17 114209 885 17%
c p 63.70 721 22 25 2636 105006 14109 65% 17 114209 885 17%
c B 63.79 721 22 25 2636 105032 14127 65% 17 114209 885 17%
c - 66.39 721 22 26 2903 112667 11358 65% 16 114209 885 17%
c W 68.79 721 21 26 2970 120033 15880 65% 16 114209 885 17%
c - 69.13 721 21 27 2973 121235 11475 65% 16 114209 885 17%
c } 70.74 721 20 27 3054 127014 14591 65% 16 114209 885 17%
c [ 70.74 721 28 27 3054 127014 14591 84% 24 114209 885 17%
c - 71.84 721 27 28 3054 130121 11324 82% 23 114209 885 17%
c B 73.97 721 26 28 3058 136034 14740 80% 23 114209 885 17%
c - 74.75 721 26 29 3061 139322 12442 79% 22 114209 885 17%
c p 75.38 721 26 29 3061 140006 16321 79% 22 114209 885 17%
c - 78.17 721 26 30 3062 148841 13356 77% 23 114209 885 17%
c W 79.43 721 27 30 3063 153036 16357 76% 23 114209 885 17%
c - 80.85 721 27 31 3063 158677 13679 75% 23 114209 885 17%
c - 83.22 721 27 32 3064 168830 14305 74% 24 114209 885 17%
c 
c  seconds   reductions       redundant   irredundant
c          MB     restarts           trail       variables
c           level      conflicts         glue        remaining
c 
c I 83.68 721 28 32 3066 171039 15904 74% 24 114209 885 17%
c - 89.16 721 26 33 3070 179307 13956 72% 23 114209 885 17%
c p 89.80 721 26 33 3070 180008 17920 72% 23 114209 885 17%
c B 91.65 721 26 33 3077 190040 24136 71% 23 114209 885 17%
c - 91.74 721 26 34 3077 190098 13942 71% 23 114209 885 17%
c ] 94.10 721 27 34 3078 200000 21040 71% 23 114209 885 17%
c ? 94.10 721 27 34 3078 200000 21040 71% 23 114209 885 17%
c 
c --- [ writing output ] -----------------------------------------------------
c 
c writing simplified CNF to DIMACS file 'simp/12.cubes1272.adj.simp1'
c * 94.10 721 27 34 3078 200000 21040 71% 23 114209 885 17%
c opening file to write 'simp/12.cubes1272.adj.simp1'
c writing 'p cnf 5320 114209' header
c closing file 'simp/12.cubes1272.adj.simp1'
c after writing 43593036 bytes 41.6 MB
c wrote 114209 clauses in 0.35 seconds process time
c 
c --- [ writing extension ] --------------------------------------------------
c 
c writing extension stack to 'simp/12.cubes1272.adj.ext1'
c opening file to write 'simp/12.cubes1272.adj.ext1'
c closing file 'simp/12.cubes1272.adj.ext1'
c after writing 167367 bytes 0.2 MB
c wrote 7556 witnesses in 0.00 seconds process time
c 
c --- [ result ] -------------------------------------------------------------
c 
c UNKNOWN
c 
c --- [ run-time profiling ] -------------------------------------------------
c 
c process time taken by individual solving procedures
c (percentage relative to process time for solving)
c 
c        73.74   86.37% search
c        38.17   44.71% unstable
c        33.09   38.76% stable
c        11.64   13.63% simplify
c         8.73   10.22% parse
c         5.12    6.00% probe
c         3.22    3.77% vivify
c         1.76    2.06% elim
c         1.37    1.60% walk
c         1.10    1.29% lucky
c         0.78    0.91% subsume
c         0.13    0.15% ternary
c   =================================
c        85.37   90.39% solve
c 
c last line shows process time for solving
c (percentage relative to total process time)
c 
c --- [ statistics ] ---------------------------------------------------------
c 
c chronological:             31224        15.61 %  of conflicts
c conflicts:                200000      2342.69    per second
c decisions:                339062      3971.59    per second
c eliminated:                 2802        52.67 %  of all variables
c fixed:                      1620        30.45 %  of all variables
c learned:                  195970        97.98 %  per conflict
c learned_lits:           34916102       100.00 %  learned literals
c minimized:                     0         0.00 %  learned literals
c shrunken:               22209808        63.61 %  learned literals
c minishrunken:            2613309         7.48 %  learned literals
c propagations:           13636694         0.16 M  per second
c reduced:                  111665        55.83 %  per conflict
c rephased:                     19     10526.32    interval
c restarts:                   3078        64.98    interval
c stabilizing:                   4        57.49 %  of conflicts
c substituted:                  13         0.24 %  of all variables
c subsumed:                  67263         2.84 %  of all clauses
c strengthened:              14226         0.60 %  of all clauses
c ternary:                    6844         0.59 %  of resolved
c vivified:                    189         0.01 %  of all clauses
c walked:                        5     40000.00    interval
c weakened:                   5936         3.00    average size
c 
c seconds are measured in process time for solving
c 
c --- [ resources ] ----------------------------------------------------------
c 
c total process time since initialization:        94.45    seconds
c total real time since initialization:           94.53    seconds
c maximum resident set size of process:          829.00    MB
c 
c --- [ shutting down ] ------------------------------------------------------
c 
c exit 0
WARNING! DIMACS header mismatch: wrong number of variables.
============================[ Problem Statistics ]=============================
|                                                                             |
|  Number of variables:          2942                                         |
|  Number of clauses:          114211                                         |
|  Parse time:                   0.63 s                                       |
|  Simplification time:          0.01 s                                       |
|                                                                             |
============================[ Search Statistics ]====================================================
| Conflicts |          ORIGINAL         |          LEARNT          | Num Sols |      SUBGRAPHS      |
|           |    Vars  Clauses Literals |    Limit  Clauses Lit/Cl |          | Canonical Noncanon. |
=====================================================================================================
|       101 |    2857   114212  9712930 |     2000      101    211 |        0 |        11         1 |
|       256 |    2857   114217  9713311 |     2000      256    130 |        0 |        35         6 |
|       482 |    2857   114218  9713409 |     2000      482    126 |        0 |        35         7 |
|       830 |    2857   114229  9713762 |     2000      830    113 |        0 |        44        18 |
|      1353 |    2857   114246  9714034 |     2000     1353    102 |        0 |        52        35 |
|      2126 |    2857   114260  9714254 |     3602     1128     78 |        0 |        75        49 |
|      3292 |    2857   114287  9715188 |     3602     2294     97 |        0 |        86        76 |
|      5072 |    2857   114359  9716572 |     5001     2273     70 |        0 |       151       148 |
|      7712 |    2857   114437  9718818 |     5001     4913     89 |        0 |       178       226 |
|     11596 |    2857   114477  9719721 |     6303     6299     86 |        0 |       192       266 |
|     17408 |    2857   114523  9720733 |     8778     5186     64 |        0 |       198       312 |
|     26199 |    2857   114665  9724183 |     9991     9590     75 |        0 |       314       454 |
|     39349 |    2857   114841  9728927 |    12408    12157     73 |        0 |       462       630 |
|     59670 |    2857   115701  9743286 |    16006    12076     59 |        0 |       695      1490 |
|     89565 |    2857   116404  9755176 |    19612    16177     60 |        0 |       970      2193 |
|    133881 |    2857   116931  9766819 |    24407    17688     51 |        0 |      1228      2720 |
|    200773 |    2857   118139  9790125 |    30410    17583     46 |        0 |      1694      3928 |
|    301446 |    2857   120286  9829654 |    36409    36255     66 |        0 |      2746      6075 |
|    452896 |    2857   123947  9892566 |    46014    25310     46 |        0 |      4349      9736 |
|    677773 |    2857   127141  9957979 |    55614    49387     75 |        0 |      5902     12930 |
|   1012916 |    2857   129759 10007061 |    68819    45735     59 |        0 |      7336     15548 |
|   1527448 |    2857   145503 10287434 |    84412    66260     67 |        0 |     12116     31292 |
|   2283637 |    2857   153510 10459118 |   103615    75252     56 |        0 |     15046     39299 |
|   3449717 |    2857   197316 11311028 |   127625    91342     54 |        0 |     22938     83105 |
|   5151610 |    2857   215798 11589402 |   156435    96445     44 |        1 |     27314    101586 |
=====================================================================================================
Number of solutions   : 6
Canonical subgraphs   : 37788          (29 /sec)
          order  3    : 1              (200000 /sec)
          order  4    : 1              (500000 /sec)
          order  5    : 1              (200000 /sec)
          order  6    : 1              (52632 /sec)
          order  7    : 2              (10050 /sec)
          order  8    : 4              (2076 /sec)
          order  9    : 9              (441 /sec)
          order 10    : 27             (104 /sec)
          order 11    : 128            (34 /sec)
          order 12    : 612            (23 /sec)
          order 13    : 3162           (31 /sec)
          order 14    : 14658          (29 /sec)
          order 15    : 18227          (30 /sec)
          order 16    : 894            (23 /sec)
          order 17    : 36             (17 /sec)
          order 18    : 6              (18 /sec)
          order 19    : 6              (16 /sec)
          order 20    : 7              (16 /sec)
          order 21    : 6              (2 /sec)
Noncanonical subgraphs: 138252         (797 /sec)
          order  3    : 0              (-nan /sec)
          order  4    : 0              (-nan /sec)
          order  5    : 0              (-nan /sec)
          order  6    : 0              (-nan /sec)
          order  7    : 0              (-nan /sec)
          order  8    : 0              (-nan /sec)
          order  9    : 0              (-nan /sec)
          order 10    : 0              (-nan /sec)
          order 11    : 0              (-nan /sec)
          order 12    : 0              (-nan /sec)
          order 13    : 9106           (9054 /sec)
          order 14    : 85249          (1362 /sec)
          order 15    : 25951          (1331 /sec)
          order 16    : 17917          (199 /sec)
          order 17    : 28             (123 /sec)
          order 18    : 0              (-nan /sec)
          order 19    : 0              (-nan /sec)
          order 20    : 0              (-nan /sec)
Canonicity checking   : 1283.72 s
Noncanonicity checking: 173.464 s
Total canonicity time : 1457.18 s
database reductions   : 149
restarts              : 11261
conflicts             : 6972025        (2152 /sec)
decisions             : 8526798        (0.00 % random) (2631 /sec)
propagations          : 326747368      (100835 /sec)
conflict literals     : 672666580      (56.07 % deleted)
actual reward         : 0.253717
Memory used           : 250.00 MB
CPU time              : 3240.41 s

UNSATISFIABLE
