c --- [ banner ] -------------------------------------------------------------
c 
c CaDiCaL Radically Simplified CDCL SAT Solver
c Copyright (c) 2016-2021 A. Biere, M. Fleury, N. Froleyks
c 
c Version 1.5.2 ca9bff05c11bde5eae4912f9932871d1527e61d8
c g++ (GCC) 9.3.0 -Wall -Wextra -O3 -DNDEBUG
c Sun May 1 02:23:23 EDT 2022 Linux gra-login1 3.10.0-1160.59.1.el7.x86_64 x86_64
c 
c --- [ limit ] --------------------------------------------------------------
c 
c setting conflict limit to 200000 conflicts (due to '200000')
c 
c --- [ parsing input ] ------------------------------------------------------
c 
c reading DIMACS file from '12.cubes1106.adj'
c opening file to read '12.cubes1106.adj'
c found 'p cnf 5320 924209' header
c parsed 924209 clauses in 8.77 seconds process time
c closing file '12.cubes1106.adj'
c after reading 686668106 bytes 654.9 MB
c 
c --- [ options ] ------------------------------------------------------------
c 
c all options are set to their default value
c 
c --- [ solving ] ------------------------------------------------------------
c 
c time measured in process time since initialization
c 
c  seconds   reductions  redundant  irredundant
c          MB    restarts       trail      variables
c           level   conflicts       glue        remaining
c 
c *  8.78 686  0 0   0    0    0  0% 0 923580 4107 77%
c {  9.30 711  0 0   0    0    0  0% 0 923580 4107 77%
c i 10.26 746 45 0   0   51   42 46% 6 923580 4097 77%
c i 10.83 753 31 0  14  156   72 42% 8 923580 4075 77%
c i 11.37 760 32 0  18  168   80 43% 9 923580 4074 77%
c i 11.37 760 32 0  18  169   80 43% 9 923580 4073 77%
c i 11.38 760 32 0  18  170   80 43% 9 923580 4072 77%
c i 11.71 764 34 0  24  191   97 43% 9 923580 4058 76%
c i 11.88 765 35 0  33  240   99 43% 9 923580 4055 76%
c i 12.05 766 36 0  34  246  103 43% 9 923580 4053 76%
c i 12.37 769 39 0  39  265  117 44% 11 923580 4052 76%
c i 12.38 769 38 0  41  271  118 44% 11 923580 4051 76%
c i 12.38 769 38 0  41  272  118 44% 11 923580 4050 76%
c i 12.43 770 39 0  42  276  121 44% 11 923580 4049 76%
c - 14.88 759 44 1  48  300  140 44% 13 252432 4049 76%
c i 14.97 696 44 1  49  305  142 44% 13 252432 4048 76%
c i 14.99 696 45 1  50  309  145 44% 13 252432 4047 76%
c i 15.04 696 45 1  51  312  147 44% 13 252432 4046 76%
c i 15.11 696 45 1  53  318  152 44% 13 252432 4045 76%
c i 15.19 696 39 1  77  403  166 43% 14 252432 4044 76%
c 
c  seconds   reductions  redundant   irredundant
c          MB    restarts       trail       variables
c           level   conflicts       glue         remaining
c 
c } 15.25 696 23 1  83 1001  202 39% 13 252432 4044 76%
c [ 15.25 696  0 1  83 1001  202  0% 0 252432 4044 76%
c O 15.25 696  0 1  83 1002  202 24% 0 252432 4044 76%
c i 15.25 696  0 1  83 1002  202 24% 0 252432 4029 76%
c i 15.25 696  0 1  83 1003  202 27% 0 252432 4015 75%
c i 15.25 696  0 1  83 1004  202 27% 0 252432 3984 75%
c i 15.26 696  1 1  83 1006  203 29% 1 252432 3970 75%
c i 15.57 697  9 1  83 1089  246 48% 8 252432 3969 75%
c i 15.58 697  9 1  83 1090  246 48% 8 252432 3968 75%
c i 15.58 697 10 1  83 1094  249 48% 8 252432 3967 75%
c i 15.60 697 10 1  83 1101  251 49% 9 252432 3966 75%
c i 15.60 697 10 1  83 1103  252 49% 9 252432 3965 75%
c i 15.62 697 10 1  83 1106  251 49% 9 252432 3964 75%
c i 15.62 697 10 1  83 1108  252 49% 9 252432 3963 74%
c i 15.63 697 10 1  83 1113  256 49% 9 252432 3962 74%
c i 15.63 697 10 1  83 1114  256 49% 9 252432 3961 74%
c i 15.64 697 10 1  83 1118  258 50% 9 252432 3960 74%
c i 15.65 697 10 1  83 1127  265 50% 9 252432 3959 74%
c i 15.66 697 11 1  83 1136  270 51% 9 252432 3958 74%
c i 15.66 697 11 1  83 1139  269 51% 9 252432 3957 74%
c 
c  seconds   reductions  redundant  irredundant
c          MB    restarts       trail      variables
c           level   conflicts       glue        remaining
c 
c i 15.66 697 11 1  83 1140  269 51% 9 252432 3956 74%
c - 16.10 800 11 2  83 1141  213 51% 9 251307 3956 74%
c i 16.23 800 11 2  83 1175  235 51% 10 251307 3955 74%
c i 16.28 800 12 2  83 1217  261 52% 10 251307 3954 74%
c i 16.28 800 12 2  83 1218  261 52% 10 251307 3953 74%
c i 16.28 800 12 2  83 1226  267 52% 10 251307 3952 74%
c i 16.34 800 12 2  83 1319  309 53% 11 251307 3951 74%
c i 16.34 800 12 2  83 1321  310 53% 11 251307 3950 74%
c i 16.35 800 12 2  83 1353  321 53% 11 251307 3949 74%
c i 16.38 800 12 2  83 1378  329 53% 11 251307 3948 74%
c i 16.38 800 12 2  83 1380  330 53% 11 251307 3947 74%
c i 16.38 800 12 2  83 1381  330 53% 11 251307 3946 74%
c i 16.38 800 12 2  83 1383  328 53% 11 251307 3945 74%
c i 16.39 800 12 2  83 1387  331 53% 11 251307 3944 74%
c i 16.42 800 12 2  83 1455  358 54% 11 251307 3943 74%
c i 16.42 800 12 2  83 1456  358 54% 11 251307 3942 74%
c i 16.46 800 13 2  83 1551  402 54% 11 251307 3941 74%
c i 16.54 800 14 2  83 1747  511 55% 12 251307 3940 74%
c i 16.55 800 14 2  83 1754  516 55% 12 251307 3939 74%
c i 16.56 800 14 2  83 1781  530 55% 12 251307 3938 74%
c 
c  seconds   reductions  redundant   irredundant
c          MB    restarts       trail       variables
c           level   conflicts       glue         remaining
c 
c i 16.56 800 14 2  83 1782  530 55% 12 251307 3937 74%
c i 16.56 800 14 2  83 1785  531 55% 12 251307 3936 74%
c i 16.56 800 14 2  83 1787  532 55% 12 251307 3935 74%
c i 16.56 800 14 2  83 1795  533 55% 12 251307 3934 74%
c i 16.60 800 14 2  83 1886  579 55% 12 251307 3933 74%
c i 16.60 800 14 2  83 1887  579 55% 12 251307 3932 74%
c i 16.60 800 14 2  83 1899  582 55% 12 251307 3931 74%
c i 16.61 800 14 2  83 1921  593 55% 12 251307 3930 74%
c i 16.68 799 13 2  84 2062  640 55% 12 251307 3929 74%
c i 16.76 799 14 2  84 2187  699 55% 12 251307 3928 74%
c - 17.12 794 14 3  84 2402  735 55% 12 251223 3928 74%
c i 17.35 794 13 3  84 2424  753 40% 12 251223 3927 74%
c i 17.41 794 13 3  84 2486  771 39% 12 251223 3926 74%
c i 17.60 794 13 3  84 2774  889 37% 11 251223 3925 74%
c i 17.64 794 13 3  84 2868  925 37% 11 251223 3924 74%
c ] 17.76 794 13 3  84 3001 1007 37% 11 251223 3924 74%
c { 17.76 794 23 3  84 3001 1007 53% 13 251223 3924 74%
c F 17.77 794 23 3  84 3005 1007 53% 13 251223 3924 74%
c i 17.93 794 17 3  84 3542 1059 40% 11 251223 3886 73%
c - 18.20 792 15 4  84 4083  706 34% 10 250695 3885 73%
c 
c  seconds   reductions  redundant   irredundant
c          MB    restarts       trail       variables
c           level   conflicts       glue         remaining
c 
c i 18.21 792 14 4  84 4202  711 33% 10 250695 3870 73%
c i 18.39 792 15 4  84 4265  748 33% 10 250695 3869 73%
c i 18.50 792 14 4  91 4416  820 33% 10 250695 3868 73%
c i 18.51 792 14 4  92 4418  820 33% 10 250695 3867 73%
c i 18.51 792 14 4  92 4419  820 33% 10 250695 3866 73%
c i 18.51 792 14 4  94 4423  818 33% 10 250695 3865 73%
c i 18.64 792 14 4 105 4499  862 33% 10 250695 3864 73%
c i 18.80 792 14 4 117 4738  910 32% 10 250695 3863 73%
c i 18.87 792 14 4 117 4771  927 32% 10 250695 3862 73%
c i 18.87 792 14 4 117 4774  927 32% 10 250695 3861 73%
c i 18.90 792 14 4 117 4807  949 33% 10 250695 3860 73%
c i 18.93 792 14 4 117 4840  965 33% 10 250695 3859 73%
c i 18.96 792 14 4 117 4909  998 33% 10 250695 3858 73%
c i 18.97 792 14 4 117 4913 1001 33% 10 250695 3857 72%
c i 18.98 792 14 4 118 4930 1008 33% 10 250695 3856 72%
c i 18.99 792 14 4 121 4945 1020 33% 10 250695 3855 72%
c i 19.00 792 14 4 129 4971 1040 33% 10 250695 3854 72%
c i 19.01 792 14 4 130 4979 1043 33% 10 250695 3853 72%
c d 19.40 792 14 4 135 5000  946 33% 10 227777 3820 72%
c d 19.46 792 14 4 135 5000  946 33% 10 227769 3818 72%
c 
c  seconds   reductions  redundant   irredundant
c          MB    restarts       trail       variables
c           level   conflicts       glue         remaining
c 
c 2 19.51 792 14 4 135 5000 2267 33% 10 227723 3813 72%
c p 24.65 792 14 4 135 5000 9706 33% 10 227723 3590 67%
c d 24.95 792 14 4 135 5000 8893 33% 10 156583 3585 67%
c d 25.03 792 14 4 135 5000 8893 33% 10 156581 3584 67%
c i 25.19 792 13 4 139 5407 8933 32% 9 156581 3447 65%
c i 25.44 792 14 4 159 5522 9025 32% 9 156581 3327 63%
c i 25.46 792 14 4 169 5565 9045 32% 9 156581 3326 63%
c i 25.50 792 14 4 184 5633 9075 32% 9 156581 3325 62%
c i 25.57 792 14 4 222 5794 9164 32% 10 156581 3316 62%
c i 25.58 792 14 4 226 5810 9170 32% 10 156581 3315 62%
c # 25.64 792 14 4 244 6009 9279 32% 10 156581 3315 62%
c i 25.64 792 14 4 244 6019 9285 32% 10 156581 3314 62%
c i 25.64 792 14 4 244 6020 9285 32% 10 156581 3313 62%
c i 25.64 792 14 4 244 6022 9286 32% 10 156581 3312 62%
c i 25.64 792 14 4 244 6024 9284 32% 10 156581 3311 62%
c - 25.85 696 14 5 244 6182  986 33% 10 35719 3311 62%
c i 25.86 696 14 5 244 6216  999 33% 10 35719 3310 62%
c } 26.01 696 13 5 254 7001 1337 34% 9 35719 3310 62%
c [ 26.01 696 13 5 254 7001 1337 37% 11 35719 3310 62%
c i 26.02 696 13 5 254 7012 1341 37% 11 35719 3290 62%
c 
c  seconds   reductions  redundant   irredundant
c          MB    restarts       trail      variables
c           level   conflicts       glue        remaining
c 
c i 26.25 696 13 5 255 7966 1295 27% 11 35459 3289 62%
c - 26.27 696 13 6 255 7984 1015 27% 11 35456 3289 62%
c i 26.55 696 13 6 255 8951 1492 27% 11 35456 3288 62%
c I 26.87 696 13 6 256 10010 2070 27% 11 35456 3288 62%
c - 26.91 696 13 7 256 10092 1723 27% 11 35453 3288 62%
c i 27.10 696 13 7 257 11133 2203 27% 11 35453 3287 62%
c i 27.11 696 13 7 257 11164 2207 27% 11 35453 3179 60%
c i 27.13 696 13 7 257 11261 2259 27% 11 35453 2910 55%
c i 27.18 696 13 7 258 11461 2372 27% 11 35453 2903 55%
c i 27.19 696 13 7 258 11532 2395 27% 11 35453 2754 52%
c ] 27.20 696 13 7 258 11538 2396 27% 11 35453 2502 47%
c 0 27.20 696 13 7 258 11538 2396 27% 11 35453 2502 47%
c 
c --- [ writing output ] -----------------------------------------------------
c 
c writing simplified CNF to DIMACS file 'simp/12.cubes1106.adj.simp1'
c * 27.20 696 13 7 258 11538 2396 27% 11 35453 2502 47%
c opening file to write 'simp/12.cubes1106.adj.simp1'
c writing 'p cnf 5320 1' header
c closing file 'simp/12.cubes1106.adj.simp1'
c after writing 15 bytes 0.0 MB
c wrote 1 clauses in 0.00 seconds process time
c 
c --- [ writing extension ] --------------------------------------------------
c 
c writing extension stack to 'simp/12.cubes1106.adj.ext1'
c opening file to write 'simp/12.cubes1106.adj.ext1'
c closing file 'simp/12.cubes1106.adj.ext1'
c after writing 0 bytes 0.0 MB
c wrote 0 witnesses in 0.00 seconds process time
c 
c --- [ result ] -------------------------------------------------------------
c 
s UNSATISFIABLE
c 
c --- [ run-time profiling ] -------------------------------------------------
c 
c process time taken by individual solving procedures
c (percentage relative to process time for solving)
c 
c        12.40   67.32% search
c         8.77   47.63% parse
c         8.19   44.45% unstable
c         6.02   32.68% simplify
c         5.14   27.89% probe
c         3.69   20.03% stable
c         0.52    2.84% lucky
c         0.05    0.25% ternary
c   =================================
c        18.42   67.73% solve
c 
c last line shows process time for solving
c (percentage relative to total process time)
c 
c --- [ statistics ] ---------------------------------------------------------
c 
c chronological:              1678        14.54 %  of conflicts
c conflicts:                 11538       626.37    per second
c decisions:                 19063      1034.88    per second
c fixed:                      2777        52.20 %  of all variables
c learned:                   11329        98.19 %  per conflict
c learned_lits:             907690       100.00 %  learned literals
c minimized:                     0         0.00 %  learned literals
c shrunken:                 656866        72.37 %  learned literals
c minishrunken:              34579         3.81 %  learned literals
c propagations:            2505787         0.14 M  per second
c reduced:                    1338        11.60 %  per conflict
c rephased:                      4      2884.50    interval
c restarts:                    258        44.72    interval
c stabilizing:                   2        56.66 %  of conflicts
c substituted:                  41         0.77 %  of all variables
c subsumed:                   6563         0.32 %  of all clauses
c ternary:                    1322         0.37 %  of resolved
c weakened:                     82         2.00    average size
c 
c seconds are measured in process time for solving
c 
c --- [ resources ] ----------------------------------------------------------
c 
c total process time since initialization:        27.20    seconds
c total real time since initialization:           27.25    seconds
c maximum resident set size of process:          897.75    MB
c 
c --- [ shutting down ] ------------------------------------------------------
c 
c exit 20
WARNING! DIMACS header mismatch: wrong number of variables.
============================[ Problem Statistics ]=============================
|                                                                             |
|  Number of variables:             0                                         |
|  Number of clauses:               0                                         |
|  Parse time:                   0.00 s                                       |
|  Simplification time:          0.00 s                                       |
|                                                                             |
===============================================================================
Solved by simplification
database reductions   : 0
restarts              : 0
conflicts             : 0              (-nan /sec)
decisions             : 0              (-nan % random) (-nan /sec)
propagations          : 0              (-nan /sec)
conflict literals     : 0              (-nan % deleted)
actual reward         : -nan
Memory used           : 5.00 MB
CPU time              : 0 s

UNSATISFIABLE
