c --- [ banner ] -------------------------------------------------------------
c 
c CaDiCaL Radically Simplified CDCL SAT Solver
c Copyright (c) 2016-2021 A. Biere, M. Fleury, N. Froleyks
c 
c Version 1.5.2 ca9bff05c11bde5eae4912f9932871d1527e61d8
c g++ (GCC) 9.3.0 -Wall -Wextra -O3 -DNDEBUG
c Sun May 1 02:23:23 EDT 2022 Linux gra-login1 3.10.0-1160.59.1.el7.x86_64 x86_64
c 
c --- [ limit ] --------------------------------------------------------------
c 
c setting conflict limit to 200000 conflicts (due to '200000')
c 
c --- [ parsing input ] ------------------------------------------------------
c 
c reading DIMACS file from '12.cubes1239.adj'
c opening file to read '12.cubes1239.adj'
c found 'p cnf 5320 924210' header
c parsed 924210 clauses in 7.99 seconds process time
c closing file '12.cubes1239.adj'
c after reading 686668114 bytes 654.9 MB
c 
c --- [ options ] ------------------------------------------------------------
c 
c all options are set to their default value
c 
c --- [ solving ] ------------------------------------------------------------
c 
c time measured in process time since initialization
c 
c  seconds   reductions  redundant  irredundant
c          MB    restarts       trail      variables
c           level   conflicts       glue        remaining
c 
c *  7.99 688  0 0   0    0    0  0% 0 923580 4125 78%
c {  8.34 708  0 0   0    0    0  0% 0 923580 4125 78%
c i  9.03 737 99 0   0   34   32 45% 5 923580 4116 77%
c i  9.05 737 98 0   0   37   34 45% 5 923580 4104 77%
c i  9.11 738 93 0   0   60   52 46% 5 923580 4102 77%
c i  9.48 746 88 0   2   82   64 47% 5 923580 4085 77%
c i  9.63 748 56 0  16  141   78 41% 7 923580 4066 76%
c - 11.34 725 30 1  26  301  109 36% 6 175034 4066 76%
c i 11.57 689 31 1  38  367  134 37% 9 175034 4065 76%
c i 11.59 689 34 1  39  378  139 37% 9 175034 4059 76%
c i 11.80 689 34 1  55  501  163 37% 9 175034 4058 76%
c i 11.98 689 35 1  61  523  181 38% 11 175034 4057 76%
c i 12.06 689 36 1  65  543  194 38% 12 175034 4042 76%
c i 12.10 689 39 1  66  554  202 38% 12 175034 4041 76%
c i 12.27 689 36 1  82  697  259 39% 12 175034 4019 76%
c i 12.37 689 36 1  88  721  281 39% 12 175034 4018 76%
c i 12.37 689 36 1  89  723  281 39% 12 175034 4017 76%
c i 12.37 689 36 1  89  724  281 39% 12 175034 4016 75%
c i 12.52 689 38 1 102  770  321 40% 14 175034 4015 75%
c i 12.64 689 36 1 110  845  365 41% 13 175034 4014 75%
c 
c  seconds   reductions  redundant   irredundant
c          MB    restarts       trail       variables
c           level   conflicts       glue         remaining
c 
c i 12.65 689 36 1 110  864  381 41% 14 175034 4013 75%
c i 12.67 689 34 1 110  930  418 42% 13 175034 4012 75%
c i 12.67 689 34 1 110  937  421 43% 13 175034 4011 75%
c i 12.67 689 34 1 110  942  425 43% 13 175034 4010 75%
c i 12.69 689 33 1 110  989  464 43% 13 175034 4009 75%
c i 12.69 689 33 1 110  990  464 43% 13 175034 4008 75%
c } 12.70 689 33 1 110 1001  470 43% 13 175034 4008 75%
c [ 12.70 689  0 1 110 1001  470  0% 0 175034 4008 75%
c O 12.70 689  1 1 110 1002  471 25% 1 175034 4008 75%
c i 12.70 689  0 1 110 1003  471 26% 0 175034 3988 75%
c i 12.70 689  0 1 110 1004  471 26% 0 175034 3970 75%
c i 12.70 689  0 1 110 1005  471 26% 0 175034 3952 74%
c - 13.17 762 10 2 110 1046  432 43% 9 173417 3952 74%
c i 13.32 762 15 2 110 1362  591 56% 13 173417 3951 74%
c i 13.34 762 16 2 110 1412  622 56% 14 173417 3950 74%
c i 13.34 762 17 2 110 1428  632 56% 14 173417 3949 74%
c i 13.35 762 17 2 110 1449  643 55% 15 173417 3948 74%
c i 13.35 762 17 2 110 1453  646 55% 15 173417 3947 74%
c i 13.35 762 17 2 110 1470  654 55% 15 173417 3946 74%
c i 13.40 762 18 2 110 1647  768 55% 15 173417 3945 74%
c 
c  seconds   reductions  redundant   irredundant
c          MB    restarts       trail       variables
c           level   conflicts       glue         remaining
c 
c i 13.52 762 18 2 111 2092  978 55% 16 173417 3944 74%
c i 13.52 762 18 2 111 2099  984 55% 16 173417 3943 74%
c i 13.52 762 18 2 111 2100  984 55% 16 173417 3942 74%
c i 13.53 762 18 2 111 2106  989 55% 16 173417 3941 74%
c i 13.53 762 18 2 111 2120  995 55% 16 173417 3940 74%
c i 13.53 762 18 2 111 2121  995 55% 16 173417 3939 74%
c i 13.53 762 18 2 111 2122  995 55% 16 173417 3938 74%
c i 13.54 762 18 2 111 2130 1001 55% 16 173417 3937 74%
c i 13.54 762 19 2 111 2159 1025 55% 16 173417 3936 74%
c - 13.69 760 19 3 111 2162  843 55% 16 173369 3936 74%
c i 13.83 760 20 3 111 2234  885 38% 17 173369 3935 74%
c i 13.83 760 20 3 111 2235  885 38% 17 173369 3934 74%
c i 13.83 760 20 3 111 2237  884 38% 17 173369 3933 74%
c i 13.84 760 21 3 111 2279  916 38% 18 173369 3932 74%
c i 13.84 760 21 3 111 2280  916 38% 18 173369 3931 74%
c i 13.85 760 21 3 111 2285  918 38% 18 173369 3930 74%
c i 13.85 760 21 3 111 2291  923 38% 18 173369 3929 74%
c i 13.86 760 21 3 111 2334  942 38% 18 173369 3928 74%
c i 13.86 760 21 3 111 2336  943 38% 18 173369 3927 74%
c i 13.86 760 21 3 111 2337  943 38% 18 173369 3926 74%
c 
c  seconds   reductions  redundant   irredundant
c          MB    restarts       trail       variables
c           level   conflicts       glue         remaining
c 
c i 13.94 760 23 3 111 2760 1250 39% 19 173369 3925 74%
c i 13.95 760 23 3 111 2774 1262 39% 19 173369 3924 74%
c i 13.95 760 23 3 111 2779 1266 39% 19 173369 3923 74%
c i 13.96 760 23 3 111 2815 1294 39% 19 173369 3922 74%
c i 13.96 760 23 3 111 2820 1298 39% 19 173369 3921 74%
c i 13.97 760 23 3 111 2822 1299 39% 19 173369 3920 74%
c i 13.98 760 23 3 111 2875 1340 39% 20 173369 3919 74%
c i 13.98 760 23 3 111 2877 1341 39% 20 173369 3918 74%
c i 13.99 760 23 3 111 2897 1357 39% 19 173369 3917 74%
c i 13.99 760 23 3 111 2907 1362 39% 19 173369 3916 74%
c i 13.99 760 23 3 111 2908 1362 39% 19 173369 3915 74%
c i 13.99 760 23 3 111 2909 1362 39% 19 173369 3914 74%
c ] 14.02 760 23 3 111 3002 1440 39% 20 173369 3914 74%
c { 14.02 760 33 3 111 3002 1440 59% 13 173369 3914 74%
c F 14.05 760 33 3 111 3003 1441 59% 13 173369 3914 74%
c i 14.06 760 33 3 111 3004 1441 59% 13 173369 3913 74%
c i 14.06 760 33 3 111 3005 1441 59% 13 173369 3912 74%
c i 14.07 760 33 3 111 3008 1442 59% 13 173369 3911 74%
c i 14.07 760 33 3 111 3009 1442 59% 13 173369 3910 73%
c i 14.07 760 33 3 111 3010 1442 59% 13 173369 3909 73%
c 
c  seconds   reductions  redundant   irredundant
c          MB    restarts       trail       variables
c           level   conflicts       glue         remaining
c 
c i 14.07 760 32 3 111 3011 1442 58% 13 173369 3908 73%
c i 14.07 760 32 3 111 3012 1442 58% 13 173369 3907 73%
c i 14.07 760 32 3 111 3014 1443 58% 13 173369 3906 73%
c i 14.30 760 37 3 135 3132 1538 56% 15 173369 3905 73%
c i 14.44 760 41 3 152 3205 1591 54% 16 173369 3904 73%
c i 14.46 760 42 3 163 3239 1601 53% 16 173369 3903 73%
c i 14.51 760 42 3 168 3260 1617 53% 16 173369 3902 73%
c i 14.54 760 42 3 171 3272 1627 53% 16 173369 3901 73%
c i 14.62 760 43 3 180 3337 1668 51% 16 173369 3900 73%
c i 14.66 760 42 3 188 3376 1698 51% 16 173369 3899 73%
c i 14.87 760 46 3 217 3523 1792 49% 18 173369 3898 73%
c i 14.88 760 46 3 218 3525 1793 49% 18 173369 3897 73%
c i 14.92 760 46 3 227 3560 1821 49% 18 173369 3896 73%
c i 14.97 760 46 3 239 3603 1857 48% 18 173369 3895 73%
c i 14.97 760 46 3 239 3604 1857 48% 18 173369 3894 73%
c i 14.97 760 46 3 239 3605 1857 48% 18 173369 3893 73%
c i 14.97 760 46 3 243 3617 1866 48% 18 173369 3892 73%
c i 14.99 760 45 3 250 3646 1887 48% 18 173369 3891 73%
c - 15.17 754 45 4 250 3649 1471 48% 18 173234 3891 73%
c i 15.19 754 45 4 250 3672 1484 48% 18 173234 3890 73%
c 
c  seconds   reductions  redundant   irredundant
c          MB    restarts       trail       variables
c           level   conflicts       glue         remaining
c 
c i 15.40 754 41 4 281 4060 1769 47% 19 173234 3889 73%
c i 15.60 754 39 4 300 4380 1972 45% 19 173234 3888 73%
c i 15.61 754 39 4 300 4387 1977 45% 19 173234 3887 73%
c i 15.62 754 39 4 300 4421 2004 45% 19 173234 3886 73%
c i 15.71 754 37 4 301 4739 2210 44% 18 173234 3885 73%
c d 16.02 754 35 4 301 5002 2421 44% 18 171850 3862 73%
c 2 16.05 754 35 4 301 5002 4593 44% 18 171809 3843 72%
c p 17.64 754 35 4 301 5002 12537 44% 18 171809 3700 70%
c d 17.87 754 35 4 301 5002 11937 44% 18 139083 3695 69%
c d 17.94 754 35 4 301 5002 11937 44% 18 139081 3694 69%
c - 18.31 690 33 5 324 5512 2131 43% 17 139081 3694 69%
c # 18.42 690 30 5 324 6004 2423 43% 17 139081 3694 69%
c } 18.81 690 28 5 350 7004 2991 42% 17 139081 3694 69%
c [ 18.81 690 23 5 350 7004 2991 39% 20 139081 3694 69%
c - 19.03 690 23 6 351 7570 2248 39% 20 139081 3694 69%
c - 19.80 690 21 7 352 9971 2529 41% 18 139081 3694 69%
c I 19.83 690 21 7 352 10005 2558 41% 18 139081 3694 69%
c ] 19.94 690 22 7 352 10106 2644 41% 18 139081 3694 69%
c 1 19.94 690 22 7 352 10106 2644 41% 18 139081 3694 69%
c 
c --- [ writing output ] -----------------------------------------------------
c 
c writing simplified CNF to DIMACS file 'simp/12.cubes1239.adj.simp1'
c * 19.94 690 22 7 352 10106 2644 41% 18 139081 3694 69%
c opening file to write 'simp/12.cubes1239.adj.simp1'
c writing 'p cnf 5320 139081' header
c closing file 'simp/12.cubes1239.adj.simp1'
c after writing 48484042 bytes 46.2 MB
c wrote 139081 clauses in 0.33 seconds process time
c 
c --- [ writing extension ] --------------------------------------------------
c 
c writing extension stack to 'simp/12.cubes1239.adj.ext1'
c opening file to write 'simp/12.cubes1239.adj.ext1'
c closing file 'simp/12.cubes1239.adj.ext1'
c after writing 24213 bytes 0.0 MB
c wrote 1655 witnesses in 0.00 seconds process time
c 
c --- [ result ] -------------------------------------------------------------
c 
s SATISFIABLE
c 
c --- [ run-time profiling ] -------------------------------------------------
c 
c process time taken by individual solving procedures
c (percentage relative to process time for solving)
c 
c         9.77   81.79% search
c         7.99   66.89% parse
c         6.98   58.44% unstable
c         2.44   20.44% stable
c         2.18   18.21% simplify
c         1.59   13.30% probe
c         0.35    2.91% lucky
c         0.03    0.23% ternary
c   =================================
c        11.95   58.95% solve
c 
c last line shows process time for solving
c (percentage relative to total process time)
c 
c --- [ statistics ] ---------------------------------------------------------
c 
c chronological:              1818        17.99 %  of conflicts
c conflicts:                 10106       845.89    per second
c decisions:                 32345      2707.34    per second
c fixed:                      1597        30.02 %  of all variables
c learned:                    9920        98.16 %  per conflict
c learned_lits:            1719122       100.00 %  learned literals
c minimized:                     0         0.00 %  learned literals
c shrunken:                1230254        71.56 %  learned literals
c minishrunken:             107915         6.28 %  learned literals
c propagations:            2385108         0.20 M  per second
c reduced:                    3587        35.49 %  per conflict
c rephased:                      4      2526.50    interval
c restarts:                    352        28.71    interval
c stabilizing:                   2        50.49 %  of conflicts
c substituted:                  29         0.55 %  of all variables
c subsumed:                   3621         0.19 %  of all clauses
c ternary:                    2172         0.47 %  of resolved
c weakened:                     58         2.00    average size
c 
c seconds are measured in process time for solving
c 
c --- [ resources ] ----------------------------------------------------------
c 
c total process time since initialization:        20.27    seconds
c total real time since initialization:           20.66    seconds
c maximum resident set size of process:          832.05    MB
c 
c --- [ shutting down ] ------------------------------------------------------
c 
c exit 10
c --- [ banner ] -------------------------------------------------------------
c 
c CaDiCaL Radically Simplified CDCL SAT Solver
c Copyright (c) 2016-2021 A. Biere, M. Fleury, N. Froleyks
c 
c Version 1.5.2 ca9bff05c11bde5eae4912f9932871d1527e61d8
c g++ (GCC) 9.3.0 -Wall -Wextra -O3 -DNDEBUG
c Sun May 1 02:23:23 EDT 2022 Linux gra-login1 3.10.0-1160.59.1.el7.x86_64 x86_64
c 
c --- [ limit ] --------------------------------------------------------------
c 
c setting conflict limit to 200000 conflicts (due to '200000')
c 
c --- [ parsing input ] ------------------------------------------------------
c 
c reading DIMACS file from 'simp/12.cubes1239.adj.simp1'
c opening file to read 'simp/12.cubes1239.adj.simp1'
c found 'p cnf 5320 139081' header
c parsed 139081 clauses in 0.57 seconds process time
c closing file 'simp/12.cubes1239.adj.simp1'
c after reading 48484042 bytes 46.2 MB
c 
c --- [ options ] ------------------------------------------------------------
c 
c all options are set to their default value
c 
c --- [ solving ] ------------------------------------------------------------
c 
c time measured in process time since initialization
c 
c  seconds  reductions  redundant  irredundant
c         MB    restarts       trail      variables
c          level   conflicts       glue        remaining
c 
c *  0.57 55  0 0   0    0    0  0% 0 139081 3675 69%
c {  0.59 57  0 0   0    0    0  0% 0 139081 3675 69%
c -  1.14 74 41 1  33  302  162 15% 11 139081 3675 69%
c -  2.48 126 40 2 154  988  632 19% 17 139081 3675 69%
c }  2.49 126 40 2 156 1001  643 19% 17 139081 3675 69%
c [  2.49 126  0 2 156 1001  643  0% 0 139081 3675 69%
c O  2.49 126 32 2 156 1002  644  2% 1 139081 3675 69%
c ]  2.53 122 47 2 156 1178  769 29% 10 139081 3675 69%
c 1  2.53 122 47 2 156 1178  769 29% 10 139081 3675 69%
c 
c --- [ writing output ] -----------------------------------------------------
c 
c writing simplified CNF to DIMACS file 'simp/12.cubes1239.adj.simp2'
c *  2.53 122 47 2 156 1178  769 29% 10 139081 3675 69%
c opening file to write 'simp/12.cubes1239.adj.simp2'
c writing 'p cnf 5320 139081' header
c closing file 'simp/12.cubes1239.adj.simp2'
c after writing 48484042 bytes 46.2 MB
c wrote 139081 clauses in 0.31 seconds process time
c 
c --- [ writing extension ] --------------------------------------------------
c 
c writing extension stack to 'simp/12.cubes1239.adj.ext2'
c opening file to write 'simp/12.cubes1239.adj.ext2'
c closing file 'simp/12.cubes1239.adj.ext2'
c after writing 0 bytes 0.0 MB
c wrote 0 witnesses in 0.00 seconds process time
c 
c --- [ result ] -------------------------------------------------------------
c 
s SATISFIABLE
c 
c --- [ run-time profiling ] -------------------------------------------------
c 
c process time taken by individual solving procedures
c (percentage relative to process time for solving)
c 
c         1.96   99.99% search
c         1.90   96.82% unstable
c         0.57   29.24% parse
c         0.04    2.15% stable
c         0.02    1.03% lucky
c         0.00    0.00% simplify
c   =================================
c         1.96   68.84% solve
c 
c last line shows process time for solving
c (percentage relative to total process time)
c 
c --- [ statistics ] ---------------------------------------------------------
c 
c chronological:               344        29.20 %  of conflicts
c conflicts:                  1178       601.15    per second
c decisions:                 10294      5253.20    per second
c learned:                    1141        96.86 %  per conflict
c learned_lits:             109942       100.00 %  learned literals
c minimized:                     0         0.00 %  learned literals
c shrunken:                  51236        46.60 %  learned literals
c minishrunken:              13175        11.98 %  learned literals
c propagations:             269135         0.14 M  per second
c reduced:                      45         3.82 %  per conflict
c rephased:                      1      1178.00    interval
c restarts:                    156         7.55    interval
c stabilizing:                   1        15.03 %  of conflicts
c subsumed:                    327         0.12 %  of all clauses
c 
c seconds are measured in process time for solving
c 
c --- [ resources ] ----------------------------------------------------------
c 
c total process time since initialization:         2.85    seconds
c total real time since initialization:            2.88    seconds
c maximum resident set size of process:          129.33    MB
c 
c --- [ shutting down ] ------------------------------------------------------
c 
c exit 10
c --- [ banner ] -------------------------------------------------------------
c 
c CaDiCaL Radically Simplified CDCL SAT Solver
c Copyright (c) 2016-2021 A. Biere, M. Fleury, N. Froleyks
c 
c Version 1.5.2 ca9bff05c11bde5eae4912f9932871d1527e61d8
c g++ (GCC) 9.3.0 -Wall -Wextra -O3 -DNDEBUG
c Sun May 1 02:23:23 EDT 2022 Linux gra-login1 3.10.0-1160.59.1.el7.x86_64 x86_64
c 
c --- [ limit ] --------------------------------------------------------------
c 
c setting conflict limit to 200000 conflicts (due to '200000')
c 
c --- [ parsing input ] ------------------------------------------------------
c 
c reading DIMACS file from 'simp/12.cubes1239.adj.simp2'
c opening file to read 'simp/12.cubes1239.adj.simp2'
c found 'p cnf 5320 139081' header
c parsed 139081 clauses in 0.57 seconds process time
c closing file 'simp/12.cubes1239.adj.simp2'
c after reading 48484042 bytes 46.2 MB
c 
c --- [ options ] ------------------------------------------------------------
c 
c all options are set to their default value
c 
c --- [ solving ] ------------------------------------------------------------
c 
c time measured in process time since initialization
c 
c  seconds  reductions  redundant  irredundant
c         MB    restarts       trail      variables
c          level   conflicts       glue        remaining
c 
c *  0.57 55  0 0   0    0    0  0% 0 139081 3675 69%
c {  0.60 58  0 0   0    0    0  0% 0 139081 3675 69%
c -  0.90 71 29 1  13  300  198 25% 11 139081 3675 69%
c -  1.70 121 29 2  97  986  543 24% 15 139081 3675 69%
c }  1.70 118 29 2 100 1000  547 24% 15 139081 3675 69%
c [  1.70 118  0 2 100 1000  547  0% 0 139081 3675 69%
c O  1.70 118 32 2 100 1003  549  6% 5 139081 3675 69%
c ]  1.84 118 25 2 100 1448  867 28% 17 139081 3675 69%
c 1  1.84 118 25 2 100 1448  867 28% 17 139081 3675 69%
c 
c --- [ writing output ] -----------------------------------------------------
c 
c writing simplified CNF to DIMACS file 'simp/12.cubes1239.adj.simp3'
c *  1.84 118 25 2 100 1448  867 28% 17 139081 3675 69%
c opening file to write 'simp/12.cubes1239.adj.simp3'
c writing 'p cnf 5320 139081' header
c closing file 'simp/12.cubes1239.adj.simp3'
c after writing 48484042 bytes 46.2 MB
c wrote 139081 clauses in 0.32 seconds process time
c 
c --- [ writing extension ] --------------------------------------------------
c 
c writing extension stack to 'simp/12.cubes1239.adj.ext3'
c opening file to write 'simp/12.cubes1239.adj.ext3'
c closing file 'simp/12.cubes1239.adj.ext3'
c after writing 0 bytes 0.0 MB
c wrote 0 witnesses in 0.00 seconds process time
c 
c --- [ result ] -------------------------------------------------------------
c 
s SATISFIABLE
c 
c --- [ run-time profiling ] -------------------------------------------------
c 
c process time taken by individual solving procedures
c (percentage relative to process time for solving)
c 
c         1.27   99.99% search
c         1.11   87.29% unstable
c         0.57   45.00% parse
c         0.14   10.84% stable
c         0.02    1.85% lucky
c         0.00    0.00% simplify
c   =================================
c         1.27   58.85% solve
c 
c last line shows process time for solving
c (percentage relative to total process time)
c 
c --- [ statistics ] ---------------------------------------------------------
c 
c chronological:               361        24.93 %  of conflicts
c conflicts:                  1448      1140.02    per second
c decisions:                  8540      6723.62    per second
c learned:                    1404        96.96 %  per conflict
c learned_lits:             168592       100.00 %  learned literals
c minimized:                     0         0.00 %  learned literals
c shrunken:                  99241        58.86 %  learned literals
c minishrunken:              16265         9.65 %  learned literals
c propagations:             301006         0.24 M  per second
c reduced:                      87         6.01 %  per conflict
c rephased:                      1      1448.00    interval
c restarts:                    100        14.48    interval
c stabilizing:                   1        30.94 %  of conflicts
c subsumed:                    450         0.16 %  of all clauses
c 
c seconds are measured in process time for solving
c 
c --- [ resources ] ----------------------------------------------------------
c 
c total process time since initialization:         2.16    seconds
c total real time since initialization:            2.19    seconds
c maximum resident set size of process:          120.66    MB
c 
c --- [ shutting down ] ------------------------------------------------------
c 
c exit 10
c --- [ banner ] -------------------------------------------------------------
c 
c CaDiCaL Radically Simplified CDCL SAT Solver
c Copyright (c) 2016-2021 A. Biere, M. Fleury, N. Froleyks
c 
c Version 1.5.2 ca9bff05c11bde5eae4912f9932871d1527e61d8
c g++ (GCC) 9.3.0 -Wall -Wextra -O3 -DNDEBUG
c Sun May 1 02:23:23 EDT 2022 Linux gra-login1 3.10.0-1160.59.1.el7.x86_64 x86_64
c 
c --- [ limit ] --------------------------------------------------------------
c 
c setting conflict limit to 200000 conflicts (due to '200000')
c 
c --- [ parsing input ] ------------------------------------------------------
c 
c reading DIMACS file from 'simp/12.cubes1239.adj.simp3'
c opening file to read 'simp/12.cubes1239.adj.simp3'
c found 'p cnf 5320 139081' header
c parsed 139081 clauses in 0.57 seconds process time
c closing file 'simp/12.cubes1239.adj.simp3'
c after reading 48484042 bytes 46.2 MB
c 
c --- [ options ] ------------------------------------------------------------
c 
c all options are set to their default value
c 
c --- [ solving ] ------------------------------------------------------------
c 
c time measured in process time since initialization
c 
c  seconds  reductions  redundant  irredundant
c         MB    restarts       trail      variables
c          level   conflicts       glue        remaining
c 
c *  0.57 55  0 0   0    0    0  0% 0 139081 3675 69%
c {  0.59 58  0 0   0    0    0  0% 0 139081 3675 69%
c -  1.24 74 41 1  43  306  206 17% 17 139081 3675 69%
c -  2.45 125 45 2 117  993  624 20% 20 139081 3675 69%
c }  2.45 125 44 2 117 1002  632 20% 20 139081 3675 69%
c [  2.45 125  0 2 117 1002  632  0% 0 139081 3675 69%
c O  2.46 125 32 2 117 1003  633  2% 1 139081 3675 69%
c ]  2.60 115 51 2 117 1575 1051 28% 14 139081 3675 69%
c 1  2.60 115 51 2 117 1575 1051 28% 14 139081 3675 69%
c 
c --- [ writing output ] -----------------------------------------------------
c 
c writing simplified CNF to DIMACS file 'simp/12.cubes1239.adj.simp4'
c *  2.60 115 51 2 117 1575 1051 28% 14 139081 3675 69%
c opening file to write 'simp/12.cubes1239.adj.simp4'
c writing 'p cnf 5320 139081' header
c closing file 'simp/12.cubes1239.adj.simp4'
c after writing 48484042 bytes 46.2 MB
c wrote 139081 clauses in 0.38 seconds process time
c 
c --- [ writing extension ] --------------------------------------------------
c 
c writing extension stack to 'simp/12.cubes1239.adj.ext4'
c opening file to write 'simp/12.cubes1239.adj.ext4'
c closing file 'simp/12.cubes1239.adj.ext4'
c after writing 0 bytes 0.0 MB
c wrote 0 witnesses in 0.00 seconds process time
c 
c --- [ result ] -------------------------------------------------------------
c 
s SATISFIABLE
c 
c --- [ run-time profiling ] -------------------------------------------------
c 
c process time taken by individual solving procedures
c (percentage relative to process time for solving)
c 
c         2.03   99.99% search
c         1.86   91.63% unstable
c         0.57   28.19% parse
c         0.15    7.29% stable
c         0.02    1.07% lucky
c         0.00    0.00% simplify
c   =================================
c         2.03   67.98% solve
c 
c last line shows process time for solving
c (percentage relative to total process time)
c 
c --- [ statistics ] ---------------------------------------------------------
c 
c chronological:               430        27.30 %  of conflicts
c conflicts:                  1575       775.97    per second
c decisions:                 11615      5722.44    per second
c learned:                    1541        97.84 %  per conflict
c learned_lits:             190842       100.00 %  learned literals
c minimized:                     0         0.00 %  learned literals
c shrunken:                  87133        45.66 %  learned literals
c minishrunken:              26230        13.74 %  learned literals
c propagations:             343326         0.17 M  per second
c reduced:                      90         5.71 %  per conflict
c rephased:                      1      1575.00    interval
c restarts:                    117        13.46    interval
c stabilizing:                   1        36.38 %  of conflicts
c subsumed:                    400         0.14 %  of all clauses
c 
c seconds are measured in process time for solving
c 
c --- [ resources ] ----------------------------------------------------------
c 
c total process time since initialization:         2.99    seconds
c total real time since initialization:            3.05    seconds
c maximum resident set size of process:          124.93    MB
c 
c --- [ shutting down ] ------------------------------------------------------
c 
c exit 10
c --- [ banner ] -------------------------------------------------------------
c 
c CaDiCaL Radically Simplified CDCL SAT Solver
c Copyright (c) 2016-2021 A. Biere, M. Fleury, N. Froleyks
c 
c Version 1.5.2 ca9bff05c11bde5eae4912f9932871d1527e61d8
c g++ (GCC) 9.3.0 -Wall -Wextra -O3 -DNDEBUG
c Sun May 1 02:23:23 EDT 2022 Linux gra-login1 3.10.0-1160.59.1.el7.x86_64 x86_64
c 
c --- [ limit ] --------------------------------------------------------------
c 
c setting conflict limit to 200000 conflicts (due to '200000')
c 
c --- [ parsing input ] ------------------------------------------------------
c 
c reading DIMACS file from 'simp/12.cubes1239.adj.simp4'
c opening file to read 'simp/12.cubes1239.adj.simp4'
c found 'p cnf 5320 139081' header
c parsed 139081 clauses in 0.59 seconds process time
c closing file 'simp/12.cubes1239.adj.simp4'
c after reading 48484042 bytes 46.2 MB
c 
c --- [ options ] ------------------------------------------------------------
c 
c all options are set to their default value
c 
c --- [ solving ] ------------------------------------------------------------
c 
c time measured in process time since initialization
c 
c  seconds  reductions  redundant  irredundant
c         MB    restarts       trail      variables
c          level   conflicts       glue        remaining
c 
c *  0.59 55  0 0   0    0    0  0% 0 139081 3675 69%
c {  0.61 57  0 0   0    0    0  0% 0 139081 3675 69%
c -  1.41 77 64 1  46  300  212 18% 25 139081 3675 69%
c -  1.94 117 36 2  59  985  558 21% 17 139081 3675 69%
c }  1.95 117 35 2  59 1000  570 21% 17 139081 3675 69%
c [  1.95 117  0 2  59 1000  570  0% 0 139081 3675 69%
c O  1.95 117 33 2  59 1002  572 17% 10 139081 3675 69%
c -  2.30 117 16 3  59 2014  828 24% 14 139081 3675 69%
c ]  2.52 117 19 3  60 3003 1400 24% 17 139081 3675 69%
c {  2.52 117 35 3  60 3003 1400 21% 17 139081 3675 69%
c F  2.59 117 35 3  60 3004 1401  9% 17 139081 3675 69%
c -  3.04 117 43 4 126 3385 1293 32% 20 139081 3675 69%
c }  3.44 117 36 4 162 4259 1976 36% 19 139081 3675 69%
c 1  3.44 117 36 4 162 4259 1976 36% 19 139081 3675 69%
c 
c --- [ writing output ] -----------------------------------------------------
c 
c writing simplified CNF to DIMACS file 'simp/12.cubes1239.adj.simp5'
c *  3.44 117 36 4 162 4259 1976 36% 19 139081 3675 69%
c opening file to write 'simp/12.cubes1239.adj.simp5'
c writing 'p cnf 5320 139081' header
c closing file 'simp/12.cubes1239.adj.simp5'
c after writing 48484042 bytes 46.2 MB
c wrote 139081 clauses in 0.32 seconds process time
c 
c --- [ writing extension ] --------------------------------------------------
c 
c writing extension stack to 'simp/12.cubes1239.adj.ext5'
c opening file to write 'simp/12.cubes1239.adj.ext5'
c closing file 'simp/12.cubes1239.adj.ext5'
c after writing 0 bytes 0.0 MB
c wrote 0 witnesses in 0.00 seconds process time
c 
c --- [ result ] -------------------------------------------------------------
c 
s SATISFIABLE
c 
c --- [ run-time profiling ] -------------------------------------------------
c 
c process time taken by individual solving procedures
c (percentage relative to process time for solving)
c 
c         2.85  100.00% search
c         2.25   78.98% unstable
c         0.59   20.73% parse
c         0.58   20.21% stable
c         0.02    0.80% lucky
c         0.00    0.00% simplify
c   =================================
c         2.85   75.81% solve
c 
c last line shows process time for solving
c (percentage relative to total process time)
c 
c --- [ statistics ] ---------------------------------------------------------
c 
c chronological:               885        20.78 %  of conflicts
c conflicts:                  4259      1496.04    per second
c decisions:                 14660      5149.57    per second
c learned:                    4174        98.00 %  per conflict
c learned_lits:             600129       100.00 %  learned literals
c minimized:                     0         0.00 %  learned literals
c shrunken:                 416589        69.42 %  learned literals
c minishrunken:              32832         5.47 %  learned literals
c propagations:             829146         0.29 M  per second
c reduced:                     725        17.02 %  per conflict
c rephased:                      2      2129.50    interval
c restarts:                    162        26.29    interval
c stabilizing:                   1        47.03 %  of conflicts
c subsumed:                   1473         0.51 %  of all clauses
c 
c seconds are measured in process time for solving
c 
c --- [ resources ] ----------------------------------------------------------
c 
c total process time since initialization:         3.76    seconds
c total real time since initialization:            3.79    seconds
c maximum resident set size of process:          161.97    MB
c 
c --- [ shutting down ] ------------------------------------------------------
c 
c exit 10
c --- [ banner ] -------------------------------------------------------------
c 
c CaDiCaL Radically Simplified CDCL SAT Solver
c Copyright (c) 2016-2021 A. Biere, M. Fleury, N. Froleyks
c 
c Version 1.5.2 ca9bff05c11bde5eae4912f9932871d1527e61d8
c g++ (GCC) 9.3.0 -Wall -Wextra -O3 -DNDEBUG
c Sun May 1 02:23:23 EDT 2022 Linux gra-login1 3.10.0-1160.59.1.el7.x86_64 x86_64
c 
c --- [ limit ] --------------------------------------------------------------
c 
c setting conflict limit to 200000 conflicts (due to '200000')
c 
c --- [ parsing input ] ------------------------------------------------------
c 
c reading DIMACS file from 'simp/12.cubes1239.adj.simp5'
c opening file to read 'simp/12.cubes1239.adj.simp5'
c found 'p cnf 5320 139081' header
c parsed 139081 clauses in 0.58 seconds process time
c closing file 'simp/12.cubes1239.adj.simp5'
c after reading 48484042 bytes 46.2 MB
c 
c --- [ options ] ------------------------------------------------------------
c 
c all options are set to their default value
c 
c --- [ solving ] ------------------------------------------------------------
c 
c time measured in process time since initialization
c 
c  seconds  reductions  redundant  irredundant
c         MB    restarts       trail      variables
c          level   conflicts       glue        remaining
c 
c *  0.58 55  0 0   0    0    0  0% 0 139081 3675 69%
c {  0.62 59  0 0   0    0    0  0% 0 139081 3675 69%
c -  1.07 73 42 1  42  300  252 25% 18 139081 3675 69%
c -  1.43 119 28 2  72  985  604 25% 17 139081 3675 69%
c }  1.43 119 28 2  72 1003  615 25% 17 139081 3675 69%
c [  1.43 119  0 2  72 1003  615  0% 0 139081 3675 69%
c O  1.43 119 32 2  72 1004  616  2% 1 139081 3675 69%
c -  1.72 119 55 3  72 2013  992 28% 18 139081 3675 69%
c ]  1.99 112 38 3  73 3007 1654 40% 18 139081 3675 69%
c {  1.99 112 28 3  73 3007 1654 37% 17 139081 3675 69%
c F  2.00 112 28 3  73 3008 1655 37% 17 139081 3675 69%
c -  2.34 113 31 4 107 3385 1371 33% 17 139081 3675 69%
c 2  3.31 113 30 4 250 5000 4543 34% 18 139073 3675 69%
c p  3.94 112 30 4 250 5000 11649 34% 18 139073 3665 69%
c -  4.19 111 30 5 250 5100 1907 34% 18 139043 3665 69%
c #  4.43 111 26 5 250 6009 2453 35% 17 139043 3665 69%
c }  4.86 111 25 5 282 7007 3076 35% 16 139043 3665 69%
c [  4.86 111 38 5 282 7007 3076 40% 18 139043 3665 69%
c -  4.94 111 37 6 283 7157 2207 40% 18 139043 3665 69%
c -  5.58 110 29 7 284 9557 2529 37% 18 139043 3665 69%
c 
c  seconds   reductions   redundant   irredundant
c          MB    restarts        trail       variables
c           level    conflicts       glue         remaining
c 
c I  5.72 111 29 7 284 10012 2835 37% 19 139043 3665 69%
c s  6.00 111 32 7 285 10489 3101 37% 21 136696 3665 69%
c v  6.88 111 32 7 285 10489 3101 37% 21 136679 3665 69%
c t  6.91 111 32 7 285 10489 3098 37% 21 136650 3665 69%
c e  7.14 114 32 7 285 10489 2972 37% 21 130405 622 12%
c s  7.20 114 32 7 285 10489 2972 37% 21 130005 622 12%
c -  8.10 113 30 8 286 12300 2923 77% 22 130005 622 12%
c 2  8.82 113 28 8 287 15005 5252 77% 21 130004 622 12%
c p  9.12 113 28 8 287 15005 6888 77% 21 130004 621 12%
c ]  9.14 113 28 8 287 15007 6889 77% 21 130004 621 12%
c {  9.14 113 25 8 287 15007 6889 209% 16 130004 621 12%
c B  9.16 113 25 8 287 15015 6896 209% 16 130004 621 12%
c -  9.42 113 25 9 338 15310 3274 201% 17 130001 621 12%
c - 10.49 113 22 10 388 18651 3227 152% 15 130001 621 12%
c W 11.31 113 20 10 421 21017 4724 135% 15 130001 621 12%
c - 11.66 113 20 11 445 22327 3688 128% 15 130001 621 12%
c - 12.69 113 18 12 517 26339 4206 114% 14 130001 621 12%
c F 13.08 113 18 12 582 28020 5182 111% 14 130001 621 12%
c p 14.50 113 18 12 701 30005 9004 107% 14 130001 615 12%
c - 14.97 113 18 13 705 30684 4693 106% 14 129983 615 12%
c 
c  seconds   reductions    redundant    irredundant
c          MB     restarts        trail        variables
c           level     conflicts        glue        remaining
c 
c } 15.14 113 18 13 719 31007 4876 105% 14 129983 615 12%
c [ 15.14 113 28 13 719 31007 4876 77% 21 129983 615 12%
c - 16.26 113 25 14 721 35362 4818 77% 20 129983 615 12%
c B 16.47 113 25 14 722 36023 5210 78% 20 129983 615 12%
c - 17.72 113 27 15 725 40375 5780 77% 22 129983 615 12%
c s 18.03 113 28 15 725 41322 6476 77% 22 129232 615 12%
c v 18.78 113 28 15 725 41322 6476 77% 22 129184 615 12%
c w 18.81 113 28 15 725 41322 6476 77% 22 129184 615 12%
c e 19.03 113 28 15 725 41322 6476 77% 22 129183 614 12%
c s 19.12 113 28 15 725 41322 6475 77% 22 128490 614 12%
c W 20.97 115 27 15 726 45024 8768 77% 21 128490 614 12%
c - 21.18 114 27 16 726 45721 6145 77% 21 128490 614 12%
c p 22.42 114 26 16 727 50005 11650 77% 21 128490 614 12%
c - 22.83 114 25 17 727 51377 6564 77% 21 128490 614 12%
c O 23.91 114 25 17 728 55026 8752 76% 20 128490 614 12%
c ] 24.05 114 25 17 729 55608 9084 76% 20 128490 614 12%
c 1 24.05 114 25 17 729 55608 9084 76% 20 128490 614 12%
c 
c --- [ writing output ] -----------------------------------------------------
c 
c writing simplified CNF to DIMACS file 'simp/12.cubes1239.adj.simp6'
c * 24.05 114 25 17 729 55608 9084 76% 20 128490 614 12%
c opening file to write 'simp/12.cubes1239.adj.simp6'
c writing 'p cnf 5320 128490' header
c closing file 'simp/12.cubes1239.adj.simp6'
c after writing 46185663 bytes 44.0 MB
c wrote 128490 clauses in 0.29 seconds process time
c 
c --- [ writing extension ] --------------------------------------------------
c 
c writing extension stack to 'simp/12.cubes1239.adj.ext6'
c opening file to write 'simp/12.cubes1239.adj.ext6'
c closing file 'simp/12.cubes1239.adj.ext6'
c after writing 162840 bytes 0.2 MB
c wrote 6705 witnesses in 0.00 seconds process time
c 
c --- [ result ] -------------------------------------------------------------
c 
s SATISFIABLE
c 
c --- [ run-time profiling ] -------------------------------------------------
c 
c process time taken by individual solving procedures
c (percentage relative to process time for solving)
c 
c        18.80   80.07% search
c         9.96   42.45% stable
c         8.36   35.63% unstable
c         4.68   19.93% simplify
c         1.71    7.30% probe
c         1.67    7.11% vivify
c         0.90    3.82% elim
c         0.58    2.46% parse
c         0.43    1.82% walk
c         0.27    1.17% subsume
c         0.06    0.24% ternary
c         0.04    0.17% lucky
c   =================================
c        23.48   96.43% solve
c 
c last line shows process time for solving
c (percentage relative to total process time)
c 
c --- [ statistics ] ---------------------------------------------------------
c 
c chronological:              7686        13.82 %  of conflicts
c conflicts:                 55608      2368.75    per second
c decisions:                 84652      3605.94    per second
c eliminated:                 3044        57.22 %  of all variables
c fixed:                        17         0.32 %  of all variables
c learned:                   54658        98.29 %  per conflict
c learned_lits:            8838910       100.00 %  learned literals
c minimized:                     0         0.00 %  learned literals
c shrunken:                6525396        73.83 %  learned literals
c minishrunken:             421839         4.77 %  learned literals
c propagations:            4118353         0.18 M  per second
c reduced:                   25466        45.80 %  per conflict
c rephased:                     10      5560.80    interval
c restarts:                    729        76.28    interval
c stabilizing:                   3        62.23 %  of conflicts
c subsumed:                  24491         5.79 %  of all clauses
c strengthened:               3956         0.94 %  of all clauses
c ternary:                    4375         0.81 %  of resolved
c vivified:                     97         0.02 %  of all clauses
c walked:                        2     27804.00    interval
c weakened:                   6688         2.96    average size
c 
c seconds are measured in process time for solving
c 
c --- [ resources ] ----------------------------------------------------------
c 
c total process time since initialization:        24.35    seconds
c total real time since initialization:           24.46    seconds
c maximum resident set size of process:          179.37    MB
c 
c --- [ shutting down ] ------------------------------------------------------
c 
c exit 10
WARNING! DIMACS header mismatch: wrong number of variables.
============================[ Problem Statistics ]=============================
|                                                                             |
|  Number of variables:          3949                                         |
|  Number of clauses:          128494                                         |
|  Parse time:                   0.68 s                                       |
|  Simplification time:          0.02 s                                       |
|                                                                             |
============================[ Search Statistics ]====================================================
| Conflicts |          ORIGINAL         |          LEARNT          | Num Sols |      SUBGRAPHS      |
|           |    Vars  Clauses Literals |    Limit  Clauses Lit/Cl |          | Canonical Noncanon. |
=====================================================================================================
|       100 |    3868   128494 10528737 |     2000      100     69 |        0 |        14         0 |
|       261 |    3868   128505 10528894 |     2000      261     65 |        0 |        34        11 |
|       495 |    3868   128514 10529058 |     2000      495     81 |        0 |        35        20 |
|       898 |    3868   128580 10529875 |     2000      898     73 |        0 |        61        86 |
|      1416 |    3868   128592 10530049 |     2000     1416     71 |        0 |        75        98 |
|      2272 |    3868   128689 10531343 |     3600     1272     35 |        0 |       134       195 |
|      3716 |    3868   128994 10534285 |     3600     2716     47 |        0 |       199       500 |
|      5842 |    3868   129412 10538349 |     5002     3044     41 |        0 |       273       918 |
|      8711 |    3854   129718 10541191 |     6308     3418     30 |        0 |       295      1225 |
=====================================================================================================
Number of solutions   : 0
Canonical subgraphs   : 364            (314 /sec)
          order  3    : 1              (250000 /sec)
          order  4    : 1              (500000 /sec)
          order  5    : 1              (250000 /sec)
          order  6    : 1              (38462 /sec)
          order  7    : 2              (9852 /sec)
          order  8    : 5              (3679 /sec)
          order  9    : 13             (2159 /sec)
          order 10    : 21             (1193 /sec)
          order 11    : 53             (673 /sec)
          order 12    : 99             (442 /sec)
          order 13    : 78             (294 /sec)
          order 14    : 85             (159 /sec)
          order 15    : 4              (128 /sec)
          order 16    : 0              (-nan /sec)
          order 17    : 0              (-nan /sec)
          order 18    : 0              (-nan /sec)
          order 19    : 0              (-nan /sec)
          order 20    : 0              (-nan /sec)
          order 21    : 0              (-nan /sec)
Noncanonical subgraphs: 1888           (1648 /sec)
          order  3    : 0              (-nan /sec)
          order  4    : 0              (-nan /sec)
          order  5    : 0              (-nan /sec)
          order  6    : 0              (-nan /sec)
          order  7    : 0              (-nan /sec)
          order  8    : 0              (-nan /sec)
          order  9    : 0              (-nan /sec)
          order 10    : 0              (-nan /sec)
          order 11    : 0              (-nan /sec)
          order 12    : 0              (-nan /sec)
          order 13    : 370            (10453 /sec)
          order 14    : 1198           (1471 /sec)
          order 15    : 318            (1074 /sec)
          order 16    : 2              (47619 /sec)
          order 17    : 0              (-nan /sec)
          order 18    : 0              (-nan /sec)
          order 19    : 0              (-nan /sec)
          order 20    : 0              (-nan /sec)
Canonicity checking   : 1.15866 s
Noncanonicity checking: 1.1456 s
Total canonicity time : 2.30427 s
database reductions   : 3
restarts              : 46
conflicts             : 10644          (2051 /sec)
decisions             : 27299          (0.00 % random) (5259 /sec)
propagations          : 425849         (82042 /sec)
conflict literals     : 656399         (54.16 % deleted)
actual reward         : 0.270257
Memory used           : 60.00 MB
CPU time              : 5.19065 s

UNSATISFIABLE
