c --- [ banner ] -------------------------------------------------------------
c 
c CaDiCaL Radically Simplified CDCL SAT Solver
c Copyright (c) 2016-2021 A. Biere, M. Fleury, N. Froleyks
c 
c Version 1.5.2 ca9bff05c11bde5eae4912f9932871d1527e61d8
c g++ (GCC) 9.3.0 -Wall -Wextra -O3 -DNDEBUG
c Sun May 1 02:23:23 EDT 2022 Linux gra-login1 3.10.0-1160.59.1.el7.x86_64 x86_64
c 
c --- [ limit ] --------------------------------------------------------------
c 
c setting conflict limit to 200000 conflicts (due to '200000')
c 
c --- [ parsing input ] ------------------------------------------------------
c 
c reading DIMACS file from '12.cubes1469.adj'
c opening file to read '12.cubes1469.adj'
c found 'p cnf 5320 924210' header
c parsed 924210 clauses in 8.98 seconds process time
c closing file '12.cubes1469.adj'
c after reading 686668113 bytes 654.9 MB
c 
c --- [ options ] ------------------------------------------------------------
c 
c all options are set to their default value
c 
c --- [ solving ] ------------------------------------------------------------
c 
c time measured in process time since initialization
c 
c  seconds   reductions  redundant  irredundant
c          MB    restarts       trail      variables
c           level   conflicts       glue        remaining
c 
c *  8.98 688  0 0   0    0    0  0% 0 923580 4070 77%
c {  9.32 705  0 0   0    0    0  0% 0 923580 4070 77%
c i  9.90 728 114 0   0   15   14 43% 3 923580 4034 76%
c i  9.99 729 101 0   0   18   16 43% 4 923580 3969 75%
c i 10.61 739 61 0   8   70   52 50% 15 923580 3923 74%
c i 11.20 744 74 0  18  104   83 50% 26 923580 3922 74%
c i 11.43 745 77 0  25  126  104 50% 26 923580 3921 74%
c i 11.44 745 76 0  26  128  105 50% 25 923580 3920 74%
c i 11.45 745 75 0  27  132  107 50% 25 923580 3919 74%
c i 11.47 745 74 0  27  135  109 50% 25 923580 3918 74%
c i 11.63 746 74 0  35  182  139 50% 28 923580 3917 74%
c i 11.66 746 71 0  35  189  144 50% 27 923580 3916 74%
c i 11.67 746 70 0  35  192  146 51% 27 923580 3915 74%
c i 11.71 746 73 0  37  213  165 51% 30 923580 3906 73%
c i 11.74 746 72 0  39  217  168 51% 29 923580 3903 73%
c i 11.88 746 73 0  49  260  201 51% 31 923580 3896 73%
c - 13.70 692 66 1  54  300  231 52% 30 70820 3894 73%
c i 13.80 692 62 1  54  332  252 52% 29 70820 3893 73%
c i 13.84 692 61 1  59  377  287 53% 31 70820 3892 73%
c i 13.87 692 62 1  62  419  322 52% 31 70820 3891 73%
c 
c  seconds   reductions  redundant   irredundant
c          MB    restarts       trail      variables
c           level   conflicts       glue        remaining
c 
c i 13.92 692 60 1  66  525  401 53% 31 70820 3890 73%
c i 13.93 692 60 1  68  549  409 52% 31 70820 3832 72%
c i 13.98 692 64 1  72  575  432 52% 33 70820 3821 72%
c i 14.02 692 63 1  76  604  448 52% 31 70820 3776 71%
c i 14.08 692 60 1  77  670  496 52% 31 70820 3775 71%
c i 14.09 692 60 1  77  674  498 52% 31 70820 3774 71%
c i 14.09 692 60 1  77  676  499 52% 31 70820 3773 71%
c i 14.13 692 61 1  84  717  536 52% 32 70820 3772 71%
c i 14.20 692 55 1  88  879  643 53% 29 70820 3771 71%
c - 14.32 695 54 2  88  900  549 53% 29 49090 3771 71%
c i 14.34 695 54 2  88  916  564 53% 29 49090 3770 71%
c } 14.39 695 57 2 104 1001  629 53% 31 49090 3770 71%
c [ 14.39 695  0 2 104 1001  629  0% 0 49090 3770 71%
c O 14.40 695  6 2 104 1002  630 38% 6 49090 3770 71%
c i 14.43 695 13 2 104 1086  672 50% 11 49090 3769 71%
c i 14.43 695 13 2 104 1094  677 50% 11 49090 3768 71%
c i 14.44 695 12 2 104 1142  712 53% 10 49090 3767 71%
c i 14.45 695 12 2 104 1162  725 53% 10 49090 3766 71%
c i 14.45 695 11 2 104 1202  756 54% 10 49090 3765 71%
c i 14.46 695 11 2 104 1228  774 55% 10 49090 3764 71%
c 
c  seconds   reductions  redundant   irredundant
c          MB    restarts       trail      variables
c           level   conflicts       glue        remaining
c 
c i 14.46 695 11 2 104 1242  781 55% 10 49090 3763 71%
c i 14.46 695 11 2 104 1243  781 55% 10 49090 3762 71%
c i 14.47 695 11 2 104 1256  790 55% 10 49090 3761 71%
c i 14.47 695 11 2 104 1257  790 55% 10 49090 3760 71%
c i 14.47 695 12 2 104 1276  800 55% 10 49090 3759 71%
c i 14.50 695 11 2 104 1441  899 56% 10 49090 3758 71%
c i 14.51 695 13 2 104 1530  956 56% 11 49090 3757 71%
c i 14.55 695 14 2 104 1768 1102 56% 12 49090 3756 71%
c i 14.55 695 14 2 104 1786 1115 56% 12 49090 3755 71%
c - 14.60 683 14 3 104 1800  846 56% 12 49045 3755 71%
c i 14.63 683 13 3 104 1954  950 56% 11 49045 3754 71%
c i 14.63 683 13 3 104 1980  967 56% 11 49045 3753 71%
c i 14.65 683 13 3 105 2086 1035 56% 11 49045 3752 71%
c i 14.66 683 13 3 105 2135 1070 56% 11 49045 3734 70%
c i 14.83 682 15 3 105 2820 1305 38% 13 48689 3733 70%
c - 14.88 668 15 4 105 3000 1031 38% 13 48686 3733 70%
c ] 14.88 668 15 4 105 3001 1030 38% 13 48686 3733 70%
c { 14.88 668 57 4 105 3001 1030 75% 31 48686 3733 70%
c F 14.89 668 57 4 106 3003 1032 75% 31 48686 3733 70%
c i 14.89 668 57 4 107 3005 1033 75% 31 48686 3718 70%
c 
c  seconds   reductions  redundant   irredundant
c          MB    restarts       trail      variables
c           level   conflicts       glue        remaining
c 
c i 14.90 668 56 4 108 3012 1039 74% 31 48686 3717 70%
c i 14.90 668 56 4 108 3013 1039 74% 31 48686 3716 70%
c i 14.91 668 56 4 108 3036 1061 74% 31 48686 3715 70%
c i 14.93 668 55 4 109 3125 1143 71% 30 48686 3714 70%
c i 14.94 668 55 4 109 3136 1152 70% 31 48686 3713 70%
c i 14.98 668 54 4 109 3236 1231 67% 30 48686 3712 70%
c i 15.03 668 48 4 110 3525 1447 62% 28 48686 3711 70%
c i 15.06 668 46 4 110 3687 1564 59% 27 48686 3710 70%
c i 15.08 668 44 4 110 3834 1666 58% 26 48686 3709 70%
c i 15.09 668 43 4 110 3878 1689 57% 26 48686 3708 70%
c i 15.15 668 41 4 115 4175 1905 54% 26 48686 3707 70%
c i 15.16 668 41 4 115 4220 1935 54% 26 48686 3706 70%
c - 15.26 668 41 5 126 4500 1589 52% 26 42359 3706 70%
c i 15.29 668 41 5 127 4560 1638 52% 26 42359 3705 70%
c d 15.39 668 39 5 129 5001 1958 49% 25 37917 3689 69%
c 2 15.41 668 39 5 129 5001 4126 49% 25 37836 3688 69%
c p 16.19 668 39 5 129 5001 15226 49% 25 37836 3601 68%
c d 16.23 668 39 5 129 5001 14494 49% 25 37569 3596 68%
c d 16.24 668 39 5 129 5001 14494 49% 25 37567 3595 68%
c # 16.39 668 35 5 137 6006 15149 46% 24 37567 3595 68%
c 
c  seconds   reductions  redundant   irredundant
c          MB    restarts       trail      variables
c           level   conflicts       glue        remaining
c 
c - 16.47 668 34 6 137 6301 2254 46% 23 37567 3595 68%
c } 16.55 668 31 6 137 7002 2687 44% 22 37567 3595 68%
c [ 16.55 668 15 6 137 7002 2687 38% 13 37567 3595 68%
c - 16.74 668 18 7 138 8401 2354 36% 16 37567 3595 68%
c I 16.94 668 19 7 139 10007 3254 35% 16 37567 3595 68%
c - 17.16 668 25 8 140 10802 2604 35% 21 37567 3595 68%
c - 17.71 668 30 9 142 13502 3107 35% 24 37567 3595 68%
c ] 17.97 668 30 9 142 15003 4156 36% 25 37567 3595 68%
c { 17.97 668 31 9 142 15003 4156 44% 22 37567 3595 68%
c 2 17.99 668 31 9 142 15003 6235 44% 22 37564 3595 68%
c p 18.27 668 31 9 142 15003 15460 44% 22 37564 3595 68%
c B 18.30 668 31 9 142 15011 15467 44% 22 37564 3595 68%
c s 18.46 668 31 9 156 15653 15741 43% 21 35919 3595 68%
c v 18.65 668 31 9 156 15653 15741 43% 21 35906 3595 68%
c t 18.67 668 31 9 156 15653 15701 43% 21 35864 3595 68%
c e 18.74 668 31 9 156 15653 6591 43% 21 30196 587 11%
c s 18.81 668 31 9 156 15653 6591 43% 21 30019 587 11%
c - 19.00 668 28 10 156 16504 3465 78% 20 30019 587 11%
c - 19.35 668 24 11 157 19804 3592 78% 18 30019 587 11%
c W 19.54 668 23 11 157 21013 4392 78% 17 30019 587 11%
c 
c  seconds   reductions    redundant   irredundant
c          MB     restarts        trail      variables
c           level     conflicts       glue       remaining
c 
c - 19.78 668 21 12 166 23404 3813 78% 16 30019 587 11%
c - 20.15 668 19 13 190 27305 3709 78% 15 30019 587 11%
c F 20.23 668 19 13 190 28015 4077 78% 15 30019 587 11%
c 3 20.44 668 19 13 216 30008 6147 78% 15 30018 587 11%
c p 20.77 668 19 13 216 30008 9372 78% 15 30018 583 11%
c } 20.92 668 19 13 244 31003 9853 78% 15 30018 583 11%
c [ 20.92 668 30 13 244 31003 9853 226% 25 30018 583 11%
c - 20.98 668 30 14 244 31506 4438 218% 24 30007 583 11%
c ] 20.98 668 30 14 244 31538 4460 217% 24 30007 583 11%
c 1 20.98 668 30 14 244 31538 4460 217% 24 30007 583 11%
c 
c --- [ writing output ] -----------------------------------------------------
c 
c writing simplified CNF to DIMACS file 'simp/12.cubes1469.adj.simp1'
c * 20.98 668 30 14 244 31538 4460 217% 24 30007 583 11%
c opening file to write 'simp/12.cubes1469.adj.simp1'
c writing 'p cnf 5320 30007' header
c closing file 'simp/12.cubes1469.adj.simp1'
c after writing 9922080 bytes 9.5 MB
c wrote 30007 clauses in 0.07 seconds process time
c 
c --- [ writing extension ] --------------------------------------------------
c 
c writing extension stack to 'simp/12.cubes1469.adj.ext1'
c opening file to write 'simp/12.cubes1469.adj.ext1'
c closing file 'simp/12.cubes1469.adj.ext1'
c after writing 168301 bytes 0.2 MB
c wrote 7739 witnesses in 0.00 seconds process time
c 
c --- [ result ] -------------------------------------------------------------
c 
s SATISFIABLE
c 
c --- [ run-time profiling ] -------------------------------------------------
c 
c process time taken by individual solving procedures
c (percentage relative to process time for solving)
c 
c        10.01   83.41% search
c         8.98   74.84% parse
c         7.63   63.55% unstable
c         1.99   16.59% simplify
c         1.98   16.47% stable
c         1.37   11.38% probe
c         0.33    2.77% lucky
c         0.20    1.69% vivify
c         0.14    1.19% elim
c         0.12    1.02% subsume
c         0.07    0.62% walk
c         0.04    0.34% ternary
c   =================================
c        12.00   56.99% solve
c 
c last line shows process time for solving
c (percentage relative to total process time)
c 
c --- [ statistics ] ---------------------------------------------------------
c 
c chronological:              5123        16.24 %  of conflicts
c conflicts:                 31538      2627.74    per second
c decisions:                 50658      4220.82    per second
c eliminated:                 3008        56.54 %  of all variables
c fixed:                      1707        32.09 %  of all variables
c learned:                   30814        97.70 %  per conflict
c learned_lits:            4452518       100.00 %  learned literals
c minimized:                     0         0.00 %  learned literals
c shrunken:                3297411        74.06 %  learned literals
c minishrunken:             179111         4.02 %  learned literals
c propagations:            4117407         0.34 M  per second
c reduced:                   14708        46.64 %  per conflict
c rephased:                      7      4505.43    interval
c restarts:                    244       129.25    interval
c stabilizing:                   3        33.41 %  of conflicts
c substituted:                  22         0.41 %  of all variables
c subsumed:                  13612         0.69 %  of all clauses
c strengthened:               2809         0.14 %  of all clauses
c ternary:                    5330         0.72 %  of resolved
c vivified:                     36         0.00 %  of all clauses
c walked:                        1     31538.00    interval
c weakened:                   6032         2.82    average size
c 
c seconds are measured in process time for solving
c 
c --- [ resources ] ----------------------------------------------------------
c 
c total process time since initialization:        21.06    seconds
c total real time since initialization:           21.10    seconds
c maximum resident set size of process:          746.20    MB
c 
c --- [ shutting down ] ------------------------------------------------------
c 
c exit 10
WARNING! DIMACS header mismatch: wrong number of variables.
============================[ Problem Statistics ]=============================
|                                                                             |
|  Number of variables:          3406                                         |
|  Number of clauses:           30015                                         |
|  Parse time:                   0.13 s                                       |
|  Simplification time:          0.00 s                                       |
|                                                                             |
============================[ Search Statistics ]====================================================
| Conflicts |          ORIGINAL         |          LEARNT          | Num Sols |      SUBGRAPHS      |
|           |    Vars  Clauses Literals |    Limit  Clauses Lit/Cl |          | Canonical Noncanon. |
=====================================================================================================
|       131 |    3312    30046  2172098 |     2000      131     21 |        0 |        25        31 |
|       333 |    3312    30098  2172836 |     2000      333     47 |        0 |        43        83 |
|       594 |    3312    30134  2173251 |     2000      594     54 |        0 |        53       119 |
|       934 |    3312    30137  2173294 |     2000      934     66 |        0 |        63       122 |
|      1457 |    3312    30154  2173542 |     2000     1457     69 |        0 |        68       139 |
|      2229 |    3312    30167  2173821 |     3608     1237     56 |        0 |        78       152 |
|      3499 |    3312    30298  2175535 |     3608     2507     60 |        0 |        94       283 |
|      5356 |    3312    30447  2177138 |     5004     2560     43 |        0 |       131       432 |
|      8086 |    3312    30615  2178603 |     6312     2798     34 |        0 |       163       600 |
|     12223 |    3312    30908  2181842 |     7561     3784     34 |        0 |       228       893 |
=====================================================================================================
Number of solutions   : 0
Canonical subgraphs   : 360            (199 /sec)
          order  3    : 1              (166667 /sec)
          order  4    : 1              (333333 /sec)
          order  5    : 1              (200000 /sec)
          order  6    : 1              (52632 /sec)
          order  7    : 2              (10526 /sec)
          order  8    : 2              (4193 /sec)
          order  9    : 2              (1936 /sec)
          order 10    : 13             (1094 /sec)
          order 11    : 32             (599 /sec)
          order 12    : 113            (311 /sec)
          order 13    : 98             (169 /sec)
          order 14    : 83             (118 /sec)
          order 15    : 11             (109 /sec)
          order 16    : 0              (-nan /sec)
          order 17    : 0              (-nan /sec)
          order 18    : 0              (-nan /sec)
          order 19    : 0              (-nan /sec)
          order 20    : 0              (-nan /sec)
          order 21    : 0              (-nan /sec)
Noncanonical subgraphs: 1625           (4320 /sec)
          order  3    : 0              (-nan /sec)
          order  4    : 0              (-nan /sec)
          order  5    : 0              (-nan /sec)
          order  6    : 0              (-nan /sec)
          order  7    : 0              (-nan /sec)
          order  8    : 0              (-nan /sec)
          order  9    : 0              (-nan /sec)
          order 10    : 0              (-nan /sec)
          order 11    : 0              (-nan /sec)
          order 12    : 0              (-nan /sec)
          order 13    : 631            (8655 /sec)
          order 14    : 760            (3889 /sec)
          order 15    : 226            (2352 /sec)
          order 16    : 8              (680 /sec)
          order 17    : 0              (-nan /sec)
          order 18    : 0              (-nan /sec)
          order 19    : 0              (-nan /sec)
          order 20    : 0              (-nan /sec)
Canonicity checking   : 1.81326 s
Noncanonicity checking: 0.376189 s
Total canonicity time : 2.18945 s
database reductions   : 5
restarts              : 63
conflicts             : 16822          (4278 /sec)
decisions             : 30884          (0.00 % random) (7855 /sec)
propagations          : 668760         (170083 /sec)
conflict literals     : 1052835        (55.20 % deleted)
actual reward         : 0.283562
Memory used           : 39.00 MB
CPU time              : 3.93197 s

UNSATISFIABLE
