c --- [ banner ] -------------------------------------------------------------
c 
c CaDiCaL Radically Simplified CDCL SAT Solver
c Copyright (c) 2016-2021 A. Biere, M. Fleury, N. Froleyks
c 
c Version 1.5.2 a5f15211db36c3956764e18194dd5bd63bf3b5e6
c g++ (GCC) 9.3.0 -Wall -Wextra -O3 -DNDEBUG
c Fri Oct 21 01:27:37 EDT 2022 Linux gra-login3 3.10.0-1160.66.1.el7.x86_64 x86_64
c 
c --- [ limit ] --------------------------------------------------------------
c 
c setting conflict limit to 200000 conflicts (due to '200000')
c 
c --- [ parsing input ] ------------------------------------------------------
c 
c reading DIMACS file from '23.cubes466.adj'
c opening file to read '23.cubes466.adj'
c found 'p cnf 5320 914897' header
c parsed 914897 clauses in 8.30 seconds process time
c closing file '23.cubes466.adj'
c after reading 637830021 bytes 608.3 MB
c 
c --- [ options ] ------------------------------------------------------------
c 
c all options are set to their default value
c 
c --- [ solving ] ------------------------------------------------------------
c 
c time measured in process time since initialization
c 
c  seconds   reductions  redundant  irredundant
c          MB    restarts       trail      variables
c           level   conflicts       glue        remaining
c 
c *  8.30 631  0 0   0    0    0  0% 0 914847 2086 39%
c {  8.82 655  0 0   0    0    0  0% 0 914847 2086 39%
c i 10.16 695 693 0   2   36   34 34% 7 914847 2074 39%
c i 10.18 696 674 0   2   37   34 34% 6 914847 2049 39%
c i 10.18 696 656 0   2   38   34 33% 6 914847 2037 38%
c i 13.26 716 145 0  39  262  173 25% 18 914847 2034 38%
c - 15.28 689 143 1  46  301  205 25% 25 246348 2034 38%
c i 16.91 691 88 1  70  648  454 25% 23 246348 2033 38%
c i 17.02 691 84 1  70  708  499 25% 22 246348 2032 38%
c i 17.40 691 86 1  83  801  564 25% 24 246348 2031 38%
c } 18.56 692 81 1 117 1002  690 25% 25 246348 2031 38%
c [ 18.56 692  0 1 117 1002  690  0% 0 246348 2031 38%
c O 18.56 692  0 1 117 1003  690  9% 0 246348 2031 38%
c i 18.56 692  0 1 117 1003  690  9% 0 246348 2022 38%
c i 18.56 692  0 1 117 1004  690  9% 0 246348 2011 38%
c i 18.56 692  0 1 117 1005  690  9% 0 246348 2000 38%
c i 18.67 692 19 1 117 1018  702 25% 15 246348 1999 38%
c i 18.68 692 18 1 117 1019  702 25% 14 246348 1998 38%
c i 18.71 692 29 1 117 1029  711 27% 20 246348 1997 38%
c i 18.76 692 38 1 117 1050  730 28% 24 246348 1996 38%
c 
c  seconds   reductions  redundant   irredundant
c          MB    restarts       trail       variables
c           level   conflicts       glue         remaining
c 
c i 18.85 692 47 1 117 1078  750 29% 29 246348 1995 38%
c i 18.89 692 50 1 117 1103  771 29% 33 246348 1994 37%
c - 19.37 786 49 2 117 1136  700 29% 33 244958 1994 37%
c i 19.55 786 36 2 117 1303  825 29% 26 244958 1993 37%
c i 19.64 786 29 2 117 1489  929 29% 22 244958 1992 37%
c i 19.64 786 29 2 117 1491  930 29% 22 244958 1991 37%
c i 19.68 786 27 2 117 1584  996 29% 21 244958 1990 37%
c i 19.85 786 22 2 117 1927 1234 29% 18 244958 1989 37%
c - 20.23 786 21 3 118 2388 1225 29% 17 244943 1989 37%
c i 20.70 736 19 3 118 2915 1571 53% 16 244943 1988 37%
c ] 20.73 736 20 3 118 3002 1634 53% 16 244943 1988 37%
c { 20.73 736 81 3 118 3002 1634 66% 25 244943 1988 37%
c F 20.75 736 81 3 118 3004 1636 66% 25 244943 1988 37%
c i 20.95 736 79 3 118 3040 1668 66% 25 244943 1987 37%
c i 21.07 736 79 3 126 3078 1688 65% 25 244943 1986 37%
c i 22.06 736 86 3 163 3444 1939 59% 26 244943 1985 37%
c - 22.53 735 68 4 165 4054 1751 58% 24 244933 1985 37%
c 2 23.09 735 52 4 167 5000 3344 57% 21 244921 1981 37%
c p 28.50 735 52 4 167 5000 6499 57% 21 244921 1955 37%
c d 28.76 735 52 4 167 5000 6165 57% 21 211044 1953 37%
c 
c  seconds   reductions  redundant   irredundant
c          MB    restarts       trail       variables
c           level   conflicts       glue         remaining
c 
c # 30.56 735 46 4 211 6013 6810 55% 20 211044 1953 37%
c - 31.03 721 46 5 211 6138 2529 55% 20 211044 1953 37%
c } 33.83 721 45 5 326 7006 3213 53% 21 211044 1953 37%
c [ 33.83 721 20 5 326 7006 3213 53% 16 211044 1953 37%
c - 34.61 721 22 6 327 8523 2948 53% 18 211044 1953 37%
c I 35.36 721 23 6 328 10015 3947 53% 19 211044 1953 37%
c - 37.44 721 25 7 330 11304 3529 51% 20 211044 1953 37%
c - 40.96 721 27 8 331 14485 4067 50% 22 211044 1953 37%
c 2 41.61 721 27 8 331 15000 5257 50% 22 211043 1953 37%
c p 44.35 721 27 8 331 15000 8241 50% 22 211043 1952 37%
c ] 44.53 721 27 8 331 15008 8247 50% 22 211043 1952 37%
c { 44.53 721 45 8 331 15008 8247 53% 21 211043 1952 37%
c B 44.67 721 45 8 335 15018 8254 53% 21 211043 1952 37%
c s 48.61 721 40 8 468 17554 9959 52% 20 209846 1952 37%
c v 50.86 721 40 8 468 17554 9959 52% 20 209834 1952 37%
c t 50.93 721 40 8 468 17554 9945 52% 20 209827 1952 37%
c e 51.70 723 40 8 468 17554 7575 52% 20 207959 981 18%
c s 51.80 723 40 8 468 17554 7569 52% 20 207887 981 18%
c - 54.18 723 41 9 551 18061 4886 64% 20 207887 981 18%
c W 62.99 723 43 9 974 21023 7230 66% 22 207887 981 18%
c 
c  seconds   reductions     redundant   irredundant
c          MB     restarts         trail       variables
c           level      conflicts       glue        remaining
c 
c - 64.83 643 43 10 1028 22014 5713 66% 22 207887 981 18%
c - 69.14 643 38 11 1176 26365 6288 68% 21 207887 981 18%
c F 70.55 643 37 11 1216 28025 7518 68% 21 207887 981 18%
c 3 72.03 643 35 11 1218 30000 9447 68% 20 207887 981 18%
c p 74.80 643 35 11 1218 30000 11613 68% 20 207887 978 18%
c } 75.56 643 34 11 1229 31008 12268 69% 20 207887 978 18%
c [ 75.56 643 27 11 1229 31008 12268 101% 22 207887 978 18%
c - 75.82 643 27 12 1229 31109 6742 101% 22 207878 978 18%
c B 78.93 643 25 12 1232 36027 10141 90% 21 207878 978 18%
c - 79.24 643 26 13 1232 36251 7288 89% 21 207878 978 18%
c - 82.78 723 29 14 1235 41786 7658 84% 24 207878 978 18%
c W 84.95 723 29 14 1236 45030 9871 82% 24 207878 978 18%
c - 86.27 643 30 15 1237 47717 8042 81% 25 207878 978 18%
c s 86.66 643 30 15 1237 48466 8551 80% 25 207667 978 18%
c v 89.31 643 30 15 1237 48466 8551 80% 25 207642 978 18%
c e 90.09 643 30 15 1237 48466 8548 80% 25 207636 972 18%
c s 90.22 643 30 15 1237 48466 8548 80% 25 207523 972 18%
c p 92.71 643 30 15 1237 50000 12644 80% 25 207523 972 18%
c - 94.67 643 29 16 1237 54043 8494 78% 25 207523 972 18%
c O 95.02 643 29 16 1238 55035 9174 78% 25 207523 972 18%
c 
c  seconds   reductions     redundant   irredundant
c          MB     restarts         trail       variables
c           level      conflicts       glue        remaining
c 
c - 97.02 644 27 17 1243 60762 9540 76% 23 207523 972 18%
c ] 97.82 644 27 17 1244 63008 11216 76% 22 207523 972 18%
c { 97.82 644 34 17 1244 63008 11216 69% 20 207523 972 18%
c B 99.78 644 32 17 1295 66038 13381 69% 19 207523 972 18%
c - 102.65 644 32 18 1468 67874 10090 69% 20 207523 972 18%
c p 110.62 644 31 18 1817 75000 17671 67% 20 207523 972 18%
c - 110.93 644 30 19 1825 75381 9726 67% 20 207523 972 18%
c W 111.88 644 29 19 1847 78039 11424 68% 19 207523 972 18%
c } 111.89 644 29 19 1847 78082 11452 68% 19 207523 972 18%
c 1 111.89 644 29 19 1847 78082 11452 68% 19 207523 972 18%
c 
c --- [ writing output ] -----------------------------------------------------
c 
c writing simplified CNF to DIMACS file 'simp/23.cubes466.adj.simp1'
c * 111.89 644 29 19 1847 78082 11452 68% 19 207523 972 18%
c opening file to write 'simp/23.cubes466.adj.simp1'
c writing 'p cnf 5320 207523' header
c closing file 'simp/23.cubes466.adj.simp1'
c after writing 86807228 bytes 82.8 MB
c wrote 207523 clauses in 0.65 seconds process time
c 
c --- [ writing extension ] --------------------------------------------------
c 
c writing extension stack to 'simp/23.cubes466.adj.ext1'
c opening file to write 'simp/23.cubes466.adj.ext1'
c closing file 'simp/23.cubes466.adj.ext1'
c after writing 66045 bytes 0.1 MB
c wrote 2922 witnesses in 0.00 seconds process time
c 
c --- [ result ] -------------------------------------------------------------
c 
s SATISFIABLE
c 
c --- [ run-time profiling ] -------------------------------------------------
c 
c process time taken by individual solving procedures
c (percentage relative to process time for solving)
c 
c        81.96   79.13% search
c        54.09   52.22% unstable
c        25.94   25.04% stable
c        21.62   20.87% simplify
c        12.68   12.24% probe
c         8.30    8.02% parse
c         5.00    4.82% vivify
c         2.73    2.63% elim
c         1.41    1.36% walk
c         0.52    0.50% lucky
c         0.44    0.42% subsume
c         0.17    0.17% ternary
c   =================================
c       103.59   92.05% solve
c 
c last line shows process time for solving
c (percentage relative to total process time)
c 
c --- [ statistics ] ---------------------------------------------------------
c 
c chronological:             14613        18.71 %  of conflicts
c conflicts:                 78082       753.79    per second
c decisions:                195135      1883.81    per second
c eliminated:                  977        18.36 %  of all variables
c fixed:                       530         9.96 %  of all variables
c learned:                   76341        97.77 %  per conflict
c learned_lits:           15401563       100.00 %  learned literals
c minimized:                     0         0.00 %  learned literals
c shrunken:                8420316        54.67 %  learned literals
c minishrunken:            1726152        11.21 %  learned literals
c propagations:            6521099         0.06 M  per second
c reduced:                   42064        53.87 %  per conflict
c rephased:                     12      6506.83    interval
c restarts:                   1847        42.28    interval
c stabilizing:                   3        53.79 %  of conflicts
c substituted:                   4         0.08 %  of all variables
c subsumed:                  24177         1.18 %  of all clauses
c strengthened:              11687         0.57 %  of all clauses
c ternary:                    4276         0.92 %  of resolved
c vivified:                     55         0.00 %  of all clauses
c walked:                        3     26027.33    interval
c weakened:                   2392         3.02    average size
c 
c seconds are measured in process time for solving
c 
c --- [ resources ] ----------------------------------------------------------
c 
c total process time since initialization:       112.54    seconds
c total real time since initialization:          112.61    seconds
c maximum resident set size of process:          880.43    MB
c 
c --- [ shutting down ] ------------------------------------------------------
c 
c exit 10
WARNING! DIMACS header mismatch: wrong number of variables.
============================[ Problem Statistics ]=============================
|                                                                             |
|  Number of variables:          5282                                         |
|  Number of clauses:          207525                                         |
|  Parse time:                   1.21 s                                       |
|  Simplification time:          0.02 s                                       |
|                                                                             |
============================[ Search Statistics ]====================================================
| Conflicts |          ORIGINAL         |          LEARNT          | Num Sols |      SUBGRAPHS      |
|           |    Vars  Clauses Literals |    Limit  Clauses Lit/Cl |          | Canonical Noncanon. |
=====================================================================================================
|       102 |    5207   207527 19595412 |     2000      102    154 |        0 |        14         2 |
|       252 |    5207   207527 19595412 |     2000      252    133 |        0 |        19         2 |
|       484 |    5207   207534 19595638 |     2000      484    116 |        0 |        28         9 |
|      1112 |    5207   207825 19602687 |     2000     1112     73 |        0 |       109       300 |
|      2832 |    5207   209039 19622045 |     3601     1833     17 |        0 |       403      1514 |
|      5075 |    5207   210523 19649869 |     5006     2281     14 |        0 |      1014      2998 |
|      8077 |    5207   212386 19685358 |     6303     2780     13 |        0 |      1827      4861 |
|     16746 |    5207   219347 19801763 |     8779     4525     13 |        0 |      3451     11822 |
|     27768 |    5207   227807 19955134 |    11204     6172     13 |        0 |      5560     20282 |
|     51563 |    5207   247758 20272761 |    14808    11371     13 |        0 |      8550     40233 |
|     90768 |    5207   281197 20768027 |    19608    17376     11 |        0 |     12518     73672 |
|    147849 |    5181   329628 21394150 |    25610    19459     10 |        0 |     17027    122104 |
=====================================================================================================
Number of solutions   : 0
Canonical subgraphs   : 22120          (50 /sec)
          order  3    : 1              (200000 /sec)
          order  4    : 1              (500000 /sec)
          order  5    : 1              (200000 /sec)
          order  6    : 1              (55556 /sec)
          order  7    : 2              (10309 /sec)
          order  8    : 6              (2597 /sec)
          order  9    : 21             (758 /sec)
          order 10    : 80             (218 /sec)
          order 11    : 396            (73 /sec)
          order 12    : 2295           (48 /sec)
          order 13    : 18481          (50 /sec)
          order 14    : 821            (37 /sec)
          order 15    : 14             (26 /sec)
          order 16    : 0              (-nan /sec)
          order 17    : 0              (-nan /sec)
          order 18    : 0              (-nan /sec)
          order 19    : 0              (-nan /sec)
          order 20    : 0              (-nan /sec)
          order 21    : 0              (-nan /sec)
Noncanonical subgraphs: 185876         (364 /sec)
          order  3    : 0              (-nan /sec)
          order  4    : 0              (-nan /sec)
          order  5    : 0              (-nan /sec)
          order  6    : 0              (-nan /sec)
          order  7    : 0              (-nan /sec)
          order  8    : 0              (-nan /sec)
          order  9    : 0              (-nan /sec)
          order 10    : 0              (-nan /sec)
          order 11    : 0              (-nan /sec)
          order 12    : 0              (-nan /sec)
          order 13    : 33613          (2241 /sec)
          order 14    : 150549         (306 /sec)
          order 15    : 1699           (364 /sec)
          order 16    : 15             (283 /sec)
          order 17    : 0              (-nan /sec)
          order 18    : 0              (-nan /sec)
          order 19    : 0              (-nan /sec)
          order 20    : 0              (-nan /sec)
Canonicity checking   : 444.429 s
Noncanonicity checking: 510.964 s
Total canonicity time : 955.393 s
database reductions   : 24
restarts              : 511
conflicts             : 220307         (215 /sec)
decisions             : 441267         (0.00 % random) (431 /sec)
propagations          : 11487708       (11215 /sec)
conflict literals     : 3040435        (64.22 % deleted)
actual reward         : 0.076255
Memory used           : 158.00 MB
CPU time              : 1024.34 s

UNSATISFIABLE
