+ '[' -z 583 ']'
+ f=constraints_22_11.simp-noncanon.simp
+ c=22-cubes/30.cubes
+ i=583
+ s=70
+ adj=22-cubes/30.cubes583.adj
+ cnf=22-cubes/30.cubes583.cnf
+ ext=22-cubes/30.cubes583.ext
+ cnfext=22-cubes/30.cubes583.cnfext
+ unitlines=0
++ sed '584q;d' 22-cubes/30.cubes
+ for b in '$(sed "$((i+1))q;d" "$c")'
+ [[ a != \a ]]
+ for b in '$(sed "$((i+1))q;d" "$c")'
+ [[ -92 != \a ]]
+ [[ -92 != \0 ]]
+ unitlines=1
+ for b in '$(sed "$((i+1))q;d" "$c")'
+ [[ 137 != \a ]]
+ [[ 137 != \0 ]]
+ unitlines=2
+ for b in '$(sed "$((i+1))q;d" "$c")'
+ [[ 121 != \a ]]
+ [[ 121 != \0 ]]
+ unitlines=3
+ for b in '$(sed "$((i+1))q;d" "$c")'
+ [[ -158 != \a ]]
+ [[ -158 != \0 ]]
+ unitlines=4
+ for b in '$(sed "$((i+1))q;d" "$c")'
+ [[ -106 != \a ]]
+ [[ -106 != \0 ]]
+ unitlines=5
+ for b in '$(sed "$((i+1))q;d" "$c")'
+ [[ 80 != \a ]]
+ [[ 80 != \0 ]]
+ unitlines=6
+ for b in '$(sed "$((i+1))q;d" "$c")'
+ [[ -143 != \a ]]
+ [[ -143 != \0 ]]
+ unitlines=7
+ for b in '$(sed "$((i+1))q;d" "$c")'
+ [[ -169 != \a ]]
+ [[ -169 != \0 ]]
+ unitlines=8
+ for b in '$(sed "$((i+1))q;d" "$c")'
+ [[ -205 != \a ]]
+ [[ -205 != \0 ]]
+ unitlines=9
+ for b in '$(sed "$((i+1))q;d" "$c")'
+ [[ -38 != \a ]]
+ [[ -38 != \0 ]]
+ unitlines=10
+ for b in '$(sed "$((i+1))q;d" "$c")'
+ [[ -129 != \a ]]
+ [[ -129 != \0 ]]
+ unitlines=11
+ for b in '$(sed "$((i+1))q;d" "$c")'
+ [[ -186 != \a ]]
+ [[ -186 != \0 ]]
+ unitlines=12
+ for b in '$(sed "$((i+1))q;d" "$c")'
+ [[ -153 != \a ]]
+ [[ -153 != \0 ]]
+ unitlines=13
+ for b in '$(sed "$((i+1))q;d" "$c")'
+ [[ -152 != \a ]]
+ [[ -152 != \0 ]]
+ unitlines=14
+ for b in '$(sed "$((i+1))q;d" "$c")'
+ [[ -134 != \a ]]
+ [[ -134 != \0 ]]
+ unitlines=15
+ for b in '$(sed "$((i+1))q;d" "$c")'
+ [[ -210 != \a ]]
+ [[ -210 != \0 ]]
+ unitlines=16
+ for b in '$(sed "$((i+1))q;d" "$c")'
+ [[ -225 != \a ]]
+ [[ -225 != \0 ]]
+ unitlines=17
+ for b in '$(sed "$((i+1))q;d" "$c")'
+ [[ -170 != \a ]]
+ [[ -170 != \0 ]]
+ unitlines=18
+ for b in '$(sed "$((i+1))q;d" "$c")'
+ [[ -166 != \a ]]
+ [[ -166 != \0 ]]
+ unitlines=19
+ for b in '$(sed "$((i+1))q;d" "$c")'
+ [[ -167 != \a ]]
+ [[ -167 != \0 ]]
+ unitlines=20
+ for b in '$(sed "$((i+1))q;d" "$c")'
+ [[ -165 != \a ]]
+ [[ -165 != \0 ]]
+ unitlines=21
+ for b in '$(sed "$((i+1))q;d" "$c")'
+ [[ 136 != \a ]]
+ [[ 136 != \0 ]]
+ unitlines=22
+ for b in '$(sed "$((i+1))q;d" "$c")'
+ [[ -57 != \a ]]
+ [[ -57 != \0 ]]
+ unitlines=23
+ for b in '$(sed "$((i+1))q;d" "$c")'
+ [[ -133 != \a ]]
+ [[ -133 != \0 ]]
+ unitlines=24
+ for b in '$(sed "$((i+1))q;d" "$c")'
+ [[ -68 != \a ]]
+ [[ -68 != \0 ]]
+ unitlines=25
+ for b in '$(sed "$((i+1))q;d" "$c")'
+ [[ 0 != \a ]]
+ [[ 0 != \0 ]]
++ cut '-d ' -f3
++ head -n 1 constraints_22_11.simp-noncanon.simp
+ numvars=6160
++ cut '-d ' -f4
++ head -n 1 constraints_22_11.simp-noncanon.simp
+ numlines=1786659
+ newlines=1786684
+ echo 'p cnf 6160 1786684'
+ tail constraints_22_11.simp-noncanon.simp -n +2
++ sed '584q;d' 22-cubes/30.cubes
+ for b in '$(sed "$((i+1))q;d" "$c")'
+ [[ a != \a ]]
+ for b in '$(sed "$((i+1))q;d" "$c")'
+ [[ -92 != \a ]]
+ [[ -92 != \0 ]]
+ echo '-92 0'
+ for b in '$(sed "$((i+1))q;d" "$c")'
+ [[ 137 != \a ]]
+ [[ 137 != \0 ]]
+ echo '137 0'
+ for b in '$(sed "$((i+1))q;d" "$c")'
+ [[ 121 != \a ]]
+ [[ 121 != \0 ]]
+ echo '121 0'
+ for b in '$(sed "$((i+1))q;d" "$c")'
+ [[ -158 != \a ]]
+ [[ -158 != \0 ]]
+ echo '-158 0'
+ for b in '$(sed "$((i+1))q;d" "$c")'
+ [[ -106 != \a ]]
+ [[ -106 != \0 ]]
+ echo '-106 0'
+ for b in '$(sed "$((i+1))q;d" "$c")'
+ [[ 80 != \a ]]
+ [[ 80 != \0 ]]
+ echo '80 0'
+ for b in '$(sed "$((i+1))q;d" "$c")'
+ [[ -143 != \a ]]
+ [[ -143 != \0 ]]
+ echo '-143 0'
+ for b in '$(sed "$((i+1))q;d" "$c")'
+ [[ -169 != \a ]]
+ [[ -169 != \0 ]]
+ echo '-169 0'
+ for b in '$(sed "$((i+1))q;d" "$c")'
+ [[ -205 != \a ]]
+ [[ -205 != \0 ]]
+ echo '-205 0'
+ for b in '$(sed "$((i+1))q;d" "$c")'
+ [[ -38 != \a ]]
+ [[ -38 != \0 ]]
+ echo '-38 0'
+ for b in '$(sed "$((i+1))q;d" "$c")'
+ [[ -129 != \a ]]
+ [[ -129 != \0 ]]
+ echo '-129 0'
+ for b in '$(sed "$((i+1))q;d" "$c")'
+ [[ -186 != \a ]]
+ [[ -186 != \0 ]]
+ echo '-186 0'
+ for b in '$(sed "$((i+1))q;d" "$c")'
+ [[ -153 != \a ]]
+ [[ -153 != \0 ]]
+ echo '-153 0'
+ for b in '$(sed "$((i+1))q;d" "$c")'
+ [[ -152 != \a ]]
+ [[ -152 != \0 ]]
+ echo '-152 0'
+ for b in '$(sed "$((i+1))q;d" "$c")'
+ [[ -134 != \a ]]
+ [[ -134 != \0 ]]
+ echo '-134 0'
+ for b in '$(sed "$((i+1))q;d" "$c")'
+ [[ -210 != \a ]]
+ [[ -210 != \0 ]]
+ echo '-210 0'
+ for b in '$(sed "$((i+1))q;d" "$c")'
+ [[ -225 != \a ]]
+ [[ -225 != \0 ]]
+ echo '-225 0'
+ for b in '$(sed "$((i+1))q;d" "$c")'
+ [[ -170 != \a ]]
+ [[ -170 != \0 ]]
+ echo '-170 0'
+ for b in '$(sed "$((i+1))q;d" "$c")'
+ [[ -166 != \a ]]
+ [[ -166 != \0 ]]
+ echo '-166 0'
+ for b in '$(sed "$((i+1))q;d" "$c")'
+ [[ -167 != \a ]]
+ [[ -167 != \0 ]]
+ echo '-167 0'
+ for b in '$(sed "$((i+1))q;d" "$c")'
+ [[ -165 != \a ]]
+ [[ -165 != \0 ]]
+ echo '-165 0'
+ for b in '$(sed "$((i+1))q;d" "$c")'
+ [[ 136 != \a ]]
+ [[ 136 != \0 ]]
+ echo '136 0'
+ for b in '$(sed "$((i+1))q;d" "$c")'
+ [[ -57 != \a ]]
+ [[ -57 != \0 ]]
+ echo '-57 0'
+ for b in '$(sed "$((i+1))q;d" "$c")'
+ [[ -133 != \a ]]
+ [[ -133 != \0 ]]
+ echo '-133 0'
+ for b in '$(sed "$((i+1))q;d" "$c")'
+ [[ -68 != \a ]]
+ [[ -68 != \0 ]]
+ echo '-68 0'
+ for b in '$(sed "$((i+1))q;d" "$c")'
+ [[ 0 != \a ]]
+ [[ 0 != \0 ]]
+ ./simplify-by-var-removal.sh 22-cubes/30.cubes583.adj 70
+ '[' -z 70 ']'
+ f=22-cubes/30.cubes583.adj
+ p=70
++ echo 22-cubes
+ sub_dir=22-cubes
+ mkdir -p log/22-cubes
+ mkdir -p simp/22-cubes
+ tee log/22-cubes/30.cubes583.adj.simp1
+ ./cadical/build/cadical 22-cubes/30.cubes583.adj -o simp/22-cubes/30.cubes583.adj.simp1 -e simp/22-cubes/30.cubes583.adj.ext1 -n -c 200000
c --- [ banner ] -------------------------------------------------------------
c 
c CaDiCaL Radically Simplified CDCL SAT Solver
c Copyright (c) 2016-2021 A. Biere, M. Fleury, N. Froleyks
c 
c Version 1.5.2
c g++ (GCC) 9.3.0 -Wall -Wextra -O3 -DNDEBUG
c Tue Feb 8 21:15:15 EST 2022 Linux gra-login1 3.10.0-1160.36.2.el7.x86_64 x86_64
c 
c --- [ limit ] --------------------------------------------------------------
c 
c setting conflict limit to 200000 conflicts (due to '200000')
c 
c --- [ parsing input ] ------------------------------------------------------
c 
c reading DIMACS file from '22-cubes/30.cubes583.adj'
c opening file to read '22-cubes/30.cubes583.adj'
c found 'p cnf 6160 1786684' header
c parsed 1786684 clauses in 18.46 seconds process time
c closing file '22-cubes/30.cubes583.adj'
c after reading 1542541782 bytes 1471.1 MB
c 
c --- [ options ] ------------------------------------------------------------
c 
c all options are set to their default value
c 
c --- [ solving ] ------------------------------------------------------------
c 
c time measured in process time since initialization
c 
c  seconds    reductions  redundant   irredundant
c          MB     restarts       trail       variables
c            level   conflicts       glue         remaining
c 
c * 18.47 1467  0 0   0    0    0  0% 0 1785954 4694 76%
c { 19.33 1512  0 0   0    0    0  0% 0 1785954 4694 76%
c i 22.34 1580 73 0   7   74   50 44% 11 1785954 4693 76%
c i 23.82 1594 46 0  23  195   97 39% 14 1785954 4684 76%
c i 23.98 1599 49 0  24  202  102 39% 16 1785954 4661 76%
c i 24.84 1610 49 0  41  270  142 40% 18 1785954 4655 76%
c i 24.90 1611 49 0  41  272  143 40% 18 1785954 4654 76%
c i 25.03 1612 49 0  42  279  149 41% 19 1785954 4653 76%
c - 29.80 1609 50 1  49  301  165 42% 20 829679 4653 76%
c i 30.25 1610 50 1  51  316  179 42% 21 829679 4652 76%
c i 30.51 1565 52 1  55  330  192 42% 21 829679 4651 76%
c i 30.65 1566 55 1  57  337  198 42% 22 829679 4650 75%
c i 31.52 1567 33 1  68  856  294 38% 17 829679 4649 75%
c i 31.53 1567 33 1  68  857  294 38% 16 829679 4648 75%
c i 31.53 1567 33 1  68  858  294 38% 16 829679 4647 75%
c i 31.55 1568 33 1  69  861  296 38% 17 829679 4646 75%
c i 31.92 1568 35 1  78  898  323 39% 17 829679 4637 75%
c i 32.15 1568 36 1  84  935  348 38% 17 829679 4630 75%
c i 32.18 1568 36 1  84  937  349 39% 17 829679 4629 75%
c i 32.50 1569 36 1  87  948  359 39% 17 829679 4628 75%
c 
c  seconds    reductions  redundant   irredundant
c          MB     restarts       trail       variables
c            level   conflicts       glue         remaining
c 
c i 32.51 1569 36 1  87  950  360 39% 17 829679 4627 75%
c i 32.52 1569 36 1  88  951  360 39% 17 829679 4626 75%
c } 32.68 1570 35 1  88 1001  371 39% 17 829679 4626 75%
c [ 32.68 1570  0 1  88 1001  371  0% 0 829679 4626 75%
c O 32.69 1570  2 1  88 1002  372 31% 2 829679 4626 75%
c i 32.71 1570  2 1  88 1026  380 33% 2 829679 4586 74%
c i 32.72 1570  3 1  88 1062  387 32% 3 829679 4553 74%
c i 32.72 1570  3 1  88 1063  387 32% 3 829679 4512 73%
c i 33.42 1570 19 1  88 1161  472 50% 11 829679 4511 73%
c i 33.58 1570 17 1  88 1250  545 52% 11 829679 4510 73%
c i 33.63 1570 17 1  88 1274  559 53% 11 829679 4509 73%
c i 33.74 1570 17 1  88 1365  608 53% 12 829679 4508 73%
c i 33.85 1570 17 1  88 1419  639 53% 12 829679 4507 73%
c i 33.85 1570 17 1  88 1421  640 53% 12 829679 4506 73%
c i 33.88 1570 16 1  88 1451  664 54% 12 829679 4505 73%
c - 35.47 1905 16 2  88 1452  534 54% 12 826902 4505 73%
c i 35.69 1781 16 2  88 1461  540 54% 12 826902 4504 73%
c i 35.74 1781 16 2  88 1473  546 54% 12 826902 4503 73%
c i 35.74 1781 16 2  88 1474  546 54% 12 826902 4502 73%
c i 36.02 1781 18 2  88 1523  576 54% 13 826902 4501 73%
c 
c  seconds    reductions  redundant   irredundant
c          MB     restarts       trail       variables
c            level   conflicts       glue         remaining
c 
c i 36.17 1781 19 2  88 1555  598 54% 14 826902 4500 73%
c i 36.17 1781 19 2  88 1557  599 54% 14 826902 4499 73%
c i 36.18 1781 20 2  88 1560  600 54% 14 826902 4498 73%
c i 36.25 1781 20 2  88 1575  614 54% 15 826902 4497 73%
c i 36.31 1781 21 2  88 1587  624 54% 15 826902 4496 73%
c i 36.33 1781 21 2  88 1603  633 54% 15 826902 4495 73%
c i 36.34 1781 21 2  88 1606  635 54% 15 826902 4494 73%
c i 36.34 1781 21 2  88 1614  639 54% 15 826902 4493 73%
c i 36.34 1781 21 2  88 1617  641 54% 15 826902 4492 73%
c i 36.34 1781 21 2  88 1618  641 54% 15 826902 4491 73%
c i 36.34 1781 21 2  88 1619  641 54% 15 826902 4490 73%
c i 36.39 1781 21 2  88 1629  648 54% 15 826902 4489 73%
c i 36.39 1781 21 2  88 1630  648 54% 15 826902 4488 73%
c i 36.39 1781 21 2  88 1632  648 54% 15 826902 4487 73%
c i 36.41 1781 21 2  88 1639  654 54% 15 826902 4486 73%
c i 36.41 1781 21 2  88 1644  656 54% 15 826902 4485 73%
c i 36.49 1781 21 2  88 1660  667 54% 15 826902 4484 73%
c i 36.50 1781 21 2  88 1666  666 54% 15 826902 4483 73%
c i 36.52 1781 21 2  88 1675  670 54% 15 826902 4482 73%
c i 36.54 1781 21 2  88 1680  674 54% 15 826902 4481 73%
c 
c  seconds    reductions  redundant   irredundant
c          MB     restarts       trail       variables
c            level   conflicts       glue         remaining
c 
c i 36.55 1781 21 2  88 1681  674 54% 15 826902 4480 73%
c i 36.55 1781 21 2  88 1682  674 54% 15 826902 4479 73%
c i 36.60 1781 21 2  88 1709  698 54% 15 826902 4478 73%
c i 36.63 1781 21 2  88 1717  704 54% 15 826902 4477 73%
c i 36.64 1781 21 2  88 1719  705 54% 15 826902 4476 73%
c i 36.65 1781 21 2  88 1727  712 54% 15 826902 4475 73%
c i 36.84 1781 21 2  88 1814  768 54% 16 826902 4474 73%
c i 36.89 1781 20 2  88 1832  783 55% 16 826902 4473 73%
c i 36.90 1781 20 2  88 1835  783 55% 16 826902 4472 73%
c i 37.49 1781 22 2  89 2129  952 55% 17 826902 4471 73%
c i 37.68 1781 23 2  89 2246 1042 55% 18 826902 4470 73%
c i 37.71 1781 23 2  89 2266 1053 55% 19 826902 4469 73%
c i 37.78 1781 24 2  89 2317 1091 55% 19 826902 4468 73%
c i 37.82 1781 24 2  89 2334 1101 55% 19 826902 4467 73%
c i 37.92 1781 25 2  89 2437 1169 56% 20 826902 4466 72%
c i 37.95 1781 25 2  89 2478 1201 56% 20 826902 4465 72%
c i 37.97 1781 25 2  89 2489 1208 56% 20 826902 4464 72%
c i 38.02 1781 25 2  89 2516 1220 56% 20 826902 4463 72%
c i 38.06 1781 25 2  89 2547 1242 56% 20 826902 4462 72%
c i 38.07 1781 25 2  89 2554 1246 56% 20 826902 4461 72%
c 
c  seconds    reductions  redundant   irredundant
c          MB     restarts       trail       variables
c            level   conflicts       glue         remaining
c 
c i 38.30 1781 26 2  89 2713 1336 56% 21 826902 4460 72%
c ] 38.62 1781 26 2  89 3003 1499 56% 21 826902 4460 72%
c { 38.62 1781 35 2  89 3003 1499 39% 17 826902 4460 72%
c F 39.89 1759 35 2  89 3004 1500  5% 17 826755 4460 72%
c i 40.21 1759 35 2  89 3027 1521 32% 17 826755 4459 72%
c - 41.58 1758 33 3  94 3178 1271 15% 16 826752 4459 72%
c i 41.90 1758 30 3  94 3405 1299 14% 15 826752 4458 72%
c i 42.82 1758 32 3 101 3465 1347 16% 16 826752 4457 72%
c i 43.87 1758 33 3 120 3546 1413 19% 16 826752 4456 72%
c i 43.87 1758 33 3 120 3547 1413 19% 16 826752 4455 72%
c i 44.46 1758 34 3 134 3612 1470 20% 17 826752 4454 72%
c i 44.80 1758 34 3 144 3647 1493 21% 17 826752 4453 72%
c i 44.95 1758 35 3 147 3661 1504 21% 17 826752 4452 72%
c i 46.03 1758 37 3 169 3751 1578 21% 18 826752 4451 72%
c i 46.59 1758 34 3 177 4053 1630 20% 17 826752 4450 72%
c i 48.26 1758 36 3 205 4190 1752 22% 18 826752 4449 72%
c i 48.53 1758 36 3 211 4219 1775 21% 18 826752 4448 72%
c 2 53.25 1758 36 3 281 5000 3628 25% 17 826598 4419 72%
c p 64.33 1758 36 3 281 5000 9026 25% 17 826598 4387 71%
c d 65.24 1758 36 3 281 5000 8262 25% 17 662003 4385 71%
c 
c  seconds    reductions  redundant   irredundant
c          MB     restarts       trail       variables
c            level   conflicts       glue         remaining
c 
c - 67.55 1689 33 4 281 5478 1906 27% 17 662003 4385 71%
c # 71.54 1689 33 4 311 6005 2265 28% 17 662003 4385 71%
c } 81.11 1689 38 4 489 7006 2985 28% 19 662003 4385 71%
c [ 81.11 1689 26 4 489 7006 2985 78% 21 662003 4385 71%
c - 83.50 1689 29 5 490 8209 2925 62% 24 662003 4385 71%
c I 86.36 1690 29 5 491 10007 4203 54% 24 662003 4385 71%
c - 92.01 1690 32 6 493 11487 3820 49% 25 662003 4385 71%
c 3 103.36 1690 34 6 494 15001 7597 45% 28 662003 4385 71%
c 2 103.49 1690 34 6 494 15001 7731 45% 28 661998 4385 71%
c p 107.28 1690 34 6 494 15001 12642 45% 28 661998 4385 71%
c ] 107.49 1690 34 6 494 15006 12647 45% 28 661998 4385 71%
c { 107.49 1690 38 6 494 15006 12647 28% 19 661998 4385 71%
c B 107.79 1690 38 6 496 15010 12651 28% 19 661998 4385 71%
c - 111.71 1690 39 7 567 15310 4623 28% 20 661998 4385 71%
c s 119.49 1690 37 7 667 17146 5684 30% 20 658216 4385 71%
c v 134.76 1690 37 7 667 17146 5684 30% 20 657850 4385 71%
c t 134.98 1690 37 7 667 17146 5671 30% 20 657570 4385 71%
c e 137.29 1690 37 7 667 17146 5310 30% 20 648937 960 16%
c s 137.53 1690 37 7 667 17146 5308 30% 20 648928 960 16%
c } 143.74 1690 34 7 721 19297 6708 69% 19 648928 960 16%
c 
c  seconds     reductions   redundant   irredundant
c           MB     restarts        trail       variables
c             level    conflicts       glue        remaining
c 
c 1 143.74 1690 34 7 721 19297 6708 69% 19 648928 960 16%
c 
c --- [ writing output ] -----------------------------------------------------
c 
c writing simplified CNF to DIMACS file 'simp/22-cubes/30.cubes583.adj.simp1'
c * 143.74 1690 34 7 721 19297 6708 69% 19 648928 960 16%
c opening file to write 'simp/22-cubes/30.cubes583.adj.simp1'
c writing 'p cnf 6160 648928' header
c closing file 'simp/22-cubes/30.cubes583.adj.simp1'
c after writing 268828380 bytes 256.4 MB
c wrote 648928 clauses in 1.96 seconds process time
c 
c --- [ writing extension ] --------------------------------------------------
c 
c writing extension stack to 'simp/22-cubes/30.cubes583.adj.ext1'
c opening file to write 'simp/22-cubes/30.cubes583.adj.ext1'
c closing file 'simp/22-cubes/30.cubes583.adj.ext1'
c after writing 268045 bytes 0.3 MB
c wrote 11359 witnesses in 0.00 seconds process time
c 
c --- [ result ] -------------------------------------------------------------
c 
s SATISFIABLE
c 
c --- [ run-time profiling ] -------------------------------------------------
c 
c process time taken by individual solving procedures
c (percentage relative to process time for solving)
c 
c        87.94   70.20% search
c        58.82   46.95% unstable
c        37.33   29.80% simplify
c        28.26   22.56% stable
c        18.46   14.74% parse
c        15.40   12.30% vivify
c        14.85   11.86% probe
c         3.90    3.11% elim
c         0.86    0.69% lucky
c         0.49    0.39% subsume
c         0.24    0.19% ternary
c   =================================
c       125.28   85.98% solve
c 
c last line shows process time for solving
c (percentage relative to total process time)
c 
c --- [ statistics ] ---------------------------------------------------------
c 
c chronological:              3938        20.41 %  of conflicts
c conflicts:                 19297       154.04    per second
c decisions:                 68079       543.43    per second
c eliminated:                 3425        55.60 %  of all variables
c fixed:                      1758        28.54 %  of all variables
c learned:                   18860        97.74 %  per conflict
c learned_lits:            2904953       100.00 %  learned literals
c minimized:                     0         0.00 %  learned literals
c shrunken:                1738875        59.86 %  learned literals
c minishrunken:             209066         7.20 %  learned literals
c propagations:            4687474         0.04 M  per second
c reduced:                    5468        28.34 %  per conflict
c rephased:                      5      3859.40    interval
c restarts:                    721        26.76    interval
c stabilizing:                   2        51.83 %  of conflicts
c substituted:                  17         0.28 %  of all variables
c subsumed:                  11057         0.26 %  of all clauses
c strengthened:              35396         0.82 %  of all clauses
c ternary:                    2602         0.28 %  of resolved
c vivified:                    373         0.01 %  of all clauses
c weakened:                   9601         3.21    average size
c 
c seconds are measured in process time for solving
c 
c --- [ resources ] ----------------------------------------------------------
c 
c total process time since initialization:       145.71    seconds
c total real time since initialization:          146.27    seconds
c maximum resident set size of process:         2092.21    MB
c 
c --- [ shutting down ] ------------------------------------------------------
c 
c exit 10
++ seq 1 100
+ for i in '$(seq 1 100)'
++ sed 's/.$//'
++ rev
++ cut '-d ' -f1
++ rev
++ tail -n 1
++ grep 'c [*]' log/22-cubes/30.cubes583.adj.simp1
+ vars_remaining=16
+ ((  vars_remaining < 100 - p  ))
+ break
++ cut '-d ' -f3
++ head -n 1 simp/22-cubes/30.cubes583.adj.simp1
+ numvars=6160
++ cut '-d ' -f4
++ head -n 1 simp/22-cubes/30.cubes583.adj.simp1
+ numlines=648928
+ extlines_total=0
++ seq 1 1
+ for j in '$(seq 1 "$i")'
++ cut '-d ' -f1
++ wc -l simp/22-cubes/30.cubes583.adj.ext1
+ extlines_j=11359
+ extlines_total=11359
+ newlines=660287
+ echo 'p cnf 6160 660287'
+ tail simp/22-cubes/30.cubes583.adj.simp1 -n +2
++ seq 1 1
+ for j in '$(seq 1 "$i")'
+ cat simp/22-cubes/30.cubes583.adj.ext1
+ sed -i 's/ 0.*/ 0/' 22-cubes/30.cubes583.adj.simp
============================[ Problem Statistics ]=============================
|                                                                             |
|  Number of variables:          6160                                         |
|  Number of clauses:          658529                                         |
|  Parse time:                   3.58 s                                       |
|  Simplification time:          0.11 s                                       |
|                                                                             |
============================[ Search Statistics ]====================================================
| Conflicts |          ORIGINAL         |          LEARNT          | Num Sols |      SUBGRAPHS      |
|           |    Vars  Clauses Literals |    Limit  Clauses Lit/Cl |          | Canonical Noncanon. |
=====================================================================================================
|       101 |    4402   658530 60109164 |     2000      101     90 |        0 |        21         1 |
|       251 |    4402   658530 60109164 |     2000      251     45 |        0 |        40         1 |
|       552 |    4402   658606 60110898 |     2000      552     39 |        0 |        98        77 |
|       998 |    4402   658715 60112747 |     2000      998     46 |        0 |       156       186 |
|      1584 |    4402   658795 60114199 |     2000     1584     53 |        0 |       190       266 |
|      2518 |    4402   658970 60118064 |     3605     1523     51 |        0 |       337       441 |
|      3723 |    4402   659036 60119645 |     3605     2728     63 |        0 |       424       507 |
|      5728 |    4402   659333 60126751 |     5006     2934     42 |        0 |       568       804 |
|      8517 |    4402   659560 60132880 |     6310     3227     40 |        0 |       801      1031 |
|     12749 |    4402   659948 60142327 |     7561     4310     41 |        0 |      1070      1419 |
|     19657 |    4402   661090 60167420 |     8784     7441     43 |        0 |      1527      2561 |
|     30769 |    4402   663553 60223791 |    11208     9177     45 |        0 |      2591      5024 |
|     45151 |    4402   664961 60251772 |    13607    11758     53 |        0 |      3265      6432 |
|     67326 |    4402   667675 60296893 |    17212    11738     42 |        0 |      4686      9146 |
|    100634 |    4402   671791 60368962 |    20822    17456     50 |        0 |      6304     13262 |
|    146968 |    4402   674336 60407987 |    25609    18577     53 |        0 |      8367     15807 |
|    218940 |    4402   680624 60510554 |    31617    20557     47 |        0 |     11367     22095 |
|    325839 |    4402   688997 60652694 |    38823    23662     44 |        0 |     18423     30468 |
|    525056 |    4402   740425 61413935 |    49619    26675     35 |        0 |     36131     81896 |
|    823947 |    4402   817633 62531233 |    61628    50575     43 |        0 |     65610    159104 |
|   1250532 |    4402   911693 63888560 |    76032    67964     65 |        0 |     92981    253164 |
|   1839105 |    4402  1001478 65220342 |    92820    69925     50 |        0 |    132374    342949 |
|   2804669 |    4393   794165 53534840 |   113693   107762     63 |        0 |    221304    560331 |
=====================================================================================================
Number of solutions   : 0           
Canonical subgraphs   : 262731         (54 /sec)
          order  3    : 1              (166667 /sec)
          order  4    : 1              (500000 /sec)
          order  5    : 1              (200000 /sec)
          order  6    : 1              (55556 /sec)
          order  7    : 2              (10753 /sec)
          order  8    : 6              (2611 /sec)
          order  9    : 24             (821 /sec)
          order 10    : 91             (252 /sec)
          order 11    : 381            (72 /sec)
          order 12    : 2129           (73 /sec)
          order 13    : 18893          (61 /sec)
          order 14    : 52350          (69 /sec)
          order 15    : 87336          (60 /sec)
          order 16    : 45495          (47 /sec)
          order 17    : 34897          (43 /sec)
          order 18    : 15313          (40 /sec)
          order 19    : 4919           (40 /sec)
          order 20    : 545            (55 /sec)
          order 21    : 346            (70 /sec)
          order 22    : 0              (-nan /sec)
Noncanonical subgraphs: 661325         (430 /sec)
          order  3    : 0              (-nan /sec)
          order  4    : 0              (-nan /sec)
          order  5    : 0              (-nan /sec)
          order  6    : 0              (-nan /sec)
          order  7    : 0              (-nan /sec)
          order  8    : 0              (-nan /sec)
          order  9    : 0              (-nan /sec)
          order 10    : 0              (-nan /sec)
          order 11    : 0              (-nan /sec)
          order 12    : 0              (-nan /sec)
          order 13    : 0              (-nan /sec)
          order 14    : 512965         (447 /sec)
          order 15    : 109404         (515 /sec)
          order 16    : 38439          (225 /sec)
          order 17    : 37             (270 /sec)
          order 18    : 58             (281 /sec)
          order 19    : 21             (406 /sec)
          order 20    : 11             (166 /sec)
          order 21    : 2              (750 /sec)
Canonicity checking   : 6416.35 s
database reductions   : 101
restarts              : 5847
conflicts             : 3273425        (316 /sec)
decisions             : 4617618        (0.00 % random) (446 /sec)
propagations          : 735525177      (70979 /sec)
conflict literals     : 301110986      (56.03 % deleted)
actual reward         : 0.055023
Memory used           : 994.00 MB
CPU time              : 10362.5 s

UNSATISFIABLE
