+ '[' -z 856 ']'
+ f=constraints_22_11.simp-noncanon.simp
+ c=22-cubes/30.cubes
+ i=856
+ s=70
+ adj=22-cubes/30.cubes856.adj
+ cnf=22-cubes/30.cubes856.cnf
+ ext=22-cubes/30.cubes856.ext
+ cnfext=22-cubes/30.cubes856.cnfext
+ unitlines=0
++ sed '857q;d' 22-cubes/30.cubes
+ for b in '$(sed "$((i+1))q;d" "$c")'
+ [[ a != \a ]]
+ for b in '$(sed "$((i+1))q;d" "$c")'
+ [[ -92 != \a ]]
+ [[ -92 != \0 ]]
+ unitlines=1
+ for b in '$(sed "$((i+1))q;d" "$c")'
+ [[ 137 != \a ]]
+ [[ 137 != \0 ]]
+ unitlines=2
+ for b in '$(sed "$((i+1))q;d" "$c")'
+ [[ -121 != \a ]]
+ [[ -121 != \0 ]]
+ unitlines=3
+ for b in '$(sed "$((i+1))q;d" "$c")'
+ [[ -68 != \a ]]
+ [[ -68 != \0 ]]
+ unitlines=4
+ for b in '$(sed "$((i+1))q;d" "$c")'
+ [[ -158 != \a ]]
+ [[ -158 != \0 ]]
+ unitlines=5
+ for b in '$(sed "$((i+1))q;d" "$c")'
+ [[ -25 != \a ]]
+ [[ -25 != \0 ]]
+ unitlines=6
+ for b in '$(sed "$((i+1))q;d" "$c")'
+ [[ 153 != \a ]]
+ [[ 153 != \0 ]]
+ unitlines=7
+ for b in '$(sed "$((i+1))q;d" "$c")'
+ [[ 93 != \a ]]
+ [[ 93 != \0 ]]
+ unitlines=8
+ for b in '$(sed "$((i+1))q;d" "$c")'
+ [[ 150 != \a ]]
+ [[ 150 != \0 ]]
+ unitlines=9
+ for b in '$(sed "$((i+1))q;d" "$c")'
+ [[ -228 != \a ]]
+ [[ -228 != \0 ]]
+ unitlines=10
+ for b in '$(sed "$((i+1))q;d" "$c")'
+ [[ -119 != \a ]]
+ [[ -119 != \0 ]]
+ unitlines=11
+ for b in '$(sed "$((i+1))q;d" "$c")'
+ [[ -148 != \a ]]
+ [[ -148 != \0 ]]
+ unitlines=12
+ for b in '$(sed "$((i+1))q;d" "$c")'
+ [[ 133 != \a ]]
+ [[ 133 != \0 ]]
+ unitlines=13
+ for b in '$(sed "$((i+1))q;d" "$c")'
+ [[ 0 != \a ]]
+ [[ 0 != \0 ]]
++ cut '-d ' -f3
++ head -n 1 constraints_22_11.simp-noncanon.simp
+ numvars=6160
++ cut '-d ' -f4
++ head -n 1 constraints_22_11.simp-noncanon.simp
+ numlines=1786659
+ newlines=1786672
+ echo 'p cnf 6160 1786672'
+ tail constraints_22_11.simp-noncanon.simp -n +2
++ sed '857q;d' 22-cubes/30.cubes
+ for b in '$(sed "$((i+1))q;d" "$c")'
+ [[ a != \a ]]
+ for b in '$(sed "$((i+1))q;d" "$c")'
+ [[ -92 != \a ]]
+ [[ -92 != \0 ]]
+ echo '-92 0'
+ for b in '$(sed "$((i+1))q;d" "$c")'
+ [[ 137 != \a ]]
+ [[ 137 != \0 ]]
+ echo '137 0'
+ for b in '$(sed "$((i+1))q;d" "$c")'
+ [[ -121 != \a ]]
+ [[ -121 != \0 ]]
+ echo '-121 0'
+ for b in '$(sed "$((i+1))q;d" "$c")'
+ [[ -68 != \a ]]
+ [[ -68 != \0 ]]
+ echo '-68 0'
+ for b in '$(sed "$((i+1))q;d" "$c")'
+ [[ -158 != \a ]]
+ [[ -158 != \0 ]]
+ echo '-158 0'
+ for b in '$(sed "$((i+1))q;d" "$c")'
+ [[ -25 != \a ]]
+ [[ -25 != \0 ]]
+ echo '-25 0'
+ for b in '$(sed "$((i+1))q;d" "$c")'
+ [[ 153 != \a ]]
+ [[ 153 != \0 ]]
+ echo '153 0'
+ for b in '$(sed "$((i+1))q;d" "$c")'
+ [[ 93 != \a ]]
+ [[ 93 != \0 ]]
+ echo '93 0'
+ for b in '$(sed "$((i+1))q;d" "$c")'
+ [[ 150 != \a ]]
+ [[ 150 != \0 ]]
+ echo '150 0'
+ for b in '$(sed "$((i+1))q;d" "$c")'
+ [[ -228 != \a ]]
+ [[ -228 != \0 ]]
+ echo '-228 0'
+ for b in '$(sed "$((i+1))q;d" "$c")'
+ [[ -119 != \a ]]
+ [[ -119 != \0 ]]
+ echo '-119 0'
+ for b in '$(sed "$((i+1))q;d" "$c")'
+ [[ -148 != \a ]]
+ [[ -148 != \0 ]]
+ echo '-148 0'
+ for b in '$(sed "$((i+1))q;d" "$c")'
+ [[ 133 != \a ]]
+ [[ 133 != \0 ]]
+ echo '133 0'
+ for b in '$(sed "$((i+1))q;d" "$c")'
+ [[ 0 != \a ]]
+ [[ 0 != \0 ]]
+ ./simplify-by-var-removal.sh 22-cubes/30.cubes856.adj 70
+ '[' -z 70 ']'
+ f=22-cubes/30.cubes856.adj
+ p=70
++ echo 22-cubes
+ sub_dir=22-cubes
+ mkdir -p log/22-cubes
+ mkdir -p simp/22-cubes
+ tee log/22-cubes/30.cubes856.adj.simp1
+ ./cadical/build/cadical 22-cubes/30.cubes856.adj -o simp/22-cubes/30.cubes856.adj.simp1 -e simp/22-cubes/30.cubes856.adj.ext1 -n -c 200000
c --- [ banner ] -------------------------------------------------------------
c 
c CaDiCaL Radically Simplified CDCL SAT Solver
c Copyright (c) 2016-2021 A. Biere, M. Fleury, N. Froleyks
c 
c Version 1.5.2
c g++ (GCC) 9.3.0 -Wall -Wextra -O3 -DNDEBUG
c Tue Feb 8 21:15:15 EST 2022 Linux gra-login1 3.10.0-1160.36.2.el7.x86_64 x86_64
c 
c --- [ limit ] --------------------------------------------------------------
c 
c setting conflict limit to 200000 conflicts (due to '200000')
c 
c --- [ parsing input ] ------------------------------------------------------
c 
c reading DIMACS file from '22-cubes/30.cubes856.adj'
c opening file to read '22-cubes/30.cubes856.adj'
c found 'p cnf 6160 1786672' header
c parsed 1786672 clauses in 16.86 seconds process time
c closing file '22-cubes/30.cubes856.adj'
c after reading 1542541698 bytes 1471.1 MB
c 
c --- [ options ] ------------------------------------------------------------
c 
c all options are set to their default value
c 
c --- [ solving ] ------------------------------------------------------------
c 
c time measured in process time since initialization
c 
c  seconds    reductions  redundant   irredundant
c          MB     restarts       trail       variables
c            level   conflicts       glue         remaining
c 
c * 16.86 1466  0 0   0    0    0  0% 0 1785954 4674 76%
c { 18.13 1525  0 0   0    0    0  0% 0 1785954 4674 76%
c i 18.35 1526  1 0   0    1    0 43% 0 1785954 4673 76%
c i 18.35 1526  1 0   0    2    0 43% 0 1785954 4672 76%
c i 18.36 1527 29 0   0    4    1 42% 2 1785954 4671 76%
c i 18.38 1527 34 0   0    5    1 42% 1 1785954 4670 76%
c i 18.38 1527 38 0   0    6    1 42% 1 1785954 4669 76%
c i 18.38 1527 40 0   0    7    1 42% 1 1785954 4668 76%
c i 18.38 1527 42 0   0    8    1 42% 1 1785954 4667 76%
c i 18.83 1535 45 0   1   19   11 43% 2 1785954 4655 76%
c i 18.92 1540 42 0   1   20   11 42% 2 1785954 4643 75%
c i 19.49 1556 59 0   1   28   18 44% 2 1785954 4642 75%
c i 23.20 1602 37 0  40  190  108 44% 15 1785954 4640 75%
c i 23.20 1602 37 0  40  191  108 44% 15 1785954 4639 75%
c i 23.21 1602 36 0  40  192  108 44% 15 1785954 4638 75%
c i 23.32 1603 36 0  42  196  111 44% 14 1785954 4511 73%
c - 28.94 1571 33 1  58  301  155 43% 15 458916 4511 73%
c i 29.38 1572 32 1  58  340  176 43% 15 458916 4510 73%
c i 29.46 1572 33 1  58  343  178 44% 15 458916 4509 73%
c i 29.54 1572 34 1  58  348  182 44% 15 458916 4508 73%
c 
c  seconds    reductions  redundant   irredundant
c          MB     restarts       trail       variables
c            level   conflicts       glue         remaining
c 
c i 29.68 1572 39 1  60  359  189 44% 17 458916 4505 73%
c i 29.73 1572 39 1  61  362  191 44% 16 458916 4504 73%
c i 31.13 1574 44 1 100  513  281 45% 20 458916 4503 73%
c i 31.24 1574 45 1 101  522  289 45% 20 458916 4502 73%
c i 31.87 1574 45 1 112  569  328 45% 20 458916 4501 73%
c i 31.87 1574 45 1 113  570  328 45% 20 458916 4500 73%
c i 32.20 1574 45 1 114  590  343 46% 20 458916 4499 73%
c i 32.47 1574 44 1 114  626  369 46% 19 458916 4498 73%
c i 32.52 1574 44 1 114  628  370 46% 19 458916 4497 73%
c i 33.29 1574 41 1 117  807  470 46% 18 458916 4496 73%
c i 33.32 1574 41 1 117  808  470 46% 18 458916 4495 73%
c i 33.32 1574 40 1 117  809  470 46% 18 458916 4494 73%
c i 33.45 1574 40 1 117  827  486 47% 18 458916 4493 73%
c i 33.46 1574 40 1 117  833  491 47% 18 458916 4492 73%
c i 34.26 1574 41 1 128  877  529 47% 19 458916 4491 73%
c i 34.28 1574 41 1 128  880  531 47% 19 458916 4490 73%
c i 34.28 1574 41 1 129  881  531 47% 19 458916 4489 73%
c i 34.28 1574 41 1 129  882  531 47% 19 458916 4488 73%
c i 34.28 1574 41 1 129  883  531 47% 19 458916 4487 73%
c i 34.28 1574 41 1 130  884  531 47% 19 458916 4486 73%
c 
c  seconds    reductions  redundant   irredundant
c          MB     restarts       trail       variables
c            level   conflicts       glue         remaining
c 
c i 34.28 1574 41 1 130  885  531 47% 19 458916 4485 73%
c i 34.28 1574 41 1 131  889  532 47% 19 458916 4484 73%
c i 34.28 1574 41 1 132  890  532 47% 19 458916 4483 73%
c i 34.54 1574 42 1 135  906  547 47% 19 458916 4482 73%
c i 34.87 1575 43 1 144  951  576 47% 20 458916 4481 73%
c i 34.93 1575 43 1 145  952  576 47% 20 458916 4480 73%
c i 34.93 1575 43 1 145  953  576 47% 20 458916 4479 73%
c i 34.93 1575 43 1 145  954  576 47% 20 458916 4478 73%
c i 34.93 1575 43 1 146  955  576 47% 20 458916 4477 73%
c i 35.13 1575 43 1 148  964  583 47% 20 458916 4476 73%
c i 35.15 1575 43 1 148  965  583 47% 20 458916 4475 73%
c i 35.16 1575 43 1 149  968  585 47% 20 458916 4474 73%
c } 35.61 1575 44 1 157 1000  612 47% 20 458916 4474 73%
c [ 35.61 1575  0 1 157 1000  612  0% 0 458916 4474 73%
c O 35.69 1575 16 1 157 1004  614 39% 15 458916 4474 73%
c i 36.34 1575 10 1 157 1189  669 40% 9 458916 4473 73%
c i 36.51 1575 12 1 157 1232  702 44% 10 458916 4472 73%
c i 36.52 1575 12 1 157 1233  702 44% 10 458916 4471 73%
c i 36.53 1575 12 1 157 1234  702 44% 10 458916 4470 73%
c i 36.54 1575 12 1 157 1242  705 44% 10 458916 4469 73%
c 
c  seconds    reductions  redundant   irredundant
c          MB     restarts       trail       variables
c            level   conflicts       glue         remaining
c 
c i 36.54 1575 12 1 157 1243  705 44% 10 458916 4468 73%
c i 36.59 1575 12 1 157 1297  750 46% 10 458916 4467 73%
c - 37.40 1757 12 2 157 1298  679 46% 10 458784 4467 73%
c i 37.49 1757 12 2 157 1305  684 47% 10 458784 4466 72%
c i 37.49 1757 12 2 157 1306  684 47% 10 458784 4465 72%
c i 37.49 1757 12 2 157 1307  684 47% 10 458784 4464 72%
c i 37.59 1757 12 2 157 1321  695 47% 9 458784 4463 72%
c i 37.73 1757 12 2 157 1394  763 49% 9 458784 4462 72%
c i 37.76 1757 12 2 157 1416  778 49% 9 458784 4461 72%
c i 37.77 1757 12 2 157 1429  783 50% 9 458784 4460 72%
c i 37.78 1757 12 2 157 1445  794 50% 9 458784 4459 72%
c i 37.79 1757 12 2 157 1458  802 50% 9 458784 4458 72%
c i 37.79 1757 12 2 157 1463  803 50% 9 458784 4457 72%
c i 38.19 1757 14 2 157 1620  908 51% 11 458784 4455 72%
c i 38.40 1757 16 2 157 1871 1120 53% 13 458784 4454 72%
c i 38.92 1757 18 2 158 2614 1688 56% 15 458784 4453 72%
c - 39.54 1753 18 3 158 2793 1472 56% 16 458743 4453 72%
c ] 40.16 1643 18 3 158 3000 1614 41% 16 458743 4453 72%
c { 40.16 1643 44 3 158 3000 1614 65% 20 458743 4453 72%
c F 40.27 1643 44 3 160 3006 1619 65% 21 458743 4453 72%
c 
c  seconds    reductions  redundant   irredundant
c          MB     restarts       trail       variables
c            level   conflicts       glue         remaining
c 
c i 40.84 1643 43 3 168 3064 1658 63% 20 458743 4452 72%
c i 41.94 1643 40 3 178 3293 1755 55% 19 458743 4451 72%
c i 42.07 1643 40 3 178 3311 1769 55% 19 458743 4450 72%
c i 42.48 1643 39 3 183 3406 1839 53% 19 458743 4449 72%
c i 43.82 1643 33 3 201 4191 2305 46% 17 458743 4448 72%
c i 44.35 1643 33 3 206 4236 2342 46% 17 458743 4447 72%
c - 45.72 1640 29 4 219 4786 1571 40% 16 458725 4447 72%
c 3 47.16 1641 28 4 222 5000 3545 38% 16 458701 4435 72%
c 2 47.26 1641 28 4 222 5000 3819 38% 16 458609 4435 72%
c p 56.04 1641 28 4 222 5000 9508 38% 16 458609 4385 71%
c d 56.70 1641 28 4 222 5000 8989 38% 16 458413 4384 71%
c # 62.72 1641 31 4 371 6007 9695 36% 17 458413 4384 71%
c } 64.08 1641 28 4 371 7001 10267 35% 16 458413 4384 71%
c [ 64.08 1641 18 4 371 7001 10267 41% 16 458413 4384 71%
c - 64.80 1635 18 5 372 7278 2417 37% 15 458413 4384 71%
c I 68.22 1635 19 5 373 10010 3997 38% 16 458413 4384 71%
c - 69.55 1635 19 6 374 10268 2963 37% 16 458413 4384 71%
c - 78.08 1636 22 7 376 13756 3695 38% 18 458413 4384 71%
c ] 80.62 1636 22 7 376 15001 4446 38% 19 458413 4384 71%
c { 80.62 1636 28 7 376 15001 4446 35% 16 458413 4384 71%
c 
c  seconds    reductions   redundant   irredundant
c          MB     restarts        trail       variables
c            level    conflicts       glue         remaining
c 
c 2 80.73 1636 28 7 376 15001 6483 35% 16 458404 4384 71%
c p 83.67 1636 28 7 376 15001 12040 35% 16 458404 4384 71%
c B 83.87 1636 28 7 377 15011 12050 35% 16 458404 4384 71%
c s 96.31 1636 30 7 655 17169 13227 34% 17 454190 4384 71%
c v 106.72 1636 30 7 655 17169 13227 34% 17 453935 4384 71%
c t 106.91 1636 30 7 655 17169 13219 34% 17 453699 4384 71%
c e 108.10 1637 30 7 655 17169 7110 34% 17 445240 1018 17%
c s 108.25 1637 30 7 655 17169 7108 34% 17 445232 1018 17%
c - 110.20 1636 28 8 655 17744 4172 56% 16 445232 1018 17%
c W 119.08 1636 27 8 914 21013 6003 61% 16 445232 1018 17%
c - 124.13 1636 28 9 1067 22197 4753 61% 17 445232 1018 17%
c - 140.46 1636 27 10 1301 27142 6224 62% 16 445232 1018 17%
c F 145.38 1636 27 10 1461 28014 6857 62% 17 445232 1018 17%
c d 155.75 1636 28 10 1719 30001 8337 62% 17 420061 1016 16%
c p 160.07 1636 28 10 1719 30001 11624 62% 17 420061 1007 16%
c d 160.46 1636 28 10 1719 30001 11492 62% 17 420034 1006 16%
c } 162.53 1636 27 10 1726 31002 12136 62% 17 420034 1006 16%
c [ 162.53 1636 22 10 1726 31002 12136 166% 19 420034 1006 16%
c - 165.61 1625 21 11 1726 32585 7057 149% 18 420034 1006 16%
c B 171.14 1625 21 11 1729 36017 8904 127% 17 420034 1006 16%
c 
c  seconds     reductions     redundant    irredundant
c           MB      restarts         trail        variables
c             level      conflicts        glue         remaining
c 
c - 174.19 1466 22 12 1730 38430 7440 118% 19 420034 1006 16%
c - 182.60 1626 26 13 1733 44761 8621 103% 22 420034 1006 16%
c W 184.83 1626 26 13 1733 45020 8826 103% 22 420034 1006 16%
c 2 190.06 1626 27 13 1734 50001 13095 96% 23 420034 1006 16%
c p 191.90 1626 27 13 1734 50001 15397 96% 23 420034 1006 16%
c - 194.62 1466 27 14 1734 51578 8963 94% 23 420034 1006 16%
c s 196.16 1466 27 14 1734 52263 9382 94% 23 419426 1006 16%
c v 201.63 1466 27 14 1734 52263 9382 94% 23 419329 1006 16%
c w 201.90 1466 27 14 1734 52263 9382 94% 23 419329 1006 16%
c t 201.91 1466 27 14 1734 52263 9379 94% 23 419327 1006 16%
c e 203.01 1466 27 14 1734 52263 9376 94% 23 419086 954 15%
c s 203.19 1466 27 14 1734 52263 9374 94% 23 418254 954 15%
c O 207.83 1466 27 14 1735 55022 10967 91% 23 418254 954 15%
c - 213.81 1625 27 15 1738 58884 9043 88% 23 418254 954 15%
c ] 216.99 1625 26 15 1741 63003 11393 86% 22 418254 954 15%
c { 216.99 1625 27 15 1741 63003 11393 62% 17 418254 954 15%
c B 223.56 1625 27 15 1932 66025 13364 62% 17 418254 954 15%
c - 225.23 1466 27 16 2003 66666 9373 62% 17 418254 954 15%
c } 233.00 1466 25 16 2070 70719 11988 63% 16 418254 954 15%
c 1 233.00 1466 25 16 2070 70719 11988 63% 16 418254 954 15%
c 
c --- [ writing output ] -----------------------------------------------------
c 
c writing simplified CNF to DIMACS file 'simp/22-cubes/30.cubes856.adj.simp1'
c 
c  seconds     reductions      redundant   irredundant
c           MB      restarts          trail       variables
c             level      conflicts        glue        remaining
c 
c * 233.00 1466 25 16 2070 70719 11988 63% 16 418254 954 15%
c opening file to write 'simp/22-cubes/30.cubes856.adj.simp1'
c writing 'p cnf 6160 418254' header
c closing file 'simp/22-cubes/30.cubes856.adj.simp1'
c after writing 178084936 bytes 169.8 MB
c wrote 418254 clauses in 1.15 seconds process time
c 
c --- [ writing extension ] --------------------------------------------------
c 
c writing extension stack to 'simp/22-cubes/30.cubes856.adj.ext1'
c opening file to write 'simp/22-cubes/30.cubes856.adj.ext1'
c closing file 'simp/22-cubes/30.cubes856.adj.ext1'
c after writing 265074 bytes 0.3 MB
c wrote 11235 witnesses in 0.00 seconds process time
c 
c --- [ result ] -------------------------------------------------------------
c 
s SATISFIABLE
c 
c --- [ run-time profiling ] -------------------------------------------------
c 
c process time taken by individual solving procedures
c (percentage relative to process time for solving)
c 
c       175.16   81.04% search
c       107.87   49.91% unstable
c        63.73   29.48% stable
c        40.99   18.96% simplify
c        17.79    8.23% probe
c        16.86    7.80% parse
c        16.24    7.51% vivify
c         3.78    1.75% elim
c         2.29    1.06% walk
c         1.27    0.59% lucky
c         0.65    0.30% subsume
c         0.26    0.12% ternary
c   =================================
c       216.14   92.31% solve
c 
c last line shows process time for solving
c (percentage relative to total process time)
c 
c --- [ statistics ] ---------------------------------------------------------
c 
c chronological:             13493        19.08 %  of conflicts
c conflicts:                 70719       327.19    per second
c decisions:                169927       786.18    per second
c eliminated:                 3418        55.49 %  of all variables
c fixed:                      1772        28.77 %  of all variables
c learned:                   69297        97.99 %  per conflict
c learned_lits:           11839813       100.00 %  learned literals
c minimized:                     0         0.00 %  learned literals
c shrunken:                6952333        58.72 %  learned literals
c minishrunken:            1104889         9.33 %  learned literals
c propagations:            7889089         0.04 M  per second
c reduced:                   32786        46.36 %  per conflict
c rephased:                     11      6429.00    interval
c restarts:                   2070        34.16    interval
c stabilizing:                   3        59.39 %  of conflicts
c substituted:                  16         0.26 %  of all variables
c subsumed:                  30984         0.76 %  of all clauses
c strengthened:              33465         0.82 %  of all clauses
c ternary:                    6150         0.53 %  of resolved
c vivified:                    363         0.01 %  of all clauses
c walked:                        2     35359.50    interval
c weakened:                   9463         3.21    average size
c 
c seconds are measured in process time for solving
c 
c --- [ resources ] ----------------------------------------------------------
c 
c total process time since initialization:       234.15    seconds
c total real time since initialization:          235.47    seconds
c maximum resident set size of process:         1934.65    MB
c 
c --- [ shutting down ] ------------------------------------------------------
c 
c exit 10
++ seq 1 100
+ for i in '$(seq 1 100)'
++ sed 's/.$//'
++ rev
++ cut '-d ' -f1
++ rev
++ tail -n 1
++ grep 'c [*]' log/22-cubes/30.cubes856.adj.simp1
+ vars_remaining=15
+ ((  vars_remaining < 100 - p  ))
+ break
++ cut '-d ' -f3
++ head -n 1 simp/22-cubes/30.cubes856.adj.simp1
+ numvars=6160
++ cut '-d ' -f4
++ head -n 1 simp/22-cubes/30.cubes856.adj.simp1
+ numlines=418254
+ extlines_total=0
++ seq 1 1
+ for j in '$(seq 1 "$i")'
++ cut '-d ' -f1
++ wc -l simp/22-cubes/30.cubes856.adj.ext1
+ extlines_j=11235
+ extlines_total=11235
+ newlines=429489
+ echo 'p cnf 6160 429489'
+ tail simp/22-cubes/30.cubes856.adj.simp1 -n +2
++ seq 1 1
+ for j in '$(seq 1 "$i")'
+ cat simp/22-cubes/30.cubes856.adj.ext1
+ sed -i 's/ 0.*/ 0/' 22-cubes/30.cubes856.adj.simp
============================[ Problem Statistics ]=============================
|                                                                             |
|  Number of variables:          6160                                         |
|  Number of clauses:          427717                                         |
|  Parse time:                   2.57 s                                       |
|  Simplification time:          0.08 s                                       |
|                                                                             |
============================[ Search Statistics ]====================================================
| Conflicts |          ORIGINAL         |          LEARNT          | Num Sols |      SUBGRAPHS      |
|           |    Vars  Clauses Literals |    Limit  Clauses Lit/Cl |          | Canonical Noncanon. |
=====================================================================================================
|       100 |    4388   427717 39468545 |     2000      100    121 |        0 |        17         0 |
|       253 |    4388   427720 39468665 |     2000      253     81 |        0 |        32         3 |
|       478 |    4388   427720 39468665 |     2000      478     70 |        0 |        53         3 |
|       869 |    4388   427774 39470026 |     2000      869     70 |        0 |        70        57 |
|      1748 |    4388   428147 39477762 |     2000     1748     56 |        0 |       202       430 |
|      2768 |    4388   428408 39482058 |     3602     1770     44 |        0 |       330       691 |
|      4327 |    4388   428828 39490162 |     3602     3329     52 |        0 |       476      1111 |
|      6137 |    4388   428930 39492653 |     5006     3343     57 |        0 |       583      1213 |
|     10865 |    4388   431096 39533683 |     6306     5571     34 |        0 |      1082      3379 |
|     15713 |    4388   432100 39552454 |     7553     7266     43 |        0 |      1727      4383 |
|     22760 |    4388   433381 39572820 |     9992     6152     40 |        0 |      1875      5664 |
|     33505 |    4388   435477 39610788 |    12412     6317     24 |        0 |      2617      7760 |
|     47571 |    4388   436569 39631876 |    14811     7382     23 |        0 |      2911      8852 |
|     68621 |    4388   438158 39664060 |    17212    13033     49 |        0 |      3510     10441 |
|     99353 |    4388   439698 39695168 |    20813    16166     49 |        0 |      4149     11981 |
|    147721 |    4388   444277 39776356 |    25621    19342     50 |        0 |      5967     16560 |
|    217693 |    4388   448565 39853050 |    31613    19306     38 |        0 |      7296     20848 |
|    343335 |    4388   475681 40259606 |    40014    21749     29 |        0 |     11039     47964 |
|    608130 |    4388   592687 41868947 |    53215    33545     23 |        0 |     23596    164970 |
=====================================================================================================
Number of solutions   : 0           
Canonical subgraphs   : 27417          (52 /sec)
          order  3    : 1              (250000 /sec)
          order  4    : 1              (1000000 /sec)
          order  5    : 1              (250000 /sec)
          order  6    : 1              (52632 /sec)
          order  7    : 2              (9709 /sec)
          order  8    : 6              (2484 /sec)
          order  9    : 16             (630 /sec)
          order 10    : 58             (180 /sec)
          order 11    : 270            (90 /sec)
          order 12    : 1142           (75 /sec)
          order 13    : 5427           (70 /sec)
          order 14    : 16244          (56 /sec)
          order 15    : 2843           (37 /sec)
          order 16    : 933            (24 /sec)
          order 17    : 243            (24 /sec)
          order 18    : 207            (22 /sec)
          order 19    : 18             (19 /sec)
          order 20    : 2              (33 /sec)
          order 21    : 2              (31 /sec)
          order 22    : 0              (-nan /sec)
Noncanonical subgraphs: 192264         (347 /sec)
          order  3    : 0              (-nan /sec)
          order  4    : 0              (-nan /sec)
          order  5    : 0              (-nan /sec)
          order  6    : 0              (-nan /sec)
          order  7    : 0              (-nan /sec)
          order  8    : 0              (-nan /sec)
          order  9    : 0              (-nan /sec)
          order 10    : 0              (-nan /sec)
          order 11    : 0              (-nan /sec)
          order 12    : 0              (-nan /sec)
          order 13    : 0              (-nan /sec)
          order 14    : 21522          (3593 /sec)
          order 15    : 167470         (316 /sec)
          order 16    : 2612           (191 /sec)
          order 17    : 658            (183 /sec)
          order 18    : 0              (-nan /sec)
          order 19    : 0              (-nan /sec)
          order 20    : 0              (-nan /sec)
          order 21    : 0              (-nan /sec)
Canonicity checking   : 1076.62 s
database reductions   : 44
restarts              : 1405
conflicts             : 655861         (379 /sec)
decisions             : 1006956        (0.00 % random) (583 /sec)
propagations          : 139025879      (80426 /sec)
conflict literals     : 44234215       (59.94 % deleted)
actual reward         : 0.052020
Memory used           : 602.00 MB
CPU time              : 1728.62 s

UNSATISFIABLE
