+ '[' -z 591 ']'
+ f=constraints_22_11.simp-noncanon.simp
+ c=22-cubes/30.cubes
+ i=591
+ s=70
+ adj=22-cubes/30.cubes591.adj
+ cnf=22-cubes/30.cubes591.cnf
+ ext=22-cubes/30.cubes591.ext
+ cnfext=22-cubes/30.cubes591.cnfext
+ unitlines=0
++ sed '592q;d' 22-cubes/30.cubes
+ for b in '$(sed "$((i+1))q;d" "$c")'
+ [[ a != \a ]]
+ for b in '$(sed "$((i+1))q;d" "$c")'
+ [[ -92 != \a ]]
+ [[ -92 != \0 ]]
+ unitlines=1
+ for b in '$(sed "$((i+1))q;d" "$c")'
+ [[ 137 != \a ]]
+ [[ 137 != \0 ]]
+ unitlines=2
+ for b in '$(sed "$((i+1))q;d" "$c")'
+ [[ 121 != \a ]]
+ [[ 121 != \0 ]]
+ unitlines=3
+ for b in '$(sed "$((i+1))q;d" "$c")'
+ [[ -158 != \a ]]
+ [[ -158 != \0 ]]
+ unitlines=4
+ for b in '$(sed "$((i+1))q;d" "$c")'
+ [[ -106 != \a ]]
+ [[ -106 != \0 ]]
+ unitlines=5
+ for b in '$(sed "$((i+1))q;d" "$c")'
+ [[ 80 != \a ]]
+ [[ 80 != \0 ]]
+ unitlines=6
+ for b in '$(sed "$((i+1))q;d" "$c")'
+ [[ -143 != \a ]]
+ [[ -143 != \0 ]]
+ unitlines=7
+ for b in '$(sed "$((i+1))q;d" "$c")'
+ [[ -169 != \a ]]
+ [[ -169 != \0 ]]
+ unitlines=8
+ for b in '$(sed "$((i+1))q;d" "$c")'
+ [[ -205 != \a ]]
+ [[ -205 != \0 ]]
+ unitlines=9
+ for b in '$(sed "$((i+1))q;d" "$c")'
+ [[ -38 != \a ]]
+ [[ -38 != \0 ]]
+ unitlines=10
+ for b in '$(sed "$((i+1))q;d" "$c")'
+ [[ -129 != \a ]]
+ [[ -129 != \0 ]]
+ unitlines=11
+ for b in '$(sed "$((i+1))q;d" "$c")'
+ [[ -186 != \a ]]
+ [[ -186 != \0 ]]
+ unitlines=12
+ for b in '$(sed "$((i+1))q;d" "$c")'
+ [[ -153 != \a ]]
+ [[ -153 != \0 ]]
+ unitlines=13
+ for b in '$(sed "$((i+1))q;d" "$c")'
+ [[ -152 != \a ]]
+ [[ -152 != \0 ]]
+ unitlines=14
+ for b in '$(sed "$((i+1))q;d" "$c")'
+ [[ -134 != \a ]]
+ [[ -134 != \0 ]]
+ unitlines=15
+ for b in '$(sed "$((i+1))q;d" "$c")'
+ [[ -210 != \a ]]
+ [[ -210 != \0 ]]
+ unitlines=16
+ for b in '$(sed "$((i+1))q;d" "$c")'
+ [[ -225 != \a ]]
+ [[ -225 != \0 ]]
+ unitlines=17
+ for b in '$(sed "$((i+1))q;d" "$c")'
+ [[ -170 != \a ]]
+ [[ -170 != \0 ]]
+ unitlines=18
+ for b in '$(sed "$((i+1))q;d" "$c")'
+ [[ -166 != \a ]]
+ [[ -166 != \0 ]]
+ unitlines=19
+ for b in '$(sed "$((i+1))q;d" "$c")'
+ [[ -167 != \a ]]
+ [[ -167 != \0 ]]
+ unitlines=20
+ for b in '$(sed "$((i+1))q;d" "$c")'
+ [[ -165 != \a ]]
+ [[ -165 != \0 ]]
+ unitlines=21
+ for b in '$(sed "$((i+1))q;d" "$c")'
+ [[ -136 != \a ]]
+ [[ -136 != \0 ]]
+ unitlines=22
+ for b in '$(sed "$((i+1))q;d" "$c")'
+ [[ -164 != \a ]]
+ [[ -164 != \0 ]]
+ unitlines=23
+ for b in '$(sed "$((i+1))q;d" "$c")'
+ [[ -57 != \a ]]
+ [[ -57 != \0 ]]
+ unitlines=24
+ for b in '$(sed "$((i+1))q;d" "$c")'
+ [[ -39 != \a ]]
+ [[ -39 != \0 ]]
+ unitlines=25
+ for b in '$(sed "$((i+1))q;d" "$c")'
+ [[ 149 != \a ]]
+ [[ 149 != \0 ]]
+ unitlines=26
+ for b in '$(sed "$((i+1))q;d" "$c")'
+ [[ 0 != \a ]]
+ [[ 0 != \0 ]]
++ cut '-d ' -f3
++ head -n 1 constraints_22_11.simp-noncanon.simp
+ numvars=6160
++ cut '-d ' -f4
++ head -n 1 constraints_22_11.simp-noncanon.simp
+ numlines=1786659
+ newlines=1786685
+ echo 'p cnf 6160 1786685'
+ tail constraints_22_11.simp-noncanon.simp -n +2
++ sed '592q;d' 22-cubes/30.cubes
+ for b in '$(sed "$((i+1))q;d" "$c")'
+ [[ a != \a ]]
+ for b in '$(sed "$((i+1))q;d" "$c")'
+ [[ -92 != \a ]]
+ [[ -92 != \0 ]]
+ echo '-92 0'
+ for b in '$(sed "$((i+1))q;d" "$c")'
+ [[ 137 != \a ]]
+ [[ 137 != \0 ]]
+ echo '137 0'
+ for b in '$(sed "$((i+1))q;d" "$c")'
+ [[ 121 != \a ]]
+ [[ 121 != \0 ]]
+ echo '121 0'
+ for b in '$(sed "$((i+1))q;d" "$c")'
+ [[ -158 != \a ]]
+ [[ -158 != \0 ]]
+ echo '-158 0'
+ for b in '$(sed "$((i+1))q;d" "$c")'
+ [[ -106 != \a ]]
+ [[ -106 != \0 ]]
+ echo '-106 0'
+ for b in '$(sed "$((i+1))q;d" "$c")'
+ [[ 80 != \a ]]
+ [[ 80 != \0 ]]
+ echo '80 0'
+ for b in '$(sed "$((i+1))q;d" "$c")'
+ [[ -143 != \a ]]
+ [[ -143 != \0 ]]
+ echo '-143 0'
+ for b in '$(sed "$((i+1))q;d" "$c")'
+ [[ -169 != \a ]]
+ [[ -169 != \0 ]]
+ echo '-169 0'
+ for b in '$(sed "$((i+1))q;d" "$c")'
+ [[ -205 != \a ]]
+ [[ -205 != \0 ]]
+ echo '-205 0'
+ for b in '$(sed "$((i+1))q;d" "$c")'
+ [[ -38 != \a ]]
+ [[ -38 != \0 ]]
+ echo '-38 0'
+ for b in '$(sed "$((i+1))q;d" "$c")'
+ [[ -129 != \a ]]
+ [[ -129 != \0 ]]
+ echo '-129 0'
+ for b in '$(sed "$((i+1))q;d" "$c")'
+ [[ -186 != \a ]]
+ [[ -186 != \0 ]]
+ echo '-186 0'
+ for b in '$(sed "$((i+1))q;d" "$c")'
+ [[ -153 != \a ]]
+ [[ -153 != \0 ]]
+ echo '-153 0'
+ for b in '$(sed "$((i+1))q;d" "$c")'
+ [[ -152 != \a ]]
+ [[ -152 != \0 ]]
+ echo '-152 0'
+ for b in '$(sed "$((i+1))q;d" "$c")'
+ [[ -134 != \a ]]
+ [[ -134 != \0 ]]
+ echo '-134 0'
+ for b in '$(sed "$((i+1))q;d" "$c")'
+ [[ -210 != \a ]]
+ [[ -210 != \0 ]]
+ echo '-210 0'
+ for b in '$(sed "$((i+1))q;d" "$c")'
+ [[ -225 != \a ]]
+ [[ -225 != \0 ]]
+ echo '-225 0'
+ for b in '$(sed "$((i+1))q;d" "$c")'
+ [[ -170 != \a ]]
+ [[ -170 != \0 ]]
+ echo '-170 0'
+ for b in '$(sed "$((i+1))q;d" "$c")'
+ [[ -166 != \a ]]
+ [[ -166 != \0 ]]
+ echo '-166 0'
+ for b in '$(sed "$((i+1))q;d" "$c")'
+ [[ -167 != \a ]]
+ [[ -167 != \0 ]]
+ echo '-167 0'
+ for b in '$(sed "$((i+1))q;d" "$c")'
+ [[ -165 != \a ]]
+ [[ -165 != \0 ]]
+ echo '-165 0'
+ for b in '$(sed "$((i+1))q;d" "$c")'
+ [[ -136 != \a ]]
+ [[ -136 != \0 ]]
+ echo '-136 0'
+ for b in '$(sed "$((i+1))q;d" "$c")'
+ [[ -164 != \a ]]
+ [[ -164 != \0 ]]
+ echo '-164 0'
+ for b in '$(sed "$((i+1))q;d" "$c")'
+ [[ -57 != \a ]]
+ [[ -57 != \0 ]]
+ echo '-57 0'
+ for b in '$(sed "$((i+1))q;d" "$c")'
+ [[ -39 != \a ]]
+ [[ -39 != \0 ]]
+ echo '-39 0'
+ for b in '$(sed "$((i+1))q;d" "$c")'
+ [[ 149 != \a ]]
+ [[ 149 != \0 ]]
+ echo '149 0'
+ for b in '$(sed "$((i+1))q;d" "$c")'
+ [[ 0 != \a ]]
+ [[ 0 != \0 ]]
+ ./simplify-by-var-removal.sh 22-cubes/30.cubes591.adj 70
+ '[' -z 70 ']'
+ f=22-cubes/30.cubes591.adj
+ p=70
++ echo 22-cubes
+ sub_dir=22-cubes
+ mkdir -p log/22-cubes
+ mkdir -p simp/22-cubes
+ tee log/22-cubes/30.cubes591.adj.simp1
+ ./cadical/build/cadical 22-cubes/30.cubes591.adj -o simp/22-cubes/30.cubes591.adj.simp1 -e simp/22-cubes/30.cubes591.adj.ext1 -n -c 200000
c --- [ banner ] -------------------------------------------------------------
c 
c CaDiCaL Radically Simplified CDCL SAT Solver
c Copyright (c) 2016-2021 A. Biere, M. Fleury, N. Froleyks
c 
c Version 1.5.2
c g++ (GCC) 9.3.0 -Wall -Wextra -O3 -DNDEBUG
c Tue Feb 8 21:15:15 EST 2022 Linux gra-login1 3.10.0-1160.36.2.el7.x86_64 x86_64
c 
c --- [ limit ] --------------------------------------------------------------
c 
c setting conflict limit to 200000 conflicts (due to '200000')
c 
c --- [ parsing input ] ------------------------------------------------------
c 
c reading DIMACS file from '22-cubes/30.cubes591.adj'
c opening file to read '22-cubes/30.cubes591.adj'
c found 'p cnf 6160 1786685' header
c parsed 1786685 clauses in 18.52 seconds process time
c closing file '22-cubes/30.cubes591.adj'
c after reading 1542541789 bytes 1471.1 MB
c 
c --- [ options ] ------------------------------------------------------------
c 
c all options are set to their default value
c 
c --- [ solving ] ------------------------------------------------------------
c 
c time measured in process time since initialization
c 
c  seconds    reductions  redundant   irredundant
c          MB     restarts       trail       variables
c            level   conflicts       glue         remaining
c 
c * 18.53 1468  0 0   0    0    0  0% 0 1785954 4667 76%
c { 19.66 1513  0 0   0    0    0  0% 0 1785954 4667 76%
c i 23.80 1590 57 0  12  103   66 47% 15 1785954 4652 76%
c i 24.67 1592 27 0  12  297   82 41% 13 1785954 4651 76%
c - 29.74 1586 27 1  14  301   86 42% 14 921541 4651 76%
c i 30.79 1590 28 1  15  306   90 42% 14 921541 4650 75%
c i 32.24 1591 32 1  26  438  125 41% 14 921541 4649 75%
c i 32.78 1592 34 1  27  449  135 41% 15 921541 4634 75%
c i 34.10 1594 38 1  42  510  176 42% 18 921541 4620 75%
c } 34.32 1594 26 1  47 1000  203 40% 16 921541 4620 75%
c [ 34.32 1594  0 1  47 1000  203  0% 0 921541 4620 75%
c O 34.32 1594 13 1  47 1004  205 36% 13 921541 4620 75%
c i 34.33 1594 10 1  47 1005  205 35% 10 921541 4559 74%
c i 34.50 1594 15 1  47 1276  224 38% 15 921541 4549 74%
c i 34.78 1594 15 1  47 1281  228 38% 15 921541 4548 74%
c i 35.17 1596 15 1  47 1289  235 39% 15 921541 4547 74%
c i 35.74 1596 16 1  47 1318  261 41% 15 921541 4546 74%
c i 35.75 1596 16 1  47 1319  261 41% 15 921541 4545 74%
c i 35.75 1596 16 1  47 1320  261 41% 15 921541 4544 74%
c i 36.05 1596 16 1  47 1352  290 42% 15 921541 4543 74%
c 
c  seconds    reductions  redundant   irredundant
c          MB     restarts       trail       variables
c            level   conflicts       glue         remaining
c 
c i 36.08 1596 16 1  47 1353  290 42% 15 921541 4542 74%
c i 36.11 1596 16 1  47 1361  297 43% 15 921541 4541 74%
c i 36.24 1596 18 1  47 1381  312 43% 15 921541 4540 74%
c i 36.25 1596 18 1  47 1382  312 43% 15 921541 4539 74%
c i 36.25 1596 18 1  47 1383  312 43% 15 921541 4538 74%
c i 36.25 1596 18 1  47 1384  312 43% 15 921541 4537 74%
c i 36.27 1596 18 1  47 1388  314 43% 15 921541 4536 74%
c i 36.49 1596 19 1  47 1408  333 44% 15 921541 4535 74%
c i 36.52 1596 19 1  47 1414  336 44% 15 921541 4534 74%
c i 36.52 1596 19 1  47 1416  337 44% 15 921541 4533 74%
c i 36.62 1596 19 1  47 1421  341 44% 15 921541 4532 74%
c i 36.70 1596 19 1  47 1433  349 44% 15 921541 4531 74%
c i 36.71 1596 19 1  47 1434  349 44% 15 921541 4530 74%
c i 36.93 1596 19 1  47 1461  363 45% 15 921541 4529 74%
c i 37.04 1596 20 1  47 1478  375 45% 16 921541 4528 74%
c i 37.04 1596 20 1  47 1479  375 45% 16 921541 4527 73%
c - 38.86 1947 20 2  47 1479  335 45% 16 919843 4527 73%
c i 39.49 1820 20 2  47 1518  358 46% 16 919843 4526 73%
c i 39.50 1820 20 2  47 1523  361 46% 16 919843 4525 73%
c i 39.51 1820 20 2  47 1524  361 46% 16 919843 4524 73%
c 
c  seconds    reductions  redundant   irredundant
c          MB     restarts       trail       variables
c            level   conflicts       glue         remaining
c 
c i 39.52 1820 20 2  47 1525  361 46% 16 919843 4523 73%
c i 39.61 1820 20 2  47 1532  367 46% 16 919843 4522 73%
c i 39.90 1820 21 2  47 1583  400 46% 16 919843 4521 73%
c i 39.90 1820 20 2  47 1584  400 46% 16 919843 4520 73%
c i 39.90 1820 20 2  47 1585  400 46% 16 919843 4519 73%
c i 39.90 1820 20 2  47 1586  400 46% 16 919843 4518 73%
c i 39.92 1820 20 2  47 1588  401 46% 16 919843 4517 73%
c i 40.02 1820 21 2  47 1610  417 46% 16 919843 4516 73%
c i 40.34 1820 21 2  47 1669  451 47% 16 919843 4515 73%
c i 40.73 1820 21 2  47 1803  545 48% 16 919843 4514 73%
c i 40.92 1820 21 2  47 1841  569 48% 16 919843 4513 73%
c i 40.96 1820 21 2  47 1850  575 48% 17 919843 4512 73%
c i 40.96 1820 21 2  47 1851  575 48% 16 919843 4511 73%
c i 41.68 1820 22 2  48 2093  748 50% 17 919843 4510 73%
c i 41.74 1820 22 2  48 2116  763 50% 17 919843 4509 73%
c i 41.75 1820 22 2  48 2117  763 50% 17 919843 4508 73%
c i 41.76 1820 22 2  48 2122  767 50% 17 919843 4507 73%
c i 41.80 1820 22 2  48 2143  780 50% 17 919843 4506 73%
c ] 43.70 1820 20 2  48 3000 1294 51% 17 919843 4506 73%
c { 43.70 1820 26 2  48 3000 1294 40% 16 919843 4506 73%
c 
c  seconds    reductions  redundant   irredundant
c          MB     restarts       trail       variables
c            level   conflicts       glue         remaining
c 
c F 45.05 1809 26 2  48 3005 1299 14% 16 919780 4506 73%
c - 47.63 1809 27 3  65 3249 1217 23% 17 919780 4506 73%
c i 47.82 1809 27 3  67 3261 1226 24% 17 919780 4505 73%
c i 47.82 1809 27 3  67 3262 1226 24% 17 919780 4504 73%
c i 49.68 1809 34 3 101 3383 1317 24% 18 919780 4503 73%
c i 50.59 1809 27 3 106 4136 1406 19% 16 919780 4502 73%
c i 51.23 1809 30 3 108 4263 1483 20% 16 919780 4501 73%
c i 51.25 1809 30 3 108 4268 1486 20% 16 919780 4500 73%
c i 51.37 1809 30 3 108 4277 1491 20% 16 919780 4498 73%
c i 51.92 1809 30 3 112 4307 1516 20% 16 919780 4497 73%
c i 52.20 1809 29 3 112 4392 1557 21% 16 919780 4496 73%
c i 52.67 1809 30 3 122 4504 1610 21% 16 919780 4495 73%
c i 52.73 1809 30 3 122 4510 1614 21% 16 919780 4494 73%
c i 52.87 1809 30 3 125 4540 1634 21% 16 919780 4493 73%
c i 53.01 1809 31 3 129 4561 1652 21% 16 919780 4492 73%
c i 53.44 1809 31 3 137 4635 1719 22% 16 919780 4472 73%
c i 53.46 1809 31 3 137 4644 1725 22% 16 919780 4471 73%
c i 57.92 1809 33 3 173 4937 1916 22% 16 919780 4470 73%
c d 61.32 1809 35 3 190 5001 1972 22% 17 919417 4455 72%
c 3 61.43 1809 35 3 190 5001 3316 22% 17 919417 4455 72%
c 
c  seconds    reductions  redundant   irredundant
c          MB     restarts       trail       variables
c            level   conflicts       glue         remaining
c 
c d 62.03 1809 35 3 190 5001 3501 22% 17 898014 4452 72%
c 2 62.11 1809 35 3 190 5001 3500 22% 17 897927 4452 72%
c p 80.57 1808 35 3 190 5001 9057 22% 17 897927 4405 72%
c d 81.61 1808 35 3 190 5001 8409 22% 17 897726 4402 71%
c - 89.21 1776 36 4 254 5608 1771 25% 17 897726 4402 71%
c # 89.96 1776 34 4 254 6009 2042 27% 17 897726 4402 71%
c } 94.78 1776 32 4 301 7001 2743 30% 16 897726 4402 71%
c [ 94.78 1776 20 4 301 7001 2743 70% 17 897726 4402 71%
c - 97.86 1776 21 5 302 8537 3012 57% 17 897726 4402 71%
c I 100.31 1777 21 5 303 10011 4138 51% 17 897726 4402 71%
c - 110.85 1776 26 6 305 12052 4044 46% 21 897726 4402 71%
c ] 120.83 1776 27 6 306 15001 6246 43% 22 897726 4402 71%
c { 120.83 1776 32 6 306 15001 6246 30% 16 897726 4402 71%
c 2 121.06 1777 32 6 306 15001 7626 30% 16 897717 4402 71%
c p 126.96 1777 32 6 306 15001 12778 30% 16 897717 4402 71%
c B 127.62 1776 32 6 306 15013 12789 30% 17 897717 4402 71%
c - 132.66 1776 31 7 384 16155 4899 30% 16 897717 4402 71%
c s 137.18 1777 30 7 473 17161 5336 30% 17 894322 4402 71%
c v 158.47 1776 30 7 473 17161 5336 30% 17 894031 4402 71%
c t 158.99 1777 30 7 473 17161 5335 30% 17 893750 4402 71%
c 
c  seconds     reductions   redundant   irredundant
c           MB     restarts        trail       variables
c             level    conflicts       glue        remaining
c 
c e 162.48 1777 30 7 473 17161 4946 30% 17 885214 995 16%
c s 162.79 1777 30 7 473 17161 4946 30% 17 884690 995 16%
c - 184.64 1778 30 8 703 20842 5106 62% 17 884690 995 16%
c W 186.00 1778 30 8 704 21015 5193 62% 17 884690 995 16%
c } 193.83 1778 25 8 769 25964 7899 65% 16 884690 995 16%
c 1 193.83 1778 25 8 769 25964 7899 65% 16 884690 995 16%
c 
c --- [ writing output ] -----------------------------------------------------
c 
c writing simplified CNF to DIMACS file 'simp/22-cubes/30.cubes591.adj.simp1'
c * 193.83 1778 25 8 769 25964 7899 65% 16 884690 995 16%
c opening file to write 'simp/22-cubes/30.cubes591.adj.simp1'
c writing 'p cnf 6160 884690' header
c closing file 'simp/22-cubes/30.cubes591.adj.simp1'
c after writing 335555292 bytes 320.0 MB
c wrote 884690 clauses in 2.44 seconds process time
c 
c --- [ writing extension ] --------------------------------------------------
c 
c writing extension stack to 'simp/22-cubes/30.cubes591.adj.ext1'
c opening file to write 'simp/22-cubes/30.cubes591.adj.ext1'
c closing file 'simp/22-cubes/30.cubes591.adj.ext1'
c after writing 265279 bytes 0.3 MB
c wrote 11260 witnesses in 0.00 seconds process time
c 
c --- [ result ] -------------------------------------------------------------
c 
s SATISFIABLE
c 
c --- [ run-time profiling ] -------------------------------------------------
c 
c process time taken by individual solving procedures
c (percentage relative to process time for solving)
c 
c       119.34   68.08% search
c        81.95   46.75% unstable
c        55.96   31.92% simplify
c        35.42   20.21% stable
c        24.36   13.89% probe
c        21.69   12.37% vivify
c        18.52   10.57% parse
c         5.62    3.21% elim
c         1.14    0.65% lucky
c         0.83    0.47% walk
c         0.61    0.35% subsume
c         0.29    0.17% ternary
c   =================================
c       175.30   89.32% solve
c 
c last line shows process time for solving
c (percentage relative to total process time)
c 
c --- [ statistics ] ---------------------------------------------------------
c 
c chronological:              4935        19.01 %  of conflicts
c conflicts:                 25964       148.11    per second
c decisions:                 68932       393.22    per second
c eliminated:                 3407        55.31 %  of all variables
c fixed:                      1737        28.20 %  of all variables
c learned:                   25474        98.11 %  per conflict
c learned_lits:            3692550       100.00 %  learned literals
c minimized:                     0         0.00 %  learned literals
c shrunken:                2200084        59.58 %  learned literals
c minishrunken:             333775         9.04 %  learned literals
c propagations:            4901657         0.03 M  per second
c reduced:                    7812        30.09 %  per conflict
c rephased:                      6      4327.33    interval
c restarts:                    769        33.76    interval
c stabilizing:                   2        38.51 %  of conflicts
c substituted:                  21         0.34 %  of all variables
c subsumed:                  14338         0.35 %  of all clauses
c strengthened:              41543         1.03 %  of all clauses
c ternary:                    2926         0.32 %  of resolved
c vivified:                    295         0.01 %  of all clauses
c walked:                        1     25964.00    interval
c weakened:                   9523         3.19    average size
c 
c seconds are measured in process time for solving
c 
c --- [ resources ] ----------------------------------------------------------
c 
c total process time since initialization:       196.27    seconds
c total real time since initialization:          196.80    seconds
c maximum resident set size of process:         2159.70    MB
c 
c --- [ shutting down ] ------------------------------------------------------
c 
c exit 10
++ seq 1 100
+ for i in '$(seq 1 100)'
++ sed 's/.$//'
++ rev
++ cut '-d ' -f1
++ rev
++ tail -n 1
++ grep 'c [*]' log/22-cubes/30.cubes591.adj.simp1
+ vars_remaining=16
+ ((  vars_remaining < 100 - p  ))
+ break
++ cut '-d ' -f3
++ head -n 1 simp/22-cubes/30.cubes591.adj.simp1
+ numvars=6160
++ cut '-d ' -f4
++ head -n 1 simp/22-cubes/30.cubes591.adj.simp1
+ numlines=884690
+ extlines_total=0
++ seq 1 1
+ for j in '$(seq 1 "$i")'
++ cut '-d ' -f1
++ wc -l simp/22-cubes/30.cubes591.adj.ext1
+ extlines_j=11260
+ extlines_total=11260
+ newlines=895950
+ echo 'p cnf 6160 895950'
+ tail simp/22-cubes/30.cubes591.adj.simp1 -n +2
++ seq 1 1
+ for j in '$(seq 1 "$i")'
+ cat simp/22-cubes/30.cubes591.adj.ext1
+ sed -i 's/ 0.*/ 0/' 22-cubes/30.cubes591.adj.simp
============================[ Problem Statistics ]=============================
|                                                                             |
|  Number of variables:          6160                                         |
|  Number of clauses:          894213                                         |
|  Parse time:                   4.44 s                                       |
|  Simplification time:          0.12 s                                       |
|                                                                             |
============================[ Search Statistics ]====================================================
| Conflicts |          ORIGINAL         |          LEARNT          | Num Sols |      SUBGRAPHS      |
|           |    Vars  Clauses Literals |    Limit  Clauses Lit/Cl |          | Canonical Noncanon. |
=====================================================================================================
|       104 |    4423   894217 76369606 |     2000      104    104 |        0 |        21         4 |
|       266 |    4423   894229 76369804 |     2000      266     68 |        0 |        43        16 |
|       536 |    4423   894274 76370731 |     2000      536     67 |        0 |        83        61 |
|       938 |    4423   894339 76371839 |     2000      938     55 |        0 |       131       126 |
|      1790 |    4423   894685 76380161 |     2000     1790     45 |        0 |       329       472 |
|      2583 |    4423   894719 76380788 |     3600     1583     36 |        0 |       354       506 |
|      4118 |    4423   895115 76388297 |     3600     3118     48 |        0 |       447       902 |
|      5957 |    4423   895246 76392187 |     5001     3158     48 |        0 |       537      1033 |
|      8541 |    4423   895268 76392953 |     6305     3246     40 |        0 |       589      1055 |
|     12920 |    4423   895803 76405266 |     7563     4483     32 |        0 |       979      1590 |
|     19471 |    4423   896588 76418691 |     8788     7259     44 |        0 |      1208      2375 |
|     29795 |    4423   898263 76451999 |    11209     8204     47 |        0 |      1623      4050 |
|     43750 |    4423   899244 76473216 |    13625    10375     61 |        0 |      2249      5031 |
|     66691 |    4423   902724 76546447 |    17215    11106     34 |        0 |      3540      8511 |
|    103512 |    4423   910353 76678509 |    20811    20323     52 |        0 |      5611     16140 |
|    153271 |    4423   916323 76802088 |    25608    24879     60 |        0 |      8118     22110 |
|    226373 |    4423   923741 76926769 |    31616    27989     50 |        0 |     11657     29528 |
|    345260 |    4423   944102 77264269 |    40017    23677     29 |        0 |     18971     49889 |
|    571527 |    4423  1022580 78547697 |    50825    48352     37 |        0 |     32153    128367 |
|    887741 |    4423  1117111 79901587 |    64019    52160     51 |        0 |     54562    222898 |
|   1287225 |    4423  1184070 80882111 |    77218    66643     48 |        0 |     82543    289857 |
|   1963806 |    4412   845119 64208979 |    93730    50936     35 |        0 |    121091    467650 |
=====================================================================================================
Number of solutions   : 0           
Canonical subgraphs   : 160463         (58 /sec)
          order  3    : 1              (200000 /sec)
          order  4    : 1              (500000 /sec)
          order  5    : 1              (250000 /sec)
          order  6    : 1              (58824 /sec)
          order  7    : 2              (10471 /sec)
          order  8    : 6              (2629 /sec)
          order  9    : 23             (789 /sec)
          order 10    : 104            (280 /sec)
          order 11    : 550            (125 /sec)
          order 12    : 4522           (94 /sec)
          order 13    : 20314          (71 /sec)
          order 14    : 51068          (69 /sec)
          order 15    : 42297          (59 /sec)
          order 16    : 19765          (47 /sec)
          order 17    : 10773          (41 /sec)
          order 18    : 8842           (39 /sec)
          order 19    : 1883           (40 /sec)
          order 20    : 190            (51 /sec)
          order 21    : 120            (59 /sec)
          order 22    : 0              (-nan /sec)
Noncanonical subgraphs: 556711         (481 /sec)
          order  3    : 0              (-nan /sec)
          order  4    : 0              (-nan /sec)
          order  5    : 0              (-nan /sec)
          order  6    : 0              (-nan /sec)
          order  7    : 0              (-nan /sec)
          order  8    : 0              (-nan /sec)
          order  9    : 0              (-nan /sec)
          order 10    : 0              (-nan /sec)
          order 11    : 0              (-nan /sec)
          order 12    : 0              (-nan /sec)
          order 13    : 0              (-nan /sec)
          order 14    : 479323         (492 /sec)
          order 15    : 65017          (500 /sec)
          order 16    : 12140          (243 /sec)
          order 17    : 77             (1200 /sec)
          order 18    : 14             (433 /sec)
          order 19    : 18             (684 /sec)
          order 20    : 0              (-nan /sec)
          order 21    : 0              (-nan /sec)
Canonicity checking   : 3917.85 s
database reductions   : 88
restarts              : 4250
conflicts             : 2510508        (325 /sec)
decisions             : 3637086        (0.00 % random) (471 /sec)
propagations          : 514586825      (66646 /sec)
conflict literals     : 207152219      (56.09 % deleted)
actual reward         : 0.054601
Memory used           : 1009.00 MB
CPU time              : 7721.25 s

UNSATISFIABLE
