+ '[' -z 3766 ']'
+ f=constraints_22_11.simp-noncanon.simp
+ c=22-cubes/30.cubes
+ i=3766
+ s=70
+ adj=22-cubes/30.cubes3766.adj
+ cnf=22-cubes/30.cubes3766.cnf
+ ext=22-cubes/30.cubes3766.ext
+ cnfext=22-cubes/30.cubes3766.cnfext
+ unitlines=0
++ sed '3767q;d' 22-cubes/30.cubes
+ for b in '$(sed "$((i+1))q;d" "$c")'
+ [[ a != \a ]]
+ for b in '$(sed "$((i+1))q;d" "$c")'
+ [[ -92 != \a ]]
+ [[ -92 != \0 ]]
+ unitlines=1
+ for b in '$(sed "$((i+1))q;d" "$c")'
+ [[ -137 != \a ]]
+ [[ -137 != \0 ]]
+ unitlines=2
+ for b in '$(sed "$((i+1))q;d" "$c")'
+ [[ 122 != \a ]]
+ [[ 122 != \0 ]]
+ unitlines=3
+ for b in '$(sed "$((i+1))q;d" "$c")'
+ [[ -80 != \a ]]
+ [[ -80 != \0 ]]
+ unitlines=4
+ for b in '$(sed "$((i+1))q;d" "$c")'
+ [[ -58 != \a ]]
+ [[ -58 != \0 ]]
+ unitlines=5
+ for b in '$(sed "$((i+1))q;d" "$c")'
+ [[ -207 != \a ]]
+ [[ -207 != \0 ]]
+ unitlines=6
+ for b in '$(sed "$((i+1))q;d" "$c")'
+ [[ -154 != \a ]]
+ [[ -154 != \0 ]]
+ unitlines=7
+ for b in '$(sed "$((i+1))q;d" "$c")'
+ [[ -27 != \a ]]
+ [[ -27 != \0 ]]
+ unitlines=8
+ for b in '$(sed "$((i+1))q;d" "$c")'
+ [[ -169 != \a ]]
+ [[ -169 != \0 ]]
+ unitlines=9
+ for b in '$(sed "$((i+1))q;d" "$c")'
+ [[ -188 != \a ]]
+ [[ -188 != \0 ]]
+ unitlines=10
+ for b in '$(sed "$((i+1))q;d" "$c")'
+ [[ 107 != \a ]]
+ [[ 107 != \0 ]]
+ unitlines=11
+ for b in '$(sed "$((i+1))q;d" "$c")'
+ [[ -125 != \a ]]
+ [[ -125 != \0 ]]
+ unitlines=12
+ for b in '$(sed "$((i+1))q;d" "$c")'
+ [[ -93 != \a ]]
+ [[ -93 != \0 ]]
+ unitlines=13
+ for b in '$(sed "$((i+1))q;d" "$c")'
+ [[ 168 != \a ]]
+ [[ 168 != \0 ]]
+ unitlines=14
+ for b in '$(sed "$((i+1))q;d" "$c")'
+ [[ -167 != \a ]]
+ [[ -167 != \0 ]]
+ unitlines=15
+ for b in '$(sed "$((i+1))q;d" "$c")'
+ [[ -209 != \a ]]
+ [[ -209 != \0 ]]
+ unitlines=16
+ for b in '$(sed "$((i+1))q;d" "$c")'
+ [[ -166 != \a ]]
+ [[ -166 != \0 ]]
+ unitlines=17
+ for b in '$(sed "$((i+1))q;d" "$c")'
+ [[ -33 != \a ]]
+ [[ -33 != \0 ]]
+ unitlines=18
+ for b in '$(sed "$((i+1))q;d" "$c")'
+ [[ -226 != \a ]]
+ [[ -226 != \0 ]]
+ unitlines=19
+ for b in '$(sed "$((i+1))q;d" "$c")'
+ [[ -153 != \a ]]
+ [[ -153 != \0 ]]
+ unitlines=20
+ for b in '$(sed "$((i+1))q;d" "$c")'
+ [[ 165 != \a ]]
+ [[ 165 != \0 ]]
+ unitlines=21
+ for b in '$(sed "$((i+1))q;d" "$c")'
+ [[ -225 != \a ]]
+ [[ -225 != \0 ]]
+ unitlines=22
+ for b in '$(sed "$((i+1))q;d" "$c")'
+ [[ 187 != \a ]]
+ [[ 187 != \0 ]]
+ unitlines=23
+ for b in '$(sed "$((i+1))q;d" "$c")'
+ [[ 0 != \a ]]
+ [[ 0 != \0 ]]
++ cut '-d ' -f3
++ head -n 1 constraints_22_11.simp-noncanon.simp
+ numvars=6160
++ cut '-d ' -f4
++ head -n 1 constraints_22_11.simp-noncanon.simp
+ numlines=1786659
+ newlines=1786682
+ echo 'p cnf 6160 1786682'
+ tail constraints_22_11.simp-noncanon.simp -n +2
++ sed '3767q;d' 22-cubes/30.cubes
+ for b in '$(sed "$((i+1))q;d" "$c")'
+ [[ a != \a ]]
+ for b in '$(sed "$((i+1))q;d" "$c")'
+ [[ -92 != \a ]]
+ [[ -92 != \0 ]]
+ echo '-92 0'
+ for b in '$(sed "$((i+1))q;d" "$c")'
+ [[ -137 != \a ]]
+ [[ -137 != \0 ]]
+ echo '-137 0'
+ for b in '$(sed "$((i+1))q;d" "$c")'
+ [[ 122 != \a ]]
+ [[ 122 != \0 ]]
+ echo '122 0'
+ for b in '$(sed "$((i+1))q;d" "$c")'
+ [[ -80 != \a ]]
+ [[ -80 != \0 ]]
+ echo '-80 0'
+ for b in '$(sed "$((i+1))q;d" "$c")'
+ [[ -58 != \a ]]
+ [[ -58 != \0 ]]
+ echo '-58 0'
+ for b in '$(sed "$((i+1))q;d" "$c")'
+ [[ -207 != \a ]]
+ [[ -207 != \0 ]]
+ echo '-207 0'
+ for b in '$(sed "$((i+1))q;d" "$c")'
+ [[ -154 != \a ]]
+ [[ -154 != \0 ]]
+ echo '-154 0'
+ for b in '$(sed "$((i+1))q;d" "$c")'
+ [[ -27 != \a ]]
+ [[ -27 != \0 ]]
+ echo '-27 0'
+ for b in '$(sed "$((i+1))q;d" "$c")'
+ [[ -169 != \a ]]
+ [[ -169 != \0 ]]
+ echo '-169 0'
+ for b in '$(sed "$((i+1))q;d" "$c")'
+ [[ -188 != \a ]]
+ [[ -188 != \0 ]]
+ echo '-188 0'
+ for b in '$(sed "$((i+1))q;d" "$c")'
+ [[ 107 != \a ]]
+ [[ 107 != \0 ]]
+ echo '107 0'
+ for b in '$(sed "$((i+1))q;d" "$c")'
+ [[ -125 != \a ]]
+ [[ -125 != \0 ]]
+ echo '-125 0'
+ for b in '$(sed "$((i+1))q;d" "$c")'
+ [[ -93 != \a ]]
+ [[ -93 != \0 ]]
+ echo '-93 0'
+ for b in '$(sed "$((i+1))q;d" "$c")'
+ [[ 168 != \a ]]
+ [[ 168 != \0 ]]
+ echo '168 0'
+ for b in '$(sed "$((i+1))q;d" "$c")'
+ [[ -167 != \a ]]
+ [[ -167 != \0 ]]
+ echo '-167 0'
+ for b in '$(sed "$((i+1))q;d" "$c")'
+ [[ -209 != \a ]]
+ [[ -209 != \0 ]]
+ echo '-209 0'
+ for b in '$(sed "$((i+1))q;d" "$c")'
+ [[ -166 != \a ]]
+ [[ -166 != \0 ]]
+ echo '-166 0'
+ for b in '$(sed "$((i+1))q;d" "$c")'
+ [[ -33 != \a ]]
+ [[ -33 != \0 ]]
+ echo '-33 0'
+ for b in '$(sed "$((i+1))q;d" "$c")'
+ [[ -226 != \a ]]
+ [[ -226 != \0 ]]
+ echo '-226 0'
+ for b in '$(sed "$((i+1))q;d" "$c")'
+ [[ -153 != \a ]]
+ [[ -153 != \0 ]]
+ echo '-153 0'
+ for b in '$(sed "$((i+1))q;d" "$c")'
+ [[ 165 != \a ]]
+ [[ 165 != \0 ]]
+ echo '165 0'
+ for b in '$(sed "$((i+1))q;d" "$c")'
+ [[ -225 != \a ]]
+ [[ -225 != \0 ]]
+ echo '-225 0'
+ for b in '$(sed "$((i+1))q;d" "$c")'
+ [[ 187 != \a ]]
+ [[ 187 != \0 ]]
+ echo '187 0'
+ for b in '$(sed "$((i+1))q;d" "$c")'
+ [[ 0 != \a ]]
+ [[ 0 != \0 ]]
+ ./simplify-by-var-removal.sh 22-cubes/30.cubes3766.adj 70
+ '[' -z 70 ']'
+ f=22-cubes/30.cubes3766.adj
+ p=70
++ echo 22-cubes
+ sub_dir=22-cubes
+ mkdir -p log/22-cubes
+ mkdir -p simp/22-cubes
+ tee log/22-cubes/30.cubes3766.adj.simp1
+ ./cadical/build/cadical 22-cubes/30.cubes3766.adj -o simp/22-cubes/30.cubes3766.adj.simp1 -e simp/22-cubes/30.cubes3766.adj.ext1 -n -c 200000
c --- [ banner ] -------------------------------------------------------------
c 
c CaDiCaL Radically Simplified CDCL SAT Solver
c Copyright (c) 2016-2021 A. Biere, M. Fleury, N. Froleyks
c 
c Version 1.5.2
c g++ (GCC) 9.3.0 -Wall -Wextra -O3 -DNDEBUG
c Tue Feb 8 21:15:15 EST 2022 Linux gra-login1 3.10.0-1160.36.2.el7.x86_64 x86_64
c 
c --- [ limit ] --------------------------------------------------------------
c 
c setting conflict limit to 200000 conflicts (due to '200000')
c 
c --- [ parsing input ] ------------------------------------------------------
c 
c reading DIMACS file from '22-cubes/30.cubes3766.adj'
c opening file to read '22-cubes/30.cubes3766.adj'
c found 'p cnf 6160 1786682' header
c parsed 1786682 clauses in 18.35 seconds process time
c closing file '22-cubes/30.cubes3766.adj'
c after reading 1542541766 bytes 1471.1 MB
c 
c --- [ options ] ------------------------------------------------------------
c 
c all options are set to their default value
c 
c --- [ solving ] ------------------------------------------------------------
c 
c time measured in process time since initialization
c 
c  seconds    reductions  redundant   irredundant
c          MB     restarts       trail       variables
c            level   conflicts       glue         remaining
c 
c * 18.35 1476  0 0   0    0    0  0% 0 1785954 4674 76%
c { 19.76 1538  0 0   0    0    0  0% 0 1785954 4674 76%
c i 23.23 1598 42 0   4  130  101 48% 10 1785954 4673 76%
c i 23.48 1602 43 0   6  139  108 48% 12 1785954 4637 75%
c i 25.53 1619 49 0  29  275  214 48% 19 1785954 4624 75%
c - 31.49 1595 51 1  36  301  237 49% 20 625523 4624 75%
c i 33.75 1492 46 1  46  452  337 48% 19 625523 4623 75%
c i 33.80 1492 46 1  46  466  350 49% 19 625523 4622 75%
c i 33.82 1492 46 1  46  473  356 49% 19 625523 4621 75%
c i 34.44 1492 52 1  53  519  392 49% 20 625523 4620 75%
c i 37.64 1491 64 1 105  729  551 48% 23 625523 4619 75%
c i 37.77 1491 65 1 108  740  560 48% 24 625523 4618 75%
c i 38.98 1491 65 1 131  823  634 48% 24 625523 4617 75%
c } 39.79 1492 58 1 134 1001  762 49% 23 625523 4617 75%
c [ 39.79 1492  0 1 134 1001  762  0% 0 625523 4617 75%
c O 39.79 1492  1 1 134 1002  763 28% 1 625523 4617 75%
c i 39.80 1492  1 1 134 1004  764 29% 1 625523 4576 74%
c i 40.65 1492 19 1 134 1345  948 51% 17 625523 4575 74%
c - 41.83 1745 20 2 134 1378  850 52% 17 624764 4575 74%
c i 42.06 1745 21 2 134 1472  910 53% 18 624764 4574 74%
c 
c  seconds    reductions  redundant   irredundant
c          MB     restarts       trail       variables
c            level   conflicts       glue         remaining
c 
c i 42.17 1745 22 2 134 1628 1023 54% 19 624764 4573 74%
c i 42.18 1745 22 2 134 1637 1029 54% 19 624764 4572 74%
c i 42.24 1745 23 2 134 1758 1098 54% 20 624764 4571 74%
c ] 42.29 1745 24 2 134 1830 1148 54% 20 624764 4571 74%
c 1 42.29 1745 24 2 134 1830 1148 54% 20 624764 4571 74%
c 
c --- [ writing output ] -----------------------------------------------------
c 
c writing simplified CNF to DIMACS file 'simp/22-cubes/30.cubes3766.adj.simp1'
c * 42.29 1745 24 2 134 1830 1148 54% 20 624764 4571 74%
c opening file to write 'simp/22-cubes/30.cubes3766.adj.simp1'
c writing 'p cnf 6160 624752' header
c closing file 'simp/22-cubes/30.cubes3766.adj.simp1'
c after writing 319526679 bytes 304.7 MB
c wrote 624752 clauses in 2.44 seconds process time
c 
c --- [ writing extension ] --------------------------------------------------
c 
c writing extension stack to 'simp/22-cubes/30.cubes3766.adj.ext1'
c opening file to write 'simp/22-cubes/30.cubes3766.adj.ext1'
c closing file 'simp/22-cubes/30.cubes3766.adj.ext1'
c after writing 23040 bytes 0.0 MB
c wrote 1589 witnesses in 0.00 seconds process time
c 
c --- [ result ] -------------------------------------------------------------
c 
s SATISFIABLE
c 
c --- [ run-time profiling ] -------------------------------------------------
c 
c process time taken by individual solving procedures
c (percentage relative to process time for solving)
c 
c        23.94  100.00% search
c        20.03   83.70% unstable
c        18.35   76.66% parse
c         2.50   10.42% stable
c         1.41    5.87% lucky
c         0.00    0.00% simplify
c   =================================
c        23.94   53.52% solve
c 
c last line shows process time for solving
c (percentage relative to total process time)
c 
c --- [ statistics ] ---------------------------------------------------------
c 
c chronological:               497        27.16 %  of conflicts
c conflicts:                  1830        76.45    per second
c decisions:                 15465       646.10    per second
c fixed:                      1589        25.80 %  of all variables
c learned:                    1787        97.65 %  per conflict
c learned_lits:             291036       100.00 %  learned literals
c minimized:                     0         0.00 %  learned literals
c shrunken:                 145776        50.09 %  learned literals
c minishrunken:              25953         8.92 %  learned literals
c propagations:             476681         0.02 M  per second
c reduced:                     119         6.50 %  per conflict
c rephased:                      1      1830.00    interval
c restarts:                    134        13.66    interval
c stabilizing:                   1        45.30 %  of conflicts
c subsumed:                    500         0.01 %  of all clauses
c 
c seconds are measured in process time for solving
c 
c --- [ resources ] ----------------------------------------------------------
c 
c total process time since initialization:        44.72    seconds
c total real time since initialization:           44.79    seconds
c maximum resident set size of process:         1774.58    MB
c 
c --- [ shutting down ] ------------------------------------------------------
c 
c exit 10
++ seq 1 100
+ for i in '$(seq 1 100)'
++ sed 's/.$//'
++ rev
++ cut '-d ' -f1
++ rev
++ tail -n 1
++ grep 'c [*]' log/22-cubes/30.cubes3766.adj.simp1
+ vars_remaining=74
+ ((  vars_remaining < 100 - p  ))
+ tee log/22-cubes/30.cubes3766.adj.simp2
+ ./cadical/build/cadical simp/22-cubes/30.cubes3766.adj.simp1 -o simp/22-cubes/30.cubes3766.adj.simp2 -e simp/22-cubes/30.cubes3766.adj.ext2 -n -c 200000
c --- [ banner ] -------------------------------------------------------------
c 
c CaDiCaL Radically Simplified CDCL SAT Solver
c Copyright (c) 2016-2021 A. Biere, M. Fleury, N. Froleyks
c 
c Version 1.5.2
c g++ (GCC) 9.3.0 -Wall -Wextra -O3 -DNDEBUG
c Tue Feb 8 21:15:15 EST 2022 Linux gra-login1 3.10.0-1160.36.2.el7.x86_64 x86_64
c 
c --- [ limit ] --------------------------------------------------------------
c 
c setting conflict limit to 200000 conflicts (due to '200000')
c 
c --- [ parsing input ] ------------------------------------------------------
c 
c reading DIMACS file from 'simp/22-cubes/30.cubes3766.adj.simp1'
c opening file to read 'simp/22-cubes/30.cubes3766.adj.simp1'
c found 'p cnf 6160 624752' header
c parsed 624752 clauses in 3.83 seconds process time
c closing file 'simp/22-cubes/30.cubes3766.adj.simp1'
c after reading 319526679 bytes 304.7 MB
c 
c --- [ options ] ------------------------------------------------------------
c 
c all options are set to their default value
c 
c --- [ solving ] ------------------------------------------------------------
c 
c time measured in process time since initialization
c 
c  seconds   reductions  redundant  irredundant
c          MB    restarts       trail      variables
c           level   conflicts       glue        remaining
c 
c *  3.83 317  0 0   0    0    0  0% 0 624752 4567 74%
c {  4.36 341  0 0   0    0    0  0% 0 624752 4567 74%
c i  6.17 374 73 0  31  156  133 24% 25 624752 4566 74%
c i  6.26 375 70 0  35  168  141 24% 25 624752 4556 74%
c i  6.91 382 60 0  40  234  177 22% 22 624752 4555 74%
c i  7.10 384 61 0  40  248  188 22% 23 624752 4554 74%
c i  7.13 384 61 0  40  253  192 22% 22 624752 4553 74%
c i  7.47 386 62 0  41  285  220 22% 23 624752 4552 74%
c -  8.06 370 61 1  41  301  236 22% 22 523434 4552 74%
c i  8.46 372 62 1  41  367  296 23% 20 523434 4551 74%
c i  8.49 372 62 1  41  374  302 23% 20 523434 4550 74%
c } 13.88 390 63 1  96 1002  808 24% 22 523434 4550 74%
c [ 13.88 390  0 1  96 1002  808  0% 0 523434 4550 74%
c O 13.88 390  1 1  96 1003  808  1% 0 523434 4550 74%
c i 13.88 390  1 1  96 1003  808  1% 0 523434 4529 74%
c i 13.88 390  1 1  96 1004  808  1% 0 523434 4506 73%
c i 13.91 391 22 1  96 1015  816  5% 1 523434 4418 72%
c i 13.91 391 22 1  96 1016  816  5% 1 523434 4396 71%
c - 15.39 604 34 2  96 1334  760 16% 9 521546 4396 71%
c i 15.90 562 29 2  96 1574  941 23% 13 521546 4395 71%
c 
c  seconds   reductions  redundant   irredundant
c          MB    restarts       trail       variables
c           level   conflicts       glue         remaining
c 
c - 17.04 561 23 3  97 2879 1498 29% 15 521543 4395 71%
c ] 17.51 561 22 3  97 3002 1591 41% 15 521543 4395 71%
c { 17.51 561 63 3  97 3002 1591 34% 22 521543 4395 71%
c F 17.54 561 63 3  97 3006 1594 34% 22 521543 4395 71%
c i 18.19 561 63 3 112 3157 1723 34% 23 521543 4394 71%
c i 19.21 561 61 3 137 3324 1830 32% 22 521543 4393 71%
c i 19.26 561 61 3 137 3328 1833 32% 22 521543 4392 71%
c i 23.83 561 66 3 245 4145 2442 31% 24 521543 4391 71%
c i 26.65 561 60 3 286 4878 3069 32% 23 521543 4390 71%
c - 27.34 559 60 4 286 4939 2277 32% 23 521528 4390 71%
c 3 28.27 559 59 4 286 5000 4162 32% 23 521510 4381 71%
c 2 28.38 559 59 4 286 5000 4393 32% 23 521400 4381 71%
c p 34.17 559 59 4 286 5000 8641 32% 23 521400 4341 70%
c d 34.95 559 59 4 286 5000 8446 32% 23 521221 4339 70%
c # 39.58 559 56 4 415 6009 9177 32% 24 521221 4339 70%
c } 41.77 559 50 4 419 7003 9911 32% 23 521221 4339 70%
c [ 41.77 559 22 4 419 7003 9911 41% 15 521221 4339 70%
c - 43.11 552 22 5 420 7516 3317 37% 15 521221 4339 70%
c I 45.24 552 21 5 421 10011 5043 38% 17 521221 4339 70%
c - 46.42 552 24 6 422 10606 3787 38% 19 521221 4339 70%
c 
c  seconds   reductions   redundant   irredundant
c          MB    restarts        trail       variables
c           level    conflicts       glue         remaining
c 
c s 49.71 552 30 6 424 14193 6193 37% 25 518551 4339 70%
c v 56.34 552 30 6 424 14193 6193 37% 25 518180 4339 70%
c w 56.51 552 30 6 424 14193 6191 37% 25 518180 4339 70%
c t 56.52 552 30 6 424 14193 6190 37% 25 518028 4339 70%
c e 58.47 569 30 6 424 14193 5709 37% 25 510416 1149 19%
c s 58.65 569 30 6 424 14193 5703 37% 25 510322 1149 19%
c - 60.82 553 30 7 424 14215 4161 63% 25 510322 1149 19%
c p 62.31 553 31 7 424 15001 6475 63% 25 510322 1149 19%
c ] 62.45 553 31 7 424 15003 6477 63% 25 510322 1149 19%
c { 62.45 553 50 7 424 15003 6477 122% 23 510322 1149 19%
c B 62.59 553 50 7 424 15012 6483 122% 23 510322 1149 19%
c - 69.27 553 43 8 609 18317 4761 95% 21 510322 1149 19%
c W 73.17 553 39 8 681 21015 6492 87% 21 510322 1149 19%
c - 77.77 553 37 9 761 22928 5339 83% 20 510322 1149 19%
c F 88.97 553 35 9 1072 28016 8836 75% 20 510322 1149 19%
c - 89.22 553 35 10 1072 28051 6215 75% 20 510322 1149 19%
c p 94.33 553 35 10 1241 30001 10049 73% 20 510322 1149 19%
c } 97.26 553 34 10 1285 31004 10599 72% 20 510322 1149 19%
c [ 97.26 553 31 10 1285 31004 10599 63% 25 510322 1149 19%
c - 98.66 553 29 11 1286 33687 7188 64% 24 510322 1149 19%
c 
c  seconds   reductions     redundant   irredundant
c          MB     restarts         trail       variables
c           level      conflicts       glue         remaining
c 
c B 99.88 553 28 11 1288 36017 8493 64% 24 510322 1149 19%
c ] 99.94 553 28 11 1288 36042 8516 64% 24 510322 1149 19%
c 1 99.94 553 28 11 1288 36042 8516 64% 24 510322 1149 19%
c 
c --- [ writing output ] -----------------------------------------------------
c 
c writing simplified CNF to DIMACS file 'simp/22-cubes/30.cubes3766.adj.simp2'
c * 99.94 553 28 11 1288 36042 8516 64% 24 510322 1149 19%
c opening file to write 'simp/22-cubes/30.cubes3766.adj.simp2'
c writing 'p cnf 6160 510322' header
c closing file 'simp/22-cubes/30.cubes3766.adj.simp2'
c after writing 226167927 bytes 215.7 MB
c wrote 510322 clauses in 1.72 seconds process time
c 
c --- [ writing extension ] --------------------------------------------------
c 
c writing extension stack to 'simp/22-cubes/30.cubes3766.adj.ext2'
c opening file to write 'simp/22-cubes/30.cubes3766.adj.ext2'
c closing file 'simp/22-cubes/30.cubes3766.adj.ext2'
c after writing 222065 bytes 0.2 MB
c wrote 8869 witnesses in 0.00 seconds process time
c 
c --- [ result ] -------------------------------------------------------------
c 
s SATISFIABLE
c 
c --- [ run-time profiling ] -------------------------------------------------
c 
c process time taken by individual solving procedures
c (percentage relative to process time for solving)
c 
c        76.09   79.18% search
c        59.73   62.15% unstable
c        20.01   20.82% simplify
c        15.58   16.21% stable
c         7.71    8.02% probe
c         6.74    7.01% vivify
c         3.83    3.99% parse
c         3.26    3.39% elim
c         0.53    0.55% lucky
c         0.36    0.37% subsume
c         0.25    0.26% walk
c         0.22    0.23% ternary
c   =================================
c        96.10   94.53% solve
c 
c last line shows process time for solving
c (percentage relative to total process time)
c 
c --- [ statistics ] ---------------------------------------------------------
c 
c chronological:              7795        21.63 %  of conflicts
c conflicts:                 36042       375.03    per second
c decisions:                118903      1237.22    per second
c eliminated:                 3190        51.79 %  of all variables
c fixed:                       217         3.52 %  of all variables
c learned:                   35163        97.56 %  per conflict
c learned_lits:            5433300       100.00 %  learned literals
c minimized:                     0         0.00 %  learned literals
c shrunken:                3289124        60.54 %  learned literals
c minishrunken:             430225         7.92 %  learned literals
c propagations:            5315030         0.06 M  per second
c reduced:                   15632        43.37 %  per conflict
c rephased:                      8      4505.25    interval
c restarts:                   1288        27.98    interval
c stabilizing:                   3        41.72 %  of conflicts
c substituted:                  11         0.18 %  of all variables
c subsumed:                  14719         1.00 %  of all clauses
c strengthened:              30271         2.06 %  of all clauses
c ternary:                    3303         0.46 %  of resolved
c vivified:                    375         0.03 %  of all clauses
c walked:                        1     36042.00    interval
c weakened:                   8652         3.23    average size
c 
c seconds are measured in process time for solving
c 
c --- [ resources ] ----------------------------------------------------------
c 
c total process time since initialization:       101.66    seconds
c total real time since initialization:          101.69    seconds
c maximum resident set size of process:          821.55    MB
c 
c --- [ shutting down ] ------------------------------------------------------
c 
c exit 10
+ for i in '$(seq 1 100)'
++ sed 's/.$//'
++ rev
++ cut '-d ' -f1
++ rev
++ tail -n 1
++ grep 'c [*]' log/22-cubes/30.cubes3766.adj.simp2
+ vars_remaining=19
+ ((  vars_remaining < 100 - p  ))
+ break
++ cut '-d ' -f3
++ head -n 1 simp/22-cubes/30.cubes3766.adj.simp2
+ numvars=6160
++ cut '-d ' -f4
++ head -n 1 simp/22-cubes/30.cubes3766.adj.simp2
+ numlines=510322
+ extlines_total=0
++ seq 1 2
+ for j in '$(seq 1 "$i")'
++ cut '-d ' -f1
++ wc -l simp/22-cubes/30.cubes3766.adj.ext1
+ extlines_j=1589
+ extlines_total=1589
+ for j in '$(seq 1 "$i")'
++ cut '-d ' -f1
++ wc -l simp/22-cubes/30.cubes3766.adj.ext2
+ extlines_j=8869
+ extlines_total=10458
+ newlines=520780
+ echo 'p cnf 6160 520780'
+ tail simp/22-cubes/30.cubes3766.adj.simp2 -n +2
++ seq 1 2
+ for j in '$(seq 1 "$i")'
+ cat simp/22-cubes/30.cubes3766.adj.ext1
+ for j in '$(seq 1 "$i")'
+ cat simp/22-cubes/30.cubes3766.adj.ext2
+ sed -i 's/ 0.*/ 0/' 22-cubes/30.cubes3766.adj.simp
============================[ Problem Statistics ]=============================
|                                                                             |
|  Number of variables:          6160                                         |
|  Number of clauses:          518974                                         |
|  Parse time:                   3.03 s                                       |
|  Simplification time:          0.06 s                                       |
|                                                                             |
============================[ Search Statistics ]====================================================
| Conflicts |          ORIGINAL         |          LEARNT          | Num Sols |      SUBGRAPHS      |
|           |    Vars  Clauses Literals |    Limit  Clauses Lit/Cl |          | Canonical Noncanon. |
=====================================================================================================
|       105 |    4354   518979 49574544 |     2000      105     66 |        0 |        19         5 |
|       301 |    4354   519025 49575190 |     2000      301     72 |        0 |        36        51 |
|       768 |    4354   519267 49580431 |     2000      768     47 |        0 |       111       293 |
|      1819 |    4354   519981 49596445 |     2000     1819     35 |        0 |       317      1007 |
|      3362 |    4354   521018 49621056 |     3601     2363     20 |        0 |       714      2044 |
|      4189 |    4354   521086 49622644 |     3601     3190     37 |        0 |       772      2112 |
|      5695 |    4354   521453 49630601 |     5001     2896     46 |        0 |       853      2479 |
|      7429 |    4354   521479 49631396 |     5001     4630     65 |        0 |       896      2505 |
|     10144 |    4354   521632 49635057 |     6305     4849     53 |        0 |      1033      2658 |
|     14118 |    4354   521762 49638877 |     7555     5673     57 |        0 |      1126      2788 |
|     20111 |    4354   521989 49643843 |     8783     7894     65 |        0 |      1241      3015 |
|     31718 |    4354   524947 49701759 |    11207    10125     56 |        0 |      1857      5973 |
|     45955 |    4354   526210 49730727 |    13611    12566     63 |        0 |      2274      7236 |
|     65666 |    4354   526460 49736908 |    17206    10072     33 |        0 |      2526      7486 |
|     95765 |    4354   527367 49754444 |    20808    12573     37 |        0 |      2872      8393 |
|    141015 |    4354   528828 49781068 |    25609    12624     23 |        0 |      3254      9854 |
|    214850 |    4354   536979 49926680 |    31616    16466     23 |        0 |      5387     18005 |
|    323058 |    4354   546661 50115251 |    38821    20879     29 |        0 |      7817     27687 |
|    471502 |    4354   547316 50133064 |    46019    43921     72 |        0 |      8531     28342 |
|    694194 |    4354   548325 50158285 |    56817    38011     44 |        0 |      9782     29351 |
|   1027022 |    4354   548628 50168556 |    68814    59836     65 |        0 |     10268     29654 |
|   1527907 |    4354   550725 50228793 |    84413    66720     57 |        0 |     11397     31751 |
|   2362469 |    4354   637105 51937941 |   104819   102288     79 |        0 |     29520    118131 |
|   3723755 |    4354   876117 56830680 |   132428   106583     61 |        0 |     63968    357143 |
|   5906019 |    4354  1374970 67129765 |   167236   125455     51 |        0 |    110691    855996 |
|   9248068 |    4354  2191903 81856944 |   209213   184481     46 |        0 |    162573   1672929 |
|  14452230 |    4335  3585331 103141666 |   262030   218660     51 |        0 |    237450   3089416 |
=====================================================================================================
Number of solutions   : 0           
Canonical subgraphs   : 268610         (12 /sec)
          order  3    : 1              (200000 /sec)
          order  4    : 1              (500000 /sec)
          order  5    : 1              (200000 /sec)
          order  6    : 1              (55556 /sec)
          order  7    : 1              (8696 /sec)
          order  8    : 2              (1358 /sec)
          order  9    : 7              (354 /sec)
          order 10    : 33             (115 /sec)
          order 11    : 139            (35 /sec)
          order 12    : 981            (14 /sec)
          order 13    : 5282           (8 /sec)
          order 14    : 42711          (13 /sec)
          order 15    : 203318         (12 /sec)
          order 16    : 15284          (8 /sec)
          order 17    : 811            (8 /sec)
          order 18    : 29             (7 /sec)
          order 19    : 6              (5 /sec)
          order 20    : 1              (8 /sec)
          order 21    : 1              (8 /sec)
          order 22    : 0              (-nan /sec)
Noncanonical subgraphs: 3698368        (90 /sec)
          order  3    : 0              (-nan /sec)
          order  4    : 0              (-nan /sec)
          order  5    : 0              (-nan /sec)
          order  6    : 0              (-nan /sec)
          order  7    : 0              (-nan /sec)
          order  8    : 0              (-nan /sec)
          order  9    : 0              (-nan /sec)
          order 10    : 0              (-nan /sec)
          order 11    : 0              (-nan /sec)
          order 12    : 0              (-nan /sec)
          order 13    : 0              (-nan /sec)
          order 14    : 170590         (1057 /sec)
          order 15    : 315545         (595 /sec)
          order 16    : 3205202        (79 /sec)
          order 17    : 6830           (95 /sec)
          order 18    : 185            (76 /sec)
          order 19    : 15             (36 /sec)
          order 20    : 0              (-nan /sec)
          order 21    : 0              (-nan /sec)
Canonicity checking   : 64299.6 s
database reductions   : 234
restarts              : 24651
conflicts             : 16835633       (226 /sec)
decisions             : 23913655       (0.00 % random) (321 /sec)
propagations          : 3213480310     (43108 /sec)
conflict literals     : 1466952866     (57.91 % deleted)
actual reward         : 0.055480
Memory used           : 1709.00 MB
CPU time              : 74545 s

UNSATISFIABLE
