+ '[' -z 3988 ']'
+ f=constraints_22_11.simp-noncanon.simp
+ c=22-cubes/30.cubes
+ i=3988
+ s=70
+ adj=22-cubes/30.cubes3988.adj
+ cnf=22-cubes/30.cubes3988.cnf
+ ext=22-cubes/30.cubes3988.ext
+ cnfext=22-cubes/30.cubes3988.cnfext
+ unitlines=0
++ sed '3989q;d' 22-cubes/30.cubes
+ for b in '$(sed "$((i+1))q;d" "$c")'
+ [[ a != \a ]]
+ for b in '$(sed "$((i+1))q;d" "$c")'
+ [[ -92 != \a ]]
+ [[ -92 != \0 ]]
+ unitlines=1
+ for b in '$(sed "$((i+1))q;d" "$c")'
+ [[ -137 != \a ]]
+ [[ -137 != \0 ]]
+ unitlines=2
+ for b in '$(sed "$((i+1))q;d" "$c")'
+ [[ 122 != \a ]]
+ [[ 122 != \0 ]]
+ unitlines=3
+ for b in '$(sed "$((i+1))q;d" "$c")'
+ [[ -80 != \a ]]
+ [[ -80 != \0 ]]
+ unitlines=4
+ for b in '$(sed "$((i+1))q;d" "$c")'
+ [[ -58 != \a ]]
+ [[ -58 != \0 ]]
+ unitlines=5
+ for b in '$(sed "$((i+1))q;d" "$c")'
+ [[ -207 != \a ]]
+ [[ -207 != \0 ]]
+ unitlines=6
+ for b in '$(sed "$((i+1))q;d" "$c")'
+ [[ -154 != \a ]]
+ [[ -154 != \0 ]]
+ unitlines=7
+ for b in '$(sed "$((i+1))q;d" "$c")'
+ [[ -27 != \a ]]
+ [[ -27 != \0 ]]
+ unitlines=8
+ for b in '$(sed "$((i+1))q;d" "$c")'
+ [[ -169 != \a ]]
+ [[ -169 != \0 ]]
+ unitlines=9
+ for b in '$(sed "$((i+1))q;d" "$c")'
+ [[ -188 != \a ]]
+ [[ -188 != \0 ]]
+ unitlines=10
+ for b in '$(sed "$((i+1))q;d" "$c")'
+ [[ -107 != \a ]]
+ [[ -107 != \0 ]]
+ unitlines=11
+ for b in '$(sed "$((i+1))q;d" "$c")'
+ [[ -168 != \a ]]
+ [[ -168 != \0 ]]
+ unitlines=12
+ for b in '$(sed "$((i+1))q;d" "$c")'
+ [[ 208 != \a ]]
+ [[ 208 != \0 ]]
+ unitlines=13
+ for b in '$(sed "$((i+1))q;d" "$c")'
+ [[ 152 != \a ]]
+ [[ 152 != \0 ]]
+ unitlines=14
+ for b in '$(sed "$((i+1))q;d" "$c")'
+ [[ 94 != \a ]]
+ [[ 94 != \0 ]]
+ unitlines=15
+ for b in '$(sed "$((i+1))q;d" "$c")'
+ [[ -187 != \a ]]
+ [[ -187 != \0 ]]
+ unitlines=16
+ for b in '$(sed "$((i+1))q;d" "$c")'
+ [[ 205 != \a ]]
+ [[ 205 != \0 ]]
+ unitlines=17
+ for b in '$(sed "$((i+1))q;d" "$c")'
+ [[ 150 != \a ]]
+ [[ 150 != \0 ]]
+ unitlines=18
+ for b in '$(sed "$((i+1))q;d" "$c")'
+ [[ 0 != \a ]]
+ [[ 0 != \0 ]]
++ cut '-d ' -f3
++ head -n 1 constraints_22_11.simp-noncanon.simp
+ numvars=6160
++ cut '-d ' -f4
++ head -n 1 constraints_22_11.simp-noncanon.simp
+ numlines=1786659
+ newlines=1786677
+ echo 'p cnf 6160 1786677'
+ tail constraints_22_11.simp-noncanon.simp -n +2
++ sed '3989q;d' 22-cubes/30.cubes
+ for b in '$(sed "$((i+1))q;d" "$c")'
+ [[ a != \a ]]
+ for b in '$(sed "$((i+1))q;d" "$c")'
+ [[ -92 != \a ]]
+ [[ -92 != \0 ]]
+ echo '-92 0'
+ for b in '$(sed "$((i+1))q;d" "$c")'
+ [[ -137 != \a ]]
+ [[ -137 != \0 ]]
+ echo '-137 0'
+ for b in '$(sed "$((i+1))q;d" "$c")'
+ [[ 122 != \a ]]
+ [[ 122 != \0 ]]
+ echo '122 0'
+ for b in '$(sed "$((i+1))q;d" "$c")'
+ [[ -80 != \a ]]
+ [[ -80 != \0 ]]
+ echo '-80 0'
+ for b in '$(sed "$((i+1))q;d" "$c")'
+ [[ -58 != \a ]]
+ [[ -58 != \0 ]]
+ echo '-58 0'
+ for b in '$(sed "$((i+1))q;d" "$c")'
+ [[ -207 != \a ]]
+ [[ -207 != \0 ]]
+ echo '-207 0'
+ for b in '$(sed "$((i+1))q;d" "$c")'
+ [[ -154 != \a ]]
+ [[ -154 != \0 ]]
+ echo '-154 0'
+ for b in '$(sed "$((i+1))q;d" "$c")'
+ [[ -27 != \a ]]
+ [[ -27 != \0 ]]
+ echo '-27 0'
+ for b in '$(sed "$((i+1))q;d" "$c")'
+ [[ -169 != \a ]]
+ [[ -169 != \0 ]]
+ echo '-169 0'
+ for b in '$(sed "$((i+1))q;d" "$c")'
+ [[ -188 != \a ]]
+ [[ -188 != \0 ]]
+ echo '-188 0'
+ for b in '$(sed "$((i+1))q;d" "$c")'
+ [[ -107 != \a ]]
+ [[ -107 != \0 ]]
+ echo '-107 0'
+ for b in '$(sed "$((i+1))q;d" "$c")'
+ [[ -168 != \a ]]
+ [[ -168 != \0 ]]
+ echo '-168 0'
+ for b in '$(sed "$((i+1))q;d" "$c")'
+ [[ 208 != \a ]]
+ [[ 208 != \0 ]]
+ echo '208 0'
+ for b in '$(sed "$((i+1))q;d" "$c")'
+ [[ 152 != \a ]]
+ [[ 152 != \0 ]]
+ echo '152 0'
+ for b in '$(sed "$((i+1))q;d" "$c")'
+ [[ 94 != \a ]]
+ [[ 94 != \0 ]]
+ echo '94 0'
+ for b in '$(sed "$((i+1))q;d" "$c")'
+ [[ -187 != \a ]]
+ [[ -187 != \0 ]]
+ echo '-187 0'
+ for b in '$(sed "$((i+1))q;d" "$c")'
+ [[ 205 != \a ]]
+ [[ 205 != \0 ]]
+ echo '205 0'
+ for b in '$(sed "$((i+1))q;d" "$c")'
+ [[ 150 != \a ]]
+ [[ 150 != \0 ]]
+ echo '150 0'
+ for b in '$(sed "$((i+1))q;d" "$c")'
+ [[ 0 != \a ]]
+ [[ 0 != \0 ]]
+ ./simplify-by-var-removal.sh 22-cubes/30.cubes3988.adj 70
+ '[' -z 70 ']'
+ f=22-cubes/30.cubes3988.adj
+ p=70
++ echo 22-cubes
+ sub_dir=22-cubes
+ mkdir -p log/22-cubes
+ mkdir -p simp/22-cubes
+ tee log/22-cubes/30.cubes3988.adj.simp1
+ ./cadical/build/cadical 22-cubes/30.cubes3988.adj -o simp/22-cubes/30.cubes3988.adj.simp1 -e simp/22-cubes/30.cubes3988.adj.ext1 -n -c 200000
c --- [ banner ] -------------------------------------------------------------
c 
c CaDiCaL Radically Simplified CDCL SAT Solver
c Copyright (c) 2016-2021 A. Biere, M. Fleury, N. Froleyks
c 
c Version 1.5.2
c g++ (GCC) 9.3.0 -Wall -Wextra -O3 -DNDEBUG
c Tue Feb 8 21:15:15 EST 2022 Linux gra-login1 3.10.0-1160.36.2.el7.x86_64 x86_64
c 
c --- [ limit ] --------------------------------------------------------------
c 
c setting conflict limit to 200000 conflicts (due to '200000')
c 
c --- [ parsing input ] ------------------------------------------------------
c 
c reading DIMACS file from '22-cubes/30.cubes3988.adj'
c opening file to read '22-cubes/30.cubes3988.adj'
c found 'p cnf 6160 1786677' header
c parsed 1786677 clauses in 16.83 seconds process time
c closing file '22-cubes/30.cubes3988.adj'
c after reading 1542541731 bytes 1471.1 MB
c 
c --- [ options ] ------------------------------------------------------------
c 
c all options are set to their default value
c 
c --- [ solving ] ------------------------------------------------------------
c 
c time measured in process time since initialization
c 
c  seconds    reductions  redundant   irredundant
c          MB     restarts       trail       variables
c            level   conflicts       glue         remaining
c 
c * 16.83 1473  0 0   0    0    0  0% 0 1785954 4642 75%
c { 18.11 1528  0 0   0    0    0  0% 0 1785954 4642 75%
c i 20.52 1564 48 0  10  166  102 42% 14 1785954 4641 75%
c i 20.73 1566 49 0  13  176  108 43% 16 1785954 4640 75%
c i 20.81 1567 50 0  14  183  112 43% 17 1785954 4631 75%
c i 20.93 1568 50 0  16  189  116 43% 17 1785954 4621 75%
c i 22.20 1575 58 0  35  261  173 44% 18 1785954 4620 75%
c i 22.28 1575 57 0  38  270  180 44% 17 1785954 4619 75%
c i 22.72 1578 65 0  38  300  201 44% 16 1785954 4618 75%
c - 26.21 1536 65 1  38  300  201 44% 16 398761 4618 75%
c i 26.44 1512 63 1  38  316  215 45% 16 398761 4617 75%
c i 26.55 1512 62 1  38  323  220 45% 16 398761 4616 75%
c i 27.32 1468 62 1  49  400  283 46% 17 398761 4615 75%
c i 27.72 1469 62 1  52  567  341 44% 15 398761 4614 75%
c i 27.72 1469 62 1  52  569  342 44% 15 398761 4613 75%
c i 27.72 1469 62 1  52  570  342 44% 15 398761 4612 75%
c i 27.72 1469 62 1  52  571  342 44% 15 398761 4611 75%
c i 27.72 1469 62 1  52  572  342 44% 15 398761 4610 75%
c i 27.72 1469 62 1  52  573  342 44% 15 398761 4609 75%
c i 29.02 1469 63 1  90  791  498 45% 18 398761 4608 75%
c 
c  seconds    reductions  redundant   irredundant
c          MB     restarts       trail       variables
c            level   conflicts       glue         remaining
c 
c i 29.49 1470 62 1 108  867  562 46% 18 398761 4607 75%
c i 29.62 1470 61 1 114  893  582 46% 19 398761 4606 75%
c i 29.68 1470 61 1 120  914  594 46% 19 398761 4605 75%
c } 30.49 1470 60 1 138 1001  661 46% 20 398761 4605 75%
c [ 30.49 1470  0 1 138 1001  661  0% 0 398761 4605 75%
c O 30.50 1470  0 1 138 1002  661 32% 0 398761 4605 75%
c i 30.50 1470  0 1 138 1002  661 32% 0 398761 4513 73%
c i 30.55 1470  1 1 138 1008  663 35% 1 398761 4430 72%
c i 30.77 1470 15 1 138 1064  704 47% 12 398761 4429 72%
c i 30.92 1470 21 1 138 1190  775 53% 18 398761 4428 72%
c i 30.93 1470 22 1 138 1210  785 53% 19 398761 4427 72%
c i 30.95 1470 22 1 138 1251  807 54% 20 398761 4426 72%
c i 30.95 1470 23 1 138 1257  812 54% 19 398761 4425 72%
c - 31.79 1645 23 2 138 1260  741 54% 19 396168 4425 72%
c i 32.01 1645 23 2 138 1332  775 54% 20 396168 4424 72%
c i 32.44 1645 23 2 138 2023 1170 55% 20 396168 4423 72%
c i 32.65 1645 23 2 139 2374 1372 55% 20 396168 4422 72%
c i 32.79 1645 23 2 139 2594 1488 55% 20 396168 4421 72%
c i 32.81 1645 23 2 139 2604 1493 55% 19 396168 4420 72%
c i 32.83 1645 23 2 139 2609 1496 55% 19 396168 4419 72%
c 
c  seconds    reductions  redundant   irredundant
c          MB     restarts       trail       variables
c            level   conflicts       glue         remaining
c 
c i 32.89 1645 23 2 139 2630 1516 55% 19 396168 4418 72%
c - 33.40 1642 23 3 139 2699 1229 55% 20 396147 4418 72%
c i 33.94 1642 23 3 139 2999 1438 39% 19 396147 4417 72%
c ] 33.95 1642 23 3 139 3003 1442 39% 19 396147 4417 72%
c { 33.95 1642 60 3 139 3003 1442 65% 20 396147 4417 72%
c F 33.98 1642 60 3 140 3004 1443 65% 20 396147 4417 72%
c i 34.13 1642 59 3 141 3034 1469 64% 19 396147 4416 72%
c i 34.52 1642 59 3 154 3117 1537 61% 20 396147 4412 72%
c i 34.56 1642 59 3 155 3124 1541 61% 20 396147 4406 72%
c i 35.00 1642 60 3 168 3179 1587 60% 20 396147 4405 72%
c i 35.52 1642 54 3 174 3337 1674 55% 19 396147 4404 71%
c i 35.59 1642 53 3 174 3397 1713 55% 19 396147 4403 71%
c i 35.98 1642 51 3 184 3528 1808 53% 19 396147 4402 71%
c i 36.14 1642 45 3 184 3826 1949 50% 17 396147 4401 71%
c i 36.16 1642 44 3 184 3861 1974 50% 17 396147 4400 71%
c i 36.23 1642 41 3 184 4050 2058 49% 16 396147 4399 71%
c i 36.24 1642 41 3 184 4054 2060 49% 16 396147 4398 71%
c i 36.71 1642 41 3 212 4244 2206 48% 17 396147 4397 71%
c i 37.78 1642 40 3 256 4593 2431 45% 17 396147 4396 71%
c - 38.40 1636 40 4 263 4620 1808 45% 18 395861 4396 71%
c 
c  seconds    reductions  redundant   irredundant
c          MB     restarts       trail       variables
c            level   conflicts       glue         remaining
c 
c i 38.56 1636 40 4 271 4661 1829 45% 17 395861 4395 71%
c i 38.82 1636 40 4 274 4778 1863 44% 17 395861 4394 71%
c d 40.38 1636 41 4 327 5000 2025 43% 18 272662 4384 71%
c 3 40.42 1636 41 4 327 5000 4337 43% 18 272662 4384 71%
c 2 40.49 1636 41 4 327 5000 4594 43% 18 272551 4376 71%
c p 45.00 1636 41 4 327 5000 11706 43% 18 272551 4197 68%
c d 45.39 1636 41 4 327 5000 10978 43% 18 222820 4196 68%
c d 45.53 1636 41 4 327 5000 10975 43% 18 222816 4194 68%
c # 46.64 1636 37 4 383 6008 11658 41% 17 222816 4194 68%
c } 47.40 1636 33 4 392 7003 12359 40% 17 222816 4194 68%
c [ 47.40 1636 23 4 392 7003 12359 39% 19 222816 4194 68%
c - 47.63 1469 23 5 392 7019 2905 39% 19 222816 4194 68%
c - 48.58 1469 22 6 394 9447 2970 37% 18 222816 4194 68%
c I 48.83 1469 22 6 394 10009 3323 37% 18 222816 4194 68%
c - 49.92 1469 22 7 396 12277 3524 37% 19 222816 4194 68%
c 3 51.47 1469 23 7 397 15001 7508 37% 19 222816 4194 68%
c 2 51.51 1469 23 7 397 15001 7708 37% 19 222770 4194 68%
c p 52.95 1469 23 7 397 15001 13912 37% 19 222770 4194 68%
c ] 53.03 1469 23 7 397 15003 13914 37% 19 222770 4194 68%
c { 53.03 1469 33 7 397 15003 13914 40% 17 222770 4194 68%
c 
c  seconds    reductions    redundant   irredundant
c          MB     restarts         trail       variables
c            level    conflicts        glue         remaining
c 
c B 53.10 1469 33 7 397 15010 13920 40% 17 222770 4194 68%
c - 54.04 1470 32 8 444 15512 4076 39% 16 222770 4194 68%
c s 55.18 1470 27 8 449 17176 4665 38% 15 219321 4194 68%
c v 58.25 1470 27 8 449 17176 4665 38% 15 219145 4194 68%
c t 58.31 1470 27 8 449 17176 4651 38% 15 218998 4194 68%
c e 58.75 1470 27 8 449 17176 4185 38% 15 211199 978 16%
c s 58.85 1470 27 8 449 17176 4179 38% 15 210915 978 16%
c i 59.80 1470 26 8 449 17498 4285 55% 14 210915 977 16%
c - 63.40 1470 28 9 711 19152 3516 58% 15 210912 977 16%
c W 67.03 1470 28 9 907 21011 4845 58% 16 210912 977 16%
c - 68.78 1470 27 10 994 23126 4966 60% 16 210912 977 16%
c - 70.61 1470 23 11 1005 27495 4854 61% 14 210912 977 16%
c F 70.79 1470 23 11 1007 28014 5174 62% 14 210912 977 16%
c p 73.81 1470 23 11 1206 30001 9207 62% 15 210912 977 16%
c } 74.32 1470 22 11 1214 31005 9759 62% 14 210912 977 16%
c [ 74.32 1470 23 11 1214 31005 9759 167% 19 210912 977 16%
c - 74.81 1470 22 12 1214 32262 6318 153% 19 210912 977 16%
c B 76.14 1470 21 12 1217 36015 8892 127% 18 210912 977 16%
c - 76.82 1470 22 13 1217 37426 7178 120% 19 210912 977 16%
c - 78.75 1470 25 14 1221 42987 7524 104% 21 210912 977 16%
c 
c  seconds    reductions     redundant    irredundant
c          MB      restarts         trail        variables
c            level      conflicts        glue        remaining
c 
c W 80.34 1470 25 14 1221 45016 8962 100% 21 210912 977 16%
c ] 80.43 1470 25 14 1221 45250 9121 100% 21 210912 977 16%
c 1 80.43 1470 25 14 1221 45250 9121 100% 21 210912 977 16%
c 
c --- [ writing output ] -----------------------------------------------------
c 
c writing simplified CNF to DIMACS file 'simp/22-cubes/30.cubes3988.adj.simp1'
c * 80.43 1470 25 14 1221 45250 9121 100% 21 210912 977 16%
c opening file to write 'simp/22-cubes/30.cubes3988.adj.simp1'
c writing 'p cnf 6160 210912' header
c closing file 'simp/22-cubes/30.cubes3988.adj.simp1'
c after writing 85804681 bytes 81.8 MB
c wrote 210912 clauses in 0.53 seconds process time
c 
c --- [ writing extension ] --------------------------------------------------
c 
c writing extension stack to 'simp/22-cubes/30.cubes3988.adj.ext1'
c opening file to write 'simp/22-cubes/30.cubes3988.adj.ext1'
c closing file 'simp/22-cubes/30.cubes3988.adj.ext1'
c after writing 239958 bytes 0.2 MB
c wrote 10366 witnesses in 0.00 seconds process time
c 
c --- [ result ] -------------------------------------------------------------
c 
s SATISFIABLE
c 
c --- [ run-time profiling ] -------------------------------------------------
c 
c process time taken by individual solving procedures
c (percentage relative to process time for solving)
c 
c        51.31   80.69% search
c        36.16   56.86% unstable
c        16.83   26.46% parse
c        12.95   20.36% stable
c        12.28   19.31% simplify
c         6.95   10.93% probe
c         3.10    4.88% vivify
c         1.28    2.01% lucky
c         0.93    1.46% walk
c         0.75    1.18% elim
c         0.22    0.34% subsume
c         0.13    0.20% ternary
c   =================================
c        63.60   78.56% solve
c 
c last line shows process time for solving
c (percentage relative to total process time)
c 
c --- [ statistics ] ---------------------------------------------------------
c 
c chronological:              8740        19.31 %  of conflicts
c conflicts:                 45250       711.52    per second
c decisions:                104700      1646.31    per second
c eliminated:                 3216        52.21 %  of all variables
c fixed:                      1954        31.72 %  of all variables
c learned:                   44142        97.55 %  per conflict
c learned_lits:            6650788       100.00 %  learned literals
c minimized:                     0         0.00 %  learned literals
c shrunken:                3949317        59.38 %  learned literals
c minishrunken:             640727         9.63 %  learned literals
c propagations:            6205369         0.10 M  per second
c reduced:                   19081        42.17 %  per conflict
c rephased:                      9      5027.78    interval
c restarts:                   1221        37.06    interval
c stabilizing:                   3        53.58 %  of conflicts
c substituted:                  13         0.21 %  of all variables
c subsumed:                  19433         0.51 %  of all clauses
c strengthened:              11033         0.29 %  of all clauses
c ternary:                    5673         0.54 %  of resolved
c vivified:                    181         0.00 %  of all clauses
c walked:                        2     22625.00    interval
c weakened:                   8412         3.18    average size
c 
c seconds are measured in process time for solving
c 
c --- [ resources ] ----------------------------------------------------------
c 
c total process time since initialization:        80.96    seconds
c total real time since initialization:           81.66    seconds
c maximum resident set size of process:         1816.60    MB
c 
c --- [ shutting down ] ------------------------------------------------------
c 
c exit 10
++ seq 1 100
+ for i in '$(seq 1 100)'
++ sed 's/.$//'
++ rev
++ cut '-d ' -f1
++ rev
++ tail -n 1
++ grep 'c [*]' log/22-cubes/30.cubes3988.adj.simp1
+ vars_remaining=16
+ ((  vars_remaining < 100 - p  ))
+ break
++ cut '-d ' -f3
++ head -n 1 simp/22-cubes/30.cubes3988.adj.simp1
+ numvars=6160
++ cut '-d ' -f4
++ head -n 1 simp/22-cubes/30.cubes3988.adj.simp1
+ numlines=210912
+ extlines_total=0
++ seq 1 1
+ for j in '$(seq 1 "$i")'
++ cut '-d ' -f1
++ wc -l simp/22-cubes/30.cubes3988.adj.ext1
+ extlines_j=10366
+ extlines_total=10366
+ newlines=221278
+ echo 'p cnf 6160 221278'
+ tail simp/22-cubes/30.cubes3988.adj.simp1 -n +2
++ seq 1 1
+ for j in '$(seq 1 "$i")'
+ cat simp/22-cubes/30.cubes3988.adj.ext1
+ sed -i 's/ 0.*/ 0/' 22-cubes/30.cubes3988.adj.simp
============================[ Problem Statistics ]=============================
|                                                                             |
|  Number of variables:          6160                                         |
|  Number of clauses:          219324                                         |
|  Parse time:                   1.22 s                                       |
|  Simplification time:          0.03 s                                       |
|                                                                             |
============================[ Search Statistics ]====================================================
| Conflicts |          ORIGINAL         |          LEARNT          | Num Sols |      SUBGRAPHS      |
|           |    Vars  Clauses Literals |    Limit  Clauses Lit/Cl |          | Canonical Noncanon. |
=====================================================================================================
|       100 |    4206   219324 18562283 |     2000      100     51 |        0 |        22         0 |
|       250 |    4206   219324 18562283 |     2000      250     67 |        0 |        30         0 |
|       475 |    4206   219324 18562283 |     2000      475     66 |        0 |        34         0 |
|       813 |    4206   219325 18562385 |     2000      813     66 |        0 |        48         1 |
|      1321 |    4206   219327 18562447 |     2000     1321     64 |        0 |        88         3 |
|      2089 |    4206   219336 18562711 |     3602     1091     36 |        0 |       123        12 |
|      3303 |    4206   219411 18564113 |     3602     2305     55 |        0 |       182        87 |
|      5125 |    4206   219525 18566016 |     5005     2330     42 |        0 |       249       201 |
|      7698 |    4206   219536 18566387 |     5005     4903     60 |        0 |       318       212 |
|     11663 |    4206   219657 18568790 |     7554     3217     26 |        0 |       394       333 |
|     17686 |    4206   219914 18572671 |     8779     5465     49 |        0 |       467       590 |
|     26791 |    4206   220370 18579869 |    11201     5192     33 |        0 |       654      1046 |
|     39906 |    4206   220511 18582699 |    13613     6519     30 |        0 |       890      1187 |
|     59849 |    4206   220993 18590719 |    16013    12262     47 |        0 |      1183      1669 |
|     90088 |    4206   222040 18608006 |    19614    16702     56 |        0 |      1479      2716 |
|    134248 |    4206   222411 18615803 |    24405    18053     47 |        0 |      1645      3087 |
|    200981 |    4206   223460 18633889 |    30414    17795     39 |        0 |      1891      4136 |
|    305645 |    4206   229598 18714438 |    37609    22254     41 |        0 |      3082     10274 |
|    460967 |    4206   237131 18814964 |    46021    33388     49 |        0 |      4209     17807 |
|    715022 |    4189   224421 18585465 |    56276    28698     46 |        0 |      9602     50179 |
=====================================================================================================
Number of solutions   : 0           
Canonical subgraphs   : 14827          (13 /sec)
          order  3    : 1              (200000 /sec)
          order  4    : 1              (500000 /sec)
          order  5    : 1              (250000 /sec)
          order  6    : 1              (47619 /sec)
          order  7    : 1              (7937 /sec)
          order  8    : 2              (1250 /sec)
          order  9    : 6              (289 /sec)
          order 10    : 17             (69 /sec)
          order 11    : 83             (22 /sec)
          order 12    : 393            (12 /sec)
          order 13    : 1933           (11 /sec)
          order 14    : 6318           (17 /sec)
          order 15    : 5256           (12 /sec)
          order 16    : 811            (7 /sec)
          order 17    : 2              (9 /sec)
          order 18    : 1              (6 /sec)
          order 19    : 0              (-nan /sec)
          order 20    : 0              (-nan /sec)
          order 21    : 0              (-nan /sec)
          order 22    : 0              (-nan /sec)
Noncanonical subgraphs: 87739          (804 /sec)
          order  3    : 0              (-nan /sec)
          order  4    : 0              (-nan /sec)
          order  5    : 0              (-nan /sec)
          order  6    : 0              (-nan /sec)
          order  7    : 0              (-nan /sec)
          order  8    : 0              (-nan /sec)
          order  9    : 0              (-nan /sec)
          order 10    : 0              (-nan /sec)
          order 11    : 0              (-nan /sec)
          order 12    : 0              (-nan /sec)
          order 13    : 0              (-nan /sec)
          order 14    : 14980          (3638 /sec)
          order 15    : 71434          (699 /sec)
          order 16    : 1311           (492 /sec)
          order 17    : 13             (68 /sec)
          order 18    : 1              (82 /sec)
          order 19    : 0              (-nan /sec)
          order 20    : 0              (-nan /sec)
          order 21    : 0              (-nan /sec)
Canonicity checking   : 1263.4 s
database reductions   : 51
restarts              : 1916
conflicts             : 887660         (564 /sec)
decisions             : 1199651        (0.00 % random) (763 /sec)
propagations          : 178136983      (113237 /sec)
conflict literals     : 74040735       (55.67 % deleted)
actual reward         : 0.056818
Memory used           : 240.00 MB
CPU time              : 1573.14 s

UNSATISFIABLE
