+ '[' -z 3556 ']'
+ f=constraints_22_11.simp-noncanon.simp
+ c=22-cubes/30.cubes
+ i=3556
+ s=70
+ adj=22-cubes/30.cubes3556.adj
+ cnf=22-cubes/30.cubes3556.cnf
+ ext=22-cubes/30.cubes3556.ext
+ cnfext=22-cubes/30.cubes3556.cnfext
+ unitlines=0
++ sed '3557q;d' 22-cubes/30.cubes
+ for b in '$(sed "$((i+1))q;d" "$c")'
+ [[ a != \a ]]
+ for b in '$(sed "$((i+1))q;d" "$c")'
+ [[ -92 != \a ]]
+ [[ -92 != \0 ]]
+ unitlines=1
+ for b in '$(sed "$((i+1))q;d" "$c")'
+ [[ -137 != \a ]]
+ [[ -137 != \0 ]]
+ unitlines=2
+ for b in '$(sed "$((i+1))q;d" "$c")'
+ [[ 122 != \a ]]
+ [[ 122 != \0 ]]
+ unitlines=3
+ for b in '$(sed "$((i+1))q;d" "$c")'
+ [[ -80 != \a ]]
+ [[ -80 != \0 ]]
+ unitlines=4
+ for b in '$(sed "$((i+1))q;d" "$c")'
+ [[ -58 != \a ]]
+ [[ -58 != \0 ]]
+ unitlines=5
+ for b in '$(sed "$((i+1))q;d" "$c")'
+ [[ -207 != \a ]]
+ [[ -207 != \0 ]]
+ unitlines=6
+ for b in '$(sed "$((i+1))q;d" "$c")'
+ [[ -154 != \a ]]
+ [[ -154 != \0 ]]
+ unitlines=7
+ for b in '$(sed "$((i+1))q;d" "$c")'
+ [[ -27 != \a ]]
+ [[ -27 != \0 ]]
+ unitlines=8
+ for b in '$(sed "$((i+1))q;d" "$c")'
+ [[ -169 != \a ]]
+ [[ -169 != \0 ]]
+ unitlines=9
+ for b in '$(sed "$((i+1))q;d" "$c")'
+ [[ 188 != \a ]]
+ [[ 188 != \0 ]]
+ unitlines=10
+ for b in '$(sed "$((i+1))q;d" "$c")'
+ [[ -33 != \a ]]
+ [[ -33 != \0 ]]
+ unitlines=11
+ for b in '$(sed "$((i+1))q;d" "$c")'
+ [[ -107 != \a ]]
+ [[ -107 != \0 ]]
+ unitlines=12
+ for b in '$(sed "$((i+1))q;d" "$c")'
+ [[ -135 != \a ]]
+ [[ -135 != \0 ]]
+ unitlines=13
+ for b in '$(sed "$((i+1))q;d" "$c")'
+ [[ 134 != \a ]]
+ [[ 134 != \0 ]]
+ unitlines=14
+ for b in '$(sed "$((i+1))q;d" "$c")'
+ [[ -69 != \a ]]
+ [[ -69 != \0 ]]
+ unitlines=15
+ for b in '$(sed "$((i+1))q;d" "$c")'
+ [[ -187 != \a ]]
+ [[ -187 != \0 ]]
+ unitlines=16
+ for b in '$(sed "$((i+1))q;d" "$c")'
+ [[ -224 != \a ]]
+ [[ -224 != \0 ]]
+ unitlines=17
+ for b in '$(sed "$((i+1))q;d" "$c")'
+ [[ -186 != \a ]]
+ [[ -186 != \0 ]]
+ unitlines=18
+ for b in '$(sed "$((i+1))q;d" "$c")'
+ [[ -49 != \a ]]
+ [[ -49 != \0 ]]
+ unitlines=19
+ for b in '$(sed "$((i+1))q;d" "$c")'
+ [[ -136 != \a ]]
+ [[ -136 != \0 ]]
+ unitlines=20
+ for b in '$(sed "$((i+1))q;d" "$c")'
+ [[ -183 != \a ]]
+ [[ -183 != \0 ]]
+ unitlines=21
+ for b in '$(sed "$((i+1))q;d" "$c")'
+ [[ 204 != \a ]]
+ [[ 204 != \0 ]]
+ unitlines=22
+ for b in '$(sed "$((i+1))q;d" "$c")'
+ [[ 193 != \a ]]
+ [[ 193 != \0 ]]
+ unitlines=23
+ for b in '$(sed "$((i+1))q;d" "$c")'
+ [[ 0 != \a ]]
+ [[ 0 != \0 ]]
++ cut '-d ' -f3
++ head -n 1 constraints_22_11.simp-noncanon.simp
+ numvars=6160
++ cut '-d ' -f4
++ head -n 1 constraints_22_11.simp-noncanon.simp
+ numlines=1786659
+ newlines=1786682
+ echo 'p cnf 6160 1786682'
+ tail constraints_22_11.simp-noncanon.simp -n +2
++ sed '3557q;d' 22-cubes/30.cubes
+ for b in '$(sed "$((i+1))q;d" "$c")'
+ [[ a != \a ]]
+ for b in '$(sed "$((i+1))q;d" "$c")'
+ [[ -92 != \a ]]
+ [[ -92 != \0 ]]
+ echo '-92 0'
+ for b in '$(sed "$((i+1))q;d" "$c")'
+ [[ -137 != \a ]]
+ [[ -137 != \0 ]]
+ echo '-137 0'
+ for b in '$(sed "$((i+1))q;d" "$c")'
+ [[ 122 != \a ]]
+ [[ 122 != \0 ]]
+ echo '122 0'
+ for b in '$(sed "$((i+1))q;d" "$c")'
+ [[ -80 != \a ]]
+ [[ -80 != \0 ]]
+ echo '-80 0'
+ for b in '$(sed "$((i+1))q;d" "$c")'
+ [[ -58 != \a ]]
+ [[ -58 != \0 ]]
+ echo '-58 0'
+ for b in '$(sed "$((i+1))q;d" "$c")'
+ [[ -207 != \a ]]
+ [[ -207 != \0 ]]
+ echo '-207 0'
+ for b in '$(sed "$((i+1))q;d" "$c")'
+ [[ -154 != \a ]]
+ [[ -154 != \0 ]]
+ echo '-154 0'
+ for b in '$(sed "$((i+1))q;d" "$c")'
+ [[ -27 != \a ]]
+ [[ -27 != \0 ]]
+ echo '-27 0'
+ for b in '$(sed "$((i+1))q;d" "$c")'
+ [[ -169 != \a ]]
+ [[ -169 != \0 ]]
+ echo '-169 0'
+ for b in '$(sed "$((i+1))q;d" "$c")'
+ [[ 188 != \a ]]
+ [[ 188 != \0 ]]
+ echo '188 0'
+ for b in '$(sed "$((i+1))q;d" "$c")'
+ [[ -33 != \a ]]
+ [[ -33 != \0 ]]
+ echo '-33 0'
+ for b in '$(sed "$((i+1))q;d" "$c")'
+ [[ -107 != \a ]]
+ [[ -107 != \0 ]]
+ echo '-107 0'
+ for b in '$(sed "$((i+1))q;d" "$c")'
+ [[ -135 != \a ]]
+ [[ -135 != \0 ]]
+ echo '-135 0'
+ for b in '$(sed "$((i+1))q;d" "$c")'
+ [[ 134 != \a ]]
+ [[ 134 != \0 ]]
+ echo '134 0'
+ for b in '$(sed "$((i+1))q;d" "$c")'
+ [[ -69 != \a ]]
+ [[ -69 != \0 ]]
+ echo '-69 0'
+ for b in '$(sed "$((i+1))q;d" "$c")'
+ [[ -187 != \a ]]
+ [[ -187 != \0 ]]
+ echo '-187 0'
+ for b in '$(sed "$((i+1))q;d" "$c")'
+ [[ -224 != \a ]]
+ [[ -224 != \0 ]]
+ echo '-224 0'
+ for b in '$(sed "$((i+1))q;d" "$c")'
+ [[ -186 != \a ]]
+ [[ -186 != \0 ]]
+ echo '-186 0'
+ for b in '$(sed "$((i+1))q;d" "$c")'
+ [[ -49 != \a ]]
+ [[ -49 != \0 ]]
+ echo '-49 0'
+ for b in '$(sed "$((i+1))q;d" "$c")'
+ [[ -136 != \a ]]
+ [[ -136 != \0 ]]
+ echo '-136 0'
+ for b in '$(sed "$((i+1))q;d" "$c")'
+ [[ -183 != \a ]]
+ [[ -183 != \0 ]]
+ echo '-183 0'
+ for b in '$(sed "$((i+1))q;d" "$c")'
+ [[ 204 != \a ]]
+ [[ 204 != \0 ]]
+ echo '204 0'
+ for b in '$(sed "$((i+1))q;d" "$c")'
+ [[ 193 != \a ]]
+ [[ 193 != \0 ]]
+ echo '193 0'
+ for b in '$(sed "$((i+1))q;d" "$c")'
+ [[ 0 != \a ]]
+ [[ 0 != \0 ]]
+ ./simplify-by-var-removal.sh 22-cubes/30.cubes3556.adj 70
+ '[' -z 70 ']'
+ f=22-cubes/30.cubes3556.adj
+ p=70
++ echo 22-cubes
+ sub_dir=22-cubes
+ mkdir -p log/22-cubes
+ mkdir -p simp/22-cubes
+ tee log/22-cubes/30.cubes3556.adj.simp1
+ ./cadical/build/cadical 22-cubes/30.cubes3556.adj -o simp/22-cubes/30.cubes3556.adj.simp1 -e simp/22-cubes/30.cubes3556.adj.ext1 -n -c 200000
c --- [ banner ] -------------------------------------------------------------
c 
c CaDiCaL Radically Simplified CDCL SAT Solver
c Copyright (c) 2016-2021 A. Biere, M. Fleury, N. Froleyks
c 
c Version 1.5.2
c g++ (GCC) 9.3.0 -Wall -Wextra -O3 -DNDEBUG
c Tue Feb 8 21:15:15 EST 2022 Linux gra-login1 3.10.0-1160.36.2.el7.x86_64 x86_64
c 
c --- [ limit ] --------------------------------------------------------------
c 
c setting conflict limit to 200000 conflicts (due to '200000')
c 
c --- [ parsing input ] ------------------------------------------------------
c 
c reading DIMACS file from '22-cubes/30.cubes3556.adj'
c opening file to read '22-cubes/30.cubes3556.adj'
c found 'p cnf 6160 1786682' header
c parsed 1786682 clauses in 18.48 seconds process time
c closing file '22-cubes/30.cubes3556.adj'
c after reading 1542541765 bytes 1471.1 MB
c 
c --- [ options ] ------------------------------------------------------------
c 
c all options are set to their default value
c 
c --- [ solving ] ------------------------------------------------------------
c 
c time measured in process time since initialization
c 
c  seconds    reductions  redundant   irredundant
c          MB     restarts       trail       variables
c            level   conflicts       glue         remaining
c 
c * 18.48 1486  0 0   0    0    0  0% 0 1785954 4448 72%
c { 19.46 1541  0 0   0    0    0  0% 0 1785954 4448 72%
c i 19.51 1541  1 0   0    1    0 33% 0 1785954 4401 71%
c i 19.62 1544 13 0   0    3    1 34% 1 1785954 4394 71%
c i 21.05 1573 51 0   3   93   77 50% 16 1785954 4392 71%
c i 21.32 1576 66 0   6  114   89 50% 24 1785954 4390 71%
c i 21.64 1578 63 0  16  154  123 51% 26 1785954 4389 71%
c i 21.67 1579 63 0  18  162  128 52% 27 1785954 4388 71%
c i 22.34 1581 77 0  35  224  185 50% 28 1785954 4387 71%
c i 22.40 1581 76 0  37  231  191 50% 28 1785954 4386 71%
c i 22.42 1581 76 0  38  234  193 50% 28 1785954 4385 71%
c i 22.74 1582 75 0  44  287  235 50% 28 1785954 4384 71%
c i 22.76 1583 74 0  44  289  236 50% 28 1785954 4383 71%
c i 22.77 1583 74 0  44  290  236 50% 28 1785954 4382 71%
c i 22.77 1583 74 0  44  291  236 50% 28 1785954 4381 71%
c i 22.77 1583 74 0  44  292  236 50% 28 1785954 4380 71%
c i 22.77 1583 73 0  44  293  236 50% 28 1785954 4379 71%
c i 22.77 1583 73 0  44  295  237 50% 28 1785954 4378 71%
c i 22.78 1583 73 0  44  296  237 50% 27 1785954 4377 71%
c i 22.78 1583 72 0  44  297  237 50% 27 1785954 4376 71%
c 
c  seconds    reductions  redundant   irredundant
c          MB     restarts       trail       variables
c            level   conflicts       glue         remaining
c 
c - 26.50 1545 72 1  44  306  245 50% 27 273037 4376 71%
c i 26.69 1545 71 1  44  324  259 50% 27 273037 4375 71%
c i 26.71 1545 71 1  44  329  263 50% 27 273037 4374 71%
c i 26.75 1545 70 1  45  348  279 50% 28 273037 4373 71%
c i 26.78 1493 70 1  47  355  285 50% 28 273037 4372 71%
c i 26.79 1493 69 1  49  364  293 51% 28 273037 4371 71%
c i 26.79 1493 69 1  50  368  293 51% 28 273037 4370 71%
c i 26.84 1493 68 1  53  385  304 51% 28 273037 4369 71%
c i 26.86 1493 67 1  54  390  307 51% 28 273037 4368 71%
c i 27.16 1493 63 1  64  488  387 51% 28 273037 4367 71%
c i 27.17 1493 62 1  64  504  400 52% 28 273037 4366 71%
c i 27.29 1493 50 1  64  733  562 53% 25 273037 4365 71%
c i 27.36 1493 48 1  64  904  691 53% 25 273037 4364 71%
c i 27.37 1493 47 1  68  920  705 53% 25 273037 4363 71%
c i 27.48 1493 49 1  73  941  724 53% 25 273037 4362 71%
c } 27.79 1493 50 1  82 1001  774 53% 26 273037 4362 71%
c [ 27.79 1493  0 1  82 1001  774  0% 0 273037 4362 71%
c O 27.79 1493  4 1  82 1002  775 29% 1 273037 4362 71%
c i 27.94 1493 23 1  82 1127  869 53% 20 273037 4361 71%
c - 28.36 1545 24 2  82 1170  794 53% 21 272992 4361 71%
c 
c  seconds    reductions  redundant   irredundant
c          MB     restarts       trail       variables
c            level   conflicts       glue         remaining
c 
c i 28.64 1545 23 2  82 1907 1289 56% 20 272992 4360 71%
c i 28.78 1545 22 2  83 2362 1600 56% 19 272992 4359 71%
c i 28.81 1545 22 2  83 2408 1634 56% 19 272992 4358 71%
c - 29.06 1545 22 3  83 2462 1217 56% 19 272983 4358 71%
c ] 29.43 1545 22 3  83 3005 1542 39% 19 272983 4358 71%
c { 29.43 1545 50 3  83 3005 1542 75% 26 272983 4358 71%
c F 29.43 1545 50 3  84 3006 1543 75% 26 272983 4358 71%
c i 29.94 1545 46 3  86 3195 1681 68% 24 272983 4357 71%
c i 29.96 1545 46 3  86 3208 1692 68% 24 272983 4356 71%
c i 30.05 1545 45 3  87 3279 1747 66% 24 272983 4355 71%
c i 30.12 1545 46 3  87 3306 1770 66% 24 272983 4354 71%
c i 30.53 1545 46 3 103 3396 1827 63% 24 272983 4353 71%
c i 30.53 1545 46 3 103 3398 1828 63% 24 272983 4352 71%
c i 30.57 1545 46 3 103 3418 1846 63% 24 272983 4351 71%
c i 30.59 1545 46 3 105 3432 1855 62% 24 272983 4350 71%
c i 30.62 1545 47 3 107 3444 1863 62% 25 272983 4349 71%
c i 30.86 1545 50 3 135 3562 1953 60% 25 272983 4348 71%
c i 30.96 1545 51 3 138 3580 1969 59% 25 272983 4347 71%
c i 31.09 1545 51 3 144 3608 1989 59% 25 272983 4346 71%
c i 31.16 1545 50 3 144 3680 2053 58% 25 272983 4345 71%
c 
c  seconds    reductions  redundant   irredundant
c          MB     restarts       trail       variables
c            level   conflicts       glue         remaining
c 
c i 31.47 1545 50 3 159 3830 2183 56% 25 272983 4344 71%
c i 31.51 1545 50 3 159 3842 2193 56% 25 272983 4343 71%
c i 31.53 1545 49 3 159 3856 2206 56% 25 272983 4342 70%
c i 31.54 1545 49 3 159 3871 2219 55% 25 272983 4341 70%
c i 31.56 1545 49 3 159 3927 2271 55% 25 272983 4340 70%
c i 31.57 1545 49 3 159 3947 2289 55% 25 272983 4339 70%
c - 31.95 1541 47 4 159 4186 1754 52% 25 272926 4339 70%
c d 33.36 1541 41 4 184 5001 2391 47% 22 272912 4332 70%
c 3 33.39 1541 41 4 184 5001 4411 47% 22 272912 4332 70%
c 2 33.44 1541 41 4 184 5001 4596 47% 22 272802 4332 70%
c p 37.98 1541 41 4 184 5001 10810 47% 22 272802 4289 70%
c d 38.35 1541 41 4 184 5001 10647 47% 22 272625 4286 70%
c # 39.66 1541 37 4 196 6009 11450 45% 21 272625 4286 70%
c - 40.44 1441 37 5 222 6340 2813 44% 21 272625 4286 70%
c } 40.74 1441 35 5 236 7006 3230 43% 21 272625 4286 70%
c [ 40.74 1441 22 5 236 7006 3230 39% 19 272625 4286 70%
c - 41.49 1442 22 6 237 8924 2936 38% 20 272625 4286 70%
c I 41.99 1442 23 6 238 10010 3667 38% 20 272625 4286 70%
c - 43.67 1445 33 7 240 11938 3641 37% 27 272625 4286 70%
c 3 45.24 1445 40 7 241 15001 8042 36% 32 272625 4286 70%
c 
c  seconds    reductions   redundant   irredundant
c          MB     restarts        trail       variables
c            level    conflicts       glue         remaining
c 
c 2 45.30 1445 40 7 241 15001 8156 36% 32 272617 4286 70%
c p 46.59 1445 40 7 241 15001 14284 36% 32 272617 4286 70%
c ] 46.69 1445 40 7 241 15007 14290 36% 32 272617 4286 70%
c { 46.69 1445 35 7 241 15007 14290 43% 21 272617 4286 70%
c B 46.74 1445 35 7 241 15013 14296 43% 21 272617 4286 70%
c - 47.28 1445 34 8 242 15384 4189 42% 20 272617 4286 70%
c s 50.36 1445 34 8 370 17300 5507 40% 20 269796 4286 70%
c v 55.47 1445 34 8 370 17300 5507 40% 20 269427 4286 70%
c t 55.58 1445 34 8 370 17300 5500 40% 20 269291 4286 70%
c e 56.42 1445 34 8 370 17300 5173 40% 20 262387 1276 21%
c s 56.57 1445 34 8 370 17300 5173 40% 20 262032 1276 21%
c - 58.44 1446 32 9 376 19260 4605 56% 19 262032 1276 21%
c W 59.02 1446 29 9 376 21014 5673 56% 18 262032 1276 21%
c - 63.34 1446 30 10 555 23516 5079 54% 18 262032 1276 21%
c F 69.74 1446 30 10 924 28019 8376 55% 18 262032 1276 21%
c - 70.09 1446 29 11 924 28196 6154 55% 18 262032 1276 21%
c p 76.56 1446 31 11 1210 30005 10902 55% 19 262032 1275 21%
c } 79.11 1446 31 11 1296 31009 11633 55% 19 262032 1275 21%
c [ 79.11 1446 40 11 1296 31009 11633 124% 32 262032 1275 21%
c - 80.97 1446 35 12 1296 33304 7477 110% 29 262029 1275 21%
c 
c  seconds    reductions     redundant   irredundant
c          MB      restarts         trail       variables
c            level      conflicts       glue         remaining
c 
c B 82.63 1446 32 12 1299 36022 9152 99% 26 262029 1275 21%
c - 84.58 1446 31 13 1301 38835 7812 92% 26 262029 1275 21%
c - 87.86 1446 31 14 1303 44792 8361 83% 26 262029 1275 21%
c W 88.82 1446 31 14 1303 45023 8521 82% 26 262029 1275 21%
c s 90.45 1446 31 14 1304 48028 10491 79% 26 261628 1275 21%
c v 94.88 1446 31 14 1304 48028 10491 79% 26 261457 1275 21%
c t 94.98 1446 31 14 1304 48028 10489 79% 26 261456 1275 21%
c s 95.99 1446 31 14 1304 48028 10489 79% 26 261026 1275 21%
c p 98.81 1446 31 14 1304 50009 15034 78% 26 261026 1275 21%
c - 99.68 1446 30 15 1304 51177 8440 77% 26 261026 1275 21%
c ] 101.25 1446 30 15 1304 53772 9997 76% 25 261026 1275 21%
c 1 101.25 1446 30 15 1304 53772 9997 76% 25 261026 1275 21%
c 
c --- [ writing output ] -----------------------------------------------------
c 
c writing simplified CNF to DIMACS file 'simp/22-cubes/30.cubes3556.adj.simp1'
c * 101.25 1446 30 15 1304 53772 9997 76% 25 261026 1275 21%
c opening file to write 'simp/22-cubes/30.cubes3556.adj.simp1'
c writing 'p cnf 6160 261026' header
c closing file 'simp/22-cubes/30.cubes3556.adj.simp1'
c after writing 112345011 bytes 107.1 MB
c wrote 261026 clauses in 0.79 seconds process time
c 
c --- [ writing extension ] --------------------------------------------------
c 
c writing extension stack to 'simp/22-cubes/30.cubes3556.adj.ext1'
c opening file to write 'simp/22-cubes/30.cubes3556.adj.ext1'
c closing file 'simp/22-cubes/30.cubes3556.adj.ext1'
c after writing 221142 bytes 0.2 MB
c wrote 9621 witnesses in 0.00 seconds process time
c 
c --- [ result ] -------------------------------------------------------------
c 
s SATISFIABLE
c 
c --- [ run-time profiling ] -------------------------------------------------
c 
c process time taken by individual solving procedures
c (percentage relative to process time for solving)
c 
c        59.94   72.42% search
c        37.70   45.55% unstable
c        22.83   27.58% simplify
c        20.35   24.59% stable
c        18.48   22.33% parse
c         9.69   11.71% vivify
c         8.26    9.98% probe
c         3.10    3.75% elim
c         0.98    1.18% lucky
c         0.91    1.10% walk
c         0.68    0.83% subsume
c         0.16    0.19% ternary
c   =================================
c        82.77   81.11% solve
c 
c last line shows process time for solving
c (percentage relative to total process time)
c 
c --- [ statistics ] ---------------------------------------------------------
c 
c chronological:             10448        19.43 %  of conflicts
c conflicts:                 53772       649.64    per second
c decisions:                135825      1640.96    per second
c eliminated:                 3010        48.86 %  of all variables
c fixed:                      1865        30.28 %  of all variables
c learned:                   52538        97.71 %  per conflict
c learned_lits:            9016113       100.00 %  learned literals
c minimized:                     0         0.00 %  learned literals
c shrunken:                5521999        61.25 %  learned literals
c minishrunken:             756495         8.39 %  learned literals
c propagations:            8036096         0.10 M  per second
c reduced:                   26858        49.95 %  per conflict
c rephased:                      9      5974.67    interval
c restarts:                   1304        41.24    interval
c stabilizing:                   3        60.94 %  of conflicts
c substituted:                  10         0.16 %  of all variables
c subsumed:                  20780         0.55 %  of all clauses
c strengthened:              16852         0.45 %  of all clauses
c ternary:                    6145         0.52 %  of resolved
c vivified:                    554         0.01 %  of all clauses
c walked:                        2     26886.00    interval
c weakened:                   7756         3.18    average size
c 
c seconds are measured in process time for solving
c 
c --- [ resources ] ----------------------------------------------------------
c 
c total process time since initialization:       102.04    seconds
c total real time since initialization:          102.08    seconds
c maximum resident set size of process:         1650.24    MB
c 
c --- [ shutting down ] ------------------------------------------------------
c 
c exit 10
++ seq 1 100
+ for i in '$(seq 1 100)'
++ sed 's/.$//'
++ rev
++ cut '-d ' -f1
++ rev
++ tail -n 1
++ grep 'c [*]' log/22-cubes/30.cubes3556.adj.simp1
+ vars_remaining=21
+ ((  vars_remaining < 100 - p  ))
+ break
++ cut '-d ' -f3
++ head -n 1 simp/22-cubes/30.cubes3556.adj.simp1
+ numvars=6160
++ cut '-d ' -f4
++ head -n 1 simp/22-cubes/30.cubes3556.adj.simp1
+ numlines=261026
+ extlines_total=0
++ seq 1 1
+ for j in '$(seq 1 "$i")'
++ cut '-d ' -f1
++ wc -l simp/22-cubes/30.cubes3556.adj.ext1
+ extlines_j=9621
+ extlines_total=9621
+ newlines=270647
+ echo 'p cnf 6160 270647'
+ tail simp/22-cubes/30.cubes3556.adj.simp1 -n +2
++ seq 1 1
+ for j in '$(seq 1 "$i")'
+ cat simp/22-cubes/30.cubes3556.adj.ext1
+ sed -i 's/ 0.*/ 0/' 22-cubes/30.cubes3556.adj.simp
============================[ Problem Statistics ]=============================
|                                                                             |
|  Number of variables:          6160                                         |
|  Number of clauses:          268782                                         |
|  Parse time:                   1.44 s                                       |
|  Simplification time:          0.03 s                                       |
|                                                                             |
============================[ Search Statistics ]====================================================
| Conflicts |          ORIGINAL         |          LEARNT          | Num Sols |      SUBGRAPHS      |
|           |    Vars  Clauses Literals |    Limit  Clauses Lit/Cl |          | Canonical Noncanon. |
=====================================================================================================
|       104 |    4295   268786 24444817 |     2000      104     88 |        0 |        16         4 |
|       311 |    4295   268843 24445838 |     2000      311     77 |        0 |        61        61 |
|       544 |    4295   268851 24446066 |     2000      544     91 |        0 |        66        69 |
|       886 |    4295   268856 24446300 |     2000      886     93 |        0 |        80        74 |
|      1415 |    4295   268879 24446746 |     2000     1415     80 |        0 |        90        97 |
|      2204 |    4295   268909 24447465 |     3602     1206     47 |        0 |       111       127 |
|      3370 |    4295   268936 24448109 |     3602     2372     72 |        0 |       145       154 |
|      5195 |    4295   269053 24450471 |     5003     2398     53 |        0 |       194       271 |
|      8508 |    4295   269804 24464258 |     6305     3213     40 |        0 |       376      1022 |
|     12717 |    4295   270169 24469197 |     7557     4274     51 |        0 |       479      1387 |
|     18830 |    4295   270516 24477794 |     8785     6615     71 |        0 |       582      1734 |
|     28061 |    4295   271098 24488183 |    11203     6464     48 |        0 |       804      2316 |
|     41498 |    4295   271561 24497579 |    13604     8102     52 |        0 |      1064      2779 |
|     61617 |    4295   272219 24511224 |    16011    14028     65 |        0 |      1512      3437 |
|     91688 |    4295   273098 24526046 |    19609    18297     64 |        0 |      1800      4316 |
|    136421 |    4295   274042 24541516 |    24411    20232     60 |        0 |      2077      5260 |
|    203828 |    4295   275765 24572716 |    30418    20646     61 |        0 |      2483      6983 |
|    304723 |    4295   278134 24611966 |    37614    21337     51 |        0 |      3156      9352 |
|    459389 |    4295   285011 24736318 |    46016    31805     67 |        0 |      4287     16229 |
|    688381 |    4295   292320 24857890 |    56815    32196     57 |        0 |      5937     23538 |
|   1030084 |    4295   301498 25001596 |    68813    62897     82 |        0 |      8628     32716 |
|   1539543 |    4295   312169 25170224 |    84423    78366     81 |        0 |     11791     43387 |
|   2310390 |    4295   334834 25548624 |   103623   102013     89 |        0 |     16156     66052 |
|   3454102 |    4295   356272 25880921 |   127626    95728     73 |        2 |     21354     87488 |
|   5193538 |    4289   315576 25149716 |   156420    77530     86 |        2 |     33250    143513 |
=====================================================================================================
Number of solutions   : 3           
Canonical subgraphs   : 44676          (11 /sec)
          order  3    : 1              (200000 /sec)
          order  4    : 1              (500000 /sec)
          order  5    : 1              (250000 /sec)
          order  6    : 1              (55556 /sec)
          order  7    : 1              (8929 /sec)
          order  8    : 2              (1353 /sec)
          order  9    : 6              (334 /sec)
          order 10    : 22             (87 /sec)
          order 11    : 102            (27 /sec)
          order 12    : 571            (9 /sec)
          order 13    : 4915           (9 /sec)
          order 14    : 21908          (11 /sec)
          order 15    : 15093          (13 /sec)
          order 16    : 1832           (13 /sec)
          order 17    : 82             (11 /sec)
          order 18    : 40             (9 /sec)
          order 19    : 31             (7 /sec)
          order 20    : 32             (7 /sec)
          order 21    : 32             (6 /sec)
          order 22    : 3              (1 /sec)
Noncanonical subgraphs: 215401         (857 /sec)
          order  3    : 0              (-nan /sec)
          order  4    : 0              (-nan /sec)
          order  5    : 0              (-nan /sec)
          order  6    : 0              (-nan /sec)
          order  7    : 0              (-nan /sec)
          order  8    : 0              (-nan /sec)
          order  9    : 0              (-nan /sec)
          order 10    : 0              (-nan /sec)
          order 11    : 0              (-nan /sec)
          order 12    : 0              (-nan /sec)
          order 13    : 0              (-nan /sec)
          order 14    : 124369         (1168 /sec)
          order 15    : 87995          (705 /sec)
          order 16    : 2161           (564 /sec)
          order 17    : 833            (87 /sec)
          order 18    : 6              (90 /sec)
          order 19    : 4              (28 /sec)
          order 20    : 0              (-nan /sec)
          order 21    : 0              (-nan /sec)
Canonicity checking   : 4226.14 s
database reductions   : 138
restarts              : 9563
conflicts             : 5974540        (869 /sec)
decisions             : 7434687        (0.00 % random) (1082 /sec)
propagations          : 1246006342     (181264 /sec)
conflict literals     : 687708285      (53.90 % deleted)
actual reward         : 0.057081
Memory used           : 395.00 MB
CPU time              : 6874 s

UNSATISFIABLE
