c --- [ banner ] -------------------------------------------------------------
c 
c CaDiCaL Radically Simplified CDCL SAT Solver
c Copyright (c) 2016-2021 A. Biere, M. Fleury, N. Froleyks
c 
c Version 1.5.2 ca9bff05c11bde5eae4912f9932871d1527e61d8
c g++ (GCC) 9.3.0 -Wall -Wextra -O3 -DNDEBUG
c Sun May 1 02:23:23 EDT 2022 Linux gra-login1 3.10.0-1160.59.1.el7.x86_64 x86_64
c 
c --- [ limit ] --------------------------------------------------------------
c 
c setting conflict limit to 200000 conflicts (due to '200000')
c 
c --- [ parsing input ] ------------------------------------------------------
c 
c reading DIMACS file from '26.cubes180.adj'
c opening file to read '26.cubes180.adj'
c found 'p cnf 5320 924209' header
c parsed 924209 clauses in 8.80 seconds process time
c closing file '26.cubes180.adj'
c after reading 686668109 bytes 654.9 MB
c 
c --- [ options ] ------------------------------------------------------------
c 
c all options are set to their default value
c 
c --- [ solving ] ------------------------------------------------------------
c 
c time measured in process time since initialization
c 
c  seconds   reductions  redundant  irredundant
c          MB    restarts       trail      variables
c           level   conflicts       glue        remaining
c 
c *  8.80 687  0 0   0    0    0  0% 0 923580 4134 78%
c {  9.81 720  0 0   0    0    0  0% 0 923580 4134 78%
c i 10.85 739 107 0   2   49   46 54% 16 923580 4121 77%
c i 11.02 740 100 0   4   54   50 54% 17 923580 4120 77%
c i 11.66 745 95 0  11   83   76 54% 26 923580 4119 77%
c i 12.42 753 90 0  22  142  127 52% 28 923580 4117 77%
c i 12.50 754 93 0  24  149  133 52% 29 923580 4104 77%
c i 12.81 754 88 0  31  183  163 53% 30 923580 4103 77%
c i 13.39 754 76 0  39  277  242 53% 30 923580 4102 77%
c - 15.26 739 73 1  39  300  263 53% 30 244040 4102 77%
c i 15.52 705 69 1  39  337  296 53% 29 244040 4101 77%
c i 15.72 705 62 1  39  419  359 53% 29 244040 4100 77%
c i 15.84 705 58 1  39  490  408 53% 29 244040 4099 77%
c i 16.22 705 57 1  49  583  478 53% 30 244040 4098 77%
c i 16.44 705 56 1  52  632  521 53% 29 244040 4097 77%
c i 16.79 705 57 1  69  697  580 53% 30 244040 4096 77%
c i 16.96 705 55 1  69  778  639 52% 29 244040 4095 77%
c i 16.99 705 55 1  69  783  643 53% 29 244040 4094 77%
c i 17.02 705 54 1  69  787  646 53% 29 244040 4093 77%
c i 17.02 705 54 1  69  788  646 53% 29 244040 4092 77%
c 
c  seconds   reductions  redundant   irredundant
c          MB    restarts       trail       variables
c           level   conflicts       glue         remaining
c 
c i 17.05 705 54 1  69  805  660 53% 29 244040 4091 77%
c i 17.14 705 53 1  69  843  686 53% 29 244040 4090 77%
c i 17.92 705 57 1  78  929  764 52% 29 244040 4089 77%
c i 17.93 705 57 1  78  933  767 52% 29 244040 4088 77%
c i 18.10 705 56 1  78  969  798 52% 28 244040 4087 77%
c i 18.18 705 56 1  78  998  822 52% 28 244040 4086 77%
c } 18.22 705 56 1  78 1001  822 52% 28 244040 4086 77%
c [ 18.22 705  0 1  78 1001  822  0% 0 244040 4086 77%
c O 18.23 705  3 1  78 1002  823 26% 1 244040 4086 77%
c i 18.26 705  3 1  78 1021  830 29% 2 244040 4037 76%
c i 18.43 705  5 1  78 1035  836 32% 4 244040 4036 76%
c i 18.48 705  8 1  78 1040  840 35% 6 244040 4035 76%
c i 18.50 705 10 1  78 1047  843 39% 8 244040 4034 76%
c i 18.51 705 10 1  78 1050  845 40% 9 244040 4033 76%
c i 18.51 705 10 1  78 1051  845 40% 8 244040 4032 76%
c i 18.51 705 10 1  78 1052  845 40% 8 244040 4031 76%
c i 18.58 705 16 1  78 1094  876 48% 13 244040 4030 76%
c i 18.62 705 17 1  78 1115  890 50% 14 244040 4029 76%
c i 18.62 705 17 1  78 1121  894 50% 14 244040 4028 76%
c - 19.10 800 17 2  78 1132  763 50% 14 243369 4028 76%
c 
c  seconds   reductions  redundant   irredundant
c          MB    restarts       trail       variables
c           level   conflicts       glue         remaining
c 
c i 19.27 801 19 2  78 1199  817 52% 16 243369 4027 76%
c i 19.31 801 19 2  78 1230  843 53% 16 243369 4026 76%
c i 19.32 801 19 2  78 1237  849 53% 16 243369 4025 76%
c i 19.41 800 21 2  78 1366  956 53% 18 243369 4024 76%
c i 19.43 800 21 2  78 1381  966 54% 18 243369 4023 76%
c i 19.43 800 21 2  78 1389  970 54% 18 243369 4022 76%
c i 19.44 800 21 2  78 1410  989 54% 18 243369 4021 76%
c i 19.46 800 21 2  78 1442 1016 54% 18 243369 4020 76%
c i 19.46 800 21 2  78 1449 1021 54% 18 243369 4019 76%
c i 19.47 800 21 2  78 1466 1037 54% 18 243369 4018 76%
c i 19.50 800 21 2  78 1521 1083 54% 18 243369 4017 76%
c i 19.52 800 22 2  78 1571 1126 54% 19 243369 4016 75%
c i 19.52 800 22 2  78 1572 1126 54% 18 243369 4015 75%
c i 19.57 800 22 2  78 1651 1193 54% 18 243369 4014 75%
c i 19.90 800 24 2  79 2115 1568 54% 19 243369 4013 75%
c - 20.34 798 23 3  79 2380 1374 54% 18 243324 4013 75%
c i 20.68 798 22 3  79 2510 1447 40% 18 243324 4012 75%
c ] 20.95 798 22 3  79 3004 1821 41% 18 243324 4012 75%
c { 20.95 798 56 3  79 3004 1821 69% 28 243324 4012 75%
c F 20.95 798 55 3  79 3005 1821 69% 28 243324 4012 75%
c 
c  seconds   reductions  redundant   irredundant
c          MB    restarts       trail       variables
c           level   conflicts       glue         remaining
c 
c i 20.95 798 55 3  79 3005 1821 69% 28 243324 3962 74%
c i 21.72 798 41 3  79 3798 2394 55% 23 243324 3960 74%
c i 21.78 798 41 3  79 3872 2447 54% 23 243324 3959 74%
c - 22.24 793 39 4  79 4043 1766 53% 22 242588 3955 74%
c d 23.89 794 35 4  92 5001 2491 48% 21 235285 3945 74%
c 2 23.96 794 35 4  92 5001 3903 48% 21 235211 3945 74%
c p 26.92 793 35 4  92 5001 8708 48% 21 235211 3905 73%
c d 27.23 794 35 4  92 5001 8342 48% 21 235095 3904 73%
c # 30.23 793 36 4 173 6007 9094 45% 21 235095 3904 73%
c - 30.73 789 35 5 173 6121 2601 44% 21 235095 3904 73%
c } 32.43 789 34 5 203 7006 3264 43% 20 235095 3904 73%
c [ 32.43 789 22 5 203 7006 3264 41% 18 235095 3904 73%
c - 33.82 790 21 6 204 8591 3134 42% 18 235095 3904 73%
c I 34.74 789 21 6 205 10010 4219 42% 18 235095 3904 73%
c - 36.57 790 26 7 207 11471 3583 40% 22 235095 3904 73%
c - 40.10 789 31 8 208 14762 3724 39% 27 235095 3904 73%
c 2 40.39 789 31 8 208 15001 5282 39% 27 235094 3904 73%
c p 40.96 789 31 8 208 15001 10118 39% 27 235094 3904 73%
c ] 41.04 789 31 8 208 15006 10123 39% 27 235094 3904 73%
c { 41.04 789 34 8 208 15006 10123 43% 20 235094 3904 73%
c 
c  seconds   reductions    redundant   irredundant
c          MB    restarts         trail       variables
c           level    conflicts        glue         remaining
c 
c B 41.09 789 34 8 208 15012 10129 43% 20 235094 3904 73%
c s 42.93 790 36 8 294 15608 10348 42% 21 233381 3904 73%
c v 45.52 790 36 8 294 15608 10348 42% 21 233218 3904 73%
c t 45.62 790 36 8 294 15608 10323 42% 21 233157 3904 73%
c e 46.46 790 36 8 294 15608 5247 42% 21 227611 1073 20%
c s 46.58 790 36 8 294 15608 5247 42% 21 227472 1073 20%
c - 51.84 707 33 9 448 18464 4285 59% 20 227472 1073 20%
c W 53.54 707 30 9 501 21013 5866 63% 19 227472 1073 20%
c - 56.21 707 31 10 618 22535 4755 63% 19 227472 1073 20%
c - 66.03 707 33 11 1043 27015 5648 62% 20 227472 1073 20%
c F 68.79 707 33 11 1180 28014 6474 62% 20 227472 1073 20%
c 2 73.15 707 34 11 1317 30002 8729 62% 20 227472 1073 20%
c p 74.99 707 34 11 1317 30002 10792 62% 20 227472 1072 20%
c } 75.83 707 33 11 1320 31007 11358 62% 20 227472 1072 20%
c [ 75.83 707 31 11 1320 31007 11358 146% 27 227472 1072 20%
c - 76.42 707 30 12 1320 31899 6668 138% 26 227469 1072 20%
c B 78.27 707 27 12 1323 36015 9270 115% 23 227469 1072 20%
c - 78.92 707 28 13 1323 37190 7294 111% 24 227469 1072 20%
c - 82.03 707 32 14 1327 42890 7763 98% 27 227469 1072 20%
c W 84.09 707 32 14 1327 45016 9313 95% 27 227469 1072 20%
c 
c  seconds   reductions     redundant   irredundant
c          MB     restarts         trail       variables
c           level      conflicts       glue         remaining
c 
c ] 84.29 707 31 14 1327 45349 9551 95% 27 227469 1072 20%
c 1 84.29 707 31 14 1327 45349 9551 95% 27 227469 1072 20%
c 
c --- [ writing output ] -----------------------------------------------------
c 
c writing simplified CNF to DIMACS file 'simp/26.cubes180.adj.simp1'
c * 84.29 707 31 14 1327 45349 9551 95% 27 227469 1072 20%
c opening file to write 'simp/26.cubes180.adj.simp1'
c writing 'p cnf 5320 227469' header
c closing file 'simp/26.cubes180.adj.simp1'
c after writing 90699806 bytes 86.5 MB
c wrote 227469 clauses in 0.68 seconds process time
c 
c --- [ writing extension ] --------------------------------------------------
c 
c writing extension stack to 'simp/26.cubes180.adj.ext1'
c opening file to write 'simp/26.cubes180.adj.ext1'
c closing file 'simp/26.cubes180.adj.ext1'
c after writing 175312 bytes 0.2 MB
c wrote 7739 witnesses in 0.00 seconds process time
c 
c --- [ result ] -------------------------------------------------------------
c 
s SATISFIABLE
c 
c --- [ run-time profiling ] -------------------------------------------------
c 
c process time taken by individual solving procedures
c (percentage relative to process time for solving)
c 
c        64.84   85.90% search
c        44.43   58.86% unstable
c        18.22   24.14% stable
c        10.64   14.10% simplify
c         8.80   11.66% parse
c         5.36    7.10% probe
c         2.65    3.51% vivify
c         1.50    1.99% elim
c         1.18    1.57% walk
c         1.00    1.33% lucky
c         0.24    0.31% subsume
c         0.13    0.18% ternary
c   =================================
c        75.48   88.84% solve
c 
c last line shows process time for solving
c (percentage relative to total process time)
c 
c --- [ statistics ] ---------------------------------------------------------
c 
c chronological:              8731        19.25 %  of conflicts
c conflicts:                 45349       600.77    per second
c decisions:                130062      1723.03    per second
c eliminated:                 2831        53.21 %  of all variables
c fixed:                      1406        26.43 %  of all variables
c learned:                   44358        97.81 %  per conflict
c learned_lits:            8612159       100.00 %  learned literals
c minimized:                     0         0.00 %  learned literals
c shrunken:                5139316        59.68 %  learned literals
c minishrunken:             803595         9.33 %  learned literals
c propagations:            6104634         0.08 M  per second
c reduced:                   21807        48.09 %  per conflict
c rephased:                      9      5038.78    interval
c restarts:                   1327        34.17    interval
c stabilizing:                   3        53.68 %  of conflicts
c substituted:                  11         0.21 %  of all variables
c subsumed:                  15132         0.73 %  of all clauses
c strengthened:              11019         0.53 %  of all clauses
c ternary:                    3545         0.43 %  of resolved
c vivified:                    180         0.01 %  of all clauses
c walked:                        2     22674.50    interval
c weakened:                   6333         3.05    average size
c 
c seconds are measured in process time for solving
c 
c --- [ resources ] ----------------------------------------------------------
c 
c total process time since initialization:        84.97    seconds
c total real time since initialization:           85.19    seconds
c maximum resident set size of process:          892.79    MB
c 
c --- [ shutting down ] ------------------------------------------------------
c 
c exit 10
WARNING! DIMACS header mismatch: wrong number of variables.
============================[ Problem Statistics ]=============================
|                                                                             |
|  Number of variables:          3661                                         |
|  Number of clauses:          227471                                         |
|  Parse time:                   1.27 s                                       |
|  Simplification time:          0.02 s                                       |
|                                                                             |
============================[ Search Statistics ]====================================================
| Conflicts |          ORIGINAL         |          LEARNT          | Num Sols |      SUBGRAPHS      |
|           |    Vars  Clauses Literals |    Limit  Clauses Lit/Cl |          | Canonical Noncanon. |
=====================================================================================================
|       141 |    3585   227512 20642126 |     2000      141     47 |        0 |        38        41 |
|       318 |    3585   227539 20642654 |     2000      318     43 |        0 |        59        68 |
|       636 |    3585   227632 20644174 |     2000      636     47 |        0 |        89       161 |
|      1009 |    3585   227668 20644805 |     2000     1009     65 |        0 |       120       197 |
|      1535 |    3585   227688 20645242 |     2000     1535     77 |        0 |       143       217 |
|      2399 |    3585   227793 20646968 |     3600     1399     50 |        0 |       183       322 |
|      3828 |    3585   228083 20651191 |     3600     2828     72 |        0 |       231       612 |
|      6049 |    3585   228596 20659297 |     5001     3250     39 |        0 |       409      1125 |
|      8898 |    3585   228883 20664834 |     6314     3612     43 |        0 |       477      1412 |
|     12778 |    3585   228919 20666095 |     7565     4343     45 |        0 |       561      1448 |
|     18646 |    3585   229021 20668547 |     8784     6430     68 |        0 |       601      1550 |
|     28458 |    3585   230184 20689662 |    11206     6864     45 |        0 |       965      2713 |
|     41868 |    3585   230620 20697971 |    13608     8476     50 |        0 |      1205      3149 |
|     62064 |    3585   231355 20713331 |    16005    14469     76 |        0 |      1503      3884 |
|     96477 |    3585   236576 20808283 |    20809    13286     36 |        0 |      2422      9105 |
|    144377 |    3585   240687 20883832 |    25619    15996     42 |        0 |      3426     13216 |
|    215013 |    3585   245639 20977210 |    31614    16627     33 |        0 |      4827     18168 |
|    313925 |    3585   246025 20987672 |    37618    30543     65 |        0 |      5073     18554 |
|    464620 |    3585   248931 21051936 |    46031    37051     71 |        0 |      5547     21460 |
|    688125 |    3585   250753 21095294 |    56811    31936     41 |        0 |      6284     23282 |
|   1022407 |    3585   252510 21143621 |    68813    55220     70 |        0 |      7187     25039 |
|   1565973 |    3585   297288 21850528 |    85617    62590     64 |        0 |     19427     69817 |
|   2341067 |    3585   324200 22330823 |   104815    80882     57 |        0 |     24132     96729 |
|   3659000 |    3585   519859 25293508 |   131219   107419     52 |        0 |     48497    292388 |
=====================================================================================================
Number of solutions   : 0
Canonical subgraphs   : 69957          (74 /sec)
          order  3    : 1              (166667 /sec)
          order  4    : 1              (500000 /sec)
          order  5    : 1              (250000 /sec)
          order  6    : 1              (52632 /sec)
          order  7    : 2              (10101 /sec)
          order  8    : 7              (2895 /sec)
          order  9    : 25             (854 /sec)
          order 10    : 119            (283 /sec)
          order 11    : 565            (157 /sec)
          order 12    : 4565           (115 /sec)
          order 13    : 19078          (75 /sec)
          order 14    : 29307          (72 /sec)
          order 15    : 12788          (71 /sec)
          order 16    : 3239           (52 /sec)
          order 17    : 144            (58 /sec)
          order 18    : 37             (59 /sec)
          order 19    : 37             (66 /sec)
          order 20    : 40             (62 /sec)
          order 21    : 0              (-nan /sec)
Noncanonical subgraphs: 518420         (573 /sec)
          order  3    : 0              (-nan /sec)
          order  4    : 0              (-nan /sec)
          order  5    : 0              (-nan /sec)
          order  6    : 0              (-nan /sec)
          order  7    : 0              (-nan /sec)
          order  8    : 0              (-nan /sec)
          order  9    : 0              (-nan /sec)
          order 10    : 0              (-nan /sec)
          order 11    : 0              (-nan /sec)
          order 12    : 0              (-nan /sec)
          order 13    : 93735          (1552 /sec)
          order 14    : 388114         (501 /sec)
          order 15    : 32299          (589 /sec)
          order 16    : 4224           (290 /sec)
          order 17    : 1              (246 /sec)
          order 18    : 2              (94 /sec)
          order 19    : 0              (-nan /sec)
          order 20    : 0              (-nan /sec)
Canonicity checking   : 949.427 s
Noncanonicity checking: 905.342 s
Total canonicity time : 1854.77 s
database reductions   : 122
restarts              : 8189
conflicts             : 4672829        (1121 /sec)
decisions             : 6294875        (0.00 % random) (1511 /sec)
propagations          : 259576248      (62296 /sec)
conflict literals     : 503325448      (55.27 % deleted)
actual reward         : 0.220171
Memory used           : 402.00 MB
CPU time              : 4166.8 s

UNSATISFIABLE
