c --- [ banner ] -------------------------------------------------------------
c 
c CaDiCaL Radically Simplified CDCL SAT Solver
c Copyright (c) 2016-2021 A. Biere, M. Fleury, N. Froleyks
c 
c Version 1.5.2 ca9bff05c11bde5eae4912f9932871d1527e61d8
c g++ (GCC) 9.3.0 -Wall -Wextra -O3 -DNDEBUG
c Sun May 1 02:23:23 EDT 2022 Linux gra-login1 3.10.0-1160.59.1.el7.x86_64 x86_64
c 
c --- [ limit ] --------------------------------------------------------------
c 
c setting conflict limit to 200000 conflicts (due to '200000')
c 
c --- [ parsing input ] ------------------------------------------------------
c 
c reading DIMACS file from '26.cubes329.adj'
c opening file to read '26.cubes329.adj'
c found 'p cnf 5320 924207' header
c parsed 924207 clauses in 8.81 seconds process time
c closing file '26.cubes329.adj'
c after reading 686668096 bytes 654.9 MB
c 
c --- [ options ] ------------------------------------------------------------
c 
c all options are set to their default value
c 
c --- [ solving ] ------------------------------------------------------------
c 
c time measured in process time since initialization
c 
c  seconds   reductions  redundant  irredundant
c          MB    restarts       trail      variables
c           level   conflicts       glue        remaining
c 
c *  8.81 690  0 0   0    0    0  0% 0 923580 4053 76%
c {  9.47 724  0 0   0    0    0  0% 0 923580 4053 76%
c i 11.07 757 54 0   4   46   35 45% 8 923580 4052 76%
c i 11.33 760 84 0   6   65   47 43% 7 923580 4044 76%
c i 11.63 764 104 0   9  114   77 42% 8 923580 4034 76%
c i 13.76 777 91 0  36  226  174 45% 20 923580 4033 76%
c - 16.54 769 83 1  49  301  243 47% 26 305979 4033 76%
c i 17.13 769 74 1  58  386  297 47% 25 305979 4032 76%
c i 17.18 769 74 1  61  399  307 47% 25 305979 4031 76%
c i 17.74 770 79 1  73  451  352 48% 28 305979 4030 76%
c i 18.34 771 76 1  82  538  413 47% 28 305979 4029 76%
c i 18.36 771 76 1  82  539  413 47% 27 305979 4028 76%
c i 19.75 772 79 1 101  665  523 47% 30 305979 4027 76%
c i 19.79 772 79 1 101  672  529 48% 30 305979 4026 76%
c i 20.69 772 78 1 117  824  622 47% 29 305979 4025 76%
c i 21.29 773 77 1 121  887  675 47% 29 305979 4024 76%
c i 21.33 773 75 1 121  913  686 47% 29 305979 4022 76%
c i 21.43 773 73 1 121  980  745 48% 29 305979 4021 76%
c } 21.48 773 72 1 121 1001  763 48% 29 305979 4021 76%
c [ 21.48 773  0 1 121 1001  763  0% 0 305979 4021 76%
c 
c  seconds   reductions  redundant  irredundant
c          MB    restarts       trail      variables
c           level   conflicts       glue        remaining
c 
c O 21.50 773  0 1 121 1002  763 33% 0 305979 4021 76%
c i 21.50 773  0 1 121 1002  763 33% 0 305979 3953 74%
c i 21.50 773  0 1 121 1003  763 29% 0 305979 3930 74%
c i 21.52 773  3 1 121 1015  770 33% 2 305979 3872 73%
c i 21.54 773  2 1 121 1018  772 34% 1 305979 3829 72%
c i 21.54 773  2 1 121 1019  772 33% 1 305979 3805 72%
c - 22.69 891 30 2 121 1192  748 53% 18 303314 3805 72%
c i 22.93 892 33 2 121 1289  819 55% 20 303314 3804 72%
c i 22.95 892 34 2 121 1307  832 55% 20 303314 3803 71%
c i 22.95 892 34 2 121 1314  835 55% 20 303314 3802 71%
c i 22.98 892 34 2 121 1341  856 55% 21 303314 3801 71%
c i 23.00 892 34 2 121 1360  873 55% 21 303314 3800 71%
c i 23.02 892 34 2 121 1369  881 55% 21 303314 3799 71%
c i 23.10 892 35 2 121 1498  982 55% 21 303314 3798 71%
c i 23.24 892 36 2 121 1687 1111 56% 22 303314 3797 71%
c i 23.33 892 36 2 121 1829 1221 56% 22 303314 3796 71%
c i 23.45 892 34 2 121 1938 1302 56% 22 303314 3795 71%
c - 24.13 889 30 3 122 2525 1356 56% 22 303284 3795 71%
c ] 24.76 802 29 3 122 3001 1709 38% 22 303284 3795 71%
c { 24.76 802 72 3 122 3001 1709 67% 29 303284 3795 71%
c 
c  seconds   reductions  redundant   irredundant
c          MB    restarts       trail       variables
c           level   conflicts       glue         remaining
c 
c F 24.78 802 72 3 122 3003 1710 67% 29 303284 3795 71%
c i 24.78 802 72 3 122 3003 1710 67% 29 303284 3780 71%
c i 24.94 802 70 3 122 3035 1732 66% 28 303284 3779 71%
c i 24.99 802 68 3 122 3066 1760 66% 28 303284 3778 71%
c i 25.02 802 68 3 122 3095 1786 65% 28 303284 3777 71%
c i 25.43 802 67 3 142 3220 1882 61% 28 303284 3776 71%
c i 25.69 802 66 3 151 3306 1960 60% 29 303284 3775 71%
c i 25.77 802 66 3 153 3318 1970 59% 28 303284 3774 71%
c i 26.13 802 66 3 153 3407 2046 57% 28 303284 3766 71%
c i 26.33 802 65 3 165 3506 2127 56% 28 303284 3760 71%
c i 26.34 802 65 3 165 3514 2133 56% 28 303284 3759 71%
c i 26.44 802 63 3 167 3648 2241 54% 28 303284 3758 71%
c i 26.55 802 62 3 173 3716 2302 53% 28 303284 3757 71%
c i 26.65 802 61 3 174 3764 2344 53% 28 303284 3756 71%
c i 27.05 802 55 3 174 4147 2639 50% 26 303284 3755 71%
c - 27.42 775 53 4 174 4303 1980 49% 26 247653 3755 71%
c i 27.73 775 51 4 174 4548 2149 48% 25 247653 3754 71%
c d 28.39 775 48 4 177 5001 2510 46% 25 247630 3744 70%
c 2 28.46 775 48 4 177 5001 4061 46% 25 247583 3744 70%
c p 30.24 775 48 4 177 5001 7529 46% 25 247583 3702 70%
c 
c  seconds   reductions  redundant   irredundant
c          MB    restarts       trail       variables
c           level   conflicts       glue         remaining
c 
c d 30.61 775 48 4 177 5001 7455 46% 25 247460 3701 70%
c # 31.45 775 41 4 182 6004 8158 44% 22 247460 3701 70%
c - 31.87 771 39 5 182 6393 2544 43% 22 247460 3701 70%
c } 32.09 771 37 5 186 7001 2918 43% 21 247460 3701 70%
c [ 32.09 771 29 5 186 7001 2918 38% 22 247460 3701 70%
c - 32.69 771 23 6 187 8905 2625 37% 19 247460 3701 70%
c I 33.10 771 23 6 188 10008 3311 37% 18 247460 3701 70%
c - 34.17 772 29 7 190 11833 3475 38% 23 247460 3701 70%
c ] 35.39 771 35 7 191 15002 6089 37% 27 247460 3701 70%
c { 35.39 772 37 7 191 15002 6089 43% 21 247460 3701 70%
c p 36.23 771 37 7 192 15002 11111 43% 21 247460 3701 70%
c B 36.43 772 37 7 193 15010 11119 43% 21 247460 3701 70%
c - 37.14 772 37 8 218 15177 4481 42% 21 247460 3701 70%
c s 38.12 772 38 8 276 15667 4779 42% 22 245493 3701 70%
c v 41.06 772 38 8 276 15667 4779 42% 22 245389 3701 70%
c t 41.15 772 38 8 276 15667 4769 42% 22 245344 3701 70%
c e 41.93 773 38 8 276 15667 4484 42% 22 240103 973 18%
c s 42.04 773 38 8 276 15667 4484 42% 22 239505 973 18%
c - 44.65 773 34 9 358 18940 4789 61% 21 239505 973 18%
c W 46.28 773 33 9 406 21011 6407 61% 20 239505 973 18%
c 
c  seconds   reductions    redundant   irredundant
c          MB     restarts        trail       variables
c           level     conflicts       glue        remaining
c 
c - 49.52 773 34 10 639 23077 5684 61% 21 239505 973 18%
c - 52.23 773 32 11 722 27630 6507 61% 20 239505 973 18%
c F 52.35 773 31 11 722 28012 6739 62% 20 239505 973 18%
c p 56.48 773 31 11 852 30002 10671 61% 20 239505 963 18%
c d 56.73 773 31 11 852 30002 10487 61% 20 239101 962 18%
c } 57.64 773 31 11 858 31002 11173 62% 20 239101 962 18%
c [ 57.64 773 35 11 858 31002 11173 146% 27 239101 962 18%
c - 58.18 771 34 12 858 32597 6626 132% 27 239101 962 18%
c B 59.07 771 31 12 861 36014 8476 114% 25 239101 962 18%
c - 59.83 687 32 13 862 37976 6896 107% 26 239101 962 18%
c - 61.65 772 31 14 865 43769 7303 94% 26 239101 962 18%
c W 62.71 772 31 14 865 45015 8107 92% 26 239101 962 18%
c s 63.37 772 30 14 866 47443 9571 89% 25 238283 962 18%
c v 65.64 772 30 14 866 47443 9571 89% 25 238204 962 18%
c t 65.75 772 30 14 866 47443 9569 89% 25 238204 962 18%
c e 66.48 772 30 14 866 47443 9565 89% 25 238164 943 18%
c s 66.63 772 30 14 866 47443 9563 89% 25 237121 943 18%
c - 68.16 687 30 15 866 49973 7984 86% 25 237121 943 18%
c p 69.05 687 30 15 866 50002 10318 86% 25 237121 943 18%
c O 70.53 687 29 15 867 55018 13744 82% 24 237121 943 18%
c 
c  seconds   reductions    redundant   irredundant
c          MB     restarts        trail       variables
c           level     conflicts       glue        remaining
c 
c - 70.98 772 29 16 869 56572 8919 81% 24 237121 943 18%
c ] 71.98 772 29 16 873 63002 13211 77% 24 237121 943 18%
c { 71.98 772 31 16 873 63002 13211 62% 20 237121 943 18%
c - 72.32 689 31 17 892 63584 9369 62% 20 237121 943 18%
c B 72.94 689 29 17 895 66019 10990 62% 19 237121 943 18%
c - 76.31 689 28 18 1111 71008 9725 62% 19 237121 943 18%
c p 86.72 689 30 18 1802 75002 15579 62% 20 237121 943 18%
c W 90.97 689 30 18 2041 78020 17542 62% 20 237121 943 18%
c - 91.24 689 29 19 2041 78846 11604 62% 20 237121 943 18%
c - 93.90 689 27 20 2201 87095 11693 62% 19 237121 943 18%
c # 94.72 689 27 20 2271 91023 14337 62% 19 237121 943 18%
c - 100.18 689 27 21 2585 95758 12575 62% 19 237121 943 18%
c - 103.60 689 24 22 2645 104834 11767 62% 18 237121 943 18%
c p 105.70 689 24 22 2645 105002 14849 62% 18 237121 942 18%
c d 105.88 689 24 22 2645 105002 14834 62% 18 218406 941 18%
c s 106.11 689 24 22 2645 105002 14833 62% 18 217224 941 18%
c v 110.81 689 24 22 2645 105002 14833 62% 18 217205 941 18%
c w 111.04 689 24 22 2645 105002 14829 62% 18 217205 941 18%
c t 111.04 689 24 22 2645 105002 14828 62% 18 217204 941 18%
c e 111.69 689 24 22 2645 105002 14676 62% 18 217065 894 17%
c 
c  seconds    reductions       redundant   irredundant
c           MB     restarts           trail       variables
c            level      conflicts         glue        remaining
c 
c s 111.92 689 24 22 2645 105002 14676 62% 18 215799 894 17%
c B 112.65 689 24 22 2645 105025 14691 62% 18 215799 894 17%
c - 116.52 689 24 23 2909 114321 13146 62% 17 215799 894 17%
c W 121.15 689 23 23 3210 120026 16610 62% 17 215799 894 17%
c - 122.75 689 23 24 3341 123928 13161 62% 17 215799 894 17%
c } 123.38 689 23 24 3357 127002 14902 62% 17 215799 894 17%
c [ 123.38 689 29 24 3357 127002 14902 77% 24 215799 894 17%
c - 124.87 689 28 25 3360 133935 13252 75% 23 215799 894 17%
c B 125.43 689 27 25 3361 136027 14425 74% 23 215799 894 17%
c p 127.58 689 28 25 3364 140002 19995 73% 23 215799 894 17%
c - 129.18 689 27 26 3365 144341 13915 72% 23 215799 894 17%
c W 131.76 689 27 26 3366 153028 19480 70% 23 215799 894 17%
c - 132.57 689 28 27 3366 155146 14833 69% 23 215799 894 17%
c - 136.03 689 27 28 3366 166352 14979 68% 23 215799 894 17%
c I 137.39 689 27 28 3369 171032 17917 67% 23 215799 894 17%
c - 139.93 689 29 29 3373 177959 16210 66% 24 215799 894 17%
c p 141.60 689 29 29 3373 180009 20686 66% 24 215799 894 17%
c - 145.00 689 30 30 3380 189965 16810 65% 25 215799 894 17%
c B 145.12 689 30 30 3380 190037 16862 65% 25 215799 894 17%
c ] 147.40 689 29 30 3381 200007 23768 65% 25 215799 894 17%
c 
c  seconds    reductions       redundant   irredundant
c           MB     restarts           trail       variables
c            level      conflicts         glue        remaining
c 
c ? 147.40 689 29 30 3381 200007 23768 65% 25 215799 894 17%
c 
c --- [ writing output ] -----------------------------------------------------
c 
c writing simplified CNF to DIMACS file 'simp/26.cubes329.adj.simp1'
c * 147.40 689 29 30 3381 200007 23768 65% 25 215799 894 17%
c opening file to write 'simp/26.cubes329.adj.simp1'
c writing 'p cnf 5320 215799' header
c closing file 'simp/26.cubes329.adj.simp1'
c after writing 86556424 bytes 82.5 MB
c wrote 215799 clauses in 0.66 seconds process time
c 
c --- [ writing extension ] --------------------------------------------------
c 
c writing extension stack to 'simp/26.cubes329.adj.ext1'
c opening file to write 'simp/26.cubes329.adj.ext1'
c closing file 'simp/26.cubes329.adj.ext1'
c after writing 174483 bytes 0.2 MB
c wrote 7741 witnesses in 0.00 seconds process time
c 
c --- [ result ] -------------------------------------------------------------
c 
c UNKNOWN
c 
c --- [ run-time profiling ] -------------------------------------------------
c 
c process time taken by individual solving procedures
c (percentage relative to process time for solving)
c 
c       112.80   81.39% search
c        72.32   52.18% unstable
c        37.39   26.98% stable
c        25.79   18.61% simplify
c        10.26    7.40% vivify
c         8.81    6.36% parse
c         8.78    6.33% probe
c         4.10    2.96% elim
c         2.44    1.76% walk
c         0.95    0.68% subsume
c         0.66    0.47% lucky
c         0.27    0.20% ternary
c   =================================
c       138.59   93.60% solve
c 
c last line shows process time for solving
c (percentage relative to total process time)
c 
c --- [ statistics ] ---------------------------------------------------------
c 
c chronological:             32248        16.12 %  of conflicts
c conflicts:                200007      1443.14    per second
c decisions:                364191      2627.80    per second
c eliminated:                 2794        52.52 %  of all variables
c fixed:                      1619        30.43 %  of all variables
c learned:                  196065        98.03 %  per conflict
c learned_lits:           33435633       100.00 %  learned literals
c minimized:                     0         0.00 %  learned literals
c shrunken:               21987298        65.76 %  learned literals
c minishrunken:            2141084         6.40 %  learned literals
c propagations:           13297628         0.10 M  per second
c reduced:                  108308        54.15 %  per conflict
c rephased:                     19     10526.68    interval
c restarts:                   3381        59.16    interval
c stabilizing:                   4        57.50 %  of conflicts
c substituted:                  13         0.24 %  of all variables
c subsumed:                  71051         2.97 %  of all clauses
c strengthened:              16399         0.69 %  of all clauses
c ternary:                    6798         0.56 %  of resolved
c vivified:                    226         0.01 %  of all clauses
c walked:                        5     40001.40    interval
c weakened:                   6122         3.11    average size
c 
c seconds are measured in process time for solving
c 
c --- [ resources ] ----------------------------------------------------------
c 
c total process time since initialization:       148.07    seconds
c total real time since initialization:          148.15    seconds
c maximum resident set size of process:         1007.61    MB
c 
c --- [ shutting down ] ------------------------------------------------------
c 
c exit 0
WARNING! DIMACS header mismatch: wrong number of variables.
============================[ Problem Statistics ]=============================
|                                                                             |
|  Number of variables:          3231                                         |
|  Number of clauses:          215801                                         |
|  Parse time:                   1.14 s                                       |
|  Simplification time:          0.02 s                                       |
|                                                                             |
============================[ Search Statistics ]====================================================
| Conflicts |          ORIGINAL         |          LEARNT          | Num Sols |      SUBGRAPHS      |
|           |    Vars  Clauses Literals |    Limit  Clauses Lit/Cl |          | Canonical Noncanon. |
=====================================================================================================
|       117 |    3147   215818 19010893 |     2000      117     91 |        0 |        23        17 |
|       302 |    3147   215853 19011430 |     2000      302     86 |        0 |        37        52 |
|       540 |    3147   215866 19011550 |     2000      540     89 |        0 |        43        65 |
|       920 |    3147   215909 19012204 |     2000      920     83 |        0 |        67       108 |
|      1436 |    3147   215919 19012519 |     2000     1436     83 |        0 |        77       118 |
|      2228 |    3147   215952 19013085 |     3604     1232     58 |        0 |        92       151 |
|      3408 |    3147   215993 19013706 |     3604     2412     82 |        0 |       103       192 |
|      5176 |    3147   216053 19015105 |     5002     2378     59 |        0 |       133       252 |
|      7760 |    3147   216075 19015817 |     5002     4962     78 |        0 |       145       274 |
|     11776 |    3147   216247 19018752 |     7559     3335     41 |        0 |       235       446 |
|     17775 |    3147   216480 19023049 |     8782     5557     48 |        0 |       351       679 |
|     27421 |    3147   217477 19039052 |    11209     5830     25 |        0 |       520      1676 |
|     40965 |    3147   218047 19048803 |    13614     7579     30 |        0 |       759      2246 |
|     61121 |    3147   218742 19059654 |    16008    13529     51 |        0 |       911      2941 |
|     90832 |    3147   219261 19067960 |    19607    17439     50 |        0 |      1058      3460 |
|    135501 |    3147   220141 19081942 |    24409    19310     46 |        0 |      1297      4340 |
|    205396 |    3147   224352 19151630 |    30415    22211     35 |        0 |      2242      8551 |
|    306555 |    3147   226985 19195066 |    37614    23169     38 |        0 |      3129     11184 |
|    455788 |    3147   228429 19222837 |    46006    28194     34 |        0 |      3456     12628 |
|    811450 |    3147   362408 21019015 |    61613    38063     32 |        0 |     14349    146607 |
|   1197691 |    3114   201596 17428998 |    74278    51969     59 |        0 |     17677    200323 |
|   1718933 |    3114   224050 17752504 |    89216    85349     59 |        0 |     21204    222777 |
=====================================================================================================
Number of solutions   : 0
Canonical subgraphs   : 29243          (11 /sec)
          order  3    : 1              (200000 /sec)
          order  4    : 1              (500000 /sec)
          order  5    : 1              (250000 /sec)
          order  6    : 1              (55556 /sec)
          order  7    : 1              (8696 /sec)
          order  8    : 2              (1363 /sec)
          order  9    : 7              (352 /sec)
          order 10    : 22             (88 /sec)
          order 11    : 102            (25 /sec)
          order 12    : 428            (13 /sec)
          order 13    : 1926           (15 /sec)
          order 14    : 14158          (12 /sec)
          order 15    : 8935           (10 /sec)
          order 16    : 3586           (8 /sec)
          order 17    : 52             (10 /sec)
          order 18    : 20             (7 /sec)
          order 19    : 0              (-nan /sec)
          order 20    : 0              (-nan /sec)
          order 21    : 0              (-nan /sec)
Noncanonical subgraphs: 310251         (562 /sec)
          order  3    : 0              (-nan /sec)
          order  4    : 0              (-nan /sec)
          order  5    : 0              (-nan /sec)
          order  6    : 0              (-nan /sec)
          order  7    : 0              (-nan /sec)
          order  8    : 0              (-nan /sec)
          order  9    : 0              (-nan /sec)
          order 10    : 0              (-nan /sec)
          order 11    : 0              (-nan /sec)
          order 12    : 0              (-nan /sec)
          order 13    : 7092           (8025 /sec)
          order 14    : 32146          (3892 /sec)
          order 15    : 262208         (501 /sec)
          order 16    : 8663           (493 /sec)
          order 17    : 141            (79 /sec)
          order 18    : 1              (107 /sec)
          order 19    : 0              (-nan /sec)
          order 20    : 0              (-nan /sec)
Canonicity checking   : 2703.9 s
Noncanonicity checking: 551.984 s
Total canonicity time : 3255.88 s
database reductions   : 88
restarts              : 4268
conflicts             : 2517357        (630 /sec)
decisions             : 3457597        (0.00 % random) (865 /sec)
propagations          : 116294634      (29110 /sec)
conflict literals     : 204955301      (53.77 % deleted)
actual reward         : 0.239751
Memory used           : 292.00 MB
CPU time              : 3995.05 s

UNSATISFIABLE
