c --- [ banner ] -------------------------------------------------------------
c 
c CaDiCaL Radically Simplified CDCL SAT Solver
c Copyright (c) 2016-2021 A. Biere, M. Fleury, N. Froleyks
c 
c Version 1.5.2 ca9bff05c11bde5eae4912f9932871d1527e61d8
c g++ (GCC) 9.3.0 -Wall -Wextra -O3 -DNDEBUG
c Sun May 1 02:23:23 EDT 2022 Linux gra-login1 3.10.0-1160.59.1.el7.x86_64 x86_64
c 
c --- [ limit ] --------------------------------------------------------------
c 
c setting conflict limit to 200000 conflicts (due to '200000')
c 
c --- [ parsing input ] ------------------------------------------------------
c 
c reading DIMACS file from '26.cubes639.adj'
c opening file to read '26.cubes639.adj'
c found 'p cnf 5320 924215' header
c parsed 924215 clauses in 7.98 seconds process time
c closing file '26.cubes639.adj'
c after reading 686668149 bytes 654.9 MB
c 
c --- [ options ] ------------------------------------------------------------
c 
c all options are set to their default value
c 
c --- [ solving ] ------------------------------------------------------------
c 
c time measured in process time since initialization
c 
c  seconds   reductions  redundant  irredundant
c          MB    restarts       trail      variables
c           level   conflicts       glue        remaining
c 
c *  7.98 691  0 0   0    0    0  0% 0 923580 4094 77%
c {  8.52 722  0 0   0    0    0  0% 0 923580 4094 77%
c i  9.91 745 58 0  14  116   84 48% 20 923580 4093 77%
c i 10.37 749 62 0  23  157  113 48% 20 923580 4092 77%
c i 10.50 751 63 0  26  183  136 49% 21 923580 4091 77%
c i 10.52 751 63 0  27  188  140 49% 22 923580 4090 77%
c i 10.72 751 62 0  38  226  172 48% 23 923580 4089 77%
c i 10.86 752 61 0  45  257  197 48% 23 923580 4075 77%
c i 11.25 754 67 0  51  290  226 48% 25 923580 4074 77%
c - 13.25 748 67 1  54  302  236 49% 26 250854 4074 77%
c i 13.45 698 70 1  59  323  255 48% 26 250854 4072 77%
c i 13.50 698 71 1  61  342  265 48% 25 250854 4068 76%
c i 13.52 698 71 1  61  354  272 47% 24 250854 4067 76%
c i 13.79 698 76 1  65  404  312 47% 25 250854 4066 76%
c i 13.81 698 76 1  65  406  313 47% 25 250854 4065 76%
c i 13.82 698 75 1  65  410  316 47% 25 250854 4064 76%
c i 13.86 698 76 1  67  419  321 47% 25 250854 4063 76%
c i 14.11 698 73 1  73  478  362 48% 24 250854 4062 76%
c i 14.13 698 70 1  73  512  384 48% 24 250854 4061 76%
c i 14.18 698 70 1  73  523  394 48% 24 250854 4060 76%
c 
c  seconds   reductions  redundant   irredundant
c          MB    restarts       trail       variables
c           level   conflicts       glue         remaining
c 
c i 14.18 698 71 1  73  527  397 48% 24 250854 4059 76%
c i 14.19 698 71 1  73  530  399 48% 24 250854 4058 76%
c i 14.93 698 72 1 102  702  528 47% 26 250854 3975 75%
c i 15.37 698 71 1 109  797  601 47% 26 250854 3974 75%
c i 15.38 698 71 1 109  799  602 47% 26 250854 3973 75%
c i 15.40 698 71 1 109  807  608 47% 26 250854 3972 75%
c i 15.50 698 69 1 109  846  638 47% 26 250854 3971 75%
c i 15.53 698 68 1 109  856  646 47% 26 250854 3970 75%
c i 16.05 698 69 1 126  989  738 47% 26 250854 3969 75%
c i 16.06 698 69 1 126  993  741 47% 26 250854 3968 75%
c } 16.08 698 69 1 126 1001  749 47% 26 250854 3968 75%
c [ 16.08 698  0 1 126 1001  749  0% 0 250854 3968 75%
c O 16.08 698  0 1 126 1002  749 26% 0 250854 3968 75%
c i 16.08 698  0 1 126 1002  749 26% 0 250854 3946 74%
c i 16.15 698  6 1 126 1010  755 47% 5 250854 3945 74%
c i 16.15 698  5 1 126 1011  755 47% 4 250854 3944 74%
c i 16.22 698 19 1 126 1053  788 54% 13 250854 3943 74%
c i 16.23 698 19 1 126 1067  797 54% 13 250854 3942 74%
c i 16.24 698 19 1 126 1079  801 54% 13 250854 3941 74%
c i 16.27 698 19 1 126 1127  839 56% 14 250854 3940 74%
c 
c  seconds   reductions  redundant   irredundant
c          MB    restarts       trail       variables
c           level   conflicts       glue         remaining
c 
c - 16.70 765 18 2 126 1141  720 56% 14 249385 3940 74%
c i 16.82 765 19 2 126 1267  787 56% 16 249385 3939 74%
c i 16.86 765 18 2 126 1394  837 57% 15 249385 3938 74%
c ] 16.87 765 18 2 126 1405  845 57% 15 249385 3938 74%
c 1 16.87 765 18 2 126 1405  845 57% 15 249385 3938 74%
c 
c --- [ writing output ] -----------------------------------------------------
c 
c writing simplified CNF to DIMACS file 'simp/26.cubes639.adj.simp1'
c * 16.87 765 18 2 126 1405  845 57% 15 249385 3938 74%
c opening file to write 'simp/26.cubes639.adj.simp1'
c writing 'p cnf 5320 249379' header
c closing file 'simp/26.cubes639.adj.simp1'
c after writing 103376699 bytes 98.6 MB
c wrote 249379 clauses in 0.69 seconds process time
c 
c --- [ writing extension ] --------------------------------------------------
c 
c writing extension stack to 'simp/26.cubes639.adj.ext1'
c opening file to write 'simp/26.cubes639.adj.ext1'
c closing file 'simp/26.cubes639.adj.ext1'
c after writing 19824 bytes 0.0 MB
c wrote 1382 witnesses in 0.00 seconds process time
c 
c --- [ result ] -------------------------------------------------------------
c 
s SATISFIABLE
c 
c --- [ run-time profiling ] -------------------------------------------------
c 
c process time taken by individual solving procedures
c (percentage relative to process time for solving)
c 
c         8.89  100.00% search
c         7.98   89.74% parse
c         7.56   85.06% unstable
c         0.79    8.83% stable
c         0.54    6.10% lucky
c         0.00    0.00% simplify
c   =================================
c         8.89   50.64% solve
c 
c last line shows process time for solving
c (percentage relative to total process time)
c 
c --- [ statistics ] ---------------------------------------------------------
c 
c chronological:               518        36.87 %  of conflicts
c conflicts:                  1405       158.06    per second
c decisions:                 17001      1912.62    per second
c fixed:                      1382        25.98 %  of all variables
c learned:                    1361        96.87 %  per conflict
c learned_lits:             171452       100.00 %  learned literals
c minimized:                     0         0.00 %  learned literals
c shrunken:                 103453        60.34 %  learned literals
c minishrunken:               9791         5.71 %  learned literals
c propagations:             411569         0.05 M  per second
c reduced:                     120         8.54 %  per conflict
c rephased:                      1      1405.00    interval
c restarts:                    126        11.15    interval
c stabilizing:                   1        28.75 %  of conflicts
c subsumed:                    347         0.02 %  of all clauses
c 
c seconds are measured in process time for solving
c 
c --- [ resources ] ----------------------------------------------------------
c 
c total process time since initialization:        17.55    seconds
c total real time since initialization:           17.96    seconds
c maximum resident set size of process:          792.12    MB
c 
c --- [ shutting down ] ------------------------------------------------------
c 
c exit 10
c --- [ banner ] -------------------------------------------------------------
c 
c CaDiCaL Radically Simplified CDCL SAT Solver
c Copyright (c) 2016-2021 A. Biere, M. Fleury, N. Froleyks
c 
c Version 1.5.2 ca9bff05c11bde5eae4912f9932871d1527e61d8
c g++ (GCC) 9.3.0 -Wall -Wextra -O3 -DNDEBUG
c Sun May 1 02:23:23 EDT 2022 Linux gra-login1 3.10.0-1160.59.1.el7.x86_64 x86_64
c 
c --- [ limit ] --------------------------------------------------------------
c 
c setting conflict limit to 200000 conflicts (due to '200000')
c 
c --- [ parsing input ] ------------------------------------------------------
c 
c reading DIMACS file from 'simp/26.cubes639.adj.simp1'
c opening file to read 'simp/26.cubes639.adj.simp1'
c found 'p cnf 5320 249379' header
c parsed 249379 clauses in 1.19 seconds process time
c closing file 'simp/26.cubes639.adj.simp1'
c after reading 103376699 bytes 98.6 MB
c 
c --- [ options ] ------------------------------------------------------------
c 
c all options are set to their default value
c 
c --- [ solving ] ------------------------------------------------------------
c 
c time measured in process time since initialization
c 
c  seconds   reductions  redundant  irredundant
c          MB    restarts       trail      variables
c           level   conflicts       glue        remaining
c 
c *  1.19 108  0 0   0    0    0  0% 0 249379 3930 74%
c {  1.29 117  0 0   0    0    0  0% 0 249379 3930 74%
c i  2.14 135 55 0  22  177  147 24% 15 249379 3929 74%
c i  2.22 136 55 0  23  185  154 24% 16 249379 3928 74%
c i  2.29 137 54 0  28  208  172 24% 17 249379 3927 74%
c i  2.30 137 54 0  29  210  173 24% 16 249379 3926 74%
c i  2.57 138 54 0  43  271  220 24% 19 249379 3925 74%
c -  2.96 140 55 1  49  301  235 23% 19 249364 3925 74%
c i  4.82 145 62 1 131  832  592 20% 24 249364 3924 74%
c }  5.53 151 62 1 161 1000  721 21% 25 249364 3924 74%
c [  5.53 151  0 1 161 1000  721  0% 0 249364 3924 74%
c O  5.54 151 59 1 161 1002  723 18% 2 249364 3924 74%
c -  6.03 244 12 2 161 1139  710 30% 9 249361 3924 74%
c i  6.19 239 17 2 161 1590 1057 30% 13 249361 3923 74%
c i  6.23 239 17 2 161 1736 1149 30% 14 249361 3922 74%
c ]  6.31 239 18 2 162 2055 1370 30% 14 249361 3922 74%
c 1  6.31 239 18 2 162 2055 1370 30% 14 249361 3922 74%
c 
c --- [ writing output ] -----------------------------------------------------
c 
c writing simplified CNF to DIMACS file 'simp/26.cubes639.adj.simp2'
c *  6.31 239 18 2 162 2055 1370 30% 14 249361 3922 74%
c opening file to write 'simp/26.cubes639.adj.simp2'
c writing 'p cnf 5320 249355' header
c closing file 'simp/26.cubes639.adj.simp2'
c after writing 101609047 bytes 96.9 MB
c wrote 249355 clauses in 0.69 seconds process time
c 
c --- [ writing extension ] --------------------------------------------------
c 
c writing extension stack to 'simp/26.cubes639.adj.ext2'
c opening file to write 'simp/26.cubes639.adj.ext2'
c closing file 'simp/26.cubes639.adj.ext2'
c after writing 128 bytes 0.0 MB
c wrote 8 witnesses in 0.00 seconds process time
c 
c --- [ result ] -------------------------------------------------------------
c 
s SATISFIABLE
c 
c --- [ run-time profiling ] -------------------------------------------------
c 
c process time taken by individual solving procedures
c (percentage relative to process time for solving)
c 
c         5.11  100.00% search
c         4.24   82.92% unstable
c         1.19   23.30% parse
c         0.77   15.12% stable
c         0.10    1.95% lucky
c         0.00    0.00% simplify
c   =================================
c         5.11   73.06% solve
c 
c last line shows process time for solving
c (percentage relative to total process time)
c 
c --- [ statistics ] ---------------------------------------------------------
c 
c chronological:               608        29.59 %  of conflicts
c conflicts:                  2055       401.82    per second
c decisions:                 17756      3471.91    per second
c fixed:                         8         0.15 %  of all variables
c learned:                    2011        97.86 %  per conflict
c learned_lits:             295204       100.00 %  learned literals
c minimized:                     0         0.00 %  learned literals
c shrunken:                 126930        43.00 %  learned literals
c minishrunken:              41572        14.08 %  learned literals
c propagations:             518997         0.10 M  per second
c reduced:                     102         4.96 %  per conflict
c rephased:                      1      2055.00    interval
c restarts:                    162        12.69    interval
c stabilizing:                   1        51.34 %  of conflicts
c subsumed:                    531         0.11 %  of all clauses
c 
c seconds are measured in process time for solving
c 
c --- [ resources ] ----------------------------------------------------------
c 
c total process time since initialization:         7.00    seconds
c total real time since initialization:            7.13    seconds
c maximum resident set size of process:          243.86    MB
c 
c --- [ shutting down ] ------------------------------------------------------
c 
c exit 10
c --- [ banner ] -------------------------------------------------------------
c 
c CaDiCaL Radically Simplified CDCL SAT Solver
c Copyright (c) 2016-2021 A. Biere, M. Fleury, N. Froleyks
c 
c Version 1.5.2 ca9bff05c11bde5eae4912f9932871d1527e61d8
c g++ (GCC) 9.3.0 -Wall -Wextra -O3 -DNDEBUG
c Sun May 1 02:23:23 EDT 2022 Linux gra-login1 3.10.0-1160.59.1.el7.x86_64 x86_64
c 
c --- [ limit ] --------------------------------------------------------------
c 
c setting conflict limit to 200000 conflicts (due to '200000')
c 
c --- [ parsing input ] ------------------------------------------------------
c 
c reading DIMACS file from 'simp/26.cubes639.adj.simp2'
c opening file to read 'simp/26.cubes639.adj.simp2'
c found 'p cnf 5320 249355' header
c parsed 249355 clauses in 1.19 seconds process time
c closing file 'simp/26.cubes639.adj.simp2'
c after reading 101609047 bytes 96.9 MB
c 
c --- [ options ] ------------------------------------------------------------
c 
c all options are set to their default value
c 
c --- [ solving ] ------------------------------------------------------------
c 
c time measured in process time since initialization
c 
c  seconds   reductions  redundant  irredundant
c          MB    restarts       trail      variables
c           level   conflicts       glue        remaining
c 
c *  1.20 106  0 0   0    0    0  0% 0 249355 3922 74%
c {  1.27 114  0 0   0    0    0  0% 0 249355 3922 74%
c -  2.20 132 66 1  27  300  241 23% 17 249355 3922 74%
c i  2.68 134 56 1  47  472  375 23% 17 249355 3869 73%
c i  3.00 135 59 1  74  609  488 23% 20 249355 3868 73%
c i  3.49 136 65 1 118  791  650 24% 25 249355 3867 73%
c }  3.71 136 56 1 130 1000  784 24% 23 249355 3867 73%
c [  3.71 136  0 1 130 1000  784  0% 0 249355 3867 73%
c O  3.71 136 31 1 130 1002  786 18% 6 249355 3867 73%
c i  3.82 136 23 1 130 1086  857 31% 17 249355 3866 73%
c -  4.16 220 22 2 130 1138  782 31% 18 239745 3866 73%
c i  4.25 220 21 2 130 1225  821 30% 18 239745 3865 73%
c i  4.31 220 22 2 130 1435  934 30% 18 239745 3864 73%
c i  4.34 220 21 2 130 1564 1000 30% 18 239745 3863 73%
c -  4.69 220 20 3 131 2382 1045 30% 17 239736 3863 73%
c ]  4.97 208 21 3 131 3000 1411 40% 18 239736 3863 73%
c {  4.97 208 56 3 131 3000 1411 33% 23 239736 3863 73%
c F  4.98 208 56 3 131 3004 1415 33% 23 239736 3863 73%
c i  5.61 208 56 3 160 3270 1630 32% 24 239736 3862 73%
c i  5.80 208 54 3 185 3427 1760 32% 24 239736 3861 73%
c 
c  seconds   reductions  redundant   irredundant
c          MB    restarts       trail       variables
c           level   conflicts       glue         remaining
c 
c -  7.02 207 52 4 248 4037 1775 33% 25 239730 3861 73%
c 2  8.22 208 47 4 282 5000 3985 34% 25 239648 3854 72%
c p  9.76 208 47 4 282 5000 8858 34% 25 239648 3805 72%
c d  9.96 208 47 4 282 5000 8752 34% 25 192277 3801 71%
c # 10.67 208 42 4 298 6007 9533 35% 24 192277 3801 71%
c - 10.91 181 42 5 298 6108 2657 35% 24 192277 3801 71%
c } 12.03 182 42 5 360 7000 3363 35% 23 192277 3801 71%
c [ 12.03 182 21 5 360 7000 3363 40% 18 192277 3801 71%
c - 12.51 181 24 6 361 8419 2973 39% 20 192277 3801 71%
c I 12.94 181 26 6 362 10008 4028 38% 22 192277 3801 71%
c - 13.93 181 25 7 363 11116 3303 38% 21 192277 3801 71%
c s 14.32 181 25 7 364 11981 3767 38% 21 190293 3801 71%
c v 15.99 181 25 7 364 11981 3767 38% 21 190227 3801 71%
c t 16.03 181 25 7 364 11981 3747 38% 21 190169 3801 71%
c e 16.41 182 25 7 364 11981 3256 38% 21 184492 934 18%
c s 16.49 182 25 7 364 11981 3252 38% 21 184138 934 18%
c - 17.68 181 24 8 365 14200 3418 66% 20 184138 934 18%
c ] 18.15 181 23 8 365 15000 3946 66% 20 184138 934 18%
c { 18.15 181 42 8 365 15000 3946 143% 23 184138 934 18%
c 2 18.18 181 42 8 366 15000 4314 143% 23 184137 934 18%
c 
c  seconds   reductions   redundant    irredundant
c          MB    restarts        trail        variables
c           level    conflicts        glue        remaining
c 
c p 18.71 181 42 8 366 15000 5881 143% 23 184137 932 18%
c B 18.79 181 42 8 368 15010 5889 143% 23 184137 932 18%
c - 20.21 181 38 9 480 17616 4456 116% 23 184131 932 18%
c W 21.70 181 34 9 590 21011 7085 101% 22 184131 932 18%
c - 22.33 181 34 10 684 21411 5271 99% 22 184131 932 18%
c - 24.05 181 31 11 733 25589 5356 90% 21 184131 932 18%
c F 25.01 181 29 11 736 28012 6805 86% 20 184131 932 18%
c p 26.66 181 29 11 843 30004 10783 84% 20 184131 932 18%
c - 26.88 181 29 12 843 30143 6095 84% 20 184131 932 18%
c } 27.45 181 28 12 844 31002 6606 83% 19 184131 932 18%
c [ 27.45 181 23 12 844 31002 6606 66% 20 184131 932 18%
c - 28.94 181 21 13 846 35077 6254 67% 18 184131 932 18%
c B 29.43 181 21 13 847 36014 6867 67% 18 184131 932 18%
c - 31.19 182 23 14 850 40391 7482 68% 19 184131 932 18%
c s 31.85 182 23 14 851 42475 8988 68% 19 183602 932 18%
c v 33.25 182 23 14 851 42475 8988 68% 19 183538 932 18%
c e 33.64 182 23 14 851 42475 8988 68% 19 183538 931 18%
c s 33.75 182 23 14 851 42475 8988 68% 19 182995 931 18%
c W 35.77 182 23 14 851 45015 10650 68% 19 182995 931 18%
c - 36.24 182 23 15 852 46085 7908 68% 19 182995 931 18%
c 
c  seconds   reductions     redundant   irredundant
c          MB     restarts         trail       variables
c           level     conflicts        glue        remaining
c 
c p 37.86 182 23 15 852 50008 13427 68% 20 182995 931 18%
c - 38.60 182 24 16 852 52144 8454 68% 20 182995 931 18%
c O 39.56 182 24 16 853 55017 10418 68% 21 182995 931 18%
c ] 39.79 182 24 16 854 56069 11206 68% 20 182995 931 18%
c 1 39.79 182 24 16 854 56069 11206 68% 20 182995 931 18%
c 
c --- [ writing output ] -----------------------------------------------------
c 
c writing simplified CNF to DIMACS file 'simp/26.cubes639.adj.simp3'
c * 39.79 182 24 16 854 56069 11206 68% 20 182995 931 18%
c opening file to write 'simp/26.cubes639.adj.simp3'
c writing 'p cnf 5320 182995' header
c closing file 'simp/26.cubes639.adj.simp3'
c after writing 70345648 bytes 67.1 MB
c wrote 182995 clauses in 0.45 seconds process time
c 
c --- [ writing extension ] --------------------------------------------------
c 
c writing extension stack to 'simp/26.cubes639.adj.ext3'
c opening file to write 'simp/26.cubes639.adj.ext3'
c closing file 'simp/26.cubes639.adj.ext3'
c after writing 158725 bytes 0.2 MB
c wrote 6508 witnesses in 0.00 seconds process time
c 
c --- [ result ] -------------------------------------------------------------
c 
s SATISFIABLE
c 
c --- [ run-time profiling ] -------------------------------------------------
c 
c process time taken by individual solving procedures
c (percentage relative to process time for solving)
c 
c        30.45   78.91% search
c        15.73   40.77% unstable
c        14.13   36.62% stable
c         8.14   21.09% simplify
c         3.11    8.05% vivify
c         2.60    6.73% probe
c         1.37    3.55% elim
c         1.20    3.10% parse
c         0.51    1.31% walk
c         0.39    1.01% subsume
c         0.10    0.27% ternary
c         0.08    0.20% lucky
c   =================================
c        38.59   95.92% solve
c 
c last line shows process time for solving
c (percentage relative to total process time)
c 
c --- [ statistics ] ---------------------------------------------------------
c 
c chronological:             10209        18.21 %  of conflicts
c conflicts:                 56069      1452.91    per second
c decisions:                117056      3033.26    per second
c eliminated:                 2868        53.91 %  of all variables
c fixed:                       112         2.11 %  of all variables
c learned:                   54933        97.97 %  per conflict
c learned_lits:           10018781       100.00 %  learned literals
c minimized:                     0         0.00 %  learned literals
c shrunken:                5534611        55.24 %  learned literals
c minishrunken:            1107365        11.05 %  learned literals
c propagations:            5699340         0.15 M  per second
c reduced:                   27102        48.34 %  per conflict
c rephased:                     10      5606.90    interval
c restarts:                    854        65.65    interval
c stabilizing:                   3        62.54 %  of conflicts
c substituted:                  11         0.21 %  of all variables
c subsumed:                  20066         2.88 %  of all clauses
c strengthened:               9755         1.40 %  of all clauses
c ternary:                    2834         0.52 %  of resolved
c vivified:                    149         0.02 %  of all clauses
c walked:                        2     28034.50    interval
c weakened:                   6396         3.06    average size
c 
c seconds are measured in process time for solving
c 
c --- [ resources ] ----------------------------------------------------------
c 
c total process time since initialization:        40.23    seconds
c total real time since initialization:           40.39    seconds
c maximum resident set size of process:          301.34    MB
c 
c --- [ shutting down ] ------------------------------------------------------
c 
c exit 10
WARNING! DIMACS header mismatch: wrong number of variables.
============================[ Problem Statistics ]=============================
|                                                                             |
|  Number of variables:          2942                                         |
|  Number of clauses:          182995                                         |
|  Parse time:                   1.01 s                                       |
|  Simplification time:          0.03 s                                       |
|                                                                             |
============================[ Search Statistics ]====================================================
| Conflicts |          ORIGINAL         |          LEARNT          | Num Sols |      SUBGRAPHS      |
|           |    Vars  Clauses Literals |    Limit  Clauses Lit/Cl |          | Canonical Noncanon. |
=====================================================================================================
|       102 |    2861   182997 15807411 |     2000      102    104 |        0 |        22         2 |
|       254 |    2861   182999 15807503 |     2000      254     82 |        0 |        31         4 |
|       498 |    2861   183018 15807959 |     2000      498     82 |        0 |        39        23 |
|       858 |    2861   183041 15808395 |     2000      858     75 |        0 |        61        46 |
|      2022 |    2861   183699 15821117 |     3599     1021     19 |        0 |       226       704 |
|      2809 |    2861   183727 15821981 |     3599     1808     57 |        0 |       243       732 |
|      4102 |    2861   183881 15825081 |     3599     3101     69 |        0 |       319       886 |
|      5932 |    2861   184003 15827721 |     5004     3136     50 |        0 |       356      1008 |
|      8811 |    2861   184320 15834283 |     6310     3521     38 |        0 |       458      1325 |
|     13269 |    2861   184934 15847022 |     7556     4825     40 |        0 |       769      1939 |
|     20769 |    2861   186668 15884844 |     8788     8557     61 |        0 |      1320      3673 |
|     31060 |    2861   188310 15911055 |    11206     9466     56 |        0 |      1590      5315 |
|     45330 |    2861   189606 15932746 |    13608    11938     48 |        0 |      1863      6611 |
|     68555 |    2861   193370 16006483 |    17217    12972     50 |        0 |      2792     10375 |
|    102401 |    2861   198024 16087354 |    20813    19214     64 |        0 |      3597     15029 |
|    151368 |    2861   203202 16177713 |    25615    22983     55 |        0 |      4603     20207 |
|    221204 |    2861   207354 16247484 |    31611    22815     51 |        0 |      5684     24359 |
|    344322 |    2861   231946 16617721 |    40024    22746     31 |        0 |      8487     48951 |
|    648519 |    2861   388354 18765293 |    54417    47336     58 |        0 |     18119    205359 |
|    903117 |    2861   421269 19223017 |    65213    35530     24 |        0 |     23158    238274 |
=====================================================================================================
Number of solutions   : 0
Canonical subgraphs   : 29016          (64 /sec)
          order  3    : 1              (250000 /sec)
          order  4    : 1              (1000000 /sec)
          order  5    : 1              (250000 /sec)
          order  6    : 1              (55556 /sec)
          order  7    : 2              (10050 /sec)
          order  8    : 6              (2560 /sec)
          order  9    : 15             (594 /sec)
          order 10    : 59             (272 /sec)
          order 11    : 325            (117 /sec)
          order 12    : 2077           (84 /sec)
          order 13    : 18139          (66 /sec)
          order 14    : 7640           (57 /sec)
          order 15    : 708            (53 /sec)
          order 16    : 37             (44 /sec)
          order 17    : 4              (47 /sec)
          order 18    : 0              (-nan /sec)
          order 19    : 0              (-nan /sec)
          order 20    : 0              (-nan /sec)
          order 21    : 0              (-nan /sec)
Noncanonical subgraphs: 383187         (481 /sec)
          order  3    : 0              (-nan /sec)
          order  4    : 0              (-nan /sec)
          order  5    : 0              (-nan /sec)
          order  6    : 0              (-nan /sec)
          order  7    : 0              (-nan /sec)
          order  8    : 0              (-nan /sec)
          order  9    : 0              (-nan /sec)
          order 10    : 0              (-nan /sec)
          order 11    : 0              (-nan /sec)
          order 12    : 0              (-nan /sec)
          order 13    : 34674          (3298 /sec)
          order 14    : 343478         (442 /sec)
          order 15    : 4973           (513 /sec)
          order 16    : 46             (461 /sec)
          order 17    : 16             (166 /sec)
          order 18    : 0              (-nan /sec)
          order 19    : 0              (-nan /sec)
          order 20    : 0              (-nan /sec)
Canonicity checking   : 450.681 s
Noncanonicity checking: 797.174 s
Total canonicity time : 1247.85 s
database reductions   : 61
restarts              : 2363
conflicts             : 1244118        (790 /sec)
decisions             : 1908290        (0.00 % random) (1212 /sec)
propagations          : 61402355       (38986 /sec)
conflict literals     : 95291534       (54.76 % deleted)
actual reward         : 0.214979
Memory used           : 300.00 MB
CPU time              : 1574.97 s

UNSATISFIABLE
