c --- [ banner ] -------------------------------------------------------------
c 
c CaDiCaL Radically Simplified CDCL SAT Solver
c Copyright (c) 2016-2021 A. Biere, M. Fleury, N. Froleyks
c 
c Version 1.5.2 ca9bff05c11bde5eae4912f9932871d1527e61d8
c g++ (GCC) 9.3.0 -Wall -Wextra -O3 -DNDEBUG
c Sun May 1 02:23:23 EDT 2022 Linux gra-login1 3.10.0-1160.59.1.el7.x86_64 x86_64
c 
c --- [ limit ] --------------------------------------------------------------
c 
c setting conflict limit to 200000 conflicts (due to '200000')
c 
c --- [ parsing input ] ------------------------------------------------------
c 
c reading DIMACS file from '26.cubes438.adj'
c opening file to read '26.cubes438.adj'
c found 'p cnf 5320 924216' header
c parsed 924216 clauses in 8.88 seconds process time
c closing file '26.cubes438.adj'
c after reading 686668155 bytes 654.9 MB
c 
c --- [ options ] ------------------------------------------------------------
c 
c all options are set to their default value
c 
c --- [ solving ] ------------------------------------------------------------
c 
c time measured in process time since initialization
c 
c  seconds   reductions  redundant  irredundant
c          MB    restarts       trail      variables
c           level   conflicts       glue        remaining
c 
c *  8.88 692  0 0   0    0    0  0% 0 923580 4039 76%
c {  9.68 729  0 0   0    0    0  0% 0 923580 4039 76%
c i 10.50 746 116 0   0   40   34 50% 10 923580 3973 75%
c i 10.51 746 115 0   0   41   34 50% 10 923580 3957 74%
c i 11.82 767 87 0  10   94   81 52% 22 923580 3932 74%
c i 11.85 767 95 0  11  103   83 50% 23 923580 3927 74%
c i 12.89 772 76 0  23  206  155 48% 30 923580 3926 74%
c i 12.91 772 76 0  24  212  158 48% 29 923580 3924 74%
c i 13.54 774 82 0  34  298  221 47% 30 923580 3918 74%
c - 15.50 764 82 1  34  300  214 47% 31 297202 3912 74%
c i 16.12 723 84 1  47  353  259 47% 33 297202 3903 73%
c i 16.74 724 75 1  50  461  360 49% 32 297202 3901 73%
c i 16.98 724 72 1  53  535  419 50% 32 297202 3900 73%
c i 16.99 724 72 1  53  541  424 50% 32 297202 3899 73%
c i 17.00 724 72 1  53  543  425 50% 32 297202 3898 73%
c i 17.01 724 72 1  53  547  428 50% 32 297202 3897 73%
c i 17.07 724 72 1  53  565  444 50% 32 297202 3896 73%
c i 17.22 724 76 1  53  604  478 50% 32 297202 3895 73%
c i 17.44 725 76 1  57  654  522 50% 33 297202 3894 73%
c i 17.59 725 72 1  57  718  568 50% 31 297202 3893 73%
c 
c  seconds   reductions  redundant   irredundant
c          MB    restarts       trail       variables
c           level   conflicts       glue         remaining
c 
c i 17.89 725 64 1  57  897  713 51% 29 297202 3892 73%
c } 18.08 725 61 1  57 1002  798 51% 28 297202 3892 73%
c [ 18.08 725  0 1  57 1002  798  0% 0 297202 3892 73%
c O 18.08 725  2 1  57 1003  799 27% 1 297202 3892 73%
c - 19.13 841 28 2  57 1187  848 58% 23 296989 3892 73%
c i 19.40 841 25 2  57 1440 1029 57% 21 296989 3891 73%
c i 19.53 841 23 2  57 1893 1373 57% 20 296989 3890 73%
c i 19.59 841 23 2  58 2066 1484 57% 20 296989 3889 73%
c - 20.05 841 21 3  58 2512 1338 57% 19 296980 3889 73%
c i 20.48 810 21 3  58 2782 1517 39% 18 296980 3888 73%
c i 20.49 810 21 3  58 2798 1530 39% 18 296980 3887 73%
c ] 20.58 810 21 3  58 3006 1683 40% 18 296980 3887 73%
c { 20.58 810 61 3  58 3006 1683 69% 28 296980 3887 73%
c F 20.64 810 61 3  58 3007 1684 69% 28 296980 3887 73%
c i 21.39 810 51 3  58 3306 1886 61% 24 296980 3886 73%
c i 21.83 810 42 3  58 3785 2155 54% 21 296980 3885 73%
c i 22.34 810 42 3  73 3848 2212 53% 21 296980 3884 73%
c i 22.37 810 42 3  74 3853 2213 53% 21 296980 3883 73%
c i 22.71 810 44 3  79 3911 2259 53% 21 296980 3882 73%
c i 23.23 810 47 3  88 3992 2322 52% 21 296980 3881 73%
c 
c  seconds   reductions  redundant   irredundant
c          MB    restarts       trail       variables
c           level   conflicts       glue         remaining
c 
c i 24.77 810 48 3 125 4201 2464 49% 22 296980 3880 73%
c i 24.78 810 48 3 126 4202 2464 49% 22 296980 3879 73%
c - 25.42 808 47 4 130 4283 1767 48% 21 296950 3879 73%
c i 29.33 807 51 4 238 4821 2206 45% 23 296950 3878 73%
c i 29.81 808 52 4 260 4925 2295 44% 24 296950 3877 73%
c d 30.65 808 51 4 263 5001 2356 44% 24 296926 3868 73%
c 3 30.68 808 51 4 263 5001 3719 44% 24 296926 3868 73%
c 2 30.75 808 51 4 263 5001 3869 44% 24 296863 3864 73%
c p 36.31 808 51 4 263 5001 7245 44% 24 296863 3815 72%
c d 36.73 808 51 4 263 5001 7200 44% 24 296708 3812 72%
c # 38.33 808 45 4 278 6010 7887 43% 22 296708 3812 72%
c - 38.82 804 41 5 278 6492 2669 42% 21 296708 3812 72%
c } 38.98 804 39 5 278 7008 3024 42% 20 296708 3812 72%
c [ 38.98 804 21 5 278 7008 3024 40% 18 296708 3812 72%
c - 39.93 804 19 6 279 9143 3120 39% 17 296708 3812 72%
c I 40.34 804 20 6 280 10012 3649 39% 17 296708 3812 72%
c - 43.58 804 30 7 282 12234 3730 38% 24 296708 3812 72%
c 2 45.97 804 32 7 283 15001 7136 37% 26 296708 3812 72%
c p 47.93 804 32 7 283 15001 10535 37% 26 296708 3812 72%
c ] 48.08 804 32 7 283 15008 10539 37% 26 296708 3812 72%
c 
c  seconds   reductions    redundant   irredundant
c          MB    restarts         trail       variables
c           level    conflicts        glue         remaining
c 
c { 48.08 804 39 7 283 15008 10539 42% 20 296708 3812 72%
c B 48.25 804 39 7 283 15016 10547 42% 20 296708 3812 72%
c s 49.79 804 39 7 322 15690 10738 41% 20 294356 3812 72%
c v 55.67 804 39 7 322 15690 10738 41% 20 294218 3812 72%
c w 55.93 804 39 7 322 15690 10737 41% 20 294218 3812 72%
c t 55.94 804 39 7 322 15690 10725 41% 20 294150 3812 72%
c e 56.94 806 39 7 322 15690 6792 41% 20 288833 1089 20%
c s 57.06 806 39 7 322 15690 6792 41% 20 288112 1089 20%
c - 59.04 806 39 8 338 15769 3943 54% 20 288112 1089 20%
c - 68.91 806 36 9 566 19709 4632 59% 20 288112 1089 20%
c W 69.91 806 34 9 566 21017 5492 59% 19 288112 1089 20%
c - 76.02 806 33 10 765 24087 5458 59% 20 288112 1089 20%
c F 77.60 806 29 10 772 28020 8382 61% 19 288112 1089 20%
c - 83.12 806 31 11 962 28905 6577 61% 19 288112 1089 20%
c d 89.18 806 32 11 1144 30003 7497 60% 20 287893 1088 20%
c 2 89.25 806 32 11 1144 30003 8142 60% 20 287891 1088 20%
c p 91.98 806 32 11 1144 30003 9987 60% 20 287891 1086 20%
c d 92.23 806 32 11 1144 30003 9915 60% 20 273512 1085 20%
c } 93.06 806 32 11 1150 31009 10599 61% 20 273512 1085 20%
c [ 93.06 806 32 11 1150 31009 10599 134% 26 273512 1085 20%
c 
c  seconds   reductions     redundant    irredundant
c          MB     restarts         trail        variables
c           level      conflicts        glue         remaining
c 
c - 94.18 801 30 12 1151 34165 6862 114% 25 273512 1085 20%
c B 94.68 801 30 12 1153 36022 8198 107% 25 273512 1085 20%
c ] 95.43 801 29 12 1153 37666 9118 102% 25 273512 1085 20%
c 1 95.43 801 29 12 1153 37666 9118 102% 25 273512 1085 20%
c 
c --- [ writing output ] -----------------------------------------------------
c 
c writing simplified CNF to DIMACS file 'simp/26.cubes438.adj.simp1'
c * 95.43 801 29 12 1153 37666 9118 102% 25 273512 1085 20%
c opening file to write 'simp/26.cubes438.adj.simp1'
c writing 'p cnf 5320 273512' header
c closing file 'simp/26.cubes438.adj.simp1'
c after writing 114326192 bytes 109.0 MB
c wrote 273512 clauses in 0.84 seconds process time
c 
c --- [ writing extension ] --------------------------------------------------
c 
c writing extension stack to 'simp/26.cubes438.adj.ext1'
c opening file to write 'simp/26.cubes438.adj.ext1'
c closing file 'simp/26.cubes438.adj.ext1'
c after writing 168552 bytes 0.2 MB
c wrote 7476 witnesses in 0.00 seconds process time
c 
c --- [ result ] -------------------------------------------------------------
c 
s SATISFIABLE
c 
c --- [ run-time profiling ] -------------------------------------------------
c 
c process time taken by individual solving procedures
c (percentage relative to process time for solving)
c 
c        66.44   76.77% search
c        53.51   61.82% unstable
c        20.11   23.23% simplify
c        11.88   13.73% stable
c        10.26   11.86% probe
c         8.88   10.25% parse
c         6.11    7.06% vivify
c         1.89    2.19% elim
c         0.80    0.92% lucky
c         0.25    0.29% walk
c         0.25    0.28% subsume
c         0.16    0.18% ternary
c   =================================
c        86.55   89.90% solve
c 
c last line shows process time for solving
c (percentage relative to total process time)
c 
c --- [ statistics ] ---------------------------------------------------------
c 
c chronological:              7614        20.21 %  of conflicts
c conflicts:                 37666       435.19    per second
c decisions:                122641      1416.99    per second
c eliminated:                 2723        51.18 %  of all variables
c fixed:                      1498        28.16 %  of all variables
c learned:                   36806        97.72 %  per conflict
c learned_lits:            6484728       100.00 %  learned literals
c minimized:                     0         0.00 %  learned literals
c shrunken:                3674333        56.66 %  learned literals
c minishrunken:             592207         9.13 %  learned literals
c propagations:            4938452         0.06 M  per second
c reduced:                   16814        44.64 %  per conflict
c rephased:                      8      4708.25    interval
c restarts:                   1153        32.67    interval
c stabilizing:                   3        44.23 %  of conflicts
c substituted:                  14         0.26 %  of all variables
c subsumed:                  14150         0.69 %  of all clauses
c strengthened:               7619         0.37 %  of all clauses
c ternary:                    3759         0.44 %  of resolved
c vivified:                    140         0.01 %  of all clauses
c walked:                        1     37666.00    interval
c weakened:                   5978         3.10    average size
c 
c seconds are measured in process time for solving
c 
c --- [ resources ] ----------------------------------------------------------
c 
c total process time since initialization:        96.27    seconds
c total real time since initialization:           96.31    seconds
c maximum resident set size of process:          956.53    MB
c 
c --- [ shutting down ] ------------------------------------------------------
c 
c exit 10
WARNING! DIMACS header mismatch: wrong number of variables.
============================[ Problem Statistics ]=============================
|                                                                             |
|  Number of variables:          3407                                         |
|  Number of clauses:          273516                                         |
|  Parse time:                   1.58 s                                       |
|  Simplification time:          0.03 s                                       |
|                                                                             |
============================[ Search Statistics ]====================================================
| Conflicts |          ORIGINAL         |          LEARNT          | Num Sols |      SUBGRAPHS      |
|           |    Vars  Clauses Literals |    Limit  Clauses Lit/Cl |          | Canonical Noncanon. |
=====================================================================================================
|       100 |    3329   273516 25604397 |     2000      100    148 |        0 |        13         0 |
|       250 |    3329   273516 25604397 |     2000      250    132 |        0 |        16         0 |
|       512 |    3329   273553 25605169 |     2000      512    102 |        0 |        66        37 |
|       862 |    3329   273566 25605368 |     2000      862    103 |        0 |        83        50 |
|      1411 |    3329   273609 25606397 |     2000     1411     95 |        0 |       117        93 |
|      2477 |    3329   273916 25611982 |     3603     1480     47 |        0 |       165       400 |
|      3696 |    3329   273996 25613921 |     3603     2699     72 |        0 |       195       480 |
|      5589 |    3329   274181 25617841 |     5005     2794     55 |        0 |       224       665 |
|      8176 |    3329   274206 25618579 |     6309     2885     47 |        0 |       259       690 |
|     12050 |    3329   274236 25619345 |     7557     3607     54 |        0 |       285       720 |
|     18007 |    3329   274427 25622437 |     8778     5785     74 |        0 |       348       911 |
|     26798 |    3329   274569 25624855 |    11202     5200     50 |        0 |       395      1053 |
|     39959 |    3329   274756 25628281 |    13606     6565     46 |        0 |       498      1240 |
|     59877 |    3329   275213 25636859 |    16003    12280     69 |        0 |       611      1697 |
|     89415 |    3329   275559 25643148 |    19607    16022     71 |        0 |       787      2043 |
|    133364 |    3329   275719 25645700 |    24407    17171     59 |        0 |       865      2203 |
|    199231 |    3329   275902 25649358 |    30417    16048     46 |        0 |       981      2386 |
|    298148 |    3329   276293 25655457 |    36402    32950     66 |        0 |      1163      2777 |
|    447174 |    3329   277530 25675808 |    44807    41981     71 |        0 |      1423      4014 |
|    671432 |    3329   280105 25722598 |    55613    43045     61 |        0 |      1862      6589 |
|   1006644 |    3329   282792 25781059 |    68815    39459     45 |        0 |      2473      9276 |
|   1522515 |    3329   299875 26136286 |    84435    61350     53 |        0 |      4954     26359 |
|   2292703 |    3329   321881 26610543 |   103615    84318     58 |        0 |      7548     48365 |
|   3452491 |    3329   359395 27475007 |   127631    94122     53 |        0 |     11477     85879 |
|   5145774 |    3329   369267 27681652 |   156423    90597     36 |        0 |     14682     95751 |
|   7693742 |    3329   392119 28111332 |   191219   127161     43 |        0 |     19347    118603 |
|  11496190 |    3329   406892 28399399 |   233219   226609     61 |        0 |     24085    133376 |
|  17232416 |    3293   366904 27531462 |   280387   259203     64 |        0 |     32250    188090 |
=====================================================================================================
Number of solutions   : 0
Canonical subgraphs   : 33510          (26 /sec)
          order  3    : 1              (142857 /sec)
          order  4    : 1              (500000 /sec)
          order  5    : 1              (250000 /sec)
          order  6    : 1              (55556 /sec)
          order  7    : 2              (9615 /sec)
          order  8    : 4              (2064 /sec)
          order  9    : 10             (472 /sec)
          order 10    : 50             (165 /sec)
          order 11    : 288            (59 /sec)
          order 12    : 1377           (17 /sec)
          order 13    : 5404           (16 /sec)
          order 14    : 17097          (30 /sec)
          order 15    : 9067           (29 /sec)
          order 16    : 164            (23 /sec)
          order 17    : 25             (17 /sec)
          order 18    : 12             (14 /sec)
          order 19    : 3              (19 /sec)
          order 20    : 3              (18 /sec)
          order 21    : 0              (-nan /sec)
Noncanonical subgraphs: 191610         (1005 /sec)
          order  3    : 0              (-nan /sec)
          order  4    : 0              (-nan /sec)
          order  5    : 0              (-nan /sec)
          order  6    : 0              (-nan /sec)
          order  7    : 0              (-nan /sec)
          order  8    : 0              (-nan /sec)
          order  9    : 0              (-nan /sec)
          order 10    : 0              (-nan /sec)
          order 11    : 0              (-nan /sec)
          order 12    : 0              (-nan /sec)
          order 13    : 26699          (2788 /sec)
          order 14    : 146023         (925 /sec)
          order 15    : 16973          (1309 /sec)
          order 16    : 1898           (189 /sec)
          order 17    : 12             (167 /sec)
          order 18    : 2              (75 /sec)
          order 19    : 0              (-nan /sec)
          order 20    : 0              (-nan /sec)
Canonicity checking   : 1309.9 s
Noncanonicity checking: 190.724 s
Total canonicity time : 1500.63 s
database reductions   : 245
restarts              : 27682
conflicts             : 18472027       (1942 /sec)
decisions             : 23221383       (0.00 % random) (2441 /sec)
propagations          : 992763028      (104379 /sec)
conflict literals     : 1858436125     (56.97 % deleted)
actual reward         : 0.217728
Memory used           : 501.00 MB
CPU time              : 9511.17 s

UNSATISFIABLE
