c --- [ banner ] -------------------------------------------------------------
c 
c CaDiCaL Radically Simplified CDCL SAT Solver
c Copyright (c) 2016-2021 A. Biere, M. Fleury, N. Froleyks
c 
c Version 1.5.2 ca9bff05c11bde5eae4912f9932871d1527e61d8
c g++ (GCC) 9.3.0 -Wall -Wextra -O3 -DNDEBUG
c Sun May 1 02:23:23 EDT 2022 Linux gra-login1 3.10.0-1160.59.1.el7.x86_64 x86_64
c 
c --- [ limit ] --------------------------------------------------------------
c 
c setting conflict limit to 200000 conflicts (due to '200000')
c 
c --- [ parsing input ] ------------------------------------------------------
c 
c reading DIMACS file from '26.cubes142.adj'
c opening file to read '26.cubes142.adj'
c found 'p cnf 5320 924207' header
c parsed 924207 clauses in 8.76 seconds process time
c closing file '26.cubes142.adj'
c after reading 686668095 bytes 654.9 MB
c 
c --- [ options ] ------------------------------------------------------------
c 
c all options are set to their default value
c 
c --- [ solving ] ------------------------------------------------------------
c 
c time measured in process time since initialization
c 
c  seconds   reductions  redundant  irredundant
c          MB    restarts       trail      variables
c           level   conflicts       glue        remaining
c 
c *  8.76 688  0 0   0    0    0  0% 0 923580 4058 76%
c {  9.83 727  0 0   0    0    0  0% 0 923580 4058 76%
c i 10.13 729 137 0   0   11   10 48% 6 923580 4049 76%
c - 14.01 708 72 1  43  303  246 49% 29 143742 4048 76%
c i 14.16 693 68 1  43  341  277 50% 29 143742 4047 76%
c i 14.19 693 67 1  43  357  291 50% 29 143742 4046 76%
c i 14.19 693 67 1  43  359  292 50% 29 143742 4045 76%
c i 14.30 693 67 1  48  391  319 50% 29 143742 4017 76%
c i 14.47 693 68 1  54  428  354 50% 30 143742 3994 75%
c i 14.50 693 69 1  54  431  356 50% 30 143742 3993 75%
c i 14.60 693 71 1  60  483  399 50% 30 143742 3992 75%
c i 14.64 693 71 1  60  488  403 50% 30 143742 3991 75%
c i 14.76 693 52 1  60  741  541 49% 23 143742 3990 75%
c i 14.77 693 52 1  60  742  541 49% 23 143742 3989 75%
c i 14.77 693 52 1  60  743  541 49% 23 143742 3988 75%
c i 14.77 693 52 1  60  744  541 49% 23 143742 3987 75%
c i 14.78 693 52 1  60  745  541 49% 23 143742 3986 75%
c i 15.16 693 53 1  72  865  639 50% 24 143742 3985 75%
c i 15.16 693 53 1  72  867  640 50% 24 143742 3984 75%
c i 15.19 693 55 1  72  920  653 49% 23 143742 3983 75%
c 
c  seconds   reductions  redundant   irredundant
c          MB    restarts       trail       variables
c           level   conflicts       glue         remaining
c 
c - 15.47 740 52 2  72  998  552 49% 22 127866 3983 75%
c } 15.47 740 52 2  72 1000  553 49% 22 127866 3983 75%
c [ 15.48 740  0 2  72 1000  553  0% 0 127866 3983 75%
c O 15.48 740  8 2  72 1003  553 35% 8 127866 3983 75%
c i 15.48 740  8 2  72 1003  553 35% 8 127866 3963 74%
c i 15.48 740  6 2  72 1004  553 33% 6 127866 3944 74%
c i 15.53 740  9 2  72 1017  562 39% 7 127866 3943 74%
c i 15.68 740 16 2  72 1225  712 56% 13 127866 3942 74%
c i 15.69 740 16 2  72 1263  744 57% 13 127866 3941 74%
c i 15.72 740 16 2  72 1345  811 57% 13 127866 3940 74%
c i 15.74 740 16 2  72 1423  855 58% 13 127866 3939 74%
c i 15.75 740 16 2  72 1439  862 58% 13 127866 3938 74%
c i 15.78 740 16 2  72 1493  890 58% 13 127866 3937 74%
c i 15.79 740 16 2  72 1511  903 57% 13 127866 3936 74%
c i 15.84 740 17 2  72 1677 1037 58% 14 127866 3935 74%
c i 15.85 740 17 2  72 1699 1052 58% 14 127866 3934 74%
c i 15.90 740 17 2  72 1847 1149 58% 14 127866 3933 74%
c - 16.11 737 17 3  72 1994  998 58% 14 127313 3933 74%
c i 16.24 737 17 3  73 2173 1113 58% 14 127313 3932 74%
c i 16.39 737 17 3  73 2571 1385 58% 14 127313 3931 74%
c 
c  seconds   reductions  redundant   irredundant
c          MB    restarts       trail       variables
c           level   conflicts       glue         remaining
c 
c i 16.42 737 17 3  73 2643 1424 58% 15 127313 3930 74%
c i 16.42 737 17 3  73 2646 1426 58% 14 127313 3929 74%
c i 16.52 737 17 3  73 2902 1593 58% 15 127313 3928 74%
c ] 16.57 737 18 3  73 3001 1646 57% 15 127313 3928 74%
c { 16.57 737 52 3  73 3001 1646 49% 22 127313 3928 74%
c F 16.73 710 52 3  73 3007 1650  9% 22 127298 3928 74%
c i 16.81 710 51 3  73 3039 1669 19% 22 127298 3927 74%
c i 16.83 710 52 3  73 3059 1686 19% 22 127298 3926 74%
c i 16.89 710 53 3  78 3080 1704 25% 22 127298 3925 74%
c i 16.92 710 53 3  78 3094 1711 25% 22 127298 3924 74%
c i 17.14 710 50 3  81 3292 1874 33% 21 127298 3923 74%
c - 17.27 667 50 4  81 3323 1367 33% 21 127283 3923 74%
c i 17.43 667 50 4  83 3393 1429 34% 21 127283 3922 74%
c i 17.83 667 53 4 119 3589 1554 33% 25 127283 3921 74%
c i 17.89 667 53 4 121 3611 1571 33% 25 127283 3920 74%
c i 18.12 667 55 4 137 3690 1636 33% 25 127283 3919 74%
c i 18.18 667 55 4 139 3703 1646 33% 26 127283 3918 74%
c i 18.39 667 53 4 161 3947 1807 34% 25 127283 3917 74%
c - 18.83 667 42 5 164 4980 1723 37% 22 127265 3917 74%
c 2 19.06 668 41 5 164 5000 3711 37% 22 127157 3911 74%
c 
c  seconds   reductions   redundant   irredundant
c          MB    restarts        trail       variables
c           level   conflicts        glue         remaining
c 
c p 20.79 667 41 5 164 5000 11627 37% 22 127157 3822 72%
c d 20.96 668 41 5 164 5000 10605 37% 22 122578 3810 72%
c # 21.83 667 39 5 204 6009 11313 37% 21 122578 3810 72%
c - 22.35 667 35 6 204 6970 2417 37% 20 122578 3810 72%
c } 22.37 668 35 6 204 7002 2439 37% 20 122578 3810 72%
c [ 22.37 668 18 6 204 7002 2439 78% 15 122578 3810 72%
c - 22.95 668 20 7 206 9255 2612 57% 17 122578 3810 72%
c I 23.18 668 22 7 206 10010 3061 55% 18 122578 3810 72%
c - 24.43 668 28 8 208 11868 3195 50% 23 122578 3810 72%
c - 25.36 668 32 9 209 14806 3638 47% 27 122578 3810 72%
c 2 25.47 668 33 9 209 15001 5654 47% 27 122574 3810 72%
c p 26.35 668 33 9 209 15001 12524 47% 27 122574 3810 72%
c ] 26.42 668 33 9 209 15006 12526 47% 27 122574 3810 72%
c { 26.42 668 35 9 209 15006 12526 37% 20 122574 3810 72%
c B 26.45 668 35 9 209 15014 12534 37% 20 122574 3810 72%
c s 26.90 668 33 9 220 15662 12679 38% 19 120914 3810 72%
c v 27.81 668 33 9 220 15662 12679 38% 19 120874 3810 72%
c t 27.87 668 33 9 220 15662 12636 38% 19 120825 3810 72%
c e 28.24 671 33 9 220 15662 6073 38% 19 115505 1015 19%
c s 28.33 671 33 9 220 15662 6072 38% 19 115423 1015 19%
c 
c  seconds   reductions    redundant   irredundant
c          MB     restarts        trail       variables
c           level     conflicts       glue         remaining
c 
c - 29.47 671 28 10 220 18071 4094 65% 18 115423 1015 19%
c W 30.91 671 27 10 350 21016 6012 63% 18 115423 1015 19%
c - 31.06 671 27 11 350 21576 4158 62% 17 115423 1015 19%
c } 31.12 671 26 11 350 21821 4267 62% 17 115423 1015 19%
c 1 31.12 671 26 11 350 21821 4267 62% 17 115423 1015 19%
c 
c --- [ writing output ] -----------------------------------------------------
c 
c writing simplified CNF to DIMACS file 'simp/26.cubes142.adj.simp1'
c * 31.12 671 26 11 350 21821 4267 62% 17 115423 1015 19%
c opening file to write 'simp/26.cubes142.adj.simp1'
c writing 'p cnf 5320 115423' header
c closing file 'simp/26.cubes142.adj.simp1'
c after writing 40330640 bytes 38.5 MB
c wrote 115423 clauses in 0.30 seconds process time
c 
c --- [ writing extension ] --------------------------------------------------
c 
c writing extension stack to 'simp/26.cubes142.adj.ext1'
c opening file to write 'simp/26.cubes142.adj.ext1'
c closing file 'simp/26.cubes142.adj.ext1'
c after writing 162073 bytes 0.2 MB
c wrote 7364 witnesses in 0.00 seconds process time
c 
c --- [ result ] -------------------------------------------------------------
c 
s SATISFIABLE
c 
c --- [ run-time profiling ] -------------------------------------------------
c 
c process time taken by individual solving procedures
c (percentage relative to process time for solving)
c 
c        17.56   78.53% search
c        12.16   54.37% unstable
c         8.76   39.15% parse
c         4.80   21.47% simplify
c         4.21   18.84% stable
c         2.60   11.64% probe
c         1.07    4.80% lucky
c         0.95    4.23% vivify
c         0.64    2.88% elim
c         0.18    0.82% subsume
c         0.12    0.52% walk
c         0.06    0.29% ternary
c   =================================
c        22.37   71.17% solve
c 
c last line shows process time for solving
c (percentage relative to total process time)
c 
c --- [ statistics ] ---------------------------------------------------------
c 
c chronological:              3996        18.31 %  of conflicts
c conflicts:                 21821       975.67    per second
c decisions:                 51038      2282.03    per second
c eliminated:                 2795        52.54 %  of all variables
c fixed:                      1492        28.05 %  of all variables
c learned:                   21367        97.92 %  per conflict
c learned_lits:            3985371       100.00 %  learned literals
c minimized:                     0         0.00 %  learned literals
c shrunken:                2495205        62.61 %  learned literals
c minishrunken:             349934         8.78 %  learned literals
c propagations:            4035713         0.18 M  per second
c reduced:                    9977        45.72 %  per conflict
c rephased:                      6      3636.83    interval
c restarts:                    350        62.35    interval
c stabilizing:                   2        45.85 %  of conflicts
c substituted:                  18         0.34 %  of all variables
c subsumed:                   9275         0.47 %  of all clauses
c strengthened:              11100         0.56 %  of all clauses
c ternary:                    3855         0.47 %  of resolved
c vivified:                     54         0.00 %  of all clauses
c walked:                        1     21821.00    interval
c weakened:                   5872         2.92    average size
c 
c seconds are measured in process time for solving
c 
c --- [ resources ] ----------------------------------------------------------
c 
c total process time since initialization:        31.43    seconds
c total real time since initialization:           31.54    seconds
c maximum resident set size of process:          784.15    MB
c 
c --- [ shutting down ] ------------------------------------------------------
c 
c exit 10
WARNING! DIMACS header mismatch: wrong number of variables.
============================[ Problem Statistics ]=============================
|                                                                             |
|  Number of variables:          3677                                         |
|  Number of clauses:          115427                                         |
|  Parse time:                   0.64 s                                       |
|  Simplification time:          0.01 s                                       |
|                                                                             |
============================[ Search Statistics ]====================================================
| Conflicts |          ORIGINAL         |          LEARNT          | Num Sols |      SUBGRAPHS      |
|           |    Vars  Clauses Literals |    Limit  Clauses Lit/Cl |          | Canonical Noncanon. |
=====================================================================================================
|       100 |    3594   115427  9162691 |     2000      100     95 |        0 |        21         0 |
|       259 |    3594   115436  9162928 |     2000      259     93 |        0 |        37         9 |
|       487 |    3594   115439  9163019 |     2000      487     96 |        0 |        53        12 |
|       934 |    3594   115549  9165225 |     2000      934     82 |        0 |        79       122 |
|      2089 |    3594   116198  9175084 |     3603     1092     22 |        0 |       288       771 |
|      2877 |    3594   116227  9175796 |     3603     1880     53 |        0 |       318       800 |
|      4044 |    3594   116255  9176472 |     3603     3047     72 |        0 |       338       828 |
|      5783 |    3594   116286  9177036 |     5004     2987     60 |        0 |       344       859 |
|      8417 |    3594   116358  9178342 |     6307     3124     55 |        0 |       373       931 |
|     12307 |    3594   116404  9179167 |     7559     3866     57 |        0 |       458       977 |
|     18139 |    3594   116470  9180347 |     8780     5919     64 |        0 |       541      1043 |
|     27655 |    3594   117337  9195755 |    11202     6057     45 |        0 |       863      1910 |
|     42254 |    3594   118962  9225909 |    13608     8862     57 |        0 |      1282      3535 |
|     63759 |    3594   121006  9261254 |    17205     8164     32 |        0 |      2072      5579 |
|     94949 |    3594   123004  9296316 |    20812    11761     43 |        0 |      2720      7577 |
|    141504 |    3594   125770  9336843 |    25608    13112     36 |        0 |      3415     10343 |
|    208520 |    3594   127102  9358914 |    30421    25341     67 |        0 |      3951     11675 |
|    311858 |    3594   131914  9425789 |    37628    28486     59 |        0 |      5020     16487 |
|    474784 |    3594   147051  9637630 |    47221    24205     40 |        0 |      6328     31624 |
|    700343 |    3594   150927  9708499 |    56815    44158     63 |        0 |      7146     35500 |
|   1053632 |    3555   130172  8434235 |    54426    36458     65 |        0 |     10720     56264 |
|   1565381 |    3541    86692  6566390 |    83808    60189     75 |        0 |     14656     69225 |
=====================================================================================================
Number of solutions   : 0
Canonical subgraphs   : 16299          (91 /sec)
          order  3    : 1              (200000 /sec)
          order  4    : 1              (500000 /sec)
          order  5    : 1              (250000 /sec)
          order  6    : 1              (58824 /sec)
          order  7    : 2              (9852 /sec)
          order  8    : 6              (2592 /sec)
          order  9    : 24             (815 /sec)
          order 10    : 105            (276 /sec)
          order 11    : 559            (146 /sec)
          order 12    : 2622           (119 /sec)
          order 13    : 7607           (96 /sec)
          order 14    : 5063           (73 /sec)
          order 15    : 248            (59 /sec)
          order 16    : 30             (51 /sec)
          order 17    : 8              (59 /sec)
          order 18    : 7              (56 /sec)
          order 19    : 7              (53 /sec)
          order 20    : 7              (50 /sec)
          order 21    : 0              (-nan /sec)
Noncanonical subgraphs: 72830          (1429 /sec)
          order  3    : 0              (-nan /sec)
          order  4    : 0              (-nan /sec)
          order  5    : 0              (-nan /sec)
          order  6    : 0              (-nan /sec)
          order  7    : 0              (-nan /sec)
          order  8    : 0              (-nan /sec)
          order  9    : 0              (-nan /sec)
          order 10    : 0              (-nan /sec)
          order 11    : 0              (-nan /sec)
          order 12    : 0              (-nan /sec)
          order 13    : 35932          (2837 /sec)
          order 14    : 35702          (999 /sec)
          order 15    : 1160           (497 /sec)
          order 16    : 29             (364 /sec)
          order 17    : 0              (-nan /sec)
          order 18    : 0              (-nan /sec)
          order 19    : 0              (-nan /sec)
          order 20    : 0              (-nan /sec)
Canonicity checking   : 180.062 s
Noncanonicity checking: 50.9638 s
Total canonicity time : 231.026 s
database reductions   : 74
restarts              : 3433
conflicts             : 1773376        (2535 /sec)
decisions             : 2276462        (0.00 % random) (3254 /sec)
propagations          : 97766255       (139737 /sec)
conflict literals     : 178686685      (55.01 % deleted)
actual reward         : 0.223690
Memory used           : 156.00 MB
CPU time              : 699.646 s

UNSATISFIABLE
