c --- [ banner ] -------------------------------------------------------------
c 
c CaDiCaL Radically Simplified CDCL SAT Solver
c Copyright (c) 2016-2021 A. Biere, M. Fleury, N. Froleyks
c 
c Version 1.5.2 ca9bff05c11bde5eae4912f9932871d1527e61d8
c g++ (GCC) 9.3.0 -Wall -Wextra -O3 -DNDEBUG
c Sun May 1 02:23:23 EDT 2022 Linux gra-login1 3.10.0-1160.59.1.el7.x86_64 x86_64
c 
c --- [ limit ] --------------------------------------------------------------
c 
c setting conflict limit to 200000 conflicts (due to '200000')
c 
c --- [ parsing input ] ------------------------------------------------------
c 
c reading DIMACS file from '26.cubes215.adj'
c opening file to read '26.cubes215.adj'
c found 'p cnf 5320 924209' header
c parsed 924209 clauses in 8.78 seconds process time
c closing file '26.cubes215.adj'
c after reading 686668110 bytes 654.9 MB
c 
c --- [ options ] ------------------------------------------------------------
c 
c all options are set to their default value
c 
c --- [ solving ] ------------------------------------------------------------
c 
c time measured in process time since initialization
c 
c  seconds   reductions  redundant  irredundant
c          MB    restarts       trail      variables
c           level   conflicts       glue        remaining
c 
c *  8.78 687  0 0   0    0    0  0% 0 923580 4046 76%
c {  9.77 722  0 0   0    0    0  0% 0 923580 4046 76%
c i  9.99 724 46 0   0   14   13 47% 1 923580 3998 75%
c i 11.08 739 67 0  15   74   55 39% 17 923580 3995 75%
c i 11.31 742 87 0  20   91   71 42% 37 923580 3994 75%
c i 11.46 742 63 0  25  147  103 39% 24 923580 3993 75%
c i 11.62 744 61 0  25  162  112 38% 23 923580 3978 75%
c i 11.64 744 63 0  25  165  114 39% 23 923580 3976 75%
c i 11.67 744 64 0  25  167  115 39% 22 923580 3975 75%
c i 11.82 745 67 0  25  174  120 39% 23 923580 3973 75%
c i 11.97 746 70 0  26  185  130 40% 26 923580 3956 74%
c i 12.04 746 71 0  26  187  131 40% 26 923580 3955 74%
c i 12.56 749 67 0  38  258  177 42% 27 923580 3954 74%
c i 12.57 749 67 0  38  259  177 42% 27 923580 3953 74%
c i 12.57 749 67 0  38  260  177 42% 27 923580 3952 74%
c i 12.61 749 67 0  38  266  182 42% 27 923580 3951 74%
c i 12.62 749 68 0  38  267  182 42% 27 923580 3950 74%
c i 12.64 749 69 0  38  274  186 43% 27 923580 3947 74%
c i 12.66 749 71 0  39  282  193 43% 28 923580 3946 74%
c - 14.56 718 72 1  45  304  202 44% 30 184152 3946 74%
c 
c  seconds   reductions  redundant   irredundant
c          MB    restarts       trail       variables
c           level   conflicts       glue         remaining
c 
c i 14.74 701 72 1  48  316  212 44% 29 184152 3945 74%
c i 14.80 701 71 1  48  321  216 44% 29 184152 3944 74%
c i 14.90 701 69 1  50  347  238 45% 30 184152 3943 74%
c i 14.93 701 68 1  50  362  248 45% 29 184152 3942 74%
c i 15.03 701 66 1  50  388  270 46% 29 184152 3941 74%
c i 15.03 701 65 1  50  389  270 46% 29 184152 3940 74%
c i 15.03 701 65 1  50  390  270 46% 29 184152 3939 74%
c i 15.06 701 63 1  50  421  292 47% 28 184152 3938 74%
c i 15.11 701 58 1  50  494  343 48% 28 184152 3937 74%
c i 15.12 701 57 1  50  503  350 48% 28 184152 3936 74%
c i 15.12 701 57 1  50  505  348 48% 28 184152 3935 74%
c i 15.12 701 56 1  50  527  367 48% 28 184152 3934 74%
c i 15.17 701 53 1  50  614  435 49% 27 184152 3933 74%
c i 15.21 701 52 1  50  661  476 49% 27 184152 3932 74%
c i 15.24 701 50 1  50  699  505 49% 26 184152 3931 74%
c i 15.28 701 49 1  50  742  539 50% 26 184152 3930 74%
c i 15.28 701 48 1  50  753  547 50% 26 184152 3929 74%
c i 15.32 701 47 1  50  781  571 50% 25 184152 3928 74%
c i 15.72 701 53 1  60  864  643 50% 26 184152 3927 74%
c i 15.90 701 55 1  65  884  662 50% 27 184152 3926 74%
c 
c  seconds   reductions  redundant   irredundant
c          MB    restarts       trail       variables
c           level   conflicts       glue         remaining
c 
c i 16.07 701 55 1  71  920  689 49% 26 184152 3925 74%
c i 16.16 701 55 1  74  933  700 49% 27 184152 3924 74%
c i 16.30 701 56 1  83  969  730 49% 27 184152 3923 74%
c i 16.41 701 56 1  88  989  745 49% 27 184152 3922 74%
c } 16.47 701 56 1  91 1000  756 50% 28 184152 3922 74%
c [ 16.47 701  0 1  91 1000  756  0% 0 184152 3922 74%
c O 16.48 701 31 1  91 1002  757 36% 7 184152 3922 74%
c i 16.48 701 31 1  91 1002  757 36% 7 184152 3901 73%
c i 16.61 701 17 1  91 1028  776 42% 13 184152 3900 73%
c i 16.64 701 21 1  91 1036  778 44% 18 184152 3899 73%
c i 16.64 701 21 1  91 1037  778 45% 18 184152 3898 73%
c i 16.65 701 22 1  91 1041  781 45% 19 184152 3897 73%
c i 16.66 701 23 1  91 1048  787 46% 20 184152 3896 73%
c i 16.67 701 24 1  91 1055  789 47% 21 184152 3895 73%
c - 17.00 769 26 2  91 1063  715 48% 22 183795 3895 73%
c i 17.02 769 26 2  91 1066  717 48% 22 183795 3894 73%
c i 17.04 769 28 2  91 1082  726 49% 25 183795 3893 73%
c i 17.06 769 29 2  91 1115  742 51% 26 183795 3892 73%
c i 17.08 769 28 2  91 1148  757 51% 26 183795 3891 73%
c i 17.08 769 28 2  91 1149  757 52% 25 183795 3890 73%
c 
c  seconds   reductions  redundant   irredundant
c          MB    restarts       trail       variables
c           level   conflicts       glue         remaining
c 
c i 17.08 769 28 2  91 1150  757 52% 25 183795 3889 73%
c i 17.08 769 28 2  91 1153  759 52% 25 183795 3888 73%
c i 17.09 769 27 2  91 1158  762 51% 24 183795 3887 73%
c i 17.13 769 25 2  91 1323  838 53% 23 183795 3886 73%
c i 17.14 769 25 2  91 1324  838 53% 22 183795 3885 73%
c i 17.15 769 25 2  91 1354  861 53% 22 183795 3884 73%
c i 17.18 769 26 2  91 1503  942 54% 23 183795 3883 73%
c i 17.21 769 26 2  91 1658 1041 54% 23 183795 3882 73%
c ] 17.24 769 25 2  91 1814 1122 55% 23 183795 3882 73%
c 1 17.24 769 25 2  91 1814 1122 55% 23 183795 3882 73%
c 
c --- [ writing output ] -----------------------------------------------------
c 
c writing simplified CNF to DIMACS file 'simp/26.cubes215.adj.simp1'
c * 17.24 769 25 2  91 1814 1122 55% 23 183795 3882 73%
c opening file to write 'simp/26.cubes215.adj.simp1'
c writing 'p cnf 5320 183757' header
c closing file 'simp/26.cubes215.adj.simp1'
c after writing 73007206 bytes 69.6 MB
c wrote 183757 clauses in 0.57 seconds process time
c 
c --- [ writing extension ] --------------------------------------------------
c 
c writing extension stack to 'simp/26.cubes215.adj.ext1'
c opening file to write 'simp/26.cubes215.adj.ext1'
c closing file 'simp/26.cubes215.adj.ext1'
c after writing 20662 bytes 0.0 MB
c wrote 1438 witnesses in 0.00 seconds process time
c 
c --- [ result ] -------------------------------------------------------------
c 
s SATISFIABLE
c 
c --- [ run-time profiling ] -------------------------------------------------
c 
c process time taken by individual solving procedures
c (percentage relative to process time for solving)
c 
c         8.78  103.78% parse
c         8.46  100.00% search
c         6.70   79.20% unstable
c         0.99   11.74% lucky
c         0.77    9.06% stable
c         0.00    0.00% simplify
c   =================================
c         8.46   47.49% solve
c 
c last line shows process time for solving
c (percentage relative to total process time)
c 
c --- [ statistics ] ---------------------------------------------------------
c 
c chronological:               546        30.10 %  of conflicts
c conflicts:                  1814       214.42    per second
c decisions:                 13729      1622.79    per second
c fixed:                      1438        27.03 %  of all variables
c learned:                    1776        97.91 %  per conflict
c learned_lits:             292292       100.00 %  learned literals
c minimized:                     0         0.00 %  learned literals
c shrunken:                 208353        71.28 %  learned literals
c minishrunken:               9337         3.19 %  learned literals
c propagations:             441608         0.05 M  per second
c reduced:                      81         4.47 %  per conflict
c rephased:                      1      1814.00    interval
c restarts:                     91        19.93    interval
c stabilizing:                   1        44.87 %  of conflicts
c subsumed:                    496         0.03 %  of all clauses
c 
c seconds are measured in process time for solving
c 
c --- [ resources ] ----------------------------------------------------------
c 
c total process time since initialization:        17.81    seconds
c total real time since initialization:           17.93    seconds
c maximum resident set size of process:          768.61    MB
c 
c --- [ shutting down ] ------------------------------------------------------
c 
c exit 10
c --- [ banner ] -------------------------------------------------------------
c 
c CaDiCaL Radically Simplified CDCL SAT Solver
c Copyright (c) 2016-2021 A. Biere, M. Fleury, N. Froleyks
c 
c Version 1.5.2 ca9bff05c11bde5eae4912f9932871d1527e61d8
c g++ (GCC) 9.3.0 -Wall -Wextra -O3 -DNDEBUG
c Sun May 1 02:23:23 EDT 2022 Linux gra-login1 3.10.0-1160.59.1.el7.x86_64 x86_64
c 
c --- [ limit ] --------------------------------------------------------------
c 
c setting conflict limit to 200000 conflicts (due to '200000')
c 
c --- [ parsing input ] ------------------------------------------------------
c 
c reading DIMACS file from 'simp/26.cubes215.adj.simp1'
c opening file to read 'simp/26.cubes215.adj.simp1'
c found 'p cnf 5320 183757' header
c parsed 183757 clauses in 0.94 seconds process time
c closing file 'simp/26.cubes215.adj.simp1'
c after reading 73007206 bytes 69.6 MB
c 
c --- [ options ] ------------------------------------------------------------
c 
c all options are set to their default value
c 
c --- [ solving ] ------------------------------------------------------------
c 
c time measured in process time since initialization
c 
c  seconds  reductions  redundant  irredundant
c         MB    restarts       trail      variables
c          level   conflicts       glue        remaining
c 
c *  0.94 78  0 0   0    0    0  0% 0 183757 3850 72%
c {  1.04 87  0 0   0    0    0  0% 0 183757 3850 72%
c i  1.14 90 73 0   0   37   26 22% 2 183757 3849 72%
c i  1.81 99 65 0  28  152  114 18% 13 183757 3848 72%
c i  1.83 99 65 0  28  153  114 18% 13 183757 3847 72%
c i  1.83 99 67 0  29  157  117 18% 14 183757 3846 72%
c -  2.52 101 65 1  49  301  201 18% 16 183745 3846 72%
c i  2.65 102 64 1  56  329  225 18% 17 183745 3845 72%
c i  2.78 102 67 1  64  358  251 19% 18 183745 3844 72%
c i  2.86 102 69 1  72  389  277 19% 21 183745 3843 72%
c i  2.91 102 69 1  77  413  297 20% 21 183745 3842 72%
c i  3.02 102 72 1  86  456  331 20% 24 183745 3841 72%
c i  3.14 103 71 1  90  469  342 20% 24 183745 3840 72%
c i  3.89 104 69 1 124  656  497 20% 25 183745 3839 72%
c i  3.90 104 69 1 124  663  502 20% 25 183745 3838 72%
c i  3.90 104 69 1 124  666  503 20% 25 183745 3837 72%
c i  3.92 104 69 1 124  688  522 21% 24 183745 3836 72%
c i  3.92 104 69 1 124  694  527 21% 24 183745 3835 72%
c i  3.95 104 69 1 124  716  544 21% 25 183745 3834 72%
c i  4.11 104 69 1 130  755  579 21% 25 183745 3833 72%
c 
c  seconds   reductions  redundant   irredundant
c          MB    restarts       trail       variables
c           level   conflicts       glue         remaining
c 
c i  4.37 106 69 1 151  842  636 21% 26 183745 3832 72%
c }  4.61 106 64 1 161 1001  737 22% 26 183745 3832 72%
c [  4.61 106  0 1 161 1001  737  0% 0 183745 3832 72%
c O  4.61 106  1 1 161 1002  737  2% 0 183745 3832 72%
c i  4.61 106  1 1 161 1002  737  2% 0 183745 3789 71%
c i  4.69 106 46 1 161 1032  764 21% 8 183745 3788 71%
c -  5.00 168 48 2 161 1060  723 24% 16 183136 3788 71%
c i  5.18 168 27 2 161 1307  883 28% 18 183136 3787 71%
c i  5.18 168 26 2 161 1318  887 28% 18 183136 3786 71%
c i  5.22 168 24 2 161 1463  959 28% 17 183136 3785 71%
c -  5.51 168 21 3 162 2197 1081 29% 17 183127 3785 71%
c i  5.85 168 19 3 162 2988 1475 38% 16 183127 3784 71%
c ]  5.85 168 19 3 162 3002 1482 38% 16 183127 3784 71%
c {  5.85 168 64 3 162 3002 1482 31% 26 183127 3784 71%
c F  5.90 168 64 3 162 3003 1483 31% 26 183127 3784 71%
c -  7.16 168 56 4 200 3713 1548 32% 24 183124 3784 71%
c i  8.14 167 51 4 243 4520 2192 33% 24 183124 3783 71%
c d  9.07 168 48 4 262 5000 2556 33% 22 147162 3774 71%
c 2  9.12 168 48 4 262 5000 3584 33% 22 147079 3770 71%
c p 10.17 168 48 4 262 5000 8958 33% 22 147079 3714 70%
c 
c  seconds   reductions  redundant   irredundant
c          MB    restarts       trail       variables
c           level   conflicts       glue         remaining
c 
c d 10.35 168 48 4 262 5000 8654 33% 22 146634 3708 70%
c - 10.92 152 44 5 274 5607 2328 34% 21 146634 3708 70%
c # 11.04 152 41 5 274 6004 2586 34% 20 146634 3708 70%
c } 12.23 152 42 5 375 7002 3400 35% 21 146634 3708 70%
c [ 12.23 152 19 5 375 7002 3400 38% 16 146634 3708 70%
c - 12.56 152 41 6 376 7707 2861 36% 31 146634 3708 70%
c I 13.44 152 70 6 377 10007 4721 38% 54 146634 3708 70%
c - 13.57 153 72 7 377 10156 3504 38% 55 146634 3708 70%
c s 13.99 153 77 7 378 11154 4267 37% 59 144236 3708 70%
c v 15.27 153 77 7 378 11154 4267 37% 59 144122 3708 70%
c t 15.33 153 77 7 378 11154 4246 37% 59 144078 3708 70%
c e 15.80 152 77 7 378 11154 4049 37% 59 138725 947 18%
c s 15.88 152 77 7 378 11154 4049 37% 59 138228 947 18%
c - 17.14 153 78 8 379 12957 3925 61% 60 138228 947 18%
c 2 17.89 153 76 8 380 15001 5833 62% 59 138225 947 18%
c p 18.18 153 76 8 380 15001 7305 62% 59 138225 947 18%
c ] 18.22 153 76 8 380 15002 7306 62% 59 138225 947 18%
c { 18.22 153 42 8 380 15002 7306 138% 21 138225 947 18%
c B 18.26 153 42 8 381 15008 7312 138% 21 138225 947 18%
c - 18.74 153 39 9 449 16036 4286 125% 21 138225 947 18%
c 
c  seconds   reductions    redundant    irredundant
c          MB     restarts        trail        variables
c           level     conflicts        glue        remaining
c 
c - 19.56 153 33 10 492 19460 4354 102% 20 138225 947 18%
c W 20.47 153 32 10 573 21009 5506 96% 20 138225 947 18%
c - 21.56 153 31 11 693 23224 4620 90% 20 138225 947 18%
c - 23.13 153 29 12 739 27331 5414 83% 19 138225 947 18%
c F 23.39 153 28 12 743 28010 5850 83% 18 138225 947 18%
c 3 25.27 153 29 12 935 30003 7783 80% 18 138225 947 18%
c p 25.73 153 29 12 935 30003 9919 80% 18 138225 947 18%
c } 26.38 153 28 12 983 31006 10649 79% 18 138225 947 18%
c [ 26.38 153 76 12 983 31006 10649 62% 59 138225 947 18%
c - 26.88 153 72 13 983 31780 6258 61% 56 138225 947 18%
c B 29.64 153 57 13 986 36014 9256 61% 44 138225 947 18%
c - 29.87 153 56 14 986 36570 7144 62% 44 138225 947 18%
c s 30.68 153 52 14 989 39912 9659 63% 40 137444 947 18%
c v 31.72 153 52 14 989 39912 9659 63% 40 137414 947 18%
c t 31.78 153 52 14 989 39912 9659 63% 40 137413 947 18%
c e 32.21 152 52 14 989 39912 9656 63% 40 137410 944 18%
c s 32.33 152 52 14 989 39912 9656 63% 40 136595 944 18%
c - 33.36 152 49 15 989 41702 7660 63% 38 136595 944 18%
c W 34.55 152 47 15 990 45017 10053 64% 37 136595 944 18%
c - 35.14 152 45 16 991 47153 7874 64% 36 136595 944 18%
c 
c  seconds   reductions     redundant   irredundant
c          MB     restarts         trail       variables
c           level     conflicts        glue        remaining
c 
c p 36.18 152 43 16 991 50006 12619 64% 34 136595 944 18%
c - 36.99 152 41 17 991 52945 8178 64% 33 136595 944 18%
c O 37.46 152 40 17 992 55019 9619 64% 32 136595 944 18%
c - 38.33 152 38 18 995 59076 8236 64% 31 136595 944 18%
c ] 39.18 152 36 18 998 63011 10475 64% 30 136595 944 18%
c { 39.18 152 28 18 998 63011 10475 79% 18 136595 944 18%
c - 40.23 152 28 19 1146 65547 8604 77% 18 136595 944 18%
c B 40.93 152 28 19 1199 66020 8973 77% 18 136595 944 18%
c - 44.47 152 28 20 1662 72364 9598 73% 19 136595 944 18%
c p 45.39 152 27 20 1671 75009 14338 73% 18 136595 944 18%
c W 46.38 152 26 20 1690 78021 15897 72% 18 136595 944 18%
c - 46.76 151 25 21 1703 79520 9368 71% 18 136595 944 18%
c - 48.35 151 24 22 1867 87015 9253 70% 17 136595 944 18%
c # 49.25 151 23 22 1958 91023 11631 69% 17 136595 944 18%
c } 49.48 151 23 22 1960 92458 12371 69% 17 136595 944 18%
c 1 49.48 151 23 22 1960 92458 12371 69% 17 136595 944 18%
c 
c --- [ writing output ] -----------------------------------------------------
c 
c writing simplified CNF to DIMACS file 'simp/26.cubes215.adj.simp2'
c * 49.48 151 23 22 1960 92458 12371 69% 17 136595 944 18%
c opening file to write 'simp/26.cubes215.adj.simp2'
c writing 'p cnf 5320 136595' header
c closing file 'simp/26.cubes215.adj.simp2'
c after writing 49276833 bytes 47.0 MB
c wrote 136595 clauses in 0.38 seconds process time
c 
c --- [ writing extension ] --------------------------------------------------
c 
c writing extension stack to 'simp/26.cubes215.adj.ext2'
c opening file to write 'simp/26.cubes215.adj.ext2'
c closing file 'simp/26.cubes215.adj.ext2'
c after writing 146371 bytes 0.1 MB
c wrote 6103 witnesses in 0.00 seconds process time
c 
c --- [ result ] -------------------------------------------------------------
c 
s SATISFIABLE
c 
c --- [ run-time profiling ] -------------------------------------------------
c 
c process time taken by individual solving procedures
c (percentage relative to process time for solving)
c 
c        41.00   84.45% search
c        25.73   53.00% unstable
c        14.48   29.82% stable
c         7.55   15.55% simplify
c         2.40    4.95% vivify
c         2.35    4.84% probe
c         1.70    3.50% elim
c         0.94    1.93% parse
c         0.69    1.43% walk
c         0.40    0.83% subsume
c         0.14    0.29% ternary
c         0.10    0.21% lucky
c   =================================
c        48.55   97.36% solve
c 
c last line shows process time for solving
c (percentage relative to total process time)
c 
c --- [ statistics ] ---------------------------------------------------------
c 
c chronological:             16928        18.31 %  of conflicts
c conflicts:                 92458      1904.50    per second
c decisions:                191803      3950.86    per second
c eliminated:                 2764        51.95 %  of all variables
c fixed:                       127         2.39 %  of all variables
c learned:                   90403        97.78 %  per conflict
c learned_lits:           15865434       100.00 %  learned literals
c minimized:                     0         0.00 %  learned literals
c shrunken:                9580969        60.39 %  learned literals
c minishrunken:            1158125         7.30 %  learned literals
c propagations:            7426723         0.15 M  per second
c reduced:                   49766        53.83 %  per conflict
c rephased:                     13      7112.15    interval
c restarts:                   1960        47.17    interval
c stabilizing:                   3        45.43 %  of conflicts
c substituted:                  15         0.28 %  of all variables
c subsumed:                  33005         5.29 %  of all clauses
c strengthened:               9456         1.51 %  of all clauses
c ternary:                    2830         0.53 %  of resolved
c vivified:                    189         0.03 %  of all clauses
c walked:                        3     30819.33    interval
c weakened:                   5976         2.98    average size
c 
c seconds are measured in process time for solving
c 
c --- [ resources ] ----------------------------------------------------------
c 
c total process time since initialization:        49.87    seconds
c total real time since initialization:           50.04    seconds
c maximum resident set size of process:          229.32    MB
c 
c --- [ shutting down ] ------------------------------------------------------
c 
c exit 10
WARNING! DIMACS header mismatch: wrong number of variables.
============================[ Problem Statistics ]=============================
|                                                                             |
|  Number of variables:          2943                                         |
|  Number of clauses:          136599                                         |
|  Parse time:                   0.67 s                                       |
|  Simplification time:          0.01 s                                       |
|                                                                             |
============================[ Search Statistics ]====================================================
| Conflicts |          ORIGINAL         |          LEARNT          | Num Sols |      SUBGRAPHS      |
|           |    Vars  Clauses Literals |    Limit  Clauses Lit/Cl |          | Canonical Noncanon. |
=====================================================================================================
|       106 |    2860   136605 11048763 |     2000      106    114 |        0 |        15         6 |
|       258 |    2860   136607 11048825 |     2000      258     88 |        0 |        26         8 |
|       499 |    2860   136623 11049076 |     2000      499     76 |        0 |        56        24 |
|       847 |    2860   136634 11049309 |     2000      847     85 |        0 |        61        35 |
|      1357 |    2860   136638 11049360 |     2000     1357     95 |        0 |        63        39 |
|      2144 |    2860   136666 11049914 |     3599     1143     67 |        0 |        90        67 |
|      3297 |    2860   136680 11050249 |     3599     2296     80 |        0 |        98        81 |
|      5044 |    2860   136719 11051253 |     5000     2244     65 |        0 |       132       120 |
|      7635 |    2860   136748 11051852 |     5000     4835     84 |        0 |       161       149 |
|     11563 |    2860   136832 11054359 |     6303     6266     87 |        0 |       228       233 |
|     17427 |    2860   136930 11056979 |     8779     5206     69 |        0 |       288       331 |
|     26230 |    2860   137084 11060485 |     9991     9621     82 |        0 |       399       485 |
|     39635 |    2860   137515 11068699 |    13611     6246     42 |        0 |       561       916 |
|     59525 |    2860   137944 11078879 |    16005    11930     63 |        0 |       746      1345 |
|     89224 |    2860   138451 11088141 |    19606    15830     64 |        0 |      1013      1852 |
|    133303 |    2860   138741 11093799 |    24409    17112     52 |        0 |      1109      2142 |
|    199496 |    2860   139250 11102305 |    30412    16308     40 |        0 |      1215      2651 |
|    298271 |    2860   139499 11107926 |    36414    33085     61 |        0 |      1431      2900 |
|    447147 |    2860   140586 11130877 |    44817    41964     61 |        0 |      1957      3987 |
|    669900 |    2860   141656 11160389 |    55616    41516     56 |        0 |      2711      5057 |
|   1008105 |    2860   147336 11256797 |    68824    40929     42 |        0 |      3563     10737 |
|   1516859 |    2860   157302 11410350 |    84417    55676     47 |        0 |      6016     20703 |
|   2267796 |    2860   160057 11474932 |   103631    59427     41 |        0 |      7973     23458 |
|   3395584 |    2860   165571 11593551 |   126425   100409     59 |        0 |     10534     28972 |
|   5098981 |    2829   127037  9429055 |   152128   118309     71 |        0 |     17215     48958 |
=====================================================================================================
Number of solutions   : 0
Canonical subgraphs   : 25350          (38 /sec)
          order  3    : 1              (166667 /sec)
          order  4    : 1              (500000 /sec)
          order  5    : 1              (200000 /sec)
          order  6    : 1              (52632 /sec)
          order  7    : 2              (9804 /sec)
          order  8    : 4              (2057 /sec)
          order  9    : 8              (396 /sec)
          order 10    : 32             (115 /sec)
          order 11    : 128            (34 /sec)
          order 12    : 594            (28 /sec)
          order 13    : 2969           (34 /sec)
          order 14    : 15163          (41 /sec)
          order 15    : 5046           (36 /sec)
          order 16    : 811            (32 /sec)
          order 17    : 348            (31 /sec)
          order 18    : 107            (34 /sec)
          order 19    : 68             (39 /sec)
          order 20    : 66             (38 /sec)
          order 21    : 0              (-nan /sec)
Noncanonical subgraphs: 100568         (493 /sec)
          order  3    : 0              (-nan /sec)
          order  4    : 0              (-nan /sec)
          order  5    : 0              (-nan /sec)
          order  6    : 0              (-nan /sec)
          order  7    : 0              (-nan /sec)
          order  8    : 0              (-nan /sec)
          order  9    : 0              (-nan /sec)
          order 10    : 0              (-nan /sec)
          order 11    : 0              (-nan /sec)
          order 12    : 0              (-nan /sec)
          order 13    : 7228           (12615 /sec)
          order 14    : 39866          (2260 /sec)
          order 15    : 53206          (292 /sec)
          order 16    : 174            (144 /sec)
          order 17    : 3              (436 /sec)
          order 18    : 1              (481 /sec)
          order 19    : 0              (-nan /sec)
          order 20    : 0              (-nan /sec)
Canonicity checking   : 666.095 s
Noncanonicity checking: 204.171 s
Total canonicity time : 870.266 s
database reductions   : 154
restarts              : 12282
conflicts             : 7407177        (2420 /sec)
decisions             : 9296973        (0.00 % random) (3037 /sec)
propagations          : 388177615      (126820 /sec)
conflict literals     : 687729517      (56.18 % deleted)
actual reward         : 0.247630
Memory used           : 250.00 MB
CPU time              : 3060.86 s

UNSATISFIABLE
