c --- [ banner ] -------------------------------------------------------------
c 
c CaDiCaL Radically Simplified CDCL SAT Solver
c Copyright (c) 2016-2021 A. Biere, M. Fleury, N. Froleyks
c 
c Version 1.5.2 ca9bff05c11bde5eae4912f9932871d1527e61d8
c g++ (GCC) 9.3.0 -Wall -Wextra -O3 -DNDEBUG
c Sun May 1 02:23:23 EDT 2022 Linux gra-login1 3.10.0-1160.59.1.el7.x86_64 x86_64
c 
c --- [ limit ] --------------------------------------------------------------
c 
c setting conflict limit to 200000 conflicts (due to '200000')
c 
c --- [ parsing input ] ------------------------------------------------------
c 
c reading DIMACS file from '26.cubes524.adj'
c opening file to read '26.cubes524.adj'
c found 'p cnf 5320 924213' header
c parsed 924213 clauses in 8.95 seconds process time
c closing file '26.cubes524.adj'
c after reading 686668135 bytes 654.9 MB
c 
c --- [ options ] ------------------------------------------------------------
c 
c all options are set to their default value
c 
c --- [ solving ] ------------------------------------------------------------
c 
c time measured in process time since initialization
c 
c  seconds   reductions  redundant  irredundant
c          MB    restarts       trail      variables
c           level   conflicts       glue        remaining
c 
c *  8.95 694  0 0   0    0    0  0% 0 923580 4026 76%
c {  9.79 742  0 0   0    0    0  0% 0 923580 4026 76%
c i  9.85 743  1 0   0    1    0 27% 0 923580 4018 76%
c i  9.86 743  1 0   0    2    0 29% 0 923580 3966 75%
c i 10.51 756 66 0   0   28   22 51% 4 923580 3853 72%
c i 10.51 756 64 0   0   29   22 50% 4 923580 3831 72%
c i 12.12 768 54 0  22  130   96 46% 14 923580 3828 72%
c i 12.55 770 55 0  29  159  122 46% 14 923580 3827 72%
c i 12.63 770 54 0  32  170  131 47% 15 923580 3826 72%
c i 12.64 770 53 0  32  172  132 47% 15 923580 3825 72%
c i 13.08 773 51 0  44  217  164 47% 16 923580 3824 72%
c i 13.23 773 51 0  50  241  185 48% 17 923580 3823 72%
c i 13.28 774 50 0  52  249  192 48% 16 923580 3822 72%
c i 13.33 774 50 0  52  260  201 48% 16 923580 3821 72%
c i 13.34 774 49 0  52  264  204 48% 16 923580 3820 72%
c - 15.35 752 47 1  53  308  222 48% 17 209513 3820 72%
c i 15.42 752 46 1  53  327  239 48% 16 209513 3815 72%
c i 15.51 752 43 1  53  365  266 49% 16 209513 3811 72%
c i 16.02 753 41 1  70  550  415 49% 17 209513 3809 72%
c i 16.17 753 42 1  81  592  452 49% 18 209513 3808 72%
c 
c  seconds   reductions  redundant   irredundant
c          MB    restarts       trail       variables
c           level   conflicts       glue         remaining
c 
c i 16.59 753 51 1 103  678  529 48% 20 209513 3807 72%
c i 17.14 753 52 1 129  831  666 49% 20 209513 3806 72%
c i 17.21 753 49 1 129  950  756 50% 20 209513 3805 72%
c } 17.23 753 48 1 129 1002  800 50% 20 209513 3805 72%
c [ 17.23 753  0 1 129 1002  800  0% 0 209513 3805 72%
c O 17.24 753  5 1 129 1003  801 31% 5 209513 3805 72%
c - 17.82 761 20 2 129 1102  792 57% 16 209317 3805 72%
c i 17.95 761 19 2 129 1409 1008 56% 16 209317 3804 72%
c i 17.97 761 19 2 129 1465 1044 56% 16 209317 3803 71%
c i 17.97 761 19 2 129 1469 1046 56% 16 209317 3802 71%
c i 18.23 761 21 2 129 2034 1437 55% 17 209317 3801 71%
c - 18.50 761 22 3 130 2292 1262 55% 18 209307 3801 71%
c ] 18.94 761 21 3 130 3003 1729 35% 18 209307 3801 71%
c { 18.94 761 48 3 130 3003 1729 70% 20 209307 3801 71%
c F 18.97 761 48 3 130 3004 1730 70% 20 209307 3801 71%
c - 20.24 761 44 4 202 3879 1822 54% 21 209307 3801 71%
c i 20.75 761 44 4 230 4510 2305 49% 21 209307 3800 71%
c i 20.90 761 41 4 240 4970 2641 47% 20 209307 3799 71%
c d 21.08 761 41 4 240 5001 2668 47% 20 159431 3792 71%
c 2 21.13 761 41 4 240 5001 3810 47% 20 159343 3792 71%
c 
c  seconds   reductions  redundant   irredundant
c          MB    restarts       trail       variables
c           level   conflicts       glue         remaining
c 
c p 22.80 761 41 4 240 5001 8048 47% 20 159343 3757 71%
c d 22.96 761 41 4 240 5001 8022 47% 20 147585 3751 71%
c - 23.40 690 37 5 241 5862 2502 45% 19 147585 3751 71%
c # 23.46 690 36 5 241 6006 2615 44% 19 147585 3751 71%
c } 25.34 690 38 5 369 7006 3449 42% 19 147585 3751 71%
c [ 25.35 690 21 5 369 7006 3449 35% 18 147585 3751 71%
c - 25.69 690 22 6 370 7967 3035 36% 18 147585 3751 71%
c I 26.40 690 22 6 371 10014 4453 36% 17 147585 3751 71%
c - 26.65 691 24 7 372 10426 3415 36% 19 147585 3751 71%
c - 27.32 691 29 8 373 13232 3948 37% 24 147585 3751 71%
c 2 27.80 691 30 8 374 15004 6825 37% 25 147584 3751 71%
c p 28.39 691 30 8 374 15004 11297 37% 25 147584 3751 71%
c ] 28.44 691 30 8 374 15008 11301 37% 25 147584 3751 71%
c { 28.44 691 38 8 374 15008 11301 42% 19 147584 3751 71%
c B 28.49 691 38 8 374 15016 11308 42% 19 147584 3751 71%
c s 29.15 691 39 8 448 15684 11576 41% 20 146013 3751 71%
c v 31.13 691 39 8 448 15684 11576 41% 20 145891 3751 71%
c t 31.20 691 39 8 448 15684 11561 41% 20 145837 3751 71%
c e 31.63 691 39 8 448 15684 7326 41% 20 141030 1152 22%
c s 31.72 691 39 8 448 15684 7326 41% 20 140764 1152 22%
c 
c  seconds   reductions   redundant   irredundant
c          MB    restarts        trail       variables
c           level    conflicts       glue         remaining
c 
c - 33.28 691 41 9 594 16388 4553 52% 21 140764 1152 22%
c - 35.70 691 37 10 811 19833 4730 56% 21 140764 1152 22%
c W 37.02 691 38 10 948 21017 5676 56% 22 140764 1152 22%
c - 37.83 691 34 11 962 23624 4925 57% 20 140764 1152 22%
c - 38.85 691 30 12 964 27759 5161 58% 19 140764 1152 22%
c F 38.94 691 29 12 964 28019 5305 58% 19 140764 1152 22%
c 2 39.48 691 28 12 965 30005 7353 58% 18 140763 1152 22%
c p 40.05 691 28 12 965 30005 9409 58% 18 140763 1152 22%
c } 40.41 691 27 12 970 31008 10028 58% 18 140763 1152 22%
c [ 40.41 691 30 12 970 31008 10028 123% 25 140763 1152 22%
c ] 40.55 691 29 12 970 31535 10317 119% 25 140763 1152 22%
c 1 40.55 691 29 12 970 31535 10317 119% 25 140763 1152 22%
c 
c --- [ writing output ] -----------------------------------------------------
c 
c writing simplified CNF to DIMACS file 'simp/26.cubes524.adj.simp1'
c * 40.55 691 29 12 970 31535 10317 119% 25 140763 1152 22%
c opening file to write 'simp/26.cubes524.adj.simp1'
c writing 'p cnf 5320 140763' header
c closing file 'simp/26.cubes524.adj.simp1'
c after writing 52669334 bytes 50.2 MB
c wrote 140763 clauses in 0.39 seconds process time
c 
c --- [ writing extension ] --------------------------------------------------
c 
c writing extension stack to 'simp/26.cubes524.adj.ext1'
c opening file to write 'simp/26.cubes524.adj.ext1'
c closing file 'simp/26.cubes524.adj.ext1'
c after writing 157850 bytes 0.2 MB
c wrote 7139 witnesses in 0.00 seconds process time
c 
c --- [ result ] -------------------------------------------------------------
c 
s SATISFIABLE
c 
c --- [ run-time profiling ] -------------------------------------------------
c 
c process time taken by individual solving procedures
c (percentage relative to process time for solving)
c 
c        25.29   80.02% search
c        20.06   63.48% unstable
c         8.95   28.32% parse
c         6.31   19.98% simplify
c         4.29   13.58% stable
c         2.84    8.98% probe
c         2.03    6.41% vivify
c         0.84    2.67% lucky
c         0.78    2.48% elim
c         0.18    0.57% subsume
c         0.09    0.29% walk
c         0.08    0.25% ternary
c   =================================
c        31.60   77.18% solve
c 
c last line shows process time for solving
c (percentage relative to total process time)
c 
c --- [ statistics ] ---------------------------------------------------------
c 
c chronological:              6731        21.34 %  of conflicts
c conflicts:                 31535       997.95    per second
c decisions:                 92696      2933.44    per second
c eliminated:                 2599        48.85 %  of all variables
c fixed:                      1556        29.25 %  of all variables
c learned:                   30712        97.39 %  per conflict
c learned_lits:            4847270       100.00 %  learned literals
c minimized:                     0         0.00 %  learned literals
c shrunken:                3031824        62.55 %  learned literals
c minishrunken:             412482         8.51 %  learned literals
c propagations:            4883721         0.15 M  per second
c reduced:                   14337        45.46 %  per conflict
c rephased:                      7      4505.00    interval
c restarts:                    970        32.51    interval
c stabilizing:                   3        33.39 %  of conflicts
c substituted:                  13         0.24 %  of all variables
c subsumed:                  10932         0.55 %  of all clauses
c strengthened:               4357         0.22 %  of all clauses
c ternary:                    3366         0.46 %  of resolved
c vivified:                    135         0.01 %  of all clauses
c walked:                        1     31535.00    interval
c weakened:                   5583         3.04    average size
c 
c seconds are measured in process time for solving
c 
c --- [ resources ] ----------------------------------------------------------
c 
c total process time since initialization:        40.94    seconds
c total real time since initialization:           41.05    seconds
c maximum resident set size of process:          833.36    MB
c 
c --- [ shutting down ] ------------------------------------------------------
c 
c exit 10
WARNING! DIMACS header mismatch: wrong number of variables.
============================[ Problem Statistics ]=============================
|                                                                             |
|  Number of variables:          4281                                         |
|  Number of clauses:          140769                                         |
|  Parse time:                   0.71 s                                       |
|  Simplification time:          0.01 s                                       |
|                                                                             |
============================[ Search Statistics ]====================================================
| Conflicts |          ORIGINAL         |          LEARNT          | Num Sols |      SUBGRAPHS      |
|           |    Vars  Clauses Literals |    Limit  Clauses Lit/Cl |          | Canonical Noncanon. |
=====================================================================================================
|       123 |    4199   140792 11752930 |     2000      123     84 |        0 |        24        23 |
|       354 |    4199   140873 11754576 |     2000      354     70 |        0 |        52       104 |
|       589 |    4199   140883 11754909 |     2000      589     82 |        0 |        61       114 |
|       930 |    4199   140887 11754990 |     2000      930     79 |        0 |        80       118 |
|      1440 |    4199   140891 11755293 |     2000     1440     79 |        0 |        94       122 |
|      2244 |    4199   140936 11756072 |     3599     1243     33 |        0 |       115       167 |
|      3422 |    4199   140975 11756702 |     3599     2421     45 |        0 |       128       206 |
|      5339 |    4199   141184 11760250 |     5000     2539     45 |        0 |       225       415 |
|      7957 |    4199   141240 11761862 |     6312     2669     31 |        0 |       271       471 |
|     12024 |    4199   141463 11765964 |     7563     3587     34 |        0 |       335       694 |
|     18677 |    4199   142350 11780148 |     8783     6460     54 |        0 |       463      1581 |
|     27600 |    4199   142624 11785999 |    11201     6001     34 |        0 |       623      1855 |
|     41436 |    4199   143486 11802886 |    13608     8044     33 |        0 |      1073      2717 |
|     61546 |    4199   144135 11814767 |    16017    13963     53 |        0 |      1307      3366 |
|     91312 |    4199   144709 11825815 |    19619    17931     65 |        0 |      1563      3940 |
|    136167 |    4199   145775 11846378 |    24410    19977     61 |        0 |      2028      5006 |
|    202234 |    4199   146158 11853218 |    30411    19045     57 |        0 |      2220      5389 |
|    303130 |    4199   148528 11888237 |    37615    19745     42 |        0 |      3174      7759 |
|    451471 |    4199   149080 11899727 |    46011    23882     40 |        0 |      3491      8311 |
|    674054 |    4199   149980 11919750 |    55614    45668     63 |        0 |      3996      9211 |
|   1010330 |    4199   153731 11986741 |    68821    43151     54 |        0 |      5060     12962 |
|   1518013 |    4199   162626 12184922 |    84424    56837     61 |        0 |      6866     21857 |
|   2278476 |    4199   174907 12387337 |   103614    70090     59 |        0 |     10750     34138 |
|   3411390 |    4199   185547 12575674 |   126418   116208     74 |        0 |     13750     44778 |
|   5124088 |    4199   214834 13060714 |   155237   146525     66 |        0 |     19910     74065 |
|   7690363 |    4136    80902  6137642 |   191163    74364     56 |        0 |     31104    115224 |
=====================================================================================================
Number of solutions   : 1
Canonical subgraphs   : 34623          (27 /sec)
          order  3    : 1              (inf /sec)
          order  4    : 1              (inf /sec)
          order  5    : 1              (inf /sec)
          order  6    : 1              (inf /sec)
          order  7    : 1              (inf /sec)
          order  8    : 2              (1357 /sec)
          order  9    : 7              (352 /sec)
          order 10    : 34             (118 /sec)
          order 11    : 158            (37 /sec)
          order 12    : 1191           (18 /sec)
          order 13    : 7623           (27 /sec)
          order 14    : 18405          (29 /sec)
          order 15    : 7152           (24 /sec)
          order 16    : 37             (16 /sec)
          order 17    : 5              (24 /sec)
          order 18    : 1              (21 /sec)
          order 19    : 1              (20 /sec)
          order 20    : 1              (19 /sec)
          order 21    : 1              (2 /sec)
Noncanonical subgraphs: 128478         (1573 /sec)
          order  3    : 0              (-nan /sec)
          order  4    : 0              (-nan /sec)
          order  5    : 0              (-nan /sec)
          order  6    : 0              (-nan /sec)
          order  7    : 0              (-nan /sec)
          order  8    : 0              (-nan /sec)
          order  9    : 0              (-nan /sec)
          order 10    : 0              (-nan /sec)
          order 11    : 0              (-nan /sec)
          order 12    : 0              (-nan /sec)
          order 13    : 30520          (3307 /sec)
          order 14    : 85379          (1731 /sec)
          order 15    : 10545          (987 /sec)
          order 16    : 2029           (163 /sec)
          order 17    : 1              (166 /sec)
          order 18    : 4              (858 /sec)
          order 19    : 0              (-nan /sec)
          order 20    : 0              (-nan /sec)
Canonicity checking   : 1286.77 s
Noncanonicity checking: 81.6953 s
Total canonicity time : 1368.46 s
database reductions   : 164
restarts              : 13665
conflicts             : 8440042        (2302 /sec)
decisions             : 10622561       (0.00 % random) (2898 /sec)
propagations          : 549814410      (149986 /sec)
conflict literals     : 831644846      (56.03 % deleted)
actual reward         : 0.191057
Memory used           : 257.00 MB
CPU time              : 3665.78 s

UNSATISFIABLE
