c --- [ banner ] -------------------------------------------------------------
c 
c CaDiCaL Radically Simplified CDCL SAT Solver
c Copyright (c) 2016-2021 A. Biere, M. Fleury, N. Froleyks
c 
c Version 1.5.2 ca9bff05c11bde5eae4912f9932871d1527e61d8
c g++ (GCC) 9.3.0 -Wall -Wextra -O3 -DNDEBUG
c Sun May 1 02:23:23 EDT 2022 Linux gra-login1 3.10.0-1160.59.1.el7.x86_64 x86_64
c 
c --- [ limit ] --------------------------------------------------------------
c 
c setting conflict limit to 200000 conflicts (due to '200000')
c 
c --- [ parsing input ] ------------------------------------------------------
c 
c reading DIMACS file from '26.cubes577.adj'
c opening file to read '26.cubes577.adj'
c found 'p cnf 5320 924206' header
c parsed 924206 clauses in 7.93 seconds process time
c closing file '26.cubes577.adj'
c after reading 686668089 bytes 654.9 MB
c 
c --- [ options ] ------------------------------------------------------------
c 
c all options are set to their default value
c 
c --- [ solving ] ------------------------------------------------------------
c 
c time measured in process time since initialization
c 
c  seconds   reductions  redundant  irredundant
c          MB    restarts       trail      variables
c           level   conflicts       glue        remaining
c 
c *  7.93 688  0 0   0    0    0  0% 0 923580 4190 79%
c {  8.50 718  0 0   0    0    0  0% 0 923580 4190 79%
c i  9.32 732 26 0  17  118   61 34% 4 923580 4173 78%
c i  9.32 732 25 0  17  122   63 34% 4 923580 4065 76%
c - 11.68 719 14 1  50  300   76 34% 5 229852 4065 76%
c i 11.91 670 15 1  53  366   97 35% 6 229852 4064 76%
c i 12.12 670 18 1  72  435  133 35% 8 229852 4063 76%
c i 12.17 670 19 1  76  449  143 36% 8 229852 4062 76%
c i 12.19 670 19 1  78  457  150 36% 8 229852 4061 76%
c i 12.25 670 22 1  81  473  162 36% 8 229852 4060 76%
c i 12.33 670 22 1  85  486  170 37% 8 229852 4059 76%
c i 12.34 670 23 1  86  491  173 37% 8 229852 4058 76%
c i 12.35 670 23 1  87  493  173 37% 8 229852 4006 75%
c i 12.53 670 25 1  94  525  198 37% 9 229852 3985 75%
c i 12.90 670 22 1 115  796  266 38% 10 229852 3984 75%
c i 12.90 670 22 1 115  799  267 38% 10 229852 3983 75%
c i 13.05 670 24 1 140  892  318 38% 11 229852 3982 75%
c i 13.09 670 26 1 143  908  332 39% 12 229852 3980 75%
c i 13.11 670 26 1 144  911  334 39% 11 229852 3979 75%
c i 13.13 670 27 1 146  917  339 39% 12 229852 3970 75%
c 
c  seconds   reductions  redundant   irredundant
c          MB    restarts       trail       variables
c           level   conflicts       glue         remaining
c 
c i 13.14 671 28 1 147  919  340 39% 12 229852 3969 75%
c i 13.21 671 29 1 152  939  355 39% 11 229852 3963 74%
c } 13.35 670 29 1 168 1000  395 39% 12 229852 3963 74%
c [ 13.35 670  0 1 168 1000  395  0% 0 229852 3963 74%
c i 13.36 670 171 1 168 1004  398 40% 2 229852 3962 74%
c O 13.36 670 138 1 168 1005  399 39% 2 229852 3962 74%
c i 13.43 670 34 1 168 1029  419 52% 8 229852 3961 74%
c i 13.46 670 22 1 168 1080  460 54% 11 229852 3960 74%
c - 13.80 735 22 2 168 1117  476 55% 14 164931 3960 74%
c i 13.94 735 18 2 168 1631  772 56% 15 164931 3959 74%
c i 13.94 735 18 2 168 1648  783 56% 15 164931 3958 74%
c i 13.95 735 18 2 168 1665  792 56% 15 164931 3957 74%
c i 13.95 735 18 2 168 1666  792 56% 15 164931 3956 74%
c i 13.96 735 18 2 168 1688  806 56% 15 164931 3955 74%
c i 13.97 735 18 2 168 1708  814 56% 15 164931 3954 74%
c i 13.97 735 18 2 168 1711  815 56% 15 164931 3953 74%
c i 13.97 735 18 2 168 1715  813 56% 15 164931 3952 74%
c i 13.98 735 18 2 168 1736  825 56% 15 164931 3951 74%
c i 13.99 735 18 2 168 1747  835 56% 15 164931 3950 74%
c i 14.00 735 18 2 168 1770  855 56% 15 164931 3949 74%
c 
c  seconds   reductions  redundant   irredundant
c          MB    restarts       trail       variables
c           level   conflicts       glue         remaining
c 
c i 14.03 735 19 2 168 1834  897 56% 16 164931 3948 74%
c i 14.06 735 20 2 168 1965  999 56% 17 164931 3947 74%
c i 14.08 735 20 2 169 2081 1095 56% 17 164931 3946 74%
c - 14.24 733 20 3 169 2212 1033 56% 17 164889 3946 74%
c i 14.35 733 20 3 169 2252 1067 40% 17 164889 3945 74%
c i 14.49 733 19 3 169 2798 1507 40% 16 164889 3944 74%
c ] 14.53 733 19 3 169 3000 1633 40% 16 164889 3944 74%
c { 14.53 733 29 3 169 3000 1633 53% 12 164889 3944 74%
c F 14.55 733 30 3 171 3006 1639 53% 12 164889 3944 74%
c i 14.57 733 29 3 174 3014 1646 52% 12 164889 3943 74%
c i 14.65 733 31 3 188 3070 1694 51% 13 164889 3942 74%
c i 14.66 733 31 3 193 3087 1707 51% 13 164889 3941 74%
c i 15.25 733 35 3 270 3515 1981 44% 15 164889 3940 74%
c i 15.26 733 35 3 270 3520 1984 44% 15 164889 3939 74%
c - 15.67 732 36 4 305 3672 1566 43% 16 164868 3939 74%
c i 16.72 732 43 4 418 4194 1977 40% 20 164868 3938 74%
c i 16.83 732 43 4 426 4300 2067 40% 20 164868 3937 74%
c i 16.84 732 43 4 429 4317 2075 40% 20 164868 3936 74%
c i 16.93 733 43 4 439 4383 2122 40% 20 164868 3935 74%
c i 17.59 732 44 4 501 4860 2371 38% 21 164868 3934 74%
c 
c  seconds   reductions  redundant   irredundant
c          MB    restarts       trail       variables
c           level   conflicts       glue         remaining
c 
c i 17.59 733 44 4 501 4865 2374 38% 21 164868 3933 74%
c i 17.62 733 43 4 501 4986 2466 38% 21 164868 3932 74%
c i 17.62 733 43 4 501 4988 2467 38% 21 164868 3931 74%
c d 17.83 733 43 4 504 5003 2482 38% 21 136142 3924 74%
c 2 17.87 732 43 4 504 5003 4331 38% 21 136062 3924 74%
c p 19.03 732 43 4 504 5003 12281 38% 21 136062 3859 73%
c d 19.21 732 43 4 504 5003 12043 38% 21 128633 3844 72%
c - 19.90 671 45 5 600 5499 2354 38% 23 128633 3844 72%
c # 20.00 671 41 5 600 6008 2657 38% 21 128633 3844 72%
c } 20.32 671 36 5 600 7006 3298 38% 19 128633 3844 72%
c [ 20.32 671 19 5 600 7006 3298 40% 16 128633 3844 72%
c - 20.53 671 19 6 601 7496 2414 40% 16 128633 3844 72%
c - 21.19 672 18 7 602 9827 2893 39% 15 128633 3844 72%
c I 21.29 672 17 7 602 10013 3009 39% 15 128633 3844 72%
c - 22.09 671 22 8 604 12489 3300 39% 19 128633 3844 72%
c 2 22.79 671 24 8 605 15004 6931 38% 21 128630 3844 72%
c p 24.52 671 24 8 605 15004 16261 38% 21 128630 3843 72%
c ] 24.58 672 24 8 605 15011 16266 38% 21 128630 3843 72%
c { 24.58 672 36 8 605 15011 16266 38% 19 128630 3843 72%
c B 24.62 672 36 8 605 15014 16269 38% 19 128630 3843 72%
c 
c  seconds   reductions   redundant   irredundant
c          MB    restarts        trail       variables
c           level    conflicts       glue         remaining
c 
c - 25.20 671 36 9 686 15488 3992 38% 20 128627 3843 72%
c s 25.30 672 36 9 686 15570 3850 38% 20 125790 3843 72%
c v 26.54 672 36 9 686 15570 3850 38% 20 125677 3843 72%
c t 26.58 672 36 9 686 15570 3790 38% 20 125622 3843 72%
c e 26.82 673 36 9 686 15570 3456 38% 20 120285 1082 20%
c s 26.90 673 36 9 686 15570 3456 38% 20 120196 1082 20%
c - 30.16 674 35 10 956 18815 4163 59% 20 120196 1082 20%
c W 30.87 674 32 10 970 21015 5633 61% 19 120196 1082 20%
c - 32.50 674 33 11 1140 22378 4696 60% 20 120196 1082 20%
c - 33.70 674 30 12 1197 26265 5173 61% 19 120196 1082 20%
c F 34.04 674 28 12 1197 28018 6249 61% 18 120196 1082 20%
c p 37.20 674 29 12 1387 30005 11364 62% 18 120196 1081 20%
c - 37.51 674 28 13 1408 30477 5898 62% 18 120193 1081 20%
c } 37.59 674 28 13 1408 31015 6299 62% 18 120193 1081 20%
c [ 37.59 674 24 13 1408 31015 6299 140% 21 120193 1081 20%
c - 38.25 674 24 14 1410 35015 5997 115% 20 120193 1081 20%
c B 38.48 674 23 14 1411 36021 6568 111% 20 120193 1081 20%
c - 39.52 674 29 15 1414 39875 6873 100% 24 120193 1081 20%
c ] 40.26 674 31 15 1415 42013 8430 96% 26 120193 1081 20%
c 1 40.26 674 31 15 1415 42013 8430 96% 26 120193 1081 20%
c 
c --- [ writing output ] -----------------------------------------------------
c 
c writing simplified CNF to DIMACS file 'simp/26.cubes577.adj.simp1'
c 
c  seconds   reductions     redundant   irredundant
c          MB     restarts         trail       variables
c           level      conflicts       glue         remaining
c 
c * 40.26 674 31 15 1415 42013 8430 96% 26 120193 1081 20%
c opening file to write 'simp/26.cubes577.adj.simp1'
c writing 'p cnf 5320 120193' header
c closing file 'simp/26.cubes577.adj.simp1'
c after writing 46769775 bytes 44.6 MB
c wrote 120193 clauses in 0.30 seconds process time
c 
c --- [ writing extension ] --------------------------------------------------
c 
c writing extension stack to 'simp/26.cubes577.adj.ext1'
c opening file to write 'simp/26.cubes577.adj.ext1'
c closing file 'simp/26.cubes577.adj.ext1'
c after writing 167357 bytes 0.2 MB
c wrote 7486 witnesses in 0.00 seconds process time
c 
c --- [ result ] -------------------------------------------------------------
c 
s SATISFIABLE
c 
c --- [ run-time profiling ] -------------------------------------------------
c 
c process time taken by individual solving procedures
c (percentage relative to process time for solving)
c 
c        25.72   79.55% search
c        18.69   57.80% unstable
c         7.93   24.54% parse
c         6.61   20.45% simplify
c         6.33   19.59% stable
c         4.28   13.25% probe
c         1.27    3.91% vivify
c         0.57    1.75% lucky
c         0.39    1.22% elim
c         0.16    0.49% subsume
c         0.13    0.40% walk
c         0.07    0.22% ternary
c   =================================
c        32.33   79.71% solve
c 
c last line shows process time for solving
c (percentage relative to total process time)
c 
c --- [ statistics ] ---------------------------------------------------------
c 
c chronological:              8249        19.63 %  of conflicts
c conflicts:                 42013      1299.52    per second
c decisions:                122022      3774.32    per second
c eliminated:                 2761        51.90 %  of all variables
c fixed:                      1456        27.37 %  of all variables
c learned:                   41156        97.96 %  per conflict
c learned_lits:            7276774       100.00 %  learned literals
c minimized:                     0         0.00 %  learned literals
c shrunken:                4472118        61.46 %  learned literals
c minishrunken:             616490         8.47 %  learned literals
c propagations:            5793458         0.18 M  per second
c reduced:                   19678        46.84 %  per conflict
c rephased:                      8      5251.62    interval
c restarts:                   1415        29.69    interval
c stabilizing:                   3        49.99 %  of conflicts
c substituted:                  22         0.41 %  of all variables
c subsumed:                  16150         0.80 %  of all clauses
c strengthened:               9321         0.46 %  of all clauses
c ternary:                    4647         0.53 %  of resolved
c vivified:                    133         0.01 %  of all clauses
c walked:                        1     42013.00    interval
c weakened:                   6030         3.02    average size
c 
c seconds are measured in process time for solving
c 
c --- [ resources ] ----------------------------------------------------------
c 
c total process time since initialization:        40.56    seconds
c total real time since initialization:           40.74    seconds
c maximum resident set size of process:          797.41    MB
c 
c --- [ shutting down ] ------------------------------------------------------
c 
c exit 10
WARNING! DIMACS header mismatch: wrong number of variables.
============================[ Problem Statistics ]=============================
|                                                                             |
|  Number of variables:          3409                                         |
|  Number of clauses:          120203                                         |
|  Parse time:                   0.75 s                                       |
|  Simplification time:          0.02 s                                       |
|                                                                             |
============================[ Search Statistics ]====================================================
| Conflicts |          ORIGINAL         |          LEARNT          | Num Sols |      SUBGRAPHS      |
|           |    Vars  Clauses Literals |    Limit  Clauses Lit/Cl |          | Canonical Noncanon. |
=====================================================================================================
|       170 |    3331   120273 10538056 |     2000      170     25 |        0 |        26        70 |
|       321 |    3331   120274 10538079 |     2000      321     62 |        0 |        34        71 |
|       549 |    3331   120277 10538128 |     2000      549     76 |        0 |        52        74 |
|       932 |    3331   120323 10539239 |     2000      932     87 |        0 |        82       120 |
|      1458 |    3331   120343 10539844 |     2000     1458     99 |        0 |       102       140 |
|      2260 |    3331   120386 10541006 |     3600     1260     70 |        0 |       126       183 |
|      3431 |    3331   120418 10541636 |     3600     2431     88 |        0 |       154       215 |
|      5330 |    3331   120609 10544343 |     5000     2530     69 |        0 |       212       406 |
|      7989 |    3331   120706 10547323 |     6302     2691     34 |        0 |       305       503 |
|     12204 |    3331   121077 10553969 |     7552     3756     31 |        0 |       451       874 |
|     18258 |    3331   121365 10559696 |     8782     6040     49 |        0 |       558      1162 |
|     27332 |    3331   121790 10568153 |    11198     5730     32 |        0 |       680      1587 |
|     41362 |    3331   122846 10587981 |    13606     7968     35 |        0 |       868      2643 |
|     62303 |    3331   124326 10612299 |    16005    14708     63 |        0 |      1299      4123 |
|     92316 |    3331   125147 10626272 |    19610    18926     73 |        0 |      1552      4944 |
|    137055 |    3331   126097 10642189 |    24413    20868     58 |        0 |      1984      5894 |
|    204803 |    3331   128161 10669543 |    30424    21627     61 |        0 |      2356      7958 |
|    306633 |    3331   131465 10725992 |    37624    23257     52 |        0 |      3177     11262 |
|    456530 |    3331   133573 10763246 |    46017    28947     49 |        0 |      3596     13370 |
|    682402 |    3331   137762 10841723 |    55619    54021     69 |        0 |      4402     17559 |
|   1020632 |    3331   143467 10959830 |    68827    53459     60 |        0 |      5585     23264 |
|   1524368 |    3331   148415 11053983 |    84416    63184     59 |        0 |      6925     28212 |
|   2281331 |    3331   157196 11216266 |   103614    72945     55 |        0 |      8485     36993 |
=====================================================================================================
Number of solutions   : 0
Canonical subgraphs   : 11620          (46 /sec)
          order  3    : 1              (200000 /sec)
          order  4    : 1              (500000 /sec)
          order  5    : 1              (250000 /sec)
          order  6    : 1              (50000 /sec)
          order  7    : 2              (10582 /sec)
          order  8    : 6              (2660 /sec)
          order  9    : 11             (486 /sec)
          order 10    : 49             (161 /sec)
          order 11    : 279            (59 /sec)
          order 12    : 1339           (37 /sec)
          order 13    : 4228           (44 /sec)
          order 14    : 4437           (50 /sec)
          order 15    : 1250           (50 /sec)
          order 16    : 11             (26 /sec)
          order 17    : 1              (46 /sec)
          order 18    : 1              (42 /sec)
          order 19    : 1              (40 /sec)
          order 20    : 1              (38 /sec)
          order 21    : 0              (-nan /sec)
Noncanonical subgraphs: 55474          (2501 /sec)
          order  3    : 0              (-nan /sec)
          order  4    : 0              (-nan /sec)
          order  5    : 0              (-nan /sec)
          order  6    : 0              (-nan /sec)
          order  7    : 0              (-nan /sec)
          order  8    : 0              (-nan /sec)
          order  9    : 0              (-nan /sec)
          order 10    : 0              (-nan /sec)
          order 11    : 0              (-nan /sec)
          order 12    : 0              (-nan /sec)
          order 13    : 24790          (3523 /sec)
          order 14    : 27505          (2145 /sec)
          order 15    : 3080           (1600 /sec)
          order 16    : 98             (265 /sec)
          order 17    : 0              (-nan /sec)
          order 18    : 0              (-nan /sec)
          order 19    : 0              (-nan /sec)
          order 20    : 0              (-nan /sec)
Canonicity checking   : 250.492 s
Noncanonicity checking: 22.1851 s
Total canonicity time : 272.677 s
database reductions   : 96
restarts              : 5146
conflicts             : 2979966        (3507 /sec)
decisions             : 3867193        (0.00 % random) (4551 /sec)
propagations          : 158089434      (186059 /sec)
conflict literals     : 313626172      (55.65 % deleted)
actual reward         : 0.220369
Memory used           : 191.00 MB
CPU time              : 849.674 s

UNSATISFIABLE
