c --- [ banner ] -------------------------------------------------------------
c 
c CaDiCaL Radically Simplified CDCL SAT Solver
c Copyright (c) 2016-2021 A. Biere, M. Fleury, N. Froleyks
c 
c Version 1.5.2 ca9bff05c11bde5eae4912f9932871d1527e61d8
c g++ (GCC) 9.3.0 -Wall -Wextra -O3 -DNDEBUG
c Sun May 1 02:23:23 EDT 2022 Linux gra-login1 3.10.0-1160.59.1.el7.x86_64 x86_64
c 
c --- [ limit ] --------------------------------------------------------------
c 
c setting conflict limit to 200000 conflicts (due to '200000')
c 
c --- [ parsing input ] ------------------------------------------------------
c 
c reading DIMACS file from '26.cubes585.adj'
c opening file to read '26.cubes585.adj'
c found 'p cnf 5320 924212' header
c parsed 924212 clauses in 7.94 seconds process time
c closing file '26.cubes585.adj'
c after reading 686668127 bytes 654.9 MB
c 
c --- [ options ] ------------------------------------------------------------
c 
c all options are set to their default value
c 
c --- [ solving ] ------------------------------------------------------------
c 
c time measured in process time since initialization
c 
c  seconds   reductions  redundant  irredundant
c          MB    restarts       trail      variables
c           level   conflicts       glue        remaining
c 
c *  7.94 689  0 0   0    0    0  0% 0 923580 4112 77%
c {  8.56 723  0 0   0    0    0  0% 0 923580 4112 77%
c i 10.60 752 105 0  26  150  132 46% 26 923580 4111 77%
c i 10.93 752 108 0  31  211  183 46% 26 923580 4110 77%
c i 11.05 752 109 0  35  238  208 47% 27 923580 4109 77%
c - 13.31 742 124 1  52  301  269 47% 34 258634 4109 77%
c i 13.42 729 114 1  57  344  293 46% 33 258634 4108 77%
c i 13.43 699 113 1  57  347  295 46% 33 258634 4107 77%
c i 13.51 699 114 1  60  365  310 46% 34 258634 4106 77%
c i 13.54 699 113 1  61  369  312 46% 33 258634 4105 77%
c i 13.56 699 113 1  61  371  313 46% 33 258634 4104 77%
c i 13.80 699 104 1  63  429  352 47% 31 258634 4103 77%
c i 13.81 699 104 1  63  433  355 47% 31 258634 4102 77%
c i 13.84 699 101 1  63  445  360 47% 31 258634 4101 77%
c i 13.95 699 82 1  63  591  422 47% 25 258634 4100 77%
c i 13.99 699 80 1  63  619  445 47% 25 258634 4099 77%
c i 14.08 699 79 1  68  657  479 47% 26 258634 4098 77%
c i 14.32 699 72 1  73  761  562 48% 26 258634 4097 77%
c i 14.58 699 77 1  91  836  615 48% 27 258634 4096 77%
c i 14.72 699 79 1  95  847  625 48% 28 258634 4092 77%
c 
c  seconds   reductions  redundant   irredundant
c          MB    restarts       trail       variables
c           level   conflicts       glue         remaining
c 
c i 15.20 699 77 1 108  965  699 48% 28 258634 4081 77%
c i 15.21 699 77 1 108  973  706 48% 28 258634 4080 77%
c i 15.24 699 76 1 108  993  725 48% 28 258634 4079 77%
c } 15.30 699 76 1 108 1002  734 48% 28 258634 4079 77%
c [ 15.30 699  0 1 108 1002  734  0% 0 258634 4079 77%
c O 15.30 699  0 1 108 1003  734 26% 0 258634 4079 77%
c i 15.30 699  0 1 108 1003  734 26% 0 258634 4057 76%
c i 15.30 699  0 1 108 1004  734 25% 0 258634 4037 76%
c i 15.30 699  0 1 108 1005  734 25% 0 258634 3985 75%
c i 15.44 699 15 1 108 1034  760 56% 12 258634 3984 75%
c i 15.48 699 22 1 108 1089  797 57% 18 258634 3983 75%
c - 15.97 804 21 2 108 1149  724 57% 18 257210 3983 75%
c i 16.05 804 21 2 108 1218  767 57% 18 257210 3982 75%
c i 16.08 804 20 2 108 1296  809 58% 17 257210 3981 75%
c i 16.10 804 20 2 108 1381  862 57% 18 257210 3980 75%
c i 16.11 804 20 2 108 1428  888 57% 17 257210 3979 75%
c i 16.11 804 20 2 108 1438  888 57% 17 257210 3978 75%
c i 16.14 804 20 2 108 1528  934 57% 18 257210 3977 75%
c i 16.15 804 20 2 108 1594  972 57% 18 257210 3976 75%
c i 16.19 804 20 2 108 1703 1033 57% 18 257210 3975 75%
c 
c  seconds   reductions  redundant   irredundant
c          MB    restarts       trail       variables
c           level   conflicts       glue         remaining
c 
c i 16.19 804 20 2 108 1721 1042 57% 18 257210 3974 75%
c i 16.22 804 21 2 108 1811 1103 57% 18 257210 3973 75%
c i 16.32 804 23 2 109 2234 1346 57% 20 257210 3972 75%
c - 16.56 802 23 3 109 2421 1115 57% 20 257177 3972 75%
c ] 16.87 802 23 3 109 3004 1434 43% 20 257177 3972 75%
c { 16.87 802 76 3 109 3004 1434 64% 28 257177 3972 75%
c F 16.87 802 76 3 109 3005 1435 64% 28 257177 3972 75%
c i 16.98 802 73 3 109 3072 1489 62% 27 257177 3971 75%
c i 17.42 802 57 3 128 3599 1729 49% 24 257177 3970 75%
c i 17.42 802 57 3 128 3601 1730 49% 24 257177 3969 75%
c i 17.42 802 57 3 128 3610 1738 49% 23 257177 3968 75%
c i 17.42 802 57 3 128 3611 1738 49% 23 257177 3967 75%
c i 17.43 802 57 3 128 3625 1751 49% 23 257177 3966 75%
c i 17.59 802 57 3 135 3786 1885 48% 23 257177 3947 74%
c i 17.70 802 57 3 135 3803 1898 48% 23 257177 3946 74%
c i 17.76 802 56 3 135 3867 1948 48% 23 257177 3945 74%
c i 17.99 802 56 3 144 4017 2059 47% 24 257177 3943 74%
c - 18.79 798 57 4 166 4115 1618 46% 24 256920 3943 74%
c 2 20.96 799 56 4 255 5000 3605 42% 25 256840 3936 74%
c p 22.09 798 56 4 255 5000 7549 42% 25 256840 3886 73%
c 
c  seconds   reductions  redundant   irredundant
c          MB    restarts       trail       variables
c           level   conflicts       glue         remaining
c 
c d 22.37 799 56 4 255 5000 7367 42% 25 206017 3883 73%
c # 24.20 798 53 4 332 6007 8209 41% 25 206017 3883 73%
c - 24.68 777 52 5 343 6229 2681 40% 25 206017 3883 73%
c } 25.61 777 50 5 419 7004 3044 38% 24 206017 3883 73%
c [ 25.61 777 23 5 419 7004 3044 43% 20 206017 3883 73%
c - 26.36 777 29 6 420 8596 2841 40% 24 206017 3883 73%
c I 27.10 777 29 6 421 10010 3793 39% 25 206017 3883 73%
c - 28.23 777 30 7 423 11359 3382 39% 25 206017 3883 73%
c - 30.39 777 31 8 424 14514 3670 39% 27 206017 3883 73%
c 2 30.82 777 31 8 424 15001 5611 39% 27 206015 3883 73%
c p 31.25 777 31 8 424 15001 9544 39% 27 206015 3883 73%
c ] 31.32 777 31 8 424 15006 9547 39% 27 206015 3883 73%
c { 31.32 777 50 8 424 15006 9547 38% 24 206015 3883 73%
c B 31.39 777 50 8 424 15015 9555 38% 24 206015 3883 73%
c s 32.80 777 51 8 500 15623 9776 38% 24 203859 3883 73%
c v 34.86 777 51 8 500 15623 9776 38% 24 203771 3883 73%
c t 34.93 777 51 8 500 15623 9761 38% 24 203735 3883 73%
c e 35.41 777 51 8 500 15623 5292 38% 24 198232 1120 21%
c s 35.50 777 51 8 500 15623 5292 38% 24 198108 1120 21%
c - 40.96 778 50 9 753 18061 4772 60% 26 198108 1120 21%
c 
c  seconds   reductions   redundant   irredundant
c          MB    restarts        trail       variables
c           level    conflicts       glue         remaining
c 
c W 44.03 778 48 9 939 21018 7140 62% 26 198108 1120 21%
c - 44.71 701 47 10 986 21956 5479 62% 26 198108 1120 21%
c - 48.46 701 42 11 1126 26236 6049 63% 24 198108 1120 21%
c F 49.29 701 40 11 1126 28020 7347 63% 23 198108 1120 21%
c 2 54.68 700 41 11 1413 30001 9528 62% 24 198107 1120 21%
c p 56.37 700 41 11 1413 30001 11473 62% 24 198107 1119 21%
c - 58.66 701 41 12 1527 30905 7115 62% 24 198104 1119 21%
c } 58.70 701 41 12 1527 31007 7190 62% 24 198104 1119 21%
c [ 58.70 701 31 12 1527 31007 7190 139% 27 198104 1119 21%
c - 60.54 701 30 13 1530 35963 7157 111% 26 198104 1119 21%
c B 60.61 701 30 13 1530 36023 7198 111% 26 198104 1119 21%
c - 62.94 701 31 14 1533 41411 7338 98% 26 198104 1119 21%
c W 65.43 701 30 14 1534 45025 9845 92% 26 198104 1119 21%
c ] 65.73 701 30 14 1534 45476 10165 91% 26 198104 1119 21%
c 1 65.73 701 30 14 1534 45476 10165 91% 26 198104 1119 21%
c 
c --- [ writing output ] -----------------------------------------------------
c 
c writing simplified CNF to DIMACS file 'simp/26.cubes585.adj.simp1'
c * 65.73 701 30 14 1534 45476 10165 91% 26 198104 1119 21%
c opening file to write 'simp/26.cubes585.adj.simp1'
c writing 'p cnf 5320 198104' header
c closing file 'simp/26.cubes585.adj.simp1'
c after writing 85448039 bytes 81.5 MB
c wrote 198104 clauses in 0.55 seconds process time
c 
c --- [ writing extension ] --------------------------------------------------
c 
c writing extension stack to 'simp/26.cubes585.adj.ext1'
c opening file to write 'simp/26.cubes585.adj.ext1'
c closing file 'simp/26.cubes585.adj.ext1'
c after writing 174557 bytes 0.2 MB
c wrote 7664 witnesses in 0.00 seconds process time
c 
c --- [ result ] -------------------------------------------------------------
c 
s SATISFIABLE
c 
c --- [ run-time profiling ] -------------------------------------------------
c 
c process time taken by individual solving procedures
c (percentage relative to process time for solving)
c 
c        50.69   87.72% search
c        36.17   62.58% unstable
c        13.02   22.52% stable
c         7.94   13.73% parse
c         7.10   12.28% simplify
c         3.26    5.64% probe
c         2.10    3.64% vivify
c         0.89    1.54% walk
c         0.82    1.42% elim
c         0.62    1.07% lucky
c         0.17    0.30% subsume
c         0.10    0.18% ternary
c   =================================
c        57.79   87.19% solve
c 
c last line shows process time for solving
c (percentage relative to total process time)
c 
c --- [ statistics ] ---------------------------------------------------------
c 
c chronological:              8970        19.72 %  of conflicts
c conflicts:                 45476       786.89    per second
c decisions:                168155      2909.65    per second
c eliminated:                 2763        51.94 %  of all variables
c fixed:                      1431        26.90 %  of all variables
c learned:                   44484        97.82 %  per conflict
c learned_lits:            9052617       100.00 %  learned literals
c minimized:                     0         0.00 %  learned literals
c shrunken:                5102759        56.37 %  learned literals
c minishrunken:             855677         9.45 %  learned literals
c propagations:            5955508         0.10 M  per second
c reduced:                   21699        47.72 %  per conflict
c rephased:                      9      5052.89    interval
c restarts:                   1534        29.65    interval
c stabilizing:                   3        53.82 %  of conflicts
c substituted:                   7         0.13 %  of all variables
c subsumed:                  15247         0.77 %  of all clauses
c strengthened:               7832         0.40 %  of all clauses
c ternary:                    3523         0.41 %  of resolved
c vivified:                    128         0.01 %  of all clauses
c walked:                        2     22738.00    interval
c weakened:                   6233         3.12    average size
c 
c seconds are measured in process time for solving
c 
c --- [ resources ] ----------------------------------------------------------
c 
c total process time since initialization:        66.29    seconds
c total real time since initialization:           66.51    seconds
c maximum resident set size of process:          905.99    MB
c 
c --- [ shutting down ] ------------------------------------------------------
c 
c exit 10
WARNING! DIMACS header mismatch: wrong number of variables.
============================[ Problem Statistics ]=============================
|                                                                             |
|  Number of variables:          3176                                         |
|  Number of clauses:          198104                                         |
|  Parse time:                   1.25 s                                       |
|  Simplification time:          0.03 s                                       |
|                                                                             |
============================[ Search Statistics ]====================================================
| Conflicts |          ORIGINAL         |          LEARNT          | Num Sols |      SUBGRAPHS      |
|           |    Vars  Clauses Literals |    Limit  Clauses Lit/Cl |          | Canonical Noncanon. |
=====================================================================================================
|       100 |    3100   198104 19070936 |     2000      100    125 |        0 |        24         0 |
|       250 |    3100   198104 19070936 |     2000      250    134 |        0 |        35         0 |
|       476 |    3100   198105 19071046 |     2000      476    132 |        0 |        49         1 |
|       838 |    3100   198130 19071534 |     2000      838    109 |        0 |        74        26 |
|      1364 |    3100   198150 19072037 |     2000     1364    122 |        0 |        81        46 |
|      2167 |    3100   198194 19072923 |     3600     1167     76 |        0 |       122        90 |
|      3365 |    3100   198253 19074287 |     3600     2365     98 |        0 |       156       149 |
|      5213 |    3100   198393 19077317 |     5001     2414     62 |        0 |       234       289 |
|      7835 |    3100   198453 19078908 |     6309     2544     48 |        0 |       265       349 |
|     11989 |    3100   198763 19085957 |     7556     3545     44 |        0 |       368       659 |
|     17968 |    3100   198976 19090687 |     8780     5748     53 |        0 |       495       872 |
|     26800 |    3100   199159 19094819 |    11198     5198     40 |        0 |       591      1055 |
|     39871 |    3100   199256 19097278 |    13607     6478     53 |        0 |       718      1152 |
|     59616 |    3100   199540 19103272 |    16008    12024     80 |        0 |       926      1436 |
|     89755 |    3100   200487 19121309 |    19608    16363     83 |        0 |      1157      2383 |
|    136880 |    3100   203823 19194896 |    24409    20689     69 |        0 |      2158      5719 |
|    205550 |    3100   206809 19251800 |    30406    22356     61 |        0 |      2877      8705 |
|    307092 |    3100   209825 19301598 |    37612    23704     54 |        0 |      3563     11721 |
|    455690 |    3100   210634 19323288 |    46012    28102     57 |        0 |      3854     12530 |
|    678739 |    3100   212000 19355813 |    55619    50358     87 |        0 |      4322     13896 |
|   1013019 |    3100   213755 19407014 |    68817    45836     70 |        0 |      5180     15651 |
|   1513742 |    3100   215690 19458858 |    84425    52567     64 |        0 |      6032     17586 |
|   2268155 |    3100   221921 19615769 |   103614    59769     60 |        0 |      8876     23817 |
|   3404479 |    3100   235971 19917816 |   126418   109297     79 |        0 |     13003     37867 |
|   5092895 |    3100   240976 20059738 |   155225   115320     70 |        0 |     14540     42872 |
|   7628045 |    3100   251010 20316542 |   190011   156456     76 |        0 |     17725     52906 |
|  11533047 |    3100   368337 22521394 |   234428   146875     49 |        0 |     41709    170233 |
|  17374100 |    3077   445670 23896397 |   287215   263515     76 |        0 |     57000    329774 |
|  25940641 |    3077   489942 24860702 |   352023   217064     49 |       20 |     67501    374026 |
|  38875431 |    3077   641329 27608022 |   431217   248848     43 |       20 |     82869    525413 |
=====================================================================================================
Number of solutions   : 21
Canonical subgraphs   : 95368          (38 /sec)
          order  3    : 1              (250000 /sec)
          order  4    : 1              (500000 /sec)
          order  5    : 1              (250000 /sec)
          order  6    : 1              (inf /sec)
          order  7    : 2              (10050 /sec)
          order  8    : 4              (2115 /sec)
          order  9    : 12             (544 /sec)
          order 10    : 56             (188 /sec)
          order 11    : 249            (60 /sec)
          order 12    : 1558           (32 /sec)
          order 13    : 9876           (37 /sec)
          order 14    : 57581          (39 /sec)
          order 15    : 20646          (37 /sec)
          order 16    : 3573           (32 /sec)
          order 17    : 473            (31 /sec)
          order 18    : 381            (31 /sec)
          order 19    : 447            (30 /sec)
          order 20    : 485            (29 /sec)
          order 21    : 21             (1 /sec)
Noncanonical subgraphs: 740605         (331 /sec)
          order  3    : 0              (-nan /sec)
          order  4    : 0              (-nan /sec)
          order  5    : 0              (-nan /sec)
          order  6    : 0              (-nan /sec)
          order  7    : 0              (-nan /sec)
          order  8    : 0              (-nan /sec)
          order  9    : 0              (-nan /sec)
          order 10    : 0              (-nan /sec)
          order 11    : 0              (-nan /sec)
          order 12    : 0              (-nan /sec)
          order 13    : 37732          (3400 /sec)
          order 14    : 153981         (1857 /sec)
          order 15    : 536282         (257 /sec)
          order 16    : 11818          (331 /sec)
          order 17    : 281            (159 /sec)
          order 18    : 3              (753 /sec)
          order 19    : 0              (-nan /sec)
          order 20    : 1              (1159 /sec)
Canonicity checking   : 2520.75 s
Noncanonicity checking: 2235.86 s
Total canonicity time : 4756.61 s
database reductions   : 395
restarts              : 65534
conflicts             : 47672447       (1676 /sec)
decisions             : 59438792       (0.00 % random) (2090 /sec)
propagations          : 2696350929     (94797 /sec)
conflict literals     : 5553846770     (56.57 % deleted)
actual reward         : 0.216662
Memory used           : 686.00 MB
CPU time              : 28443.5 s

UNSATISFIABLE
