c --- [ banner ] -------------------------------------------------------------
c 
c CaDiCaL Radically Simplified CDCL SAT Solver
c Copyright (c) 2016-2021 A. Biere, M. Fleury, N. Froleyks
c 
c Version 1.5.2 ca9bff05c11bde5eae4912f9932871d1527e61d8
c g++ (GCC) 9.3.0 -Wall -Wextra -O3 -DNDEBUG
c Sun May 1 02:23:23 EDT 2022 Linux gra-login1 3.10.0-1160.59.1.el7.x86_64 x86_64
c 
c --- [ limit ] --------------------------------------------------------------
c 
c setting conflict limit to 200000 conflicts (due to '200000')
c 
c --- [ parsing input ] ------------------------------------------------------
c 
c reading DIMACS file from '26.cubes475.adj'
c opening file to read '26.cubes475.adj'
c found 'p cnf 5320 924208' header
c parsed 924208 clauses in 8.70 seconds process time
c closing file '26.cubes475.adj'
c after reading 686668101 bytes 654.9 MB
c 
c --- [ options ] ------------------------------------------------------------
c 
c all options are set to their default value
c 
c --- [ solving ] ------------------------------------------------------------
c 
c time measured in process time since initialization
c 
c  seconds   reductions  redundant  irredundant
c          MB    restarts       trail      variables
c           level   conflicts       glue        remaining
c 
c *  8.70 683  0 0   0    0    0  0% 0 923580 4326 81%
c {  9.58 727  0 0   0    0    0  0% 0 923580 4326 81%
c i  9.87 730 177 0   0    4    2 47% 7 923580 4324 81%
c i  9.94 732 173 0   0   15    3 47% 4 923580 4295 81%
c i 10.26 742 164 0   0   29   15 48% 13 923580 4280 80%
c i 10.47 745 128 0   2   50   34 46% 17 923580 4200 79%
c i 10.48 745 125 0   2   51   34 46% 16 923580 4179 79%
c i 10.60 746 71 0   2   89   42 39% 10 923580 4163 78%
c i 10.63 747 61 0   2  105   45 38% 9 923580 4159 78%
c i 10.67 747 54 0   2  121   48 37% 8 923580 4127 78%
c i 10.85 747 50 0   2  135   51 37% 7 923580 4110 77%
c i 10.86 747 46 0   2  152   55 36% 7 923580 4093 77%
c } 10.92 747 38 0   2  195   72 36% 6 923580 4046 76%
c 0 10.92 747 38 0   2  195   72 36% 6 923580 4046 76%
c 
c --- [ writing output ] -----------------------------------------------------
c 
c writing simplified CNF to DIMACS file 'simp/26.cubes475.adj.simp1'
c * 10.92 747 38 0   2  195   72 36% 6 923580 4046 76%
c opening file to write 'simp/26.cubes475.adj.simp1'
c writing 'p cnf 5320 1' header
c closing file 'simp/26.cubes475.adj.simp1'
c after writing 15 bytes 0.0 MB
c wrote 1 clauses in 0.00 seconds process time
c 
c --- [ writing extension ] --------------------------------------------------
c 
c writing extension stack to 'simp/26.cubes475.adj.ext1'
c opening file to write 'simp/26.cubes475.adj.ext1'
c closing file 'simp/26.cubes475.adj.ext1'
c after writing 0 bytes 0.0 MB
c wrote 0 witnesses in 0.00 seconds process time
c 
c --- [ result ] -------------------------------------------------------------
c 
s UNSATISFIABLE
c 
c --- [ run-time profiling ] -------------------------------------------------
c 
c process time taken by individual solving procedures
c (percentage relative to process time for solving)
c 
c         8.70  390.78% parse
c         2.23   99.99% search
c         1.34   60.13% unstable
c         0.89   39.85% lucky
c         0.00    0.00% simplify
c   =================================
c         2.23   20.37% solve
c 
c last line shows process time for solving
c (percentage relative to total process time)
c 
c --- [ statistics ] ---------------------------------------------------------
c 
c chronological:                58        29.74 %  of conflicts
c conflicts:                   195        87.62    per second
c decisions:                   514       230.96    per second
c fixed:                      1274        23.95 %  of all variables
c learned:                     185        94.87 %  per conflict
c learned_lits:               2662       100.00 %  learned literals
c minimized:                     0         0.00 %  learned literals
c shrunken:                   1160        43.58 %  learned literals
c minishrunken:                101         3.79 %  learned literals
c propagations:              18761         0.01 M  per second
c restarts:                      2        97.50    interval
c subsumed:                     99         0.01 %  of all clauses
c 
c seconds are measured in process time for solving
c 
c --- [ resources ] ----------------------------------------------------------
c 
c total process time since initialization:        10.92    seconds
c total real time since initialization:           10.95    seconds
c maximum resident set size of process:          747.54    MB
c 
c --- [ shutting down ] ------------------------------------------------------
c 
c exit 20
c --- [ banner ] -------------------------------------------------------------
c 
c CaDiCaL Radically Simplified CDCL SAT Solver
c Copyright (c) 2016-2021 A. Biere, M. Fleury, N. Froleyks
c 
c Version 1.5.2 ca9bff05c11bde5eae4912f9932871d1527e61d8
c g++ (GCC) 9.3.0 -Wall -Wextra -O3 -DNDEBUG
c Sun May 1 02:23:23 EDT 2022 Linux gra-login1 3.10.0-1160.59.1.el7.x86_64 x86_64
c 
c --- [ limit ] --------------------------------------------------------------
c 
c setting conflict limit to 200000 conflicts (due to '200000')
c 
c --- [ parsing input ] ------------------------------------------------------
c 
c reading DIMACS file from 'simp/26.cubes475.adj.simp1'
c opening file to read 'simp/26.cubes475.adj.simp1'
c found 'p cnf 5320 1' header
c parsed 1 clauses in 0.00 seconds process time
c closing file 'simp/26.cubes475.adj.simp1'
c after reading 15 bytes 0.0 MB
c 
c --- [ options ] ------------------------------------------------------------
c 
c all options are set to their default value
c 
c --- [ solving ] ------------------------------------------------------------
c 
c time measured in process time since initialization
c 
c  seconds  reductions  redundant irredundant
c         MB    restarts       trail    variables
c          level   conflicts       glue     remaining
c 
c 0  0.00  2  0 0   0    0    0  0% 0    0   0  0%
c 
c --- [ writing output ] -----------------------------------------------------
c 
c writing simplified CNF to DIMACS file 'simp/26.cubes475.adj.simp2'
c *  0.00  3  0 0   0    0    0  0% 0    0   0  0%
c opening file to write 'simp/26.cubes475.adj.simp2'
c writing 'p cnf 5320 1' header
c closing file 'simp/26.cubes475.adj.simp2'
c after writing 15 bytes 0.0 MB
c wrote 1 clauses in 0.00 seconds process time
c 
c --- [ writing extension ] --------------------------------------------------
c 
c writing extension stack to 'simp/26.cubes475.adj.ext2'
c opening file to write 'simp/26.cubes475.adj.ext2'
c closing file 'simp/26.cubes475.adj.ext2'
c after writing 0 bytes 0.0 MB
c wrote 0 witnesses in 0.00 seconds process time
c 
c --- [ result ] -------------------------------------------------------------
c 
s UNSATISFIABLE
c 
c --- [ run-time profiling ] -------------------------------------------------
c 
c process time taken by individual solving procedures
c (percentage relative to process time for solving)
c 
c         0.00  603.60% parse
c         0.00    0.00% search
c         0.00    0.00% simplify
c   =================================
c         0.00    5.84% solve
c 
c last line shows process time for solving
c (percentage relative to total process time)
c 
c --- [ statistics ] ---------------------------------------------------------
c 
c minimized:                     0         0.00 %  learned literals
c shrunken:                      0         0.00 %  learned literals
c minishrunken:                  0         0.00 %  learned literals
c propagations:                  0         0.00 M  per second
c 
c seconds are measured in process time for solving
c 
c --- [ resources ] ----------------------------------------------------------
c 
c total process time since initialization:         0.00    seconds
c total real time since initialization:            0.02    seconds
c maximum resident set size of process:            2.66    MB
c 
c --- [ shutting down ] ------------------------------------------------------
c 
c exit 20
WARNING! DIMACS header mismatch: wrong number of variables.
============================[ Problem Statistics ]=============================
|                                                                             |
|  Number of variables:             0                                         |
|  Number of clauses:               0                                         |
|  Parse time:                   0.00 s                                       |
|  Simplification time:          0.00 s                                       |
|                                                                             |
===============================================================================
Solved by simplification
database reductions   : 0
restarts              : 0
conflicts             : 0              (0 /sec)
decisions             : 0              (-nan % random) (0 /sec)
propagations          : 0              (0 /sec)
conflict literals     : 0              (-nan % deleted)
actual reward         : -nan
Memory used           : 5.00 MB
CPU time              : 0.001817 s

UNSATISFIABLE
