c --- [ banner ] -------------------------------------------------------------
c 
c CaDiCaL Radically Simplified CDCL SAT Solver
c Copyright (c) 2016-2021 A. Biere, M. Fleury, N. Froleyks
c 
c Version 1.5.2 ca9bff05c11bde5eae4912f9932871d1527e61d8
c g++ (GCC) 9.3.0 -Wall -Wextra -O3 -DNDEBUG
c Sun May 1 02:23:23 EDT 2022 Linux gra-login1 3.10.0-1160.59.1.el7.x86_64 x86_64
c 
c --- [ limit ] --------------------------------------------------------------
c 
c setting conflict limit to 200000 conflicts (due to '200000')
c 
c --- [ parsing input ] ------------------------------------------------------
c 
c reading DIMACS file from '26.cubes800.adj'
c opening file to read '26.cubes800.adj'
c found 'p cnf 5320 924215' header
c parsed 924215 clauses in 7.86 seconds process time
c closing file '26.cubes800.adj'
c after reading 686668148 bytes 654.9 MB
c 
c --- [ options ] ------------------------------------------------------------
c 
c all options are set to their default value
c 
c --- [ solving ] ------------------------------------------------------------
c 
c time measured in process time since initialization
c 
c  seconds   reductions  redundant  irredundant
c          MB    restarts       trail      variables
c           level   conflicts       glue        remaining
c 
c *  7.86 690  0 0   0    0    0  0% 0 923580 4058 76%
c {  8.49 723  0 0   0    0    0  0% 0 923580 4058 76%
c i  8.63 725 16 0   0    2    1 34% 0 923580 4037 76%
c i  8.64 725 16 0   0    4    2 34% 3 923580 4017 76%
c i 11.17 759 41 0  22  223  127 43% 13 923580 4016 75%
c i 11.17 759 41 0  22  224  127 43% 13 923580 3993 75%
c i 11.28 760 45 0  26  237  138 43% 17 923580 3989 75%
c i 11.33 760 47 0  27  242  142 43% 17 923580 3981 75%
c - 13.79 734 50 1  45  302  191 43% 21 195681 3980 75%
c i 14.42 702 49 1  61  367  247 44% 21 195681 3979 75%
c i 14.76 702 46 1  68  457  312 45% 20 195681 3978 75%
c i 14.95 702 48 1  73  475  326 45% 21 195681 3977 75%
c i 15.20 702 53 1  78  498  346 45% 23 195681 3975 75%
c i 15.20 702 53 1  79  500  347 45% 23 195681 3974 75%
c i 15.21 702 53 1  80  502  348 45% 23 195681 3973 75%
c i 15.61 703 53 1  91  547  384 45% 24 195681 3972 75%
c i 16.04 703 52 1 104  662  468 46% 23 195681 3971 75%
c i 16.04 703 51 1 104  664  469 46% 23 195681 3970 75%
c i 16.05 703 51 1 104  666  470 46% 23 195681 3969 75%
c i 16.05 703 51 1 104  667  470 46% 23 195681 3968 75%
c 
c  seconds   reductions  redundant   irredundant
c          MB    restarts       trail       variables
c           level   conflicts       glue         remaining
c 
c i 16.08 703 51 1 104  682  483 47% 23 195681 3967 75%
c i 16.08 703 51 1 104  684  484 47% 23 195681 3966 75%
c i 16.16 703 49 1 104  721  517 47% 23 195681 3965 75%
c i 16.17 703 49 1 104  733  527 47% 23 195681 3964 75%
c i 16.22 703 51 1 104  738  531 47% 23 195681 3963 74%
c i 16.46 703 51 1 112  804  572 47% 23 195681 3962 74%
c i 16.50 703 50 1 112  820  586 47% 23 195681 3961 74%
c i 16.51 703 50 1 112  828  593 47% 23 195681 3960 74%
c i 16.60 703 50 1 112  853  615 47% 23 195681 3959 74%
c i 16.63 703 51 1 112  860  621 47% 22 195681 3958 74%
c i 16.64 703 51 1 112  865  625 47% 22 195681 3957 74%
c i 16.84 703 51 1 119  983  676 47% 22 195681 3956 74%
c } 16.87 703 50 1 119 1000  692 47% 23 195681 3956 74%
c [ 16.87 703  0 1 119 1000  692  0% 0 195681 3956 74%
c O 16.88 703 23 1 119 1003  695 48% 8 195681 3956 74%
c - 17.37 781 19 2 119 1077  678 53% 14 195609 3956 74%
c i 17.44 781 21 2 119 1121  716 54% 16 195609 3955 74%
c i 17.46 781 21 2 119 1155  743 55% 15 195609 3954 74%
c i 17.48 781 20 2 119 1191  771 55% 15 195609 3953 74%
c i 17.49 781 20 2 119 1215  786 55% 15 195609 3952 74%
c 
c  seconds   reductions  redundant   irredundant
c          MB    restarts       trail       variables
c           level   conflicts       glue         remaining
c 
c i 17.71 748 18 2 119 1703 1131 56% 14 195609 3951 74%
c i 17.84 748 20 2 119 1933 1303 56% 16 195609 3950 74%
c i 17.84 748 20 2 119 1938 1307 56% 16 195609 3949 74%
c i 17.98 748 21 2 120 2172 1478 56% 17 195609 3948 74%
c - 18.18 747 21 3 120 2242 1221 56% 17 195585 3948 74%
c i 18.41 747 21 3 120 2336 1292 38% 17 195585 3947 74%
c i 18.41 747 21 3 120 2337 1292 38% 17 195585 3946 74%
c i 18.46 747 21 3 120 2445 1371 38% 18 195585 3945 74%
c ] 18.70 747 22 3 120 3000 1709 38% 18 195585 3945 74%
c { 18.70 747 50 3 120 3000 1709 63% 23 195585 3945 74%
c F 18.71 747 50 3 120 3005 1714 63% 22 195585 3945 74%
c i 18.73 747 50 3 120 3007 1715 63% 22 195585 3944 74%
c i 18.88 747 49 3 120 3054 1747 62% 22 195585 3943 74%
c i 19.35 747 48 3 144 3276 1918 56% 23 195585 3942 74%
c i 19.44 747 48 3 145 3335 1967 55% 22 195585 3941 74%
c i 19.44 747 48 3 145 3347 1973 55% 22 195585 3940 74%
c i 19.50 747 48 3 148 3387 2003 55% 22 195585 3939 74%
c i 19.82 747 49 3 169 3475 2079 53% 23 195585 3938 74%
c i 19.91 747 49 3 173 3495 2096 53% 23 195585 3937 74%
c i 20.11 747 53 3 177 3583 2166 52% 23 195585 3936 74%
c 
c  seconds   reductions  redundant   irredundant
c          MB    restarts       trail       variables
c           level   conflicts       glue         remaining
c 
c i 20.43 747 54 3 196 3654 2224 51% 24 195585 3935 74%
c i 20.59 747 55 3 212 3726 2289 50% 24 195585 3934 74%
c - 20.96 745 55 4 227 3791 1686 50% 25 195543 3934 74%
c i 21.13 745 55 4 234 3851 1741 49% 25 195543 3933 74%
c i 21.14 745 55 4 234 3882 1771 49% 25 195543 3932 74%
c i 21.40 745 55 4 248 3971 1853 48% 25 195543 3931 74%
c i 21.54 745 52 4 253 4263 2070 47% 24 195543 3930 74%
c i 21.56 745 51 4 253 4334 2110 47% 24 195543 3929 74%
c i 21.68 745 49 4 253 4472 2195 46% 24 195543 3928 74%
c i 21.70 745 49 4 253 4478 2200 46% 24 195543 3927 74%
c i 21.79 745 49 4 255 4547 2252 46% 24 195543 3926 74%
c i 21.79 745 49 4 255 4553 2257 46% 24 195543 3925 74%
c i 21.79 745 49 4 255 4559 2258 46% 24 195543 3924 74%
c i 21.83 745 48 4 255 4609 2290 46% 23 195543 3923 74%
c i 21.90 745 47 4 255 4762 2374 45% 23 195543 3922 74%
c d 22.27 745 44 4 255 5000 2477 45% 22 192539 3908 73%
c 2 22.32 745 44 4 255 5000 4805 45% 22 192473 3891 73%
c p 24.26 745 44 4 255 5000 10366 45% 22 192473 3831 72%
c d 24.55 745 44 4 255 5000 9974 45% 22 192086 3828 72%
c - 25.25 736 39 5 255 5728 2122 44% 21 192086 3828 72%
c 
c  seconds   reductions  redundant   irredundant
c          MB    restarts       trail       variables
c           level   conflicts       glue         remaining
c 
c # 25.38 736 38 5 255 6006 2294 44% 21 192086 3828 72%
c } 26.69 736 37 5 331 7001 3118 43% 21 192086 3828 72%
c [ 26.69 736 22 5 331 7001 3118 38% 18 192086 3828 72%
c ] 26.69 736 22 5 331 7025 3139 39% 18 192086 3828 72%
c 1 26.69 736 22 5 331 7025 3139 39% 18 192086 3828 72%
c 
c --- [ writing output ] -----------------------------------------------------
c 
c writing simplified CNF to DIMACS file 'simp/26.cubes800.adj.simp1'
c * 26.69 736 22 5 331 7025 3139 39% 18 192086 3828 72%
c opening file to write 'simp/26.cubes800.adj.simp1'
c writing 'p cnf 5320 192086' header
c closing file 'simp/26.cubes800.adj.simp1'
c after writing 72816415 bytes 69.4 MB
c wrote 192086 clauses in 0.47 seconds process time
c 
c --- [ writing extension ] --------------------------------------------------
c 
c writing extension stack to 'simp/26.cubes800.adj.ext1'
c opening file to write 'simp/26.cubes800.adj.ext1'
c closing file 'simp/26.cubes800.adj.ext1'
c after writing 21939 bytes 0.0 MB
c wrote 1509 witnesses in 0.00 seconds process time
c 
c --- [ result ] -------------------------------------------------------------
c 
s SATISFIABLE
c 
c --- [ run-time profiling ] -------------------------------------------------
c 
c process time taken by individual solving procedures
c (percentage relative to process time for solving)
c 
c        16.26   86.32% search
c        13.79   73.20% unstable
c         7.86   41.72% parse
c         2.58   13.68% simplify
c         1.94   10.29% probe
c         1.84    9.77% stable
c         0.63    3.34% lucky
c         0.04    0.21% ternary
c   =================================
c        18.84   69.33% solve
c 
c last line shows process time for solving
c (percentage relative to total process time)
c 
c --- [ statistics ] ---------------------------------------------------------
c 
c chronological:              1808        25.74 %  of conflicts
c conflicts:                  7025       372.95    per second
c decisions:                 33863      1797.77    per second
c fixed:                      1475        27.73 %  of all variables
c learned:                    6805        96.87 %  per conflict
c learned_lits:            1182716       100.00 %  learned literals
c minimized:                     0         0.00 %  learned literals
c shrunken:                 620890        52.50 %  learned literals
c minishrunken:             134440        11.37 %  learned literals
c propagations:            1751275         0.09 M  per second
c reduced:                    1958        27.87 %  per conflict
c rephased:                      3      2341.67    interval
c restarts:                    331        21.22    interval
c stabilizing:                   2        28.81 %  of conflicts
c substituted:                  17         0.32 %  of all variables
c subsumed:                   1837         0.09 %  of all clauses
c ternary:                    2328         0.48 %  of resolved
c weakened:                     34         2.00    average size
c 
c seconds are measured in process time for solving
c 
c --- [ resources ] ----------------------------------------------------------
c 
c total process time since initialization:        27.17    seconds
c total real time since initialization:           27.26    seconds
c maximum resident set size of process:          825.40    MB
c 
c --- [ shutting down ] ------------------------------------------------------
c 
c exit 10
c --- [ banner ] -------------------------------------------------------------
c 
c CaDiCaL Radically Simplified CDCL SAT Solver
c Copyright (c) 2016-2021 A. Biere, M. Fleury, N. Froleyks
c 
c Version 1.5.2 ca9bff05c11bde5eae4912f9932871d1527e61d8
c g++ (GCC) 9.3.0 -Wall -Wextra -O3 -DNDEBUG
c Sun May 1 02:23:23 EDT 2022 Linux gra-login1 3.10.0-1160.59.1.el7.x86_64 x86_64
c 
c --- [ limit ] --------------------------------------------------------------
c 
c setting conflict limit to 200000 conflicts (due to '200000')
c 
c --- [ parsing input ] ------------------------------------------------------
c 
c reading DIMACS file from 'simp/26.cubes800.adj.simp1'
c opening file to read 'simp/26.cubes800.adj.simp1'
c found 'p cnf 5320 192086' header
c parsed 192086 clauses in 0.85 seconds process time
c closing file 'simp/26.cubes800.adj.simp1'
c after reading 72816415 bytes 69.4 MB
c 
c --- [ options ] ------------------------------------------------------------
c 
c all options are set to their default value
c 
c --- [ solving ] ------------------------------------------------------------
c 
c time measured in process time since initialization
c 
c  seconds  reductions  redundant  irredundant
c         MB    restarts       trail      variables
c          level   conflicts       glue        remaining
c 
c *  0.85 79  0 0   0    0    0  0% 0 192086 3808 72%
c {  1.01 92  0 0   0    0    0  0% 0 192086 3808 72%
c -  2.38 107 51 1  39  301  235 21% 23 192086 3808 72%
c }  3.69 108 44 1  79 1000  804 24% 25 192086 3808 72%
c [  3.69 108  0 1  79 1000  804  0% 0 192086 3808 72%
c O  3.70 108 45 1  79 1002  806 16% 13 192086 3808 72%
c -  3.94 175 10 2  79 1072  736 11% 7 192086 3808 72%
c -  4.61 175 20 3  80 2227 1204 27% 17 192086 3808 72%
c ]  4.88 175 20 3  80 3000 1682 28% 17 192086 3808 72%
c {  4.88 175 44 3  80 3000 1682 24% 25 192086 3808 72%
c F  5.01 161 44 3  82 3009 1690 19% 25 192086 3808 72%
c -  5.84 161 32 4  82 3770 1548 35% 19 192086 3808 72%
c 2  6.63 160 27 4 109 5004 4457 38% 18 192076 3808 72%
c p  7.10 160 27 4 109 5004 9583 38% 18 192076 3808 72%
c -  7.63 161 27 5 139 5695 2061 38% 18 192076 3808 72%
c #  7.78 161 26 5 139 6010 2246 38% 18 192076 3808 72%
c } 10.03 161 31 5 322 7000 3020 36% 20 192076 3808 72%
c [ 10.03 161 20 5 322 7000 3020 39% 17 192076 3808 72%
c - 10.83 161 37 6 323 8007 2788 38% 29 192076 3808 72%
c I 12.15 161 49 6 324 10012 4433 38% 39 192076 3808 72%
c 
c  seconds   reductions   redundant   irredundant
c          MB    restarts        trail       variables
c           level    conflicts       glue         remaining
c 
c - 13.19 161 46 7 325 10703 3464 38% 36 192076 3808 72%
c s 13.69 161 44 7 326 11316 3844 38% 35 190421 3808 72%
c v 15.42 161 44 7 326 11316 3844 38% 35 190387 3808 72%
c t 15.47 161 44 7 326 11316 3841 38% 35 190325 3808 72%
c e 15.90 183 44 7 326 11316 3522 38% 35 185001 1060 20%
c s 15.97 183 44 7 326 11316 3520 38% 35 184807 1060 20%
c - 17.86 182 38 8 327 13784 3626 68% 31 184807 1060 20%
c ] 18.18 182 37 8 327 15007 4469 68% 30 184807 1060 20%
c { 18.18 182 31 8 327 15007 4469 131% 20 184807 1060 20%
c 3 18.19 182 31 8 328 15007 5176 131% 20 184806 1060 20%
c p 18.47 182 31 8 328 15007 6995 131% 20 184806 1060 20%
c B 18.53 182 31 8 329 15013 7001 131% 21 184806 1060 20%
c - 19.95 182 30 9 442 17208 4225 106% 20 184806 1060 20%
c - 22.97 183 28 10 650 21009 4418 88% 20 184806 1060 20%
c W 23.13 183 28 10 650 21018 4424 88% 20 184806 1060 20%
c } 23.71 183 28 10 669 22123 5211 86% 20 184806 1060 20%
c 1 23.71 183 28 10 669 22123 5211 86% 20 184806 1060 20%
c 
c --- [ writing output ] -----------------------------------------------------
c 
c writing simplified CNF to DIMACS file 'simp/26.cubes800.adj.simp2'
c * 23.71 183 28 10 669 22123 5211 86% 20 184806 1060 20%
c opening file to write 'simp/26.cubes800.adj.simp2'
c writing 'p cnf 5320 184806' header
c closing file 'simp/26.cubes800.adj.simp2'
c after writing 72608262 bytes 69.2 MB
c wrote 184806 clauses in 0.52 seconds process time
c 
c --- [ writing extension ] --------------------------------------------------
c 
c writing extension stack to 'simp/26.cubes800.adj.ext2'
c opening file to write 'simp/26.cubes800.adj.ext2'
c closing file 'simp/26.cubes800.adj.ext2'
c after writing 142987 bytes 0.1 MB
c wrote 5917 witnesses in 0.00 seconds process time
c 
c --- [ result ] -------------------------------------------------------------
c 
s SATISFIABLE
c 
c --- [ run-time profiling ] -------------------------------------------------
c 
c process time taken by individual solving procedures
c (percentage relative to process time for solving)
c 
c        19.36   84.70% search
c        12.37   54.13% unstable
c         6.68   29.21% stable
c         3.50   15.30% simplify
c         1.76    7.69% vivify
c         0.85    3.73% parse
c         0.74    3.25% elim
c         0.71    3.11% probe
c         0.16    0.71% lucky
c         0.15    0.66% subsume
c         0.15    0.65% walk
c         0.06    0.26% ternary
c   =================================
c        22.85   94.34% solve
c 
c last line shows process time for solving
c (percentage relative to total process time)
c 
c --- [ statistics ] ---------------------------------------------------------
c 
c chronological:              4067        18.38 %  of conflicts
c conflicts:                 22123       968.01    per second
c decisions:                 55599      2432.78    per second
c eliminated:                 2748        51.65 %  of all variables
c learned:                   21715        98.16 %  per conflict
c learned_lits:            3760888       100.00 %  learned literals
c minimized:                     0         0.00 %  learned literals
c shrunken:                2140380        56.91 %  learned literals
c minishrunken:             357256         9.50 %  learned literals
c propagations:            3271778         0.14 M  per second
c reduced:                   10146        45.86 %  per conflict
c rephased:                      6      3687.17    interval
c restarts:                    669        33.07    interval
c stabilizing:                   2        45.23 %  of conflicts
c subsumed:                   8266         1.84 %  of all clauses
c strengthened:              10373         2.31 %  of all clauses
c ternary:                    2917         0.52 %  of resolved
c vivified:                     48         0.01 %  of all clauses
c walked:                        1     22123.00    interval
c weakened:                   5917         2.98    average size
c 
c seconds are measured in process time for solving
c 
c --- [ resources ] ----------------------------------------------------------
c 
c total process time since initialization:        24.22    seconds
c total real time since initialization:           24.35    seconds
c maximum resident set size of process:          268.14    MB
c 
c --- [ shutting down ] ------------------------------------------------------
c 
c exit 10
WARNING! DIMACS header mismatch: wrong number of variables.
============================[ Problem Statistics ]=============================
|                                                                             |
|  Number of variables:          3948                                         |
|  Number of clauses:          184808                                         |
|  Parse time:                   1.10 s                                       |
|  Simplification time:          0.03 s                                       |
|                                                                             |
============================[ Search Statistics ]====================================================
| Conflicts |          ORIGINAL         |          LEARNT          | Num Sols |      SUBGRAPHS      |
|           |    Vars  Clauses Literals |    Limit  Clauses Lit/Cl |          | Canonical Noncanon. |
=====================================================================================================
|       100 |    3868   184808 16452037 |     2000      100     72 |        0 |        29         0 |
|       478 |    3868   185036 16456728 |     2000      478     48 |        0 |        66       228 |
|       722 |    3868   185055 16457259 |     2000      722     66 |        0 |        90       247 |
|      1075 |    3868   185071 16457726 |     2000     1075     75 |        0 |       109       263 |
|      1584 |    3868   185074 16457806 |     2000     1584     83 |        0 |       128       266 |
|      2360 |    3868   185091 16458393 |     3602     1362     56 |        0 |       160       283 |
|      3521 |    3868   185113 16458785 |     3602     2523     74 |        0 |       186       305 |
|      5272 |    3868   185156 16459760 |     5003     2475     63 |        0 |       218       348 |
|      8467 |    3868   185789 16471318 |     6305     3172     45 |        0 |       375       981 |
|     12724 |    3868   186202 16477602 |     7556     4280     46 |        0 |       472      1394 |
|     18778 |    3868   186490 16481195 |     8783     6561     60 |        0 |       537      1682 |
|     28486 |    3868   187549 16501157 |    11200     6886     52 |        0 |       755      2741 |
|     44181 |    3868   190270 16557443 |    13611    10792     54 |        0 |      1264      5462 |
|     66109 |    3868   192737 16601730 |    17212    10521     41 |        0 |      1977      7929 |
|     95978 |    3868   193414 16617695 |    20818    12796     42 |        0 |      2218      8606 |
|    140305 |    3868   193952 16628112 |    24403    24108     68 |        0 |      2434      9144 |
|    209773 |    3868   197736 16695145 |    30412    26585     67 |        0 |      3345     12928 |
|    321409 |    3868   210846 16898046 |    38818    19227     31 |        0 |      5094     26038 |
|    479529 |    3868   221177 17074079 |    47219    28948     48 |        0 |      5896     36369 |
|    702298 |    3868   222263 17098428 |    56816    46114     68 |        0 |      6936     37455 |
|   1035944 |    3868   223384 17121603 |    68813    68757     71 |        0 |      7611     38576 |
|   1626177 |    3868   314829 18410690 |    86814    79991     68 |        0 |     12948    130021 |
|   2397853 |    3868   338323 18802870 |   106031    85284     65 |        0 |     16456    153515 |
|   3664644 |    3857   268639 17614363 |   131219   113063     67 |        5 |     29810    298027 |
=====================================================================================================
Number of solutions   : 5
Canonical subgraphs   : 39567          (61 /sec)
          order  3    : 1              (200000 /sec)
          order  4    : 1              (500000 /sec)
          order  5    : 1              (inf /sec)
          order  6    : 1              (inf /sec)
          order  7    : 2              (10101 /sec)
          order  8    : 7              (2667 /sec)
          order  9    : 23             (783 /sec)
          order 10    : 101            (261 /sec)
          order 11    : 388            (99 /sec)
          order 12    : 2290           (63 /sec)
          order 13    : 18872          (60 /sec)
          order 14    : 14445          (64 /sec)
          order 15    : 3187           (52 /sec)
          order 16    : 109            (39 /sec)
          order 17    : 36             (32 /sec)
          order 18    : 27             (42 /sec)
          order 19    : 33             (41 /sec)
          order 20    : 38             (39 /sec)
          order 21    : 5              (3 /sec)
Noncanonical subgraphs: 419094         (470 /sec)
          order  3    : 0              (-nan /sec)
          order  4    : 0              (-nan /sec)
          order  5    : 0              (-nan /sec)
          order  6    : 0              (-nan /sec)
          order  7    : 0              (-nan /sec)
          order  8    : 0              (-nan /sec)
          order  9    : 0              (-nan /sec)
          order 10    : 0              (-nan /sec)
          order 11    : 0              (-nan /sec)
          order 12    : 0              (-nan /sec)
          order 13    : 38939          (2962 /sec)
          order 14    : 345777         (437 /sec)
          order 15    : 34234          (401 /sec)
          order 16    : 86             (308 /sec)
          order 17    : 17             (180 /sec)
          order 18    : 3              (63 /sec)
          order 19    : 3              (60 /sec)
          order 20    : 1              (57 /sec)
Canonicity checking   : 647.729 s
Noncanonicity checking: 891.484 s
Total canonicity time : 1539.21 s
database reductions   : 123
restarts              : 8190
conflicts             : 4748647        (1443 /sec)
decisions             : 6140121        (0.00 % random) (1865 /sec)
propagations          : 249958476      (75932 /sec)
conflict literals     : 482018312      (55.47 % deleted)
actual reward         : 0.212372
Memory used           : 312.00 MB
CPU time              : 3291.86 s

UNSATISFIABLE
