c --- [ banner ] -------------------------------------------------------------
c 
c CaDiCaL Radically Simplified CDCL SAT Solver
c Copyright (c) 2016-2021 A. Biere, M. Fleury, N. Froleyks
c 
c Version 1.5.2 ca9bff05c11bde5eae4912f9932871d1527e61d8
c g++ (GCC) 9.3.0 -Wall -Wextra -O3 -DNDEBUG
c Sun May 1 02:23:23 EDT 2022 Linux gra-login1 3.10.0-1160.59.1.el7.x86_64 x86_64
c 
c --- [ limit ] --------------------------------------------------------------
c 
c setting conflict limit to 200000 conflicts (due to '200000')
c 
c --- [ parsing input ] ------------------------------------------------------
c 
c reading DIMACS file from '26.cubes486.adj'
c opening file to read '26.cubes486.adj'
c found 'p cnf 5320 924214' header
c parsed 924214 clauses in 8.87 seconds process time
c closing file '26.cubes486.adj'
c after reading 686668139 bytes 654.9 MB
c 
c --- [ options ] ------------------------------------------------------------
c 
c all options are set to their default value
c 
c --- [ solving ] ------------------------------------------------------------
c 
c time measured in process time since initialization
c 
c  seconds   reductions  redundant  irredundant
c          MB    restarts       trail      variables
c           level   conflicts       glue        remaining
c 
c *  8.87 688  0 0   0    0    0  0% 0 923580 4150 78%
c {  9.46 722  0 0   0    0    0  0% 0 923580 4150 78%
c i 11.57 768 70 0  12   84   73 45% 10 923580 4149 78%
c i 11.76 769 72 0  14   95   80 46% 13 923580 4147 78%
c i 11.80 770 73 0  15   97   81 46% 12 923580 4142 78%
c i 11.84 771 93 0  16  119  100 44% 11 923580 4131 78%
c i 11.88 771 94 0  16  121  101 44% 10 923580 4130 78%
c i 12.35 773 114 0  24  160  136 46% 27 923580 4128 78%
c i 12.40 774 110 0  26  167  142 47% 27 923580 4127 78%
c i 12.48 774 105 0  30  180  153 47% 27 923580 4126 78%
c i 12.51 774 98 0  33  195  161 47% 27 923580 4113 77%
c i 12.52 774 97 0  34  197  162 47% 26 923580 4112 77%
c i 12.72 776 98 0  38  211  175 47% 26 923580 4100 77%
c i 13.56 780 97 0  48  286  241 47% 29 923580 4066 76%
c - 15.42 752 95 1  48  300  253 48% 29 298396 4063 76%
c i 15.60 752 97 1  48  310  262 48% 29 298396 4062 76%
c i 15.63 752 98 1  50  319  269 48% 30 298396 4061 76%
c i 16.02 753 91 1  57  392  330 49% 30 298396 4060 76%
c i 16.12 753 91 1  57  396  331 49% 30 298396 4059 76%
c i 16.21 753 92 1  58  410  343 49% 31 298396 4040 76%
c 
c  seconds   reductions  redundant   irredundant
c          MB    restarts       trail       variables
c           level   conflicts       glue         remaining
c 
c i 16.23 753 92 1  60  414  344 49% 31 298396 4013 75%
c i 16.26 753 93 1  60  418  347 49% 32 298396 4012 75%
c i 16.58 753 87 1  67  473  382 48% 31 298396 4011 75%
c i 16.65 753 87 1  67  479  387 48% 31 298396 4010 75%
c i 16.93 754 83 1  67  521  422 49% 31 298396 4009 75%
c i 17.06 754 76 1  67  600  480 49% 29 298396 4008 75%
c i 17.12 754 75 1  67  628  507 50% 29 298396 4007 75%
c i 17.13 754 74 1  67  629  507 50% 29 298396 4006 75%
c i 17.13 754 74 1  67  632  509 50% 29 298396 4005 75%
c i 17.14 754 74 1  67  637  513 50% 29 298396 4004 75%
c i 17.15 754 74 1  67  638  513 50% 29 298396 4003 75%
c i 17.24 754 73 1  68  670  541 50% 29 298396 4002 75%
c i 17.27 754 73 1  68  680  550 50% 29 298396 4001 75%
c i 17.36 754 72 1  68  701  567 50% 29 298396 4000 75%
c i 17.36 754 72 1  68  702  567 50% 29 298396 3999 75%
c i 17.49 754 70 1  68  745  603 50% 29 298396 3998 75%
c i 17.58 754 70 1  69  760  616 50% 29 298396 3997 75%
c i 17.64 754 69 1  69  778  633 50% 29 298396 3996 75%
c i 17.75 754 68 1  71  823  671 51% 29 298396 3995 75%
c i 17.76 754 68 1  71  830  675 50% 29 298396 3994 75%
c 
c  seconds   reductions  redundant   irredundant
c          MB    restarts       trail       variables
c           level   conflicts       glue         remaining
c 
c i 17.81 754 68 1  71  835  679 50% 29 298396 3993 75%
c i 17.95 754 69 1  71  897  710 50% 29 298396 3992 75%
c i 17.97 755 70 1  72  901  713 50% 29 298396 3991 75%
c i 18.08 755 72 1  77  932  733 50% 30 298396 3990 75%
c i 18.14 755 72 1  78  934  734 50% 30 298396 3989 75%
c i 18.44 755 72 1  91  995  769 50% 31 298396 3988 75%
c } 18.48 755 72 1  92 1002  776 50% 31 298396 3988 75%
c [ 18.48 755  0 1  92 1002  776  0% 0 298396 3988 75%
c O 18.49 755  1 1  92 1003  777 28% 1 298396 3988 75%
c i 18.49 755  0 1  92 1004  777 28% 0 298396 3932 74%
c i 18.49 755  1 1  92 1005  777 27% 0 298396 3913 74%
c i 18.64 755 13 1  92 1061  817 57% 10 298396 3912 74%
c i 18.64 755 13 1  92 1062  817 57% 9 298396 3911 74%
c i 18.68 755 13 1  92 1128  856 57% 11 298396 3910 73%
c i 18.69 755 13 1  92 1144  867 57% 11 298396 3909 73%
c i 18.69 755 13 1  92 1148  866 57% 11 298396 3908 73%
c - 19.31 847 13 2  92 1184  777 57% 11 233526 3908 73%
c i 19.34 847 13 2  92 1185  777 57% 11 233526 3907 73%
c i 19.40 847 13 2  92 1197  786 57% 11 233526 3906 73%
c i 19.40 847 13 2  92 1198  786 57% 11 233526 3905 73%
c 
c  seconds   reductions  redundant   irredundant
c          MB    restarts       trail       variables
c           level   conflicts       glue         remaining
c 
c i 19.40 847 13 2  92 1200  787 57% 11 233526 3904 73%
c i 19.40 847 13 2  92 1201  787 57% 11 233526 3903 73%
c i 19.49 847 15 2  92 1239  814 57% 12 233526 3902 73%
c i 19.49 847 15 2  92 1241  815 57% 12 233526 3901 73%
c i 19.49 847 15 2  92 1242  815 57% 12 233526 3900 73%
c i 19.49 847 15 2  92 1243  815 57% 12 233526 3899 73%
c i 19.53 847 16 2  92 1285  847 57% 13 233526 3898 73%
c i 19.54 847 16 2  92 1304  861 56% 13 233526 3897 73%
c i 19.55 847 16 2  92 1317  871 56% 13 233526 3896 73%
c i 19.55 847 16 2  92 1329  879 56% 13 233526 3895 73%
c i 19.55 847 16 2  92 1330  879 56% 13 233526 3894 73%
c i 19.55 847 16 2  92 1335  881 56% 13 233526 3893 73%
c i 19.57 847 16 2  92 1352  893 56% 13 233526 3892 73%
c i 19.60 847 16 2  92 1403  938 56% 13 233526 3891 73%
c i 19.61 847 16 2  92 1404  938 56% 13 233526 3890 73%
c i 19.62 847 16 2  92 1442  962 56% 13 233526 3889 73%
c i 19.64 847 17 2  92 1487  997 55% 14 233526 3888 73%
c i 19.66 847 18 2  92 1543 1031 55% 15 233526 3887 73%
c i 19.67 847 18 2  92 1580 1059 55% 15 233526 3886 73%
c i 19.67 847 18 2  92 1616 1083 55% 15 233526 3885 73%
c 
c  seconds   reductions  redundant   irredundant
c          MB    restarts       trail       variables
c           level   conflicts       glue         remaining
c 
c i 19.71 847 19 2  92 1704 1137 55% 16 233526 3884 73%
c i 19.72 847 19 2  92 1734 1159 55% 16 233526 3883 73%
c i 19.74 847 20 2  92 1820 1219 55% 16 233526 3882 73%
c i 19.74 847 20 2  92 1828 1225 55% 16 233526 3881 73%
c i 19.74 847 20 2  92 1829 1225 55% 16 233526 3880 73%
c i 19.76 847 20 2  92 1878 1261 55% 16 233526 3879 73%
c i 19.77 847 20 2  92 1903 1280 55% 16 233526 3878 73%
c i 19.78 847 20 2  92 1939 1299 55% 17 233526 3877 73%
c i 19.79 847 20 2  92 1979 1321 55% 16 233526 3876 73%
c - 20.29 842 19 3  93 2417 1217 55% 16 233430 3876 73%
c i 20.59 794 19 3  93 2450 1234 40% 16 233430 3875 73%
c i 20.60 794 19 3  93 2459 1242 38% 16 233430 3874 73%
c i 20.60 794 19 3  93 2466 1248 37% 16 233430 3873 73%
c i 20.61 794 19 3  93 2467 1248 37% 16 233430 3872 73%
c i 20.61 794 19 3  93 2477 1257 38% 16 233430 3871 73%
c i 20.62 794 19 3  93 2480 1258 37% 16 233430 3870 73%
c i 20.62 794 19 3  93 2482 1259 37% 16 233430 3869 73%
c i 20.63 794 19 3  93 2488 1263 37% 16 233430 3868 73%
c i 20.63 794 19 3  93 2496 1270 36% 16 233430 3867 73%
c i 20.63 794 19 3  93 2497 1270 36% 16 233430 3866 73%
c 
c  seconds   reductions  redundant   irredundant
c          MB    restarts       trail       variables
c           level   conflicts       glue         remaining
c 
c i 20.63 794 19 3  93 2498 1270 36% 16 233430 3865 73%
c i 20.63 794 19 3  93 2500 1271 36% 16 233430 3864 73%
c i 20.64 794 19 3  93 2502 1270 36% 16 233430 3863 73%
c i 20.68 794 19 3  93 2543 1299 34% 16 233430 3862 73%
c i 20.68 794 19 3  93 2544 1299 34% 16 233430 3861 73%
c i 20.68 794 19 3  93 2545 1299 34% 16 233430 3860 73%
c i 20.71 794 19 3  93 2560 1313 35% 16 233430 3859 73%
c i 20.75 794 19 3  93 2609 1342 36% 16 233430 3858 73%
c i 20.75 794 19 3  93 2610 1342 36% 16 233430 3857 72%
c i 20.75 794 19 3  93 2611 1342 36% 16 233430 3856 72%
c i 20.75 794 19 3  93 2612 1342 36% 16 233430 3855 72%
c ] 21.06 794 20 3  93 3002 1617 40% 16 233430 3855 72%
c { 21.06 794 72 3  93 3002 1617 68% 31 233430 3855 72%
c F 21.07 794 72 3  93 3004 1619 68% 30 233430 3855 72%
c i 22.11 794 50 3  96 3945 2294 51% 24 233430 3854 72%
c - 22.46 791 48 4  96 4059 1708 51% 23 233364 3854 72%
c 3 23.58 791 42 4  98 5001 3919 46% 21 233336 3840 72%
c 2 23.64 791 42 4  98 5001 4080 46% 21 233293 3840 72%
c p 31.10 791 42 4  98 5001 8006 46% 21 233293 3774 71%
c d 31.35 791 42 4  98 5001 7986 46% 21 233094 3773 71%
c 
c  seconds   reductions  redundant   irredundant
c          MB    restarts       trail       variables
c           level   conflicts       glue         remaining
c 
c # 32.18 791 36 4  98 6007 8690 44% 19 233094 3773 71%
c - 32.67 790 36 5  98 6112 2478 44% 19 233094 3773 71%
c } 33.53 790 32 5  98 7002 3078 42% 18 233094 3773 71%
c [ 33.53 790 20 5  98 7002 3078 40% 16 233094 3773 71%
c - 34.43 791 19 6  99 8573 2618 39% 16 233094 3773 71%
c I 34.94 791 20 6 100 10009 3454 38% 17 233094 3773 71%
c - 36.11 791 24 7 102 11444 3181 37% 19 233094 3773 71%
c - 37.51 791 25 8 103 14727 3743 37% 20 233094 3773 71%
c p 39.46 791 25 8 103 15001 9473 37% 20 233094 3773 71%
c ] 39.55 791 25 8 103 15002 9474 37% 20 233094 3773 71%
c { 39.55 791 32 8 103 15002 9474 42% 18 233094 3773 71%
c B 39.66 791 32 8 103 15010 9481 42% 18 233094 3773 71%
c s 41.17 791 33 8 182 15597 9674 41% 19 231497 3773 71%
c v 45.57 791 33 8 182 15597 9674 41% 19 231364 3773 71%
c t 45.70 791 33 8 182 15597 9663 41% 19 231321 3773 71%
c e 46.49 792 33 8 182 15597 4563 41% 19 225111 742 14%
c s 46.61 792 33 8 182 15597 4563 41% 19 224714 742 14%
c - 50.06 791 27 9 215 18419 3929 76% 17 224714 742 14%
c W 54.23 791 29 9 427 21011 5856 73% 18 224714 742 14%
c } 54.60 791 29 9 428 21502 6169 74% 18 224714 742 14%
c 
c  seconds   reductions   redundant   irredundant
c          MB    restarts        trail       variables
c           level    conflicts       glue        remaining
c 
c 1 54.60 791 29 9 428 21502 6169 74% 18 224714 742 14%
c 
c --- [ writing output ] -----------------------------------------------------
c 
c writing simplified CNF to DIMACS file 'simp/26.cubes486.adj.simp1'
c * 54.60 791 29 9 428 21502 6169 74% 18 224714 742 14%
c opening file to write 'simp/26.cubes486.adj.simp1'
c writing 'p cnf 5320 224714' header
c closing file 'simp/26.cubes486.adj.simp1'
c after writing 92333669 bytes 88.1 MB
c wrote 224714 clauses in 0.69 seconds process time
c 
c --- [ writing extension ] --------------------------------------------------
c 
c writing extension stack to 'simp/26.cubes486.adj.ext1'
c opening file to write 'simp/26.cubes486.adj.ext1'
c closing file 'simp/26.cubes486.adj.ext1'
c after writing 193664 bytes 0.2 MB
c wrote 8400 witnesses in 0.00 seconds process time
c 
c --- [ result ] -------------------------------------------------------------
c 
s SATISFIABLE
c 
c --- [ run-time profiling ] -------------------------------------------------
c 
c process time taken by individual solving procedures
c (percentage relative to process time for solving)
c 
c        29.52   64.56% search
c        22.05   48.23% unstable
c        16.21   35.44% simplify
c         9.23   20.19% probe
c         8.87   19.41% parse
c         6.74   14.75% stable
c         4.49    9.82% vivify
c         1.50    3.28% elim
c         0.58    1.27% lucky
c         0.24    0.52% subsume
c         0.14    0.31% walk
c         0.09    0.19% ternary
c   =================================
c        45.72   82.70% solve
c 
c last line shows process time for solving
c (percentage relative to total process time)
c 
c --- [ statistics ] ---------------------------------------------------------
c 
c chronological:              4659        21.67 %  of conflicts
c conflicts:                 21502       470.27    per second
c decisions:                 56128      1227.58    per second
c eliminated:                 3031        56.97 %  of all variables
c fixed:                      1532        28.80 %  of all variables
c learned:                   21050        97.90 %  per conflict
c learned_lits:            3293688       100.00 %  learned literals
c minimized:                     0         0.00 %  learned literals
c shrunken:                1963522        59.61 %  learned literals
c minishrunken:             289526         8.79 %  learned literals
c propagations:            4267516         0.09 M  per second
c reduced:                    7707        35.84 %  per conflict
c rephased:                      6      3583.67    interval
c restarts:                    428        50.24    interval
c stabilizing:                   2        46.51 %  of conflicts
c substituted:                  15         0.28 %  of all variables
c subsumed:                   9047         0.43 %  of all clauses
c strengthened:               5394         0.26 %  of all clauses
c ternary:                    3168         0.42 %  of resolved
c vivified:                    150         0.01 %  of all clauses
c walked:                        1     21502.00    interval
c weakened:                   6868         3.14    average size
c 
c seconds are measured in process time for solving
c 
c --- [ resources ] ----------------------------------------------------------
c 
c total process time since initialization:        55.29    seconds
c total real time since initialization:           55.44    seconds
c maximum resident set size of process:          934.49    MB
c 
c --- [ shutting down ] ------------------------------------------------------
c 
c exit 10
WARNING! DIMACS header mismatch: wrong number of variables.
============================[ Problem Statistics ]=============================
|                                                                             |
|  Number of variables:          2781                                         |
|  Number of clauses:          224714                                         |
|  Parse time:                   1.25 s                                       |
|  Simplification time:          0.02 s                                       |
|                                                                             |
============================[ Search Statistics ]====================================================
| Conflicts |          ORIGINAL         |          LEARNT          | Num Sols |      SUBGRAPHS      |
|           |    Vars  Clauses Literals |    Limit  Clauses Lit/Cl |          | Canonical Noncanon. |
=====================================================================================================
|       100 |    2703   224714 20809715 |     2000      100    133 |        0 |        17         0 |
|       252 |    2703   224716 20809745 |     2000      252    116 |        0 |        34         2 |
|       491 |    2703   224730 20810101 |     2000      491     87 |        0 |        65        16 |
|      1454 |    2703   225356 20820686 |     2000     1454     41 |        0 |       246       642 |
|      2697 |    2703   226093 20834270 |     3603     1700     14 |        0 |       460      1379 |
|      4766 |    2703   227403 20855699 |     5002     1968     12 |        0 |       886      2689 |
|     11012 |    2703   232510 20937965 |     6304     5716     18 |        0 |      1661      7796 |
|     13715 |    2703   233505 20954966 |     7555     5270     35 |        0 |      1865      8791 |
|     16364 |    2703   233592 20957079 |     8791     4155     21 |        0 |      1885      8878 |
|     24709 |    2703   238093 21031279 |    10001     8110     27 |        0 |      2387     13379 |
|     42394 |    2703   250012 21191831 |    13612     9006     34 |        0 |      3509     25298 |
|     55866 |    2703   254835 21262428 |    16010     8276     19 |        0 |      3993     30121 |
|     83695 |    2703   269690 21461098 |    19620    10315     19 |        0 |      5090     44976 |
|    105268 |    2703   271802 21492824 |    22012    11680     17 |        0 |      5408     47088 |
|    138819 |    2703   276161 21556624 |    24412    22631     51 |        0 |      5802     51447 |
|    192389 |    2703   285942 21686084 |    29217    23806     42 |        0 |      6503     61228 |
=====================================================================================================
Number of solutions   : 0
Canonical subgraphs   : 7058           (125 /sec)
          order  3    : 1              (125000 /sec)
          order  4    : 1              (500000 /sec)
          order  5    : 1              (250000 /sec)
          order  6    : 1              (50000 /sec)
          order  7    : 2              (9950 /sec)
          order  8    : 6              (2592 /sec)
          order  9    : 14             (605 /sec)
          order 10    : 56             (264 /sec)
          order 11    : 219            (217 /sec)
          order 12    : 1010           (201 /sec)
          order 13    : 4691           (153 /sec)
          order 14    : 956            (56 /sec)
          order 15    : 100            (40 /sec)
          order 16    : 0              (-nan /sec)
          order 17    : 0              (-nan /sec)
          order 18    : 0              (-nan /sec)
          order 19    : 0              (-nan /sec)
          order 20    : 0              (-nan /sec)
          order 21    : 0              (-nan /sec)
Noncanonical subgraphs: 72142          (835 /sec)
          order  3    : 0              (-nan /sec)
          order  4    : 0              (-nan /sec)
          order  5    : 0              (-nan /sec)
          order  6    : 0              (-nan /sec)
          order  7    : 0              (-nan /sec)
          order  8    : 0              (-nan /sec)
          order  9    : 0              (-nan /sec)
          order 10    : 0              (-nan /sec)
          order 11    : 0              (-nan /sec)
          order 12    : 0              (-nan /sec)
          order 13    : 7100           (8154 /sec)
          order 14    : 59555          (796 /sec)
          order 15    : 5090           (512 /sec)
          order 16    : 397            (524 /sec)
          order 17    : 0              (-nan /sec)
          order 18    : 0              (-nan /sec)
          order 19    : 0              (-nan /sec)
          order 20    : 0              (-nan /sec)
Canonicity checking   : 56.3742 s
Noncanonicity checking: 86.3488 s
Total canonicity time : 142.723 s
database reductions   : 25
restarts              : 542
conflicts             : 237604         (979 /sec)
decisions             : 385450         (0.00 % random) (1587 /sec)
propagations          : 9296741        (38287 /sec)
conflict literals     : 16482101       (53.41 % deleted)
actual reward         : 0.243696
Memory used           : 282.00 MB
CPU time              : 242.819 s

UNSATISFIABLE
