+ '[' -z 3304 ']'
+ f=constraints_22_11.simp-noncanon.simp
+ c=22-cubes/30.cubes
+ i=3304
+ s=70
+ adj=22-cubes/30.cubes3304.adj
+ cnf=22-cubes/30.cubes3304.cnf
+ ext=22-cubes/30.cubes3304.ext
+ cnfext=22-cubes/30.cubes3304.cnfext
+ unitlines=0
++ sed '3305q;d' 22-cubes/30.cubes
+ for b in '$(sed "$((i+1))q;d" "$c")'
+ [[ a != \a ]]
+ for b in '$(sed "$((i+1))q;d" "$c")'
+ [[ -92 != \a ]]
+ [[ -92 != \0 ]]
+ unitlines=1
+ for b in '$(sed "$((i+1))q;d" "$c")'
+ [[ -137 != \a ]]
+ [[ -137 != \0 ]]
+ unitlines=2
+ for b in '$(sed "$((i+1))q;d" "$c")'
+ [[ 122 != \a ]]
+ [[ 122 != \0 ]]
+ unitlines=3
+ for b in '$(sed "$((i+1))q;d" "$c")'
+ [[ -80 != \a ]]
+ [[ -80 != \0 ]]
+ unitlines=4
+ for b in '$(sed "$((i+1))q;d" "$c")'
+ [[ -58 != \a ]]
+ [[ -58 != \0 ]]
+ unitlines=5
+ for b in '$(sed "$((i+1))q;d" "$c")'
+ [[ -207 != \a ]]
+ [[ -207 != \0 ]]
+ unitlines=6
+ for b in '$(sed "$((i+1))q;d" "$c")'
+ [[ -154 != \a ]]
+ [[ -154 != \0 ]]
+ unitlines=7
+ for b in '$(sed "$((i+1))q;d" "$c")'
+ [[ -27 != \a ]]
+ [[ -27 != \0 ]]
+ unitlines=8
+ for b in '$(sed "$((i+1))q;d" "$c")'
+ [[ 169 != \a ]]
+ [[ 169 != \0 ]]
+ unitlines=9
+ for b in '$(sed "$((i+1))q;d" "$c")'
+ [[ -107 != \a ]]
+ [[ -107 != \0 ]]
+ unitlines=10
+ for b in '$(sed "$((i+1))q;d" "$c")'
+ [[ -168 != \a ]]
+ [[ -168 != \0 ]]
+ unitlines=11
+ for b in '$(sed "$((i+1))q;d" "$c")'
+ [[ -167 != \a ]]
+ [[ -167 != \0 ]]
+ unitlines=12
+ for b in '$(sed "$((i+1))q;d" "$c")'
+ [[ 188 != \a ]]
+ [[ 188 != \0 ]]
+ unitlines=13
+ for b in '$(sed "$((i+1))q;d" "$c")'
+ [[ -226 != \a ]]
+ [[ -226 != \0 ]]
+ unitlines=14
+ for b in '$(sed "$((i+1))q;d" "$c")'
+ [[ -32 != \a ]]
+ [[ -32 != \0 ]]
+ unitlines=15
+ for b in '$(sed "$((i+1))q;d" "$c")'
+ [[ 166 != \a ]]
+ [[ 166 != \0 ]]
+ unitlines=16
+ for b in '$(sed "$((i+1))q;d" "$c")'
+ [[ -33 != \a ]]
+ [[ -33 != \0 ]]
+ unitlines=17
+ for b in '$(sed "$((i+1))q;d" "$c")'
+ [[ 170 != \a ]]
+ [[ 170 != \0 ]]
+ unitlines=18
+ for b in '$(sed "$((i+1))q;d" "$c")'
+ [[ 135 != \a ]]
+ [[ 135 != \0 ]]
+ unitlines=19
+ for b in '$(sed "$((i+1))q;d" "$c")'
+ [[ 0 != \a ]]
+ [[ 0 != \0 ]]
++ cut '-d ' -f3
++ head -n 1 constraints_22_11.simp-noncanon.simp
+ numvars=6160
++ cut '-d ' -f4
++ head -n 1 constraints_22_11.simp-noncanon.simp
+ numlines=1786659
+ newlines=1786678
+ echo 'p cnf 6160 1786678'
+ tail constraints_22_11.simp-noncanon.simp -n +2
++ sed '3305q;d' 22-cubes/30.cubes
+ for b in '$(sed "$((i+1))q;d" "$c")'
+ [[ a != \a ]]
+ for b in '$(sed "$((i+1))q;d" "$c")'
+ [[ -92 != \a ]]
+ [[ -92 != \0 ]]
+ echo '-92 0'
+ for b in '$(sed "$((i+1))q;d" "$c")'
+ [[ -137 != \a ]]
+ [[ -137 != \0 ]]
+ echo '-137 0'
+ for b in '$(sed "$((i+1))q;d" "$c")'
+ [[ 122 != \a ]]
+ [[ 122 != \0 ]]
+ echo '122 0'
+ for b in '$(sed "$((i+1))q;d" "$c")'
+ [[ -80 != \a ]]
+ [[ -80 != \0 ]]
+ echo '-80 0'
+ for b in '$(sed "$((i+1))q;d" "$c")'
+ [[ -58 != \a ]]
+ [[ -58 != \0 ]]
+ echo '-58 0'
+ for b in '$(sed "$((i+1))q;d" "$c")'
+ [[ -207 != \a ]]
+ [[ -207 != \0 ]]
+ echo '-207 0'
+ for b in '$(sed "$((i+1))q;d" "$c")'
+ [[ -154 != \a ]]
+ [[ -154 != \0 ]]
+ echo '-154 0'
+ for b in '$(sed "$((i+1))q;d" "$c")'
+ [[ -27 != \a ]]
+ [[ -27 != \0 ]]
+ echo '-27 0'
+ for b in '$(sed "$((i+1))q;d" "$c")'
+ [[ 169 != \a ]]
+ [[ 169 != \0 ]]
+ echo '169 0'
+ for b in '$(sed "$((i+1))q;d" "$c")'
+ [[ -107 != \a ]]
+ [[ -107 != \0 ]]
+ echo '-107 0'
+ for b in '$(sed "$((i+1))q;d" "$c")'
+ [[ -168 != \a ]]
+ [[ -168 != \0 ]]
+ echo '-168 0'
+ for b in '$(sed "$((i+1))q;d" "$c")'
+ [[ -167 != \a ]]
+ [[ -167 != \0 ]]
+ echo '-167 0'
+ for b in '$(sed "$((i+1))q;d" "$c")'
+ [[ 188 != \a ]]
+ [[ 188 != \0 ]]
+ echo '188 0'
+ for b in '$(sed "$((i+1))q;d" "$c")'
+ [[ -226 != \a ]]
+ [[ -226 != \0 ]]
+ echo '-226 0'
+ for b in '$(sed "$((i+1))q;d" "$c")'
+ [[ -32 != \a ]]
+ [[ -32 != \0 ]]
+ echo '-32 0'
+ for b in '$(sed "$((i+1))q;d" "$c")'
+ [[ 166 != \a ]]
+ [[ 166 != \0 ]]
+ echo '166 0'
+ for b in '$(sed "$((i+1))q;d" "$c")'
+ [[ -33 != \a ]]
+ [[ -33 != \0 ]]
+ echo '-33 0'
+ for b in '$(sed "$((i+1))q;d" "$c")'
+ [[ 170 != \a ]]
+ [[ 170 != \0 ]]
+ echo '170 0'
+ for b in '$(sed "$((i+1))q;d" "$c")'
+ [[ 135 != \a ]]
+ [[ 135 != \0 ]]
+ echo '135 0'
+ for b in '$(sed "$((i+1))q;d" "$c")'
+ [[ 0 != \a ]]
+ [[ 0 != \0 ]]
+ ./simplify-by-var-removal.sh 22-cubes/30.cubes3304.adj 70
+ '[' -z 70 ']'
+ f=22-cubes/30.cubes3304.adj
+ p=70
++ echo 22-cubes
+ sub_dir=22-cubes
+ mkdir -p log/22-cubes
+ mkdir -p simp/22-cubes
+ tee log/22-cubes/30.cubes3304.adj.simp1
+ ./cadical/build/cadical 22-cubes/30.cubes3304.adj -o simp/22-cubes/30.cubes3304.adj.simp1 -e simp/22-cubes/30.cubes3304.adj.ext1 -n -c 200000
c --- [ banner ] -------------------------------------------------------------
c 
c CaDiCaL Radically Simplified CDCL SAT Solver
c Copyright (c) 2016-2021 A. Biere, M. Fleury, N. Froleyks
c 
c Version 1.5.2
c g++ (GCC) 9.3.0 -Wall -Wextra -O3 -DNDEBUG
c Tue Feb 8 21:15:15 EST 2022 Linux gra-login1 3.10.0-1160.36.2.el7.x86_64 x86_64
c 
c --- [ limit ] --------------------------------------------------------------
c 
c setting conflict limit to 200000 conflicts (due to '200000')
c 
c --- [ parsing input ] ------------------------------------------------------
c 
c reading DIMACS file from '22-cubes/30.cubes3304.adj'
c opening file to read '22-cubes/30.cubes3304.adj'
c found 'p cnf 6160 1786678' header
c parsed 1786678 clauses in 18.52 seconds process time
c closing file '22-cubes/30.cubes3304.adj'
c after reading 1542541737 bytes 1471.1 MB
c 
c --- [ options ] ------------------------------------------------------------
c 
c all options are set to their default value
c 
c --- [ solving ] ------------------------------------------------------------
c 
c time measured in process time since initialization
c 
c  seconds    reductions  redundant   irredundant
c          MB     restarts       trail       variables
c            level   conflicts       glue         remaining
c 
c * 18.52 1481  0 0   0    0    0  0% 0 1785954 4485 73%
c { 20.05 1551  0 0   0    0    0  0% 0 1785954 4485 73%
c i 21.47 1569 142 0   2   56   51 51% 15 1785954 4484 73%
c i 21.87 1576 126 0   7   82   70 51% 19 1785954 4465 72%
c i 22.97 1585 96 0  22  165  135 51% 28 1785954 4461 72%
c i 22.98 1585 95 0  22  168  137 51% 28 1785954 4460 72%
c - 27.00 1545 67 1  23  306  236 52% 27 297395 4460 72%
c i 27.26 1497 64 1  27  334  260 52% 26 297395 4459 72%
c i 27.33 1497 61 1  27  371  293 53% 26 297395 4458 72%
c i 27.51 1497 57 1  34  478  356 51% 25 297395 4457 72%
c i 27.65 1465 52 1  34  597  437 51% 24 297395 4456 72%
c i 27.68 1465 51 1  37  650  482 52% 25 297395 4455 72%
c i 27.79 1465 55 1  44  678  507 52% 27 297395 4451 72%
c i 28.69 1465 55 1  81  940  739 52% 28 297395 4445 72%
c } 28.90 1465 57 1  96 1000  792 52% 29 297395 4445 72%
c [ 28.90 1465  0 1  96 1000  792  0% 0 297395 4445 72%
c O 28.91 1465  6 1  96 1002  794 35% 2 297395 4445 72%
c - 29.62 1593 22 2  96 1191  808 56% 18 297139 4445 72%
c i 29.73 1593 23 2  96 1392  942 56% 18 297139 4444 72%
c i 29.88 1593 26 2  96 1928 1303 56% 21 297139 4443 72%
c 
c  seconds    reductions  redundant   irredundant
c          MB     restarts       trail       variables
c            level   conflicts       glue         remaining
c 
c - 30.27 1593 26 3  97 2521 1257 56% 21 297133 4443 72%
c i 30.52 1593 25 3  97 2769 1411 37% 21 297133 4442 72%
c ] 30.57 1593 24 3  97 3001 1549 39% 21 297133 4442 72%
c { 30.57 1593 57 3  97 3001 1549 72% 29 297133 4442 72%
c F 30.58 1593 57 3  98 3003 1551 72% 29 297133 4442 72%
c i 30.76 1593 54 3  99 3126 1648 68% 27 297133 4441 72%
c i 30.77 1593 53 3  99 3128 1647 68% 27 297133 4440 72%
c i 30.80 1593 52 3  99 3207 1715 66% 26 297133 4439 72%
c i 31.23 1593 49 3 106 3687 2085 57% 25 297133 4438 72%
c i 31.37 1593 48 3 115 3830 2199 55% 25 297133 4437 72%
c i 31.39 1593 47 3 115 3876 2229 55% 25 297133 4436 72%
c - 32.25 1591 47 4 155 4288 1884 51% 25 297112 4436 72%
c 3 33.04 1591 46 4 184 5002 4406 47% 25 297102 4431 72%
c 2 33.08 1591 46 4 184 5002 4616 47% 25 296977 4408 72%
c p 33.99 1591 46 4 184 5002 10625 47% 25 296977 4358 71%
c d 34.43 1591 46 4 184 5002 10555 47% 25 253987 4354 71%
c # 34.91 1591 39 4 184 6004 11234 45% 22 253987 4354 71%
c - 35.48 1466 38 5 196 6497 2602 44% 22 253987 4354 71%
c } 35.77 1466 36 5 197 7001 2897 44% 21 253987 4354 71%
c [ 35.77 1466 24 5 197 7001 2897 39% 21 253987 4354 71%
c 
c  seconds    reductions  redundant   irredundant
c          MB     restarts       trail       variables
c            level   conflicts       glue         remaining
c 
c - 36.45 1468 23 6 198 9026 2825 39% 20 253987 4354 71%
c I 36.79 1468 23 6 199 10006 3430 39% 19 253987 4354 71%
c - 37.91 1468 24 7 201 11978 3151 38% 20 253987 4354 71%
c ] 39.61 1468 26 7 202 15002 5422 38% 21 253987 4354 71%
c { 39.61 1468 36 7 202 15002 5422 44% 21 253987 4354 71%
c 3 39.64 1468 36 7 202 15002 7700 44% 21 253987 4354 71%
c 2 39.68 1468 36 7 202 15002 7897 44% 21 253965 4354 71%
c p 40.69 1468 36 7 202 15002 14182 44% 21 253965 4354 71%
c B 40.86 1468 36 7 202 15008 14188 44% 21 253965 4354 71%
c - 41.67 1468 38 8 267 15350 4223 43% 22 253965 4354 71%
c s 43.82 1468 35 8 348 17275 5488 41% 21 251314 4354 71%
c v 46.69 1468 35 8 348 17275 5488 41% 21 251172 4354 71%
c w 46.79 1468 35 8 348 17275 5484 41% 21 251172 4354 71%
c t 46.80 1468 35 8 348 17275 5480 41% 21 251043 4354 71%
c e 47.63 1468 35 8 348 17275 5237 41% 21 243866 1305 21%
c s 47.74 1468 35 8 348 17275 5236 41% 21 243519 1305 21%
c - 50.54 1470 33 9 408 19144 4753 58% 21 243519 1305 21%
c W 52.66 1470 34 9 532 21010 6232 57% 21 243519 1305 21%
c - 54.66 1470 33 10 639 23309 5657 58% 20 243519 1305 21%
c - 60.05 1470 32 11 893 27885 6647 59% 20 243519 1305 21%
c 
c  seconds    reductions    redundant   irredundant
c          MB      restarts        trail       variables
c            level     conflicts       glue         remaining
c 
c F 60.19 1470 32 11 893 28012 6724 59% 20 243519 1305 21%
c d 62.16 1470 33 11 1090 30002 8195 58% 21 228844 1304 21%
c 3 62.18 1470 33 11 1090 30002 9105 58% 21 228844 1304 21%
c p 63.30 1470 33 11 1090 30002 12202 58% 21 228844 1303 21%
c } 65.15 1470 33 11 1231 31003 13018 58% 21 228844 1303 21%
c [ 65.15 1470 26 11 1231 31003 13018 128% 21 228844 1303 21%
c - 66.06 1470 29 12 1231 32877 7633 115% 24 228841 1303 21%
c B 67.43 1470 31 12 1234 36014 9792 102% 26 228841 1303 21%
c - 68.26 1470 31 13 1235 38180 7784 96% 26 228841 1303 21%
c - 70.31 1470 31 14 1238 43890 7922 86% 26 228841 1303 21%
c W 71.25 1470 31 14 1238 45015 8773 85% 26 228841 1303 21%
c ] 71.47 1470 31 14 1238 45426 9013 85% 26 228841 1303 21%
c 1 71.47 1470 31 14 1238 45426 9013 85% 26 228841 1303 21%
c 
c --- [ writing output ] -----------------------------------------------------
c 
c writing simplified CNF to DIMACS file 'simp/22-cubes/30.cubes3304.adj.simp1'
c * 71.47 1470 31 14 1238 45426 9013 85% 26 228841 1303 21%
c opening file to write 'simp/22-cubes/30.cubes3304.adj.simp1'
c writing 'p cnf 6160 228841' header
c closing file 'simp/22-cubes/30.cubes3304.adj.simp1'
c after writing 108621522 bytes 103.6 MB
c wrote 228841 clauses in 0.76 seconds process time
c 
c --- [ writing extension ] --------------------------------------------------
c 
c writing extension stack to 'simp/22-cubes/30.cubes3304.adj.ext1'
c opening file to write 'simp/22-cubes/30.cubes3304.adj.ext1'
c closing file 'simp/22-cubes/30.cubes3304.adj.ext1'
c after writing 232433 bytes 0.2 MB
c wrote 9943 witnesses in 0.00 seconds process time
c 
c --- [ result ] -------------------------------------------------------------
c 
s SATISFIABLE
c 
c --- [ run-time profiling ] -------------------------------------------------
c 
c process time taken by individual solving procedures
c (percentage relative to process time for solving)
c 
c        44.15   83.39% search
c        30.66   57.90% unstable
c        18.52   34.98% parse
c        11.33   21.39% stable
c         8.79   16.61% simplify
c         3.02    5.69% probe
c         2.95    5.58% vivify
c         1.53    2.88% lucky
c         1.50    2.83% elim
c         0.65    1.22% walk
c         0.22    0.42% subsume
c         0.09    0.18% ternary
c   =================================
c        52.95   73.30% solve
c 
c last line shows process time for solving
c (percentage relative to total process time)
c 
c --- [ statistics ] ---------------------------------------------------------
c 
c chronological:              9462        20.83 %  of conflicts
c conflicts:                 45426       857.95    per second
c decisions:                127663      2411.15    per second
c eliminated:                 3049        49.50 %  of all variables
c fixed:                      1798        29.19 %  of all variables
c learned:                   44302        97.53 %  per conflict
c learned_lits:            8338170       100.00 %  learned literals
c minimized:                     0         0.00 %  learned literals
c shrunken:                4364572        52.34 %  learned literals
c minishrunken:             974554        11.69 %  learned literals
c propagations:            6623314         0.13 M  per second
c reduced:                   23334        51.37 %  per conflict
c rephased:                      9      5047.33    interval
c restarts:                   1238        36.69    interval
c stabilizing:                   3        53.77 %  of conflicts
c substituted:                  10         0.16 %  of all variables
c subsumed:                  15798         0.43 %  of all clauses
c strengthened:              11536         0.31 %  of all clauses
c ternary:                    5644         0.51 %  of resolved
c vivified:                    146         0.00 %  of all clauses
c walked:                        2     22713.00    interval
c weakened:                   8145         3.26    average size
c 
c seconds are measured in process time for solving
c 
c --- [ resources ] ----------------------------------------------------------
c 
c total process time since initialization:        72.23    seconds
c total real time since initialization:           72.28    seconds
c maximum resident set size of process:         1720.79    MB
c 
c --- [ shutting down ] ------------------------------------------------------
c 
c exit 10
++ seq 1 100
+ for i in '$(seq 1 100)'
++ sed 's/.$//'
++ rev
++ cut '-d ' -f1
++ rev
++ tail -n 1
++ grep 'c [*]' log/22-cubes/30.cubes3304.adj.simp1
+ vars_remaining=21
+ ((  vars_remaining < 100 - p  ))
+ break
++ cut '-d ' -f3
++ head -n 1 simp/22-cubes/30.cubes3304.adj.simp1
+ numvars=6160
++ cut '-d ' -f4
++ head -n 1 simp/22-cubes/30.cubes3304.adj.simp1
+ numlines=228841
+ extlines_total=0
++ seq 1 1
+ for j in '$(seq 1 "$i")'
++ cut '-d ' -f1
++ wc -l simp/22-cubes/30.cubes3304.adj.ext1
+ extlines_j=9943
+ extlines_total=9943
+ newlines=238784
+ echo 'p cnf 6160 238784'
+ tail simp/22-cubes/30.cubes3304.adj.simp1 -n +2
++ seq 1 1
+ for j in '$(seq 1 "$i")'
+ cat simp/22-cubes/30.cubes3304.adj.ext1
+ sed -i 's/ 0.*/ 0/' 22-cubes/30.cubes3304.adj.simp
============================[ Problem Statistics ]=============================
|                                                                             |
|  Number of variables:          6160                                         |
|  Number of clauses:          236986                                         |
|  Parse time:                   1.42 s                                       |
|  Simplification time:          0.03 s                                       |
|                                                                             |
============================[ Search Statistics ]====================================================
| Conflicts |          ORIGINAL         |          LEARNT          | Num Sols |      SUBGRAPHS      |
|           |    Vars  Clauses Literals |    Limit  Clauses Lit/Cl |          | Canonical Noncanon. |
=====================================================================================================
|       100 |    4362   236986 23504752 |     2000      100     53 |        0 |        24         0 |
|       251 |    4362   236987 23504849 |     2000      251     80 |        0 |        40         1 |
|       476 |    4362   236987 23504849 |     2000      476     93 |        0 |        45         1 |
|       986 |    4362   237160 23509281 |     2000      986     77 |        0 |        84       174 |
|      1526 |    4362   237194 23510068 |     2000     1526     90 |        0 |        98       208 |
|      2298 |    4362   237207 23510657 |     3603     1301     50 |        0 |       111       221 |
|      3439 |    4362   237209 23510700 |     3603     2442     68 |        0 |       130       223 |
|      5160 |    4362   237222 23511172 |     5001     2361     53 |        0 |       185       236 |
|      8188 |    4362   237688 23522523 |     6305     2893     43 |        0 |       259       702 |
|     12436 |    4362   238092 23531883 |     7553     3989     38 |        0 |       412      1106 |
|     18300 |    4362   238190 23534615 |     8783     6083     59 |        0 |       476      1204 |
|     27537 |    4362   238778 23545528 |    11202     5939     36 |        0 |       701      1792 |
|     40953 |    4362   239220 23553493 |    13611     7564     35 |        0 |       991      2234 |
|     61507 |    4362   240313 23573897 |    16005    13912     67 |        0 |      1450      3327 |
|     91047 |    4362   240661 23580904 |    19607    17654     62 |        0 |      1647      3675 |
|    135555 |    4362   241380 23594119 |    24408    19363     57 |        0 |      1975      4394 |
|    202420 |    4362   242561 23615580 |    30415    19235     53 |        0 |      2241      5575 |
|    301838 |    4362   243453 23638921 |    37619    18457     33 |        0 |      2510      6467 |
|    451638 |    4362   245464 23692409 |    46011    24049     37 |        0 |      3215      8478 |
|    674130 |    4362   246273 23712747 |    55615    45745     71 |        0 |      3874      9287 |
|   1009075 |    4362   248693 23768077 |    68826    41901     47 |        0 |      4799     11707 |
|   1523706 |    4362   264536 24067575 |    84418    62524     56 |        0 |      7570     27550 |
|   2278349 |    4362   270997 24205838 |   103614    69963     51 |        0 |      8619     34011 |
|   3421866 |    4362   292240 24605097 |   127626    63492     28 |        0 |     12635     55254 |
|   5144020 |    4356   328264 25374539 |   156048    88468     45 |        0 |     18864     93997 |
|   7689125 |    4251   197635 15920148 |   175036   106361     51 |        0 |     24620    113986 |
=====================================================================================================
Number of solutions   : 0           
Canonical subgraphs   : 25333          (12 /sec)
          order  3    : 1              (142857 /sec)
          order  4    : 1              (333333 /sec)
          order  5    : 1              (250000 /sec)
          order  6    : 1              (55556 /sec)
          order  7    : 1              (7937 /sec)
          order  8    : 2              (1361 /sec)
          order  9    : 6              (316 /sec)
          order 10    : 25             (96 /sec)
          order 11    : 112            (31 /sec)
          order 12    : 574            (9 /sec)
          order 13    : 4518           (13 /sec)
          order 14    : 12272          (11 /sec)
          order 15    : 6305           (12 /sec)
          order 16    : 1464           (12 /sec)
          order 17    : 44             (9 /sec)
          order 18    : 2              (4 /sec)
          order 19    : 2              (4 /sec)
          order 20    : 1              (7 /sec)
          order 21    : 1              (7 /sec)
          order 22    : 0              (-nan /sec)
Noncanonical subgraphs: 116435         (983 /sec)
          order  3    : 0              (-nan /sec)
          order  4    : 0              (-nan /sec)
          order  5    : 0              (-nan /sec)
          order  6    : 0              (-nan /sec)
          order  7    : 0              (-nan /sec)
          order  8    : 0              (-nan /sec)
          order  9    : 0              (-nan /sec)
          order 10    : 0              (-nan /sec)
          order 11    : 0              (-nan /sec)
          order 12    : 0              (-nan /sec)
          order 13    : 0              (-nan /sec)
          order 14    : 77950          (1504 /sec)
          order 15    : 33088          (926 /sec)
          order 16    : 3365           (662 /sec)
          order 17    : 2014           (79 /sec)
          order 18    : 17             (73 /sec)
          order 19    : 0              (-nan /sec)
          order 20    : 0              (-nan /sec)
          order 21    : 0              (-nan /sec)
Canonicity checking   : 2283.57 s
database reductions   : 161
restarts              : 13022
conflicts             : 8099772        (1690 /sec)
decisions             : 10411043       (0.00 % random) (2173 /sec)
propagations          : 1623508783     (338791 /sec)
conflict literals     : 853748386      (56.78 % deleted)
actual reward         : 0.060500
Memory used           : 393.00 MB
CPU time              : 4792.06 s

UNSATISFIABLE
