c --- [ banner ] -------------------------------------------------------------
c 
c CaDiCaL Radically Simplified CDCL SAT Solver
c Copyright (c) 2016-2021 A. Biere, M. Fleury, N. Froleyks
c 
c Version 1.5.2 ca9bff05c11bde5eae4912f9932871d1527e61d8
c g++ (GCC) 9.3.0 -Wall -Wextra -O3 -DNDEBUG
c Sun May 1 02:23:23 EDT 2022 Linux gra-login1 3.10.0-1160.59.1.el7.x86_64 x86_64
c 
c --- [ limit ] --------------------------------------------------------------
c 
c setting conflict limit to 200000 conflicts (due to '200000')
c 
c --- [ parsing input ] ------------------------------------------------------
c 
c reading DIMACS file from '12.cubes65.adj'
c opening file to read '12.cubes65.adj'
c found 'p cnf 5320 924209' header
c parsed 924209 clauses in 8.70 seconds process time
c closing file '12.cubes65.adj'
c after reading 686668108 bytes 654.9 MB
c 
c --- [ options ] ------------------------------------------------------------
c 
c all options are set to their default value
c 
c --- [ solving ] ------------------------------------------------------------
c 
c time measured in process time since initialization
c 
c  seconds   reductions  redundant  irredundant
c          MB    restarts       trail      variables
c           level   conflicts       glue        remaining
c 
c *  8.70 685  0 0   0    0    0  0% 0 923580 4044 76%
c {  9.09 705  0 0   0    0    0  0% 0 923580 4044 76%
c i  9.17 705  1 0   0    1    0 31% 0 923580 4043 76%
c i  9.80 726 79 0   0   28   23 43% 3 923580 4039 76%
c i 10.94 739 54 0  20  145  104 45% 9 923580 4029 76%
c i 10.95 739 53 0  20  147  105 45% 9 923580 4028 76%
c i 10.96 739 53 0  20  148  105 46% 9 923580 4027 76%
c i 10.97 739 53 0  20  151  106 46% 10 923580 4026 76%
c i 11.15 740 48 0  24  189  124 45% 10 923580 4025 76%
c i 11.15 740 48 0  24  190  124 45% 10 923580 4024 76%
c i 11.15 740 47 0  24  191  124 45% 10 923580 4023 76%
c i 11.16 740 47 0  24  192  124 45% 10 923580 4022 76%
c i 11.16 740 47 0  24  193  124 45% 10 923580 4021 76%
c i 11.16 740 47 0  24  194  124 45% 10 923580 4020 76%
c i 11.16 740 46 0  24  195  124 45% 10 923580 4019 76%
c i 11.16 740 46 0  24  196  124 45% 10 923580 4018 76%
c i 11.16 740 46 0  24  197  124 45% 9 923580 4017 76%
c i 11.16 740 46 0  24  198  124 45% 9 923580 4016 75%
c i 11.17 740 44 0  24  205  130 45% 9 923580 4015 75%
c i 11.25 740 47 0  24  209  133 46% 9 923580 4014 75%
c 
c  seconds   reductions  redundant   irredundant
c          MB    restarts       trail       variables
c           level   conflicts       glue         remaining
c 
c i 11.30 740 51 0  27  232  144 46% 11 923580 4013 75%
c i 11.33 740 51 0  28  233  144 46% 11 923580 4012 75%
c i 11.33 740 51 0  28  235  145 46% 11 923580 4011 75%
c i 11.33 740 50 0  29  237  146 47% 11 923580 4010 75%
c i 11.40 740 52 0  31  248  156 47% 13 923580 4009 75%
c i 11.51 740 49 0  39  283  173 47% 13 923580 3974 75%
c i 11.52 740 49 0  40  284  173 47% 13 923580 3963 74%
c i 11.56 740 48 0  42  293  180 47% 13 923580 3962 74%
c - 13.49 696 48 1  45  300  184 47% 14 152965 3962 74%
c i 14.04 696 43 1  71  508  281 46% 14 152965 3961 74%
c i 14.06 696 42 1  73  514  284 46% 14 152965 3960 74%
c i 14.06 696 42 1  73  517  286 46% 14 152965 3959 74%
c i 14.17 696 42 1  81  543  310 46% 14 152965 3958 74%
c i 14.36 696 50 1  95  598  358 47% 18 152965 3957 74%
c i 14.36 696 50 1  96  599  358 47% 18 152965 3956 74%
c i 14.36 696 50 1  96  600  358 47% 18 152965 3955 74%
c i 14.37 696 50 1  97  602  359 47% 18 152965 3954 74%
c i 14.37 696 50 1  97  603  359 47% 18 152965 3953 74%
c i 14.37 696 50 1  97  604  359 47% 18 152965 3952 74%
c i 14.38 696 49 1 102  623  373 47% 18 152965 3951 74%
c 
c  seconds   reductions  redundant   irredundant
c          MB    restarts       trail       variables
c           level   conflicts       glue         remaining
c 
c i 14.38 696 49 1 103  628  376 47% 18 152965 3950 74%
c i 14.39 697 49 1 106  638  384 47% 18 152965 3949 74%
c i 14.39 697 49 1 106  639  384 47% 18 152965 3948 74%
c i 14.45 697 47 1 116  693  423 48% 18 152965 3947 74%
c i 14.45 697 47 1 116  695  424 48% 18 152965 3946 74%
c i 14.46 697 45 1 116  721  439 48% 18 152965 3945 74%
c i 14.46 697 45 1 116  726  437 48% 18 152965 3944 74%
c i 14.55 697 44 1 116  802  471 48% 17 152965 3943 74%
c i 14.56 697 44 1 116  818  477 49% 17 152965 3942 74%
c i 14.57 697 44 1 116  820  478 49% 17 152965 3941 74%
c i 14.61 697 42 1 116  869  494 49% 17 152965 3940 74%
c i 14.61 697 42 1 116  872  496 49% 17 152965 3939 74%
c i 14.62 697 41 1 116  904  510 49% 16 152965 3937 74%
c i 14.64 697 39 1 116  978  566 50% 16 152965 3936 74%
c } 14.65 697 39 1 116 1007  587 50% 16 152965 3936 74%
c [ 14.65 697  0 1 116 1007  587  0% 0 152965 3936 74%
c O 14.66 697  2 1 116 1008  588 39% 2 152965 3936 74%
c - 15.03 752  2 2 116 1011  520 39% 2 152887 3936 74%
c i 15.08 752  6 2 116 1111  529 41% 5 152887 3935 74%
c i 15.12 752  6 2 116 1123  535 43% 6 152887 3934 74%
c 
c  seconds   reductions  redundant  irredundant
c          MB    restarts       trail      variables
c           level   conflicts       glue        remaining
c 
c i 15.12 752  6 2 116 1124  535 43% 6 152887 3933 74%
c i 15.13 752  7 2 116 1132  541 43% 6 152887 3932 74%
c i 15.13 752  7 2 116 1133  541 43% 6 152887 3931 74%
c i 15.13 752  7 2 116 1134  541 43% 6 152887 3930 74%
c i 15.16 752  8 2 116 1169  556 46% 7 152887 3929 74%
c i 15.16 752  8 2 116 1177  561 47% 7 152887 3928 74%
c i 15.16 752  8 2 116 1183  562 47% 7 152887 3927 74%
c i 15.17 752  8 2 116 1185  563 47% 7 152887 3926 74%
c i 15.17 752  8 2 116 1187  564 47% 7 152887 3925 74%
c i 15.17 752  8 2 116 1193  567 47% 7 152887 3924 74%
c i 15.17 752  8 2 116 1194  567 47% 7 152887 3923 74%
c i 15.18 752  8 2 116 1206  568 48% 7 152887 3922 74%
c i 15.18 752  9 2 116 1245  585 49% 8 152887 3921 74%
c i 15.20 752 11 2 116 1300  601 51% 9 152887 3920 74%
c i 15.20 752 11 2 116 1302  602 51% 9 152887 3919 74%
c i 15.21 752 12 2 116 1331  618 50% 9 152887 3918 74%
c i 15.27 752 12 2 116 1542  687 52% 9 152887 3917 74%
c i 15.28 752 12 2 116 1550  690 52% 9 152887 3916 74%
c i 15.28 752 12 2 116 1551  690 52% 9 152887 3915 74%
c i 15.29 752 12 2 116 1584  704 52% 9 152887 3914 74%
c 
c  seconds   reductions  redundant   irredundant
c          MB    restarts       trail       variables
c           level   conflicts       glue         remaining
c 
c - 15.53 750 15 3 117 2077  777 52% 12 152823 3914 74%
c i 15.81 750 14 3 117 2712 1067 38% 11 152823 3913 74%
c i 15.83 750 14 3 117 2803 1124 37% 11 152823 3912 74%
c i 15.86 750 13 3 117 2937 1152 36% 11 152823 3911 74%
c ] 15.89 750 13 3 117 3008 1183 36% 11 152823 3911 74%
c { 15.89 750 39 3 117 3008 1183 67% 16 152823 3911 74%
c F 15.89 750 39 3 117 3009 1184 67% 16 152823 3911 74%
c - 16.35 697 36 4 141 3499 1249 56% 16 152817 3911 74%
c d 17.53 697 29 4 199 5000 2190 47% 16 152790 3898 73%
c 2 17.58 697 29 4 199 5000 4250 47% 16 152711 3841 72%
c p 20.75 696 29 4 199 5000 17437 47% 16 152711 3619 68%
c d 20.92 696 29 4 199 5000 12868 47% 16 101615 3609 68%
c d 21.01 696 29 4 199 5000 12855 47% 16 90434 3602 68%
c - 21.32 666 28 5 200 5278 1949 46% 15 90434 3602 68%
c # 21.49 666 25 5 202 6011 2383 45% 14 90434 3602 68%
c i 21.74 666 22 5 202 6800 2731 44% 13 90434 3566 67%
c } 21.86 666 22 5 202 7009 2846 44% 13 90434 3566 67%
c [ 21.86 666 13 5 202 7009 2846 36% 11 90434 3566 67%
c - 21.97 666 13 6 202 7078  949 36% 11 75037 3566 67%
c - 22.54 666 18 7 203 9179 1986 35% 13 75037 3566 67%
c 
c  seconds   reductions  redundant   irredundant
c          MB    restarts       trail      variables
c           level   conflicts       glue        remaining
c 
c i 22.58 666 17 7 204 9309 2030 35% 13 75037 3516 66%
c i 22.76 666 17 7 204 9736 1294 29% 13 68302 3510 66%
c i 22.76 666 17 7 204 9737 1294 29% 13 68302 3457 65%
c i 22.76 666 17 7 204 9739 1295 28% 13 68302 3192 60%
c ] 22.77 666 17 7 204 9759 1305 28% 13 68302 2919 55%
c 0 22.77 666 17 7 204 9759 1305 28% 13 68302 2919 55%
c 
c --- [ writing output ] -----------------------------------------------------
c 
c writing simplified CNF to DIMACS file 'simp/12.cubes65.adj.simp1'
c * 22.77 666 17 7 204 9759 1305 28% 13 68302 2919 55%
c opening file to write 'simp/12.cubes65.adj.simp1'
c writing 'p cnf 5320 1' header
c closing file 'simp/12.cubes65.adj.simp1'
c after writing 15 bytes 0.0 MB
c wrote 1 clauses in 0.00 seconds process time
c 
c --- [ writing extension ] --------------------------------------------------
c 
c writing extension stack to 'simp/12.cubes65.adj.ext1'
c opening file to write 'simp/12.cubes65.adj.ext1'
c closing file 'simp/12.cubes65.adj.ext1'
c after writing 0 bytes 0.0 MB
c wrote 0 witnesses in 0.00 seconds process time
c 
c --- [ result ] -------------------------------------------------------------
c 
s UNSATISFIABLE
c 
c --- [ run-time profiling ] -------------------------------------------------
c 
c process time taken by individual solving procedures
c (percentage relative to process time for solving)
c 
c        10.38   73.79% search
c         8.70   61.89% parse
c         7.85   55.80% unstable
c         3.69   26.21% simplify
c         3.17   22.52% probe
c         2.15   15.27% stable
c         0.38    2.72% lucky
c         0.04    0.26% ternary
c   =================================
c        14.06   61.77% solve
c 
c last line shows process time for solving
c (percentage relative to total process time)
c 
c --- [ statistics ] ---------------------------------------------------------
c 
c chronological:              2204        22.58 %  of conflicts
c conflicts:                  9759       693.91    per second
c decisions:                 26227      1864.85    per second
c fixed:                      2371        44.57 %  of all variables
c learned:                    9474        97.08 %  per conflict
c learned_lits:            1117202       100.00 %  learned literals
c minimized:                     0         0.00 %  learned literals
c shrunken:                 837459        74.96 %  learned literals
c minishrunken:              43225         3.87 %  learned literals
c propagations:            2380174         0.17 M  per second
c reduced:                    1445        14.81 %  per conflict
c rephased:                      3      3253.00    interval
c restarts:                    204        47.84    interval
c stabilizing:                   2        48.68 %  of conflicts
c substituted:                  30         0.56 %  of all variables
c subsumed:                   4144         0.21 %  of all clauses
c ternary:                    2060         0.52 %  of resolved
c weakened:                     60         2.00    average size
c 
c seconds are measured in process time for solving
c 
c --- [ resources ] ----------------------------------------------------------
c 
c total process time since initialization:        22.77    seconds
c total real time since initialization:           22.80    seconds
c maximum resident set size of process:          805.76    MB
c 
c --- [ shutting down ] ------------------------------------------------------
c 
c exit 20
c --- [ banner ] -------------------------------------------------------------
c 
c CaDiCaL Radically Simplified CDCL SAT Solver
c Copyright (c) 2016-2021 A. Biere, M. Fleury, N. Froleyks
c 
c Version 1.5.2 ca9bff05c11bde5eae4912f9932871d1527e61d8
c g++ (GCC) 9.3.0 -Wall -Wextra -O3 -DNDEBUG
c Sun May 1 02:23:23 EDT 2022 Linux gra-login1 3.10.0-1160.59.1.el7.x86_64 x86_64
c 
c --- [ limit ] --------------------------------------------------------------
c 
c setting conflict limit to 200000 conflicts (due to '200000')
c 
c --- [ parsing input ] ------------------------------------------------------
c 
c reading DIMACS file from 'simp/12.cubes65.adj.simp1'
c opening file to read 'simp/12.cubes65.adj.simp1'
c found 'p cnf 5320 1' header
c parsed 1 clauses in 0.00 seconds process time
c closing file 'simp/12.cubes65.adj.simp1'
c after reading 15 bytes 0.0 MB
c 
c --- [ options ] ------------------------------------------------------------
c 
c all options are set to their default value
c 
c --- [ solving ] ------------------------------------------------------------
c 
c time measured in process time since initialization
c 
c  seconds  reductions  redundant irredundant
c         MB    restarts       trail    variables
c          level   conflicts       glue     remaining
c 
c 0  0.00  2  0 0   0    0    0  0% 0    0   0  0%
c 
c --- [ writing output ] -----------------------------------------------------
c 
c writing simplified CNF to DIMACS file 'simp/12.cubes65.adj.simp2'
c *  0.00  3  0 0   0    0    0  0% 0    0   0  0%
c opening file to write 'simp/12.cubes65.adj.simp2'
c writing 'p cnf 5320 1' header
c closing file 'simp/12.cubes65.adj.simp2'
c after writing 15 bytes 0.0 MB
c wrote 1 clauses in 0.00 seconds process time
c 
c --- [ writing extension ] --------------------------------------------------
c 
c writing extension stack to 'simp/12.cubes65.adj.ext2'
c opening file to write 'simp/12.cubes65.adj.ext2'
c closing file 'simp/12.cubes65.adj.ext2'
c after writing 0 bytes 0.0 MB
c wrote 0 witnesses in 0.00 seconds process time
c 
c --- [ result ] -------------------------------------------------------------
c 
s UNSATISFIABLE
c 
c --- [ run-time profiling ] -------------------------------------------------
c 
c process time taken by individual solving procedures
c (percentage relative to process time for solving)
c 
c         0.00  862.00% parse
c         0.00    0.00% search
c         0.00    0.00% simplify
c   =================================
c         0.00    4.59% solve
c 
c last line shows process time for solving
c (percentage relative to total process time)
c 
c --- [ statistics ] ---------------------------------------------------------
c 
c minimized:                     0         0.00 %  learned literals
c shrunken:                      0         0.00 %  learned literals
c minishrunken:                  0         0.00 %  learned literals
c propagations:                  0         0.00 M  per second
c 
c seconds are measured in process time for solving
c 
c --- [ resources ] ----------------------------------------------------------
c 
c total process time since initialization:         0.00    seconds
c total real time since initialization:            0.01    seconds
c maximum resident set size of process:            2.68    MB
c 
c --- [ shutting down ] ------------------------------------------------------
c 
c exit 20
WARNING! DIMACS header mismatch: wrong number of variables.
============================[ Problem Statistics ]=============================
|                                                                             |
|  Number of variables:             0                                         |
|  Number of clauses:               0                                         |
|  Parse time:                   0.00 s                                       |
|  Simplification time:          0.00 s                                       |
|                                                                             |
===============================================================================
Solved by simplification
database reductions   : 0
restarts              : 0
conflicts             : 0              (0 /sec)
decisions             : 0              (-nan % random) (0 /sec)
propagations          : 0              (0 /sec)
conflict literals     : 0              (-nan % deleted)
actual reward         : -nan
Memory used           : 5.00 MB
CPU time              : 0.001015 s

UNSATISFIABLE
