c --- [ banner ] -------------------------------------------------------------
c 
c CaDiCaL Radically Simplified CDCL SAT Solver
c Copyright (c) 2016-2021 A. Biere, M. Fleury, N. Froleyks
c 
c Version 1.5.2 ca9bff05c11bde5eae4912f9932871d1527e61d8
c g++ (GCC) 9.3.0 -Wall -Wextra -O3 -DNDEBUG
c Sun May 1 02:23:23 EDT 2022 Linux gra-login1 3.10.0-1160.59.1.el7.x86_64 x86_64
c 
c --- [ limit ] --------------------------------------------------------------
c 
c setting conflict limit to 200000 conflicts (due to '200000')
c 
c --- [ parsing input ] ------------------------------------------------------
c 
c reading DIMACS file from '12.cubes480.adj'
c opening file to read '12.cubes480.adj'
c found 'p cnf 5320 924210' header
c parsed 924210 clauses in 8.70 seconds process time
c closing file '12.cubes480.adj'
c after reading 686668117 bytes 654.9 MB
c 
c --- [ options ] ------------------------------------------------------------
c 
c all options are set to their default value
c 
c --- [ solving ] ------------------------------------------------------------
c 
c time measured in process time since initialization
c 
c  seconds   reductions  redundant  irredundant
c          MB    restarts       trail      variables
c           level   conflicts       glue        remaining
c 
c *  8.70 686  0 0   0    0    0  0% 0 923580 4132 78%
c { 10.16 741  0 0   0    0    0  0% 0 923580 4132 78%
c i 10.71 743 113 0   0   44   37 51% 5 923580 4127 78%
c i 11.10 750 69 0   2   87   67 50% 5 923580 4118 77%
c i 11.10 750 68 0   2   88   67 50% 5 923580 4117 77%
c i 11.84 757 59 0  12  150  118 48% 7 923580 4116 77%
c i 11.84 757 59 0  12  151  118 48% 7 923580 4115 77%
c i 11.84 757 58 0  12  152  118 48% 7 923580 4114 77%
c i 11.84 757 58 0  12  153  118 48% 7 923580 4113 77%
c - 14.62 735 41 1  44  305  142 44% 13 259889 4113 77%
c i 14.82 701 29 1  45  541  170 42% 13 259889 4112 77%
c i 15.04 701 31 1  51  567  192 43% 14 259889 4111 77%
c i 15.24 701 30 1  59  602  219 43% 14 259889 4110 77%
c i 15.29 701 30 1  62  612  227 43% 14 259889 4109 77%
c i 15.29 701 30 1  63  614  228 43% 14 259889 4108 77%
c i 15.29 701 30 1  65  619  232 43% 14 259889 4107 77%
c i 15.29 701 30 1  65  621  233 43% 14 259889 4106 77%
c i 15.29 701 30 1  65  623  234 43% 14 259889 4105 77%
c i 15.29 701 30 1  65  624  234 43% 14 259889 4104 77%
c i 15.30 701 30 1  65  626  233 43% 14 259889 4103 77%
c 
c  seconds   reductions  redundant   irredundant
c          MB    restarts       trail       variables
c           level   conflicts       glue         remaining
c 
c i 15.95 701 28 1  81  918  300 43% 14 259889 4102 77%
c i 15.99 701 29 1  81  929  308 43% 14 259889 4099 77%
c } 16.51 701 30 1 100 1004  351 43% 15 259889 4099 77%
c [ 16.51 701  0 1 100 1004  351  0% 0 259889 4099 77%
c O 16.55 701  1 1 100 1005  351 38% 0 259889 4099 77%
c i 16.55 701  1 1 100 1005  351 38% 0 259889 4085 77%
c i 16.73 701  4 1 100 1057  361 36% 4 259889 4023 76%
c i 16.75 701  4 1 100 1123  370 35% 4 259889 3992 75%
c i 16.90 701  6 1 100 1139  377 37% 5 259889 3991 75%
c - 17.45 779  8 2 100 1154  286 39% 7 257094 3991 75%
c i 17.49 780  8 2 100 1157  288 39% 7 257094 3990 75%
c i 17.49 780  8 2 100 1158  288 39% 7 257094 3989 75%
c i 17.55 780 10 2 100 1173  300 41% 8 257094 3988 75%
c i 17.57 780 10 2 100 1179  299 41% 9 257094 3987 75%
c i 17.57 780 10 2 100 1181  300 41% 9 257094 3986 75%
c i 17.61 780 11 2 100 1189  304 42% 9 257094 3985 75%
c i 17.67 780 14 2 100 1220  323 43% 11 257094 3984 75%
c i 17.67 780 14 2 100 1221  323 43% 11 257094 3983 75%
c i 17.67 780 14 2 100 1223  324 43% 11 257094 3982 75%
c i 17.67 780 14 2 100 1224  324 43% 11 257094 3981 75%
c 
c  seconds   reductions  redundant   irredundant
c          MB    restarts       trail       variables
c           level   conflicts       glue         remaining
c 
c i 17.68 780 14 2 100 1226  325 43% 11 257094 3980 75%
c i 17.68 780 14 2 100 1236  329 43% 11 257094 3979 75%
c i 17.68 780 14 2 100 1238  330 43% 11 257094 3978 75%
c i 17.68 780 14 2 100 1239  330 43% 11 257094 3977 75%
c i 17.68 780 14 2 100 1240  330 43% 11 257094 3976 75%
c i 17.68 780 14 2 100 1241  330 43% 11 257094 3975 75%
c i 17.69 780 14 2 100 1245  330 44% 11 257094 3974 75%
c i 17.69 780 14 2 100 1249  332 43% 11 257094 3973 75%
c i 17.70 780 15 2 100 1265  337 43% 11 257094 3972 75%
c i 17.71 780 15 2 100 1270  340 44% 12 257094 3971 75%
c i 17.80 780 22 2 100 1334  386 46% 16 257094 3970 75%
c i 17.82 780 22 2 100 1352  397 46% 17 257094 3969 75%
c i 17.89 780 23 2 100 1400  424 47% 18 257094 3968 75%
c i 17.92 780 23 2 100 1417  435 47% 18 257094 3967 75%
c i 17.98 780 24 2 100 1459  463 48% 18 257094 3966 75%
c i 18.00 780 24 2 100 1469  468 48% 18 257094 3965 75%
c i 18.07 780 24 2 100 1497  489 49% 18 257094 3964 75%
c i 18.12 779 24 2 100 1509  499 49% 19 257094 3963 74%
c i 18.13 779 24 2 100 1518  504 49% 18 257094 3962 74%
c i 18.13 779 24 2 100 1520  505 49% 18 257094 3961 74%
c 
c  seconds   reductions  redundant   irredundant
c          MB    restarts       trail       variables
c           level   conflicts       glue         remaining
c 
c i 18.15 779 24 2 100 1532  514 49% 18 257094 3960 74%
c i 18.16 779 24 2 100 1547  521 49% 18 257094 3959 74%
c i 18.16 779 24 2 100 1549  522 49% 18 257094 3958 74%
c i 18.16 779 24 2 100 1551  523 49% 18 257094 3957 74%
c i 18.16 779 24 2 100 1553  524 49% 18 257094 3956 74%
c i 18.17 779 24 2 100 1554  524 49% 18 257094 3955 74%
c i 18.17 779 24 2 100 1556  525 49% 18 257094 3954 74%
c i 18.32 779 24 2 100 1665  591 50% 19 257094 3953 74%
c i 18.36 779 24 2 100 1679  596 50% 19 257094 3952 74%
c i 18.69 780 25 2 101 2063  839 51% 20 257094 3951 74%
c i 18.87 780 24 2 101 2205  922 51% 20 257094 3950 74%
c i 18.99 779 24 2 101 2262  945 52% 19 257094 3949 74%
c i 19.14 779 23 2 101 2389 1011 52% 19 257094 3948 74%
c - 19.45 773 23 3 101 2424  919 52% 19 256965 3948 74%
c i 19.76 759 23 3 101 2506  972 36% 18 256965 3947 74%
c i 19.79 759 23 3 101 2520  983 36% 18 256965 3946 74%
c i 19.93 759 22 3 101 2625 1040 33% 18 256965 3945 74%
c i 19.98 759 22 3 101 2656 1062 33% 18 256965 3944 74%
c i 20.04 759 22 3 101 2720 1091 33% 18 256965 3943 74%
c i 20.04 759 22 3 101 2721 1091 33% 18 256965 3942 74%
c 
c  seconds   reductions  redundant   irredundant
c          MB    restarts       trail       variables
c           level   conflicts       glue         remaining
c 
c ] 20.28 759 21 3 101 3007 1190 34% 17 256965 3942 74%
c { 20.28 759 30 3 101 3007 1190 58% 15 256965 3942 74%
c F 20.37 759 30 3 102 3008 1191 58% 15 256965 3942 74%
c i 20.62 759 33 3 120 3166 1300 53% 15 256965 3941 74%
c i 21.05 759 34 3 147 3274 1363 51% 16 256965 3940 74%
c i 21.07 759 34 3 148 3278 1366 51% 16 256965 3939 74%
c i 21.18 759 34 3 159 3317 1401 51% 16 256965 3938 74%
c i 21.27 759 34 3 162 3344 1423 50% 16 256965 3937 74%
c i 21.28 759 34 3 162 3347 1425 50% 16 256965 3936 74%
c i 21.29 759 34 3 163 3349 1426 50% 16 256965 3935 74%
c i 21.62 759 34 3 180 3422 1493 50% 16 256965 3934 74%
c i 21.67 759 34 3 183 3435 1504 49% 16 256965 3933 74%
c - 22.99 757 32 4 225 4115 1395 44% 16 256920 3933 74%
c i 23.07 757 30 4 225 4322 1419 43% 15 256920 3932 74%
c i 23.21 757 28 4 225 4545 1519 42% 14 256920 3931 74%
c i 23.25 757 27 4 225 4596 1544 42% 14 256920 3930 74%
c i 23.25 757 27 4 225 4597 1544 42% 14 256920 3929 74%
c i 23.27 757 27 4 225 4650 1556 42% 14 256920 3928 74%
c i 24.30 757 29 4 284 4979 1783 41% 15 256920 3927 74%
c d 24.75 757 30 4 290 5001 1803 41% 15 256882 3917 74%
c 
c  seconds   reductions  redundant   irredundant
c          MB    restarts       trail       variables
c           level   conflicts       glue         remaining
c 
c 2 24.82 757 30 4 290 5001 3910 41% 15 256799 3917 74%
c p 26.88 757 30 4 290 5001 10697 41% 15 256799 3847 72%
c d 27.24 757 30 4 290 5001 10493 41% 15 253486 3842 72%
c # 29.39 757 29 4 402 6010 10936 37% 16 253486 3842 72%
c - 30.28 749 30 5 425 6231 1864 37% 16 253486 3842 72%
c } 32.13 750 32 5 531 7008 2377 36% 17 253486 3842 72%
c [ 32.13 750 21 5 531 7008 2377 34% 17 253486 3842 72%
c - 33.00 750 20 6 532 8759 2654 37% 17 253486 3842 72%
c I 33.68 750 21 6 533 10012 3505 37% 17 253486 3842 72%
c - 35.05 750 29 7 535 11707 3678 38% 23 253486 3842 72%
c 2 37.79 750 34 7 536 15001 7838 38% 27 253475 3842 72%
c p 38.43 750 34 7 536 15001 14944 38% 27 253475 3842 72%
c ] 38.53 750 34 7 536 15009 14950 38% 27 253475 3842 72%
c { 38.53 750 32 7 536 15009 14950 36% 17 253475 3842 72%
c B 38.63 750 32 7 538 15019 14958 36% 17 253475 3842 72%
c - 38.90 750 32 8 551 15078 4373 36% 17 253475 3842 72%
c s 39.64 750 31 8 590 15609 4371 35% 17 250238 3842 72%
c v 42.11 751 31 8 590 15609 4371 35% 17 250160 3842 72%
c t 42.19 751 31 8 590 15609 4358 35% 17 250090 3842 72%
c e 42.91 751 31 8 590 15609 3936 35% 17 244827 1084 20%
c 
c  seconds   reductions   redundant   irredundant
c          MB    restarts        trail       variables
c           level    conflicts       glue         remaining
c 
c s 43.04 751 31 8 590 15609 3931 35% 17 244188 1084 20%
c - 48.07 668 31 9 913 18871 4273 55% 18 244188 1084 20%
c W 51.22 668 30 9 1011 21023 5786 57% 18 244188 1084 20%
c - 55.82 751 30 10 1211 23034 5223 57% 18 244188 1084 20%
c } 56.20 751 29 10 1220 23997 5766 57% 18 244188 1084 20%
c 1 56.20 751 29 10 1220 23997 5766 57% 18 244188 1084 20%
c 
c --- [ writing output ] -----------------------------------------------------
c 
c writing simplified CNF to DIMACS file 'simp/12.cubes480.adj.simp1'
c * 56.20 751 29 10 1220 23997 5766 57% 18 244188 1084 20%
c opening file to write 'simp/12.cubes480.adj.simp1'
c writing 'p cnf 5320 244188' header
c closing file 'simp/12.cubes480.adj.simp1'
c after writing 88103479 bytes 84.0 MB
c wrote 244188 clauses in 0.65 seconds process time
c 
c --- [ writing extension ] --------------------------------------------------
c 
c writing extension stack to 'simp/12.cubes480.adj.ext1'
c opening file to write 'simp/12.cubes480.adj.ext1'
c closing file 'simp/12.cubes480.adj.ext1'
c after writing 162743 bytes 0.2 MB
c wrote 7359 witnesses in 0.00 seconds process time
c 
c --- [ result ] -------------------------------------------------------------
c 
s SATISFIABLE
c 
c --- [ run-time profiling ] -------------------------------------------------
c 
c process time taken by individual solving procedures
c (percentage relative to process time for solving)
c 
c        39.96   84.12% search
c        28.90   60.83% unstable
c         9.45   19.89% stable
c         8.70   18.31% parse
c         7.54   15.88% simplify
c         2.69    5.67% probe
c         2.52    5.30% vivify
c         1.46    3.08% lucky
c         1.21    2.54% elim
c         0.24    0.51% subsume
c         0.15    0.32% walk
c         0.09    0.20% ternary
c   =================================
c        47.50   83.56% solve
c 
c last line shows process time for solving
c (percentage relative to total process time)
c 
c --- [ statistics ] ---------------------------------------------------------
c 
c chronological:              5037        20.99 %  of conflicts
c conflicts:                 23997       505.18    per second
c decisions:                 89323      1880.41    per second
c eliminated:                 2758        51.84 %  of all variables
c fixed:                      1463        27.50 %  of all variables
c learned:                   23458        97.75 %  per conflict
c learned_lits:            3429354       100.00 %  learned literals
c minimized:                     0         0.00 %  learned literals
c shrunken:                1933273        56.37 %  learned literals
c minishrunken:             295622         8.62 %  learned literals
c propagations:            4526923         0.10 M  per second
c reduced:                    8824        36.77 %  per conflict
c rephased:                      6      3999.50    interval
c restarts:                   1220        19.67    interval
c stabilizing:                   2        41.69 %  of conflicts
c substituted:                  15         0.28 %  of all variables
c subsumed:                  12592         0.62 %  of all clauses
c strengthened:              29837         1.47 %  of all clauses
c ternary:                    3876         0.45 %  of resolved
c vivified:                     82         0.00 %  of all clauses
c walked:                        1     23997.00    interval
c weakened:                   5896         2.94    average size
c 
c seconds are measured in process time for solving
c 
c --- [ resources ] ----------------------------------------------------------
c 
c total process time since initialization:        56.85    seconds
c total real time since initialization:           56.89    seconds
c maximum resident set size of process:          871.65    MB
c 
c --- [ shutting down ] ------------------------------------------------------
c 
c exit 10
WARNING! DIMACS header mismatch: wrong number of variables.
============================[ Problem Statistics ]=============================
|                                                                             |
|  Number of variables:          3662                                         |
|  Number of clauses:          244190                                         |
|  Parse time:                   1.22 s                                       |
|  Simplification time:          0.02 s                                       |
|                                                                             |
============================[ Search Statistics ]====================================================
| Conflicts |          ORIGINAL         |          LEARNT          | Num Sols |      SUBGRAPHS      |
|           |    Vars  Clauses Literals |    Limit  Clauses Lit/Cl |          | Canonical Noncanon. |
=====================================================================================================
|       106 |    3583   244196 20276586 |     2000      106    108 |        0 |        20         6 |
|       256 |    3583   244196 20276586 |     2000      256     90 |        0 |        35         6 |
|       482 |    3583   244197 20276612 |     2000      482     89 |        0 |        46         7 |
|       824 |    3583   244202 20276756 |     2000      824     91 |        0 |        58        12 |
|      1369 |    3583   244241 20277834 |     2000     1369     95 |        0 |        90        51 |
|      2181 |    3583   244294 20279477 |     3600     1181     54 |        0 |       156       104 |
|      3447 |    3583   244421 20282475 |     3600     2447     73 |        0 |       210       231 |
|      5365 |    3583   244631 20286956 |     5002     2567     54 |        0 |       297       441 |
|      8190 |    3583   244894 20292665 |     6308     2898     54 |        0 |       368       704 |
|     12613 |    3583   245473 20305578 |     7557     4170     46 |        0 |       705      1283 |
|     20776 |    3583   247870 20345699 |     8779     8555     48 |        0 |      1308      3680 |
|     31651 |    3583   250096 20388266 |    11199    10050     54 |        0 |      1683      5906 |
|     44668 |    3583   250139 20389228 |    13609    11277     68 |        0 |      1724      5949 |
|     65350 |    3583   251360 20410126 |    17208     9758     43 |        0 |      1841      7170 |
|     94717 |    3583   251535 20413929 |    20810    11527     48 |        0 |      1941      7345 |
|    139783 |    3583   252812 20435044 |    24411    23594     60 |        0 |      2461      8622 |
|    211792 |    3583   259137 20517279 |    30406    28598     68 |        0 |      3686     14947 |
|    314066 |    3583   262885 20572914 |    37615    30681     61 |        0 |      4739     18695 |
|    470971 |    3583   272001 20694878 |    46016    43387     71 |        0 |      6687     27811 |
|    738381 |    3569   288112 20863360 |    57860    53641     81 |        0 |     13489     73538 |
|   1099982 |    3569   317188 21308581 |    71212    63394     76 |        0 |     16628    102614 |
|   1644688 |    3569   363106 21910618 |    88022    55110     52 |        0 |     18829    148532 |
|   2426934 |    3559   237489 19862046 |   104352    58486     84 |        0 |     23003    182596 |
|   3566630 |    3559   254911 20122204 |   130017    80047     69 |        0 |     25724    200018 |
=====================================================================================================
Number of solutions   : 0
Canonical subgraphs   : 32086          (93 /sec)
          order  3    : 1              (200000 /sec)
          order  4    : 1              (500000 /sec)
          order  5    : 1              (250000 /sec)
          order  6    : 1              (52632 /sec)
          order  7    : 2              (10471 /sec)
          order  8    : 7              (2881 /sec)
          order  9    : 28             (928 /sec)
          order 10    : 165            (375 /sec)
          order 11    : 896            (173 /sec)
          order 12    : 4875           (123 /sec)
          order 13    : 14067          (91 /sec)
          order 14    : 9692           (86 /sec)
          order 15    : 2053           (72 /sec)
          order 16    : 219            (50 /sec)
          order 17    : 21             (54 /sec)
          order 18    : 19             (47 /sec)
          order 19    : 19             (44 /sec)
          order 20    : 19             (42 /sec)
          order 21    : 0              (-nan /sec)
Noncanonical subgraphs: 243799         (664 /sec)
          order  3    : 0              (-nan /sec)
          order  4    : 0              (-nan /sec)
          order  5    : 0              (-nan /sec)
          order  6    : 0              (-nan /sec)
          order  7    : 0              (-nan /sec)
          order  8    : 0              (-nan /sec)
          order  9    : 0              (-nan /sec)
          order 10    : 0              (-nan /sec)
          order 11    : 0              (-nan /sec)
          order 12    : 0              (-nan /sec)
          order 13    : 82470          (1456 /sec)
          order 14    : 158885         (519 /sec)
          order 15    : 2283           (647 /sec)
          order 16    : 139            (300 /sec)
          order 17    : 0              (-nan /sec)
          order 18    : 3              (156 /sec)
          order 19    : 0              (-nan /sec)
          order 20    : 0              (-nan /sec)
Canonicity checking   : 346.443 s
Noncanonicity checking: 367.015 s
Total canonicity time : 713.458 s
database reductions   : 117
restarts              : 7765
conflicts             : 4357836        (1623 /sec)
decisions             : 5493065        (0.00 % random) (2046 /sec)
propagations          : 247418711      (92150 /sec)
conflict literals     : 444802670      (54.88 % deleted)
actual reward         : 0.206019
Memory used           : 386.00 MB
CPU time              : 2684.97 s

UNSATISFIABLE
