c --- [ banner ] -------------------------------------------------------------
c 
c CaDiCaL Radically Simplified CDCL SAT Solver
c Copyright (c) 2016-2021 A. Biere, M. Fleury, N. Froleyks
c 
c Version 1.5.2 ca9bff05c11bde5eae4912f9932871d1527e61d8
c g++ (GCC) 9.3.0 -Wall -Wextra -O3 -DNDEBUG
c Sun May 1 02:23:23 EDT 2022 Linux gra-login1 3.10.0-1160.59.1.el7.x86_64 x86_64
c 
c --- [ limit ] --------------------------------------------------------------
c 
c setting conflict limit to 200000 conflicts (due to '200000')
c 
c --- [ parsing input ] ------------------------------------------------------
c 
c reading DIMACS file from '12.cubes833.adj'
c opening file to read '12.cubes833.adj'
c found 'p cnf 5320 924209' header
c parsed 924209 clauses in 8.04 seconds process time
c closing file '12.cubes833.adj'
c after reading 686668107 bytes 654.9 MB
c 
c --- [ options ] ------------------------------------------------------------
c 
c all options are set to their default value
c 
c --- [ solving ] ------------------------------------------------------------
c 
c time measured in process time since initialization
c 
c  seconds   reductions  redundant  irredundant
c          MB    restarts       trail      variables
c           level   conflicts       glue        remaining
c 
c *  8.04 690  0 0   0    0    0  0% 0 923580 3970 75%
c {  8.61 720  0 0   0    0    0  0% 0 923580 3970 75%
c i  9.48 744 60 0   1   39   34 54% 9 923580 3969 75%
c i  9.71 747 59 0   7   64   55 55% 14 923580 3958 74%
c i 10.22 753 69 0  15   95   84 52% 20 923580 3940 74%
c i 10.33 754 74 0  19  110   96 53% 25 923580 3939 74%
c i 10.43 754 80 0  21  126  107 52% 27 923580 3938 74%
c i 10.57 755 72 0  25  143  115 51% 25 923580 3919 74%
c i 10.99 757 80 0  32  213  169 50% 28 923580 3892 73%
c - 13.48 716 77 1  44  300  243 51% 27 144164 3892 73%
c i 13.64 716 69 1  44  358  284 51% 25 144164 3891 73%
c i 13.68 688 64 1  44  397  314 52% 25 144164 3890 73%
c i 13.75 688 62 1  44  424  335 52% 25 144164 3889 73%
c i 13.81 688 61 1  44  447  352 52% 25 144164 3888 73%
c i 13.82 688 60 1  44  454  357 52% 25 144164 3887 73%
c i 13.89 688 59 1  46  497  395 53% 25 144164 3886 73%
c i 13.97 688 58 1  51  531  419 52% 25 144164 3877 73%
c i 14.04 688 58 1  51  542  429 52% 25 144164 3876 73%
c i 14.05 688 58 1  51  548  434 52% 25 144164 3875 73%
c i 14.05 688 58 1  51  550  435 52% 25 144164 3874 73%
c 
c  seconds   reductions  redundant   irredundant
c          MB    restarts       trail       variables
c           level   conflicts       glue         remaining
c 
c i 14.30 688 51 1  57  707  522 51% 23 144164 3867 73%
c i 14.32 688 52 1  57  712  526 51% 23 144164 3866 73%
c i 14.34 688 53 1  57  723  535 51% 23 144164 3864 73%
c i 14.58 688 57 1  77  842  629 51% 24 144164 3863 73%
c i 14.63 688 56 1  84  873  658 51% 25 144164 3862 73%
c i 14.85 688 53 1  91  988  715 50% 24 144164 3861 73%
c i 14.86 688 53 1  91  990  716 50% 24 144164 3860 73%
c - 15.14 743 53 2  91  995  605 50% 24 143867 3860 73%
c } 15.17 743 53 2  91 1000  610 50% 24 143867 3860 73%
c [ 15.17 743  0 2  91 1000  610  0% 0 143867 3860 73%
c O 15.17 743 32 2  91 1003  613 45% 21 143867 3860 73%
c i 15.30 743 24 2  91 1278  798 52% 21 143867 3859 73%
c i 15.34 743 25 2  91 1411  896 53% 22 143867 3858 73%
c i 15.35 743 26 2  91 1478  936 53% 23 143867 3857 72%
c i 15.37 743 26 2  91 1565 1005 53% 23 143867 3856 72%
c i 15.38 743 26 2  91 1589 1022 53% 23 143867 3855 72%
c i 15.38 743 26 2  91 1633 1054 53% 23 143867 3854 72%
c i 15.39 743 26 2  91 1658 1070 53% 23 143867 3853 72%
c i 15.39 743 26 2  91 1664 1074 53% 23 143867 3852 72%
c i 15.44 743 25 2  91 1922 1256 54% 23 143867 3851 72%
c 
c  seconds   reductions  redundant   irredundant
c          MB    restarts       trail       variables
c           level   conflicts       glue         remaining
c 
c i 15.45 743 25 2  91 1990 1302 54% 23 143867 3850 72%
c i 15.46 743 25 2  91 2021 1326 54% 22 143867 3849 72%
c - 15.59 742 25 3  91 2038 1025 54% 23 143836 3849 72%
c i 15.77 721 24 3  92 2365 1217 38% 22 143836 3848 72%
c ] 15.89 721 23 3  92 3000 1629 38% 21 143836 3848 72%
c { 15.89 721 53 3  92 3000 1629 69% 24 143836 3848 72%
c F 15.89 721 53 3  92 3004 1633 69% 24 143836 3848 72%
c i 16.10 721 50 3  92 3224 1806 62% 23 143836 3847 72%
c i 16.13 721 49 3  95 3270 1842 62% 23 143836 3846 72%
c i 16.15 721 49 3  98 3295 1862 61% 23 143836 3845 72%
c i 16.16 721 49 3  99 3312 1873 61% 23 143836 3844 72%
c i 16.17 721 48 3  99 3327 1886 60% 23 143836 3843 72%
c - 16.42 721 48 4 107 3428 1395 59% 23 143818 3843 72%
c i 16.48 721 45 4 107 3596 1512 57% 23 143818 3842 72%
c i 16.50 721 43 4 107 3669 1571 56% 22 143818 3841 72%
c i 16.53 721 43 4 107 3738 1624 55% 22 143818 3840 72%
c i 16.63 721 40 4 109 4091 1887 52% 21 143818 3839 72%
c i 16.63 721 40 4 109 4092 1887 52% 21 143818 3838 72%
c i 17.26 721 40 4 203 4779 2430 48% 22 143818 3837 72%
c d 17.51 721 39 4 208 5003 2590 47% 22 113726 3829 72%
c 
c  seconds   reductions  redundant   irredundant
c          MB    restarts       trail       variables
c           level   conflicts       glue         remaining
c 
c 2 17.54 721 39 4 208 5003 4582 47% 22 113665 3829 72%
c p 18.79 721 39 4 208 5003 9974 47% 22 113665 3647 69%
c d 18.93 721 39 4 208 5003 9184 47% 22 89406 3644 68%
c - 19.11 668 38 5 210 5164 1972 47% 22 89406 3644 68%
c # 19.36 669 35 5 223 6006 2549 45% 21 89406 3644 68%
c - 19.88 669 32 6 232 6964 2163 43% 20 89406 3644 68%
c } 19.90 669 32 6 232 7000 2193 43% 20 89406 3644 68%
c [ 19.90 669 23 6 232 7000 2193 38% 21 89406 3644 68%
c - 20.56 669 23 7 233 9066 2620 39% 20 89406 3644 68%
c I 20.80 669 23 7 234 10007 3250 39% 20 89406 3644 68%
c - 21.24 669 28 8 236 11467 3090 39% 23 89406 3644 68%
c - 22.24 669 30 9 237 14170 3386 38% 25 89406 3644 68%
c ] 22.61 669 31 9 237 15000 3943 38% 25 89406 3644 68%
c { 22.61 669 32 9 237 15000 3943 43% 20 89406 3644 68%
c 2 22.64 669 32 9 237 15006 6136 43% 20 89383 3644 68%
c p 23.07 669 32 9 237 15006 10870 43% 20 89383 3644 68%
c B 23.13 669 32 9 237 15009 10873 43% 20 89383 3644 68%
c s 24.19 669 35 9 349 15726 11215 42% 21 87701 3644 68%
c v 24.78 669 35 9 349 15726 11215 42% 21 87679 3644 68%
c t 24.81 669 35 9 349 15726 11192 42% 21 87565 3644 68%
c 
c  seconds   reductions   redundant   irredundant
c          MB    restarts        trail      variables
c           level    conflicts       glue       remaining
c 
c e 24.96 670 35 9 349 15726 5500 42% 21 82369 881 17%
c s 25.03 670 35 9 349 15726 5500 42% 21 82074 881 17%
c - 25.57 670 31 10 362 17172 3905 64% 19 82074 881 17%
c - 27.22 670 30 11 535 20477 4330 65% 19 82074 881 17%
c W 27.37 670 29 11 535 21010 4628 65% 19 82074 881 17%
c - 28.31 670 27 12 619 24078 4602 65% 18 82074 881 17%
c - 29.67 670 25 13 680 27979 4874 64% 17 82074 881 17%
c F 29.68 670 25 13 680 28012 4903 64% 17 82074 881 17%
c 2 30.47 670 25 13 748 30006 7103 65% 17 82073 881 17%
c p 31.01 670 25 13 748 30006 8813 65% 17 82073 880 17%
c } 31.89 670 25 13 836 31001 9465 65% 17 82073 880 17%
c [ 31.89 670 31 13 836 31001 9465 167% 25 82073 880 17%
c - 32.23 670 30 14 836 32180 5738 154% 25 82070 880 17%
c B 33.25 670 27 14 839 36014 8035 129% 22 82070 880 17%
c - 33.43 670 26 15 839 36682 5998 126% 22 82070 880 17%
c - 34.67 670 25 16 842 41482 6143 110% 22 82070 880 17%
c s 34.89 670 25 16 843 41896 6370 109% 22 81738 880 17%
c v 35.56 670 25 16 843 41896 6370 109% 22 81711 880 17%
c t 35.58 670 25 16 843 41896 6370 109% 22 81710 880 17%
c e 35.70 670 25 16 843 41896 6368 109% 22 81710 878 17%
c 
c  seconds   reductions    redundant    irredundant
c          MB     restarts        trail       variables
c           level     conflicts        glue       remaining
c 
c s 35.80 670 25 16 843 41896 6368 109% 22 81540 878 17%
c W 36.85 670 25 16 843 45017 8166 102% 21 81540 878 17%
c - 37.22 670 24 17 844 46582 6350 100% 21 81540 878 17%
c p 38.03 670 24 17 844 50011 10722 95% 20 81540 878 17%
c - 38.58 670 24 18 844 51982 6861 93% 20 81540 878 17%
c O 39.36 670 24 18 845 55020 8810 90% 20 81540 878 17%
c ] 39.75 670 23 18 847 56961 9846 89% 20 81540 878 17%
c 1 39.75 670 23 18 847 56961 9846 89% 20 81540 878 17%
c 
c --- [ writing output ] -----------------------------------------------------
c 
c writing simplified CNF to DIMACS file 'simp/12.cubes833.adj.simp1'
c * 39.75 670 23 18 847 56961 9846 89% 20 81540 878 17%
c opening file to write 'simp/12.cubes833.adj.simp1'
c writing 'p cnf 5320 81540' header
c closing file 'simp/12.cubes833.adj.simp1'
c after writing 29803908 bytes 28.4 MB
c wrote 81540 clauses in 0.19 seconds process time
c 
c --- [ writing extension ] --------------------------------------------------
c 
c writing extension stack to 'simp/12.cubes833.adj.ext1'
c opening file to write 'simp/12.cubes833.adj.ext1'
c closing file 'simp/12.cubes833.adj.ext1'
c after writing 162832 bytes 0.2 MB
c wrote 7393 witnesses in 0.00 seconds process time
c 
c --- [ result ] -------------------------------------------------------------
c 
s SATISFIABLE
c 
c --- [ run-time profiling ] -------------------------------------------------
c 
c process time taken by individual solving procedures
c (percentage relative to process time for solving)
c 
c        26.71   84.22% search
c        16.17   50.99% unstable
c         9.68   30.54% stable
c         8.04   25.36% parse
c         5.00   15.78% simplify
c         2.46    7.75% probe
c         1.30    4.09% vivify
c         0.56    1.77% lucky
c         0.51    1.60% elim
c         0.32    1.00% subsume
c         0.29    0.93% walk
c         0.07    0.22% ternary
c   =================================
c        31.71   79.38% solve
c 
c last line shows process time for solving
c (percentage relative to total process time)
c 
c --- [ statistics ] ---------------------------------------------------------
c 
c chronological:             10019        17.59 %  of conflicts
c conflicts:                 56961      1796.25    per second
c decisions:                108506      3421.71    per second
c eliminated:                 2765        51.97 %  of all variables
c fixed:                      1666        31.32 %  of all variables
c learned:                   55756        97.88 %  per conflict
c learned_lits:            8845991       100.00 %  learned literals
c minimized:                     0         0.00 %  learned literals
c shrunken:                5652679        63.90 %  learned literals
c minishrunken:             669990         7.57 %  learned literals
c propagations:            5713909         0.18 M  per second
c reduced:                   26644        46.78 %  per conflict
c rephased:                     10      5696.10    interval
c restarts:                    847        67.25    interval
c stabilizing:                   3        63.13 %  of conflicts
c substituted:                  11         0.21 %  of all variables
c subsumed:                  21980         1.09 %  of all clauses
c strengthened:               6616         0.33 %  of all clauses
c ternary:                    5477         0.58 %  of resolved
c vivified:                     73         0.00 %  of all clauses
c walked:                        2     28480.50    interval
c weakened:                   5727         3.00    average size
c 
c seconds are measured in process time for solving
c 
c --- [ resources ] ----------------------------------------------------------
c 
c total process time since initialization:        39.95    seconds
c total real time since initialization:           40.15    seconds
c maximum resident set size of process:          796.49    MB
c 
c --- [ shutting down ] ------------------------------------------------------
c 
c exit 10
WARNING! DIMACS header mismatch: wrong number of variables.
============================[ Problem Statistics ]=============================
|                                                                             |
|  Number of variables:          2943                                         |
|  Number of clauses:           81542                                         |
|  Parse time:                   0.43 s                                       |
|  Simplification time:          0.01 s                                       |
|                                                                             |
============================[ Search Statistics ]====================================================
| Conflicts |          ORIGINAL         |          LEARNT          | Num Sols |      SUBGRAPHS      |
|           |    Vars  Clauses Literals |    Limit  Clauses Lit/Cl |          | Canonical Noncanon. |
=====================================================================================================
|       101 |    2853    81543  6601998 |     2000      101    143 |        0 |        10         1 |
|       265 |    2853    81557  6602327 |     2000      265    108 |        0 |        20        15 |
|       490 |    2853    81557  6602327 |     2000      490    103 |        0 |        22        15 |
|       830 |    2853    81560  6602502 |     2000      830     99 |        0 |        30        18 |
|      1347 |    2853    81571  6603251 |     2000     1347    103 |        0 |        38        29 |
|      2109 |    2853    81574  6603299 |     3600     1109     70 |        0 |        66        32 |
|      3289 |    2853    81615  6604123 |     3600     2289     82 |        0 |        79        73 |
|      5099 |    2853    81717  6606279 |     5003     2302     66 |        0 |       155       175 |
|      9596 |    2853    83652  6636197 |     6302     4298     40 |        0 |       426      2110 |
|     13493 |    2853    83705  6637074 |     7557     5050     48 |        0 |       459      2163 |
|     19378 |    2853    83824  6638683 |     8786     7164     56 |        0 |       482      2282 |
|     28527 |    2853    84324  6647415 |    11203     6930     42 |        0 |       683      2782 |
|     41902 |    2853    84725  6653835 |    13604     8506     43 |        0 |       755      3183 |
|     61878 |    2853    85240  6662389 |    16008    14286     54 |        0 |       921      3698 |
|     93129 |    2853    87299  6697202 |    20817     9946     23 |        0 |      1351      5757 |
|    137995 |    2853    88376  6712752 |    24410    21805     56 |        0 |      1779      6834 |
|    205469 |    2853    90166  6739734 |    30423    22292     50 |        0 |      2283      8624 |
|    308897 |    2853    95068  6814155 |    37610    25507     45 |        0 |      3106     13526 |
|    461105 |    2853    99487  6872127 |    46015    33520     51 |        0 |      3959     17945 |
|    697876 |    2842    90815  6733821 |    50030    34906     54 |        0 |      6190     33033 |
=====================================================================================================
Number of solutions   : 0
Canonical subgraphs   : 8887           (25 /sec)
          order  3    : 1              (200000 /sec)
          order  4    : 1              (1000000 /sec)
          order  5    : 1              (250000 /sec)
          order  6    : 1              (55556 /sec)
          order  7    : 2              (9852 /sec)
          order  8    : 4              (2047 /sec)
          order  9    : 8              (396 /sec)
          order 10    : 31             (113 /sec)
          order 11    : 125            (32 /sec)
          order 12    : 621            (20 /sec)
          order 13    : 3363           (23 /sec)
          order 14    : 4124           (28 /sec)
          order 15    : 563            (26 /sec)
          order 16    : 42             (19 /sec)
          order 17    : 0              (-nan /sec)
          order 18    : 0              (-nan /sec)
          order 19    : 0              (-nan /sec)
          order 20    : 0              (-nan /sec)
          order 21    : 0              (-nan /sec)
Noncanonical subgraphs: 75960          (1214 /sec)
          order  3    : 0              (-nan /sec)
          order  4    : 0              (-nan /sec)
          order  5    : 0              (-nan /sec)
          order  6    : 0              (-nan /sec)
          order  7    : 0              (-nan /sec)
          order  8    : 0              (-nan /sec)
          order  9    : 0              (-nan /sec)
          order 10    : 0              (-nan /sec)
          order 11    : 0              (-nan /sec)
          order 12    : 0              (-nan /sec)
          order 13    : 8075           (7140 /sec)
          order 14    : 65888          (1100 /sec)
          order 15    : 1943           (1364 /sec)
          order 16    : 54             (606 /sec)
          order 17    : 0              (-nan /sec)
          order 18    : 0              (-nan /sec)
          order 19    : 0              (-nan /sec)
          order 20    : 0              (-nan /sec)
Canonicity checking   : 355.697 s
Noncanonicity checking: 62.556 s
Total canonicity time : 418.253 s
database reductions   : 55
restarts              : 2047
conflicts             : 1034026        (1657 /sec)
decisions             : 1372790        (0.00 % random) (2200 /sec)
propagations          : 47781390       (76587 /sec)
conflict literals     : 85310504       (53.55 % deleted)
actual reward         : 0.241045
Memory used           : 117.00 MB
CPU time              : 623.88 s

UNSATISFIABLE
