c --- [ banner ] -------------------------------------------------------------
c 
c CaDiCaL Radically Simplified CDCL SAT Solver
c Copyright (c) 2016-2021 A. Biere, M. Fleury, N. Froleyks
c 
c Version 1.5.2 ca9bff05c11bde5eae4912f9932871d1527e61d8
c g++ (GCC) 9.3.0 -Wall -Wextra -O3 -DNDEBUG
c Sun May 1 02:23:23 EDT 2022 Linux gra-login1 3.10.0-1160.59.1.el7.x86_64 x86_64
c 
c --- [ limit ] --------------------------------------------------------------
c 
c setting conflict limit to 200000 conflicts (due to '200000')
c 
c --- [ parsing input ] ------------------------------------------------------
c 
c reading DIMACS file from '12.cubes1273.adj'
c opening file to read '12.cubes1273.adj'
c found 'p cnf 5320 924208' header
c parsed 924208 clauses in 8.77 seconds process time
c closing file '12.cubes1273.adj'
c after reading 686668103 bytes 654.9 MB
c 
c --- [ options ] ------------------------------------------------------------
c 
c all options are set to their default value
c 
c --- [ solving ] ------------------------------------------------------------
c 
c time measured in process time since initialization
c 
c  seconds   reductions  redundant  irredundant
c          MB    restarts       trail      variables
c           level   conflicts       glue        remaining
c 
c *  8.77 695  0 0   0    0    0  0% 0 923580 3851 72%
c {  9.44 734  0 0   0    0    0  0% 0 923580 3851 72%
c i 10.30 752 68 0  10   68   55 54% 20 923580 3850 72%
c i 10.34 752 64 0  11   78   62 54% 20 923580 3849 72%
c i 10.35 752 65 0  12   80   62 54% 19 923580 3847 72%
c i 10.42 754 68 0  13   85   66 53% 20 923580 3846 72%
c i 10.42 754 70 0  13   88   68 53% 20 923580 3845 72%
c i 10.47 754 76 0  14  101   74 51% 21 923580 3816 72%
c i 10.48 754 76 0  15  105   77 51% 21 923580 3814 72%
c i 10.54 754 79 0  15  112   82 51% 20 923580 3813 72%
c i 10.59 754 85 0  15  132   97 51% 21 923580 3811 72%
c i 10.72 756 86 0  19  145  109 52% 25 923580 3810 72%
c i 10.99 757 76 0  35  213  168 52% 27 923580 3809 72%
c i 11.07 757 75 0  38  225  179 53% 28 923580 3808 72%
c i 11.11 757 73 0  41  233  185 53% 27 923580 3807 72%
c i 11.16 757 74 0  44  242  192 53% 28 923580 3806 72%
c i 11.19 757 82 0  46  268  205 52% 32 923580 3805 72%
c i 11.24 757 83 0  50  281  214 52% 31 923580 3804 72%
c i 11.33 757 83 0  52  291  223 52% 30 923580 3803 71%
c i 11.36 757 82 0  53  298  229 52% 30 923580 3802 71%
c 
c  seconds   reductions  redundant   irredundant
c          MB    restarts       trail      variables
c           level   conflicts       glue        remaining
c 
c - 13.04 680 82 1  53  300  230 51% 30 87139 3802 71%
c i 13.14 680 79 1  53  317  245 51% 29 87139 3801 71%
c i 13.19 680 85 1  59  356  278 51% 33 87139 3800 71%
c i 13.20 680 85 1  59  357  278 51% 33 87139 3795 71%
c i 13.27 680 86 1  67  393  303 51% 36 87139 3783 71%
c i 13.28 680 85 1  70  405  313 52% 36 87139 3782 71%
c i 13.28 680 84 1  71  408  315 52% 36 87139 3781 71%
c i 13.33 680 89 1  78  439  337 52% 38 87139 3777 71%
c i 13.37 680 93 1  82  467  361 51% 39 87139 3776 71%
c i 13.37 680 93 1  83  468  361 51% 39 87139 3775 71%
c i 13.38 680 93 1  84  473  365 51% 39 87139 3774 71%
c i 13.40 680 93 1  87  486  376 51% 39 87139 3773 71%
c i 13.42 680 92 1  88  500  389 51% 39 87139 3772 71%
c i 13.42 680 91 1  88  510  398 52% 38 87139 3771 71%
c i 13.43 680 88 1  88  536  421 52% 37 87139 3770 71%
c i 13.44 680 88 1  88  551  434 52% 38 87139 3769 71%
c i 13.45 680 89 1  88  556  438 52% 38 87139 3768 71%
c i 13.45 680 88 1  89  570  450 52% 38 87139 3767 71%
c i 13.46 680 88 1  89  574  453 52% 38 87139 3766 71%
c i 13.48 680 88 1  89  588  463 52% 37 87139 3765 71%
c 
c  seconds   reductions  redundant   irredundant
c          MB    restarts       trail      variables
c           level   conflicts       glue        remaining
c 
c i 13.48 680 89 1  89  593  467 52% 37 87139 3764 71%
c i 13.49 680 88 1  92  615  486 52% 38 87139 3763 71%
c i 13.50 680 87 1  93  627  494 52% 38 87139 3762 71%
c i 13.51 680 85 1  93  660  524 52% 37 87139 3761 71%
c i 13.53 680 85 1  93  673  536 52% 37 87139 3760 71%
c i 13.57 680 76 1  93  800  635 53% 34 87139 3759 71%
c i 13.64 680 71 1  93  895  713 53% 32 87139 3758 71%
c - 13.78 712 71 2  93  902  605 53% 32 86827 3758 71%
c i 13.80 712 70 2  93  929  628 54% 32 86827 3757 71%
c } 13.83 712 69 2  93 1000  688 53% 31 86827 3757 71%
c [ 13.83 712  0 2  93 1000  688  0% 0 86827 3757 71%
c O 13.84 712 31 2  93 1002  690 42% 2 86827 3757 71%
c i 13.88 712 34 2  93 1086  757 57% 27 86827 3756 71%
c i 13.88 712 34 2  93 1113  775 57% 28 86827 3754 71%
c i 13.89 712 34 2  93 1134  795 57% 28 86827 3753 71%
c i 13.89 712 34 2  93 1148  808 57% 28 86827 3752 71%
c i 14.00 712 32 2  93 1718 1237 56% 27 86827 3751 71%
c i 14.01 712 33 2  93 1760 1269 56% 27 86827 3750 70%
c - 14.08 711 33 3  93 1803 1007 57% 27 86805 3750 70%
c i 14.18 711 32 3  94 2316 1320 57% 27 86805 3749 70%
c 
c  seconds   reductions  redundant   irredundant
c          MB    restarts       trail      variables
c           level   conflicts       glue        remaining
c 
c i 14.28 711 31 3  94 2776 1573 57% 27 86805 3748 70%
c ] 14.32 711 31 3  94 3000 1696 57% 27 86805 3748 70%
c { 14.32 711 69 3  94 3000 1696 53% 31 86805 3748 70%
c - 14.38 709 69 4  94 3003 1177 53% 31 86799 3748 70%
c F 14.42 740 69 4  94 3004 1178 22% 31 86799 3748 70%
c - 14.68 665 38 5  98 4504 1601 37% 21 86799 3748 70%
c d 14.84 665 35 5 104 5000 1955 37% 20 49528 3739 70%
c 2 14.86 665 35 5 104 5000 3785 37% 20 49458 3739 70%
c p 15.19 665 35 5 104 5000 12813 37% 20 49458 3597 68%
c d 15.25 665 35 5 104 5000 11075 37% 20 48360 3595 68%
c # 15.54 665 36 5 239 6006 11839 37% 22 48360 3595 68%
c - 15.64 665 37 6 264 6305 2405 36% 22 48360 3595 68%
c } 15.82 665 37 6 311 7002 2977 36% 22 48360 3595 68%
c [ 15.82 665 31 6 311 7002 2977 80% 27 48360 3595 68%
c - 16.04 665 30 7 312 8408 2868 63% 25 48360 3595 68%
c I 16.31 665 28 7 313 10009 4005 55% 23 48360 3595 68%
c - 16.53 665 26 8 314 10808 3186 52% 22 48360 3595 68%
c - 16.99 665 23 9 316 13508 3271 48% 19 48360 3595 68%
c ] 17.25 665 22 9 316 15002 4186 46% 18 48360 3595 68%
c { 17.25 665 37 9 316 15002 4186 36% 22 48360 3595 68%
c 
c  seconds   reductions   redundant   irredundant
c          MB    restarts        trail      variables
c           level    conflicts       glue        remaining
c 
c 2 17.27 665 37 9 316 15002 6054 36% 22 48345 3595 68%
c p 17.48 665 37 9 316 15002 13800 36% 22 48345 3507 66%
c d 17.54 665 37 9 316 15002 11890 36% 22 47295 3506 66%
c d 17.55 665 37 9 316 15002 11888 36% 22 47294 3505 66%
c B 17.55 665 37 9 316 15012 11898 36% 22 47294 3505 66%
c s 17.86 665 39 9 425 15812 12322 36% 23 45333 3505 66%
c v 18.10 665 39 9 425 15812 12322 36% 23 45281 3505 66%
c w 18.12 665 39 9 425 15812 12314 36% 23 45281 3505 66%
c t 18.12 665 39 9 425 15812 12291 36% 23 45206 3505 66%
c e 18.21 666 39 9 425 15812 6302 36% 23 40548 860 16%
c s 18.28 666 39 9 425 15812 6300 36% 23 39908 860 16%
c - 18.49 666 36 10 425 16509 4108 58% 22 39908 860 16%
c - 18.87 666 29 11 452 19811 4201 63% 19 39908 860 16%
c W 19.03 666 28 11 452 21013 4917 63% 18 39908 860 16%
c - 19.46 666 27 12 539 23413 4693 62% 18 39908 860 16%
c - 20.04 666 24 13 541 27314 4945 62% 16 39908 860 16%
c F 20.24 666 24 13 667 28014 5500 62% 17 39908 860 16%
c 2 20.54 666 24 13 769 30002 7683 62% 17 39907 860 16%
c p 20.63 666 24 13 769 30002 9551 62% 17 39907 850 16%
c } 20.74 666 24 13 770 31002 10175 62% 16 39907 850 16%
c 
c  seconds   reductions     redundant    irredundant
c          MB     restarts         trail       variables
c           level     conflicts         glue       remaining
c 
c [ 20.74 666 22 13 770 31002 10175 200% 18 39907 850 16%
c - 20.83 666 22 14 770 31514 5890 193% 18 39877 850 16%
c - 21.31 666 21 15 773 36014 5821 152% 17 39877 850 16%
c B 21.32 666 21 15 773 36015 5822 152% 17 39877 850 16%
c s 21.60 666 26 15 774 37958 7422 141% 21 39247 850 16%
c v 21.75 666 26 15 774 37958 7422 141% 21 39224 850 16%
c e 21.83 666 26 15 774 37958 7414 141% 21 39223 847 16%
c s 21.94 666 26 15 774 37958 7414 141% 21 38606 847 16%
c - 22.32 666 27 16 776 40814 6669 129% 22 38606 847 16%
c W 22.80 666 27 16 777 45016 9655 116% 22 38606 847 16%
c - 22.90 666 27 17 777 45915 7040 114% 22 38606 847 16%
c p 23.38 666 26 17 778 50002 12093 106% 21 38606 847 16%
c - 23.54 666 26 18 778 51315 7417 104% 21 38606 847 16%
c O 23.90 666 26 18 779 55018 10042 99% 22 38606 847 16%
c - 24.14 666 26 19 781 57019 7839 97% 21 38606 847 16%
c ] 24.76 666 25 19 785 63004 11675 91% 21 38606 847 16%
c { 24.76 666 24 19 785 63004 11675 62% 16 38606 847 16%
c - 24.77 666 24 20 785 63021 7606 62% 16 38606 847 16%
c B 25.12 666 23 20 845 66020 9622 62% 16 38606 847 16%
c - 25.54 666 22 21 912 69321 8203 62% 16 38606 847 16%
c 
c  seconds   reductions      redundant   irredundant
c          MB     restarts          trail      variables
c           level      conflicts        glue       remaining
c 
c p 26.41 666 21 21 1088 75002 14717 62% 15 38606 836 16%
c s 26.56 666 21 21 1088 75002 14717 62% 15 38056 836 16%
c v 26.73 666 21 21 1088 75002 14717 62% 15 38044 836 16%
c t 26.74 666 21 21 1088 75002 14714 62% 15 38044 836 16%
c e 26.82 666 21 21 1088 75002 14637 62% 15 37843 828 16%
c s 26.91 666 21 21 1088 75002 14637 62% 15 37694 828 16%
c - 27.15 666 21 22 1128 75921 9314 62% 15 37694 828 16%
c W 27.44 666 21 22 1170 78021 10904 62% 15 37694 828 16%
c - 28.21 666 20 23 1371 82823 9781 62% 15 37694 828 16%
c - 29.06 666 19 24 1405 90023 9505 62% 14 37694 828 16%
c # 29.18 666 19 24 1411 91023 10030 62% 14 37694 828 16%
c - 30.22 666 19 25 1780 97524 10574 62% 14 37694 828 16%
c p 31.25 666 19 25 2209 105003 17872 62% 14 37694 828 16%
c B 31.27 666 19 25 2209 105024 17881 62% 14 37694 828 16%
c - 31.32 666 19 26 2240 105324 11060 62% 14 37694 828 16%
c - 32.25 666 18 27 2392 113429 11560 62% 14 37694 828 16%
c s 33.16 666 18 27 2822 119071 14846 62% 14 37136 828 16%
c v 33.33 666 18 27 2822 119071 14846 62% 14 37115 828 16%
c w 33.35 666 18 27 2822 119071 14846 62% 14 37115 828 16%
c t 33.35 666 18 27 2822 119071 14843 62% 14 37114 828 16%
c 
c  seconds   reductions       redundant   irredundant
c          MB     restarts           trail      variables
c           level      conflicts         glue       remaining
c 
c s 33.58 666 18 27 2822 119071 14843 62% 14 36916 828 16%
c W 33.93 666 18 27 2835 120027 15538 62% 14 36916 828 16%
c - 34.19 666 18 28 2910 121833 11927 62% 14 36916 828 16%
c } 34.74 666 18 28 3022 127004 14653 62% 14 36916 828 16%
c [ 34.74 666 25 28 3022 127004 14653 91% 21 36916 828 16%
c - 35.08 666 25 29 3022 130533 11673 89% 20 36916 828 16%
c B 35.65 666 24 29 3026 136032 14862 85% 20 36916 828 16%
c - 36.06 666 24 30 3029 139533 12733 83% 20 36916 828 16%
c p 36.18 666 24 30 3029 140007 15812 83% 20 36916 828 16%
c - 37.17 666 23 31 3030 148834 12634 79% 19 36916 828 16%
c W 37.76 666 23 31 3031 153035 15272 78% 19 36916 828 16%
c - 38.24 666 23 32 3031 158434 13238 76% 19 36916 828 16%
c - 39.20 666 22 33 3031 168336 13581 74% 19 36916 828 16%
c I 39.47 666 22 33 3034 171037 15389 73% 19 36916 828 16%
c - 40.60 666 22 34 3038 178536 14487 72% 19 36916 828 16%
c p 40.95 666 22 34 3038 180009 18353 72% 19 36916 827 16%
c s 41.14 666 22 34 3038 180009 17738 72% 19 36367 827 16%
c v 41.32 666 22 34 3038 180009 17738 72% 19 36331 827 16%
c w 41.33 666 22 34 3038 180009 17717 72% 19 36331 827 16%
c t 41.33 666 22 34 3038 180009 17706 72% 19 36330 827 16%
c 
c  seconds   reductions       redundant   irredundant
c          MB     restarts           trail      variables
c           level      conflicts         glue       remaining
c 
c e 41.40 666 22 34 3038 180009 17480 72% 19 36233 772 15%
c s 41.63 666 22 34 3038 180009 17479 72% 19 36197 772 15%
c ] 41.81 666 22 34 3038 180588 17892 71% 19 36197 772 15%
c 1 41.81 666 22 34 3038 180588 17892 71% 19 36197 772 15%
c 
c --- [ writing output ] -----------------------------------------------------
c 
c writing simplified CNF to DIMACS file 'simp/12.cubes1273.adj.simp1'
c * 41.81 666 22 34 3038 180588 17892 71% 19 36197 772 15%
c opening file to write 'simp/12.cubes1273.adj.simp1'
c writing 'p cnf 5320 36197' header
c closing file 'simp/12.cubes1273.adj.simp1'
c after writing 11234537 bytes 10.7 MB
c wrote 36197 clauses in 0.08 seconds process time
c 
c --- [ writing extension ] --------------------------------------------------
c 
c writing extension stack to 'simp/12.cubes1273.adj.ext1'
c opening file to write 'simp/12.cubes1273.adj.ext1'
c closing file 'simp/12.cubes1273.adj.ext1'
c after writing 155296 bytes 0.1 MB
c wrote 7184 witnesses in 0.00 seconds process time
c 
c --- [ result ] -------------------------------------------------------------
c 
s SATISFIABLE
c 
c --- [ run-time profiling ] -------------------------------------------------
c 
c process time taken by individual solving procedures
c (percentage relative to process time for solving)
c 
c        28.59   86.53% search
c        16.24   49.13% unstable
c        11.22   33.96% stable
c         8.77   26.53% parse
c         4.45   13.47% simplify
c         1.36    4.13% subsume
c         1.08    3.28% probe
c         0.95    2.88% vivify
c         0.74    2.24% elim
c         0.67    2.02% lucky
c         0.47    1.41% walk
c         0.07    0.21% ternary
c   =================================
c        33.05   78.88% solve
c 
c last line shows process time for solving
c (percentage relative to total process time)
c 
c --- [ statistics ] ---------------------------------------------------------
c 
c chronological:             31471        17.43 %  of conflicts
c conflicts:                180588      5464.74    per second
c decisions:                288291      8723.92    per second
c eliminated:                 2711        50.96 %  of all variables
c fixed:                      1824        34.29 %  of all variables
c learned:                  176606        97.79 %  per conflict
c learned_lits:           25355646       100.00 %  learned literals
c minimized:                     0         0.00 %  learned literals
c shrunken:               16232630        64.02 %  learned literals
c minishrunken:            1800485         7.10 %  learned literals
c propagations:           13224022         0.40 M  per second
c reduced:                   97699        54.10 %  per conflict
c rephased:                     18     10032.67    interval
c restarts:                   3038        59.44    interval
c stabilizing:                   4        52.93 %  of conflicts
c substituted:                  13         0.24 %  of all variables
c subsumed:                  69816         3.04 %  of all clauses
c strengthened:              27486         1.20 %  of all clauses
c ternary:                    7877         0.70 %  of resolved
c vivified:                    203         0.01 %  of all clauses
c walked:                        5     36117.60    interval
c weakened:                   5360         2.95    average size
c 
c seconds are measured in process time for solving
c 
c --- [ resources ] ----------------------------------------------------------
c 
c total process time since initialization:        41.90    seconds
c total real time since initialization:           41.95    seconds
c maximum resident set size of process:          757.27    MB
c 
c --- [ shutting down ] ------------------------------------------------------
c 
c exit 10
WARNING! DIMACS header mismatch: wrong number of variables.
============================[ Problem Statistics ]=============================
|                                                                             |
|  Number of variables:          3176                                         |
|  Number of clauses:           36203                                         |
|  Parse time:                   0.14 s                                       |
|  Simplification time:          0.00 s                                       |
|                                                                             |
============================[ Search Statistics ]====================================================
| Conflicts |          ORIGINAL         |          LEARNT          | Num Sols |      SUBGRAPHS      |
|           |    Vars  Clauses Literals |    Limit  Clauses Lit/Cl |          | Canonical Noncanon. |
=====================================================================================================
|       108 |    3078    36211  2441715 |     2000      108    111 |        0 |        17         8 |
|       260 |    3078    36213  2441772 |     2000      260     81 |        0 |        33        10 |
|       487 |    3078    36215  2441796 |     2000      487     68 |        0 |        38        12 |
|       836 |    3078    36227  2442040 |     2000      836     73 |        0 |        53        24 |
|      1359 |    3078    36244  2442212 |     2000     1359     73 |        0 |        64        41 |
|      2131 |    3078    36257  2442377 |     3605     1136     55 |        0 |        82        54 |
|      3296 |    3078    36283  2442792 |     3605     2301     60 |        0 |        95        80 |
|      5051 |    3078    36330  2443737 |     5002     2253     51 |        0 |       161       127 |
|      7649 |    3078    36366  2444246 |     5002     4851     69 |        0 |       182       163 |
|     11603 |    3078    36476  2445801 |     7554     3157     37 |        0 |       265       273 |
|     17496 |    3078    36603  2447915 |     8776     5272     41 |        0 |       315       400 |
|     26396 |    3078    36854  2451743 |     9988     9784     58 |        0 |       405       651 |
|     39591 |    3078    37075  2454962 |    12402    12393     57 |        0 |       549       872 |
|     59576 |    3078    37599  2463495 |    16011    11987     48 |        0 |       741      1396 |
|     89474 |    3078    38305  2474753 |    19612    16086     51 |        0 |      1091      2102 |
|    133786 |    3078    38828  2483074 |    24409    17595     43 |        0 |      1376      2625 |
|    200055 |    3078    39413  2492513 |    30406    16861     34 |        0 |      1761      3210 |
|    300013 |    3078    40845  2516764 |    36413    34826     51 |        0 |      2641      4642 |
|    449747 |    2981    36252  2453970 |    38752    38498     52 |        0 |      3763      6587 |
=====================================================================================================
Number of solutions   : 0
Canonical subgraphs   : 3999           (7 /sec)
          order  3    : 1              (200000 /sec)
          order  4    : 1              (500000 /sec)
          order  5    : 1              (200000 /sec)
          order  6    : 1              (52632 /sec)
          order  7    : 1              (8264 /sec)
          order  8    : 2              (1360 /sec)
          order  9    : 4              (241 /sec)
          order 10    : 8              (42 /sec)
          order 11    : 28             (10 /sec)
          order 12    : 142            (4 /sec)
          order 13    : 525            (6 /sec)
          order 14    : 1098           (7 /sec)
          order 15    : 2187           (8 /sec)
          order 16    : 0              (-nan /sec)
          order 17    : 0              (-nan /sec)
          order 18    : 0              (-nan /sec)
          order 19    : 0              (-nan /sec)
          order 20    : 0              (-nan /sec)
          order 21    : 0              (-nan /sec)
Noncanonical subgraphs: 7159           (270 /sec)
          order  3    : 0              (-nan /sec)
          order  4    : 0              (-nan /sec)
          order  5    : 0              (-nan /sec)
          order  6    : 0              (-nan /sec)
          order  7    : 0              (-nan /sec)
          order  8    : 0              (-nan /sec)
          order  9    : 0              (-nan /sec)
          order 10    : 0              (-nan /sec)
          order 11    : 0              (-nan /sec)
          order 12    : 0              (-nan /sec)
          order 13    : 1598           (21951 /sec)
          order 14    : 3054           (16302 /sec)
          order 15    : 848            (1783 /sec)
          order 16    : 1659           (64 /sec)
          order 17    : 0              (-nan /sec)
          order 18    : 0              (-nan /sec)
          order 19    : 0              (-nan /sec)
          order 20    : 0              (-nan /sec)
Canonicity checking   : 543.631 s
Noncanonicity checking: 26.496 s
Total canonicity time : 570.127 s
database reductions   : 40
restarts              : 1191
conflicts             : 567484         (890 /sec)
decisions             : 740446         (0.00 % random) (1161 /sec)
propagations          : 27524656       (43172 /sec)
conflict literals     : 41350026       (53.22 % deleted)
actual reward         : 0.261374
Memory used           : 73.00 MB
CPU time              : 637.562 s

UNSATISFIABLE
