c --- [ banner ] -------------------------------------------------------------
c 
c CaDiCaL Radically Simplified CDCL SAT Solver
c Copyright (c) 2016-2021 A. Biere, M. Fleury, N. Froleyks
c 
c Version 1.5.2 ca9bff05c11bde5eae4912f9932871d1527e61d8
c g++ (GCC) 9.3.0 -Wall -Wextra -O3 -DNDEBUG
c Sun May 1 02:23:23 EDT 2022 Linux gra-login1 3.10.0-1160.59.1.el7.x86_64 x86_64
c 
c --- [ limit ] --------------------------------------------------------------
c 
c setting conflict limit to 200000 conflicts (due to '200000')
c 
c --- [ parsing input ] ------------------------------------------------------
c 
c reading DIMACS file from '12.cubes1058.adj'
c opening file to read '12.cubes1058.adj'
c found 'p cnf 5320 924206' header
c parsed 924206 clauses in 8.03 seconds process time
c closing file '12.cubes1058.adj'
c after reading 686668086 bytes 654.9 MB
c 
c --- [ options ] ------------------------------------------------------------
c 
c all options are set to their default value
c 
c --- [ solving ] ------------------------------------------------------------
c 
c time measured in process time since initialization
c 
c  seconds   reductions  redundant  irredundant
c          MB    restarts       trail      variables
c           level   conflicts       glue        remaining
c 
c *  8.03 686  0 0   0    0    0  0% 0 923580 4038 76%
c {  8.38 707  0 0   0    0    0  0% 0 923580 4038 76%
c i  8.99 732 111 0   0   20   19 53% 8 923580 4032 76%
c i  9.78 751 79 0  11   70   55 52% 29 923580 4012 75%
c i  9.83 751 75 0  12   77   61 52% 29 923580 4011 75%
c i 10.09 753 61 0  17  116   81 53% 28 923580 4010 75%
c i 10.10 753 60 0  17  117   81 52% 28 923580 4009 75%
c i 10.10 753 60 0  17  119   82 52% 28 923580 4008 75%
c i 10.22 753 61 0  17  141   99 53% 28 923580 4007 75%
c i 10.22 753 61 0  17  142   99 53% 28 923580 4006 75%
c i 10.24 753 61 0  18  151  106 53% 29 923580 4005 75%
c i 10.35 755 66 0  20  168  120 52% 28 923580 4003 75%
c i 10.40 755 70 0  21  180  130 52% 29 923580 4002 75%
c i 10.41 755 69 0  21  183  132 52% 29 923580 4001 75%
c i 10.44 756 68 0  21  192  137 53% 28 923580 4000 75%
c i 10.60 758 70 0  27  229  167 53% 33 923580 3999 75%
c i 10.76 759 67 0  33  259  187 51% 31 923580 3998 75%
c i 10.76 759 66 0  33  260  187 51% 31 923580 3997 75%
c i 10.76 759 66 0  33  261  187 51% 30 923580 3996 75%
c i 10.81 759 65 0  33  284  207 52% 31 923580 3995 75%
c 
c  seconds   reductions  redundant   irredundant
c          MB    restarts       trail       variables
c           level   conflicts       glue         remaining
c 
c i 10.83 759 64 0  33  289  211 52% 31 923580 3994 75%
c i 10.83 759 64 0  33  293  214 52% 31 923580 3993 75%
c i 10.84 759 63 0  33  295  215 52% 30 923580 3992 75%
c i 10.84 759 63 0  33  296  215 52% 30 923580 3991 75%
c i 10.84 759 63 0  33  297  215 52% 30 923580 3990 75%
c i 10.84 759 63 0  33  298  215 52% 30 923580 3989 75%
c - 12.59 697 62 1  33  300  217 52% 30 156381 3989 75%
c i 12.69 697 61 1  33  309  224 52% 30 156381 3988 75%
c i 12.71 697 61 1  33  313  227 52% 30 156381 3987 75%
c i 12.75 697 62 1  34  325  237 52% 31 156381 3986 75%
c i 12.77 697 60 1  34  336  246 52% 30 156381 3985 75%
c i 12.78 697 59 1  34  352  259 52% 29 156381 3984 75%
c i 12.78 697 59 1  34  354  260 52% 29 156381 3983 75%
c i 12.79 697 59 1  34  366  270 52% 30 156381 3982 75%
c i 12.79 697 59 1  34  371  272 52% 30 156381 3980 75%
c i 12.81 697 60 1  36  389  286 52% 30 156381 3979 75%
c i 12.90 697 60 1  36  409  302 52% 29 156381 3978 75%
c i 13.00 697 64 1  38  439  324 52% 30 156381 3977 75%
c i 13.00 697 64 1  38  440  324 52% 30 156381 3976 75%
c i 13.00 697 63 1  40  452  329 52% 30 156381 3975 75%
c 
c  seconds   reductions  redundant   irredundant
c          MB    restarts       trail       variables
c           level   conflicts       glue         remaining
c 
c i 13.01 697 63 1  40  456  331 52% 30 156381 3974 75%
c i 13.09 697 69 1  40  495  363 52% 29 156381 3973 75%
c i 13.23 697 72 1  51  542  401 52% 31 156381 3972 75%
c i 13.26 697 72 1  53  558  411 52% 32 156381 3971 75%
c i 13.27 697 72 1  55  566  415 52% 32 156381 3970 75%
c i 13.27 697 72 1  55  568  416 52% 32 156381 3969 75%
c i 13.28 697 71 1  58  577  423 52% 32 156381 3968 75%
c i 13.28 697 71 1  59  579  424 52% 32 156381 3967 75%
c i 13.29 697 70 1  62  590  433 52% 32 156381 3966 75%
c i 13.29 697 70 1  62  591  433 52% 32 156381 3965 75%
c i 13.29 697 70 1  62  593  434 52% 31 156381 3964 75%
c i 13.29 697 70 1  62  594  434 52% 31 156381 3963 74%
c i 13.29 697 69 1  62  595  434 52% 31 156381 3962 74%
c i 13.30 697 68 1  62  606  440 53% 31 156381 3961 74%
c i 13.30 697 68 1  62  607  440 53% 31 156381 3960 74%
c i 13.30 697 68 1  62  608  440 53% 31 156381 3959 74%
c i 13.30 697 68 1  62  611  442 53% 31 156381 3958 74%
c i 13.30 697 67 1  62  622  450 53% 30 156381 3957 74%
c i 13.31 697 66 1  62  631  452 53% 30 156381 3956 74%
c i 13.31 697 66 1  62  632  452 53% 30 156381 3955 74%
c 
c  seconds   reductions  redundant   irredundant
c          MB    restarts       trail       variables
c           level   conflicts       glue         remaining
c 
c i 13.31 697 66 1  62  633  452 53% 30 156381 3954 74%
c i 13.31 697 66 1  62  634  452 53% 30 156381 3953 74%
c i 13.31 697 66 1  62  635  452 53% 30 156381 3952 74%
c i 13.31 697 66 1  62  636  452 53% 30 156381 3951 74%
c i 13.31 697 65 1  62  644  456 53% 30 156381 3950 74%
c i 13.31 697 64 1  62  649  457 53% 29 156381 3949 74%
c i 13.31 697 64 1  62  658  462 53% 29 156381 3948 74%
c i 13.32 697 61 1  62  692  486 53% 28 156381 3947 74%
c i 13.32 697 61 1  62  693  486 53% 28 156381 3946 74%
c i 13.32 697 61 1  62  697  480 53% 28 156381 3945 74%
c i 13.33 697 60 1  62  711  483 53% 28 156381 3944 74%
c i 13.34 697 59 1  62  722  491 53% 27 156381 3943 74%
c i 13.36 697 59 1  62  734  501 53% 28 156381 3942 74%
c i 13.39 697 59 1  62  743  508 53% 28 156381 3941 74%
c i 13.42 697 59 1  65  762  518 53% 28 156381 3940 74%
c i 13.42 697 59 1  66  768  518 53% 28 156381 3939 74%
c i 13.45 697 58 1  70  792  531 53% 28 156381 3938 74%
c i 13.45 697 58 1  70  793  531 53% 28 156381 3937 74%
c i 13.45 697 58 1  70  794  531 53% 28 156381 3936 74%
c i 13.46 697 58 1  70  803  535 54% 28 156381 3935 74%
c 
c  seconds   reductions  redundant   irredundant
c          MB    restarts       trail       variables
c           level   conflicts       glue         remaining
c 
c i 13.46 697 58 1  70  804  535 54% 28 156381 3934 74%
c i 13.46 697 57 1  70  812  541 54% 28 156381 3933 74%
c i 13.49 697 55 1  70  850  560 54% 27 156381 3932 74%
c i 13.51 697 54 1  70  873  580 54% 27 156381 3931 74%
c i 13.53 697 51 1  70  940  628 54% 26 156381 3930 74%
c i 13.55 697 50 1  70  984  658 54% 25 156381 3929 74%
c i 13.56 697 50 1  70  991  663 54% 25 156381 3928 74%
c } 13.57 697 49 1  70 1000  669 54% 25 156381 3928 74%
c [ 13.57 697  0 1  70 1000  669  0% 0 156381 3928 74%
c O 13.57 697  7 1  70 1002  671 37% 1 156381 3928 74%
c - 14.01 759  3 2  70 1016  578 36% 2 156198 3928 74%
c i 14.06 759 12 2  70 1066  602 47% 8 156198 3927 74%
c i 14.07 759 12 2  70 1112  619 53% 10 156198 3926 74%
c i 14.07 759 12 2  70 1114  620 53% 10 156198 3925 74%
c i 14.07 759 12 2  70 1124  629 53% 10 156198 3924 74%
c i 14.09 759 13 2  70 1194  650 55% 11 156198 3923 74%
c i 14.09 759 13 2  70 1195  650 55% 11 156198 3922 74%
c i 14.15 759 14 2  70 1458  769 57% 12 156198 3921 74%
c i 14.16 759 14 2  70 1523  805 57% 12 156198 3920 74%
c i 14.17 759 14 2  70 1615  845 57% 12 156198 3919 74%
c 
c  seconds   reductions  redundant   irredundant
c          MB    restarts       trail       variables
c           level   conflicts       glue         remaining
c 
c i 14.18 759 14 2  70 1647  860 57% 12 156198 3918 74%
c - 14.37 758 19 3  71 2095  868 58% 15 156168 3918 74%
c ] 14.65 740 20 3  71 3005 1472 44% 16 156168 3918 74%
c { 14.65 740 49 3  71 3005 1472 74% 25 156168 3918 74%
c F 14.65 740 49 3  71 3006 1472 73% 25 156168 3918 74%
c i 14.65 740 49 3  71 3006 1472 73% 25 156168 3793 71%
c i 14.71 740 47 3  71 3086 1513 71% 24 156168 3792 71%
c i 14.71 740 46 3  71 3092 1512 71% 24 156168 3791 71%
c i 14.71 740 46 3  71 3094 1513 71% 24 156168 3790 71%
c i 14.71 740 46 3  71 3096 1514 71% 24 156168 3789 71%
c i 14.71 740 46 3  71 3097 1514 71% 24 156168 3788 71%
c i 14.71 740 46 3  71 3099 1515 71% 24 156168 3787 71%
c - 14.98 718 36 4  71 3527 1281 63% 20 113340 3787 71%
c } 15.06 718 33 4  71 3755 1415 60% 19 113340 3787 71%
c 1 15.06 718 33 4  71 3755 1415 60% 19 113340 3787 71%
c 
c --- [ writing output ] -----------------------------------------------------
c 
c writing simplified CNF to DIMACS file 'simp/12.cubes1058.adj.simp1'
c * 15.06 718 33 4  71 3755 1415 60% 19 113340 3787 71%
c opening file to write 'simp/12.cubes1058.adj.simp1'
c writing 'p cnf 5320 113340' header
c closing file 'simp/12.cubes1058.adj.simp1'
c after writing 43344139 bytes 41.3 MB
c wrote 113340 clauses in 0.29 seconds process time
c 
c --- [ writing extension ] --------------------------------------------------
c 
c writing extension stack to 'simp/12.cubes1058.adj.ext1'
c opening file to write 'simp/12.cubes1058.adj.ext1'
c closing file 'simp/12.cubes1058.adj.ext1'
c after writing 22234 bytes 0.0 MB
c wrote 1533 witnesses in 0.00 seconds process time
c 
c --- [ result ] -------------------------------------------------------------
c 
s SATISFIABLE
c 
c --- [ run-time profiling ] -------------------------------------------------
c 
c process time taken by individual solving procedures
c (percentage relative to process time for solving)
c 
c         8.03  114.36% parse
c         7.02  100.00% search
c         5.60   79.74% unstable
c         1.08   15.35% stable
c         0.34    4.91% lucky
c         0.00    0.00% simplify
c   =================================
c         7.02   45.76% solve
c 
c last line shows process time for solving
c (percentage relative to total process time)
c 
c --- [ statistics ] ---------------------------------------------------------
c 
c chronological:               804        21.41 %  of conflicts
c conflicts:                  3755       534.57    per second
c decisions:                 12419      1768.01    per second
c fixed:                      1533        28.82 %  of all variables
c learned:                    3674        97.84 %  per conflict
c learned_lits:             693431       100.00 %  learned literals
c minimized:                     0         0.00 %  learned literals
c shrunken:                 498266        71.86 %  learned literals
c minishrunken:              41243         5.95 %  learned literals
c propagations:             838220         0.12 M  per second
c reduced:                     801        21.33 %  per conflict
c rephased:                      2      1877.50    interval
c restarts:                     71        52.89    interval
c stabilizing:                   1        53.40 %  of conflicts
c subsumed:                   1331         0.07 %  of all clauses
c 
c seconds are measured in process time for solving
c 
c --- [ resources ] ----------------------------------------------------------
c 
c total process time since initialization:        15.35    seconds
c total real time since initialization:           15.45    seconds
c maximum resident set size of process:          819.99    MB
c 
c --- [ shutting down ] ------------------------------------------------------
c 
c exit 10
c --- [ banner ] -------------------------------------------------------------
c 
c CaDiCaL Radically Simplified CDCL SAT Solver
c Copyright (c) 2016-2021 A. Biere, M. Fleury, N. Froleyks
c 
c Version 1.5.2 ca9bff05c11bde5eae4912f9932871d1527e61d8
c g++ (GCC) 9.3.0 -Wall -Wextra -O3 -DNDEBUG
c Sun May 1 02:23:23 EDT 2022 Linux gra-login1 3.10.0-1160.59.1.el7.x86_64 x86_64
c 
c --- [ limit ] --------------------------------------------------------------
c 
c setting conflict limit to 200000 conflicts (due to '200000')
c 
c --- [ parsing input ] ------------------------------------------------------
c 
c reading DIMACS file from 'simp/12.cubes1058.adj.simp1'
c opening file to read 'simp/12.cubes1058.adj.simp1'
c found 'p cnf 5320 113340' header
c parsed 113340 clauses in 0.50 seconds process time
c closing file 'simp/12.cubes1058.adj.simp1'
c after reading 43344139 bytes 41.3 MB
c 
c --- [ options ] ------------------------------------------------------------
c 
c all options are set to their default value
c 
c --- [ solving ] ------------------------------------------------------------
c 
c time measured in process time since initialization
c 
c  seconds  reductions  redundant  irredundant
c         MB    restarts       trail      variables
c          level   conflicts       glue        remaining
c 
c *  0.50 47  0 0   0    0    0  0% 0 113340 3765 71%
c {  0.52 49  0 0   0    0    0  0% 0 113340 3765 71%
c i  0.56 53 104 0   0   10    8 25% 10 113340 3763 71%
c -  0.81 55 31 1   2  301  222 28% 13 113334 3763 71%
c i  0.93 55 24 1   8  610  461 29% 13 113334 3762 71%
c i  0.98 55 26 1  17  648  487 28% 14 113334 3625 68%
c i  0.98 55 26 1  17  649  487 28% 14 113334 3471 65%
c i  0.98 55 25 1  17  650  487 28% 14 113334 3449 65%
c i  1.05 56 24 1  20  728  531 28% 14 113334 3448 65%
c i  1.08 56 23 1  20  792  554 28% 13 113334 3447 65%
c i  1.11 56 22 1  20  868  591 28% 13 113334 3446 65%
c i  1.12 56 22 1  20  885  600 28% 13 113334 3445 65%
c i  1.12 56 22 1  20  888  602 28% 13 113334 3444 65%
c -  1.26 67 21 2  20  933  476 28% 13 50794 3444 65%
c i  1.27 67 21 2  20  941  482 28% 13 50794 3443 65%
c i  1.29 67 21 2  20  987  512 28% 13 50794 3442 65%
c i  1.30 67 21 2  20  990  514 28% 13 50794 3441 65%
c }  1.30 67 21 2  22 1000  520 28% 13 50794 3441 65%
c [  1.30 67  0 2  22 1000  520  0% 0 50794 3441 65%
c O  1.31 67 119 2  22 1004  524 31% 96 50794 3441 65%
c 
c  seconds  reductions  redundant   irredundant
c         MB    restarts       trail      variables
c          level   conflicts       glue        remaining
c 
c i  1.31 67 34 2  22 1017  533 30% 27 50794 3440 65%
c i  1.31 67 27 2  22 1022  535 30% 21 50794 3439 65%
c i  1.32 67 26 2  22 1023  535 30% 20 50794 3438 65%
c i  1.32 67 25 2  22 1024  535 30% 19 50794 3437 65%
c i  1.32 67 24 2  22 1026  536 30% 18 50794 3436 65%
c i  1.32 67 21 2  22 1037  544 29% 16 50794 3435 65%
c i  1.32 67 20 2  22 1045  548 29% 15 50794 3434 65%
c i  1.32 67 19 2  22 1048  545 29% 15 50794 3433 65%
c i  1.32 67 19 2  22 1049  545 29% 14 50794 3432 65%
c i  1.33 67 15 2  22 1092  577 29% 12 50794 3431 64%
c i  1.34 67 14 2  22 1116  585 29% 11 50794 3430 64%
c i  1.34 67 13 2  22 1140  598 30% 10 50794 3429 64%
c i  1.35 67 13 2  22 1195  630 30% 10 50794 3428 64%
c i  1.35 67 12 2  22 1231  640 30% 10 50794 3427 64%
c i  1.38 67 11 2  22 1408  700 30% 9 50794 3426 64%
c i  1.39 67 11 2  22 1413  703 30% 9 50794 3425 64%
c i  1.39 67 11 2  22 1418  707 30% 9 50794 3424 64%
c i  1.39 67 11 2  22 1452  734 30% 10 50794 3423 64%
c i  1.40 67 12 2  22 1494  754 30% 10 50794 3422 64%
c i  1.41 67 12 2  22 1513  763 30% 10 50794 3421 64%
c 
c  seconds  reductions  redundant   irredundant
c         MB    restarts       trail      variables
c          level   conflicts       glue        remaining
c 
c i  1.45 67 12 2  22 1793  947 30% 10 50794 3420 64%
c -  1.48 66 12 3  22 1834  714 30% 10 50722 3420 64%
c ]  1.52 66 12 3  22 1972  783 30% 10 50722 3420 64%
c 1  1.52 66 12 3  22 1972  783 30% 10 50722 3420 64%
c 
c --- [ writing output ] -----------------------------------------------------
c 
c writing simplified CNF to DIMACS file 'simp/12.cubes1058.adj.simp2'
c *  1.52 66 12 3  22 1972  783 30% 10 50722 3420 64%
c opening file to write 'simp/12.cubes1058.adj.simp2'
c writing 'p cnf 5320 50722' header
c closing file 'simp/12.cubes1058.adj.simp2'
c after writing 12191438 bytes 11.6 MB
c wrote 50722 clauses in 0.08 seconds process time
c 
c --- [ writing extension ] --------------------------------------------------
c 
c writing extension stack to 'simp/12.cubes1058.adj.ext2'
c opening file to write 'simp/12.cubes1058.adj.ext2'
c closing file 'simp/12.cubes1058.adj.ext2'
c after writing 5304 bytes 0.0 MB
c wrote 345 witnesses in 0.00 seconds process time
c 
c --- [ result ] -------------------------------------------------------------
c 
s SATISFIABLE
c 
c --- [ run-time profiling ] -------------------------------------------------
c 
c process time taken by individual solving procedures
c (percentage relative to process time for solving)
c 
c         1.02   99.99% search
c         0.78   76.82% unstable
c         0.50   49.50% parse
c         0.22   21.64% stable
c         0.02    1.51% lucky
c         0.00    0.00% simplify
c   =================================
c         1.02   63.55% solve
c 
c last line shows process time for solving
c (percentage relative to total process time)
c 
c --- [ statistics ] ---------------------------------------------------------
c 
c chronological:               376        19.07 %  of conflicts
c conflicts:                  1972      1936.60    per second
c decisions:                  6823      6700.53    per second
c fixed:                       345         6.48 %  of all variables
c learned:                    1939        98.33 %  per conflict
c learned_lits:             221341       100.00 %  learned literals
c minimized:                     0         0.00 %  learned literals
c shrunken:                 173773        78.51 %  learned literals
c minishrunken:               6293         2.84 %  learned literals
c propagations:             397537         0.39 M  per second
c reduced:                     362        18.36 %  per conflict
c rephased:                      1      1972.00    interval
c restarts:                     22        89.64    interval
c stabilizing:                   1        49.29 %  of conflicts
c subsumed:                    711         0.31 %  of all clauses
c 
c seconds are measured in process time for solving
c 
c --- [ resources ] ----------------------------------------------------------
c 
c total process time since initialization:         1.60    seconds
c total real time since initialization:            1.63    seconds
c maximum resident set size of process:           78.28    MB
c 
c --- [ shutting down ] ------------------------------------------------------
c 
c exit 10
c --- [ banner ] -------------------------------------------------------------
c 
c CaDiCaL Radically Simplified CDCL SAT Solver
c Copyright (c) 2016-2021 A. Biere, M. Fleury, N. Froleyks
c 
c Version 1.5.2 ca9bff05c11bde5eae4912f9932871d1527e61d8
c g++ (GCC) 9.3.0 -Wall -Wextra -O3 -DNDEBUG
c Sun May 1 02:23:23 EDT 2022 Linux gra-login1 3.10.0-1160.59.1.el7.x86_64 x86_64
c 
c --- [ limit ] --------------------------------------------------------------
c 
c setting conflict limit to 200000 conflicts (due to '200000')
c 
c --- [ parsing input ] ------------------------------------------------------
c 
c reading DIMACS file from 'simp/12.cubes1058.adj.simp2'
c opening file to read 'simp/12.cubes1058.adj.simp2'
c found 'p cnf 5320 50722' header
c parsed 50722 clauses in 0.14 seconds process time
c closing file 'simp/12.cubes1058.adj.simp2'
c after reading 12191438 bytes 11.6 MB
c 
c --- [ options ] ------------------------------------------------------------
c 
c all options are set to their default value
c 
c --- [ solving ] ------------------------------------------------------------
c 
c time measured in process time since initialization
c 
c  seconds  reductions  redundant  irredundant
c         MB    restarts       trail     variables
c          level   conflicts       glue       remaining
c 
c *  0.15 17  0 0   0    0    0  0% 0 50722 3395 64%
c {  0.16 19  0 0   0    0    0  0% 0 50722 3395 64%
c i  0.18 21 95 0   0   27   23 27% 17 50722 3394 64%
c i  0.18 21 90 0   0   29   24 26% 16 50722 3393 64%
c i  0.18 21 87 0   0   30   24 26% 16 50722 3392 64%
c i  0.18 21 84 0   0   31   24 26% 15 50722 3391 64%
c i  0.18 21 74 0   0   38   30 25% 15 50722 3390 64%
c i  0.18 21 71 0   0   40   31 25% 15 50722 3389 64%
c i  0.20 21 40 0   0   96   67 22% 13 50722 3388 64%
c i  0.21 22 41 0   2  111   79 21% 16 50722 3387 64%
c i  0.23 22 38 0   5  129   93 22% 16 50722 3386 64%
c i  0.25 23 31 0   5  186  129 22% 14 50722 3385 64%
c -  0.30 21 22 1   5  305  189 23% 11 50692 3385 64%
c i  0.35 22 19 1   5  379  220 23% 10 50692 3384 64%
c i  0.43 23 17 1   5  508  281 23% 10 50692 3383 64%
c i  0.43 23 17 1   5  509  281 23% 10 50692 3382 64%
c -  0.56 34 15 2  17  911  397 22% 10 50683 3382 64%
c }  0.57 34 14 2  17  993  419 23% 10 50683 3382 64%
c 1  0.57 34 14 2  17  993  419 23% 10 50683 3382 64%
c 
c --- [ writing output ] -----------------------------------------------------
c 
c writing simplified CNF to DIMACS file 'simp/12.cubes1058.adj.simp3'
c *  0.57 34 14 2  17  993  419 23% 10 50683 3382 64%
c opening file to write 'simp/12.cubes1058.adj.simp3'
c writing 'p cnf 5320 50683' header
c closing file 'simp/12.cubes1058.adj.simp3'
c after writing 11648716 bytes 11.1 MB
c wrote 50683 clauses in 0.08 seconds process time
c 
c --- [ writing extension ] --------------------------------------------------
c 
c writing extension stack to 'simp/12.cubes1058.adj.ext3'
c opening file to write 'simp/12.cubes1058.adj.ext3'
c closing file 'simp/12.cubes1058.adj.ext3'
c after writing 208 bytes 0.0 MB
c wrote 13 witnesses in 0.00 seconds process time
c 
c --- [ result ] -------------------------------------------------------------
c 
s SATISFIABLE
c 
c --- [ run-time profiling ] -------------------------------------------------
c 
c process time taken by individual solving procedures
c (percentage relative to process time for solving)
c 
c         0.43   99.97% search
c         0.41   95.60% unstable
c         0.14   33.88% parse
c         0.02    4.35% lucky
c         0.00    0.00% simplify
c   =================================
c         0.43   65.84% solve
c 
c last line shows process time for solving
c (percentage relative to total process time)
c 
c --- [ statistics ] ---------------------------------------------------------
c 
c chronological:               178        17.93 %  of conflicts
c conflicts:                   993      2324.76    per second
c decisions:                  4399     10298.71    per second
c fixed:                        13         0.24 %  of all variables
c learned:                     970        97.68 %  per conflict
c learned_lits:              87293       100.00 %  learned literals
c minimized:                     0         0.00 %  learned literals
c shrunken:                  69621        79.76 %  learned literals
c minishrunken:               2204         2.52 %  learned literals
c propagations:             204206         0.48 M  per second
c reduced:                      79         7.96 %  per conflict
c restarts:                     17        58.41    interval
c subsumed:                    459         0.44 %  of all clauses
c 
c seconds are measured in process time for solving
c 
c --- [ resources ] ----------------------------------------------------------
c 
c total process time since initialization:         0.65    seconds
c total real time since initialization:            0.67    seconds
c maximum resident set size of process:           34.49    MB
c 
c --- [ shutting down ] ------------------------------------------------------
c 
c exit 10
c --- [ banner ] -------------------------------------------------------------
c 
c CaDiCaL Radically Simplified CDCL SAT Solver
c Copyright (c) 2016-2021 A. Biere, M. Fleury, N. Froleyks
c 
c Version 1.5.2 ca9bff05c11bde5eae4912f9932871d1527e61d8
c g++ (GCC) 9.3.0 -Wall -Wextra -O3 -DNDEBUG
c Sun May 1 02:23:23 EDT 2022 Linux gra-login1 3.10.0-1160.59.1.el7.x86_64 x86_64
c 
c --- [ limit ] --------------------------------------------------------------
c 
c setting conflict limit to 200000 conflicts (due to '200000')
c 
c --- [ parsing input ] ------------------------------------------------------
c 
c reading DIMACS file from 'simp/12.cubes1058.adj.simp3'
c opening file to read 'simp/12.cubes1058.adj.simp3'
c found 'p cnf 5320 50683' header
c parsed 50683 clauses in 0.14 seconds process time
c closing file 'simp/12.cubes1058.adj.simp3'
c after reading 11648716 bytes 11.1 MB
c 
c --- [ options ] ------------------------------------------------------------
c 
c all options are set to their default value
c 
c --- [ solving ] ------------------------------------------------------------
c 
c time measured in process time since initialization
c 
c  seconds  reductions  redundant  irredundant
c         MB    restarts       trail     variables
c          level   conflicts       glue       remaining
c 
c *  0.14 16  0 0   0    0    0  0% 0 50683 3382 64%
c {  0.16 19  0 0   0    0    0  0% 0 50683 3382 64%
c i  0.17 21 83 0   0    4    3 21% 11 50683 3381 64%
c i  0.19 21 77 0   0   78   55 23% 22 50683 3380 64%
c i  0.19 21 73 0   0   87   62 23% 21 50683 3379 64%
c i  0.19 21 71 0   0   89   63 23% 21 50683 3378 63%
c i  0.20 21 71 0   0   91   64 23% 22 50683 3377 63%
c i  0.20 21 71 0   0   97   66 22% 21 50683 3374 63%
c -  0.28 21 39 1   0  302  214 22% 19 50659 3374 63%
c -  0.41 31 23 2   2  905  478 22% 15 50659 3374 63%
c }  0.43 31 22 2   2 1000  516 22% 14 50659 3374 63%
c [  0.43 31  0 2   2 1000  516  0% 0 50659 3374 63%
c O  0.43 31 25 2   2 1003  517 17% 4 50659 3374 63%
c i  0.43 31 25 2   2 1003  517 17% 4 50659 3362 63%
c i  0.44 31 14 2   2 1064  552 20% 10 50659 3361 63%
c i  0.45 31 11 2   2 1103  556 21% 9 50659 3360 63%
c i  0.45 31 11 2   2 1113  559 21% 9 50659 3359 63%
c i  0.45 31 11 2   2 1127  568 21% 9 50659 3358 63%
c i  0.45 31 11 2   2 1136  572 21% 9 50659 3357 63%
c i  0.46 31 10 2   2 1221  590 22% 8 50659 3356 63%
c 
c  seconds  reductions  redundant  irredundant
c         MB    restarts       trail     variables
c          level   conflicts       glue       remaining
c 
c i  0.49 31 11 2   2 1392  697 22% 9 50659 3355 63%
c i  0.49 31 11 2   2 1403  704 22% 9 50659 3354 63%
c -  0.57 28 12 3   2 1805  638 22% 10 50391 3350 63%
c ]  0.70 28 15 3   3 3000 1346 22% 12 50391 3350 63%
c {  0.70 28 22 3   3 3000 1346 22% 14 50391 3350 63%
c F  0.72 28 22 3   3 3004 1350 22% 14 50391 3350 63%
c -  0.73 38 22 4   3 3006 1034 25% 14 50391 3350 63%
c }  0.78 38 22 4   7 3128 1100 33% 14 50391 3350 63%
c 1  0.78 38 22 4   7 3128 1100 33% 14 50391 3350 63%
c 
c --- [ writing output ] -----------------------------------------------------
c 
c writing simplified CNF to DIMACS file 'simp/12.cubes1058.adj.simp4'
c *  0.78 38 22 4   7 3128 1100 33% 14 50391 3350 63%
c opening file to write 'simp/12.cubes1058.adj.simp4'
c writing 'p cnf 5320 50391' header
c closing file 'simp/12.cubes1058.adj.simp4'
c after writing 10461168 bytes 10.0 MB
c wrote 50391 clauses in 0.07 seconds process time
c 
c --- [ writing extension ] --------------------------------------------------
c 
c writing extension stack to 'simp/12.cubes1058.adj.ext4'
c opening file to write 'simp/12.cubes1058.adj.ext4'
c closing file 'simp/12.cubes1058.adj.ext4'
c after writing 506 bytes 0.0 MB
c wrote 32 witnesses in 0.00 seconds process time
c 
c --- [ result ] -------------------------------------------------------------
c 
s SATISFIABLE
c 
c --- [ run-time profiling ] -------------------------------------------------
c 
c process time taken by individual solving procedures
c (percentage relative to process time for solving)
c 
c         0.64   99.98% search
c         0.34   53.81% unstable
c         0.27   43.03% stable
c         0.14   21.74% parse
c         0.02    3.13% lucky
c         0.00    0.00% simplify
c   =================================
c         0.64   75.23% solve
c 
c last line shows process time for solving
c (percentage relative to total process time)
c 
c --- [ statistics ] ---------------------------------------------------------
c 
c chronological:               502        16.05 %  of conflicts
c conflicts:                  3128      4906.24    per second
c decisions:                  5312      8331.82    per second
c fixed:                        32         0.60 %  of all variables
c learned:                    3074        98.27 %  per conflict
c learned_lits:             282051       100.00 %  learned literals
c minimized:                     0         0.00 %  learned literals
c shrunken:                 203044        71.99 %  learned literals
c minishrunken:              11677         4.14 %  learned literals
c propagations:             591165         0.93 M  per second
c reduced:                     708        22.63 %  per conflict
c rephased:                      2      1564.00    interval
c restarts:                      7       446.86    interval
c stabilizing:                   1        63.94 %  of conflicts
c subsumed:                   1246         1.16 %  of all clauses
c 
c seconds are measured in process time for solving
c 
c --- [ resources ] ----------------------------------------------------------
c 
c total process time since initialization:         0.85    seconds
c total real time since initialization:            0.88    seconds
c maximum resident set size of process:           40.61    MB
c 
c --- [ shutting down ] ------------------------------------------------------
c 
c exit 10
c --- [ banner ] -------------------------------------------------------------
c 
c CaDiCaL Radically Simplified CDCL SAT Solver
c Copyright (c) 2016-2021 A. Biere, M. Fleury, N. Froleyks
c 
c Version 1.5.2 ca9bff05c11bde5eae4912f9932871d1527e61d8
c g++ (GCC) 9.3.0 -Wall -Wextra -O3 -DNDEBUG
c Sun May 1 02:23:23 EDT 2022 Linux gra-login1 3.10.0-1160.59.1.el7.x86_64 x86_64
c 
c --- [ limit ] --------------------------------------------------------------
c 
c setting conflict limit to 200000 conflicts (due to '200000')
c 
c --- [ parsing input ] ------------------------------------------------------
c 
c reading DIMACS file from 'simp/12.cubes1058.adj.simp4'
c opening file to read 'simp/12.cubes1058.adj.simp4'
c found 'p cnf 5320 50391' header
c parsed 50391 clauses in 0.13 seconds process time
c closing file 'simp/12.cubes1058.adj.simp4'
c after reading 10461168 bytes 10.0 MB
c 
c --- [ options ] ------------------------------------------------------------
c 
c all options are set to their default value
c 
c --- [ solving ] ------------------------------------------------------------
c 
c time measured in process time since initialization
c 
c  seconds  reductions  redundant  irredundant
c         MB    restarts       trail     variables
c          level   conflicts       glue       remaining
c 
c *  0.13 15  0 0   0    0    0  0% 0 50391 3350 63%
c {  0.15 18  0 0   0    0    0  0% 0 50391 3350 63%
c i  0.16 19 92 0   0    7    5 21% 16 50391 3349 63%
c i  0.17 20 88 0   0   24   19 23% 22 50391 3348 63%
c i  0.17 20 82 0   0   30   23 23% 22 50391 3347 63%
c i  0.17 20 73 0   0   36   26 22% 21 50391 3346 63%
c i  0.17 20 67 0   0   40   27 21% 20 50391 3345 63%
c i  0.18 20 57 0   0   51   36 20% 19 50391 3344 63%
c i  0.20 20 35 0   0  126   86 20% 15 50391 3343 63%
c -  0.25 19 24 1   1  300  178 20% 14 50370 3343 63%
c -  0.39 30 18 2  17  904  396 20% 13 50370 3343 63%
c }  0.40 30 17 2  17 1000  451 20% 12 50370 3343 63%
c [  0.40 30  0 2  17 1000  451  0% 0 50370 3343 63%
c O  0.41 30 28 2  17 1004  455 20% 10 50370 3343 63%
c i  0.41 30 20 2  17 1006  456 19% 7 50370 3342 63%
c i  0.42 30 13 2  17 1042  474 21% 10 50370 3341 63%
c i  0.42 30 13 2  17 1043  474 21% 9 50370 3340 63%
c i  0.42 30 13 2  17 1045  475 20% 9 50370 3339 63%
c i  0.42 30 13 2  17 1047  475 20% 9 50370 3338 63%
c i  0.43 30 15 2  17 1094  502 20% 12 50370 3337 63%
c 
c  seconds  reductions  redundant   irredundant
c         MB    restarts       trail      variables
c          level   conflicts       glue        remaining
c 
c i  0.44 30 14 2  17 1150  529 21% 12 50370 3336 63%
c i  0.44 30 14 2  17 1152  530 21% 12 50370 3335 63%
c -  0.55 30 19 3  17 1804  715 22% 16 50346 3335 63%
c ]  0.76 30 19 3  18 3001 1460 21% 15 50346 3335 63%
c {  0.76 30 17 3  18 3001 1460 20% 12 50346 3335 63%
c -  0.77 29 17 4  18 3004 1034 20% 12 50346 3335 63%
c F  0.79 39 17 4  18 3005 1035 31% 12 50346 3335 63%
c -  1.28 39 15 5  67 4504 1136 33% 11 50346 3335 63%
c 3  1.39 39 14 5  67 5001 3256 33% 11 50278 3301 62%
c 2  1.40 39 14 5  67 5001 3481 33% 11 50268 3301 62%
c p  1.90 39 14 5  67 5001 8146 33% 11 50268 3088 58%
c d  1.94 39 14 5  67 5001 7538 33% 11 45723 3086 58%
c #  2.19 39 14 5 114 6006 8124 33% 11 45723 3086 58%
c -  2.27 38 13 6 117 6305 1657 33% 10 45723 3086 58%
c }  2.33 38 13 6 160 7002 1970 33% 10 45723 3086 58%
c [  2.33 38 19 6 160 7002 1970 34% 15 45723 3086 58%
c s  2.44 38 18 6 161 7822 1972 33% 15 43281 3086 58%
c v  2.58 38 18 6 161 7822 1972 33% 15 43266 3086 58%
c t  2.59 38 18 6 161 7822 1940 33% 15 43213 3075 58%
c e  2.62 39 18 6 161 7822 1676 33% 15 38107 196  4%
c 
c  seconds  reductions  redundant   irredundant
c         MB    restarts       trail      variables
c          level   conflicts       glue       remaining
c 
c s  2.65 39 18 6 161 7822 1673 33% 15 37637 196  4%
c -  2.77 39 18 7 161 8409 1513 90% 15 37637 196  4%
c I  2.91 39 17 7 162 10007 2366 90% 14 37637 196  4%
c -  3.17 41 21 8 163 10809 2115 89% 17 37637 196  4%
c ]  3.42 41 24 8 164 12123 3022 89% 19 37637 196  4%
c 1  3.42 41 24 8 164 12123 3022 89% 19 37637 196  4%
c 
c --- [ writing output ] -----------------------------------------------------
c 
c writing simplified CNF to DIMACS file 'simp/12.cubes1058.adj.simp5'
c *  3.42 41 24 8 164 12123 3022 89% 19 37637 196  4%
c opening file to write 'simp/12.cubes1058.adj.simp5'
c writing 'p cnf 5320 37637' header
c closing file 'simp/12.cubes1058.adj.simp5'
c after writing 7139742 bytes 6.8 MB
c wrote 37637 clauses in 0.05 seconds process time
c 
c --- [ writing extension ] --------------------------------------------------
c 
c writing extension stack to 'simp/12.cubes1058.adj.ext5'
c opening file to write 'simp/12.cubes1058.adj.ext5'
c closing file 'simp/12.cubes1058.adj.ext5'
c after writing 129043 bytes 0.1 MB
c wrote 5442 witnesses in 0.00 seconds process time
c 
c --- [ result ] -------------------------------------------------------------
c 
s SATISFIABLE
c 
c --- [ run-time profiling ] -------------------------------------------------
c 
c process time taken by individual solving procedures
c (percentage relative to process time for solving)
c 
c         2.43   73.67% search
c         1.22   37.12% unstable
c         1.18   35.88% stable
c         0.87   26.32% simplify
c         0.50   15.25% probe
c         0.14    4.12% vivify
c         0.13    3.89% parse
c         0.07    1.99% subsume
c         0.06    1.82% elim
c         0.02    0.66% lucky
c         0.01    0.44% ternary
c   =================================
c         3.30   94.88% solve
c 
c last line shows process time for solving
c (percentage relative to total process time)
c 
c --- [ statistics ] ---------------------------------------------------------
c 
c chronological:              1679        13.85 %  of conflicts
c conflicts:                 12123      3678.71    per second
c decisions:                 15894      4823.02    per second
c eliminated:                 2879        54.12 %  of all variables
c fixed:                       239         4.49 %  of all variables
c learned:                   11900        98.16 %  per conflict
c learned_lits:             835991       100.00 %  learned literals
c minimized:                     0         0.00 %  learned literals
c shrunken:                 546805        65.41 %  learned literals
c minishrunken:              30327         3.63 %  learned literals
c propagations:            2084464         0.63 M  per second
c reduced:                    3250        26.81 %  per conflict
c rephased:                      4      3030.75    interval
c restarts:                    164        73.92    interval
c stabilizing:                   2        58.75 %  of conflicts
c substituted:                  36         0.68 %  of all variables
c subsumed:                   8541         4.72 %  of all clauses
c strengthened:               3465         1.91 %  of all clauses
c ternary:                    2152         0.64 %  of resolved
c vivified:                     27         0.01 %  of all clauses
c weakened:                   5203         2.85    average size
c 
c seconds are measured in process time for solving
c 
c --- [ resources ] ----------------------------------------------------------
c 
c total process time since initialization:         3.47    seconds
c total real time since initialization:            3.79    seconds
c maximum resident set size of process:           41.00    MB
c 
c --- [ shutting down ] ------------------------------------------------------
c 
c exit 10
WARNING! DIMACS header mismatch: wrong number of variables.
============================[ Problem Statistics ]=============================
|                                                                             |
|  Number of variables:          1439                                         |
|  Number of clauses:           37641                                         |
|  Parse time:                   0.11 s                                       |
|  Simplification time:          0.00 s                                       |
|                                                                             |
============================[ Search Statistics ]====================================================
| Conflicts |          ORIGINAL         |          LEARNT          | Num Sols |      SUBGRAPHS      |
|           |    Vars  Clauses Literals |    Limit  Clauses Lit/Cl |          | Canonical Noncanon. |
=====================================================================================================
=====================================================================================================
Number of solutions   : 0
Canonical subgraphs   : 20             (2438 /sec)
          order  3    : 1              (166667 /sec)
          order  4    : 1              (500000 /sec)
          order  5    : 1              (200000 /sec)
          order  6    : 1              (50000 /sec)
          order  7    : 1              (19608 /sec)
          order  8    : 1              (10638 /sec)
          order  9    : 2              (5348 /sec)
          order 10    : 3              (3138 /sec)
          order 11    : 4              (1914 /sec)
          order 12    : 5              (1086 /sec)
          order 13    : 0              (-nan /sec)
          order 14    : 0              (-nan /sec)
          order 15    : 0              (-nan /sec)
          order 16    : 0              (-nan /sec)
          order 17    : 0              (-nan /sec)
          order 18    : 0              (-nan /sec)
          order 19    : 0              (-nan /sec)
          order 20    : 0              (-nan /sec)
          order 21    : 0              (-nan /sec)
Noncanonical subgraphs: 41             (7475 /sec)
          order  3    : 0              (-nan /sec)
          order  4    : 0              (-nan /sec)
          order  5    : 0              (-nan /sec)
          order  6    : 0              (-nan /sec)
          order  7    : 0              (-nan /sec)
          order  8    : 0              (-nan /sec)
          order  9    : 0              (-nan /sec)
          order 10    : 0              (-nan /sec)
          order 11    : 0              (-nan /sec)
          order 12    : 0              (-nan /sec)
          order 13    : 41             (7475 /sec)
          order 14    : 0              (-nan /sec)
          order 15    : 0              (-nan /sec)
          order 16    : 0              (-nan /sec)
          order 17    : 0              (-nan /sec)
          order 18    : 0              (-nan /sec)
          order 19    : 0              (-nan /sec)
          order 20    : 0              (-nan /sec)
Canonicity checking   : 0.008202 s
Noncanonicity checking: 0.005485 s
Total canonicity time : 0.013687 s
database reductions   : 0
restarts              : 1
conflicts             : 41             (312 /sec)
decisions             : 419            (0.00 % random) (3185 /sec)
propagations          : 1511           (11485 /sec)
conflict literals     : 167            (58.04 % deleted)
actual reward         : 0.141214
Memory used           : 16.00 MB
CPU time              : 0.131567 s

UNSATISFIABLE
