+ '[' -z 5114 ']'
+ f=constraints_22_11.simp-noncanon.simp
+ c=22-cubes/30.cubes
+ i=5114
+ s=70
+ adj=22-cubes/30.cubes5114.adj
+ cnf=22-cubes/30.cubes5114.cnf
+ ext=22-cubes/30.cubes5114.ext
+ cnfext=22-cubes/30.cubes5114.cnfext
+ unitlines=0
++ sed '5115q;d' 22-cubes/30.cubes
+ for b in '$(sed "$((i+1))q;d" "$c")'
+ [[ a != \a ]]
+ for b in '$(sed "$((i+1))q;d" "$c")'
+ [[ -92 != \a ]]
+ [[ -92 != \0 ]]
+ unitlines=1
+ for b in '$(sed "$((i+1))q;d" "$c")'
+ [[ -137 != \a ]]
+ [[ -137 != \0 ]]
+ unitlines=2
+ for b in '$(sed "$((i+1))q;d" "$c")'
+ [[ 122 != \a ]]
+ [[ 122 != \0 ]]
+ unitlines=3
+ for b in '$(sed "$((i+1))q;d" "$c")'
+ [[ -80 != \a ]]
+ [[ -80 != \0 ]]
+ unitlines=4
+ for b in '$(sed "$((i+1))q;d" "$c")'
+ [[ -58 != \a ]]
+ [[ -58 != \0 ]]
+ unitlines=5
+ for b in '$(sed "$((i+1))q;d" "$c")'
+ [[ -207 != \a ]]
+ [[ -207 != \0 ]]
+ unitlines=6
+ for b in '$(sed "$((i+1))q;d" "$c")'
+ [[ 154 != \a ]]
+ [[ 154 != \0 ]]
+ unitlines=7
+ for b in '$(sed "$((i+1))q;d" "$c")'
+ [[ -171 != \a ]]
+ [[ -171 != \0 ]]
+ unitlines=8
+ for b in '$(sed "$((i+1))q;d" "$c")'
+ [[ -169 != \a ]]
+ [[ -169 != \0 ]]
+ unitlines=9
+ for b in '$(sed "$((i+1))q;d" "$c")'
+ [[ -49 != \a ]]
+ [[ -49 != \0 ]]
+ unitlines=10
+ for b in '$(sed "$((i+1))q;d" "$c")'
+ [[ 107 != \a ]]
+ [[ 107 != \0 ]]
+ unitlines=11
+ for b in '$(sed "$((i+1))q;d" "$c")'
+ [[ -188 != \a ]]
+ [[ -188 != \0 ]]
+ unitlines=12
+ for b in '$(sed "$((i+1))q;d" "$c")'
+ [[ -168 != \a ]]
+ [[ -168 != \0 ]]
+ unitlines=13
+ for b in '$(sed "$((i+1))q;d" "$c")'
+ [[ -167 != \a ]]
+ [[ -167 != \0 ]]
+ unitlines=14
+ for b in '$(sed "$((i+1))q;d" "$c")'
+ [[ -93 != \a ]]
+ [[ -93 != \0 ]]
+ unitlines=15
+ for b in '$(sed "$((i+1))q;d" "$c")'
+ [[ -226 != \a ]]
+ [[ -226 != \0 ]]
+ unitlines=16
+ for b in '$(sed "$((i+1))q;d" "$c")'
+ [[ -151 != \a ]]
+ [[ -151 != \0 ]]
+ unitlines=17
+ for b in '$(sed "$((i+1))q;d" "$c")'
+ [[ -166 != \a ]]
+ [[ -166 != \0 ]]
+ unitlines=18
+ for b in '$(sed "$((i+1))q;d" "$c")'
+ [[ -175 != \a ]]
+ [[ -175 != \0 ]]
+ unitlines=19
+ for b in '$(sed "$((i+1))q;d" "$c")'
+ [[ -150 != \a ]]
+ [[ -150 != \0 ]]
+ unitlines=20
+ for b in '$(sed "$((i+1))q;d" "$c")'
+ [[ -206 != \a ]]
+ [[ -206 != \0 ]]
+ unitlines=21
+ for b in '$(sed "$((i+1))q;d" "$c")'
+ [[ -165 != \a ]]
+ [[ -165 != \0 ]]
+ unitlines=22
+ for b in '$(sed "$((i+1))q;d" "$c")'
+ [[ -136 != \a ]]
+ [[ -136 != \0 ]]
+ unitlines=23
+ for b in '$(sed "$((i+1))q;d" "$c")'
+ [[ -149 != \a ]]
+ [[ -149 != \0 ]]
+ unitlines=24
+ for b in '$(sed "$((i+1))q;d" "$c")'
+ [[ -201 != \a ]]
+ [[ -201 != \0 ]]
+ unitlines=25
+ for b in '$(sed "$((i+1))q;d" "$c")'
+ [[ -148 != \a ]]
+ [[ -148 != \0 ]]
+ unitlines=26
+ for b in '$(sed "$((i+1))q;d" "$c")'
+ [[ 200 != \a ]]
+ [[ 200 != \0 ]]
+ unitlines=27
+ for b in '$(sed "$((i+1))q;d" "$c")'
+ [[ 0 != \a ]]
+ [[ 0 != \0 ]]
++ cut '-d ' -f3
++ head -n 1 constraints_22_11.simp-noncanon.simp
+ numvars=6160
++ cut '-d ' -f4
++ head -n 1 constraints_22_11.simp-noncanon.simp
+ numlines=1786659
+ newlines=1786686
+ echo 'p cnf 6160 1786686'
+ tail constraints_22_11.simp-noncanon.simp -n +2
++ sed '5115q;d' 22-cubes/30.cubes
+ for b in '$(sed "$((i+1))q;d" "$c")'
+ [[ a != \a ]]
+ for b in '$(sed "$((i+1))q;d" "$c")'
+ [[ -92 != \a ]]
+ [[ -92 != \0 ]]
+ echo '-92 0'
+ for b in '$(sed "$((i+1))q;d" "$c")'
+ [[ -137 != \a ]]
+ [[ -137 != \0 ]]
+ echo '-137 0'
+ for b in '$(sed "$((i+1))q;d" "$c")'
+ [[ 122 != \a ]]
+ [[ 122 != \0 ]]
+ echo '122 0'
+ for b in '$(sed "$((i+1))q;d" "$c")'
+ [[ -80 != \a ]]
+ [[ -80 != \0 ]]
+ echo '-80 0'
+ for b in '$(sed "$((i+1))q;d" "$c")'
+ [[ -58 != \a ]]
+ [[ -58 != \0 ]]
+ echo '-58 0'
+ for b in '$(sed "$((i+1))q;d" "$c")'
+ [[ -207 != \a ]]
+ [[ -207 != \0 ]]
+ echo '-207 0'
+ for b in '$(sed "$((i+1))q;d" "$c")'
+ [[ 154 != \a ]]
+ [[ 154 != \0 ]]
+ echo '154 0'
+ for b in '$(sed "$((i+1))q;d" "$c")'
+ [[ -171 != \a ]]
+ [[ -171 != \0 ]]
+ echo '-171 0'
+ for b in '$(sed "$((i+1))q;d" "$c")'
+ [[ -169 != \a ]]
+ [[ -169 != \0 ]]
+ echo '-169 0'
+ for b in '$(sed "$((i+1))q;d" "$c")'
+ [[ -49 != \a ]]
+ [[ -49 != \0 ]]
+ echo '-49 0'
+ for b in '$(sed "$((i+1))q;d" "$c")'
+ [[ 107 != \a ]]
+ [[ 107 != \0 ]]
+ echo '107 0'
+ for b in '$(sed "$((i+1))q;d" "$c")'
+ [[ -188 != \a ]]
+ [[ -188 != \0 ]]
+ echo '-188 0'
+ for b in '$(sed "$((i+1))q;d" "$c")'
+ [[ -168 != \a ]]
+ [[ -168 != \0 ]]
+ echo '-168 0'
+ for b in '$(sed "$((i+1))q;d" "$c")'
+ [[ -167 != \a ]]
+ [[ -167 != \0 ]]
+ echo '-167 0'
+ for b in '$(sed "$((i+1))q;d" "$c")'
+ [[ -93 != \a ]]
+ [[ -93 != \0 ]]
+ echo '-93 0'
+ for b in '$(sed "$((i+1))q;d" "$c")'
+ [[ -226 != \a ]]
+ [[ -226 != \0 ]]
+ echo '-226 0'
+ for b in '$(sed "$((i+1))q;d" "$c")'
+ [[ -151 != \a ]]
+ [[ -151 != \0 ]]
+ echo '-151 0'
+ for b in '$(sed "$((i+1))q;d" "$c")'
+ [[ -166 != \a ]]
+ [[ -166 != \0 ]]
+ echo '-166 0'
+ for b in '$(sed "$((i+1))q;d" "$c")'
+ [[ -175 != \a ]]
+ [[ -175 != \0 ]]
+ echo '-175 0'
+ for b in '$(sed "$((i+1))q;d" "$c")'
+ [[ -150 != \a ]]
+ [[ -150 != \0 ]]
+ echo '-150 0'
+ for b in '$(sed "$((i+1))q;d" "$c")'
+ [[ -206 != \a ]]
+ [[ -206 != \0 ]]
+ echo '-206 0'
+ for b in '$(sed "$((i+1))q;d" "$c")'
+ [[ -165 != \a ]]
+ [[ -165 != \0 ]]
+ echo '-165 0'
+ for b in '$(sed "$((i+1))q;d" "$c")'
+ [[ -136 != \a ]]
+ [[ -136 != \0 ]]
+ echo '-136 0'
+ for b in '$(sed "$((i+1))q;d" "$c")'
+ [[ -149 != \a ]]
+ [[ -149 != \0 ]]
+ echo '-149 0'
+ for b in '$(sed "$((i+1))q;d" "$c")'
+ [[ -201 != \a ]]
+ [[ -201 != \0 ]]
+ echo '-201 0'
+ for b in '$(sed "$((i+1))q;d" "$c")'
+ [[ -148 != \a ]]
+ [[ -148 != \0 ]]
+ echo '-148 0'
+ for b in '$(sed "$((i+1))q;d" "$c")'
+ [[ 200 != \a ]]
+ [[ 200 != \0 ]]
+ echo '200 0'
+ for b in '$(sed "$((i+1))q;d" "$c")'
+ [[ 0 != \a ]]
+ [[ 0 != \0 ]]
+ ./simplify-by-var-removal.sh 22-cubes/30.cubes5114.adj 70
+ '[' -z 70 ']'
+ f=22-cubes/30.cubes5114.adj
+ p=70
++ echo 22-cubes
+ sub_dir=22-cubes
+ mkdir -p log/22-cubes
+ mkdir -p simp/22-cubes
+ tee log/22-cubes/30.cubes5114.adj.simp1
+ ./cadical/build/cadical 22-cubes/30.cubes5114.adj -o simp/22-cubes/30.cubes5114.adj.simp1 -e simp/22-cubes/30.cubes5114.adj.ext1 -n -c 200000
c --- [ banner ] -------------------------------------------------------------
c 
c CaDiCaL Radically Simplified CDCL SAT Solver
c Copyright (c) 2016-2021 A. Biere, M. Fleury, N. Froleyks
c 
c Version 1.5.2
c g++ (GCC) 9.3.0 -Wall -Wextra -O3 -DNDEBUG
c Tue Feb 8 21:15:15 EST 2022 Linux gra-login1 3.10.0-1160.36.2.el7.x86_64 x86_64
c 
c --- [ limit ] --------------------------------------------------------------
c 
c setting conflict limit to 200000 conflicts (due to '200000')
c 
c --- [ parsing input ] ------------------------------------------------------
c 
c reading DIMACS file from '22-cubes/30.cubes5114.adj'
c opening file to read '22-cubes/30.cubes5114.adj'
c found 'p cnf 6160 1786686' header
c parsed 1786686 clauses in 19.53 seconds process time
c closing file '22-cubes/30.cubes5114.adj'
c after reading 1542541796 bytes 1471.1 MB
c 
c --- [ options ] ------------------------------------------------------------
c 
c all options are set to their default value
c 
c --- [ solving ] ------------------------------------------------------------
c 
c time measured in process time since initialization
c 
c  seconds    reductions  redundant   irredundant
c          MB     restarts       trail       variables
c            level   conflicts       glue         remaining
c 
c * 19.53 1475  0 0   0    0    0  0% 0 1785954 4547 74%
c { 20.69 1527  0 0   0    0    0  0% 0 1785954 4547 74%
c i 25.66 1596 90 0  11   91   81 49% 27 1785954 4532 74%
c i 28.45 1621 75 0  21  177  149 49% 28 1785954 4531 74%
c i 29.07 1628 78 0  25  195  164 50% 30 1785954 4530 74%
c - 34.79 1585 62 1  28  301  201 47% 23 673906 4530 74%
c i 36.97 1589 32 1  39  982  293 42% 15 673906 4528 74%
c } 37.61 1590 34 1  44 1000  306 42% 15 673906 4528 74%
c [ 37.61 1590  0 1  44 1000  306  0% 0 673906 4528 74%
c O 37.62 1590 11 1  44 1003  308 34% 11 673906 4528 74%
c i 37.66 1590  5 1  44 1009  312 30% 4 673906 4427 72%
c i 37.74 1590  4 1  44 1011  313 32% 4 673906 4420 72%
c i 37.81 1590  4 1  44 1012  313 34% 3 673906 4413 72%
c i 38.34 1590 19 1  44 1044  341 54% 13 673906 4412 72%
c i 38.38 1590 18 1  44 1045  341 54% 13 673906 4411 72%
c i 38.62 1590 19 1  44 1056  350 55% 13 673906 4410 72%
c i 39.08 1590 20 1  44 1093  380 56% 14 673906 4409 72%
c i 39.55 1591 20 1  44 1268  519 57% 16 673906 4408 72%
c i 39.65 1591 22 1  44 1363  597 57% 17 673906 4407 72%
c - 41.46 1739 22 2  44 1399  536 57% 17 672094 4407 72%
c 
c  seconds    reductions  redundant   irredundant
c          MB     restarts       trail       variables
c            level   conflicts       glue         remaining
c 
c i 42.57 1739 22 2  44 1624  707 57% 18 672094 4406 72%
c i 42.94 1739 23 2  45 2120 1129 57% 18 672094 4405 72%
c i 42.97 1739 23 2  45 2156 1145 57% 19 672094 4404 71%
c i 43.21 1739 24 2  45 2577 1470 57% 20 672094 4403 71%
c i 43.41 1739 23 2  45 2964 1720 58% 20 672094 4402 71%
c i 43.42 1739 23 2  45 2973 1727 58% 20 672094 4401 71%
c i 43.42 1739 23 2  45 2975 1728 58% 20 672094 4400 71%
c ] 43.43 1739 23 2  45 3003 1755 58% 20 672094 4400 71%
c { 43.43 1739 34 2  45 3003 1755 42% 15 672094 4400 71%
c F 44.41 1736 34 2  46 3004 1756  8% 15 672073 4400 71%
c i 44.92 1736 33 2  47 3044 1776 19% 15 672073 4399 71%
c - 45.57 1735 33 3  47 3044 1551 19% 15 672070 4399 71%
c i 45.73 1735 33 3  47 3051 1557 22% 15 672070 4398 71%
c i 47.10 1735 36 3  63 3125 1624 26% 16 672070 4397 71%
c i 48.79 1735 37 3  74 3167 1663 27% 16 672070 4396 71%
c i 48.84 1735 37 3  75 3170 1665 27% 16 672070 4395 71%
c i 49.07 1735 37 3  77 3175 1669 28% 16 672070 4394 71%
c i 53.79 1735 41 3 135 3420 1824 27% 19 672070 4393 71%
c i 53.80 1735 41 3 136 3423 1826 27% 19 672070 4392 71%
c i 60.86 1735 43 3 226 4178 2317 26% 21 672070 4391 71%
c 
c  seconds    reductions  redundant   irredundant
c          MB     restarts       trail       variables
c            level   conflicts       glue         remaining
c 
c i 62.05 1735 44 3 235 4224 2358 27% 21 672070 4390 71%
c 3 69.63 1735 45 3 295 5000 4127 30% 22 672027 4382 71%
c 2 69.90 1736 45 3 295 5000 4278 30% 22 671916 4381 71%
c p 84.80 1736 45 3 295 5000 7444 30% 22 671916 4356 71%
c d 85.60 1736 45 3 295 5000 7433 30% 22 671811 4355 71%
c - 91.43 1729 46 4 323 5236 2220 30% 22 671811 4355 71%
c # 105.17 1729 48 4 453 6005 2854 30% 24 671811 4355 71%
c } 111.08 1729 46 4 549 7003 3300 28% 23 671811 4355 71%
c [ 111.08 1729 23 4 549 7003 3300 81% 20 671811 4355 71%
c - 113.95 1729 28 5 550 7979 2836 66% 23 671811 4355 71%
c I 118.25 1729 31 5 551 10006 4296 55% 26 671811 4355 71%
c - 129.66 1730 29 6 553 11271 3861 51% 24 671811 4355 71%
c 3 152.42 1730 25 6 554 15001 7717 44% 21 671811 4355 71%
c 2 152.68 1730 25 6 554 15001 7870 44% 21 671807 4355 71%
c p 160.00 1730 25 6 554 15001 11492 44% 21 671807 4354 71%
c ] 160.25 1730 25 6 554 15003 11494 44% 21 671807 4354 71%
c { 160.25 1730 46 6 554 15003 11494 28% 23 671807 4354 71%
c B 160.65 1730 46 6 554 15007 11498 28% 23 671807 4354 71%
c - 163.62 1729 46 7 572 15108 4512 29% 23 671804 4354 71%
c s 173.36 1729 39 7 654 17236 4913 26% 21 667336 4354 71%
c 
c  seconds     reductions   redundant   irredundant
c           MB     restarts        trail       variables
c             level    conflicts       glue         remaining
c 
c v 192.55 1729 39 7 654 17236 4913 26% 21 666871 4354 71%
c t 192.98 1729 39 7 654 17236 4907 26% 21 666712 4354 71%
c e 196.25 1729 39 7 654 17236 4702 26% 21 658867 1132 18%
c s 196.48 1729 39 7 654 17236 4685 26% 21 658121 1132 18%
c - 219.82 1728 39 8 933 19495 4050 48% 21 658121 1132 18%
c W 233.40 1728 39 8 1066 21009 5045 51% 21 658121 1132 18%
c - 257.63 1729 38 9 1362 24404 5572 56% 22 658121 1132 18%
c F 262.35 1729 34 9 1370 28010 7873 59% 21 658121 1132 18%
c - 282.57 1729 36 10 1688 29858 6653 59% 21 658121 1132 18%
c p 286.56 1729 36 10 1702 30001 9013 59% 21 658121 1132 18%
c } 287.47 1729 35 10 1702 31003 9666 59% 21 658121 1132 18%
c [ 287.47 1729 25 10 1702 31003 9666 169% 21 658121 1132 18%
c - 302.13 1729 24 11 1705 35858 7978 134% 20 658121 1132 18%
c B 302.76 1729 24 11 1705 36011 8106 133% 20 658121 1132 18%
c ] 308.94 1729 26 11 1708 39777 11067 119% 22 658121 1132 18%
c 1 308.94 1729 26 11 1708 39777 11067 119% 22 658121 1132 18%
c 
c --- [ writing output ] -----------------------------------------------------
c 
c writing simplified CNF to DIMACS file 'simp/22-cubes/30.cubes5114.adj.simp1'
c * 308.94 1729 26 11 1708 39777 11067 119% 22 658121 1132 18%
c opening file to write 'simp/22-cubes/30.cubes5114.adj.simp1'
c writing 'p cnf 6160 658121' header
c closing file 'simp/22-cubes/30.cubes5114.adj.simp1'
c after writing 298322748 bytes 284.5 MB
c wrote 658121 clauses in 2.35 seconds process time
c 
c --- [ writing extension ] --------------------------------------------------
c 
c writing extension stack to 'simp/22-cubes/30.cubes5114.adj.ext1'
c opening file to write 'simp/22-cubes/30.cubes5114.adj.ext1'
c closing file 'simp/22-cubes/30.cubes5114.adj.ext1'
c after writing 251775 bytes 0.2 MB
c wrote 10694 witnesses in 0.00 seconds process time
c 
c --- [ result ] -------------------------------------------------------------
c 
s SATISFIABLE
c 
c --- [ run-time profiling ] -------------------------------------------------
c 
c process time taken by individual solving procedures
c (percentage relative to process time for solving)
c 
c       236.42   81.69% search
c       165.80   57.29% unstable
c        68.67   23.73% stable
c        52.98   18.31% simplify
c        24.60    8.50% probe
c        19.53    6.75% parse
c        19.52    6.74% vivify
c         5.50    1.90% elim
c         1.16    0.40% lucky
c         0.79    0.27% walk
c         0.47    0.16% subsume
c         0.43    0.15% ternary
c   =================================
c       289.41   92.97% solve
c 
c last line shows process time for solving
c (percentage relative to total process time)
c 
c --- [ statistics ] ---------------------------------------------------------
c 
c chronological:              7511        18.88 %  of conflicts
c conflicts:                 39777       137.44    per second
c decisions:                150967       521.64    per second
c eliminated:                 3222        52.31 %  of all variables
c fixed:                      1796        29.16 %  of all variables
c learned:                   39002        98.05 %  per conflict
c learned_lits:            6078174       100.00 %  learned literals
c minimized:                     0         0.00 %  learned literals
c shrunken:                3349023        55.10 %  learned literals
c minishrunken:             659747        10.85 %  learned literals
c propagations:            6096540         0.02 M  per second
c reduced:                   15298        38.46 %  per conflict
c rephased:                      8      4972.12    interval
c restarts:                   1708        23.29    interval
c stabilizing:                   3        47.21 %  of conflicts
c substituted:                  10         0.16 %  of all variables
c subsumed:                  19010         0.47 %  of all clauses
c strengthened:              29113         0.73 %  of all clauses
c ternary:                    3405         0.34 %  of resolved
c vivified:                    471         0.01 %  of all clauses
c walked:                        1     39777.00    interval
c weakened:                   8898         3.24    average size
c 
c seconds are measured in process time for solving
c 
c --- [ resources ] ----------------------------------------------------------
c 
c total process time since initialization:       311.29    seconds
c total real time since initialization:          312.32    seconds
c maximum resident set size of process:         2006.91    MB
c 
c --- [ shutting down ] ------------------------------------------------------
c 
c exit 10
++ seq 1 100
+ for i in '$(seq 1 100)'
++ sed 's/.$//'
++ rev
++ cut '-d ' -f1
++ rev
++ tail -n 1
++ grep 'c [*]' log/22-cubes/30.cubes5114.adj.simp1
+ vars_remaining=18
+ ((  vars_remaining < 100 - p  ))
+ break
++ cut '-d ' -f3
++ head -n 1 simp/22-cubes/30.cubes5114.adj.simp1
+ numvars=6160
++ cut '-d ' -f4
++ head -n 1 simp/22-cubes/30.cubes5114.adj.simp1
+ numlines=658121
+ extlines_total=0
++ seq 1 1
+ for j in '$(seq 1 "$i")'
++ cut '-d ' -f1
++ wc -l simp/22-cubes/30.cubes5114.adj.ext1
+ extlines_j=10694
+ extlines_total=10694
+ newlines=668815
+ echo 'p cnf 6160 668815'
+ tail simp/22-cubes/30.cubes5114.adj.simp1 -n +2
++ seq 1 1
+ for j in '$(seq 1 "$i")'
+ cat simp/22-cubes/30.cubes5114.adj.ext1
+ sed -i 's/ 0.*/ 0/' 22-cubes/30.cubes5114.adj.simp
============================[ Problem Statistics ]=============================
|                                                                             |
|  Number of variables:          6160                                         |
|  Number of clauses:          667019                                         |
|  Parse time:                   4.12 s                                       |
|  Simplification time:          0.13 s                                       |
|                                                                             |
============================[ Search Statistics ]====================================================
| Conflicts |          ORIGINAL         |          LEARNT          | Num Sols |      SUBGRAPHS      |
|           |    Vars  Clauses Literals |    Limit  Clauses Lit/Cl |          | Canonical Noncanon. |
=====================================================================================================
|       100 |    4364   667019 65097745 |     2000      100     48 |        0 |        20         0 |
|       290 |    4364   667059 65098616 |     2000      290     73 |        0 |        43        40 |
|       520 |    4364   667064 65098779 |     2000      520     85 |        0 |        49        45 |
|       909 |    4364   667116 65099999 |     2000      909     87 |        0 |        75        97 |
|      1415 |    4364   667116 65099999 |     2000     1415     92 |        0 |        93        97 |
|      2207 |    4364   667149 65100832 |     3600     1207     47 |        0 |       126       130 |
|      3487 |    4364   667290 65104591 |     3600     2487     70 |        0 |       195       271 |
|      5364 |    4364   667459 65109331 |     5001     2565     45 |        0 |       338       440 |
|      8107 |    4364   667640 65113515 |     6309     2816     36 |        0 |       432       621 |
|     12065 |    4364   667754 65116980 |     7560     3625     32 |        0 |       530       735 |
|     18088 |    4364   668011 65121895 |     8784     5872     60 |        0 |       607       992 |
|     26853 |    4364   668127 65124684 |    11197     5250     24 |        0 |       789      1108 |
|     40290 |    4364   668590 65135336 |    13606     6896     30 |        0 |      1174      1571 |
|     60108 |    4364   668947 65142668 |    16009    12517     59 |        0 |      1488      1928 |
|     89378 |    4364   669025 65144286 |    19609    15987     64 |        0 |      1582      2006 |
|    133289 |    4364   669147 65147359 |    24408    17097     59 |        0 |      1698      2128 |
|    199487 |    4364   669661 65157430 |    30419    16306     46 |        0 |      1918      2642 |
|    299096 |    4364   670744 65182518 |    36410    33906     84 |        0 |      2451      3725 |
|    447707 |    4364   671566 65199723 |    44812    42519     84 |        0 |      3033      4547 |
|    671808 |    4364   673984 65255482 |    55616    43424     66 |        0 |      4246      6965 |
|   1007449 |    4364   677100 65329527 |    68813    40262     51 |        0 |      5943     10081 |
|   1512188 |    4364   683051 65441285 |    84429    51017     52 |        0 |      7485     16032 |
|   2275279 |    4364   697960 65835678 |   103625    66904     57 |        0 |     15218     30941 |
|   3414746 |    4364   715153 66279394 |   126424   119570     73 |        0 |     25442     48134 |
|   5108642 |    4364   725638 66572961 |   155219   131061     68 |        0 |     31791     58619 |
|   7645636 |    4364   737516 66905553 |   190026   174062     65 |        0 |     38282     70497 |
|  11471296 |    4364   775501 67973086 |   233236   201732     74 |        0 |     46138    108482 |
|  17192083 |    4364   814776 68961023 |   286035   224518     61 |        0 |     64046    147757 |
|  25917656 |    4364  1018080 73037060 |   352024   194080     39 |        0 |     97285    351061 |
|  38829017 |    4363  1146025 75943618 |   430028   417445     70 |        0 |    132572    479019 |
|  58292360 |    4362  1434219 82145729 |   527228   521788     71 |        2 |    182422    767255 |
|  87483751 |    4336  1533920 84081307 |   643332   379283     52 |        3 |    246893   1195987 |
=====================================================================================================
Number of solutions   : 3           
Canonical subgraphs   : 314076         (17 /sec)
          order  3    : 1              (142857 /sec)
          order  4    : 1              (500000 /sec)
          order  5    : 1              (200000 /sec)
          order  6    : 1              (55556 /sec)
          order  7    : 1              (9009 /sec)
          order  8    : 2              (4193 /sec)
          order  9    : 6              (313 /sec)
          order 10    : 24             (92 /sec)
          order 11    : 100            (27 /sec)
          order 12    : 897            (14 /sec)
          order 13    : 5835           (10 /sec)
          order 14    : 49812          (15 /sec)
          order 15    : 198878         (17 /sec)
          order 16    : 48734          (22 /sec)
          order 17    : 6479           (18 /sec)
          order 18    : 1325           (13 /sec)
          order 19    : 683            (14 /sec)
          order 20    : 641            (14 /sec)
          order 21    : 652            (13 /sec)
          order 22    : 3              (1 /sec)
Noncanonical subgraphs: 1587047        (218 /sec)
          order  3    : 0              (-nan /sec)
          order  4    : 0              (-nan /sec)
          order  5    : 0              (-nan /sec)
          order  6    : 0              (-nan /sec)
          order  7    : 0              (-nan /sec)
          order  8    : 0              (-nan /sec)
          order  9    : 0              (-nan /sec)
          order 10    : 0              (-nan /sec)
          order 11    : 0              (-nan /sec)
          order 12    : 0              (-nan /sec)
          order 13    : 0              (-nan /sec)
          order 14    : 200167         (1116 /sec)
          order 15    : 396968         (881 /sec)
          order 16    : 984359         (150 /sec)
          order 17    : 4309           (111 /sec)
          order 18    : 543            (60 /sec)
          order 19    : 1              (101 /sec)
          order 20    : 1              (480 /sec)
          order 21    : 2              (91 /sec)
Canonicity checking   : 25966.6 s
database reductions   : 655
restarts              : 159096
conflicts             : 130157079      (568 /sec)
decisions             : 158240122      (0.00 % random) (690 /sec)
propagations          : 27737039081    (120980 /sec)
conflict literals     : 14477603515    (57.55 % deleted)
actual reward         : 0.056999
Memory used           : 1721.00 MB
CPU time              : 229270 s

UNSATISFIABLE
