+ '[' -z 45 ']'
+ f=constraints_22_11.simp-noncanon.simp
+ c=leftover.cubes
+ i=45
+ s=70
+ adj=leftover.cubes45.adj
+ cnf=leftover.cubes45.cnf
+ ext=leftover.cubes45.ext
+ cnfext=leftover.cubes45.cnfext
+ unitlines=0
++ sed '46q;d' leftover.cubes
+ for b in '$(sed "$((i+1))q;d" "$c")'
+ [[ a != \a ]]
+ for b in '$(sed "$((i+1))q;d" "$c")'
+ [[ -92 != \a ]]
+ [[ -92 != \0 ]]
+ unitlines=1
+ for b in '$(sed "$((i+1))q;d" "$c")'
+ [[ -137 != \a ]]
+ [[ -137 != \0 ]]
+ unitlines=2
+ for b in '$(sed "$((i+1))q;d" "$c")'
+ [[ -122 != \a ]]
+ [[ -122 != \0 ]]
+ unitlines=3
+ for b in '$(sed "$((i+1))q;d" "$c")'
+ [[ 108 != \a ]]
+ [[ 108 != \0 ]]
+ unitlines=4
+ for b in '$(sed "$((i+1))q;d" "$c")'
+ [[ -69 != \a ]]
+ [[ -69 != \0 ]]
+ unitlines=5
+ for b in '$(sed "$((i+1))q;d" "$c")'
+ [[ -49 != \a ]]
+ [[ -49 != \0 ]]
+ unitlines=6
+ for b in '$(sed "$((i+1))q;d" "$c")'
+ [[ -227 != \a ]]
+ [[ -227 != \0 ]]
+ unitlines=7
+ for b in '$(sed "$((i+1))q;d" "$c")'
+ [[ -226 != \a ]]
+ [[ -226 != \0 ]]
+ unitlines=8
+ for b in '$(sed "$((i+1))q;d" "$c")'
+ [[ -190 != \a ]]
+ [[ -190 != \0 ]]
+ unitlines=9
+ for b in '$(sed "$((i+1))q;d" "$c")'
+ [[ -225 != \a ]]
+ [[ -225 != \0 ]]
+ unitlines=10
+ for b in '$(sed "$((i+1))q;d" "$c")'
+ [[ -209 != \a ]]
+ [[ -209 != \0 ]]
+ unitlines=11
+ for b in '$(sed "$((i+1))q;d" "$c")'
+ [[ -224 != \a ]]
+ [[ -224 != \0 ]]
+ unitlines=12
+ for b in '$(sed "$((i+1))q;d" "$c")'
+ [[ -94 != \a ]]
+ [[ -94 != \0 ]]
+ unitlines=13
+ for b in '$(sed "$((i+1))q;d" "$c")'
+ [[ -223 != \a ]]
+ [[ -223 != \0 ]]
+ unitlines=14
+ for b in '$(sed "$((i+1))q;d" "$c")'
+ [[ -41 != \a ]]
+ [[ -41 != \0 ]]
+ unitlines=15
+ for b in '$(sed "$((i+1))q;d" "$c")'
+ [[ -153 != \a ]]
+ [[ -153 != \0 ]]
+ unitlines=16
+ for b in '$(sed "$((i+1))q;d" "$c")'
+ [[ -28 != \a ]]
+ [[ -28 != \0 ]]
+ unitlines=17
+ for b in '$(sed "$((i+1))q;d" "$c")'
+ [[ -222 != \a ]]
+ [[ -222 != \0 ]]
+ unitlines=18
+ for b in '$(sed "$((i+1))q;d" "$c")'
+ [[ -169 != \a ]]
+ [[ -169 != \0 ]]
+ unitlines=19
+ for b in '$(sed "$((i+1))q;d" "$c")'
+ [[ -221 != \a ]]
+ [[ -221 != \0 ]]
+ unitlines=20
+ for b in '$(sed "$((i+1))q;d" "$c")'
+ [[ -206 != \a ]]
+ [[ -206 != \0 ]]
+ unitlines=21
+ for b in '$(sed "$((i+1))q;d" "$c")'
+ [[ -188 != \a ]]
+ [[ -188 != \0 ]]
+ unitlines=22
+ for b in '$(sed "$((i+1))q;d" "$c")'
+ [[ -220 != \a ]]
+ [[ -220 != \0 ]]
+ unitlines=23
+ for b in '$(sed "$((i+1))q;d" "$c")'
+ [[ 70 != \a ]]
+ [[ 70 != \0 ]]
+ unitlines=24
+ for b in '$(sed "$((i+1))q;d" "$c")'
+ [[ -59 != \a ]]
+ [[ -59 != \0 ]]
+ unitlines=25
+ for b in '$(sed "$((i+1))q;d" "$c")'
+ [[ -135 != \a ]]
+ [[ -135 != \0 ]]
+ unitlines=26
+ for b in '$(sed "$((i+1))q;d" "$c")'
+ [[ 168 != \a ]]
+ [[ 168 != \0 ]]
+ unitlines=27
+ for b in '$(sed "$((i+1))q;d" "$c")'
+ [[ -120 != \a ]]
+ [[ -120 != \0 ]]
+ unitlines=28
+ for b in '$(sed "$((i+1))q;d" "$c")'
+ [[ -84 != \a ]]
+ [[ -84 != \0 ]]
+ unitlines=29
+ for b in '$(sed "$((i+1))q;d" "$c")'
+ [[ 0 != \a ]]
+ [[ 0 != \0 ]]
++ cut '-d ' -f3
++ head -n 1 constraints_22_11.simp-noncanon.simp
+ numvars=6160
++ cut '-d ' -f4
++ head -n 1 constraints_22_11.simp-noncanon.simp
+ numlines=1786659
+ newlines=1786688
+ echo 'p cnf 6160 1786688'
+ tail constraints_22_11.simp-noncanon.simp -n +2
++ sed '46q;d' leftover.cubes
+ for b in '$(sed "$((i+1))q;d" "$c")'
+ [[ a != \a ]]
+ for b in '$(sed "$((i+1))q;d" "$c")'
+ [[ -92 != \a ]]
+ [[ -92 != \0 ]]
+ echo '-92 0'
+ for b in '$(sed "$((i+1))q;d" "$c")'
+ [[ -137 != \a ]]
+ [[ -137 != \0 ]]
+ echo '-137 0'
+ for b in '$(sed "$((i+1))q;d" "$c")'
+ [[ -122 != \a ]]
+ [[ -122 != \0 ]]
+ echo '-122 0'
+ for b in '$(sed "$((i+1))q;d" "$c")'
+ [[ 108 != \a ]]
+ [[ 108 != \0 ]]
+ echo '108 0'
+ for b in '$(sed "$((i+1))q;d" "$c")'
+ [[ -69 != \a ]]
+ [[ -69 != \0 ]]
+ echo '-69 0'
+ for b in '$(sed "$((i+1))q;d" "$c")'
+ [[ -49 != \a ]]
+ [[ -49 != \0 ]]
+ echo '-49 0'
+ for b in '$(sed "$((i+1))q;d" "$c")'
+ [[ -227 != \a ]]
+ [[ -227 != \0 ]]
+ echo '-227 0'
+ for b in '$(sed "$((i+1))q;d" "$c")'
+ [[ -226 != \a ]]
+ [[ -226 != \0 ]]
+ echo '-226 0'
+ for b in '$(sed "$((i+1))q;d" "$c")'
+ [[ -190 != \a ]]
+ [[ -190 != \0 ]]
+ echo '-190 0'
+ for b in '$(sed "$((i+1))q;d" "$c")'
+ [[ -225 != \a ]]
+ [[ -225 != \0 ]]
+ echo '-225 0'
+ for b in '$(sed "$((i+1))q;d" "$c")'
+ [[ -209 != \a ]]
+ [[ -209 != \0 ]]
+ echo '-209 0'
+ for b in '$(sed "$((i+1))q;d" "$c")'
+ [[ -224 != \a ]]
+ [[ -224 != \0 ]]
+ echo '-224 0'
+ for b in '$(sed "$((i+1))q;d" "$c")'
+ [[ -94 != \a ]]
+ [[ -94 != \0 ]]
+ echo '-94 0'
+ for b in '$(sed "$((i+1))q;d" "$c")'
+ [[ -223 != \a ]]
+ [[ -223 != \0 ]]
+ echo '-223 0'
+ for b in '$(sed "$((i+1))q;d" "$c")'
+ [[ -41 != \a ]]
+ [[ -41 != \0 ]]
+ echo '-41 0'
+ for b in '$(sed "$((i+1))q;d" "$c")'
+ [[ -153 != \a ]]
+ [[ -153 != \0 ]]
+ echo '-153 0'
+ for b in '$(sed "$((i+1))q;d" "$c")'
+ [[ -28 != \a ]]
+ [[ -28 != \0 ]]
+ echo '-28 0'
+ for b in '$(sed "$((i+1))q;d" "$c")'
+ [[ -222 != \a ]]
+ [[ -222 != \0 ]]
+ echo '-222 0'
+ for b in '$(sed "$((i+1))q;d" "$c")'
+ [[ -169 != \a ]]
+ [[ -169 != \0 ]]
+ echo '-169 0'
+ for b in '$(sed "$((i+1))q;d" "$c")'
+ [[ -221 != \a ]]
+ [[ -221 != \0 ]]
+ echo '-221 0'
+ for b in '$(sed "$((i+1))q;d" "$c")'
+ [[ -206 != \a ]]
+ [[ -206 != \0 ]]
+ echo '-206 0'
+ for b in '$(sed "$((i+1))q;d" "$c")'
+ [[ -188 != \a ]]
+ [[ -188 != \0 ]]
+ echo '-188 0'
+ for b in '$(sed "$((i+1))q;d" "$c")'
+ [[ -220 != \a ]]
+ [[ -220 != \0 ]]
+ echo '-220 0'
+ for b in '$(sed "$((i+1))q;d" "$c")'
+ [[ 70 != \a ]]
+ [[ 70 != \0 ]]
+ echo '70 0'
+ for b in '$(sed "$((i+1))q;d" "$c")'
+ [[ -59 != \a ]]
+ [[ -59 != \0 ]]
+ echo '-59 0'
+ for b in '$(sed "$((i+1))q;d" "$c")'
+ [[ -135 != \a ]]
+ [[ -135 != \0 ]]
+ echo '-135 0'
+ for b in '$(sed "$((i+1))q;d" "$c")'
+ [[ 168 != \a ]]
+ [[ 168 != \0 ]]
+ echo '168 0'
+ for b in '$(sed "$((i+1))q;d" "$c")'
+ [[ -120 != \a ]]
+ [[ -120 != \0 ]]
+ echo '-120 0'
+ for b in '$(sed "$((i+1))q;d" "$c")'
+ [[ -84 != \a ]]
+ [[ -84 != \0 ]]
+ echo '-84 0'
+ for b in '$(sed "$((i+1))q;d" "$c")'
+ [[ 0 != \a ]]
+ [[ 0 != \0 ]]
+ ./simplify-by-var-removal.sh leftover.cubes45.adj 70
+ '[' -z 70 ']'
+ f=leftover.cubes45.adj
+ p=70
++ echo leftover.cubes45.adj
+ sub_dir=leftover.cubes45.adj
+ mkdir -p log/leftover.cubes45.adj
+ mkdir -p simp/leftover.cubes45.adj
+ tee log/leftover.cubes45.adj.simp1
+ ./cadical/build/cadical leftover.cubes45.adj -o simp/leftover.cubes45.adj.simp1 -e simp/leftover.cubes45.adj.ext1 -n -c 200000
c --- [ banner ] -------------------------------------------------------------
c 
c CaDiCaL Radically Simplified CDCL SAT Solver
c Copyright (c) 2016-2021 A. Biere, M. Fleury, N. Froleyks
c 
c Version 1.5.2
c g++ (GCC) 9.3.0 -Wall -Wextra -O3 -DNDEBUG
c Tue Feb 8 21:15:15 EST 2022 Linux gra-login1 3.10.0-1160.36.2.el7.x86_64 x86_64
c 
c --- [ limit ] --------------------------------------------------------------
c 
c setting conflict limit to 200000 conflicts (due to '200000')
c 
c --- [ parsing input ] ------------------------------------------------------
c 
c reading DIMACS file from 'leftover.cubes45.adj'
c opening file to read 'leftover.cubes45.adj'
c found 'p cnf 6160 1786688' header
c parsed 1786688 clauses in 18.41 seconds process time
c closing file 'leftover.cubes45.adj'
c after reading 1542541807 bytes 1471.1 MB
c 
c --- [ options ] ------------------------------------------------------------
c 
c all options are set to their default value
c 
c --- [ solving ] ------------------------------------------------------------
c 
c time measured in process time since initialization
c 
c  seconds    reductions  redundant   irredundant
c          MB     restarts       trail       variables
c            level   conflicts       glue         remaining
c 
c * 18.41 1484  0 0   0    0    0  0% 0 1785954 4271 69%
c { 19.30 1541  0 0   0    0    0  0% 0 1785954 4271 69%
c i 19.40 1542 14 0   0    2    1 38% 5 1785954 4246 69%
c i 19.65 1546 13 0   0    4    2 40% 5 1785954 4245 69%
c i 20.91 1572 52 0   3   47   33 48% 12 1785954 4244 69%
c i 21.45 1582 53 0   7   67   45 47% 14 1785954 4220 69%
c i 21.48 1582 51 0   8   70   43 46% 13 1785954 4207 68%
c i 22.47 1587 41 0  21  143   97 50% 17 1785954 4186 68%
c - 26.97 1506 27 1  25  301  130 45% 14 294642 4186 68%
c i 27.47 1506 29 1  26  374  155 46% 17 294642 4185 68%
c i 27.52 1506 32 1  28  382  162 46% 19 294642 4178 68%
c i 27.52 1506 31 1  29  383  162 46% 19 294642 4174 68%
c i 27.55 1506 32 1  30  386  164 46% 19 294642 4173 68%
c i 27.55 1506 32 1  30  387  164 46% 19 294642 4172 68%
c i 27.67 1506 32 1  36  412  184 47% 19 294642 4171 68%
c i 27.79 1506 34 1  46  463  221 48% 20 294642 4170 68%
c i 27.94 1506 34 1  51  489  246 48% 20 294642 4169 68%
c i 27.96 1507 34 1  52  494  250 48% 20 294642 4168 68%
c i 27.99 1507 34 1  55  503  258 48% 20 294642 4167 68%
c i 28.28 1507 32 1  59  772  320 45% 17 294642 4166 68%
c 
c  seconds    reductions  redundant   irredundant
c          MB     restarts       trail       variables
c            level   conflicts       glue         remaining
c 
c i 28.37 1507 33 1  62  785  329 46% 18 294642 4165 68%
c i 28.84 1507 29 1  71  971  394 45% 16 294642 4164 68%
c i 28.85 1507 29 1  71  973  394 45% 16 294642 4163 68%
c i 28.86 1507 29 1  71  976  396 45% 16 294642 4162 68%
c i 28.86 1507 29 1  71  977  396 45% 16 294642 4161 68%
c } 29.02 1507 30 1  72 1001  419 45% 16 294642 4161 68%
c [ 29.02 1507  0 1  72 1001  419  0% 0 294642 4161 68%
c O 29.02 1507  3 1  72 1002  420 34% 3 294642 4161 68%
c - 30.07 1565 25 2  72 1186  500 58% 21 294383 4161 68%
c i 30.21 1566 26 2  72 1284  571 58% 22 294383 4160 68%
c i 30.22 1566 26 2  72 1310  590 58% 22 294383 4159 68%
c i 30.32 1566 25 2  72 1678  853 57% 21 294383 4158 68%
c i 30.33 1566 24 2  72 1735  889 57% 20 294383 4157 67%
c i 30.34 1566 24 2  72 1778  915 57% 20 294383 4156 67%
c i 30.35 1566 24 2  72 1789  917 57% 20 294383 4155 67%
c i 30.36 1566 24 2  72 1833  946 57% 20 294383 4154 67%
c i 30.37 1566 23 2  72 1908 1010 57% 20 294383 4153 67%
c i 30.43 1566 23 2  73 2069 1119 57% 19 294383 4152 67%
c i 30.43 1566 23 2  73 2070 1119 57% 19 294383 4151 67%
c i 30.45 1566 22 2  73 2151 1180 57% 19 294383 4150 67%
c 
c  seconds    reductions  redundant   irredundant
c          MB     restarts       trail       variables
c            level   conflicts       glue         remaining
c 
c i 30.46 1566 22 2  73 2182 1207 57% 19 294383 4149 67%
c i 30.47 1566 22 2  73 2209 1223 57% 19 294383 4148 67%
c - 30.83 1562 22 3  73 2509 1161 57% 19 294344 4148 67%
c ] 31.21 1562 23 3  73 3002 1526 35% 20 294344 4148 67%
c { 31.21 1562 30 3  73 3002 1526 67% 16 294344 4148 67%
c F 31.21 1562 30 3  74 3003 1527 67% 16 294344 4148 67%
c i 31.36 1562 29 3  75 3042 1554 65% 16 294344 4147 67%
c i 31.38 1562 29 3  75 3046 1556 65% 16 294344 4146 67%
c i 31.42 1562 29 3  75 3088 1581 64% 16 294344 4145 67%
c i 31.43 1562 29 3  75 3099 1587 64% 16 294344 4144 67%
c i 31.46 1562 28 3  75 3148 1614 63% 16 294344 4143 67%
c i 31.47 1562 28 3  75 3156 1621 62% 16 294344 4142 67%
c i 31.66 1562 30 3  85 3341 1744 58% 16 294344 4141 67%
c i 31.67 1562 30 3  86 3342 1744 58% 16 294344 4140 67%
c i 31.85 1562 32 3  97 3394 1792 57% 17 294344 4139 67%
c i 31.85 1562 32 3  98 3395 1792 57% 17 294344 4138 67%
c i 31.97 1562 33 3 111 3443 1827 56% 18 294344 4137 67%
c i 32.25 1562 29 3 129 3816 1899 47% 16 294344 4136 67%
c i 32.57 1562 32 3 159 3953 2005 46% 18 294344 4135 67%
c i 32.81 1562 33 3 177 4025 2070 45% 19 294344 4134 67%
c 
c  seconds    reductions  redundant   irredundant
c          MB     restarts       trail       variables
c            level   conflicts       glue         remaining
c 
c - 33.40 1461 32 4 193 4272 1446 42% 18 294296 4134 67%
c i 33.90 1461 32 4 208 4375 1525 41% 18 294296 4133 67%
c 3 36.94 1462 35 4 320 5001 3633 38% 20 294271 4122 67%
c 2 37.00 1462 35 4 320 5001 3848 38% 20 294206 4122 67%
c p 42.71 1462 35 4 320 5001 6730 38% 20 294206 4057 66%
c d 43.06 1462 35 4 320 5001 6621 38% 20 293911 4054 66%
c # 44.11 1462 32 4 343 6005 7287 37% 19 293911 4054 66%
c i 45.16 1462 33 4 405 6386 7586 36% 20 293911 4052 66%
c - 45.69 1462 33 5 431 6475 2366 36% 20 228446 4052 66%
c } 47.03 1462 35 5 546 7003 2798 36% 21 228446 4052 66%
c [ 47.03 1462 23 5 546 7003 2798 35% 20 228446 4052 66%
c - 48.10 1462 22 6 547 8920 2764 35% 19 228446 4052 66%
c I 48.83 1462 20 6 548 10006 3404 34% 18 228446 4052 66%
c - 50.03 1463 34 7 550 11773 3437 34% 27 228446 4052 66%
c d 53.08 1463 39 7 551 15001 5846 33% 31 180629 4049 66%
c 2 53.16 1463 39 7 551 15001 7905 33% 31 180615 4048 66%
c p 55.96 1463 39 7 551 15001 12032 33% 31 180615 4031 65%
c ] 56.05 1463 39 7 551 15004 12034 33% 31 180615 4031 65%
c { 56.05 1463 35 7 551 15004 12034 36% 21 180615 4031 65%
c B 56.12 1463 35 7 551 15007 12037 36% 21 180615 4031 65%
c 
c  seconds    reductions   redundant   irredundant
c          MB     restarts        trail       variables
c            level    conflicts       glue         remaining
c 
c - 56.42 1463 35 8 551 15034 4143 36% 21 180561 4031 65%
c s 59.67 1463 33 8 696 17417 5713 35% 21 177434 4031 65%
c v 62.84 1463 33 8 696 17417 5713 35% 21 177088 4031 65%
c w 62.95 1463 33 8 696 17417 5711 35% 21 177088 4031 65%
c t 62.95 1463 33 8 696 17417 5708 35% 21 176954 4031 65%
c e 63.46 1463 33 8 696 17417 5465 35% 21 167740 511  8%
c s 63.57 1463 33 8 696 17417 5464 35% 21 166549 511  8%
c - 66.01 1464 34 9 807 18428 4263 81% 22 166549 511  8%
c W 67.08 1464 30 9 843 21008 6005 82% 20 166549 511  8%
c - 67.50 1464 29 10 843 22092 4361 82% 20 166549 511  8%
c - 68.79 1464 26 11 856 26125 4702 82% 18 166549 511  8%
c F 69.27 1464 25 11 866 28010 5860 83% 18 166549 511  8%
c 2 70.81 1464 25 11 969 30002 7477 83% 18 166548 511  8%
c p 72.55 1464 25 11 969 30002 9018 83% 18 166548 500  8%
c d 72.77 1464 25 11 969 30002 8916 83% 18 166248 499  8%
c } 73.52 1464 25 11 1024 30448 9209 83% 18 166248 499  8%
c 1 73.52 1464 25 11 1024 30448 9209 83% 18 166248 499  8%
c 
c --- [ writing output ] -----------------------------------------------------
c 
c writing simplified CNF to DIMACS file 'simp/leftover.cubes45.adj.simp1'
c * 73.52 1464 25 11 1024 30448 9209 83% 18 166248 499  8%
c opening file to write 'simp/leftover.cubes45.adj.simp1'
c writing 'p cnf 6160 166248' header
c closing file 'simp/leftover.cubes45.adj.simp1'
c after writing 67421837 bytes 64.3 MB
c wrote 166248 clauses in 0.46 seconds process time
c 
c --- [ writing extension ] --------------------------------------------------
c 
c writing extension stack to 'simp/leftover.cubes45.adj.ext1'
c opening file to write 'simp/leftover.cubes45.adj.ext1'
c closing file 'simp/leftover.cubes45.adj.ext1'
c after writing 271426 bytes 0.3 MB
c wrote 11622 witnesses in 0.00 seconds process time
c 
c --- [ result ] -------------------------------------------------------------
c 
s SATISFIABLE
c 
c --- [ run-time profiling ] -------------------------------------------------
c 
c process time taken by individual solving procedures
c (percentage relative to process time for solving)
c 
c        39.09   70.94% search
c        29.91   54.27% unstable
c        18.41   33.41% parse
c        16.02   29.06% simplify
c        10.26   18.61% probe
c         8.17   14.83% stable
c         3.26    5.92% vivify
c         0.96    1.74% elim
c         0.89    1.61% lucky
c         0.21    0.38% subsume
c         0.13    0.23% walk
c         0.11    0.20% ternary
c   =================================
c        55.11   74.48% solve
c 
c last line shows process time for solving
c (percentage relative to total process time)
c 
c --- [ statistics ] ---------------------------------------------------------
c 
c chronological:              5571        18.30 %  of conflicts
c conflicts:                 30448       552.49    per second
c decisions:                 81475      1478.39    per second
c eliminated:                 3520        57.14 %  of all variables
c fixed:                      2122        34.45 %  of all variables
c learned:                   29822        97.94 %  per conflict
c learned_lits:            4023480       100.00 %  learned literals
c minimized:                     0         0.00 %  learned literals
c shrunken:                2585865        64.27 %  learned literals
c minishrunken:             260281         6.47 %  learned literals
c propagations:            4678023         0.08 M  per second
c reduced:                   12353        40.57 %  per conflict
c rephased:                      7      4349.71    interval
c restarts:                   1024        29.73    interval
c stabilizing:                   2        32.85 %  of conflicts
c substituted:                  19         0.31 %  of all variables
c subsumed:                  14615         0.39 %  of all clauses
c strengthened:               3567         0.09 %  of all clauses
c ternary:                    4327         0.46 %  of resolved
c vivified:                    369         0.01 %  of all clauses
c walked:                        1     30448.00    interval
c weakened:                   9500         3.14    average size
c 
c seconds are measured in process time for solving
c 
c --- [ resources ] ----------------------------------------------------------
c 
c total process time since initialization:        73.99    seconds
c total real time since initialization:           74.02    seconds
c maximum resident set size of process:         1667.63    MB
c 
c --- [ shutting down ] ------------------------------------------------------
c 
c exit 10
++ seq 1 100
+ for i in '$(seq 1 100)'
++ sed 's/.$//'
++ rev
++ cut '-d ' -f1
++ rev
++ tail -n 1
++ grep 'c [*]' log/leftover.cubes45.adj.simp1
+ vars_remaining=8
+ ((  vars_remaining < 100 - p  ))
+ break
++ cut '-d ' -f3
++ head -n 1 simp/leftover.cubes45.adj.simp1
+ numvars=6160
++ cut '-d ' -f4
++ head -n 1 simp/leftover.cubes45.adj.simp1
+ numlines=166248
+ extlines_total=0
++ seq 1 1
+ for j in '$(seq 1 "$i")'
++ cut '-d ' -f1
++ wc -l simp/leftover.cubes45.adj.ext1
+ extlines_j=11622
+ extlines_total=11622
+ newlines=177870
+ echo 'p cnf 6160 177870'
+ tail simp/leftover.cubes45.adj.simp1 -n +2
++ seq 1 1
+ for j in '$(seq 1 "$i")'
+ cat simp/leftover.cubes45.adj.ext1
+ sed -i 's/ 0.*/ 0/' leftover.cubes45.adj.simp
============================[ Problem Statistics ]=============================
|                                                                             |
|  Number of variables:          6160                                         |
|  Number of clauses:          175748                                         |
|  Parse time:                   0.85 s                                       |
|  Simplification time:          0.02 s                                       |
|                                                                             |
============================[ Search Statistics ]====================================================
| Conflicts |          ORIGINAL         |          LEARNT          | Num Sols |      SUBGRAPHS      |
|           |    Vars  Clauses Literals |    Limit  Clauses Lit/Cl |          | Canonical Noncanon. |
=====================================================================================================
|       100 |    4038   175748 14386721 |     2000      100     64 |        0 |        21         0 |
|       295 |    4038   175793 14387255 |     2000      295     50 |        0 |        43        45 |
|       560 |    4038   175833 14387789 |     2000      560     57 |        0 |        52        85 |
|       906 |    4038   175842 14387994 |     2000      906     66 |        0 |        56        94 |
|      1463 |    4038   175893 14388480 |     2000     1463     64 |        0 |        75       145 |
|      2232 |    4038   175903 14388590 |     3602     1234     47 |        0 |        82       155 |
|      3486 |    4038   176018 14389957 |     3602     2488     65 |        0 |       100       270 |
|      5238 |    4038   176062 14390529 |     5003     2441     49 |        0 |       119       314 |
|      7808 |    4038   176070 14390707 |     6302     2510     42 |        0 |       127       322 |
|     11666 |    4038   176084 14390981 |     7551     3217     39 |        0 |       136       336 |
|     17463 |    4038   176115 14391513 |     8777     5240     48 |        0 |       157       367 |
|     26260 |    4038   176263 14393722 |     9991     9651     60 |        0 |       220       515 |
|     39283 |    4038   176312 14394499 |    12397    12080     52 |        0 |       257       564 |
|     59015 |    4038   176583 14398604 |    16007    11422     45 |        0 |       406       835 |
|     88906 |    4038   177282 14409358 |    19610    15516     45 |        0 |       728      1534 |
|    133516 |    4038   178103 14421847 |    24416    17332     37 |        0 |       941      2355 |
|    200504 |    4038   179407 14443059 |    30405    17309     31 |        0 |      1257      3659 |
|    300237 |    4028   179477 14445509 |    30215    28852     48 |        0 |      1804      4866 |
=====================================================================================================
Number of solutions   : 0           
Canonical subgraphs   : 2144           (9 /sec)
          order  3    : 1              (166667 /sec)
          order  4    : 1              (500000 /sec)
          order  5    : 1              (200000 /sec)
          order  6    : 1              (55556 /sec)
          order  7    : 1              (8696 /sec)
          order  8    : 1              (1003 /sec)
          order  9    : 2              (325 /sec)
          order 10    : 4              (138 /sec)
          order 11    : 11             (80 /sec)
          order 12    : 26             (39 /sec)
          order 13    : 63             (17 /sec)
          order 14    : 53             (13 /sec)
          order 15    : 171            (12 /sec)
          order 16    : 1174           (9 /sec)
          order 17    : 608            (6 /sec)
          order 18    : 19             (8 /sec)
          order 19    : 7              (6 /sec)
          order 20    : 0              (-nan /sec)
          order 21    : 0              (-nan /sec)
          order 22    : 0              (-nan /sec)
Noncanonical subgraphs: 5780           (471 /sec)
          order  3    : 0              (-nan /sec)
          order  4    : 0              (-nan /sec)
          order  5    : 0              (-nan /sec)
          order  6    : 0              (-nan /sec)
          order  7    : 0              (-nan /sec)
          order  8    : 0              (-nan /sec)
          order  9    : 0              (-nan /sec)
          order 10    : 0              (-nan /sec)
          order 11    : 0              (-nan /sec)
          order 12    : 0              (-nan /sec)
          order 13    : 0              (-nan /sec)
          order 14    : 408            (4122 /sec)
          order 15    : 389            (4634 /sec)
          order 16    : 4257           (537 /sec)
          order 17    : 600            (283 /sec)
          order 18    : 125            (63 /sec)
          order 19    : 1              (20 /sec)
          order 20    : 0              (-nan /sec)
          order 21    : 0              (-nan /sec)
Canonicity checking   : 259.926 s
database reductions   : 33
restarts              : 945
conflicts             : 390439         (1015 /sec)
decisions             : 510411         (0.00 % random) (1327 /sec)
propagations          : 69873154       (181648 /sec)
conflict literals     : 26098594       (58.64 % deleted)
actual reward         : 0.062303
Memory used           : 179.00 MB
CPU time              : 384.662 s

UNSATISFIABLE
