
Due to MODULEPATH changes, the following have been reloaded:
  1) mii/1.1.1

The following have been reloaded with a version change:
  1) StdEnv/2020 => StdEnv/2018.3           4) intel/2020.1.217 => intel/2018.3
  2) gcccore/.9.3.0 => gcccore/.7.3.0       5) openmpi/4.0.3 => openmpi/3.1.2
  3) imkl/2020.1.217 => imkl/2018.3.222

+ '[' -z 4662 ']'
+ f=constraints_22_11.simp-noncanon.simp
+ c=22-cubes/30.cubes
+ i=4662
+ s=70
+ adj=22-cubes/30.cubes4662.adj
+ cnf=22-cubes/30.cubes4662.cnf
+ ext=22-cubes/30.cubes4662.ext
+ cnfext=22-cubes/30.cubes4662.cnfext
+ unitlines=0
++ sed '4663q;d' 22-cubes/30.cubes
+ for b in '$(sed "$((i+1))q;d" "$c")'
+ [[ a != \a ]]
+ for b in '$(sed "$((i+1))q;d" "$c")'
+ [[ -92 != \a ]]
+ [[ -92 != \0 ]]
+ unitlines=1
+ for b in '$(sed "$((i+1))q;d" "$c")'
+ [[ -137 != \a ]]
+ [[ -137 != \0 ]]
+ unitlines=2
+ for b in '$(sed "$((i+1))q;d" "$c")'
+ [[ 122 != \a ]]
+ [[ 122 != \0 ]]
+ unitlines=3
+ for b in '$(sed "$((i+1))q;d" "$c")'
+ [[ -80 != \a ]]
+ [[ -80 != \0 ]]
+ unitlines=4
+ for b in '$(sed "$((i+1))q;d" "$c")'
+ [[ -58 != \a ]]
+ [[ -58 != \0 ]]
+ unitlines=5
+ for b in '$(sed "$((i+1))q;d" "$c")'
+ [[ -207 != \a ]]
+ [[ -207 != \0 ]]
+ unitlines=6
+ for b in '$(sed "$((i+1))q;d" "$c")'
+ [[ 154 != \a ]]
+ [[ 154 != \0 ]]
+ unitlines=7
+ for b in '$(sed "$((i+1))q;d" "$c")'
+ [[ -171 != \a ]]
+ [[ -171 != \0 ]]
+ unitlines=8
+ for b in '$(sed "$((i+1))q;d" "$c")'
+ [[ 169 != \a ]]
+ [[ 169 != \0 ]]
+ unitlines=9
+ for b in '$(sed "$((i+1))q;d" "$c")'
+ [[ -170 != \a ]]
+ [[ -170 != \0 ]]
+ unitlines=10
+ for b in '$(sed "$((i+1))q;d" "$c")'
+ [[ -168 != \a ]]
+ [[ -168 != \0 ]]
+ unitlines=11
+ for b in '$(sed "$((i+1))q;d" "$c")'
+ [[ -167 != \a ]]
+ [[ -167 != \0 ]]
+ unitlines=12
+ for b in '$(sed "$((i+1))q;d" "$c")'
+ [[ 107 != \a ]]
+ [[ 107 != \0 ]]
+ unitlines=13
+ for b in '$(sed "$((i+1))q;d" "$c")'
+ [[ -175 != \a ]]
+ [[ -175 != \0 ]]
+ unitlines=14
+ for b in '$(sed "$((i+1))q;d" "$c")'
+ [[ -93 != \a ]]
+ [[ -93 != \0 ]]
+ unitlines=15
+ for b in '$(sed "$((i+1))q;d" "$c")'
+ [[ -27 != \a ]]
+ [[ -27 != \0 ]]
+ unitlines=16
+ for b in '$(sed "$((i+1))q;d" "$c")'
+ [[ -33 != \a ]]
+ [[ -33 != \0 ]]
+ unitlines=17
+ for b in '$(sed "$((i+1))q;d" "$c")'
+ [[ -32 != \a ]]
+ [[ -32 != \0 ]]
+ unitlines=18
+ for b in '$(sed "$((i+1))q;d" "$c")'
+ [[ -151 != \a ]]
+ [[ -151 != \0 ]]
+ unitlines=19
+ for b in '$(sed "$((i+1))q;d" "$c")'
+ [[ -166 != \a ]]
+ [[ -166 != \0 ]]
+ unitlines=20
+ for b in '$(sed "$((i+1))q;d" "$c")'
+ [[ -134 != \a ]]
+ [[ -134 != \0 ]]
+ unitlines=21
+ for b in '$(sed "$((i+1))q;d" "$c")'
+ [[ -133 != \a ]]
+ [[ -133 != \0 ]]
+ unitlines=22
+ for b in '$(sed "$((i+1))q;d" "$c")'
+ [[ -165 != \a ]]
+ [[ -165 != \0 ]]
+ unitlines=23
+ for b in '$(sed "$((i+1))q;d" "$c")'
+ [[ -153 != \a ]]
+ [[ -153 != \0 ]]
+ unitlines=24
+ for b in '$(sed "$((i+1))q;d" "$c")'
+ [[ -164 != \a ]]
+ [[ -164 != \0 ]]
+ unitlines=25
+ for b in '$(sed "$((i+1))q;d" "$c")'
+ [[ -163 != \a ]]
+ [[ -163 != \0 ]]
+ unitlines=26
+ for b in '$(sed "$((i+1))q;d" "$c")'
+ [[ -117 != \a ]]
+ [[ -117 != \0 ]]
+ unitlines=27
+ for b in '$(sed "$((i+1))q;d" "$c")'
+ [[ -147 != \a ]]
+ [[ -147 != \0 ]]
+ unitlines=28
+ for b in '$(sed "$((i+1))q;d" "$c")'
+ [[ 0 != \a ]]
+ [[ 0 != \0 ]]
++ cut '-d ' -f3
++ head -n 1 constraints_22_11.simp-noncanon.simp
+ numvars=6160
++ cut '-d ' -f4
++ head -n 1 constraints_22_11.simp-noncanon.simp
+ numlines=1786659
+ newlines=1786687
+ echo 'p cnf 6160 1786687'
+ tail constraints_22_11.simp-noncanon.simp -n +2
++ sed '4663q;d' 22-cubes/30.cubes
+ for b in '$(sed "$((i+1))q;d" "$c")'
+ [[ a != \a ]]
+ for b in '$(sed "$((i+1))q;d" "$c")'
+ [[ -92 != \a ]]
+ [[ -92 != \0 ]]
+ echo '-92 0'
+ for b in '$(sed "$((i+1))q;d" "$c")'
+ [[ -137 != \a ]]
+ [[ -137 != \0 ]]
+ echo '-137 0'
+ for b in '$(sed "$((i+1))q;d" "$c")'
+ [[ 122 != \a ]]
+ [[ 122 != \0 ]]
+ echo '122 0'
+ for b in '$(sed "$((i+1))q;d" "$c")'
+ [[ -80 != \a ]]
+ [[ -80 != \0 ]]
+ echo '-80 0'
+ for b in '$(sed "$((i+1))q;d" "$c")'
+ [[ -58 != \a ]]
+ [[ -58 != \0 ]]
+ echo '-58 0'
+ for b in '$(sed "$((i+1))q;d" "$c")'
+ [[ -207 != \a ]]
+ [[ -207 != \0 ]]
+ echo '-207 0'
+ for b in '$(sed "$((i+1))q;d" "$c")'
+ [[ 154 != \a ]]
+ [[ 154 != \0 ]]
+ echo '154 0'
+ for b in '$(sed "$((i+1))q;d" "$c")'
+ [[ -171 != \a ]]
+ [[ -171 != \0 ]]
+ echo '-171 0'
+ for b in '$(sed "$((i+1))q;d" "$c")'
+ [[ 169 != \a ]]
+ [[ 169 != \0 ]]
+ echo '169 0'
+ for b in '$(sed "$((i+1))q;d" "$c")'
+ [[ -170 != \a ]]
+ [[ -170 != \0 ]]
+ echo '-170 0'
+ for b in '$(sed "$((i+1))q;d" "$c")'
+ [[ -168 != \a ]]
+ [[ -168 != \0 ]]
+ echo '-168 0'
+ for b in '$(sed "$((i+1))q;d" "$c")'
+ [[ -167 != \a ]]
+ [[ -167 != \0 ]]
+ echo '-167 0'
+ for b in '$(sed "$((i+1))q;d" "$c")'
+ [[ 107 != \a ]]
+ [[ 107 != \0 ]]
+ echo '107 0'
+ for b in '$(sed "$((i+1))q;d" "$c")'
+ [[ -175 != \a ]]
+ [[ -175 != \0 ]]
+ echo '-175 0'
+ for b in '$(sed "$((i+1))q;d" "$c")'
+ [[ -93 != \a ]]
+ [[ -93 != \0 ]]
+ echo '-93 0'
+ for b in '$(sed "$((i+1))q;d" "$c")'
+ [[ -27 != \a ]]
+ [[ -27 != \0 ]]
+ echo '-27 0'
+ for b in '$(sed "$((i+1))q;d" "$c")'
+ [[ -33 != \a ]]
+ [[ -33 != \0 ]]
+ echo '-33 0'
+ for b in '$(sed "$((i+1))q;d" "$c")'
+ [[ -32 != \a ]]
+ [[ -32 != \0 ]]
+ echo '-32 0'
+ for b in '$(sed "$((i+1))q;d" "$c")'
+ [[ -151 != \a ]]
+ [[ -151 != \0 ]]
+ echo '-151 0'
+ for b in '$(sed "$((i+1))q;d" "$c")'
+ [[ -166 != \a ]]
+ [[ -166 != \0 ]]
+ echo '-166 0'
+ for b in '$(sed "$((i+1))q;d" "$c")'
+ [[ -134 != \a ]]
+ [[ -134 != \0 ]]
+ echo '-134 0'
+ for b in '$(sed "$((i+1))q;d" "$c")'
+ [[ -133 != \a ]]
+ [[ -133 != \0 ]]
+ echo '-133 0'
+ for b in '$(sed "$((i+1))q;d" "$c")'
+ [[ -165 != \a ]]
+ [[ -165 != \0 ]]
+ echo '-165 0'
+ for b in '$(sed "$((i+1))q;d" "$c")'
+ [[ -153 != \a ]]
+ [[ -153 != \0 ]]
+ echo '-153 0'
+ for b in '$(sed "$((i+1))q;d" "$c")'
+ [[ -164 != \a ]]
+ [[ -164 != \0 ]]
+ echo '-164 0'
+ for b in '$(sed "$((i+1))q;d" "$c")'
+ [[ -163 != \a ]]
+ [[ -163 != \0 ]]
+ echo '-163 0'
+ for b in '$(sed "$((i+1))q;d" "$c")'
+ [[ -117 != \a ]]
+ [[ -117 != \0 ]]
+ echo '-117 0'
+ for b in '$(sed "$((i+1))q;d" "$c")'
+ [[ -147 != \a ]]
+ [[ -147 != \0 ]]
+ echo '-147 0'
+ for b in '$(sed "$((i+1))q;d" "$c")'
+ [[ 0 != \a ]]
+ [[ 0 != \0 ]]
+ ./simplify-by-var-removal.sh 22-cubes/30.cubes4662.adj 70
+ '[' -z 70 ']'
+ f=22-cubes/30.cubes4662.adj
+ p=70
++ echo 22-cubes
+ sub_dir=22-cubes
+ mkdir -p log/22-cubes
+ mkdir -p simp/22-cubes
+ tee log/22-cubes/30.cubes4662.adj.simp1
+ ./cadical/build/cadical 22-cubes/30.cubes4662.adj -o simp/22-cubes/30.cubes4662.adj.simp1 -e simp/22-cubes/30.cubes4662.adj.ext1 -n -c 200000
c --- [ banner ] -------------------------------------------------------------
c 
c CaDiCaL Radically Simplified CDCL SAT Solver
c Copyright (c) 2016-2021 A. Biere, M. Fleury, N. Froleyks
c 
c Version 1.5.2
c g++ (GCC) 9.3.0 -Wall -Wextra -O3 -DNDEBUG
c Tue Feb 8 21:15:15 EST 2022 Linux gra-login1 3.10.0-1160.36.2.el7.x86_64 x86_64
c 
c --- [ limit ] --------------------------------------------------------------
c 
c setting conflict limit to 200000 conflicts (due to '200000')
c 
c --- [ parsing input ] ------------------------------------------------------
c 
c reading DIMACS file from '22-cubes/30.cubes4662.adj'
c opening file to read '22-cubes/30.cubes4662.adj'
c found 'p cnf 6160 1786687' header
c parsed 1786687 clauses in 18.54 seconds process time
c closing file '22-cubes/30.cubes4662.adj'
c after reading 1542541801 bytes 1471.1 MB
c 
c --- [ options ] ------------------------------------------------------------
c 
c all options are set to their default value
c 
c --- [ solving ] ------------------------------------------------------------
c 
c time measured in process time since initialization
c 
c  seconds    reductions  redundant   irredundant
c          MB     restarts       trail       variables
c            level   conflicts       glue         remaining
c 
c * 18.54 1479  0 0   0    0    0  0% 0 1785954 4501 73%
c { 19.57 1532  0 0   0    0    0  0% 0 1785954 4501 73%
c i 19.65 1532  1 0   0    1    0 39% 0 1785954 4487 73%
c i 22.32 1591 79 0   9   86   60 47% 13 1785954 4486 73%
c i 22.32 1591 77 0   9   88   61 47% 12 1785954 4485 73%
c i 22.33 1591 76 0   9   90   62 47% 12 1785954 4482 73%
c i 26.50 1633 53 0  35  293  176 45% 17 1785954 4477 73%
c - 30.61 1623 53 1  36  300  179 45% 17 695547 4477 73%
c i 31.35 1551 54 1  41  323  199 46% 19 695547 4476 73%
c i 31.76 1552 54 1  46  342  209 45% 19 695547 4475 73%
c } 32.70 1553 30 1  64 1000  283 41% 17 695547 4475 73%
c [ 32.70 1553  0 1  64 1000  283  0% 0 695547 4475 73%
c O 32.70 1553 10 1  64 1004  284 34% 9 695547 4475 73%
c i 32.88 1553  8 1  64 1017  292 34% 6 695547 4470 73%
c i 33.72 1553 27 1  64 1384  597 56% 23 695547 4469 73%
c - 34.84 1782 28 2  64 1406  539 56% 23 695358 4469 73%
c ] 35.13 1782 29 2  64 1509  620 56% 24 695358 4469 73%
c 1 35.14 1782 29 2  64 1509  620 56% 24 695358 4469 73%
c 
c --- [ writing output ] -----------------------------------------------------
c 
c writing simplified CNF to DIMACS file 'simp/22-cubes/30.cubes4662.adj.simp1'
c * 35.14 1782 29 2  64 1509  620 56% 24 695358 4469 73%
c opening file to write 'simp/22-cubes/30.cubes4662.adj.simp1'
c writing 'p cnf 6160 695358' header
c closing file 'simp/22-cubes/30.cubes4662.adj.simp1'
c after writing 337996293 bytes 322.3 MB
c wrote 695358 clauses in 2.56 seconds process time
c 
c --- [ writing extension ] --------------------------------------------------
c 
c writing extension stack to 'simp/22-cubes/30.cubes4662.adj.ext1'
c opening file to write 'simp/22-cubes/30.cubes4662.adj.ext1'
c closing file 'simp/22-cubes/30.cubes4662.adj.ext1'
c after writing 24460 bytes 0.0 MB
c wrote 1691 witnesses in 0.00 seconds process time
c 
c --- [ result ] -------------------------------------------------------------
c 
s SATISFIABLE
c 
c --- [ run-time profiling ] -------------------------------------------------
c 
c process time taken by individual solving procedures
c (percentage relative to process time for solving)
c 
c        18.54  111.77% parse
c        16.59  100.00% search
c        13.13   79.13% unstable
c         2.44   14.68% stable
c         1.03    6.19% lucky
c         0.00    0.00% simplify
c   =================================
c        16.59   44.01% solve
c 
c last line shows process time for solving
c (percentage relative to total process time)
c 
c --- [ statistics ] ---------------------------------------------------------
c 
c chronological:               260        17.23 %  of conflicts
c conflicts:                  1509        90.96    per second
c decisions:                  8051       485.28    per second
c fixed:                      1691        27.45 %  of all variables
c learned:                    1496        99.14 %  per conflict
c learned_lits:             169170       100.00 %  learned literals
c minimized:                     0         0.00 %  learned literals
c shrunken:                  63863        37.75 %  learned literals
c minishrunken:              26062        15.41 %  learned literals
c propagations:             256962         0.02 M  per second
c reduced:                      74         4.90 %  per conflict
c rephased:                      1      1509.00    interval
c restarts:                     64        23.58    interval
c stabilizing:                   1        33.73 %  of conflicts
c subsumed:                    793         0.02 %  of all clauses
c 
c seconds are measured in process time for solving
c 
c --- [ resources ] ----------------------------------------------------------
c 
c total process time since initialization:        37.70    seconds
c total real time since initialization:           37.85    seconds
c maximum resident set size of process:         1847.70    MB
c 
c --- [ shutting down ] ------------------------------------------------------
c 
c exit 10
++ seq 1 100
+ for i in '$(seq 1 100)'
++ sed 's/.$//'
++ rev
++ cut '-d ' -f1
++ rev
++ tail -n 1
++ grep 'c [*]' log/22-cubes/30.cubes4662.adj.simp1
+ vars_remaining=73
+ ((  vars_remaining < 100 - p  ))
+ tee log/22-cubes/30.cubes4662.adj.simp2
+ ./cadical/build/cadical simp/22-cubes/30.cubes4662.adj.simp1 -o simp/22-cubes/30.cubes4662.adj.simp2 -e simp/22-cubes/30.cubes4662.adj.ext2 -n -c 200000
c --- [ banner ] -------------------------------------------------------------
c 
c CaDiCaL Radically Simplified CDCL SAT Solver
c Copyright (c) 2016-2021 A. Biere, M. Fleury, N. Froleyks
c 
c Version 1.5.2
c g++ (GCC) 9.3.0 -Wall -Wextra -O3 -DNDEBUG
c Tue Feb 8 21:15:15 EST 2022 Linux gra-login1 3.10.0-1160.36.2.el7.x86_64 x86_64
c 
c --- [ limit ] --------------------------------------------------------------
c 
c setting conflict limit to 200000 conflicts (due to '200000')
c 
c --- [ parsing input ] ------------------------------------------------------
c 
c reading DIMACS file from 'simp/22-cubes/30.cubes4662.adj.simp1'
c opening file to read 'simp/22-cubes/30.cubes4662.adj.simp1'
c found 'p cnf 6160 695358' header
c parsed 695358 clauses in 3.98 seconds process time
c closing file 'simp/22-cubes/30.cubes4662.adj.simp1'
c after reading 337996293 bytes 322.3 MB
c 
c --- [ options ] ------------------------------------------------------------
c 
c all options are set to their default value
c 
c --- [ solving ] ------------------------------------------------------------
c 
c time measured in process time since initialization
c 
c  seconds   reductions  redundant  irredundant
c          MB    restarts       trail      variables
c           level   conflicts       glue        remaining
c 
c *  3.99 333  0 0   0    0    0  0% 0 695358 4466 72%
c {  4.44 358  0 0   0    0    0  0% 0 695358 4466 72%
c i  4.87 382 86 0   0   15   11 22% 5 695358 4446 72%
c i  5.43 396 87 0   2   54   40 25% 24 695358 4444 72%
c i  5.82 402 86 0   7   87   69 23% 23 695358 4443 72%
c i  5.89 403 92 0   7  100   79 24% 26 695358 4441 72%
c i  6.63 407 66 0  14  267  210 24% 25 695358 4440 72%
c -  7.38 408 64 1  16  300  238 24% 25 695052 4440 72%
c i  7.62 411 55 1  16  366  250 22% 22 695052 4439 72%
c i  7.73 411 63 1  17  381  262 22% 26 695052 4437 72%
c }  8.55 415 99 1  32 1000  473 17% 19 695052 4437 72%
c [  8.55 415  0 1  32 1000  473  0% 0 695052 4437 72%
c O  8.57 415 82 1  32 1002  475  6% 3 695052 4437 72%
c i  9.17 416 43 1  32 1281  715 33% 16 695052 4436 72%
c - 10.12 702 35 2  32 1406  702 33% 16 695040 4436 72%
c i 10.28 702 33 2  32 1471  755 33% 16 695040 4435 72%
c i 10.35 702 31 2  32 1543  815 33% 16 695040 4434 72%
c i 10.80 702 26 2  32 1884 1057 32% 15 695040 4433 72%
c i 10.80 702 26 2  32 1885 1057 32% 15 695040 4432 72%
c i 10.94 702 26 2  32 1973 1115 32% 16 695040 4431 72%
c 
c  seconds   reductions  redundant   irredundant
c          MB    restarts       trail       variables
c           level   conflicts       glue         remaining
c 
c i 11.37 702 26 2  33 2358 1413 32% 18 695040 4430 72%
c ] 11.98 702 24 2  33 3002 1845 31% 17 695040 4430 72%
c { 11.98 702 99 2  33 3002 1845 17% 19 695040 4430 72%
c F 12.85 699 99 2  33 3003 1846  9% 19 695022 4430 72%
c i 13.32 699 97 2  33 3033 1870 23% 18 695022 4429 72%
c - 13.97 698 95 3  33 3063 1524 31% 18 695019 4429 72%
c i 16.05 698 84 3  65 3459 1848 33% 19 695019 4428 72%
c i 16.20 698 84 3  69 3470 1856 33% 19 695019 4427 72%
c i 17.02 698 79 3  83 3671 1957 29% 18 695019 4426 72%
c i 17.15 698 78 3  87 3688 1966 29% 18 695019 4425 72%
c i 21.74 699 75 3 195 4403 2501 28% 22 695019 4424 72%
c i 21.92 699 75 3 198 4415 2510 28% 22 695019 4423 72%
c 3 26.43 698 69 3 275 5002 3854 27% 23 694985 4415 72%
c 2 26.55 698 69 3 275 5002 3954 27% 23 694873 4415 72%
c p 30.56 698 69 3 275 5002 7171 27% 23 694873 4393 71%
c d 31.39 698 69 3 275 5002 7102 27% 23 694771 4391 71%
c - 32.79 692 74 4 278 5273 2000 26% 22 694771 4391 71%
c # 38.10 692 71 4 359 6004 2562 26% 23 694771 4391 71%
c } 45.25 692 71 4 550 7002 3313 27% 25 694771 4391 71%
c [ 45.25 692 24 4 550 7002 3313 43% 17 694771 4391 71%
c 
c  seconds   reductions  redundant   irredundant
c          MB    restarts       trail       variables
c           level   conflicts       glue         remaining
c 
c - 46.13 693 27 5 551 8041 3101 43% 21 694771 4391 71%
c ] 46.44 693 27 5 551 8533 3417 43% 21 694771 4391 71%
c 1 46.44 693 27 5 551 8533 3417 43% 21 694771 4391 71%
c 
c --- [ writing output ] -----------------------------------------------------
c 
c writing simplified CNF to DIMACS file 'simp/22-cubes/30.cubes4662.adj.simp2'
c * 46.44 693 27 5 551 8533 3417 43% 21 694771 4391 71%
c opening file to write 'simp/22-cubes/30.cubes4662.adj.simp2'
c writing 'p cnf 6160 694771' header
c closing file 'simp/22-cubes/30.cubes4662.adj.simp2'
c after writing 315551849 bytes 300.9 MB
c wrote 694771 clauses in 2.34 seconds process time
c 
c --- [ writing extension ] --------------------------------------------------
c 
c writing extension stack to 'simp/22-cubes/30.cubes4662.adj.ext2'
c opening file to write 'simp/22-cubes/30.cubes4662.adj.ext2'
c closing file 'simp/22-cubes/30.cubes4662.adj.ext2'
c after writing 1350 bytes 0.0 MB
c wrote 85 witnesses in 0.00 seconds process time
c 
c --- [ result ] -------------------------------------------------------------
c 
s SATISFIABLE
c 
c --- [ run-time profiling ] -------------------------------------------------
c 
c process time taken by individual solving procedures
c (percentage relative to process time for solving)
c 
c        36.32   85.55% search
c        31.24   73.58% unstable
c         6.14   14.45% simplify
c         4.63   10.90% stable
c         4.01    9.45% probe
c         3.98    9.39% parse
c         0.45    1.06% lucky
c         0.09    0.21% ternary
c   =================================
c        42.46   87.04% solve
c 
c last line shows process time for solving
c (percentage relative to total process time)
c 
c --- [ statistics ] ---------------------------------------------------------
c 
c chronological:              1948        22.83 %  of conflicts
c conflicts:                  8533       200.98    per second
c decisions:                 59930      1411.52    per second
c fixed:                        65         1.06 %  of all variables
c learned:                    8365        98.03 %  per conflict
c learned_lits:            1252091       100.00 %  learned literals
c minimized:                     0         0.00 %  learned literals
c shrunken:                 550106        43.93 %  learned literals
c minishrunken:             177555        14.18 %  learned literals
c propagations:            2131585         0.05 M  per second
c reduced:                    2361        27.67 %  per conflict
c rephased:                      3      2844.33    interval
c restarts:                    551        15.49    interval
c stabilizing:                   2        41.40 %  of conflicts
c substituted:                  10         0.16 %  of all variables
c subsumed:                   2675         0.17 %  of all clauses
c ternary:                    1135         0.24 %  of resolved
c weakened:                     20         2.00    average size
c 
c seconds are measured in process time for solving
c 
c --- [ resources ] ----------------------------------------------------------
c 
c total process time since initialization:        48.78    seconds
c total real time since initialization:           49.14    seconds
c maximum resident set size of process:          983.92    MB
c 
c --- [ shutting down ] ------------------------------------------------------
c 
c exit 10
+ for i in '$(seq 1 100)'
++ sed 's/.$//'
++ rev
++ cut '-d ' -f1
++ rev
++ tail -n 1
++ grep 'c [*]' log/22-cubes/30.cubes4662.adj.simp2
+ vars_remaining=71
+ ((  vars_remaining < 100 - p  ))
+ tee log/22-cubes/30.cubes4662.adj.simp3
+ ./cadical/build/cadical simp/22-cubes/30.cubes4662.adj.simp2 -o simp/22-cubes/30.cubes4662.adj.simp3 -e simp/22-cubes/30.cubes4662.adj.ext3 -n -c 200000
c --- [ banner ] -------------------------------------------------------------
c 
c CaDiCaL Radically Simplified CDCL SAT Solver
c Copyright (c) 2016-2021 A. Biere, M. Fleury, N. Froleyks
c 
c Version 1.5.2
c g++ (GCC) 9.3.0 -Wall -Wextra -O3 -DNDEBUG
c Tue Feb 8 21:15:15 EST 2022 Linux gra-login1 3.10.0-1160.36.2.el7.x86_64 x86_64
c 
c --- [ limit ] --------------------------------------------------------------
c 
c setting conflict limit to 200000 conflicts (due to '200000')
c 
c --- [ parsing input ] ------------------------------------------------------
c 
c reading DIMACS file from 'simp/22-cubes/30.cubes4662.adj.simp2'
c opening file to read 'simp/22-cubes/30.cubes4662.adj.simp2'
c found 'p cnf 6160 694771' header
c parsed 694771 clauses in 3.80 seconds process time
c closing file 'simp/22-cubes/30.cubes4662.adj.simp2'
c after reading 315551849 bytes 300.9 MB
c 
c --- [ options ] ------------------------------------------------------------
c 
c all options are set to their default value
c 
c --- [ solving ] ------------------------------------------------------------
c 
c time measured in process time since initialization
c 
c  seconds   reductions  redundant  irredundant
c          MB    restarts       trail      variables
c           level   conflicts       glue        remaining
c 
c *  3.80 316  0 0   0    0    0  0% 0 694771 4391 71%
c {  4.40 349  0 0   0    0    0  0% 0 694771 4391 71%
c -  5.92 384 30 1  11  301  136 16% 17 694771 4391 71%
c } 12.59 435 42 1 101 1000  581 17% 18 694771 4391 71%
c [ 12.59 435  0 1 101 1000  581  0% 0 694771 4391 71%
c O 12.61 435 64 1 101 1002  583 12% 31 694771 4391 71%
c - 14.14 718 34 2 101 1411  831 26% 28 694771 4391 71%
c ] 15.39 692 30 2 102 3001 1973 27% 25 694771 4391 71%
c { 15.39 692 42 2 102 3001 1973 17% 18 694771 4391 71%
c F 15.82 641 42 2 102 3005 1977  5% 18 694771 4391 71%
c - 16.49 641 39 3 102 3068 1596 25% 17 694771 4391 71%
c 3 25.82 641 41 3 326 5000 3644 26% 21 694771 4391 71%
c 2 25.93 641 41 3 326 5000 3731 26% 21 694768 4391 71%
c p 27.17 641 41 3 326 5000 6691 26% 21 694768 4391 71%
c - 27.97 641 40 4 331 5278 1883 25% 21 694768 4391 71%
c # 30.94 641 51 4 407 6008 2223 24% 22 694768 4391 71%
c } 38.22 641 54 4 521 7001 2901 25% 23 694768 4391 71%
c [ 38.22 641 30 4 521 7001 2901 38% 25 694768 4391 71%
c ] 40.71 641 26 4 522 7979 3607 37% 22 694768 4391 71%
c 1 40.71 641 26 4 522 7979 3607 37% 22 694768 4391 71%
c 
c --- [ writing output ] -----------------------------------------------------
c 
c writing simplified CNF to DIMACS file 'simp/22-cubes/30.cubes4662.adj.simp3'
c 
c  seconds   reductions  redundant   irredundant
c          MB    restarts       trail       variables
c           level   conflicts       glue         remaining
c 
c * 40.71 641 26 4 522 7979 3607 37% 22 694768 4391 71%
c opening file to write 'simp/22-cubes/30.cubes4662.adj.simp3'
c writing 'p cnf 6160 694768' header
c closing file 'simp/22-cubes/30.cubes4662.adj.simp3'
c after writing 315551778 bytes 300.9 MB
c wrote 694768 clauses in 2.32 seconds process time
c 
c --- [ writing extension ] --------------------------------------------------
c 
c writing extension stack to 'simp/22-cubes/30.cubes4662.adj.ext3'
c opening file to write 'simp/22-cubes/30.cubes4662.adj.ext3'
c closing file 'simp/22-cubes/30.cubes4662.adj.ext3'
c after writing 0 bytes 0.0 MB
c wrote 0 witnesses in 0.00 seconds process time
c 
c --- [ result ] -------------------------------------------------------------
c 
s SATISFIABLE
c 
c --- [ run-time profiling ] -------------------------------------------------
c 
c process time taken by individual solving procedures
c (percentage relative to process time for solving)
c 
c        35.46   96.05% search
c        29.55   80.07% unstable
c         5.30   14.35% stable
c         3.80   10.29% parse
c         1.46    3.95% simplify
c         1.23    3.34% probe
c         0.60    1.64% lucky
c         0.08    0.22% ternary
c   =================================
c        36.91   85.77% solve
c 
c last line shows process time for solving
c (percentage relative to total process time)
c 
c --- [ statistics ] ---------------------------------------------------------
c 
c chronological:              1745        21.87 %  of conflicts
c conflicts:                  7979       216.15    per second
c decisions:                 51372      1391.69    per second
c learned:                    7819        97.99 %  per conflict
c learned_lits:            1034243       100.00 %  learned literals
c minimized:                     0         0.00 %  learned literals
c shrunken:                 450845        43.59 %  learned literals
c minishrunken:             131553        12.72 %  learned literals
c propagations:            1766326         0.05 M  per second
c reduced:                    1477        18.51 %  per conflict
c rephased:                      3      2659.67    interval
c restarts:                    522        15.29    interval
c stabilizing:                   2        37.34 %  of conflicts
c subsumed:                   2770         0.20 %  of all clauses
c ternary:                     963         0.22 %  of resolved
c 
c seconds are measured in process time for solving
c 
c --- [ resources ] ----------------------------------------------------------
c 
c total process time since initialization:        43.04    seconds
c total real time since initialization:           43.22    seconds
c maximum resident set size of process:          969.77    MB
c 
c --- [ shutting down ] ------------------------------------------------------
c 
c exit 10
+ for i in '$(seq 1 100)'
++ sed 's/.$//'
++ rev
++ cut '-d ' -f1
++ rev
++ tail -n 1
++ grep 'c [*]' log/22-cubes/30.cubes4662.adj.simp3
+ vars_remaining=71
+ ((  vars_remaining < 100 - p  ))
+ tee log/22-cubes/30.cubes4662.adj.simp4
+ ./cadical/build/cadical simp/22-cubes/30.cubes4662.adj.simp3 -o simp/22-cubes/30.cubes4662.adj.simp4 -e simp/22-cubes/30.cubes4662.adj.ext4 -n -c 200000
c --- [ banner ] -------------------------------------------------------------
c 
c CaDiCaL Radically Simplified CDCL SAT Solver
c Copyright (c) 2016-2021 A. Biere, M. Fleury, N. Froleyks
c 
c Version 1.5.2
c g++ (GCC) 9.3.0 -Wall -Wextra -O3 -DNDEBUG
c Tue Feb 8 21:15:15 EST 2022 Linux gra-login1 3.10.0-1160.36.2.el7.x86_64 x86_64
c 
c --- [ limit ] --------------------------------------------------------------
c 
c setting conflict limit to 200000 conflicts (due to '200000')
c 
c --- [ parsing input ] ------------------------------------------------------
c 
c reading DIMACS file from 'simp/22-cubes/30.cubes4662.adj.simp3'
c opening file to read 'simp/22-cubes/30.cubes4662.adj.simp3'
c found 'p cnf 6160 694768' header
c parsed 694768 clauses in 3.83 seconds process time
c closing file 'simp/22-cubes/30.cubes4662.adj.simp3'
c after reading 315551778 bytes 300.9 MB
c 
c --- [ options ] ------------------------------------------------------------
c 
c all options are set to their default value
c 
c --- [ solving ] ------------------------------------------------------------
c 
c time measured in process time since initialization
c 
c  seconds   reductions  redundant  irredundant
c          MB    restarts       trail      variables
c           level   conflicts       glue        remaining
c 
c *  3.83 315  0 0   0    0    0  0% 0 694768 4391 71%
c {  4.31 339  0 0   0    0    0  0% 0 694768 4391 71%
c -  6.76 395 74 1  25  300  173 18% 15 694768 4391 71%
c }  8.82 397 39 1  57 1001  474 14% 15 694768 4391 71%
c [  8.82 397  0 1  57 1001  474  0% 0 694768 4391 71%
c O  8.82 397 45 1  57 1002  475  2% 1 694768 4391 71%
c - 10.32 676 61 2  57 1405  772 29% 18 694768 4391 71%
c ] 11.74 677 55 2  58 2447 1617 40% 24 694768 4391 71%
c 1 11.74 677 55 2  58 2447 1617 40% 24 694768 4391 71%
c 
c --- [ writing output ] -----------------------------------------------------
c 
c writing simplified CNF to DIMACS file 'simp/22-cubes/30.cubes4662.adj.simp4'
c * 11.74 677 55 2  58 2447 1617 40% 24 694768 4391 71%
c opening file to write 'simp/22-cubes/30.cubes4662.adj.simp4'
c writing 'p cnf 6160 694768' header
c closing file 'simp/22-cubes/30.cubes4662.adj.simp4'
c after writing 315551778 bytes 300.9 MB
c wrote 694768 clauses in 2.32 seconds process time
c 
c --- [ writing extension ] --------------------------------------------------
c 
c writing extension stack to 'simp/22-cubes/30.cubes4662.adj.ext4'
c opening file to write 'simp/22-cubes/30.cubes4662.adj.ext4'
c closing file 'simp/22-cubes/30.cubes4662.adj.ext4'
c after writing 0 bytes 0.0 MB
c wrote 0 witnesses in 0.00 seconds process time
c 
c --- [ result ] -------------------------------------------------------------
c 
s SATISFIABLE
c 
c --- [ run-time profiling ] -------------------------------------------------
c 
c process time taken by individual solving procedures
c (percentage relative to process time for solving)
c 
c         7.91  100.00% search
c         4.51   56.98% unstable
c         3.83   48.43% parse
c         2.92   36.93% stable
c         0.48    6.09% lucky
c         0.00    0.00% simplify
c   =================================
c         7.91   56.24% solve
c 
c last line shows process time for solving
c (percentage relative to total process time)
c 
c --- [ statistics ] ---------------------------------------------------------
c 
c chronological:               407        16.63 %  of conflicts
c conflicts:                  2447       309.40    per second
c decisions:                  9364      1183.98    per second
c learned:                    2429        99.26 %  per conflict
c learned_lits:             399059       100.00 %  learned literals
c minimized:                     0         0.00 %  learned literals
c shrunken:                 137673        34.50 %  learned literals
c minishrunken:              85239        21.36 %  learned literals
c propagations:             455785         0.06 M  per second
c reduced:                      59         2.41 %  per conflict
c rephased:                      1      2447.00    interval
c restarts:                     58        42.19    interval
c stabilizing:                   1        59.09 %  of conflicts
c subsumed:                    753         0.05 %  of all clauses
c 
c seconds are measured in process time for solving
c 
c --- [ resources ] ----------------------------------------------------------
c 
c total process time since initialization:        14.06    seconds
c total real time since initialization:           14.25    seconds
c maximum resident set size of process:          952.50    MB
c 
c --- [ shutting down ] ------------------------------------------------------
c 
c exit 10
+ for i in '$(seq 1 100)'
++ sed 's/.$//'
++ rev
++ cut '-d ' -f1
++ rev
++ tail -n 1
++ grep 'c [*]' log/22-cubes/30.cubes4662.adj.simp4
+ vars_remaining=71
+ ((  vars_remaining < 100 - p  ))
+ tee log/22-cubes/30.cubes4662.adj.simp5
+ ./cadical/build/cadical simp/22-cubes/30.cubes4662.adj.simp4 -o simp/22-cubes/30.cubes4662.adj.simp5 -e simp/22-cubes/30.cubes4662.adj.ext5 -n -c 200000
c --- [ banner ] -------------------------------------------------------------
c 
c CaDiCaL Radically Simplified CDCL SAT Solver
c Copyright (c) 2016-2021 A. Biere, M. Fleury, N. Froleyks
c 
c Version 1.5.2
c g++ (GCC) 9.3.0 -Wall -Wextra -O3 -DNDEBUG
c Tue Feb 8 21:15:15 EST 2022 Linux gra-login1 3.10.0-1160.36.2.el7.x86_64 x86_64
c 
c --- [ limit ] --------------------------------------------------------------
c 
c setting conflict limit to 200000 conflicts (due to '200000')
c 
c --- [ parsing input ] ------------------------------------------------------
c 
c reading DIMACS file from 'simp/22-cubes/30.cubes4662.adj.simp4'
c opening file to read 'simp/22-cubes/30.cubes4662.adj.simp4'
c found 'p cnf 6160 694768' header
c parsed 694768 clauses in 3.76 seconds process time
c closing file 'simp/22-cubes/30.cubes4662.adj.simp4'
c after reading 315551778 bytes 300.9 MB
c 
c --- [ options ] ------------------------------------------------------------
c 
c all options are set to their default value
c 
c --- [ solving ] ------------------------------------------------------------
c 
c time measured in process time since initialization
c 
c  seconds   reductions  redundant  irredundant
c          MB    restarts       trail      variables
c           level   conflicts       glue        remaining
c 
c *  3.76 316  0 0   0    0    0  0% 0 694768 4391 71%
c {  4.27 346  0 0   0    0    0  0% 0 694768 4391 71%
c -  7.49 410 75 1  31  303  213 19% 23 694768 4391 71%
c } 13.98 437 68 1 110 1000  654 18% 26 694768 4391 71%
c [ 13.98 437  0 1 110 1000  654  0% 0 694768 4391 71%
c O 13.98 437 168 1 110 1005  657 13% 11 694768 4391 71%
c - 15.53 717 29 2 110 1409  864 28% 21 694768 4391 71%
c ] 16.91 705 24 2 111 3000 2011 28% 20 694768 4391 71%
c { 16.91 705 68 2 111 3000 2011 18% 26 694768 4391 71%
c F 17.38 692 68 2 111 3007 2017  3% 25 694768 4391 71%
c - 18.18 692 66 3 111 3066 1615 25% 25 694768 4391 71%
c 3 25.41 692 49 3 274 5000 3668 27% 23 694768 4391 71%
c p 26.64 692 49 3 274 5000 6777 27% 23 694768 4391 71%
c - 27.33 652 46 4 274 5279 1815 25% 22 694768 4391 71%
c # 32.96 652 48 4 411 6008 2301 26% 24 694768 4391 71%
c } 34.16 652 43 4 413 7005 2935 29% 21 694768 4391 71%
c [ 34.16 652 24 4 413 7005 2935 40% 20 694768 4391 71%
c - 35.84 652 23 5 414 8042 2837 39% 19 694768 4391 71%
c I 37.41 652 23 5 415 10012 4213 40% 19 694768 4391 71%
c - 41.08 653 25 6 417 11357 3843 39% 21 694768 4391 71%
c 
c  seconds   reductions   redundant   irredundant
c          MB    restarts        trail       variables
c           level    conflicts       glue         remaining
c 
c s 45.16 653 30 6 418 14612 6289 39% 25 690912 4391 71%
c v 60.94 653 30 6 418 14612 6289 39% 25 690592 4391 71%
c t 61.26 653 30 6 418 14612 6285 39% 25 690423 4391 71%
c e 63.36 655 30 6 418 14612 5997 39% 25 682358 1183 19%
c s 63.56 655 30 6 418 14612 5995 39% 25 682113 1183 19%
c p 66.92 627 30 6 418 15002 7525 66% 25 682113 1183 19%
c ] 67.03 627 30 6 418 15006 7529 66% 25 682113 1183 19%
c { 67.03 627 43 6 418 15006 7529 106% 21 682113 1183 19%
c B 67.03 627 43 6 418 15013 7535 106% 21 682113 1183 19%
c - 68.78 627 44 7 451 15225 4881 103% 22 682113 1183 19%
c - 102.95 627 47 8 967 19631 5296 79% 25 682113 1183 19%
c W 104.64 627 43 8 967 21014 6402 77% 23 682113 1183 19%
c - 118.55 627 44 9 1307 24582 6434 72% 24 682113 1183 19%
c F 137.45 627 47 9 1769 28019 8963 68% 26 682113 1183 19%
c p 144.84 627 47 9 1951 30002 12904 67% 26 682113 1183 19%
c - 145.44 627 47 10 1951 30083 7480 67% 26 682113 1183 19%
c } 146.36 627 46 10 1954 31011 8108 67% 26 682113 1183 19%
c [ 146.36 627 30 10 1954 31011 8108 66% 25 682113 1183 19%
c B 150.04 627 26 10 1957 36021 11043 67% 23 682113 1183 19%
c - 150.39 626 26 11 1957 36135 7480 67% 23 682113 1183 19%
c 
c  seconds    reductions     redundant   irredundant
c           MB     restarts         trail       variables
c            level      conflicts       glue         remaining
c 
c - 153.71 628 24 12 1961 42737 8566 68% 20 682113 1183 19%
c W 156.62 628 23 12 1961 45023 10216 68% 20 682113 1183 19%
c - 159.36 628 23 13 1962 49889 9335 68% 20 682113 1183 19%
c p 160.39 628 23 13 1962 50004 11708 68% 20 682113 1183 19%
c O 164.18 628 26 13 1963 55025 15378 68% 22 682113 1183 19%
c - 165.70 629 26 14 1965 57592 10452 68% 22 682113 1183 19%
c ] 167.59 629 26 14 1968 60790 12847 68% 22 682113 1183 19%
c 1 167.59 629 26 14 1968 60790 12847 68% 22 682113 1183 19%
c 
c --- [ writing output ] -----------------------------------------------------
c 
c writing simplified CNF to DIMACS file 'simp/22-cubes/30.cubes4662.adj.simp5'
c * 167.59 629 26 14 1968 60790 12847 68% 22 682113 1183 19%
c opening file to write 'simp/22-cubes/30.cubes4662.adj.simp5'
c writing 'p cnf 6160 682113' header
c closing file 'simp/22-cubes/30.cubes4662.adj.simp5'
c after writing 315066059 bytes 300.5 MB
c wrote 682113 clauses in 2.43 seconds process time
c 
c --- [ writing extension ] --------------------------------------------------
c 
c writing extension stack to 'simp/22-cubes/30.cubes4662.adj.ext5'
c opening file to write 'simp/22-cubes/30.cubes4662.adj.ext5'
c closing file 'simp/22-cubes/30.cubes4662.adj.ext5'
c after writing 230950 bytes 0.2 MB
c wrote 9037 witnesses in 0.00 seconds process time
c 
c --- [ result ] -------------------------------------------------------------
c 
s SATISFIABLE
c 
c --- [ run-time profiling ] -------------------------------------------------
c 
c process time taken by individual solving procedures
c (percentage relative to process time for solving)
c 
c       139.93   85.41% search
c       103.15   62.96% unstable
c        34.09   20.81% stable
c        23.90   14.59% simplify
c        16.02    9.78% vivify
c         3.76    2.29% parse
c         3.54    2.16% probe
c         3.20    1.95% elim
c         2.17    1.33% walk
c         0.52    0.32% lucky
c         0.40    0.25% subsume
c         0.29    0.17% ternary
c   =================================
c       163.83   96.36% solve
c 
c last line shows process time for solving
c (percentage relative to total process time)
c 
c --- [ statistics ] ---------------------------------------------------------
c 
c chronological:             10345        17.02 %  of conflicts
c conflicts:                 60790       371.05    per second
c decisions:                211802      1292.81    per second
c eliminated:                 3208        52.08 %  of all variables
c learned:                   59684        98.18 %  per conflict
c learned_lits:           12912820       100.00 %  learned literals
c minimized:                     0         0.00 %  learned literals
c shrunken:                6097893        47.22 %  learned literals
c minishrunken:            1911863        14.81 %  learned literals
c propagations:            6740082         0.04 M  per second
c reduced:                   30564        50.28 %  per conflict
c rephased:                     10      6079.00    interval
c restarts:                   1968        30.89    interval
c stabilizing:                   3        65.44 %  of conflicts
c subsumed:                  21403         1.40 %  of all clauses
c strengthened:              21642         1.41 %  of all clauses
c ternary:                    2533         0.40 %  of resolved
c vivified:                    323         0.02 %  of all clauses
c walked:                        2     30395.00    interval
c weakened:                   9037         3.29    average size
c 
c seconds are measured in process time for solving
c 
c --- [ resources ] ----------------------------------------------------------
c 
c total process time since initialization:       170.02    seconds
c total real time since initialization:          170.85    seconds
c maximum resident set size of process:         1080.29    MB
c 
c --- [ shutting down ] ------------------------------------------------------
c 
c exit 10
+ for i in '$(seq 1 100)'
++ sed 's/.$//'
++ rev
++ cut '-d ' -f1
++ rev
++ tail -n 1
++ grep 'c [*]' log/22-cubes/30.cubes4662.adj.simp5
+ vars_remaining=19
+ ((  vars_remaining < 100 - p  ))
+ break
++ cut '-d ' -f3
++ head -n 1 simp/22-cubes/30.cubes4662.adj.simp5
+ numvars=6160
++ cut '-d ' -f4
++ head -n 1 simp/22-cubes/30.cubes4662.adj.simp5
+ numlines=682113
+ extlines_total=0
++ seq 1 5
+ for j in '$(seq 1 "$i")'
++ cut '-d ' -f1
++ wc -l simp/22-cubes/30.cubes4662.adj.ext1
+ extlines_j=1691
+ extlines_total=1691
+ for j in '$(seq 1 "$i")'
++ cut '-d ' -f1
++ wc -l simp/22-cubes/30.cubes4662.adj.ext2
+ extlines_j=85
+ extlines_total=1776
+ for j in '$(seq 1 "$i")'
++ cut '-d ' -f1
++ wc -l simp/22-cubes/30.cubes4662.adj.ext3
+ extlines_j=0
+ extlines_total=1776
+ for j in '$(seq 1 "$i")'
++ cut '-d ' -f1
++ wc -l simp/22-cubes/30.cubes4662.adj.ext4
+ extlines_j=0
+ extlines_total=1776
+ for j in '$(seq 1 "$i")'
++ cut '-d ' -f1
++ wc -l simp/22-cubes/30.cubes4662.adj.ext5
+ extlines_j=9037
+ extlines_total=10813
+ newlines=692926
+ echo 'p cnf 6160 692926'
+ tail simp/22-cubes/30.cubes4662.adj.simp5 -n +2
++ seq 1 5
+ for j in '$(seq 1 "$i")'
+ cat simp/22-cubes/30.cubes4662.adj.ext1
+ for j in '$(seq 1 "$i")'
+ cat simp/22-cubes/30.cubes4662.adj.ext2
+ for j in '$(seq 1 "$i")'
+ cat simp/22-cubes/30.cubes4662.adj.ext3
+ for j in '$(seq 1 "$i")'
+ cat simp/22-cubes/30.cubes4662.adj.ext4
+ for j in '$(seq 1 "$i")'
+ cat simp/22-cubes/30.cubes4662.adj.ext5
+ sed -i 's/ 0.*/ 0/' 22-cubes/30.cubes4662.adj.simp
============================[ Problem Statistics ]=============================
|                                                                             |
|  Number of variables:          6160                                         |
|  Number of clauses:          691170                                         |
|  Parse time:                   4.97 s                                       |
|  Simplification time:          0.12 s                                       |
|                                                                             |
============================[ Search Statistics ]====================================================
| Conflicts |          ORIGINAL         |          LEARNT          | Num Sols |      SUBGRAPHS      |
|           |    Vars  Clauses Literals |    Limit  Clauses Lit/Cl |          | Canonical Noncanon. |
=====================================================================================================
|       100 |    4404   691170 69037717 |     2000      100    157 |        0 |        13         0 |
|       250 |    4404   691170 69037717 |     2000      250    130 |        0 |        20         0 |
|       521 |    4404   691216 69038740 |     2000      521    114 |        0 |        37        46 |
|      1146 |    4404   691504 69045037 |     2000     1146     62 |        0 |       234       334 |
|      2423 |    4404   692275 69063446 |     3602     1425     38 |        0 |       460      1105 |
|      3208 |    4404   692301 69064090 |     3602     2210     63 |        0 |       476      1131 |
|      4434 |    4404   692388 69066638 |     3602     3436     74 |        0 |       548      1218 |
|      6398 |    4404   692644 69072053 |     5001     3599     54 |        0 |       646      1474 |
|      9188 |    4404   692872 69078963 |     6302     3890     52 |        0 |       738      1702 |
|     13533 |    4404   693373 69090409 |     7552     5085     49 |        0 |       854      2203 |
|     20404 |    4404   694478 69118353 |     8781     8185     71 |        0 |      1115      3308 |
|     29811 |    4404   695236 69135290 |    11198     8209     67 |        0 |      1324      4066 |
|     43022 |    4404   695473 69141164 |    13606     9628     57 |        0 |      1459      4303 |
|     63673 |    4404   696663 69170523 |    17209     8082     22 |        0 |      1968      5493 |
|     94604 |    4404   698402 69210902 |    20810    11414     44 |        0 |      2650      7232 |
|    139930 |    4404   699939 69244005 |    24415    23745     90 |        0 |      3135      8769 |
|    206498 |    4404   700823 69264606 |    30417    23315     73 |        0 |      3570      9653 |
|    305845 |    4404   701644 69283568 |    37624    22469     55 |        0 |      3926     10474 |
|    454663 |    4404   702673 69315358 |    46013    27076     63 |        0 |      4909     11503 |
|    677116 |    4404   703443 69343643 |    55620    48736     89 |        0 |      5594     12273 |
|   1011521 |    4404   705323 69387449 |    68805    44326     68 |        0 |      6439     14153 |
|   1512863 |    4404   707877 69444720 |    84416    51679     62 |        0 |      7444     16707 |
|   2265620 |    4404   712452 69549028 |   103619    57239     48 |        0 |      9263     21282 |
|   3391646 |    4404   716204 69662062 |   126418    96464     71 |        0 |     11517     25034 |
|   5081828 |    4404   722975 69870850 |   155228   104256     66 |        0 |     14707     31805 |
|   7621581 |    4404   737612 70303690 |   190029   150010     74 |        0 |     24104     46442 |
|  11434359 |    4404   762715 70950025 |   233226   164785     63 |        0 |     33048     71545 |
|  17188232 |    4404   835076 72860159 |   286030   220662     78 |        0 |     43070    143906 |
|  25761665 |    4404   886240 74241340 |   350823   213488     54 |        7 |     61846    195063 |
|  38626438 |    4404   967610 76334960 |   430029   214867     32 |        8 |     89194    276432 |
|  57890400 |    4404  1056467 78662032 |   526021   382821     58 |       17 |    113301    365280 |
|  86870892 |    4404  1274301 83967061 |   644837   415729     52 |       31 |    165672    583100 |
| 130315770 |    4404  1575191 92175307 |   790033   494203     49 |       31 |    212409    883990 |
| 195370884 |    4404  1914323 101000766 |   967635   562519     47 |       33 |    296190   1223120 |
| 293538017 |    4392  1781580 96560246 |  1185200   794617     55 |       34 |    407858   2316279 |
=====================================================================================================
Number of solutions   : 34          
Canonical subgraphs   : 466744         (14 /sec)
          order  3    : 1              (166667 /sec)
          order  4    : 1              (333333 /sec)
          order  5    : 1              (200000 /sec)
          order  6    : 1              (45455 /sec)
          order  7    : 1              (7353 /sec)
          order  8    : 2              (1157 /sec)
          order  9    : 7              (302 /sec)
          order 10    : 30             (94 /sec)
          order 11    : 157            (30 /sec)
          order 12    : 1164           (13 /sec)
          order 13    : 6471           (7 /sec)
          order 14    : 54961          (12 /sec)
          order 15    : 285874         (14 /sec)
          order 16    : 84474          (17 /sec)
          order 17    : 15976          (15 /sec)
          order 18    : 4660           (12 /sec)
          order 19    : 4191           (11 /sec)
          order 20    : 4045           (11 /sec)
          order 21    : 4693           (11 /sec)
          order 22    : 34             (0 /sec)
Noncanonical subgraphs: 2999832        (146 /sec)
          order  3    : 0              (-nan /sec)
          order  4    : 0              (-nan /sec)
          order  5    : 0              (-nan /sec)
          order  6    : 0              (-nan /sec)
          order  7    : 0              (-nan /sec)
          order  8    : 0              (-nan /sec)
          order  9    : 0              (-nan /sec)
          order 10    : 0              (-nan /sec)
          order 11    : 0              (-nan /sec)
          order 12    : 0              (-nan /sec)
          order 13    : 0              (-nan /sec)
          order 14    : 234902         (954 /sec)
          order 15    : 606420         (765 /sec)
          order 16    : 2138140        (113 /sec)
          order 17    : 12878          (96 /sec)
          order 18    : 2093           (50 /sec)
          order 19    : 23             (17 /sec)
          order 20    : 20             (50 /sec)
          order 21    : 10             (34 /sec)
Canonicity checking   : 53630.4 s
database reductions   : 1040
restarts              : 380861
conflicts             : 326857731      (679 /sec)
decisions             : 394561721      (0.00 % random) (820 /sec)
propagations          : 69596310308    (144656 /sec)
conflict literals     : 40618152523    (57.32 % deleted)
actual reward         : 0.057045
Memory used           : 2247.00 MB
CPU time              : 481118 s

UNSATISFIABLE
