+ '[' -z 1281 ']'
+ f=constraints_22_11.simp-noncanon.simp
+ c=22-cubes/30.cubes
+ i=1281
+ s=70
+ adj=22-cubes/30.cubes1281.adj
+ cnf=22-cubes/30.cubes1281.cnf
+ ext=22-cubes/30.cubes1281.ext
+ cnfext=22-cubes/30.cubes1281.cnfext
+ unitlines=0
++ sed '1282q;d' 22-cubes/30.cubes
+ for b in '$(sed "$((i+1))q;d" "$c")'
+ [[ a != \a ]]
+ for b in '$(sed "$((i+1))q;d" "$c")'
+ [[ -92 != \a ]]
+ [[ -92 != \0 ]]
+ unitlines=1
+ for b in '$(sed "$((i+1))q;d" "$c")'
+ [[ 137 != \a ]]
+ [[ 137 != \0 ]]
+ unitlines=2
+ for b in '$(sed "$((i+1))q;d" "$c")'
+ [[ -121 != \a ]]
+ [[ -121 != \0 ]]
+ unitlines=3
+ for b in '$(sed "$((i+1))q;d" "$c")'
+ [[ -68 != \a ]]
+ [[ -68 != \0 ]]
+ unitlines=4
+ for b in '$(sed "$((i+1))q;d" "$c")'
+ [[ -158 != \a ]]
+ [[ -158 != \0 ]]
+ unitlines=5
+ for b in '$(sed "$((i+1))q;d" "$c")'
+ [[ -25 != \a ]]
+ [[ -25 != \0 ]]
+ unitlines=6
+ for b in '$(sed "$((i+1))q;d" "$c")'
+ [[ -153 != \a ]]
+ [[ -153 != \0 ]]
+ unitlines=7
+ for b in '$(sed "$((i+1))q;d" "$c")'
+ [[ -169 != \a ]]
+ [[ -169 != \0 ]]
+ unitlines=8
+ for b in '$(sed "$((i+1))q;d" "$c")'
+ [[ 168 != \a ]]
+ [[ 168 != \0 ]]
+ unitlines=9
+ for b in '$(sed "$((i+1))q;d" "$c")'
+ [[ -170 != \a ]]
+ [[ -170 != \0 ]]
+ unitlines=10
+ for b in '$(sed "$((i+1))q;d" "$c")'
+ [[ -171 != \a ]]
+ [[ -171 != \0 ]]
+ unitlines=11
+ for b in '$(sed "$((i+1))q;d" "$c")'
+ [[ -167 != \a ]]
+ [[ -167 != \0 ]]
+ unitlines=12
+ for b in '$(sed "$((i+1))q;d" "$c")'
+ [[ -187 != \a ]]
+ [[ -187 != \0 ]]
+ unitlines=13
+ for b in '$(sed "$((i+1))q;d" "$c")'
+ [[ -166 != \a ]]
+ [[ -166 != \0 ]]
+ unitlines=14
+ for b in '$(sed "$((i+1))q;d" "$c")'
+ [[ 93 != \a ]]
+ [[ 93 != \0 ]]
+ unitlines=15
+ for b in '$(sed "$((i+1))q;d" "$c")'
+ [[ 69 != \a ]]
+ [[ 69 != \0 ]]
+ unitlines=16
+ for b in '$(sed "$((i+1))q;d" "$c")'
+ [[ -206 != \a ]]
+ [[ -206 != \0 ]]
+ unitlines=17
+ for b in '$(sed "$((i+1))q;d" "$c")'
+ [[ 81 != \a ]]
+ [[ 81 != \0 ]]
+ unitlines=18
+ for b in '$(sed "$((i+1))q;d" "$c")'
+ [[ -150 != \a ]]
+ [[ -150 != \0 ]]
+ unitlines=19
+ for b in '$(sed "$((i+1))q;d" "$c")'
+ [[ -134 != \a ]]
+ [[ -134 != \0 ]]
+ unitlines=20
+ for b in '$(sed "$((i+1))q;d" "$c")'
+ [[ -165 != \a ]]
+ [[ -165 != \0 ]]
+ unitlines=21
+ for b in '$(sed "$((i+1))q;d" "$c")'
+ [[ -143 != \a ]]
+ [[ -143 != \0 ]]
+ unitlines=22
+ for b in '$(sed "$((i+1))q;d" "$c")'
+ [[ -118 != \a ]]
+ [[ -118 != \0 ]]
+ unitlines=23
+ for b in '$(sed "$((i+1))q;d" "$c")'
+ [[ 210 != \a ]]
+ [[ 210 != \0 ]]
+ unitlines=24
+ for b in '$(sed "$((i+1))q;d" "$c")'
+ [[ 0 != \a ]]
+ [[ 0 != \0 ]]
++ cut '-d ' -f3
++ head -n 1 constraints_22_11.simp-noncanon.simp
+ numvars=6160
++ cut '-d ' -f4
++ head -n 1 constraints_22_11.simp-noncanon.simp
+ numlines=1786659
+ newlines=1786683
+ echo 'p cnf 6160 1786683'
+ tail constraints_22_11.simp-noncanon.simp -n +2
++ sed '1282q;d' 22-cubes/30.cubes
+ for b in '$(sed "$((i+1))q;d" "$c")'
+ [[ a != \a ]]
+ for b in '$(sed "$((i+1))q;d" "$c")'
+ [[ -92 != \a ]]
+ [[ -92 != \0 ]]
+ echo '-92 0'
+ for b in '$(sed "$((i+1))q;d" "$c")'
+ [[ 137 != \a ]]
+ [[ 137 != \0 ]]
+ echo '137 0'
+ for b in '$(sed "$((i+1))q;d" "$c")'
+ [[ -121 != \a ]]
+ [[ -121 != \0 ]]
+ echo '-121 0'
+ for b in '$(sed "$((i+1))q;d" "$c")'
+ [[ -68 != \a ]]
+ [[ -68 != \0 ]]
+ echo '-68 0'
+ for b in '$(sed "$((i+1))q;d" "$c")'
+ [[ -158 != \a ]]
+ [[ -158 != \0 ]]
+ echo '-158 0'
+ for b in '$(sed "$((i+1))q;d" "$c")'
+ [[ -25 != \a ]]
+ [[ -25 != \0 ]]
+ echo '-25 0'
+ for b in '$(sed "$((i+1))q;d" "$c")'
+ [[ -153 != \a ]]
+ [[ -153 != \0 ]]
+ echo '-153 0'
+ for b in '$(sed "$((i+1))q;d" "$c")'
+ [[ -169 != \a ]]
+ [[ -169 != \0 ]]
+ echo '-169 0'
+ for b in '$(sed "$((i+1))q;d" "$c")'
+ [[ 168 != \a ]]
+ [[ 168 != \0 ]]
+ echo '168 0'
+ for b in '$(sed "$((i+1))q;d" "$c")'
+ [[ -170 != \a ]]
+ [[ -170 != \0 ]]
+ echo '-170 0'
+ for b in '$(sed "$((i+1))q;d" "$c")'
+ [[ -171 != \a ]]
+ [[ -171 != \0 ]]
+ echo '-171 0'
+ for b in '$(sed "$((i+1))q;d" "$c")'
+ [[ -167 != \a ]]
+ [[ -167 != \0 ]]
+ echo '-167 0'
+ for b in '$(sed "$((i+1))q;d" "$c")'
+ [[ -187 != \a ]]
+ [[ -187 != \0 ]]
+ echo '-187 0'
+ for b in '$(sed "$((i+1))q;d" "$c")'
+ [[ -166 != \a ]]
+ [[ -166 != \0 ]]
+ echo '-166 0'
+ for b in '$(sed "$((i+1))q;d" "$c")'
+ [[ 93 != \a ]]
+ [[ 93 != \0 ]]
+ echo '93 0'
+ for b in '$(sed "$((i+1))q;d" "$c")'
+ [[ 69 != \a ]]
+ [[ 69 != \0 ]]
+ echo '69 0'
+ for b in '$(sed "$((i+1))q;d" "$c")'
+ [[ -206 != \a ]]
+ [[ -206 != \0 ]]
+ echo '-206 0'
+ for b in '$(sed "$((i+1))q;d" "$c")'
+ [[ 81 != \a ]]
+ [[ 81 != \0 ]]
+ echo '81 0'
+ for b in '$(sed "$((i+1))q;d" "$c")'
+ [[ -150 != \a ]]
+ [[ -150 != \0 ]]
+ echo '-150 0'
+ for b in '$(sed "$((i+1))q;d" "$c")'
+ [[ -134 != \a ]]
+ [[ -134 != \0 ]]
+ echo '-134 0'
+ for b in '$(sed "$((i+1))q;d" "$c")'
+ [[ -165 != \a ]]
+ [[ -165 != \0 ]]
+ echo '-165 0'
+ for b in '$(sed "$((i+1))q;d" "$c")'
+ [[ -143 != \a ]]
+ [[ -143 != \0 ]]
+ echo '-143 0'
+ for b in '$(sed "$((i+1))q;d" "$c")'
+ [[ -118 != \a ]]
+ [[ -118 != \0 ]]
+ echo '-118 0'
+ for b in '$(sed "$((i+1))q;d" "$c")'
+ [[ 210 != \a ]]
+ [[ 210 != \0 ]]
+ echo '210 0'
+ for b in '$(sed "$((i+1))q;d" "$c")'
+ [[ 0 != \a ]]
+ [[ 0 != \0 ]]
+ ./simplify-by-var-removal.sh 22-cubes/30.cubes1281.adj 70
+ '[' -z 70 ']'
+ f=22-cubes/30.cubes1281.adj
+ p=70
++ echo 22-cubes
+ sub_dir=22-cubes
+ mkdir -p log/22-cubes
+ mkdir -p simp/22-cubes
+ tee log/22-cubes/30.cubes1281.adj.simp1
+ ./cadical/build/cadical 22-cubes/30.cubes1281.adj -o simp/22-cubes/30.cubes1281.adj.simp1 -e simp/22-cubes/30.cubes1281.adj.ext1 -n -c 200000
c --- [ banner ] -------------------------------------------------------------
c 
c CaDiCaL Radically Simplified CDCL SAT Solver
c Copyright (c) 2016-2021 A. Biere, M. Fleury, N. Froleyks
c 
c Version 1.5.2
c g++ (GCC) 9.3.0 -Wall -Wextra -O3 -DNDEBUG
c Tue Feb 8 21:15:15 EST 2022 Linux gra-login1 3.10.0-1160.36.2.el7.x86_64 x86_64
c 
c --- [ limit ] --------------------------------------------------------------
c 
c setting conflict limit to 200000 conflicts (due to '200000')
c 
c --- [ parsing input ] ------------------------------------------------------
c 
c reading DIMACS file from '22-cubes/30.cubes1281.adj'
c opening file to read '22-cubes/30.cubes1281.adj'
c found 'p cnf 6160 1786683' header
c parsed 1786683 clauses in 19.10 seconds process time
c closing file '22-cubes/30.cubes1281.adj'
c after reading 1542541772 bytes 1471.1 MB
c 
c --- [ options ] ------------------------------------------------------------
c 
c all options are set to their default value
c 
c --- [ solving ] ------------------------------------------------------------
c 
c time measured in process time since initialization
c 
c  seconds    reductions  redundant   irredundant
c          MB     restarts       trail       variables
c            level   conflicts       glue         remaining
c 
c * 19.10 1483  0 0   0    0    0  0% 0 1785954 4611 75%
c { 20.21 1528  0 0   0    0    0  0% 0 1785954 4611 75%
c i 21.08 1547 132 0   0   10    9 44% 2 1785954 4602 75%
c i 22.72 1580 67 0   5   49   36 43% 6 1785954 4587 74%
c i 25.15 1596 35 0  56  241  108 41% 12 1785954 4586 74%
c i 25.68 1599 39 0  61  262  127 42% 14 1785954 4585 74%
c i 25.84 1599 42 0  62  268  132 42% 14 1785954 4582 74%
c - 30.61 1559 42 1  70  300  154 42% 14 331673 4575 74%
c i 32.17 1560 36 1 100  627  267 41% 16 331673 4574 74%
c i 32.46 1560 37 1 105  650  287 41% 17 331673 4573 74%
c i 33.76 1561 34 1 118  868  359 40% 15 331673 4572 74%
c i 33.80 1561 34 1 118  877  366 41% 15 331673 4571 74%
c i 33.80 1561 34 1 118  882  368 41% 15 331673 4570 74%
c i 33.80 1561 34 1 118  884  369 41% 15 331673 4569 74%
c i 33.80 1561 34 1 118  887  371 41% 15 331673 4568 74%
c i 33.80 1561 34 1 118  889  372 41% 15 331673 4567 74%
c } 34.93 1561 35 1 145 1001  464 42% 16 331673 4567 74%
c [ 34.93 1561  0 1 145 1001  464  0% 0 331673 4567 74%
c O 34.93 1561  1 1 145 1002  464 27% 0 331673 4567 74%
c i 34.93 1561  1 1 145 1002  464 27% 0 331673 4550 74%
c 
c  seconds    reductions  redundant   irredundant
c          MB     restarts       trail       variables
c            level   conflicts       glue         remaining
c 
c i 35.36 1561 15 1 145 1114  538 54% 11 331673 4549 74%
c i 35.36 1561 14 1 145 1115  538 54% 11 331673 4548 74%
c i 35.36 1561 14 1 145 1116  538 54% 11 331673 4547 74%
c - 36.07 1641 16 2 145 1213  563 56% 12 331345 4547 74%
c i 36.13 1641 16 2 145 1215  564 56% 12 331345 4546 74%
c i 36.18 1642 16 2 145 1229  577 56% 12 331345 4545 74%
c i 36.24 1642 17 2 145 1270  609 56% 13 331345 4544 74%
c i 36.27 1642 17 2 145 1302  633 56% 13 331345 4543 74%
c i 36.29 1642 17 2 145 1353  665 57% 14 331345 4542 74%
c i 36.30 1642 17 2 145 1366  677 57% 14 331345 4541 74%
c i 36.30 1642 17 2 145 1370  680 57% 14 331345 4540 74%
c i 36.32 1642 17 2 145 1418  714 57% 14 331345 4539 74%
c i 36.36 1642 17 2 145 1442  727 57% 14 331345 4538 74%
c ] 36.38 1642 17 2 145 1474  745 57% 14 331345 4538 74%
c 1 36.38 1642 17 2 145 1474  745 57% 14 331345 4538 74%
c 
c --- [ writing output ] -----------------------------------------------------
c 
c writing simplified CNF to DIMACS file 'simp/22-cubes/30.cubes1281.adj.simp1'
c * 36.38 1642 17 2 145 1474  745 57% 14 331345 4538 74%
c opening file to write 'simp/22-cubes/30.cubes1281.adj.simp1'
c writing 'p cnf 6160 331318' header
c closing file 'simp/22-cubes/30.cubes1281.adj.simp1'
c after writing 148435052 bytes 141.6 MB
c wrote 331318 clauses in 1.19 seconds process time
c 
c --- [ writing extension ] --------------------------------------------------
c 
c writing extension stack to 'simp/22-cubes/30.cubes1281.adj.ext1'
c opening file to write 'simp/22-cubes/30.cubes1281.adj.ext1'
c closing file 'simp/22-cubes/30.cubes1281.adj.ext1'
c after writing 23590 bytes 0.0 MB
c wrote 1622 witnesses in 0.00 seconds process time
c 
c --- [ result ] -------------------------------------------------------------
c 
s SATISFIABLE
c 
c --- [ run-time profiling ] -------------------------------------------------
c 
c process time taken by individual solving procedures
c (percentage relative to process time for solving)
c 
c        19.10  110.51% parse
c        17.28  100.00% search
c        14.72   85.20% unstable
c         1.45    8.37% stable
c         1.11    6.42% lucky
c         0.00    0.00% simplify
c   =================================
c        17.28   45.99% solve
c 
c last line shows process time for solving
c (percentage relative to total process time)
c 
c --- [ statistics ] ---------------------------------------------------------
c 
c chronological:               357        24.22 %  of conflicts
c conflicts:                  1474        85.31    per second
c decisions:                 10072       582.91    per second
c fixed:                      1622        26.33 %  of all variables
c learned:                    1449        98.30 %  per conflict
c learned_lits:             155755       100.00 %  learned literals
c minimized:                     0         0.00 %  learned literals
c shrunken:                  71264        45.75 %  learned literals
c minishrunken:              17739        11.39 %  learned literals
c propagations:             353406         0.02 M  per second
c reduced:                      54         3.66 %  per conflict
c rephased:                      1      1474.00    interval
c restarts:                    145        10.17    interval
c stabilizing:                   1        32.09 %  of conflicts
c subsumed:                    624         0.02 %  of all clauses
c 
c seconds are measured in process time for solving
c 
c --- [ resources ] ----------------------------------------------------------
c 
c total process time since initialization:        37.57    seconds
c total real time since initialization:           38.21    seconds
c maximum resident set size of process:         1694.26    MB
c 
c --- [ shutting down ] ------------------------------------------------------
c 
c exit 10
++ seq 1 100
+ for i in '$(seq 1 100)'
++ sed 's/.$//'
++ rev
++ cut '-d ' -f1
++ rev
++ tail -n 1
++ grep 'c [*]' log/22-cubes/30.cubes1281.adj.simp1
+ vars_remaining=74
+ ((  vars_remaining < 100 - p  ))
+ tee log/22-cubes/30.cubes1281.adj.simp2
+ ./cadical/build/cadical simp/22-cubes/30.cubes1281.adj.simp1 -o simp/22-cubes/30.cubes1281.adj.simp2 -e simp/22-cubes/30.cubes1281.adj.ext2 -n -c 200000
c --- [ banner ] -------------------------------------------------------------
c 
c CaDiCaL Radically Simplified CDCL SAT Solver
c Copyright (c) 2016-2021 A. Biere, M. Fleury, N. Froleyks
c 
c Version 1.5.2
c g++ (GCC) 9.3.0 -Wall -Wextra -O3 -DNDEBUG
c Tue Feb 8 21:15:15 EST 2022 Linux gra-login1 3.10.0-1160.36.2.el7.x86_64 x86_64
c 
c --- [ limit ] --------------------------------------------------------------
c 
c setting conflict limit to 200000 conflicts (due to '200000')
c 
c --- [ parsing input ] ------------------------------------------------------
c 
c reading DIMACS file from 'simp/22-cubes/30.cubes1281.adj.simp1'
c opening file to read 'simp/22-cubes/30.cubes1281.adj.simp1'
c found 'p cnf 6160 331318' header
c parsed 331318 clauses in 1.92 seconds process time
c closing file 'simp/22-cubes/30.cubes1281.adj.simp1'
c after reading 148435052 bytes 141.6 MB
c 
c --- [ options ] ------------------------------------------------------------
c 
c all options are set to their default value
c 
c --- [ solving ] ------------------------------------------------------------
c 
c time measured in process time since initialization
c 
c  seconds   reductions  redundant  irredundant
c          MB    restarts       trail      variables
c           level   conflicts       glue        remaining
c 
c *  1.92 151  0 0   0    0    0  0% 0 331318 4529 74%
c {  2.12 162  0 0   0    0    0  0% 0 331318 4529 74%
c -  2.70 175 16 1   9  300  105  9% 7 331318 4529 74%
c i  2.74 178 11 1   9  581  133  8% 6 331318 4493 73%
c i  3.72 184 16 1  37  700  219 10% 7 331318 4492 73%
c i  5.16 198 21 1  79  877  336 12% 10 331318 4491 73%
c i  5.65 201 24 1 100  956  400 13% 12 331318 4490 73%
c }  5.85 202 24 1 111 1000  425 13% 12 331318 4490 73%
c [  5.85 202  0 1 111 1000  425  0% 0 331318 4490 73%
c O  5.86 202 18 1 111 1003  428  8% 7 331318 4490 73%
c i  6.06 203 23 1 111 1037  452 22% 12 331318 4489 73%
c i  6.11 203 22 1 111 1073  482 26% 15 331318 4488 73%
c i  6.12 203 22 1 111 1094  500 27% 15 331318 4487 73%
c i  6.18 204 22 1 111 1165  554 29% 16 331318 4486 73%
c i  6.21 204 22 1 111 1192  578 29% 17 331318 4485 73%
c -  6.72 328 22 2 111 1213  523 29% 17 327965 4485 73%
c i  6.82 328 22 2 111 1229  537 29% 17 327965 4484 73%
c i  6.86 328 23 2 111 1242  548 28% 18 327965 4483 73%
c i  7.00 319 27 2 111 1280  581 28% 20 327965 4482 73%
c i  7.00 319 27 2 111 1282  582 28% 20 327965 4481 73%
c 
c  seconds   reductions  redundant   irredundant
c          MB    restarts       trail       variables
c           level   conflicts       glue         remaining
c 
c i  7.08 319 29 2 111 1362  648 28% 21 327965 4480 73%
c i  7.11 319 30 2 111 1400  682 28% 22 327965 4479 73%
c i  7.12 319 30 2 111 1423  702 28% 22 327965 4478 73%
c -  8.23 318 33 3 112 2577 1356 29% 27 327944 4478 73%
c i  8.82 318 33 3 112 2776 1501 39% 27 327944 4477 73%
c ]  9.00 318 33 3 112 3000 1657 40% 27 327944 4477 73%
c {  9.00 318 24 3 112 3000 1657 18% 12 327944 4477 73%
c F  9.04 318 24 3 114 3006 1662 18% 12 327944 4477 73%
c i  9.24 318 24 3 122 3056 1699 19% 12 327944 4476 73%
c i  9.74 318 26 3 146 3156 1769 20% 13 327944 4475 73%
c i  9.89 318 26 3 154 3191 1797 20% 13 327944 4474 73%
c i  9.90 318 26 3 154 3193 1798 20% 13 327944 4473 73%
c i 10.59 318 28 3 196 3375 1911 21% 15 327944 4472 73%
c i 10.65 318 29 3 199 3384 1918 21% 14 327944 4471 73%
c i 10.90 318 29 3 218 3476 1970 21% 15 327944 4470 73%
c i 11.77 318 31 3 250 3616 2078 22% 16 327944 4469 73%
c i 12.23 318 33 3 266 3688 2137 22% 16 327944 4449 72%
c i 12.85 318 34 3 284 3812 2221 23% 16 327944 4448 72%
c i 15.29 318 37 3 371 4191 2505 24% 18 327944 4447 72%
c i 15.64 318 39 3 382 4240 2544 24% 19 327944 4445 72%
c 
c  seconds   reductions  redundant   irredundant
c          MB    restarts       trail       variables
c           level   conflicts       glue         remaining
c 
c - 16.88 313 40 4 409 4395 1870 25% 19 327580 4445 72%
c i 17.40 313 40 4 418 4527 1961 25% 19 327580 4444 72%
c i 18.41 313 39 4 450 4768 2110 25% 19 327580 4443 72%
c 3 19.57 313 39 4 459 5001 3978 26% 19 327562 4437 72%
c 2 19.66 313 39 4 459 5001 4118 26% 19 327479 4437 72%
c p 27.26 313 39 4 459 5001 9661 26% 19 327479 4395 71%
c d 27.65 313 39 4 459 5001 9498 26% 19 313234 4390 71%
c # 30.19 313 37 4 521 6007 10103 27% 19 313234 4390 71%
c - 32.39 271 36 5 582 6667 2587 28% 19 313234 4390 71%
c } 32.71 271 35 5 582 7000 2779 28% 18 313234 4390 71%
c [ 32.71 271 33 5 582 7000 2779 40% 27 313234 4390 71%
c - 35.00 271 27 6 584 9359 2802 37% 21 313234 4390 71%
c I 35.55 271 26 6 584 10008 3170 36% 20 313234 4390 71%
c s 38.50 271 28 6 586 12386 4760 36% 23 310274 4390 71%
c v 43.49 271 28 6 586 12386 4760 36% 23 310072 4390 71%
c t 43.64 271 28 6 586 12386 4748 36% 23 309825 4390 71%
c e 44.91 271 28 6 586 12386 4453 36% 23 300612 940 15%
c s 45.04 271 28 6 586 12386 4452 36% 23 300594 940 15%
c - 46.82 271 28 7 586 12500 3584 73% 23 300594 940 15%
c ] 49.05 271 28 7 587 15005 5178 73% 23 300594 940 15%
c 
c  seconds   reductions   redundant    irredundant
c          MB    restarts        trail        variables
c           level    conflicts        glue        remaining
c 
c { 49.05 271 35 7 587 15005 5178 135% 18 300594 940 15%
c 3 49.09 271 35 7 587 15005 5565 135% 18 300594 940 15%
c p 51.89 271 35 7 587 15005 7764 135% 18 300594 937 15%
c d 52.09 271 35 7 587 15005 7667 135% 18 300585 936 15%
c B 52.27 271 35 7 587 15009 7671 135% 18 300585 936 15%
c - 56.17 271 36 8 694 16051 4114 122% 19 300585 936 15%
c - 68.48 270 37 9 1156 20041 4617 98% 21 300585 936 15%
c W 71.33 270 36 9 1206 21012 5282 94% 21 300585 936 15%
c - 80.75 271 36 10 1507 24476 5751 87% 21 300585 936 15%
c F 86.69 271 34 10 1647 28015 8067 84% 21 300585 936 15%
c - 88.41 271 33 11 1661 29355 6133 82% 20 300585 936 15%
c 2 90.11 271 33 11 1700 30006 7081 82% 20 300585 936 15%
c p 92.06 271 33 11 1700 30006 9747 82% 20 300585 936 15%
c } 95.46 271 32 11 1756 31005 10361 81% 20 300585 936 15%
c [ 95.46 271 28 11 1756 31005 10361 73% 23 300585 936 15%
c - 100.09 271 27 12 1758 34675 7069 73% 23 300585 936 15%
c B 101.25 271 27 12 1759 36018 8011 73% 23 300585 936 15%
c ] 102.13 271 28 12 1760 37845 9381 73% 24 300585 936 15%
c 1 102.13 271 28 12 1760 37845 9381 73% 24 300585 936 15%
c 
c --- [ writing output ] -----------------------------------------------------
c 
c writing simplified CNF to DIMACS file 'simp/22-cubes/30.cubes1281.adj.simp2'
c * 102.13 271 28 12 1760 37845 9381 73% 24 300585 936 15%
c opening file to write 'simp/22-cubes/30.cubes1281.adj.simp2'
c writing 'p cnf 6160 300585' header
c closing file 'simp/22-cubes/30.cubes1281.adj.simp2'
c after writing 125893258 bytes 120.1 MB
c wrote 300585 clauses in 0.96 seconds process time
c 
c --- [ writing extension ] --------------------------------------------------
c 
c writing extension stack to 'simp/22-cubes/30.cubes1281.adj.ext2'
c opening file to write 'simp/22-cubes/30.cubes1281.adj.ext2'
c closing file 'simp/22-cubes/30.cubes1281.adj.ext2'
c after writing 249220 bytes 0.2 MB
c wrote 9928 witnesses in 0.00 seconds process time
c 
c --- [ result ] -------------------------------------------------------------
c 
s SATISFIABLE
c 
c --- [ run-time profiling ] -------------------------------------------------
c 
c process time taken by individual solving procedures
c (percentage relative to process time for solving)
c 
c        79.06   78.89% search
c        59.89   59.77% unstable
c        21.16   21.11% simplify
c        18.70   18.66% stable
c        12.30   12.27% probe
c         5.09    5.08% vivify
c         2.09    2.08% elim
c         1.92    1.91% parse
c         0.27    0.27% subsume
c         0.26    0.26% walk
c         0.20    0.20% lucky
c         0.16    0.16% ternary
c   =================================
c       100.21   97.21% solve
c 
c last line shows process time for solving
c (percentage relative to total process time)
c 
c --- [ statistics ] ---------------------------------------------------------
c 
c chronological:              7561        19.98 %  of conflicts
c conflicts:                 37845       377.65    per second
c decisions:                131647      1313.69    per second
c eliminated:                 3450        56.01 %  of all variables
c fixed:                       131         2.13 %  of all variables
c learned:                   37082        97.98 %  per conflict
c learned_lits:            5812671       100.00 %  learned literals
c minimized:                     0         0.00 %  learned literals
c shrunken:                3283623        56.49 %  learned literals
c minishrunken:             563692         9.70 %  learned literals
c propagations:            5042662         0.05 M  per second
c reduced:                   15549        41.09 %  per conflict
c rephased:                      8      4730.62    interval
c restarts:                   1760        21.50    interval
c stabilizing:                   3        44.51 %  of conflicts
c substituted:                  12         0.19 %  of all variables
c subsumed:                  15833         1.74 %  of all clauses
c strengthened:              26191         2.88 %  of all clauses
c ternary:                    2764         0.44 %  of resolved
c vivified:                    206         0.02 %  of all clauses
c walked:                        1     37845.00    interval
c weakened:                   9797         3.19    average size
c 
c seconds are measured in process time for solving
c 
c --- [ resources ] ----------------------------------------------------------
c 
c total process time since initialization:       103.09    seconds
c total real time since initialization:          103.80    seconds
c maximum resident set size of process:          471.75    MB
c 
c --- [ shutting down ] ------------------------------------------------------
c 
c exit 10
+ for i in '$(seq 1 100)'
++ sed 's/.$//'
++ rev
++ cut '-d ' -f1
++ rev
++ tail -n 1
++ grep 'c [*]' log/22-cubes/30.cubes1281.adj.simp2
+ vars_remaining=15
+ ((  vars_remaining < 100 - p  ))
+ break
++ cut '-d ' -f3
++ head -n 1 simp/22-cubes/30.cubes1281.adj.simp2
+ numvars=6160
++ cut '-d ' -f4
++ head -n 1 simp/22-cubes/30.cubes1281.adj.simp2
+ numlines=300585
+ extlines_total=0
++ seq 1 2
+ for j in '$(seq 1 "$i")'
++ cut '-d ' -f1
++ wc -l simp/22-cubes/30.cubes1281.adj.ext1
+ extlines_j=1622
+ extlines_total=1622
+ for j in '$(seq 1 "$i")'
++ cut '-d ' -f1
++ wc -l simp/22-cubes/30.cubes1281.adj.ext2
+ extlines_j=9928
+ extlines_total=11550
+ newlines=312135
+ echo 'p cnf 6160 312135'
+ tail simp/22-cubes/30.cubes1281.adj.simp2 -n +2
++ seq 1 2
+ for j in '$(seq 1 "$i")'
+ cat simp/22-cubes/30.cubes1281.adj.ext1
+ for j in '$(seq 1 "$i")'
+ cat simp/22-cubes/30.cubes1281.adj.ext2
+ sed -i 's/ 0.*/ 0/' 22-cubes/30.cubes1281.adj.simp
============================[ Problem Statistics ]=============================
|                                                                             |
|  Number of variables:          6160                                         |
|  Number of clauses:          310382                                         |
|  Parse time:                   1.72 s                                       |
|  Simplification time:          0.03 s                                       |
|                                                                             |
============================[ Search Statistics ]====================================================
| Conflicts |          ORIGINAL         |          LEARNT          | Num Sols |      SUBGRAPHS      |
|           |    Vars  Clauses Literals |    Limit  Clauses Lit/Cl |          | Canonical Noncanon. |
=====================================================================================================
|       100 |    4407   310382 27867304 |     2000      100     33 |        0 |        17         0 |
|       328 |    4407   310460 27869102 |     2000      328     48 |        0 |        44        78 |
|       555 |    4407   310462 27869145 |     2000      555     67 |        0 |        55        80 |
|       896 |    4407   310466 27869342 |     2000      896     80 |        0 |        65        84 |
|      1404 |    4407   310468 27869389 |     2000     1404     89 |        0 |        78        86 |
|      2204 |    4407   310509 27870571 |     3602     1206     60 |        0 |       116       127 |
|      3353 |    4407   310519 27870842 |     3602     2355     76 |        0 |       167       137 |
|      5240 |    4407   310698 27874671 |     5003     2443     61 |        0 |       226       316 |
|      7816 |    4407   310712 27875001 |     6304     2520     44 |        0 |       270       330 |
|     12011 |    4407   311063 27882045 |     7557     3568     41 |        0 |       455       681 |
|     17896 |    4407   311182 27884366 |     8782     5678     53 |        0 |       528       800 |
|     26935 |    4407   311572 27890415 |    11209     5344     37 |        0 |       583      1190 |
|     40034 |    4407   311697 27892548 |    13606     6640     37 |        0 |       615      1315 |
|     60103 |    4407   312305 27903130 |    16011    12514     57 |        0 |       879      1923 |
|     89721 |    4407   312731 27913534 |    19624    16345     67 |        0 |      1080      2349 |
|    133737 |    4407   312958 27919071 |    24413    17550     54 |        0 |      1205      2576 |
|    199590 |    4407   313127 27923040 |    30414    16404     41 |        0 |      1384      2745 |
|    299081 |    4407   314092 27938751 |    36414    33895     73 |        0 |      1711      3710 |
|    447489 |    4407   314711 27950340 |    44824    42313     64 |        0 |      1869      4329 |
|    681808 |    4407   327347 28294292 |    55621    53429     72 |        0 |      3613     16965 |
|   1016134 |    4407   329148 28338020 |    68820    48954     59 |        0 |      4422     18766 |
|   1519976 |    4407   334202 28428506 |    84407    58783     58 |        0 |      5435     23820 |
|   2287117 |    4407   353161 28830719 |   103625    78742     66 |        0 |      9891     42779 |
|   3439553 |    4387   376298 29312285 |   127617    81170     53 |        0 |     19507     72941 |
|   5147906 |    4387   401240 29862686 |   156426    92732     44 |        0 |     28320     97883 |
|   7700103 |    4385   428314 30486906 |   191217   133520     51 |        0 |     37722    124964 |
|  11590491 |    4351   434976 26790419 |   234418   204309     62 |        0 |     50206    227677 |
|  17582657 |    4328   733636 32807300 |   289637   184294     28 |        0 |     78559    538331 |
=====================================================================================================
Number of solutions   : 0           
Canonical subgraphs   : 86973          (45 /sec)
          order  3    : 1              (200000 /sec)
          order  4    : 1              (500000 /sec)
          order  5    : 1              (200000 /sec)
          order  6    : 1              (55556 /sec)
          order  7    : 2              (10000 /sec)
          order  8    : 6              (2588 /sec)
          order  9    : 14             (606 /sec)
          order 10    : 59             (178 /sec)
          order 11    : 325            (95 /sec)
          order 12    : 1150           (76 /sec)
          order 13    : 5859           (69 /sec)
          order 14    : 31226          (54 /sec)
          order 15    : 41606          (40 /sec)
          order 16    : 4649           (36 /sec)
          order 17    : 746            (28 /sec)
          order 18    : 373            (29 /sec)
          order 19    : 343            (29 /sec)
          order 20    : 299            (30 /sec)
          order 21    : 312            (29 /sec)
          order 22    : 0              (-nan /sec)
Noncanonical subgraphs: 702247         (310 /sec)
          order  3    : 0              (-nan /sec)
          order  4    : 0              (-nan /sec)
          order  5    : 0              (-nan /sec)
          order  6    : 0              (-nan /sec)
          order  7    : 0              (-nan /sec)
          order  8    : 0              (-nan /sec)
          order  9    : 0              (-nan /sec)
          order 10    : 0              (-nan /sec)
          order 11    : 0              (-nan /sec)
          order 12    : 0              (-nan /sec)
          order 13    : 0              (-nan /sec)
          order 14    : 54025          (3206 /sec)
          order 15    : 639652         (291 /sec)
          order 16    : 7821           (250 /sec)
          order 17    : 416            (104 /sec)
          order 18    : 0              (-nan /sec)
          order 19    : 2              (144 /sec)
          order 20    : 2              (527 /sec)
          order 21    : 0              (-nan /sec)
Canonicity checking   : 4194.53 s
database reductions   : 244
restarts              : 27644
conflicts             : 18414555       (998 /sec)
decisions             : 22836727       (0.00 % random) (1238 /sec)
propagations          : 4047595313     (219403 /sec)
conflict literals     : 1999923788     (57.23 % deleted)
actual reward         : 0.054681
Memory used           : 526.00 MB
CPU time              : 18448.2 s

UNSATISFIABLE
