+ '[' -z 880 ']'
+ f=constraints_22_11.simp-noncanon.simp
+ c=22-cubes/30.cubes
+ i=880
+ s=70
+ adj=22-cubes/30.cubes880.adj
+ cnf=22-cubes/30.cubes880.cnf
+ ext=22-cubes/30.cubes880.ext
+ cnfext=22-cubes/30.cubes880.cnfext
+ unitlines=0
++ sed '881q;d' 22-cubes/30.cubes
+ for b in '$(sed "$((i+1))q;d" "$c")'
+ [[ a != \a ]]
+ for b in '$(sed "$((i+1))q;d" "$c")'
+ [[ -92 != \a ]]
+ [[ -92 != \0 ]]
+ unitlines=1
+ for b in '$(sed "$((i+1))q;d" "$c")'
+ [[ 137 != \a ]]
+ [[ 137 != \0 ]]
+ unitlines=2
+ for b in '$(sed "$((i+1))q;d" "$c")'
+ [[ -121 != \a ]]
+ [[ -121 != \0 ]]
+ unitlines=3
+ for b in '$(sed "$((i+1))q;d" "$c")'
+ [[ -68 != \a ]]
+ [[ -68 != \0 ]]
+ unitlines=4
+ for b in '$(sed "$((i+1))q;d" "$c")'
+ [[ -158 != \a ]]
+ [[ -158 != \0 ]]
+ unitlines=5
+ for b in '$(sed "$((i+1))q;d" "$c")'
+ [[ -25 != \a ]]
+ [[ -25 != \0 ]]
+ unitlines=6
+ for b in '$(sed "$((i+1))q;d" "$c")'
+ [[ 153 != \a ]]
+ [[ 153 != \0 ]]
+ unitlines=7
+ for b in '$(sed "$((i+1))q;d" "$c")'
+ [[ 93 != \a ]]
+ [[ 93 != \0 ]]
+ unitlines=8
+ for b in '$(sed "$((i+1))q;d" "$c")'
+ [[ -150 != \a ]]
+ [[ -150 != \0 ]]
+ unitlines=9
+ for b in '$(sed "$((i+1))q;d" "$c")'
+ [[ 69 != \a ]]
+ [[ 69 != \0 ]]
+ unitlines=10
+ for b in '$(sed "$((i+1))q;d" "$c")'
+ [[ 169 != \a ]]
+ [[ 169 != \0 ]]
+ unitlines=11
+ for b in '$(sed "$((i+1))q;d" "$c")'
+ [[ -167 != \a ]]
+ [[ -167 != \0 ]]
+ unitlines=12
+ for b in '$(sed "$((i+1))q;d" "$c")'
+ [[ -149 != \a ]]
+ [[ -149 != \0 ]]
+ unitlines=13
+ for b in '$(sed "$((i+1))q;d" "$c")'
+ [[ -171 != \a ]]
+ [[ -171 != \0 ]]
+ unitlines=14
+ for b in '$(sed "$((i+1))q;d" "$c")'
+ [[ -143 != \a ]]
+ [[ -143 != \0 ]]
+ unitlines=15
+ for b in '$(sed "$((i+1))q;d" "$c")'
+ [[ 81 != \a ]]
+ [[ 81 != \0 ]]
+ unitlines=16
+ for b in '$(sed "$((i+1))q;d" "$c")'
+ [[ 58 != \a ]]
+ [[ 58 != \0 ]]
+ unitlines=17
+ for b in '$(sed "$((i+1))q;d" "$c")'
+ [[ 0 != \a ]]
+ [[ 0 != \0 ]]
++ cut '-d ' -f3
++ head -n 1 constraints_22_11.simp-noncanon.simp
+ numvars=6160
++ cut '-d ' -f4
++ head -n 1 constraints_22_11.simp-noncanon.simp
+ numlines=1786659
+ newlines=1786676
+ echo 'p cnf 6160 1786676'
+ tail constraints_22_11.simp-noncanon.simp -n +2
++ sed '881q;d' 22-cubes/30.cubes
+ for b in '$(sed "$((i+1))q;d" "$c")'
+ [[ a != \a ]]
+ for b in '$(sed "$((i+1))q;d" "$c")'
+ [[ -92 != \a ]]
+ [[ -92 != \0 ]]
+ echo '-92 0'
+ for b in '$(sed "$((i+1))q;d" "$c")'
+ [[ 137 != \a ]]
+ [[ 137 != \0 ]]
+ echo '137 0'
+ for b in '$(sed "$((i+1))q;d" "$c")'
+ [[ -121 != \a ]]
+ [[ -121 != \0 ]]
+ echo '-121 0'
+ for b in '$(sed "$((i+1))q;d" "$c")'
+ [[ -68 != \a ]]
+ [[ -68 != \0 ]]
+ echo '-68 0'
+ for b in '$(sed "$((i+1))q;d" "$c")'
+ [[ -158 != \a ]]
+ [[ -158 != \0 ]]
+ echo '-158 0'
+ for b in '$(sed "$((i+1))q;d" "$c")'
+ [[ -25 != \a ]]
+ [[ -25 != \0 ]]
+ echo '-25 0'
+ for b in '$(sed "$((i+1))q;d" "$c")'
+ [[ 153 != \a ]]
+ [[ 153 != \0 ]]
+ echo '153 0'
+ for b in '$(sed "$((i+1))q;d" "$c")'
+ [[ 93 != \a ]]
+ [[ 93 != \0 ]]
+ echo '93 0'
+ for b in '$(sed "$((i+1))q;d" "$c")'
+ [[ -150 != \a ]]
+ [[ -150 != \0 ]]
+ echo '-150 0'
+ for b in '$(sed "$((i+1))q;d" "$c")'
+ [[ 69 != \a ]]
+ [[ 69 != \0 ]]
+ echo '69 0'
+ for b in '$(sed "$((i+1))q;d" "$c")'
+ [[ 169 != \a ]]
+ [[ 169 != \0 ]]
+ echo '169 0'
+ for b in '$(sed "$((i+1))q;d" "$c")'
+ [[ -167 != \a ]]
+ [[ -167 != \0 ]]
+ echo '-167 0'
+ for b in '$(sed "$((i+1))q;d" "$c")'
+ [[ -149 != \a ]]
+ [[ -149 != \0 ]]
+ echo '-149 0'
+ for b in '$(sed "$((i+1))q;d" "$c")'
+ [[ -171 != \a ]]
+ [[ -171 != \0 ]]
+ echo '-171 0'
+ for b in '$(sed "$((i+1))q;d" "$c")'
+ [[ -143 != \a ]]
+ [[ -143 != \0 ]]
+ echo '-143 0'
+ for b in '$(sed "$((i+1))q;d" "$c")'
+ [[ 81 != \a ]]
+ [[ 81 != \0 ]]
+ echo '81 0'
+ for b in '$(sed "$((i+1))q;d" "$c")'
+ [[ 58 != \a ]]
+ [[ 58 != \0 ]]
+ echo '58 0'
+ for b in '$(sed "$((i+1))q;d" "$c")'
+ [[ 0 != \a ]]
+ [[ 0 != \0 ]]
+ ./simplify-by-var-removal.sh 22-cubes/30.cubes880.adj 70
+ '[' -z 70 ']'
+ f=22-cubes/30.cubes880.adj
+ p=70
++ echo 22-cubes
+ sub_dir=22-cubes
+ mkdir -p log/22-cubes
+ mkdir -p simp/22-cubes
+ tee log/22-cubes/30.cubes880.adj.simp1
+ ./cadical/build/cadical 22-cubes/30.cubes880.adj -o simp/22-cubes/30.cubes880.adj.simp1 -e simp/22-cubes/30.cubes880.adj.ext1 -n -c 200000
c --- [ banner ] -------------------------------------------------------------
c 
c CaDiCaL Radically Simplified CDCL SAT Solver
c Copyright (c) 2016-2021 A. Biere, M. Fleury, N. Froleyks
c 
c Version 1.5.2
c g++ (GCC) 9.3.0 -Wall -Wextra -O3 -DNDEBUG
c Tue Feb 8 21:15:15 EST 2022 Linux gra-login1 3.10.0-1160.36.2.el7.x86_64 x86_64
c 
c --- [ limit ] --------------------------------------------------------------
c 
c setting conflict limit to 200000 conflicts (due to '200000')
c 
c --- [ parsing input ] ------------------------------------------------------
c 
c reading DIMACS file from '22-cubes/30.cubes880.adj'
c opening file to read '22-cubes/30.cubes880.adj'
c found 'p cnf 6160 1786676' header
c parsed 1786676 clauses in 19.09 seconds process time
c closing file '22-cubes/30.cubes880.adj'
c after reading 1542541721 bytes 1471.1 MB
c 
c --- [ options ] ------------------------------------------------------------
c 
c all options are set to their default value
c 
c --- [ solving ] ------------------------------------------------------------
c 
c time measured in process time since initialization
c 
c  seconds    reductions  redundant   irredundant
c          MB     restarts       trail       variables
c            level   conflicts       glue         remaining
c 
c * 19.09 1468  0 0   0    0    0  0% 0 1785954 4671 76%
c { 21.21 1552  0 0   0    0    0  0% 0 1785954 4671 76%
c i 21.58 1556 173 0   0    7    5 50% 4 1785954 4659 76%
c i 22.33 1566 112 0   1   54   43 53% 10 1785954 4651 76%
c i 22.67 1568 101 0   5   73   54 49% 17 1785954 4650 75%
c i 22.72 1568 94 0   6   78   58 48% 16 1785954 4625 75%
c i 23.03 1569 60 0   7  128   80 42% 12 1785954 4613 75%
c i 23.13 1569 31 0   7  284  123 36% 9 1785954 4610 75%
c - 26.99 1548 30 1   7  300  124 36% 9 420110 4607 75%
c i 27.40 1490 27 1   7  374  145 36% 9 420110 4606 75%
c i 27.52 1490 27 1   8  378  147 36% 9 420110 4605 75%
c i 27.67 1491 26 1  13  397  155 35% 9 420110 4604 75%
c i 27.67 1491 26 1  13  399  156 36% 9 420110 4603 75%
c i 28.02 1491 17 1  21  771  220 34% 7 420110 4558 74%
c i 28.16 1491 17 1  21  783  227 34% 7 420110 4557 74%
c i 28.93 1492 24 1  27  839  256 35% 8 420110 4556 74%
c i 28.93 1492 24 1  27  840  256 35% 8 420110 4555 74%
c i 28.96 1492 25 1  28  845  260 35% 8 420110 4554 74%
c i 29.08 1492 25 1  31  857  270 35% 9 420110 4553 74%
c i 29.09 1492 25 1  32  858  270 35% 9 420110 4552 74%
c 
c  seconds    reductions  redundant  irredundant
c          MB     restarts       trail      variables
c            level   conflicts       glue        remaining
c 
c i 29.45 1493 27 1  37  879  287 36% 9 420110 4551 74%
c i 29.48 1493 27 1  37  882  288 36% 9 420110 4550 74%
c i 29.48 1493 27 1  38  883  288 36% 9 420110 4549 74%
c } 30.85 1493 31 1  67 1000  371 36% 10 420110 4549 74%
c [ 30.85 1493  0 1  67 1000  371  0% 0 420110 4549 74%
c O 30.87 1493 49 1  67 1005  373 47% 7 420110 4549 74%
c i 30.89 1493 26 1  67 1010  376 40% 5 420110 4535 74%
c i 31.23 1493 18 1  67 1100  446 57% 13 420110 4534 74%
c i 31.25 1493 18 1  67 1111  453 57% 13 420110 4533 74%
c i 31.26 1493 18 1  67 1121  461 57% 13 420110 4532 74%
c i 31.34 1493 19 1  67 1153  488 58% 14 420110 4531 74%
c i 31.37 1493 19 1  67 1183  516 57% 15 420110 4530 74%
c i 31.38 1493 20 1  67 1194  525 57% 15 420110 4529 74%
c i 31.41 1493 24 1  67 1244  567 57% 18 420110 4528 74%
c - 32.27 1647 24 2  67 1274  506 57% 19 329846 4528 74%
c i 32.47 1647 25 2  67 1329  553 57% 20 329846 4527 73%
c i 32.47 1647 24 2  67 1339  561 57% 20 329846 4526 73%
c i 32.48 1647 24 2  67 1345  564 57% 20 329846 4514 73%
c i 32.51 1647 24 2  67 1377  591 57% 19 329846 4513 73%
c i 32.52 1647 24 2  67 1384  597 57% 19 329846 4512 73%
c 
c  seconds    reductions  redundant   irredundant
c          MB     restarts       trail       variables
c            level   conflicts       glue         remaining
c 
c i 32.52 1647 24 2  67 1387  599 57% 19 329846 4511 73%
c i 32.52 1647 24 2  67 1390  601 57% 19 329846 4510 73%
c i 32.53 1647 24 2  67 1392  602 57% 19 329846 4509 73%
c i 32.53 1647 24 2  67 1394  603 57% 19 329846 4508 73%
c i 32.54 1647 24 2  67 1412  619 57% 20 329846 4507 73%
c i 32.56 1647 24 2  67 1449  645 57% 20 329846 4506 73%
c i 32.56 1647 24 2  67 1455  647 56% 20 329846 4505 73%
c i 32.56 1647 24 2  67 1467  654 56% 20 329846 4504 73%
c i 32.58 1647 24 2  67 1493  672 56% 20 329846 4503 73%
c i 32.59 1647 24 2  67 1520  695 56% 20 329846 4502 73%
c i 32.61 1647 24 2  67 1576  741 56% 19 329846 4501 73%
c i 32.62 1647 24 2  67 1598  758 56% 19 329846 4500 73%
c i 32.62 1647 24 2  67 1600  759 56% 19 329846 4499 73%
c i 32.62 1647 24 2  67 1603  761 56% 19 329846 4498 73%
c i 32.62 1647 24 2  67 1634  789 56% 19 329846 4497 73%
c i 32.63 1647 24 2  67 1654  804 56% 19 329846 4496 73%
c ] 32.63 1647 23 2  67 1666  816 56% 19 329846 4496 73%
c 1 32.63 1647 23 2  67 1666  816 56% 19 329846 4496 73%
c 
c --- [ writing output ] -----------------------------------------------------
c 
c writing simplified CNF to DIMACS file 'simp/22-cubes/30.cubes880.adj.simp1'
c * 32.63 1648 23 2  67 1666  816 56% 19 329846 4496 73%
c opening file to write 'simp/22-cubes/30.cubes880.adj.simp1'
c writing 'p cnf 6160 329543' header
c closing file 'simp/22-cubes/30.cubes880.adj.simp1'
c after writing 170222367 bytes 162.3 MB
c wrote 329543 clauses in 1.38 seconds process time
c 
c --- [ writing extension ] --------------------------------------------------
c 
c writing extension stack to 'simp/22-cubes/30.cubes880.adj.ext1'
c opening file to write 'simp/22-cubes/30.cubes880.adj.ext1'
c closing file 'simp/22-cubes/30.cubes880.adj.ext1'
c after writing 24158 bytes 0.0 MB
c wrote 1664 witnesses in 0.00 seconds process time
c 
c --- [ result ] -------------------------------------------------------------
c 
s SATISFIABLE
c 
c --- [ run-time profiling ] -------------------------------------------------
c 
c process time taken by individual solving procedures
c (percentage relative to process time for solving)
c 
c        19.09  140.94% parse
c        13.54   99.99% search
c         9.64   71.19% unstable
c         2.12   15.64% lucky
c         1.78   13.16% stable
c         0.00    0.00% simplify
c   =================================
c        13.54   39.82% solve
c 
c last line shows process time for solving
c (percentage relative to total process time)
c 
c --- [ statistics ] ---------------------------------------------------------
c 
c chronological:               377        22.63 %  of conflicts
c conflicts:                  1666       123.01    per second
c decisions:                  9437       696.77    per second
c fixed:                      1664        27.01 %  of all variables
c learned:                    1632        97.96 %  per conflict
c learned_lits:             187953       100.00 %  learned literals
c minimized:                     0         0.00 %  learned literals
c shrunken:                  64397        34.26 %  learned literals
c minishrunken:              34523        18.37 %  learned literals
c propagations:             350098         0.03 M  per second
c reduced:                      15         0.90 %  per conflict
c rephased:                      1      1666.00    interval
c restarts:                     67        24.87    interval
c stabilizing:                   1        39.98 %  of conflicts
c subsumed:                    682         0.02 %  of all clauses
c 
c seconds are measured in process time for solving
c 
c --- [ resources ] ----------------------------------------------------------
c 
c total process time since initialization:        34.01    seconds
c total real time since initialization:           34.83    seconds
c maximum resident set size of process:         1647.55    MB
c 
c --- [ shutting down ] ------------------------------------------------------
c 
c exit 10
++ seq 1 100
+ for i in '$(seq 1 100)'
++ sed 's/.$//'
++ rev
++ cut '-d ' -f1
++ rev
++ tail -n 1
++ grep 'c [*]' log/22-cubes/30.cubes880.adj.simp1
+ vars_remaining=73
+ ((  vars_remaining < 100 - p  ))
+ tee log/22-cubes/30.cubes880.adj.simp2
+ ./cadical/build/cadical simp/22-cubes/30.cubes880.adj.simp1 -o simp/22-cubes/30.cubes880.adj.simp2 -e simp/22-cubes/30.cubes880.adj.ext2 -n -c 200000
c --- [ banner ] -------------------------------------------------------------
c 
c CaDiCaL Radically Simplified CDCL SAT Solver
c Copyright (c) 2016-2021 A. Biere, M. Fleury, N. Froleyks
c 
c Version 1.5.2
c g++ (GCC) 9.3.0 -Wall -Wextra -O3 -DNDEBUG
c Tue Feb 8 21:15:15 EST 2022 Linux gra-login1 3.10.0-1160.36.2.el7.x86_64 x86_64
c 
c --- [ limit ] --------------------------------------------------------------
c 
c setting conflict limit to 200000 conflicts (due to '200000')
c 
c --- [ parsing input ] ------------------------------------------------------
c 
c reading DIMACS file from 'simp/22-cubes/30.cubes880.adj.simp1'
c opening file to read 'simp/22-cubes/30.cubes880.adj.simp1'
c found 'p cnf 6160 329543' header
c parsed 329543 clauses in 2.13 seconds process time
c closing file 'simp/22-cubes/30.cubes880.adj.simp1'
c after reading 170222367 bytes 162.3 MB
c 
c --- [ options ] ------------------------------------------------------------
c 
c all options are set to their default value
c 
c --- [ solving ] ------------------------------------------------------------
c 
c time measured in process time since initialization
c 
c  seconds   reductions  redundant  irredundant
c          MB    restarts       trail      variables
c           level   conflicts       glue        remaining
c 
c *  2.13 167  0 0   0    0    0  0% 0 329543 4490 73%
c {  2.52 190  0 0   0    0    0  0% 0 329543 4490 73%
c i  2.80 196 131 0   3   31   23 28% 31 329543 4486 73%
c i  2.80 196 132 0   4   33   23 27% 32 329543 4485 73%
c i  3.27 200 61 0   6  221  175 27% 26 329543 4484 73%
c i  3.30 200 60 0   6  225  178 27% 25 329543 4483 73%
c -  3.79 203 85 1   7  300  241 26% 25 329522 4483 73%
c i  3.93 195 84 1  10  317  253 26% 25 329522 4482 73%
c i  4.42 197 62 1  10  518  334 21% 20 329522 4481 73%
c i  4.75 198 65 1  16  562  362 21% 20 329522 4480 73%
c i  4.76 198 65 1  16  563  362 21% 20 329522 4479 73%
c i  4.76 198 65 1  17  564  362 21% 20 329522 4478 73%
c i  4.95 200 67 1  21  592  384 21% 20 329522 4477 73%
c i  5.22 204 53 1  23  851  464 18% 17 329522 4476 73%
c i  5.27 205 53 1  23  857  469 18% 18 329522 4475 73%
c i  5.31 205 53 1  24  862  473 18% 18 329522 4474 73%
c i  5.40 206 54 1  27  869  479 18% 18 329522 4473 73%
c i  5.40 206 54 1  27  870  479 18% 18 329522 4472 73%
c i  5.67 207 54 1  33  895  496 18% 18 329522 4471 73%
c i  5.81 208 54 1  38  914  508 18% 19 329522 4470 73%
c 
c  seconds   reductions  redundant   irredundant
c          MB    restarts       trail       variables
c           level   conflicts       glue         remaining
c 
c i  6.15 211 57 1  48  948  529 18% 19 329522 4469 73%
c i  6.40 213 58 1  56  984  561 18% 21 329522 4468 73%
c i  6.43 213 58 1  56  987  563 18% 21 329522 4467 73%
c }  6.48 213 58 1  60 1002  574 19% 21 329522 4467 73%
c [  6.48 213  0 1  60 1002  574  0% 0 329522 4467 73%
c O  6.48 213 31 1  60 1003  575  2% 1 329522 4467 73%
c i  6.71 214 52 1  60 1031  600 23% 8 329522 4466 72%
c ]  6.74 214 52 1  60 1032  601 23% 8 329522 4466 72%
c 1  6.74 214 52 1  60 1032  601 23% 8 329522 4466 72%
c 
c --- [ writing output ] -----------------------------------------------------
c 
c writing simplified CNF to DIMACS file 'simp/22-cubes/30.cubes880.adj.simp2'
c *  6.74 214 52 1  60 1032  601 23% 8 329522 4466 72%
c opening file to write 'simp/22-cubes/30.cubes880.adj.simp2'
c writing 'p cnf 6160 329471' header
c closing file 'simp/22-cubes/30.cubes880.adj.simp2'
c after writing 162128652 bytes 154.6 MB
c wrote 329471 clauses in 1.37 seconds process time
c 
c --- [ writing extension ] --------------------------------------------------
c 
c writing extension stack to 'simp/22-cubes/30.cubes880.adj.ext2'
c opening file to write 'simp/22-cubes/30.cubes880.adj.ext2'
c closing file 'simp/22-cubes/30.cubes880.adj.ext2'
c after writing 384 bytes 0.0 MB
c wrote 24 witnesses in 0.00 seconds process time
c 
c --- [ result ] -------------------------------------------------------------
c 
s SATISFIABLE
c 
c --- [ run-time profiling ] -------------------------------------------------
c 
c process time taken by individual solving procedures
c (percentage relative to process time for solving)
c 
c         4.60   99.99% search
c         3.96   85.94% unstable
c         2.13   46.32% parse
c         0.39    8.38% lucky
c         0.26    5.67% stable
c         0.00    0.00% simplify
c   =================================
c         4.60   56.75% solve
c 
c last line shows process time for solving
c (percentage relative to total process time)
c 
c --- [ statistics ] ---------------------------------------------------------
c 
c chronological:               273        26.45 %  of conflicts
c conflicts:                  1032       224.16    per second
c decisions:                  9766      2121.29    per second
c fixed:                        24         0.39 %  of all variables
c learned:                    1021        98.93 %  per conflict
c learned_lits:              69416       100.00 %  learned literals
c minimized:                     0         0.00 %  learned literals
c shrunken:                  30207        43.52 %  learned literals
c minishrunken:               5062         7.29 %  learned literals
c propagations:             214974         0.05 M  per second
c rephased:                      1      1032.00    interval
c restarts:                     60        17.20    interval
c stabilizing:                   1         2.91 %  of conflicts
c subsumed:                    396         0.06 %  of all clauses
c 
c seconds are measured in process time for solving
c 
c --- [ resources ] ----------------------------------------------------------
c 
c total process time since initialization:         8.11    seconds
c total real time since initialization:            9.58    seconds
c maximum resident set size of process:          214.21    MB
c 
c --- [ shutting down ] ------------------------------------------------------
c 
c exit 10
+ for i in '$(seq 1 100)'
++ sed 's/.$//'
++ rev
++ cut '-d ' -f1
++ rev
++ tail -n 1
++ grep 'c [*]' log/22-cubes/30.cubes880.adj.simp2
+ vars_remaining=72
+ ((  vars_remaining < 100 - p  ))
+ tee log/22-cubes/30.cubes880.adj.simp3
+ ./cadical/build/cadical simp/22-cubes/30.cubes880.adj.simp2 -o simp/22-cubes/30.cubes880.adj.simp3 -e simp/22-cubes/30.cubes880.adj.ext3 -n -c 200000
c --- [ banner ] -------------------------------------------------------------
c 
c CaDiCaL Radically Simplified CDCL SAT Solver
c Copyright (c) 2016-2021 A. Biere, M. Fleury, N. Froleyks
c 
c Version 1.5.2
c g++ (GCC) 9.3.0 -Wall -Wextra -O3 -DNDEBUG
c Tue Feb 8 21:15:15 EST 2022 Linux gra-login1 3.10.0-1160.36.2.el7.x86_64 x86_64
c 
c --- [ limit ] --------------------------------------------------------------
c 
c setting conflict limit to 200000 conflicts (due to '200000')
c 
c --- [ parsing input ] ------------------------------------------------------
c 
c reading DIMACS file from 'simp/22-cubes/30.cubes880.adj.simp2'
c opening file to read 'simp/22-cubes/30.cubes880.adj.simp2'
c found 'p cnf 6160 329471' header
c parsed 329471 clauses in 1.98 seconds process time
c closing file 'simp/22-cubes/30.cubes880.adj.simp2'
c after reading 162128652 bytes 154.6 MB
c 
c --- [ options ] ------------------------------------------------------------
c 
c all options are set to their default value
c 
c --- [ solving ] ------------------------------------------------------------
c 
c time measured in process time since initialization
c 
c  seconds   reductions  redundant  irredundant
c          MB    restarts       trail      variables
c           level   conflicts       glue        remaining
c 
c *  1.98 161  0 0   0    0    0  0% 0 329471 4466 72%
c {  2.35 183  0 0   0    0    0  0% 0 329471 4466 72%
c i  2.63 190 129 0   2   24   19 28% 20 329471 4465 72%
c i  3.07 198 140 0   7   83   68 19% 32 329471 4464 72%
c -  3.60 199 50 1  11  300   99 11% 16 329465 4464 72%
c i  3.73 201 44 1  11  354  107 11% 14 329465 4463 72%
c i  3.88 201 46 1  12  364  113 11% 16 329465 4462 72%
c i  4.01 202 48 1  13  372  119 12% 17 329465 4461 72%
c i  4.27 203 51 1  18  386  130 12% 19 329465 4460 72%
c }  4.57 203 25 1  31 1002  191  9% 13 329465 4460 72%
c [  4.57 203  0 1  31 1002  191  0% 0 329465 4460 72%
c O  4.57 203 26 1  31 1003  192  2% 2 329465 4460 72%
c ]  5.02 205 53 1  31 1070  251 26% 16 329465 4460 72%
c 1  5.02 205 53 1  31 1070  251 26% 16 329465 4460 72%
c 
c --- [ writing output ] -----------------------------------------------------
c 
c writing simplified CNF to DIMACS file 'simp/22-cubes/30.cubes880.adj.simp3'
c *  5.02 205 53 1  31 1070  251 26% 16 329465 4460 72%
c opening file to write 'simp/22-cubes/30.cubes880.adj.simp3'
c writing 'p cnf 6160 329453' header
c closing file 'simp/22-cubes/30.cubes880.adj.simp3'
c after writing 160305005 bytes 152.9 MB
c wrote 329453 clauses in 1.50 seconds process time
c 
c --- [ writing extension ] --------------------------------------------------
c 
c writing extension stack to 'simp/22-cubes/30.cubes880.adj.ext3'
c opening file to write 'simp/22-cubes/30.cubes880.adj.ext3'
c closing file 'simp/22-cubes/30.cubes880.adj.ext3'
c after writing 94 bytes 0.0 MB
c wrote 6 witnesses in 0.00 seconds process time
c 
c --- [ result ] -------------------------------------------------------------
c 
s SATISFIABLE
c 
c --- [ run-time profiling ] -------------------------------------------------
c 
c process time taken by individual solving procedures
c (percentage relative to process time for solving)
c 
c         3.05   99.99% search
c         2.23   73.16% unstable
c         1.98   64.83% parse
c         0.45   14.72% stable
c         0.37   12.10% lucky
c         0.00    0.00% simplify
c   =================================
c         3.05   46.69% solve
c 
c last line shows process time for solving
c (percentage relative to total process time)
c 
c --- [ statistics ] ---------------------------------------------------------
c 
c chronological:               133        12.43 %  of conflicts
c conflicts:                  1070       351.23    per second
c decisions:                  7414      2433.64    per second
c fixed:                         6         0.10 %  of all variables
c learned:                    1060        99.07 %  per conflict
c learned_lits:              40602       100.00 %  learned literals
c minimized:                     0         0.00 %  learned literals
c shrunken:                  19585        48.24 %  learned literals
c minishrunken:               1076         2.65 %  learned literals
c propagations:             114318         0.04 M  per second
c rephased:                      1      1070.00    interval
c restarts:                     31        34.52    interval
c stabilizing:                   1         6.36 %  of conflicts
c subsumed:                    803         0.12 %  of all clauses
c 
c seconds are measured in process time for solving
c 
c --- [ resources ] ----------------------------------------------------------
c 
c total process time since initialization:         6.53    seconds
c total real time since initialization:            8.90    seconds
c maximum resident set size of process:          204.95    MB
c 
c --- [ shutting down ] ------------------------------------------------------
c 
c exit 10
+ for i in '$(seq 1 100)'
++ sed 's/.$//'
++ rev
++ cut '-d ' -f1
++ rev
++ tail -n 1
++ grep 'c [*]' log/22-cubes/30.cubes880.adj.simp3
+ vars_remaining=72
+ ((  vars_remaining < 100 - p  ))
+ tee log/22-cubes/30.cubes880.adj.simp4
+ ./cadical/build/cadical simp/22-cubes/30.cubes880.adj.simp3 -o simp/22-cubes/30.cubes880.adj.simp4 -e simp/22-cubes/30.cubes880.adj.ext4 -n -c 200000
c --- [ banner ] -------------------------------------------------------------
c 
c CaDiCaL Radically Simplified CDCL SAT Solver
c Copyright (c) 2016-2021 A. Biere, M. Fleury, N. Froleyks
c 
c Version 1.5.2
c g++ (GCC) 9.3.0 -Wall -Wextra -O3 -DNDEBUG
c Tue Feb 8 21:15:15 EST 2022 Linux gra-login1 3.10.0-1160.36.2.el7.x86_64 x86_64
c 
c --- [ limit ] --------------------------------------------------------------
c 
c setting conflict limit to 200000 conflicts (due to '200000')
c 
c --- [ parsing input ] ------------------------------------------------------
c 
c reading DIMACS file from 'simp/22-cubes/30.cubes880.adj.simp3'
c opening file to read 'simp/22-cubes/30.cubes880.adj.simp3'
c found 'p cnf 6160 329453' header
c parsed 329453 clauses in 2.02 seconds process time
c closing file 'simp/22-cubes/30.cubes880.adj.simp3'
c after reading 160305005 bytes 152.9 MB
c 
c --- [ options ] ------------------------------------------------------------
c 
c all options are set to their default value
c 
c --- [ solving ] ------------------------------------------------------------
c 
c time measured in process time since initialization
c 
c  seconds   reductions  redundant  irredundant
c          MB    restarts       trail      variables
c           level   conflicts       glue        remaining
c 
c *  2.02 159  0 0   0    0    0  0% 0 329453 4460 72%
c {  2.43 183  0 0   0    0    0  0% 0 329453 4460 72%
c i  2.90 191 57 0   4   69   52 23% 17 329453 4459 72%
c i  3.36 194 34 0   5  219  138 21% 13 329453 4458 72%
c -  3.72 194 31 1   9  300  195 23% 14 329447 4458 72%
c i  4.70 193 42 1  34  423  287 23% 23 329447 4457 72%
c i  5.49 197 47 1  69  581  420 23% 24 329447 4456 72%
c i  5.53 197 49 1  71  592  427 23% 25 329447 4455 72%
c i  5.59 197 50 1  75  611  440 23% 26 329447 4454 72%
c i  6.05 200 53 1  91  717  506 22% 27 329447 4453 72%
c i  6.05 200 53 1  91  719  506 22% 27 329447 4451 72%
c i  6.26 203 44 1  95  945  546 19% 23 329447 4450 72%
c i  6.26 203 44 1  95  947  547 19% 23 329447 4449 72%
c i  6.26 203 44 1  95  948  547 19% 23 329447 4448 72%
c i  6.35 204 44 1  95  956  554 19% 23 329447 4447 72%
c }  6.57 207 43 1  95 1001  588 20% 22 329447 4447 72%
c [  6.57 207  0 1  95 1001  588  0% 0 329447 4447 72%
c O  6.58 207 31 1  95 1002  589  2% 1 329447 4447 72%
c ]  6.72 207 47 1  95 1021  606 19% 8 329447 4447 72%
c 1  6.72 207 47 1  95 1021  606 19% 8 329447 4447 72%
c 
c --- [ writing output ] -----------------------------------------------------
c 
c writing simplified CNF to DIMACS file 'simp/22-cubes/30.cubes880.adj.simp4'
c 
c  seconds   reductions  redundant  irredundant
c          MB    restarts       trail      variables
c           level   conflicts       glue        remaining
c 
c *  6.72 207 47 1  95 1021  606 19% 8 329447 4447 72%
c opening file to write 'simp/22-cubes/30.cubes880.adj.simp4'
c writing 'p cnf 6160 329414' header
c closing file 'simp/22-cubes/30.cubes880.adj.simp4'
c after writing 155552227 bytes 148.3 MB
c wrote 329414 clauses in 1.19 seconds process time
c 
c --- [ writing extension ] --------------------------------------------------
c 
c writing extension stack to 'simp/22-cubes/30.cubes880.adj.ext4'
c opening file to write 'simp/22-cubes/30.cubes880.adj.ext4'
c closing file 'simp/22-cubes/30.cubes880.adj.ext4'
c after writing 208 bytes 0.0 MB
c wrote 13 witnesses in 0.00 seconds process time
c 
c --- [ result ] -------------------------------------------------------------
c 
s SATISFIABLE
c 
c --- [ run-time profiling ] -------------------------------------------------
c 
c process time taken by individual solving procedures
c (percentage relative to process time for solving)
c 
c         4.70   99.99% search
c         4.15   88.25% unstable
c         2.02   43.02% parse
c         0.40    8.59% lucky
c         0.15    3.15% stable
c         0.00    0.00% simplify
c   =================================
c         4.70   59.43% solve
c 
c last line shows process time for solving
c (percentage relative to total process time)
c 
c --- [ statistics ] ---------------------------------------------------------
c 
c chronological:               313        30.66 %  of conflicts
c conflicts:                  1021       217.28    per second
c decisions:                 12165      2588.80    per second
c fixed:                        13         0.21 %  of all variables
c learned:                     988        96.77 %  per conflict
c learned_lits:              81051       100.00 %  learned literals
c minimized:                     0         0.00 %  learned literals
c shrunken:                  36927        45.56 %  learned literals
c minishrunken:               5273         6.51 %  learned literals
c propagations:             264187         0.06 M  per second
c rephased:                      1      1021.00    interval
c restarts:                     95        10.75    interval
c stabilizing:                   1         1.96 %  of conflicts
c subsumed:                    369         0.06 %  of all clauses
c 
c seconds are measured in process time for solving
c 
c --- [ resources ] ----------------------------------------------------------
c 
c total process time since initialization:         7.91    seconds
c total real time since initialization:            8.03    seconds
c maximum resident set size of process:          207.30    MB
c 
c --- [ shutting down ] ------------------------------------------------------
c 
c exit 10
+ for i in '$(seq 1 100)'
++ sed 's/.$//'
++ rev
++ cut '-d ' -f1
++ rev
++ tail -n 1
++ grep 'c [*]' log/22-cubes/30.cubes880.adj.simp4
+ vars_remaining=72
+ ((  vars_remaining < 100 - p  ))
+ tee log/22-cubes/30.cubes880.adj.simp5
+ ./cadical/build/cadical simp/22-cubes/30.cubes880.adj.simp4 -o simp/22-cubes/30.cubes880.adj.simp5 -e simp/22-cubes/30.cubes880.adj.ext5 -n -c 200000
c --- [ banner ] -------------------------------------------------------------
c 
c CaDiCaL Radically Simplified CDCL SAT Solver
c Copyright (c) 2016-2021 A. Biere, M. Fleury, N. Froleyks
c 
c Version 1.5.2
c g++ (GCC) 9.3.0 -Wall -Wextra -O3 -DNDEBUG
c Tue Feb 8 21:15:15 EST 2022 Linux gra-login1 3.10.0-1160.36.2.el7.x86_64 x86_64
c 
c --- [ limit ] --------------------------------------------------------------
c 
c setting conflict limit to 200000 conflicts (due to '200000')
c 
c --- [ parsing input ] ------------------------------------------------------
c 
c reading DIMACS file from 'simp/22-cubes/30.cubes880.adj.simp4'
c opening file to read 'simp/22-cubes/30.cubes880.adj.simp4'
c found 'p cnf 6160 329414' header
c parsed 329414 clauses in 1.86 seconds process time
c closing file 'simp/22-cubes/30.cubes880.adj.simp4'
c after reading 155552227 bytes 148.3 MB
c 
c --- [ options ] ------------------------------------------------------------
c 
c all options are set to their default value
c 
c --- [ solving ] ------------------------------------------------------------
c 
c time measured in process time since initialization
c 
c  seconds   reductions  redundant  irredundant
c          MB    restarts       trail      variables
c           level   conflicts       glue        remaining
c 
c *  1.86 157  0 0   0    0    0  0% 0 329414 4447 72%
c {  2.25 182  0 0   0    0    0  0% 0 329414 4447 72%
c i  2.66 191 102 0   4   34   28 23% 17 329414 4446 72%
c i  2.75 191 103 0   4   39   32 23% 22 329414 4445 72%
c i  2.81 194 116 0   7   49   40 22% 29 329414 4443 72%
c i  3.22 196 119 0  23  133  104 21% 41 329414 4442 72%
c i  3.25 196 111 0  23  150  117 22% 40 329414 4441 72%
c i  3.48 196 88 0  23  253  196 22% 36 329414 4440 72%
c i  3.48 196 88 0  23  254  196 22% 36 329414 4439 72%
c i  3.52 196 85 0  23  269  207 23% 36 329414 4438 72%
c i  3.52 196 83 0  23  278  207 23% 35 329414 4437 72%
c i  3.53 196 81 0  23  285  211 23% 35 329414 4436 72%
c -  3.79 196 79 1  23  300  214 23% 34 329381 4436 72%
c i  3.97 197 71 1  23  384  282 24% 33 329381 4435 72%
c i  4.37 198 64 1  28  586  448 25% 33 329381 4434 72%
c i  4.40 198 64 1  32  607  461 25% 33 329381 4433 72%
c i  5.12 199 61 1  47  846  617 25% 31 329381 4432 72%
c }  5.24 199 56 1  47 1000  724 26% 29 329381 4432 72%
c [  5.24 199  0 1  47 1000  724  0% 0 329381 4432 72%
c O  5.25 199 45 1  47 1003  727 19% 11 329381 4432 72%
c 
c  seconds   reductions  redundant   irredundant
c          MB    restarts       trail       variables
c           level   conflicts       glue         remaining
c 
c i  5.53 200 25 1  47 1193  823 20% 20 329381 4431 72%
c -  5.94 331 25 2  47 1210  743 21% 20 329366 4431 72%
c i  5.98 331 26 2  47 1226  751 22% 21 329366 4430 72%
c i  6.03 331 27 2  47 1289  793 23% 22 329366 4429 72%
c -  6.83 331 23 3  48 2575 1177 29% 20 329360 4429 72%
c ]  7.35 331 23 3  48 3000 1449 41% 20 329360 4429 72%
c {  7.35 331 56 3  48 3000 1449 35% 29 329360 4429 72%
c F  7.37 307 56 3  48 3005 1454 35% 29 329360 4429 72%
c i  7.97 307 44 3  48 3587 1875 36% 25 329360 4428 72%
c i  8.76 307 48 3  71 3829 2040 35% 24 329360 4427 72%
c i  9.20 307 48 3  78 4019 2181 34% 25 329360 4426 72%
c - 10.25 299 46 4 107 4396 1829 34% 24 329351 4426 72%
c 3 11.46 299 40 4 115 5000 4295 35% 22 329321 4411 72%
c 2 11.61 299 40 4 115 5000 4518 35% 22 329256 4410 72%
c p 15.45 299 40 4 115 5000 9357 35% 22 329256 4358 71%
c d 15.81 299 40 4 115 5000 9317 35% 22 329003 4357 71%
c # 16.97 299 35 4 115 6008 10069 36% 21 329003 4357 71%
c - 18.59 298 35 5 187 6672 2684 36% 21 329003 4357 71%
c } 19.11 298 35 5 206 7000 2816 34% 21 329003 4357 71%
c [ 19.11 298 23 5 206 7000 2816 41% 20 329003 4357 71%
c 
c  seconds   reductions  redundant   irredundant
c          MB    restarts       trail       variables
c           level   conflicts       glue         remaining
c 
c ] 19.94 298 24 5 207 7933 3459 40% 19 329003 4357 71%
c 1 19.94 298 24 5 207 7933 3459 40% 19 329003 4357 71%
c 
c --- [ writing output ] -----------------------------------------------------
c 
c writing simplified CNF to DIMACS file 'simp/22-cubes/30.cubes880.adj.simp5'
c * 19.94 298 24 5 207 7933 3459 40% 19 329003 4357 71%
c opening file to write 'simp/22-cubes/30.cubes880.adj.simp5'
c writing 'p cnf 6160 329003' header
c closing file 'simp/22-cubes/30.cubes880.adj.simp5'
c after writing 147329522 bytes 140.5 MB
c wrote 329003 clauses in 1.09 seconds process time
c 
c --- [ writing extension ] --------------------------------------------------
c 
c writing extension stack to 'simp/22-cubes/30.cubes880.adj.ext5'
c opening file to write 'simp/22-cubes/30.cubes880.adj.ext5'
c closing file 'simp/22-cubes/30.cubes880.adj.ext5'
c after writing 1759 bytes 0.0 MB
c wrote 107 witnesses in 0.00 seconds process time
c 
c --- [ result ] -------------------------------------------------------------
c 
s SATISFIABLE
c 
c --- [ run-time profiling ] -------------------------------------------------
c 
c process time taken by individual solving procedures
c (percentage relative to process time for solving)
c 
c        13.13   72.64% search
c         9.80   54.21% unstable
c         4.94   27.35% simplify
c         3.85   21.28% probe
c         2.94   16.25% stable
c         1.86   10.28% parse
c         0.39    2.18% lucky
c         0.07    0.40% ternary
c   =================================
c        18.08   85.97% solve
c 
c last line shows process time for solving
c (percentage relative to total process time)
c 
c --- [ statistics ] ---------------------------------------------------------
c 
c chronological:              1594        20.09 %  of conflicts
c conflicts:                  7933       438.85    per second
c decisions:                 27801      1537.93    per second
c fixed:                        73         1.19 %  of all variables
c learned:                    7718        97.29 %  per conflict
c learned_lits:            1429434       100.00 %  learned literals
c minimized:                     0         0.00 %  learned literals
c shrunken:                 770987        53.94 %  learned literals
c minishrunken:             141176         9.88 %  learned literals
c propagations:            2187143         0.12 M  per second
c reduced:                    2110        26.60 %  per conflict
c rephased:                      3      2644.33    interval
c restarts:                    207        38.32    interval
c stabilizing:                   2        36.97 %  of conflicts
c substituted:                  17         0.28 %  of all variables
c subsumed:                   2379         0.28 %  of all clauses
c ternary:                    2321         0.41 %  of resolved
c weakened:                     34         2.00    average size
c 
c seconds are measured in process time for solving
c 
c --- [ resources ] ----------------------------------------------------------
c 
c total process time since initialization:        21.03    seconds
c total real time since initialization:           21.23    seconds
c maximum resident set size of process:          462.34    MB
c 
c --- [ shutting down ] ------------------------------------------------------
c 
c exit 10
+ for i in '$(seq 1 100)'
++ sed 's/.$//'
++ rev
++ cut '-d ' -f1
++ rev
++ tail -n 1
++ grep 'c [*]' log/22-cubes/30.cubes880.adj.simp5
+ vars_remaining=71
+ ((  vars_remaining < 100 - p  ))
+ tee log/22-cubes/30.cubes880.adj.simp6
+ ./cadical/build/cadical simp/22-cubes/30.cubes880.adj.simp5 -o simp/22-cubes/30.cubes880.adj.simp6 -e simp/22-cubes/30.cubes880.adj.ext6 -n -c 200000
c --- [ banner ] -------------------------------------------------------------
c 
c CaDiCaL Radically Simplified CDCL SAT Solver
c Copyright (c) 2016-2021 A. Biere, M. Fleury, N. Froleyks
c 
c Version 1.5.2
c g++ (GCC) 9.3.0 -Wall -Wextra -O3 -DNDEBUG
c Tue Feb 8 21:15:15 EST 2022 Linux gra-login1 3.10.0-1160.36.2.el7.x86_64 x86_64
c 
c --- [ limit ] --------------------------------------------------------------
c 
c setting conflict limit to 200000 conflicts (due to '200000')
c 
c --- [ parsing input ] ------------------------------------------------------
c 
c reading DIMACS file from 'simp/22-cubes/30.cubes880.adj.simp5'
c opening file to read 'simp/22-cubes/30.cubes880.adj.simp5'
c found 'p cnf 6160 329003' header
c parsed 329003 clauses in 1.81 seconds process time
c closing file 'simp/22-cubes/30.cubes880.adj.simp5'
c after reading 147329522 bytes 140.5 MB
c 
c --- [ options ] ------------------------------------------------------------
c 
c all options are set to their default value
c 
c --- [ solving ] ------------------------------------------------------------
c 
c time measured in process time since initialization
c 
c  seconds   reductions  redundant  irredundant
c          MB    restarts       trail      variables
c           level   conflicts       glue        remaining
c 
c *  1.81 150  0 0   0    0    0  0% 0 329003 4357 71%
c {  1.99 163  0 0   0    0    0  0% 0 329003 4357 71%
c i  2.27 174 70 0   2   52   37 23% 8 329003 4339 70%
c -  3.82 187 39 1  39  301  152 16% 15 328702 4339 70%
c }  6.17 200 32 1 103 1001  401 13% 14 328702 4339 70%
c [  6.17 200  0 1 103 1001  401  0% 0 328702 4339 70%
c O  6.18 201 47 1 103 1002  402 10% 3 328702 4339 70%
c ]  6.43 202 69 1 103 1022  422 31% 9 328702 4339 70%
c 1  6.43 202 69 1 103 1022  422 31% 9 328702 4339 70%
c 
c --- [ writing output ] -----------------------------------------------------
c 
c writing simplified CNF to DIMACS file 'simp/22-cubes/30.cubes880.adj.simp6'
c *  6.43 202 69 1 103 1022  422 31% 9 328702 4339 70%
c opening file to write 'simp/22-cubes/30.cubes880.adj.simp6'
c writing 'p cnf 6160 328702' header
c closing file 'simp/22-cubes/30.cubes880.adj.simp6'
c after writing 145242313 bytes 138.5 MB
c wrote 328702 clauses in 1.08 seconds process time
c 
c --- [ writing extension ] --------------------------------------------------
c 
c writing extension stack to 'simp/22-cubes/30.cubes880.adj.ext6'
c opening file to write 'simp/22-cubes/30.cubes880.adj.ext6'
c closing file 'simp/22-cubes/30.cubes880.adj.ext6'
c after writing 250 bytes 0.0 MB
c wrote 18 witnesses in 0.00 seconds process time
c 
c --- [ result ] -------------------------------------------------------------
c 
s SATISFIABLE
c 
c --- [ run-time profiling ] -------------------------------------------------
c 
c process time taken by individual solving procedures
c (percentage relative to process time for solving)
c 
c         4.62   99.99% search
c         4.19   90.57% unstable
c         1.81   39.17% parse
c         0.26    5.67% stable
c         0.17    3.76% lucky
c         0.00    0.00% simplify
c   =================================
c         4.62   61.49% solve
c 
c last line shows process time for solving
c (percentage relative to total process time)
c 
c --- [ statistics ] ---------------------------------------------------------
c 
c chronological:               211        20.65 %  of conflicts
c conflicts:                  1022       221.08    per second
c decisions:                  9032      1953.85    per second
c fixed:                        18         0.29 %  of all variables
c learned:                     996        97.46 %  per conflict
c learned_lits:              46545       100.00 %  learned literals
c minimized:                     0         0.00 %  learned literals
c shrunken:                  20182        43.36 %  learned literals
c minishrunken:               3606         7.75 %  learned literals
c propagations:             171625         0.04 M  per second
c rephased:                      1      1022.00    interval
c restarts:                    103         9.92    interval
c stabilizing:                   1         2.05 %  of conflicts
c subsumed:                    569         0.09 %  of all clauses
c 
c seconds are measured in process time for solving
c 
c --- [ resources ] ----------------------------------------------------------
c 
c total process time since initialization:         7.52    seconds
c total real time since initialization:            7.63    seconds
c maximum resident set size of process:          202.36    MB
c 
c --- [ shutting down ] ------------------------------------------------------
c 
c exit 10
+ for i in '$(seq 1 100)'
++ sed 's/.$//'
++ rev
++ cut '-d ' -f1
++ rev
++ tail -n 1
++ grep 'c [*]' log/22-cubes/30.cubes880.adj.simp6
+ vars_remaining=70
+ ((  vars_remaining < 100 - p  ))
+ tee log/22-cubes/30.cubes880.adj.simp7
+ ./cadical/build/cadical simp/22-cubes/30.cubes880.adj.simp6 -o simp/22-cubes/30.cubes880.adj.simp7 -e simp/22-cubes/30.cubes880.adj.ext7 -n -c 200000
c --- [ banner ] -------------------------------------------------------------
c 
c CaDiCaL Radically Simplified CDCL SAT Solver
c Copyright (c) 2016-2021 A. Biere, M. Fleury, N. Froleyks
c 
c Version 1.5.2
c g++ (GCC) 9.3.0 -Wall -Wextra -O3 -DNDEBUG
c Tue Feb 8 21:15:15 EST 2022 Linux gra-login1 3.10.0-1160.36.2.el7.x86_64 x86_64
c 
c --- [ limit ] --------------------------------------------------------------
c 
c setting conflict limit to 200000 conflicts (due to '200000')
c 
c --- [ parsing input ] ------------------------------------------------------
c 
c reading DIMACS file from 'simp/22-cubes/30.cubes880.adj.simp6'
c opening file to read 'simp/22-cubes/30.cubes880.adj.simp6'
c found 'p cnf 6160 328702' header
c parsed 328702 clauses in 1.87 seconds process time
c closing file 'simp/22-cubes/30.cubes880.adj.simp6'
c after reading 145242313 bytes 138.5 MB
c 
c --- [ options ] ------------------------------------------------------------
c 
c all options are set to their default value
c 
c --- [ solving ] ------------------------------------------------------------
c 
c time measured in process time since initialization
c 
c  seconds   reductions  redundant  irredundant
c          MB    restarts       trail      variables
c           level   conflicts       glue        remaining
c 
c *  1.87 148  0 0   0    0    0  0% 0 328702 4339 70%
c {  2.11 162  0 0   0    0    0  0% 0 328702 4339 70%
c i  2.55 178 57 0   2   39   27 19% 5 328702 4338 70%
c -  5.03 194 87 1  56  301  240 18% 23 328699 4338 70%
c }  7.76 201 57 1 131 1000  803 23% 26 328699 4338 70%
c [  7.76 201  0 1 131 1000  803  0% 0 328699 4338 70%
c O  7.77 201 38 1 131 1002  805 15% 11 328699 4338 70%
c -  8.52 329 12 2 131 1212  882 28% 9 328699 4338 70%
c ]  8.76 329 15 2 131 1729 1320 28% 13 328699 4338 70%
c 1  8.76 329 15 2 131 1729 1320 28% 13 328699 4338 70%
c 
c --- [ writing output ] -----------------------------------------------------
c 
c writing simplified CNF to DIMACS file 'simp/22-cubes/30.cubes880.adj.simp7'
c *  8.76 329 15 2 131 1729 1320 28% 13 328699 4338 70%
c opening file to write 'simp/22-cubes/30.cubes880.adj.simp7'
c writing 'p cnf 6160 328699' header
c closing file 'simp/22-cubes/30.cubes880.adj.simp7'
c after writing 145033373 bytes 138.3 MB
c wrote 328699 clauses in 1.10 seconds process time
c 
c --- [ writing extension ] --------------------------------------------------
c 
c writing extension stack to 'simp/22-cubes/30.cubes880.adj.ext7'
c opening file to write 'simp/22-cubes/30.cubes880.adj.ext7'
c closing file 'simp/22-cubes/30.cubes880.adj.ext7'
c after writing 16 bytes 0.0 MB
c wrote 1 witnesses in 0.00 seconds process time
c 
c --- [ result ] -------------------------------------------------------------
c 
s SATISFIABLE
c 
c --- [ run-time profiling ] -------------------------------------------------
c 
c process time taken by individual solving procedures
c (percentage relative to process time for solving)
c 
c         6.89  100.00% search
c         5.65   82.01% unstable
c         1.87   27.07% parse
c         1.00   14.49% stable
c         0.24    3.49% lucky
c         0.00    0.00% simplify
c   =================================
c         6.89   69.87% solve
c 
c last line shows process time for solving
c (percentage relative to total process time)
c 
c --- [ statistics ] ---------------------------------------------------------
c 
c chronological:               471        27.24 %  of conflicts
c conflicts:                  1729       250.90    per second
c decisions:                 15060      2185.43    per second
c fixed:                         1         0.02 %  of all variables
c learned:                    1692        97.86 %  per conflict
c learned_lits:             281999       100.00 %  learned literals
c minimized:                     0         0.00 %  learned literals
c shrunken:                  95367        33.82 %  learned literals
c minishrunken:              54713        19.40 %  learned literals
c propagations:             487101         0.07 M  per second
c reduced:                      94         5.44 %  per conflict
c rephased:                      1      1729.00    interval
c restarts:                    131        13.20    interval
c stabilizing:                   1        42.16 %  of conflicts
c subsumed:                    264         0.04 %  of all clauses
c 
c seconds are measured in process time for solving
c 
c --- [ resources ] ----------------------------------------------------------
c 
c total process time since initialization:         9.86    seconds
c total real time since initialization:           10.18    seconds
c maximum resident set size of process:          329.01    MB
c 
c --- [ shutting down ] ------------------------------------------------------
c 
c exit 10
+ for i in '$(seq 1 100)'
++ sed 's/.$//'
++ rev
++ cut '-d ' -f1
++ rev
++ tail -n 1
++ grep 'c [*]' log/22-cubes/30.cubes880.adj.simp7
+ vars_remaining=70
+ ((  vars_remaining < 100 - p  ))
+ tee log/22-cubes/30.cubes880.adj.simp8
+ ./cadical/build/cadical simp/22-cubes/30.cubes880.adj.simp7 -o simp/22-cubes/30.cubes880.adj.simp8 -e simp/22-cubes/30.cubes880.adj.ext8 -n -c 200000
c --- [ banner ] -------------------------------------------------------------
c 
c CaDiCaL Radically Simplified CDCL SAT Solver
c Copyright (c) 2016-2021 A. Biere, M. Fleury, N. Froleyks
c 
c Version 1.5.2
c g++ (GCC) 9.3.0 -Wall -Wextra -O3 -DNDEBUG
c Tue Feb 8 21:15:15 EST 2022 Linux gra-login1 3.10.0-1160.36.2.el7.x86_64 x86_64
c 
c --- [ limit ] --------------------------------------------------------------
c 
c setting conflict limit to 200000 conflicts (due to '200000')
c 
c --- [ parsing input ] ------------------------------------------------------
c 
c reading DIMACS file from 'simp/22-cubes/30.cubes880.adj.simp7'
c opening file to read 'simp/22-cubes/30.cubes880.adj.simp7'
c found 'p cnf 6160 328699' header
c parsed 328699 clauses in 1.77 seconds process time
c closing file 'simp/22-cubes/30.cubes880.adj.simp7'
c after reading 145033373 bytes 138.3 MB
c 
c --- [ options ] ------------------------------------------------------------
c 
c all options are set to their default value
c 
c --- [ solving ] ------------------------------------------------------------
c 
c time measured in process time since initialization
c 
c  seconds   reductions  redundant  irredundant
c          MB    restarts       trail      variables
c           level   conflicts       glue        remaining
c 
c *  1.77 147  0 0   0    0    0  0% 0 328699 4338 70%
c {  1.99 160  0 0   0    0    0  0% 0 328699 4338 70%
c -  4.00 185 41 1  28  302  240 24% 21 328699 4338 70%
c }  6.42 191 39 1  68 1000  701 23% 23 328699 4338 70%
c [  6.42 191  0 1  68 1000  701  0% 0 328699 4338 70%
c O  6.48 191 51 1  68 1002  703 16% 14 328699 4338 70%
c -  7.18 320 16 2  68 1212  691 20% 13 328699 4338 70%
c -  8.36 320 21 3  69 2580 1289 27% 18 328699 4338 70%
c ]  8.77 320 20 3  69 3001 1567 27% 17 328699 4338 70%
c {  8.77 320 39 3  69 3001 1567 23% 23 328699 4338 70%
c F  9.01 320 39 3  69 3005 1571 14% 23 328699 4338 70%
c - 11.94 320 33 4 157 4402 1693 30% 20 328699 4338 70%
c 2 12.48 320 30 4 160 5000 3907 32% 19 328684 4338 70%
c p 14.42 320 30 4 160 5000 9533 32% 19 328684 4336 70%
c # 15.75 320 27 4 160 6007 10059 33% 18 328677 4335 70%
c - 16.96 319 26 5 177 6677 2399 34% 18 328677 4335 70%
c } 17.19 319 26 5 177 7002 2615 34% 18 328677 4335 70%
c [ 17.19 319 20 5 177 7002 2615 38% 17 328677 4335 70%
c - 19.16 319 20 6 179 9407 2519 36% 16 328677 4335 70%
c I 19.63 319 20 6 179 10009 2945 36% 17 328677 4335 70%
c 
c  seconds   reductions   redundant   irredundant
c          MB    restarts        trail       variables
c           level    conflicts       glue         remaining
c 
c s 22.17 319 35 6 181 12489 4702 36% 28 325669 4335 70%
c v 26.45 320 35 6 181 12489 4702 36% 28 325515 4335 70%
c t 26.58 320 35 6 181 12489 4694 36% 28 325285 4335 70%
c e 27.97 316 35 6 181 12489 4447 36% 28 315441 774 13%
c s 28.10 316 35 6 181 12489 4446 36% 28 315153 774 13%
c - 30.07 279 35 7 181 12595 3503 77% 28 315153 774 13%
c p 33.34 279 36 7 182 15001 7137 77% 29 315153 770 12%
c ] 33.42 279 36 7 182 15002 7138 77% 29 315153 770 12%
c { 33.42 279 26 7 182 15002 7138 191% 18 315153 770 12%
c B 33.52 279 26 7 183 15013 7149 191% 18 315153 770 12%
c - 36.52 278 30 8 362 16193 4250 163% 19 315142 770 12%
c - 44.45 278 31 9 793 20238 4913 122% 20 315142 770 12%
c W 46.15 278 31 9 865 21015 5465 118% 20 315142 770 12%
c - 47.87 278 27 10 880 24737 5163 107% 19 315142 770 12%
c F 51.94 278 27 10 1096 28017 7548 100% 19 315142 770 12%
c - 53.79 278 27 11 1180 29682 6172 98% 19 315142 770 12%
c 3 53.95 278 27 11 1180 30001 6909 97% 19 315142 770 12%
c p 54.77 278 27 11 1180 30001 8674 97% 19 315142 770 12%
c } 55.48 278 26 11 1180 31003 9348 96% 18 315142 770 12%
c [ 55.48 278 36 11 1180 31003 9348 77% 29 315142 770 12%
c 
c  seconds   reductions     redundant   irredundant
c          MB     restarts         trail       variables
c           level      conflicts       glue        remaining
c 
c - 57.65 278 31 12 1182 35079 6410 78% 26 315142 770 12%
c B 58.06 278 31 12 1183 36018 7071 78% 25 315142 770 12%
c - 61.13 278 27 13 1186 40923 6765 78% 22 315142 770 12%
c W 64.63 278 26 13 1187 45023 9356 79% 21 315142 770 12%
c s 65.89 278 25 13 1188 47169 10774 78% 21 314620 770 12%
c v 69.02 278 25 13 1188 47169 10774 78% 21 314547 770 12%
c e 70.29 296 25 13 1188 47169 10774 78% 21 314547 769 12%
c s 70.45 278 25 13 1188 47169 10773 78% 21 314121 769 12%
c - 72.02 278 25 14 1188 47217 7381 78% 21 314121 769 12%
c 2 73.58 278 25 14 1188 50001 9768 78% 21 314119 769 12%
c p 74.22 278 25 14 1188 50001 11338 78% 21 314119 769 12%
c - 77.47 278 25 15 1188 53954 8250 78% 20 314119 769 12%
c O 78.40 278 24 15 1189 55024 8882 78% 20 314119 769 12%
c ] 78.99 278 24 15 1190 55807 9412 78% 20 314119 769 12%
c 1 78.99 278 24 15 1190 55807 9412 78% 20 314119 769 12%
c 
c --- [ writing output ] -----------------------------------------------------
c 
c writing simplified CNF to DIMACS file 'simp/22-cubes/30.cubes880.adj.simp8'
c * 78.99 278 24 15 1190 55807 9412 78% 20 314119 769 12%
c opening file to write 'simp/22-cubes/30.cubes880.adj.simp8'
c writing 'p cnf 6160 314119' header
c closing file 'simp/22-cubes/30.cubes880.adj.simp8'
c after writing 143242773 bytes 136.6 MB
c wrote 314119 clauses in 1.01 seconds process time
c 
c --- [ writing extension ] --------------------------------------------------
c 
c writing extension stack to 'simp/22-cubes/30.cubes880.adj.ext8'
c opening file to write 'simp/22-cubes/30.cubes880.adj.ext8'
c closing file 'simp/22-cubes/30.cubes880.adj.ext8'
c after writing 264305 bytes 0.3 MB
c wrote 10359 witnesses in 0.00 seconds process time
c 
c --- [ result ] -------------------------------------------------------------
c 
s SATISFIABLE
c 
c --- [ run-time profiling ] -------------------------------------------------
c 
c process time taken by individual solving procedures
c (percentage relative to process time for solving)
c 
c        58.79   76.14% search
c        31.39   40.66% unstable
c        25.81   33.43% stable
c        18.43   23.86% simplify
c         7.56    9.79% vivify
c         4.92    6.38% elim
c         4.73    6.13% probe
c         1.77    2.29% parse
c         1.36    1.76% walk
c         0.54    0.70% subsume
c         0.23    0.29% lucky
c         0.20    0.26% ternary
c   =================================
c        77.22   96.53% solve
c 
c last line shows process time for solving
c (percentage relative to total process time)
c 
c --- [ statistics ] ---------------------------------------------------------
c 
c chronological:              8856        15.87 %  of conflicts
c conflicts:                 55807       722.71    per second
c decisions:                114338      1480.69    per second
c eliminated:                 3562        57.82 %  of all variables
c fixed:                         6         0.10 %  of all variables
c learned:                   54747        98.10 %  per conflict
c learned_lits:            9937833       100.00 %  learned literals
c minimized:                     0         0.00 %  learned literals
c shrunken:                6873350        69.16 %  learned literals
c minishrunken:             584930         5.89 %  learned literals
c propagations:            5213552         0.07 M  per second
c reduced:                   27512        49.30 %  per conflict
c rephased:                     10      5580.70    interval
c restarts:                   1190        46.90    interval
c stabilizing:                   3        62.37 %  of conflicts
c substituted:                   1         0.02 %  of all variables
c subsumed:                  22620         2.84 %  of all clauses
c strengthened:               8492         1.07 %  of all clauses
c ternary:                    2989         0.49 %  of resolved
c vivified:                    232         0.03 %  of all clauses
c walked:                        2     27903.50    interval
c weakened:                  10353         3.25    average size
c 
c seconds are measured in process time for solving
c 
c --- [ resources ] ----------------------------------------------------------
c 
c total process time since initialization:        80.00    seconds
c total real time since initialization:           80.36    seconds
c maximum resident set size of process:          499.89    MB
c 
c --- [ shutting down ] ------------------------------------------------------
c 
c exit 10
+ for i in '$(seq 1 100)'
++ sed 's/.$//'
++ rev
++ cut '-d ' -f1
++ rev
++ tail -n 1
++ grep 'c [*]' log/22-cubes/30.cubes880.adj.simp8
+ vars_remaining=12
+ ((  vars_remaining < 100 - p  ))
+ break
++ cut '-d ' -f3
++ head -n 1 simp/22-cubes/30.cubes880.adj.simp8
+ numvars=6160
++ cut '-d ' -f4
++ head -n 1 simp/22-cubes/30.cubes880.adj.simp8
+ numlines=314119
+ extlines_total=0
++ seq 1 8
+ for j in '$(seq 1 "$i")'
++ cut '-d ' -f1
++ wc -l simp/22-cubes/30.cubes880.adj.ext1
+ extlines_j=1664
+ extlines_total=1664
+ for j in '$(seq 1 "$i")'
++ cut '-d ' -f1
++ wc -l simp/22-cubes/30.cubes880.adj.ext2
+ extlines_j=24
+ extlines_total=1688
+ for j in '$(seq 1 "$i")'
++ cut '-d ' -f1
++ wc -l simp/22-cubes/30.cubes880.adj.ext3
+ extlines_j=6
+ extlines_total=1694
+ for j in '$(seq 1 "$i")'
++ cut '-d ' -f1
++ wc -l simp/22-cubes/30.cubes880.adj.ext4
+ extlines_j=13
+ extlines_total=1707
+ for j in '$(seq 1 "$i")'
++ cut '-d ' -f1
++ wc -l simp/22-cubes/30.cubes880.adj.ext5
+ extlines_j=107
+ extlines_total=1814
+ for j in '$(seq 1 "$i")'
++ cut '-d ' -f1
++ wc -l simp/22-cubes/30.cubes880.adj.ext6
+ extlines_j=18
+ extlines_total=1832
+ for j in '$(seq 1 "$i")'
++ cut '-d ' -f1
++ wc -l simp/22-cubes/30.cubes880.adj.ext7
+ extlines_j=1
+ extlines_total=1833
+ for j in '$(seq 1 "$i")'
++ cut '-d ' -f1
++ wc -l simp/22-cubes/30.cubes880.adj.ext8
+ extlines_j=10359
+ extlines_total=12192
+ newlines=326311
+ echo 'p cnf 6160 326311'
+ tail simp/22-cubes/30.cubes880.adj.simp8 -n +2
++ seq 1 8
+ for j in '$(seq 1 "$i")'
+ cat simp/22-cubes/30.cubes880.adj.ext1
+ for j in '$(seq 1 "$i")'
+ cat simp/22-cubes/30.cubes880.adj.ext2
+ for j in '$(seq 1 "$i")'
+ cat simp/22-cubes/30.cubes880.adj.ext3
+ for j in '$(seq 1 "$i")'
+ cat simp/22-cubes/30.cubes880.adj.ext4
+ for j in '$(seq 1 "$i")'
+ cat simp/22-cubes/30.cubes880.adj.ext5
+ for j in '$(seq 1 "$i")'
+ cat simp/22-cubes/30.cubes880.adj.ext6
+ for j in '$(seq 1 "$i")'
+ cat simp/22-cubes/30.cubes880.adj.ext7
+ for j in '$(seq 1 "$i")'
+ cat simp/22-cubes/30.cubes880.adj.ext8
+ sed -i 's/ 0.*/ 0/' 22-cubes/30.cubes880.adj.simp
============================[ Problem Statistics ]=============================
|                                                                             |
|  Number of variables:          6160                                         |
|  Number of clauses:          324506                                         |
|  Parse time:                   1.92 s                                       |
|  Simplification time:          0.04 s                                       |
|                                                                             |
============================[ Search Statistics ]====================================================
| Conflicts |          ORIGINAL         |          LEARNT          | Num Sols |      SUBGRAPHS      |
|           |    Vars  Clauses Literals |    Limit  Clauses Lit/Cl |          | Canonical Noncanon. |
=====================================================================================================
|       100 |    4354   324504 31392518 |     2000      100     91 |        0 |        15         0 |
|       281 |    4354   324535 31393176 |     2000      281     57 |        0 |        39        31 |
|       506 |    4354   324535 31393176 |     2000      506     63 |        0 |        57        31 |
|       850 |    4354   324542 31393307 |     2000      850     87 |        0 |        64        38 |
|      1366 |    4354   324552 31393716 |     2000     1366     91 |        0 |        74        48 |
|      2206 |    4354   324633 31394911 |     3601     1207     35 |        0 |       163       129 |
|      3381 |    4354   324669 31395793 |     3601     2382     76 |        0 |       215       165 |
|      5221 |    4354   324801 31398602 |     5003     2424     58 |        0 |       294       297 |
|      7834 |    4354   324852 31400002 |     6310     2544     49 |        0 |       353       348 |
|     12163 |    4354   325337 31409508 |     7560     3723     38 |        0 |       592       833 |
|     18582 |    4354   325990 31421109 |     8785     6367     49 |        0 |       875      1486 |
|     28092 |    4354   326851 31435886 |    11210     6502     37 |        0 |      1103      2347 |
|     42070 |    4354   327855 31450128 |    13604     8674     44 |        0 |      1375      3351 |
|     62608 |    4354   328932 31465392 |    16011    15019     63 |        0 |      1871      4428 |
|     92521 |    4354   329653 31479053 |    19613    19134     71 |        0 |      2235      5149 |
|    137629 |    4354   330972 31502717 |    24408    21437     66 |        0 |      3119      6468 |
|    205144 |    4354   332803 31531799 |    30411    21955     55 |        0 |      3766      8299 |
|    308811 |    4354   337944 31625969 |    37606    25417     48 |        0 |      5747     13440 |
|    467699 |    4339   328811 31441824 |    42910    37009     87 |        0 |     11950     24539 |
|    702172 |    4323   335265 31523709 |    56596    45768     65 |        0 |     19925     37329 |
|   1048917 |    4311   329481 31435965 |    57548    34865     69 |        0 |     31542     51549 |
=====================================================================================================
Number of solutions   : 0           
Canonical subgraphs   : 41829          (50 /sec)
          order  3    : 1              (200000 /sec)
          order  4    : 1              (500000 /sec)
          order  5    : 1              (250000 /sec)
          order  6    : 1              (55556 /sec)
          order  7    : 2              (10471 /sec)
          order  8    : 5              (2357 /sec)
          order  9    : 13             (553 /sec)
          order 10    : 43             (192 /sec)
          order 11    : 138            (212 /sec)
          order 12    : 273            (214 /sec)
          order 13    : 627            (140 /sec)
          order 14    : 1270           (95 /sec)
          order 15    : 11065          (65 /sec)
          order 16    : 17610          (51 /sec)
          order 17    : 5379           (36 /sec)
          order 18    : 3091           (34 /sec)
          order 19    : 1741           (34 /sec)
          order 20    : 243            (41 /sec)
          order 21    : 325            (46 /sec)
          order 22    : 0              (-nan /sec)
Noncanonical subgraphs: 78942          (326 /sec)
          order  3    : 0              (-nan /sec)
          order  4    : 0              (-nan /sec)
          order  5    : 0              (-nan /sec)
          order  6    : 0              (-nan /sec)
          order  7    : 0              (-nan /sec)
          order  8    : 0              (-nan /sec)
          order  9    : 0              (-nan /sec)
          order 10    : 0              (-nan /sec)
          order 11    : 0              (-nan /sec)
          order 12    : 0              (-nan /sec)
          order 13    : 0              (-nan /sec)
          order 14    : 2546           (3549 /sec)
          order 15    : 41319          (497 /sec)
          order 16    : 22724          (318 /sec)
          order 17    : 11885          (152 /sec)
          order 18    : 6              (2439 /sec)
          order 19    : 7              (857 /sec)
          order 20    : 32             (1509 /sec)
          order 21    : 51             (410 /sec)
Canonicity checking   : 1082.93 s
database reductions   : 64
restarts              : 2580
conflicts             : 1363327        (686 /sec)
decisions             : 1737684        (0.00 % random) (874 /sec)
propagations          : 308940873      (155460 /sec)
conflict literals     : 130896003      (57.87 % deleted)
actual reward         : 0.056447
Memory used           : 460.00 MB
CPU time              : 1987.27 s

UNSATISFIABLE
