+ '[' -z 1976 ']'
+ f=constraints_22_11.simp-noncanon.simp
+ c=22-cubes/30.cubes
+ i=1976
+ s=70
+ adj=22-cubes/30.cubes1976.adj
+ cnf=22-cubes/30.cubes1976.cnf
+ ext=22-cubes/30.cubes1976.ext
+ cnfext=22-cubes/30.cubes1976.cnfext
+ unitlines=0
++ sed '1977q;d' 22-cubes/30.cubes
+ for b in '$(sed "$((i+1))q;d" "$c")'
+ [[ a != \a ]]
+ for b in '$(sed "$((i+1))q;d" "$c")'
+ [[ -92 != \a ]]
+ [[ -92 != \0 ]]
+ unitlines=1
+ for b in '$(sed "$((i+1))q;d" "$c")'
+ [[ -137 != \a ]]
+ [[ -137 != \0 ]]
+ unitlines=2
+ for b in '$(sed "$((i+1))q;d" "$c")'
+ [[ -122 != \a ]]
+ [[ -122 != \0 ]]
+ unitlines=3
+ for b in '$(sed "$((i+1))q;d" "$c")'
+ [[ 108 != \a ]]
+ [[ 108 != \0 ]]
+ unitlines=4
+ for b in '$(sed "$((i+1))q;d" "$c")'
+ [[ -69 != \a ]]
+ [[ -69 != \0 ]]
+ unitlines=5
+ for b in '$(sed "$((i+1))q;d" "$c")'
+ [[ -49 != \a ]]
+ [[ -49 != \0 ]]
+ unitlines=6
+ for b in '$(sed "$((i+1))q;d" "$c")'
+ [[ -227 != \a ]]
+ [[ -227 != \0 ]]
+ unitlines=7
+ for b in '$(sed "$((i+1))q;d" "$c")'
+ [[ -226 != \a ]]
+ [[ -226 != \0 ]]
+ unitlines=8
+ for b in '$(sed "$((i+1))q;d" "$c")'
+ [[ -190 != \a ]]
+ [[ -190 != \0 ]]
+ unitlines=9
+ for b in '$(sed "$((i+1))q;d" "$c")'
+ [[ 225 != \a ]]
+ [[ 225 != \0 ]]
+ unitlines=10
+ for b in '$(sed "$((i+1))q;d" "$c")'
+ [[ -224 != \a ]]
+ [[ -224 != \0 ]]
+ unitlines=11
+ for b in '$(sed "$((i+1))q;d" "$c")'
+ [[ -223 != \a ]]
+ [[ -223 != \0 ]]
+ unitlines=12
+ for b in '$(sed "$((i+1))q;d" "$c")'
+ [[ -222 != \a ]]
+ [[ -222 != \0 ]]
+ unitlines=13
+ for b in '$(sed "$((i+1))q;d" "$c")'
+ [[ -221 != \a ]]
+ [[ -221 != \0 ]]
+ unitlines=14
+ for b in '$(sed "$((i+1))q;d" "$c")'
+ [[ -169 != \a ]]
+ [[ -169 != \0 ]]
+ unitlines=15
+ for b in '$(sed "$((i+1))q;d" "$c")'
+ [[ -208 != \a ]]
+ [[ -208 != \0 ]]
+ unitlines=16
+ for b in '$(sed "$((i+1))q;d" "$c")'
+ [[ 207 != \a ]]
+ [[ 207 != \0 ]]
+ unitlines=17
+ for b in '$(sed "$((i+1))q;d" "$c")'
+ [[ 135 != \a ]]
+ [[ 135 != \0 ]]
+ unitlines=18
+ for b in '$(sed "$((i+1))q;d" "$c")'
+ [[ 0 != \a ]]
+ [[ 0 != \0 ]]
++ cut '-d ' -f3
++ head -n 1 constraints_22_11.simp-noncanon.simp
+ numvars=6160
++ cut '-d ' -f4
++ head -n 1 constraints_22_11.simp-noncanon.simp
+ numlines=1786659
+ newlines=1786677
+ echo 'p cnf 6160 1786677'
+ tail constraints_22_11.simp-noncanon.simp -n +2
++ sed '1977q;d' 22-cubes/30.cubes
+ for b in '$(sed "$((i+1))q;d" "$c")'
+ [[ a != \a ]]
+ for b in '$(sed "$((i+1))q;d" "$c")'
+ [[ -92 != \a ]]
+ [[ -92 != \0 ]]
+ echo '-92 0'
+ for b in '$(sed "$((i+1))q;d" "$c")'
+ [[ -137 != \a ]]
+ [[ -137 != \0 ]]
+ echo '-137 0'
+ for b in '$(sed "$((i+1))q;d" "$c")'
+ [[ -122 != \a ]]
+ [[ -122 != \0 ]]
+ echo '-122 0'
+ for b in '$(sed "$((i+1))q;d" "$c")'
+ [[ 108 != \a ]]
+ [[ 108 != \0 ]]
+ echo '108 0'
+ for b in '$(sed "$((i+1))q;d" "$c")'
+ [[ -69 != \a ]]
+ [[ -69 != \0 ]]
+ echo '-69 0'
+ for b in '$(sed "$((i+1))q;d" "$c")'
+ [[ -49 != \a ]]
+ [[ -49 != \0 ]]
+ echo '-49 0'
+ for b in '$(sed "$((i+1))q;d" "$c")'
+ [[ -227 != \a ]]
+ [[ -227 != \0 ]]
+ echo '-227 0'
+ for b in '$(sed "$((i+1))q;d" "$c")'
+ [[ -226 != \a ]]
+ [[ -226 != \0 ]]
+ echo '-226 0'
+ for b in '$(sed "$((i+1))q;d" "$c")'
+ [[ -190 != \a ]]
+ [[ -190 != \0 ]]
+ echo '-190 0'
+ for b in '$(sed "$((i+1))q;d" "$c")'
+ [[ 225 != \a ]]
+ [[ 225 != \0 ]]
+ echo '225 0'
+ for b in '$(sed "$((i+1))q;d" "$c")'
+ [[ -224 != \a ]]
+ [[ -224 != \0 ]]
+ echo '-224 0'
+ for b in '$(sed "$((i+1))q;d" "$c")'
+ [[ -223 != \a ]]
+ [[ -223 != \0 ]]
+ echo '-223 0'
+ for b in '$(sed "$((i+1))q;d" "$c")'
+ [[ -222 != \a ]]
+ [[ -222 != \0 ]]
+ echo '-222 0'
+ for b in '$(sed "$((i+1))q;d" "$c")'
+ [[ -221 != \a ]]
+ [[ -221 != \0 ]]
+ echo '-221 0'
+ for b in '$(sed "$((i+1))q;d" "$c")'
+ [[ -169 != \a ]]
+ [[ -169 != \0 ]]
+ echo '-169 0'
+ for b in '$(sed "$((i+1))q;d" "$c")'
+ [[ -208 != \a ]]
+ [[ -208 != \0 ]]
+ echo '-208 0'
+ for b in '$(sed "$((i+1))q;d" "$c")'
+ [[ 207 != \a ]]
+ [[ 207 != \0 ]]
+ echo '207 0'
+ for b in '$(sed "$((i+1))q;d" "$c")'
+ [[ 135 != \a ]]
+ [[ 135 != \0 ]]
+ echo '135 0'
+ for b in '$(sed "$((i+1))q;d" "$c")'
+ [[ 0 != \a ]]
+ [[ 0 != \0 ]]
+ ./simplify-by-var-removal.sh 22-cubes/30.cubes1976.adj 70
+ '[' -z 70 ']'
+ f=22-cubes/30.cubes1976.adj
+ p=70
++ echo 22-cubes
+ sub_dir=22-cubes
+ mkdir -p log/22-cubes
+ mkdir -p simp/22-cubes
+ tee log/22-cubes/30.cubes1976.adj.simp1
+ ./cadical/build/cadical 22-cubes/30.cubes1976.adj -o simp/22-cubes/30.cubes1976.adj.simp1 -e simp/22-cubes/30.cubes1976.adj.ext1 -n -c 200000
c --- [ banner ] -------------------------------------------------------------
c 
c CaDiCaL Radically Simplified CDCL SAT Solver
c Copyright (c) 2016-2021 A. Biere, M. Fleury, N. Froleyks
c 
c Version 1.5.2
c g++ (GCC) 9.3.0 -Wall -Wextra -O3 -DNDEBUG
c Tue Feb 8 21:15:15 EST 2022 Linux gra-login1 3.10.0-1160.36.2.el7.x86_64 x86_64
c 
c --- [ limit ] --------------------------------------------------------------
c 
c setting conflict limit to 200000 conflicts (due to '200000')
c 
c --- [ parsing input ] ------------------------------------------------------
c 
c reading DIMACS file from '22-cubes/30.cubes1976.adj'
c opening file to read '22-cubes/30.cubes1976.adj'
c found 'p cnf 6160 1786677' header
c parsed 1786677 clauses in 18.45 seconds process time
c closing file '22-cubes/30.cubes1976.adj'
c after reading 1542541735 bytes 1471.1 MB
c 
c --- [ options ] ------------------------------------------------------------
c 
c all options are set to their default value
c 
c --- [ solving ] ------------------------------------------------------------
c 
c time measured in process time since initialization
c 
c  seconds    reductions  redundant   irredundant
c          MB     restarts       trail       variables
c            level   conflicts       glue         remaining
c 
c * 18.45 1476  0 0   0    0    0  0% 0 1785954 4551 74%
c { 19.49 1546  0 0   0    0    0  0% 0 1785954 4551 74%
c i 20.67 1571 111 0   0   29   27 49% 3 1785954 4543 74%
c i 23.52 1603 88 0  29  171  146 49% 22 1785954 4542 74%
c - 29.94 1563 108 1  43  303  240 48% 26 488983 4542 74%
c i 30.30 1564 104 1  48  321  253 48% 26 488983 4541 74%
c i 30.36 1564 104 1  49  323  254 48% 26 488983 4540 74%
c i 31.95 1565 93 1  78  483  379 49% 29 488983 4539 74%
c i 32.80 1566 81 1  92  656  520 50% 29 488983 4538 74%
c } 33.08 1566 61 1  92 1002  704 50% 23 488983 4538 74%
c [ 33.08 1566  0 1  92 1002  704  0% 0 488983 4538 74%
c O 33.08 1566  2 1  92 1003  705 27% 1 488983 4538 74%
c i 33.12 1566  2 1  92 1012  709 28% 2 488983 4511 73%
c i 33.34 1566 20 1  92 1118  757 45% 16 488983 4510 73%
c i 33.35 1566 20 1  92 1121  759 45% 16 488983 4509 73%
c i 33.46 1566 24 1  92 1252  853 53% 20 488983 4508 73%
c i 33.47 1566 24 1  92 1253  853 53% 20 488983 4507 73%
c i 33.49 1566 24 1  92 1264  862 53% 20 488983 4506 73%
c - 34.43 1799 25 2  92 1316  807 54% 21 488588 4506 73%
c i 34.58 1799 25 2  92 1354  835 54% 21 488588 4505 73%
c 
c  seconds    reductions  redundant   irredundant
c          MB     restarts       trail       variables
c            level   conflicts       glue         remaining
c 
c i 34.69 1799 26 2  92 1466  921 55% 22 488588 4504 73%
c i 34.72 1799 26 2  92 1516  958 55% 22 488588 4503 73%
c i 35.19 1799 24 2  93 2263 1464 56% 21 488588 4502 73%
c - 36.17 1798 23 3  93 2836 1508 56% 20 488576 4502 73%
c i 36.71 1797 23 3  93 2853 1524 39% 19 488576 4501 73%
c ] 36.85 1797 23 3  93 3003 1655 42% 20 488576 4501 73%
c { 36.85 1797 61 3  93 3003 1655 68% 23 488576 4501 73%
c F 36.85 1797 61 3  93 3004 1656 68% 23 488576 4501 73%
c i 37.21 1797 60 3  96 3082 1715 65% 23 488576 4500 73%
c i 39.93 1798 69 3 156 3356 1949 58% 27 488576 4499 73%
c i 40.79 1798 67 3 166 3493 2015 55% 26 488576 4498 73%
c i 40.95 1798 67 3 166 3511 2030 55% 26 488576 4497 73%
c i 42.09 1797 68 3 197 3639 2139 53% 27 488576 4496 73%
c i 43.02 1797 63 3 209 3874 2214 49% 26 488576 4495 73%
c i 43.11 1797 63 3 209 3888 2225 49% 26 488576 4494 73%
c i 44.09 1797 63 3 217 4017 2338 48% 26 488576 4493 73%
c i 47.26 1797 57 3 263 4784 2744 42% 24 488576 4492 73%
c - 48.32 1793 57 4 269 4862 1918 41% 24 488546 4492 73%
c i 49.06 1793 58 4 293 4974 2006 41% 24 488546 4491 73%
c d 49.93 1794 58 4 300 5001 2023 41% 25 373979 4480 73%
c 
c  seconds    reductions  redundant   irredundant
c          MB     restarts       trail       variables
c            level   conflicts       glue         remaining
c 
c 3 49.98 1794 58 4 300 5001 3916 41% 25 373979 4480 73%
c 2 50.08 1794 58 4 300 5001 4128 41% 25 373866 4455 72%
c p 55.13 1794 58 4 300 5001 8704 41% 25 373866 4357 71%
c d 55.82 1794 58 4 300 5001 8470 41% 25 372639 4354 71%
c # 59.14 1794 53 4 351 6007 9300 40% 24 372639 4354 71%
c } 61.73 1794 49 4 409 7003 10074 40% 24 372639 4354 71%
c [ 61.73 1794 23 4 409 7003 10074 42% 20 372639 4354 71%
c - 62.24 1446 24 5 410 7395 3247 42% 20 372639 4354 71%
c I 63.47 1446 25 5 411 10009 5086 41% 22 372639 4354 71%
c - 64.62 1599 26 6 412 10223 3553 40% 22 372639 4354 71%
c - 69.27 1446 28 7 414 13522 3981 40% 23 372639 4354 71%
c ] 70.70 1446 29 7 414 15004 5090 40% 23 372639 4354 71%
c { 70.70 1446 49 7 414 15004 5090 40% 24 372639 4354 71%
c 2 70.80 1446 49 7 414 15004 7279 40% 24 372613 4354 71%
c p 73.88 1446 49 7 414 15004 11935 40% 24 372613 4354 71%
c B 74.16 1446 49 7 414 15011 11942 40% 24 372613 4354 71%
c s 75.99 1446 42 7 457 17235 13149 39% 23 370316 4354 71%
c v 85.39 1446 42 7 457 17235 13149 39% 23 370005 4354 71%
c w 85.68 1446 42 7 457 17235 13143 39% 23 370005 4354 71%
c t 85.69 1446 42 7 457 17235 13127 39% 23 369877 4354 71%
c 
c  seconds    reductions   redundant   irredundant
c          MB     restarts        trail       variables
c            level    conflicts       glue         remaining
c 
c e 87.18 1446 42 7 457 17235 8305 39% 23 362322 1306 21%
c s 87.32 1446 42 7 457 17235 8305 39% 23 362077 1306 21%
c - 89.41 1446 42 8 457 17293 4844 56% 22 362077 1306 21%
c W 90.59 1446 33 8 457 21015 7175 60% 20 362077 1306 21%
c - 90.92 1447 32 9 457 21502 4836 60% 19 362077 1306 21%
c - 97.79 1447 32 10 768 26178 5801 58% 19 362077 1306 21%
c F 103.60 1447 32 10 925 28016 6998 57% 20 362077 1306 21%
c p 117.81 1447 36 10 1377 30007 11991 57% 21 362077 1306 21%
c } 122.04 1447 36 10 1504 31004 12760 57% 22 362077 1306 21%
c [ 122.04 1447 29 10 1504 31004 12760 136% 23 362077 1306 21%
c - 122.46 1447 29 11 1504 31323 7313 133% 24 362077 1306 21%
c B 124.28 1447 31 11 1507 36018 10580 106% 26 362077 1306 21%
c - 124.87 1447 31 12 1507 36935 7703 103% 26 362077 1306 21%
c - 127.45 1447 29 13 1511 43014 7425 89% 25 362077 1306 21%
c W 129.56 1447 30 13 1511 45021 8898 86% 25 362077 1306 21%
c - 130.94 1447 31 14 1512 49563 8714 82% 26 362077 1306 21%
c s 131.17 1447 31 14 1512 49701 8820 82% 26 361715 1306 21%
c v 138.64 1447 31 14 1512 49701 8820 82% 26 361448 1306 21%
c w 138.94 1447 31 14 1512 49701 8818 82% 26 361448 1306 21%
c t 138.94 1447 31 14 1512 49701 8815 82% 26 361448 1306 21%
c 
c  seconds     reductions     redundant   irredundant
c           MB      restarts         trail       variables
c             level      conflicts       glue         remaining
c 
c s 140.50 1447 31 14 1512 49701 8815 82% 26 360974 1306 21%
c p 143.65 1447 31 14 1512 50007 12555 81% 26 360974 1306 21%
c O 145.49 1447 31 14 1513 55022 15921 78% 26 360974 1306 21%
c - 146.28 1447 30 15 1515 56578 9501 77% 26 360974 1306 21%
c ] 148.16 1447 29 15 1519 63004 13105 74% 25 360974 1306 21%
c { 148.16 1447 36 15 1519 63004 13105 57% 22 360974 1306 21%
c - 148.79 1447 35 16 1541 64054 8871 57% 21 360974 1306 21%
c B 149.65 1447 34 16 1551 66027 10197 57% 21 360974 1306 21%
c - 157.42 1447 33 17 1834 71997 10190 58% 21 360974 1306 21%
c p 166.02 1447 33 17 2011 75007 16146 58% 21 360974 1306 21%
c W 169.78 1447 32 17 2054 78030 18094 58% 20 360974 1306 21%
c - 172.66 1447 31 18 2168 80407 11676 58% 20 360974 1306 21%
c - 183.22 1447 29 19 2357 89286 12445 58% 19 360974 1306 21%
c # 184.13 1447 28 19 2390 91032 13576 58% 19 360974 1306 21%
c s 191.86 1447 27 19 2617 98365 18503 59% 18 360472 1306 21%
c v 199.23 1447 27 19 2617 98365 18503 59% 18 359455 1306 21%
c w 199.62 1447 27 19 2617 98365 18503 59% 18 359455 1306 21%
c t 199.63 1447 27 19 2617 98365 18499 59% 18 359455 1306 21%
c s 201.28 1447 27 19 2617 98365 18499 59% 18 358637 1306 21%
c - 204.03 1447 27 20 2673 98630 13454 59% 18 358637 1306 21%
c 
c  seconds     reductions       redundant   irredundant
c           MB      restarts           trail       variables
c             level      conflicts         glue         remaining
c 
c p 222.96 1447 28 20 3390 105008 22426 59% 19 358637 1306 21%
c B 223.26 1447 28 20 3390 105033 22444 59% 19 358637 1306 21%
c - 232.43 1447 29 21 3776 108425 15436 59% 19 358637 1306 21%
c - 244.97 1447 28 22 4116 118686 15534 59% 19 358637 1306 21%
c W 248.05 1447 27 22 4120 120034 16413 59% 19 358637 1306 21%
c } 250.94 1447 26 22 4337 127008 21155 59% 19 358637 1306 21%
c [ 250.94 1447 29 22 4337 127008 21155 74% 25 358637 1306 21%
c ] 251.71 1447 29 22 4337 128995 22256 73% 24 358637 1306 21%
c 1 251.71 1447 29 22 4337 128995 22256 73% 24 358637 1306 21%
c 
c --- [ writing output ] -----------------------------------------------------
c 
c writing simplified CNF to DIMACS file 'simp/22-cubes/30.cubes1976.adj.simp1'
c * 251.71 1447 29 22 4337 128995 22256 73% 24 358637 1306 21%
c opening file to write 'simp/22-cubes/30.cubes1976.adj.simp1'
c writing 'p cnf 6160 358637' header
c closing file 'simp/22-cubes/30.cubes1976.adj.simp1'
c after writing 175794481 bytes 167.7 MB
c wrote 358637 clauses in 1.28 seconds process time
c 
c --- [ writing extension ] --------------------------------------------------
c 
c writing extension stack to 'simp/22-cubes/30.cubes1976.adj.ext1'
c opening file to write 'simp/22-cubes/30.cubes1976.adj.ext1'
c closing file 'simp/22-cubes/30.cubes1976.adj.ext1'
c after writing 236595 bytes 0.2 MB
c wrote 10109 witnesses in 0.00 seconds process time
c 
c --- [ result ] -------------------------------------------------------------
c 
s SATISFIABLE
c 
c --- [ run-time profiling ] -------------------------------------------------
c 
c process time taken by individual solving procedures
c (percentage relative to process time for solving)
c 
c       181.61   77.86% search
c       150.07   64.34% unstable
c        51.64   22.14% simplify
c        26.43   11.33% stable
c        25.10   10.76% vivify
c        18.45    7.91% parse
c        15.05    6.45% probe
c         8.05    3.45% elim
c         4.07    1.74% walk
c         1.26    0.54% subsume
c         1.04    0.45% lucky
c         0.35    0.15% ternary
c   =================================
c       233.25   92.20% solve
c 
c last line shows process time for solving
c (percentage relative to total process time)
c 
c --- [ statistics ] ---------------------------------------------------------
c 
c chronological:             25079        19.44 %  of conflicts
c conflicts:                128995       553.02    per second
c decisions:                364850      1564.17    per second
c eliminated:                 3048        49.48 %  of all variables
c fixed:                      1792        29.09 %  of all variables
c learned:                  125863        97.57 %  per conflict
c learned_lits:           24240103       100.00 %  learned literals
c minimized:                     0         0.00 %  learned literals
c shrunken:               14916295        61.54 %  learned literals
c minishrunken:            1882683         7.77 %  learned literals
c propagations:           13211167         0.06 M  per second
c reduced:                   64900        50.31 %  per conflict
c rephased:                     15      8599.67    interval
c restarts:                   4337        29.74    interval
c stabilizing:                   4        34.10 %  of conflicts
c substituted:                  14         0.23 %  of all variables
c subsumed:                  45840         1.11 %  of all clauses
c strengthened:              22778         0.55 %  of all clauses
c ternary:                    7643         0.50 %  of resolved
c vivified:                   1609         0.04 %  of all clauses
c walked:                        4     32248.75    interval
c weakened:                   8317         3.23    average size
c 
c seconds are measured in process time for solving
c 
c --- [ resources ] ----------------------------------------------------------
c 
c total process time since initialization:       252.99    seconds
c total real time since initialization:          253.15    seconds
c maximum resident set size of process:         2029.09    MB
c 
c --- [ shutting down ] ------------------------------------------------------
c 
c exit 10
++ seq 1 100
+ for i in '$(seq 1 100)'
++ sed 's/.$//'
++ rev
++ cut '-d ' -f1
++ rev
++ tail -n 1
++ grep 'c [*]' log/22-cubes/30.cubes1976.adj.simp1
+ vars_remaining=21
+ ((  vars_remaining < 100 - p  ))
+ break
++ cut '-d ' -f3
++ head -n 1 simp/22-cubes/30.cubes1976.adj.simp1
+ numvars=6160
++ cut '-d ' -f4
++ head -n 1 simp/22-cubes/30.cubes1976.adj.simp1
+ numlines=358637
+ extlines_total=0
++ seq 1 1
+ for j in '$(seq 1 "$i")'
++ cut '-d ' -f1
++ wc -l simp/22-cubes/30.cubes1976.adj.ext1
+ extlines_j=10109
+ extlines_total=10109
+ newlines=368746
+ echo 'p cnf 6160 368746'
+ tail simp/22-cubes/30.cubes1976.adj.simp1 -n +2
++ seq 1 1
+ for j in '$(seq 1 "$i")'
+ cat simp/22-cubes/30.cubes1976.adj.ext1
+ sed -i 's/ 0.*/ 0/' 22-cubes/30.cubes1976.adj.simp
============================[ Problem Statistics ]=============================
|                                                                             |
|  Number of variables:          6160                                         |
|  Number of clauses:          366954                                         |
|  Parse time:                   2.33 s                                       |
|  Simplification time:          0.06 s                                       |
|                                                                             |
============================[ Search Statistics ]====================================================
| Conflicts |          ORIGINAL         |          LEARNT          | Num Sols |      SUBGRAPHS      |
|           |    Vars  Clauses Literals |    Limit  Clauses Lit/Cl |          | Canonical Noncanon. |
=====================================================================================================
|       124 |    4368   366978 38017518 |     2000      124     72 |        0 |        26        24 |
|       275 |    4368   366979 38017544 |     2000      275    101 |        0 |        30        25 |
|       517 |    4368   366996 38018120 |     2000      517    112 |        0 |        42        42 |
|       862 |    4368   367004 38018395 |     2000      862    118 |        0 |        47        50 |
|      1376 |    4368   367012 38018608 |     2000     1376    118 |        0 |        56        58 |
|      2161 |    4368   367038 38019471 |     3600     1161     92 |        0 |        66        84 |
|      3412 |    4368   367150 38022197 |     3600     2412     85 |        0 |       186       196 |
|      5216 |    4368   367246 38024606 |     5002     2418     67 |        0 |       271       292 |
|      7808 |    4368   367276 38025900 |     6310     2518     42 |        0 |       309       322 |
|     12257 |    4368   367881 38038073 |     7556     3813     27 |        0 |       494       927 |
|     19374 |    4368   369232 38067139 |     8782     7156     50 |        0 |       683      2278 |
|     28638 |    4368   369847 38079725 |    11209     7047     39 |        0 |       800      2893 |
|     42819 |    4368   371054 38105433 |    13615     9434     57 |        0 |      1342      4100 |
|     64139 |    4368   372913 38145199 |    17210     8549     22 |        0 |      1855      5959 |
|     94157 |    4368   373739 38162530 |    20823    10980     29 |        0 |      2191      6785 |
|    138586 |    4368   374379 38177587 |    24412    22398     69 |        0 |      2523      7425 |
|    205306 |    4368   375415 38197746 |    30416    22122     61 |        0 |      2931      8461 |
|    304733 |    4368   376316 38217162 |    37619    21352     42 |        0 |      3337      9362 |
|    459528 |    4368   383322 38359496 |    46018    31946     58 |        0 |      4446     16368 |
|    681847 |    4368   383958 38377601 |    55618    53465     71 |        0 |      5034     17004 |
|   1018959 |    4368   388545 38480605 |    68814    51773     64 |        0 |      6261     21591 |
|   1520616 |    4368   391414 38555243 |    84412    59428     61 |        1 |      7786     24459 |
|   2273826 |    4368   396442 38687555 |   103618    65444     58 |        1 |     10038     29487 |
|   3430996 |    4368   431338 39479591 |   127618    72614     45 |        1 |     15862     64383 |
|   5119688 |    4368   436619 39596796 |   155219   142107     73 |       10 |     17820     69655 |
|   7713847 |    4368   505662 41196122 |   191219   147266     52 |       11 |     24767    138697 |
|  11866410 |    4368   870550 48269752 |   238022   126832     33 |       12 |     67028    503584 |
|  17832559 |    4316   490436 37895411 |   290603   289162     73 |       16 |    109147    788217 |
|  26464635 |    4303   532744 38644756 |   353351   208986     51 |       22 |    136008    898018 |
=====================================================================================================
Number of solutions   : 22          
Canonical subgraphs   : 144576         (6 /sec)
          order  3    : 1              (200000 /sec)
          order  4    : 1              (500000 /sec)
          order  5    : 1              (200000 /sec)
          order  6    : 1              (55556 /sec)
          order  7    : 1              (8850 /sec)
          order  8    : 2              (1355 /sec)
          order  9    : 6              (315 /sec)
          order 10    : 23             (90 /sec)
          order 11    : 99             (27 /sec)
          order 12    : 558            (10 /sec)
          order 13    : 5027           (7 /sec)
          order 14    : 25313          (5 /sec)
          order 15    : 66672          (7 /sec)
          order 16    : 35445          (7 /sec)
          order 17    : 10658          (6 /sec)
          order 18    : 320            (5 /sec)
          order 19    : 155            (5 /sec)
          order 20    : 135            (4 /sec)
          order 21    : 136            (4 /sec)
          order 22    : 22             (0 /sec)
Noncanonical subgraphs: 926396         (370 /sec)
          order  3    : 0              (-nan /sec)
          order  4    : 0              (-nan /sec)
          order  5    : 0              (-nan /sec)
          order  6    : 0              (-nan /sec)
          order  7    : 0              (-nan /sec)
          order  8    : 0              (-nan /sec)
          order  9    : 0              (-nan /sec)
          order 10    : 0              (-nan /sec)
          order 11    : 0              (-nan /sec)
          order 12    : 0              (-nan /sec)
          order 13    : 0              (-nan /sec)
          order 14    : 123756         (1005 /sec)
          order 15    : 652424         (348 /sec)
          order 16    : 138877         (374 /sec)
          order 17    : 8696           (201 /sec)
          order 18    : 2521           (42 /sec)
          order 19    : 7              (13 /sec)
          order 20    : 0              (-nan /sec)
          order 21    : 0              (-nan /sec)
Canonicity checking   : 25007.6 s
database reductions   : 333
restarts              : 47866
conflicts             : 33861341       (786 /sec)
decisions             : 42928798       (0.00 % random) (996 /sec)
propagations          : 6369092334     (147763 /sec)
conflict literals     : 3712175032     (57.59 % deleted)
actual reward         : 0.061050
Memory used           : 801.00 MB
CPU time              : 43103.3 s

UNSATISFIABLE
