+ '[' -z 1940 ']'
+ f=constraints_22_11.simp-noncanon.simp
+ c=22-cubes/30.cubes
+ i=1940
+ s=70
+ adj=22-cubes/30.cubes1940.adj
+ cnf=22-cubes/30.cubes1940.cnf
+ ext=22-cubes/30.cubes1940.ext
+ cnfext=22-cubes/30.cubes1940.cnfext
+ unitlines=0
++ sed '1941q;d' 22-cubes/30.cubes
+ for b in '$(sed "$((i+1))q;d" "$c")'
+ [[ a != \a ]]
+ for b in '$(sed "$((i+1))q;d" "$c")'
+ [[ -92 != \a ]]
+ [[ -92 != \0 ]]
+ unitlines=1
+ for b in '$(sed "$((i+1))q;d" "$c")'
+ [[ -137 != \a ]]
+ [[ -137 != \0 ]]
+ unitlines=2
+ for b in '$(sed "$((i+1))q;d" "$c")'
+ [[ -122 != \a ]]
+ [[ -122 != \0 ]]
+ unitlines=3
+ for b in '$(sed "$((i+1))q;d" "$c")'
+ [[ 108 != \a ]]
+ [[ 108 != \0 ]]
+ unitlines=4
+ for b in '$(sed "$((i+1))q;d" "$c")'
+ [[ -69 != \a ]]
+ [[ -69 != \0 ]]
+ unitlines=5
+ for b in '$(sed "$((i+1))q;d" "$c")'
+ [[ -49 != \a ]]
+ [[ -49 != \0 ]]
+ unitlines=6
+ for b in '$(sed "$((i+1))q;d" "$c")'
+ [[ -227 != \a ]]
+ [[ -227 != \0 ]]
+ unitlines=7
+ for b in '$(sed "$((i+1))q;d" "$c")'
+ [[ -226 != \a ]]
+ [[ -226 != \0 ]]
+ unitlines=8
+ for b in '$(sed "$((i+1))q;d" "$c")'
+ [[ 190 != \a ]]
+ [[ 190 != \0 ]]
+ unitlines=9
+ for b in '$(sed "$((i+1))q;d" "$c")'
+ [[ -225 != \a ]]
+ [[ -225 != \0 ]]
+ unitlines=10
+ for b in '$(sed "$((i+1))q;d" "$c")'
+ [[ -188 != \a ]]
+ [[ -188 != \0 ]]
+ unitlines=11
+ for b in '$(sed "$((i+1))q;d" "$c")'
+ [[ 224 != \a ]]
+ [[ 224 != \0 ]]
+ unitlines=12
+ for b in '$(sed "$((i+1))q;d" "$c")'
+ [[ -222 != \a ]]
+ [[ -222 != \0 ]]
+ unitlines=13
+ for b in '$(sed "$((i+1))q;d" "$c")'
+ [[ 206 != \a ]]
+ [[ 206 != \0 ]]
+ unitlines=14
+ for b in '$(sed "$((i+1))q;d" "$c")'
+ [[ 0 != \a ]]
+ [[ 0 != \0 ]]
++ cut '-d ' -f3
++ head -n 1 constraints_22_11.simp-noncanon.simp
+ numvars=6160
++ cut '-d ' -f4
++ head -n 1 constraints_22_11.simp-noncanon.simp
+ numlines=1786659
+ newlines=1786673
+ echo 'p cnf 6160 1786673'
+ tail constraints_22_11.simp-noncanon.simp -n +2
++ sed '1941q;d' 22-cubes/30.cubes
+ for b in '$(sed "$((i+1))q;d" "$c")'
+ [[ a != \a ]]
+ for b in '$(sed "$((i+1))q;d" "$c")'
+ [[ -92 != \a ]]
+ [[ -92 != \0 ]]
+ echo '-92 0'
+ for b in '$(sed "$((i+1))q;d" "$c")'
+ [[ -137 != \a ]]
+ [[ -137 != \0 ]]
+ echo '-137 0'
+ for b in '$(sed "$((i+1))q;d" "$c")'
+ [[ -122 != \a ]]
+ [[ -122 != \0 ]]
+ echo '-122 0'
+ for b in '$(sed "$((i+1))q;d" "$c")'
+ [[ 108 != \a ]]
+ [[ 108 != \0 ]]
+ echo '108 0'
+ for b in '$(sed "$((i+1))q;d" "$c")'
+ [[ -69 != \a ]]
+ [[ -69 != \0 ]]
+ echo '-69 0'
+ for b in '$(sed "$((i+1))q;d" "$c")'
+ [[ -49 != \a ]]
+ [[ -49 != \0 ]]
+ echo '-49 0'
+ for b in '$(sed "$((i+1))q;d" "$c")'
+ [[ -227 != \a ]]
+ [[ -227 != \0 ]]
+ echo '-227 0'
+ for b in '$(sed "$((i+1))q;d" "$c")'
+ [[ -226 != \a ]]
+ [[ -226 != \0 ]]
+ echo '-226 0'
+ for b in '$(sed "$((i+1))q;d" "$c")'
+ [[ 190 != \a ]]
+ [[ 190 != \0 ]]
+ echo '190 0'
+ for b in '$(sed "$((i+1))q;d" "$c")'
+ [[ -225 != \a ]]
+ [[ -225 != \0 ]]
+ echo '-225 0'
+ for b in '$(sed "$((i+1))q;d" "$c")'
+ [[ -188 != \a ]]
+ [[ -188 != \0 ]]
+ echo '-188 0'
+ for b in '$(sed "$((i+1))q;d" "$c")'
+ [[ 224 != \a ]]
+ [[ 224 != \0 ]]
+ echo '224 0'
+ for b in '$(sed "$((i+1))q;d" "$c")'
+ [[ -222 != \a ]]
+ [[ -222 != \0 ]]
+ echo '-222 0'
+ for b in '$(sed "$((i+1))q;d" "$c")'
+ [[ 206 != \a ]]
+ [[ 206 != \0 ]]
+ echo '206 0'
+ for b in '$(sed "$((i+1))q;d" "$c")'
+ [[ 0 != \a ]]
+ [[ 0 != \0 ]]
+ ./simplify-by-var-removal.sh 22-cubes/30.cubes1940.adj 70
+ '[' -z 70 ']'
+ f=22-cubes/30.cubes1940.adj
+ p=70
++ echo 22-cubes
+ sub_dir=22-cubes
+ mkdir -p log/22-cubes
+ mkdir -p simp/22-cubes
+ tee log/22-cubes/30.cubes1940.adj.simp1
+ ./cadical/build/cadical 22-cubes/30.cubes1940.adj -o simp/22-cubes/30.cubes1940.adj.simp1 -e simp/22-cubes/30.cubes1940.adj.ext1 -n -c 200000
c --- [ banner ] -------------------------------------------------------------
c 
c CaDiCaL Radically Simplified CDCL SAT Solver
c Copyright (c) 2016-2021 A. Biere, M. Fleury, N. Froleyks
c 
c Version 1.5.2
c g++ (GCC) 9.3.0 -Wall -Wextra -O3 -DNDEBUG
c Tue Feb 8 21:15:15 EST 2022 Linux gra-login1 3.10.0-1160.36.2.el7.x86_64 x86_64
c 
c --- [ limit ] --------------------------------------------------------------
c 
c setting conflict limit to 200000 conflicts (due to '200000')
c 
c --- [ parsing input ] ------------------------------------------------------
c 
c reading DIMACS file from '22-cubes/30.cubes1940.adj'
c opening file to read '22-cubes/30.cubes1940.adj'
c found 'p cnf 6160 1786673' header
c parsed 1786673 clauses in 23.00 seconds process time
c closing file '22-cubes/30.cubes1940.adj'
c after reading 1542541707 bytes 1471.1 MB
c 
c --- [ options ] ------------------------------------------------------------
c 
c all options are set to their default value
c 
c --- [ solving ] ------------------------------------------------------------
c 
c time measured in process time since initialization
c 
c  seconds    reductions  redundant   irredundant
c          MB     restarts       trail       variables
c            level   conflicts       glue         remaining
c 
c * 23.00 1478  0 0   0    0    0  0% 0 1785954 4583 74%
c { 24.55 1555  0 0   0    0    0  0% 0 1785954 4583 74%
c i 27.81 1604 113 0  12   91   79 44% 6 1785954 4573 74%
c i 27.85 1604 111 0  12   93   80 44% 6 1785954 4555 74%
c i 29.46 1612 88 0  25  145  120 45% 10 1785954 4553 74%
c i 30.14 1616 89 0  30  169  143 45% 14 1785954 4552 74%
c i 30.14 1616 88 0  30  171  144 45% 14 1785954 4551 74%
c i 31.22 1623 86 0  45  228  195 46% 21 1785954 4550 74%
c i 31.93 1624 86 0  53  263  225 47% 23 1785954 4549 74%
c - 37.19 1612 83 1  65  301  256 47% 24 462389 4549 74%
c i 37.71 1482 83 1  71  326  274 47% 24 462389 4548 74%
c i 39.07 1482 76 1 101  487  404 49% 28 462389 4547 74%
c i 39.37 1482 81 1 107  513  427 49% 30 462389 4546 74%
c i 39.38 1482 81 1 108  517  428 49% 31 462389 4545 74%
c i 39.59 1482 82 1 117  547  445 49% 31 462389 4544 74%
c i 40.11 1483 81 1 123  567  459 49% 31 462389 4543 74%
c i 40.40 1483 80 1 128  632  509 50% 31 462389 4542 74%
c i 40.79 1484 83 1 133  653  525 50% 32 462389 4541 74%
c i 41.29 1484 80 1 138  694  557 49% 31 462389 4540 74%
c i 41.71 1484 84 1 141  723  581 49% 33 462389 4539 74%
c 
c  seconds    reductions  redundant   irredundant
c          MB     restarts       trail       variables
c            level   conflicts       glue         remaining
c 
c i 42.67 1484 82 1 152  796  632 49% 32 462389 4538 74%
c i 42.75 1484 81 1 152  806  640 49% 32 462389 4537 74%
c i 42.75 1484 81 1 152  807  640 49% 32 462389 4536 74%
c i 42.75 1484 81 1 152  808  640 49% 32 462389 4535 74%
c i 42.95 1484 77 1 152  859  682 49% 31 462389 4534 74%
c i 43.20 1484 74 1 152  930  746 50% 31 462389 4533 74%
c i 43.26 1484 74 1 152  934  749 50% 31 462389 4532 74%
c } 43.61 1484 74 1 155 1001  802 50% 31 462389 4532 74%
c [ 43.61 1484  0 1 155 1001  802  0% 0 462389 4532 74%
c O 43.62 1484  2 1 155 1002  803 28% 1 462389 4532 74%
c i 43.62 1484  1 1 155 1003  803 28% 0 462389 4507 73%
c i 43.63 1484  1 1 155 1006  805 28% 1 462389 4481 73%
c i 43.77 1484 16 1 155 1075  858 52% 13 462389 4480 73%
c i 43.79 1484 18 1 155 1100  875 54% 16 462389 4479 73%
c i 43.79 1484 18 1 155 1101  875 53% 15 462389 4478 73%
c i 43.87 1484 20 1 155 1212  942 56% 17 462389 4477 73%
c - 44.92 1657 20 2 155 1302  912 56% 17 461591 4477 73%
c i 45.19 1657 18 2 155 1543 1099 55% 15 461591 4476 73%
c i 45.35 1657 23 2 155 1796 1259 55% 19 461591 4475 73%
c - 46.26 1657 20 3 156 2800 1584 56% 17 461585 4475 73%
c 
c  seconds    reductions  redundant   irredundant
c          MB     restarts       trail       variables
c            level   conflicts       glue         remaining
c 
c ] 46.74 1656 20 3 156 3002 1696 39% 17 461585 4475 73%
c { 46.74 1656 74 3 156 3002 1696 69% 31 461585 4475 73%
c F 46.78 1656 74 3 156 3003 1697 69% 31 461585 4475 73%
c i 50.15 1657 58 3 197 4156 2630 50% 26 461585 4474 73%
c i 50.25 1657 56 3 197 4283 2730 50% 26 461585 4473 73%
c i 50.26 1657 56 3 197 4284 2730 50% 26 461585 4472 73%
c - 52.87 1655 59 4 257 4799 2295 47% 27 461576 4472 73%
c d 54.07 1655 58 4 273 5001 2425 45% 27 274961 4464 72%
c 3 54.11 1655 58 4 273 5001 4470 45% 27 274961 4464 72%
c 2 54.19 1655 58 4 273 5001 4544 45% 27 274846 4463 72%
c p 55.28 1655 58 4 273 5001 8870 45% 27 274846 4383 71%
c d 55.85 1655 58 4 273 5001 8691 45% 27 274025 4380 71%
c # 56.94 1655 51 4 273 6011 9479 43% 24 274025 4380 71%
c } 60.13 1656 56 4 438 7002 10226 41% 26 274025 4380 71%
c [ 60.13 1656 20 4 438 7002 10226 39% 17 274025 4380 71%
c - 60.66 1447 27 5 439 7296 3314 37% 21 274025 4380 71%
c - 62.08 1448 42 6 440 9884 3672 38% 31 274025 4380 71%
c I 62.29 1448 43 6 440 10012 3767 38% 31 274025 4380 71%
c - 66.20 1448 42 7 442 12903 4168 39% 30 274025 4380 71%
c 2 68.49 1448 41 7 443 15001 8266 39% 28 274001 4380 71%
c 
c  seconds    reductions    redundant   irredundant
c          MB     restarts         trail       variables
c            level    conflicts        glue         remaining
c 
c p 70.23 1448 41 7 443 15001 12860 39% 28 274001 4380 71%
c ] 70.30 1448 41 7 443 15002 12861 39% 28 274001 4380 71%
c { 70.30 1448 56 7 443 15002 12861 41% 26 274001 4380 71%
c B 70.40 1448 56 7 443 15015 12873 41% 26 274001 4380 71%
c - 72.47 1448 50 8 476 16353 5011 40% 25 274001 4380 71%
c s 73.14 1448 46 8 476 17214 5378 40% 24 271934 4380 71%
c v 79.30 1448 46 8 476 17214 5378 40% 24 271706 4380 71%
c t 79.44 1448 46 8 476 17214 5367 40% 24 271572 4380 71%
c e 80.60 1448 46 8 476 17214 5080 40% 24 264068 1403 23%
c s 80.75 1448 46 8 476 17214 5080 40% 24 264032 1403 23%
c - 84.18 1448 38 9 505 20237 4976 60% 21 264032 1403 23%
c W 84.77 1448 37 9 505 21019 5621 60% 21 264032 1403 23%
c - 89.44 1448 35 10 685 24503 5518 58% 21 264032 1403 23%
c F 99.08 1448 37 10 1038 28020 7935 56% 22 264032 1403 23%
c - 102.42 1448 38 11 1179 29195 6257 56% 22 264032 1403 23%
c 3 103.00 1448 38 11 1200 30009 7627 56% 22 264032 1403 23%
c d 103.20 1448 38 11 1200 30009 7641 56% 22 251019 1402 23%
c p 105.64 1448 38 11 1200 30009 9935 56% 22 251019 1401 23%
c } 106.22 1448 37 11 1200 31006 10547 56% 21 251019 1401 23%
c [ 106.22 1448 41 11 1200 31006 10547 124% 28 251019 1401 23%
c 
c  seconds     reductions     redundant    irredundant
c           MB      restarts         trail        variables
c             level      conflicts        glue         remaining
c 
c - 108.30 1448 36 12 1201 34314 6555 104% 26 251016 1401 23%
c B 109.51 1448 35 12 1203 36022 7634 98% 25 251016 1401 23%
c - 111.41 1448 36 13 1206 39773 7556 89% 27 251016 1401 23%
c W 114.81 1448 37 13 1207 45025 11379 82% 29 251016 1401 23%
c - 115.21 1448 36 14 1207 45653 8091 82% 28 251016 1401 23%
c s 116.07 1448 36 14 1208 47439 9341 80% 29 250860 1401 23%
c v 120.50 1448 36 14 1208 47439 9341 80% 29 250380 1401 23%
c t 120.65 1448 36 14 1208 47439 9340 80% 29 250379 1401 23%
c e 121.71 1448 36 14 1208 47439 9331 80% 29 249973 1312 21%
c s 121.94 1448 36 14 1208 47439 9331 80% 29 249915 1312 21%
c p 125.41 1448 36 14 1208 50013 14331 78% 29 249915 1312 21%
c - 126.50 1448 36 15 1208 51951 8317 76% 29 249915 1312 21%
c O 127.91 1448 36 15 1209 55029 10287 75% 29 249915 1312 21%
c - 129.51 1448 34 16 1212 58660 8355 73% 28 249915 1312 21%
c ] 130.75 1448 34 16 1215 63008 11033 71% 28 249915 1312 21%
c { 130.75 1448 37 16 1215 63008 11033 56% 21 249915 1312 21%
c } 133.30 1448 37 16 1339 63838 11607 56% 22 249915 1312 21%
c 1 133.30 1448 37 16 1339 63838 11607 56% 22 249915 1312 21%
c 
c --- [ writing output ] -----------------------------------------------------
c 
c writing simplified CNF to DIMACS file 'simp/22-cubes/30.cubes1940.adj.simp1'
c * 133.30 1448 37 16 1339 63838 11607 56% 22 249915 1312 21%
c opening file to write 'simp/22-cubes/30.cubes1940.adj.simp1'
c writing 'p cnf 6160 249915' header
c closing file 'simp/22-cubes/30.cubes1940.adj.simp1'
c after writing 123624668 bytes 117.9 MB
c wrote 249915 clauses in 1.09 seconds process time
c 
c --- [ writing extension ] --------------------------------------------------
c 
c writing extension stack to 'simp/22-cubes/30.cubes1940.adj.ext1'
c opening file to write 'simp/22-cubes/30.cubes1940.adj.ext1'
c closing file 'simp/22-cubes/30.cubes1940.adj.ext1'
c after writing 247332 bytes 0.2 MB
c wrote 10466 witnesses in 0.00 seconds process time
c 
c --- [ result ] -------------------------------------------------------------
c 
s SATISFIABLE
c 
c --- [ run-time profiling ] -------------------------------------------------
c 
c process time taken by individual solving procedures
c (percentage relative to process time for solving)
c 
c        86.70   78.61% search
c        56.98   51.66% unstable
c        26.90   24.39% stable
c        23.60   21.39% simplify
c        23.00   20.85% parse
c        10.81    9.80% vivify
c         6.24    5.66% probe
c         4.00    3.62% elim
c         1.56    1.41% lucky
c         1.26    1.15% walk
c         0.75    0.68% subsume
c         0.22    0.20% ternary
c   =================================
c       110.30   82.08% solve
c 
c last line shows process time for solving
c (percentage relative to total process time)
c 
c --- [ statistics ] ---------------------------------------------------------
c 
c chronological:             11917        18.67 %  of conflicts
c conflicts:                 63838       578.75    per second
c decisions:                172485      1563.73    per second
c eliminated:                 3066        49.77 %  of all variables
c fixed:                      1770        28.73 %  of all variables
c learned:                   62440        97.81 %  per conflict
c learned_lits:           12771222       100.00 %  learned literals
c minimized:                     0         0.00 %  learned literals
c shrunken:                7450336        58.34 %  learned literals
c minishrunken:            1197324         9.38 %  learned literals
c propagations:            8239212         0.07 M  per second
c reduced:                   32269        50.55 %  per conflict
c rephased:                     10      6383.80    interval
c restarts:                   1339        47.68    interval
c stabilizing:                   3        65.80 %  of conflicts
c substituted:                  12         0.19 %  of all variables
c subsumed:                  22084         0.59 %  of all clauses
c strengthened:              14039         0.37 %  of all clauses
c ternary:                    6163         0.48 %  of resolved
c vivified:                    730         0.02 %  of all clauses
c walked:                        2     31919.00    interval
c weakened:                   8696         3.27    average size
c 
c seconds are measured in process time for solving
c 
c --- [ resources ] ----------------------------------------------------------
c 
c total process time since initialization:       134.39    seconds
c total real time since initialization:          135.08    seconds
c maximum resident set size of process:         1867.99    MB
c 
c --- [ shutting down ] ------------------------------------------------------
c 
c exit 10
++ seq 1 100
+ for i in '$(seq 1 100)'
++ sed 's/.$//'
++ rev
++ cut '-d ' -f1
++ rev
++ tail -n 1
++ grep 'c [*]' log/22-cubes/30.cubes1940.adj.simp1
+ vars_remaining=21
+ ((  vars_remaining < 100 - p  ))
+ break
++ cut '-d ' -f3
++ head -n 1 simp/22-cubes/30.cubes1940.adj.simp1
+ numvars=6160
++ cut '-d ' -f4
++ head -n 1 simp/22-cubes/30.cubes1940.adj.simp1
+ numlines=249915
+ extlines_total=0
++ seq 1 1
+ for j in '$(seq 1 "$i")'
++ cut '-d ' -f1
++ wc -l simp/22-cubes/30.cubes1940.adj.ext1
+ extlines_j=10466
+ extlines_total=10466
+ newlines=260381
+ echo 'p cnf 6160 260381'
+ tail simp/22-cubes/30.cubes1940.adj.simp1 -n +2
++ seq 1 1
+ for j in '$(seq 1 "$i")'
+ cat simp/22-cubes/30.cubes1940.adj.ext1
+ sed -i 's/ 0.*/ 0/' 22-cubes/30.cubes1940.adj.simp
============================[ Problem Statistics ]=============================
|                                                                             |
|  Number of variables:          6160                                         |
|  Number of clauses:          258611                                         |
|  Parse time:                   2.03 s                                       |
|  Simplification time:          0.04 s                                       |
|                                                                             |
============================[ Search Statistics ]====================================================
| Conflicts |          ORIGINAL         |          LEARNT          | Num Sols |      SUBGRAPHS      |
|           |    Vars  Clauses Literals |    Limit  Clauses Lit/Cl |          | Canonical Noncanon. |
=====================================================================================================
|       100 |    4390   258611 26667703 |     2000      100    105 |        0 |        25         0 |
|       254 |    4390   258615 26667812 |     2000      254    106 |        0 |        35         4 |
|       488 |    4390   258624 26668107 |     2000      488    113 |        0 |        44        13 |
|       834 |    4390   258633 26668433 |     2000      834    108 |        0 |        50        22 |
|      1366 |    4390   258659 26669390 |     2000     1366    113 |        0 |        64        48 |
|      2149 |    4390   258683 26670192 |     3601     1150     73 |        0 |        78        72 |
|      3330 |    4390   258725 26671413 |     3601     2331     99 |        0 |       106       114 |
|      5271 |    4390   258958 26677040 |     5004     2475     64 |        0 |       196       347 |
|      7853 |    4390   258978 26677842 |     6305     2558     45 |        0 |       228       367 |
|     11971 |    4390   259252 26683879 |     7557     3528     41 |        0 |       344       641 |
|     18435 |    4390   259950 26697785 |     8781     6216     63 |        0 |       487      1339 |
|     27612 |    4390   260478 26711210 |    11203     6015     44 |        0 |       659      1867 |
|     41149 |    4390   261041 26725064 |    13611     7760     42 |        0 |       906      2430 |
|     61020 |    4390   261451 26734348 |    16005    13425     56 |        0 |      1211      2840 |
|     90863 |    4390   262102 26749228 |    19630    17493     71 |        0 |      1432      3491 |
|    136222 |    4390   263672 26778014 |    24416    20038     67 |        0 |      1778      5061 |
|    205759 |    4390   267525 26845787 |    30405    22564     53 |        0 |      2143      8914 |
|    305190 |    4390   268430 26865786 |    37614    21804     58 |        0 |      2469      9819 |
|    453549 |    4390   269000 26879275 |    46014    25963     59 |        1 |      2723     10388 |
|    676768 |    4390   270536 26923153 |    55621    48389     80 |        1 |      3201     11924 |
|   1011258 |    4390   272501 26973440 |    68827    44085     68 |        1 |      3902     13889 |
|   1512485 |    4390   274940 27044339 |    84422    51307     65 |        4 |      5286     16325 |
|   2263042 |    4390   277315 27112219 |   103618    54660     54 |        5 |      6393     18699 |
|   3395659 |    4390   287658 27365144 |   126425   100484     74 |        6 |      8775     29041 |
|   5132799 |    4390   341387 28703159 |   155219   155218     84 |        6 |     17959     82770 |
|   7756108 |    4390   439580 31332339 |   191217   189525     74 |        8 |     33535    180961 |
|  11582266 |    4390   478063 32390501 |   234422   196088     72 |       11 |     46369    219441 |
|  17286007 |    4390   500292 33021003 |   287221   175428     50 |       16 |     53921    241665 |
|  25967065 |    4390   659081 36722675 |   352015   243480     49 |       19 |     73941    400451 |
|  38835731 |    4390   744344 38345320 |   430038   424169     74 |       26 |     79983    485707 |
|  58151267 |    4390   884775 40840252 |   527213   380680     58 |       44 |     94519    626120 |
|  87266293 |    4377   981568 42823317 |   646027   488720     64 |       60 |    124743    978472 |
=====================================================================================================
Number of solutions   : 90          
Canonical subgraphs   : 137292         (6 /sec)
          order  3    : 1              (166667 /sec)
          order  4    : 1              (333333 /sec)
          order  5    : 1              (166667 /sec)
          order  6    : 1              (41667 /sec)
          order  7    : 1              (6667 /sec)
          order  8    : 2              (1036 /sec)
          order  9    : 6              (268 /sec)
          order 10    : 23             (74 /sec)
          order 11    : 97             (23 /sec)
          order 12    : 560            (8 /sec)
          order 13    : 5013           (5 /sec)
          order 14    : 24872          (6 /sec)
          order 15    : 73953          (7 /sec)
          order 16    : 27909          (6 /sec)
          order 17    : 3703           (5 /sec)
          order 18    : 292            (5 /sec)
          order 19    : 247            (4 /sec)
          order 20    : 254            (4 /sec)
          order 21    : 266            (4 /sec)
          order 22    : 90             (0 /sec)
Noncanonical subgraphs: 1086423        (405 /sec)
          order  3    : 0              (-nan /sec)
          order  4    : 0              (-nan /sec)
          order  5    : 0              (-nan /sec)
          order  6    : 0              (-nan /sec)
          order  7    : 0              (-nan /sec)
          order  8    : 0              (-nan /sec)
          order  9    : 0              (-nan /sec)
          order 10    : 0              (-nan /sec)
          order 11    : 0              (-nan /sec)
          order 12    : 0              (-nan /sec)
          order 13    : 0              (-nan /sec)
          order 14    : 128047         (1128 /sec)
          order 15    : 653703         (489 /sec)
          order 16    : 302239         (261 /sec)
          order 17    : 1513           (253 /sec)
          order 18    : 721            (43 /sec)
          order 19    : 22             (22 /sec)
          order 20    : 0              (-nan /sec)
          order 21    : 1              (4484 /sec)
Canonicity checking   : 25283.9 s
database reductions   : 602
restarts              : 131071
conflicts             : 110011713      (1419 /sec)
decisions             : 138007857      (0.00 % random) (1780 /sec)
propagations          : 21055870511    (271605 /sec)
conflict literals     : 13110377585    (57.86 % deleted)
actual reward         : 0.061566
Memory used           : 1104.00 MB
CPU time              : 77524 s

UNSATISFIABLE
