+ '[' -z 1152 ']'
+ f=constraints_22_11.simp-noncanon.simp
+ c=22-cubes/30.cubes
+ i=1152
+ s=70
+ adj=22-cubes/30.cubes1152.adj
+ cnf=22-cubes/30.cubes1152.cnf
+ ext=22-cubes/30.cubes1152.ext
+ cnfext=22-cubes/30.cubes1152.cnfext
+ unitlines=0
++ sed '1153q;d' 22-cubes/30.cubes
+ for b in '$(sed "$((i+1))q;d" "$c")'
+ [[ a != \a ]]
+ for b in '$(sed "$((i+1))q;d" "$c")'
+ [[ -92 != \a ]]
+ [[ -92 != \0 ]]
+ unitlines=1
+ for b in '$(sed "$((i+1))q;d" "$c")'
+ [[ 137 != \a ]]
+ [[ 137 != \0 ]]
+ unitlines=2
+ for b in '$(sed "$((i+1))q;d" "$c")'
+ [[ -121 != \a ]]
+ [[ -121 != \0 ]]
+ unitlines=3
+ for b in '$(sed "$((i+1))q;d" "$c")'
+ [[ -68 != \a ]]
+ [[ -68 != \0 ]]
+ unitlines=4
+ for b in '$(sed "$((i+1))q;d" "$c")'
+ [[ -158 != \a ]]
+ [[ -158 != \0 ]]
+ unitlines=5
+ for b in '$(sed "$((i+1))q;d" "$c")'
+ [[ -25 != \a ]]
+ [[ -25 != \0 ]]
+ unitlines=6
+ for b in '$(sed "$((i+1))q;d" "$c")'
+ [[ -153 != \a ]]
+ [[ -153 != \0 ]]
+ unitlines=7
+ for b in '$(sed "$((i+1))q;d" "$c")'
+ [[ -169 != \a ]]
+ [[ -169 != \0 ]]
+ unitlines=8
+ for b in '$(sed "$((i+1))q;d" "$c")'
+ [[ 168 != \a ]]
+ [[ 168 != \0 ]]
+ unitlines=9
+ for b in '$(sed "$((i+1))q;d" "$c")'
+ [[ -170 != \a ]]
+ [[ -170 != \0 ]]
+ unitlines=10
+ for b in '$(sed "$((i+1))q;d" "$c")'
+ [[ 171 != \a ]]
+ [[ 171 != \0 ]]
+ unitlines=11
+ for b in '$(sed "$((i+1))q;d" "$c")'
+ [[ -150 != \a ]]
+ [[ -150 != \0 ]]
+ unitlines=12
+ for b in '$(sed "$((i+1))q;d" "$c")'
+ [[ 149 != \a ]]
+ [[ 149 != \0 ]]
+ unitlines=13
+ for b in '$(sed "$((i+1))q;d" "$c")'
+ [[ -143 != \a ]]
+ [[ -143 != \0 ]]
+ unitlines=14
+ for b in '$(sed "$((i+1))q;d" "$c")'
+ [[ -167 != \a ]]
+ [[ -167 != \0 ]]
+ unitlines=15
+ for b in '$(sed "$((i+1))q;d" "$c")'
+ [[ -165 != \a ]]
+ [[ -165 != \0 ]]
+ unitlines=16
+ for b in '$(sed "$((i+1))q;d" "$c")'
+ [[ -48 != \a ]]
+ [[ -48 != \0 ]]
+ unitlines=17
+ for b in '$(sed "$((i+1))q;d" "$c")'
+ [[ 152 != \a ]]
+ [[ 152 != \0 ]]
+ unitlines=18
+ for b in '$(sed "$((i+1))q;d" "$c")'
+ [[ 164 != \a ]]
+ [[ 164 != \0 ]]
+ unitlines=19
+ for b in '$(sed "$((i+1))q;d" "$c")'
+ [[ 0 != \a ]]
+ [[ 0 != \0 ]]
++ cut '-d ' -f3
++ head -n 1 constraints_22_11.simp-noncanon.simp
+ numvars=6160
++ cut '-d ' -f4
++ head -n 1 constraints_22_11.simp-noncanon.simp
+ numlines=1786659
+ newlines=1786678
+ echo 'p cnf 6160 1786678'
+ tail constraints_22_11.simp-noncanon.simp -n +2
++ sed '1153q;d' 22-cubes/30.cubes
+ for b in '$(sed "$((i+1))q;d" "$c")'
+ [[ a != \a ]]
+ for b in '$(sed "$((i+1))q;d" "$c")'
+ [[ -92 != \a ]]
+ [[ -92 != \0 ]]
+ echo '-92 0'
+ for b in '$(sed "$((i+1))q;d" "$c")'
+ [[ 137 != \a ]]
+ [[ 137 != \0 ]]
+ echo '137 0'
+ for b in '$(sed "$((i+1))q;d" "$c")'
+ [[ -121 != \a ]]
+ [[ -121 != \0 ]]
+ echo '-121 0'
+ for b in '$(sed "$((i+1))q;d" "$c")'
+ [[ -68 != \a ]]
+ [[ -68 != \0 ]]
+ echo '-68 0'
+ for b in '$(sed "$((i+1))q;d" "$c")'
+ [[ -158 != \a ]]
+ [[ -158 != \0 ]]
+ echo '-158 0'
+ for b in '$(sed "$((i+1))q;d" "$c")'
+ [[ -25 != \a ]]
+ [[ -25 != \0 ]]
+ echo '-25 0'
+ for b in '$(sed "$((i+1))q;d" "$c")'
+ [[ -153 != \a ]]
+ [[ -153 != \0 ]]
+ echo '-153 0'
+ for b in '$(sed "$((i+1))q;d" "$c")'
+ [[ -169 != \a ]]
+ [[ -169 != \0 ]]
+ echo '-169 0'
+ for b in '$(sed "$((i+1))q;d" "$c")'
+ [[ 168 != \a ]]
+ [[ 168 != \0 ]]
+ echo '168 0'
+ for b in '$(sed "$((i+1))q;d" "$c")'
+ [[ -170 != \a ]]
+ [[ -170 != \0 ]]
+ echo '-170 0'
+ for b in '$(sed "$((i+1))q;d" "$c")'
+ [[ 171 != \a ]]
+ [[ 171 != \0 ]]
+ echo '171 0'
+ for b in '$(sed "$((i+1))q;d" "$c")'
+ [[ -150 != \a ]]
+ [[ -150 != \0 ]]
+ echo '-150 0'
+ for b in '$(sed "$((i+1))q;d" "$c")'
+ [[ 149 != \a ]]
+ [[ 149 != \0 ]]
+ echo '149 0'
+ for b in '$(sed "$((i+1))q;d" "$c")'
+ [[ -143 != \a ]]
+ [[ -143 != \0 ]]
+ echo '-143 0'
+ for b in '$(sed "$((i+1))q;d" "$c")'
+ [[ -167 != \a ]]
+ [[ -167 != \0 ]]
+ echo '-167 0'
+ for b in '$(sed "$((i+1))q;d" "$c")'
+ [[ -165 != \a ]]
+ [[ -165 != \0 ]]
+ echo '-165 0'
+ for b in '$(sed "$((i+1))q;d" "$c")'
+ [[ -48 != \a ]]
+ [[ -48 != \0 ]]
+ echo '-48 0'
+ for b in '$(sed "$((i+1))q;d" "$c")'
+ [[ 152 != \a ]]
+ [[ 152 != \0 ]]
+ echo '152 0'
+ for b in '$(sed "$((i+1))q;d" "$c")'
+ [[ 164 != \a ]]
+ [[ 164 != \0 ]]
+ echo '164 0'
+ for b in '$(sed "$((i+1))q;d" "$c")'
+ [[ 0 != \a ]]
+ [[ 0 != \0 ]]
+ ./simplify-by-var-removal.sh 22-cubes/30.cubes1152.adj 70
+ '[' -z 70 ']'
+ f=22-cubes/30.cubes1152.adj
+ p=70
++ echo 22-cubes
+ sub_dir=22-cubes
+ mkdir -p log/22-cubes
+ mkdir -p simp/22-cubes
+ tee log/22-cubes/30.cubes1152.adj.simp1
+ ./cadical/build/cadical 22-cubes/30.cubes1152.adj -o simp/22-cubes/30.cubes1152.adj.simp1 -e simp/22-cubes/30.cubes1152.adj.ext1 -n -c 200000
c --- [ banner ] -------------------------------------------------------------
c 
c CaDiCaL Radically Simplified CDCL SAT Solver
c Copyright (c) 2016-2021 A. Biere, M. Fleury, N. Froleyks
c 
c Version 1.5.2
c g++ (GCC) 9.3.0 -Wall -Wextra -O3 -DNDEBUG
c Tue Feb 8 21:15:15 EST 2022 Linux gra-login1 3.10.0-1160.36.2.el7.x86_64 x86_64
c 
c --- [ limit ] --------------------------------------------------------------
c 
c setting conflict limit to 200000 conflicts (due to '200000')
c 
c --- [ parsing input ] ------------------------------------------------------
c 
c reading DIMACS file from '22-cubes/30.cubes1152.adj'
c opening file to read '22-cubes/30.cubes1152.adj'
c found 'p cnf 6160 1786678' header
c parsed 1786678 clauses in 17.21 seconds process time
c closing file '22-cubes/30.cubes1152.adj'
c after reading 1542541739 bytes 1471.1 MB
c 
c --- [ options ] ------------------------------------------------------------
c 
c all options are set to their default value
c 
c --- [ solving ] ------------------------------------------------------------
c 
c time measured in process time since initialization
c 
c  seconds    reductions  redundant   irredundant
c          MB     restarts       trail       variables
c            level   conflicts       glue         remaining
c 
c * 17.21 1483  0 0   0    0    0  0% 0 1785954 4495 73%
c { 18.18 1529  0 0   0    0    0  0% 0 1785954 4495 73%
c i 18.28 1529  1 0   0    1    0 40% 0 1785954 4494 73%
c i 20.88 1566 46 0  12  138   93 49% 18 1785954 4493 73%
c - 26.92 1511 51 1  51  307  241 49% 23 334633 4493 73%
c i 28.22 1512 58 1  70  598  464 49% 21 334633 4492 73%
c i 28.23 1512 58 1  70  601  466 49% 21 334633 4491 73%
c i 28.73 1512 58 1  81  675  531 49% 22 334633 4482 73%
c } 29.97 1512 51 1 121 1000  801 50% 22 334633 4482 73%
c [ 29.97 1512  0 1 121 1000  801  0% 0 334633 4482 73%
c O 29.98 1512 24 1 121 1004  803 45% 14 334633 4482 73%
c - 30.82 1632 19 2 121 1222  853 56% 16 334442 4482 73%
c i 31.11 1632 17 2 121 1993 1412 57% 15 334442 4481 73%
c - 32.01 1572 19 3 122 2594 1437 39% 16 334439 4481 73%
c ] 32.24 1572 24 3 122 3003 1742 40% 19 334439 4481 73%
c { 32.24 1572 51 3 122 3003 1742 69% 22 334439 4481 73%
c F 32.25 1572 51 3 122 3005 1744 69% 22 334439 4481 73%
c i 32.28 1572 51 3 122 3012 1749 68% 22 334439 4473 73%
c i 32.45 1572 50 3 122 3051 1781 67% 22 334439 4472 73%
c i 32.88 1572 44 3 123 3432 2076 60% 21 334439 4471 73%
c 
c  seconds    reductions  redundant   irredundant
c          MB     restarts       trail       variables
c            level   conflicts       glue         remaining
c 
c i 33.20 1572 43 3 127 3565 2188 58% 21 334439 4470 73%
c i 33.35 1572 43 3 128 3659 2267 57% 21 334439 4469 73%
c i 33.36 1572 43 3 128 3668 2275 57% 21 334439 4468 73%
c i 33.37 1572 43 3 128 3674 2280 57% 21 334439 4467 73%
c i 33.53 1572 41 3 128 3863 2431 55% 21 334439 4466 72%
c i 33.95 1572 41 3 135 4145 2668 52% 21 334439 4465 72%
c - 35.53 1549 40 4 162 4424 2090 50% 21 275556 4465 72%
c 3 35.82 1549 34 4 162 5001 3482 43% 19 275546 4460 72%
c 2 35.88 1549 34 4 162 5001 3553 43% 19 275404 4422 72%
c p 40.11 1549 34 4 162 5001 9646 43% 19 275404 4392 71%
c d 40.46 1549 34 4 162 5001 8903 43% 19 254893 4387 71%
c d 40.60 1549 34 4 162 5001 8903 43% 19 254891 4386 71%
c i 43.15 1549 34 4 266 5940 9576 41% 19 254891 4385 71%
c # 43.50 1549 34 4 277 6009 9616 41% 19 254891 4385 71%
c - 44.43 1453 32 5 280 6585 2260 40% 18 254888 4385 71%
c } 44.82 1453 31 5 286 7003 2545 40% 18 254888 4385 71%
c [ 44.82 1453 24 5 286 7003 2545 40% 19 254888 4385 71%
c - 45.69 1455 24 6 287 9116 3041 41% 20 254888 4385 71%
c I 46.27 1455 25 6 288 10010 3745 41% 21 254888 4385 71%
c - 48.28 1455 27 7 290 12069 3544 39% 23 254888 4385 71%
c 
c  seconds    reductions   redundant   irredundant
c          MB     restarts        trail       variables
c            level    conflicts       glue         remaining
c 
c 2 50.12 1455 29 7 291 15001 7183 38% 24 254880 4385 71%
c p 52.48 1455 29 7 291 15001 13206 38% 24 254880 4376 71%
c ] 52.56 1455 29 7 291 15003 13208 38% 24 254880 4376 71%
c { 52.56 1455 31 7 291 15003 13208 40% 18 254880 4376 71%
c B 52.65 1455 31 7 291 15011 13215 40% 18 254880 4376 71%
c - 53.58 1455 31 8 309 15445 4237 40% 18 254853 4376 71%
c s 54.76 1455 27 8 311 17269 5321 40% 17 251902 4376 71%
c v 57.81 1455 27 8 311 17269 5321 40% 17 251690 4376 71%
c w 57.88 1455 27 8 311 17269 5317 40% 17 251690 4376 71%
c t 57.89 1455 27 8 311 17269 5305 40% 17 251366 4376 71%
c e 58.41 1456 27 8 311 17269 5031 40% 17 244454 1236 20%
c s 58.54 1456 27 8 311 17269 5030 40% 17 244399 1236 20%
c - 60.16 1456 25 9 324 19241 4577 61% 16 244399 1236 20%
c } 60.63 1456 24 9 338 20333 5360 61% 16 244399 1236 20%
c 1 60.63 1456 24 9 338 20333 5360 61% 16 244399 1236 20%
c 
c --- [ writing output ] -----------------------------------------------------
c 
c writing simplified CNF to DIMACS file 'simp/22-cubes/30.cubes1152.adj.simp1'
c * 60.63 1456 24 9 338 20333 5360 61% 16 244399 1236 20%
c opening file to write 'simp/22-cubes/30.cubes1152.adj.simp1'
c writing 'p cnf 6160 244399' header
c closing file 'simp/22-cubes/30.cubes1152.adj.simp1'
c after writing 88161528 bytes 84.1 MB
c wrote 244399 clauses in 0.59 seconds process time
c 
c --- [ writing extension ] --------------------------------------------------
c 
c writing extension stack to 'simp/22-cubes/30.cubes1152.adj.ext1'
c opening file to write 'simp/22-cubes/30.cubes1152.adj.ext1'
c closing file 'simp/22-cubes/30.cubes1152.adj.ext1'
c after writing 222122 bytes 0.2 MB
c wrote 9726 witnesses in 0.00 seconds process time
c 
c --- [ result ] -------------------------------------------------------------
c 
s SATISFIABLE
c 
c --- [ run-time profiling ] -------------------------------------------------
c 
c process time taken by individual solving procedures
c (percentage relative to process time for solving)
c 
c        31.79   73.22% search
c        23.25   53.54% unstable
c        17.21   39.63% parse
c        11.63   26.78% simplify
c         7.58   17.45% stable
c         6.58   15.15% probe
c         3.10    7.13% vivify
c         0.97    2.23% lucky
c         0.85    1.97% elim
c         0.26    0.60% subsume
c         0.09    0.21% ternary
c   =================================
c        43.42   70.92% solve
c 
c last line shows process time for solving
c (percentage relative to total process time)
c 
c --- [ statistics ] ---------------------------------------------------------
c 
c chronological:              3810        18.74 %  of conflicts
c conflicts:                 20333       468.27    per second
c decisions:                 41091       946.32    per second
c eliminated:                 3140        50.97 %  of all variables
c fixed:                      1773        28.78 %  of all variables
c learned:                   19892        97.83 %  per conflict
c learned_lits:            3313130       100.00 %  learned literals
c minimized:                     0         0.00 %  learned literals
c shrunken:                1746869        52.73 %  learned literals
c minishrunken:             391615        11.82 %  learned literals
c propagations:            4552611         0.10 M  per second
c reduced:                    8537        41.99 %  per conflict
c rephased:                      5      4066.60    interval
c restarts:                    338        60.16    interval
c stabilizing:                   2        49.20 %  of conflicts
c substituted:                  11         0.18 %  of all variables
c subsumed:                  10080         0.27 %  of all clauses
c strengthened:              36207         0.98 %  of all clauses
c ternary:                    3026         0.37 %  of resolved
c vivified:                    218         0.01 %  of all clauses
c weakened:                   7953         3.11    average size
c 
c seconds are measured in process time for solving
c 
c --- [ resources ] ----------------------------------------------------------
c 
c total process time since initialization:        61.23    seconds
c total real time since initialization:           61.73    seconds
c maximum resident set size of process:         1752.50    MB
c 
c --- [ shutting down ] ------------------------------------------------------
c 
c exit 10
++ seq 1 100
+ for i in '$(seq 1 100)'
++ sed 's/.$//'
++ rev
++ cut '-d ' -f1
++ rev
++ tail -n 1
++ grep 'c [*]' log/22-cubes/30.cubes1152.adj.simp1
+ vars_remaining=20
+ ((  vars_remaining < 100 - p  ))
+ break
++ cut '-d ' -f3
++ head -n 1 simp/22-cubes/30.cubes1152.adj.simp1
+ numvars=6160
++ cut '-d ' -f4
++ head -n 1 simp/22-cubes/30.cubes1152.adj.simp1
+ numlines=244399
+ extlines_total=0
++ seq 1 1
+ for j in '$(seq 1 "$i")'
++ cut '-d ' -f1
++ wc -l simp/22-cubes/30.cubes1152.adj.ext1
+ extlines_j=9726
+ extlines_total=9726
+ newlines=254125
+ echo 'p cnf 6160 254125'
+ tail simp/22-cubes/30.cubes1152.adj.simp1 -n +2
++ seq 1 1
+ for j in '$(seq 1 "$i")'
+ cat simp/22-cubes/30.cubes1152.adj.ext1
+ sed -i 's/ 0.*/ 0/' 22-cubes/30.cubes1152.adj.simp
============================[ Problem Statistics ]=============================
|                                                                             |
|  Number of variables:          6160                                         |
|  Number of clauses:          252352                                         |
|  Parse time:                   1.24 s                                       |
|  Simplification time:          0.03 s                                       |
|                                                                             |
============================[ Search Statistics ]====================================================
| Conflicts |          ORIGINAL         |          LEARNT          | Num Sols |      SUBGRAPHS      |
|           |    Vars  Clauses Literals |    Limit  Clauses Lit/Cl |          | Canonical Noncanon. |
=====================================================================================================
|       100 |    4387   252352 19827005 |     2000      100     56 |        0 |        11         0 |
|       250 |    4387   252352 19827005 |     2000      250     64 |        0 |        20         0 |
|       476 |    4387   252353 19827029 |     2000      476     68 |        0 |        25         1 |
|       848 |    4387   252388 19827955 |     2000      848     63 |        0 |        52        36 |
|      1360 |    4387   252394 19828128 |     2000     1360     68 |        0 |        76        42 |
|      2134 |    4387   252409 19828451 |     3599     1133     37 |        0 |       114        57 |
|      3321 |    4387   252457 19829310 |     3599     2320     46 |        0 |       169       105 |
|      5293 |    4387   252721 19836318 |     5003     2496     42 |        0 |       320       369 |
|      7880 |    4387   252746 19837112 |     6308     2588     31 |        0 |       383       394 |
|     12294 |    4387   253316 19849676 |     7557     3851     33 |        0 |       630       964 |
|     19243 |    4387   254499 19869956 |     8779     7022     44 |        0 |      1261      2147 |
|     28295 |    4387   254902 19878682 |    11198     6693     37 |        0 |      1558      2550 |
|     42233 |    4387   255866 19898361 |    13614     8847     41 |        0 |      2129      3514 |
|     64290 |    4387   258462 19944658 |    17217     8707     23 |        0 |      2948      6110 |
|     95503 |    4387   260483 19980052 |    20807    12310     35 |        0 |      3840      8131 |
|    141579 |    4387   262770 20024884 |    25622    13201     28 |        0 |      4765     10418 |
|    214189 |    4387   269696 20137679 |    31615    15804     28 |        0 |      6987     17344 |
|    321893 |    4387   278874 20349443 |    38811    19704     27 |        0 |      9828     26522 |
|    503308 |    4387   312500 20901095 |    48424    29132     33 |        0 |     19326     60148 |
|    774329 |    4387   361838 21666506 |    60409    31138     26 |        0 |     33014    109486 |
|   1178667 |    4387   433651 22718920 |    73620    70287     51 |        0 |     49638    181299 |
|   1817567 |    4376   458067 22801381 |    91326    46893     29 |        0 |     80451    321411 |
=====================================================================================================
Number of solutions   : 0           
Canonical subgraphs   : 87170          (40 /sec)
          order  3    : 1              (250000 /sec)
          order  4    : 1              (500000 /sec)
          order  5    : 1              (250000 /sec)
          order  6    : 1              (52632 /sec)
          order  7    : 2              (9662 /sec)
          order  8    : 6              (2414 /sec)
          order  9    : 12             (494 /sec)
          order 10    : 56             (157 /sec)
          order 11    : 311            (59 /sec)
          order 12    : 2103           (43 /sec)
          order 13    : 12438          (57 /sec)
          order 14    : 40237          (43 /sec)
          order 15    : 22116          (36 /sec)
          order 16    : 4458           (35 /sec)
          order 17    : 1828           (25 /sec)
          order 18    : 1816           (23 /sec)
          order 19    : 1703           (22 /sec)
          order 20    : 72             (27 /sec)
          order 21    : 8              (22 /sec)
          order 22    : 0              (-nan /sec)
Noncanonical subgraphs: 355047         (418 /sec)
          order  3    : 0              (-nan /sec)
          order  4    : 0              (-nan /sec)
          order  5    : 0              (-nan /sec)
          order  6    : 0              (-nan /sec)
          order  7    : 0              (-nan /sec)
          order  8    : 0              (-nan /sec)
          order  9    : 0              (-nan /sec)
          order 10    : 0              (-nan /sec)
          order 11    : 0              (-nan /sec)
          order 12    : 0              (-nan /sec)
          order 13    : 0              (-nan /sec)
          order 14    : 138422         (895 /sec)
          order 15    : 193292         (338 /sec)
          order 16    : 21596          (201 /sec)
          order 17    : 1725           (109 /sec)
          order 18    : 0              (-nan /sec)
          order 19    : 3              (3015 /sec)
          order 20    : 1              (116 /sec)
          order 21    : 0              (-nan /sec)
Canonicity checking   : 3032.98 s
database reductions   : 78
restarts              : 3836
conflicts             : 1973701        (501 /sec)
decisions             : 2762977        (0.00 % random) (701 /sec)
propagations          : 416275281      (105648 /sec)
conflict literals     : 159695897      (56.32 % deleted)
actual reward         : 0.054067
Memory used           : 389.00 MB
CPU time              : 3940.22 s

UNSATISFIABLE
