+ '[' -z 1047 ']'
+ f=constraints_22_11.simp-noncanon.simp
+ c=22-cubes/30.cubes
+ i=1047
+ s=70
+ adj=22-cubes/30.cubes1047.adj
+ cnf=22-cubes/30.cubes1047.cnf
+ ext=22-cubes/30.cubes1047.ext
+ cnfext=22-cubes/30.cubes1047.cnfext
+ unitlines=0
++ sed '1048q;d' 22-cubes/30.cubes
+ for b in '$(sed "$((i+1))q;d" "$c")'
+ [[ a != \a ]]
+ for b in '$(sed "$((i+1))q;d" "$c")'
+ [[ -92 != \a ]]
+ [[ -92 != \0 ]]
+ unitlines=1
+ for b in '$(sed "$((i+1))q;d" "$c")'
+ [[ 137 != \a ]]
+ [[ 137 != \0 ]]
+ unitlines=2
+ for b in '$(sed "$((i+1))q;d" "$c")'
+ [[ -121 != \a ]]
+ [[ -121 != \0 ]]
+ unitlines=3
+ for b in '$(sed "$((i+1))q;d" "$c")'
+ [[ -68 != \a ]]
+ [[ -68 != \0 ]]
+ unitlines=4
+ for b in '$(sed "$((i+1))q;d" "$c")'
+ [[ -158 != \a ]]
+ [[ -158 != \0 ]]
+ unitlines=5
+ for b in '$(sed "$((i+1))q;d" "$c")'
+ [[ -25 != \a ]]
+ [[ -25 != \0 ]]
+ unitlines=6
+ for b in '$(sed "$((i+1))q;d" "$c")'
+ [[ -153 != \a ]]
+ [[ -153 != \0 ]]
+ unitlines=7
+ for b in '$(sed "$((i+1))q;d" "$c")'
+ [[ 169 != \a ]]
+ [[ 169 != \0 ]]
+ unitlines=8
+ for b in '$(sed "$((i+1))q;d" "$c")'
+ [[ 93 != \a ]]
+ [[ 93 != \0 ]]
+ unitlines=9
+ for b in '$(sed "$((i+1))q;d" "$c")'
+ [[ 81 != \a ]]
+ [[ 81 != \0 ]]
+ unitlines=10
+ for b in '$(sed "$((i+1))q;d" "$c")'
+ [[ -171 != \a ]]
+ [[ -171 != \0 ]]
+ unitlines=11
+ for b in '$(sed "$((i+1))q;d" "$c")'
+ [[ -167 != \a ]]
+ [[ -167 != \0 ]]
+ unitlines=12
+ for b in '$(sed "$((i+1))q;d" "$c")'
+ [[ 166 != \a ]]
+ [[ 166 != \0 ]]
+ unitlines=13
+ for b in '$(sed "$((i+1))q;d" "$c")'
+ [[ -165 != \a ]]
+ [[ -165 != \0 ]]
+ unitlines=14
+ for b in '$(sed "$((i+1))q;d" "$c")'
+ [[ 136 != \a ]]
+ [[ 136 != \0 ]]
+ unitlines=15
+ for b in '$(sed "$((i+1))q;d" "$c")'
+ [[ -119 != \a ]]
+ [[ -119 != \0 ]]
+ unitlines=16
+ for b in '$(sed "$((i+1))q;d" "$c")'
+ [[ 164 != \a ]]
+ [[ 164 != \0 ]]
+ unitlines=17
+ for b in '$(sed "$((i+1))q;d" "$c")'
+ [[ 0 != \a ]]
+ [[ 0 != \0 ]]
++ cut '-d ' -f3
++ head -n 1 constraints_22_11.simp-noncanon.simp
+ numvars=6160
++ cut '-d ' -f4
++ head -n 1 constraints_22_11.simp-noncanon.simp
+ numlines=1786659
+ newlines=1786676
+ echo 'p cnf 6160 1786676'
+ tail constraints_22_11.simp-noncanon.simp -n +2
++ sed '1048q;d' 22-cubes/30.cubes
+ for b in '$(sed "$((i+1))q;d" "$c")'
+ [[ a != \a ]]
+ for b in '$(sed "$((i+1))q;d" "$c")'
+ [[ -92 != \a ]]
+ [[ -92 != \0 ]]
+ echo '-92 0'
+ for b in '$(sed "$((i+1))q;d" "$c")'
+ [[ 137 != \a ]]
+ [[ 137 != \0 ]]
+ echo '137 0'
+ for b in '$(sed "$((i+1))q;d" "$c")'
+ [[ -121 != \a ]]
+ [[ -121 != \0 ]]
+ echo '-121 0'
+ for b in '$(sed "$((i+1))q;d" "$c")'
+ [[ -68 != \a ]]
+ [[ -68 != \0 ]]
+ echo '-68 0'
+ for b in '$(sed "$((i+1))q;d" "$c")'
+ [[ -158 != \a ]]
+ [[ -158 != \0 ]]
+ echo '-158 0'
+ for b in '$(sed "$((i+1))q;d" "$c")'
+ [[ -25 != \a ]]
+ [[ -25 != \0 ]]
+ echo '-25 0'
+ for b in '$(sed "$((i+1))q;d" "$c")'
+ [[ -153 != \a ]]
+ [[ -153 != \0 ]]
+ echo '-153 0'
+ for b in '$(sed "$((i+1))q;d" "$c")'
+ [[ 169 != \a ]]
+ [[ 169 != \0 ]]
+ echo '169 0'
+ for b in '$(sed "$((i+1))q;d" "$c")'
+ [[ 93 != \a ]]
+ [[ 93 != \0 ]]
+ echo '93 0'
+ for b in '$(sed "$((i+1))q;d" "$c")'
+ [[ 81 != \a ]]
+ [[ 81 != \0 ]]
+ echo '81 0'
+ for b in '$(sed "$((i+1))q;d" "$c")'
+ [[ -171 != \a ]]
+ [[ -171 != \0 ]]
+ echo '-171 0'
+ for b in '$(sed "$((i+1))q;d" "$c")'
+ [[ -167 != \a ]]
+ [[ -167 != \0 ]]
+ echo '-167 0'
+ for b in '$(sed "$((i+1))q;d" "$c")'
+ [[ 166 != \a ]]
+ [[ 166 != \0 ]]
+ echo '166 0'
+ for b in '$(sed "$((i+1))q;d" "$c")'
+ [[ -165 != \a ]]
+ [[ -165 != \0 ]]
+ echo '-165 0'
+ for b in '$(sed "$((i+1))q;d" "$c")'
+ [[ 136 != \a ]]
+ [[ 136 != \0 ]]
+ echo '136 0'
+ for b in '$(sed "$((i+1))q;d" "$c")'
+ [[ -119 != \a ]]
+ [[ -119 != \0 ]]
+ echo '-119 0'
+ for b in '$(sed "$((i+1))q;d" "$c")'
+ [[ 164 != \a ]]
+ [[ 164 != \0 ]]
+ echo '164 0'
+ for b in '$(sed "$((i+1))q;d" "$c")'
+ [[ 0 != \a ]]
+ [[ 0 != \0 ]]
+ ./simplify-by-var-removal.sh 22-cubes/30.cubes1047.adj 70
+ '[' -z 70 ']'
+ f=22-cubes/30.cubes1047.adj
+ p=70
++ echo 22-cubes
+ sub_dir=22-cubes
+ mkdir -p log/22-cubes
+ mkdir -p simp/22-cubes
+ tee log/22-cubes/30.cubes1047.adj.simp1
+ ./cadical/build/cadical 22-cubes/30.cubes1047.adj -o simp/22-cubes/30.cubes1047.adj.simp1 -e simp/22-cubes/30.cubes1047.adj.ext1 -n -c 200000
c --- [ banner ] -------------------------------------------------------------
c 
c CaDiCaL Radically Simplified CDCL SAT Solver
c Copyright (c) 2016-2021 A. Biere, M. Fleury, N. Froleyks
c 
c Version 1.5.2
c g++ (GCC) 9.3.0 -Wall -Wextra -O3 -DNDEBUG
c Tue Feb 8 21:15:15 EST 2022 Linux gra-login1 3.10.0-1160.36.2.el7.x86_64 x86_64
c 
c --- [ limit ] --------------------------------------------------------------
c 
c setting conflict limit to 200000 conflicts (due to '200000')
c 
c --- [ parsing input ] ------------------------------------------------------
c 
c reading DIMACS file from '22-cubes/30.cubes1047.adj'
c opening file to read '22-cubes/30.cubes1047.adj'
c found 'p cnf 6160 1786676' header
c parsed 1786676 clauses in 17.82 seconds process time
c closing file '22-cubes/30.cubes1047.adj'
c after reading 1542541723 bytes 1471.1 MB
c 
c --- [ options ] ------------------------------------------------------------
c 
c all options are set to their default value
c 
c --- [ solving ] ------------------------------------------------------------
c 
c time measured in process time since initialization
c 
c  seconds    reductions  redundant   irredundant
c          MB     restarts       trail       variables
c            level   conflicts       glue         remaining
c 
c * 17.82 1470  0 0   0    0    0  0% 0 1785954 4552 74%
c { 20.18 1544  0 0   0    0    0  0% 0 1785954 4552 74%
c i 21.45 1557 44 0   0   43   22 50% 3 1785954 4521 73%
c i 21.51 1558 44 0   0   57   28 50% 4 1785954 4506 73%
c i 21.54 1558 44 0   0   65   28 50% 3 1785954 4505 73%
c - 29.04 1510 28 1  59  300  105 42% 10 334631 4501 73%
c i 29.31 1511 23 1  75  428  118 41% 10 334631 4500 73%
c i 31.24 1473 30 1 123  866  255 42% 12 334631 4499 73%
c i 31.62 1472 32 1 132  901  285 42% 12 334631 4498 73%
c i 31.78 1472 32 1 134  909  292 42% 12 334631 4497 73%
c i 31.98 1472 32 1 139  926  304 42% 12 334631 4496 73%
c i 31.99 1472 33 1 140  930  307 42% 12 334631 4495 73%
c i 32.01 1472 33 1 141  934  308 42% 12 334631 4493 73%
c i 32.29 1472 35 1 149  975  340 43% 13 334631 4492 73%
c i 32.44 1473 36 1 151  981  345 43% 13 334631 4491 73%
c i 32.49 1473 36 1 153  987  350 43% 13 334631 4487 73%
c } 32.66 1473 38 1 156 1000  363 43% 14 334631 4479 73%
c [ 32.66 1473  0 1 156 1000  363  0% 0 334631 4479 73%
c O 32.71 1473 103 1 156 1003  365 40% 10 334631 4479 73%
c i 33.23 1473 10 1 156 1110  397 41% 7 334631 4478 73%
c 
c  seconds    reductions  redundant  irredundant
c          MB     restarts       trail      variables
c            level   conflicts       glue        remaining
c 
c i 33.23 1473 10 1 156 1111  397 41% 6 334631 4477 73%
c i 33.23 1473 10 1 156 1112  397 41% 6 334631 4476 73%
c i 33.24 1473 10 1 156 1113  397 41% 6 334631 4475 73%
c i 33.29 1473 11 1 156 1123  406 43% 7 334631 4474 73%
c i 33.35 1473 11 1 156 1144  425 44% 7 334631 4473 73%
c i 33.38 1473 11 1 156 1148  428 45% 7 334631 4472 73%
c i 33.39 1473 11 1 156 1151  430 45% 7 334631 4471 73%
c i 33.46 1473 12 1 156 1191  466 47% 8 334631 4470 73%
c - 34.04 1599 13 2 156 1215  468 48% 9 334308 4470 73%
c i 34.09 1599 13 2 156 1218  470 48% 9 334308 4469 73%
c i 34.11 1599 13 2 156 1222  473 48% 9 334308 4468 73%
c i 34.12 1599 13 2 156 1223  473 48% 9 334308 4467 73%
c i 34.13 1599 13 2 156 1229  476 48% 9 334308 4466 72%
c - 35.32 1598 19 3 157 2587 1102 54% 15 334297 4466 72%
c ] 35.92 1598 20 3 157 3000 1328 38% 17 334297 4466 72%
c { 35.92 1598 38 3 157 3000 1328 59% 14 334297 4466 72%
c F 35.94 1598 39 3 159 3007 1335 59% 14 334297 4466 72%
c i 36.30 1598 38 3 184 3122 1406 55% 14 334297 4465 72%
c i 36.33 1598 38 3 184 3138 1418 55% 14 334297 4464 72%
c i 37.01 1598 31 3 214 3599 1518 45% 14 334297 4463 72%
c 
c  seconds    reductions  redundant   irredundant
c          MB     restarts       trail       variables
c            level   conflicts       glue         remaining
c 
c i 37.16 1598 31 3 214 3628 1545 44% 14 334297 4462 72%
c i 37.58 1598 32 3 229 3694 1596 44% 14 334297 4461 72%
c i 38.62 1598 34 3 264 3900 1750 42% 15 334297 4460 72%
c i 39.03 1598 35 3 279 3955 1797 42% 15 334297 4459 72%
c i 39.04 1598 35 3 279 3956 1797 42% 15 334297 4458 72%
c i 39.44 1598 35 3 302 4073 1858 41% 15 334297 4457 72%
c i 39.58 1598 35 3 306 4110 1888 41% 15 334297 4456 72%
c i 39.70 1598 34 3 308 4136 1909 41% 15 334297 4455 72%
c i 39.93 1598 34 3 318 4220 1971 41% 15 334297 4454 72%
c i 40.46 1598 35 3 334 4313 2031 40% 15 334297 4453 72%
c i 40.53 1598 35 3 337 4330 2046 40% 16 334297 4452 72%
c - 41.54 1475 35 4 359 4415 1540 39% 16 334258 4452 72%
c i 42.12 1475 35 4 368 4490 1594 39% 16 334258 4451 72%
c 3 43.25 1475 32 4 369 5000 3220 37% 15 334231 4439 72%
c 2 43.33 1475 32 4 369 5000 3415 37% 15 334115 4424 72%
c p 50.51 1475 32 4 369 5000 9298 37% 15 334115 4357 71%
c d 51.01 1475 32 4 369 5000 8888 37% 15 333554 4351 71%
c # 54.52 1475 30 4 460 6008 9448 35% 16 333554 4351 71%
c - 55.96 1476 28 5 460 6703 2264 35% 15 333554 4351 71%
c } 56.29 1476 27 5 470 7005 2406 35% 15 333554 4351 71%
c 
c  seconds    reductions  redundant   irredundant
c          MB     restarts       trail       variables
c            level   conflicts       glue         remaining
c 
c [ 56.29 1476 20 5 470 7005 2406 38% 17 333554 4351 71%
c - 57.72 1477 22 6 472 9446 3018 38% 18 333554 4351 71%
c I 58.07 1477 22 6 472 10009 3411 39% 18 333554 4351 71%
c - 63.26 1477 23 7 474 12645 3771 37% 18 333554 4351 71%
c 3 66.56 1477 23 7 475 15002 6751 36% 19 333554 4351 71%
c 2 66.63 1477 23 7 475 15002 6965 36% 19 333549 4351 71%
c p 70.05 1477 23 7 475 15002 12628 36% 19 333549 4317 70%
c d 70.41 1477 23 7 475 15002 12538 36% 19 332939 4316 70%
c d 70.59 1477 23 7 475 15002 12529 36% 19 332278 4314 70%
c ] 70.69 1477 23 7 475 15005 12532 36% 19 332278 4314 70%
c { 70.69 1477 27 7 475 15005 12532 35% 15 332278 4314 70%
c B 70.84 1477 27 7 475 15013 12536 35% 15 332278 4314 70%
c - 73.68 1477 26 8 551 16303 4376 34% 15 332278 4314 70%
c s 76.45 1477 27 8 635 17232 4768 34% 15 326154 4314 70%
c v 81.74 1477 27 8 635 17232 4768 34% 15 325898 4314 70%
c t 81.94 1477 27 8 635 17232 4737 34% 15 325659 4314 70%
c e 82.71 1479 27 8 635 17232 4305 34% 15 317609 968 16%
c s 82.85 1479 27 8 635 17232 4300 34% 15 317036 968 16%
c - 86.27 1446 23 9 681 20412 4599 63% 14 317036 968 16%
c W 87.35 1446 23 9 711 21014 4944 63% 14 317036 968 16%
c 
c  seconds    reductions     redundant   irredundant
c          MB      restarts         trail       variables
c            level      conflicts       glue        remaining
c 
c - 95.81 1446 23 10 1093 24916 5256 60% 15 317036 968 16%
c F 102.31 1446 23 10 1252 28015 6997 58% 15 317036 968 16%
c - 104.81 1446 22 11 1342 29871 5754 58% 15 317036 968 16%
c 2 105.53 1446 23 11 1369 30003 6527 58% 15 317035 968 16%
c p 109.24 1446 23 11 1369 30003 8623 58% 15 317035 953 15%
c } 111.92 1446 22 11 1413 31005 9215 58% 14 317035 953 15%
c [ 111.92 1446 23 11 1413 31005 9215 168% 19 317035 953 15%
c ] 115.92 1446 21 11 1415 35035 11502 133% 17 317035 953 15%
c 1 115.92 1446 21 11 1415 35035 11502 133% 17 317035 953 15%
c 
c --- [ writing output ] -----------------------------------------------------
c 
c writing simplified CNF to DIMACS file 'simp/22-cubes/30.cubes1047.adj.simp1'
c * 115.92 1446 21 11 1415 35035 11502 133% 17 317035 953 15%
c opening file to write 'simp/22-cubes/30.cubes1047.adj.simp1'
c writing 'p cnf 6160 315842' header
c closing file 'simp/22-cubes/30.cubes1047.adj.simp1'
c after writing 113230906 bytes 108.0 MB
c wrote 315842 clauses in 0.79 seconds process time
c 
c --- [ writing extension ] --------------------------------------------------
c 
c writing extension stack to 'simp/22-cubes/30.cubes1047.adj.ext1'
c opening file to write 'simp/22-cubes/30.cubes1047.adj.ext1'
c closing file 'simp/22-cubes/30.cubes1047.adj.ext1'
c after writing 250377 bytes 0.2 MB
c wrote 10774 witnesses in 0.00 seconds process time
c 
c --- [ result ] -------------------------------------------------------------
c 
s SATISFIABLE
c 
c --- [ run-time profiling ] -------------------------------------------------
c 
c process time taken by individual solving procedures
c (percentage relative to process time for solving)
c 
c        75.01   76.47% search
c        54.82   55.88% unstable
c        23.08   23.53% simplify
c        17.82   18.17% parse
c        17.58   17.93% stable
c        14.31   14.58% probe
c         5.45    5.56% vivify
c         2.36    2.40% lucky
c         1.24    1.26% elim
c         0.29    0.29% subsume
c         0.25    0.25% walk
c         0.16    0.16% ternary
c   =================================
c        98.09   84.05% solve
c 
c last line shows process time for solving
c (percentage relative to total process time)
c 
c --- [ statistics ] ---------------------------------------------------------
c 
c chronological:              7409        21.15 %  of conflicts
c conflicts:                 35035       357.16    per second
c decisions:                 92966       947.74    per second
c eliminated:                 3346        54.32 %  of all variables
c fixed:                      1840        29.87 %  of all variables
c learned:                   34282        97.85 %  per conflict
c learned_lits:            4226406       100.00 %  learned literals
c minimized:                     0         0.00 %  learned literals
c shrunken:                2621059        62.02 %  learned literals
c minishrunken:             314866         7.45 %  learned literals
c propagations:            5490725         0.06 M  per second
c reduced:                   11416        32.58 %  per conflict
c rephased:                      7      5005.00    interval
c restarts:                   1415        24.76    interval
c stabilizing:                   3        40.05 %  of conflicts
c substituted:                  21         0.34 %  of all variables
c subsumed:                  21445         0.56 %  of all clauses
c strengthened:              42169         1.11 %  of all clauses
c ternary:                    4073         0.41 %  of resolved
c vivified:                    275         0.01 %  of all clauses
c walked:                        1     35035.00    interval
c weakened:                   8934         3.16    average size
c 
c seconds are measured in process time for solving
c 
c --- [ resources ] ----------------------------------------------------------
c 
c total process time since initialization:       116.71    seconds
c total real time since initialization:          118.66    seconds
c maximum resident set size of process:         1724.35    MB
c 
c --- [ shutting down ] ------------------------------------------------------
c 
c exit 10
++ seq 1 100
+ for i in '$(seq 1 100)'
++ sed 's/.$//'
++ rev
++ cut '-d ' -f1
++ rev
++ tail -n 1
++ grep 'c [*]' log/22-cubes/30.cubes1047.adj.simp1
+ vars_remaining=15
+ ((  vars_remaining < 100 - p  ))
+ break
++ cut '-d ' -f3
++ head -n 1 simp/22-cubes/30.cubes1047.adj.simp1
+ numvars=6160
++ cut '-d ' -f4
++ head -n 1 simp/22-cubes/30.cubes1047.adj.simp1
+ numlines=315842
+ extlines_total=0
++ seq 1 1
+ for j in '$(seq 1 "$i")'
++ cut '-d ' -f1
++ wc -l simp/22-cubes/30.cubes1047.adj.ext1
+ extlines_j=10774
+ extlines_total=10774
+ newlines=326616
+ echo 'p cnf 6160 326616'
+ tail simp/22-cubes/30.cubes1047.adj.simp1 -n +2
++ seq 1 1
+ for j in '$(seq 1 "$i")'
+ cat simp/22-cubes/30.cubes1047.adj.ext1
+ sed -i 's/ 0.*/ 0/' 22-cubes/30.cubes1047.adj.simp
============================[ Problem Statistics ]=============================
|                                                                             |
|  Number of variables:          6160                                         |
|  Number of clauses:          324687                                         |
|  Parse time:                   1.67 s                                       |
|  Simplification time:          0.04 s                                       |
|                                                                             |
============================[ Search Statistics ]====================================================
| Conflicts |          ORIGINAL         |          LEARNT          | Num Sols |      SUBGRAPHS      |
|           |    Vars  Clauses Literals |    Limit  Clauses Lit/Cl |          | Canonical Noncanon. |
=====================================================================================================
|       105 |    4306   324692 25331123 |     2000      105     46 |        0 |        34         5 |
|       255 |    4306   324692 25331123 |     2000      255     56 |        0 |        41         5 |
|       482 |    4306   324694 25331170 |     2000      482     55 |        0 |        70         7 |
|       856 |    4306   324731 25332277 |     2000      856     58 |        0 |       106        44 |
|      1365 |    4306   324734 25332391 |     2000     1365     65 |        0 |       133        47 |
|      2142 |    4306   324752 25332905 |     3601     1143     33 |        0 |       167        65 |
|      3297 |    4306   324768 25333426 |     3601     2298     61 |        0 |       210        81 |
|      5042 |    4306   324805 25334284 |     5003     2245     39 |        0 |       275       118 |
|      7664 |    4306   324865 25335696 |     5003     4867     66 |        0 |       307       178 |
|     11729 |    4306   325086 25339225 |     7552     3281     26 |        0 |       478       399 |
|     17610 |    4306   325201 25342060 |     8782     5392     39 |        0 |       643       514 |
|     26841 |    4306   325783 25354868 |    11206     5247     21 |        0 |       867      1096 |
|     40053 |    4306   326021 25360632 |    13606     6659     24 |        0 |      1199      1334 |
|     60703 |    4306   327210 25381802 |    16012    13115     46 |        0 |      1793      2523 |
|     90970 |    4306   328285 25402134 |    19623    17593     54 |        0 |      2264      3598 |
|    135784 |    4306   329310 25421720 |    24417    19601     50 |        0 |      2939      4623 |
|    202482 |    4306   330324 25440160 |    30416    19298     40 |        0 |      3674      5637 |
|    306213 |    4306   335529 25554812 |    37628    22841     34 |        0 |      5586     10842 |
|    471729 |    4237   350147 25828511 |    44756    42885     52 |        0 |     11913     28569 |
|    718900 |    4192   270777 20486456 |    57867    34167     37 |        0 |     19470     54057 |
=====================================================================================================
Number of solutions   : 0           
Canonical subgraphs   : 26303          (32 /sec)
          order  3    : 1              (200000 /sec)
          order  4    : 1              (1000000 /sec)
          order  5    : 1              (200000 /sec)
          order  6    : 1              (52632 /sec)
          order  7    : 2              (9346 /sec)
          order  8    : 4              (1910 /sec)
          order  9    : 9              (398 /sec)
          order 10    : 41             (125 /sec)
          order 11    : 245            (50 /sec)
          order 12    : 1178           (35 /sec)
          order 13    : 2378           (34 /sec)
          order 14    : 8498           (39 /sec)
          order 15    : 8750           (34 /sec)
          order 16    : 3449           (25 /sec)
          order 17    : 1037           (18 /sec)
          order 18    : 341            (16 /sec)
          order 19    : 331            (15 /sec)
          order 20    : 22             (17 /sec)
          order 21    : 14             (17 /sec)
          order 22    : 0              (-nan /sec)
Noncanonical subgraphs: 78309          (334 /sec)
          order  3    : 0              (-nan /sec)
          order  4    : 0              (-nan /sec)
          order  5    : 0              (-nan /sec)
          order  6    : 0              (-nan /sec)
          order  7    : 0              (-nan /sec)
          order  8    : 0              (-nan /sec)
          order  9    : 0              (-nan /sec)
          order 10    : 0              (-nan /sec)
          order 11    : 0              (-nan /sec)
          order 12    : 0              (-nan /sec)
          order 13    : 0              (-nan /sec)
          order 14    : 13935          (2617 /sec)
          order 15    : 52735          (338 /sec)
          order 16    : 9529           (194 /sec)
          order 17    : 2092           (90 /sec)
          order 18    : 1              (456 /sec)
          order 19    : 1              (7874 /sec)
          order 20    : 1              (26316 /sec)
          order 21    : 1              (24390 /sec)
Canonicity checking   : 1061.37 s
database reductions   : 50
restarts              : 1789
conflicts             : 837178         (523 /sec)
decisions             : 1149808        (0.00 % random) (718 /sec)
propagations          : 178027526      (111159 /sec)
conflict literals     : 67148948       (52.49 % deleted)
actual reward         : 0.056813
Memory used           : 380.00 MB
CPU time              : 1601.56 s

UNSATISFIABLE
