+ '[' -z 30 ']'
+ f=constraints_22_11.simp-noncanon.simp
+ c=22-cubes/30.cubes
+ i=30
+ s=70
+ adj=22-cubes/30.cubes30.adj
+ cnf=22-cubes/30.cubes30.cnf
+ ext=22-cubes/30.cubes30.ext
+ cnfext=22-cubes/30.cubes30.cnfext
+ unitlines=0
++ sed '31q;d' 22-cubes/30.cubes
+ for b in '$(sed "$((i+1))q;d" "$c")'
+ [[ a != \a ]]
+ for b in '$(sed "$((i+1))q;d" "$c")'
+ [[ -92 != \a ]]
+ [[ -92 != \0 ]]
+ unitlines=1
+ for b in '$(sed "$((i+1))q;d" "$c")'
+ [[ 137 != \a ]]
+ [[ 137 != \0 ]]
+ unitlines=2
+ for b in '$(sed "$((i+1))q;d" "$c")'
+ [[ 121 != \a ]]
+ [[ 121 != \0 ]]
+ unitlines=3
+ for b in '$(sed "$((i+1))q;d" "$c")'
+ [[ 158 != \a ]]
+ [[ 158 != \0 ]]
+ unitlines=4
+ for b in '$(sed "$((i+1))q;d" "$c")'
+ [[ -107 != \a ]]
+ [[ -107 != \0 ]]
+ unitlines=5
+ for b in '$(sed "$((i+1))q;d" "$c")'
+ [[ -127 != \a ]]
+ [[ -127 != \0 ]]
+ unitlines=6
+ for b in '$(sed "$((i+1))q;d" "$c")'
+ [[ 171 != \a ]]
+ [[ 171 != \0 ]]
+ unitlines=7
+ for b in '$(sed "$((i+1))q;d" "$c")'
+ [[ -168 != \a ]]
+ [[ -168 != \0 ]]
+ unitlines=8
+ for b in '$(sed "$((i+1))q;d" "$c")'
+ [[ 114 != \a ]]
+ [[ 114 != \0 ]]
+ unitlines=9
+ for b in '$(sed "$((i+1))q;d" "$c")'
+ [[ 0 != \a ]]
+ [[ 0 != \0 ]]
++ cut '-d ' -f3
++ head -n 1 constraints_22_11.simp-noncanon.simp
+ numvars=6160
++ cut '-d ' -f4
++ head -n 1 constraints_22_11.simp-noncanon.simp
+ numlines=1786659
+ newlines=1786668
+ echo 'p cnf 6160 1786668'
+ tail constraints_22_11.simp-noncanon.simp -n +2
++ sed '31q;d' 22-cubes/30.cubes
+ for b in '$(sed "$((i+1))q;d" "$c")'
+ [[ a != \a ]]
+ for b in '$(sed "$((i+1))q;d" "$c")'
+ [[ -92 != \a ]]
+ [[ -92 != \0 ]]
+ echo '-92 0'
+ for b in '$(sed "$((i+1))q;d" "$c")'
+ [[ 137 != \a ]]
+ [[ 137 != \0 ]]
+ echo '137 0'
+ for b in '$(sed "$((i+1))q;d" "$c")'
+ [[ 121 != \a ]]
+ [[ 121 != \0 ]]
+ echo '121 0'
+ for b in '$(sed "$((i+1))q;d" "$c")'
+ [[ 158 != \a ]]
+ [[ 158 != \0 ]]
+ echo '158 0'
+ for b in '$(sed "$((i+1))q;d" "$c")'
+ [[ -107 != \a ]]
+ [[ -107 != \0 ]]
+ echo '-107 0'
+ for b in '$(sed "$((i+1))q;d" "$c")'
+ [[ -127 != \a ]]
+ [[ -127 != \0 ]]
+ echo '-127 0'
+ for b in '$(sed "$((i+1))q;d" "$c")'
+ [[ 171 != \a ]]
+ [[ 171 != \0 ]]
+ echo '171 0'
+ for b in '$(sed "$((i+1))q;d" "$c")'
+ [[ -168 != \a ]]
+ [[ -168 != \0 ]]
+ echo '-168 0'
+ for b in '$(sed "$((i+1))q;d" "$c")'
+ [[ 114 != \a ]]
+ [[ 114 != \0 ]]
+ echo '114 0'
+ for b in '$(sed "$((i+1))q;d" "$c")'
+ [[ 0 != \a ]]
+ [[ 0 != \0 ]]
+ ./simplify-by-var-removal.sh 22-cubes/30.cubes30.adj 70
+ '[' -z 70 ']'
+ f=22-cubes/30.cubes30.adj
+ p=70
++ echo 22-cubes
+ sub_dir=22-cubes
+ mkdir -p log/22-cubes
+ mkdir -p simp/22-cubes
+ tee log/22-cubes/30.cubes30.adj.simp1
+ ./cadical/build/cadical 22-cubes/30.cubes30.adj -o simp/22-cubes/30.cubes30.adj.simp1 -e simp/22-cubes/30.cubes30.adj.ext1 -n -c 200000
c --- [ banner ] -------------------------------------------------------------
c 
c CaDiCaL Radically Simplified CDCL SAT Solver
c Copyright (c) 2016-2021 A. Biere, M. Fleury, N. Froleyks
c 
c Version 1.5.2
c g++ (GCC) 9.3.0 -Wall -Wextra -O3 -DNDEBUG
c Tue Feb 8 21:15:15 EST 2022 Linux gra-login1 3.10.0-1160.36.2.el7.x86_64 x86_64
c 
c --- [ limit ] --------------------------------------------------------------
c 
c setting conflict limit to 200000 conflicts (due to '200000')
c 
c --- [ parsing input ] ------------------------------------------------------
c 
c reading DIMACS file from '22-cubes/30.cubes30.adj'
c opening file to read '22-cubes/30.cubes30.adj'
c found 'p cnf 6160 1786668' header
c parsed 1786668 clauses in 18.45 seconds process time
c closing file '22-cubes/30.cubes30.adj'
c after reading 1542541673 bytes 1471.1 MB
c 
c --- [ options ] ------------------------------------------------------------
c 
c all options are set to their default value
c 
c --- [ solving ] ------------------------------------------------------------
c 
c time measured in process time since initialization
c 
c  seconds    reductions  redundant   irredundant
c          MB     restarts       trail       variables
c            level   conflicts       glue         remaining
c 
c * 18.45 1456  0 0   0    0    0  0% 0 1785954 4865 79%
c { 19.34 1505  0 0   0    0    0  0% 0 1785954 4865 79%
c i 19.64 1509 32 0   0    7    3 34% 6 1785954 4612 75%
c - 26.47 1535 20 1   9  301  122 43% 9 422514 4542 74%
c } 26.89 1494 11 1   9 1000  319 41% 7 422514 4542 74%
c [ 26.89 1494  0 1   9 1000  319  0% 0 422514 4542 74%
c O 26.90 1494  6 1   9 1003  320 40% 5 422514 4542 74%
c i 26.95 1494  3 1   9 1021  326 40% 3 422514 4506 73%
c - 27.95 1621  9 2   9 1276  307 41% 9 420018 4506 73%
c i 28.04 1621 11 2   9 1291  321 42% 10 420018 4505 73%
c i 28.04 1621 11 2   9 1292  321 42% 10 420018 4504 73%
c i 28.06 1621 11 2   9 1297  325 42% 10 420018 4503 73%
c i 28.09 1621 12 2   9 1310  336 43% 11 420018 4502 73%
c i 28.11 1621 12 2   9 1312  337 43% 11 420018 4501 73%
c i 28.11 1621 13 2   9 1316  340 43% 11 420018 4500 73%
c i 28.11 1621 12 2   9 1317  340 43% 11 420018 4499 73%
c i 28.16 1621 14 2   9 1364  377 45% 12 420018 4498 73%
c i 28.16 1621 14 2   9 1365  377 45% 12 420018 4497 73%
c i 28.23 1621 16 2   9 1497  492 49% 14 420018 4496 73%
c i 28.25 1621 17 2   9 1525  511 49% 14 420018 4495 73%
c 
c  seconds    reductions  redundant   irredundant
c          MB     restarts       trail       variables
c            level   conflicts       glue         remaining
c 
c i 28.28 1621 18 2   9 1576  555 50% 15 420018 4494 73%
c i 28.30 1621 18 2   9 1611  583 50% 15 420018 4493 73%
c i 28.30 1621 18 2   9 1617  587 50% 15 420018 4492 73%
c i 28.30 1621 18 2   9 1619  588 50% 15 420018 4491 73%
c i 28.31 1621 18 2   9 1632  597 50% 15 420018 4490 73%
c i 28.31 1621 18 2   9 1638  602 50% 15 420018 4489 73%
c i 28.32 1621 18 2   9 1643  604 50% 15 420018 4488 73%
c i 28.39 1621 19 2   9 1700  644 51% 16 420018 4487 73%
c i 28.48 1621 20 2   9 1754  686 51% 17 420018 4486 73%
c i 28.57 1621 21 2   9 1816  733 51% 17 420018 4485 73%
c i 28.62 1621 21 2   9 1864  775 52% 17 420018 4484 73%
c i 28.66 1621 21 2   9 1914  820 52% 17 420018 4483 73%
c i 28.76 1621 21 2  10 2048  913 53% 17 420018 4482 73%
c i 28.77 1621 21 2  10 2076  936 53% 17 420018 4481 73%
c i 28.84 1621 21 2  10 2146  982 53% 17 420018 4480 73%
c i 28.88 1621 20 2  10 2222 1032 53% 17 420018 4479 73%
c i 28.90 1621 20 2  10 2243 1049 53% 17 420018 4478 73%
c i 28.90 1621 20 2  10 2249 1054 53% 17 420018 4477 73%
c i 28.92 1621 20 2  10 2282 1073 53% 17 420018 4476 73%
c i 29.01 1621 20 2  10 2426 1180 54% 17 420018 4475 73%
c 
c  seconds    reductions  redundant   irredundant
c          MB     restarts       trail       variables
c            level   conflicts       glue         remaining
c 
c i 29.04 1621 20 2  10 2445 1193 54% 17 420018 4474 73%
c i 29.10 1621 20 2  10 2526 1254 54% 17 420018 4473 73%
c i 29.11 1621 20 2  10 2534 1260 54% 17 420018 4472 73%
c - 29.60 1575 20 3  10 2738 1354 54% 16 419918 4472 73%
c i 30.15 1575 20 3  10 2991 1530 40% 16 419918 4471 73%
c ] 30.16 1575 20 3  10 3001 1538 40% 16 419918 4471 73%
c { 30.16 1575 11 3  10 3001 1538 56% 7 419918 4471 73%
c F 30.18 1575 11 3  10 3004 1541 56% 7 419918 4471 73%
c i 30.33 1575 11 3  10 3044 1556 55% 7 419918 4470 73%
c i 30.46 1575 11 3  14 3072 1579 55% 7 419918 4469 73%
c i 31.07 1575 14 3  43 3192 1644 52% 8 419918 4468 73%
c i 31.28 1575 15 3  56 3245 1688 51% 9 419918 4467 73%
c i 31.28 1575 15 3  57 3247 1689 51% 9 419918 4466 72%
c i 31.28 1575 15 3  57 3248 1689 51% 9 419918 4465 72%
c i 31.28 1575 15 3  58 3249 1689 51% 9 419918 4464 72%
c i 31.89 1575 17 3 133 3550 1807 46% 10 419918 4463 72%
c i 31.91 1575 17 3 133 3554 1810 46% 10 419918 4462 72%
c - 33.65 1456 18 4 367 4689 1222 36% 12 419892 4462 72%
c 3 34.05 1456 17 4 432 5000 3111 35% 12 419870 4451 72%
c 2 34.15 1456 17 4 432 5000 3665 35% 12 419790 4436 72%
c 
c  seconds    reductions   redundant   irredundant
c          MB     restarts        trail       variables
c            level   conflicts        glue         remaining
c 
c p 40.79 1456 17 4 432 5000 13704 35% 12 419790 4337 70%
c d 41.24 1456 17 4 432 5000 12311 35% 12 370111 4334 70%
c d 41.41 1456 17 4 432 5000 12311 35% 12 370105 4331 70%
c # 42.29 1456 17 4 584 6008 12458 32% 13 370105 4331 70%
c i 43.09 1456 16 4 596 6606 12670 32% 12 370105 4287 70%
c } 44.90 1456 19 4 686 7001 12955 32% 14 370105 4287 70%
c [ 44.90 1456 20 4 686 7001 12955 40% 16 370105 4287 70%
c - 45.52 1458 20 5 687 7123 1267 38% 17 367838 4287 70%
c - 46.93 1458 22 6 688 9944 2388 41% 19 367838 4287 70%
c I 47.01 1458 22 6 688 10009 2430 41% 19 367838 4287 70%
c - 50.65 1458 24 7 690 13232 2933 40% 21 367838 4287 70%
c ] 52.45 1458 24 7 691 15002 3898 41% 21 367838 4287 70%
c { 52.45 1458 19 7 691 15002 3898 32% 14 367838 4287 70%
c 3 52.50 1458 19 7 692 15002 5662 32% 14 367838 4287 70%
c 2 52.58 1458 19 7 692 15002 6031 32% 14 367802 4287 70%
c p 55.70 1458 19 7 692 15002 13542 32% 14 367802 4286 70%
c B 55.90 1458 19 7 694 15012 13552 32% 14 367802 4286 70%
c } 56.53 1458 20 7 749 15316 13718 32% 14 367802 4286 70%
c 1 56.53 1458 20 7 749 15316 13718 32% 14 367802 4286 70%
c 
c --- [ writing output ] -----------------------------------------------------
c 
c writing simplified CNF to DIMACS file 'simp/22-cubes/30.cubes30.adj.simp1'
c * 56.53 1458 20 7 749 15316 13718 32% 14 367802 4286 70%
c opening file to write 'simp/22-cubes/30.cubes30.adj.simp1'
c writing 'p cnf 6160 367799' header
c closing file 'simp/22-cubes/30.cubes30.adj.simp1'
c after writing 86319478 bytes 82.3 MB
c wrote 367799 clauses in 0.76 seconds process time
c 
c --- [ writing extension ] --------------------------------------------------
c 
c writing extension stack to 'simp/22-cubes/30.cubes30.adj.ext1'
c opening file to write 'simp/22-cubes/30.cubes30.adj.ext1'
c closing file 'simp/22-cubes/30.cubes30.adj.ext1'
c after writing 27995 bytes 0.0 MB
c wrote 1891 witnesses in 0.00 seconds process time
c 
c --- [ result ] -------------------------------------------------------------
c 
s SATISFIABLE
c 
c --- [ run-time profiling ] -------------------------------------------------
c 
c process time taken by individual solving procedures
c (percentage relative to process time for solving)
c 
c        27.12   71.21% search
c        18.45   48.46% parse
c        15.41   40.47% unstable
c        10.96   28.78% simplify
c        10.82   28.41% stable
c         9.76   25.64% probe
c         0.89    2.33% lucky
c         0.14    0.36% ternary
c   =================================
c        38.08   66.46% solve
c 
c last line shows process time for solving
c (percentage relative to total process time)
c 
c --- [ statistics ] ---------------------------------------------------------
c 
c chronological:              2121        13.85 %  of conflicts
c conflicts:                 15316       402.25    per second
c decisions:                 32537       854.54    per second
c fixed:                      1857        30.15 %  of all variables
c learned:                   15106        98.63 %  per conflict
c learned_lits:            2110234       100.00 %  learned literals
c minimized:                     0         0.00 %  learned literals
c shrunken:                1190761        56.43 %  learned literals
c minishrunken:             179872         8.52 %  learned literals
c propagations:            3752466         0.10 M  per second
c reduced:                    3341        21.81 %  per conflict
c rephased:                      5      3063.20    interval
c restarts:                    749        20.45    interval
c stabilizing:                   2        65.30 %  of conflicts
c substituted:                  17         0.28 %  of all variables
c subsumed:                   7474         0.20 %  of all clauses
c ternary:                    4547         0.48 %  of resolved
c weakened:                     34         2.00    average size
c 
c seconds are measured in process time for solving
c 
c --- [ resources ] ----------------------------------------------------------
c 
c total process time since initialization:        57.29    seconds
c total real time since initialization:           57.69    seconds
c maximum resident set size of process:         1741.61    MB
c 
c --- [ shutting down ] ------------------------------------------------------
c 
c exit 10
++ seq 1 100
+ for i in '$(seq 1 100)'
++ sed 's/.$//'
++ rev
++ cut '-d ' -f1
++ rev
++ tail -n 1
++ grep 'c [*]' log/22-cubes/30.cubes30.adj.simp1
+ vars_remaining=70
+ ((  vars_remaining < 100 - p  ))
+ tee log/22-cubes/30.cubes30.adj.simp2
+ ./cadical/build/cadical simp/22-cubes/30.cubes30.adj.simp1 -o simp/22-cubes/30.cubes30.adj.simp2 -e simp/22-cubes/30.cubes30.adj.ext2 -n -c 200000
c --- [ banner ] -------------------------------------------------------------
c 
c CaDiCaL Radically Simplified CDCL SAT Solver
c Copyright (c) 2016-2021 A. Biere, M. Fleury, N. Froleyks
c 
c Version 1.5.2
c g++ (GCC) 9.3.0 -Wall -Wextra -O3 -DNDEBUG
c Tue Feb 8 21:15:15 EST 2022 Linux gra-login1 3.10.0-1160.36.2.el7.x86_64 x86_64
c 
c --- [ limit ] --------------------------------------------------------------
c 
c setting conflict limit to 200000 conflicts (due to '200000')
c 
c --- [ parsing input ] ------------------------------------------------------
c 
c reading DIMACS file from 'simp/22-cubes/30.cubes30.adj.simp1'
c opening file to read 'simp/22-cubes/30.cubes30.adj.simp1'
c found 'p cnf 6160 367799' header
c parsed 367799 clauses in 1.17 seconds process time
c closing file 'simp/22-cubes/30.cubes30.adj.simp1'
c after reading 86319478 bytes 82.3 MB
c 
c --- [ options ] ------------------------------------------------------------
c 
c all options are set to their default value
c 
c --- [ solving ] ------------------------------------------------------------
c 
c time measured in process time since initialization
c 
c  seconds   reductions  redundant  irredundant
c          MB    restarts       trail      variables
c           level   conflicts       glue        remaining
c 
c *  1.17 109  0 0   0    0    0  0% 0 367799 4266 69%
c {  1.28 117  0 0   0    0    0  0% 0 367799 4266 69%
c -  2.18 128 60 1   7  300  196 21% 17 367799 4266 69%
c }  3.80 138 39 1  85 1001  575 20% 19 367799 4266 69%
c [  3.80 138  0 1  85 1001  575  0% 0 367799 4266 69%
c O  3.82 138 35 1  85 1002  576  9% 2 367799 4266 69%
c -  4.27 229 34 2  85 1240  505 13% 8 367799 4266 69%
c ]  5.16 230 34 2  86 2317 1350 40% 12 367799 4266 69%
c 1  5.16 230 34 2  86 2317 1350 40% 12 367799 4266 69%
c 
c --- [ writing output ] -----------------------------------------------------
c 
c writing simplified CNF to DIMACS file 'simp/22-cubes/30.cubes30.adj.simp2'
c *  5.16 230 34 2  86 2317 1350 40% 12 367799 4266 69%
c opening file to write 'simp/22-cubes/30.cubes30.adj.simp2'
c writing 'p cnf 6160 367799' header
c closing file 'simp/22-cubes/30.cubes30.adj.simp2'
c after writing 86319478 bytes 82.3 MB
c wrote 367799 clauses in 0.77 seconds process time
c 
c --- [ writing extension ] --------------------------------------------------
c 
c writing extension stack to 'simp/22-cubes/30.cubes30.adj.ext2'
c opening file to write 'simp/22-cubes/30.cubes30.adj.ext2'
c closing file 'simp/22-cubes/30.cubes30.adj.ext2'
c after writing 0 bytes 0.0 MB
c wrote 0 witnesses in 0.00 seconds process time
c 
c --- [ result ] -------------------------------------------------------------
c 
s SATISFIABLE
c 
c --- [ run-time profiling ] -------------------------------------------------
c 
c process time taken by individual solving procedures
c (percentage relative to process time for solving)
c 
c         3.99   99.99% search
c         2.52   63.16% unstable
c         1.37   34.26% stable
c         1.17   29.37% parse
c         0.10    2.57% lucky
c         0.00    0.00% simplify
c   =================================
c         3.99   67.29% solve
c 
c last line shows process time for solving
c (percentage relative to total process time)
c 
c --- [ statistics ] ---------------------------------------------------------
c 
c chronological:               461        19.90 %  of conflicts
c conflicts:                  2317       580.76    per second
c decisions:                  8127      2037.05    per second
c learned:                    2267        97.84 %  per conflict
c learned_lits:             267234       100.00 %  learned literals
c minimized:                     0         0.00 %  learned literals
c shrunken:                  76599        28.66 %  learned literals
c minishrunken:              58413        21.86 %  learned literals
c propagations:             465257         0.12 M  per second
c reduced:                      87         3.75 %  per conflict
c rephased:                      1      2317.00    interval
c restarts:                     86        26.94    interval
c stabilizing:                   1        56.80 %  of conflicts
c subsumed:                    830         0.11 %  of all clauses
c 
c seconds are measured in process time for solving
c 
c --- [ resources ] ----------------------------------------------------------
c 
c total process time since initialization:         5.93    seconds
c total real time since initialization:            6.08    seconds
c maximum resident set size of process:          318.43    MB
c 
c --- [ shutting down ] ------------------------------------------------------
c 
c exit 10
+ for i in '$(seq 1 100)'
++ sed 's/.$//'
++ rev
++ cut '-d ' -f1
++ rev
++ tail -n 1
++ grep 'c [*]' log/22-cubes/30.cubes30.adj.simp2
+ vars_remaining=69
+ ((  vars_remaining < 100 - p  ))
+ tee log/22-cubes/30.cubes30.adj.simp3
+ ./cadical/build/cadical simp/22-cubes/30.cubes30.adj.simp2 -o simp/22-cubes/30.cubes30.adj.simp3 -e simp/22-cubes/30.cubes30.adj.ext3 -n -c 200000
c --- [ banner ] -------------------------------------------------------------
c 
c CaDiCaL Radically Simplified CDCL SAT Solver
c Copyright (c) 2016-2021 A. Biere, M. Fleury, N. Froleyks
c 
c Version 1.5.2
c g++ (GCC) 9.3.0 -Wall -Wextra -O3 -DNDEBUG
c Tue Feb 8 21:15:15 EST 2022 Linux gra-login1 3.10.0-1160.36.2.el7.x86_64 x86_64
c 
c --- [ limit ] --------------------------------------------------------------
c 
c setting conflict limit to 200000 conflicts (due to '200000')
c 
c --- [ parsing input ] ------------------------------------------------------
c 
c reading DIMACS file from 'simp/22-cubes/30.cubes30.adj.simp2'
c opening file to read 'simp/22-cubes/30.cubes30.adj.simp2'
c found 'p cnf 6160 367799' header
c parsed 367799 clauses in 1.19 seconds process time
c closing file 'simp/22-cubes/30.cubes30.adj.simp2'
c after reading 86319478 bytes 82.3 MB
c 
c --- [ options ] ------------------------------------------------------------
c 
c all options are set to their default value
c 
c --- [ solving ] ------------------------------------------------------------
c 
c time measured in process time since initialization
c 
c  seconds   reductions  redundant  irredundant
c          MB    restarts       trail      variables
c           level   conflicts       glue        remaining
c 
c *  1.19 110  0 0   0    0    0  0% 0 367799 4266 69%
c {  1.29 119  0 0   0    0    0  0% 0 367799 4266 69%
c -  2.50 140 83 1   7  300  246 24% 28 367799 4266 69%
c }  3.26 142 47 1  13 1002  693 24% 25 367799 4266 69%
c [  3.26 142  0 1  13 1002  693  0% 0 367799 4266 69%
c O  3.29 142 35 1  13 1003  694  9% 2 367799 4266 69%
c -  3.67 232 34 2  13 1239  582 13% 8 367799 4266 69%
c ]  4.13 232 37 2  13 1987 1146 23% 11 367799 4266 69%
c 1  4.13 232 37 2  13 1987 1146 23% 11 367799 4266 69%
c 
c --- [ writing output ] -----------------------------------------------------
c 
c writing simplified CNF to DIMACS file 'simp/22-cubes/30.cubes30.adj.simp3'
c *  4.13 232 37 2  13 1987 1146 23% 11 367799 4266 69%
c opening file to write 'simp/22-cubes/30.cubes30.adj.simp3'
c writing 'p cnf 6160 367799' header
c closing file 'simp/22-cubes/30.cubes30.adj.simp3'
c after writing 86319478 bytes 82.3 MB
c wrote 367799 clauses in 0.78 seconds process time
c 
c --- [ writing extension ] --------------------------------------------------
c 
c writing extension stack to 'simp/22-cubes/30.cubes30.adj.ext3'
c opening file to write 'simp/22-cubes/30.cubes30.adj.ext3'
c closing file 'simp/22-cubes/30.cubes30.adj.ext3'
c after writing 0 bytes 0.0 MB
c wrote 0 witnesses in 0.00 seconds process time
c 
c --- [ result ] -------------------------------------------------------------
c 
s SATISFIABLE
c 
c --- [ run-time profiling ] -------------------------------------------------
c 
c process time taken by individual solving procedures
c (percentage relative to process time for solving)
c 
c         2.93   99.99% search
c         1.97   67.15% unstable
c         1.19   40.63% parse
c         0.86   29.39% stable
c         0.10    3.45% lucky
c         0.00    0.00% simplify
c   =================================
c         2.93   59.80% solve
c 
c last line shows process time for solving
c (percentage relative to total process time)
c 
c --- [ statistics ] ---------------------------------------------------------
c 
c chronological:               356        17.92 %  of conflicts
c conflicts:                  1987       677.40    per second
c decisions:                  7452      2540.49    per second
c learned:                    1952        98.24 %  per conflict
c learned_lits:             251063       100.00 %  learned literals
c minimized:                     0         0.00 %  learned literals
c shrunken:                  78672        31.34 %  learned literals
c minishrunken:              56030        22.32 %  learned literals
c propagations:             381546         0.13 M  per second
c reduced:                     130         6.54 %  per conflict
c rephased:                      1      1987.00    interval
c restarts:                     13       152.85    interval
c stabilizing:                   1        49.57 %  of conflicts
c subsumed:                    676         0.09 %  of all clauses
c 
c seconds are measured in process time for solving
c 
c --- [ resources ] ----------------------------------------------------------
c 
c total process time since initialization:         4.91    seconds
c total real time since initialization:            5.28    seconds
c maximum resident set size of process:          231.59    MB
c 
c --- [ shutting down ] ------------------------------------------------------
c 
c exit 10
+ for i in '$(seq 1 100)'
++ sed 's/.$//'
++ rev
++ cut '-d ' -f1
++ rev
++ tail -n 1
++ grep 'c [*]' log/22-cubes/30.cubes30.adj.simp3
+ vars_remaining=69
+ ((  vars_remaining < 100 - p  ))
+ tee log/22-cubes/30.cubes30.adj.simp4
+ ./cadical/build/cadical simp/22-cubes/30.cubes30.adj.simp3 -o simp/22-cubes/30.cubes30.adj.simp4 -e simp/22-cubes/30.cubes30.adj.ext4 -n -c 200000
c --- [ banner ] -------------------------------------------------------------
c 
c CaDiCaL Radically Simplified CDCL SAT Solver
c Copyright (c) 2016-2021 A. Biere, M. Fleury, N. Froleyks
c 
c Version 1.5.2
c g++ (GCC) 9.3.0 -Wall -Wextra -O3 -DNDEBUG
c Tue Feb 8 21:15:15 EST 2022 Linux gra-login1 3.10.0-1160.36.2.el7.x86_64 x86_64
c 
c --- [ limit ] --------------------------------------------------------------
c 
c setting conflict limit to 200000 conflicts (due to '200000')
c 
c --- [ parsing input ] ------------------------------------------------------
c 
c reading DIMACS file from 'simp/22-cubes/30.cubes30.adj.simp3'
c opening file to read 'simp/22-cubes/30.cubes30.adj.simp3'
c found 'p cnf 6160 367799' header
c parsed 367799 clauses in 1.17 seconds process time
c closing file 'simp/22-cubes/30.cubes30.adj.simp3'
c after reading 86319478 bytes 82.3 MB
c 
c --- [ options ] ------------------------------------------------------------
c 
c all options are set to their default value
c 
c --- [ solving ] ------------------------------------------------------------
c 
c time measured in process time since initialization
c 
c  seconds   reductions  redundant  irredundant
c          MB    restarts       trail      variables
c           level   conflicts       glue        remaining
c 
c *  1.18 110  0 0   0    0    0  0% 0 367799 4266 69%
c {  1.24 116  0 0   0    0    0  0% 0 367799 4266 69%
c -  1.78 129 120 1   0  306  268 34% 31 367799 4266 69%
c }  2.81 135 68 1  14 1001  814 27% 25 367799 4266 69%
c [  2.82 135  0 1  14 1001  814  0% 0 367799 4266 69%
c O  2.84 135 35 1  14 1002  815  9% 2 367799 4266 69%
c -  3.30 226 34 2  14 1246  684 13% 8 367799 4266 69%
c -  4.73 220 32 3  15 2656 1380 36% 14 367799 4266 69%
c ]  4.91 220 29 3  15 3001 1647 38% 15 367799 4266 69%
c {  4.91 220 68 3  15 3001 1647 39% 25 367799 4266 69%
c F  4.92 220 68 3  15 3004 1650 39% 25 367799 4266 69%
c -  6.85 219 44 4  56 4536 1903 36% 21 367799 4266 69%
c d  7.57 219 41 4  57 5000 2227 36% 20 348200 4264 69%
c 3  7.61 219 41 4  57 5000 3945 36% 20 348200 4264 69%
c 2  7.68 220 41 4  57 5000 4336 36% 20 348198 4264 69%
c p  9.76 219 41 4  57 5000 12502 36% 20 348198 4264 69%
c # 10.89 219 36 4  67 6005 13169 36% 20 348198 4264 69%
c - 12.33 212 34 5  86 6884 2403 35% 19 348198 4264 69%
c } 12.42 212 33 5  86 7002 2420 34% 18 348198 4264 69%
c [ 12.42 212 29 5  86 7002 2420 38% 15 348198 4264 69%
c 
c  seconds   reductions  redundant   irredundant
c          MB    restarts       trail       variables
c           level   conflicts       glue         remaining
c 
c - 15.46 213 28 6  88 9659 3132 38% 19 348198 4264 69%
c I 15.78 213 28 6  88 10006 3383 38% 19 348198 4264 69%
c s 18.25 213 27 6  90 12861 5054 38% 21 344655 4264 69%
c v 22.47 213 27 6  90 12861 5054 38% 21 344556 4264 69%
c w 22.56 213 27 6  90 12861 5048 38% 21 344556 4264 69%
c t 22.58 213 27 6  90 12861 5047 38% 21 344288 4264 69%
c e 23.39 218 27 6  90 12861 4917 38% 21 336442 933 15%
c s 23.53 218 27 6  90 12861 4915 38% 21 336193 933 15%
c - 24.84 207 27 7  90 12896 3426 65% 21 336193 933 15%
c ] 26.44 207 27 7  91 15003 4623 67% 21 336193 933 15%
c { 26.44 207 33 7  91 15003 4623 156% 18 336193 933 15%
c 3 26.47 207 33 7  91 15003 5250 156% 18 336193 933 15%
c 2 26.53 207 33 7  91 15003 5272 156% 18 336192 933 15%
c p 27.54 207 33 7  91 15003 6923 156% 18 336192 933 15%
c B 27.65 207 33 7  91 15009 6929 156% 18 336192 933 15%
c - 29.30 207 31 8 112 16560 3940 133% 18 336192 933 15%
c - 31.76 206 24 9 167 20682 3359 104% 15 336192 933 15%
c W 32.18 206 23 9 167 21010 3421 103% 15 336192 933 15%
c - 38.02 207 25 10 613 25262 3947 89% 16 336192 933 15%
c F 41.37 207 25 10 791 28012 5533 85% 16 336192 933 15%
c 
c  seconds   reductions    redundant   irredundant
c          MB     restarts        trail       variables
c           level     conflicts       glue        remaining
c 
c } 42.69 207 24 10 862 29342 6120 83% 16 336192 933 15%
c 1 42.69 207 24 10 862 29342 6120 83% 16 336192 933 15%
c 
c --- [ writing output ] -----------------------------------------------------
c 
c writing simplified CNF to DIMACS file 'simp/22-cubes/30.cubes30.adj.simp4'
c * 42.69 207 24 10 862 29342 6120 83% 16 336192 933 15%
c opening file to write 'simp/22-cubes/30.cubes30.adj.simp4'
c writing 'p cnf 6160 336192' header
c closing file 'simp/22-cubes/30.cubes30.adj.simp4'
c after writing 81789935 bytes 78.0 MB
c wrote 336192 clauses in 0.72 seconds process time
c 
c --- [ writing extension ] --------------------------------------------------
c 
c writing extension stack to 'simp/22-cubes/30.cubes30.adj.ext4'
c opening file to write 'simp/22-cubes/30.cubes30.adj.ext4'
c closing file 'simp/22-cubes/30.cubes30.adj.ext4'
c after writing 209428 bytes 0.2 MB
c wrote 8516 witnesses in 0.00 seconds process time
c 
c --- [ result ] -------------------------------------------------------------
c 
s SATISFIABLE
c 
c --- [ run-time profiling ] -------------------------------------------------
c 
c process time taken by individual solving procedures
c (percentage relative to process time for solving)
c 
c        31.81   76.61% search
c        21.41   51.56% unstable
c        10.00   24.08% stable
c         9.71   23.39% simplify
c         4.28   10.32% vivify
c         3.09    7.44% probe
c         1.52    3.67% elim
c         1.17    2.83% parse
c         0.34    0.82% walk
c         0.29    0.71% subsume
c         0.10    0.25% ternary
c         0.06    0.15% lucky
c   =================================
c        41.52   95.62% solve
c 
c last line shows process time for solving
c (percentage relative to total process time)
c 
c --- [ statistics ] ---------------------------------------------------------
c 
c chronological:              4702        16.02 %  of conflicts
c conflicts:                 29342       706.76    per second
c decisions:                 63300      1524.70    per second
c eliminated:                 3331        54.07 %  of all variables
c learned:                   28887        98.45 %  per conflict
c learned_lits:            3517614       100.00 %  learned literals
c minimized:                     0         0.00 %  learned literals
c shrunken:                1919895        54.58 %  learned literals
c minishrunken:             345935         9.83 %  learned literals
c propagations:            4402561         0.11 M  per second
c reduced:                   10308        35.13 %  per conflict
c rephased:                      7      4191.71    interval
c restarts:                    862        34.04    interval
c stabilizing:                   2        34.08 %  of conflicts
c substituted:                   2         0.03 %  of all variables
c subsumed:                  16701         2.00 %  of all clauses
c strengthened:              31809         3.80 %  of all clauses
c ternary:                    2768         0.53 %  of resolved
c vivified:                    106         0.01 %  of all clauses
c walked:                        1     29342.00    interval
c weakened:                   8516         3.06    average size
c 
c seconds are measured in process time for solving
c 
c --- [ resources ] ----------------------------------------------------------
c 
c total process time since initialization:        43.42    seconds
c total real time since initialization:           43.60    seconds
c maximum resident set size of process:          327.65    MB
c 
c --- [ shutting down ] ------------------------------------------------------
c 
c exit 10
+ for i in '$(seq 1 100)'
++ sed 's/.$//'
++ rev
++ cut '-d ' -f1
++ rev
++ tail -n 1
++ grep 'c [*]' log/22-cubes/30.cubes30.adj.simp4
+ vars_remaining=15
+ ((  vars_remaining < 100 - p  ))
+ break
++ cut '-d ' -f3
++ head -n 1 simp/22-cubes/30.cubes30.adj.simp4
+ numvars=6160
++ cut '-d ' -f4
++ head -n 1 simp/22-cubes/30.cubes30.adj.simp4
+ numlines=336192
+ extlines_total=0
++ seq 1 4
+ for j in '$(seq 1 "$i")'
++ cut '-d ' -f1
++ wc -l simp/22-cubes/30.cubes30.adj.ext1
+ extlines_j=1891
+ extlines_total=1891
+ for j in '$(seq 1 "$i")'
++ cut '-d ' -f1
++ wc -l simp/22-cubes/30.cubes30.adj.ext2
+ extlines_j=0
+ extlines_total=1891
+ for j in '$(seq 1 "$i")'
++ cut '-d ' -f1
++ wc -l simp/22-cubes/30.cubes30.adj.ext3
+ extlines_j=0
+ extlines_total=1891
+ for j in '$(seq 1 "$i")'
++ cut '-d ' -f1
++ wc -l simp/22-cubes/30.cubes30.adj.ext4
+ extlines_j=8516
+ extlines_total=10407
+ newlines=346599
+ echo 'p cnf 6160 346599'
+ tail simp/22-cubes/30.cubes30.adj.simp4 -n +2
++ seq 1 4
+ for j in '$(seq 1 "$i")'
+ cat simp/22-cubes/30.cubes30.adj.ext1
+ for j in '$(seq 1 "$i")'
+ cat simp/22-cubes/30.cubes30.adj.ext2
+ for j in '$(seq 1 "$i")'
+ cat simp/22-cubes/30.cubes30.adj.ext3
+ for j in '$(seq 1 "$i")'
+ cat simp/22-cubes/30.cubes30.adj.ext4
+ sed -i 's/ 0.*/ 0/' 22-cubes/30.cubes30.adj.simp
============================[ Problem Statistics ]=============================
|                                                                             |
|  Number of variables:          6160                                         |
|  Number of clauses:          344736                                         |
|  Parse time:                   1.19 s                                       |
|  Simplification time:          0.02 s                                       |
|                                                                             |
============================[ Search Statistics ]====================================================
| Conflicts |          ORIGINAL         |          LEARNT          | Num Sols |      SUBGRAPHS      |
|           |    Vars  Clauses Literals |    Limit  Clauses Lit/Cl |          | Canonical Noncanon. |
=====================================================================================================
|       100 |    4300   344736 20366143 |     2000      100     77 |        0 |        27         0 |
|       253 |    4300   344739 20366211 |     2000      253     52 |        0 |        54         3 |
|       478 |    4300   344739 20366211 |     2000      478     42 |        0 |        90         3 |
|       822 |    4300   344746 20366419 |     2000      822     46 |        0 |       132        10 |
|      1337 |    4300   344755 20366672 |     2000     1337     58 |        0 |       155        19 |
|      2120 |    4300   344779 20367352 |     3604     1124     21 |        0 |       235        43 |
|      3294 |    4300   344814 20368281 |     3604     2298     58 |        0 |       346        78 |
|      5017 |    4300   344829 20368736 |     5002     2219     43 |        0 |       435        93 |
|      7714 |    4300   344964 20371841 |     5002     4916     67 |        0 |       529       228 |
|     11760 |    4300   345166 20375474 |     7551     3311     36 |        0 |       736       430 |
|     17636 |    4300   345276 20377955 |     8780     5416     50 |        0 |       999       540 |
|     26399 |    4300   345390 20380639 |     9992     9791     63 |        0 |      1398       654 |
|     39684 |    4300   345701 20386375 |    13600     6284     33 |        0 |      1927       965 |
|     59409 |    4300   345965 20390394 |    16003    11812     56 |        0 |      2501      1229 |
|     89594 |    4300   346958 20416315 |    19612    16206     59 |        0 |      3831      2222 |
|    134172 |    4300   347747 20431113 |    24408    17980     49 |        0 |      5600      3011 |
|    200889 |    4300   348780 20447973 |    30409    17698     43 |        0 |      8291      4044 |
|    303995 |    4300   353360 20518554 |    37608    20603     34 |        0 |     11630      8624 |
|    458004 |    4300   359580 20620855 |    46020    30424     46 |        0 |     17389     14844 |
|    690470 |    4300   370363 20786949 |    56812    34282     40 |        0 |     25681     25627 |
|   1044592 |    4300   391960 21095579 |    70008    43000     35 |        0 |     38377     47224 |
=====================================================================================================
Number of solutions   : 0           
Canonical subgraphs   : 46641          (110 /sec)
          order  3    : 1              (166667 /sec)
          order  4    : 1              (333333 /sec)
          order  5    : 1              (250000 /sec)
          order  6    : 1              (50000 /sec)
          order  7    : 2              (9852 /sec)
          order  8    : 7              (2721 /sec)
          order  9    : 34             (1023 /sec)
          order 10    : 219            (451 /sec)
          order 11    : 1028           (249 /sec)
          order 12    : 4906           (132 /sec)
          order 13    : 19531          (108 /sec)
          order 14    : 14055          (114 /sec)
          order 15    : 3363           (90 /sec)
          order 16    : 2174           (85 /sec)
          order 17    : 680            (74 /sec)
          order 18    : 292            (73 /sec)
          order 19    : 260            (69 /sec)
          order 20    : 52             (82 /sec)
          order 21    : 34             (116 /sec)
          order 22    : 0              (-nan /sec)
Noncanonical subgraphs: 55771          (864 /sec)
          order  3    : 0              (-nan /sec)
          order  4    : 0              (-nan /sec)
          order  5    : 0              (-nan /sec)
          order  6    : 0              (-nan /sec)
          order  7    : 0              (-nan /sec)
          order  8    : 0              (-nan /sec)
          order  9    : 0              (-nan /sec)
          order 10    : 0              (-nan /sec)
          order 11    : 0              (-nan /sec)
          order 12    : 0              (-nan /sec)
          order 13    : 0              (-nan /sec)
          order 14    : 54321          (874 /sec)
          order 15    : 1366           (672 /sec)
          order 16    : 36             (1202 /sec)
          order 17    : 6              (7246 /sec)
          order 18    : 7              (3993 /sec)
          order 19    : 1              (3953 /sec)
          order 20    : 0              (-nan /sec)
          order 21    : 0              (-nan /sec)
Canonicity checking   : 490.44 s
database reductions   : 62
restarts              : 2460
conflicts             : 1283620        (1039 /sec)
decisions             : 1618101        (0.00 % random) (1310 /sec)
propagations          : 303456072      (245594 /sec)
conflict literals     : 118261671      (53.83 % deleted)
actual reward         : 0.051601
Memory used           : 311.00 MB
CPU time              : 1235.6 s

UNSATISFIABLE
