+ '[' -z 41 ']'
+ f=constraints_22_11.simp-noncanon.simp
+ c=22-cubes/30.cubes
+ i=41
+ s=70
+ adj=22-cubes/30.cubes41.adj
+ cnf=22-cubes/30.cubes41.cnf
+ ext=22-cubes/30.cubes41.ext
+ cnfext=22-cubes/30.cubes41.cnfext
+ unitlines=0
++ sed '42q;d' 22-cubes/30.cubes
+ for b in '$(sed "$((i+1))q;d" "$c")'
+ [[ a != \a ]]
+ for b in '$(sed "$((i+1))q;d" "$c")'
+ [[ -92 != \a ]]
+ [[ -92 != \0 ]]
+ unitlines=1
+ for b in '$(sed "$((i+1))q;d" "$c")'
+ [[ 137 != \a ]]
+ [[ 137 != \0 ]]
+ unitlines=2
+ for b in '$(sed "$((i+1))q;d" "$c")'
+ [[ 121 != \a ]]
+ [[ 121 != \0 ]]
+ unitlines=3
+ for b in '$(sed "$((i+1))q;d" "$c")'
+ [[ 158 != \a ]]
+ [[ 158 != \0 ]]
+ unitlines=4
+ for b in '$(sed "$((i+1))q;d" "$c")'
+ [[ -107 != \a ]]
+ [[ -107 != \0 ]]
+ unitlines=5
+ for b in '$(sed "$((i+1))q;d" "$c")'
+ [[ -127 != \a ]]
+ [[ -127 != \0 ]]
+ unitlines=6
+ for b in '$(sed "$((i+1))q;d" "$c")'
+ [[ -171 != \a ]]
+ [[ -171 != \0 ]]
+ unitlines=7
+ for b in '$(sed "$((i+1))q;d" "$c")'
+ [[ 136 != \a ]]
+ [[ 136 != \0 ]]
+ unitlines=8
+ for b in '$(sed "$((i+1))q;d" "$c")'
+ [[ -168 != \a ]]
+ [[ -168 != \0 ]]
+ unitlines=9
+ for b in '$(sed "$((i+1))q;d" "$c")'
+ [[ -151 != \a ]]
+ [[ -151 != \0 ]]
+ unitlines=10
+ for b in '$(sed "$((i+1))q;d" "$c")'
+ [[ -114 != \a ]]
+ [[ -114 != \0 ]]
+ unitlines=11
+ for b in '$(sed "$((i+1))q;d" "$c")'
+ [[ -167 != \a ]]
+ [[ -167 != \0 ]]
+ unitlines=12
+ for b in '$(sed "$((i+1))q;d" "$c")'
+ [[ -166 != \a ]]
+ [[ -166 != \0 ]]
+ unitlines=13
+ for b in '$(sed "$((i+1))q;d" "$c")'
+ [[ 0 != \a ]]
+ [[ 0 != \0 ]]
++ cut '-d ' -f3
++ head -n 1 constraints_22_11.simp-noncanon.simp
+ numvars=6160
++ cut '-d ' -f4
++ head -n 1 constraints_22_11.simp-noncanon.simp
+ numlines=1786659
+ newlines=1786672
+ echo 'p cnf 6160 1786672'
+ tail constraints_22_11.simp-noncanon.simp -n +2
++ sed '42q;d' 22-cubes/30.cubes
+ for b in '$(sed "$((i+1))q;d" "$c")'
+ [[ a != \a ]]
+ for b in '$(sed "$((i+1))q;d" "$c")'
+ [[ -92 != \a ]]
+ [[ -92 != \0 ]]
+ echo '-92 0'
+ for b in '$(sed "$((i+1))q;d" "$c")'
+ [[ 137 != \a ]]
+ [[ 137 != \0 ]]
+ echo '137 0'
+ for b in '$(sed "$((i+1))q;d" "$c")'
+ [[ 121 != \a ]]
+ [[ 121 != \0 ]]
+ echo '121 0'
+ for b in '$(sed "$((i+1))q;d" "$c")'
+ [[ 158 != \a ]]
+ [[ 158 != \0 ]]
+ echo '158 0'
+ for b in '$(sed "$((i+1))q;d" "$c")'
+ [[ -107 != \a ]]
+ [[ -107 != \0 ]]
+ echo '-107 0'
+ for b in '$(sed "$((i+1))q;d" "$c")'
+ [[ -127 != \a ]]
+ [[ -127 != \0 ]]
+ echo '-127 0'
+ for b in '$(sed "$((i+1))q;d" "$c")'
+ [[ -171 != \a ]]
+ [[ -171 != \0 ]]
+ echo '-171 0'
+ for b in '$(sed "$((i+1))q;d" "$c")'
+ [[ 136 != \a ]]
+ [[ 136 != \0 ]]
+ echo '136 0'
+ for b in '$(sed "$((i+1))q;d" "$c")'
+ [[ -168 != \a ]]
+ [[ -168 != \0 ]]
+ echo '-168 0'
+ for b in '$(sed "$((i+1))q;d" "$c")'
+ [[ -151 != \a ]]
+ [[ -151 != \0 ]]
+ echo '-151 0'
+ for b in '$(sed "$((i+1))q;d" "$c")'
+ [[ -114 != \a ]]
+ [[ -114 != \0 ]]
+ echo '-114 0'
+ for b in '$(sed "$((i+1))q;d" "$c")'
+ [[ -167 != \a ]]
+ [[ -167 != \0 ]]
+ echo '-167 0'
+ for b in '$(sed "$((i+1))q;d" "$c")'
+ [[ -166 != \a ]]
+ [[ -166 != \0 ]]
+ echo '-166 0'
+ for b in '$(sed "$((i+1))q;d" "$c")'
+ [[ 0 != \a ]]
+ [[ 0 != \0 ]]
+ ./simplify-by-var-removal.sh 22-cubes/30.cubes41.adj 70
+ '[' -z 70 ']'
+ f=22-cubes/30.cubes41.adj
+ p=70
++ echo 22-cubes
+ sub_dir=22-cubes
+ mkdir -p log/22-cubes
+ mkdir -p simp/22-cubes
+ tee log/22-cubes/30.cubes41.adj.simp1
+ ./cadical/build/cadical 22-cubes/30.cubes41.adj -o simp/22-cubes/30.cubes41.adj.simp1 -e simp/22-cubes/30.cubes41.adj.ext1 -n -c 200000
c --- [ banner ] -------------------------------------------------------------
c 
c CaDiCaL Radically Simplified CDCL SAT Solver
c Copyright (c) 2016-2021 A. Biere, M. Fleury, N. Froleyks
c 
c Version 1.5.2
c g++ (GCC) 9.3.0 -Wall -Wextra -O3 -DNDEBUG
c Tue Feb 8 21:15:15 EST 2022 Linux gra-login1 3.10.0-1160.36.2.el7.x86_64 x86_64
c 
c --- [ limit ] --------------------------------------------------------------
c 
c setting conflict limit to 200000 conflicts (due to '200000')
c 
c --- [ parsing input ] ------------------------------------------------------
c 
c reading DIMACS file from '22-cubes/30.cubes41.adj'
c opening file to read '22-cubes/30.cubes41.adj'
c found 'p cnf 6160 1786672' header
c parsed 1786672 clauses in 18.52 seconds process time
c closing file '22-cubes/30.cubes41.adj'
c after reading 1542541702 bytes 1471.1 MB
c 
c --- [ options ] ------------------------------------------------------------
c 
c all options are set to their default value
c 
c --- [ solving ] ------------------------------------------------------------
c 
c time measured in process time since initialization
c 
c  seconds    reductions  redundant   irredundant
c          MB     restarts       trail       variables
c            level   conflicts       glue         remaining
c 
c * 18.52 1457  0 0   0    0    0  0% 0 1785954 4817 78%
c { 19.45 1502  0 0   0    0    0  0% 0 1785954 4817 78%
c - 28.29 1552 26 1  48  301  105 41% 11 721197 4817 78%
c i 29.28 1555 19 1  54  705  176 39% 9 721197 4816 78%
c i 30.66 1557 23 1  82  804  235 40% 11 721197 4815 78%
c i 30.68 1557 23 1  83  807  236 40% 11 721197 4813 78%
c i 30.82 1557 24 1  84  809  236 40% 11 721197 4687 76%
c i 31.20 1558 28 1  88  829  252 40% 12 721197 4634 75%
c } 31.55 1558 25 1 110 1000  277 40% 12 721197 4634 75%
c [ 31.55 1558  0 1 110 1000  277  0% 0 721197 4634 75%
c O 31.55 1558  4 1 110 1002  278 35% 4 721197 4634 75%
c i 31.55 1558  4 1 110 1002  278 35% 4 721197 4617 75%
c i 31.77 1558 13 1 110 1041  290 44% 11 721197 4616 75%
c i 31.78 1558 13 1 110 1046  294 45% 12 721197 4615 75%
c i 31.83 1558 14 1 110 1052  298 47% 12 721197 4614 75%
c i 31.86 1558 14 1 110 1057  301 48% 12 721197 4613 75%
c i 31.86 1558 14 1 110 1058  301 48% 11 721197 4612 75%
c i 31.87 1558 13 1 110 1061  303 48% 11 721197 4611 75%
c i 31.89 1558 13 1 110 1064  304 49% 11 721197 4610 75%
c i 31.89 1558 13 1 110 1065  304 49% 11 721197 4609 75%
c 
c  seconds    reductions  redundant   irredundant
c          MB     restarts       trail       variables
c            level   conflicts       glue         remaining
c 
c i 31.92 1558 13 1 110 1075  312 50% 11 721197 4608 75%
c i 31.93 1558 13 1 110 1079  314 50% 10 721197 4607 75%
c i 32.05 1558 13 1 110 1101  325 50% 10 721197 4606 75%
c i 32.18 1558 14 1 110 1127  347 52% 11 721197 4605 75%
c i 32.18 1558 14 1 110 1128  347 52% 11 721197 4604 75%
c i 32.27 1558 15 1 110 1148  358 52% 12 721197 4603 75%
c i 32.29 1558 15 1 110 1159  359 52% 12 721197 4602 75%
c i 32.29 1558 15 1 110 1160  359 52% 12 721197 4601 75%
c i 32.36 1558 18 1 110 1209  379 51% 13 721197 4600 75%
c i 32.42 1558 18 1 110 1241  399 52% 13 721197 4599 75%
c i 32.52 1558 18 1 110 1309  421 52% 13 721197 4598 75%
c i 32.52 1558 18 1 110 1310  421 52% 13 721197 4597 75%
c - 34.08 1715 17 2 110 1415  417 53% 13 543634 4597 75%
c i 34.61 1715 17 2 110 1537  488 54% 14 543634 4596 75%
c i 34.63 1715 17 2 110 1541  490 54% 14 543634 4595 75%
c i 34.63 1715 17 2 110 1542  490 54% 14 543634 4594 75%
c i 34.74 1715 16 2 110 1657  550 54% 13 543634 4593 75%
c i 34.79 1715 16 2 110 1692  559 54% 13 543634 4592 75%
c i 34.86 1715 16 2 110 1784  617 54% 13 543634 4591 75%
c i 35.17 1715 16 2 111 2203  833 54% 14 543634 4590 75%
c 
c  seconds    reductions  redundant   irredundant
c          MB     restarts       trail       variables
c            level   conflicts       glue         remaining
c 
c i 35.18 1715 16 2 111 2208  836 54% 14 543634 4589 74%
c i 35.19 1715 16 2 111 2211  836 54% 14 543634 4588 74%
c i 35.62 1715 16 2 111 2509  961 52% 13 543634 4587 74%
c i 35.62 1715 16 2 111 2510  961 52% 13 543634 4586 74%
c i 35.62 1715 16 2 111 2511  961 52% 13 543634 4585 74%
c i 35.62 1715 16 2 111 2512  961 52% 13 543634 4584 74%
c i 35.65 1715 16 2 111 2525  970 52% 13 543634 4583 74%
c i 35.68 1715 16 2 111 2546  986 52% 13 543634 4582 74%
c i 35.70 1715 16 2 111 2557  992 52% 13 543634 4581 74%
c i 35.71 1715 16 2 111 2561  995 52% 13 543634 4580 74%
c i 35.71 1715 16 2 111 2562  995 52% 13 543634 4579 74%
c i 35.81 1715 16 2 111 2623 1041 53% 13 543634 4578 74%
c i 35.81 1715 16 2 111 2624 1041 53% 13 543634 4577 74%
c i 35.98 1715 17 2 111 2765 1135 53% 14 543634 4576 74%
c - 36.73 1709 17 3 111 2976 1095 53% 14 543571 4576 74%
c ] 37.19 1627 17 3 111 3000 1100 21% 14 543571 4576 74%
c { 37.19 1627 25 3 111 3000 1100 54% 12 543571 4576 74%
c F 37.19 1627 25 3 111 3003 1101 54% 12 543571 4576 74%
c i 38.61 1627 24 3 229 4014 1328 37% 12 543571 4575 74%
c 2 41.21 1627 26 3 337 5001 3610 33% 14 543456 4565 74%
c 
c  seconds    reductions   redundant   irredundant
c          MB     restarts        trail       variables
c            level   conflicts        glue         remaining
c 
c p 49.43 1627 26 3 337 5001 14200 33% 14 543456 4460 72%
c d 50.11 1627 26 3 337 5001 12671 33% 14 466562 4454 72%
c d 50.41 1627 26 3 337 5001 12671 33% 14 466556 4451 72%
c - 51.07 1584 25 4 337 5058 1130 33% 14 466556 4451 72%
c # 53.45 1582 29 4 401 6004 1437 31% 14 466556 4451 72%
c i 54.23 1582 28 4 401 6328 1531 32% 13 466556 4442 72%
c } 55.65 1582 28 4 477 7000 1725 31% 14 466556 4442 72%
c [ 55.65 1582 17 4 477 7000 1725 21% 14 466556 4442 72%
c - 57.28 1446 18 5 478 7561 1578 37% 14 465071 4442 72%
c I 60.40 1446 23 5 479 10006 3170 36% 18 465071 4442 72%
c - 62.04 1583 23 6 480 10565 2794 35% 18 465071 4442 72%
c - 70.47 1446 22 7 482 14067 3388 35% 18 465071 4442 72%
c ] 72.74 1446 23 7 482 15003 3973 35% 18 465071 4442 72%
c { 72.74 1446 28 7 482 15003 3973 31% 14 465071 4442 72%
c 2 72.87 1446 28 7 482 15003 5917 31% 14 465060 4442 72%
c p 77.96 1446 28 7 482 15003 15284 31% 14 465060 4441 72%
c B 78.35 1446 28 7 482 15007 15272 31% 14 465055 4439 72%
c s 81.81 1446 25 7 547 17069 15252 30% 13 460767 4439 72%
c v 88.74 1446 25 7 547 17069 15252 30% 13 460648 4439 72%
c w 89.02 1446 25 7 547 17069 15249 30% 13 460648 4439 72%
c 
c  seconds    reductions    redundant   irredundant
c          MB     restarts         trail       variables
c            level    conflicts        glue         remaining
c 
c t 89.04 1446 25 7 547 17069 15196 30% 13 460300 4439 72%
c e 90.49 1447 25 7 547 17069 6738 30% 13 452567 1202 20%
c s 90.68 1447 25 7 547 17069 6718 30% 13 451618 1202 20%
c - 94.69 1447 25 8 651 18072 3673 55% 13 451618 1202 20%
c } 95.68 1447 28 8 666 18534 3931 55% 13 451618 1202 20%
c 1 95.68 1447 28 8 666 18534 3931 55% 13 451618 1202 20%
c 
c --- [ writing output ] -----------------------------------------------------
c 
c writing simplified CNF to DIMACS file 'simp/22-cubes/30.cubes41.adj.simp1'
c * 95.68 1447 28 8 666 18534 3931 55% 13 451618 1202 20%
c opening file to write 'simp/22-cubes/30.cubes41.adj.simp1'
c writing 'p cnf 6160 451618' header
c closing file 'simp/22-cubes/30.cubes41.adj.simp1'
c after writing 138557262 bytes 132.1 MB
c wrote 451618 clauses in 1.06 seconds process time
c 
c --- [ writing extension ] --------------------------------------------------
c 
c writing extension stack to 'simp/22-cubes/30.cubes41.adj.ext1'
c opening file to write 'simp/22-cubes/30.cubes41.adj.ext1'
c closing file 'simp/22-cubes/30.cubes41.adj.ext1'
c after writing 232485 bytes 0.2 MB
c wrote 10123 witnesses in 0.00 seconds process time
c 
c --- [ result ] -------------------------------------------------------------
c 
s SATISFIABLE
c 
c --- [ run-time profiling ] -------------------------------------------------
c 
c process time taken by individual solving procedures
c (percentage relative to process time for solving)
c 
c        51.80   67.14% search
c        28.15   36.48% unstable
c        25.36   32.86% simplify
c        22.73   29.45% stable
c        18.52   24.00% parse
c        13.31   17.26% probe
c         7.16    9.29% vivify
c         2.54    3.30% elim
c         0.93    1.20% lucky
c         0.37    0.48% subsume
c         0.18    0.23% ternary
c   =================================
c        77.16   79.76% solve
c 
c last line shows process time for solving
c (percentage relative to total process time)
c 
c --- [ statistics ] ---------------------------------------------------------
c 
c chronological:              3482        18.79 %  of conflicts
c conflicts:                 18534       240.21    per second
c decisions:                 48739       631.67    per second
c eliminated:                 3237        52.55 %  of all variables
c fixed:                      1700        27.60 %  of all variables
c learned:                   18237        98.40 %  per conflict
c learned_lits:            2254723       100.00 %  learned literals
c minimized:                     0         0.00 %  learned literals
c shrunken:                1326811        58.85 %  learned literals
c minishrunken:             173023         7.67 %  learned literals
c propagations:            4328254         0.06 M  per second
c reduced:                    4123        22.25 %  per conflict
c rephased:                      5      3706.80    interval
c restarts:                    666        27.83    interval
c stabilizing:                   2        53.97 %  of conflicts
c substituted:                  21         0.34 %  of all variables
c subsumed:                  16261         0.40 %  of all clauses
c strengthened:              31922         0.79 %  of all clauses
c ternary:                    4016         0.42 %  of resolved
c vivified:                    124         0.00 %  of all clauses
c weakened:                   8423         3.08    average size
c 
c seconds are measured in process time for solving
c 
c --- [ resources ] ----------------------------------------------------------
c 
c total process time since initialization:        96.74    seconds
c total real time since initialization:           99.09    seconds
c maximum resident set size of process:         1896.75    MB
c 
c --- [ shutting down ] ------------------------------------------------------
c 
c exit 10
++ seq 1 100
+ for i in '$(seq 1 100)'
++ sed 's/.$//'
++ rev
++ cut '-d ' -f1
++ rev
++ tail -n 1
++ grep 'c [*]' log/22-cubes/30.cubes41.adj.simp1
+ vars_remaining=20
+ ((  vars_remaining < 100 - p  ))
+ break
++ cut '-d ' -f3
++ head -n 1 simp/22-cubes/30.cubes41.adj.simp1
+ numvars=6160
++ cut '-d ' -f4
++ head -n 1 simp/22-cubes/30.cubes41.adj.simp1
+ numlines=451618
+ extlines_total=0
++ seq 1 1
+ for j in '$(seq 1 "$i")'
++ cut '-d ' -f1
++ wc -l simp/22-cubes/30.cubes41.adj.ext1
+ extlines_j=10123
+ extlines_total=10123
+ newlines=461741
+ echo 'p cnf 6160 461741'
+ tail simp/22-cubes/30.cubes41.adj.simp1 -n +2
++ seq 1 1
+ for j in '$(seq 1 "$i")'
+ cat simp/22-cubes/30.cubes41.adj.ext1
+ sed -i 's/ 0.*/ 0/' 22-cubes/30.cubes41.adj.simp
============================[ Problem Statistics ]=============================
|                                                                             |
|  Number of variables:          6160                                         |
|  Number of clauses:          460039                                         |
|  Parse time:                   1.87 s                                       |
|  Simplification time:          0.05 s                                       |
|                                                                             |
============================[ Search Statistics ]====================================================
| Conflicts |          ORIGINAL         |          LEARNT          | Num Sols |      SUBGRAPHS      |
|           |    Vars  Clauses Literals |    Limit  Clauses Lit/Cl |          | Canonical Noncanon. |
=====================================================================================================
|       100 |    4459   460039 33493022 |     2000      100     57 |        0 |        27         0 |
|       279 |    4459   460068 33494166 |     2000      279     79 |        0 |        47        29 |
|       508 |    4459   460072 33494405 |     2000      508    107 |        0 |        66        33 |
|       852 |    4459   460079 33494627 |     2000      852     97 |        0 |       106        40 |
|      1388 |    4459   460109 33495520 |     2000     1388     93 |        0 |       146        70 |
|      2352 |    4459   460314 33500757 |     3601     1353     47 |        0 |       310       275 |
|      3521 |    4459   460344 33501528 |     3601     2522     80 |        0 |       339       305 |
|      5308 |    4459   460423 33502712 |     5000     2508     38 |        0 |       509       384 |
|      7931 |    4459   460484 33504396 |     6302     2633     33 |        0 |       590       445 |
|     12089 |    4459   460798 33511042 |     7561     3650     32 |        0 |       811       759 |
|     17918 |    4459   460861 33512880 |     8786     5704     63 |        0 |      1081       822 |
|     26631 |    4459   460925 33514561 |    11204     5035     32 |        0 |      1330       886 |
|     40427 |    4459   461747 33528636 |    13610     7037     52 |        0 |      1892      1708 |
|     60817 |    4459   462676 33544235 |    16015    13232     65 |        0 |      2566      2637 |
|     91038 |    4459   463705 33564758 |    19608    17646     82 |        0 |      3649      3666 |
|    136550 |    4459   465428 33597882 |    24418    20368     70 |        0 |      5325      5389 |
|    208841 |    4459   472035 33709589 |    30419    25660     70 |        0 |      7917     11996 |
|    309112 |    4459   473780 33751314 |    37621    25733     62 |        0 |     10875     13741 |
|    477871 |    4459   494750 34084703 |    47219    27290     44 |        0 |     17948     34711 |
|    717492 |    4459   512688 34363096 |    58009    32901     36 |        0 |     29052     52649 |
|   1075074 |    4459   537745 34782417 |    71225    38499     34 |        0 |     45885     77706 |
|   1614593 |    4459   578476 35396350 |    86818    68411     61 |        0 |     76103    118437 |
|   2444397 |    4450   472852 29978995 |   107145    78742     62 |        0 |    120144    200059 |
=====================================================================================================
Number of solutions   : 0           
Canonical subgraphs   : 135318         (106 /sec)
          order  3    : 1              (200000 /sec)
          order  4    : 1              (1000000 /sec)
          order  5    : 1              (250000 /sec)
          order  6    : 1              (55556 /sec)
          order  7    : 3              (12605 /sec)
          order  8    : 9              (3247 /sec)
          order  9    : 40             (1180 /sec)
          order 10    : 226            (462 /sec)
          order 11    : 1090           (230 /sec)
          order 12    : 4909           (131 /sec)
          order 13    : 23349          (109 /sec)
          order 14    : 55127          (119 /sec)
          order 15    : 24924          (101 /sec)
          order 16    : 12080          (84 /sec)
          order 17    : 9001           (77 /sec)
          order 18    : 2531           (85 /sec)
          order 19    : 1361           (83 /sec)
          order 20    : 358            (108 /sec)
          order 21    : 306            (125 /sec)
          order 22    : 0              (-nan /sec)
Noncanonical subgraphs: 224368         (833 /sec)
          order  3    : 0              (-nan /sec)
          order  4    : 0              (-nan /sec)
          order  5    : 0              (-nan /sec)
          order  6    : 0              (-nan /sec)
          order  7    : 0              (-nan /sec)
          order  8    : 0              (-nan /sec)
          order  9    : 0              (-nan /sec)
          order 10    : 0              (-nan /sec)
          order 11    : 0              (-nan /sec)
          order 12    : 0              (-nan /sec)
          order 13    : 0              (-nan /sec)
          order 14    : 205687         (857 /sec)
          order 15    : 18208          (685 /sec)
          order 16    : 79             (1052 /sec)
          order 17    : 34             (606 /sec)
          order 18    : 18             (1101 /sec)
          order 19    : 29             (2608 /sec)
          order 20    : 0              (-nan /sec)
          order 21    : 0              (-nan /sec)
Canonicity checking   : 1551.11 s
database reductions   : 93
restarts              : 4861
conflicts             : 2783738        (702 /sec)
decisions             : 3660729        (0.00 % random) (923 /sec)
propagations          : 674516248      (170063 /sec)
conflict literals     : 311096033      (54.89 % deleted)
actual reward         : 0.053011
Memory used           : 491.00 MB
CPU time              : 3966.28 s

UNSATISFIABLE
