+ '[' -z 3930 ']'
+ f=constraints_22_11.simp-noncanon.simp
+ c=22-cubes/30.cubes
+ i=3930
+ s=70
+ adj=22-cubes/30.cubes3930.adj
+ cnf=22-cubes/30.cubes3930.cnf
+ ext=22-cubes/30.cubes3930.ext
+ cnfext=22-cubes/30.cubes3930.cnfext
+ unitlines=0
++ sed '3931q;d' 22-cubes/30.cubes
+ for b in '$(sed "$((i+1))q;d" "$c")'
+ [[ a != \a ]]
+ for b in '$(sed "$((i+1))q;d" "$c")'
+ [[ -92 != \a ]]
+ [[ -92 != \0 ]]
+ unitlines=1
+ for b in '$(sed "$((i+1))q;d" "$c")'
+ [[ -137 != \a ]]
+ [[ -137 != \0 ]]
+ unitlines=2
+ for b in '$(sed "$((i+1))q;d" "$c")'
+ [[ 122 != \a ]]
+ [[ 122 != \0 ]]
+ unitlines=3
+ for b in '$(sed "$((i+1))q;d" "$c")'
+ [[ -80 != \a ]]
+ [[ -80 != \0 ]]
+ unitlines=4
+ for b in '$(sed "$((i+1))q;d" "$c")'
+ [[ -58 != \a ]]
+ [[ -58 != \0 ]]
+ unitlines=5
+ for b in '$(sed "$((i+1))q;d" "$c")'
+ [[ -207 != \a ]]
+ [[ -207 != \0 ]]
+ unitlines=6
+ for b in '$(sed "$((i+1))q;d" "$c")'
+ [[ -154 != \a ]]
+ [[ -154 != \0 ]]
+ unitlines=7
+ for b in '$(sed "$((i+1))q;d" "$c")'
+ [[ -27 != \a ]]
+ [[ -27 != \0 ]]
+ unitlines=8
+ for b in '$(sed "$((i+1))q;d" "$c")'
+ [[ -169 != \a ]]
+ [[ -169 != \0 ]]
+ unitlines=9
+ for b in '$(sed "$((i+1))q;d" "$c")'
+ [[ -188 != \a ]]
+ [[ -188 != \0 ]]
+ unitlines=10
+ for b in '$(sed "$((i+1))q;d" "$c")'
+ [[ -107 != \a ]]
+ [[ -107 != \0 ]]
+ unitlines=11
+ for b in '$(sed "$((i+1))q;d" "$c")'
+ [[ 168 != \a ]]
+ [[ 168 != \0 ]]
+ unitlines=12
+ for b in '$(sed "$((i+1))q;d" "$c")'
+ [[ -167 != \a ]]
+ [[ -167 != \0 ]]
+ unitlines=13
+ for b in '$(sed "$((i+1))q;d" "$c")'
+ [[ -120 != \a ]]
+ [[ -120 != \0 ]]
+ unitlines=14
+ for b in '$(sed "$((i+1))q;d" "$c")'
+ [[ -166 != \a ]]
+ [[ -166 != \0 ]]
+ unitlines=15
+ for b in '$(sed "$((i+1))q;d" "$c")'
+ [[ 229 != \a ]]
+ [[ 229 != \0 ]]
+ unitlines=16
+ for b in '$(sed "$((i+1))q;d" "$c")'
+ [[ -226 != \a ]]
+ [[ -226 != \0 ]]
+ unitlines=17
+ for b in '$(sed "$((i+1))q;d" "$c")'
+ [[ -170 != \a ]]
+ [[ -170 != \0 ]]
+ unitlines=18
+ for b in '$(sed "$((i+1))q;d" "$c")'
+ [[ -225 != \a ]]
+ [[ -225 != \0 ]]
+ unitlines=19
+ for b in '$(sed "$((i+1))q;d" "$c")'
+ [[ 224 != \a ]]
+ [[ 224 != \0 ]]
+ unitlines=20
+ for b in '$(sed "$((i+1))q;d" "$c")'
+ [[ -150 != \a ]]
+ [[ -150 != \0 ]]
+ unitlines=21
+ for b in '$(sed "$((i+1))q;d" "$c")'
+ [[ 81 != \a ]]
+ [[ 81 != \0 ]]
+ unitlines=22
+ for b in '$(sed "$((i+1))q;d" "$c")'
+ [[ 0 != \a ]]
+ [[ 0 != \0 ]]
++ cut '-d ' -f3
++ head -n 1 constraints_22_11.simp-noncanon.simp
+ numvars=6160
++ cut '-d ' -f4
++ head -n 1 constraints_22_11.simp-noncanon.simp
+ numlines=1786659
+ newlines=1786681
+ echo 'p cnf 6160 1786681'
+ tail constraints_22_11.simp-noncanon.simp -n +2
++ sed '3931q;d' 22-cubes/30.cubes
+ for b in '$(sed "$((i+1))q;d" "$c")'
+ [[ a != \a ]]
+ for b in '$(sed "$((i+1))q;d" "$c")'
+ [[ -92 != \a ]]
+ [[ -92 != \0 ]]
+ echo '-92 0'
+ for b in '$(sed "$((i+1))q;d" "$c")'
+ [[ -137 != \a ]]
+ [[ -137 != \0 ]]
+ echo '-137 0'
+ for b in '$(sed "$((i+1))q;d" "$c")'
+ [[ 122 != \a ]]
+ [[ 122 != \0 ]]
+ echo '122 0'
+ for b in '$(sed "$((i+1))q;d" "$c")'
+ [[ -80 != \a ]]
+ [[ -80 != \0 ]]
+ echo '-80 0'
+ for b in '$(sed "$((i+1))q;d" "$c")'
+ [[ -58 != \a ]]
+ [[ -58 != \0 ]]
+ echo '-58 0'
+ for b in '$(sed "$((i+1))q;d" "$c")'
+ [[ -207 != \a ]]
+ [[ -207 != \0 ]]
+ echo '-207 0'
+ for b in '$(sed "$((i+1))q;d" "$c")'
+ [[ -154 != \a ]]
+ [[ -154 != \0 ]]
+ echo '-154 0'
+ for b in '$(sed "$((i+1))q;d" "$c")'
+ [[ -27 != \a ]]
+ [[ -27 != \0 ]]
+ echo '-27 0'
+ for b in '$(sed "$((i+1))q;d" "$c")'
+ [[ -169 != \a ]]
+ [[ -169 != \0 ]]
+ echo '-169 0'
+ for b in '$(sed "$((i+1))q;d" "$c")'
+ [[ -188 != \a ]]
+ [[ -188 != \0 ]]
+ echo '-188 0'
+ for b in '$(sed "$((i+1))q;d" "$c")'
+ [[ -107 != \a ]]
+ [[ -107 != \0 ]]
+ echo '-107 0'
+ for b in '$(sed "$((i+1))q;d" "$c")'
+ [[ 168 != \a ]]
+ [[ 168 != \0 ]]
+ echo '168 0'
+ for b in '$(sed "$((i+1))q;d" "$c")'
+ [[ -167 != \a ]]
+ [[ -167 != \0 ]]
+ echo '-167 0'
+ for b in '$(sed "$((i+1))q;d" "$c")'
+ [[ -120 != \a ]]
+ [[ -120 != \0 ]]
+ echo '-120 0'
+ for b in '$(sed "$((i+1))q;d" "$c")'
+ [[ -166 != \a ]]
+ [[ -166 != \0 ]]
+ echo '-166 0'
+ for b in '$(sed "$((i+1))q;d" "$c")'
+ [[ 229 != \a ]]
+ [[ 229 != \0 ]]
+ echo '229 0'
+ for b in '$(sed "$((i+1))q;d" "$c")'
+ [[ -226 != \a ]]
+ [[ -226 != \0 ]]
+ echo '-226 0'
+ for b in '$(sed "$((i+1))q;d" "$c")'
+ [[ -170 != \a ]]
+ [[ -170 != \0 ]]
+ echo '-170 0'
+ for b in '$(sed "$((i+1))q;d" "$c")'
+ [[ -225 != \a ]]
+ [[ -225 != \0 ]]
+ echo '-225 0'
+ for b in '$(sed "$((i+1))q;d" "$c")'
+ [[ 224 != \a ]]
+ [[ 224 != \0 ]]
+ echo '224 0'
+ for b in '$(sed "$((i+1))q;d" "$c")'
+ [[ -150 != \a ]]
+ [[ -150 != \0 ]]
+ echo '-150 0'
+ for b in '$(sed "$((i+1))q;d" "$c")'
+ [[ 81 != \a ]]
+ [[ 81 != \0 ]]
+ echo '81 0'
+ for b in '$(sed "$((i+1))q;d" "$c")'
+ [[ 0 != \a ]]
+ [[ 0 != \0 ]]
+ ./simplify-by-var-removal.sh 22-cubes/30.cubes3930.adj 70
+ '[' -z 70 ']'
+ f=22-cubes/30.cubes3930.adj
+ p=70
++ echo 22-cubes
+ sub_dir=22-cubes
+ mkdir -p log/22-cubes
+ mkdir -p simp/22-cubes
+ tee log/22-cubes/30.cubes3930.adj.simp1
+ ./cadical/build/cadical 22-cubes/30.cubes3930.adj -o simp/22-cubes/30.cubes3930.adj.simp1 -e simp/22-cubes/30.cubes3930.adj.ext1 -n -c 200000
c --- [ banner ] -------------------------------------------------------------
c 
c CaDiCaL Radically Simplified CDCL SAT Solver
c Copyright (c) 2016-2021 A. Biere, M. Fleury, N. Froleyks
c 
c Version 1.5.2
c g++ (GCC) 9.3.0 -Wall -Wextra -O3 -DNDEBUG
c Tue Feb 8 21:15:15 EST 2022 Linux gra-login1 3.10.0-1160.36.2.el7.x86_64 x86_64
c 
c --- [ limit ] --------------------------------------------------------------
c 
c setting conflict limit to 200000 conflicts (due to '200000')
c 
c --- [ parsing input ] ------------------------------------------------------
c 
c reading DIMACS file from '22-cubes/30.cubes3930.adj'
c opening file to read '22-cubes/30.cubes3930.adj'
c found 'p cnf 6160 1786681' header
c parsed 1786681 clauses in 18.44 seconds process time
c closing file '22-cubes/30.cubes3930.adj'
c after reading 1542541760 bytes 1471.1 MB
c 
c --- [ options ] ------------------------------------------------------------
c 
c all options are set to their default value
c 
c --- [ solving ] ------------------------------------------------------------
c 
c time measured in process time since initialization
c 
c  seconds    reductions  redundant   irredundant
c          MB     restarts       trail       variables
c            level   conflicts       glue         remaining
c 
c * 18.44 1475  0 0   0    0    0  0% 0 1785954 4623 75%
c { 19.85 1544  0 0   0    0    0  0% 0 1785954 4623 75%
c i 21.15 1569 48 0   0   50   34 44% 5 1785954 4585 74%
c i 21.82 1580 49 0   2   76   48 45% 8 1785954 4563 74%
c i 21.92 1580 46 0   4   82   51 44% 8 1785954 4554 74%
c i 23.08 1588 32 0  24  242   88 41% 14 1785954 4545 74%
c i 23.59 1591 34 0  25  267  105 41% 13 1785954 4541 74%
c i 23.66 1591 36 0  25  281  117 42% 13 1785954 4540 74%
c i 23.75 1591 38 0  25  291  125 42% 13 1785954 4538 74%
c i 23.77 1591 39 0  25  295  128 43% 13 1785954 4537 74%
c i 23.82 1591 39 0  26  298  130 43% 14 1785954 4536 74%
c - 27.76 1580 39 1  26  300  132 43% 13 458381 4535 74%
c i 28.54 1497 44 1  41  366  169 43% 16 458381 4529 74%
c i 28.83 1497 48 1  46  388  189 44% 18 458381 4522 73%
c i 29.54 1498 56 1  71  479  252 44% 21 458381 4521 73%
c i 30.54 1499 50 1  84  665  352 44% 20 458381 4520 73%
c i 31.10 1499 54 1  99  750  430 45% 23 458381 4519 73%
c } 31.73 1499 46 1 114 1000  513 45% 21 458381 4519 73%
c [ 31.73 1499  0 1 114 1000  513  0% 0 458381 4519 73%
c O 31.74 1499 25 1 114 1003  516 46% 22 458381 4519 73%
c 
c  seconds    reductions  redundant  irredundant
c          MB     restarts       trail      variables
c            level   conflicts       glue        remaining
c 
c i 31.78 1499  8 1 114 1012  521 34% 7 458381 4418 72%
c - 33.48 1682 25 2 114 1299  675 54% 20 456808 4418 72%
c i 34.10 1682 26 2 114 1807  994 55% 21 456808 4417 72%
c i 34.12 1682 25 2 114 1841 1018 55% 21 456808 4416 72%
c i 34.35 1682 24 2 115 2151 1218 55% 21 456808 4415 72%
c i 34.42 1682 24 2 115 2206 1252 55% 21 456808 4414 72%
c i 34.83 1682 23 2 115 2730 1616 55% 20 456808 4413 72%
c - 35.33 1680 23 3 115 2796 1330 55% 20 456793 4413 72%
c ] 35.94 1625 23 3 115 3001 1463 36% 20 456793 4413 72%
c { 35.94 1625 46 3 115 3001 1463 63% 21 456793 4413 72%
c F 35.98 1625 46 3 115 3004 1466 63% 21 456793 4413 72%
c i 36.20 1625 46 3 115 3022 1479 62% 20 456793 4412 72%
c i 37.67 1625 31 3 122 3864 1845 46% 15 456793 4411 72%
c i 37.76 1625 30 3 122 3917 1871 46% 15 456793 4410 72%
c i 38.06 1625 28 3 122 4262 2087 45% 14 456793 4409 72%
c i 38.12 1625 27 3 123 4321 2131 44% 14 456793 4408 72%
c - 39.05 1623 25 4 123 4789 1648 43% 13 456772 4408 72%
c 3 40.13 1623 24 4 132 5001 3298 42% 13 456758 4401 71%
c 2 40.23 1623 24 4 132 5001 3444 42% 13 456657 4381 71%
c p 47.02 1623 24 4 132 5001 7706 42% 13 456657 4295 70%
c 
c  seconds    reductions  redundant   irredundant
c          MB     restarts       trail       variables
c            level   conflicts       glue         remaining
c 
c d 47.72 1623 24 4 132 5001 7441 42% 13 434595 4290 70%
c # 53.64 1623 29 4 311 6005 8181 39% 15 434595 4290 70%
c } 60.00 1623 30 4 430 7001 8910 38% 16 434595 4290 70%
c [ 60.00 1623 23 4 430 7001 8910 36% 20 434595 4290 70%
c - 61.11 1607 32 5 431 7278 3054 35% 26 434595 4290 70%
c ] 61.54 1607 44 5 431 7866 3524 36% 34 434595 4290 70%
c 1 61.54 1607 44 5 431 7866 3524 36% 34 434595 4290 70%
c 
c --- [ writing output ] -----------------------------------------------------
c 
c writing simplified CNF to DIMACS file 'simp/22-cubes/30.cubes3930.adj.simp1'
c * 61.54 1607 44 5 431 7866 3524 36% 34 434595 4290 70%
c opening file to write 'simp/22-cubes/30.cubes3930.adj.simp1'
c writing 'p cnf 6160 434595' header
c closing file 'simp/22-cubes/30.cubes3930.adj.simp1'
c after writing 185878067 bytes 177.3 MB
c wrote 434595 clauses in 1.35 seconds process time
c 
c --- [ writing extension ] --------------------------------------------------
c 
c writing extension stack to 'simp/22-cubes/30.cubes3930.adj.ext1'
c opening file to write 'simp/22-cubes/30.cubes3930.adj.ext1'
c closing file 'simp/22-cubes/30.cubes3930.adj.ext1'
c after writing 27376 bytes 0.0 MB
c wrote 1882 witnesses in 0.00 seconds process time
c 
c --- [ result ] -------------------------------------------------------------
c 
s SATISFIABLE
c 
c --- [ run-time profiling ] -------------------------------------------------
c 
c process time taken by individual solving procedures
c (percentage relative to process time for solving)
c 
c        34.91   80.98% search
c        27.73   64.34% unstable
c        18.44   42.77% parse
c         8.20   19.02% simplify
c         6.79   15.75% probe
c         5.76   13.36% stable
c         1.42    3.28% lucky
c         0.08    0.18% ternary
c   =================================
c        43.11   68.53% solve
c 
c last line shows process time for solving
c (percentage relative to total process time)
c 
c --- [ statistics ] ---------------------------------------------------------
c 
c chronological:              1852        23.54 %  of conflicts
c conflicts:                  7866       182.47    per second
c decisions:                 36172       839.12    per second
c fixed:                      1858        30.16 %  of all variables
c learned:                    7662        97.41 %  per conflict
c learned_lits:            1152932       100.00 %  learned literals
c minimized:                     0         0.00 %  learned literals
c shrunken:                 635569        55.13 %  learned literals
c minishrunken:             109313         9.48 %  learned literals
c propagations:            2036753         0.05 M  per second
c reduced:                    1755        22.31 %  per conflict
c rephased:                      3      2622.00    interval
c restarts:                    431        18.25    interval
c stabilizing:                   2        36.44 %  of conflicts
c substituted:                  12         0.19 %  of all variables
c subsumed:                   2678         0.07 %  of all clauses
c ternary:                    1677         0.33 %  of resolved
c weakened:                     24         2.00    average size
c 
c seconds are measured in process time for solving
c 
c --- [ resources ] ----------------------------------------------------------
c 
c total process time since initialization:        62.90    seconds
c total real time since initialization:           62.98    seconds
c maximum resident set size of process:         1862.22    MB
c 
c --- [ shutting down ] ------------------------------------------------------
c 
c exit 10
++ seq 1 100
+ for i in '$(seq 1 100)'
++ sed 's/.$//'
++ rev
++ cut '-d ' -f1
++ rev
++ tail -n 1
++ grep 'c [*]' log/22-cubes/30.cubes3930.adj.simp1
+ vars_remaining=70
+ ((  vars_remaining < 100 - p  ))
+ tee log/22-cubes/30.cubes3930.adj.simp2
+ ./cadical/build/cadical simp/22-cubes/30.cubes3930.adj.simp1 -o simp/22-cubes/30.cubes3930.adj.simp2 -e simp/22-cubes/30.cubes3930.adj.ext2 -n -c 200000
c --- [ banner ] -------------------------------------------------------------
c 
c CaDiCaL Radically Simplified CDCL SAT Solver
c Copyright (c) 2016-2021 A. Biere, M. Fleury, N. Froleyks
c 
c Version 1.5.2
c g++ (GCC) 9.3.0 -Wall -Wextra -O3 -DNDEBUG
c Tue Feb 8 21:15:15 EST 2022 Linux gra-login1 3.10.0-1160.36.2.el7.x86_64 x86_64
c 
c --- [ limit ] --------------------------------------------------------------
c 
c setting conflict limit to 200000 conflicts (due to '200000')
c 
c --- [ parsing input ] ------------------------------------------------------
c 
c reading DIMACS file from 'simp/22-cubes/30.cubes3930.adj.simp1'
c opening file to read 'simp/22-cubes/30.cubes3930.adj.simp1'
c found 'p cnf 6160 434595' header
c parsed 434595 clauses in 2.19 seconds process time
c closing file 'simp/22-cubes/30.cubes3930.adj.simp1'
c after reading 185878067 bytes 177.3 MB
c 
c --- [ options ] ------------------------------------------------------------
c 
c all options are set to their default value
c 
c --- [ solving ] ------------------------------------------------------------
c 
c time measured in process time since initialization
c 
c  seconds   reductions  redundant  irredundant
c          MB    restarts       trail      variables
c           level   conflicts       glue        remaining
c 
c *  2.19 187  0 0   0    0    0  0% 0 434595 4282 70%
c {  2.62 212  0 0   0    0    0  0% 0 434595 4282 70%
c -  3.20 223 19 1  22  300   55 12% 10 434595 4282 70%
c }  5.14 237 30 1 110 1000  309 12% 16 434595 4282 70%
c [  5.14 237  0 1 110 1000  309  0% 0 434595 4282 70%
c O  5.14 237 43 1 110 1003  311  9% 13 434595 4282 70%
c -  5.85 396 26 2 110 1284  454 20% 15 434595 4282 70%
c -  6.68 396 31 3 111 2758 1318 25% 26 434595 4282 70%
c ]  6.78 396 32 3 111 3000 1494 25% 26 434595 4282 70%
c {  6.78 396 30 3 111 3000 1494 12% 16 434595 4282 70%
c F  7.10 396 30 3 111 3005 1498  4% 16 434595 4282 70%
c - 12.94 395 34 4 255 4724 1853 28% 18 434595 4282 70%
c 2 13.43 385 33 4 265 5000 3609 29% 18 434558 4282 70%
c p 16.08 384 33 4 265 5000 7590 29% 18 434558 4282 70%
c # 19.47 385 35 4 358 6006 8421 31% 19 434558 4282 70%
c } 23.02 385 34 4 440 7000 8992 30% 19 434558 4282 70%
c [ 23.02 385 32 4 440 7000 8992 37% 26 434558 4282 70%
c - 23.77 385 31 5 441 7182 2800 36% 25 434558 4282 70%
c I 25.93 385 25 5 442 10009 4543 36% 21 434558 4282 70%
c - 26.55 385 25 6 442 10131 3165 36% 21 434558 4282 70%
c 
c  seconds   reductions   redundant   irredundant
c          MB    restarts        trail       variables
c           level    conflicts       glue         remaining
c 
c s 29.97 385 31 6 444 13331 5099 36% 26 430577 4282 70%
c v 37.98 385 31 6 444 13331 5099 36% 26 430296 4282 70%
c t 38.15 385 31 6 444 13331 5097 36% 26 430104 4282 70%
c e 39.68 385 31 6 444 13331 4583 36% 26 421737 988 16%
c s 39.84 385 31 6 444 13331 4573 36% 26 421452 988 16%
c - 42.25 381 31 7 445 13572 3504 69% 26 421452 988 16%
c ] 43.75 381 32 7 445 15000 4470 69% 27 421452 988 16%
c { 43.75 381 34 7 445 15000 4470 128% 19 421452 988 16%
c 3 43.79 381 34 7 445 15000 4767 128% 19 421452 988 16%
c p 45.25 381 34 7 445 15000 6005 128% 19 421452 988 16%
c B 45.52 381 34 7 445 15010 6014 128% 19 421452 988 16%
c - 49.93 381 31 8 585 17472 4582 102% 18 421452 988 16%
c W 59.54 381 30 8 843 21013 6384 84% 18 421452 988 16%
c - 61.51 381 30 9 887 21858 4693 83% 18 421452 988 16%
c - 72.53 381 30 10 1290 26732 5993 76% 19 421452 988 16%
c F 78.29 381 31 10 1503 28014 6829 74% 19 421452 988 16%
c } 79.21 381 30 10 1509 28716 7300 74% 19 421452 988 16%
c 1 79.21 381 30 10 1509 28716 7300 74% 19 421452 988 16%
c 
c --- [ writing output ] -----------------------------------------------------
c 
c writing simplified CNF to DIMACS file 'simp/22-cubes/30.cubes3930.adj.simp2'
c * 79.21 381 30 10 1509 28716 7300 74% 19 421452 988 16%
c opening file to write 'simp/22-cubes/30.cubes3930.adj.simp2'
c writing 'p cnf 6160 421452' header
c closing file 'simp/22-cubes/30.cubes3930.adj.simp2'
c after writing 185355034 bytes 176.8 MB
c wrote 421452 clauses in 1.32 seconds process time
c 
c --- [ writing extension ] --------------------------------------------------
c 
c writing extension stack to 'simp/22-cubes/30.cubes3930.adj.ext2'
c opening file to write 'simp/22-cubes/30.cubes3930.adj.ext2'
c closing file 'simp/22-cubes/30.cubes3930.adj.ext2'
c after writing 226913 bytes 0.2 MB
c wrote 8972 witnesses in 0.00 seconds process time
c 
c --- [ result ] -------------------------------------------------------------
c 
s SATISFIABLE
c 
c --- [ run-time profiling ] -------------------------------------------------
c 
c process time taken by individual solving procedures
c (percentage relative to process time for solving)
c 
c        61.64   80.04% search
c        49.40   64.14% unstable
c        15.38   19.96% simplify
c        11.34   14.73% stable
c         8.13   10.56% vivify
c         4.04    5.25% probe
c         2.59    3.36% elim
c         2.19    2.84% parse
c         0.47    0.61% walk
c         0.43    0.56% lucky
c         0.31    0.40% subsume
c         0.12    0.15% ternary
c   =================================
c        77.02   95.64% solve
c 
c last line shows process time for solving
c (percentage relative to total process time)
c 
c --- [ statistics ] ---------------------------------------------------------
c 
c chronological:              5813        20.24 %  of conflicts
c conflicts:                 28716       372.85    per second
c decisions:                105920      1375.26    per second
c eliminated:                 3294        53.47 %  of all variables
c learned:                   28070        97.75 %  per conflict
c learned_lits:            3897799       100.00 %  learned literals
c minimized:                     0         0.00 %  learned literals
c shrunken:                2156052        55.31 %  learned literals
c minishrunken:             345316         8.86 %  learned literals
c propagations:            4122874         0.05 M  per second
c reduced:                   10733        37.38 %  per conflict
c rephased:                      7      4102.29    interval
c restarts:                   1509        19.03    interval
c stabilizing:                   2        34.82 %  of conflicts
c subsumed:                  14737         1.56 %  of all clauses
c strengthened:              25171         2.67 %  of all clauses
c ternary:                    1878         0.36 %  of resolved
c vivified:                    283         0.03 %  of all clauses
c walked:                        1     28716.00    interval
c weakened:                   8972         3.20    average size
c 
c seconds are measured in process time for solving
c 
c --- [ resources ] ----------------------------------------------------------
c 
c total process time since initialization:        80.53    seconds
c total real time since initialization:           80.56    seconds
c maximum resident set size of process:          655.15    MB
c 
c --- [ shutting down ] ------------------------------------------------------
c 
c exit 10
+ for i in '$(seq 1 100)'
++ sed 's/.$//'
++ rev
++ cut '-d ' -f1
++ rev
++ tail -n 1
++ grep 'c [*]' log/22-cubes/30.cubes3930.adj.simp2
+ vars_remaining=16
+ ((  vars_remaining < 100 - p  ))
+ break
++ cut '-d ' -f3
++ head -n 1 simp/22-cubes/30.cubes3930.adj.simp2
+ numvars=6160
++ cut '-d ' -f4
++ head -n 1 simp/22-cubes/30.cubes3930.adj.simp2
+ numlines=421452
+ extlines_total=0
++ seq 1 2
+ for j in '$(seq 1 "$i")'
++ cut '-d ' -f1
++ wc -l simp/22-cubes/30.cubes3930.adj.ext1
+ extlines_j=1882
+ extlines_total=1882
+ for j in '$(seq 1 "$i")'
++ cut '-d ' -f1
++ wc -l simp/22-cubes/30.cubes3930.adj.ext2
+ extlines_j=8972
+ extlines_total=10854
+ newlines=432306
+ echo 'p cnf 6160 432306'
+ tail simp/22-cubes/30.cubes3930.adj.simp2 -n +2
++ seq 1 2
+ for j in '$(seq 1 "$i")'
+ cat simp/22-cubes/30.cubes3930.adj.ext1
+ for j in '$(seq 1 "$i")'
+ cat simp/22-cubes/30.cubes3930.adj.ext2
+ sed -i 's/ 0.*/ 0/' 22-cubes/30.cubes3930.adj.simp
============================[ Problem Statistics ]=============================
|                                                                             |
|  Number of variables:          6160                                         |
|  Number of clauses:          430448                                         |
|  Parse time:                   2.46 s                                       |
|  Simplification time:          0.06 s                                       |
|                                                                             |
============================[ Search Statistics ]====================================================
| Conflicts |          ORIGINAL         |          LEARNT          | Num Sols |      SUBGRAPHS      |
|           |    Vars  Clauses Literals |    Limit  Clauses Lit/Cl |          | Canonical Noncanon. |
=====================================================================================================
|       121 |    4302   430469 40279270 |     2000      121     50 |        0 |        18        21 |
|       274 |    4302   430472 40279338 |     2000      274     70 |        0 |        29        24 |
|       499 |    4302   430472 40279338 |     2000      499    111 |        0 |        31        24 |
|       865 |    4302   430501 40280027 |     2000      865    111 |        0 |        55        53 |
|      1463 |    4302   430593 40282135 |     2000     1463     96 |        0 |        87       145 |
|      2239 |    4302   430610 40282575 |     3600     1239     61 |        0 |       100       162 |
|      3406 |    4302   430638 40283298 |     3600     2406     79 |        0 |       114       190 |
|      5308 |    4302   430832 40287450 |     5003     2511     58 |        0 |       198       384 |
|      8519 |    4302   431481 40300018 |     6302     3221     45 |        0 |       320      1033 |
|     13391 |    4302   432509 40318877 |     7556     4947     45 |        0 |       616      2061 |
|     19685 |    4302   433037 40329703 |     8778     7463     59 |        0 |       903      2589 |
|     29388 |    4302   434091 40350501 |    11208     7796     54 |        0 |      1268      3643 |
|     42904 |    4302   434633 40360439 |    13614     9518     55 |        0 |      1471      4185 |
|     64551 |    4302   436819 40393540 |    17209     8960     30 |        0 |      2069      6371 |
|    100836 |    4302   443912 40507480 |    20811    17647     71 |        0 |      2989     13464 |
|    151100 |    4302   450387 40613616 |    25614    22714     62 |        0 |      4109     19939 |
|    220171 |    4302   453774 40670100 |    31615    21786     43 |        0 |      5265     23326 |
|    330061 |    4302   465138 40866641 |    38816    27877     52 |        0 |      6737     34690 |
|    481451 |    4302   468739 40935367 |    47210    30861     48 |        0 |      7665     38291 |
|    713442 |    4302   479047 41076799 |    58011    28853     28 |        0 |     10822     48599 |
|   1054179 |    4302   487259 41202947 |    70013    52592     61 |        0 |     13633     56811 |
|   1586562 |    4302   520854 41690723 |    85634    83196     64 |        0 |     19147     90406 |
|   2364370 |    4235   429800 34306642 |    99809    99179     77 |        0 |     25578    120032 |
=====================================================================================================
Number of solutions   : 0           
Canonical subgraphs   : 27351          (21 /sec)
          order  3    : 1              (200000 /sec)
          order  4    : 1              (500000 /sec)
          order  5    : 1              (200000 /sec)
          order  6    : 1              (55556 /sec)
          order  7    : 1              (7937 /sec)
          order  8    : 2              (1356 /sec)
          order  9    : 6              (315 /sec)
          order 10    : 29             (106 /sec)
          order 11    : 141            (34 /sec)
          order 12    : 1013           (17 /sec)
          order 13    : 4256           (15 /sec)
          order 14    : 8166           (27 /sec)
          order 15    : 9208           (23 /sec)
          order 16    : 4469           (17 /sec)
          order 17    : 50             (13 /sec)
          order 18    : 5              (9 /sec)
          order 19    : 1              (5 /sec)
          order 20    : 0              (-nan /sec)
          order 21    : 0              (-nan /sec)
          order 22    : 0              (-nan /sec)
Noncanonical subgraphs: 137407         (791 /sec)
          order  3    : 0              (-nan /sec)
          order  4    : 0              (-nan /sec)
          order  5    : 0              (-nan /sec)
          order  6    : 0              (-nan /sec)
          order  7    : 0              (-nan /sec)
          order  8    : 0              (-nan /sec)
          order  9    : 0              (-nan /sec)
          order 10    : 0              (-nan /sec)
          order 11    : 0              (-nan /sec)
          order 12    : 0              (-nan /sec)
          order 13    : 0              (-nan /sec)
          order 14    : 99302          (790 /sec)
          order 15    : 24556          (1234 /sec)
          order 16    : 12331          (693 /sec)
          order 17    : 1209           (118 /sec)
          order 18    : 9              (90 /sec)
          order 19    : 0              (-nan /sec)
          order 20    : 0              (-nan /sec)
          order 21    : 0              (-nan /sec)
Canonicity checking   : 1472.23 s
database reductions   : 90
restarts              : 4475
conflicts             : 2598010        (1020 /sec)
decisions             : 3367110        (0.00 % random) (1322 /sec)
propagations          : 502032866      (197080 /sec)
conflict literals     : 290094221      (53.69 % deleted)
actual reward         : 0.059991
Memory used           : 603.00 MB
CPU time              : 2547.36 s

UNSATISFIABLE
