+ '[' -z 2994 ']'
+ f=constraints_22_11.simp-noncanon.simp
+ c=22-cubes/30.cubes
+ i=2994
+ s=70
+ adj=22-cubes/30.cubes2994.adj
+ cnf=22-cubes/30.cubes2994.cnf
+ ext=22-cubes/30.cubes2994.ext
+ cnfext=22-cubes/30.cubes2994.cnfext
+ unitlines=0
++ sed '2995q;d' 22-cubes/30.cubes
+ for b in '$(sed "$((i+1))q;d" "$c")'
+ [[ a != \a ]]
+ for b in '$(sed "$((i+1))q;d" "$c")'
+ [[ -92 != \a ]]
+ [[ -92 != \0 ]]
+ unitlines=1
+ for b in '$(sed "$((i+1))q;d" "$c")'
+ [[ -137 != \a ]]
+ [[ -137 != \0 ]]
+ unitlines=2
+ for b in '$(sed "$((i+1))q;d" "$c")'
+ [[ 122 != \a ]]
+ [[ 122 != \0 ]]
+ unitlines=3
+ for b in '$(sed "$((i+1))q;d" "$c")'
+ [[ -80 != \a ]]
+ [[ -80 != \0 ]]
+ unitlines=4
+ for b in '$(sed "$((i+1))q;d" "$c")'
+ [[ -58 != \a ]]
+ [[ -58 != \0 ]]
+ unitlines=5
+ for b in '$(sed "$((i+1))q;d" "$c")'
+ [[ 207 != \a ]]
+ [[ 207 != \0 ]]
+ unitlines=6
+ for b in '$(sed "$((i+1))q;d" "$c")'
+ [[ 154 != \a ]]
+ [[ 154 != \0 ]]
+ unitlines=7
+ for b in '$(sed "$((i+1))q;d" "$c")'
+ [[ -107 != \a ]]
+ [[ -107 != \0 ]]
+ unitlines=8
+ for b in '$(sed "$((i+1))q;d" "$c")'
+ [[ -153 != \a ]]
+ [[ -153 != \0 ]]
+ unitlines=9
+ for b in '$(sed "$((i+1))q;d" "$c")'
+ [[ 94 != \a ]]
+ [[ 94 != \0 ]]
+ unitlines=10
+ for b in '$(sed "$((i+1))q;d" "$c")'
+ [[ -226 != \a ]]
+ [[ -226 != \0 ]]
+ unitlines=11
+ for b in '$(sed "$((i+1))q;d" "$c")'
+ [[ -135 != \a ]]
+ [[ -135 != \0 ]]
+ unitlines=12
+ for b in '$(sed "$((i+1))q;d" "$c")'
+ [[ 224 != \a ]]
+ [[ 224 != \0 ]]
+ unitlines=13
+ for b in '$(sed "$((i+1))q;d" "$c")'
+ [[ -27 != \a ]]
+ [[ -27 != \0 ]]
+ unitlines=14
+ for b in '$(sed "$((i+1))q;d" "$c")'
+ [[ -223 != \a ]]
+ [[ -223 != \0 ]]
+ unitlines=15
+ for b in '$(sed "$((i+1))q;d" "$c")'
+ [[ -152 != \a ]]
+ [[ -152 != \0 ]]
+ unitlines=16
+ for b in '$(sed "$((i+1))q;d" "$c")'
+ [[ 0 != \a ]]
+ [[ 0 != \0 ]]
++ cut '-d ' -f3
++ head -n 1 constraints_22_11.simp-noncanon.simp
+ numvars=6160
++ cut '-d ' -f4
++ head -n 1 constraints_22_11.simp-noncanon.simp
+ numlines=1786659
+ newlines=1786675
+ echo 'p cnf 6160 1786675'
+ tail constraints_22_11.simp-noncanon.simp -n +2
++ sed '2995q;d' 22-cubes/30.cubes
+ for b in '$(sed "$((i+1))q;d" "$c")'
+ [[ a != \a ]]
+ for b in '$(sed "$((i+1))q;d" "$c")'
+ [[ -92 != \a ]]
+ [[ -92 != \0 ]]
+ echo '-92 0'
+ for b in '$(sed "$((i+1))q;d" "$c")'
+ [[ -137 != \a ]]
+ [[ -137 != \0 ]]
+ echo '-137 0'
+ for b in '$(sed "$((i+1))q;d" "$c")'
+ [[ 122 != \a ]]
+ [[ 122 != \0 ]]
+ echo '122 0'
+ for b in '$(sed "$((i+1))q;d" "$c")'
+ [[ -80 != \a ]]
+ [[ -80 != \0 ]]
+ echo '-80 0'
+ for b in '$(sed "$((i+1))q;d" "$c")'
+ [[ -58 != \a ]]
+ [[ -58 != \0 ]]
+ echo '-58 0'
+ for b in '$(sed "$((i+1))q;d" "$c")'
+ [[ 207 != \a ]]
+ [[ 207 != \0 ]]
+ echo '207 0'
+ for b in '$(sed "$((i+1))q;d" "$c")'
+ [[ 154 != \a ]]
+ [[ 154 != \0 ]]
+ echo '154 0'
+ for b in '$(sed "$((i+1))q;d" "$c")'
+ [[ -107 != \a ]]
+ [[ -107 != \0 ]]
+ echo '-107 0'
+ for b in '$(sed "$((i+1))q;d" "$c")'
+ [[ -153 != \a ]]
+ [[ -153 != \0 ]]
+ echo '-153 0'
+ for b in '$(sed "$((i+1))q;d" "$c")'
+ [[ 94 != \a ]]
+ [[ 94 != \0 ]]
+ echo '94 0'
+ for b in '$(sed "$((i+1))q;d" "$c")'
+ [[ -226 != \a ]]
+ [[ -226 != \0 ]]
+ echo '-226 0'
+ for b in '$(sed "$((i+1))q;d" "$c")'
+ [[ -135 != \a ]]
+ [[ -135 != \0 ]]
+ echo '-135 0'
+ for b in '$(sed "$((i+1))q;d" "$c")'
+ [[ 224 != \a ]]
+ [[ 224 != \0 ]]
+ echo '224 0'
+ for b in '$(sed "$((i+1))q;d" "$c")'
+ [[ -27 != \a ]]
+ [[ -27 != \0 ]]
+ echo '-27 0'
+ for b in '$(sed "$((i+1))q;d" "$c")'
+ [[ -223 != \a ]]
+ [[ -223 != \0 ]]
+ echo '-223 0'
+ for b in '$(sed "$((i+1))q;d" "$c")'
+ [[ -152 != \a ]]
+ [[ -152 != \0 ]]
+ echo '-152 0'
+ for b in '$(sed "$((i+1))q;d" "$c")'
+ [[ 0 != \a ]]
+ [[ 0 != \0 ]]
+ ./simplify-by-var-removal.sh 22-cubes/30.cubes2994.adj 70
+ '[' -z 70 ']'
+ f=22-cubes/30.cubes2994.adj
+ p=70
++ echo 22-cubes
+ sub_dir=22-cubes
+ mkdir -p log/22-cubes
+ mkdir -p simp/22-cubes
+ tee log/22-cubes/30.cubes2994.adj.simp1
+ ./cadical/build/cadical 22-cubes/30.cubes2994.adj -o simp/22-cubes/30.cubes2994.adj.simp1 -e simp/22-cubes/30.cubes2994.adj.ext1 -n -c 200000
c --- [ banner ] -------------------------------------------------------------
c 
c CaDiCaL Radically Simplified CDCL SAT Solver
c Copyright (c) 2016-2021 A. Biere, M. Fleury, N. Froleyks
c 
c Version 1.5.2
c g++ (GCC) 9.3.0 -Wall -Wextra -O3 -DNDEBUG
c Tue Feb 8 21:15:15 EST 2022 Linux gra-login1 3.10.0-1160.36.2.el7.x86_64 x86_64
c 
c --- [ limit ] --------------------------------------------------------------
c 
c setting conflict limit to 200000 conflicts (due to '200000')
c 
c --- [ parsing input ] ------------------------------------------------------
c 
c reading DIMACS file from '22-cubes/30.cubes2994.adj'
c opening file to read '22-cubes/30.cubes2994.adj'
c found 'p cnf 6160 1786675' header
c parsed 1786675 clauses in 18.35 seconds process time
c closing file '22-cubes/30.cubes2994.adj'
c after reading 1542541718 bytes 1471.1 MB
c 
c --- [ options ] ------------------------------------------------------------
c 
c all options are set to their default value
c 
c --- [ solving ] ------------------------------------------------------------
c 
c time measured in process time since initialization
c 
c  seconds    reductions  redundant   irredundant
c          MB     restarts       trail       variables
c            level   conflicts       glue         remaining
c 
c * 18.35 1476  0 0   0    0    0  0% 0 1785954 4710 76%
c { 19.50 1534  0 0   0    0    0  0% 0 1785954 4710 76%
c i 22.05 1588 96 0   3   68   62 49% 4 1785954 4701 76%
c - 27.59 1555 35 1  51  301  101 40% 12 328184 4694 76%
c i 27.92 1556 26 1  60  500  124 38% 12 328184 4693 76%
c i 27.97 1556 26 1  60  509  130 39% 12 328184 4692 76%
c i 28.24 1556 27 1  64  534  150 39% 13 328184 4691 76%
c i 28.75 1556 31 1  82  606  198 40% 14 328184 4690 76%
c i 28.85 1556 33 1  87  626  212 40% 15 328184 4689 76%
c i 28.86 1556 32 1  87  627  212 41% 15 328184 4688 76%
c i 28.90 1465 33 1  89  634  216 41% 15 328184 4685 76%
c i 29.34 1465 39 1 101  683  258 41% 16 328184 4682 76%
c i 29.36 1465 39 1 102  687  261 41% 16 328184 4681 76%
c i 29.37 1465 39 1 103  688  261 41% 16 328184 4680 76%
c i 29.73 1465 40 1 116  736  302 42% 16 328184 4679 76%
c i 29.75 1465 40 1 116  741  306 42% 16 328184 4678 76%
c i 29.95 1464 40 1 120  764  323 42% 17 328184 4677 76%
c i 30.58 1463 44 1 137  838  381 42% 18 328184 4676 76%
c i 30.65 1464 45 1 139  845  387 42% 19 328184 4675 76%
c i 30.69 1464 46 1 142  857  397 43% 19 328184 4674 76%
c 
c  seconds    reductions  redundant   irredundant
c          MB     restarts       trail       variables
c            level   conflicts       glue         remaining
c 
c i 30.78 1464 47 1 147  879  412 43% 20 328184 4673 76%
c i 30.82 1464 47 1 150  890  420 43% 20 328184 4672 76%
c i 30.97 1464 50 1 154  909  435 43% 21 328184 4671 76%
c i 31.25 1464 54 1 161  940  458 43% 22 328184 4670 76%
c i 32.10 1464 58 1 173  983  498 44% 23 328184 4669 76%
c } 32.20 1464 58 1 179 1001  511 43% 23 328184 4669 76%
c [ 32.20 1464  0 1 179 1001  511  0% 0 328184 4669 76%
c O 32.20 1464  1 1 179 1002  512 27% 1 328184 4669 76%
c i 32.21 1464  0 1 179 1003  512 28% 0 328184 4578 74%
c i 32.64 1464 11 1 179 1192  552 38% 9 328184 4577 74%
c i 32.67 1464 12 1 179 1199  558 38% 10 328184 4576 74%
c i 32.67 1464 12 1 179 1200  558 38% 10 328184 4575 74%
c - 33.33 1605 14 2 179 1211  536 39% 11 326682 4575 74%
c i 33.53 1605 19 2 179 1243  565 42% 15 326682 4574 74%
c i 33.53 1605 19 2 179 1246  567 42% 15 326682 4573 74%
c i 33.53 1605 19 2 179 1247  567 42% 15 326682 4572 74%
c i 33.59 1605 24 2 179 1289  601 44% 18 326682 4571 74%
c i 33.59 1605 24 2 179 1290  601 44% 18 326682 4570 74%
c i 33.60 1605 24 2 179 1294  604 44% 18 326682 4569 74%
c i 33.63 1605 26 2 179 1326  632 45% 20 326682 4568 74%
c 
c  seconds    reductions  redundant   irredundant
c          MB     restarts       trail       variables
c            level   conflicts       glue         remaining
c 
c i 33.66 1605 28 2 179 1372  666 46% 22 326682 4567 74%
c i 33.66 1605 29 2 179 1377  666 46% 22 326682 4566 74%
c i 33.68 1605 30 2 179 1414  701 47% 23 326682 4565 74%
c i 33.70 1605 31 2 179 1448  734 48% 24 326682 4564 74%
c i 33.74 1605 33 2 179 1511  779 49% 26 326682 4563 74%
c i 33.74 1605 33 2 179 1512  779 49% 26 326682 4562 74%
c i 33.74 1605 33 2 179 1513  779 49% 26 326682 4561 74%
c i 33.80 1605 35 2 179 1667  905 51% 28 326682 4560 74%
c i 34.12 1605 36 2 180 2437 1506 53% 29 326682 4559 74%
c - 34.51 1602 35 3 180 2574 1334 54% 29 326638 4559 74%
c i 34.91 1602 34 3 180 2863 1561 40% 29 326638 4558 74%
c ] 34.96 1602 34 3 180 3004 1684 40% 29 326638 4558 74%
c { 34.96 1602 58 3 180 3004 1684 59% 23 326638 4558 74%
c F 34.98 1602 58 3 181 3005 1685 59% 23 326638 4558 74%
c i 35.48 1602 50 3 195 3367 1814 50% 21 326638 4557 74%
c i 35.64 1602 52 3 198 3403 1843 49% 21 326638 4556 74%
c i 35.71 1602 52 3 202 3419 1858 49% 22 326638 4555 74%
c i 36.40 1602 53 3 239 3616 2022 47% 23 326638 4554 74%
c i 36.73 1602 55 3 255 3719 2104 46% 24 326638 4553 74%
c i 37.61 1602 53 3 286 4156 2340 43% 23 326638 4552 74%
c 
c  seconds    reductions  redundant   irredundant
c          MB     restarts       trail       variables
c            level   conflicts       glue         remaining
c 
c - 38.40 1600 50 4 298 4391 1629 41% 23 326619 4552 74%
c i 39.85 1600 54 4 358 4851 1958 38% 23 326619 4551 74%
c d 40.40 1601 53 4 364 5000 2061 38% 23 326582 4542 74%
c 3 40.43 1601 53 4 364 5000 3982 38% 23 326582 4542 74%
c 2 40.50 1601 53 4 364 5000 4182 38% 23 326463 4542 74%
c p 42.79 1601 53 4 364 5000 11195 38% 23 326463 4481 73%
c d 43.31 1601 53 4 364 5000 9874 38% 23 325967 4480 73%
c # 43.81 1601 46 4 364 6009 10590 39% 22 325967 4480 73%
c - 45.58 1467 46 5 423 6662 2460 38% 22 325967 4480 73%
c } 47.21 1467 47 5 488 7005 2733 38% 23 325967 4480 73%
c [ 47.21 1467 34 5 488 7005 2733 40% 29 325967 4480 73%
c - 48.66 1467 30 6 490 9386 3117 43% 26 325967 4480 73%
c I 49.13 1467 30 6 490 10012 3536 43% 26 325967 4480 73%
c - 54.17 1467 37 7 492 12565 3922 41% 28 325967 4480 73%
c ] 55.46 1467 35 7 493 15006 5706 41% 28 325967 4480 73%
c { 55.46 1467 47 7 493 15006 5706 38% 23 325967 4480 73%
c 3 55.50 1467 47 7 493 15006 7783 38% 23 325967 4480 73%
c 2 55.57 1467 47 7 493 15006 7928 38% 23 325953 4480 73%
c p 58.93 1467 47 7 493 15006 14040 38% 23 325953 4478 73%
c d 59.15 1467 47 7 493 15006 13822 38% 23 325946 4477 73%
c 
c  seconds    reductions    redundant   irredundant
c          MB     restarts         trail       variables
c            level    conflicts        glue         remaining
c 
c B 59.42 1467 47 7 493 15013 13828 38% 23 325946 4477 73%
c - 62.16 1467 45 8 578 16199 4715 38% 23 325946 4477 73%
c s 63.28 1467 42 8 582 17136 5213 38% 22 321524 4477 73%
c v 68.58 1467 42 8 582 17136 5213 38% 22 321334 4477 73%
c w 68.72 1467 42 8 582 17136 5212 38% 22 321334 4477 73%
c t 68.73 1467 42 8 582 17136 5201 38% 22 321187 4477 73%
c e 69.97 1468 42 8 582 17136 4940 38% 22 313001 1332 22%
c s 70.12 1468 42 8 582 17136 4936 38% 22 312581 1332 22%
c - 76.75 1468 40 9 790 20284 5129 61% 22 312581 1332 22%
c W 79.20 1468 40 9 866 21014 5548 59% 22 312581 1332 22%
c - 88.42 1468 39 10 1188 24768 5131 56% 22 312581 1332 22%
c F 95.75 1468 39 10 1414 28018 7595 58% 23 312581 1332 22%
c - 97.84 1468 38 11 1496 29702 6497 58% 23 312581 1332 22%
c d 98.13 1468 38 11 1499 30006 6715 59% 23 303120 1331 22%
c 3 98.16 1468 38 11 1499 30006 7624 59% 23 303120 1331 22%
c p 99.62 1468 38 11 1499 30006 10225 59% 23 303120 1331 22%
c } 100.19 1468 37 11 1504 31007 10785 59% 22 303120 1331 22%
c [ 100.19 1468 35 11 1504 31007 10785 142% 28 303120 1331 22%
c - 102.04 1468 34 12 1506 35084 6891 115% 27 303120 1331 22%
c B 102.52 1468 34 12 1507 36019 7559 111% 27 303120 1331 22%
c 
c  seconds     reductions     redundant    irredundant
c           MB      restarts         trail        variables
c             level      conflicts        glue         remaining
c 
c ] 103.57 1468 33 12 1509 38823 9586 103% 27 303120 1331 22%
c 1 103.57 1468 33 12 1509 38823 9586 103% 27 303120 1331 22%
c 
c --- [ writing output ] -----------------------------------------------------
c 
c writing simplified CNF to DIMACS file 'simp/22-cubes/30.cubes2994.adj.simp1'
c * 103.57 1468 33 12 1509 38823 9586 103% 27 303120 1331 22%
c opening file to write 'simp/22-cubes/30.cubes2994.adj.simp1'
c writing 'p cnf 6160 303120' header
c closing file 'simp/22-cubes/30.cubes2994.adj.simp1'
c after writing 143229944 bytes 136.6 MB
c wrote 303120 clauses in 1.03 seconds process time
c 
c --- [ writing extension ] --------------------------------------------------
c 
c writing extension stack to 'simp/22-cubes/30.cubes2994.adj.ext1'
c opening file to write 'simp/22-cubes/30.cubes2994.adj.ext1'
c closing file 'simp/22-cubes/30.cubes2994.adj.ext1'
c after writing 248270 bytes 0.2 MB
c wrote 10536 witnesses in 0.00 seconds process time
c 
c --- [ result ] -------------------------------------------------------------
c 
s SATISFIABLE
c 
c --- [ run-time profiling ] -------------------------------------------------
c 
c process time taken by individual solving procedures
c (percentage relative to process time for solving)
c 
c        68.72   80.63% search
c        52.90   62.08% unstable
c        18.35   21.54% parse
c        16.50   19.37% simplify
c        14.40   16.90% stable
c         7.04    8.26% probe
c         5.41    6.35% vivify
c         2.06    2.42% elim
c         1.15    1.34% lucky
c         0.28    0.32% subsume
c         0.26    0.31% walk
c         0.16    0.19% ternary
c   =================================
c        85.22   81.46% solve
c 
c last line shows process time for solving
c (percentage relative to total process time)
c 
c --- [ statistics ] ---------------------------------------------------------
c 
c chronological:              7429        19.14 %  of conflicts
c conflicts:                 38823       455.56    per second
c decisions:                140426      1647.81    per second
c eliminated:                 3145        51.06 %  of all variables
c fixed:                      1672        27.14 %  of all variables
c learned:                   38027        97.95 %  per conflict
c learned_lits:            7793364       100.00 %  learned literals
c minimized:                     0         0.00 %  learned literals
c shrunken:                4423143        56.76 %  learned literals
c minishrunken:             774760         9.94 %  learned literals
c propagations:            6260907         0.07 M  per second
c reduced:                   17189        44.28 %  per conflict
c rephased:                      8      4852.88    interval
c restarts:                   1509        25.73    interval
c stabilizing:                   3        45.90 %  of conflicts
c substituted:                  12         0.19 %  of all variables
c subsumed:                  16987         0.45 %  of all clauses
c strengthened:              31423         0.83 %  of all clauses
c ternary:                    5303         0.44 %  of resolved
c vivified:                    207         0.01 %  of all clauses
c walked:                        1     38823.00    interval
c weakened:                   8864         3.21    average size
c 
c seconds are measured in process time for solving
c 
c --- [ resources ] ----------------------------------------------------------
c 
c total process time since initialization:       104.61    seconds
c total real time since initialization:          104.71    seconds
c maximum resident set size of process:         1742.51    MB
c 
c --- [ shutting down ] ------------------------------------------------------
c 
c exit 10
++ seq 1 100
+ for i in '$(seq 1 100)'
++ sed 's/.$//'
++ rev
++ cut '-d ' -f1
++ rev
++ tail -n 1
++ grep 'c [*]' log/22-cubes/30.cubes2994.adj.simp1
+ vars_remaining=22
+ ((  vars_remaining < 100 - p  ))
+ break
++ cut '-d ' -f3
++ head -n 1 simp/22-cubes/30.cubes2994.adj.simp1
+ numvars=6160
++ cut '-d ' -f4
++ head -n 1 simp/22-cubes/30.cubes2994.adj.simp1
+ numlines=303120
+ extlines_total=0
++ seq 1 1
+ for j in '$(seq 1 "$i")'
++ cut '-d ' -f1
++ wc -l simp/22-cubes/30.cubes2994.adj.ext1
+ extlines_j=10536
+ extlines_total=10536
+ newlines=313656
+ echo 'p cnf 6160 313656'
+ tail simp/22-cubes/30.cubes2994.adj.simp1 -n +2
++ seq 1 1
+ for j in '$(seq 1 "$i")'
+ cat simp/22-cubes/30.cubes2994.adj.ext1
+ sed -i 's/ 0.*/ 0/' 22-cubes/30.cubes2994.adj.simp
============================[ Problem Statistics ]=============================
|                                                                             |
|  Number of variables:          6160                                         |
|  Number of clauses:          311984                                         |
|  Parse time:                   1.91 s                                       |
|  Simplification time:          0.04 s                                       |
|                                                                             |
============================[ Search Statistics ]====================================================
| Conflicts |          ORIGINAL         |          LEARNT          | Num Sols |      SUBGRAPHS      |
|           |    Vars  Clauses Literals |    Limit  Clauses Lit/Cl |          | Canonical Noncanon. |
=====================================================================================================
|       100 |    4488   311984 31464810 |     2000      100     94 |        0 |        15         0 |
|       316 |    4488   312050 31465910 |     2000      316     43 |        0 |        34        66 |
|       571 |    4488   312080 31466436 |     2000      571     62 |        0 |        60        96 |
|       922 |    4488   312094 31467009 |     2000      922     84 |        0 |        82       110 |
|      1441 |    4488   312107 31467480 |     2000     1441     88 |        0 |       108       123 |
|      2200 |    4488   312107 31467480 |     3600     1200     64 |        0 |       120       123 |
|      3583 |    4488   312351 31472752 |     3600     2583     88 |        0 |       186       367 |
|      5314 |    4488   312374 31474231 |     5003     2517     57 |        0 |       265       390 |
|      7965 |    4488   312463 31476149 |     6310     2675     45 |        0 |       294       479 |
|     12240 |    4488   312894 31486530 |     7556     3796     51 |        0 |       421       910 |
|     18244 |    4488   313132 31492437 |     8781     6025     67 |        0 |       549      1148 |
|     27009 |    4488   313248 31495485 |    11203     5412     35 |        0 |       647      1264 |
|     40063 |    4488   313328 31497965 |    13606     6669     43 |        0 |       717      1344 |
|     60009 |    4488   313813 31508886 |    16007    12416     75 |        0 |       871      1829 |
|     89765 |    4488   314377 31520328 |    19605    16370     78 |        0 |      1060      2393 |
|    134307 |    4488   315130 31536061 |    24411    18118     82 |        0 |      1288      3146 |
|    200556 |    4488   315695 31548415 |    30407    17363     74 |        0 |      1553      3711 |
|    301908 |    4488   318521 31606995 |    37617    18525     57 |        0 |      2226      6537 |
|    450131 |    4488   318955 31617383 |    46024    22555     63 |        0 |      2446      6971 |
|    681432 |    4488   328573 31770643 |    55613    53045     90 |        0 |      2836     16589 |
|   1018566 |    4488   333182 31855362 |    68822    51388     80 |        0 |      3579     21198 |
|   1525326 |    4488   341154 32047390 |    84419    64145     78 |        0 |      5093     29170 |
|   2307443 |    4488   375089 32676447 |   103629    99072     97 |        0 |      7380     63105 |
|   3432535 |    4488   377907 32757595 |   127619    74154     56 |        0 |      9092     65923 |
|   5120233 |    4488   382194 32881048 |   155221   142654     74 |        0 |     12223     70210 |
|   7699804 |    4488   436649 33831446 |   191232   133236     65 |        0 |     18784    124665 |
|  11502849 |    4488   452019 34238846 |   234421   116670     38 |        0 |     28697    140035 |
|  17276405 |    4488   544063 36232477 |   287218   165823     51 |        1 |     49757    232078 |
|  25871136 |    4488   616525 37758298 |   350835   322971     78 |        5 |     71929    304536 |
|  38910583 |    4488   872569 42918647 |   431237   284020     56 |        5 |    116540    560580 |
|  58271085 |    4486   712908 35055197 |   527203   500488     82 |       20 |    165415    745962 |
=====================================================================================================
Number of solutions   : 29          
Canonical subgraphs   : 243420         (11 /sec)
          order  3    : 1              (166667 /sec)
          order  4    : 1              (500000 /sec)
          order  5    : 1              (250000 /sec)
          order  6    : 1              (55556 /sec)
          order  7    : 1              (8547 /sec)
          order  8    : 2              (1351 /sec)
          order  9    : 7              (332 /sec)
          order 10    : 29             (99 /sec)
          order 11    : 139            (36 /sec)
          order 12    : 1069           (15 /sec)
          order 13    : 5411           (9 /sec)
          order 14    : 26146          (11 /sec)
          order 15    : 102226         (11 /sec)
          order 16    : 86347          (10 /sec)
          order 17    : 11999          (10 /sec)
          order 18    : 5200           (8 /sec)
          order 19    : 1487           (10 /sec)
          order 20    : 1637           (10 /sec)
          order 21    : 1687           (10 /sec)
          order 22    : 29             (1 /sec)
Noncanonical subgraphs: 936148         (429 /sec)
          order  3    : 0              (-nan /sec)
          order  4    : 0              (-nan /sec)
          order  5    : 0              (-nan /sec)
          order  6    : 0              (-nan /sec)
          order  7    : 0              (-nan /sec)
          order  8    : 0              (-nan /sec)
          order  9    : 0              (-nan /sec)
          order 10    : 0              (-nan /sec)
          order 11    : 0              (-nan /sec)
          order 12    : 0              (-nan /sec)
          order 13    : 0              (-nan /sec)
          order 14    : 151861         (1030 /sec)
          order 15    : 638167         (499 /sec)
          order 16    : 110529         (543 /sec)
          order 17    : 32924          (94 /sec)
          order 18    : 1003           (44 /sec)
          order 19    : 2              (128 /sec)
          order 20    : 0              (-nan /sec)
          order 21    : 0              (-nan /sec)
Canonicity checking   : 25212.4 s
database reductions   : 510
restarts              : 101862
conflicts             : 78929645       (989 /sec)
decisions             : 95927667       (0.00 % random) (1201 /sec)
propagations          : 16042817661    (200929 /sec)
conflict literals     : 9926451059     (58.68 % deleted)
actual reward         : 0.057783
Memory used           : 1069.00 MB
CPU time              : 79843 s

UNSATISFIABLE
