+ '[' -z 2479 ']'
+ f=constraints_22_11.simp-noncanon.simp
+ c=22-cubes/30.cubes
+ i=2479
+ s=70
+ adj=22-cubes/30.cubes2479.adj
+ cnf=22-cubes/30.cubes2479.cnf
+ ext=22-cubes/30.cubes2479.ext
+ cnfext=22-cubes/30.cubes2479.cnfext
+ unitlines=0
++ sed '2480q;d' 22-cubes/30.cubes
+ for b in '$(sed "$((i+1))q;d" "$c")'
+ [[ a != \a ]]
+ for b in '$(sed "$((i+1))q;d" "$c")'
+ [[ -92 != \a ]]
+ [[ -92 != \0 ]]
+ unitlines=1
+ for b in '$(sed "$((i+1))q;d" "$c")'
+ [[ -137 != \a ]]
+ [[ -137 != \0 ]]
+ unitlines=2
+ for b in '$(sed "$((i+1))q;d" "$c")'
+ [[ 122 != \a ]]
+ [[ 122 != \0 ]]
+ unitlines=3
+ for b in '$(sed "$((i+1))q;d" "$c")'
+ [[ -80 != \a ]]
+ [[ -80 != \0 ]]
+ unitlines=4
+ for b in '$(sed "$((i+1))q;d" "$c")'
+ [[ 58 != \a ]]
+ [[ 58 != \0 ]]
+ unitlines=5
+ for b in '$(sed "$((i+1))q;d" "$c")'
+ [[ 107 != \a ]]
+ [[ 107 != \0 ]]
+ unitlines=6
+ for b in '$(sed "$((i+1))q;d" "$c")'
+ [[ 207 != \a ]]
+ [[ 207 != \0 ]]
+ unitlines=7
+ for b in '$(sed "$((i+1))q;d" "$c")'
+ [[ -205 != \a ]]
+ [[ -205 != \0 ]]
+ unitlines=8
+ for b in '$(sed "$((i+1))q;d" "$c")'
+ [[ -170 != \a ]]
+ [[ -170 != \0 ]]
+ unitlines=9
+ for b in '$(sed "$((i+1))q;d" "$c")'
+ [[ 134 != \a ]]
+ [[ 134 != \0 ]]
+ unitlines=10
+ for b in '$(sed "$((i+1))q;d" "$c")'
+ [[ -167 != \a ]]
+ [[ -167 != \0 ]]
+ unitlines=11
+ for b in '$(sed "$((i+1))q;d" "$c")'
+ [[ 93 != \a ]]
+ [[ 93 != \0 ]]
+ unitlines=12
+ for b in '$(sed "$((i+1))q;d" "$c")'
+ [[ 110 != \a ]]
+ [[ 110 != \0 ]]
+ unitlines=13
+ for b in '$(sed "$((i+1))q;d" "$c")'
+ [[ 0 != \a ]]
+ [[ 0 != \0 ]]
++ cut '-d ' -f3
++ head -n 1 constraints_22_11.simp-noncanon.simp
+ numvars=6160
++ cut '-d ' -f4
++ head -n 1 constraints_22_11.simp-noncanon.simp
+ numlines=1786659
+ newlines=1786672
+ echo 'p cnf 6160 1786672'
+ tail constraints_22_11.simp-noncanon.simp -n +2
++ sed '2480q;d' 22-cubes/30.cubes
+ for b in '$(sed "$((i+1))q;d" "$c")'
+ [[ a != \a ]]
+ for b in '$(sed "$((i+1))q;d" "$c")'
+ [[ -92 != \a ]]
+ [[ -92 != \0 ]]
+ echo '-92 0'
+ for b in '$(sed "$((i+1))q;d" "$c")'
+ [[ -137 != \a ]]
+ [[ -137 != \0 ]]
+ echo '-137 0'
+ for b in '$(sed "$((i+1))q;d" "$c")'
+ [[ 122 != \a ]]
+ [[ 122 != \0 ]]
+ echo '122 0'
+ for b in '$(sed "$((i+1))q;d" "$c")'
+ [[ -80 != \a ]]
+ [[ -80 != \0 ]]
+ echo '-80 0'
+ for b in '$(sed "$((i+1))q;d" "$c")'
+ [[ 58 != \a ]]
+ [[ 58 != \0 ]]
+ echo '58 0'
+ for b in '$(sed "$((i+1))q;d" "$c")'
+ [[ 107 != \a ]]
+ [[ 107 != \0 ]]
+ echo '107 0'
+ for b in '$(sed "$((i+1))q;d" "$c")'
+ [[ 207 != \a ]]
+ [[ 207 != \0 ]]
+ echo '207 0'
+ for b in '$(sed "$((i+1))q;d" "$c")'
+ [[ -205 != \a ]]
+ [[ -205 != \0 ]]
+ echo '-205 0'
+ for b in '$(sed "$((i+1))q;d" "$c")'
+ [[ -170 != \a ]]
+ [[ -170 != \0 ]]
+ echo '-170 0'
+ for b in '$(sed "$((i+1))q;d" "$c")'
+ [[ 134 != \a ]]
+ [[ 134 != \0 ]]
+ echo '134 0'
+ for b in '$(sed "$((i+1))q;d" "$c")'
+ [[ -167 != \a ]]
+ [[ -167 != \0 ]]
+ echo '-167 0'
+ for b in '$(sed "$((i+1))q;d" "$c")'
+ [[ 93 != \a ]]
+ [[ 93 != \0 ]]
+ echo '93 0'
+ for b in '$(sed "$((i+1))q;d" "$c")'
+ [[ 110 != \a ]]
+ [[ 110 != \0 ]]
+ echo '110 0'
+ for b in '$(sed "$((i+1))q;d" "$c")'
+ [[ 0 != \a ]]
+ [[ 0 != \0 ]]
+ ./simplify-by-var-removal.sh 22-cubes/30.cubes2479.adj 70
+ '[' -z 70 ']'
+ f=22-cubes/30.cubes2479.adj
+ p=70
++ echo 22-cubes
+ sub_dir=22-cubes
+ mkdir -p log/22-cubes
+ mkdir -p simp/22-cubes
+ tee log/22-cubes/30.cubes2479.adj.simp1
+ ./cadical/build/cadical 22-cubes/30.cubes2479.adj -o simp/22-cubes/30.cubes2479.adj.simp1 -e simp/22-cubes/30.cubes2479.adj.ext1 -n -c 200000
c --- [ banner ] -------------------------------------------------------------
c 
c CaDiCaL Radically Simplified CDCL SAT Solver
c Copyright (c) 2016-2021 A. Biere, M. Fleury, N. Froleyks
c 
c Version 1.5.2
c g++ (GCC) 9.3.0 -Wall -Wextra -O3 -DNDEBUG
c Tue Feb 8 21:15:15 EST 2022 Linux gra-login1 3.10.0-1160.36.2.el7.x86_64 x86_64
c 
c --- [ limit ] --------------------------------------------------------------
c 
c setting conflict limit to 200000 conflicts (due to '200000')
c 
c --- [ parsing input ] ------------------------------------------------------
c 
c reading DIMACS file from '22-cubes/30.cubes2479.adj'
c opening file to read '22-cubes/30.cubes2479.adj'
c found 'p cnf 6160 1786672' header
c parsed 1786672 clauses in 18.42 seconds process time
c closing file '22-cubes/30.cubes2479.adj'
c after reading 1542541696 bytes 1471.1 MB
c 
c --- [ options ] ------------------------------------------------------------
c 
c all options are set to their default value
c 
c --- [ solving ] ------------------------------------------------------------
c 
c time measured in process time since initialization
c 
c  seconds    reductions  redundant   irredundant
c          MB     restarts       trail       variables
c            level   conflicts       glue         remaining
c 
c * 18.42 1468  0 0   0    0    0  0% 0 1785954 4681 76%
c { 19.57 1533  0 0   0    0    0  0% 0 1785954 4681 76%
c i 21.42 1578 125 0   3   40   38 50% 7 1785954 4680 76%
c i 22.14 1587 81 0  11   75   57 46% 10 1785954 4640 75%
c - 27.86 1546 46 1  26  300  148 42% 10 304274 4640 75%
c i 28.36 1546 52 1  34  350  189 43% 11 304274 4639 75%
c i 29.04 1547 54 1  54  432  256 44% 14 304274 4638 75%
c i 29.08 1547 54 1  55  438  261 44% 14 304274 4637 75%
c i 29.37 1547 55 1  67  477  287 45% 15 304274 4636 75%
c i 29.41 1547 54 1  71  490  296 45% 15 304274 4635 75%
c i 29.45 1547 53 1  75  503  308 45% 15 304274 4634 75%
c i 29.46 1547 53 1  75  506  310 45% 16 304274 4633 75%
c i 29.55 1547 55 1  83  535  337 46% 17 304274 4632 75%
c i 29.56 1547 55 1  83  537  338 46% 17 304274 4631 75%
c i 29.79 1547 55 1  91  569  367 46% 18 304274 4630 75%
c i 29.80 1547 55 1  92  572  369 46% 18 304274 4629 75%
c i 29.87 1547 54 1  98  595  389 47% 18 304274 4628 75%
c i 29.88 1547 54 1  99  597  390 47% 18 304274 4627 75%
c i 30.17 1547 53 1 113  676  434 47% 18 304274 4554 74%
c i 30.19 1547 49 1 113  733  440 45% 16 304274 4521 73%
c 
c  seconds    reductions  redundant   irredundant
c          MB     restarts       trail       variables
c            level   conflicts       glue         remaining
c 
c i 30.19 1547 49 1 113  739  444 45% 16 304274 4520 73%
c i 30.41 1547 43 1 113  884  467 44% 15 304274 4519 73%
c i 30.41 1547 43 1 113  885  467 44% 15 304274 4518 73%
c i 30.41 1547 42 1 113  886  467 44% 15 304274 4517 73%
c i 30.41 1547 42 1 113  887  467 44% 15 304274 4516 73%
c i 30.41 1547 42 1 113  888  467 44% 15 304274 4515 73%
c i 30.41 1547 42 1 113  889  467 44% 15 304274 4514 73%
c i 30.41 1547 42 1 113  890  467 44% 15 304274 4513 73%
c i 30.41 1547 42 1 113  892  467 44% 15 304274 4512 73%
c i 30.45 1547 42 1 113  895  469 44% 15 304274 4511 73%
c i 30.45 1547 42 1 113  899  472 44% 15 304274 4510 73%
c i 30.62 1547 44 1 115  911  482 44% 16 304274 4509 73%
c i 30.62 1547 45 1 116  913  483 44% 16 304274 4508 73%
c i 30.65 1547 45 1 117  915  484 44% 16 304274 4507 73%
c i 30.76 1547 47 1 120  934  499 45% 17 304274 4506 73%
c i 30.83 1547 47 1 122  940  504 45% 17 304274 4505 73%
c i 30.90 1547 46 1 126  954  516 45% 17 304274 4504 73%
c i 30.91 1547 47 1 127  962  521 45% 17 304274 4503 73%
c i 30.92 1547 47 1 128  969  523 45% 18 304274 4502 73%
c } 31.03 1547 46 1 137 1000  549 45% 18 304274 4502 73%
c 
c  seconds    reductions  redundant  irredundant
c          MB     restarts       trail      variables
c            level   conflicts       glue        remaining
c 
c [ 31.03 1547  0 1 137 1000  549  0% 0 304274 4502 73%
c O 31.04 1547  8 1 137 1003  548 36% 8 304274 4502 73%
c i 31.26 1547 15 1 137 1115  618 53% 12 304274 4501 73%
c i 31.26 1547 15 1 137 1116  618 53% 12 304274 4500 73%
c i 31.29 1547 14 1 137 1147  642 54% 12 304274 4499 73%
c i 31.29 1547 14 1 137 1148  642 54% 12 304274 4498 73%
c - 31.90 1606 17 2 137 1190  606 55% 14 301949 4498 73%
c i 32.02 1606 15 2 137 1269  671 56% 13 301949 4497 73%
c i 32.02 1606 15 2 137 1273  670 56% 13 301949 4496 73%
c i 32.03 1606 16 2 137 1294  681 56% 13 301949 4495 73%
c i 32.07 1606 15 2 137 1388  735 56% 13 301949 4494 73%
c i 32.09 1606 15 2 137 1449  780 56% 13 301949 4493 73%
c i 32.12 1606 15 2 137 1500  818 56% 13 301949 4492 73%
c i 32.12 1606 15 2 137 1502  819 56% 13 301949 4491 73%
c i 32.13 1606 14 2 137 1522  829 56% 12 301949 4490 73%
c i 32.15 1606 15 2 137 1563  848 56% 13 301949 4489 73%
c i 32.27 1606 15 2 137 1983 1051 57% 13 301949 4488 73%
c i 32.28 1606 15 2 137 2033 1074 57% 13 301949 4487 73%
c i 32.30 1606 15 2 138 2106 1095 57% 13 301949 4486 73%
c i 32.32 1606 15 2 138 2165 1132 57% 13 301949 4485 73%
c 
c  seconds    reductions  redundant   irredundant
c          MB     restarts       trail       variables
c            level   conflicts       glue         remaining
c 
c i 32.44 1606 14 2 138 2443 1201 56% 12 301949 4463 72%
c i 32.89 1601 14 2 138 2458  844 31% 12 301242 4462 72%
c - 33.17 1601 15 3 138 2521  604 36% 13 301239 4462 72%
c ] 33.34 1601 18 3 138 3003  890 40% 15 301239 4462 72%
c { 33.34 1601 46 3 138 3003  890 62% 18 301239 4462 72%
c F 33.34 1601 46 3 139 3004  891 62% 18 301239 4462 72%
c i 33.44 1601 31 3 142 3666  955 43% 14 301239 4461 72%
c i 33.66 1601 32 3 159 3778 1025 41% 14 301239 4460 72%
c i 33.66 1601 32 3 159 3781 1027 41% 14 301239 4459 72%
c i 33.67 1601 32 3 160 3782 1027 41% 14 301239 4458 72%
c i 33.89 1601 31 3 164 3903 1099 40% 14 301239 4457 72%
c i 33.89 1601 31 3 164 3905 1100 40% 14 301239 4456 72%
c i 33.90 1601 31 3 164 3914 1106 40% 14 301239 4455 72%
c i 34.11 1601 31 3 174 3975 1150 40% 14 301239 4454 72%
c i 34.19 1601 31 3 180 3993 1167 40% 14 301239 4453 72%
c i 34.21 1601 31 3 182 4004 1173 40% 14 301239 4452 72%
c i 34.26 1601 32 3 186 4019 1185 40% 14 301239 4445 72%
c - 35.48 1597 35 4 255 4295 1123 39% 16 300977 4438 72%
c i 35.61 1597 34 4 264 4378 1164 39% 17 300977 4437 72%
c i 35.69 1597 34 4 278 4442 1188 38% 17 300977 4423 72%
c 
c  seconds    reductions  redundant   irredundant
c          MB     restarts       trail       variables
c            level   conflicts       glue         remaining
c 
c i 36.27 1597 37 4 322 4836 1402 37% 17 300977 4421 72%
c i 36.28 1597 37 4 322 4840 1405 37% 17 300977 4420 72%
c i 36.44 1597 37 4 336 4906 1455 37% 17 300977 4419 72%
c i 36.45 1597 37 4 337 4907 1455 37% 17 300977 4418 72%
c i 36.45 1597 37 4 338 4912 1457 37% 17 300977 4417 72%
c d 37.15 1597 37 4 351 5003 1512 37% 18 300691 4398 71%
c 3 37.18 1597 37 4 351 5003 3392 37% 18 300691 4398 71%
c 2 37.25 1597 37 4 351 5003 3689 37% 18 300607 4397 71%
c p 41.17 1596 37 4 351 5003 9469 37% 18 300607 4234 69%
c d 41.67 1596 37 4 351 5003 9230 37% 18 295302 4226 69%
c # 42.50 1596 34 4 428 6006 9897 37% 18 295302 4226 69%
c - 43.19 1471 33 5 469 6517 2168 37% 18 295302 4226 69%
c } 43.45 1471 32 5 478 7004 2470 37% 18 295302 4226 69%
c [ 43.45 1471 18 5 478 7004 2470 40% 15 295302 4226 69%
c ] 44.33 1471 23 5 479 9068 3747 40% 20 295302 4226 69%
c 1 44.33 1471 23 5 479 9068 3747 40% 20 295302 4226 69%
c 
c --- [ writing output ] -----------------------------------------------------
c 
c writing simplified CNF to DIMACS file 'simp/22-cubes/30.cubes2479.adj.simp1'
c * 44.33 1471 23 5 479 9068 3747 40% 20 295302 4226 69%
c opening file to write 'simp/22-cubes/30.cubes2479.adj.simp1'
c writing 'p cnf 6160 295302' header
c closing file 'simp/22-cubes/30.cubes2479.adj.simp1'
c after writing 111412742 bytes 106.3 MB
c wrote 295302 clauses in 0.79 seconds process time
c 
c --- [ writing extension ] --------------------------------------------------
c 
c writing extension stack to 'simp/22-cubes/30.cubes2479.adj.ext1'
c opening file to write 'simp/22-cubes/30.cubes2479.adj.ext1'
c closing file 'simp/22-cubes/30.cubes2479.adj.ext1'
c after writing 28875 bytes 0.0 MB
c wrote 1961 witnesses in 0.00 seconds process time
c 
c --- [ result ] -------------------------------------------------------------
c 
s SATISFIABLE
c 
c --- [ run-time profiling ] -------------------------------------------------
c 
c process time taken by individual solving procedures
c (percentage relative to process time for solving)
c 
c        20.84   80.44% search
c        18.42   71.09% parse
c        16.50   63.66% unstable
c         5.07   19.56% simplify
c         3.92   15.12% probe
c         3.20   12.33% stable
c         1.15    4.44% lucky
c         0.06    0.22% ternary
c   =================================
c        25.91   57.43% solve
c 
c last line shows process time for solving
c (percentage relative to total process time)
c 
c --- [ statistics ] ---------------------------------------------------------
c 
c chronological:              1681        18.54 %  of conflicts
c conflicts:                  9068       349.97    per second
c decisions:                 35015      1351.35    per second
c fixed:                      1907        30.96 %  of all variables
c learned:                    8890        98.04 %  per conflict
c learned_lits:            1368716       100.00 %  learned literals
c minimized:                     0         0.00 %  learned literals
c shrunken:                 877242        64.09 %  learned literals
c minishrunken:              95036         6.94 %  learned literals
c propagations:            2300863         0.09 M  per second
c reduced:                    1157        12.76 %  per conflict
c rephased:                      3      3022.67    interval
c restarts:                    479        18.93    interval
c stabilizing:                   2        44.85 %  of conflicts
c substituted:                  27         0.44 %  of all variables
c subsumed:                   3808         0.10 %  of all clauses
c ternary:                    2186         0.40 %  of resolved
c weakened:                     54         2.00    average size
c 
c seconds are measured in process time for solving
c 
c --- [ resources ] ----------------------------------------------------------
c 
c total process time since initialization:        45.12    seconds
c total real time since initialization:           46.17    seconds
c maximum resident set size of process:         1736.38    MB
c 
c --- [ shutting down ] ------------------------------------------------------
c 
c exit 10
++ seq 1 100
+ for i in '$(seq 1 100)'
++ sed 's/.$//'
++ rev
++ cut '-d ' -f1
++ rev
++ tail -n 1
++ grep 'c [*]' log/22-cubes/30.cubes2479.adj.simp1
+ vars_remaining=69
+ ((  vars_remaining < 100 - p  ))
+ tee log/22-cubes/30.cubes2479.adj.simp2
+ ./cadical/build/cadical simp/22-cubes/30.cubes2479.adj.simp1 -o simp/22-cubes/30.cubes2479.adj.simp2 -e simp/22-cubes/30.cubes2479.adj.ext2 -n -c 200000
c --- [ banner ] -------------------------------------------------------------
c 
c CaDiCaL Radically Simplified CDCL SAT Solver
c Copyright (c) 2016-2021 A. Biere, M. Fleury, N. Froleyks
c 
c Version 1.5.2
c g++ (GCC) 9.3.0 -Wall -Wextra -O3 -DNDEBUG
c Tue Feb 8 21:15:15 EST 2022 Linux gra-login1 3.10.0-1160.36.2.el7.x86_64 x86_64
c 
c --- [ limit ] --------------------------------------------------------------
c 
c setting conflict limit to 200000 conflicts (due to '200000')
c 
c --- [ parsing input ] ------------------------------------------------------
c 
c reading DIMACS file from 'simp/22-cubes/30.cubes2479.adj.simp1'
c opening file to read 'simp/22-cubes/30.cubes2479.adj.simp1'
c found 'p cnf 6160 295302' header
c parsed 295302 clauses in 1.48 seconds process time
c closing file 'simp/22-cubes/30.cubes2479.adj.simp1'
c after reading 111412742 bytes 106.3 MB
c 
c --- [ options ] ------------------------------------------------------------
c 
c all options are set to their default value
c 
c --- [ solving ] ------------------------------------------------------------
c 
c time measured in process time since initialization
c 
c  seconds   reductions  redundant  irredundant
c          MB    restarts       trail      variables
c           level   conflicts       glue        remaining
c 
c *  1.48 118  0 0   0    0    0  0% 0 295302 4205 68%
c {  1.60 127  0 0   0    0    0  0% 0 295302 4205 68%
c -  2.84 151 39 1  31  301  182 13% 14 295302 4205 68%
c }  4.36 161 30 1  93 1000  406 13% 15 295302 4205 68%
c [  4.36 161  0 1  93 1000  406  0% 0 295302 4205 68%
c O  4.37 161 13 1  93 1003  407  3% 2 295302 4205 68%
c -  4.84 262 30 2  93 1183  460 25% 14 295302 4205 68%
c -  5.53 251 23 3  94 2509 1151 26% 18 295302 4205 68%
c ]  5.70 251 23 3  94 3000 1447 25% 19 295302 4205 68%
c {  5.70 251 30 3  94 3000 1447 13% 15 295302 4205 68%
c F  5.86 251 30 3  94 3005 1451 14% 15 295302 4205 68%
c }  6.51 250 28 3 150 3652 1854 31% 16 295302 4205 68%
c 1  6.51 250 28 3 150 3652 1854 31% 16 295302 4205 68%
c 
c --- [ writing output ] -----------------------------------------------------
c 
c writing simplified CNF to DIMACS file 'simp/22-cubes/30.cubes2479.adj.simp2'
c *  6.51 250 28 3 150 3652 1854 31% 16 295302 4205 68%
c opening file to write 'simp/22-cubes/30.cubes2479.adj.simp2'
c writing 'p cnf 6160 295302' header
c closing file 'simp/22-cubes/30.cubes2479.adj.simp2'
c after writing 111412742 bytes 106.3 MB
c wrote 295302 clauses in 0.78 seconds process time
c 
c --- [ writing extension ] --------------------------------------------------
c 
c writing extension stack to 'simp/22-cubes/30.cubes2479.adj.ext2'
c opening file to write 'simp/22-cubes/30.cubes2479.adj.ext2'
c closing file 'simp/22-cubes/30.cubes2479.adj.ext2'
c after writing 0 bytes 0.0 MB
c wrote 0 witnesses in 0.00 seconds process time
c 
c --- [ result ] -------------------------------------------------------------
c 
s SATISFIABLE
c 
c --- [ run-time profiling ] -------------------------------------------------
c 
c process time taken by individual solving procedures
c (percentage relative to process time for solving)
c 
c         5.03  100.00% search
c         3.58   71.18% unstable
c         1.48   29.49% parse
c         1.33   26.47% stable
c         0.12    2.33% lucky
c         0.00    0.00% simplify
c   =================================
c         5.03   68.91% solve
c 
c last line shows process time for solving
c (percentage relative to total process time)
c 
c --- [ statistics ] ---------------------------------------------------------
c 
c chronological:               628        17.20 %  of conflicts
c conflicts:                  3652       726.44    per second
c decisions:                 12093      2405.50    per second
c learned:                    3598        98.52 %  per conflict
c learned_lits:             515427       100.00 %  learned literals
c minimized:                     0         0.00 %  learned literals
c shrunken:                 304286        59.04 %  learned literals
c minishrunken:              43914         8.52 %  learned literals
c propagations:             668876         0.13 M  per second
c reduced:                     289         7.91 %  per conflict
c rephased:                      2      1826.00    interval
c restarts:                    150        24.35    interval
c stabilizing:                   1        54.76 %  of conflicts
c subsumed:                   1455         0.24 %  of all clauses
c 
c seconds are measured in process time for solving
c 
c --- [ resources ] ----------------------------------------------------------
c 
c total process time since initialization:         7.30    seconds
c total real time since initialization:            7.56    seconds
c maximum resident set size of process:          361.39    MB
c 
c --- [ shutting down ] ------------------------------------------------------
c 
c exit 10
+ for i in '$(seq 1 100)'
++ sed 's/.$//'
++ rev
++ cut '-d ' -f1
++ rev
++ tail -n 1
++ grep 'c [*]' log/22-cubes/30.cubes2479.adj.simp2
+ vars_remaining=68
+ ((  vars_remaining < 100 - p  ))
+ tee log/22-cubes/30.cubes2479.adj.simp3
+ ./cadical/build/cadical simp/22-cubes/30.cubes2479.adj.simp2 -o simp/22-cubes/30.cubes2479.adj.simp3 -e simp/22-cubes/30.cubes2479.adj.ext3 -n -c 200000
c --- [ banner ] -------------------------------------------------------------
c 
c CaDiCaL Radically Simplified CDCL SAT Solver
c Copyright (c) 2016-2021 A. Biere, M. Fleury, N. Froleyks
c 
c Version 1.5.2
c g++ (GCC) 9.3.0 -Wall -Wextra -O3 -DNDEBUG
c Tue Feb 8 21:15:15 EST 2022 Linux gra-login1 3.10.0-1160.36.2.el7.x86_64 x86_64
c 
c --- [ limit ] --------------------------------------------------------------
c 
c setting conflict limit to 200000 conflicts (due to '200000')
c 
c --- [ parsing input ] ------------------------------------------------------
c 
c reading DIMACS file from 'simp/22-cubes/30.cubes2479.adj.simp2'
c opening file to read 'simp/22-cubes/30.cubes2479.adj.simp2'
c found 'p cnf 6160 295302' header
c parsed 295302 clauses in 1.35 seconds process time
c closing file 'simp/22-cubes/30.cubes2479.adj.simp2'
c after reading 111412742 bytes 106.3 MB
c 
c --- [ options ] ------------------------------------------------------------
c 
c all options are set to their default value
c 
c --- [ solving ] ------------------------------------------------------------
c 
c time measured in process time since initialization
c 
c  seconds   reductions  redundant  irredundant
c          MB    restarts       trail      variables
c           level   conflicts       glue        remaining
c 
c *  1.35 118  0 0   0    0    0  0% 0 295302 4205 68%
c {  1.49 128  0 0   0    0    0  0% 0 295302 4205 68%
c -  2.70 154 46 1  46  300  202 19% 17 295302 4205 68%
c }  4.37 163 34 1 109 1002  527 15% 17 295302 4205 68%
c [  4.37 163  0 1 109 1002  527  0% 0 295302 4205 68%
c O  4.37 163 31 1 109 1003  528  1% 1 295302 4205 68%
c -  4.75 258 54 2 109 1187  554 22% 16 295302 4205 68%
c ]  4.79 258 53 2 109 1248  593 23% 16 295302 4205 68%
c 1  4.79 258 53 2 109 1248  593 23% 16 295302 4205 68%
c 
c --- [ writing output ] -----------------------------------------------------
c 
c writing simplified CNF to DIMACS file 'simp/22-cubes/30.cubes2479.adj.simp3'
c *  4.79 258 53 2 109 1248  593 23% 16 295302 4205 68%
c opening file to write 'simp/22-cubes/30.cubes2479.adj.simp3'
c writing 'p cnf 6160 295302' header
c closing file 'simp/22-cubes/30.cubes2479.adj.simp3'
c after writing 111412742 bytes 106.3 MB
c wrote 295302 clauses in 0.80 seconds process time
c 
c --- [ writing extension ] --------------------------------------------------
c 
c writing extension stack to 'simp/22-cubes/30.cubes2479.adj.ext3'
c opening file to write 'simp/22-cubes/30.cubes2479.adj.ext3'
c closing file 'simp/22-cubes/30.cubes2479.adj.ext3'
c after writing 0 bytes 0.0 MB
c wrote 0 witnesses in 0.00 seconds process time
c 
c --- [ result ] -------------------------------------------------------------
c 
s SATISFIABLE
c 
c --- [ run-time profiling ] -------------------------------------------------
c 
c process time taken by individual solving procedures
c (percentage relative to process time for solving)
c 
c         3.44   99.99% search
c         2.88   83.68% unstable
c         1.35   39.35% parse
c         0.42   12.26% stable
c         0.14    4.05% lucky
c         0.00    0.00% simplify
c   =================================
c         3.44   61.50% solve
c 
c last line shows process time for solving
c (percentage relative to total process time)
c 
c --- [ statistics ] ---------------------------------------------------------
c 
c chronological:               266        21.31 %  of conflicts
c conflicts:                  1248       363.08    per second
c decisions:                 10969      3191.23    per second
c learned:                    1226        98.24 %  per conflict
c learned_lits:              89961       100.00 %  learned literals
c minimized:                     0         0.00 %  learned literals
c shrunken:                  47250        52.52 %  learned literals
c minishrunken:               6363         7.07 %  learned literals
c propagations:             239731         0.07 M  per second
c reduced:                      97         7.77 %  per conflict
c rephased:                      1      1248.00    interval
c restarts:                    109        11.45    interval
c stabilizing:                   1        19.71 %  of conflicts
c subsumed:                    536         0.09 %  of all clauses
c 
c seconds are measured in process time for solving
c 
c --- [ resources ] ----------------------------------------------------------
c 
c total process time since initialization:         5.59    seconds
c total real time since initialization:            5.96    seconds
c maximum resident set size of process:          263.90    MB
c 
c --- [ shutting down ] ------------------------------------------------------
c 
c exit 10
+ for i in '$(seq 1 100)'
++ sed 's/.$//'
++ rev
++ cut '-d ' -f1
++ rev
++ tail -n 1
++ grep 'c [*]' log/22-cubes/30.cubes2479.adj.simp3
+ vars_remaining=68
+ ((  vars_remaining < 100 - p  ))
+ tee log/22-cubes/30.cubes2479.adj.simp4
+ ./cadical/build/cadical simp/22-cubes/30.cubes2479.adj.simp3 -o simp/22-cubes/30.cubes2479.adj.simp4 -e simp/22-cubes/30.cubes2479.adj.ext4 -n -c 200000
c --- [ banner ] -------------------------------------------------------------
c 
c CaDiCaL Radically Simplified CDCL SAT Solver
c Copyright (c) 2016-2021 A. Biere, M. Fleury, N. Froleyks
c 
c Version 1.5.2
c g++ (GCC) 9.3.0 -Wall -Wextra -O3 -DNDEBUG
c Tue Feb 8 21:15:15 EST 2022 Linux gra-login1 3.10.0-1160.36.2.el7.x86_64 x86_64
c 
c --- [ limit ] --------------------------------------------------------------
c 
c setting conflict limit to 200000 conflicts (due to '200000')
c 
c --- [ parsing input ] ------------------------------------------------------
c 
c reading DIMACS file from 'simp/22-cubes/30.cubes2479.adj.simp3'
c opening file to read 'simp/22-cubes/30.cubes2479.adj.simp3'
c found 'p cnf 6160 295302' header
c parsed 295302 clauses in 1.37 seconds process time
c closing file 'simp/22-cubes/30.cubes2479.adj.simp3'
c after reading 111412742 bytes 106.3 MB
c 
c --- [ options ] ------------------------------------------------------------
c 
c all options are set to their default value
c 
c --- [ solving ] ------------------------------------------------------------
c 
c time measured in process time since initialization
c 
c  seconds   reductions  redundant  irredundant
c          MB    restarts       trail      variables
c           level   conflicts       glue        remaining
c 
c *  1.37 117  0 0   0    0    0  0% 0 295302 4205 68%
c {  1.47 126  0 0   0    0    0  0% 0 295302 4205 68%
c -  1.92 141 23 1   2  300   78  9% 7 295302 4205 68%
c }  2.80 147 17 1  37 1001  217  9% 8 295302 4205 68%
c [  2.80 147  0 1  37 1001  217  0% 0 295302 4205 68%
c O  2.80 148 31 1  37 1002  218  1% 1 295302 4205 68%
c -  3.17 251 61 2  37 1183  319 23% 20 295302 4205 68%
c -  3.93 242 42 3  38 2506 1088 38% 18 295302 4205 68%
c ]  4.12 242 38 3  38 3002 1391 38% 19 295302 4205 68%
c {  4.12 242 17 3  38 3002 1391 14% 8 295302 4205 68%
c F  4.14 242 17 3  39 3003 1392 14% 8 295302 4205 68%
c -  5.12 243 24 4 228 4273 1530 24% 14 295302 4205 68%
c 3  5.37 228 21 4 228 5003 3743 28% 13 295302 4205 68%
c 2  5.42 228 21 4 228 5003 3975 28% 13 295283 4205 68%
c p  6.96 228 21 4 228 5003 10247 28% 13 295283 4197 68%
c #  8.13 228 22 4 370 6004 10847 28% 14 295283 4197 68%
c -  8.90 228 23 5 417 6480 2185 28% 14 295253 4197 68%
c }  9.85 228 25 5 527 7005 2551 28% 15 295253 4197 68%
c [  9.85 228 38 5 527 7005 2551 38% 19 295253 4197 68%
c - 10.53 228 28 6 528 9128 2605 37% 18 295253 4197 68%
c 
c  seconds   reductions   redundant   irredundant
c          MB    restarts        trail       variables
c           level    conflicts       glue         remaining
c 
c I 10.82 228 27 6 529 10007 3040 37% 18 295253 4197 68%
c - 12.60 228 44 7 531 12215 3241 35% 30 295253 4197 68%
c s 12.79 228 45 7 531 12268 3111 35% 30 291216 4197 68%
c v 15.58 228 45 7 531 12268 3111 35% 30 291029 4197 68%
c t 15.67 228 45 7 531 12268 3110 35% 30 290915 4197 68%
c e 16.50 256 45 7 531 12268 2969 35% 30 281709 702 11%
c s 16.60 256 45 7 531 12268 2969 35% 30 280858 702 11%
c ] 19.31 218 45 7 532 15006 4887 75% 33 280858 702 11%
c { 19.31 218 25 7 532 15006 4887 169% 15 280858 702 11%
c 3 19.34 218 25 7 533 15006 5176 169% 15 280858 702 11%
c 2 19.38 218 25 7 533 15006 5216 169% 15 280857 702 11%
c p 19.90 218 25 7 533 15006 6528 169% 15 280857 702 11%
c B 20.00 218 25 7 533 15008 6530 169% 15 280857 702 11%
c - 20.37 218 24 8 584 15744 4017 157% 15 280857 702 11%
c - 21.98 218 21 9 675 19654 3689 123% 14 280857 702 11%
c W 22.88 218 20 9 771 21010 4508 117% 14 280857 702 11%
c i 23.52 218 19 9 780 23584 5894 109% 14 280857 701 11%
c - 24.39 199 20 10 844 24003 2395 107% 14 218530 701 11%
c } 25.06 199 20 10 937 25309 3183 105% 14 218530 701 11%
c 1 25.06 199 20 10 937 25309 3183 105% 14 218530 701 11%
c 
c --- [ writing output ] -----------------------------------------------------
c 
c writing simplified CNF to DIMACS file 'simp/22-cubes/30.cubes2479.adj.simp4'
c 
c  seconds   reductions    redundant    irredundant
c          MB     restarts        trail        variables
c           level     conflicts        glue        remaining
c 
c * 25.06 199 20 10 937 25309 3183 105% 14 218530 701 11%
c opening file to write 'simp/22-cubes/30.cubes2479.adj.simp4'
c writing 'p cnf 6160 218530' header
c closing file 'simp/22-cubes/30.cubes2479.adj.simp4'
c after writing 90724804 bytes 86.5 MB
c wrote 218530 clauses in 0.63 seconds process time
c 
c --- [ writing extension ] --------------------------------------------------
c 
c writing extension stack to 'simp/22-cubes/30.cubes2479.adj.ext4'
c opening file to write 'simp/22-cubes/30.cubes2479.adj.ext4'
c closing file 'simp/22-cubes/30.cubes2479.adj.ext4'
c after writing 246629 bytes 0.2 MB
c wrote 9721 witnesses in 0.00 seconds process time
c 
c --- [ result ] -------------------------------------------------------------
c 
s SATISFIABLE
c 
c --- [ run-time profiling ] -------------------------------------------------
c 
c process time taken by individual solving procedures
c (percentage relative to process time for solving)
c 
c        16.77   70.81% search
c        10.34   43.65% unstable
c         6.91   29.19% simplify
c         6.12   25.84% stable
c         2.85   12.02% vivify
c         2.06    8.68% probe
c         1.60    6.74% elim
c         1.37    5.79% parse
c         0.21    0.90% subsume
c         0.21    0.88% walk
c         0.10    0.43% lucky
c         0.07    0.31% ternary
c   =================================
c        23.69   92.20% solve
c 
c last line shows process time for solving
c (percentage relative to total process time)
c 
c --- [ statistics ] ---------------------------------------------------------
c 
c chronological:              4147        16.39 %  of conflicts
c conflicts:                 25309      1068.55    per second
c decisions:                 56265      2375.51    per second
c eliminated:                 3495        56.74 %  of all variables
c fixed:                         9         0.15 %  of all variables
c learned:                   24820        98.07 %  per conflict
c learned_lits:            3852796       100.00 %  learned literals
c minimized:                     0         0.00 %  learned literals
c shrunken:                2769507        71.88 %  learned literals
c minishrunken:             157037         4.08 %  learned literals
c propagations:            3328015         0.14 M  per second
c reduced:                    9392        37.11 %  per conflict
c rephased:                      6      4218.17    interval
c restarts:                    937        27.01    interval
c stabilizing:                   2        39.52 %  of conflicts
c subsumed:                  15618         2.36 %  of all clauses
c strengthened:               7529         1.14 %  of all clauses
c ternary:                    2420         0.48 %  of resolved
c vivified:                    189         0.03 %  of all clauses
c walked:                        1     25309.00    interval
c weakened:                   9712         3.21    average size
c 
c seconds are measured in process time for solving
c 
c --- [ resources ] ----------------------------------------------------------
c 
c total process time since initialization:        25.69    seconds
c total real time since initialization:           26.73    seconds
c maximum resident set size of process:          392.79    MB
c 
c --- [ shutting down ] ------------------------------------------------------
c 
c exit 10
+ for i in '$(seq 1 100)'
++ sed 's/.$//'
++ rev
++ cut '-d ' -f1
++ rev
++ tail -n 1
++ grep 'c [*]' log/22-cubes/30.cubes2479.adj.simp4
+ vars_remaining=11
+ ((  vars_remaining < 100 - p  ))
+ break
++ cut '-d ' -f3
++ head -n 1 simp/22-cubes/30.cubes2479.adj.simp4
+ numvars=6160
++ cut '-d ' -f4
++ head -n 1 simp/22-cubes/30.cubes2479.adj.simp4
+ numlines=218530
+ extlines_total=0
++ seq 1 4
+ for j in '$(seq 1 "$i")'
++ cut '-d ' -f1
++ wc -l simp/22-cubes/30.cubes2479.adj.ext1
+ extlines_j=1961
+ extlines_total=1961
+ for j in '$(seq 1 "$i")'
++ cut '-d ' -f1
++ wc -l simp/22-cubes/30.cubes2479.adj.ext2
+ extlines_j=0
+ extlines_total=1961
+ for j in '$(seq 1 "$i")'
++ cut '-d ' -f1
++ wc -l simp/22-cubes/30.cubes2479.adj.ext3
+ extlines_j=0
+ extlines_total=1961
+ for j in '$(seq 1 "$i")'
++ cut '-d ' -f1
++ wc -l simp/22-cubes/30.cubes2479.adj.ext4
+ extlines_j=9721
+ extlines_total=11682
+ newlines=230212
+ echo 'p cnf 6160 230212'
+ tail simp/22-cubes/30.cubes2479.adj.simp4 -n +2
++ seq 1 4
+ for j in '$(seq 1 "$i")'
+ cat simp/22-cubes/30.cubes2479.adj.ext1
+ for j in '$(seq 1 "$i")'
+ cat simp/22-cubes/30.cubes2479.adj.ext2
+ for j in '$(seq 1 "$i")'
+ cat simp/22-cubes/30.cubes2479.adj.ext3
+ for j in '$(seq 1 "$i")'
+ cat simp/22-cubes/30.cubes2479.adj.ext4
+ sed -i 's/ 0.*/ 0/' 22-cubes/30.cubes2479.adj.simp
============================[ Problem Statistics ]=============================
|                                                                             |
|  Number of variables:          6160                                         |
|  Number of clauses:          228254                                         |
|  Parse time:                   1.30 s                                       |
|  Simplification time:          0.04 s                                       |
|                                                                             |
============================[ Search Statistics ]====================================================
| Conflicts |          ORIGINAL         |          LEARNT          | Num Sols |      SUBGRAPHS      |
|           |    Vars  Clauses Literals |    Limit  Clauses Lit/Cl |          | Canonical Noncanon. |
=====================================================================================================
|       100 |    4244   228254 19894319 |     2000      100     65 |        0 |        18         0 |
|       250 |    4244   228254 19894319 |     2000      250     31 |        0 |        45         0 |
|       647 |    4244   228426 19897578 |     2000      647     29 |        0 |       127       172 |
|      1107 |    4244   228549 19899532 |     2000     1107     49 |        0 |       157       295 |
|      1694 |    4244   228630 19901174 |     2000     1694     60 |        0 |       195       376 |
|      2471 |    4244   228648 19901605 |     3604     1475     40 |        0 |       224       394 |
|      3655 |    4244   228693 19902722 |     3604     2659     65 |        0 |       259       439 |
|      5416 |    4244   228746 19903936 |     5002     2618     57 |        0 |       279       492 |
|      8231 |    4244   228999 19909874 |     6303     2934     49 |        0 |       405       745 |
|     12488 |    4244   229412 19918304 |     7558     4046     52 |        0 |       556      1158 |
|     18731 |    4244   229889 19926378 |     8783     6514     62 |        0 |       692      1635 |
|     28342 |    4244   230851 19941398 |    11202     6744     41 |        0 |      1028      2597 |
|     43539 |    4244   233074 19976027 |    13605    10144     44 |        0 |      1722      4820 |
|     64620 |    4244   234694 19999292 |    17210     9030     36 |        0 |      2049      6440 |
|     97665 |    4244   238547 20059613 |    20810    14475     47 |        0 |      2916     10293 |
|    145139 |    4244   242232 20119454 |    25608    16747     42 |        0 |      3563     13978 |
|    216363 |    4229   239973 20078206 |    28747    15110     51 |        0 |      4871     19518 |
=====================================================================================================
Number of solutions   : 0           
Canonical subgraphs   : 6756           (57 /sec)
          order  3    : 1              (125000 /sec)
          order  4    : 1              (250000 /sec)
          order  5    : 1              (125000 /sec)
          order  6    : 1              (30303 /sec)
          order  7    : 2              (7605 /sec)
          order  8    : 3              (2299 /sec)
          order  9    : 9              (1166 /sec)
          order 10    : 40             (738 /sec)
          order 11    : 123            (388 /sec)
          order 12    : 263            (208 /sec)
          order 13    : 621            (141 /sec)
          order 14    : 828            (92 /sec)
          order 15    : 2071           (59 /sec)
          order 16    : 2083           (45 /sec)
          order 17    : 631            (35 /sec)
          order 18    : 70             (24 /sec)
          order 19    : 6              (26 /sec)
          order 20    : 1              (31 /sec)
          order 21    : 1              (29 /sec)
          order 22    : 0              (-nan /sec)
Noncanonical subgraphs: 28632          (415 /sec)
          order  3    : 0              (-nan /sec)
          order  4    : 0              (-nan /sec)
          order  5    : 0              (-nan /sec)
          order  6    : 0              (-nan /sec)
          order  7    : 0              (-nan /sec)
          order  8    : 0              (-nan /sec)
          order  9    : 0              (-nan /sec)
          order 10    : 0              (-nan /sec)
          order 11    : 0              (-nan /sec)
          order 12    : 0              (-nan /sec)
          order 13    : 0              (-nan /sec)
          order 14    : 1921           (3416 /sec)
          order 15    : 19381          (484 /sec)
          order 16    : 4847           (360 /sec)
          order 17    : 1940           (212 /sec)
          order 18    : 542            (94 /sec)
          order 19    : 0              (-nan /sec)
          order 20    : 0              (-nan /sec)
          order 21    : 0              (-nan /sec)
Canonicity checking   : 187.342 s
database reductions   : 27
restarts              : 637
conflicts             : 266105         (987 /sec)
decisions             : 367799         (0.00 % random) (1364 /sec)
propagations          : 49578351       (183829 /sec)
conflict literals     : 23432894       (54.42 % deleted)
actual reward         : 0.057451
Memory used           : 279.00 MB
CPU time              : 269.699 s

UNSATISFIABLE
