+ '[' -z 1153 ']'
+ f=constraints_22_11.simp-noncanon.simp
+ c=22-cubes/30.cubes
+ i=1153
+ s=70
+ adj=22-cubes/30.cubes1153.adj
+ cnf=22-cubes/30.cubes1153.cnf
+ ext=22-cubes/30.cubes1153.ext
+ cnfext=22-cubes/30.cubes1153.cnfext
+ unitlines=0
++ sed '1154q;d' 22-cubes/30.cubes
+ for b in '$(sed "$((i+1))q;d" "$c")'
+ [[ a != \a ]]
+ for b in '$(sed "$((i+1))q;d" "$c")'
+ [[ -92 != \a ]]
+ [[ -92 != \0 ]]
+ unitlines=1
+ for b in '$(sed "$((i+1))q;d" "$c")'
+ [[ 137 != \a ]]
+ [[ 137 != \0 ]]
+ unitlines=2
+ for b in '$(sed "$((i+1))q;d" "$c")'
+ [[ -121 != \a ]]
+ [[ -121 != \0 ]]
+ unitlines=3
+ for b in '$(sed "$((i+1))q;d" "$c")'
+ [[ -68 != \a ]]
+ [[ -68 != \0 ]]
+ unitlines=4
+ for b in '$(sed "$((i+1))q;d" "$c")'
+ [[ -158 != \a ]]
+ [[ -158 != \0 ]]
+ unitlines=5
+ for b in '$(sed "$((i+1))q;d" "$c")'
+ [[ -25 != \a ]]
+ [[ -25 != \0 ]]
+ unitlines=6
+ for b in '$(sed "$((i+1))q;d" "$c")'
+ [[ -153 != \a ]]
+ [[ -153 != \0 ]]
+ unitlines=7
+ for b in '$(sed "$((i+1))q;d" "$c")'
+ [[ -169 != \a ]]
+ [[ -169 != \0 ]]
+ unitlines=8
+ for b in '$(sed "$((i+1))q;d" "$c")'
+ [[ 168 != \a ]]
+ [[ 168 != \0 ]]
+ unitlines=9
+ for b in '$(sed "$((i+1))q;d" "$c")'
+ [[ -170 != \a ]]
+ [[ -170 != \0 ]]
+ unitlines=10
+ for b in '$(sed "$((i+1))q;d" "$c")'
+ [[ 171 != \a ]]
+ [[ 171 != \0 ]]
+ unitlines=11
+ for b in '$(sed "$((i+1))q;d" "$c")'
+ [[ -150 != \a ]]
+ [[ -150 != \0 ]]
+ unitlines=12
+ for b in '$(sed "$((i+1))q;d" "$c")'
+ [[ 149 != \a ]]
+ [[ 149 != \0 ]]
+ unitlines=13
+ for b in '$(sed "$((i+1))q;d" "$c")'
+ [[ -143 != \a ]]
+ [[ -143 != \0 ]]
+ unitlines=14
+ for b in '$(sed "$((i+1))q;d" "$c")'
+ [[ -167 != \a ]]
+ [[ -167 != \0 ]]
+ unitlines=15
+ for b in '$(sed "$((i+1))q;d" "$c")'
+ [[ -165 != \a ]]
+ [[ -165 != \0 ]]
+ unitlines=16
+ for b in '$(sed "$((i+1))q;d" "$c")'
+ [[ -48 != \a ]]
+ [[ -48 != \0 ]]
+ unitlines=17
+ for b in '$(sed "$((i+1))q;d" "$c")'
+ [[ 152 != \a ]]
+ [[ 152 != \0 ]]
+ unitlines=18
+ for b in '$(sed "$((i+1))q;d" "$c")'
+ [[ -164 != \a ]]
+ [[ -164 != \0 ]]
+ unitlines=19
+ for b in '$(sed "$((i+1))q;d" "$c")'
+ [[ 0 != \a ]]
+ [[ 0 != \0 ]]
++ cut '-d ' -f3
++ head -n 1 constraints_22_11.simp-noncanon.simp
+ numvars=6160
++ cut '-d ' -f4
++ head -n 1 constraints_22_11.simp-noncanon.simp
+ numlines=1786659
+ newlines=1786678
+ echo 'p cnf 6160 1786678'
+ tail constraints_22_11.simp-noncanon.simp -n +2
++ sed '1154q;d' 22-cubes/30.cubes
+ for b in '$(sed "$((i+1))q;d" "$c")'
+ [[ a != \a ]]
+ for b in '$(sed "$((i+1))q;d" "$c")'
+ [[ -92 != \a ]]
+ [[ -92 != \0 ]]
+ echo '-92 0'
+ for b in '$(sed "$((i+1))q;d" "$c")'
+ [[ 137 != \a ]]
+ [[ 137 != \0 ]]
+ echo '137 0'
+ for b in '$(sed "$((i+1))q;d" "$c")'
+ [[ -121 != \a ]]
+ [[ -121 != \0 ]]
+ echo '-121 0'
+ for b in '$(sed "$((i+1))q;d" "$c")'
+ [[ -68 != \a ]]
+ [[ -68 != \0 ]]
+ echo '-68 0'
+ for b in '$(sed "$((i+1))q;d" "$c")'
+ [[ -158 != \a ]]
+ [[ -158 != \0 ]]
+ echo '-158 0'
+ for b in '$(sed "$((i+1))q;d" "$c")'
+ [[ -25 != \a ]]
+ [[ -25 != \0 ]]
+ echo '-25 0'
+ for b in '$(sed "$((i+1))q;d" "$c")'
+ [[ -153 != \a ]]
+ [[ -153 != \0 ]]
+ echo '-153 0'
+ for b in '$(sed "$((i+1))q;d" "$c")'
+ [[ -169 != \a ]]
+ [[ -169 != \0 ]]
+ echo '-169 0'
+ for b in '$(sed "$((i+1))q;d" "$c")'
+ [[ 168 != \a ]]
+ [[ 168 != \0 ]]
+ echo '168 0'
+ for b in '$(sed "$((i+1))q;d" "$c")'
+ [[ -170 != \a ]]
+ [[ -170 != \0 ]]
+ echo '-170 0'
+ for b in '$(sed "$((i+1))q;d" "$c")'
+ [[ 171 != \a ]]
+ [[ 171 != \0 ]]
+ echo '171 0'
+ for b in '$(sed "$((i+1))q;d" "$c")'
+ [[ -150 != \a ]]
+ [[ -150 != \0 ]]
+ echo '-150 0'
+ for b in '$(sed "$((i+1))q;d" "$c")'
+ [[ 149 != \a ]]
+ [[ 149 != \0 ]]
+ echo '149 0'
+ for b in '$(sed "$((i+1))q;d" "$c")'
+ [[ -143 != \a ]]
+ [[ -143 != \0 ]]
+ echo '-143 0'
+ for b in '$(sed "$((i+1))q;d" "$c")'
+ [[ -167 != \a ]]
+ [[ -167 != \0 ]]
+ echo '-167 0'
+ for b in '$(sed "$((i+1))q;d" "$c")'
+ [[ -165 != \a ]]
+ [[ -165 != \0 ]]
+ echo '-165 0'
+ for b in '$(sed "$((i+1))q;d" "$c")'
+ [[ -48 != \a ]]
+ [[ -48 != \0 ]]
+ echo '-48 0'
+ for b in '$(sed "$((i+1))q;d" "$c")'
+ [[ 152 != \a ]]
+ [[ 152 != \0 ]]
+ echo '152 0'
+ for b in '$(sed "$((i+1))q;d" "$c")'
+ [[ -164 != \a ]]
+ [[ -164 != \0 ]]
+ echo '-164 0'
+ for b in '$(sed "$((i+1))q;d" "$c")'
+ [[ 0 != \a ]]
+ [[ 0 != \0 ]]
+ ./simplify-by-var-removal.sh 22-cubes/30.cubes1153.adj 70
+ '[' -z 70 ']'
+ f=22-cubes/30.cubes1153.adj
+ p=70
++ echo 22-cubes
+ sub_dir=22-cubes
+ mkdir -p log/22-cubes
+ mkdir -p simp/22-cubes
+ tee log/22-cubes/30.cubes1153.adj.simp1
+ ./cadical/build/cadical 22-cubes/30.cubes1153.adj -o simp/22-cubes/30.cubes1153.adj.simp1 -e simp/22-cubes/30.cubes1153.adj.ext1 -n -c 200000
c --- [ banner ] -------------------------------------------------------------
c 
c CaDiCaL Radically Simplified CDCL SAT Solver
c Copyright (c) 2016-2021 A. Biere, M. Fleury, N. Froleyks
c 
c Version 1.5.2
c g++ (GCC) 9.3.0 -Wall -Wextra -O3 -DNDEBUG
c Tue Feb 8 21:15:15 EST 2022 Linux gra-login1 3.10.0-1160.36.2.el7.x86_64 x86_64
c 
c --- [ limit ] --------------------------------------------------------------
c 
c setting conflict limit to 200000 conflicts (due to '200000')
c 
c --- [ parsing input ] ------------------------------------------------------
c 
c reading DIMACS file from '22-cubes/30.cubes1153.adj'
c opening file to read '22-cubes/30.cubes1153.adj'
c found 'p cnf 6160 1786678' header
c parsed 1786678 clauses in 15.98 seconds process time
c closing file '22-cubes/30.cubes1153.adj'
c after reading 1542541740 bytes 1471.1 MB
c 
c --- [ options ] ------------------------------------------------------------
c 
c all options are set to their default value
c 
c --- [ solving ] ------------------------------------------------------------
c 
c time measured in process time since initialization
c 
c  seconds    reductions  redundant   irredundant
c          MB     restarts       trail       variables
c            level   conflicts       glue         remaining
c 
c * 15.98 1480  0 0   0    0    0  0% 0 1785954 4569 74%
c { 16.72 1529  0 0   0    0    0  0% 0 1785954 4569 74%
c i 16.80 1529  1 0   0    1    0 38% 0 1785954 4568 74%
c i 20.86 1583 83 0  39  215  169 50% 21 1785954 4567 74%
c i 21.33 1585 83 0  48  256  206 50% 22 1785954 4566 74%
c - 24.70 1535 73 1  48  300  237 50% 20 435896 4566 74%
c i 24.82 1504 73 1  48  301  237 50% 20 435896 4565 74%
c i 25.36 1504 65 1  57  415  328 50% 21 435896 4564 74%
c i 25.53 1504 64 1  62  436  346 50% 22 435896 4563 74%
c } 26.73 1505 46 1  87 1003  788 52% 20 435896 4563 74%
c [ 26.73 1505  0 1  87 1003  788  0% 0 435896 4563 74%
c O 26.75 1505  3 1  87 1004  789 28% 3 435896 4563 74%
c - 27.61 1616 19 2  87 1283  913 53% 13 435888 4563 74%
c i 27.88 1616 20 2  87 2011 1439 56% 15 435888 4562 74%
c ] 28.09 1616 19 2  88 2686 1883 57% 15 435888 4562 74%
c 1 28.09 1616 19 2  88 2686 1883 57% 15 435888 4562 74%
c 
c --- [ writing output ] -----------------------------------------------------
c 
c writing simplified CNF to DIMACS file 'simp/22-cubes/30.cubes1153.adj.simp1'
c * 28.09 1616 19 2  88 2686 1883 57% 15 435888 4562 74%
c opening file to write 'simp/22-cubes/30.cubes1153.adj.simp1'
c writing 'p cnf 6160 435885' header
c closing file 'simp/22-cubes/30.cubes1153.adj.simp1'
c after writing 194508759 bytes 185.5 MB
c wrote 435885 clauses in 1.20 seconds process time
c 
c --- [ writing extension ] --------------------------------------------------
c 
c writing extension stack to 'simp/22-cubes/30.cubes1153.adj.ext1'
c opening file to write 'simp/22-cubes/30.cubes1153.adj.ext1'
c closing file 'simp/22-cubes/30.cubes1153.adj.ext1'
c after writing 23250 bytes 0.0 MB
c wrote 1598 witnesses in 0.00 seconds process time
c 
c --- [ result ] -------------------------------------------------------------
c 
s SATISFIABLE
c 
c --- [ run-time profiling ] -------------------------------------------------
c 
c process time taken by individual solving procedures
c (percentage relative to process time for solving)
c 
c        15.98  131.92% parse
c        12.11  100.00% search
c        10.01   82.65% unstable
c         1.36   11.24% stable
c         0.74    6.11% lucky
c         0.00    0.00% simplify
c   =================================
c        12.11   41.34% solve
c 
c last line shows process time for solving
c (percentage relative to total process time)
c 
c --- [ statistics ] ---------------------------------------------------------
c 
c chronological:               629        23.42 %  of conflicts
c conflicts:                  2686       221.76    per second
c decisions:                 13779      1137.62    per second
c fixed:                      1598        25.94 %  of all variables
c learned:                    2620        97.54 %  per conflict
c learned_lits:             509718       100.00 %  learned literals
c minimized:                     0         0.00 %  learned literals
c shrunken:                 246312        48.32 %  learned literals
c minishrunken:              67165        13.18 %  learned literals
c propagations:             730347         0.06 M  per second
c reduced:                      87         3.24 %  per conflict
c rephased:                      1      2686.00    interval
c restarts:                     88        30.52    interval
c stabilizing:                   1        62.66 %  of conflicts
c subsumed:                    643         0.02 %  of all clauses
c 
c seconds are measured in process time for solving
c 
c --- [ resources ] ----------------------------------------------------------
c 
c total process time since initialization:        29.30    seconds
c total real time since initialization:           30.81    seconds
c maximum resident set size of process:         1677.77    MB
c 
c --- [ shutting down ] ------------------------------------------------------
c 
c exit 10
++ seq 1 100
+ for i in '$(seq 1 100)'
++ sed 's/.$//'
++ rev
++ cut '-d ' -f1
++ rev
++ tail -n 1
++ grep 'c [*]' log/22-cubes/30.cubes1153.adj.simp1
+ vars_remaining=74
+ ((  vars_remaining < 100 - p  ))
+ tee log/22-cubes/30.cubes1153.adj.simp2
+ ./cadical/build/cadical simp/22-cubes/30.cubes1153.adj.simp1 -o simp/22-cubes/30.cubes1153.adj.simp2 -e simp/22-cubes/30.cubes1153.adj.ext2 -n -c 200000
c --- [ banner ] -------------------------------------------------------------
c 
c CaDiCaL Radically Simplified CDCL SAT Solver
c Copyright (c) 2016-2021 A. Biere, M. Fleury, N. Froleyks
c 
c Version 1.5.2
c g++ (GCC) 9.3.0 -Wall -Wextra -O3 -DNDEBUG
c Tue Feb 8 21:15:15 EST 2022 Linux gra-login1 3.10.0-1160.36.2.el7.x86_64 x86_64
c 
c --- [ limit ] --------------------------------------------------------------
c 
c setting conflict limit to 200000 conflicts (due to '200000')
c 
c --- [ parsing input ] ------------------------------------------------------
c 
c reading DIMACS file from 'simp/22-cubes/30.cubes1153.adj.simp1'
c opening file to read 'simp/22-cubes/30.cubes1153.adj.simp1'
c found 'p cnf 6160 435885' header
c parsed 435885 clauses in 1.97 seconds process time
c closing file 'simp/22-cubes/30.cubes1153.adj.simp1'
c after reading 194508759 bytes 185.5 MB
c 
c --- [ options ] ------------------------------------------------------------
c 
c all options are set to their default value
c 
c --- [ solving ] ------------------------------------------------------------
c 
c time measured in process time since initialization
c 
c  seconds   reductions  redundant  irredundant
c          MB    restarts       trail      variables
c           level   conflicts       glue        remaining
c 
c *  1.97 198  0 0   0    0    0  0% 0 435885 4562 74%
c {  2.16 210  0 0   0    0    0  0% 0 435885 4562 74%
c i  2.67 231 82 0  10   69   59 24% 19 435885 4540 74%
c i  2.71 231 81 0  10   70   59 24% 19 435885 4530 74%
c -  3.45 232 38 1  12  301  136 17% 13 435327 4530 74%
c i  4.29 239 42 1  48  596  310 18% 16 435327 4529 74%
c }  5.10 243 35 1  64 1000  450 16% 14 435327 4529 74%
c [  5.10 243  0 1  64 1000  450  0% 0 435327 4529 74%
c O  5.11 243 20 1  64 1003  449  9% 8 435327 4529 74%
c -  5.95 412 20 2  64 1285  607 32% 14 435324 4529 74%
c i  6.12 412 19 2  64 1676  867 32% 14 435324 4528 74%
c i  6.39 412 19 2  65 2371 1284 30% 15 435324 4527 73%
c -  6.83 412 18 3  65 2760 1225 30% 15 435319 4527 73%
c ]  7.24 398 19 3  65 3005 1375 40% 16 435319 4527 73%
c {  7.24 398 35 3  65 3005 1375 22% 14 435319 4527 73%
c F  7.25 398 35 3  65 3006 1376 22% 14 435319 4527 73%
c i  7.80 398 38 3  82 3176 1501 23% 16 435319 4526 73%
c i  7.81 398 38 3  84 3180 1504 23% 16 435319 4525 73%
c i  8.27 398 38 3 110 3365 1634 24% 16 435319 4490 73%
c i  8.71 398 38 3 123 3443 1686 24% 16 435319 4483 73%
c 
c  seconds   reductions  redundant   irredundant
c          MB    restarts       trail       variables
c           level   conflicts       glue         remaining
c 
c - 14.22 348 45 4 336 4726 1950 26% 19 329761 4483 73%
c 3 15.00 348 44 4 367 5003 3511 26% 19 329751 4478 73%
c 2 15.06 348 44 4 367 5003 3595 26% 19 329622 4478 73%
c p 19.48 347 44 4 367 5003 11160 26% 19 329622 4447 72%
c d 19.87 347 44 4 367 5003 10575 26% 19 329503 4442 72%
c # 20.67 347 37 4 371 6011 11152 29% 17 329503 4442 72%
c - 22.52 345 35 5 426 7003 2787 30% 17 329503 4442 72%
c } 22.54 345 35 5 426 7005 2789 30% 17 329503 4442 72%
c [ 22.54 345 19 5 426 7005 2789 40% 16 329503 4442 72%
c - 24.01 345 22 6 428 9735 3431 39% 19 329503 4442 72%
c I 24.31 345 23 6 428 10012 3628 39% 19 329503 4442 72%
c - 26.68 346 22 7 430 12924 3902 39% 18 329503 4442 72%
c s 26.93 346 22 7 430 13158 3954 39% 18 326326 4442 72%
c v 30.58 346 22 7 430 13158 3954 39% 18 326166 4442 72%
c t 30.68 346 22 7 430 13158 3916 39% 18 325852 4442 72%
c e 31.35 344 22 7 430 13158 3683 39% 18 318769 1351 22%
c s 31.47 344 22 7 430 13158 3683 39% 18 318769 1351 22%
c 2 33.23 343 23 7 431 15004 5578 59% 19 318768 1351 22%
c p 34.64 343 23 7 431 15004 7498 59% 19 318768 1349 22%
c d 34.91 343 23 7 431 15004 7441 59% 19 311058 1348 22%
c 
c  seconds   reductions   redundant   irredundant
c          MB    restarts        trail       variables
c           level    conflicts       glue         remaining
c 
c ] 34.98 343 23 7 431 15005 7442 59% 19 311058 1348 22%
c { 34.98 343 35 7 431 15005 7442 102% 17 311058 1348 22%
c B 35.06 343 35 7 433 15013 7450 101% 17 311058 1348 22%
c - 37.54 339 32 8 519 16566 4482 90% 16 311058 1348 22%
c - 42.94 339 28 9 776 20599 4693 76% 16 311058 1348 22%
c W 43.61 339 28 9 817 21014 4847 74% 16 311058 1348 22%
c - 50.59 339 29 10 1169 25078 5544 69% 17 311058 1348 22%
c F 52.48 339 27 10 1201 28016 7681 68% 17 311058 1348 22%
c - 56.36 340 28 11 1402 30004 6602 66% 17 311058 1348 22%
c p 57.30 340 28 11 1402 30004 9796 66% 17 311058 1348 22%
c i 58.80 340 28 11 1529 30591 10249 66% 17 311058 1347 22%
c } 60.17 340 28 11 1614 31005 10583 66% 17 311058 1347 22%
c [ 60.17 340 23 11 1614 31005 10583 59% 19 311058 1347 22%
c - 63.50 340 25 12 1616 35382 7603 60% 21 311055 1347 22%
c B 64.08 340 25 12 1617 36017 8049 60% 21 311055 1347 22%
c - 67.55 340 28 13 1620 41204 8151 61% 23 311055 1347 22%
c s 69.57 340 29 13 1621 44690 10676 61% 24 310862 1347 22%
c v 73.41 340 29 13 1621 44690 10676 61% 24 310222 1347 22%
c t 73.54 340 29 13 1621 44690 10676 61% 24 310221 1347 22%
c e 74.20 332 29 13 1621 44690 10663 61% 24 309905 1279 21%
c 
c  seconds   reductions      redundant   irredundant
c          MB     restarts          trail       variables
c           level      conflicts        glue         remaining
c 
c s 74.36 332 29 13 1621 44690 10663 61% 24 309714 1279 21%
c W 76.30 332 29 13 1621 45019 10880 61% 24 309714 1279 21%
c - 77.40 332 29 14 1622 47473 8604 60% 25 309714 1279 21%
c 2 78.47 332 30 14 1622 50007 11355 60% 25 309712 1279 21%
c p 79.23 332 30 14 1622 50007 13718 60% 25 309712 1279 21%
c - 81.38 332 29 15 1622 54182 8539 59% 25 309712 1279 21%
c O 81.85 332 29 15 1623 55021 9054 59% 25 309712 1279 21%
c - 84.23 332 30 16 1628 61339 9286 59% 25 309712 1279 21%
c ] 84.73 332 30 16 1629 63005 10333 59% 25 309712 1279 21%
c { 84.73 332 28 16 1629 63005 10333 66% 17 309712 1279 21%
c B 87.88 332 28 16 1802 66023 11288 62% 17 309712 1279 21%
c - 92.23 332 27 17 2004 68943 8728 61% 17 309712 1279 21%
c p 104.64 332 27 17 2459 75009 17157 59% 18 309712 1278 21%
c } 105.51 332 27 17 2459 75743 17609 59% 17 309712 1278 21%
c 1 105.51 332 27 17 2459 75743 17609 59% 17 309712 1278 21%
c 
c --- [ writing output ] -----------------------------------------------------
c 
c writing simplified CNF to DIMACS file 'simp/22-cubes/30.cubes1153.adj.simp2'
c * 105.51 332 27 17 2459 75743 17609 59% 17 309712 1278 21%
c opening file to write 'simp/22-cubes/30.cubes1153.adj.simp2'
c writing 'p cnf 6160 309709' header
c closing file 'simp/22-cubes/30.cubes1153.adj.simp2'
c after writing 124597834 bytes 118.8 MB
c wrote 309709 clauses in 0.83 seconds process time
c 
c --- [ writing extension ] --------------------------------------------------
c 
c writing extension stack to 'simp/22-cubes/30.cubes1153.adj.ext2'
c opening file to write 'simp/22-cubes/30.cubes1153.adj.ext2'
c closing file 'simp/22-cubes/30.cubes1153.adj.ext2'
c after writing 211616 bytes 0.2 MB
c wrote 8539 witnesses in 0.00 seconds process time
c 
c --- [ result ] -------------------------------------------------------------
c 
s SATISFIABLE
c 
c --- [ run-time profiling ] -------------------------------------------------
c 
c process time taken by individual solving procedures
c (percentage relative to process time for solving)
c 
c        82.05   79.24% search
c        55.50   53.60% unstable
c        25.20   24.34% stable
c        21.49   20.76% simplify
c         9.70    9.37% probe
c         7.65    7.39% vivify
c         2.26    2.18% elim
c         1.97    1.90% parse
c         1.15    1.12% walk
c         0.55    0.53% subsume
c         0.19    0.19% ternary
c         0.19    0.18% lucky
c   =================================
c       103.54   97.37% solve
c 
c last line shows process time for solving
c (percentage relative to total process time)
c 
c --- [ statistics ] ---------------------------------------------------------
c 
c chronological:             14086        18.60 %  of conflicts
c conflicts:                 75743       731.50    per second
c decisions:                200488      1936.25    per second
c eliminated:                 3159        51.28 %  of all variables
c fixed:                       114         1.85 %  of all variables
c learned:                   74244        98.02 %  per conflict
c learned_lits:           12837824       100.00 %  learned literals
c minimized:                     0         0.00 %  learned literals
c shrunken:                7226469        56.29 %  learned literals
c minishrunken:            1294735        10.09 %  learned literals
c propagations:            9100370         0.09 M  per second
c reduced:                   36965        48.80 %  per conflict
c rephased:                     11      6885.73    interval
c restarts:                   2459        30.80    interval
c stabilizing:                   3        55.46 %  of conflicts
c substituted:                  11         0.18 %  of all variables
c subsumed:                  28875         2.64 %  of all clauses
c strengthened:              48125         4.40 %  of all clauses
c ternary:                    5341         0.60 %  of resolved
c vivified:                    812         0.07 %  of all clauses
c walked:                        2     37871.50    interval
c weakened:                   8425         3.16    average size
c 
c seconds are measured in process time for solving
c 
c --- [ resources ] ----------------------------------------------------------
c 
c total process time since initialization:       106.34    seconds
c total real time since initialization:          107.77    seconds
c maximum resident set size of process:          578.26    MB
c 
c --- [ shutting down ] ------------------------------------------------------
c 
c exit 10
+ for i in '$(seq 1 100)'
++ sed 's/.$//'
++ rev
++ cut '-d ' -f1
++ rev
++ tail -n 1
++ grep 'c [*]' log/22-cubes/30.cubes1153.adj.simp2
+ vars_remaining=21
+ ((  vars_remaining < 100 - p  ))
+ break
++ cut '-d ' -f3
++ head -n 1 simp/22-cubes/30.cubes1153.adj.simp2
+ numvars=6160
++ cut '-d ' -f4
++ head -n 1 simp/22-cubes/30.cubes1153.adj.simp2
+ numlines=309709
+ extlines_total=0
++ seq 1 2
+ for j in '$(seq 1 "$i")'
++ cut '-d ' -f1
++ wc -l simp/22-cubes/30.cubes1153.adj.ext1
+ extlines_j=1598
+ extlines_total=1598
+ for j in '$(seq 1 "$i")'
++ cut '-d ' -f1
++ wc -l simp/22-cubes/30.cubes1153.adj.ext2
+ extlines_j=8539
+ extlines_total=10137
+ newlines=319846
+ echo 'p cnf 6160 319846'
+ tail simp/22-cubes/30.cubes1153.adj.simp2 -n +2
++ seq 1 2
+ for j in '$(seq 1 "$i")'
+ cat simp/22-cubes/30.cubes1153.adj.ext1
+ for j in '$(seq 1 "$i")'
+ cat simp/22-cubes/30.cubes1153.adj.ext2
+ sed -i 's/ 0.*/ 0/' 22-cubes/30.cubes1153.adj.simp
============================[ Problem Statistics ]=============================
|                                                                             |
|  Number of variables:          6160                                         |
|  Number of clauses:          318134                                         |
|  Parse time:                   1.76 s                                       |
|  Simplification time:          0.04 s                                       |
|                                                                             |
============================[ Search Statistics ]====================================================
| Conflicts |          ORIGINAL         |          LEARNT          | Num Sols |      SUBGRAPHS      |
|           |    Vars  Clauses Literals |    Limit  Clauses Lit/Cl |          | Canonical Noncanon. |
=====================================================================================================
|       100 |    4448   318134 27844234 |     2000      100     75 |        0 |        19         0 |
|       254 |    4448   318138 27844334 |     2000      254     76 |        0 |        35         4 |
|       483 |    4448   318142 27844485 |     2000      483     79 |        0 |        56         8 |
|       960 |    4448   318282 27846600 |     2000      960     56 |        0 |       123       148 |
|      1476 |    4448   318292 27846830 |     2000     1476     64 |        0 |       141       158 |
|      2248 |    4448   318305 27847142 |     3602     1250     33 |        0 |       175       171 |
|      4132 |    4448   319050 27862382 |     3602     3134     52 |        0 |       355       916 |
|      6078 |    4448   319288 27867825 |     5002     3280     43 |        0 |       493      1154 |
|      8743 |    4448   319391 27870264 |     6305     3448     42 |        0 |       557      1257 |
|     12603 |    4448   319407 27870766 |     7551     4154     42 |        0 |       634      1273 |
|     18443 |    4448   319481 27872729 |     8783     6226     48 |        0 |       770      1347 |
|     28110 |    4448   320499 27895279 |    11205     6515     37 |        0 |      1164      2365 |
|     41952 |    4448   321367 27918549 |    13608     8560     46 |        0 |      1638      3233 |
|     63292 |    4448   323246 27954942 |    16012    15704     59 |        0 |      2354      5112 |
|     93190 |    4448   323952 27969161 |    20813    10003     22 |        0 |      2869      5818 |
|    138184 |    4448   325157 27995865 |    24422    22006     62 |        0 |      3795      7023 |
|    205444 |    4448   326733 28026760 |    30412    22256     57 |        0 |      4506      8599 |
|    304665 |    4448   327428 28043326 |    37611    21276     37 |        0 |      4954      9294 |
|    470318 |    4448   345292 28312909 |    46015    42733     71 |        0 |      9399     27158 |
|    703266 |    4448   356557 28506788 |    56819    47085     62 |        0 |     12679     38423 |
|   1043617 |    4448   364383 28676901 |    70026    42043     49 |        0 |     17206     46249 |
|   1600712 |    4448   422690 29734736 |    86819    54531     46 |        0 |     30886    104556 |
|   2394364 |    4448   468160 30729899 |   106043    81807     55 |        0 |     42000    150026 |
|   3616967 |    4448   568489 32774115 |   131220    65387     26 |        0 |     59753    250355 |
|   5351109 |    4448   619220 33945693 |   158815   138924     63 |        0 |     70800    301086 |
|   8301356 |    4373   728477 32255106 |   186378   140134     67 |        0 |    116543    726217 |
=====================================================================================================
Number of solutions   : 0           
Canonical subgraphs   : 142390         (39 /sec)
          order  3    : 1              (200000 /sec)
          order  4    : 1              (500000 /sec)
          order  5    : 1              (200000 /sec)
          order  6    : 1              (50000 /sec)
          order  7    : 2              (10000 /sec)
          order  8    : 5              (2316 /sec)
          order  9    : 12             (517 /sec)
          order 10    : 55             (170 /sec)
          order 11    : 310            (64 /sec)
          order 12    : 2163           (43 /sec)
          order 13    : 18391          (55 /sec)
          order 14    : 65948          (39 /sec)
          order 15    : 45232          (37 /sec)
          order 16    : 5939           (36 /sec)
          order 17    : 1489           (26 /sec)
          order 18    : 1368           (24 /sec)
          order 19    : 1222           (23 /sec)
          order 20    : 158            (27 /sec)
          order 21    : 92             (32 /sec)
          order 22    : 0              (-nan /sec)
Noncanonical subgraphs: 798245         (453 /sec)
          order  3    : 0              (-nan /sec)
          order  4    : 0              (-nan /sec)
          order  5    : 0              (-nan /sec)
          order  6    : 0              (-nan /sec)
          order  7    : 0              (-nan /sec)
          order  8    : 0              (-nan /sec)
          order  9    : 0              (-nan /sec)
          order 10    : 0              (-nan /sec)
          order 11    : 0              (-nan /sec)
          order 12    : 0              (-nan /sec)
          order 13    : 0              (-nan /sec)
          order 14    : 349202         (743 /sec)
          order 15    : 406965         (366 /sec)
          order 16    : 40418          (244 /sec)
          order 17    : 1546           (127 /sec)
          order 18    : 7              (2072 /sec)
          order 19    : 5              (266 /sec)
          order 20    : 1              (440 /sec)
          order 21    : 1              (68 /sec)
Canonicity checking   : 5410.74 s
database reductions   : 180
restarts              : 16381
conflicts             : 10099481       (1042 /sec)
decisions             : 13093869       (0.00 % random) (1351 /sec)
propagations          : 2172455267     (224197 /sec)
conflict literals     : 1055395448     (56.28 % deleted)
actual reward         : 0.055409
Memory used           : 643.00 MB
CPU time              : 9689.94 s

UNSATISFIABLE
