+ '[' -z 1389 ']'
+ f=constraints_22_11.simp-noncanon.simp
+ c=22-cubes/30.cubes
+ i=1389
+ s=70
+ adj=22-cubes/30.cubes1389.adj
+ cnf=22-cubes/30.cubes1389.cnf
+ ext=22-cubes/30.cubes1389.ext
+ cnfext=22-cubes/30.cubes1389.cnfext
+ unitlines=0
++ sed '1390q;d' 22-cubes/30.cubes
+ for b in '$(sed "$((i+1))q;d" "$c")'
+ [[ a != \a ]]
+ for b in '$(sed "$((i+1))q;d" "$c")'
+ [[ -92 != \a ]]
+ [[ -92 != \0 ]]
+ unitlines=1
+ for b in '$(sed "$((i+1))q;d" "$c")'
+ [[ 137 != \a ]]
+ [[ 137 != \0 ]]
+ unitlines=2
+ for b in '$(sed "$((i+1))q;d" "$c")'
+ [[ -121 != \a ]]
+ [[ -121 != \0 ]]
+ unitlines=3
+ for b in '$(sed "$((i+1))q;d" "$c")'
+ [[ -68 != \a ]]
+ [[ -68 != \0 ]]
+ unitlines=4
+ for b in '$(sed "$((i+1))q;d" "$c")'
+ [[ -158 != \a ]]
+ [[ -158 != \0 ]]
+ unitlines=5
+ for b in '$(sed "$((i+1))q;d" "$c")'
+ [[ -25 != \a ]]
+ [[ -25 != \0 ]]
+ unitlines=6
+ for b in '$(sed "$((i+1))q;d" "$c")'
+ [[ -153 != \a ]]
+ [[ -153 != \0 ]]
+ unitlines=7
+ for b in '$(sed "$((i+1))q;d" "$c")'
+ [[ -169 != \a ]]
+ [[ -169 != \0 ]]
+ unitlines=8
+ for b in '$(sed "$((i+1))q;d" "$c")'
+ [[ -168 != \a ]]
+ [[ -168 != \0 ]]
+ unitlines=9
+ for b in '$(sed "$((i+1))q;d" "$c")'
+ [[ 210 != \a ]]
+ [[ 210 != \0 ]]
+ unitlines=10
+ for b in '$(sed "$((i+1))q;d" "$c")'
+ [[ -207 != \a ]]
+ [[ -207 != \0 ]]
+ unitlines=11
+ for b in '$(sed "$((i+1))q;d" "$c")'
+ [[ -187 != \a ]]
+ [[ -187 != \0 ]]
+ unitlines=12
+ for b in '$(sed "$((i+1))q;d" "$c")'
+ [[ -167 != \a ]]
+ [[ -167 != \0 ]]
+ unitlines=13
+ for b in '$(sed "$((i+1))q;d" "$c")'
+ [[ -151 != \a ]]
+ [[ -151 != \0 ]]
+ unitlines=14
+ for b in '$(sed "$((i+1))q;d" "$c")'
+ [[ 166 != \a ]]
+ [[ 166 != \0 ]]
+ unitlines=15
+ for b in '$(sed "$((i+1))q;d" "$c")'
+ [[ 48 != \a ]]
+ [[ 48 != \0 ]]
+ unitlines=16
+ for b in '$(sed "$((i+1))q;d" "$c")'
+ [[ -93 != \a ]]
+ [[ -93 != \0 ]]
+ unitlines=17
+ for b in '$(sed "$((i+1))q;d" "$c")'
+ [[ 0 != \a ]]
+ [[ 0 != \0 ]]
++ cut '-d ' -f3
++ head -n 1 constraints_22_11.simp-noncanon.simp
+ numvars=6160
++ cut '-d ' -f4
++ head -n 1 constraints_22_11.simp-noncanon.simp
+ numlines=1786659
+ newlines=1786676
+ echo 'p cnf 6160 1786676'
+ tail constraints_22_11.simp-noncanon.simp -n +2
++ sed '1390q;d' 22-cubes/30.cubes
+ for b in '$(sed "$((i+1))q;d" "$c")'
+ [[ a != \a ]]
+ for b in '$(sed "$((i+1))q;d" "$c")'
+ [[ -92 != \a ]]
+ [[ -92 != \0 ]]
+ echo '-92 0'
+ for b in '$(sed "$((i+1))q;d" "$c")'
+ [[ 137 != \a ]]
+ [[ 137 != \0 ]]
+ echo '137 0'
+ for b in '$(sed "$((i+1))q;d" "$c")'
+ [[ -121 != \a ]]
+ [[ -121 != \0 ]]
+ echo '-121 0'
+ for b in '$(sed "$((i+1))q;d" "$c")'
+ [[ -68 != \a ]]
+ [[ -68 != \0 ]]
+ echo '-68 0'
+ for b in '$(sed "$((i+1))q;d" "$c")'
+ [[ -158 != \a ]]
+ [[ -158 != \0 ]]
+ echo '-158 0'
+ for b in '$(sed "$((i+1))q;d" "$c")'
+ [[ -25 != \a ]]
+ [[ -25 != \0 ]]
+ echo '-25 0'
+ for b in '$(sed "$((i+1))q;d" "$c")'
+ [[ -153 != \a ]]
+ [[ -153 != \0 ]]
+ echo '-153 0'
+ for b in '$(sed "$((i+1))q;d" "$c")'
+ [[ -169 != \a ]]
+ [[ -169 != \0 ]]
+ echo '-169 0'
+ for b in '$(sed "$((i+1))q;d" "$c")'
+ [[ -168 != \a ]]
+ [[ -168 != \0 ]]
+ echo '-168 0'
+ for b in '$(sed "$((i+1))q;d" "$c")'
+ [[ 210 != \a ]]
+ [[ 210 != \0 ]]
+ echo '210 0'
+ for b in '$(sed "$((i+1))q;d" "$c")'
+ [[ -207 != \a ]]
+ [[ -207 != \0 ]]
+ echo '-207 0'
+ for b in '$(sed "$((i+1))q;d" "$c")'
+ [[ -187 != \a ]]
+ [[ -187 != \0 ]]
+ echo '-187 0'
+ for b in '$(sed "$((i+1))q;d" "$c")'
+ [[ -167 != \a ]]
+ [[ -167 != \0 ]]
+ echo '-167 0'
+ for b in '$(sed "$((i+1))q;d" "$c")'
+ [[ -151 != \a ]]
+ [[ -151 != \0 ]]
+ echo '-151 0'
+ for b in '$(sed "$((i+1))q;d" "$c")'
+ [[ 166 != \a ]]
+ [[ 166 != \0 ]]
+ echo '166 0'
+ for b in '$(sed "$((i+1))q;d" "$c")'
+ [[ 48 != \a ]]
+ [[ 48 != \0 ]]
+ echo '48 0'
+ for b in '$(sed "$((i+1))q;d" "$c")'
+ [[ -93 != \a ]]
+ [[ -93 != \0 ]]
+ echo '-93 0'
+ for b in '$(sed "$((i+1))q;d" "$c")'
+ [[ 0 != \a ]]
+ [[ 0 != \0 ]]
+ ./simplify-by-var-removal.sh 22-cubes/30.cubes1389.adj 70
+ '[' -z 70 ']'
+ f=22-cubes/30.cubes1389.adj
+ p=70
++ echo 22-cubes
+ sub_dir=22-cubes
+ mkdir -p log/22-cubes
+ mkdir -p simp/22-cubes
+ tee log/22-cubes/30.cubes1389.adj.simp1
+ ./cadical/build/cadical 22-cubes/30.cubes1389.adj -o simp/22-cubes/30.cubes1389.adj.simp1 -e simp/22-cubes/30.cubes1389.adj.ext1 -n -c 200000
c --- [ banner ] -------------------------------------------------------------
c 
c CaDiCaL Radically Simplified CDCL SAT Solver
c Copyright (c) 2016-2021 A. Biere, M. Fleury, N. Froleyks
c 
c Version 1.5.2
c g++ (GCC) 9.3.0 -Wall -Wextra -O3 -DNDEBUG
c Tue Feb 8 21:15:15 EST 2022 Linux gra-login1 3.10.0-1160.36.2.el7.x86_64 x86_64
c 
c --- [ limit ] --------------------------------------------------------------
c 
c setting conflict limit to 200000 conflicts (due to '200000')
c 
c --- [ parsing input ] ------------------------------------------------------
c 
c reading DIMACS file from '22-cubes/30.cubes1389.adj'
c opening file to read '22-cubes/30.cubes1389.adj'
c found 'p cnf 6160 1786676' header
c parsed 1786676 clauses in 18.78 seconds process time
c closing file '22-cubes/30.cubes1389.adj'
c after reading 1542541726 bytes 1471.1 MB
c 
c --- [ options ] ------------------------------------------------------------
c 
c all options are set to their default value
c 
c --- [ solving ] ------------------------------------------------------------
c 
c time measured in process time since initialization
c 
c  seconds    reductions  redundant   irredundant
c          MB     restarts       trail       variables
c            level   conflicts       glue         remaining
c 
c * 18.78 1478  0 0   0    0    0  0% 0 1785954 4626 75%
c { 20.49 1558  0 0   0    0    0  0% 0 1785954 4626 75%
c i 20.67 1559 185 0   0    2    1 54% 1 1785954 4620 75%
c i 21.68 1571 75 0   3   31   26 46% 3 1785954 4600 75%
c i 21.81 1571 48 0   8   51   39 42% 5 1785954 4585 74%
c i 21.83 1571 43 0  10   58   38 41% 5 1785954 4584 74%
c i 21.95 1572 30 0  11   86   38 37% 5 1785954 4571 74%
c i 22.00 1572 26 0  11  107   45 36% 5 1785954 4569 74%
c i 22.06 1572 25 0  11  117   50 36% 5 1785954 4554 74%
c i 22.17 1572 21 0  14  146   65 36% 5 1785954 4543 74%
c i 22.19 1572 21 0  14  152   68 36% 5 1785954 4531 74%
c i 22.28 1572 15 0  25  263   89 34% 6 1785954 4495 73%
c - 26.08 1509 13 1  27  300   80 34% 5 248470 4495 73%
c i 26.20 1509 12 1  27  371   84 34% 5 248470 4443 72%
c i 26.20 1509 10 1  27  440   95 33% 5 248470 4424 72%
c i 26.20 1509 10 1  27  485  100 33% 5 248470 4409 72%
c i 26.20 1509  9 1  27  515  101 33% 5 248470 4397 71%
c i 26.21 1509  9 1  27  532  108 33% 5 248470 4338 70%
c i 26.21 1509  9 1  27  538  111 33% 4 248470 4256 69%
c i 26.21 1509  9 1  27  541  113 33% 4 248470 4144 67%
c 
c  seconds    reductions  redundant  irredundant
c          MB     restarts       trail      variables
c            level   conflicts       glue        remaining
c 
c i 26.21 1509  9 1  27  546  115 33% 4 248470 4117 67%
c } 26.21 1509  9 1  27  548  115 33% 4 248470 4106 67%
c 0 26.21 1509  9 1  27  548  115 33% 4 248470 4106 67%
c 
c --- [ writing output ] -----------------------------------------------------
c 
c writing simplified CNF to DIMACS file 'simp/22-cubes/30.cubes1389.adj.simp1'
c * 26.21 1509  9 1  27  548  115 33% 4 248470 4106 67%
c opening file to write 'simp/22-cubes/30.cubes1389.adj.simp1'
c writing 'p cnf 6160 1' header
c closing file 'simp/22-cubes/30.cubes1389.adj.simp1'
c after writing 15 bytes 0.0 MB
c wrote 1 clauses in 0.00 seconds process time
c 
c --- [ writing extension ] --------------------------------------------------
c 
c writing extension stack to 'simp/22-cubes/30.cubes1389.adj.ext1'
c opening file to write 'simp/22-cubes/30.cubes1389.adj.ext1'
c closing file 'simp/22-cubes/30.cubes1389.adj.ext1'
c after writing 0 bytes 0.0 MB
c wrote 0 witnesses in 0.00 seconds process time
c 
c --- [ result ] -------------------------------------------------------------
c 
s UNSATISFIABLE
c 
c --- [ run-time profiling ] -------------------------------------------------
c 
c process time taken by individual solving procedures
c (percentage relative to process time for solving)
c 
c        18.78  252.85% parse
c         7.43   99.99% search
c         5.72   77.03% unstable
c         1.71   22.97% lucky
c         0.00    0.00% simplify
c   =================================
c         7.43   28.34% solve
c 
c last line shows process time for solving
c (percentage relative to total process time)
c 
c --- [ statistics ] ---------------------------------------------------------
c 
c chronological:                88        16.06 %  of conflicts
c conflicts:                   548        73.79    per second
c decisions:                  1078       145.16    per second
c fixed:                      2054        33.34 %  of all variables
c learned:                     544        99.27 %  per conflict
c learned_lits:               7244       100.00 %  learned literals
c minimized:                     0         0.00 %  learned literals
c shrunken:                   4061        56.06 %  learned literals
c minishrunken:                112         1.55 %  learned literals
c propagations:              44849         0.01 M  per second
c restarts:                     27        20.30    interval
c subsumed:                    398         0.01 %  of all clauses
c 
c seconds are measured in process time for solving
c 
c --- [ resources ] ----------------------------------------------------------
c 
c total process time since initialization:        26.21    seconds
c total real time since initialization:           27.06    seconds
c maximum resident set size of process:         1572.66    MB
c 
c --- [ shutting down ] ------------------------------------------------------
c 
c exit 20
++ seq 1 100
+ for i in '$(seq 1 100)'
++ sed 's/.$//'
++ rev
++ cut '-d ' -f1
++ rev
++ tail -n 1
++ grep 'c [*]' log/22-cubes/30.cubes1389.adj.simp1
+ vars_remaining=67
+ ((  vars_remaining < 100 - p  ))
+ tee log/22-cubes/30.cubes1389.adj.simp2
+ ./cadical/build/cadical simp/22-cubes/30.cubes1389.adj.simp1 -o simp/22-cubes/30.cubes1389.adj.simp2 -e simp/22-cubes/30.cubes1389.adj.ext2 -n -c 200000
c --- [ banner ] -------------------------------------------------------------
c 
c CaDiCaL Radically Simplified CDCL SAT Solver
c Copyright (c) 2016-2021 A. Biere, M. Fleury, N. Froleyks
c 
c Version 1.5.2
c g++ (GCC) 9.3.0 -Wall -Wextra -O3 -DNDEBUG
c Tue Feb 8 21:15:15 EST 2022 Linux gra-login1 3.10.0-1160.36.2.el7.x86_64 x86_64
c 
c --- [ limit ] --------------------------------------------------------------
c 
c setting conflict limit to 200000 conflicts (due to '200000')
c 
c --- [ parsing input ] ------------------------------------------------------
c 
c reading DIMACS file from 'simp/22-cubes/30.cubes1389.adj.simp1'
c opening file to read 'simp/22-cubes/30.cubes1389.adj.simp1'
c found 'p cnf 6160 1' header
c parsed 1 clauses in 0.00 seconds process time
c closing file 'simp/22-cubes/30.cubes1389.adj.simp1'
c after reading 15 bytes 0.0 MB
c 
c --- [ options ] ------------------------------------------------------------
c 
c all options are set to their default value
c 
c --- [ solving ] ------------------------------------------------------------
c 
c time measured in process time since initialization
c 
c  seconds  reductions  redundant irredundant
c         MB    restarts       trail    variables
c          level   conflicts       glue     remaining
c 
c 0  0.00  3  0 0   0    0    0  0% 0    0   0  0%
c 
c --- [ writing output ] -----------------------------------------------------
c 
c writing simplified CNF to DIMACS file 'simp/22-cubes/30.cubes1389.adj.simp2'
c *  0.00  3  0 0   0    0    0  0% 0    0   0  0%
c opening file to write 'simp/22-cubes/30.cubes1389.adj.simp2'
c writing 'p cnf 6160 1' header
c closing file 'simp/22-cubes/30.cubes1389.adj.simp2'
c after writing 15 bytes 0.0 MB
c wrote 1 clauses in 0.00 seconds process time
c 
c --- [ writing extension ] --------------------------------------------------
c 
c writing extension stack to 'simp/22-cubes/30.cubes1389.adj.ext2'
c opening file to write 'simp/22-cubes/30.cubes1389.adj.ext2'
c closing file 'simp/22-cubes/30.cubes1389.adj.ext2'
c after writing 0 bytes 0.0 MB
c wrote 0 witnesses in 0.00 seconds process time
c 
c --- [ result ] -------------------------------------------------------------
c 
s UNSATISFIABLE
c 
c --- [ run-time profiling ] -------------------------------------------------
c 
c process time taken by individual solving procedures
c (percentage relative to process time for solving)
c 
c         0.00  645.81% parse
c         0.00    0.00% search
c         0.00    0.00% simplify
c   =================================
c         0.00    4.47% solve
c 
c last line shows process time for solving
c (percentage relative to total process time)
c 
c --- [ statistics ] ---------------------------------------------------------
c 
c minimized:                     0         0.00 %  learned literals
c shrunken:                      0         0.00 %  learned literals
c minishrunken:                  0         0.00 %  learned literals
c propagations:                  0         0.00 M  per second
c 
c seconds are measured in process time for solving
c 
c --- [ resources ] ----------------------------------------------------------
c 
c total process time since initialization:         0.01    seconds
c total real time since initialization:            0.92    seconds
c maximum resident set size of process:            2.66    MB
c 
c --- [ shutting down ] ------------------------------------------------------
c 
c exit 20
+ for i in '$(seq 1 100)'
++ sed 's/.$//'
++ rev
++ cut '-d ' -f1
++ rev
++ tail -n 1
++ grep 'c [*]' log/22-cubes/30.cubes1389.adj.simp2
+ vars_remaining=0
+ ((  vars_remaining < 100 - p  ))
+ break
++ cut '-d ' -f3
++ head -n 1 simp/22-cubes/30.cubes1389.adj.simp2
+ numvars=6160
++ cut '-d ' -f4
++ head -n 1 simp/22-cubes/30.cubes1389.adj.simp2
+ numlines=1
+ extlines_total=0
++ seq 1 2
+ for j in '$(seq 1 "$i")'
++ cut '-d ' -f1
++ wc -l simp/22-cubes/30.cubes1389.adj.ext1
+ extlines_j=0
+ extlines_total=0
+ for j in '$(seq 1 "$i")'
++ cut '-d ' -f1
++ wc -l simp/22-cubes/30.cubes1389.adj.ext2
+ extlines_j=0
+ extlines_total=0
+ newlines=1
+ echo 'p cnf 6160 1'
+ tail simp/22-cubes/30.cubes1389.adj.simp2 -n +2
++ seq 1 2
+ for j in '$(seq 1 "$i")'
+ cat simp/22-cubes/30.cubes1389.adj.ext1
+ for j in '$(seq 1 "$i")'
+ cat simp/22-cubes/30.cubes1389.adj.ext2
+ sed -i 's/ 0.*/ 0/' 22-cubes/30.cubes1389.adj.simp
UNSATISFIABLE
