+ '[' -z 1798 ']'
+ f=constraints_22_11.simp-noncanon.simp
+ c=22-cubes/30.cubes
+ i=1798
+ s=70
+ adj=22-cubes/30.cubes1798.adj
+ cnf=22-cubes/30.cubes1798.cnf
+ ext=22-cubes/30.cubes1798.ext
+ cnfext=22-cubes/30.cubes1798.cnfext
+ unitlines=0
++ sed '1799q;d' 22-cubes/30.cubes
+ for b in '$(sed "$((i+1))q;d" "$c")'
+ [[ a != \a ]]
+ for b in '$(sed "$((i+1))q;d" "$c")'
+ [[ -92 != \a ]]
+ [[ -92 != \0 ]]
+ unitlines=1
+ for b in '$(sed "$((i+1))q;d" "$c")'
+ [[ -137 != \a ]]
+ [[ -137 != \0 ]]
+ unitlines=2
+ for b in '$(sed "$((i+1))q;d" "$c")'
+ [[ -122 != \a ]]
+ [[ -122 != \0 ]]
+ unitlines=3
+ for b in '$(sed "$((i+1))q;d" "$c")'
+ [[ -108 != \a ]]
+ [[ -108 != \0 ]]
+ unitlines=4
+ for b in '$(sed "$((i+1))q;d" "$c")'
+ [[ 109 != \a ]]
+ [[ 109 != \0 ]]
+ unitlines=5
+ for b in '$(sed "$((i+1))q;d" "$c")'
+ [[ -209 != \a ]]
+ [[ -209 != \0 ]]
+ unitlines=6
+ for b in '$(sed "$((i+1))q;d" "$c")'
+ [[ 170 != \a ]]
+ [[ 170 != \0 ]]
+ unitlines=7
+ for b in '$(sed "$((i+1))q;d" "$c")'
+ [[ -41 != \a ]]
+ [[ -41 != \0 ]]
+ unitlines=8
+ for b in '$(sed "$((i+1))q;d" "$c")'
+ [[ -190 != \a ]]
+ [[ -190 != \0 ]]
+ unitlines=9
+ for b in '$(sed "$((i+1))q;d" "$c")'
+ [[ -169 != \a ]]
+ [[ -169 != \0 ]]
+ unitlines=10
+ for b in '$(sed "$((i+1))q;d" "$c")'
+ [[ 168 != \a ]]
+ [[ 168 != \0 ]]
+ unitlines=11
+ for b in '$(sed "$((i+1))q;d" "$c")'
+ [[ 208 != \a ]]
+ [[ 208 != \0 ]]
+ unitlines=12
+ for b in '$(sed "$((i+1))q;d" "$c")'
+ [[ 0 != \a ]]
+ [[ 0 != \0 ]]
++ cut '-d ' -f3
++ head -n 1 constraints_22_11.simp-noncanon.simp
+ numvars=6160
++ cut '-d ' -f4
++ head -n 1 constraints_22_11.simp-noncanon.simp
+ numlines=1786659
+ newlines=1786671
+ echo 'p cnf 6160 1786671'
+ tail constraints_22_11.simp-noncanon.simp -n +2
++ sed '1799q;d' 22-cubes/30.cubes
+ for b in '$(sed "$((i+1))q;d" "$c")'
+ [[ a != \a ]]
+ for b in '$(sed "$((i+1))q;d" "$c")'
+ [[ -92 != \a ]]
+ [[ -92 != \0 ]]
+ echo '-92 0'
+ for b in '$(sed "$((i+1))q;d" "$c")'
+ [[ -137 != \a ]]
+ [[ -137 != \0 ]]
+ echo '-137 0'
+ for b in '$(sed "$((i+1))q;d" "$c")'
+ [[ -122 != \a ]]
+ [[ -122 != \0 ]]
+ echo '-122 0'
+ for b in '$(sed "$((i+1))q;d" "$c")'
+ [[ -108 != \a ]]
+ [[ -108 != \0 ]]
+ echo '-108 0'
+ for b in '$(sed "$((i+1))q;d" "$c")'
+ [[ 109 != \a ]]
+ [[ 109 != \0 ]]
+ echo '109 0'
+ for b in '$(sed "$((i+1))q;d" "$c")'
+ [[ -209 != \a ]]
+ [[ -209 != \0 ]]
+ echo '-209 0'
+ for b in '$(sed "$((i+1))q;d" "$c")'
+ [[ 170 != \a ]]
+ [[ 170 != \0 ]]
+ echo '170 0'
+ for b in '$(sed "$((i+1))q;d" "$c")'
+ [[ -41 != \a ]]
+ [[ -41 != \0 ]]
+ echo '-41 0'
+ for b in '$(sed "$((i+1))q;d" "$c")'
+ [[ -190 != \a ]]
+ [[ -190 != \0 ]]
+ echo '-190 0'
+ for b in '$(sed "$((i+1))q;d" "$c")'
+ [[ -169 != \a ]]
+ [[ -169 != \0 ]]
+ echo '-169 0'
+ for b in '$(sed "$((i+1))q;d" "$c")'
+ [[ 168 != \a ]]
+ [[ 168 != \0 ]]
+ echo '168 0'
+ for b in '$(sed "$((i+1))q;d" "$c")'
+ [[ 208 != \a ]]
+ [[ 208 != \0 ]]
+ echo '208 0'
+ for b in '$(sed "$((i+1))q;d" "$c")'
+ [[ 0 != \a ]]
+ [[ 0 != \0 ]]
+ ./simplify-by-var-removal.sh 22-cubes/30.cubes1798.adj 70
+ '[' -z 70 ']'
+ f=22-cubes/30.cubes1798.adj
+ p=70
++ echo 22-cubes
+ sub_dir=22-cubes
+ mkdir -p log/22-cubes
+ mkdir -p simp/22-cubes
+ tee log/22-cubes/30.cubes1798.adj.simp1
+ ./cadical/build/cadical 22-cubes/30.cubes1798.adj -o simp/22-cubes/30.cubes1798.adj.simp1 -e simp/22-cubes/30.cubes1798.adj.ext1 -n -c 200000
c --- [ banner ] -------------------------------------------------------------
c 
c CaDiCaL Radically Simplified CDCL SAT Solver
c Copyright (c) 2016-2021 A. Biere, M. Fleury, N. Froleyks
c 
c Version 1.5.2
c g++ (GCC) 9.3.0 -Wall -Wextra -O3 -DNDEBUG
c Tue Feb 8 21:15:15 EST 2022 Linux gra-login1 3.10.0-1160.36.2.el7.x86_64 x86_64
c 
c --- [ limit ] --------------------------------------------------------------
c 
c setting conflict limit to 200000 conflicts (due to '200000')
c 
c --- [ parsing input ] ------------------------------------------------------
c 
c reading DIMACS file from '22-cubes/30.cubes1798.adj'
c opening file to read '22-cubes/30.cubes1798.adj'
c found 'p cnf 6160 1786671' header
c parsed 1786671 clauses in 18.56 seconds process time
c closing file '22-cubes/30.cubes1798.adj'
c after reading 1542541694 bytes 1471.1 MB
c 
c --- [ options ] ------------------------------------------------------------
c 
c all options are set to their default value
c 
c --- [ solving ] ------------------------------------------------------------
c 
c time measured in process time since initialization
c 
c  seconds    reductions  redundant   irredundant
c          MB     restarts       trail       variables
c            level   conflicts       glue         remaining
c 
c * 18.56 1470  0 0   0    0    0  0% 0 1785954 4661 76%
c { 20.23 1537  0 0   0    0    0  0% 0 1785954 4661 76%
c i 21.02 1544 83 0   0   42   36 42% 2 1785954 4658 76%
c i 23.03 1565 47 0  41  276  158 42% 16 1785954 4657 76%
c i 23.03 1565 47 0  42  279  158 42% 16 1785954 4654 76%
c - 26.43 1480 46 1  49  301  165 42% 15 159314 4654 76%
c i 26.91 1447 48 1  59  382  201 42% 17 159314 4653 76%
c i 26.92 1447 48 1  59  383  201 42% 17 159314 4639 75%
c i 27.00 1447 53 1  62  392  209 42% 18 159314 4633 75%
c i 27.23 1447 53 1  73  498  273 43% 18 159314 4629 75%
c i 27.31 1447 54 1  77  510  284 43% 18 159314 4628 75%
c i 27.38 1447 55 1  81  527  300 43% 20 159314 4627 75%
c i 27.96 1447 60 1 124  693  436 45% 24 159314 4626 75%
c i 27.96 1447 60 1 124  694  436 45% 24 159314 4625 75%
c i 28.31 1447 64 1 143  789  520 46% 25 159314 4624 75%
c i 28.85 1447 67 1 178  961  625 46% 27 159314 4623 75%
c } 28.92 1447 66 1 178 1000  654 46% 27 159314 4623 75%
c [ 28.93 1447  0 1 178 1000  654  0% 0 159314 4623 75%
c O 28.94 1447  8 1 178 1002  655 46% 1 159314 4623 75%
c i 28.94 1447  8 1 178 1002  655 46% 1 159314 4579 74%
c 
c  seconds    reductions  redundant  irredundant
c          MB     restarts       trail      variables
c            level   conflicts       glue        remaining
c 
c i 28.94 1447  6 1 178 1003  655 43% 1 159314 4509 73%
c - 29.34 1514 12 2 178 1024  607 44% 9 157123 4509 73%
c i 29.50 1514 24 2 178 1217  757 55% 20 157123 4508 73%
c i 29.66 1514 29 2 178 1747 1132 56% 25 157123 4507 73%
c i 29.74 1514 28 2 179 2094 1395 56% 24 157123 4506 73%
c - 29.90 1514 28 3 179 2102 1102 56% 24 157117 4506 73%
c ] 30.26 1514 26 3 179 3000 1681 40% 23 157117 4506 73%
c { 30.26 1514 66 3 179 3000 1681 63% 27 157117 4506 73%
c F 30.26 1514 66 3 179 3005 1685 63% 27 157117 4506 73%
c i 30.27 1514 66 3 179 3006 1685 63% 27 157117 4399 71%
c - 30.93 1448 55 4 202 3538 1467 54% 25 155666 4399 71%
c i 31.76 1448 49 4 258 4376 2100 48% 24 155666 4398 71%
c i 32.54 1448 50 4 309 4778 2441 46% 25 155666 4397 71%
c d 33.12 1448 53 4 344 5004 2595 44% 26 132726 4394 71%
c 3 33.14 1448 53 4 344 5004 4628 44% 26 132726 4394 71%
c 2 33.18 1448 53 4 344 5004 4709 44% 26 132583 4394 71%
c p 34.75 1448 53 4 344 5004 11800 44% 26 132583 4306 70%
c d 34.96 1448 53 4 344 5004 11615 44% 26 131625 4304 70%
c - 35.65 1448 53 5 369 5327 2205 44% 26 131625 4304 70%
c # 36.21 1448 50 5 400 6007 2727 42% 25 131625 4304 70%
c 
c  seconds    reductions  redundant   irredundant
c          MB     restarts       trail       variables
c            level   conflicts       glue         remaining
c 
c } 37.81 1448 52 5 544 7000 3497 41% 27 131625 4304 70%
c [ 37.81 1448 26 5 544 7000 3497 40% 23 131625 4304 70%
c - 37.96 1449 27 6 545 7343 2613 40% 23 131625 4304 70%
c - 38.69 1449 26 7 546 9695 2853 41% 22 131625 4304 70%
c I 38.84 1449 25 7 546 10013 3038 41% 22 131625 4304 70%
c - 39.79 1449 34 8 548 12384 3369 40% 29 131625 4304 70%
c ] 40.39 1449 38 8 549 15001 5355 40% 32 131625 4304 70%
c { 40.39 1449 52 8 549 15001 5355 41% 27 131625 4304 70%
c 2 40.44 1449 52 8 549 15005 7671 41% 27 131598 4304 70%
c p 41.29 1449 52 8 549 15005 14613 41% 27 131598 4304 70%
c B 41.42 1449 52 8 549 15018 14623 41% 27 131598 4304 70%
c - 41.94 1449 52 9 579 15406 4071 41% 27 131598 4304 70%
c s 43.14 1449 49 9 666 17164 5299 40% 28 128096 4304 70%
c v 44.41 1449 49 9 666 17164 5299 40% 28 128036 4304 70%
c t 44.47 1449 49 9 666 17164 5289 40% 28 127926 4304 70%
c e 44.89 1450 49 9 666 17164 5168 40% 28 120887 1354 22%
c s 44.99 1450 49 9 666 17164 5168 40% 28 120869 1354 22%
c - 46.51 1450 47 10 725 18765 4476 61% 27 120869 1354 22%
c W 48.12 1450 45 10 839 21019 6185 60% 27 120869 1354 22%
c - 49.10 1450 44 11 884 22337 4907 59% 26 120869 1354 22%
c 
c  seconds    reductions     redundant   irredundant
c          MB      restarts         trail       variables
c            level      conflicts       glue         remaining
c 
c - 52.62 1450 42 12 1134 26236 5613 59% 26 120869 1354 22%
c F 53.40 1450 41 12 1154 28020 6890 60% 26 120869 1354 22%
c i 53.40 1450 41 12 1154 28020 6890 60% 26 120869 1335 22%
c 3 55.26 1450 41 12 1267 30007 9489 60% 26 120869 1335 22%
c p 56.07 1450 41 12 1267 30007 11948 60% 26 120869 1328 22%
c - 56.78 1450 41 13 1311 30459 6196 60% 26 120484 1328 22%
c } 56.89 1450 40 13 1317 31004 6543 60% 26 120484 1328 22%
c [ 56.89 1450 38 13 1317 31004 6543 134% 32 120484 1328 22%
c - 57.65 1450 35 14 1319 34998 6106 111% 29 120484 1328 22%
c B 57.90 1450 34 14 1320 36023 6738 107% 29 120484 1328 22%
c - 59.14 1450 36 15 1323 39863 6787 97% 30 120484 1328 22%
c s 60.15 1450 36 15 1324 43087 9096 91% 30 120437 1328 22%
c v 61.54 1450 36 15 1324 43087 9096 91% 30 120348 1328 22%
c t 61.58 1450 36 15 1324 43087 9095 91% 30 120346 1328 22%
c e 61.91 1450 36 15 1324 43087 9052 91% 30 120321 1312 21%
c s 62.06 1450 36 15 1324 43087 9052 91% 30 120313 1312 21%
c W 63.38 1450 36 15 1324 45024 10350 89% 30 120313 1312 21%
c - 63.45 1450 36 16 1324 45051 7139 89% 30 120313 1312 21%
c d 64.82 1450 35 16 1325 50010 10443 83% 30 120311 1311 21%
c 2 64.85 1450 35 16 1325 50010 11417 83% 30 120310 1311 21%
c 
c  seconds    reductions      redundant   irredundant
c          MB      restarts          trail       variables
c            level      conflicts        glue         remaining
c 
c p 65.18 1450 35 16 1325 50010 14017 83% 30 120310 1311 21%
c - 65.47 1450 35 17 1325 50562 7539 83% 30 120310 1311 21%
c O 66.68 1450 35 17 1326 55027 10546 79% 29 120310 1311 21%
c - 67.00 1450 34 18 1327 56396 8024 78% 29 120310 1311 21%
c ] 67.81 1450 34 18 1330 60267 10943 77% 29 120310 1311 21%
c 1 67.81 1450 34 18 1330 60267 10943 77% 29 120310 1311 21%
c 
c --- [ writing output ] -----------------------------------------------------
c 
c writing simplified CNF to DIMACS file 'simp/22-cubes/30.cubes1798.adj.simp1'
c * 67.81 1450 34 18 1330 60267 10943 77% 29 120310 1311 21%
c opening file to write 'simp/22-cubes/30.cubes1798.adj.simp1'
c writing 'p cnf 6160 120310' header
c closing file 'simp/22-cubes/30.cubes1798.adj.simp1'
c after writing 51770333 bytes 49.4 MB
c wrote 120310 clauses in 0.40 seconds process time
c 
c --- [ writing extension ] --------------------------------------------------
c 
c writing extension stack to 'simp/22-cubes/30.cubes1798.adj.ext1'
c opening file to write 'simp/22-cubes/30.cubes1798.adj.ext1'
c closing file 'simp/22-cubes/30.cubes1798.adj.ext1'
c after writing 225687 bytes 0.2 MB
c wrote 9767 witnesses in 0.00 seconds process time
c 
c --- [ result ] -------------------------------------------------------------
c 
s SATISFIABLE
c 
c --- [ run-time profiling ] -------------------------------------------------
c 
c process time taken by individual solving procedures
c (percentage relative to process time for solving)
c 
c        40.48   82.19% search
c        26.66   54.14% unstable
c        18.56   37.69% parse
c        11.76   23.89% stable
c         8.77   17.81% simplify
c         3.54    7.19% probe
c         2.72    5.53% vivify
c         1.67    3.39% lucky
c         1.39    2.82% elim
c         0.49    0.99% subsume
c         0.38    0.77% walk
c         0.10    0.21% ternary
c   =================================
c        49.24   72.20% solve
c 
c last line shows process time for solving
c (percentage relative to total process time)
c 
c --- [ statistics ] ---------------------------------------------------------
c 
c chronological:             11324        18.79 %  of conflicts
c conflicts:                 60267      1223.84    per second
c decisions:                165259      3355.90    per second
c eliminated:                 2966        48.15 %  of all variables
c fixed:                      1877        30.47 %  of all variables
c learned:                   58866        97.68 %  per conflict
c learned_lits:           12516552       100.00 %  learned literals
c minimized:                     0         0.00 %  learned literals
c shrunken:                6767529        54.07 %  learned literals
c minishrunken:            1248483         9.97 %  learned literals
c propagations:            7777635         0.16 M  per second
c reduced:                   31660        52.53 %  per conflict
c rephased:                     10      6026.70    interval
c restarts:                   1330        45.31    interval
c stabilizing:                   3        65.15 %  of conflicts
c substituted:                   6         0.10 %  of all variables
c subsumed:                  20623         0.55 %  of all clauses
c strengthened:              11418         0.30 %  of all clauses
c ternary:                    6451         0.56 %  of resolved
c vivified:                    155         0.00 %  of all clauses
c walked:                        2     30133.50    interval
c weakened:                   7890         3.21    average size
c 
c seconds are measured in process time for solving
c 
c --- [ resources ] ----------------------------------------------------------
c 
c total process time since initialization:        68.21    seconds
c total real time since initialization:           69.63    seconds
c maximum resident set size of process:         1581.35    MB
c 
c --- [ shutting down ] ------------------------------------------------------
c 
c exit 10
++ seq 1 100
+ for i in '$(seq 1 100)'
++ sed 's/.$//'
++ rev
++ cut '-d ' -f1
++ rev
++ tail -n 1
++ grep 'c [*]' log/22-cubes/30.cubes1798.adj.simp1
+ vars_remaining=21
+ ((  vars_remaining < 100 - p  ))
+ break
++ cut '-d ' -f3
++ head -n 1 simp/22-cubes/30.cubes1798.adj.simp1
+ numvars=6160
++ cut '-d ' -f4
++ head -n 1 simp/22-cubes/30.cubes1798.adj.simp1
+ numlines=120310
+ extlines_total=0
++ seq 1 1
+ for j in '$(seq 1 "$i")'
++ cut '-d ' -f1
++ wc -l simp/22-cubes/30.cubes1798.adj.ext1
+ extlines_j=9767
+ extlines_total=9767
+ newlines=130077
+ echo 'p cnf 6160 130077'
+ tail simp/22-cubes/30.cubes1798.adj.simp1 -n +2
++ seq 1 1
+ for j in '$(seq 1 "$i")'
+ cat simp/22-cubes/30.cubes1798.adj.ext1
+ sed -i 's/ 0.*/ 0/' 22-cubes/30.cubes1798.adj.simp
============================[ Problem Statistics ]=============================
|                                                                             |
|  Number of variables:          6160                                         |
|  Number of clauses:          128110                                         |
|  Parse time:                   0.80 s                                       |
|  Simplification time:          0.03 s                                       |
|                                                                             |
============================[ Search Statistics ]====================================================
| Conflicts |          ORIGINAL         |          LEARNT          | Num Sols |      SUBGRAPHS      |
|           |    Vars  Clauses Literals |    Limit  Clauses Lit/Cl |          | Canonical Noncanon. |
=====================================================================================================
|       100 |    4271   128110 11196887 |     2000      100    113 |        0 |        16         0 |
|       340 |    4271   128200 11198153 |     2000      340     43 |        0 |        82        90 |
|       635 |    4271   128270 11199875 |     2000      635     45 |        0 |       140       160 |
|      1198 |    4271   128496 11204286 |     2000     1198     37 |        0 |       260       386 |
|      1735 |    4271   128527 11204991 |     2000     1735     50 |        0 |       271       417 |
|      2543 |    4271   128576 11206414 |     3603     1546     51 |        0 |       292       466 |
|      3739 |    4271   128633 11207822 |     3603     2742     81 |        0 |       296       523 |
|      5533 |    4271   128719 11209612 |     5004     2737     66 |        0 |       353       609 |
|      8266 |    4271   128890 11213574 |     6306     2972     52 |        0 |       396       780 |
|     12362 |    4271   129142 11219135 |     7556     3918     55 |        0 |       451      1032 |
|     18518 |    4271   129532 11227560 |     8780     6298     63 |        0 |       675      1422 |
|     27662 |    4271   130027 11238355 |    11201     6063     41 |        0 |       894      1917 |
|     40776 |    4271   130167 11241487 |    13611     7387     31 |        0 |       998      2057 |
|     60635 |    4271   130565 11250797 |    16011    13046     47 |        0 |      1136      2455 |
|     90860 |    4271   131598 11273309 |    19618    17478     72 |        0 |      1589      3488 |
|    135932 |    4271   132881 11296426 |    24411    19743     69 |        0 |      1971      4771 |
|    202900 |    4271   134165 11317288 |    30408    19708     59 |        0 |      2397      6055 |
|    303743 |    4271   136482 11353718 |    37607    20350     49 |        0 |      3051      8372 |
|    454471 |    4271   139421 11403924 |    46010    26881     59 |        0 |      4283     11311 |
|    685075 |    4271   148342 11533451 |    56814    28889     46 |        0 |      6490     20232 |
|   1030139 |    4271   160881 11727279 |    68816    62955     81 |        1 |     10412     32770 |
|   1543828 |    4208   132624 11241420 |    84147    82375     87 |        2 |     14659     47670 |
|   2304375 |    4194   133797 11256453 |   103610    95985     86 |        3 |     20314     60034 |
|   3449972 |    4194   157120 11632250 |   127612    91584     59 |        6 |     27531     83354 |
|   5150701 |    4181   147296 11596666 |   156418    95519     66 |        6 |     30771    100672 |
|   7693678 |    4181   165157 11972839 |   191221   127099     59 |        7 |     37241    118532 |
|  11495608 |    4001   160390 11928377 |   233220   226028     62 |       11 |     43421    132783 |
=====================================================================================================
Number of solutions   : 12          
Canonical subgraphs   : 46436          (4 /sec)
          order  3    : 1              (76923 /sec)
          order  4    : 1              (333333 /sec)
          order  5    : 1              (125000 /sec)
          order  6    : 1              (31250 /sec)
          order  7    : 1              (4785 /sec)
          order  8    : 2              (834 /sec)
          order  9    : 4              (186 /sec)
          order 10    : 13             (55 /sec)
          order 11    : 70             (21 /sec)
          order 12    : 296            (5 /sec)
          order 13    : 1370           (2 /sec)
          order 14    : 5755           (2 /sec)
          order 15    : 18649          (4 /sec)
          order 16    : 18212          (4 /sec)
          order 17    : 1531           (3 /sec)
          order 18    : 188            (3 /sec)
          order 19    : 134            (3 /sec)
          order 20    : 97             (3 /sec)
          order 21    : 98             (2 /sec)
          order 22    : 12             (0 /sec)
Noncanonical subgraphs: 160097         (965 /sec)
          order  3    : 0              (-nan /sec)
          order  4    : 0              (-nan /sec)
          order  5    : 0              (-nan /sec)
          order  6    : 0              (-nan /sec)
          order  7    : 0              (-nan /sec)
          order  8    : 0              (-nan /sec)
          order  9    : 0              (-nan /sec)
          order 10    : 0              (-nan /sec)
          order 11    : 0              (-nan /sec)
          order 12    : 0              (-nan /sec)
          order 13    : 0              (-nan /sec)
          order 14    : 26278          (2872 /sec)
          order 15    : 97982          (1451 /sec)
          order 16    : 32036          (1282 /sec)
          order 17    : 3506           (191 /sec)
          order 18    : 206            (23 /sec)
          order 19    : 3              (5 /sec)
          order 20    : 0              (-nan /sec)
          order 21    : 0              (-nan /sec)
Canonicity checking   : 12939.7 s
database reductions   : 212
restarts              : 20555
conflicts             : 13970678       (764 /sec)
decisions             : 17773067       (0.00 % random) (972 /sec)
propagations          : 2778279828     (151877 /sec)
conflict literals     : 1382514646     (55.71 % deleted)
actual reward         : 0.060987
Memory used           : 276.00 MB
CPU time              : 18292.9 s

UNSATISFIABLE
