c --- [ banner ] -------------------------------------------------------------
c 
c CaDiCaL Radically Simplified CDCL SAT Solver
c Copyright (c) 2016-2021 A. Biere, M. Fleury, N. Froleyks
c 
c Version 1.5.2 a5f15211db36c3956764e18194dd5bd63bf3b5e6
c g++ (GCC) 9.3.0 -Wall -Wextra -O3 -DNDEBUG
c Fri Oct 21 01:27:37 EDT 2022 Linux gra-login3 3.10.0-1160.66.1.el7.x86_64 x86_64
c 
c --- [ limit ] --------------------------------------------------------------
c 
c setting conflict limit to 200000 conflicts (due to '200000')
c 
c --- [ parsing input ] ------------------------------------------------------
c 
c reading DIMACS file from '45.cubes97.adj'
c opening file to read '45.cubes97.adj'
c found 'p cnf 6160 1595483' header
c parsed 1595483 clauses in 18.91 seconds process time
c closing file '45.cubes97.adj'
c after reading 1457566833 bytes 1390.0 MB
c 
c --- [ options ] ------------------------------------------------------------
c 
c all options are set to their default value
c 
c --- [ solving ] ------------------------------------------------------------
c 
c time measured in process time since initialization
c 
c  seconds    reductions  redundant   irredundant
c          MB     restarts       trail       variables
c            level   conflicts       glue         remaining
c 
c * 18.91 1393  0 0   0    0    0  0% 0 1595422 2196 36%
c { 19.68 1447  0 0   0    0    0  0% 0 1595422 2196 36%
c i 22.88 1517 264 0  14   68   63 28% 23 1595422 2195 36%
c i 23.33 1523 218 0  18   87   80 28% 25 1595422 2194 36%
c i 23.46 1524 202 0  20   95   86 28% 25 1595422 2193 36%
c i 24.05 1527 156 0  29  142  124 28% 30 1595422 2192 36%
c i 24.21 1527 146 0  32  154  134 28% 30 1595422 2191 36%
c i 24.45 1527 103 0  35  256  215 29% 30 1595422 2190 36%
c - 28.40 1487 93 1  35  300  254 29% 29 441771 2190 36%
c i 28.65 1437 89 1  35  324  276 29% 29 441771 2187 36%
c i 28.84 1438 72 1  37  477  400 29% 29 441771 2182 35%
c i 29.03 1438 65 1  38  608  506 30% 29 441771 2181 35%
c i 29.37 1385 66 1  46  648  540 30% 31 441771 2179 35%
c i 29.59 1386 66 1  53  679  569 30% 31 441771 2178 35%
c i 29.69 1386 64 1  55  715  598 29% 30 441771 2177 35%
c i 30.40 1387 65 1  79  836  708 29% 33 441771 2176 35%
c i 30.46 1387 64 1  79  874  738 29% 33 441771 2175 35%
c i 30.48 1387 64 1  79  884  746 29% 33 441771 2174 35%
c i 30.50 1387 64 1  79  891  752 29% 33 441771 2173 35%
c i 30.50 1387 64 1  79  892  752 29% 33 441771 2172 35%
c 
c  seconds    reductions  redundant   irredundant
c          MB     restarts       trail       variables
c            level   conflicts       glue         remaining
c 
c i 30.51 1387 64 1  79  900  759 29% 33 441771 2171 35%
c i 30.53 1387 64 1  79  910  768 29% 33 441771 2170 35%
c i 30.67 1387 64 1  82  959  807 29% 33 441771 2169 35%
c i 30.72 1387 63 1  84  983  824 29% 33 441771 2168 35%
c } 30.73 1387 63 1  84 1002  836 29% 33 441771 2168 35%
c [ 30.73 1387  0 1  84 1002  836  0% 0 441771 2168 35%
c O 30.73 1387  1 1  84 1003  836 14% 0 441771 2168 35%
c i 30.73 1387  1 1  84 1003  836 14% 0 441771 2152 35%
c i 30.96 1387 20 1  84 1262 1048 33% 16 441771 2151 35%
c - 31.61 1550 20 2  84 1287  928 33% 16 441388 2151 35%
c i 31.79 1550 29 2  84 1763 1252 32% 24 441388 2150 35%
c i 31.82 1550 29 2  84 1848 1312 32% 24 441388 2149 35%
c i 31.86 1550 29 2  84 1976 1392 32% 24 441388 2148 35%
c i 31.88 1550 28 2  85 2059 1447 32% 24 441388 2147 35%
c i 31.90 1550 28 2  85 2088 1459 32% 24 441388 2146 35%
c i 31.91 1550 28 2  85 2099 1467 32% 24 441388 2145 35%
c i 31.91 1550 28 2  85 2100 1467 32% 24 441388 2144 35%
c i 31.92 1550 28 2  85 2141 1498 32% 24 441388 2143 35%
c - 32.48 1548 27 3  85 2767 1376 31% 23 441364 2143 35%
c ] 32.81 1547 25 3  85 3003 1499 48% 22 441364 2143 35%
c 
c  seconds    reductions  redundant   irredundant
c          MB     restarts       trail       variables
c            level   conflicts       glue         remaining
c 
c { 32.81 1547 63 3  85 3003 1499 85% 33 441364 2143 35%
c F 32.82 1547 63 3  85 3004 1500 85% 33 441364 2143 35%
c i 33.14 1547 59 3  87 3202 1649 78% 31 441364 2142 35%
c i 33.16 1547 58 3  87 3236 1669 77% 31 441364 2141 35%
c i 33.19 1547 57 3  87 3270 1688 76% 30 441364 2140 35%
c i 33.26 1547 57 3  87 3290 1703 76% 30 441364 2139 35%
c i 33.97 1547 54 3 115 3765 2074 67% 30 441364 2138 35%
c i 34.00 1547 54 3 115 3782 2086 67% 30 441364 2137 35%
c i 34.32 1547 52 3 117 4069 2336 64% 29 441364 2136 35%
c i 34.48 1547 51 3 117 4217 2453 63% 29 441364 2135 35%
c - 35.03 1544 47 4 117 4740 2036 60% 28 441340 2135 35%
c d 36.01 1544 47 4 140 5000 2271 58% 28 342442 2129 35%
c 3 36.05 1544 47 4 140 5000 2780 58% 28 342442 2129 35%
c 2 36.12 1544 47 4 140 5000 2837 58% 28 342442 2129 35%
c p 37.68 1544 47 4 140 5000 4656 58% 28 342442 2093 34%
c d 38.00 1544 47 4 140 5000 4342 58% 28 288060 2092 34%
c # 38.43 1544 41 4 140 6006 5097 55% 25 288060 2092 34%
c } 40.02 1544 40 4 215 7003 5907 53% 25 288060 2092 34%
c [ 40.02 1544 25 4 215 7003 5907 48% 22 288060 2092 34%
c - 40.27 1346 27 5 216 7207 3074 48% 23 288060 2092 34%
c 
c  seconds    reductions  redundant   irredundant
c          MB     restarts       trail       variables
c            level   conflicts       glue         remaining
c 
c - 41.08 1347 24 6 217 9835 3139 47% 21 288060 2092 34%
c I 41.21 1347 24 6 217 10008 3254 47% 21 288060 2092 34%
c - 42.90 1347 34 7 219 12900 3865 45% 27 288060 2092 34%
c 2 43.79 1347 36 7 220 15000 6190 45% 29 288060 2092 34%
c p 45.18 1347 36 7 220 15000 7833 45% 29 288060 2092 34%
c ] 45.28 1347 36 7 220 15003 7836 45% 29 288060 2092 34%
c { 45.28 1347 40 7 220 15003 7836 53% 25 288060 2092 34%
c B 45.33 1347 40 7 220 15009 7840 53% 25 288060 2092 34%
c - 47.39 1347 38 8 263 16403 4574 51% 24 288060 2092 34%
c s 52.20 1347 37 8 389 19011 6400 50% 24 285921 2092 34%
c v 56.45 1347 37 8 389 19011 6400 50% 24 285909 2092 34%
c t 56.61 1347 37 8 389 19011 6392 50% 24 285902 2092 34%
c e 57.40 1348 37 8 389 19011 6078 50% 24 283824 846 14%
c s 57.52 1348 37 8 389 19011 6078 50% 24 281787 846 14%
c - 59.45 1349 35 9 389 20343 4933 67% 23 281787 846 14%
c W 60.07 1349 34 9 392 21010 5328 67% 23 281787 846 14%
c - 64.95 1349 34 10 575 24692 5508 66% 23 281787 846 14%
c F 69.72 1349 33 10 729 28012 7864 66% 23 281787 846 14%
c - 70.56 1349 32 11 751 29476 6083 67% 22 281787 846 14%
c p 71.88 1349 32 11 753 30000 8182 67% 22 281787 846 14%
c 
c  seconds    reductions    redundant   irredundant
c          MB      restarts        trail       variables
c            level     conflicts       glue        remaining
c 
c } 72.30 1349 31 11 755 31003 8813 67% 22 281787 846 14%
c [ 72.30 1349 36 11 755 31003 8813 114% 29 281787 846 14%
c - 73.33 1349 33 12 757 34697 6350 99% 27 281787 846 14%
c B 73.75 1349 31 12 758 36014 7108 96% 26 281787 846 14%
c - 75.86 1349 30 13 761 40351 6814 89% 25 281787 846 14%
c W 78.35 1349 31 13 762 45015 10398 84% 26 281787 846 14%
c - 79.02 1349 31 14 763 46441 8099 83% 26 281787 846 14%
c p 81.54 1349 31 14 763 50001 12455 81% 26 281787 846 14%
c - 82.82 1349 31 15 763 52966 8513 79% 26 281787 846 14%
c O 83.61 1349 30 15 764 55016 9803 78% 26 281787 846 14%
c - 85.24 1349 30 16 768 59928 8841 77% 26 281787 846 14%
c ] 86.36 1349 29 16 770 63003 11007 76% 26 281787 846 14%
c { 86.36 1349 31 16 770 63003 11007 67% 22 281787 846 14%
c B 89.73 1349 31 16 963 66022 13097 66% 22 281787 846 14%
c - 90.62 1349 30 17 1029 67324 9572 67% 22 281787 846 14%
c p 98.25 1349 29 17 1257 75002 16707 67% 21 281787 846 14%
c - 98.56 1349 29 18 1257 75153 9833 67% 21 281787 846 14%
c W 99.47 1349 28 18 1261 78023 11572 67% 20 281787 846 14%
c - 100.81 1349 26 19 1269 83419 9698 67% 19 281787 846 14%
c # 102.53 1349 24 19 1291 91024 14395 68% 19 281787 846 14%
c 
c  seconds     reductions      redundant   irredundant
c           MB      restarts          trail       variables
c             level      conflicts        glue        remaining
c 
c - 105.25 1349 25 20 1409 92119 10620 68% 19 281787 846 14%
c - 109.10 1349 24 21 1616 101254 10966 67% 19 281787 846 14%
c p 111.25 1349 23 21 1633 105006 15060 67% 18 281787 846 14%
c B 111.44 1349 23 21 1633 105028 15074 67% 18 281787 846 14%
c - 113.34 1349 23 22 1660 110823 11124 67% 18 281787 846 14%
c W 119.66 1349 22 22 2060 120029 16634 67% 18 281787 846 14%
c - 120.50 1349 22 23 2088 120827 12212 67% 18 281787 846 14%
c } 122.21 1349 22 23 2209 123151 13634 67% 18 281787 846 14%
c 1 122.21 1349 22 23 2209 123151 13634 67% 18 281787 846 14%
c 
c --- [ writing output ] -----------------------------------------------------
c 
c writing simplified CNF to DIMACS file 'simp/45.cubes97.adj.simp1'
c * 122.21 1349 22 23 2209 123151 13634 67% 18 281787 846 14%
c opening file to write 'simp/45.cubes97.adj.simp1'
c writing 'p cnf 6160 281787' header
c closing file 'simp/45.cubes97.adj.simp1'
c after writing 115077392 bytes 109.7 MB
c wrote 281787 clauses in 0.93 seconds process time
c 
c --- [ writing extension ] --------------------------------------------------
c 
c writing extension stack to 'simp/45.cubes97.adj.ext1'
c opening file to write 'simp/45.cubes97.adj.ext1'
c closing file 'simp/45.cubes97.adj.ext1'
c after writing 83162 bytes 0.1 MB
c wrote 3769 witnesses in 0.00 seconds process time
c 
c --- [ result ] -------------------------------------------------------------
c 
s SATISFIABLE
c 
c --- [ run-time profiling ] -------------------------------------------------
c 
c process time taken by individual solving procedures
c (percentage relative to process time for solving)
c 
c        88.54   85.72% search
c        66.79   64.66% unstable
c        18.91   18.31% parse
c        17.95   17.37% stable
c        14.75   14.28% simplify
c         7.35    7.12% probe
c         4.37    4.23% vivify
c         3.04    2.94% walk
c         1.52    1.47% elim
c         0.77    0.74% lucky
c         0.22    0.22% subsume
c         0.22    0.21% ternary
c   =================================
c       103.30   83.88% solve
c 
c last line shows process time for solving
c (percentage relative to total process time)
c 
c --- [ statistics ] ---------------------------------------------------------
c 
c chronological:             20598        16.73 %  of conflicts
c conflicts:                123151      1192.19    per second
c decisions:                232161      2247.49    per second
c eliminated:                 1246        20.23 %  of all variables
c fixed:                       917        14.89 %  of all variables
c learned:                  120483        97.83 %  per conflict
c learned_lits:           19444208       100.00 %  learned literals
c minimized:                     0         0.00 %  learned literals
c shrunken:               12555738        64.57 %  learned literals
c minishrunken:            1310062         6.74 %  learned literals
c propagations:            8735677         0.08 M  per second
c reduced:                   67719        54.99 %  per conflict
c rephased:                     15      8210.07    interval
c restarts:                   2209        55.75    interval
c stabilizing:                   3        34.11 %  of conflicts
c substituted:                   7         0.11 %  of all variables
c subsumed:                  43210         1.23 %  of all clauses
c strengthened:               3432         0.10 %  of all clauses
c ternary:                    3027         0.63 %  of resolved
c vivified:                     21         0.00 %  of all clauses
c walked:                        4     30787.75    interval
c weakened:                   2852         3.09    average size
c 
c seconds are measured in process time for solving
c 
c --- [ resources ] ----------------------------------------------------------
c 
c total process time since initialization:       123.14    seconds
c total real time since initialization:         2000.86    seconds
c maximum resident set size of process:         1709.73    MB
c 
c --- [ shutting down ] ------------------------------------------------------
c 
c exit 10
WARNING! DIMACS header mismatch: wrong number of variables.
============================[ Problem Statistics ]=============================
|                                                                             |
|  Number of variables:          3757                                         |
|  Number of clauses:          281789                                         |
|  Parse time:                   1.57 s                                       |
|  Simplification time:          0.03 s                                       |
|                                                                             |
============================[ Search Statistics ]====================================================
| Conflicts |          ORIGINAL         |          LEARNT          | Num Sols |      SUBGRAPHS      |
|           |    Vars  Clauses Literals |    Limit  Clauses Lit/Cl |          | Canonical Noncanon. |
=====================================================================================================
|       132 |    3654   281821 24762319 |     2000      132     47 |        0 |        30        32 |
|       283 |    3654   281822 24762335 |     2000      283     72 |        0 |        35        33 |
|       520 |    3654   281834 24762624 |     2000      520     81 |        0 |        48        45 |
|       917 |    3654   281894 24763198 |     2000      917     77 |        0 |        57       105 |
|      1427 |    3654   281898 24763238 |     2000     1427     82 |        0 |        58       109 |
|      2209 |    3654   281921 24763837 |     3599     1208     52 |        0 |        91       132 |
|      3354 |    3654   281927 24763960 |     3599     2353     71 |        0 |       102       138 |
|      5357 |    3654   282222 24769451 |     5001     2558     52 |        0 |       176       433 |
|      7970 |    3654   282273 24770679 |     6304     2674     41 |        0 |       208       484 |
|     12196 |    3654   282655 24779257 |     7556     3752     37 |        0 |       349       866 |
|     18132 |    3654   282825 24782369 |     8779     5911     56 |        0 |       428      1036 |
|     26962 |    3654   283006 24785458 |    11205     5367     33 |        0 |       537      1217 |
|     40180 |    3654   283250 24789791 |    13611     6791     30 |        0 |       618      1461 |
|     59934 |    3654   283543 24795981 |    16005    12339     50 |        0 |       747      1754 |
|     89532 |    3654   283949 24803368 |    19604    16136     47 |        0 |       935      2160 |
|    133811 |    3654   284439 24811986 |    24410    17621     44 |        0 |      1138      2650 |
|    200266 |    3654   285210 24826463 |    30420    17086     30 |        0 |      1402      3421 |
|    300987 |    3654   287405 24872195 |    36419    35806     53 |        0 |      1949      5616 |
|    450756 |    3654   289385 24909684 |    46025    23181     17 |        0 |      2600      7596 |
|    673061 |    3654   290007 24921058 |    55616    44677     44 |        0 |      2784      8218 |
|   1007105 |    3654   291526 24953073 |    68815    39920     30 |        0 |      3252      9737 |
|   1507927 |    3654   293560 24995826 |    84416    46743     30 |        0 |      3773     11771 |
|   2261720 |    3654   299171 25121091 |   103629    53349     25 |        0 |      5072     17382 |
|   3395039 |    3654   310216 25349925 |   126416    99855     48 |        0 |      7551     28427 |
|   5082421 |    3654   314187 25445071 |   155241   104862     41 |        0 |      8784     32398 |
|   7614013 |    3653   320653 25595647 |   190028   142441     44 |        2 |     10862     38872 |
|  11412028 |    3653   330993 25816412 |   233220   142448     32 |        2 |     13414     49212 |
|  17099087 |    3640   310185 25383737 |   284818   273905     55 |        3 |     15960     54758 |
=====================================================================================================
Number of solutions   : 3
Canonical subgraphs   : 18709          (6 /sec)
          order  3    : 1              (166667 /sec)
          order  4    : 1              (500000 /sec)
          order  5    : 1              (200000 /sec)
          order  6    : 1              (52632 /sec)
          order  7    : 1              (8403 /sec)
          order  8    : 1              (1004 /sec)
          order  9    : 2              (151 /sec)
          order 10    : 7              (37 /sec)
          order 11    : 37             (12 /sec)
          order 12    : 301            (5 /sec)
          order 13    : 1325           (3 /sec)
          order 14    : 5265           (7 /sec)
          order 15    : 9490           (8 /sec)
          order 16    : 2195           (7 /sec)
          order 17    : 60             (3 /sec)
          order 18    : 6              (3 /sec)
          order 19    : 6              (3 /sec)
          order 20    : 3              (4 /sec)
          order 21    : 3              (4 /sec)
          order 22    : 3              (0 /sec)
Noncanonical subgraphs: 63737          (707 /sec)
          order  3    : 0              (-nan /sec)
          order  4    : 0              (-nan /sec)
          order  5    : 0              (-nan /sec)
          order  6    : 0              (-nan /sec)
          order  7    : 0              (-nan /sec)
          order  8    : 0              (-nan /sec)
          order  9    : 0              (-nan /sec)
          order 10    : 0              (-nan /sec)
          order 11    : 0              (-nan /sec)
          order 12    : 0              (-nan /sec)
          order 13    : 5644           (8015 /sec)
          order 14    : 26150          (3120 /sec)
          order 15    : 23569          (2690 /sec)
          order 16    : 6058           (342 /sec)
          order 17    : 2311           (42 /sec)
          order 18    : 5              (36 /sec)
          order 19    : 0              (-nan /sec)
          order 20    : 0              (-nan /sec)
          order 21    : 0              (-nan /sec)
Canonicity checking   : 2906.78 s
Noncanonicity checking: 90.1536 s
Total canonicity time : 2996.93 s
database reductions   : 275
restarts              : 32767
conflicts             : 23196126       (2100 /sec)
decisions             : 28935134       (0.00 % random) (2619 /sec)
propagations          : 1245693354     (112763 /sec)
conflict literals     : 2018456756     (56.66 % deleted)
actual reward         : 0.229590
Memory used           : 424.00 MB
CPU time              : 11047 s

UNSATISFIABLE
