c --- [ banner ] -------------------------------------------------------------
c 
c CaDiCaL Radically Simplified CDCL SAT Solver
c Copyright (c) 2016-2021 A. Biere, M. Fleury, N. Froleyks
c 
c Version 1.5.2 a5f15211db36c3956764e18194dd5bd63bf3b5e6
c g++ (GCC) 9.3.0 -Wall -Wextra -O3 -DNDEBUG
c Fri Oct 21 01:27:37 EDT 2022 Linux gra-login3 3.10.0-1160.66.1.el7.x86_64 x86_64
c 
c --- [ limit ] --------------------------------------------------------------
c 
c setting conflict limit to 200000 conflicts (due to '200000')
c 
c --- [ parsing input ] ------------------------------------------------------
c 
c reading DIMACS file from '45.cubes161.adj'
c opening file to read '45.cubes161.adj'
c found 'p cnf 6160 1595485' header
c parsed 1595485 clauses in 18.15 seconds process time
c closing file '45.cubes161.adj'
c after reading 1457566844 bytes 1390.0 MB
c 
c --- [ options ] ------------------------------------------------------------
c 
c all options are set to their default value
c 
c --- [ solving ] ------------------------------------------------------------
c 
c time measured in process time since initialization
c 
c  seconds    reductions  redundant   irredundant
c          MB     restarts       trail       variables
c            level   conflicts       glue         remaining
c 
c * 18.15 1398  0 0   0    0    0  0% 0 1595422 2188 36%
c { 19.22 1449  0 0   0    0    0  0% 0 1595422 2188 36%
c i 20.58 1480 872 0   0   24   20 35% 3 1595422 2183 35%
c i 20.74 1483 836 0   0   25   20 35% 3 1595422 2171 35%
c i 23.14 1520 304 0  13   82   67 30% 26 1595422 2160 35%
c - 30.25 1492 139 1  51  300  260 30% 38 269314 2157 35%
c i 30.90 1493 115 1  53  406  348 30% 36 269314 2156 35%
c i 30.95 1493 102 1  53  468  401 30% 33 269314 2155 35%
c i 31.01 1493 103 1  54  489  419 30% 35 269314 2144 35%
c i 31.13 1493 101 1  57  507  435 30% 35 269314 2137 35%
c i 31.58 1493 92 1  61  624  533 30% 34 269314 2136 35%
c i 31.99 1493 87 1  61  723  619 30% 34 269314 2135 35%
c i 32.00 1493 87 1  61  727  622 30% 34 269314 2134 35%
c i 32.04 1493 87 1  61  736  628 30% 34 269314 2133 35%
c i 32.12 1493 83 1  61  787  663 30% 33 269314 2132 35%
c i 32.16 1493 77 1  61  900  752 30% 31 269314 2131 35%
c i 32.19 1493 76 1  61  910  759 30% 31 269314 2130 35%
c i 32.48 1494 76 1  62  941  789 30% 32 269314 2129 35%
c } 33.03 1494 75 1  70 1007  839 30% 32 269314 2129 35%
c [ 33.03 1494  0 1  70 1007  839  0% 0 269314 2129 35%
c 
c  seconds    reductions  redundant  irredundant
c          MB     restarts       trail      variables
c            level   conflicts       glue        remaining
c 
c O 33.04 1494  5 1  70 1008  840 18% 1 269314 2129 35%
c i 33.41 1436 47 1  70 1110  933 31% 29 269314 2128 35%
c - 33.86 1487 42 2  70 1159  841 31% 28 269079 2128 35%
c i 34.07 1487 33 2  70 1496 1056 31% 26 269079 2127 35%
c i 34.19 1487 30 2  70 1937 1330 32% 25 269079 2126 35%
c i 34.22 1487 30 2  70 1994 1358 32% 24 269079 2125 34%
c - 34.62 1486 28 3  71 2447 1159 32% 23 269070 2125 34%
c ] 34.94 1486 26 3  71 3007 1498 49% 22 269070 2125 34%
c { 34.94 1486 75 3  71 3007 1498 86% 32 269070 2125 34%
c F 35.01 1486 75 3  71 3010 1501 86% 32 269070 2125 34%
c i 35.52 1486 61 3  71 3390 1807 76% 28 269070 2124 34%
c i 35.63 1486 57 3  71 3608 1979 73% 27 269070 2123 34%
c - 36.50 1486 51 4  77 4163 1753 66% 26 269064 2123 34%
c i 37.24 1486 43 4  77 4822 2290 62% 23 269064 2122 34%
c i 37.56 1486 44 4  85 4887 2350 61% 23 269064 2121 34%
c 2 38.55 1486 44 4 102 5000 3388 61% 23 269050 2117 34%
c p 40.92 1486 44 4 102 5000 5840 61% 23 269050 2082 34%
c d 41.29 1486 44 4 102 5000 5831 61% 23 268954 2081 34%
c # 42.58 1486 41 4 151 6014 6618 56% 23 268954 2081 34%
c - 42.90 1381 40 5 151 6308 2797 56% 23 268954 2081 34%
c 
c  seconds    reductions  redundant   irredundant
c          MB     restarts       trail       variables
c            level   conflicts       glue         remaining
c 
c } 43.78 1381 38 5 177 7008 3356 54% 22 268954 2081 34%
c [ 43.78 1381 26 5 177 7008 3356 49% 22 268954 2081 34%
c - 44.86 1382 23 6 178 8881 2898 47% 19 268954 2081 34%
c I 45.38 1382 22 6 179 10016 3567 47% 18 268954 2081 34%
c - 51.03 1382 24 7 181 11884 3680 46% 19 268954 2081 34%
c p 55.44 1382 26 7 182 15002 9325 47% 21 268954 2081 34%
c ] 55.59 1382 26 7 182 15009 9331 47% 21 268954 2081 34%
c { 55.59 1382 38 7 182 15009 9331 54% 22 268954 2081 34%
c B 55.71 1382 38 7 182 15019 9337 54% 22 268954 2081 34%
c - 57.19 1383 39 8 241 15315 4343 54% 23 268954 2081 34%
c s 60.64 1383 31 8 285 19021 6832 50% 20 266204 2081 34%
c v 65.24 1383 31 8 285 19021 6832 50% 20 266200 2081 34%
c t 65.35 1383 31 8 285 19021 6822 50% 20 266196 2081 34%
c e 66.28 1384 31 8 285 19021 6312 50% 20 263851 757 12%
c s 66.39 1384 31 8 285 19021 6312 50% 20 258946 757 12%
c - 67.89 1385 31 9 285 19177 4511 73% 20 258946 757 12%
c W 72.19 1385 32 9 433 21021 6032 70% 20 258946 757 12%
c - 75.99 1385 31 10 596 23416 5460 71% 20 258946 757 12%
c F 77.28 1385 27 10 600 28022 8177 71% 18 258946 757 12%
c - 77.69 1385 27 11 600 28079 5525 71% 18 258946 757 12%
c 
c  seconds    reductions    redundant   irredundant
c          MB      restarts        trail       variables
c            level     conflicts       glue        remaining
c 
c p 87.96 1385 28 11 900 30002 9060 70% 19 258946 757 12%
c } 89.42 1385 28 11 989 31009 9737 71% 19 258946 757 12%
c [ 89.42 1385 26 11 989 31009 9737 133% 21 258946 757 12%
c - 90.68 1385 26 12 989 33166 6983 120% 22 258946 757 12%
c B 92.64 1385 26 12 992 36023 8651 109% 21 258946 757 12%
c - 94.10 1385 27 13 993 38678 7187 103% 22 258946 757 12%
c - 97.80 1385 29 14 996 44617 7857 94% 24 258946 757 12%
c W 99.05 1385 29 14 996 45025 8117 93% 24 258946 757 12%
c p 102.90 1385 28 14 997 50002 13113 89% 24 258946 757 12%
c - 103.58 1385 28 15 997 50976 8014 88% 24 258946 757 12%
c O 105.37 1385 28 15 998 55029 10371 86% 24 258946 757 12%
c - 106.55 1385 27 16 1000 57762 8313 85% 23 258946 757 12%
c ] 107.68 1385 27 16 1002 60317 9832 84% 23 258946 757 12%
c 1 107.68 1385 27 16 1002 60317 9832 84% 23 258946 757 12%
c 
c --- [ writing output ] -----------------------------------------------------
c 
c writing simplified CNF to DIMACS file 'simp/45.cubes161.adj.simp1'
c * 107.68 1385 27 16 1002 60317 9832 84% 23 258946 757 12%
c opening file to write 'simp/45.cubes161.adj.simp1'
c writing 'p cnf 6160 258946' header
c closing file 'simp/45.cubes161.adj.simp1'
c after writing 120060679 bytes 114.5 MB
c wrote 258946 clauses in 0.93 seconds process time
c 
c --- [ writing extension ] --------------------------------------------------
c 
c writing extension stack to 'simp/45.cubes161.adj.ext1'
c opening file to write 'simp/45.cubes161.adj.ext1'
c closing file 'simp/45.cubes161.adj.ext1'
c after writing 85611 bytes 0.1 MB
c wrote 3875 witnesses in 0.58 seconds process time
c 
c --- [ result ] -------------------------------------------------------------
c 
s SATISFIABLE
c 
c --- [ run-time profiling ] -------------------------------------------------
c 
c process time taken by individual solving procedures
c (percentage relative to process time for solving)
c 
c        73.99   82.65% search
c        44.87   50.12% unstable
c        27.03   30.19% stable
c        18.15   20.28% parse
c        15.53   17.35% simplify
c         7.84    8.76% probe
c         4.67    5.22% vivify
c         1.76    1.96% elim
c         1.06    1.19% lucky
c         1.03    1.15% walk
c         0.21    0.24% subsume
c         0.14    0.16% ternary
c   =================================
c        89.52   81.99% solve
c 
c last line shows process time for solving
c (percentage relative to total process time)
c 
c --- [ statistics ] ---------------------------------------------------------
c 
c chronological:             10573        17.53 %  of conflicts
c conflicts:                 60317       673.77    per second
c decisions:                121552      1357.79    per second
c eliminated:                 1324        21.49 %  of all variables
c fixed:                       930        15.10 %  of all variables
c learned:                   59062        97.92 %  per conflict
c learned_lits:            9344377       100.00 %  learned literals
c minimized:                     0         0.00 %  learned literals
c shrunken:                6236481        66.74 %  learned literals
c minishrunken:             564856         6.04 %  learned literals
c propagations:            5069133         0.06 M  per second
c reduced:                   30093        49.89 %  per conflict
c rephased:                     10      6031.70    interval
c restarts:                   1002        60.20    interval
c stabilizing:                   3        65.17 %  of conflicts
c substituted:                   5         0.08 %  of all variables
c subsumed:                  26460         0.78 %  of all clauses
c strengthened:               4000         0.12 %  of all clauses
c ternary:                    2660         0.65 %  of resolved
c vivified:                     20         0.00 %  of all clauses
c walked:                        2     30158.50    interval
c weakened:                   2945         3.03    average size
c 
c seconds are measured in process time for solving
c 
c --- [ resources ] ----------------------------------------------------------
c 
c total process time since initialization:       109.18    seconds
c total real time since initialization:         2000.68    seconds
c maximum resident set size of process:         1593.31    MB
c 
c --- [ shutting down ] ------------------------------------------------------
c 
c exit 10
WARNING! DIMACS header mismatch: wrong number of variables.
============================[ Problem Statistics ]=============================
|                                                                             |
|  Number of variables:          3493                                         |
|  Number of clauses:          258946                                         |
|  Parse time:                   1.64 s                                       |
|  Simplification time:          0.03 s                                       |
|                                                                             |
============================[ Search Statistics ]====================================================
| Conflicts |          ORIGINAL         |          LEARNT          | Num Sols |      SUBGRAPHS      |
|           |    Vars  Clauses Literals |    Limit  Clauses Lit/Cl |          | Canonical Noncanon. |
=====================================================================================================
|       100 |    3391   258946 25549709 |     2000      100     93 |        0 |        17         0 |
|       253 |    3391   258949 25549799 |     2000      253     86 |        0 |        24         3 |
|       604 |    3391   259075 25551849 |     2000      604     68 |        0 |        51       129 |
|       955 |    3391   259089 25552031 |     2000      955     60 |        0 |        73       143 |
|      1488 |    3391   259116 25552457 |     2000     1488     63 |        0 |        93       170 |
|      2291 |    3391   259160 25553139 |     3607     1298     32 |        0 |       117       214 |
|      3620 |    3391   259350 25555029 |     3607     2627     59 |        0 |       179       404 |
|      5449 |    3391   259471 25558378 |     5004     2653     46 |        0 |       252       525 |
|      8113 |    3391   259573 25560519 |     6306     2819     24 |        0 |       342       627 |
|     12167 |    3391   259783 25565121 |     7560     3727     29 |        0 |       430       837 |
|     18111 |    3391   259961 25567998 |     8785     5896     42 |        0 |       489      1015 |
|     27027 |    3391   260228 25574243 |    11201     5428     23 |        0 |       615      1282 |
|     40692 |    3391   260919 25585202 |    13606     7298     22 |        0 |       847      1973 |
|     60904 |    3391   261670 25596540 |    16001    13305     45 |        0 |      1151      2724 |
|     90463 |    3391   262037 25603303 |    19611    17074     46 |        0 |      1301      3091 |
|    134642 |    3391   262427 25611488 |    24406    18448     39 |        0 |      1461      3481 |
|    201143 |    3391   263244 25627542 |    30418    17961     33 |        0 |      1678      4298 |
|    300483 |    3391   264058 25641001 |    36412    35295     46 |        0 |      1858      5112 |
|    449430 |    3391   265216 25663479 |    44818    44248     58 |        0 |      2145      6270 |
|    672047 |    3391   266150 25682282 |    55614    43661     47 |        0 |      2372      7204 |
|   1005697 |    3391   267275 25703432 |    68816    38513     33 |        0 |      2507      8329 |
|   1506556 |    3391   269346 25747674 |    84412    45368     28 |        0 |      2884     10400 |
|   2258276 |    3391   272884 25822893 |   102422   101098     57 |        0 |      3706     13938 |
|   3386492 |    3391   278826 25938828 |   126419    91311     43 |        0 |      4873     19880 |
|   5079026 |    3382   284397 26052666 |   155225    70337     36 |        0 |      7534     29003 |
|   7612402 |    3382   292657 26213291 |   190016   140818     42 |        0 |      9289     37263 |
=====================================================================================================
Number of solutions   : 0
Canonical subgraphs   : 10133          (10 /sec)
          order  3    : 1              (200000 /sec)
          order  4    : 1              (500000 /sec)
          order  5    : 1              (200000 /sec)
          order  6    : 1              (50000 /sec)
          order  7    : 1              (8264 /sec)
          order  8    : 1              (1007 /sec)
          order  9    : 2              (149 /sec)
          order 10    : 7              (36 /sec)
          order 11    : 39             (11 /sec)
          order 12    : 300            (7 /sec)
          order 13    : 1658           (6 /sec)
          order 14    : 3021           (10 /sec)
          order 15    : 2778           (13 /sec)
          order 16    : 2293           (12 /sec)
          order 17    : 25             (8 /sec)
          order 18    : 2              (6 /sec)
          order 19    : 2              (5 /sec)
          order 20    : 0              (-nan /sec)
          order 21    : 0              (-nan /sec)
          order 22    : 0              (-nan /sec)
Noncanonical subgraphs: 41055          (584 /sec)
          order  3    : 0              (-nan /sec)
          order  4    : 0              (-nan /sec)
          order  5    : 0              (-nan /sec)
          order  6    : 0              (-nan /sec)
          order  7    : 0              (-nan /sec)
          order  8    : 0              (-nan /sec)
          order  9    : 0              (-nan /sec)
          order 10    : 0              (-nan /sec)
          order 11    : 0              (-nan /sec)
          order 12    : 0              (-nan /sec)
          order 13    : 5628           (7787 /sec)
          order 14    : 8426           (3344 /sec)
          order 15    : 23864          (675 /sec)
          order 16    : 744            (445 /sec)
          order 17    : 2392           (80 /sec)
          order 18    : 1              (19 /sec)
          order 19    : 0              (-nan /sec)
          order 20    : 0              (-nan /sec)
          order 21    : 0              (-nan /sec)
Canonicity checking   : 1021.35 s
Noncanonicity checking: 70.274 s
Total canonicity time : 1091.62 s
database reductions   : 165
restarts              : 13820
conflicts             : 8517755        (1732 /sec)
decisions             : 10872567       (0.00 % random) (2211 /sec)
propagations          : 396727456      (80676 /sec)
conflict literals     : 745571429      (57.31 % deleted)
actual reward         : 0.274358
Memory used           : 398.00 MB
CPU time              : 4917.51 s

UNSATISFIABLE
