c --- [ banner ] -------------------------------------------------------------
c 
c CaDiCaL Radically Simplified CDCL SAT Solver
c Copyright (c) 2016-2021 A. Biere, M. Fleury, N. Froleyks
c 
c Version 1.5.2 a5f15211db36c3956764e18194dd5bd63bf3b5e6
c g++ (GCC) 9.3.0 -Wall -Wextra -O3 -DNDEBUG
c Fri Oct 21 01:27:37 EDT 2022 Linux gra-login3 3.10.0-1160.66.1.el7.x86_64 x86_64
c 
c --- [ limit ] --------------------------------------------------------------
c 
c setting conflict limit to 200000 conflicts (due to '200000')
c 
c --- [ parsing input ] ------------------------------------------------------
c 
c reading DIMACS file from '45.cubes87.adj'
c opening file to read '45.cubes87.adj'
c found 'p cnf 6160 1595482' header
c parsed 1595482 clauses in 18.19 seconds process time
c closing file '45.cubes87.adj'
c after reading 1457566827 bytes 1390.0 MB
c 
c --- [ options ] ------------------------------------------------------------
c 
c all options are set to their default value
c 
c --- [ solving ] ------------------------------------------------------------
c 
c time measured in process time since initialization
c 
c  seconds    reductions  redundant   irredundant
c          MB     restarts       trail       variables
c            level   conflicts       glue         remaining
c 
c * 18.19 1401  0 0   0    0    0  0% 0 1595422 2144 35%
c { 19.09 1449  0 0   0    0    0  0% 0 1595422 2144 35%
c i 21.76 1524 812 0   4   48   44 39% 13 1595422 2143 35%
c i 22.66 1534 592 0   6   70   62 35% 18 1595422 2142 35%
c i 23.25 1538 451 0  11   96   86 33% 17 1595422 2141 35%
c i 23.30 1538 414 0  11  105   94 33% 17 1595422 2133 35%
c i 24.32 1545 312 0  16  143  127 31% 18 1595422 2132 35%
c i 25.07 1553 242 0  23  193  175 30% 20 1595422 2131 35%
c i 25.15 1554 238 0  24  197  178 30% 20 1595422 2130 35%
c i 26.38 1559 207 0  37  252  223 30% 25 1595422 2129 35%
c i 27.10 1564 192 0  47  287  255 30% 28 1595422 2128 35%
c - 31.67 1536 186 1  51  300  268 29% 28 567192 2128 35%
c i 31.94 1440 185 1  53  309  276 29% 29 567192 2127 35%
c i 32.16 1440 182 1  56  323  287 29% 29 567192 2126 35%
c i 33.14 1441 171 1  63  405  363 29% 29 567192 2125 34%
c i 33.38 1441 157 1  64  468  416 29% 28 567192 2124 34%
c i 33.39 1441 156 1  64  469  416 29% 28 567192 2123 34%
c i 33.42 1442 154 1  64  482  427 29% 28 567192 2122 34%
c i 33.63 1442 146 1  65  516  454 29% 28 567192 2121 34%
c i 33.65 1442 146 1  65  519  456 29% 28 567192 2120 34%
c 
c  seconds     reductions  redundant   irredundant
c          MB      restarts       trail       variables
c             level   conflicts       glue         remaining
c 
c i 33.80 1442 141 1  65  543  475 29% 28 567192 2119 34%
c i 33.87 1442 139 1  65  557  487 29% 28 567192 2118 34%
c i 33.91 1443 137 1  65  567  493 29% 28 567192 2117 34%
c i 34.08 1443 129 1  65  611  525 29% 28 567192 2116 34%
c i 34.11 1443 128 1  65  614  524 29% 28 567192 2115 34%
c i 34.52 1443 102 1  65  836  713 30% 25 567192 2114 34%
c i 34.55 1443 100 1  65  869  742 30% 25 567192 2113 34%
c i 34.86 1444 94 1  68  966  820 30% 25 567192 2112 34%
c } 35.05 1444 92 1  70 1000  852 30% 25 567192 2112 34%
c [ 35.05 1444  0 1  70 1000  852  0% 0 567192 2112 34%
c O 35.06 1444 17 1  70 1002  853 24% 17 567192 2112 34%
c i 35.06 1444 17 1  70 1002  853 24% 17 567192 2068 34%
c i 35.36 1445 35 1  70 1051  897 33% 27 567192 2067 34%
c i 35.49 1445 31 1  70 1215 1024 33% 24 567192 2066 34%
c - 36.55 1643 29 2  70 1353  996 32% 24 566715 2066 34%
c i 37.38 1643 29 2  71 2154 1594 31% 24 566715 2065 34%
c - 38.61 1643 29 3  71 2931 1632 31% 24 566712 2065 34%
c ] 39.01 1643 29 3  71 3001 1690 48% 24 566712 2065 34%
c { 39.01 1643 92 3  71 3001 1690 89% 25 566712 2065 34%
c F 39.09 1643 92 3  71 3003 1692 89% 25 566712 2065 34%
c 
c  seconds    reductions  redundant   irredundant
c          MB     restarts       trail       variables
c            level   conflicts       glue         remaining
c 
c i 39.13 1643 91 3  71 3014 1701 88% 25 566712 2064 34%
c i 39.41 1643 90 3  76 3061 1743 86% 26 566712 2056 33%
c i 39.79 1643 90 3  87 3102 1780 84% 26 566712 2055 33%
c i 40.13 1643 89 3  96 3151 1821 82% 26 566712 2054 33%
c i 40.73 1643 82 3 113 3377 2008 76% 26 566712 2052 33%
c i 40.74 1643 81 3 113 3393 2019 75% 26 566712 2051 33%
c i 40.91 1643 78 3 113 3494 2101 73% 26 566712 2050 33%
c i 40.94 1643 77 3 113 3526 2130 72% 26 566712 2049 33%
c i 41.01 1643 75 3 113 3612 2194 70% 25 566712 2048 33%
c i 41.03 1643 74 3 113 3639 2214 70% 25 566712 2047 33%
c i 41.67 1643 54 3 123 4692 3051 59% 22 566712 2046 33%
c d 43.10 1643 52 3 163 5000 3308 58% 22 482875 2042 33%
c 2 43.20 1643 52 3 163 5000 3835 58% 22 482875 2042 33%
c p 44.94 1643 52 3 163 5000 5025 58% 22 482875 2022 33%
c d 45.37 1643 52 3 163 5000 4999 58% 22 482815 2020 33%
c - 45.92 1609 52 4 163 5037 2423 58% 22 482815 2020 33%
c # 48.34 1609 46 4 223 6004 3123 54% 21 482815 2020 33%
c } 49.92 1609 42 4 251 7002 3890 51% 20 482815 2020 33%
c [ 49.92 1609 29 4 251 7002 3890 48% 24 482815 2020 33%
c - 50.42 1446 28 5 252 7562 3007 44% 23 482815 2020 33%
c 
c  seconds    reductions   redundant   irredundant
c          MB     restarts        trail       variables
c            level    conflicts       glue         remaining
c 
c I 51.42 1446 25 5 253 10006 4550 45% 21 482815 2020 33%
c - 53.23 1610 27 6 254 10592 3589 43% 22 482815 2020 33%
c - 56.35 1446 35 7 256 14127 4753 42% 27 482815 2020 33%
c p 59.77 1446 37 7 256 15000 7390 43% 28 482815 2020 33%
c ] 59.89 1446 37 7 256 15003 7393 43% 28 482815 2020 33%
c { 59.89 1446 42 7 256 15003 7393 51% 20 482815 2020 33%
c B 60.05 1446 42 7 256 15009 7398 51% 21 482815 2020 33%
c - 70.06 1610 37 8 451 18170 5724 48% 20 482815 2020 33%
c s 71.40 1610 36 8 492 19079 6116 47% 20 479783 2020 33%
c v 75.65 1610 36 8 492 19079 6116 47% 20 479773 2020 33%
c t 75.85 1610 36 8 492 19079 6100 47% 20 479769 2020 33%
c e 77.20 1611 36 8 492 19079 5728 47% 20 477634 774 13%
c s 77.36 1611 36 8 492 19079 5727 47% 20 474926 774 13%
c W 82.85 1447 34 8 583 21010 7194 66% 19 474926 774 13%
c - 89.91 1610 34 9 781 22716 6714 65% 20 474926 774 13%
c - 91.93 1447 30 10 811 27745 7045 66% 19 474926 774 13%
c F 92.50 1447 30 10 841 28011 7251 66% 19 474926 774 13%
c p 102.21 1447 30 10 970 30000 10080 65% 19 474926 774 13%
c } 104.35 1447 30 10 971 31003 10853 65% 19 474926 774 13%
c [ 104.35 1447 37 10 971 31003 10853 113% 28 474926 774 13%
c 
c  seconds     reductions    redundant    irredundant
c           MB      restarts        trail        variables
c             level     conflicts        glue        remaining
c 
c - 107.30 1610 33 11 971 33279 7656 101% 25 474926 774 13%
c B 110.27 1610 29 11 974 36014 9161 91% 22 474926 774 13%
c - 112.76 1447 29 12 976 39316 8336 85% 23 474926 774 13%
c W 120.20 1447 30 12 978 45015 12667 79% 24 474926 774 13%
c - 121.42 1611 30 13 978 45856 9655 79% 24 474926 774 13%
c p 124.52 1611 31 13 979 50002 14161 76% 25 474926 774 13%
c - 126.67 1447 31 14 979 52897 9990 75% 25 474926 774 13%
c O 128.79 1447 31 14 980 55016 11456 74% 25 474926 774 13%
c - 131.23 1611 30 15 984 60441 10090 73% 25 474926 774 13%
c ] 132.10 1611 30 15 986 63006 11649 72% 25 474926 774 13%
c { 132.10 1611 30 15 986 63006 11649 65% 19 474926 774 13%
c B 133.02 1611 28 15 1025 66020 13488 65% 18 474926 774 13%
c - 134.18 1447 27 16 1071 68488 10097 65% 18 474926 774 13%
c p 142.72 1447 25 16 1191 75003 15212 65% 17 474926 774 13%
c - 145.04 1610 25 17 1224 77039 10212 65% 17 474926 774 13%
c W 145.70 1610 24 17 1230 78021 10829 65% 17 474926 774 13%
c - 152.14 1447 23 18 1425 86093 12255 65% 16 474926 774 13%
c # 162.61 1447 23 18 1659 91022 15799 65% 16 474926 774 13%
c - 175.06 1611 23 19 1893 95651 13256 65% 16 474926 774 13%
c } 177.31 1611 23 19 1993 96518 13963 65% 16 474926 774 13%
c 
c  seconds     reductions      redundant   irredundant
c           MB      restarts          trail       variables
c             level      conflicts        glue        remaining
c 
c 1 177.31 1611 23 19 1993 96518 13963 65% 16 474926 774 13%
c 
c --- [ writing output ] -----------------------------------------------------
c 
c writing simplified CNF to DIMACS file 'simp/45.cubes87.adj.simp1'
c * 177.31 1611 23 19 1993 96518 13963 65% 16 474926 774 13%
c opening file to write 'simp/45.cubes87.adj.simp1'
c writing 'p cnf 6160 474926' header
c closing file 'simp/45.cubes87.adj.simp1'
c after writing 186578834 bytes 177.9 MB
c wrote 474926 clauses in 2.02 seconds process time
c 
c --- [ writing extension ] --------------------------------------------------
c 
c writing extension stack to 'simp/45.cubes87.adj.ext1'
c opening file to write 'simp/45.cubes87.adj.ext1'
c closing file 'simp/45.cubes87.adj.ext1'
c after writing 86221 bytes 0.1 MB
c wrote 3891 witnesses in 0.00 seconds process time
c 
c --- [ result ] -------------------------------------------------------------
c 
s SATISFIABLE
c 
c --- [ run-time profiling ] -------------------------------------------------
c 
c process time taken by individual solving procedures
c (percentage relative to process time for solving)
c 
c       140.33   88.19% search
c       100.55   63.19% unstable
c        36.28   22.80% stable
c        18.80   11.81% simplify
c        18.19   11.43% parse
c         9.81    6.16% probe
c         4.40    2.76% vivify
c         2.59    1.63% walk
c         2.54    1.59% elim
c         0.90    0.57% lucky
c         0.32    0.20% subsume
c         0.28    0.18% ternary
c   =================================
c       159.13   88.73% solve
c 
c last line shows process time for solving
c (percentage relative to total process time)
c 
c --- [ statistics ] ---------------------------------------------------------
c 
c chronological:             18011        18.66 %  of conflicts
c conflicts:                 96518       606.55    per second
c decisions:                194950      1225.13    per second
c eliminated:                 1246        20.23 %  of all variables
c fixed:                       990        16.07 %  of all variables
c learned:                   94299        97.70 %  per conflict
c learned_lits:           12501002       100.00 %  learned literals
c minimized:                     0         0.00 %  learned literals
c shrunken:                7242653        57.94 %  learned literals
c minishrunken:            1049018         8.39 %  learned literals
c propagations:            7193783         0.05 M  per second
c reduced:                   53444        55.37 %  per conflict
c rephased:                     13      7424.46    interval
c restarts:                   1993        48.43    interval
c stabilizing:                   3        43.52 %  of conflicts
c substituted:                   6         0.10 %  of all variables
c subsumed:                  32430         0.92 %  of all clauses
c strengthened:               3189         0.09 %  of all clauses
c ternary:                    2172         0.54 %  of resolved
c vivified:                     39         0.00 %  of all clauses
c walked:                        3     32172.67    interval
c weakened:                   2901         3.14    average size
c 
c seconds are measured in process time for solving
c 
c --- [ resources ] ----------------------------------------------------------
c 
c total process time since initialization:       179.34    seconds
c total real time since initialization:         4002.45    seconds
c maximum resident set size of process:         1841.38    MB
c 
c --- [ shutting down ] ------------------------------------------------------
c 
c exit 10
WARNING! DIMACS header mismatch: wrong number of variables.
============================[ Problem Statistics ]=============================
|                                                                             |
|  Number of variables:          3764                                         |
|  Number of clauses:          474926                                         |
|  Parse time:                   2.52 s                                       |
|  Simplification time:          0.05 s                                       |
|                                                                             |
============================[ Search Statistics ]====================================================
| Conflicts |          ORIGINAL         |          LEARNT          | Num Sols |      SUBGRAPHS      |
|           |    Vars  Clauses Literals |    Limit  Clauses Lit/Cl |          | Canonical Noncanon. |
=====================================================================================================
|       142 |    3663   474968 40431029 |     2000      142     53 |        0 |        21        42 |
|       302 |    3663   474978 40431307 |     2000      302     68 |        0 |        26        52 |
|       537 |    3663   474988 40431507 |     2000      537     66 |        0 |        29        62 |
|       899 |    3663   475013 40432072 |     2000      899     62 |        0 |        39        87 |
|      1477 |    3663   475085 40433261 |     2000     1477     62 |        0 |        88       159 |
|      2281 |    3663   475130 40434350 |     3601     1282     31 |        0 |       129       204 |
|      3546 |    3663   475256 40436056 |     3601     2547     47 |        0 |       157       330 |
|      5336 |    3663   475338 40437502 |     5004     2540     37 |        0 |       193       412 |
|      7966 |    3663   475406 40438508 |     6308     2674     18 |        0 |       218       480 |
|     12013 |    3663   475609 40441565 |     7560     3573     18 |        0 |       295       683 |
|     17972 |    3663   475802 40445083 |     8787     5759     34 |        0 |       335       876 |
|     26784 |    3663   475965 40447881 |    11205     5189     13 |        0 |       400      1039 |
|     40082 |    3663   476289 40453827 |    13606     6688     14 |        0 |       501      1363 |
|     60205 |    3663   476951 40462781 |    16016    12621     40 |        0 |       626      2025 |
|     90142 |    3663   477696 40474342 |    19621    16763     40 |        0 |       788      2770 |
|    134532 |    3663   478297 40485093 |    24415    18347     33 |        0 |       976      3371 |
|    200978 |    3663   479059 40499683 |    30413    17791     23 |        0 |      1151      4133 |
|    300468 |    3663   480023 40522725 |    36413    35281     48 |        0 |      1432      5097 |
|    449325 |    3663   481091 40553199 |    44808    44133     51 |        0 |      1752      6165 |
|    672170 |    3663   482253 40586689 |    55618    43788     43 |        0 |      2053      7327 |
|   1007389 |    3663   484947 40648558 |    68813    40202     30 |        0 |      2807     10021 |
|   1509630 |    3663   488400 40728338 |    84415    48445     30 |        0 |      3705     13474 |
|   2262038 |    3663   492626 40829593 |   103616    53654     24 |        0 |      4593     17700 |
|   3389331 |    3663   497645 40963016 |   126433    94164     42 |        0 |      5733     22719 |
|   5078803 |    3662   503444 41169269 |   155231   101234     35 |        2 |      6859     28778 |
|   7613095 |    3662   512620 41444179 |   190030   141525     44 |        2 |      8540     37954 |
|  11414037 |    3662   525887 41795124 |   233238   144475     31 |        2 |     10972     51221 |
|  17105424 |    3662   535762 42087189 |   284834   280258     53 |        3 |     12916     61095 |
|  25641869 |    3655   533016 42112630 |   341129   259998     45 |        3 |     16159     75271 |
|  38445171 |    3615   255089 21547840 |   425508   244679     37 |        4 |     19941     95169 |
=====================================================================================================
Number of solutions   : 4
Canonical subgraphs   : 20648          (2 /sec)
          order  3    : 1              (125000 /sec)
          order  4    : 1              (500000 /sec)
          order  5    : 1              (200000 /sec)
          order  6    : 1              (52632 /sec)
          order  7    : 1              (8333 /sec)
          order  8    : 1              (1006 /sec)
          order  9    : 1              (105 /sec)
          order 10    : 2              (15 /sec)
          order 11    : 8              (4 /sec)
          order 12    : 69             (1 /sec)
          order 13    : 648            (1 /sec)
          order 14    : 3936           (2 /sec)
          order 15    : 7830           (3 /sec)
          order 16    : 6496           (3 /sec)
          order 17    : 1381           (3 /sec)
          order 18    : 130            (2 /sec)
          order 19    : 51             (2 /sec)
          order 20    : 44             (2 /sec)
          order 21    : 42             (2 /sec)
          order 22    : 4              (0 /sec)
Noncanonical subgraphs: 99790          (283 /sec)
          order  3    : 0              (-nan /sec)
          order  4    : 0              (-nan /sec)
          order  5    : 0              (-nan /sec)
          order  6    : 0              (-nan /sec)
          order  7    : 0              (-nan /sec)
          order  8    : 0              (-nan /sec)
          order  9    : 0              (-nan /sec)
          order 10    : 0              (-nan /sec)
          order 11    : 0              (-nan /sec)
          order 12    : 0              (-nan /sec)
          order 13    : 1165           (12526 /sec)
          order 14    : 18591          (2542 /sec)
          order 15    : 31061          (1247 /sec)
          order 16    : 47707          (175 /sec)
          order 17    : 874            (131 /sec)
          order 18    : 350            (17 /sec)
          order 19    : 2              (16 /sec)
          order 20    : 0              (-nan /sec)
          order 21    : 0              (-nan /sec)
Canonicity checking   : 8929.23 s
Noncanonicity checking: 352.219 s
Total canonicity time : 9281.45 s
database reductions   : 372
restarts              : 59069
conflicts             : 42247223       (1270 /sec)
decisions             : 53228653       (0.00 % random) (1600 /sec)
propagations          : 2245565033     (67516 /sec)
conflict literals     : 3387307161     (55.31 % deleted)
actual reward         : 0.243852
Memory used           : 675.00 MB
CPU time              : 33259.7 s

UNSATISFIABLE
