c --- [ banner ] -------------------------------------------------------------
c 
c CaDiCaL Radically Simplified CDCL SAT Solver
c Copyright (c) 2016-2021 A. Biere, M. Fleury, N. Froleyks
c 
c Version 1.5.2 a5f15211db36c3956764e18194dd5bd63bf3b5e6
c g++ (GCC) 9.3.0 -Wall -Wextra -O3 -DNDEBUG
c Fri Oct 21 01:27:37 EDT 2022 Linux gra-login3 3.10.0-1160.66.1.el7.x86_64 x86_64
c 
c --- [ limit ] --------------------------------------------------------------
c 
c setting conflict limit to 200000 conflicts (due to '200000')
c 
c --- [ parsing input ] ------------------------------------------------------
c 
c reading DIMACS file from '45.cubes149.adj'
c opening file to read '45.cubes149.adj'
c found 'p cnf 6160 1595483' header
c parsed 1595483 clauses in 18.08 seconds process time
c closing file '45.cubes149.adj'
c after reading 1457566830 bytes 1390.0 MB
c 
c --- [ options ] ------------------------------------------------------------
c 
c all options are set to their default value
c 
c --- [ solving ] ------------------------------------------------------------
c 
c time measured in process time since initialization
c 
c  seconds    reductions  redundant   irredundant
c          MB     restarts       trail       variables
c            level   conflicts       glue         remaining
c 
c * 18.08 1396  0 0   0    0    0  0% 0 1595422 2165 35%
c { 19.10 1447  0 0   0    0    0  0% 0 1595422 2165 35%
c i 20.60 1484 1197 0   0   64   60 46% 13 1595422 2152 35%
c i 23.15 1504 560 0  13  290  246 38% 17 1595422 2146 35%
c i 23.59 1507 538 0  15  306  258 38% 20 1595422 2145 35%
c - 27.37 1472 538 1  16  306  258 38% 20 357045 2145 35%
c i 28.24 1401 463 1  31  362  304 36% 21 357045 2122 34%
c i 28.58 1401 351 1  42  494  395 34% 21 357045 2121 34%
c i 28.61 1401 330 1  42  526  420 34% 21 357045 2120 34%
c i 28.72 1401 286 1  42  616  487 33% 21 357045 2119 34%
c i 29.53 1401 243 1  64  762  608 33% 24 357045 2118 34%
c i 30.99 1403 204 1  85  940  755 32% 24 357045 2117 34%
c } 31.21 1403 193 1  85 1000  800 32% 24 357045 2117 34%
c [ 31.21 1403  0 1  85 1000  800  0% 0 357045 2117 34%
c O 31.27 1403 20 1  85 1004  803 27% 12 357045 2117 34%
c - 32.17 1524 25 2  85 1240  838 32% 22 315174 2117 34%
c i 32.38 1524 26 2  85 1629 1141 32% 22 315174 2116 34%
c i 32.66 1524 26 2  86 2490 1765 32% 22 315174 2115 34%
c - 32.91 1524 26 3  86 2588 1396 32% 23 315168 2115 34%
c ] 33.23 1524 27 3  86 3001 1720 49% 24 315168 2115 34%
c 
c  seconds     reductions  redundant   irredundant
c          MB      restarts       trail       variables
c             level   conflicts       glue         remaining
c 
c { 33.23 1524 193 3  86 3001 1720 92% 24 315168 2115 34%
c F 33.28 1524 193 3  86 3005 1724 92% 24 315168 2115 34%
c i 33.40 1524 186 3  86 3046 1760 90% 23 315168 2114 34%
c i 34.34 1524 103 3 113 4203 2722 67% 23 315168 2113 34%
c i 34.91 1524 102 3 139 4308 2813 66% 23 315168 2112 34%
c i 35.19 1524 100 3 152 4378 2867 65% 24 315168 2111 34%
c - 35.48 1523 100 4 155 4388 2048 65% 24 315156 2111 34%
c i 35.66 1523 101 4 159 4414 2068 65% 24 315156 2110 34%
c i 36.96 1523 98 4 199 4621 2242 63% 25 315156 2109 34%
c i 37.43 1523 97 4 223 4726 2327 62% 25 315156 2108 34%
c i 37.76 1523 96 4 245 4817 2405 62% 25 315156 2107 34%
c i 37.76 1523 96 4 245 4820 2407 62% 25 315156 2106 34%
c i 37.82 1523 95 4 248 4867 2443 61% 25 315156 2105 34%
c d 38.28 1523 91 4 248 5000 2557 61% 25 315130 2101 34%
c 3 38.31 1523 91 4 248 5000 3293 61% 25 315130 2101 34%
c p 40.75 1523 91 4 248 5000 5460 61% 25 315130 2070 34%
c d 41.21 1523 91 4 248 5000 5415 61% 25 315036 2069 34%
c # 42.81 1523 75 4 252 6006 6206 56% 24 315036 2069 34%
c - 43.39 1403 69 5 255 6635 2840 55% 23 315036 2069 34%
c } 43.57 1403 65 5 255 7001 3101 54% 23 315036 2069 34%
c 
c  seconds    reductions  redundant   irredundant
c          MB     restarts       trail       variables
c            level   conflicts       glue         remaining
c 
c [ 43.57 1403 27 5 255 7001 3101 49% 24 315036 2069 34%
c - 45.01 1404 25 6 257 9332 3104 47% 21 315036 2069 34%
c I 45.65 1404 25 6 257 10007 3492 47% 21 315036 2069 34%
c - 47.96 1404 35 7 259 12480 3809 45% 28 315036 2069 34%
c p 51.94 1404 36 7 260 15000 8624 44% 29 315036 2069 34%
c ] 52.09 1404 36 7 260 15005 8629 44% 29 315036 2069 34%
c { 52.09 1404 65 7 260 15005 8629 54% 23 315036 2069 34%
c B 52.14 1404 65 7 260 15009 8632 54% 23 315036 2069 34%
c - 53.72 1405 59 8 287 16077 4586 52% 23 315036 2069 34%
c s 59.39 1405 49 8 407 19051 6638 50% 22 312146 2069 34%
c v 64.41 1405 49 8 407 19051 6638 50% 22 312141 2069 34%
c t 64.59 1405 49 8 407 19051 6625 50% 22 312135 2069 34%
c e 65.60 1407 49 8 407 19051 6206 50% 22 309828 755 12%
c s 65.72 1407 49 8 407 19051 6206 50% 22 306658 755 12%
c } 67.18 1407 49 8 407 19179 6277 67% 22 306658 755 12%
c 1 67.18 1407 49 8 407 19179 6277 67% 22 306658 755 12%
c 
c --- [ writing output ] -----------------------------------------------------
c 
c writing simplified CNF to DIMACS file 'simp/45.cubes149.adj.simp1'
c * 67.18 1407 49 8 407 19179 6277 67% 22 306658 755 12%
c opening file to write 'simp/45.cubes149.adj.simp1'
c writing 'p cnf 6160 306658' header
c closing file 'simp/45.cubes149.adj.simp1'
c after writing 132506648 bytes 126.4 MB
c wrote 306658 clauses in 2.19 seconds process time
c 
c --- [ writing extension ] --------------------------------------------------
c 
c writing extension stack to 'simp/45.cubes149.adj.ext1'
c opening file to write 'simp/45.cubes149.adj.ext1'
c closing file 'simp/45.cubes149.adj.ext1'
c after writing 84801 bytes 0.1 MB
c wrote 3846 witnesses in 0.00 seconds process time
c 
c --- [ result ] -------------------------------------------------------------
c 
s SATISFIABLE
c 
c --- [ run-time profiling ] -------------------------------------------------
c 
c process time taken by individual solving procedures
c (percentage relative to process time for solving)
c 
c        35.93   73.18% search
c        26.93   54.83% unstable
c        18.08   36.81% parse
c        13.17   26.82% simplify
c         7.99   16.27% stable
c         5.16   10.51% vivify
c         4.85    9.87% probe
c         1.86    3.79% elim
c         1.02    2.07% lucky
c         0.22    0.44% subsume
c         0.08    0.17% ternary
c   =================================
c        49.10   70.78% solve
c 
c last line shows process time for solving
c (percentage relative to total process time)
c 
c --- [ statistics ] ---------------------------------------------------------
c 
c chronological:              4029        21.01 %  of conflicts
c conflicts:                 19179       390.59    per second
c decisions:                 50565      1029.77    per second
c eliminated:                 1314        21.33 %  of all variables
c fixed:                       942        15.29 %  of all variables
c learned:                   18699        97.50 %  per conflict
c learned_lits:            2869953       100.00 %  learned literals
c minimized:                     0         0.00 %  learned literals
c shrunken:                1650886        57.52 %  learned literals
c minishrunken:             241826         8.43 %  learned literals
c propagations:            2630558         0.05 M  per second
c reduced:                    7410        38.64 %  per conflict
c rephased:                      5      3835.80    interval
c restarts:                    407        47.12    interval
c stabilizing:                   2        52.17 %  of conflicts
c substituted:                   5         0.08 %  of all variables
c subsumed:                  10744         0.33 %  of all clauses
c strengthened:               1848         0.06 %  of all clauses
c ternary:                    1678         0.59 %  of resolved
c vivified:                     22         0.00 %  of all clauses
c weakened:                   2904         3.03    average size
c 
c seconds are measured in process time for solving
c 
c --- [ resources ] ----------------------------------------------------------
c 
c total process time since initialization:        69.37    seconds
c total real time since initialization:         3000.76    seconds
c maximum resident set size of process:         1645.11    MB
c 
c --- [ shutting down ] ------------------------------------------------------
c 
c exit 10
WARNING! DIMACS header mismatch: wrong number of variables.
============================[ Problem Statistics ]=============================
|                                                                             |
|  Number of variables:          3496                                         |
|  Number of clauses:          306658                                         |
|  Parse time:                   1.77 s                                       |
|  Simplification time:          0.03 s                                       |
|                                                                             |
============================[ Search Statistics ]====================================================
| Conflicts |          ORIGINAL         |          LEARNT          | Num Sols |      SUBGRAPHS      |
|           |    Vars  Clauses Literals |    Limit  Clauses Lit/Cl |          | Canonical Noncanon. |
=====================================================================================================
|       100 |    3394   306658 28481012 |     2000      100     90 |        0 |        13         0 |
|       260 |    3394   306668 28481181 |     2000      260     85 |        0 |        23        10 |
|       555 |    3394   306738 28482529 |     2000      555     80 |        0 |        40        80 |
|       917 |    3394   306763 28482903 |     2000      917     78 |        0 |        63       105 |
|      1435 |    3394   306775 28483055 |     2000     1435     78 |        0 |        85       117 |
|      2241 |    3394   306822 28483795 |     3600     1241     53 |        0 |       107       164 |
|      3453 |    3394   306895 28485296 |     3600     2453     65 |        0 |       132       237 |
|      5222 |    3394   306956 28486270 |     5002     2424     46 |        0 |       162       298 |
|      7836 |    3394   307008 28486831 |     6303     2539     34 |        0 |       193       350 |
|     11922 |    3394   307250 28490543 |     7556     3478     33 |        0 |       281       592 |
|     18010 |    3394   307572 28496094 |     8781     5791     45 |        0 |       371       914 |
|     27430 |    3394   308343 28508659 |    11206     5836     29 |        0 |       623      1685 |
|     40755 |    3394   308694 28514319 |    13609     7364     28 |        0 |       747      2036 |
|     61425 |    3394   309903 28535144 |    16003    13828     48 |        0 |      1291      3245 |
|     90954 |    3394   310240 28541907 |    19612    17566     47 |        0 |      1444      3582 |
|    135023 |    3394   310520 28546380 |    24415    18838     40 |        0 |      1547      3862 |
|    208148 |    3394   317961 28649599 |    30409    24957     28 |        0 |      4458     11303 |
|    307111 |    3394   318398 28658604 |    37612    23723     33 |        0 |      4598     11740 |
|    455282 |    3394   318780 28667587 |    46015    27697     32 |        0 |      4692     12122 |
|    677569 |    3394   319384 28680820 |    55610    49179     48 |        0 |      4808     12726 |
|   1010770 |    3380   316993 28637395 |    64792    39562     44 |        0 |      4901     13402 |
|   1511279 |    3380   318714 28681715 |    84411    50090     33 |        0 |      5457     15123 |
|   2260823 |    3380   320076 28710266 |   103626    52449     23 |        0 |      5812     16485 |
|   3385844 |    3380   322823 28776010 |   126413    90657     42 |        0 |      6298     19232 |
|   5073181 |    3380   326749 28861609 |   155230    95611     32 |        0 |      7122     23158 |
=====================================================================================================
Number of solutions   : 0
Canonical subgraphs   : 7701           (9 /sec)
          order  3    : 1              (166667 /sec)
          order  4    : 1              (500000 /sec)
          order  5    : 1              (250000 /sec)
          order  6    : 1              (52632 /sec)
          order  7    : 1              (8264 /sec)
          order  8    : 1              (1007 /sec)
          order  9    : 2              (148 /sec)
          order 10    : 7              (36 /sec)
          order 11    : 30             (11 /sec)
          order 12    : 119            (5 /sec)
          order 13    : 673            (6 /sec)
          order 14    : 1367           (8 /sec)
          order 15    : 2351           (11 /sec)
          order 16    : 3125           (9 /sec)
          order 17    : 16             (7 /sec)
          order 18    : 2              (7 /sec)
          order 19    : 1              (6 /sec)
          order 20    : 1              (6 /sec)
          order 21    : 1              (5 /sec)
          order 22    : 0              (-nan /sec)
Noncanonical subgraphs: 25982          (172 /sec)
          order  3    : 0              (-nan /sec)
          order  4    : 0              (-nan /sec)
          order  5    : 0              (-nan /sec)
          order  6    : 0              (-nan /sec)
          order  7    : 0              (-nan /sec)
          order  8    : 0              (-nan /sec)
          order  9    : 0              (-nan /sec)
          order 10    : 0              (-nan /sec)
          order 11    : 0              (-nan /sec)
          order 12    : 0              (-nan /sec)
          order 13    : 2053           (7299 /sec)
          order 14    : 3600           (2708 /sec)
          order 15    : 12808          (533 /sec)
          order 16    : 1107           (240 /sec)
          order 17    : 6406           (53 /sec)
          order 18    : 7              (36 /sec)
          order 19    : 0              (-nan /sec)
          order 20    : 0              (-nan /sec)
          order 21    : 0              (-nan /sec)
Canonicity checking   : 888.465 s
Noncanonicity checking: 151.229 s
Total canonicity time : 1039.69 s
database reductions   : 147
restarts              : 11067
conflicts             : 6814188        (1857 /sec)
decisions             : 8798710        (0.00 % random) (2398 /sec)
propagations          : 317467066      (86531 /sec)
conflict literals     : 557670263      (56.65 % deleted)
actual reward         : 0.270590
Memory used           : 399.00 MB
CPU time              : 3668.82 s

UNSATISFIABLE
