c --- [ banner ] -------------------------------------------------------------
c 
c CaDiCaL Radically Simplified CDCL SAT Solver
c Copyright (c) 2016-2021 A. Biere, M. Fleury, N. Froleyks
c 
c Version 1.5.2 ca9bff05c11bde5eae4912f9932871d1527e61d8
c g++ (GCC) 9.3.0 -Wall -Wextra -O3 -DNDEBUG
c Thu Jul 28 23:42:48 EDT 2022 Linux gra-login3 3.10.0-1160.66.1.el7.x86_64 x86_64
c 
c --- [ limit ] --------------------------------------------------------------
c 
c setting conflict limit to 200000 conflicts (due to '200000')
c 
c --- [ parsing input ] ------------------------------------------------------
c 
c reading DIMACS file from '23.cubes0.adj'
c opening file to read '23.cubes0.adj'
c found 'p cnf 5320 914883' header
c parsed 914883 clauses in 8.19 seconds process time
c closing file '23.cubes0.adj'
c after reading 637829932 bytes 608.3 MB
c 
c --- [ options ] ------------------------------------------------------------
c 
c all options are set to their default value
c 
c --- [ solving ] ------------------------------------------------------------
c 
c time measured in process time since initialization
c 
c  seconds   reductions  redundant  irredundant
c          MB    restarts       trail      variables
c           level   conflicts       glue        remaining
c 
c *  8.20 622  0 0   0    0    0  0% 0 914847 2045 38%
c {  8.84 657  0 0   0    0    0  0% 0 914847 2045 38%
c i 10.08 684 596 0   9   74   60 31% 9 914847 2044 38%
c i 10.09 684 588 0   9   75   60 31% 9 914847 2043 38%
c i 10.09 684 580 0   9   76   60 31% 9 914847 2042 38%
c i 10.09 684 572 0   9   77   60 31% 8 914847 2041 38%
c i 10.09 684 564 0   9   78   60 31% 8 914847 2040 38%
c i 10.16 685 536 0   9   82   62 31% 9 914847 2039 38%
c i 10.17 685 518 0   9   85   64 30% 10 914847 2038 38%
c i 10.76 692 343 0  19  134  107 30% 16 914847 2037 38%
c i 10.77 692 341 0  19  135  107 30% 16 914847 2036 38%
c i 10.77 692 336 0  20  137  108 30% 16 914847 2035 38%
c i 11.42 696 265 0  33  189  154 29% 21 914847 2034 38%
c i 11.49 696 251 0  35  201  162 28% 21 914847 2033 38%
c i 11.75 698 242 0  40  222  179 28% 24 914847 2032 38%
c i 11.81 699 239 0  41  232  186 28% 28 914847 2031 38%
c i 11.91 699 237 0  43  239  191 28% 31 914847 2030 38%
c i 12.22 700 221 0  50  260  210 27% 30 914847 2029 38%
c - 14.66 676 200 1  57  301  246 27% 28 207182 2029 38%
c i 14.77 677 178 1  57  361  281 26% 24 207182 2028 38%
c 
c  seconds    reductions  redundant   irredundant
c          MB     restarts       trail       variables
c            level   conflicts       glue         remaining
c 
c i 14.81 677 177 1  57  364  283 26% 25 207182 2027 38%
c i 14.85 677 175 1  57  370  287 26% 24 207182 2026 38%
c i 14.85 677 175 1  57  371  287 26% 24 207182 2025 38%
c i 14.85 677 174 1  57  373  288 26% 24 207182 2024 38%
c i 14.98 677 170 1  59  447  340 25% 25 207182 2023 38%
c i 14.98 677 170 1  59  448  340 25% 25 207182 2022 38%
c i 14.98 677 169 1  59  450  341 25% 25 207182 2021 38%
c i 14.98 677 168 1  59  452  342 25% 24 207182 2020 38%
c i 15.00 677 167 1  59  460  346 25% 25 207182 2019 38%
c i 15.01 677 166 1  59  461  346 25% 24 207182 2018 38%
c i 15.01 677 166 1  59  462  346 25% 24 207182 2017 38%
c i 15.03 632 164 1  59  468  351 25% 24 207182 2016 38%
c i 15.16 632 155 1  65  539  414 24% 24 207182 2015 38%
c i 15.16 632 155 1  65  540  414 24% 24 207182 2014 38%
c i 15.16 632 154 1  65  541  414 24% 24 207182 2013 38%
c i 15.18 632 153 1  65  546  418 24% 24 207182 2012 38%
c i 15.18 632 153 1  65  547  418 24% 24 207182 2011 38%
c i 15.18 632 153 1  65  548  418 24% 24 207182 2010 38%
c i 15.18 632 152 1  65  549  418 24% 24 207182 2009 38%
c i 15.18 632 152 1  65  551  419 24% 24 207182 2008 38%
c 
c  seconds    reductions  redundant   irredundant
c          MB     restarts       trail       variables
c            level   conflicts       glue         remaining
c 
c i 15.18 632 152 1  65  552  419 24% 24 207182 2007 38%
c i 15.18 632 151 1  65  553  419 24% 24 207182 2006 38%
c i 15.18 632 151 1  65  554  419 24% 24 207182 2005 38%
c i 15.18 632 151 1  65  556  420 24% 24 207182 2004 38%
c i 15.18 632 150 1  65  558  421 24% 23 207182 2003 38%
c i 15.18 632 150 1  65  559  421 24% 23 207182 2002 38%
c i 15.18 632 150 1  65  560  421 24% 23 207182 2001 38%
c i 15.18 632 149 1  65  561  421 24% 23 207182 2000 38%
c i 15.19 632 149 1  65  562  421 24% 23 207182 1999 38%
c i 15.19 632 149 1  65  563  421 24% 23 207182 1998 38%
c i 15.19 632 149 1  65  564  421 24% 23 207182 1997 38%
c i 15.19 632 148 1  65  565  421 24% 23 207182 1996 38%
c i 15.19 632 148 1  65  566  421 24% 23 207182 1995 38%
c i 15.19 632 148 1  65  567  421 24% 23 207182 1994 37%
c i 15.19 632 148 1  65  568  421 24% 23 207182 1993 37%
c i 15.19 632 147 1  65  569  421 24% 23 207182 1992 37%
c i 15.19 632 147 1  65  570  421 24% 23 207182 1991 37%
c i 15.21 632 146 1  65  576  426 24% 23 207182 1990 37%
c i 15.21 632 146 1  65  577  426 24% 23 207182 1989 37%
c i 15.29 632 143 1  65  592  440 25% 23 207182 1988 37%
c 
c  seconds    reductions  redundant   irredundant
c          MB     restarts       trail       variables
c            level   conflicts       glue         remaining
c 
c i 15.30 632 143 1  65  593  440 25% 23 207182 1987 37%
c i 15.30 632 142 1  65  594  440 25% 23 207182 1986 37%
c i 15.34 632 140 1  65  608  450 25% 23 207182 1985 37%
c i 15.35 632 140 1  65  610  451 25% 23 207182 1984 37%
c i 15.36 632 139 1  65  614  453 25% 23 207182 1983 37%
c i 15.37 632 138 1  65  620  458 25% 23 207182 1982 37%
c i 15.39 632 137 1  65  630  465 25% 23 207182 1981 37%
c i 15.39 632 137 1  65  631  465 25% 23 207182 1980 37%
c i 15.39 632 136 1  65  632  465 25% 23 207182 1979 37%
c i 15.39 632 136 1  65  635  465 25% 23 207182 1978 37%
c i 15.42 632 134 1  65  645  470 25% 22 207182 1977 37%
c i 15.48 632 131 1  65  660  479 25% 22 207182 1976 37%
c i 15.49 632 131 1  65  662  480 25% 22 207182 1975 37%
c i 15.49 632 131 1  65  663  480 25% 22 207182 1974 37%
c i 15.49 632 131 1  65  664  480 25% 22 207182 1973 37%
c i 15.49 632 130 1  65  666  481 25% 22 207182 1972 37%
c i 15.49 632 130 1  65  667  481 25% 22 207182 1971 37%
c i 15.49 632 130 1  65  668  481 25% 22 207182 1970 37%
c i 15.49 632 130 1  65  669  481 25% 22 207182 1969 37%
c i 15.49 632 129 1  65  671  482 25% 22 207182 1968 37%
c 
c  seconds    reductions  redundant   irredundant
c          MB     restarts       trail       variables
c            level   conflicts       glue         remaining
c 
c i 15.49 632 129 1  65  672  482 25% 22 207182 1967 37%
c i 15.49 632 129 1  65  673  482 25% 22 207182 1966 37%
c i 15.49 632 129 1  65  675  483 25% 22 207182 1965 37%
c i 15.49 632 128 1  65  676  483 25% 22 207182 1964 37%
c i 15.49 632 128 1  65  678  484 25% 22 207182 1963 37%
c i 15.49 632 128 1  65  679  484 25% 22 207182 1962 37%
c i 15.49 632 128 1  65  681  485 25% 22 207182 1961 37%
c i 15.52 632 126 1  65  688  491 25% 22 207182 1960 37%
c i 15.63 632 122 1  65  720  509 25% 21 207182 1957 37%
c i 15.68 632 122 1  65  739  520 24% 22 207182 1956 37%
c i 15.71 632 121 1  68  751  527 24% 23 207182 1955 37%
c i 15.72 632 121 1  69  755  529 24% 23 207182 1954 37%
c i 15.75 632 120 1  72  771  541 24% 24 207182 1953 37%
c i 15.84 632 118 1  83  848  592 24% 23 207182 1952 37%
c i 15.89 632 117 1  86  877  613 24% 23 207182 1951 37%
c i 15.89 632 116 1  86  893  622 24% 23 207182 1946 37%
c i 15.95 632 116 1  86  904  631 24% 23 207182 1945 37%
c i 15.97 632 115 1  86  915  641 24% 23 207182 1944 37%
c i 15.98 632 115 1  86  916  641 24% 23 207182 1943 37%
c i 16.09 632 116 1  86  959  672 24% 22 207182 1939 36%
c 
c  seconds    reductions  redundant   irredundant
c          MB     restarts       trail       variables
c            level   conflicts       glue         remaining
c 
c i 16.09 632 116 1  86  963  672 24% 22 207182 1935 36%
c i 16.16 632 117 1  86  977  682 24% 22 207182 1931 36%
c } 16.25 633 117 1  86 1000  704 24% 23 207182 1931 36%
c [ 16.25 633  0 1  86 1000  704  0% 0 207182 1931 36%
c O 16.32 633 70 1  86 1002  706 27% 67 207182 1931 36%
c i 16.33 633 19 1  86 1010  709 26% 17 207182 1930 36%
c i 16.35 633 10 1  86 1022  715 26% 9 207182 1929 36%
c - 16.98 700 46 2  86 1090  641 25% 28 206882 1929 36%
c i 16.99 700 44 2  86 1095  645 25% 27 206882 1928 36%
c i 16.99 700 43 2  86 1096  645 25% 27 206882 1927 36%
c i 16.99 700 43 2  86 1097  645 25% 26 206882 1926 36%
c i 17.05 700 38 2  86 1122  659 25% 23 206882 1925 36%
c i 17.09 700 35 2  86 1139  672 25% 22 206882 1924 36%
c i 17.11 700 32 2  86 1158  687 25% 20 206882 1923 36%
c i 17.18 700 29 2  86 1188  703 25% 19 206882 1922 36%
c i 17.30 700 22 2  86 1342  796 27% 16 206882 1921 36%
c i 17.33 700 21 2  86 1370  816 27% 16 206882 1920 36%
c i 17.36 700 20 2  86 1441  851 28% 15 206882 1919 36%
c i 17.37 700 20 2  86 1455  860 28% 15 206882 1918 36%
c i 17.37 700 20 2  86 1457  861 28% 15 206882 1917 36%
c 
c  seconds   reductions  redundant   irredundant
c          MB    restarts       trail       variables
c           level   conflicts       glue         remaining
c 
c i 17.40 700 19 2  86 1510  880 28% 14 206882 1916 36%
c i 17.40 700 19 2  86 1511  880 28% 14 206882 1915 36%
c i 17.40 700 19 2  86 1521  888 28% 14 206882 1914 36%
c i 17.40 700 19 2  86 1522  888 28% 14 206882 1913 36%
c i 17.41 700 19 2  86 1523  888 28% 14 206882 1912 36%
c i 17.42 700 19 2  86 1551  906 28% 14 206882 1911 36%
c i 17.42 700 18 2  86 1587  909 28% 14 206882 1910 36%
c i 17.42 700 18 2  86 1589  910 28% 14 206882 1909 36%
c i 17.43 700 18 2  86 1596  912 28% 14 206882 1908 36%
c i 17.44 700 17 2  86 1632  920 28% 13 206882 1907 36%
c ] 17.46 700 17 2  86 1667  949 28% 13 206882 1907 36%
c 1 17.46 700 17 2  86 1667  949 28% 13 206882 1907 36%
c 
c --- [ writing output ] -----------------------------------------------------
c 
c writing simplified CNF to DIMACS file 'simp/23.cubes0.adj.simp1'
c * 17.46 700 17 2  86 1667  949 28% 13 206882 1907 36%
c opening file to write 'simp/23.cubes0.adj.simp1'
c writing 'p cnf 5320 206816' header
c closing file 'simp/23.cubes0.adj.simp1'
c after writing 68140460 bytes 65.0 MB
c wrote 206816 clauses in 0.58 seconds process time
c 
c --- [ writing extension ] --------------------------------------------------
c 
c writing extension stack to 'simp/23.cubes0.adj.ext1'
c opening file to write 'simp/23.cubes0.adj.ext1'
c closing file 'simp/23.cubes0.adj.ext1'
c after writing 8510 bytes 0.0 MB
c wrote 576 witnesses in 0.00 seconds process time
c 
c --- [ result ] -------------------------------------------------------------
c 
s SATISFIABLE
c 
c --- [ run-time profiling ] -------------------------------------------------
c 
c process time taken by individual solving procedures
c (percentage relative to process time for solving)
c 
c         9.27  100.00% search
c         8.19   88.42% parse
c         7.40   79.87% unstable
c         1.22   13.12% stable
c         0.65    7.00% lucky
c         0.00    0.00% simplify
c   =================================
c         9.27   51.34% solve
c 
c last line shows process time for solving
c (percentage relative to total process time)
c 
c --- [ statistics ] ---------------------------------------------------------
c 
c chronological:               603        36.17 %  of conflicts
c conflicts:                  1667       179.89    per second
c decisions:                 16295      1758.47    per second
c fixed:                       576        10.83 %  of all variables
c learned:                    1625        97.48 %  per conflict
c learned_lits:             157347       100.00 %  learned literals
c minimized:                     0         0.00 %  learned literals
c shrunken:                  94480        60.05 %  learned literals
c minishrunken:               9627         6.12 %  learned literals
c propagations:             272674         0.03 M  per second
c reduced:                     117         7.02 %  per conflict
c rephased:                      1      1667.00    interval
c restarts:                     86        19.38    interval
c stabilizing:                   1        40.01 %  of conflicts
c subsumed:                    415         0.02 %  of all clauses
c 
c seconds are measured in process time for solving
c 
c --- [ resources ] ----------------------------------------------------------
c 
c total process time since initialization:        18.05    seconds
c total real time since initialization:           19.34    seconds
c maximum resident set size of process:          701.56    MB
c 
c --- [ shutting down ] ------------------------------------------------------
c 
c exit 10
WARNING! DIMACS header mismatch: wrong number of variables.
============================[ Problem Statistics ]=============================
|                                                                             |
|  Number of variables:          5282                                         |
|  Number of clauses:          206816                                         |
|  Parse time:                   1.06 s                                       |
|  Simplification time:          0.04 s                                       |
|                                                                             |
============================[ Search Statistics ]====================================================
| Conflicts |          ORIGINAL         |          LEARNT          | Num Sols |      SUBGRAPHS      |
|           |    Vars  Clauses Literals |    Limit  Clauses Lit/Cl |          | Canonical Noncanon. |
=====================================================================================================
|       100 |    5201   206816 15983505 |     2000       96     38 |        0 |        23         0 |
|       250 |    5195   206816 15983505 |     2000      240     54 |        0 |        37         0 |
|       497 |    5194   206838 15984491 |     2000      486     70 |        0 |        64        22 |
|       865 |    5191   206869 15985153 |     2000      851     72 |        0 |       103        53 |
|      1410 |    5191   206908 15985897 |     2000     1396     63 |        0 |       151        92 |
|      2206 |    5191   206945 15987068 |     3595     1201     35 |        0 |       232       129 |
|      3356 |    5191   206956 15987315 |     3595     2351     50 |        0 |       320       140 |
|      5151 |    5190   207043 15989678 |     4997     2348     52 |        0 |       444       227 |
|      7863 |    5190   207193 15992870 |     6299     2562     49 |        0 |       595       377 |
|     11863 |    5189   207349 15997979 |     7559     3422     45 |        0 |       914       533 |
|     18398 |    5185   208118 16018117 |     8782     6180     60 |        0 |      1450      1302 |
|     27881 |    5185   208952 16036734 |    11199     6280     43 |        0 |      2252      2136 |
|     42000 |    5185   210097 16058696 |    13603     8603     51 |        0 |      3036      3281 |
|     62724 |    5184   211360 16079581 |    16007    15130     69 |        0 |      4048      4544 |
|     94929 |    5183   214373 16130177 |    20816    11745     41 |        0 |      6804      7557 |
|    142866 |    5177   218437 16199629 |    25594    14460     41 |        0 |      9586     11705 |
|    215235 |    5176   225122 16302207 |    31610    16845     38 |        0 |     16532     18390 |
|    325378 |    5176   236736 16484224 |    38807    23185     45 |        0 |     27123     30007 |
|    491045 |    5168   213925 15812856 |    47221    30679     57 |        0 |     46743     47885 |
=====================================================================================================
Number of solutions   : 0
Canonical subgraphs   : 55360          (222 /sec)
          order  3    : 1              (100000 /sec)
          order  4    : 1              (250000 /sec)
          order  5    : 1              (125000 /sec)
          order  6    : 2              (37037 /sec)
          order  7    : 4              (11799 /sec)
          order  8    : 11             (3690 /sec)
          order  9    : 43             (1273 /sec)
          order 10    : 194            (620 /sec)
          order 11    : 1200           (406 /sec)
          order 12    : 5430           (329 /sec)
          order 13    : 13892          (273 /sec)
          order 14    : 12339          (219 /sec)
          order 15    : 11035          (193 /sec)
          order 16    : 7671           (176 /sec)
          order 17    : 3182           (167 /sec)
          order 18    : 318            (153 /sec)
          order 19    : 22             (213 /sec)
          order 20    : 14             (290 /sec)
          order 21    : 0              (-nan /sec)
Noncanonical subgraphs: 56723          (2003 /sec)
          order  3    : 0              (-nan /sec)
          order  4    : 0              (-nan /sec)
          order  5    : 0              (-nan /sec)
          order  6    : 0              (-nan /sec)
          order  7    : 0              (-nan /sec)
          order  8    : 0              (-nan /sec)
          order  9    : 0              (-nan /sec)
          order 10    : 0              (-nan /sec)
          order 11    : 0              (-nan /sec)
          order 12    : 0              (-nan /sec)
          order 13    : 46882          (2116 /sec)
          order 14    : 9375           (1578 /sec)
          order 15    : 204            (2094 /sec)
          order 16    : 209            (3622 /sec)
          order 17    : 28             (3083 /sec)
          order 18    : 9              (1522 /sec)
          order 19    : 1              (7092 /sec)
          order 20    : 0              (-nan /sec)
Canonicity checking   : 249.211 s
Noncanonicity checking: 28.3216 s
Total canonicity time : 277.532 s
database reductions   : 40
restarts              : 1150
conflicts             : 556255         (954 /sec)
decisions             : 758437         (0.00 % random) (1300 /sec)
propagations          : 69094859       (118445 /sec)
conflict literals     : 52282643       (50.48 % deleted)
actual reward         : 0.104195
Memory used           : 240.00 MB
CPU time              : 583.35 s

UNSATISFIABLE
