c --- [ banner ] -------------------------------------------------------------
c 
c CaDiCaL Radically Simplified CDCL SAT Solver
c Copyright (c) 2016-2021 A. Biere, M. Fleury, N. Froleyks
c 
c Version 1.5.2 ca9bff05c11bde5eae4912f9932871d1527e61d8
c g++ (GCC) 9.3.0 -Wall -Wextra -O3 -DNDEBUG
c Thu Jul 28 23:42:48 EDT 2022 Linux gra-login3 3.10.0-1160.66.1.el7.x86_64 x86_64
c 
c --- [ limit ] --------------------------------------------------------------
c 
c setting conflict limit to 200000 conflicts (due to '200000')
c 
c --- [ parsing input ] ------------------------------------------------------
c 
c reading DIMACS file from '23.cubes652.adj'
c opening file to read '23.cubes652.adj'
c found 'p cnf 5320 914900' header
c parsed 914900 clauses in 8.25 seconds process time
c closing file '23.cubes652.adj'
c after reading 637830040 bytes 608.3 MB
c 
c --- [ options ] ------------------------------------------------------------
c 
c all options are set to their default value
c 
c --- [ solving ] ------------------------------------------------------------
c 
c time measured in process time since initialization
c 
c  seconds   reductions  redundant  irredundant
c          MB    restarts       trail      variables
c           level   conflicts       glue        remaining
c 
c *  8.25 630  0 0   0    0    0  0% 0 914847 2051 39%
c {  8.89 665  0 0   0    0    0  0% 0 914847 2051 39%
c i 10.69 702 459 0   5   61   57 28% 7 914847 2050 39%
c i 11.31 707 307 0  15   92   67 25% 8 914847 2049 39%
c i 11.36 707 301 0  16   94   68 25% 8 914847 2013 38%
c i 12.92 716 172 0  38  199  139 25% 16 914847 2012 38%
c i 14.14 720 140 0  58  284  196 24% 20 914847 2011 38%
c - 16.38 715 139 1  63  302  213 25% 23 310167 2011 38%
c i 16.66 689 136 1  66  317  226 25% 23 310167 1999 38%
c i 17.99 691 111 1  84  452  337 25% 22 310167 1998 38%
c i 19.06 692 103 1 103  615  447 25% 24 310167 1997 38%
c i 19.07 692 103 1 103  616  447 25% 23 310167 1996 38%
c i 19.60 693 99 1 109  684  499 25% 24 310167 1995 38%
c i 20.30 694 96 1 121  769  573 25% 25 310167 1993 37%
c i 20.86 694 90 1 126  863  645 25% 24 310167 1992 37%
c i 20.87 694 90 1 126  864  645 25% 24 310167 1991 37%
c i 20.87 694 90 1 126  873  650 25% 24 310167 1990 37%
c i 20.87 694 90 1 126  874  650 25% 24 310167 1989 37%
c i 20.88 694 89 1 126  879  654 25% 24 310167 1988 37%
c i 20.98 694 89 1 126  886  660 25% 24 310167 1987 37%
c 
c  seconds   reductions  redundant   irredundant
c          MB    restarts       trail       variables
c           level   conflicts       glue         remaining
c 
c i 21.41 694 87 1 127  990  742 25% 24 310167 1986 37%
c } 21.52 694 87 1 127 1000  752 25% 24 310167 1986 37%
c [ 21.52 694  0 1 127 1000  752  0% 0 310167 1986 37%
c O 21.55 694 92 1 127 1004  756 23% 14 310167 1986 37%
c i 21.90 694 18 1 127 1065  787 20% 11 310167 1985 37%
c i 21.96 694 18 1 127 1072  793 21% 11 310167 1984 37%
c i 22.02 694 18 1 127 1090  804 23% 12 310167 1983 37%
c i 22.21 694 19 1 127 1163  872 26% 14 310167 1982 37%
c - 22.88 820 19 2 127 1196  792 26% 14 309926 1982 37%
c i 23.27 820 20 2 127 1348  888 27% 16 309926 1981 37%
c i 23.28 820 20 2 127 1364  894 27% 16 309926 1980 37%
c i 23.31 820 20 2 127 1424  936 27% 15 309926 1979 37%
c i 23.36 820 19 2 127 1492  980 27% 15 309926 1978 37%
c i 23.98 820 22 2 128 2288 1478 28% 17 309926 1977 37%
c - 24.60 819 24 3 128 2538 1268 28% 19 309911 1977 37%
c i 25.27 819 23 3 128 2782 1440 48% 19 309911 1976 37%
c ] 25.47 819 23 3 128 3001 1563 49% 19 309911 1976 37%
c { 25.47 819 87 3 128 3001 1563 68% 24 309911 1976 37%
c F 25.49 819 87 3 128 3007 1569 68% 24 309911 1976 37%
c i 25.85 819 82 3 128 3101 1641 66% 24 309911 1975 37%
c 
c  seconds   reductions  redundant   irredundant
c          MB    restarts       trail       variables
c           level   conflicts       glue         remaining
c 
c i 26.19 819 78 3 131 3219 1702 63% 23 309911 1974 37%
c i 26.50 819 78 3 140 3257 1734 62% 24 309911 1973 37%
c i 26.92 819 72 3 146 3535 1825 56% 21 309911 1972 37%
c i 28.01 819 65 3 160 3899 2127 54% 21 309911 1971 37%
c - 29.26 817 58 4 169 4327 1814 52% 20 309893 1971 37%
c i 30.81 817 58 4 205 4539 1963 51% 20 309893 1970 37%
c i 31.44 817 58 4 222 4671 2070 51% 20 309893 1969 37%
c d 32.36 817 54 4 222 5000 2297 51% 20 293309 1961 37%
c 2 32.43 817 54 4 222 5000 3479 51% 20 293307 1957 37%
c p 40.58 817 54 4 222 5000 6003 51% 20 293307 1921 36%
c d 41.00 817 54 4 222 5000 5954 51% 20 293187 1920 36%
c # 43.11 817 45 4 241 6008 6609 51% 19 293187 1920 36%
c - 46.07 740 47 5 366 6566 2920 50% 21 293187 1920 36%
c } 48.38 740 47 5 399 7006 3265 50% 21 293187 1920 36%
c [ 48.38 740 23 5 399 7006 3265 49% 19 293187 1920 36%
c - 51.46 739 27 6 401 9208 3237 51% 22 293187 1920 36%
c I 52.09 740 28 6 401 10009 3738 52% 23 293187 1920 36%
c - 56.57 740 26 7 403 12289 3426 51% 22 293187 1920 36%
c 2 62.20 740 26 7 404 15001 5885 52% 22 293186 1920 36%
c p 67.38 740 26 7 404 15001 8420 52% 22 293186 1918 36%
c 
c  seconds   reductions   redundant   irredundant
c          MB    restarts        trail       variables
c           level    conflicts       glue         remaining
c 
c ] 67.50 740 26 7 404 15007 8422 52% 22 293186 1918 36%
c { 67.50 740 47 7 404 15007 8422 50% 21 293186 1918 36%
c B 67.54 740 47 7 404 15011 8426 50% 21 293186 1918 36%
c - 69.59 740 45 8 460 15810 4102 50% 21 293180 1918 36%
c s 71.23 740 41 8 492 17603 5185 50% 21 292137 1918 36%
c v 76.53 740 41 8 492 17603 5185 50% 21 292126 1918 36%
c t 76.65 740 41 8 492 17603 5180 50% 21 292116 1918 36%
c e 77.84 741 41 8 492 17603 4757 50% 21 289867 852 16%
c s 77.94 741 41 8 492 17603 4757 50% 21 289619 852 16%
c - 85.64 741 39 9 679 19773 4769 69% 21 289619 852 16%
c W 88.94 741 38 9 759 21013 5731 70% 21 289619 852 16%
c } 90.91 741 35 9 808 23417 7574 71% 20 289619 852 16%
c 1 90.91 741 35 9 808 23417 7574 71% 20 289619 852 16%
c 
c --- [ writing output ] -----------------------------------------------------
c 
c writing simplified CNF to DIMACS file 'simp/23.cubes652.adj.simp1'
c * 90.91 741 35 9 808 23417 7574 71% 20 289619 852 16%
c opening file to write 'simp/23.cubes652.adj.simp1'
c writing 'p cnf 5320 289619' header
c closing file 'simp/23.cubes652.adj.simp1'
c after writing 123926111 bytes 118.2 MB
c wrote 289619 clauses in 0.93 seconds process time
c 
c --- [ writing extension ] --------------------------------------------------
c 
c writing extension stack to 'simp/23.cubes652.adj.ext1'
c opening file to write 'simp/23.cubes652.adj.ext1'
c closing file 'simp/23.cubes652.adj.ext1'
c after writing 74369 bytes 0.1 MB
c wrote 3241 witnesses in 0.00 seconds process time
c 
c --- [ result ] -------------------------------------------------------------
c 
s SATISFIABLE
c 
c --- [ run-time profiling ] -------------------------------------------------
c 
c process time taken by individual solving procedures
c (percentage relative to process time for solving)
c 
c        60.54   73.24% search
c        41.86   50.64% unstable
c        22.12   26.76% simplify
c        17.80   21.53% stable
c        13.32   16.11% probe
c         8.25    9.98% parse
c         5.38    6.51% vivify
c         2.13    2.58% elim
c         0.64    0.77% lucky
c         0.25    0.30% walk
c         0.21    0.26% subsume
c         0.10    0.12% ternary
c   =================================
c        82.66   90.00% solve
c 
c last line shows process time for solving
c (percentage relative to total process time)
c 
c --- [ statistics ] ---------------------------------------------------------
c 
c chronological:              5074        21.67 %  of conflicts
c conflicts:                 23417       283.30    per second
c decisions:                 77939       942.92    per second
c eliminated:                 1066        20.04 %  of all variables
c fixed:                       556        10.45 %  of all variables
c learned:                   22917        97.86 %  per conflict
c learned_lits:            3808168       100.00 %  learned literals
c minimized:                     0         0.00 %  learned literals
c shrunken:                2266433        59.52 %  learned literals
c minishrunken:             321257         8.44 %  learned literals
c propagations:            2939756         0.04 M  per second
c reduced:                    7927        33.85 %  per conflict
c rephased:                      6      3902.83    interval
c restarts:                    808        28.98    interval
c stabilizing:                   2        42.71 %  of conflicts
c substituted:                   9         0.17 %  of all variables
c subsumed:                   8431         0.41 %  of all clauses
c strengthened:               6645         0.32 %  of all clauses
c ternary:                    2057         0.66 %  of resolved
c vivified:                     12         0.00 %  of all clauses
c walked:                        1     23417.00    interval
c weakened:                   2685         3.06    average size
c 
c seconds are measured in process time for solving
c 
c --- [ resources ] ----------------------------------------------------------
c 
c total process time since initialization:        91.84    seconds
c total real time since initialization:           92.08    seconds
c maximum resident set size of process:          944.08    MB
c 
c --- [ shutting down ] ------------------------------------------------------
c 
c exit 10
WARNING! DIMACS header mismatch: wrong number of variables.
============================[ Problem Statistics ]=============================
|                                                                             |
|  Number of variables:          5282                                         |
|  Number of clauses:          289623                                         |
|  Parse time:                   1.70 s                                       |
|  Simplification time:          0.03 s                                       |
|                                                                             |
============================[ Search Statistics ]====================================================
| Conflicts |          ORIGINAL         |          LEARNT          | Num Sols |      SUBGRAPHS      |
|           |    Vars  Clauses Literals |    Limit  Clauses Lit/Cl |          | Canonical Noncanon. |
=====================================================================================================
|       156 |    5208   289679 28049192 |     2000      156     49 |        0 |        35        56 |
|       527 |    5208   289900 28053379 |     2000      527     27 |        0 |       174       277 |
|      1108 |    5208   290256 28058328 |     2000     1108     20 |        0 |       312       633 |
|      1750 |    5208   290561 28062340 |     2000     1750     17 |        0 |       404       938 |
|      3480 |    5208   291785 28080348 |     3607     2487     13 |        0 |       754      2162 |
|      5583 |    5208   293129 28100862 |     5008     2791     12 |        0 |      1319      3506 |
|     11468 |    5208   297875 28163476 |     6307     6175     12 |        0 |      2278      8252 |
|     20529 |    5208   305228 28248312 |     8782     8311     10 |        0 |      3469     15605 |
|     33854 |    5208   315991 28391735 |    12404     6658     10 |        0 |      5389     26368 |
=====================================================================================================
Number of solutions   : 0
Canonical subgraphs   : 6136           (154 /sec)
          order  3    : 1              (166667 /sec)
          order  4    : 1              (500000 /sec)
          order  5    : 1              (200000 /sec)
          order  6    : 1              (52632 /sec)
          order  7    : 2              (9662 /sec)
          order  8    : 6              (2590 /sec)
          order  9    : 20             (1091 /sec)
          order 10    : 72             (517 /sec)
          order 11    : 262            (309 /sec)
          order 12    : 1109           (212 /sec)
          order 13    : 4386           (154 /sec)
          order 14    : 260            (55 /sec)
          order 15    : 15             (42 /sec)
          order 16    : 0              (-nan /sec)
          order 17    : 0              (-nan /sec)
          order 18    : 0              (-nan /sec)
          order 19    : 0              (-nan /sec)
          order 20    : 0              (-nan /sec)
          order 21    : 0              (-nan /sec)
Noncanonical subgraphs: 33087          (932 /sec)
          order  3    : 0              (-nan /sec)
          order  4    : 0              (-nan /sec)
          order  5    : 0              (-nan /sec)
          order  6    : 0              (-nan /sec)
          order  7    : 0              (-nan /sec)
          order  8    : 0              (-nan /sec)
          order  9    : 0              (-nan /sec)
          order 10    : 0              (-nan /sec)
          order 11    : 0              (-nan /sec)
          order 12    : 0              (-nan /sec)
          order 13    : 6456           (8360 /sec)
          order 14    : 25805          (803 /sec)
          order 15    : 781            (313 /sec)
          order 16    : 45             (553 /sec)
          order 17    : 0              (-nan /sec)
          order 18    : 0              (-nan /sec)
          order 19    : 0              (-nan /sec)
          order 20    : 0              (-nan /sec)
Canonicity checking   : 39.7943 s
Noncanonicity checking: 35.5056 s
Total canonicity time : 75.3 s
database reductions   : 9
restarts              : 127
conflicts             : 41650          (426 /sec)
decisions             : 93812          (0.00 % random) (960 /sec)
propagations          : 1651366        (16905 /sec)
conflict literals     : 532567         (65.80 % deleted)
actual reward         : 0.100029
Memory used           : 151.00 MB
CPU time              : 97.6828 s

UNSATISFIABLE
