c --- [ banner ] -------------------------------------------------------------
c 
c CaDiCaL Radically Simplified CDCL SAT Solver
c Copyright (c) 2016-2021 A. Biere, M. Fleury, N. Froleyks
c 
c Version 1.5.2 ca9bff05c11bde5eae4912f9932871d1527e61d8
c g++ (GCC) 9.3.0 -Wall -Wextra -O3 -DNDEBUG
c Thu Jul 28 23:42:48 EDT 2022 Linux gra-login3 3.10.0-1160.66.1.el7.x86_64 x86_64
c 
c --- [ limit ] --------------------------------------------------------------
c 
c setting conflict limit to 200000 conflicts (due to '200000')
c 
c --- [ parsing input ] ------------------------------------------------------
c 
c reading DIMACS file from '23.cubes260.adj'
c opening file to read '23.cubes260.adj'
c found 'p cnf 5320 914891' header
c parsed 914891 clauses in 6.57 seconds process time
c closing file '23.cubes260.adj'
c after reading 637829982 bytes 608.3 MB
c 
c --- [ options ] ------------------------------------------------------------
c 
c all options are set to their default value
c 
c --- [ solving ] ------------------------------------------------------------
c 
c time measured in process time since initialization
c 
c  seconds   reductions  redundant  irredundant
c          MB    restarts       trail      variables
c           level   conflicts       glue        remaining
c 
c *  6.57 632  0 0   0    0    0  0% 0 914847 2122 40%
c {  7.17 669  0 0   0    0    0  0% 0 914847 2122 40%
c i  8.30 709 500 0   8   48   44 31% 20 914847 2121 40%
c i  8.74 714 394 0  13   67   60 29% 27 914847 2120 40%
c i  9.32 720 233 0  16  117   98 26% 19 914847 2119 40%
c i 10.36 726 149 0  46  263  219 27% 36 914847 2068 39%
c - 12.05 703 139 1  52  301  253 27% 35 176429 2067 39%
c i 12.18 703 136 1  52  351  288 27% 34 176429 2066 39%
c i 12.21 703 135 1  52  367  302 27% 34 176429 2065 39%
c i 12.25 634 132 1  55  387  318 27% 35 176429 2064 39%
c i 12.27 634 131 1  56  393  322 27% 35 176429 2063 39%
c i 12.33 634 127 1  57  417  339 27% 34 176429 2062 39%
c i 12.35 634 126 1  57  424  345 27% 34 176429 2061 39%
c i 12.50 634 116 1  57  499  406 27% 34 176429 2060 39%
c i 12.52 634 115 1  57  512  417 27% 34 176429 2059 39%
c i 12.61 634 100 1  58  637  499 27% 32 176429 2058 39%
c i 12.66 634 91 1  58  724  562 27% 31 176429 2057 39%
c i 12.86 634 95 1  69  775  609 27% 33 176429 2056 39%
c i 12.93 634 94 1  79  808  634 27% 33 176429 2055 39%
c i 13.24 634 93 1  87  889  697 27% 33 176429 2054 39%
c 
c  seconds   reductions  redundant   irredundant
c          MB    restarts       trail       variables
c           level   conflicts       glue         remaining
c 
c i 13.26 634 92 1  87  900  705 27% 33 176429 2053 39%
c i 13.28 634 91 1  87  946  745 27% 33 176429 2052 39%
c i 13.29 634 90 1  87  974  771 27% 33 176429 2051 39%
c } 13.35 634 91 1  89 1001  792 27% 33 176429 2051 39%
c [ 13.35 634  0 1  89 1001  792  0% 0 176429 2051 39%
c O 13.35 634  0 1  89 1002  792 13% 0 176429 2051 39%
c i 13.35 634  0 1  89 1002  792 13% 0 176429 2049 39%
c i 13.35 634  0 1  89 1003  792 12% 0 176429 2038 38%
c i 13.35 634  0 1  89 1004  792 11% 0 176429 2027 38%
c - 13.69 706 11 2  89 1049  702 20% 7 175708 2027 38%
c i 13.75 706 16 2  89 1105  741 27% 12 175708 2026 38%
c i 13.75 706 16 2  89 1121  752 27% 13 175708 2025 38%
c i 13.78 706 16 2  89 1195  789 29% 13 175708 2024 38%
c i 13.79 706 16 2  89 1270  821 30% 13 175708 2023 38%
c i 13.79 706 16 2  89 1273  823 30% 13 175708 2022 38%
c i 13.80 706 16 2  89 1305  836 30% 13 175708 2021 38%
c i 13.83 706 16 2  89 1445  890 30% 14 175708 2020 38%
c i 13.84 706 16 2  89 1489  911 31% 14 175708 2019 38%
c - 14.11 705 15 3  90 2171  838 31% 13 175685 2019 38%
c i 14.28 705 16 3  90 2487 1008 59% 14 175685 2018 38%
c 
c  seconds   reductions  redundant   irredundant
c          MB    restarts       trail       variables
c           level   conflicts       glue         remaining
c 
c i 14.28 705 16 3  90 2494 1013 59% 14 175685 2017 38%
c i 14.30 705 16 3  90 2579 1062 58% 14 175685 2016 38%
c ] 14.37 705 17 3  90 2937 1256 58% 15 175685 2016 38%
c 1 14.37 705 17 3  90 2937 1256 58% 15 175685 2016 38%
c 
c --- [ writing output ] -----------------------------------------------------
c 
c writing simplified CNF to DIMACS file 'simp/23.cubes260.adj.simp1'
c * 14.37 705 17 3  90 2937 1256 58% 15 175685 2016 38%
c opening file to write 'simp/23.cubes260.adj.simp1'
c writing 'p cnf 5320 175677' header
c closing file 'simp/23.cubes260.adj.simp1'
c after writing 79301090 bytes 75.6 MB
c wrote 175677 clauses in 0.50 seconds process time
c 
c --- [ writing extension ] --------------------------------------------------
c 
c writing extension stack to 'simp/23.cubes260.adj.ext1'
c opening file to write 'simp/23.cubes260.adj.ext1'
c closing file 'simp/23.cubes260.adj.ext1'
c after writing 6702 bytes 0.0 MB
c wrote 467 witnesses in 0.00 seconds process time
c 
c --- [ result ] -------------------------------------------------------------
c 
s SATISFIABLE
c 
c --- [ run-time profiling ] -------------------------------------------------
c 
c process time taken by individual solving procedures
c (percentage relative to process time for solving)
c 
c         7.80  100.00% search
c         6.57   84.26% parse
c         6.18   79.18% unstable
c         1.03   13.14% stable
c         0.60    7.67% lucky
c         0.00    0.00% simplify
c   =================================
c         7.80   52.45% solve
c 
c last line shows process time for solving
c (percentage relative to total process time)
c 
c --- [ statistics ] ---------------------------------------------------------
c 
c chronological:               703        23.94 %  of conflicts
c conflicts:                  2937       376.58    per second
c decisions:                 16646      2134.34    per second
c fixed:                       467         8.78 %  of all variables
c learned:                    2875        97.89 %  per conflict
c learned_lits:             503415       100.00 %  learned literals
c minimized:                     0         0.00 %  learned literals
c shrunken:                 384337        76.35 %  learned literals
c minishrunken:              15705         3.12 %  learned literals
c propagations:             358666         0.05 M  per second
c reduced:                     472        16.07 %  per conflict
c rephased:                      1      2937.00    interval
c restarts:                     90        32.63    interval
c stabilizing:                   1        65.92 %  of conflicts
c subsumed:                   1110         0.06 %  of all clauses
c 
c seconds are measured in process time for solving
c 
c --- [ resources ] ----------------------------------------------------------
c 
c total process time since initialization:        14.87    seconds
c total real time since initialization:           16.09    seconds
c maximum resident set size of process:          777.07    MB
c 
c --- [ shutting down ] ------------------------------------------------------
c 
c exit 10
WARNING! DIMACS header mismatch: wrong number of variables.
============================[ Problem Statistics ]=============================
|                                                                             |
|  Number of variables:          5282                                         |
|  Number of clauses:          175677                                         |
|  Parse time:                   1.15 s                                       |
|  Simplification time:          0.03 s                                       |
|                                                                             |
============================[ Search Statistics ]====================================================
| Conflicts |          ORIGINAL         |          LEARNT          | Num Sols |      SUBGRAPHS      |
|           |    Vars  Clauses Literals |    Limit  Clauses Lit/Cl |          | Canonical Noncanon. |
=====================================================================================================
|       101 |    5206   175678 17629013 |     2000      101    164 |        0 |        16         1 |
|       254 |    5206   175681 17629269 |     2000      254    161 |        0 |        25         4 |
|       483 |    5205   175685 17629603 |     2000      482    148 |        0 |        28         8 |
|       927 |    5202   175792 17631428 |     2000      923    126 |        0 |        45       115 |
|      2538 |    5202   176897 17650012 |     3598     1536     16 |        0 |       355      1220 |
|      4506 |    5194   178106 17669924 |     3598     3499     27 |        0 |       536      2429 |
|      5956 |    5192   178417 17675735 |     5000     3154     53 |        0 |       607      2740 |
|      7890 |    5192   178643 17680142 |     6302     2592     19 |        0 |       656      2966 |
|     11000 |    5191   179191 17689271 |     6302     5701     57 |        0 |       819      3514 |
|     15787 |    5191   180134 17707337 |     7557     7344     61 |        0 |       999      4457 |
|     22543 |    5191   181124 17721331 |     9998     5941     34 |        0 |      1120      5447 |
|     32946 |    5191   182878 17751966 |    12403     5749     18 |        0 |      1504      7201 |
|     50065 |    5191   187023 17818114 |    14810     9875     43 |        0 |      1902     11346 |
|     72552 |    5191   190049 17866878 |    17211    16963     69 |        0 |      2439     14372 |
|    124714 |    5190   213019 18215440 |    23214    20128     40 |        0 |      4292     37342 |
|    171096 |    5190   215612 18252230 |    28002    16498     33 |        0 |      4677     39935 |
|    244603 |    5190   186521 14795665 |    32824    30427     65 |        0 |      5504     47758 |
|    348411 |    5190   191803 14875156 |    40014    26825     48 |        0 |      6270     53040 |
|    503520 |    5190   199123 14971183 |    48427    29347     42 |        0 |      7351     60360 |
|    739188 |    5129   197125 14910406 |    57978    54566     67 |        0 |      9131     74345 |
=====================================================================================================
Number of solutions   : 0
Canonical subgraphs   : 10368          (16 /sec)
          order  3    : 1              (250000 /sec)
          order  4    : 1              (500000 /sec)
          order  5    : 1              (250000 /sec)
          order  6    : 1              (52632 /sec)
          order  7    : 2              (10363 /sec)
          order  8    : 5              (2408 /sec)
          order  9    : 9              (439 /sec)
          order 10    : 37             (129 /sec)
          order 11    : 131            (32 /sec)
          order 12    : 632            (12 /sec)
          order 13    : 3801           (15 /sec)
          order 14    : 2052           (24 /sec)
          order 15    : 1912           (16 /sec)
          order 16    : 1343           (12 /sec)
          order 17    : 372            (14 /sec)
          order 18    : 45             (12 /sec)
          order 19    : 12             (20 /sec)
          order 20    : 11             (21 /sec)
          order 21    : 0              (-nan /sec)
Noncanonical subgraphs: 87904          (857 /sec)
          order  3    : 0              (-nan /sec)
          order  4    : 0              (-nan /sec)
          order  5    : 0              (-nan /sec)
          order  6    : 0              (-nan /sec)
          order  7    : 0              (-nan /sec)
          order  8    : 0              (-nan /sec)
          order  9    : 0              (-nan /sec)
          order 10    : 0              (-nan /sec)
          order 11    : 0              (-nan /sec)
          order 12    : 0              (-nan /sec)
          order 13    : 7814           (7282 /sec)
          order 14    : 64270          (865 /sec)
          order 15    : 11392          (1104 /sec)
          order 16    : 3246           (729 /sec)
          order 17    : 1060           (104 /sec)
          order 18    : 77             (69 /sec)
          order 19    : 19             (518 /sec)
          order 20    : 4              (659 /sec)
Canonicity checking   : 659.217 s
Noncanonicity checking: 102.574 s
Total canonicity time : 761.791 s
database reductions   : 52
restarts              : 2041
conflicts             : 925777         (932 /sec)
decisions             : 1327535        (0.00 % random) (1336 /sec)
propagations          : 86013661       (86564 /sec)
conflict literals     : 99456507       (52.80 % deleted)
actual reward         : 0.134559
Memory used           : 238.00 MB
CPU time              : 993.643 s

UNSATISFIABLE
