+ '[' -z 1520 ']'
+ f=constraints_22_11.simp-noncanon.simp
+ c=22-cubes/30.cubes
+ i=1520
+ s=70
+ adj=22-cubes/30.cubes1520.adj
+ cnf=22-cubes/30.cubes1520.cnf
+ ext=22-cubes/30.cubes1520.ext
+ cnfext=22-cubes/30.cubes1520.cnfext
+ unitlines=0
++ sed '1521q;d' 22-cubes/30.cubes
+ for b in '$(sed "$((i+1))q;d" "$c")'
+ [[ a != \a ]]
+ for b in '$(sed "$((i+1))q;d" "$c")'
+ [[ -92 != \a ]]
+ [[ -92 != \0 ]]
+ unitlines=1
+ for b in '$(sed "$((i+1))q;d" "$c")'
+ [[ 137 != \a ]]
+ [[ 137 != \0 ]]
+ unitlines=2
+ for b in '$(sed "$((i+1))q;d" "$c")'
+ [[ -121 != \a ]]
+ [[ -121 != \0 ]]
+ unitlines=3
+ for b in '$(sed "$((i+1))q;d" "$c")'
+ [[ -68 != \a ]]
+ [[ -68 != \0 ]]
+ unitlines=4
+ for b in '$(sed "$((i+1))q;d" "$c")'
+ [[ -158 != \a ]]
+ [[ -158 != \0 ]]
+ unitlines=5
+ for b in '$(sed "$((i+1))q;d" "$c")'
+ [[ -25 != \a ]]
+ [[ -25 != \0 ]]
+ unitlines=6
+ for b in '$(sed "$((i+1))q;d" "$c")'
+ [[ -153 != \a ]]
+ [[ -153 != \0 ]]
+ unitlines=7
+ for b in '$(sed "$((i+1))q;d" "$c")'
+ [[ -169 != \a ]]
+ [[ -169 != \0 ]]
+ unitlines=8
+ for b in '$(sed "$((i+1))q;d" "$c")'
+ [[ -168 != \a ]]
+ [[ -168 != \0 ]]
+ unitlines=9
+ for b in '$(sed "$((i+1))q;d" "$c")'
+ [[ -210 != \a ]]
+ [[ -210 != \0 ]]
+ unitlines=10
+ for b in '$(sed "$((i+1))q;d" "$c")'
+ [[ 171 != \a ]]
+ [[ 171 != \0 ]]
+ unitlines=11
+ for b in '$(sed "$((i+1))q;d" "$c")'
+ [[ -207 != \a ]]
+ [[ -207 != \0 ]]
+ unitlines=12
+ for b in '$(sed "$((i+1))q;d" "$c")'
+ [[ 93 != \a ]]
+ [[ 93 != \0 ]]
+ unitlines=13
+ for b in '$(sed "$((i+1))q;d" "$c")'
+ [[ 81 != \a ]]
+ [[ 81 != \0 ]]
+ unitlines=14
+ for b in '$(sed "$((i+1))q;d" "$c")'
+ [[ -187 != \a ]]
+ [[ -187 != \0 ]]
+ unitlines=15
+ for b in '$(sed "$((i+1))q;d" "$c")'
+ [[ -227 != \a ]]
+ [[ -227 != \0 ]]
+ unitlines=16
+ for b in '$(sed "$((i+1))q;d" "$c")'
+ [[ -167 != \a ]]
+ [[ -167 != \0 ]]
+ unitlines=17
+ for b in '$(sed "$((i+1))q;d" "$c")'
+ [[ -151 != \a ]]
+ [[ -151 != \0 ]]
+ unitlines=18
+ for b in '$(sed "$((i+1))q;d" "$c")'
+ [[ -166 != \a ]]
+ [[ -166 != \0 ]]
+ unitlines=19
+ for b in '$(sed "$((i+1))q;d" "$c")'
+ [[ -206 != \a ]]
+ [[ -206 != \0 ]]
+ unitlines=20
+ for b in '$(sed "$((i+1))q;d" "$c")'
+ [[ -143 != \a ]]
+ [[ -143 != \0 ]]
+ unitlines=21
+ for b in '$(sed "$((i+1))q;d" "$c")'
+ [[ 69 != \a ]]
+ [[ 69 != \0 ]]
+ unitlines=22
+ for b in '$(sed "$((i+1))q;d" "$c")'
+ [[ -58 != \a ]]
+ [[ -58 != \0 ]]
+ unitlines=23
+ for b in '$(sed "$((i+1))q;d" "$c")'
+ [[ 134 != \a ]]
+ [[ 134 != \0 ]]
+ unitlines=24
+ for b in '$(sed "$((i+1))q;d" "$c")'
+ [[ 0 != \a ]]
+ [[ 0 != \0 ]]
++ cut '-d ' -f3
++ head -n 1 constraints_22_11.simp-noncanon.simp
+ numvars=6160
++ cut '-d ' -f4
++ head -n 1 constraints_22_11.simp-noncanon.simp
+ numlines=1786659
+ newlines=1786683
+ echo 'p cnf 6160 1786683'
+ tail constraints_22_11.simp-noncanon.simp -n +2
++ sed '1521q;d' 22-cubes/30.cubes
+ for b in '$(sed "$((i+1))q;d" "$c")'
+ [[ a != \a ]]
+ for b in '$(sed "$((i+1))q;d" "$c")'
+ [[ -92 != \a ]]
+ [[ -92 != \0 ]]
+ echo '-92 0'
+ for b in '$(sed "$((i+1))q;d" "$c")'
+ [[ 137 != \a ]]
+ [[ 137 != \0 ]]
+ echo '137 0'
+ for b in '$(sed "$((i+1))q;d" "$c")'
+ [[ -121 != \a ]]
+ [[ -121 != \0 ]]
+ echo '-121 0'
+ for b in '$(sed "$((i+1))q;d" "$c")'
+ [[ -68 != \a ]]
+ [[ -68 != \0 ]]
+ echo '-68 0'
+ for b in '$(sed "$((i+1))q;d" "$c")'
+ [[ -158 != \a ]]
+ [[ -158 != \0 ]]
+ echo '-158 0'
+ for b in '$(sed "$((i+1))q;d" "$c")'
+ [[ -25 != \a ]]
+ [[ -25 != \0 ]]
+ echo '-25 0'
+ for b in '$(sed "$((i+1))q;d" "$c")'
+ [[ -153 != \a ]]
+ [[ -153 != \0 ]]
+ echo '-153 0'
+ for b in '$(sed "$((i+1))q;d" "$c")'
+ [[ -169 != \a ]]
+ [[ -169 != \0 ]]
+ echo '-169 0'
+ for b in '$(sed "$((i+1))q;d" "$c")'
+ [[ -168 != \a ]]
+ [[ -168 != \0 ]]
+ echo '-168 0'
+ for b in '$(sed "$((i+1))q;d" "$c")'
+ [[ -210 != \a ]]
+ [[ -210 != \0 ]]
+ echo '-210 0'
+ for b in '$(sed "$((i+1))q;d" "$c")'
+ [[ 171 != \a ]]
+ [[ 171 != \0 ]]
+ echo '171 0'
+ for b in '$(sed "$((i+1))q;d" "$c")'
+ [[ -207 != \a ]]
+ [[ -207 != \0 ]]
+ echo '-207 0'
+ for b in '$(sed "$((i+1))q;d" "$c")'
+ [[ 93 != \a ]]
+ [[ 93 != \0 ]]
+ echo '93 0'
+ for b in '$(sed "$((i+1))q;d" "$c")'
+ [[ 81 != \a ]]
+ [[ 81 != \0 ]]
+ echo '81 0'
+ for b in '$(sed "$((i+1))q;d" "$c")'
+ [[ -187 != \a ]]
+ [[ -187 != \0 ]]
+ echo '-187 0'
+ for b in '$(sed "$((i+1))q;d" "$c")'
+ [[ -227 != \a ]]
+ [[ -227 != \0 ]]
+ echo '-227 0'
+ for b in '$(sed "$((i+1))q;d" "$c")'
+ [[ -167 != \a ]]
+ [[ -167 != \0 ]]
+ echo '-167 0'
+ for b in '$(sed "$((i+1))q;d" "$c")'
+ [[ -151 != \a ]]
+ [[ -151 != \0 ]]
+ echo '-151 0'
+ for b in '$(sed "$((i+1))q;d" "$c")'
+ [[ -166 != \a ]]
+ [[ -166 != \0 ]]
+ echo '-166 0'
+ for b in '$(sed "$((i+1))q;d" "$c")'
+ [[ -206 != \a ]]
+ [[ -206 != \0 ]]
+ echo '-206 0'
+ for b in '$(sed "$((i+1))q;d" "$c")'
+ [[ -143 != \a ]]
+ [[ -143 != \0 ]]
+ echo '-143 0'
+ for b in '$(sed "$((i+1))q;d" "$c")'
+ [[ 69 != \a ]]
+ [[ 69 != \0 ]]
+ echo '69 0'
+ for b in '$(sed "$((i+1))q;d" "$c")'
+ [[ -58 != \a ]]
+ [[ -58 != \0 ]]
+ echo '-58 0'
+ for b in '$(sed "$((i+1))q;d" "$c")'
+ [[ 134 != \a ]]
+ [[ 134 != \0 ]]
+ echo '134 0'
+ for b in '$(sed "$((i+1))q;d" "$c")'
+ [[ 0 != \a ]]
+ [[ 0 != \0 ]]
+ ./simplify-by-var-removal.sh 22-cubes/30.cubes1520.adj 70
+ '[' -z 70 ']'
+ f=22-cubes/30.cubes1520.adj
+ p=70
++ echo 22-cubes
+ sub_dir=22-cubes
+ mkdir -p log/22-cubes
+ mkdir -p simp/22-cubes
+ tee log/22-cubes/30.cubes1520.adj.simp1
+ ./cadical/build/cadical 22-cubes/30.cubes1520.adj -o simp/22-cubes/30.cubes1520.adj.simp1 -e simp/22-cubes/30.cubes1520.adj.ext1 -n -c 200000
c --- [ banner ] -------------------------------------------------------------
c 
c CaDiCaL Radically Simplified CDCL SAT Solver
c Copyright (c) 2016-2021 A. Biere, M. Fleury, N. Froleyks
c 
c Version 1.5.2
c g++ (GCC) 9.3.0 -Wall -Wextra -O3 -DNDEBUG
c Tue Feb 8 21:15:15 EST 2022 Linux gra-login1 3.10.0-1160.36.2.el7.x86_64 x86_64
c 
c --- [ limit ] --------------------------------------------------------------
c 
c setting conflict limit to 200000 conflicts (due to '200000')
c 
c --- [ parsing input ] ------------------------------------------------------
c 
c reading DIMACS file from '22-cubes/30.cubes1520.adj'
c opening file to read '22-cubes/30.cubes1520.adj'
c found 'p cnf 6160 1786683' header
c parsed 1786683 clauses in 19.19 seconds process time
c closing file '22-cubes/30.cubes1520.adj'
c after reading 1542541771 bytes 1471.1 MB
c 
c --- [ options ] ------------------------------------------------------------
c 
c all options are set to their default value
c 
c --- [ solving ] ------------------------------------------------------------
c 
c time measured in process time since initialization
c 
c  seconds    reductions  redundant   irredundant
c          MB     restarts       trail       variables
c            level   conflicts       glue         remaining
c 
c * 19.19 1482  0 0   0    0    0  0% 0 1785954 4544 74%
c { 20.92 1555  0 0   0    0    0  0% 0 1785954 4544 74%
c i 21.49 1560 87 0   0   41   28 53% 3 1785954 4543 74%
c i 24.19 1587 92 0  25  159  130 51% 28 1785954 4542 74%
c i 24.61 1590 86 0  28  176  140 51% 27 1785954 4532 74%
c i 24.92 1590 80 0  28  210  161 50% 26 1785954 4531 74%
c i 25.19 1591 80 0  31  229  179 51% 27 1785954 4527 73%
c i 25.55 1593 77 0  40  267  213 51% 28 1785954 4515 73%
c - 29.18 1570 71 1  40  302  231 52% 27 329470 4515 73%
c i 29.48 1571 59 1  40  406  306 52% 25 329470 4514 73%
c i 29.53 1571 56 1  40  480  357 53% 25 329470 4513 73%
c i 29.60 1571 54 1  42  545  413 53% 26 329470 4512 73%
c i 29.61 1571 53 1  42  547  414 53% 25 329470 4511 73%
c } 30.20 1524 52 1  49 1000  547 49% 19 329470 4511 73%
c [ 30.20 1524  0 1  49 1000  547  0% 0 329470 4511 73%
c O 30.20 1524 34 1  49 1003  549 39% 6 329470 4511 73%
c i 30.45 1525 11 1  49 1056  576 43% 6 329470 4510 73%
c i 30.59 1525 13 1  49 1094  598 48% 9 329470 4509 73%
c i 30.62 1525 14 1  49 1109  604 49% 10 329470 4508 73%
c - 31.19 1660 17 2  49 1212  560 53% 14 329454 4508 73%
c 
c  seconds    reductions  redundant   irredundant
c          MB     restarts       trail       variables
c            level   conflicts       glue         remaining
c 
c i 31.26 1660 18 2  49 1250  578 54% 14 329454 4507 73%
c i 31.34 1660 18 2  49 1479  713 56% 15 329454 4506 73%
c i 31.34 1660 18 2  49 1483  716 56% 15 329454 4505 73%
c i 31.46 1660 16 2  49 1727  819 56% 14 329454 4504 73%
c i 31.46 1660 16 2  49 1728  819 56% 14 329454 4503 73%
c i 31.47 1660 16 2  49 1742  828 56% 14 329454 4502 73%
c i 31.62 1660 16 2  49 2042  953 57% 14 329454 4501 73%
c i 31.84 1660 16 2  50 2549 1165 57% 14 329454 4500 73%
c - 32.29 1658 16 3  50 2584  907 57% 14 329430 4500 73%
c i 32.70 1657 16 3  50 2742  982 43% 14 329430 4499 73%
c i 32.75 1657 16 3  50 2862 1038 42% 14 329430 4498 73%
c i 32.75 1657 16 3  50 2869 1041 42% 14 329430 4497 73%
c i 32.78 1657 17 3  50 2964 1091 42% 14 329430 4496 73%
c ] 32.79 1657 17 3  50 3000 1117 42% 14 329430 4496 73%
c { 32.79 1657 52 3  50 3000 1117 68% 19 329430 4496 73%
c F 32.80 1657 52 3  50 3007 1120 67% 19 329430 4496 73%
c i 32.80 1657 52 3  50 3007 1120 67% 19 329430 4495 73%
c i 33.06 1657 49 3  50 3102 1190 65% 18 329430 4494 73%
c i 33.06 1657 49 3  50 3104 1191 65% 18 329430 4493 73%
c i 33.06 1657 49 3  50 3108 1193 64% 18 329430 4488 73%
c 
c  seconds    reductions  redundant   irredundant
c          MB     restarts       trail       variables
c            level   conflicts       glue         remaining
c 
c i 35.18 1658 48 3 100 3534 1488 55% 19 329430 4480 73%
c - 36.72 1654 39 4 127 4405 1129 42% 18 329138 4480 73%
c 3 37.20 1654 34 4 127 5000 2537 36% 17 329124 4473 73%
c 2 37.27 1654 34 4 127 5000 2660 36% 17 329037 4459 72%
c p 43.12 1654 34 4 127 5000 7262 36% 17 329037 4354 71%
c d 43.58 1654 34 4 127 5000 7011 36% 17 265413 4352 71%
c # 46.20 1654 34 4 247 6008 7563 35% 18 265413 4352 71%
c - 49.46 1537 38 5 408 6681 1848 35% 20 265413 4352 71%
c } 51.07 1537 38 5 467 7001 2081 34% 21 265413 4352 71%
c [ 51.07 1537 17 5 467 7001 2081 42% 14 265413 4352 71%
c - 52.69 1442 23 6 469 9245 2790 39% 19 265413 4352 71%
c I 53.05 1442 23 6 469 10010 3325 38% 20 265413 4352 71%
c - 56.17 1539 24 7 471 12235 3236 38% 20 265413 4352 71%
c 3 58.90 1539 23 7 472 15000 6599 38% 20 265413 4352 71%
c 2 58.95 1539 23 7 472 15000 6807 38% 20 265387 4352 71%
c p 60.97 1539 23 7 472 15000 11853 38% 20 265387 4352 71%
c ] 61.03 1539 23 7 472 15001 11854 38% 20 265387 4352 71%
c { 61.03 1539 38 7 472 15001 11854 34% 21 265387 4352 71%
c B 61.13 1539 38 7 474 15011 11863 34% 21 265387 4352 71%
c - 63.09 1442 39 8 571 15654 3859 34% 22 265387 4352 71%
c 
c  seconds    reductions   redundant   irredundant
c          MB     restarts        trail       variables
c            level    conflicts       glue         remaining
c 
c s 65.63 1442 37 8 651 17240 4855 35% 22 262713 4352 71%
c v 69.93 1442 37 8 651 17240 4855 35% 22 262471 4352 71%
c t 70.05 1442 37 8 651 17240 4848 35% 22 262254 4352 71%
c e 70.96 1442 37 8 651 17240 4469 35% 22 253054 875 14%
c s 71.09 1442 37 8 651 17240 4462 35% 22 252677 875 14%
c - 76.93 1443 38 9 845 19499 4513 65% 22 252677 875 14%
c W 78.19 1443 35 9 846 21016 5499 69% 21 252677 875 14%
c - 84.42 1444 37 10 1161 23706 5121 68% 22 252677 875 14%
c } 89.67 1444 35 10 1277 26914 7317 68% 22 252677 875 14%
c 1 89.67 1444 35 10 1277 26914 7317 68% 22 252677 875 14%
c 
c --- [ writing output ] -----------------------------------------------------
c 
c writing simplified CNF to DIMACS file 'simp/22-cubes/30.cubes1520.adj.simp1'
c * 89.67 1444 35 10 1277 26914 7317 68% 22 252677 875 14%
c opening file to write 'simp/22-cubes/30.cubes1520.adj.simp1'
c writing 'p cnf 6160 252677' header
c closing file 'simp/22-cubes/30.cubes1520.adj.simp1'
c after writing 108728482 bytes 103.7 MB
c wrote 252677 clauses in 0.81 seconds process time
c 
c --- [ writing extension ] --------------------------------------------------
c 
c writing extension stack to 'simp/22-cubes/30.cubes1520.adj.ext1'
c opening file to write 'simp/22-cubes/30.cubes1520.adj.ext1'
c closing file 'simp/22-cubes/30.cubes1520.adj.ext1'
c after writing 272324 bytes 0.3 MB
c wrote 11544 witnesses in 0.00 seconds process time
c 
c --- [ result ] -------------------------------------------------------------
c 
s SATISFIABLE
c 
c --- [ run-time profiling ] -------------------------------------------------
c 
c process time taken by individual solving procedures
c (percentage relative to process time for solving)
c 
c        55.23   78.36% search
c        42.87   60.83% unstable
c        19.19   27.22% parse
c        15.25   21.64% simplify
c        10.43   14.80% stable
c         7.87   11.16% probe
c         4.39    6.22% vivify
c         1.73    2.46% lucky
c         1.62    2.30% elim
c         0.28    0.39% subsume
c         0.19    0.27% walk
c         0.11    0.15% ternary
c   =================================
c        70.48   77.89% solve
c 
c last line shows process time for solving
c (percentage relative to total process time)
c 
c --- [ statistics ] ---------------------------------------------------------
c 
c chronological:              5146        19.12 %  of conflicts
c conflicts:                 26914       381.87    per second
c decisions:                104538      1483.23    per second
c eliminated:                 3477        56.44 %  of all variables
c fixed:                      1799        29.20 %  of all variables
c learned:                   26396        98.08 %  per conflict
c learned_lits:            4135330       100.00 %  learned literals
c minimized:                     0         0.00 %  learned literals
c shrunken:                2477185        59.90 %  learned literals
c minishrunken:             334907         8.10 %  learned literals
c propagations:            5077891         0.07 M  per second
c reduced:                    9133        33.93 %  per conflict
c rephased:                      6      4485.67    interval
c restarts:                   1277        21.08    interval
c stabilizing:                   2        37.16 %  of conflicts
c substituted:                   9         0.15 %  of all variables
c subsumed:                  13549         0.36 %  of all clauses
c strengthened:              22665         0.60 %  of all clauses
c ternary:                    3452         0.35 %  of resolved
c vivified:                    249         0.01 %  of all clauses
c walked:                        1     26914.00    interval
c weakened:                   9745         3.19    average size
c 
c seconds are measured in process time for solving
c 
c --- [ resources ] ----------------------------------------------------------
c 
c total process time since initialization:        90.49    seconds
c total real time since initialization:           91.29    seconds
c maximum resident set size of process:         1793.09    MB
c 
c --- [ shutting down ] ------------------------------------------------------
c 
c exit 10
++ seq 1 100
+ for i in '$(seq 1 100)'
++ sed 's/.$//'
++ rev
++ cut '-d ' -f1
++ rev
++ tail -n 1
++ grep 'c [*]' log/22-cubes/30.cubes1520.adj.simp1
+ vars_remaining=14
+ ((  vars_remaining < 100 - p  ))
+ break
++ cut '-d ' -f3
++ head -n 1 simp/22-cubes/30.cubes1520.adj.simp1
+ numvars=6160
++ cut '-d ' -f4
++ head -n 1 simp/22-cubes/30.cubes1520.adj.simp1
+ numlines=252677
+ extlines_total=0
++ seq 1 1
+ for j in '$(seq 1 "$i")'
++ cut '-d ' -f1
++ wc -l simp/22-cubes/30.cubes1520.adj.ext1
+ extlines_j=11544
+ extlines_total=11544
+ newlines=264221
+ echo 'p cnf 6160 264221'
+ tail simp/22-cubes/30.cubes1520.adj.simp1 -n +2
++ seq 1 1
+ for j in '$(seq 1 "$i")'
+ cat simp/22-cubes/30.cubes1520.adj.ext1
+ sed -i 's/ 0.*/ 0/' 22-cubes/30.cubes1520.adj.simp
============================[ Problem Statistics ]=============================
|                                                                             |
|  Number of variables:          6160                                         |
|  Number of clauses:          262422                                         |
|  Parse time:                   1.49 s                                       |
|  Simplification time:          0.05 s                                       |
|                                                                             |
============================[ Search Statistics ]====================================================
| Conflicts |          ORIGINAL         |          LEARNT          | Num Sols |      SUBGRAPHS      |
|           |    Vars  Clauses Literals |    Limit  Clauses Lit/Cl |          | Canonical Noncanon. |
=====================================================================================================
|       100 |    4361   262422 23804836 |     2000      100     38 |        0 |        20         0 |
|       250 |    4361   262422 23804836 |     2000      250     69 |        0 |        29         0 |
|       476 |    4361   262423 23804850 |     2000      476     97 |        0 |        32         1 |
|       824 |    4361   262434 23805263 |     2000      824    100 |        0 |        50        12 |
|      1409 |    4361   262513 23806790 |     2000     1409    100 |        0 |        94        91 |
|      2523 |    4361   262868 23814475 |     3601     1524     43 |        0 |       193       446 |
|      3722 |    4361   262928 23815691 |     3601     2723     75 |        0 |       218       506 |
|      5452 |    4361   262950 23816115 |     5001     2653     58 |        0 |       274       528 |
|      8028 |    4361   262964 23816520 |     6303     2731     52 |        0 |       314       542 |
|     12027 |    4361   263119 23820174 |     7552     3579     49 |        0 |       429       697 |
|     18237 |    4361   263563 23831175 |     8781     6018     66 |        0 |       619      1141 |
|     28008 |    4361   264685 23855940 |    11202     6410     42 |        0 |      1208      2263 |
|     41648 |    4361   265351 23868681 |    13612     8260     52 |        0 |      1480      2929 |
|     62218 |    4361   266460 23889685 |    16010    14628     78 |        0 |      1761      4038 |
|     92723 |    4361   267773 23912966 |    19609    19332     75 |        0 |      2128      5351 |
|    140429 |    4361   271690 23981374 |    24411    24240     66 |        0 |      3029      9268 |
|    209384 |    4361   274961 24041606 |    30413    26197     70 |        0 |      4536     12539 |
|    316905 |    4361   283956 24193117 |    37607    33512     71 |        0 |      7364     21534 |
|    485992 |    4361   305254 24470514 |    47208    35400     55 |        0 |     11257     42832 |
|    712249 |    4361   309828 24544946 |    56825    56074     77 |        0 |     12977     47406 |
|   1073596 |    4361   338650 24925467 |    71218    37014     33 |        0 |     18686     76228 |
|   1616675 |    4361   382941 25491681 |    86821    70496     71 |        0 |     25484    120519 |
|   2384637 |    4361   402721 25782314 |   106022    72059     51 |        0 |     32601    140299 |
|   3581898 |    4361   477708 27051237 |   130018    95316     58 |        0 |     52007    215286 |
|   5352934 |    4361   565333 28639193 |   158831   140765     64 |        0 |     68948    302911 |
|   8002896 |    4361   690179 30488317 |   194819   147715     44 |        0 |     98381    427757 |
|  12059046 |    4345   749872 31310990 |   239209   200455     57 |        0 |    142392    696232 |
=====================================================================================================
Number of solutions   : 0           
Canonical subgraphs   : 172473         (39 /sec)
          order  3    : 1              (100000 /sec)
          order  4    : 1              (333333 /sec)
          order  5    : 1              (142857 /sec)
          order  6    : 1              (33333 /sec)
          order  7    : 2              (7874 /sec)
          order  8    : 4              (1855 /sec)
          order  9    : 11             (489 /sec)
          order 10    : 39             (134 /sec)
          order 11    : 157            (71 /sec)
          order 12    : 761            (61 /sec)
          order 13    : 5234           (66 /sec)
          order 14    : 32628          (54 /sec)
          order 15    : 83335          (39 /sec)
          order 16    : 34231          (34 /sec)
          order 17    : 11411          (27 /sec)
          order 18    : 2521           (27 /sec)
          order 19    : 1034           (27 /sec)
          order 20    : 604            (27 /sec)
          order 21    : 497            (27 /sec)
          order 22    : 0              (-nan /sec)
Noncanonical subgraphs: 905771         (301 /sec)
          order  3    : 0              (-nan /sec)
          order  4    : 0              (-nan /sec)
          order  5    : 0              (-nan /sec)
          order  6    : 0              (-nan /sec)
          order  7    : 0              (-nan /sec)
          order  8    : 0              (-nan /sec)
          order  9    : 0              (-nan /sec)
          order 10    : 0              (-nan /sec)
          order 11    : 0              (-nan /sec)
          order 12    : 0              (-nan /sec)
          order 13    : 0              (-nan /sec)
          order 14    : 46370          (3099 /sec)
          order 15    : 804154         (302 /sec)
          order 16    : 45095          (203 /sec)
          order 17    : 9588           (103 /sec)
          order 18    : 11             (142 /sec)
          order 19    : 9              (88 /sec)
          order 20    : 4              (65 /sec)
          order 21    : 2              (37 /sec)
Canonicity checking   : 7463.54 s
database reductions   : 227
restarts              : 24313
conflicts             : 15905735       (912 /sec)
decisions             : 20038442       (0.00 % random) (1148 /sec)
propagations          : 3233285185     (185294 /sec)
conflict literals     : 1703664660     (56.45 % deleted)
actual reward         : 0.058310
Memory used           : 520.00 MB
CPU time              : 17449.5 s

UNSATISFIABLE
