+ '[' -z 2183 ']'
+ f=constraints_22_11.simp-noncanon.simp
+ c=22-cubes/30.cubes
+ i=2183
+ s=70
+ adj=22-cubes/30.cubes2183.adj
+ cnf=22-cubes/30.cubes2183.cnf
+ ext=22-cubes/30.cubes2183.ext
+ cnfext=22-cubes/30.cubes2183.cnfext
+ unitlines=0
++ sed '2184q;d' 22-cubes/30.cubes
+ for b in '$(sed "$((i+1))q;d" "$c")'
+ [[ a != \a ]]
+ for b in '$(sed "$((i+1))q;d" "$c")'
+ [[ -92 != \a ]]
+ [[ -92 != \0 ]]
+ unitlines=1
+ for b in '$(sed "$((i+1))q;d" "$c")'
+ [[ -137 != \a ]]
+ [[ -137 != \0 ]]
+ unitlines=2
+ for b in '$(sed "$((i+1))q;d" "$c")'
+ [[ 122 != \a ]]
+ [[ 122 != \0 ]]
+ unitlines=3
+ for b in '$(sed "$((i+1))q;d" "$c")'
+ [[ 80 != \a ]]
+ [[ 80 != \0 ]]
+ unitlines=4
+ for b in '$(sed "$((i+1))q;d" "$c")'
+ [[ -110 != \a ]]
+ [[ -110 != \0 ]]
+ unitlines=5
+ for b in '$(sed "$((i+1))q;d" "$c")'
+ [[ 68 != \a ]]
+ [[ 68 != \0 ]]
+ unitlines=6
+ for b in '$(sed "$((i+1))q;d" "$c")'
+ [[ 86 != \a ]]
+ [[ 86 != \0 ]]
+ unitlines=7
+ for b in '$(sed "$((i+1))q;d" "$c")'
+ [[ -57 != \a ]]
+ [[ -57 != \0 ]]
+ unitlines=8
+ for b in '$(sed "$((i+1))q;d" "$c")'
+ [[ -154 != \a ]]
+ [[ -154 != \0 ]]
+ unitlines=9
+ for b in '$(sed "$((i+1))q;d" "$c")'
+ [[ 0 != \a ]]
+ [[ 0 != \0 ]]
++ cut '-d ' -f3
++ head -n 1 constraints_22_11.simp-noncanon.simp
+ numvars=6160
++ cut '-d ' -f4
++ head -n 1 constraints_22_11.simp-noncanon.simp
+ numlines=1786659
+ newlines=1786668
+ echo 'p cnf 6160 1786668'
+ tail constraints_22_11.simp-noncanon.simp -n +2
++ sed '2184q;d' 22-cubes/30.cubes
+ for b in '$(sed "$((i+1))q;d" "$c")'
+ [[ a != \a ]]
+ for b in '$(sed "$((i+1))q;d" "$c")'
+ [[ -92 != \a ]]
+ [[ -92 != \0 ]]
+ echo '-92 0'
+ for b in '$(sed "$((i+1))q;d" "$c")'
+ [[ -137 != \a ]]
+ [[ -137 != \0 ]]
+ echo '-137 0'
+ for b in '$(sed "$((i+1))q;d" "$c")'
+ [[ 122 != \a ]]
+ [[ 122 != \0 ]]
+ echo '122 0'
+ for b in '$(sed "$((i+1))q;d" "$c")'
+ [[ 80 != \a ]]
+ [[ 80 != \0 ]]
+ echo '80 0'
+ for b in '$(sed "$((i+1))q;d" "$c")'
+ [[ -110 != \a ]]
+ [[ -110 != \0 ]]
+ echo '-110 0'
+ for b in '$(sed "$((i+1))q;d" "$c")'
+ [[ 68 != \a ]]
+ [[ 68 != \0 ]]
+ echo '68 0'
+ for b in '$(sed "$((i+1))q;d" "$c")'
+ [[ 86 != \a ]]
+ [[ 86 != \0 ]]
+ echo '86 0'
+ for b in '$(sed "$((i+1))q;d" "$c")'
+ [[ -57 != \a ]]
+ [[ -57 != \0 ]]
+ echo '-57 0'
+ for b in '$(sed "$((i+1))q;d" "$c")'
+ [[ -154 != \a ]]
+ [[ -154 != \0 ]]
+ echo '-154 0'
+ for b in '$(sed "$((i+1))q;d" "$c")'
+ [[ 0 != \a ]]
+ [[ 0 != \0 ]]
+ ./simplify-by-var-removal.sh 22-cubes/30.cubes2183.adj 70
+ '[' -z 70 ']'
+ f=22-cubes/30.cubes2183.adj
+ p=70
++ echo 22-cubes
+ sub_dir=22-cubes
+ mkdir -p log/22-cubes
+ mkdir -p simp/22-cubes
+ tee log/22-cubes/30.cubes2183.adj.simp1
+ ./cadical/build/cadical 22-cubes/30.cubes2183.adj -o simp/22-cubes/30.cubes2183.adj.simp1 -e simp/22-cubes/30.cubes2183.adj.ext1 -n -c 200000
c --- [ banner ] -------------------------------------------------------------
c 
c CaDiCaL Radically Simplified CDCL SAT Solver
c Copyright (c) 2016-2021 A. Biere, M. Fleury, N. Froleyks
c 
c Version 1.5.2
c g++ (GCC) 9.3.0 -Wall -Wextra -O3 -DNDEBUG
c Tue Feb 8 21:15:15 EST 2022 Linux gra-login1 3.10.0-1160.36.2.el7.x86_64 x86_64
c 
c --- [ limit ] --------------------------------------------------------------
c 
c setting conflict limit to 200000 conflicts (due to '200000')
c 
c --- [ parsing input ] ------------------------------------------------------
c 
c reading DIMACS file from '22-cubes/30.cubes2183.adj'
c opening file to read '22-cubes/30.cubes2183.adj'
c found 'p cnf 6160 1786668' header
c parsed 1786668 clauses in 18.75 seconds process time
c closing file '22-cubes/30.cubes2183.adj'
c after reading 1542541670 bytes 1471.1 MB
c 
c --- [ options ] ------------------------------------------------------------
c 
c all options are set to their default value
c 
c --- [ solving ] ------------------------------------------------------------
c 
c time measured in process time since initialization
c 
c  seconds    reductions  redundant   irredundant
c          MB     restarts       trail       variables
c            level   conflicts       glue         remaining
c 
c * 18.75 1458  0 0   0    0    0  0% 0 1785954 4982 81%
c { 19.95 1524  0 0   0    0    0  0% 0 1785954 4982 81%
c i 20.26 1528 46 0   0    5    4 36% 4 1785954 4874 79%
c i 22.82 1582 34 0   7   94   49 41% 12 1785954 4834 78%
c i 22.83 1582 33 0   8   95   49 41% 12 1785954 4816 78%
c - 26.69 1559 19 1  26  302   57 36% 13 788725 4816 78%
c } 26.96 1536 13 1  26 1000  140 34% 11 788725 4816 78%
c [ 26.96 1536  0 1  26 1000  140  0% 0 788725 4816 78%
c O 26.98 1536  9 1  26 1003  142 30% 8 788725 4816 78%
c i 27.01 1536  4 1  26 1040  154 29% 3 788725 4778 78%
c - 29.56 1928  7 2  26 1441  149 32% 7 788013 4778 78%
c ] 29.75 1928 10 2  27 3001  220 35% 10 788013 4778 78%
c { 29.75 1928 13 2  27 3001  220 34% 11 788013 4778 78%
c F 30.76 1898 13 2  27 3005  219  5% 11 788013 4778 78%
c - 31.34 1898 13 3  47 3149  171 13% 11 788013 4778 78%
c d 32.98 1898 11 3  76 5001  263 15% 11 523809 4505 73%
c 3 33.04 1898 11 3  76 5001 1035 15% 11 523809 4505 73%
c 2 33.17 1898 11 3  76 5001 1210 15% 11 523765 4505 73%
c p 58.36 1898 11 3  76 5001 9952 15% 11 523765 4223 69%
c d 59.07 1898 11 3  76 5001 9666 15% 11 234566 4221 69%
c 
c  seconds    reductions  redundant   irredundant
c          MB     restarts       trail       variables
c            level   conflicts       glue         remaining
c 
c - 60.41 1471 13 4 145 5424  451 18% 11 234564 4220 69%
c # 60.44 1471 12 4 161 6006  486 20% 11 234564 4220 69%
c } 61.00 1471 13 4 340 7002  675 22% 12 234564 4220 69%
c [ 61.00 1471 10 4 340 7002  675 45% 10 234564 4220 69%
c - 61.13 1471 11 5 341 7480  436 42% 11 234564 4220 69%
c - 61.30 1471 13 6 342 9946  322 34% 13 234564 4220 69%
c I 61.42 1471 13 6 342 10010  326 18% 13 234564 4220 69%
c - 61.60 1471 13 7 344 12823  305 17% 13 234564 4220 69%
c 3 64.04 1471 16 7 345 15001 3521 22% 15 234564 4220 69%
c 2 64.09 1471 16 7 345 15001 3825 22% 15 234564 4220 69%
c p 69.07 1471 16 7 345 15001 11746 22% 15 234564 4206 68%
c ] 69.18 1471 16 7 345 15002 11747 22% 15 234564 4206 68%
c { 69.18 1471 13 7 345 15002 11747 25% 12 234564 4206 68%
c B 69.25 1471 13 7 348 15011 11756 25% 12 234564 4206 68%
c - 70.60 1471 14 8 432 16111 1718 25% 12 234516 4206 68%
c s 71.69 1472 15 8 499 16972 1984 25% 12 230455 4206 68%
c v 73.91 1472 15 8 499 16972 1984 25% 12 230374 4206 68%
c t 73.99 1472 15 8 499 16972 1982 25% 12 230232 4206 68%
c e 74.64 1473 15 8 499 16972 1908 25% 12 221295 696 11%
c s 74.72 1473 15 8 499 16972 1908 25% 12 221231 696 11%
c 
c  seconds    reductions   redundant   irredundant
c          MB     restarts        trail       variables
c            level    conflicts       glue        remaining
c 
c - 77.58 1473 14 9 784 19812 1749 58% 12 221231 696 11%
c W 78.33 1473 14 9 823 21013 2456 64% 12 221231 696 11%
c - 80.34 1473 16 10 1214 23846 2327 61% 13 221231 696 11%
c F 85.18 1473 16 10 1530 28014 3832 63% 13 221231 696 11%
c - 85.82 1473 17 11 1571 28283 2743 63% 13 221231 696 11%
c 3 87.68 1473 16 11 1630 30001 3898 63% 13 221230 696 11%
c p 91.03 1473 16 11 1630 30001 5654 63% 13 221230 672 11%
c } 92.36 1473 16 11 1674 31002 6271 64% 13 221230 672 11%
c [ 92.36 1473 16 11 1674 31002 6271 134% 15 221230 672 11%
c - 96.52 1473 18 12 1674 33124 4181 116% 16 219513 672 11%
c B 100.96 1473 18 12 1677 36016 5956 104% 16 219513 672 11%
c - 102.42 1473 19 13 1678 38358 5370 98% 17 219513 672 11%
c - 105.18 1473 19 14 1681 43994 5455 91% 17 219513 672 11%
c W 106.58 1473 19 14 1681 45021 6051 90% 17 219513 672 11%
c d 108.35 1473 19 14 1682 50002 8999 87% 17 219475 670 11%
c 2 108.40 1473 19 14 1682 50002 9658 87% 17 219472 670 11%
c p 111.55 1473 19 14 1682 50002 11894 87% 17 219472 642 10%
c d 111.84 1473 19 14 1682 50002 11159 87% 17 197089 639 10%
c - 112.12 1473 19 15 1682 50030 5821 87% 17 197089 639 10%
c s 112.39 1473 19 15 1682 50223 5906 87% 17 195813 639 10%
c 
c  seconds     reductions     redundant   irredundant
c           MB      restarts         trail       variables
c             level      conflicts       glue        remaining
c 
c v 114.59 1473 19 15 1682 50223 5906 87% 17 195691 639 10%
c w 114.69 1473 19 15 1682 50223 5905 87% 17 195691 639 10%
c t 114.69 1473 19 15 1682 50223 5885 87% 17 195689 639 10%
c e 115.19 1473 19 15 1682 50223 5805 87% 17 195408 560  9%
c s 115.28 1473 19 15 1682 50223 5804 87% 17 194723 560  9%
c O 117.49 1473 20 15 1683 55023 9052 75% 17 194723 560  9%
c - 117.95 1473 20 16 1684 56245 6481 75% 17 194723 560  9%
c - 119.70 1473 19 17 1689 62821 6855 76% 17 194723 560  9%
c ] 119.74 1473 19 17 1689 63002 6987 76% 17 194723 560  9%
c { 119.74 1473 16 17 1689 63002 6987 79% 13 194723 560  9%
c B 121.07 1473 16 17 1839 66025 8682 79% 13 194723 560  9%
c - 122.35 1473 16 18 1937 69785 6251 78% 13 194723 560  9%
c p 128.38 1473 15 18 2048 75004 10831 78% 12 194723 552  9%
c - 129.83 1473 15 19 2080 77137 6637 78% 12 194202 552  9%
c W 130.52 1473 15 19 2080 78028 7145 78% 12 194202 552  9%
c - 133.44 1473 14 20 2212 84870 6998 78% 12 194202 552  9%
c i 135.51 1473 14 20 2419 87908 8448 77% 12 194202 536  9%
c # 139.72 1473 14 20 2541 91029 10167 77% 12 194202 536  9%
c i 139.94 1473 14 20 2569 91257 10303 77% 12 194202 473  8%
c i 140.42 1473 14 20 2630 91610 10546 77% 12 194202 472  8%
c 
c  seconds     reductions      redundant   irredundant
c           MB      restarts          trail       variables
c             level      conflicts        glue        remaining
c 
c i 140.49 1473 14 20 2636 91635 10565 77% 12 194202 460  7%
c - 141.11 1473 14 21 2691 92985 3084 73% 12 71247 460  7%
c - 142.54 1473 14 22 2836 99586 5305 74% 12 71247 460  7%
c s 142.85 1473 14 22 2875 100876 5916 74% 12 68378 460  7%
c v 143.49 1473 14 22 2875 100876 5916 74% 12 68251 460  7%
c w 143.52 1473 14 22 2875 100876 5911 74% 12 68251 460  7%
c t 143.53 1473 14 22 2875 100876 5892 74% 12 68230 459  7%
c e 143.65 1473 14 22 2875 100876 5864 74% 12 67935 371  6%
c s 143.74 1473 14 22 2875 100876 5864 74% 12 65834 371  6%
c i 144.59 1473 14 22 2968 104426 7583 72% 11 65834 370  6%
c i 144.65 1473 14 22 2968 104707 7721 72% 11 65834 369  6%
c d 144.77 1473 14 22 2982 105004 7796 72% 11 60818 365  6%
c d 144.79 1473 14 22 2982 105004 7788 72% 11 59651 364  6%
c 3 144.79 1473 14 22 2982 105004 8045 72% 11 59651 364  6%
c 2 144.80 1473 14 22 2982 105004 8091 72% 11 59650 358  6%
c p 145.36 1473 14 22 2982 105004 9350 72% 11 59650 313  5%
c d 145.43 1473 14 22 2982 105004 8611 72% 11 50472 312  5%
c B 145.49 1473 14 22 2982 105032 8636 85% 11 50470 311  5%
c - 145.67 1473 14 23 3033 106486 5916 79% 11 50470 311  5%
c i 146.23 1473 14 23 3168 111583 8118 78% 11 50470 287  5%
c 
c  seconds     reductions      redundant   irredundant
c           MB      restarts          trail      variables
c             level      conflicts        glue       remaining
c 
c i 146.23 1473 14 23 3168 111587 8121 78% 11 50470 286  5%
c i 146.25 1473 14 23 3168 111628 8148 78% 11 50470 285  5%
c i 146.30 1473 14 23 3189 111783 8226 78% 11 50470 284  5%
c - 146.65 1473 13 24 3274 113686 3614 78% 11 28559 284  5%
c i 146.67 1473 13 24 3274 113854 3693 78% 11 28559 283  5%
c i 146.68 1473 13 24 3274 113940 3716 78% 11 28559 276  4%
c W 147.72 1473 13 24 3449 120034 6253 79% 11 28252 276  4%
c - 147.88 1473 13 25 3457 121188 5261 79% 11 28252 276  4%
c i 148.05 1473 13 25 3466 122449 5763 79% 11 28252 223  4%
c i 148.05 1473 13 25 3466 122452 5765 79% 11 28252 220  4%
c i 148.08 1473 13 25 3496 122632 5878 79% 11 28252 219  4%
c i 148.10 1473 13 25 3502 122811 5949 79% 11 28252 214  3%
c i 148.14 1473 13 25 3502 123197 6150 79% 11 28252 212  3%
c i 148.14 1473 13 25 3502 123215 6154 79% 11 28252 211  3%
c i 148.16 1473 13 25 3502 123347 6202 79% 11 28252 205  3%
c i 148.21 1473 13 25 3502 123680 1555 71% 11 15250 200  3%
c i 148.21 1473 13 25 3502 123691 1565 71% 11 15250 199  3%
c i 148.21 1473 13 25 3502 123749 1580 71% 11 15250 198  3%
c i 148.34 1473 13 25 3514 125228 2447 70% 11 15250 178  3%
c i 148.35 1473 13 25 3514 125312 2489 70% 11 15250 177  3%
c 
c  seconds     reductions      redundant   irredundant
c           MB      restarts          trail      variables
c             level      conflicts        glue       remaining
c 
c i 148.39 1473 13 25 3514 125682 2712 70% 11 15250 122  2%
c } 148.39 1473 13 25 3514 125699 2718 70% 11 15250  57  1%
c 0 148.39 1473 13 25 3514 125699 2718 70% 11 15250  57  1%
c 
c --- [ writing output ] -----------------------------------------------------
c 
c writing simplified CNF to DIMACS file 'simp/22-cubes/30.cubes2183.adj.simp1'
c * 148.39 1473 13 25 3514 125699 2718 70% 11 15250  57  1%
c opening file to write 'simp/22-cubes/30.cubes2183.adj.simp1'
c writing 'p cnf 6160 1' header
c closing file 'simp/22-cubes/30.cubes2183.adj.simp1'
c after writing 15 bytes 0.0 MB
c wrote 1 clauses in 0.00 seconds process time
c 
c --- [ writing extension ] --------------------------------------------------
c 
c writing extension stack to 'simp/22-cubes/30.cubes2183.adj.ext1'
c opening file to write 'simp/22-cubes/30.cubes2183.adj.ext1'
c closing file 'simp/22-cubes/30.cubes2183.adj.ext1'
c after writing 0 bytes 0.0 MB
c wrote 0 witnesses in 0.00 seconds process time
c 
c --- [ result ] -------------------------------------------------------------
c 
s UNSATISFIABLE
c 
c --- [ run-time profiling ] -------------------------------------------------
c 
c process time taken by individual solving procedures
c (percentage relative to process time for solving)
c 
c        77.30   59.63% search
c        52.34   40.37% simplify
c        49.21   37.96% unstable
c        41.04   31.66% probe
c        25.45   19.63% stable
c        18.75   14.46% parse
c         5.22    4.02% vivify
c         2.29    1.77% elim
c         1.44    1.11% walk
c         1.20    0.92% lucky
c         0.52    0.40% subsume
c         0.24    0.18% ternary
c   =================================
c       129.64   87.36% solve
c 
c last line shows process time for solving
c (percentage relative to total process time)
c 
c --- [ statistics ] ---------------------------------------------------------
c 
c chronological:             16481        13.11 %  of conflicts
c conflicts:                125699       969.61    per second
c decisions:                178002      1373.06    per second
c eliminated:                 3677        59.69 %  of all variables
c fixed:                      2387        38.75 %  of all variables
c learned:                  123656        98.37 %  per conflict
c learned_lits:           12363611       100.00 %  learned literals
c minimized:                     0         0.00 %  learned literals
c shrunken:                9030841        73.04 %  learned literals
c minishrunken:             429290         3.47 %  learned literals
c propagations:            6556435         0.05 M  per second
c reduced:                   39011        31.04 %  per conflict
c rephased:                     15      8379.93    interval
c restarts:                   3514        35.77    interval
c stabilizing:                   3        33.41 %  of conflicts
c substituted:                  39         0.63 %  of all variables
c subsumed:                  77066         1.92 %  of all clauses
c strengthened:              26157         0.65 %  of all clauses
c ternary:                    5622         0.54 %  of resolved
c vivified:                    353         0.01 %  of all clauses
c walked:                        4     31424.75    interval
c weakened:                  10213         3.28    average size
c 
c seconds are measured in process time for solving
c 
c --- [ resources ] ----------------------------------------------------------
c 
c total process time since initialization:       148.39    seconds
c total real time since initialization:          148.91    seconds
c maximum resident set size of process:         2355.23    MB
c 
c --- [ shutting down ] ------------------------------------------------------
c 
c exit 20
++ seq 1 100
+ for i in '$(seq 1 100)'
++ sed 's/.$//'
++ rev
++ cut '-d ' -f1
++ rev
++ tail -n 1
++ grep 'c [*]' log/22-cubes/30.cubes2183.adj.simp1
+ vars_remaining=1
+ ((  vars_remaining < 100 - p  ))
+ break
++ cut '-d ' -f3
++ head -n 1 simp/22-cubes/30.cubes2183.adj.simp1
+ numvars=6160
++ cut '-d ' -f4
++ head -n 1 simp/22-cubes/30.cubes2183.adj.simp1
+ numlines=1
+ extlines_total=0
++ seq 1 1
+ for j in '$(seq 1 "$i")'
++ cut '-d ' -f1
++ wc -l simp/22-cubes/30.cubes2183.adj.ext1
+ extlines_j=0
+ extlines_total=0
+ newlines=1
+ echo 'p cnf 6160 1'
+ tail simp/22-cubes/30.cubes2183.adj.simp1 -n +2
++ seq 1 1
+ for j in '$(seq 1 "$i")'
+ cat simp/22-cubes/30.cubes2183.adj.ext1
+ sed -i 's/ 0.*/ 0/' 22-cubes/30.cubes2183.adj.simp
UNSATISFIABLE
