+ '[' -z 1884 ']'
+ f=constraints_22_11.simp-noncanon.simp
+ c=22-cubes/30.cubes
+ i=1884
+ s=70
+ adj=22-cubes/30.cubes1884.adj
+ cnf=22-cubes/30.cubes1884.cnf
+ ext=22-cubes/30.cubes1884.ext
+ cnfext=22-cubes/30.cubes1884.cnfext
+ unitlines=0
++ sed '1885q;d' 22-cubes/30.cubes
+ for b in '$(sed "$((i+1))q;d" "$c")'
+ [[ a != \a ]]
+ for b in '$(sed "$((i+1))q;d" "$c")'
+ [[ -92 != \a ]]
+ [[ -92 != \0 ]]
+ unitlines=1
+ for b in '$(sed "$((i+1))q;d" "$c")'
+ [[ -137 != \a ]]
+ [[ -137 != \0 ]]
+ unitlines=2
+ for b in '$(sed "$((i+1))q;d" "$c")'
+ [[ -122 != \a ]]
+ [[ -122 != \0 ]]
+ unitlines=3
+ for b in '$(sed "$((i+1))q;d" "$c")'
+ [[ 108 != \a ]]
+ [[ 108 != \0 ]]
+ unitlines=4
+ for b in '$(sed "$((i+1))q;d" "$c")'
+ [[ -69 != \a ]]
+ [[ -69 != \0 ]]
+ unitlines=5
+ for b in '$(sed "$((i+1))q;d" "$c")'
+ [[ -49 != \a ]]
+ [[ -49 != \0 ]]
+ unitlines=6
+ for b in '$(sed "$((i+1))q;d" "$c")'
+ [[ -227 != \a ]]
+ [[ -227 != \0 ]]
+ unitlines=7
+ for b in '$(sed "$((i+1))q;d" "$c")'
+ [[ 226 != \a ]]
+ [[ 226 != \0 ]]
+ unitlines=8
+ for b in '$(sed "$((i+1))q;d" "$c")'
+ [[ 225 != \a ]]
+ [[ 225 != \0 ]]
+ unitlines=9
+ for b in '$(sed "$((i+1))q;d" "$c")'
+ [[ -224 != \a ]]
+ [[ -224 != \0 ]]
+ unitlines=10
+ for b in '$(sed "$((i+1))q;d" "$c")'
+ [[ -223 != \a ]]
+ [[ -223 != \0 ]]
+ unitlines=11
+ for b in '$(sed "$((i+1))q;d" "$c")'
+ [[ -222 != \a ]]
+ [[ -222 != \0 ]]
+ unitlines=12
+ for b in '$(sed "$((i+1))q;d" "$c")'
+ [[ -135 != \a ]]
+ [[ -135 != \0 ]]
+ unitlines=13
+ for b in '$(sed "$((i+1))q;d" "$c")'
+ [[ -221 != \a ]]
+ [[ -221 != \0 ]]
+ unitlines=14
+ for b in '$(sed "$((i+1))q;d" "$c")'
+ [[ -119 != \a ]]
+ [[ -119 != \0 ]]
+ unitlines=15
+ for b in '$(sed "$((i+1))q;d" "$c")'
+ [[ 0 != \a ]]
+ [[ 0 != \0 ]]
++ cut '-d ' -f3
++ head -n 1 constraints_22_11.simp-noncanon.simp
+ numvars=6160
++ cut '-d ' -f4
++ head -n 1 constraints_22_11.simp-noncanon.simp
+ numlines=1786659
+ newlines=1786674
+ echo 'p cnf 6160 1786674'
+ tail constraints_22_11.simp-noncanon.simp -n +2
++ sed '1885q;d' 22-cubes/30.cubes
+ for b in '$(sed "$((i+1))q;d" "$c")'
+ [[ a != \a ]]
+ for b in '$(sed "$((i+1))q;d" "$c")'
+ [[ -92 != \a ]]
+ [[ -92 != \0 ]]
+ echo '-92 0'
+ for b in '$(sed "$((i+1))q;d" "$c")'
+ [[ -137 != \a ]]
+ [[ -137 != \0 ]]
+ echo '-137 0'
+ for b in '$(sed "$((i+1))q;d" "$c")'
+ [[ -122 != \a ]]
+ [[ -122 != \0 ]]
+ echo '-122 0'
+ for b in '$(sed "$((i+1))q;d" "$c")'
+ [[ 108 != \a ]]
+ [[ 108 != \0 ]]
+ echo '108 0'
+ for b in '$(sed "$((i+1))q;d" "$c")'
+ [[ -69 != \a ]]
+ [[ -69 != \0 ]]
+ echo '-69 0'
+ for b in '$(sed "$((i+1))q;d" "$c")'
+ [[ -49 != \a ]]
+ [[ -49 != \0 ]]
+ echo '-49 0'
+ for b in '$(sed "$((i+1))q;d" "$c")'
+ [[ -227 != \a ]]
+ [[ -227 != \0 ]]
+ echo '-227 0'
+ for b in '$(sed "$((i+1))q;d" "$c")'
+ [[ 226 != \a ]]
+ [[ 226 != \0 ]]
+ echo '226 0'
+ for b in '$(sed "$((i+1))q;d" "$c")'
+ [[ 225 != \a ]]
+ [[ 225 != \0 ]]
+ echo '225 0'
+ for b in '$(sed "$((i+1))q;d" "$c")'
+ [[ -224 != \a ]]
+ [[ -224 != \0 ]]
+ echo '-224 0'
+ for b in '$(sed "$((i+1))q;d" "$c")'
+ [[ -223 != \a ]]
+ [[ -223 != \0 ]]
+ echo '-223 0'
+ for b in '$(sed "$((i+1))q;d" "$c")'
+ [[ -222 != \a ]]
+ [[ -222 != \0 ]]
+ echo '-222 0'
+ for b in '$(sed "$((i+1))q;d" "$c")'
+ [[ -135 != \a ]]
+ [[ -135 != \0 ]]
+ echo '-135 0'
+ for b in '$(sed "$((i+1))q;d" "$c")'
+ [[ -221 != \a ]]
+ [[ -221 != \0 ]]
+ echo '-221 0'
+ for b in '$(sed "$((i+1))q;d" "$c")'
+ [[ -119 != \a ]]
+ [[ -119 != \0 ]]
+ echo '-119 0'
+ for b in '$(sed "$((i+1))q;d" "$c")'
+ [[ 0 != \a ]]
+ [[ 0 != \0 ]]
+ ./simplify-by-var-removal.sh 22-cubes/30.cubes1884.adj 70
+ '[' -z 70 ']'
+ f=22-cubes/30.cubes1884.adj
+ p=70
++ echo 22-cubes
+ sub_dir=22-cubes
+ mkdir -p log/22-cubes
+ mkdir -p simp/22-cubes
+ tee log/22-cubes/30.cubes1884.adj.simp1
+ ./cadical/build/cadical 22-cubes/30.cubes1884.adj -o simp/22-cubes/30.cubes1884.adj.simp1 -e simp/22-cubes/30.cubes1884.adj.ext1 -n -c 200000
c --- [ banner ] -------------------------------------------------------------
c 
c CaDiCaL Radically Simplified CDCL SAT Solver
c Copyright (c) 2016-2021 A. Biere, M. Fleury, N. Froleyks
c 
c Version 1.5.2
c g++ (GCC) 9.3.0 -Wall -Wextra -O3 -DNDEBUG
c Tue Feb 8 21:15:15 EST 2022 Linux gra-login1 3.10.0-1160.36.2.el7.x86_64 x86_64
c 
c --- [ limit ] --------------------------------------------------------------
c 
c setting conflict limit to 200000 conflicts (due to '200000')
c 
c --- [ parsing input ] ------------------------------------------------------
c 
c reading DIMACS file from '22-cubes/30.cubes1884.adj'
c opening file to read '22-cubes/30.cubes1884.adj'
c found 'p cnf 6160 1786674' header
c parsed 1786674 clauses in 18.36 seconds process time
c closing file '22-cubes/30.cubes1884.adj'
c after reading 1542541715 bytes 1471.1 MB
c 
c --- [ options ] ------------------------------------------------------------
c 
c all options are set to their default value
c 
c --- [ solving ] ------------------------------------------------------------
c 
c time measured in process time since initialization
c 
c  seconds    reductions  redundant   irredundant
c          MB     restarts       trail       variables
c            level   conflicts       glue         remaining
c 
c * 18.36 1472  0 0   0    0    0  0% 0 1785954 4555 74%
c { 19.71 1539  0 0   0    0    0  0% 0 1785954 4555 74%
c i 19.76 1539  1 0   0    1    0 31% 0 1785954 4541 74%
c i 22.58 1601 26 0   5  130   73 41% 11 1785954 4540 74%
c i 23.75 1609 21 0  14  298  124 39% 11 1785954 4539 74%
c - 27.64 1567 22 1  15  301  103 39% 12 475777 4539 74%
c i 28.18 1568 27 1  22  329  127 39% 12 475777 4538 74%
c i 30.82 1571 35 1  56  465  220 42% 15 475777 4537 74%
c i 31.03 1571 35 1  59  476  230 42% 14 475777 4536 74%
c i 31.17 1571 35 1  60  485  236 42% 14 475777 4535 74%
c i 31.38 1571 35 1  65  506  256 43% 15 475777 4534 74%
c i 31.41 1571 35 1  66  507  256 43% 15 475777 4533 74%
c i 32.15 1571 36 1  74  535  281 43% 15 475777 4532 74%
c i 33.88 1572 42 1 104  656  368 44% 18 475777 4528 74%
c i 34.28 1572 41 1 110  710  395 44% 18 475777 4527 73%
c i 35.56 1573 43 1 132  867  492 44% 19 475777 4526 73%
c i 35.79 1573 43 1 132  881  503 44% 19 475777 4525 73%
c } 36.70 1574 42 1 145 1000  559 44% 19 475777 4525 73%
c [ 36.70 1574  0 1 145 1000  559  0% 0 475777 4525 73%
c O 36.70 1574  5 1 145 1002  561 32% 5 475777 4525 73%
c 
c  seconds    reductions  redundant  irredundant
c          MB     restarts       trail      variables
c            level   conflicts       glue        remaining
c 
c i 36.71 1574  3 1 145 1005  562 30% 3 475777 4499 73%
c i 36.71 1574  2 1 145 1006  562 29% 2 475777 4449 72%
c - 38.62 1786 31 2 145 1307  729 54% 22 474662 4449 72%
c - 40.25 1786 30 3 146 2820 1496 57% 25 474662 4449 72%
c ] 40.38 1786 31 3 146 3000 1642 57% 25 474662 4449 72%
c { 40.38 1786 42 3 146 3000 1642 44% 19 474662 4449 72%
c F 40.80 1677 42 3 146 3003 1645  3% 19 474662 4449 72%
c i 42.30 1677 43 3 165 3179 1761 23% 19 474662 4448 72%
c i 42.32 1677 43 3 165 3186 1766 23% 19 474662 4447 72%
c i 42.35 1677 42 3 165 3207 1785 25% 19 474662 4446 72%
c i 42.85 1677 37 3 169 3566 1897 18% 17 474662 4445 72%
c i 43.16 1677 40 3 176 3593 1917 18% 18 474662 4444 72%
c i 44.29 1677 34 3 198 4187 2003 17% 16 474662 4443 72%
c i 46.86 1677 37 3 256 4468 2194 19% 18 474662 4442 72%
c i 47.05 1677 37 3 266 4510 2223 19% 18 474662 4441 72%
c i 47.44 1677 39 3 280 4566 2268 20% 19 474662 4440 72%
c i 47.45 1677 39 3 281 4569 2269 20% 19 474662 4439 72%
c i 47.55 1677 40 3 284 4578 2276 20% 19 474662 4438 72%
c i 47.80 1677 41 3 298 4632 2312 20% 20 474662 4437 72%
c i 49.07 1677 44 3 336 4820 2443 21% 20 474662 4436 72%
c 
c  seconds    reductions  redundant   irredundant
c          MB     restarts       trail       variables
c            level   conflicts       glue         remaining
c 
c i 49.07 1677 44 3 336 4821 2443 21% 20 474662 4435 72%
c - 49.94 1671 44 4 339 4832 1600 21% 20 474620 4435 72%
c i 50.40 1671 45 4 346 4865 1627 21% 21 474620 4434 72%
c i 50.40 1671 45 4 346 4867 1628 21% 21 474620 4433 72%
c i 50.57 1671 46 4 350 4884 1640 21% 21 474620 4407 72%
c d 52.67 1671 48 4 382 5001 1743 22% 22 474243 4396 71%
c 3 52.72 1671 48 4 382 5001 3208 22% 22 474243 4396 71%
c 2 52.82 1671 48 4 382 5001 3379 22% 22 474150 4396 71%
c p 58.09 1671 48 4 382 5001 7095 22% 22 474150 4355 71%
c d 58.88 1671 48 4 382 5001 6952 22% 22 473970 4353 71%
c # 63.23 1671 47 4 487 6008 7463 23% 23 473970 4353 71%
c } 72.81 1671 48 4 594 7001 8292 26% 23 473970 4353 71%
c [ 72.81 1671 31 4 594 7001 8292 79% 25 473970 4353 71%
c - 75.07 1466 29 5 595 7346 2825 72% 23 473970 4353 71%
c I 83.41 1466 25 5 596 10009 4799 53% 20 473970 4353 71%
c - 85.05 1661 25 6 597 10362 3811 51% 20 473970 4353 71%
c - 88.06 1466 31 7 599 13884 4156 46% 26 473970 4353 71%
c ] 88.78 1466 32 7 599 15001 4903 45% 27 473970 4353 71%
c { 88.78 1466 48 7 599 15001 4903 26% 23 473970 4353 71%
c 2 88.89 1466 48 7 599 15001 6739 26% 23 473969 4353 71%
c 
c  seconds    reductions    redundant   irredundant
c          MB     restarts         trail       variables
c            level    conflicts        glue         remaining
c 
c p 91.69 1466 48 7 599 15001 10613 26% 23 473969 4353 71%
c B 91.93 1466 48 7 599 15010 10621 26% 23 473969 4353 71%
c s 94.34 1466 40 7 613 17231 11965 31% 21 469892 4353 71%
c v 105.00 1466 40 7 613 17231 11965 31% 21 469577 4353 71%
c w 105.33 1466 40 7 613 17231 11961 31% 21 469577 4353 71%
c t 105.34 1466 40 7 613 17231 11961 31% 21 469430 4353 71%
c e 107.16 1466 40 7 613 17231 7946 31% 21 461466 1235 20%
c s 107.32 1466 40 7 613 17231 7946 31% 21 460904 1235 20%
c - 110.47 1466 38 8 613 17905 5144 64% 20 460904 1235 20%
c W 112.46 1466 32 8 616 21014 7108 64% 19 460904 1235 20%
c - 118.76 1466 35 9 837 22400 5454 62% 20 460904 1235 20%
c - 140.04 1466 40 10 1465 27391 6636 60% 23 460904 1235 20%
c F 141.96 1466 40 10 1494 28015 7119 60% 23 460904 1235 20%
c 3 147.39 1466 39 10 1518 30002 9602 60% 23 460904 1235 20%
c p 152.57 1466 39 10 1518 30002 11802 60% 23 460904 1224 20%
c } 156.82 1466 40 10 1599 31005 12565 60% 23 460904 1224 20%
c [ 156.82 1466 32 10 1599 31005 12565 163% 27 460904 1224 20%
c - 159.17 1466 49 11 1599 32881 8031 146% 37 460873 1224 20%
c B 161.86 1466 67 11 1602 36017 10627 127% 50 460873 1224 20%
c - 163.56 1466 74 12 1604 38869 9157 116% 55 460873 1224 20%
c 
c  seconds     reductions      redundant    irredundant
c           MB      restarts          trail        variables
c             level      conflicts         glue         remaining
c 
c W 167.69 1466 85 12 1606 45019 14047 101% 64 460873 1224 20%
c - 168.05 1466 85 13 1606 45357 9534 101% 64 460873 1224 20%
c 3 169.54 1466 80 13 1607 50002 13864 94% 61 460873 1224 20%
c p 171.55 1466 80 13 1607 50002 16073 94% 61 460873 1224 20%
c s 172.57 1466 78 13 1607 51407 16987 92% 60 460197 1224 20%
c v 181.40 1466 78 13 1607 51407 16987 92% 60 459743 1224 20%
c w 181.94 1466 78 13 1607 51407 16986 92% 60 459743 1224 20%
c t 181.95 1466 78 13 1607 51407 16979 92% 60 459743 1224 20%
c e 183.71 1466 78 13 1607 51407 16974 92% 60 459741 1221 20%
c s 183.94 1466 78 13 1607 51407 16974 92% 60 459315 1221 20%
c - 186.63 1466 77 14 1607 52344 9727 91% 59 459315 1221 20%
c O 187.71 1466 74 14 1608 55020 11544 89% 57 459315 1221 20%
c - 189.33 1466 67 15 1612 59823 10028 85% 52 459315 1221 20%
c ] 190.24 1466 64 15 1614 63006 12289 83% 50 459315 1221 20%
c { 190.24 1466 40 15 1614 63006 12289 60% 23 459315 1221 20%
c B 211.00 1466 42 15 2101 66022 14849 60% 24 459315 1221 20%
c - 218.86 1466 42 16 2328 67803 11335 60% 25 459315 1221 20%
c 3 233.92 1466 39 16 2538 75002 17620 60% 23 459315 1221 20%
c 2 234.01 1466 39 16 2538 75002 17619 60% 23 459315 1221 20%
c p 236.13 1466 39 16 2538 75002 20469 60% 23 459315 1221 20%
c 
c  seconds     reductions      redundant   irredundant
c           MB      restarts          trail       variables
c             level      conflicts        glue         remaining
c 
c - 238.30 1466 38 17 2540 76279 12315 60% 23 459315 1221 20%
c W 240.83 1466 38 17 2567 78025 13562 60% 23 459315 1221 20%
c - 258.73 1466 37 18 2998 85255 13654 61% 23 459315 1221 20%
c # 268.39 1466 35 18 3220 91026 18006 61% 23 459315 1221 20%
c - 275.16 1466 35 19 3397 94731 14486 61% 23 459315 1221 20%
c - 292.77 1466 34 20 3971 104705 14703 61% 23 459315 1221 20%
c 3 294.45 1466 34 20 3999 105002 15677 61% 23 459315 1221 20%
c p 297.66 1466 34 20 3999 105002 18913 61% 23 459315 1221 20%
c B 298.06 1466 34 20 3999 105028 18936 61% 23 459315 1221 20%
c - 309.71 1466 32 21 4130 115182 17528 62% 21 459315 1221 20%
c W 316.99 1466 31 21 4141 120031 21438 62% 21 459315 1221 20%
c - 322.73 1466 30 22 4253 126153 17990 62% 21 459315 1221 20%
c } 326.53 1466 30 22 4355 127009 18678 62% 21 459315 1221 20%
c [ 326.53 1466 64 22 4355 127009 18678 83% 50 459315 1221 20%
c B 330.62 1466 56 22 4359 136036 24449 79% 44 459315 1221 20%
c - 333.39 1466 55 23 4361 137623 17232 78% 43 459315 1221 20%
c p 339.12 1466 54 23 4362 140003 23122 77% 42 459315 1221 20%
c s 339.52 1466 54 23 4362 140003 23117 77% 42 458234 1221 20%
c v 353.45 1466 54 23 4362 140003 23117 77% 42 457349 1221 20%
c w 353.98 1466 54 23 4362 140003 23115 77% 42 457349 1221 20%
c 
c  seconds     reductions       redundant   irredundant
c           MB      restarts           trail       variables
c             level      conflicts         glue         remaining
c 
c t 353.99 1466 54 23 4362 140003 23112 77% 42 457349 1221 20%
c s 356.08 1467 54 23 4362 140003 23112 77% 42 456235 1221 20%
c ] 358.16 1467 54 23 4362 140174 23244 77% 42 456235 1221 20%
c 1 358.16 1467 54 23 4362 140174 23244 77% 42 456235 1221 20%
c 
c --- [ writing output ] -----------------------------------------------------
c 
c writing simplified CNF to DIMACS file 'simp/22-cubes/30.cubes1884.adj.simp1'
c * 358.16 1467 54 23 4362 140174 23244 77% 42 456235 1221 20%
c opening file to write 'simp/22-cubes/30.cubes1884.adj.simp1'
c writing 'p cnf 6160 456235' header
c closing file 'simp/22-cubes/30.cubes1884.adj.simp1'
c after writing 220118150 bytes 209.9 MB
c wrote 456235 clauses in 1.52 seconds process time
c 
c --- [ writing extension ] --------------------------------------------------
c 
c writing extension stack to 'simp/22-cubes/30.cubes1884.adj.ext1'
c opening file to write 'simp/22-cubes/30.cubes1884.adj.ext1'
c closing file 'simp/22-cubes/30.cubes1884.adj.ext1'
c after writing 248299 bytes 0.2 MB
c wrote 10509 witnesses in 0.00 seconds process time
c 
c --- [ result ] -------------------------------------------------------------
c 
s SATISFIABLE
c 
c --- [ run-time profiling ] -------------------------------------------------
c 
c process time taken by individual solving procedures
c (percentage relative to process time for solving)
c 
c       268.13   78.91% search
c       214.63   63.16% unstable
c        71.67   21.09% simplify
c        47.24   13.90% stable
c        34.68   10.20% vivify
c        22.58    6.64% probe
c        18.36    5.40% parse
c        10.11    2.98% elim
c         4.91    1.44% walk
c         1.51    0.44% subsume
c         1.35    0.40% lucky
c         0.46    0.13% ternary
c   =================================
c       339.80   94.47% solve
c 
c last line shows process time for solving
c (percentage relative to total process time)
c 
c --- [ statistics ] ---------------------------------------------------------
c 
c chronological:             27020        19.28 %  of conflicts
c conflicts:                140174       412.52    per second
c decisions:                420021      1236.08    per second
c eliminated:                 3121        50.67 %  of all variables
c fixed:                      1806        29.32 %  of all variables
c learned:                  136572        97.43 %  per conflict
c learned_lits:           27162006       100.00 %  learned literals
c minimized:                     0         0.00 %  learned literals
c shrunken:               13875153        51.08 %  learned literals
c minishrunken:            2905996        10.70 %  learned literals
c propagations:           13864597         0.04 M  per second
c reduced:                   84232        60.09 %  per conflict
c rephased:                     16      8760.88    interval
c restarts:                   4362        32.14    interval
c stabilizing:                   4        39.36 %  of conflicts
c substituted:                  12         0.19 %  of all variables
c subsumed:                  43234         1.07 %  of all clauses
c strengthened:              22396         0.56 %  of all clauses
c ternary:                    7698         0.50 %  of resolved
c vivified:                   1676         0.04 %  of all clauses
c walked:                        4     35043.50    interval
c weakened:                   8703         3.27    average size
c 
c seconds are measured in process time for solving
c 
c --- [ resources ] ----------------------------------------------------------
c 
c total process time since initialization:       359.68    seconds
c total real time since initialization:          359.89    seconds
c maximum resident set size of process:         1998.93    MB
c 
c --- [ shutting down ] ------------------------------------------------------
c 
c exit 10
++ seq 1 100
+ for i in '$(seq 1 100)'
++ sed 's/.$//'
++ rev
++ cut '-d ' -f1
++ rev
++ tail -n 1
++ grep 'c [*]' log/22-cubes/30.cubes1884.adj.simp1
+ vars_remaining=20
+ ((  vars_remaining < 100 - p  ))
+ break
++ cut '-d ' -f3
++ head -n 1 simp/22-cubes/30.cubes1884.adj.simp1
+ numvars=6160
++ cut '-d ' -f4
++ head -n 1 simp/22-cubes/30.cubes1884.adj.simp1
+ numlines=456235
+ extlines_total=0
++ seq 1 1
+ for j in '$(seq 1 "$i")'
++ cut '-d ' -f1
++ wc -l simp/22-cubes/30.cubes1884.adj.ext1
+ extlines_j=10509
+ extlines_total=10509
+ newlines=466744
+ echo 'p cnf 6160 466744'
+ tail simp/22-cubes/30.cubes1884.adj.simp1 -n +2
++ seq 1 1
+ for j in '$(seq 1 "$i")'
+ cat simp/22-cubes/30.cubes1884.adj.ext1
+ sed -i 's/ 0.*/ 0/' 22-cubes/30.cubes1884.adj.simp
============================[ Problem Statistics ]=============================
|                                                                             |
|  Number of variables:          6160                                         |
|  Number of clauses:          464938                                         |
|  Parse time:                   2.80 s                                       |
|  Simplification time:          0.07 s                                       |
|                                                                             |
============================[ Search Statistics ]====================================================
| Conflicts |          ORIGINAL         |          LEARNT          | Num Sols |      SUBGRAPHS      |
|           |    Vars  Clauses Literals |    Limit  Clauses Lit/Cl |          | Canonical Noncanon. |
=====================================================================================================
|       100 |    4354   464938 47758382 |     2000      100    121 |        0 |        14         0 |
|       280 |    4354   464968 47759006 |     2000      280     79 |        0 |        32        30 |
|       512 |    4354   464975 47759127 |     2000      512     62 |        0 |        47        37 |
|       863 |    4354   464989 47759579 |     2000      863     92 |        0 |        54        51 |
|      1391 |    4354   465011 47760184 |     2000     1391    106 |        0 |        56        73 |
|      2176 |    4354   465037 47760977 |     3606     1182     87 |        0 |        64        99 |
|      3426 |    4354   465148 47763903 |     3606     2432     95 |        0 |        83       210 |
|      5213 |    4354   465227 47765837 |     5004     2417     73 |        0 |       150       289 |
|      7823 |    4354   465275 47767088 |     6302     2525     33 |        0 |       247       337 |
|     11776 |    4354   465384 47769915 |     7554     3330     37 |        0 |       319       446 |
|     17855 |    4354   465697 47776511 |     8779     5634     53 |        0 |       414       759 |
|     26736 |    4354   465929 47781014 |    11201     5137     34 |        0 |       518       991 |
|     40167 |    4354   466386 47789533 |    13607     6774     36 |        0 |       637      1448 |
|     60115 |    4354   466873 47799914 |    16006    12521     65 |        0 |       924      1935 |
|     89730 |    4354   467296 47811165 |    19612    16342     72 |        0 |      1167      2358 |
|    134279 |    4354   468056 47828161 |    24405    18084     51 |        0 |      1420      3118 |
|    201487 |    4354   469580 47862296 |    30416    18303     39 |        0 |      2032      4642 |
|    301640 |    4354   471207 47891646 |    37612    18252     19 |        0 |      2327      6269 |
|    450784 |    4354   472562 47918506 |    46018    23202     25 |        4 |      2850      7620 |
|    682884 |    4354   482979 48102774 |    55614    54498     80 |        4 |      4392     18037 |
|   1016673 |    4354   484243 48141491 |    68815    49488     62 |        4 |      5137     19301 |
|   1517653 |    4354   486435 48209515 |    84422    56475     54 |        4 |      6427     21493 |
|   2287580 |    4354   508180 48742386 |   103618    79198     58 |        4 |     10294     43238 |
|   3436641 |    4354   534967 49397626 |   127612    78253     49 |        4 |     15927     70025 |
|   5153950 |    4354   568865 50165590 |   156419    98769     46 |        4 |     22661    103923 |
|   7697234 |    4354   587033 50647312 |   191215   130649     53 |        5 |     31679    122090 |
|  11519750 |    4354   621874 51572426 |   234423   133573     40 |        5 |     42386    156931 |
|  17236618 |    4354   657230 52492042 |   286035   269053     75 |        9 |     54068    192283 |
|  25883910 |    4354   782253 55364686 |   350822   335732     57 |        9 |     75340    317306 |
|  39005727 |    4354  1120667 63380861 |   431219   379146     66 |        9 |    107559    655720 |
|  58350559 |    4354  1290394 66993124 |   528430   316389     42 |       13 |    130477    825443 |
|  87525652 |    4314   910298 52047831 |   647224   425076     51 |       15 |    171328   1237876 |
=====================================================================================================
Number of solutions   : 16          
Canonical subgraphs   : 184911         (4 /sec)
          order  3    : 1              (200000 /sec)
          order  4    : 1              (500000 /sec)
          order  5    : 1              (250000 /sec)
          order  6    : 1              (55556 /sec)
          order  7    : 1              (8772 /sec)
          order  8    : 2              (1162 /sec)
          order  9    : 6              (316 /sec)
          order 10    : 13             (62 /sec)
          order 11    : 54             (18 /sec)
          order 12    : 232            (5 /sec)
          order 13    : 1585           (2 /sec)
          order 14    : 10077          (2 /sec)
          order 15    : 84393          (4 /sec)
          order 16    : 56149          (5 /sec)
          order 17    : 31099          (5 /sec)
          order 18    : 810            (4 /sec)
          order 19    : 243            (3 /sec)
          order 20    : 110            (4 /sec)
          order 21    : 117            (4 /sec)
          order 22    : 16             (0 /sec)
Noncanonical subgraphs: 1360021        (224 /sec)
          order  3    : 0              (-nan /sec)
          order  4    : 0              (-nan /sec)
          order  5    : 0              (-nan /sec)
          order  6    : 0              (-nan /sec)
          order  7    : 0              (-nan /sec)
          order  8    : 0              (-nan /sec)
          order  9    : 0              (-nan /sec)
          order 10    : 0              (-nan /sec)
          order 11    : 0              (-nan /sec)
          order 12    : 0              (-nan /sec)
          order 13    : 0              (-nan /sec)
          order 14    : 41588          (2774 /sec)
          order 15    : 164227         (1193 /sec)
          order 16    : 1126251        (199 /sec)
          order 17    : 24377          (187 /sec)
          order 18    : 3460           (34 /sec)
          order 19    : 16             (16 /sec)
          order 20    : 1              (21739 /sec)
          order 21    : 0              (-nan /sec)
Canonicity checking   : 53815 s
database reductions   : 585
restarts              : 131070
conflicts             : 103843777      (935 /sec)
decisions             : 133456228      (0.00 % random) (1202 /sec)
propagations          : 19266827039    (173566 /sec)
conflict literals     : 11533854235    (56.95 % deleted)
actual reward         : 0.063129
Memory used           : 1149.00 MB
CPU time              : 111006 s

UNSATISFIABLE
