+ '[' -z 66 ']'
+ f=constraints_22_11.simp-noncanon.simp
+ c=22-cubes/30.cubes
+ i=66
+ s=70
+ adj=22-cubes/30.cubes66.adj
+ cnf=22-cubes/30.cubes66.cnf
+ ext=22-cubes/30.cubes66.ext
+ cnfext=22-cubes/30.cubes66.cnfext
+ unitlines=0
++ sed '67q;d' 22-cubes/30.cubes
+ for b in '$(sed "$((i+1))q;d" "$c")'
+ [[ a != \a ]]
+ for b in '$(sed "$((i+1))q;d" "$c")'
+ [[ -92 != \a ]]
+ [[ -92 != \0 ]]
+ unitlines=1
+ for b in '$(sed "$((i+1))q;d" "$c")'
+ [[ 137 != \a ]]
+ [[ 137 != \0 ]]
+ unitlines=2
+ for b in '$(sed "$((i+1))q;d" "$c")'
+ [[ 121 != \a ]]
+ [[ 121 != \0 ]]
+ unitlines=3
+ for b in '$(sed "$((i+1))q;d" "$c")'
+ [[ 158 != \a ]]
+ [[ 158 != \0 ]]
+ unitlines=4
+ for b in '$(sed "$((i+1))q;d" "$c")'
+ [[ 107 != \a ]]
+ [[ 107 != \0 ]]
+ unitlines=5
+ for b in '$(sed "$((i+1))q;d" "$c")'
+ [[ 57 != \a ]]
+ [[ 57 != \0 ]]
+ unitlines=6
+ for b in '$(sed "$((i+1))q;d" "$c")'
+ [[ -169 != \a ]]
+ [[ -169 != \0 ]]
+ unitlines=7
+ for b in '$(sed "$((i+1))q;d" "$c")'
+ [[ 135 != \a ]]
+ [[ 135 != \0 ]]
+ unitlines=8
+ for b in '$(sed "$((i+1))q;d" "$c")'
+ [[ -72 != \a ]]
+ [[ -72 != \0 ]]
+ unitlines=9
+ for b in '$(sed "$((i+1))q;d" "$c")'
+ [[ 0 != \a ]]
+ [[ 0 != \0 ]]
++ cut '-d ' -f3
++ head -n 1 constraints_22_11.simp-noncanon.simp
+ numvars=6160
++ cut '-d ' -f4
++ head -n 1 constraints_22_11.simp-noncanon.simp
+ numlines=1786659
+ newlines=1786668
+ echo 'p cnf 6160 1786668'
+ tail constraints_22_11.simp-noncanon.simp -n +2
++ sed '67q;d' 22-cubes/30.cubes
+ for b in '$(sed "$((i+1))q;d" "$c")'
+ [[ a != \a ]]
+ for b in '$(sed "$((i+1))q;d" "$c")'
+ [[ -92 != \a ]]
+ [[ -92 != \0 ]]
+ echo '-92 0'
+ for b in '$(sed "$((i+1))q;d" "$c")'
+ [[ 137 != \a ]]
+ [[ 137 != \0 ]]
+ echo '137 0'
+ for b in '$(sed "$((i+1))q;d" "$c")'
+ [[ 121 != \a ]]
+ [[ 121 != \0 ]]
+ echo '121 0'
+ for b in '$(sed "$((i+1))q;d" "$c")'
+ [[ 158 != \a ]]
+ [[ 158 != \0 ]]
+ echo '158 0'
+ for b in '$(sed "$((i+1))q;d" "$c")'
+ [[ 107 != \a ]]
+ [[ 107 != \0 ]]
+ echo '107 0'
+ for b in '$(sed "$((i+1))q;d" "$c")'
+ [[ 57 != \a ]]
+ [[ 57 != \0 ]]
+ echo '57 0'
+ for b in '$(sed "$((i+1))q;d" "$c")'
+ [[ -169 != \a ]]
+ [[ -169 != \0 ]]
+ echo '-169 0'
+ for b in '$(sed "$((i+1))q;d" "$c")'
+ [[ 135 != \a ]]
+ [[ 135 != \0 ]]
+ echo '135 0'
+ for b in '$(sed "$((i+1))q;d" "$c")'
+ [[ -72 != \a ]]
+ [[ -72 != \0 ]]
+ echo '-72 0'
+ for b in '$(sed "$((i+1))q;d" "$c")'
+ [[ 0 != \a ]]
+ [[ 0 != \0 ]]
+ ./simplify-by-var-removal.sh 22-cubes/30.cubes66.adj 70
+ '[' -z 70 ']'
+ f=22-cubes/30.cubes66.adj
+ p=70
++ echo 22-cubes
+ sub_dir=22-cubes
+ mkdir -p log/22-cubes
+ mkdir -p simp/22-cubes
+ tee log/22-cubes/30.cubes66.adj.simp1
+ ./cadical/build/cadical 22-cubes/30.cubes66.adj -o simp/22-cubes/30.cubes66.adj.simp1 -e simp/22-cubes/30.cubes66.adj.ext1 -n -c 200000
c --- [ banner ] -------------------------------------------------------------
c 
c CaDiCaL Radically Simplified CDCL SAT Solver
c Copyright (c) 2016-2021 A. Biere, M. Fleury, N. Froleyks
c 
c Version 1.5.2
c g++ (GCC) 9.3.0 -Wall -Wextra -O3 -DNDEBUG
c Tue Feb 8 21:15:15 EST 2022 Linux gra-login1 3.10.0-1160.36.2.el7.x86_64 x86_64
c 
c --- [ limit ] --------------------------------------------------------------
c 
c setting conflict limit to 200000 conflicts (due to '200000')
c 
c --- [ parsing input ] ------------------------------------------------------
c 
c reading DIMACS file from '22-cubes/30.cubes66.adj'
c opening file to read '22-cubes/30.cubes66.adj'
c found 'p cnf 6160 1786668' header
c parsed 1786668 clauses in 18.35 seconds process time
c closing file '22-cubes/30.cubes66.adj'
c after reading 1542541670 bytes 1471.1 MB
c 
c --- [ options ] ------------------------------------------------------------
c 
c all options are set to their default value
c 
c --- [ solving ] ------------------------------------------------------------
c 
c time measured in process time since initialization
c 
c  seconds    reductions  redundant   irredundant
c          MB     restarts       trail       variables
c            level   conflicts       glue         remaining
c 
c * 18.36 1459  0 0   0    0    0  0% 0 1785954 4708 76%
c { 19.16 1504  0 0   0    0    0  0% 0 1785954 4708 76%
c i 20.61 1545 25 0   2   66   37 37% 7 1785954 4682 76%
c i 20.63 1545 24 0   2   68   38 37% 6 1785954 4640 75%
c i 20.68 1545 16 0   2  123   41 36% 6 1785954 4629 75%
c - 26.39 1525 20 1  38  300  102 37% 12 366897 4625 75%
c i 26.56 1475 15 1  65  620  120 36% 11 366897 4624 75%
c } 26.58 1475 14 1  89 1001  142 36% 11 366897 4624 75%
c [ 26.58 1475  0 1  89 1001  142  0% 0 366897 4624 75%
c O 26.58 1475  2 1  89 1002  143 29% 1 366897 4624 75%
c i 26.62 1475  7 1  89 1096  163 37% 7 366897 4612 75%
c i 26.74 1475  7 1  89 1100  166 38% 7 366897 4611 75%
c i 26.82 1476  8 1  89 1103  168 39% 7 366897 4610 75%
c i 26.82 1476  8 1  89 1106  169 39% 7 366897 4609 75%
c i 26.84 1476  8 1  89 1107  169 39% 7 366897 4608 75%
c i 26.85 1476  8 1  89 1109  169 40% 7 366897 4607 75%
c i 26.85 1476  8 1  89 1111  170 40% 7 366897 4606 75%
c i 26.86 1476  8 1  89 1114  172 40% 7 366897 4605 75%
c i 26.86 1476  8 1  89 1115  172 41% 7 366897 4604 75%
c i 26.87 1476  8 1  89 1119  175 41% 7 366897 4603 75%
c 
c  seconds    reductions  redundant  irredundant
c          MB     restarts       trail      variables
c            level   conflicts       glue        remaining
c 
c i 26.87 1476  8 1  89 1120  175 41% 7 366897 4602 75%
c i 26.90 1476  8 1  89 1125  179 42% 8 366897 4601 75%
c i 26.90 1476  8 1  89 1127  179 42% 8 366897 4600 75%
c i 26.91 1476  8 1  89 1130  178 42% 8 366897 4599 75%
c i 26.91 1476  8 1  89 1131  178 42% 8 366897 4598 75%
c i 26.91 1476  8 1  89 1132  178 42% 7 366897 4597 75%
c i 26.91 1476  8 1  89 1133  178 42% 7 366897 4596 75%
c i 26.91 1476  8 1  89 1134  178 42% 7 366897 4595 75%
c i 26.96 1476  9 1  89 1143  185 44% 8 366897 4594 75%
c i 26.96 1476  9 1  89 1144  185 44% 8 366897 4593 75%
c i 26.96 1476  9 1  89 1147  186 44% 8 366897 4592 75%
c i 26.96 1476  9 1  89 1148  186 44% 8 366897 4591 75%
c i 26.97 1476  9 1  89 1154  189 44% 8 366897 4590 75%
c i 26.97 1476  9 1  89 1155  189 44% 8 366897 4589 74%
c i 27.00 1476  9 1  89 1162  190 45% 8 366897 4588 74%
c i 27.00 1476  9 1  89 1164  191 45% 8 366897 4587 74%
c i 27.00 1476  9 1  89 1167  192 45% 8 366897 4586 74%
c i 27.01 1476  9 1  89 1169  193 45% 8 366897 4585 74%
c i 27.01 1476  9 1  89 1171  193 46% 8 366897 4584 74%
c i 27.04 1476 10 1  89 1183  202 46% 9 366897 4583 74%
c 
c  seconds    reductions  redundant  irredundant
c          MB     restarts       trail      variables
c            level   conflicts       glue        remaining
c 
c i 27.04 1476 10 1  89 1185  202 46% 9 366897 4582 74%
c i 27.05 1476 10 1  89 1188  202 47% 9 366897 4581 74%
c i 27.05 1476 11 1  89 1195  202 47% 9 366897 4580 74%
c i 27.05 1476 10 1  89 1196  202 47% 9 366897 4579 74%
c i 27.05 1476 11 1  89 1199  203 47% 9 366897 4578 74%
c i 27.06 1476 10 1  89 1200  203 47% 9 366897 4577 74%
c i 27.06 1476 10 1  89 1201  203 47% 9 366897 4576 74%
c i 27.06 1476 10 1  89 1202  203 47% 9 366897 4575 74%
c i 27.06 1476 10 1  89 1203  203 47% 9 366897 4574 74%
c i 27.06 1476 10 1  89 1204  203 47% 9 366897 4573 74%
c i 27.06 1476 10 1  89 1205  203 47% 9 366897 4572 74%
c i 27.06 1476 10 1  89 1206  203 47% 9 366897 4571 74%
c i 27.06 1476 10 1  89 1207  203 47% 9 366897 4570 74%
c i 27.12 1476 10 1  89 1221  203 47% 9 366897 4569 74%
c i 27.12 1476 10 1  89 1223  204 47% 9 366897 4568 74%
c - 27.83 1635 11 2  89 1238  176 48% 9 366516 4567 74%
c i 27.89 1636 11 2  89 1247  182 49% 10 366516 4566 74%
c i 27.94 1636 12 2  89 1280  192 50% 10 366516 4565 74%
c i 27.95 1636 12 2  89 1297  197 50% 10 366516 4564 74%
c i 27.99 1636 12 2  89 1317  201 51% 11 366516 4563 74%
c 
c  seconds    reductions  redundant   irredundant
c          MB     restarts       trail       variables
c            level   conflicts       glue         remaining
c 
c i 28.00 1636 12 2  89 1327  209 51% 11 366516 4562 74%
c i 28.03 1636 13 2  89 1349  223 51% 11 366516 4561 74%
c i 28.03 1636 13 2  89 1353  225 51% 11 366516 4560 74%
c i 28.03 1636 13 2  89 1354  225 51% 11 366516 4559 74%
c i 28.05 1636 13 2  89 1380  240 51% 11 366516 4558 74%
c i 28.05 1636 13 2  89 1392  247 51% 11 366516 4557 74%
c i 28.05 1636 13 2  89 1394  248 51% 11 366516 4556 74%
c i 28.06 1636 13 2  89 1407  257 52% 11 366516 4555 74%
c i 28.09 1636 13 2  89 1435  275 52% 11 366516 4554 74%
c i 28.13 1636 14 2  89 1478  299 52% 12 366516 4553 74%
c i 28.15 1636 14 2  89 1490  296 52% 12 366516 4552 74%
c i 28.19 1636 14 2  89 1543  318 53% 12 366516 4551 74%
c i 28.20 1636 14 2  89 1567  335 53% 12 366516 4550 74%
c i 28.21 1636 14 2  89 1591  334 52% 12 366516 4549 74%
c i 28.22 1636 14 2  89 1621  348 52% 12 366516 4548 74%
c i 28.23 1636 14 2  89 1622  348 52% 12 366516 4547 74%
c i 28.31 1636 14 2  89 1830  426 53% 12 366516 4546 74%
c i 28.31 1636 14 2  89 1839  432 53% 12 366516 4545 74%
c i 28.34 1636 14 2  89 1876  435 53% 11 366516 4512 73%
c - 29.35 1626 12 3  90 2646  174 46% 11 365319 4512 73%
c 
c  seconds    reductions  redundant   irredundant
c          MB     restarts       trail       variables
c            level   conflicts       glue         remaining
c 
c ] 29.38 1626 11 3  90 3001  198 44% 10 365319 4512 73%
c { 29.38 1626 14 3  90 3001  198 36% 11 365319 4512 73%
c F 29.60 1591 14 3  90 3004  198  5% 11 365319 4512 73%
c i 29.63 1591 11 3  90 3645  239 14% 10 365319 4503 73%
c - 30.32 1589 10 4 100 4523  223 15% 9 361113 4503 73%
c d 30.95 1590 10 4 100 5000  244 15% 9 361035 4471 73%
c 3 30.98 1590 10 4 100 5000 1774 15% 9 361035 4471 73%
c 2 31.06 1590 10 4 100 5000 2174 15% 9 360942 4471 73%
c p 38.41 1590 10 4 100 5000 12058 15% 9 360942 4175 68%
c d 39.02 1590 10 4 100 5000 8338 15% 9 356927 4168 68%
c # 39.16 1590  9 4 100 6005 8382 16% 8 356927 4168 68%
c i 39.18 1590  9 4 134 6510 8410 16% 8 356927 4013 65%
c i 39.20 1590  9 4 134 6738 8428 16% 8 356927 3997 65%
c i 39.20 1590  9 4 134 6763 8434 16% 8 356927 3960 64%
c i 39.20 1590  9 4 134 6825 8439 17% 8 356927 3897 63%
c } 39.20 1590  9 4 134 6838 8441 17% 8 356927 3719 60%
c 0 39.20 1590  9 4 134 6838 8441 17% 8 356927 3719 60%
c 
c --- [ writing output ] -----------------------------------------------------
c 
c writing simplified CNF to DIMACS file 'simp/22-cubes/30.cubes66.adj.simp1'
c * 39.20 1590  9 4 134 6838 8441 17% 8 356927 3719 60%
c opening file to write 'simp/22-cubes/30.cubes66.adj.simp1'
c writing 'p cnf 6160 1' header
c closing file 'simp/22-cubes/30.cubes66.adj.simp1'
c after writing 15 bytes 0.0 MB
c wrote 1 clauses in 0.00 seconds process time
c 
c --- [ writing extension ] --------------------------------------------------
c 
c writing extension stack to 'simp/22-cubes/30.cubes66.adj.ext1'
c opening file to write 'simp/22-cubes/30.cubes66.adj.ext1'
c closing file 'simp/22-cubes/30.cubes66.adj.ext1'
c after writing 0 bytes 0.0 MB
c wrote 0 witnesses in 0.00 seconds process time
c 
c --- [ result ] -------------------------------------------------------------
c 
s UNSATISFIABLE
c 
c --- [ run-time profiling ] -------------------------------------------------
c 
c process time taken by individual solving procedures
c (percentage relative to process time for solving)
c 
c        18.35   88.04% parse
c        12.13   58.21% search
c         8.71   41.79% simplify
c         8.53   40.91% unstable
c         7.35   35.24% probe
c         2.80   13.43% stable
c         0.81    3.87% lucky
c         0.06    0.31% ternary
c   =================================
c        20.85   53.17% solve
c 
c last line shows process time for solving
c (percentage relative to total process time)
c 
c --- [ statistics ] ---------------------------------------------------------
c 
c chronological:               408         5.97 %  of conflicts
c conflicts:                  6838       328.01    per second
c decisions:                  9676       464.14    per second
c fixed:                      2402        38.99 %  of all variables
c learned:                    6818        99.71 %  per conflict
c learned_lits:             296318       100.00 %  learned literals
c minimized:                     0         0.00 %  learned literals
c shrunken:                 216390        73.03 %  learned literals
c minishrunken:               3685         1.24 %  learned literals
c propagations:            1038241         0.05 M  per second
c reduced:                      91         1.33 %  per conflict
c rephased:                      3      2279.33    interval
c restarts:                    134        51.03    interval
c stabilizing:                   1        29.25 %  of conflicts
c substituted:                  39         0.63 %  of all variables
c subsumed:                   6070         0.15 %  of all clauses
c ternary:                    1933         0.36 %  of resolved
c weakened:                     78         2.00    average size
c 
c seconds are measured in process time for solving
c 
c --- [ resources ] ----------------------------------------------------------
c 
c total process time since initialization:        39.21    seconds
c total real time since initialization:           39.51    seconds
c maximum resident set size of process:         1785.28    MB
c 
c --- [ shutting down ] ------------------------------------------------------
c 
c exit 20
++ seq 1 100
+ for i in '$(seq 1 100)'
++ sed 's/.$//'
++ rev
++ cut '-d ' -f1
++ rev
++ tail -n 1
++ grep 'c [*]' log/22-cubes/30.cubes66.adj.simp1
+ vars_remaining=60
+ ((  vars_remaining < 100 - p  ))
+ tee log/22-cubes/30.cubes66.adj.simp2
+ ./cadical/build/cadical simp/22-cubes/30.cubes66.adj.simp1 -o simp/22-cubes/30.cubes66.adj.simp2 -e simp/22-cubes/30.cubes66.adj.ext2 -n -c 200000
c --- [ banner ] -------------------------------------------------------------
c 
c CaDiCaL Radically Simplified CDCL SAT Solver
c Copyright (c) 2016-2021 A. Biere, M. Fleury, N. Froleyks
c 
c Version 1.5.2
c g++ (GCC) 9.3.0 -Wall -Wextra -O3 -DNDEBUG
c Tue Feb 8 21:15:15 EST 2022 Linux gra-login1 3.10.0-1160.36.2.el7.x86_64 x86_64
c 
c --- [ limit ] --------------------------------------------------------------
c 
c setting conflict limit to 200000 conflicts (due to '200000')
c 
c --- [ parsing input ] ------------------------------------------------------
c 
c reading DIMACS file from 'simp/22-cubes/30.cubes66.adj.simp1'
c opening file to read 'simp/22-cubes/30.cubes66.adj.simp1'
c found 'p cnf 6160 1' header
c parsed 1 clauses in 0.00 seconds process time
c closing file 'simp/22-cubes/30.cubes66.adj.simp1'
c after reading 15 bytes 0.0 MB
c 
c --- [ options ] ------------------------------------------------------------
c 
c all options are set to their default value
c 
c --- [ solving ] ------------------------------------------------------------
c 
c time measured in process time since initialization
c 
c  seconds  reductions  redundant irredundant
c         MB    restarts       trail    variables
c          level   conflicts       glue     remaining
c 
c 0  0.00  3  0 0   0    0    0  0% 0    0   0  0%
c 
c --- [ writing output ] -----------------------------------------------------
c 
c writing simplified CNF to DIMACS file 'simp/22-cubes/30.cubes66.adj.simp2'
c *  0.00  3  0 0   0    0    0  0% 0    0   0  0%
c opening file to write 'simp/22-cubes/30.cubes66.adj.simp2'
c writing 'p cnf 6160 1' header
c closing file 'simp/22-cubes/30.cubes66.adj.simp2'
c after writing 15 bytes 0.0 MB
c wrote 1 clauses in 0.00 seconds process time
c 
c --- [ writing extension ] --------------------------------------------------
c 
c writing extension stack to 'simp/22-cubes/30.cubes66.adj.ext2'
c opening file to write 'simp/22-cubes/30.cubes66.adj.ext2'
c closing file 'simp/22-cubes/30.cubes66.adj.ext2'
c after writing 0 bytes 0.0 MB
c wrote 0 witnesses in 0.00 seconds process time
c 
c --- [ result ] -------------------------------------------------------------
c 
s UNSATISFIABLE
c 
c --- [ run-time profiling ] -------------------------------------------------
c 
c process time taken by individual solving procedures
c (percentage relative to process time for solving)
c 
c         0.00  987.91% parse
c         0.00    0.00% search
c         0.00    0.00% simplify
c   =================================
c         0.00    3.82% solve
c 
c last line shows process time for solving
c (percentage relative to total process time)
c 
c --- [ statistics ] ---------------------------------------------------------
c 
c minimized:                     0         0.00 %  learned literals
c shrunken:                      0         0.00 %  learned literals
c minishrunken:                  0         0.00 %  learned literals
c propagations:                  0         0.00 M  per second
c 
c seconds are measured in process time for solving
c 
c --- [ resources ] ----------------------------------------------------------
c 
c total process time since initialization:         0.00    seconds
c total real time since initialization:            0.04    seconds
c maximum resident set size of process:            2.67    MB
c 
c --- [ shutting down ] ------------------------------------------------------
c 
c exit 20
+ for i in '$(seq 1 100)'
++ sed 's/.$//'
++ rev
++ cut '-d ' -f1
++ rev
++ tail -n 1
++ grep 'c [*]' log/22-cubes/30.cubes66.adj.simp2
+ vars_remaining=0
+ ((  vars_remaining < 100 - p  ))
+ break
++ cut '-d ' -f3
++ head -n 1 simp/22-cubes/30.cubes66.adj.simp2
+ numvars=6160
++ cut '-d ' -f4
++ head -n 1 simp/22-cubes/30.cubes66.adj.simp2
+ numlines=1
+ extlines_total=0
++ seq 1 2
+ for j in '$(seq 1 "$i")'
++ cut '-d ' -f1
++ wc -l simp/22-cubes/30.cubes66.adj.ext1
+ extlines_j=0
+ extlines_total=0
+ for j in '$(seq 1 "$i")'
++ cut '-d ' -f1
++ wc -l simp/22-cubes/30.cubes66.adj.ext2
+ extlines_j=0
+ extlines_total=0
+ newlines=1
+ echo 'p cnf 6160 1'
+ tail simp/22-cubes/30.cubes66.adj.simp2 -n +2
++ seq 1 2
+ for j in '$(seq 1 "$i")'
+ cat simp/22-cubes/30.cubes66.adj.ext1
+ for j in '$(seq 1 "$i")'
+ cat simp/22-cubes/30.cubes66.adj.ext2
+ sed -i 's/ 0.*/ 0/' 22-cubes/30.cubes66.adj.simp
UNSATISFIABLE
