+ '[' -z 4293 ']'
+ f=constraints_22_11.simp-noncanon.simp
+ c=22-cubes/30.cubes
+ i=4293
+ s=70
+ adj=22-cubes/30.cubes4293.adj
+ cnf=22-cubes/30.cubes4293.cnf
+ ext=22-cubes/30.cubes4293.ext
+ cnfext=22-cubes/30.cubes4293.cnfext
+ unitlines=0
++ sed '4294q;d' 22-cubes/30.cubes
+ for b in '$(sed "$((i+1))q;d" "$c")'
+ [[ a != \a ]]
+ for b in '$(sed "$((i+1))q;d" "$c")'
+ [[ -92 != \a ]]
+ [[ -92 != \0 ]]
+ unitlines=1
+ for b in '$(sed "$((i+1))q;d" "$c")'
+ [[ -137 != \a ]]
+ [[ -137 != \0 ]]
+ unitlines=2
+ for b in '$(sed "$((i+1))q;d" "$c")'
+ [[ 122 != \a ]]
+ [[ 122 != \0 ]]
+ unitlines=3
+ for b in '$(sed "$((i+1))q;d" "$c")'
+ [[ -80 != \a ]]
+ [[ -80 != \0 ]]
+ unitlines=4
+ for b in '$(sed "$((i+1))q;d" "$c")'
+ [[ -58 != \a ]]
+ [[ -58 != \0 ]]
+ unitlines=5
+ for b in '$(sed "$((i+1))q;d" "$c")'
+ [[ -207 != \a ]]
+ [[ -207 != \0 ]]
+ unitlines=6
+ for b in '$(sed "$((i+1))q;d" "$c")'
+ [[ 154 != \a ]]
+ [[ 154 != \0 ]]
+ unitlines=7
+ for b in '$(sed "$((i+1))q;d" "$c")'
+ [[ 171 != \a ]]
+ [[ 171 != \0 ]]
+ unitlines=8
+ for b in '$(sed "$((i+1))q;d" "$c")'
+ [[ 169 != \a ]]
+ [[ 169 != \0 ]]
+ unitlines=9
+ for b in '$(sed "$((i+1))q;d" "$c")'
+ [[ -153 != \a ]]
+ [[ -153 != \0 ]]
+ unitlines=10
+ for b in '$(sed "$((i+1))q;d" "$c")'
+ [[ -167 != \a ]]
+ [[ -167 != \0 ]]
+ unitlines=11
+ for b in '$(sed "$((i+1))q;d" "$c")'
+ [[ -32 != \a ]]
+ [[ -32 != \0 ]]
+ unitlines=12
+ for b in '$(sed "$((i+1))q;d" "$c")'
+ [[ 151 != \a ]]
+ [[ 151 != \0 ]]
+ unitlines=13
+ for b in '$(sed "$((i+1))q;d" "$c")'
+ [[ 81 != \a ]]
+ [[ 81 != \0 ]]
+ unitlines=14
+ for b in '$(sed "$((i+1))q;d" "$c")'
+ [[ 0 != \a ]]
+ [[ 0 != \0 ]]
++ cut '-d ' -f3
++ head -n 1 constraints_22_11.simp-noncanon.simp
+ numvars=6160
++ cut '-d ' -f4
++ head -n 1 constraints_22_11.simp-noncanon.simp
+ numlines=1786659
+ newlines=1786673
+ echo 'p cnf 6160 1786673'
+ tail constraints_22_11.simp-noncanon.simp -n +2
++ sed '4294q;d' 22-cubes/30.cubes
+ for b in '$(sed "$((i+1))q;d" "$c")'
+ [[ a != \a ]]
+ for b in '$(sed "$((i+1))q;d" "$c")'
+ [[ -92 != \a ]]
+ [[ -92 != \0 ]]
+ echo '-92 0'
+ for b in '$(sed "$((i+1))q;d" "$c")'
+ [[ -137 != \a ]]
+ [[ -137 != \0 ]]
+ echo '-137 0'
+ for b in '$(sed "$((i+1))q;d" "$c")'
+ [[ 122 != \a ]]
+ [[ 122 != \0 ]]
+ echo '122 0'
+ for b in '$(sed "$((i+1))q;d" "$c")'
+ [[ -80 != \a ]]
+ [[ -80 != \0 ]]
+ echo '-80 0'
+ for b in '$(sed "$((i+1))q;d" "$c")'
+ [[ -58 != \a ]]
+ [[ -58 != \0 ]]
+ echo '-58 0'
+ for b in '$(sed "$((i+1))q;d" "$c")'
+ [[ -207 != \a ]]
+ [[ -207 != \0 ]]
+ echo '-207 0'
+ for b in '$(sed "$((i+1))q;d" "$c")'
+ [[ 154 != \a ]]
+ [[ 154 != \0 ]]
+ echo '154 0'
+ for b in '$(sed "$((i+1))q;d" "$c")'
+ [[ 171 != \a ]]
+ [[ 171 != \0 ]]
+ echo '171 0'
+ for b in '$(sed "$((i+1))q;d" "$c")'
+ [[ 169 != \a ]]
+ [[ 169 != \0 ]]
+ echo '169 0'
+ for b in '$(sed "$((i+1))q;d" "$c")'
+ [[ -153 != \a ]]
+ [[ -153 != \0 ]]
+ echo '-153 0'
+ for b in '$(sed "$((i+1))q;d" "$c")'
+ [[ -167 != \a ]]
+ [[ -167 != \0 ]]
+ echo '-167 0'
+ for b in '$(sed "$((i+1))q;d" "$c")'
+ [[ -32 != \a ]]
+ [[ -32 != \0 ]]
+ echo '-32 0'
+ for b in '$(sed "$((i+1))q;d" "$c")'
+ [[ 151 != \a ]]
+ [[ 151 != \0 ]]
+ echo '151 0'
+ for b in '$(sed "$((i+1))q;d" "$c")'
+ [[ 81 != \a ]]
+ [[ 81 != \0 ]]
+ echo '81 0'
+ for b in '$(sed "$((i+1))q;d" "$c")'
+ [[ 0 != \a ]]
+ [[ 0 != \0 ]]
+ ./simplify-by-var-removal.sh 22-cubes/30.cubes4293.adj 70
+ '[' -z 70 ']'
+ f=22-cubes/30.cubes4293.adj
+ p=70
++ echo 22-cubes
+ sub_dir=22-cubes
+ mkdir -p log/22-cubes
+ mkdir -p simp/22-cubes
+ tee log/22-cubes/30.cubes4293.adj.simp1
+ ./cadical/build/cadical 22-cubes/30.cubes4293.adj -o simp/22-cubes/30.cubes4293.adj.simp1 -e simp/22-cubes/30.cubes4293.adj.ext1 -n -c 200000
c --- [ banner ] -------------------------------------------------------------
c 
c CaDiCaL Radically Simplified CDCL SAT Solver
c Copyright (c) 2016-2021 A. Biere, M. Fleury, N. Froleyks
c 
c Version 1.5.2
c g++ (GCC) 9.3.0 -Wall -Wextra -O3 -DNDEBUG
c Tue Feb 8 21:15:15 EST 2022 Linux gra-login1 3.10.0-1160.36.2.el7.x86_64 x86_64
c 
c --- [ limit ] --------------------------------------------------------------
c 
c setting conflict limit to 200000 conflicts (due to '200000')
c 
c --- [ parsing input ] ------------------------------------------------------
c 
c reading DIMACS file from '22-cubes/30.cubes4293.adj'
c opening file to read '22-cubes/30.cubes4293.adj'
c found 'p cnf 6160 1786673' header
c parsed 1786673 clauses in 17.30 seconds process time
c closing file '22-cubes/30.cubes4293.adj'
c after reading 1542541703 bytes 1471.1 MB
c 
c --- [ options ] ------------------------------------------------------------
c 
c all options are set to their default value
c 
c --- [ solving ] ------------------------------------------------------------
c 
c time measured in process time since initialization
c 
c  seconds    reductions  redundant   irredundant
c          MB     restarts       trail       variables
c            level   conflicts       glue         remaining
c 
c * 17.30 1475  0 0   0    0    0  0% 0 1785954 4522 73%
c { 19.33 1551  0 0   0    0    0  0% 0 1785954 4522 73%
c i 19.74 1554 147 0   0   14   11 51% 10 1785954 4518 73%
c i 19.89 1555 107 0   0   29   24 49% 6 1785954 4513 73%
c i 20.08 1556 84 0   0   47   36 49% 5 1785954 4511 73%
c i 20.26 1556 59 0   0   89   67 45% 4 1785954 4503 73%
c i 20.43 1559 58 0   1   97   70 46% 4 1785954 4484 73%
c i 21.80 1566 70 0  16  156  110 45% 11 1785954 4483 73%
c i 23.37 1574 82 0  38  263  169 43% 17 1785954 4482 73%
c i 23.66 1574 81 0  45  291  193 44% 19 1785954 4481 73%
c i 23.82 1574 83 0  46  307  199 44% 20 1785954 4479 73%
c - 27.25 1547 83 1  47  307  186 44% 20 278350 4479 73%
c i 27.76 1500 67 1  55  401  254 46% 18 278350 4478 73%
c i 27.87 1463 70 1  59  428  276 46% 19 278350 4477 73%
c i 27.87 1463 70 1  60  429  276 46% 19 278350 4476 73%
c i 28.04 1463 71 1  65  454  300 46% 20 278350 4475 73%
c i 28.58 1463 54 1  75  702  382 44% 17 278350 4474 73%
c i 28.60 1463 54 1  75  713  389 44% 17 278350 4465 72%
c i 28.63 1463 55 1  75  720  394 44% 17 278350 4464 72%
c i 28.67 1463 55 1  75  730  403 44% 17 278350 4463 72%
c 
c  seconds    reductions  redundant   irredundant
c          MB     restarts       trail       variables
c            level   conflicts       glue         remaining
c 
c i 28.68 1463 55 1  75  734  406 44% 18 278350 4462 72%
c i 28.85 1464 56 1  78  754  421 44% 19 278350 4460 72%
c i 29.42 1464 53 1  96  890  493 43% 20 278350 4459 72%
c i 29.60 1464 56 1  97  912  514 44% 20 278350 4458 72%
c i 29.64 1464 56 1  98  914  515 44% 20 278350 4457 72%
c i 29.65 1464 56 1  98  915  515 44% 20 278350 4456 72%
c i 30.30 1464 57 1 115  986  567 44% 22 278350 4452 72%
c i 30.50 1464 57 1 118  996  575 44% 22 278350 4451 72%
c } 30.58 1464 57 1 119 1000  579 44% 22 278350 4451 72%
c [ 30.58 1464  0 1 119 1000  579  0% 0 278350 4451 72%
c O 30.60 1464 21 1 119 1002  581 40% 8 278350 4451 72%
c i 30.60 1464  9 1 119 1005  583 33% 4 278350 4427 72%
c i 31.05 1463 24 1 119 1109  636 47% 18 278350 4426 72%
c i 31.07 1464 24 1 119 1120  645 48% 18 278350 4425 72%
c i 31.11 1464 25 1 119 1153  670 49% 19 278350 4424 72%
c - 31.60 1570 26 2 119 1177  629 51% 20 277700 4424 72%
c i 31.65 1570 25 2 119 1181  631 51% 20 277700 4423 72%
c i 31.85 1570 25 2 119 1297  725 53% 20 277700 4422 72%
c i 31.87 1570 25 2 119 1329  740 53% 20 277700 4421 72%
c i 31.93 1570 24 2 119 1464  834 54% 20 277700 4420 72%
c 
c  seconds    reductions  redundant   irredundant
c          MB     restarts       trail       variables
c            level   conflicts       glue         remaining
c 
c i 32.02 1570 23 2 119 1677  979 55% 19 277700 4419 72%
c i 32.02 1570 22 2 119 1691  991 55% 18 277700 4418 72%
c i 32.04 1570 22 2 119 1744 1030 55% 18 277700 4417 72%
c i 32.08 1570 22 2 119 1859 1102 55% 18 277700 4416 72%
c i 32.19 1570 22 2 119 1949 1148 55% 18 277700 4415 72%
c i 32.70 1570 21 2 120 2436 1470 54% 17 277700 4414 72%
c i 32.79 1570 22 2 120 2476 1500 54% 17 277700 4413 72%
c - 33.06 1568 22 3 120 2476 1236 54% 17 277668 4413 72%
c i 33.63 1568 23 3 120 2629 1350 34% 19 277668 4412 72%
c i 33.76 1568 24 3 120 2771 1454 35% 20 277668 4411 72%
c ] 34.06 1568 26 3 120 3001 1608 35% 21 277668 4411 72%
c { 34.06 1568 57 3 120 3001 1608 62% 22 277668 4411 72%
c F 34.07 1568 57 3 121 3004 1611 61% 22 277668 4411 72%
c i 34.25 1568 55 3 123 3067 1667 60% 21 277668 4410 72%
c i 35.23 1568 53 3 155 3370 1887 54% 22 277668 4409 72%
c i 36.65 1568 54 3 181 3676 2113 49% 22 277668 4408 72%
c i 36.68 1568 54 3 184 3686 2121 49% 23 277668 4407 72%
c i 37.74 1568 56 3 241 3960 2303 46% 25 277668 4406 72%
c i 38.42 1568 58 3 270 4109 2417 45% 26 277668 4405 72%
c - 38.80 1465 57 4 274 4208 1849 44% 25 277638 4405 72%
c 
c  seconds    reductions  redundant   irredundant
c          MB     restarts       trail       variables
c            level   conflicts       glue         remaining
c 
c 3 40.06 1465 47 4 295 5001 4386 41% 23 277624 4398 71%
c 2 40.13 1465 47 4 295 5001 4559 41% 23 277501 4398 71%
c p 45.73 1465 47 4 295 5001 10713 41% 23 277501 4346 71%
c d 46.11 1465 47 4 295 5001 10378 41% 23 262620 4336 70%
c # 47.19 1465 41 4 295 6006 11061 40% 21 262620 4336 70%
c - 49.29 1465 43 5 372 6374 2563 39% 23 262620 4336 70%
c } 50.14 1466 41 5 428 7001 2882 37% 22 262620 4336 70%
c [ 50.14 1466 26 5 428 7001 2882 35% 21 262620 4336 70%
c - 51.57 1465 24 6 429 8928 2839 36% 20 262620 4336 70%
c I 52.29 1466 24 6 430 10007 3546 36% 20 262620 4336 70%
c - 54.24 1466 31 7 432 11910 3479 36% 25 262620 4336 70%
c ] 57.12 1466 35 7 433 15005 5777 36% 29 262620 4336 70%
c { 57.12 1466 41 7 433 15005 5777 37% 22 262620 4336 70%
c 2 57.19 1466 41 7 433 15005 7975 37% 22 262601 4336 70%
c p 58.90 1465 41 7 433 15005 13857 37% 22 262601 4336 70%
c B 59.11 1465 41 7 433 15008 13860 37% 22 262601 4336 70%
c - 59.61 1466 40 8 440 15316 4274 37% 22 262601 4336 70%
c s 61.26 1466 36 8 460 17252 5308 37% 21 259295 4336 70%
c v 65.08 1466 36 8 460 17252 5308 37% 21 259113 4336 70%
c t 65.17 1466 36 8 460 17252 5297 37% 21 258941 4336 70%
c 
c  seconds    reductions   redundant   irredundant
c          MB     restarts        trail       variables
c            level    conflicts       glue         remaining
c 
c e 65.86 1469 36 8 460 17252 5046 37% 21 250365 1069 17%
c s 65.97 1469 36 8 460 17252 5038 37% 21 249874 1069 17%
c - 68.95 1469 34 9 519 19148 4006 56% 20 249874 1069 17%
c W 70.23 1469 31 9 543 21010 5223 61% 19 249874 1069 17%
c - 71.53 1469 29 10 615 23342 4307 60% 18 249874 1069 17%
c - 78.13 1469 28 11 999 27954 5158 60% 19 249874 1069 17%
c F 78.18 1469 28 11 999 28015 5212 60% 19 249874 1069 17%
c 3 81.98 1469 29 11 1164 30008 7194 61% 19 249874 1069 17%
c 2 82.03 1469 29 11 1164 30008 7211 61% 19 249873 1069 17%
c p 82.96 1469 29 11 1164 30008 9106 61% 19 249873 1069 17%
c } 84.84 1469 29 11 1224 31005 9805 62% 19 249873 1069 17%
c [ 84.84 1469 35 11 1224 31005 9805 150% 29 249873 1069 17%
c - 86.19 1469 32 12 1224 32985 6055 134% 26 249873 1069 17%
c B 88.85 1469 29 12 1227 36016 8038 118% 24 249873 1069 17%
c - 90.87 1469 31 13 1228 38438 6920 110% 25 249873 1069 17%
c - 94.71 1469 32 14 1231 44308 7645 97% 27 249873 1069 17%
c W 96.11 1469 32 14 1231 45018 8118 96% 27 249873 1069 17%
c ] 97.69 1469 31 14 1232 47650 9869 93% 26 249873 1069 17%
c 1 97.69 1469 31 14 1232 47650 9869 93% 26 249873 1069 17%
c 
c --- [ writing output ] -----------------------------------------------------
c 
c writing simplified CNF to DIMACS file 'simp/22-cubes/30.cubes4293.adj.simp1'
c * 97.69 1469 31 14 1232 47650 9869 93% 26 249873 1069 17%
c opening file to write 'simp/22-cubes/30.cubes4293.adj.simp1'
c writing 'p cnf 6160 249873' header
c closing file 'simp/22-cubes/30.cubes4293.adj.simp1'
c after writing 108608239 bytes 103.6 MB
c wrote 249873 clauses in 0.68 seconds process time
c 
c --- [ writing extension ] --------------------------------------------------
c 
c writing extension stack to 'simp/22-cubes/30.cubes4293.adj.ext1'
c opening file to write 'simp/22-cubes/30.cubes4293.adj.ext1'
c closing file 'simp/22-cubes/30.cubes4293.adj.ext1'
c after writing 255021 bytes 0.2 MB
c wrote 10895 witnesses in 0.00 seconds process time
c 
c --- [ result ] -------------------------------------------------------------
c 
s SATISFIABLE
c 
c --- [ run-time profiling ] -------------------------------------------------
c 
c process time taken by individual solving procedures
c (percentage relative to process time for solving)
c 
c        65.95   82.04% search
c        40.42   50.29% unstable
c        22.40   27.87% stable
c        17.30   21.52% parse
c        14.44   17.96% simplify
c         8.23   10.24% probe
c         3.87    4.82% vivify
c         2.03    2.52% lucky
c         1.12    1.40% elim
c         1.10    1.37% walk
c         0.23    0.29% subsume
c         0.13    0.17% ternary
c   =================================
c        80.39   81.72% solve
c 
c last line shows process time for solving
c (percentage relative to total process time)
c 
c --- [ statistics ] ---------------------------------------------------------
c 
c chronological:              8234        17.28 %  of conflicts
c conflicts:                 47650       592.77    per second
c decisions:                118880      1478.87    per second
c eliminated:                 3267        53.04 %  of all variables
c fixed:                      1807        29.33 %  of all variables
c learned:                   46724        98.06 %  per conflict
c learned_lits:            8455541       100.00 %  learned literals
c minimized:                     0         0.00 %  learned literals
c shrunken:                5016363        59.33 %  learned literals
c minishrunken:             783550         9.27 %  learned literals
c propagations:            6087445         0.08 M  per second
c reduced:                   21702        45.54 %  per conflict
c rephased:                      9      5294.44    interval
c restarts:                   1232        38.68    interval
c stabilizing:                   3        55.93 %  of conflicts
c substituted:                  17         0.28 %  of all variables
c subsumed:                  19489         0.52 %  of all clauses
c strengthened:              28184         0.75 %  of all clauses
c ternary:                    5108         0.47 %  of resolved
c vivified:                    221         0.01 %  of all clauses
c walked:                        2     23825.00    interval
c weakened:                   9088         3.18    average size
c 
c seconds are measured in process time for solving
c 
c --- [ resources ] ----------------------------------------------------------
c 
c total process time since initialization:        98.37    seconds
c total real time since initialization:           98.76    seconds
c maximum resident set size of process:         1674.83    MB
c 
c --- [ shutting down ] ------------------------------------------------------
c 
c exit 10
++ seq 1 100
+ for i in '$(seq 1 100)'
++ sed 's/.$//'
++ rev
++ cut '-d ' -f1
++ rev
++ tail -n 1
++ grep 'c [*]' log/22-cubes/30.cubes4293.adj.simp1
+ vars_remaining=17
+ ((  vars_remaining < 100 - p  ))
+ break
++ cut '-d ' -f3
++ head -n 1 simp/22-cubes/30.cubes4293.adj.simp1
+ numvars=6160
++ cut '-d ' -f4
++ head -n 1 simp/22-cubes/30.cubes4293.adj.simp1
+ numlines=249873
+ extlines_total=0
++ seq 1 1
+ for j in '$(seq 1 "$i")'
++ cut '-d ' -f1
++ wc -l simp/22-cubes/30.cubes4293.adj.ext1
+ extlines_j=10895
+ extlines_total=10895
+ newlines=260768
+ echo 'p cnf 6160 260768'
+ tail simp/22-cubes/30.cubes4293.adj.simp1 -n +2
++ seq 1 1
+ for j in '$(seq 1 "$i")'
+ cat simp/22-cubes/30.cubes4293.adj.ext1
+ sed -i 's/ 0.*/ 0/' 22-cubes/30.cubes4293.adj.simp
============================[ Problem Statistics ]=============================
|                                                                             |
|  Number of variables:          6160                                         |
|  Number of clauses:          258961                                         |
|  Parse time:                   1.64 s                                       |
|  Simplification time:          0.04 s                                       |
|                                                                             |
============================[ Search Statistics ]====================================================
| Conflicts |          ORIGINAL         |          LEARNT          | Num Sols |      SUBGRAPHS      |
|           |    Vars  Clauses Literals |    Limit  Clauses Lit/Cl |          | Canonical Noncanon. |
=====================================================================================================
|       103 |    4353   258964 23820650 |     2000      103     88 |        0 |        29         3 |
|       255 |    4353   258966 23820728 |     2000      255     79 |        0 |        42         5 |
|       514 |    4353   259000 23821336 |     2000      514     84 |        0 |        52        39 |
|       866 |    4353   259015 23821687 |     2000      866     87 |        0 |        65        54 |
|      1434 |    4353   259077 23822600 |     2000     1434     83 |        0 |        89       116 |
|      2319 |    4353   259203 23824809 |     3603     1322     55 |        0 |       146       242 |
|      3532 |    4353   259277 23826627 |     3603     2535     75 |        0 |       177       316 |
|      5278 |    4353   259315 23827578 |     5007     2485     61 |        0 |       191       354 |
|      7851 |    4353   259326 23827953 |     6312     2563     58 |        0 |       195       365 |
|     12139 |    4353   259770 23837573 |     7565     3704     48 |        0 |       413       809 |
|     18403 |    4353   260268 23848596 |     8787     6190     64 |        0 |       737      1307 |
|     28534 |    4353   261750 23872860 |    11200     6934     60 |        0 |      1222      2789 |
|     44178 |    4353   264420 23914741 |    13603    10781     53 |        0 |      1981      5459 |
|     66547 |    4353   267328 23962663 |    17213    10960     39 |        0 |      2938      8367 |
|     98295 |    4353   269884 24007322 |    20813    15108     54 |        0 |      3830     10923 |
|    145771 |    4353   273571 24069444 |    25619    17390     56 |        0 |      4837     14610 |
|    212326 |    4353   274442 24085793 |    30414    29140     71 |        0 |      5386     15481 |
|    317372 |    4353   280962 24187701 |    37615    33987     69 |        0 |      7498     22001 |
|    483504 |    4353   299305 24454630 |    47208    32912     50 |        0 |     13523     40344 |
|    736937 |    4353   331055 24879906 |    58020    52357     58 |        0 |     21886     72094 |
|   1106964 |    4353   368557 25395166 |    71219    70383     67 |        0 |     34910    109596 |
=====================================================================================================
Number of solutions   : 0           
Canonical subgraphs   : 55342          (18 /sec)
          order  3    : 1              (200000 /sec)
          order  4    : 1              (500000 /sec)
          order  5    : 1              (250000 /sec)
          order  6    : 1              (47619 /sec)
          order  7    : 2              (9434 /sec)
          order  8    : 4              (1918 /sec)
          order  9    : 9              (398 /sec)
          order 10    : 34             (113 /sec)
          order 11    : 167            (37 /sec)
          order 12    : 1108           (23 /sec)
          order 13    : 4276           (18 /sec)
          order 14    : 8775           (25 /sec)
          order 15    : 23603          (19 /sec)
          order 16    : 17049          (14 /sec)
          order 17    : 186            (13 /sec)
          order 18    : 66             (9 /sec)
          order 19    : 53             (9 /sec)
          order 20    : 4              (15 /sec)
          order 21    : 2              (14 /sec)
          order 22    : 0              (-nan /sec)
Noncanonical subgraphs: 183831         (696 /sec)
          order  3    : 0              (-nan /sec)
          order  4    : 0              (-nan /sec)
          order  5    : 0              (-nan /sec)
          order  6    : 0              (-nan /sec)
          order  7    : 0              (-nan /sec)
          order  8    : 0              (-nan /sec)
          order  9    : 0              (-nan /sec)
          order 10    : 0              (-nan /sec)
          order 11    : 0              (-nan /sec)
          order 12    : 0              (-nan /sec)
          order 13    : 0              (-nan /sec)
          order 14    : 97142          (781 /sec)
          order 15    : 48534          (1075 /sec)
          order 16    : 35595          (529 /sec)
          order 17    : 2484           (95 /sec)
          order 18    : 74             (73 /sec)
          order 19    : 0              (-nan /sec)
          order 20    : 0              (-nan /sec)
          order 21    : 0              (-nan /sec)
Canonicity checking   : 3374.8 s
database reductions   : 71
restarts              : 3163
conflicts             : 1666424        (376 /sec)
decisions             : 2250567        (0.00 % random) (508 /sec)
propagations          : 350824321      (79249 /sec)
conflict literals     : 176173195      (55.11 % deleted)
actual reward         : 0.058096
Memory used           : 385.00 MB
CPU time              : 4426.84 s

UNSATISFIABLE
