c --- [ banner ] -------------------------------------------------------------
c 
c CaDiCaL Radically Simplified CDCL SAT Solver
c Copyright (c) 2016-2021 A. Biere, M. Fleury, N. Froleyks
c 
c Version 1.5.2 ca9bff05c11bde5eae4912f9932871d1527e61d8
c g++ (GCC) 9.3.0 -Wall -Wextra -O3 -DNDEBUG
c Sun May 1 02:23:23 EDT 2022 Linux gra-login1 3.10.0-1160.59.1.el7.x86_64 x86_64
c 
c --- [ limit ] --------------------------------------------------------------
c 
c setting conflict limit to 200000 conflicts (due to '200000')
c 
c --- [ parsing input ] ------------------------------------------------------
c 
c reading DIMACS file from '26.cubes549.adj'
c opening file to read '26.cubes549.adj'
c found 'p cnf 5320 924215' header
c parsed 924215 clauses in 8.82 seconds process time
c closing file '26.cubes549.adj'
c after reading 686668148 bytes 654.9 MB
c 
c --- [ options ] ------------------------------------------------------------
c 
c all options are set to their default value
c 
c --- [ solving ] ------------------------------------------------------------
c 
c time measured in process time since initialization
c 
c  seconds   reductions  redundant  irredundant
c          MB    restarts       trail      variables
c           level   conflicts       glue        remaining
c 
c *  8.82 689  0 0   0    0    0  0% 0 923580 4096 77%
c {  9.53 730  0 0   0    0    0  0% 0 923580 4096 77%
c i  9.67 730  1 0   0    1    0 33% 0 923580 3994 75%
c i 10.52 758 92 0   2   28   24 45% 3 923580 3971 75%
c i 10.73 761 99 0   2   39   30 42% 2 923580 3970 75%
c i 11.60 774 72 0  19  131   71 38% 8 923580 3969 75%
c i 11.84 776 78 0  21  139   78 39% 16 923580 3968 75%
c i 12.31 783 57 0  34  225  116 38% 14 923580 3967 75%
c i 12.47 785 57 0  34  228  118 38% 15 923580 3966 75%
c i 13.32 787 60 0  48  286  153 40% 17 923580 3965 75%
c i 13.38 787 60 0  49  289  155 40% 17 923580 3964 75%
c - 15.93 764 59 1  53  301  162 40% 17 315780 3964 75%
c i 16.10 765 57 1  54  320  170 40% 17 315780 3963 74%
c i 16.65 751 66 1  60  362  204 41% 17 315780 3946 74%
c i 16.83 751 70 1  63  381  219 41% 18 315780 3938 74%
c i 17.20 752 76 1  72  415  249 42% 22 315780 3937 74%
c i 17.21 752 76 1  72  417  250 42% 22 315780 3936 74%
c i 17.38 752 79 1  75  436  263 42% 24 315780 3935 74%
c i 17.98 753 78 1  88  481  302 43% 25 315780 3934 74%
c i 18.00 753 77 1  88  484  304 44% 25 315780 3933 74%
c 
c  seconds   reductions  redundant   irredundant
c          MB    restarts       trail       variables
c           level   conflicts       glue         remaining
c 
c i 18.29 753 76 1  94  509  327 44% 25 315780 3932 74%
c i 18.42 753 76 1  99  531  344 44% 25 315780 3929 74%
c i 18.83 754 76 1 107  569  379 45% 25 315780 3928 74%
c i 18.85 754 76 1 107  571  380 45% 25 315780 3927 74%
c i 18.87 754 77 1 107  575  381 45% 25 315780 3924 74%
c i 18.90 754 78 1 107  585  384 45% 25 315780 3921 74%
c i 19.00 754 82 1 107  604  399 45% 25 315780 3920 74%
c i 19.10 754 82 1 110  630  420 45% 25 315780 3919 74%
c i 19.32 754 79 1 110  698  485 45% 25 315780 3918 74%
c i 20.62 755 79 1 135  864  628 46% 25 315780 3906 73%
c i 21.56 755 77 1 141  985  724 47% 25 315780 3903 73%
c i 21.77 755 77 1 142  999  735 47% 25 315780 3902 73%
c i 21.80 755 77 1 142 1002  737 47% 25 315780 3901 73%
c } 21.80 755 77 1 142 1002  737 47% 25 315780 3901 73%
c [ 21.80 755  0 1 142 1002  737  0% 0 315780 3901 73%
c O 21.81 755  1 1 142 1003  737 28% 0 315780 3901 73%
c i 21.81 755  1 1 142 1003  737 28% 0 315780 3880 73%
c - 22.98 887 27 2 142 1200  845 59% 21 314897 3880 73%
c i 23.22 841 27 2 142 1243  878 59% 21 314897 3879 73%
c i 23.22 841 27 2 142 1244  878 59% 21 314897 3878 73%
c 
c  seconds   reductions  redundant   irredundant
c          MB    restarts       trail       variables
c           level   conflicts       glue         remaining
c 
c i 23.30 840 27 2 142 1324  940 59% 22 314897 3877 73%
c i 23.82 841 28 2 142 1861 1327 57% 23 314897 3876 73%
c i 24.20 841 26 2 143 2297 1629 57% 22 314897 3875 73%
c - 24.69 840 26 3 143 2551 1403 57% 22 314882 3875 73%
c ] 25.20 839 24 3 143 3003 1721 41% 21 314882 3875 73%
c { 25.20 840 77 3 143 3003 1721 64% 25 314882 3875 73%
c F 25.25 839 77 3 143 3004 1722 64% 25 314882 3875 73%
c i 25.32 840 76 3 143 3006 1723 64% 25 314882 3874 73%
c i 26.29 839 72 3 156 3221 1914 59% 25 314882 3873 73%
c i 26.35 840 72 3 159 3231 1921 59% 26 314882 3871 73%
c i 27.89 839 72 3 215 3464 2134 55% 28 314882 3870 73%
c i 27.98 839 72 3 219 3478 2146 55% 28 314882 3869 73%
c i 28.46 840 66 3 221 3679 2313 53% 26 314882 3868 73%
c i 29.26 840 68 3 242 3803 2405 52% 28 314882 3867 73%
c i 29.30 840 68 3 244 3813 2413 52% 28 314882 3866 73%
c - 32.58 838 69 4 337 4348 2047 47% 30 314855 3866 73%
c i 32.85 838 64 4 337 4729 2336 46% 29 314855 3865 73%
c i 32.96 838 63 4 337 4805 2386 45% 29 314855 3864 73%
c i 33.02 838 63 4 337 4825 2403 45% 29 314855 3863 73%
c d 34.23 838 64 4 370 5000 2560 44% 30 298721 3852 72%
c 
c  seconds   reductions  redundant   irredundant
c          MB    restarts       trail       variables
c           level   conflicts       glue         remaining
c 
c 2 34.30 838 64 4 370 5000 3716 44% 30 298676 3851 72%
c p 36.52 838 64 4 370 5000 6921 44% 30 298676 3809 72%
c d 36.91 838 64 4 370 5000 6844 44% 30 298543 3808 72%
c # 39.17 838 62 4 459 6006 7674 42% 30 298543 3808 72%
c - 39.86 827 59 5 462 6595 3011 42% 30 298543 3808 72%
c } 39.98 827 57 5 464 7003 3355 42% 30 298543 3808 72%
c [ 39.98 827 24 5 464 7003 3355 41% 21 298543 3808 72%
c - 40.88 828 26 6 466 9251 3418 41% 23 298543 3808 72%
c I 41.24 828 26 6 466 10010 3927 41% 23 298543 3808 72%
c - 43.63 827 33 7 468 12349 3808 39% 28 298543 3808 72%
c 2 45.18 827 34 7 469 15001 6852 39% 29 298543 3808 72%
c p 45.86 827 34 7 469 15001 10141 39% 29 298543 3808 72%
c ] 45.96 827 34 7 469 15003 10143 39% 29 298543 3808 72%
c { 45.96 827 57 7 469 15003 10143 42% 30 298543 3808 72%
c B 46.07 827 57 7 469 15011 10150 42% 30 298543 3808 72%
c s 48.74 828 61 7 540 15636 10495 41% 30 296677 3808 72%
c v 52.48 828 61 7 540 15636 10495 41% 30 296526 3808 72%
c t 52.62 828 61 7 540 15636 10483 41% 30 296485 3808 72%
c e 53.67 828 61 7 540 15636 7072 41% 30 290969 1082 20%
c s 53.79 828 61 7 540 15636 7072 41% 30 290367 1082 20%
c 
c  seconds   reductions   redundant   irredundant
c          MB    restarts        trail       variables
c           level    conflicts       glue         remaining
c 
c - 55.39 828 59 8 540 15897 4431 63% 30 290367 1082 20%
c - 58.50 828 47 9 567 19851 5156 63% 26 290367 1082 20%
c W 59.22 828 45 9 568 21012 5974 63% 26 290367 1082 20%
c - 61.04 828 39 10 583 24240 5560 63% 23 290367 1082 20%
c F 63.22 828 35 10 583 28013 8121 64% 22 290367 1082 20%
c - 66.07 828 35 11 731 29067 6339 63% 22 290367 1082 20%
c 2 66.91 828 35 11 738 30002 7614 63% 22 290367 1082 20%
c p 69.86 828 35 11 738 30002 9127 63% 22 290367 1081 20%
c } 70.52 828 34 11 738 31008 9743 64% 21 290367 1081 20%
c [ 70.52 828 34 11 738 31008 9743 138% 29 290367 1081 20%
c - 72.47 828 30 12 739 34333 6485 117% 26 290364 1081 20%
c B 73.04 828 29 12 741 36015 7563 110% 25 290364 1081 20%
c - 74.57 829 33 13 744 40039 7586 99% 28 290364 1081 20%
c W 76.62 829 36 13 745 45017 11594 91% 30 290364 1081 20%
c - 76.99 829 35 14 746 46188 8471 90% 30 290364 1081 20%
c s 77.43 829 35 14 746 47914 9664 88% 29 289697 1081 20%
c v 79.69 829 35 14 746 47914 9664 88% 29 289593 1081 20%
c w 79.83 829 35 14 746 47914 9664 88% 29 289593 1081 20%
c e 80.85 830 35 14 746 47914 9662 88% 29 289584 1072 20%
c s 81.00 830 35 14 746 47914 9659 88% 29 288843 1072 20%
c 
c  seconds   reductions     redundant   irredundant
c          MB     restarts         trail       variables
c           level     conflicts        glue         remaining
c 
c p 83.57 830 34 14 746 50003 13176 86% 29 288843 1072 20%
c - 84.54 829 33 15 746 52771 8288 84% 28 288843 1072 20%
c O 85.10 829 33 15 747 55018 9563 82% 28 288843 1072 20%
c - 86.56 828 31 16 751 59782 8024 80% 27 288843 1072 20%
c ] 87.47 828 30 16 753 63012 9888 79% 26 288843 1072 20%
c { 87.47 828 34 16 753 63012 9888 64% 21 288843 1072 20%
c B 88.10 828 32 16 762 66021 11849 64% 21 288843 1072 20%
c - 88.56 829 31 17 763 67231 8568 64% 21 288843 1072 20%
c p 91.54 829 28 17 811 75005 15756 65% 20 288843 1062 20%
c d 91.86 829 28 17 811 75005 15674 65% 20 288505 1061 20%
c - 92.23 827 28 18 811 75119 9381 65% 20 288505 1061 20%
c W 93.66 827 27 18 911 78022 11129 65% 20 288505 1061 20%
c } 94.85 827 26 18 962 82449 13846 65% 19 288505 1061 20%
c 1 94.85 827 26 18 962 82449 13846 65% 19 288505 1061 20%
c 
c --- [ writing output ] -----------------------------------------------------
c 
c writing simplified CNF to DIMACS file 'simp/26.cubes549.adj.simp1'
c * 94.85 827 26 18 962 82449 13846 65% 19 288505 1061 20%
c opening file to write 'simp/26.cubes549.adj.simp1'
c writing 'p cnf 5320 288505' header
c closing file 'simp/26.cubes549.adj.simp1'
c after writing 129807801 bytes 123.8 MB
c wrote 288505 clauses in 0.96 seconds process time
c 
c --- [ writing extension ] --------------------------------------------------
c 
c writing extension stack to 'simp/26.cubes549.adj.ext1'
c opening file to write 'simp/26.cubes549.adj.ext1'
c closing file 'simp/26.cubes549.adj.ext1'
c after writing 175925 bytes 0.2 MB
c wrote 7729 witnesses in 0.00 seconds process time
c 
c --- [ result ] -------------------------------------------------------------
c 
s SATISFIABLE
c 
c --- [ run-time profiling ] -------------------------------------------------
c 
c process time taken by individual solving procedures
c (percentage relative to process time for solving)
c 
c        66.35   77.13% search
c        45.05   52.36% unstable
c        19.68   22.87% simplify
c        19.53   22.70% stable
c         8.82   10.25% parse
c         7.38    8.58% probe
c         6.20    7.21% vivify
c         3.95    4.60% elim
c         1.07    1.24% walk
c         0.70    0.82% lucky
c         0.54    0.62% subsume
c         0.22    0.25% ternary
c   =================================
c        86.03   89.78% solve
c 
c last line shows process time for solving
c (percentage relative to total process time)
c 
c --- [ statistics ] ---------------------------------------------------------
c 
c chronological:             12930        15.68 %  of conflicts
c conflicts:                 82449       958.40    per second
c decisions:                159976      1859.58    per second
c eliminated:                 2735        51.41 %  of all variables
c fixed:                      1511        28.40 %  of all variables
c learned:                   80752        97.94 %  per conflict
c learned_lits:           17144710       100.00 %  learned literals
c minimized:                     0         0.00 %  learned literals
c shrunken:               11322315        66.04 %  learned literals
c minishrunken:            1291630         7.53 %  learned literals
c propagations:            7585110         0.09 M  per second
c reduced:                   41405        50.22 %  per conflict
c rephased:                     12      6870.75    interval
c restarts:                    962        85.71    interval
c stabilizing:                   3        50.95 %  of conflicts
c substituted:                  13         0.24 %  of all variables
c subsumed:                  29654         1.40 %  of all clauses
c strengthened:               5792         0.27 %  of all clauses
c ternary:                    4264         0.46 %  of resolved
c vivified:                    268         0.01 %  of all clauses
c walked:                        3     27483.00    interval
c weakened:                   6218         3.14    average size
c 
c seconds are measured in process time for solving
c 
c --- [ resources ] ----------------------------------------------------------
c 
c total process time since initialization:        95.82    seconds
c total real time since initialization:           96.18    seconds
c maximum resident set size of process:          970.87    MB
c 
c --- [ shutting down ] ------------------------------------------------------
c 
c exit 10
WARNING! DIMACS header mismatch: wrong number of variables.
============================[ Problem Statistics ]=============================
|                                                                             |
|  Number of variables:          3177                                         |
|  Number of clauses:          288509                                         |
|  Parse time:                   1.71 s                                       |
|  Simplification time:          0.03 s                                       |
|                                                                             |
============================[ Search Statistics ]====================================================
| Conflicts |          ORIGINAL         |          LEARNT          | Num Sols |      SUBGRAPHS      |
|           |    Vars  Clauses Literals |    Limit  Clauses Lit/Cl |          | Canonical Noncanon. |
=====================================================================================================
|       102 |    3102   288511 28665256 |     2000      102    146 |        0 |        21         2 |
|       287 |    3102   288546 28665855 |     2000      287    123 |        0 |        28        37 |
|       594 |    3102   288628 28667280 |     2000      594    109 |        0 |        31       119 |
|      1087 |    3102   288784 28670437 |     2000     1087     91 |        0 |        74       275 |
|      1656 |    3102   288847 28671569 |     2000     1656     94 |        0 |       119       338 |
|      2479 |    3102   288911 28673206 |     3602     1481     60 |        0 |       164       402 |
|      3628 |    3102   288921 28673631 |     3602     2630     87 |        0 |       177       412 |
|      5586 |    3102   289171 28678496 |     5001     2787     55 |        0 |       280       662 |
|      8596 |    3102   289619 28688290 |     6314     3310     42 |        0 |       373      1110 |
|     12772 |    3102   289951 28694925 |     7557     4329     38 |        0 |       469      1442 |
|     18645 |    3102   290058 28697212 |     8781     6426     62 |        0 |       530      1549 |
|     27524 |    3102   290288 28702070 |    11205     5929     46 |        0 |       594      1779 |
|     40710 |    3102   290500 28706485 |    13612     7322     54 |        0 |       629      1991 |
|     60395 |    3102   290724 28710584 |    16013    12808     80 |        0 |       753      2215 |
|     90826 |    3102   291963 28731574 |    19614    17440     72 |        0 |      1021      3454 |
|    138456 |    3102   295804 28806790 |    24414    22270     75 |        0 |      1737      7295 |
|    206100 |    3102   297764 28844455 |    30410    22910     67 |        0 |      2236      9255 |
|    305590 |    3102   298728 28866359 |    37615    22205     58 |        0 |      2536     10219 |
|    454562 |    3102   299911 28894203 |    46018    26980     58 |        0 |      3091     11402 |
|    677999 |    3102   301665 28934027 |    55619    49618     81 |        0 |      4399     13156 |
|   1014479 |    3102   305620 29032324 |    68821    47300     66 |        0 |      7100     17111 |
|   1516474 |    3102   308827 29116993 |    84411    55285     65 |        0 |      8385     20318 |
|   2311046 |    3102   355217 30366530 |   103654   102700     84 |        0 |     13558     66708 |
|   3446693 |    3102   368590 30750164 |   127614    88307     62 |        0 |     19327     80081 |
|   5253521 |    3102   492007 34246534 |   157630   120151     65 |        0 |     29123    203498 |
|   7798077 |    3102   511447 34766704 |   192420   135897     51 |        0 |     40241    222938 |
|  11651193 |    3102   576888 36398621 |   235610   147803     53 |        2 |     52932    288377 |
|  17407264 |    3102   651447 38463424 |   288427   153091     39 |       10 |     71221    362928 |
|  26027359 |    3102   749273 41117999 |   352028   303787     65 |       11 |    100506    460753 |
|  39774377 |    3091  1591837 57394486 |   436021   281798     49 |       12 |    135078   1424367 |
|  59667261 |    3091  2309616 72840638 |   534431   306092     37 |       12 |    160156   2142146 |
=====================================================================================================
Number of solutions   : 12
Canonical subgraphs   : 172971         (14 /sec)
          order  3    : 1              (142857 /sec)
          order  4    : 1              (500000 /sec)
          order  5    : 1              (200000 /sec)
          order  6    : 1              (55556 /sec)
          order  7    : 1              (8000 /sec)
          order  8    : 2              (1368 /sec)
          order  9    : 6              (316 /sec)
          order 10    : 24             (88 /sec)
          order 11    : 87             (25 /sec)
          order 12    : 436            (7 /sec)
          order 13    : 2207           (6 /sec)
          order 14    : 15560          (11 /sec)
          order 15    : 130437         (15 /sec)
          order 16    : 21962          (13 /sec)
          order 17    : 1759           (12 /sec)
          order 18    : 395            (9 /sec)
          order 19    : 45             (8 /sec)
          order 20    : 34             (9 /sec)
          order 21    : 12             (1 /sec)
Noncanonical subgraphs: 2234116        (127 /sec)
          order  3    : 0              (-nan /sec)
          order  4    : 0              (-nan /sec)
          order  5    : 0              (-nan /sec)
          order  6    : 0              (-nan /sec)
          order  7    : 0              (-nan /sec)
          order  8    : 0              (-nan /sec)
          order  9    : 0              (-nan /sec)
          order 10    : 0              (-nan /sec)
          order 11    : 0              (-nan /sec)
          order 12    : 0              (-nan /sec)
          order 13    : 7955           (7888 /sec)
          order 14    : 39350          (3180 /sec)
          order 15    : 340033         (728 /sec)
          order 16    : 1845198        (108 /sec)
          order 17    : 1497           (114 /sec)
          order 18    : 60             (36 /sec)
          order 19    : 1              (776 /sec)
          order 20    : 0              (-nan /sec)
Canonicity checking   : 12709.5 s
Noncanonicity checking: 17594.4 s
Total canonicity time : 30303.9 s
database reductions   : 518
restarts              : 106233
conflicts             : 81547743       (1086 /sec)
decisions             : 102563249      (0.00 % random) (1366 /sec)
propagations          : 4280695418     (57029 /sec)
conflict literals     : 8478084323     (58.53 % deleted)
actual reward         : 0.237633
Memory used           : 1150.00 MB
CPU time              : 75062.3 s

UNSATISFIABLE
