+ '[' -z 2683 ']'
+ f=constraints_22_11.simp-noncanon.simp
+ c=22-cubes/30.cubes
+ i=2683
+ s=70
+ adj=22-cubes/30.cubes2683.adj
+ cnf=22-cubes/30.cubes2683.cnf
+ ext=22-cubes/30.cubes2683.ext
+ cnfext=22-cubes/30.cubes2683.cnfext
+ unitlines=0
++ sed '2684q;d' 22-cubes/30.cubes
+ for b in '$(sed "$((i+1))q;d" "$c")'
+ [[ a != \a ]]
+ for b in '$(sed "$((i+1))q;d" "$c")'
+ [[ -92 != \a ]]
+ [[ -92 != \0 ]]
+ unitlines=1
+ for b in '$(sed "$((i+1))q;d" "$c")'
+ [[ -137 != \a ]]
+ [[ -137 != \0 ]]
+ unitlines=2
+ for b in '$(sed "$((i+1))q;d" "$c")'
+ [[ 122 != \a ]]
+ [[ 122 != \0 ]]
+ unitlines=3
+ for b in '$(sed "$((i+1))q;d" "$c")'
+ [[ -80 != \a ]]
+ [[ -80 != \0 ]]
+ unitlines=4
+ for b in '$(sed "$((i+1))q;d" "$c")'
+ [[ -58 != \a ]]
+ [[ -58 != \0 ]]
+ unitlines=5
+ for b in '$(sed "$((i+1))q;d" "$c")'
+ [[ 207 != \a ]]
+ [[ 207 != \0 ]]
+ unitlines=6
+ for b in '$(sed "$((i+1))q;d" "$c")'
+ [[ -154 != \a ]]
+ [[ -154 != \0 ]]
+ unitlines=7
+ for b in '$(sed "$((i+1))q;d" "$c")'
+ [[ 107 != \a ]]
+ [[ 107 != \0 ]]
+ unitlines=8
+ for b in '$(sed "$((i+1))q;d" "$c")'
+ [[ 27 != \a ]]
+ [[ 27 != \0 ]]
+ unitlines=9
+ for b in '$(sed "$((i+1))q;d" "$c")'
+ [[ -21 != \a ]]
+ [[ -21 != \0 ]]
+ unitlines=10
+ for b in '$(sed "$((i+1))q;d" "$c")'
+ [[ 81 != \a ]]
+ [[ 81 != \0 ]]
+ unitlines=11
+ for b in '$(sed "$((i+1))q;d" "$c")'
+ [[ 0 != \a ]]
+ [[ 0 != \0 ]]
++ cut '-d ' -f3
++ head -n 1 constraints_22_11.simp-noncanon.simp
+ numvars=6160
++ cut '-d ' -f4
++ head -n 1 constraints_22_11.simp-noncanon.simp
+ numlines=1786659
+ newlines=1786670
+ echo 'p cnf 6160 1786670'
+ tail constraints_22_11.simp-noncanon.simp -n +2
++ sed '2684q;d' 22-cubes/30.cubes
+ for b in '$(sed "$((i+1))q;d" "$c")'
+ [[ a != \a ]]
+ for b in '$(sed "$((i+1))q;d" "$c")'
+ [[ -92 != \a ]]
+ [[ -92 != \0 ]]
+ echo '-92 0'
+ for b in '$(sed "$((i+1))q;d" "$c")'
+ [[ -137 != \a ]]
+ [[ -137 != \0 ]]
+ echo '-137 0'
+ for b in '$(sed "$((i+1))q;d" "$c")'
+ [[ 122 != \a ]]
+ [[ 122 != \0 ]]
+ echo '122 0'
+ for b in '$(sed "$((i+1))q;d" "$c")'
+ [[ -80 != \a ]]
+ [[ -80 != \0 ]]
+ echo '-80 0'
+ for b in '$(sed "$((i+1))q;d" "$c")'
+ [[ -58 != \a ]]
+ [[ -58 != \0 ]]
+ echo '-58 0'
+ for b in '$(sed "$((i+1))q;d" "$c")'
+ [[ 207 != \a ]]
+ [[ 207 != \0 ]]
+ echo '207 0'
+ for b in '$(sed "$((i+1))q;d" "$c")'
+ [[ -154 != \a ]]
+ [[ -154 != \0 ]]
+ echo '-154 0'
+ for b in '$(sed "$((i+1))q;d" "$c")'
+ [[ 107 != \a ]]
+ [[ 107 != \0 ]]
+ echo '107 0'
+ for b in '$(sed "$((i+1))q;d" "$c")'
+ [[ 27 != \a ]]
+ [[ 27 != \0 ]]
+ echo '27 0'
+ for b in '$(sed "$((i+1))q;d" "$c")'
+ [[ -21 != \a ]]
+ [[ -21 != \0 ]]
+ echo '-21 0'
+ for b in '$(sed "$((i+1))q;d" "$c")'
+ [[ 81 != \a ]]
+ [[ 81 != \0 ]]
+ echo '81 0'
+ for b in '$(sed "$((i+1))q;d" "$c")'
+ [[ 0 != \a ]]
+ [[ 0 != \0 ]]
+ ./simplify-by-var-removal.sh 22-cubes/30.cubes2683.adj 70
+ '[' -z 70 ']'
+ f=22-cubes/30.cubes2683.adj
+ p=70
++ echo 22-cubes
+ sub_dir=22-cubes
+ mkdir -p log/22-cubes
+ mkdir -p simp/22-cubes
+ ./cadical/build/cadical 22-cubes/30.cubes2683.adj -o simp/22-cubes/30.cubes2683.adj.simp1 -e simp/22-cubes/30.cubes2683.adj.ext1 -n -c 200000
+ tee log/22-cubes/30.cubes2683.adj.simp1
c --- [ banner ] -------------------------------------------------------------
c 
c CaDiCaL Radically Simplified CDCL SAT Solver
c Copyright (c) 2016-2021 A. Biere, M. Fleury, N. Froleyks
c 
c Version 1.5.2
c g++ (GCC) 9.3.0 -Wall -Wextra -O3 -DNDEBUG
c Tue Feb 8 21:15:15 EST 2022 Linux gra-login1 3.10.0-1160.36.2.el7.x86_64 x86_64
c 
c --- [ limit ] --------------------------------------------------------------
c 
c setting conflict limit to 200000 conflicts (due to '200000')
c 
c --- [ parsing input ] ------------------------------------------------------
c 
c reading DIMACS file from '22-cubes/30.cubes2683.adj'
c opening file to read '22-cubes/30.cubes2683.adj'
c found 'p cnf 6160 1786670' header
c parsed 1786670 clauses in 18.39 seconds process time
c closing file '22-cubes/30.cubes2683.adj'
c after reading 1542541682 bytes 1471.1 MB
c 
c --- [ options ] ------------------------------------------------------------
c 
c all options are set to their default value
c 
c --- [ solving ] ------------------------------------------------------------
c 
c time measured in process time since initialization
c 
c  seconds    reductions  redundant   irredundant
c          MB     restarts       trail       variables
c            level   conflicts       glue         remaining
c 
c * 18.39 1461  0 0   0    0    0  0% 0 1785954 4941 80%
c { 19.16 1502  0 0   0    0    0  0% 0 1785954 4941 80%
c i 19.33 1503  8 0   0    2    1 26% 6 1785954 4910 80%
c i 20.70 1560 164 0   0   19   15 43% 5 1785954 4909 80%
c i 23.29 1596 128 0  11   96   70 44% 18 1785954 4904 80%
c i 23.29 1596 129 0  11   97   70 44% 18 1785954 4903 80%
c i 23.43 1598 137 0  11  107   74 44% 18 1785954 4893 79%
c i 24.20 1601 141 0  15  162  125 44% 23 1785954 4717 77%
c i 24.25 1601 137 0  16  169  127 44% 22 1785954 4663 76%
c i 24.88 1602 128 0  28  218  168 45% 26 1785954 4662 76%
c i 24.96 1604 129 0  30  226  175 44% 26 1785954 4661 76%
c i 25.02 1604 130 0  31  232  179 44% 27 1785954 4647 75%
c i 25.06 1604 128 0  33  240  185 44% 26 1785954 4640 75%
c - 29.58 1560 119 1  46  301  199 47% 30 228948 4640 75%
c i 29.89 1499 119 1  47  311  205 47% 31 228948 4624 75%
c i 29.95 1499 117 1  50  319  210 47% 30 228948 4610 75%
c i 30.15 1499 103 1  50  393  270 49% 30 228948 4609 75%
c i 30.16 1499 100 1  50  415  283 49% 29 228948 4598 75%
c i 30.16 1499 99 1  50  418  282 49% 29 228948 4586 74%
c i 30.28 1499 87 1  50  518  348 51% 27 228948 4581 74%
c 
c  seconds    reductions  redundant   irredundant
c          MB     restarts       trail       variables
c            level   conflicts       glue         remaining
c 
c i 30.54 1499 61 1  50  962  668 53% 25 228948 4579 74%
c i 30.54 1499 61 1  50  968  673 53% 25 228948 4578 74%
c i 30.54 1499 61 1  50  971  675 53% 25 228948 4577 74%
c } 30.56 1499 61 1  54 1000  699 53% 25 228948 4576 74%
c [ 30.56 1499  0 1  54 1000  699  0% 0 228948 4576 74%
c O 30.57 1499 47 1  54 1004  703 51% 14 228948 4566 74%
c i 30.68 1499 17 1  54 1065  741 55% 13 228948 4565 74%
c i 30.72 1499 16 1  54 1098  762 56% 13 228948 4564 74%
c - 31.20 1538 16 2  54 1117  686 56% 13 152843 4564 74%
c i 31.26 1538 18 2  54 1136  699 56% 14 152843 4563 74%
c i 31.29 1538 24 2  54 1187  731 57% 19 152843 4562 74%
c i 31.31 1538 27 2  54 1216  749 57% 21 152843 4561 74%
c i 31.32 1538 28 2  54 1246  773 57% 22 152843 4560 74%
c i 31.37 1538 28 2  54 1449  902 56% 22 152843 4559 74%
c i 31.38 1538 28 2  54 1490  924 56% 22 152843 4558 74%
c i 31.38 1538 28 2  54 1493  926 56% 22 152843 4557 74%
c i 31.38 1538 28 2  54 1496  927 56% 22 152843 4556 74%
c i 31.39 1538 28 2  54 1541  952 56% 22 152843 4555 74%
c i 31.42 1538 27 2  54 1631 1002 56% 22 152843 4554 74%
c i 31.43 1538 27 2  54 1635 1004 56% 22 152843 4553 74%
c 
c  seconds    reductions  redundant   irredundant
c          MB     restarts       trail       variables
c            level   conflicts       glue         remaining
c 
c i 31.49 1538 29 2  54 1723 1055 56% 23 152843 4552 74%
c i 31.51 1538 30 2  54 1775 1080 56% 24 152843 4551 74%
c i 31.56 1538 29 2  54 1916 1169 56% 24 152843 4550 74%
c i 31.69 1538 29 2  55 2097 1276 56% 24 152843 4549 74%
c i 31.71 1538 30 2  55 2126 1301 56% 24 152843 4548 74%
c i 31.71 1538 30 2  55 2130 1304 56% 24 152843 4547 74%
c - 32.03 1536 34 3  55 2184 1005 56% 27 152792 4547 74%
c i 32.17 1536 34 3  55 2188 1008 24% 27 152792 4546 74%
c i 32.33 1536 35 3  55 2304 1074 38% 28 152792 4545 74%
c i 32.33 1536 35 3  55 2306 1075 38% 28 152792 4544 74%
c i 32.33 1536 35 3  55 2307 1075 38% 28 152792 4543 74%
c i 32.33 1536 35 3  55 2309 1076 38% 28 152792 4542 74%
c i 32.34 1536 35 3  55 2313 1079 38% 28 152792 4541 74%
c i 32.35 1536 35 3  55 2339 1088 38% 28 152792 4540 74%
c i 32.43 1536 35 3  55 2606 1270 40% 29 152792 4539 74%
c i 32.43 1536 35 3  55 2607 1270 40% 29 152792 4538 74%
c i 32.43 1536 35 3  55 2609 1271 40% 28 152792 4537 74%
c i 32.43 1536 35 3  55 2610 1271 40% 28 152792 4536 74%
c i 32.43 1536 35 3  55 2611 1271 40% 28 152792 4535 74%
c i 32.48 1536 34 3  55 2729 1337 40% 28 152792 4534 74%
c 
c  seconds    reductions  redundant   irredundant
c          MB     restarts       trail       variables
c            level   conflicts       glue         remaining
c 
c i 32.55 1536 33 3  55 2944 1450 40% 27 152792 4533 74%
c i 32.55 1536 33 3  55 2950 1452 40% 27 152792 4532 74%
c ] 32.56 1536 33 3  55 3000 1469 40% 27 152792 4532 74%
c { 32.56 1536 61 3  55 3000 1469 72% 25 152792 4532 74%
c F 32.58 1536 61 3  57 3005 1473 72% 25 152792 4532 74%
c i 32.71 1536 58 3  58 3088 1529 69% 25 152792 4531 74%
c i 32.72 1536 58 3  58 3095 1535 69% 25 152792 4530 74%
c i 32.74 1536 58 3  58 3100 1539 69% 25 152792 4529 74%
c i 32.74 1536 59 3  58 3108 1543 69% 25 152792 4527 73%
c i 32.79 1536 59 3  65 3144 1573 68% 25 152792 4526 73%
c i 32.89 1536 60 3  76 3185 1606 67% 26 152792 4525 73%
c i 33.00 1536 60 3  81 3201 1621 66% 26 152792 4524 73%
c i 33.06 1536 61 3  83 3214 1632 66% 26 152792 4523 73%
c i 33.23 1536 62 3  96 3270 1675 65% 27 152792 4522 73%
c i 33.24 1536 62 3  97 3275 1679 65% 27 152792 4521 73%
c i 33.25 1536 62 3  99 3280 1682 65% 27 152792 4520 73%
c i 33.39 1536 60 3 102 3359 1733 63% 26 152792 4519 73%
c i 33.49 1536 58 3 102 3453 1816 61% 26 152792 4518 73%
c i 33.61 1536 60 3 108 3502 1858 60% 27 152792 4517 73%
c i 33.62 1536 60 3 113 3517 1867 60% 27 152792 4516 73%
c 
c  seconds    reductions  redundant   irredundant
c          MB     restarts       trail       variables
c            level   conflicts       glue         remaining
c 
c i 33.62 1536 60 3 114 3525 1871 60% 27 152792 4515 73%
c i 33.62 1536 60 3 115 3526 1871 60% 27 152792 4514 73%
c i 33.62 1536 60 3 115 3527 1871 60% 27 152792 4513 73%
c i 33.64 1536 59 3 117 3562 1901 60% 27 152792 4512 73%
c - 34.14 1458 59 4 129 3606 1456 59% 27 152687 4512 73%
c i 34.48 1458 58 4 136 3739 1560 57% 27 152687 4511 73%
c i 34.48 1458 58 4 136 3741 1561 57% 27 152687 4510 73%
c i 34.64 1458 55 4 136 3917 1699 56% 27 152687 4509 73%
c i 34.88 1458 54 4 139 4039 1800 55% 27 152687 4508 73%
c i 34.89 1458 54 4 139 4049 1809 55% 27 152687 4507 73%
c i 34.93 1458 54 4 139 4077 1826 55% 27 152687 4506 73%
c i 35.11 1458 49 4 139 4402 1988 53% 25 152687 4504 73%
c d 35.77 1458 43 4 139 5000 2310 51% 23 136573 4482 73%
c 3 35.80 1458 43 4 139 5000 5633 51% 23 136573 4482 73%
c 2 35.84 1458 43 4 139 5000 5750 51% 23 136525 4477 73%
c p 43.82 1458 43 4 139 5000 19420 51% 23 136525 4258 69%
c d 44.08 1458 43 4 139 5000 18968 51% 23 126872 4251 69%
c d 44.18 1458 43 4 139 5000 18961 51% 23 126862 4248 69%
c - 44.68 1458 41 5 143 5381 2025 49% 23 126862 4248 69%
c # 44.99 1458 38 5 143 6006 2391 48% 22 126862 4248 69%
c 
c  seconds    reductions  redundant   irredundant
c          MB     restarts       trail       variables
c            level   conflicts       glue         remaining
c 
c } 45.10 1458 37 5 143 6219 2553 48% 22 126862 4248 69%
c 1 45.10 1458 37 5 143 6219 2553 48% 22 126862 4248 69%
c 
c --- [ writing output ] -----------------------------------------------------
c 
c writing simplified CNF to DIMACS file 'simp/22-cubes/30.cubes2683.adj.simp1'
c * 45.10 1458 37 5 143 6219 2553 48% 22 126862 4248 69%
c opening file to write 'simp/22-cubes/30.cubes2683.adj.simp1'
c writing 'p cnf 6160 126862' header
c closing file 'simp/22-cubes/30.cubes2683.adj.simp1'
c after writing 63691482 bytes 60.7 MB
c wrote 126862 clauses in 0.45 seconds process time
c 
c --- [ writing extension ] --------------------------------------------------
c 
c writing extension stack to 'simp/22-cubes/30.cubes2683.adj.ext1'
c opening file to write 'simp/22-cubes/30.cubes2683.adj.ext1'
c closing file 'simp/22-cubes/30.cubes2683.adj.ext1'
c after writing 28592 bytes 0.0 MB
c wrote 1944 witnesses in 0.00 seconds process time
c 
c --- [ result ] -------------------------------------------------------------
c 
s SATISFIABLE
c 
c --- [ run-time profiling ] -------------------------------------------------
c 
c process time taken by individual solving procedures
c (percentage relative to process time for solving)
c 
c        18.39   68.86% parse
c        18.01   67.46% search
c        15.24   57.07% unstable
c         8.69   32.54% simplify
c         7.98   29.88% probe
c         2.00    7.49% stable
c         0.77    2.90% lucky
c         0.04    0.16% ternary
c   =================================
c        26.71   58.63% solve
c 
c last line shows process time for solving
c (percentage relative to total process time)
c 
c --- [ statistics ] ---------------------------------------------------------
c 
c chronological:              1607        25.84 %  of conflicts
c conflicts:                  6219       232.87    per second
c decisions:                 25669       961.19    per second
c fixed:                      1880        30.52 %  of all variables
c learned:                    6056        97.38 %  per conflict
c learned_lits:            1222858       100.00 %  learned literals
c minimized:                     0         0.00 %  learned literals
c shrunken:                 915589        74.87 %  learned literals
c minishrunken:              44873         3.67 %  learned literals
c propagations:            2215942         0.08 M  per second
c reduced:                    1624        26.11 %  per conflict
c rephased:                      3      2073.00    interval
c restarts:                    143        43.49    interval
c stabilizing:                   1        32.16 %  of conflicts
c substituted:                  32         0.52 %  of all variables
c subsumed:                   1961         0.05 %  of all clauses
c ternary:                    3465         0.63 %  of resolved
c weakened:                     64         2.00    average size
c 
c seconds are measured in process time for solving
c 
c --- [ resources ] ----------------------------------------------------------
c 
c total process time since initialization:        45.55    seconds
c total real time since initialization:           45.60    seconds
c maximum resident set size of process:         1615.86    MB
c 
c --- [ shutting down ] ------------------------------------------------------
c 
c exit 10
++ seq 1 100
+ for i in '$(seq 1 100)'
++ sed 's/.$//'
++ rev
++ cut '-d ' -f1
++ rev
++ tail -n 1
++ grep 'c [*]' log/22-cubes/30.cubes2683.adj.simp1
+ vars_remaining=69
+ ((  vars_remaining < 100 - p  ))
+ tee log/22-cubes/30.cubes2683.adj.simp2
+ ./cadical/build/cadical simp/22-cubes/30.cubes2683.adj.simp1 -o simp/22-cubes/30.cubes2683.adj.simp2 -e simp/22-cubes/30.cubes2683.adj.ext2 -n -c 200000
c --- [ banner ] -------------------------------------------------------------
c 
c CaDiCaL Radically Simplified CDCL SAT Solver
c Copyright (c) 2016-2021 A. Biere, M. Fleury, N. Froleyks
c 
c Version 1.5.2
c g++ (GCC) 9.3.0 -Wall -Wextra -O3 -DNDEBUG
c Tue Feb 8 21:15:15 EST 2022 Linux gra-login1 3.10.0-1160.36.2.el7.x86_64 x86_64
c 
c --- [ limit ] --------------------------------------------------------------
c 
c setting conflict limit to 200000 conflicts (due to '200000')
c 
c --- [ parsing input ] ------------------------------------------------------
c 
c reading DIMACS file from 'simp/22-cubes/30.cubes2683.adj.simp1'
c opening file to read 'simp/22-cubes/30.cubes2683.adj.simp1'
c found 'p cnf 6160 126862' header
c parsed 126862 clauses in 0.75 seconds process time
c closing file 'simp/22-cubes/30.cubes2683.adj.simp1'
c after reading 63691482 bytes 60.7 MB
c 
c --- [ options ] ------------------------------------------------------------
c 
c all options are set to their default value
c 
c --- [ solving ] ------------------------------------------------------------
c 
c time measured in process time since initialization
c 
c  seconds  reductions  redundant  irredundant
c         MB    restarts       trail      variables
c          level   conflicts       glue        remaining
c 
c *  0.75 64  0 0   0    0    0  0% 0 126862 4218 68%
c {  0.86 71  0 0   0    0    0  0% 0 126862 4218 68%
c -  1.96 87 61 1  52  300  241 23% 27 126862 4218 68%
c -  3.20 144 56 2 107  961  685 24% 28 126862 4218 68%
c }  3.28 144 59 2 115 1002  721 24% 28 126862 4218 68%
c [  3.28 144  0 2 115 1002  721  0% 0 126862 4218 68%
c O  3.28 144 65 2 115 1003  722  4% 3 126862 4218 68%
c -  3.57 144 88 3 115 1955 1062 29% 19 126862 4218 68%
c ]  3.60 144 88 3 115 2026 1115 29% 19 126862 4218 68%
c 1  3.60 144 88 3 115 2026 1115 29% 19 126862 4218 68%
c 
c --- [ writing output ] -----------------------------------------------------
c 
c writing simplified CNF to DIMACS file 'simp/22-cubes/30.cubes2683.adj.simp2'
c *  3.60 144 88 3 115 2026 1115 29% 19 126862 4218 68%
c opening file to write 'simp/22-cubes/30.cubes2683.adj.simp2'
c writing 'p cnf 6160 126862' header
c closing file 'simp/22-cubes/30.cubes2683.adj.simp2'
c after writing 63691482 bytes 60.7 MB
c wrote 126862 clauses in 0.46 seconds process time
c 
c --- [ writing extension ] --------------------------------------------------
c 
c writing extension stack to 'simp/22-cubes/30.cubes2683.adj.ext2'
c opening file to write 'simp/22-cubes/30.cubes2683.adj.ext2'
c closing file 'simp/22-cubes/30.cubes2683.adj.ext2'
c after writing 0 bytes 0.0 MB
c wrote 0 witnesses in 0.00 seconds process time
c 
c --- [ result ] -------------------------------------------------------------
c 
s SATISFIABLE
c 
c --- [ run-time profiling ] -------------------------------------------------
c 
c process time taken by individual solving procedures
c (percentage relative to process time for solving)
c 
c         2.85   99.99% search
c         2.42   84.78% unstable
c         0.75   26.28% parse
c         0.32   11.33% stable
c         0.11    3.87% lucky
c         0.00    0.00% simplify
c   =================================
c         2.85   70.17% solve
c 
c last line shows process time for solving
c (percentage relative to total process time)
c 
c --- [ statistics ] ---------------------------------------------------------
c 
c chronological:               533        26.31 %  of conflicts
c conflicts:                  2026       711.18    per second
c decisions:                 15235      5347.86    per second
c learned:                    1963        96.89 %  per conflict
c learned_lits:             346935       100.00 %  learned literals
c minimized:                     0         0.00 %  learned literals
c shrunken:                 207791        59.89 %  learned literals
c minishrunken:              34875        10.05 %  learned literals
c propagations:             494389         0.17 M  per second
c reduced:                     428        21.13 %  per conflict
c rephased:                      1      2026.00    interval
c restarts:                    115        17.62    interval
c stabilizing:                   1        50.54 %  of conflicts
c subsumed:                    420         0.16 %  of all clauses
c 
c seconds are measured in process time for solving
c 
c --- [ resources ] ----------------------------------------------------------
c 
c total process time since initialization:         4.06    seconds
c total real time since initialization:            4.08    seconds
c maximum resident set size of process:          198.46    MB
c 
c --- [ shutting down ] ------------------------------------------------------
c 
c exit 10
+ for i in '$(seq 1 100)'
++ sed 's/.$//'
++ rev
++ cut '-d ' -f1
++ rev
++ tail -n 1
++ grep 'c [*]' log/22-cubes/30.cubes2683.adj.simp2
+ vars_remaining=68
+ ((  vars_remaining < 100 - p  ))
+ tee log/22-cubes/30.cubes2683.adj.simp3
+ ./cadical/build/cadical simp/22-cubes/30.cubes2683.adj.simp2 -o simp/22-cubes/30.cubes2683.adj.simp3 -e simp/22-cubes/30.cubes2683.adj.ext3 -n -c 200000
c --- [ banner ] -------------------------------------------------------------
c 
c CaDiCaL Radically Simplified CDCL SAT Solver
c Copyright (c) 2016-2021 A. Biere, M. Fleury, N. Froleyks
c 
c Version 1.5.2
c g++ (GCC) 9.3.0 -Wall -Wextra -O3 -DNDEBUG
c Tue Feb 8 21:15:15 EST 2022 Linux gra-login1 3.10.0-1160.36.2.el7.x86_64 x86_64
c 
c --- [ limit ] --------------------------------------------------------------
c 
c setting conflict limit to 200000 conflicts (due to '200000')
c 
c --- [ parsing input ] ------------------------------------------------------
c 
c reading DIMACS file from 'simp/22-cubes/30.cubes2683.adj.simp2'
c opening file to read 'simp/22-cubes/30.cubes2683.adj.simp2'
c found 'p cnf 6160 126862' header
c parsed 126862 clauses in 0.77 seconds process time
c closing file 'simp/22-cubes/30.cubes2683.adj.simp2'
c after reading 63691482 bytes 60.7 MB
c 
c --- [ options ] ------------------------------------------------------------
c 
c all options are set to their default value
c 
c --- [ solving ] ------------------------------------------------------------
c 
c time measured in process time since initialization
c 
c  seconds  reductions  redundant  irredundant
c         MB    restarts       trail      variables
c          level   conflicts       glue        remaining
c 
c *  0.77 64  0 0   0    0    0  0% 0 126862 4218 68%
c {  0.88 72  0 0   0    0    0  0% 0 126862 4218 68%
c -  1.88 87 87 1  48  303  249 22% 29 126862 4218 68%
c -  3.02 141 53 2  79  965  639 24% 24 126862 4218 68%
c }  3.05 141 52 2  79 1000  665 24% 24 126862 4218 68%
c [  3.05 141  0 2  79 1000  665  0% 0 126862 4218 68%
c O  3.06 141 41 2  79 1002  667 16% 8 126862 4218 68%
c ]  3.21 141 19 2  79 1275  885 28% 16 126862 4218 68%
c 1  3.21 141 19 2  79 1275  885 28% 16 126862 4218 68%
c 
c --- [ writing output ] -----------------------------------------------------
c 
c writing simplified CNF to DIMACS file 'simp/22-cubes/30.cubes2683.adj.simp3'
c *  3.21 141 19 2  79 1275  885 28% 16 126862 4218 68%
c opening file to write 'simp/22-cubes/30.cubes2683.adj.simp3'
c writing 'p cnf 6160 126862' header
c closing file 'simp/22-cubes/30.cubes2683.adj.simp3'
c after writing 63691482 bytes 60.7 MB
c wrote 126862 clauses in 0.45 seconds process time
c 
c --- [ writing extension ] --------------------------------------------------
c 
c writing extension stack to 'simp/22-cubes/30.cubes2683.adj.ext3'
c opening file to write 'simp/22-cubes/30.cubes2683.adj.ext3'
c closing file 'simp/22-cubes/30.cubes2683.adj.ext3'
c after writing 0 bytes 0.0 MB
c wrote 0 witnesses in 0.00 seconds process time
c 
c --- [ result ] -------------------------------------------------------------
c 
s SATISFIABLE
c 
c --- [ run-time profiling ] -------------------------------------------------
c 
c process time taken by individual solving procedures
c (percentage relative to process time for solving)
c 
c         2.45   99.99% search
c         2.17   88.65% unstable
c         0.77   31.30% parse
c         0.17    6.86% stable
c         0.11    4.48% lucky
c         0.00    0.00% simplify
c   =================================
c         2.45   66.72% solve
c 
c last line shows process time for solving
c (percentage relative to total process time)
c 
c --- [ statistics ] ---------------------------------------------------------
c 
c chronological:               373        29.25 %  of conflicts
c conflicts:                  1275       520.95    per second
c decisions:                 12282      5018.24    per second
c learned:                    1245        97.65 %  per conflict
c learned_lits:             183933       100.00 %  learned literals
c minimized:                     0         0.00 %  learned literals
c shrunken:                 110900        60.29 %  learned literals
c minishrunken:              14079         7.65 %  learned literals
c propagations:             318119         0.13 M  per second
c reduced:                     102         8.00 %  per conflict
c rephased:                      1      1275.00    interval
c restarts:                     79        16.14    interval
c stabilizing:                   1        21.57 %  of conflicts
c subsumed:                    258         0.10 %  of all clauses
c 
c seconds are measured in process time for solving
c 
c --- [ resources ] ----------------------------------------------------------
c 
c total process time since initialization:         3.67    seconds
c total real time since initialization:            3.68    seconds
c maximum resident set size of process:          141.36    MB
c 
c --- [ shutting down ] ------------------------------------------------------
c 
c exit 10
+ for i in '$(seq 1 100)'
++ sed 's/.$//'
++ rev
++ cut '-d ' -f1
++ rev
++ tail -n 1
++ grep 'c [*]' log/22-cubes/30.cubes2683.adj.simp3
+ vars_remaining=68
+ ((  vars_remaining < 100 - p  ))
+ tee log/22-cubes/30.cubes2683.adj.simp4
+ ./cadical/build/cadical simp/22-cubes/30.cubes2683.adj.simp3 -o simp/22-cubes/30.cubes2683.adj.simp4 -e simp/22-cubes/30.cubes2683.adj.ext4 -n -c 200000
c --- [ banner ] -------------------------------------------------------------
c 
c CaDiCaL Radically Simplified CDCL SAT Solver
c Copyright (c) 2016-2021 A. Biere, M. Fleury, N. Froleyks
c 
c Version 1.5.2
c g++ (GCC) 9.3.0 -Wall -Wextra -O3 -DNDEBUG
c Tue Feb 8 21:15:15 EST 2022 Linux gra-login1 3.10.0-1160.36.2.el7.x86_64 x86_64
c 
c --- [ limit ] --------------------------------------------------------------
c 
c setting conflict limit to 200000 conflicts (due to '200000')
c 
c --- [ parsing input ] ------------------------------------------------------
c 
c reading DIMACS file from 'simp/22-cubes/30.cubes2683.adj.simp3'
c opening file to read 'simp/22-cubes/30.cubes2683.adj.simp3'
c found 'p cnf 6160 126862' header
c parsed 126862 clauses in 0.75 seconds process time
c closing file 'simp/22-cubes/30.cubes2683.adj.simp3'
c after reading 63691482 bytes 60.7 MB
c 
c --- [ options ] ------------------------------------------------------------
c 
c all options are set to their default value
c 
c --- [ solving ] ------------------------------------------------------------
c 
c time measured in process time since initialization
c 
c  seconds  reductions  redundant  irredundant
c         MB    restarts       trail      variables
c          level   conflicts       glue        remaining
c 
c *  0.75 64  0 0   0    0    0  0% 0 126862 4218 68%
c {  0.86 72  0 0   0    0    0  0% 0 126862 4218 68%
c -  1.97 90 81 1  50  300  258 21% 28 126862 4218 68%
c -  2.97 135 57 2  79  963  617 23% 25 126862 4218 68%
c }  2.99 135 55 2  79 1002  646 23% 25 126862 4218 68%
c [  2.99 135  0 2  79 1002  646  0% 0 126862 4218 68%
c O  2.99 135 65 2  79 1003  647  4% 4 126862 4218 68%
c -  3.44 133 76 3  79 1956 1002 28% 16 126862 4218 68%
c ]  3.90 133 53 3  80 3005 1663 40% 20 126862 4218 68%
c {  3.90 133 55 3  80 3005 1663 33% 25 126862 4218 68%
c F  3.91 133 55 3  80 3006 1664 33% 25 126862 4218 68%
c -  4.36 133 47 4  80 3280 1362 34% 22 126862 4218 68%
c -  6.39 128 42 5 208 4934 1867 36% 23 126862 4218 68%
c 3  6.56 128 43 5 225 5001 5193 36% 23 126861 4218 68%
c 2  6.59 128 43 5 225 5001 5268 36% 23 126827 4218 68%
c p  9.72 128 43 5 225 5001 16459 36% 23 126827 4217 68%
c } 10.65 128 39 5 276 5748 17000 36% 23 126827 4217 68%
c 1 10.65 128 39 5 276 5748 17000 36% 23 126827 4217 68%
c 
c --- [ writing output ] -----------------------------------------------------
c 
c writing simplified CNF to DIMACS file 'simp/22-cubes/30.cubes2683.adj.simp4'
c * 10.65 128 39 5 276 5748 17000 36% 23 126827 4217 68%
c opening file to write 'simp/22-cubes/30.cubes2683.adj.simp4'
c writing 'p cnf 6160 126824' header
c closing file 'simp/22-cubes/30.cubes2683.adj.simp4'
c after writing 63561873 bytes 60.6 MB
c wrote 126824 clauses in 0.46 seconds process time
c 
c --- [ writing extension ] --------------------------------------------------
c 
c writing extension stack to 'simp/22-cubes/30.cubes2683.adj.ext4'
c opening file to write 'simp/22-cubes/30.cubes2683.adj.ext4'
c closing file 'simp/22-cubes/30.cubes2683.adj.ext4'
c after writing 16 bytes 0.0 MB
c wrote 1 witnesses in 0.00 seconds process time
c 
c --- [ result ] -------------------------------------------------------------
c 
s SATISFIABLE
c 
c --- [ run-time profiling ] -------------------------------------------------
c 
c process time taken by individual solving procedures
c (percentage relative to process time for solving)
c 
c         6.71   67.74% search
c         5.69   57.42% unstable
c         3.19   32.26% simplify
c         3.12   31.55% probe
c         0.91    9.16% stable
c         0.75    7.57% parse
c         0.11    1.16% lucky
c         0.03    0.34% ternary
c   =================================
c         9.90   89.08% solve
c 
c last line shows process time for solving
c (percentage relative to total process time)
c 
c --- [ statistics ] ---------------------------------------------------------
c 
c chronological:              1378        23.97 %  of conflicts
c conflicts:                  5748       580.49    per second
c decisions:                 27951      2822.76    per second
c fixed:                         1         0.02 %  of all variables
c learned:                    5601        97.44 %  per conflict
c learned_lits:             998904       100.00 %  learned literals
c minimized:                     0         0.00 %  learned literals
c shrunken:                 730543        73.13 %  learned literals
c minishrunken:              38980         3.90 %  learned literals
c propagations:            1673900         0.17 M  per second
c reduced:                    1559        27.12 %  per conflict
c rephased:                      2      2874.00    interval
c restarts:                    276        20.83    interval
c stabilizing:                   1        34.85 %  of conflicts
c subsumed:                   1619         0.55 %  of all clauses
c ternary:                    3355         0.71 %  of resolved
c 
c seconds are measured in process time for solving
c 
c --- [ resources ] ----------------------------------------------------------
c 
c total process time since initialization:        11.12    seconds
c total real time since initialization:           11.13    seconds
c maximum resident set size of process:          189.09    MB
c 
c --- [ shutting down ] ------------------------------------------------------
c 
c exit 10
+ for i in '$(seq 1 100)'
++ sed 's/.$//'
++ rev
++ cut '-d ' -f1
++ rev
++ tail -n 1
++ grep 'c [*]' log/22-cubes/30.cubes2683.adj.simp4
+ vars_remaining=68
+ ((  vars_remaining < 100 - p  ))
+ tee log/22-cubes/30.cubes2683.adj.simp5
+ ./cadical/build/cadical simp/22-cubes/30.cubes2683.adj.simp4 -o simp/22-cubes/30.cubes2683.adj.simp5 -e simp/22-cubes/30.cubes2683.adj.ext5 -n -c 200000
c --- [ banner ] -------------------------------------------------------------
c 
c CaDiCaL Radically Simplified CDCL SAT Solver
c Copyright (c) 2016-2021 A. Biere, M. Fleury, N. Froleyks
c 
c Version 1.5.2
c g++ (GCC) 9.3.0 -Wall -Wextra -O3 -DNDEBUG
c Tue Feb 8 21:15:15 EST 2022 Linux gra-login1 3.10.0-1160.36.2.el7.x86_64 x86_64
c 
c --- [ limit ] --------------------------------------------------------------
c 
c setting conflict limit to 200000 conflicts (due to '200000')
c 
c --- [ parsing input ] ------------------------------------------------------
c 
c reading DIMACS file from 'simp/22-cubes/30.cubes2683.adj.simp4'
c opening file to read 'simp/22-cubes/30.cubes2683.adj.simp4'
c found 'p cnf 6160 126824' header
c parsed 126824 clauses in 0.75 seconds process time
c closing file 'simp/22-cubes/30.cubes2683.adj.simp4'
c after reading 63561873 bytes 60.6 MB
c 
c --- [ options ] ------------------------------------------------------------
c 
c all options are set to their default value
c 
c --- [ solving ] ------------------------------------------------------------
c 
c time measured in process time since initialization
c 
c  seconds  reductions  redundant  irredundant
c         MB    restarts       trail      variables
c          level   conflicts       glue        remaining
c 
c *  0.75 63  0 0   0    0    0  0% 0 126824 4217 68%
c {  0.91 73  0 0   0    0    0  0% 0 126824 4217 68%
c -  1.31 79 26 1   8  300  184 24% 12 126824 4217 68%
c -  3.54 150 51 2 142  961  637 23% 25 126824 4217 68%
c }  3.66 150 51 2 151 1000  670 23% 25 126824 4217 68%
c [  3.66 150  0 2 151 1000  670  0% 0 126824 4217 68%
c O  3.72 145 69 2 151 1002  672 29% 20 126824 4217 68%
c -  4.13 139 17 3 151 1955  973 28% 15 126824 4217 68%
c ]  4.43 139 18 3 152 3003 1486 28% 16 126824 4217 68%
c {  4.43 139 51 3 152 3003 1486 23% 25 126824 4217 68%
c F  4.55 139 51 3 153 3004 1487  6% 25 126824 4217 68%
c -  4.92 139 43 4 154 3278 1145 38% 22 126824 4217 68%
c -  7.91 134 47 5 338 4932 1795 36% 28 126824 4217 68%
c p 11.47 134 49 5 354 5001 17487 36% 29 126824 4209 68%
c # 11.88 134 42 5 374 6006 18025 37% 26 126824 4209 68%
c - 12.29 133 38 6 380 6920 2655 37% 25 126800 4209 68%
c } 12.33 133 38 6 380 7004 2712 37% 25 126800 4209 68%
c [ 12.33 133 18 6 380 7004 2712 41% 16 126800 4209 68%
c - 13.06 133 23 7 382 9237 3018 39% 20 126800 4209 68%
c s 13.35 133 23 7 382 9821 3296 38% 20 123561 4209 68%
c 
c  seconds   reductions  redundant   irredundant
c          MB    restarts       trail       variables
c           level   conflicts       glue         remaining
c 
c v 14.68 134 23 7 382 9821 3296 38% 20 123499 4209 68%
c t 14.79 134 23 7 382 9821 3292 38% 20 123457 4209 68%
c e 15.32 134 23 7 382 9821 3073 38% 20 113520 689 11%
c s 15.38 134 23 7 382 9821 3072 38% 20 112930 689 11%
c I 16.15 126 24 7 382 10007 3190 83% 20 112930 689 11%
c - 16.56 126 28 8 384 11884 3156 83% 24 112930 689 11%
c - 17.08 126 29 9 385 14726 3252 83% 24 112930 689 11%
c 2 17.16 126 29 9 385 15001 3776 83% 24 112929 689 11%
c p 18.76 126 29 9 385 15001 6359 83% 24 112929 689 11%
c ] 18.84 126 29 9 385 15005 6363 83% 24 112929 689 11%
c { 18.84 126 38 9 385 15005 6363 228% 25 112929 689 11%
c B 18.91 126 38 9 385 15009 6364 228% 25 112929 689 11%
c } 20.08 126 33 9 388 17554 8158 171% 23 112929 689 11%
c 1 20.08 126 33 9 388 17554 8158 171% 23 112929 689 11%
c 
c --- [ writing output ] -----------------------------------------------------
c 
c writing simplified CNF to DIMACS file 'simp/22-cubes/30.cubes2683.adj.simp5'
c * 20.08 126 33 9 388 17554 8158 171% 23 112929 689 11%
c opening file to write 'simp/22-cubes/30.cubes2683.adj.simp5'
c writing 'p cnf 6160 112929' header
c closing file 'simp/22-cubes/30.cubes2683.adj.simp5'
c after writing 62218573 bytes 59.3 MB
c wrote 112929 clauses in 0.44 seconds process time
c 
c --- [ writing extension ] --------------------------------------------------
c 
c writing extension stack to 'simp/22-cubes/30.cubes2683.adj.ext5'
c opening file to write 'simp/22-cubes/30.cubes2683.adj.ext5'
c closing file 'simp/22-cubes/30.cubes2683.adj.ext5'
c after writing 265551 bytes 0.3 MB
c wrote 10275 witnesses in 0.00 seconds process time
c 
c --- [ result ] -------------------------------------------------------------
c 
s SATISFIABLE
c 
c --- [ run-time profiling ] -------------------------------------------------
c 
c process time taken by individual solving procedures
c (percentage relative to process time for solving)
c 
c        11.91   61.63% search
c         8.67   44.88% unstable
c         7.41   38.36% simplify
c         4.76   24.61% probe
c         3.08   15.94% stable
c         1.42    7.35% vivify
c         1.02    5.26% elim
c         0.75    3.88% parse
c         0.16    0.81% lucky
c         0.12    0.64% subsume
c         0.05    0.25% ternary
c   =================================
c        19.33   94.21% solve
c 
c last line shows process time for solving
c (percentage relative to total process time)
c 
c --- [ statistics ] ---------------------------------------------------------
c 
c chronological:              3202        18.24 %  of conflicts
c conflicts:                 17554       908.27    per second
c decisions:                 46654      2413.95    per second
c eliminated:                 3520        57.14 %  of all variables
c fixed:                         8         0.13 %  of all variables
c learned:                   17208        98.03 %  per conflict
c learned_lits:            3259755       100.00 %  learned literals
c minimized:                     0         0.00 %  learned literals
c shrunken:                2492870        76.47 %  learned literals
c minishrunken:             109576         3.36 %  learned literals
c propagations:            2953742         0.15 M  per second
c reduced:                    6319        36.00 %  per conflict
c rephased:                      5      3510.80    interval
c restarts:                    388        45.24    interval
c stabilizing:                   2        56.99 %  of conflicts
c subsumed:                   9729         2.98 %  of all clauses
c strengthened:                995         0.30 %  of all clauses
c ternary:                    3674         0.74 %  of resolved
c vivified:                     71         0.02 %  of all clauses
c weakened:                  10267         3.27    average size
c 
c seconds are measured in process time for solving
c 
c --- [ resources ] ----------------------------------------------------------
c 
c total process time since initialization:        20.51    seconds
c total real time since initialization:           20.54    seconds
c maximum resident set size of process:          208.66    MB
c 
c --- [ shutting down ] ------------------------------------------------------
c 
c exit 10
+ for i in '$(seq 1 100)'
++ sed 's/.$//'
++ rev
++ cut '-d ' -f1
++ rev
++ tail -n 1
++ grep 'c [*]' log/22-cubes/30.cubes2683.adj.simp5
+ vars_remaining=11
+ ((  vars_remaining < 100 - p  ))
+ break
++ cut '-d ' -f3
++ head -n 1 simp/22-cubes/30.cubes2683.adj.simp5
+ numvars=6160
++ cut '-d ' -f4
++ head -n 1 simp/22-cubes/30.cubes2683.adj.simp5
+ numlines=112929
+ extlines_total=0
++ seq 1 5
+ for j in '$(seq 1 "$i")'
++ cut '-d ' -f1
++ wc -l simp/22-cubes/30.cubes2683.adj.ext1
+ extlines_j=1944
+ extlines_total=1944
+ for j in '$(seq 1 "$i")'
++ cut '-d ' -f1
++ wc -l simp/22-cubes/30.cubes2683.adj.ext2
+ extlines_j=0
+ extlines_total=1944
+ for j in '$(seq 1 "$i")'
++ cut '-d ' -f1
++ wc -l simp/22-cubes/30.cubes2683.adj.ext3
+ extlines_j=0
+ extlines_total=1944
+ for j in '$(seq 1 "$i")'
++ cut '-d ' -f1
++ wc -l simp/22-cubes/30.cubes2683.adj.ext4
+ extlines_j=1
+ extlines_total=1945
+ for j in '$(seq 1 "$i")'
++ cut '-d ' -f1
++ wc -l simp/22-cubes/30.cubes2683.adj.ext5
+ extlines_j=10275
+ extlines_total=12220
+ newlines=125149
+ echo 'p cnf 6160 125149'
+ tail simp/22-cubes/30.cubes2683.adj.simp5 -n +2
++ seq 1 5
+ for j in '$(seq 1 "$i")'
+ cat simp/22-cubes/30.cubes2683.adj.ext1
+ for j in '$(seq 1 "$i")'
+ cat simp/22-cubes/30.cubes2683.adj.ext2
+ for j in '$(seq 1 "$i")'
+ cat simp/22-cubes/30.cubes2683.adj.ext3
+ for j in '$(seq 1 "$i")'
+ cat simp/22-cubes/30.cubes2683.adj.ext4
+ for j in '$(seq 1 "$i")'
+ cat simp/22-cubes/30.cubes2683.adj.ext5
+ sed -i 's/ 0.*/ 0/' 22-cubes/30.cubes2683.adj.simp
============================[ Problem Statistics ]=============================
|                                                                             |
|  Number of variables:          6160                                         |
|  Number of clauses:          123258                                         |
|  Parse time:                   0.82 s                                       |
|  Simplification time:          0.02 s                                       |
|                                                                             |
============================[ Search Statistics ]====================================================
| Conflicts |          ORIGINAL         |          LEARNT          | Num Sols |      SUBGRAPHS      |
|           |    Vars  Clauses Literals |    Limit  Clauses Lit/Cl |          | Canonical Noncanon. |
=====================================================================================================
|       100 |    4270   123258 13303568 |     2000      100    143 |        0 |        14         0 |
|       349 |    4270   123357 13304906 |     2000      349     83 |        0 |        50        99 |
|       958 |    4270   123741 13309325 |     2000      958     53 |        0 |        73       483 |
|      1421 |    4270   123867 13311097 |     2000     1421     59 |        0 |        86       609 |
|      2015 |    4270   123955 13312232 |     3601     1016     14 |        0 |        98       697 |
|      3307 |    4270   124488 13320955 |     3601     2308     44 |        0 |       180      1230 |
|      4722 |    4270   124764 13324448 |     5003     1925     17 |        0 |       220      1506 |
|      7025 |    4270   125359 13333115 |     5003     4228     52 |        0 |       339      2101 |
|      9968 |    4269   125740 13338657 |     6304     4671     50 |        0 |       377      2482 |
|     14730 |    4269   126658 13348972 |     7560     6290     51 |        0 |       441      3400 |
|     23352 |    4268   129514 13378787 |     9993     6745     40 |        0 |       612      6256 |
|     32375 |    4268   129888 13385143 |    11201    10776     61 |        0 |       641      6630 |
|     46220 |    4268   130759 13397386 |    13611    12831     57 |        0 |       713      7501 |
=====================================================================================================
Number of solutions   : 0           
Canonical subgraphs   : 736            (119 /sec)
          order  3    : 1              (200000 /sec)
          order  4    : 1              (500000 /sec)
          order  5    : 1              (100000 /sec)
          order  6    : 1              (55556 /sec)
          order  7    : 1              (8333 /sec)
          order  8    : 1              (3279 /sec)
          order  9    : 1              (1724 /sec)
          order 10    : 2              (958 /sec)
          order 11    : 4              (590 /sec)
          order 12    : 11             (387 /sec)
          order 13    : 56             (272 /sec)
          order 14    : 226            (188 /sec)
          order 15    : 184            (121 /sec)
          order 16    : 196            (82 /sec)
          order 17    : 49             (58 /sec)
          order 18    : 1              (45 /sec)
          order 19    : 0              (-nan /sec)
          order 20    : 0              (-nan /sec)
          order 21    : 0              (-nan /sec)
          order 22    : 0              (-nan /sec)
Noncanonical subgraphs: 7737           (876 /sec)
          order  3    : 0              (-nan /sec)
          order  4    : 0              (-nan /sec)
          order  5    : 0              (-nan /sec)
          order  6    : 0              (-nan /sec)
          order  7    : 0              (-nan /sec)
          order  8    : 0              (-nan /sec)
          order  9    : 0              (-nan /sec)
          order 10    : 0              (-nan /sec)
          order 11    : 0              (-nan /sec)
          order 12    : 0              (-nan /sec)
          order 13    : 0              (-nan /sec)
          order 14    : 644            (5673 /sec)
          order 15    : 4170           (1034 /sec)
          order 16    : 1944           (673 /sec)
          order 17    : 895            (562 /sec)
          order 18    : 84             (412 /sec)
          order 19    : 0              (-nan /sec)
          order 20    : 0              (-nan /sec)
          order 21    : 0              (-nan /sec)
Canonicity checking   : 15.0401 s
database reductions   : 11
restarts              : 173
conflicts             : 55428          (1538 /sec)
decisions             : 107669         (0.00 % random) (2988 /sec)
propagations          : 10860631       (301450 /sec)
conflict literals     : 4895614        (55.28 % deleted)
actual reward         : 0.059558
Memory used           : 171.00 MB
CPU time              : 36.0279 s

UNSATISFIABLE
