c --- [ banner ] -------------------------------------------------------------
c 
c CaDiCaL Radically Simplified CDCL SAT Solver
c Copyright (c) 2016-2021 A. Biere, M. Fleury, N. Froleyks
c 
c Version 1.5.2 ca9bff05c11bde5eae4912f9932871d1527e61d8
c g++ (GCC) 9.3.0 -Wall -Wextra -O3 -DNDEBUG
c Sun May 1 02:23:23 EDT 2022 Linux gra-login1 3.10.0-1160.59.1.el7.x86_64 x86_64
c 
c --- [ limit ] --------------------------------------------------------------
c 
c setting conflict limit to 200000 conflicts (due to '200000')
c 
c --- [ parsing input ] ------------------------------------------------------
c 
c reading DIMACS file from '12.cubes535.adj'
c opening file to read '12.cubes535.adj'
c found 'p cnf 5320 924210' header
c parsed 924210 clauses in 7.84 seconds process time
c closing file '12.cubes535.adj'
c after reading 686668115 bytes 654.9 MB
c 
c --- [ options ] ------------------------------------------------------------
c 
c all options are set to their default value
c 
c --- [ solving ] ------------------------------------------------------------
c 
c time measured in process time since initialization
c 
c  seconds   reductions  redundant  irredundant
c          MB    restarts       trail      variables
c           level   conflicts       glue        remaining
c 
c *  7.84 691  0 0   0    0    0  0% 0 923580 4020 76%
c {  8.57 724  0 0   0    0    0  0% 0 923580 4020 76%
c i  8.67 724 13 0   0    2    1 33% 5 923580 4010 75%
c i  9.61 740 124 0   7   54   49 51% 44 923580 4007 75%
c i 10.13 746 88 0   8  135  124 51% 35 923580 4006 75%
c i 10.16 746 84 0   8  154  142 52% 34 923580 4005 75%
c i 10.19 746 81 0   8  163  150 52% 34 923580 4004 75%
c i 10.23 746 76 0   8  184  166 52% 33 923580 4003 75%
c i 10.24 746 76 0   8  185  166 52% 33 923580 3992 75%
c i 10.26 746 72 0   8  201  177 52% 32 923580 3990 75%
c - 12.18 714 53 1   8  300  200 50% 25 191930 3989 75%
c i 12.35 695 49 1   8  376  256 51% 24 191930 3988 75%
c i 12.58 695 47 1  17  457  321 51% 25 191930 3987 75%
c i 12.75 695 54 1  17  542  387 51% 24 191930 3986 75%
c i 12.76 695 54 1  17  547  391 51% 24 191930 3985 75%
c i 12.91 695 49 1  17  643  445 51% 22 191930 3984 75%
c i 12.91 695 49 1  17  647  448 51% 22 191930 3983 75%
c i 12.93 695 49 1  17  654  453 51% 23 191930 3982 75%
c i 12.94 695 50 1  18  666  464 51% 23 191930 3981 75%
c i 13.00 695 50 1  22  679  471 51% 23 191930 3980 75%
c 
c  seconds   reductions  redundant   irredundant
c          MB    restarts       trail       variables
c           level   conflicts       glue         remaining
c 
c i 13.05 695 50 1  25  699  488 51% 23 191930 3979 75%
c i 13.21 695 49 1  33  793  564 51% 23 191930 3978 75%
c i 13.23 695 49 1  38  824  581 51% 23 191930 3977 75%
c i 13.24 695 48 1  38  826  582 51% 23 191930 3976 75%
c i 13.24 695 48 1  38  828  583 51% 23 191930 3975 75%
c i 13.40 695 52 1  40  896  647 51% 23 191930 3974 75%
c i 13.52 695 53 1  43  918  666 50% 23 191930 3973 75%
c i 13.57 695 53 1  44  924  671 50% 23 191930 3972 75%
c i 13.72 695 54 1  53  961  702 50% 24 191930 3971 75%
c i 13.72 695 54 1  53  964  704 50% 24 191930 3970 75%
c i 13.74 695 54 1  53  966  705 50% 24 191930 3969 75%
c i 13.74 695 54 1  53  969  707 50% 24 191930 3968 75%
c i 13.78 695 55 1  55  986  719 50% 24 191930 3966 75%
c i 13.83 695 55 1  57  991  723 50% 24 191930 3965 75%
c } 13.88 695 56 1  59 1001  733 50% 24 191930 3965 75%
c [ 13.88 695  0 1  59 1001  733  0% 0 191930 3965 75%
c O 13.89 695  3 1  59 1002  734 30% 1 191930 3965 75%
c i 13.91 695  3 1  59 1019  744 32% 2 191930 3916 74%
c i 13.91 695  3 1  59 1024  745 32% 2 191930 3882 73%
c i 13.92 695  3 1  59 1025  745 32% 2 191930 3862 73%
c 
c  seconds   reductions  redundant  irredundant
c          MB    restarts       trail      variables
c           level   conflicts       glue        remaining
c 
c i 13.99 695 10 1  59 1046  763 39% 4 191930 3861 73%
c i 14.00 695 11 1  59 1050  766 40% 5 191930 3860 73%
c - 14.33 742 17 2  59 1070  668 45% 10 190573 3860 73%
c i 14.45 742 22 2  59 1171  741 50% 15 190573 3859 73%
c i 14.46 742 22 2  59 1184  747 50% 16 190573 3858 73%
c i 14.58 742 23 2  59 1374  869 52% 17 190573 3857 72%
c i 14.64 742 22 2  59 1489  934 52% 17 190573 3856 72%
c i 14.80 742 21 2  59 1866 1149 52% 17 190573 3855 72%
c i 14.86 742 21 2  59 2011 1214 53% 16 190573 3854 72%
c - 15.06 742 21 3  60 2223 1000 53% 17 190555 3854 72%
c i 15.25 741 21 3  60 2377 1098 38% 17 190555 3853 72%
c i 15.29 741 20 3  60 2486 1165 37% 16 190555 3852 72%
c i 15.38 741 20 3  60 2702 1288 36% 16 190555 3851 72%
c ] 15.52 741 23 3  60 3002 1480 36% 18 190555 3851 72%
c { 15.52 741 56 3  60 3002 1480 69% 24 190555 3851 72%
c F 15.53 741 56 3  61 3003 1481 69% 24 190555 3851 72%
c i 15.70 741 52 3  71 3196 1620 62% 23 190555 3850 72%
c i 15.72 741 52 3  71 3224 1641 62% 23 190555 3849 72%
c i 15.74 741 52 3  73 3275 1689 61% 23 190555 3848 72%
c - 16.86 740 52 4 138 3759 1616 53% 24 190537 3848 72%
c 
c  seconds   reductions  redundant   irredundant
c          MB    restarts       trail       variables
c           level   conflicts       glue         remaining
c 
c 2 17.78 740 41 4 140 5002 3888 46% 21 190456 3831 72%
c p 19.77 740 41 4 140 5002 8518 46% 21 190456 3806 72%
c d 19.89 740 41 4 140 5002 8428 46% 21 153361 3805 72%
c - 20.74 728 37 5 147 5678 2257 44% 20 153361 3805 72%
c # 21.08 728 37 5 159 6004 2506 43% 20 153361 3805 72%
c } 22.29 728 36 5 233 7003 3227 41% 20 153361 3805 72%
c [ 22.29 728 23 5 233 7003 3227 36% 18 153361 3805 72%
c - 22.77 728 23 6 234 7812 2624 36% 18 153361 3805 72%
c I 23.66 728 26 6 235 10006 4267 37% 21 153361 3805 72%
c - 24.12 679 26 7 236 10302 3243 37% 21 153361 3805 72%
c - 25.76 728 25 8 237 13148 3398 36% 21 153361 3805 72%
c ] 26.77 728 25 8 238 15006 4487 36% 21 153361 3805 72%
c { 26.77 728 36 8 238 15006 4487 41% 20 153361 3805 72%
c p 27.52 728 36 8 238 15006 10838 41% 20 153361 3805 72%
c B 27.54 728 36 8 238 15007 10839 41% 20 153361 3805 72%
c s 27.97 728 35 8 252 15688 11014 41% 20 151103 3805 72%
c v 29.41 728 35 8 252 15688 11014 41% 20 151049 3805 72%
c t 29.46 728 35 8 252 15688 10998 41% 20 150987 3805 72%
c e 29.75 729 35 8 252 15688 5944 41% 20 145580 956 18%
c s 29.83 729 35 8 252 15688 5943 41% 20 145382 956 18%
c 
c  seconds   reductions   redundant   irredundant
c          MB    restarts        trail       variables
c           level    conflicts       glue        remaining
c 
c - 30.48 682 33 9 263 16350 3744 63% 19 145382 956 18%
c - 33.26 682 32 10 467 19842 4178 63% 19 145382 956 18%
c W 34.05 682 31 10 477 21009 5031 64% 19 145382 956 18%
c - 36.06 682 29 11 576 23680 4890 64% 18 145382 956 18%
c - 39.03 682 28 12 718 27865 5697 64% 18 145382 956 18%
c F 39.11 681 28 12 718 28010 5781 64% 18 145382 956 18%
c 2 40.43 681 27 12 801 30006 7779 64% 17 145382 956 18%
c p 41.26 681 27 12 801 30006 9453 64% 17 145382 948 18%
c d 41.39 681 27 12 801 30006 9260 64% 17 144909 947 18%
c } 41.98 681 26 12 801 31007 9897 64% 17 144909 947 18%
c [ 41.98 681 25 12 801 31007 9897 144% 21 144909 947 18%
c - 42.32 682 24 13 801 32400 6191 133% 20 144909 947 18%
c B 43.57 681 22 13 804 36012 8317 115% 19 144909 947 18%
c - 44.16 682 23 14 804 37276 6630 111% 19 144909 947 18%
c - 45.86 682 25 15 808 42501 7264 99% 21 144909 947 18%
c s 46.76 682 25 15 808 44684 8813 96% 21 144645 947 18%
c v 48.17 682 25 15 808 44684 8813 96% 21 144603 947 18%
c t 48.21 682 25 15 808 44684 8810 96% 21 144603 947 18%
c e 48.49 683 25 15 808 44684 8805 96% 21 144553 923 17%
c s 48.61 683 25 15 808 44684 8805 96% 21 144392 923 17%
c 
c  seconds   reductions    redundant   irredundant
c          MB     restarts        trail       variables
c           level     conflicts       glue        remaining
c 
c W 49.42 683 25 15 808 45014 9021 95% 21 144392 923 17%
c - 50.43 683 25 16 809 48075 7644 91% 21 144392 923 17%
c p 51.22 683 25 16 809 50006 11193 90% 21 144392 923 17%
c - 52.43 683 25 17 809 53991 8382 86% 21 144392 923 17%
c O 52.67 683 25 17 810 55017 9139 86% 21 144392 923 17%
c - 54.93 683 24 18 814 60252 8778 82% 20 144392 923 17%
c ] 56.08 683 24 18 816 63007 10958 81% 20 144392 923 17%
c { 56.08 683 26 18 816 63007 10958 64% 17 144392 923 17%
c B 57.71 683 25 18 894 66019 12732 64% 17 144392 923 17%
c - 58.59 683 25 19 977 66861 8949 64% 17 144392 923 17%
c - 65.22 683 26 20 1577 73819 9807 64% 18 144392 923 17%
c p 67.57 683 26 20 1687 75007 13382 64% 18 144392 920 17%
c W 68.78 683 25 20 1696 78020 15347 64% 17 144383 920 17%
c - 69.78 683 25 21 1700 81127 10619 64% 17 144383 920 17%
c s 73.18 683 23 21 1906 88421 14916 65% 17 144011 920 17%
c v 74.31 683 23 21 1906 88421 14916 65% 17 143994 920 17%
c s 74.76 683 23 21 1906 88421 14915 65% 17 143864 920 17%
c - 75.23 683 23 22 1908 88781 10302 65% 17 143864 920 17%
c # 75.76 683 23 22 1908 91021 11659 65% 16 143864 920 17%
c - 77.03 683 22 23 1934 96770 10014 65% 16 143864 920 17%
c 
c  seconds   reductions       redundant   irredundant
c          MB     restarts           trail       variables
c           level      conflicts         glue        remaining
c 
c p 81.58 683 21 23 2317 105008 17467 65% 16 143864 920 17%
c B 81.69 683 21 23 2319 105023 17478 65% 16 143864 920 17%
c - 81.84 683 21 24 2328 105108 10610 65% 16 143864 920 17%
c - 88.88 683 22 25 3279 113792 12361 65% 16 143864 920 17%
c W 92.33 683 22 25 3366 120024 16369 65% 16 143864 920 17%
c - 93.80 683 21 26 3404 122825 12419 65% 16 143864 920 17%
c } 95.44 683 21 26 3474 127007 14758 65% 16 143864 920 17%
c [ 95.44 683 24 26 3474 127007 14758 81% 20 143864 920 17%
c - 97.27 683 23 27 3476 132206 12154 79% 20 143864 920 17%
c B 98.59 683 23 27 3478 136027 14140 78% 20 143864 920 17%
c 3 100.63 683 24 27 3481 140009 17574 77% 21 143864 920 17%
c p 101.23 683 24 27 3481 140009 20313 77% 21 143864 920 17%
c ] 102.08 683 24 27 3481 141463 21273 76% 21 143864 920 17%
c 1 102.08 683 24 27 3481 141463 21273 76% 21 143864 920 17%
c 
c --- [ writing output ] -----------------------------------------------------
c 
c writing simplified CNF to DIMACS file 'simp/12.cubes535.adj.simp1'
c * 102.08 683 24 27 3481 141463 21273 76% 21 143864 920 17%
c opening file to write 'simp/12.cubes535.adj.simp1'
c writing 'p cnf 5320 143864' header
c closing file 'simp/12.cubes535.adj.simp1'
c after writing 51392679 bytes 49.0 MB
c wrote 143864 clauses in 0.32 seconds process time
c 
c --- [ writing extension ] --------------------------------------------------
c 
c writing extension stack to 'simp/12.cubes535.adj.ext1'
c opening file to write 'simp/12.cubes535.adj.ext1'
c closing file 'simp/12.cubes535.adj.ext1'
c after writing 172379 bytes 0.2 MB
c wrote 7729 witnesses in 0.00 seconds process time
c 
c --- [ result ] -------------------------------------------------------------
c 
s SATISFIABLE
c 
c --- [ run-time profiling ] -------------------------------------------------
c 
c process time taken by individual solving procedures
c (percentage relative to process time for solving)
c 
c        81.35   86.31% search
c        55.99   59.41% unstable
c        23.37   24.80% stable
c        12.90   13.69% simplify
c         7.84    8.31% parse
c         5.91    6.27% probe
c         4.08    4.33% vivify
c         1.44    1.53% elim
c         1.25    1.33% walk
c         0.73    0.78% lucky
c         0.71    0.75% subsume
c         0.15    0.16% ternary
c   =================================
c        94.25   92.03% solve
c 
c last line shows process time for solving
c (percentage relative to total process time)
c 
c --- [ statistics ] ---------------------------------------------------------
c 
c chronological:             24997        17.67 %  of conflicts
c conflicts:                141463      1501.00    per second
c decisions:                279668      2967.42    per second
c eliminated:                 2873        54.00 %  of all variables
c fixed:                      1520        28.57 %  of all variables
c learned:                  138473        97.89 %  per conflict
c learned_lits:           23543245       100.00 %  learned literals
c minimized:                     0         0.00 %  learned literals
c shrunken:               14153826        60.12 %  learned literals
c minishrunken:            2000508         8.50 %  learned literals
c propagations:           11386780         0.12 M  per second
c reduced:                   73865        52.22 %  per conflict
c rephased:                     16      8841.44    interval
c restarts:                   3481        40.64    interval
c stabilizing:                   4        39.91 %  of conflicts
c substituted:                   7         0.13 %  of all variables
c subsumed:                  50144         2.23 %  of all clauses
c strengthened:              16305         0.72 %  of all clauses
c ternary:                    5582         0.59 %  of resolved
c vivified:                    137         0.01 %  of all clauses
c walked:                        4     35365.75    interval
c weakened:                   6209         2.99    average size
c 
c seconds are measured in process time for solving
c 
c --- [ resources ] ----------------------------------------------------------
c 
c total process time since initialization:       102.41    seconds
c total real time since initialization:          103.17    seconds
c maximum resident set size of process:          803.87    MB
c 
c --- [ shutting down ] ------------------------------------------------------
c 
c exit 10
WARNING! DIMACS header mismatch: wrong number of variables.
============================[ Problem Statistics ]=============================
|                                                                             |
|  Number of variables:          2941                                         |
|  Number of clauses:          143864                                         |
|  Parse time:                   0.82 s                                       |
|  Simplification time:          0.03 s                                       |
|                                                                             |
============================[ Search Statistics ]====================================================
| Conflicts |          ORIGINAL         |          LEARNT          | Num Sols |      SUBGRAPHS      |
|           |    Vars  Clauses Literals |    Limit  Clauses Lit/Cl |          | Canonical Noncanon. |
=====================================================================================================
|       100 |    2855   143864 11671218 |     2000      100     63 |        0 |        22         0 |
|       250 |    2855   143864 11671218 |     2000      250     49 |        0 |        43         0 |
|       475 |    2855   143864 11671218 |     2000      475     67 |        0 |        53         0 |
|       812 |    2855   143864 11671218 |     2000      812     74 |        0 |        66         0 |
|      1318 |    2855   143864 11671218 |     2000     1318     72 |        0 |        79         0 |
|      2145 |    2855   143932 11672943 |     3608     1153     39 |        0 |       156        68 |
|      3312 |    2855   143960 11673676 |     3608     2320     63 |        0 |       231        96 |
|      5134 |    2855   144074 11675655 |     5008     2342     47 |        0 |       292       210 |
|      7948 |    2855   144326 11679348 |     6311     2659     33 |        0 |       356       462 |
|     12083 |    2855   144617 11684242 |     7557     3640     29 |        0 |       503       753 |
|     18004 |    2855   144772 11686797 |     8785     5789     42 |        0 |       633       908 |
|     26988 |    2855   145107 11692480 |    11201     5389     32 |        0 |       743      1243 |
|     40659 |    2855   145804 11701988 |    13604     7263     38 |        0 |       906      1940 |
|     61724 |    2855   147408 11725650 |    16010    14134     51 |        0 |      1404      3544 |
|     92389 |    2855   148881 11754684 |    19617    19006     69 |        0 |      1835      5017 |
|    137071 |    2855   149774 11770164 |    24410    20881     59 |        0 |      2383      5910 |
|    205457 |    2855   152476 11821845 |    30420    22277     50 |        0 |      3308      8612 |
|    308771 |    2855   157264 11895076 |    37620    25391     46 |        0 |      4608     13400 |
|    489374 |    2855   190078 12561428 |    47214    38788     58 |        0 |      8494     46214 |
|    749311 |    2855   228332 13294803 |    59221    35732     32 |        0 |     14782     84468 |
|   1339534 |    2834   344920 13698476 |    79589    41123     28 |        0 |     40154    342166 |
=====================================================================================================
Number of solutions   : 0
Canonical subgraphs   : 49414          (78 /sec)
          order  3    : 1              (142857 /sec)
          order  4    : 1              (333333 /sec)
          order  5    : 1              (142857 /sec)
          order  6    : 1              (32258 /sec)
          order  7    : 2              (7663 /sec)
          order  8    : 6              (2094 /sec)
          order  9    : 22             (741 /sec)
          order 10    : 92             (237 /sec)
          order 11    : 394            (110 /sec)
          order 12    : 2165           (90 /sec)
          order 13    : 16768          (83 /sec)
          order 14    : 23740          (78 /sec)
          order 15    : 5219           (68 /sec)
          order 16    : 967            (46 /sec)
          order 17    : 17             (53 /sec)
          order 18    : 6              (78 /sec)
          order 19    : 6              (74 /sec)
          order 20    : 6              (69 /sec)
          order 21    : 0              (-nan /sec)
Noncanonical subgraphs: 419492         (595 /sec)
          order  3    : 0              (-nan /sec)
          order  4    : 0              (-nan /sec)
          order  5    : 0              (-nan /sec)
          order  6    : 0              (-nan /sec)
          order  7    : 0              (-nan /sec)
          order  8    : 0              (-nan /sec)
          order  9    : 0              (-nan /sec)
          order 10    : 0              (-nan /sec)
          order 11    : 0              (-nan /sec)
          order 12    : 0              (-nan /sec)
          order 13    : 34197          (3951 /sec)
          order 14    : 376280         (555 /sec)
          order 15    : 8414           (537 /sec)
          order 16    : 595            (219 /sec)
          order 17    : 0              (-nan /sec)
          order 18    : 0              (-nan /sec)
          order 19    : 0              (-nan /sec)
          order 20    : 0              (-nan /sec)
Canonicity checking   : 634.054 s
Noncanonicity checking: 704.614 s
Total canonicity time : 1338.67 s
database reductions   : 68
restarts              : 3067
conflicts             : 1545272        (893 /sec)
decisions             : 2256072        (0.00 % random) (1304 /sec)
propagations          : 73620238       (42559 /sec)
conflict literals     : 120493229      (54.25 % deleted)
actual reward         : 0.229090
Memory used           : 248.00 MB
CPU time              : 1729.82 s

UNSATISFIABLE
