c --- [ banner ] -------------------------------------------------------------
c 
c CaDiCaL Radically Simplified CDCL SAT Solver
c Copyright (c) 2016-2021 A. Biere, M. Fleury, N. Froleyks
c 
c Version 1.5.2 ca9bff05c11bde5eae4912f9932871d1527e61d8
c g++ (GCC) 9.3.0 -Wall -Wextra -O3 -DNDEBUG
c Sun May 1 02:23:23 EDT 2022 Linux gra-login1 3.10.0-1160.59.1.el7.x86_64 x86_64
c 
c --- [ limit ] --------------------------------------------------------------
c 
c setting conflict limit to 200000 conflicts (due to '200000')
c 
c --- [ parsing input ] ------------------------------------------------------
c 
c reading DIMACS file from '12.cubes293.adj'
c opening file to read '12.cubes293.adj'
c found 'p cnf 5320 924210' header
c parsed 924210 clauses in 8.70 seconds process time
c closing file '12.cubes293.adj'
c after reading 686668116 bytes 654.9 MB
c 
c --- [ options ] ------------------------------------------------------------
c 
c all options are set to their default value
c 
c --- [ solving ] ------------------------------------------------------------
c 
c time measured in process time since initialization
c 
c  seconds   reductions  redundant  irredundant
c          MB    restarts       trail      variables
c           level   conflicts       glue        remaining
c 
c *  8.70 689  0 0   0    0    0  0% 0 923580 4065 76%
c {  9.35 717  0 0   0    0    0  0% 0 923580 4065 76%
c i  9.76 723 112 0   0    8    6 38% 2 923580 4050 76%
c i  9.76 723 108 0   0    9    6 37% 1 923580 4046 76%
c i 10.31 736 48 0   9   68   52 37% 4 923580 4021 76%
c i 10.31 736 47 0   9   69   52 37% 4 923580 4013 75%
c - 12.72 724 17 1  57  301   93 37% 7 258387 4006 75%
c i 13.61 690 25 1 105  492  169 39% 11 258387 4005 75%
c i 13.63 690 25 1 106  494  170 39% 11 258387 4004 75%
c i 13.66 690 25 1 106  495  170 39% 11 258387 4003 75%
c i 13.78 690 28 1 110  508  181 39% 11 258387 4002 75%
c i 14.12 690 29 1 127  579  224 40% 11 258387 4001 75%
c i 14.15 690 29 1 128  583  227 40% 11 258387 4000 75%
c i 14.15 690 29 1 128  584  227 40% 11 258387 3999 75%
c i 14.29 690 31 1 134  606  245 40% 13 258387 3998 75%
c i 14.50 690 28 1 147  775  290 39% 12 258387 3989 75%
c } 14.57 690 24 1 147 1000  321 39% 11 258387 3989 75%
c [ 14.57 690  0 1 147 1000  321  0% 0 258387 3989 75%
c O 14.57 690  3 1 147 1002  323 35% 3 258387 3989 75%
c i 14.57 690  2 1 147 1005  323 32% 2 258387 3890 73%
c 
c  seconds   reductions  redundant  irredundant
c          MB    restarts       trail      variables
c           level   conflicts       glue        remaining
c 
c i 14.65 690  9 1 147 1012  329 38% 3 258387 3889 73%
c i 14.66 690 11 1 147 1017  333 43% 4 258387 3888 73%
c i 14.67 690 13 1 147 1021  336 44% 7 258387 3887 73%
c i 14.67 690 12 1 147 1022  336 44% 6 258387 3886 73%
c i 14.67 690 12 1 147 1026  338 45% 6 258387 3885 73%
c i 14.72 690 16 1 147 1040  348 49% 9 258387 3884 73%
c i 14.74 690 17 1 147 1053  359 50% 11 258387 3883 73%
c i 14.75 690 17 1 147 1065  369 50% 12 258387 3882 73%
c i 14.79 690 18 1 147 1092  395 52% 13 258387 3881 73%
c i 14.80 690 18 1 147 1095  397 52% 13 258387 3880 73%
c i 14.82 690 18 1 147 1104  402 52% 13 258387 3879 73%
c - 15.30 771 19 2 147 1148  369 52% 14 255670 3879 73%
c i 15.34 751 19 2 147 1157  377 53% 14 255670 3878 73%
c i 15.50 750 19 2 147 1435  548 54% 15 255670 3877 73%
c i 15.50 750 19 2 147 1442  553 54% 15 255670 3876 73%
c i 15.50 750 19 2 147 1450  560 54% 15 255670 3875 73%
c i 15.51 750 19 2 147 1474  575 54% 16 255670 3874 73%
c i 15.53 750 19 2 147 1520  606 54% 16 255670 3873 73%
c i 15.54 750 19 2 147 1533  616 54% 16 255670 3872 73%
c i 15.55 750 19 2 147 1560  627 54% 16 255670 3871 73%
c 
c  seconds   reductions  redundant   irredundant
c          MB    restarts       trail       variables
c           level   conflicts       glue         remaining
c 
c i 15.57 750 19 2 147 1603  654 54% 15 255670 3870 73%
c i 15.58 750 19 2 147 1640  676 54% 15 255670 3869 73%
c i 15.62 750 19 2 147 1758  748 54% 16 255670 3868 73%
c i 15.62 750 19 2 147 1777  755 54% 15 255670 3867 73%
c i 15.63 750 19 2 147 1803  776 54% 15 255670 3866 73%
c i 15.67 750 19 2 147 1896  828 54% 15 255670 3865 73%
c i 15.70 750 19 2 147 1997  882 54% 16 255670 3864 73%
c i 15.71 750 19 2 147 2039  903 54% 15 255670 3863 73%
c i 15.72 750 19 2 148 2089  942 54% 16 255670 3862 73%
c i 15.73 750 19 2 148 2099  950 54% 16 255670 3861 73%
c - 16.00 747 19 3 148 2414  995 54% 16 255617 3861 73%
c i 16.32 747 20 3 148 2681 1161 37% 16 255617 3860 73%
c i 16.35 747 20 3 148 2732 1206 37% 17 255617 3859 73%
c ] 16.47 748 21 3 148 3002 1406 37% 17 255617 3859 73%
c { 16.47 748 24 3 148 3002 1406 53% 11 255617 3859 73%
c F 16.47 748 24 3 148 3003 1407 53% 11 255617 3859 73%
c i 16.55 748 22 3 148 3184 1438 48% 10 255617 3858 73%
c i 16.55 747 22 3 148 3191 1443 48% 10 255617 3857 72%
c i 16.64 747 23 3 154 3220 1468 47% 10 255617 3856 72%
c i 16.64 747 23 3 155 3223 1470 47% 10 255617 3855 72%
c 
c  seconds   reductions  redundant   irredundant
c          MB    restarts       trail       variables
c           level   conflicts       glue         remaining
c 
c i 16.66 747 23 3 161 3243 1488 47% 11 255617 3854 72%
c i 16.67 747 24 3 161 3250 1488 47% 11 255617 3847 72%
c i 16.78 747 26 3 179 3314 1530 46% 11 255617 3828 72%
c i 16.86 747 25 3 182 3403 1601 45% 11 255617 3827 72%
c i 16.86 747 25 3 182 3409 1606 45% 11 255617 3826 72%
c i 17.44 747 28 3 231 3698 1819 41% 12 255617 3825 72%
c i 17.54 747 29 3 256 3891 1920 39% 13 255617 3824 72%
c i 17.58 747 30 3 262 3918 1946 39% 13 255617 3823 72%
c i 17.59 747 30 3 264 3924 1951 39% 13 255617 3822 72%
c i 17.61 747 31 3 273 3953 1971 39% 13 255617 3821 72%
c i 17.72 747 31 3 297 4039 2019 38% 13 255617 3820 72%
c i 17.73 747 31 3 299 4047 2026 38% 13 255617 3819 72%
c i 17.73 747 31 3 300 4050 2028 38% 13 255617 3818 72%
c i 17.73 747 31 3 300 4054 2030 38% 13 255617 3817 72%
c - 18.04 743 32 4 312 4103 1546 38% 14 255326 3817 72%
c i 18.50 743 31 4 334 4310 1720 37% 14 255326 3816 72%
c d 19.94 743 33 4 443 5000 2141 35% 15 245668 3804 72%
c 2 20.01 743 33 4 443 5000 3509 35% 15 245597 3804 72%
c p 21.97 743 33 4 443 5000 9019 35% 15 245597 3775 71%
c d 22.17 743 33 4 443 5000 8369 35% 15 245509 3773 71%
c 
c  seconds   reductions  redundant   irredundant
c          MB    restarts       trail       variables
c           level   conflicts       glue         remaining
c 
c # 23.98 743 34 4 590 6004 9099 33% 16 245509 3773 71%
c - 24.45 740 34 5 602 6213 2382 33% 16 245509 3773 71%
c } 25.10 740 32 5 658 7004 2920 33% 16 245509 3773 71%
c [ 25.10 740 21 5 658 7004 2920 37% 17 245509 3773 71%
c - 25.76 740 17 6 659 8716 2708 35% 14 245509 3773 71%
c I 26.22 740 16 6 660 10005 3418 34% 13 245509 3773 71%
c - 27.18 740 19 7 662 11635 3523 35% 15 245509 3773 71%
c - 28.17 740 24 8 663 14975 4291 36% 20 245509 3773 71%
c 2 28.25 740 24 8 663 15003 5501 36% 20 245508 3773 71%
c p 28.75 740 24 8 663 15003 10635 36% 20 245508 3773 71%
c ] 28.80 740 24 8 663 15007 10638 36% 20 245508 3773 71%
c { 28.80 740 32 8 663 15007 10638 33% 16 245508 3773 71%
c B 28.81 740 32 8 663 15008 10639 33% 16 245508 3773 71%
c s 29.61 740 31 8 727 15658 10790 33% 16 242182 3773 71%
c v 31.53 740 31 8 727 15658 10790 33% 16 242051 3773 71%
c t 31.62 740 31 8 727 15658 10770 33% 16 242006 3773 71%
c e 32.21 741 31 8 727 15658 5605 33% 16 236603 848 16%
c s 32.34 741 31 8 727 15658 5600 33% 16 236301 848 16%
c - 37.12 741 28 9 939 18729 4732 62% 16 236301 848 16%
c W 39.13 741 28 9 1178 21011 6265 62% 16 236301 848 16%
c 
c  seconds   reductions     redundant   irredundant
c          MB     restarts         trail       variables
c           level      conflicts       glue        remaining
c 
c - 40.34 671 27 10 1262 22849 5275 62% 16 236301 848 16%
c - 42.39 741 23 11 1306 27381 5452 62% 14 236301 848 16%
c F 43.52 741 24 11 1424 28012 5976 62% 15 236301 848 16%
c 2 45.29 741 24 11 1570 30005 8166 62% 15 236300 848 16%
c p 45.78 741 24 11 1570 30005 9913 62% 15 236300 847 16%
c } 46.47 741 23 11 1582 31010 10526 62% 15 236300 847 16%
c [ 46.47 741 24 11 1582 31010 10526 165% 20 236300 847 16%
c - 47.11 671 23 12 1582 32326 6856 150% 19 236297 847 16%
c B 48.55 671 22 12 1585 36013 8916 125% 18 236297 847 16%
c - 49.60 671 23 13 1586 37684 7114 119% 19 236297 847 16%
c - 52.48 671 24 14 1589 43453 8145 103% 20 236297 847 16%
c W 54.28 671 25 14 1589 45014 9264 101% 21 236297 847 16%
c s 56.05 671 25 14 1590 48148 11461 96% 21 235653 847 16%
c v 57.67 671 25 14 1590 48148 11461 96% 21 235609 847 16%
c t 57.76 671 25 14 1590 48148 11461 96% 21 235608 847 16%
c e 58.31 671 25 14 1590 48148 11461 96% 21 235607 846 16%
c s 58.46 671 25 14 1590 48148 11460 96% 21 235122 846 16%
c - 60.06 671 25 15 1590 49636 8590 94% 21 235122 846 16%
c p 60.57 671 25 15 1590 50005 11454 94% 21 235122 846 16%
c O 62.78 671 25 15 1591 55015 14799 89% 21 235122 846 16%
c 
c  seconds   reductions     redundant   irredundant
c          MB     restarts         trail       variables
c           level      conflicts       glue        remaining
c 
c - 63.52 671 24 16 1592 56220 9174 88% 21 235122 846 16%
c ] 66.21 671 24 16 1597 63013 13713 84% 21 235122 846 16%
c { 66.21 671 23 16 1597 63013 13713 62% 15 235122 846 16%
c - 66.39 671 23 17 1611 63218 9703 62% 15 235122 846 16%
c B 68.95 671 24 17 1872 66016 11610 62% 15 235122 846 16%
c - 72.20 671 23 18 2122 70624 9814 63% 15 235122 846 16%
c p 77.62 671 23 18 2475 75005 15582 63% 15 235122 846 16%
c } 79.41 671 23 18 2699 76940 16920 63% 15 235122 846 16%
c 1 79.41 671 23 18 2699 76940 16920 63% 15 235122 846 16%
c 
c --- [ writing output ] -----------------------------------------------------
c 
c writing simplified CNF to DIMACS file 'simp/12.cubes293.adj.simp1'
c * 79.41 671 23 18 2699 76940 16920 63% 15 235122 846 16%
c opening file to write 'simp/12.cubes293.adj.simp1'
c writing 'p cnf 5320 235122' header
c closing file 'simp/12.cubes293.adj.simp1'
c after writing 72359079 bytes 69.0 MB
c wrote 235122 clauses in 0.56 seconds process time
c 
c --- [ writing extension ] --------------------------------------------------
c 
c writing extension stack to 'simp/12.cubes293.adj.ext1'
c opening file to write 'simp/12.cubes293.adj.ext1'
c closing file 'simp/12.cubes293.adj.ext1'
c after writing 174369 bytes 0.2 MB
c wrote 7821 witnesses in 0.00 seconds process time
c 
c --- [ result ] -------------------------------------------------------------
c 
s SATISFIABLE
c 
c --- [ run-time profiling ] -------------------------------------------------
c 
c process time taken by individual solving procedures
c (percentage relative to process time for solving)
c 
c        59.82   84.60% search
c        37.60   53.18% unstable
c        20.57   29.10% stable
c        10.89   15.40% simplify
c         8.70   12.31% parse
c         3.71    5.25% probe
c         3.67    5.19% vivify
c         2.10    2.97% elim
c         1.00    1.41% walk
c         0.65    0.91% lucky
c         0.54    0.77% subsume
c         0.17    0.24% ternary
c   =================================
c        70.70   88.41% solve
c 
c last line shows process time for solving
c (percentage relative to total process time)
c 
c --- [ statistics ] ---------------------------------------------------------
c 
c chronological:             14322        18.61 %  of conflicts
c conflicts:                 76940      1088.20    per second
c decisions:                180048      2546.50    per second
c eliminated:                 2926        55.00 %  of all variables
c fixed:                      1534        28.83 %  of all variables
c learned:                   75289        97.85 %  per conflict
c learned_lits:           10500645       100.00 %  learned literals
c minimized:                     0         0.00 %  learned literals
c shrunken:                5708803        54.37 %  learned literals
c minishrunken:            1053514        10.03 %  learned literals
c propagations:            7615610         0.11 M  per second
c reduced:                   35881        46.64 %  per conflict
c rephased:                     11      6994.55    interval
c restarts:                   2699        28.51    interval
c stabilizing:                   3        54.60 %  of conflicts
c substituted:                  14         0.26 %  of all variables
c subsumed:                  30040         1.33 %  of all clauses
c strengthened:              31818         1.41 %  of all clauses
c ternary:                    4729         0.61 %  of resolved
c vivified:                    182         0.01 %  of all clauses
c walked:                        2     38470.00    interval
c weakened:                   6287         2.99    average size
c 
c seconds are measured in process time for solving
c 
c --- [ resources ] ----------------------------------------------------------
c 
c total process time since initialization:        79.97    seconds
c total real time since initialization:           80.02    seconds
c maximum resident set size of process:          828.01    MB
c 
c --- [ shutting down ] ------------------------------------------------------
c 
c exit 10
WARNING! DIMACS header mismatch: wrong number of variables.
============================[ Problem Statistics ]=============================
|                                                                             |
|  Number of variables:          3389                                         |
|  Number of clauses:          235124                                         |
|  Parse time:                   1.01 s                                       |
|  Simplification time:          0.02 s                                       |
|                                                                             |
============================[ Search Statistics ]====================================================
| Conflicts |          ORIGINAL         |          LEARNT          | Num Sols |      SUBGRAPHS      |
|           |    Vars  Clauses Literals |    Limit  Clauses Lit/Cl |          | Canonical Noncanon. |
=====================================================================================================
|       100 |    3303   235124 16926464 |     2000      100     66 |        0 |        14         0 |
|       252 |    3303   235126 16926560 |     2000      252     98 |        0 |        23         2 |
|       478 |    3303   235127 16926588 |     2000      478     98 |        0 |        26         3 |
|       819 |    3303   235131 16926759 |     2000      819     89 |        0 |        48         7 |
|      1372 |    3303   235178 16928072 |     2000     1372     82 |        0 |        75        54 |
|      2200 |    3303   235247 16929685 |     3600     1200     46 |        0 |       148       123 |
|      3378 |    3303   235286 16930548 |     3600     2378     61 |        0 |       174       162 |
|      5129 |    3303   235329 16931618 |     5003     2332     52 |        0 |       207       205 |
|      7800 |    3303   235438 16933724 |     5003     5003     65 |        0 |       315       314 |
|     12137 |    3303   235931 16943372 |     7559     3696     23 |        0 |       616       807 |
|     19440 |    3303   237468 16968924 |     8780     7220     34 |        0 |      1084      2344 |
|     29304 |    3303   238683 16989301 |    11205     7709     39 |        0 |      1477      3559 |
|     44239 |    3303   240644 17018761 |    13616    10855     41 |        0 |      2134      5520 |
|     67943 |    3303   244887 17086060 |    17212    12355     42 |        0 |      3020      9763 |
|    101297 |    3303   249049 17149477 |    20810    18107     47 |        0 |      4146     13925 |
|    154077 |    3303   258040 17290001 |    26811    12888     17 |        0 |      5960     22916 |
|    232450 |    3303   270729 17470993 |    32810    18260     22 |        0 |      8832     35605 |
|    364282 |    3302   244822 14573694 |    39442    20924     26 |        0 |     14007     68911 |
=====================================================================================================
Number of solutions   : 0
Canonical subgraphs   : 18169          (185 /sec)
          order  3    : 1              (166667 /sec)
          order  4    : 1              (500000 /sec)
          order  5    : 1              (250000 /sec)
          order  6    : 1              (52632 /sec)
          order  7    : 2              (10417 /sec)
          order  8    : 6              (2616 /sec)
          order  9    : 26             (858 /sec)
          order 10    : 184            (533 /sec)
          order 11    : 993            (307 /sec)
          order 12    : 3850           (210 /sec)
          order 13    : 7250           (191 /sec)
          order 14    : 4567           (167 /sec)
          order 15    : 1045           (118 /sec)
          order 16    : 150            (95 /sec)
          order 17    : 26             (124 /sec)
          order 18    : 22             (140 /sec)
          order 19    : 22             (132 /sec)
          order 20    : 22             (125 /sec)
          order 21    : 0              (-nan /sec)
Noncanonical subgraphs: 85846          (1333 /sec)
          order  3    : 0              (-nan /sec)
          order  4    : 0              (-nan /sec)
          order  5    : 0              (-nan /sec)
          order  6    : 0              (-nan /sec)
          order  7    : 0              (-nan /sec)
          order  8    : 0              (-nan /sec)
          order  9    : 0              (-nan /sec)
          order 10    : 0              (-nan /sec)
          order 11    : 0              (-nan /sec)
          order 12    : 0              (-nan /sec)
          order 13    : 73108          (1336 /sec)
          order 14    : 11420          (1541 /sec)
          order 15    : 1294           (620 /sec)
          order 16    : 2              (2628 /sec)
          order 17    : 0              (-nan /sec)
          order 18    : 0              (-nan /sec)
          order 19    : 0              (-nan /sec)
          order 20    : 0              (-nan /sec)
Canonicity checking   : 98.4443 s
Noncanonicity checking: 64.3897 s
Total canonicity time : 162.834 s
database reductions   : 35
restarts              : 1022
conflicts             : 443654         (1572 /sec)
decisions             : 659145         (0.00 % random) (2336 /sec)
propagations          : 23054031       (81699 /sec)
conflict literals     : 31869833       (52.04 % deleted)
actual reward         : 0.225779
Memory used           : 237.00 MB
CPU time              : 282.182 s

UNSATISFIABLE
