c --- [ banner ] -------------------------------------------------------------
c 
c CaDiCaL Radically Simplified CDCL SAT Solver
c Copyright (c) 2016-2021 A. Biere, M. Fleury, N. Froleyks
c 
c Version 1.5.2 ca9bff05c11bde5eae4912f9932871d1527e61d8
c g++ (GCC) 9.3.0 -Wall -Wextra -O3 -DNDEBUG
c Sun May 1 02:23:23 EDT 2022 Linux gra-login1 3.10.0-1160.59.1.el7.x86_64 x86_64
c 
c --- [ limit ] --------------------------------------------------------------
c 
c setting conflict limit to 200000 conflicts (due to '200000')
c 
c --- [ parsing input ] ------------------------------------------------------
c 
c reading DIMACS file from '12.cubes508.adj'
c opening file to read '12.cubes508.adj'
c found 'p cnf 5320 924208' header
c parsed 924208 clauses in 8.38 seconds process time
c closing file '12.cubes508.adj'
c after reading 686668102 bytes 654.9 MB
c 
c --- [ options ] ------------------------------------------------------------
c 
c all options are set to their default value
c 
c --- [ solving ] ------------------------------------------------------------
c 
c time measured in process time since initialization
c 
c  seconds   reductions  redundant  irredundant
c          MB    restarts       trail      variables
c           level   conflicts       glue        remaining
c 
c *  8.38 691  0 0   0    0    0  0% 0 923580 3942 74%
c {  8.78 710  0 0   0    0    0  0% 0 923580 3942 74%
c i  8.82 711  1 0   0    1    0 32% 0 923580 3916 74%
c i  9.59 734 72 0   1   21   19 52% 11 923580 3915 74%
c i 10.15 740 43 0   5   77   67 49% 13 923580 3914 74%
c i 10.75 743 44 0   6  123  103 48% 13 923580 3913 74%
c i 10.86 744 44 0   7  128  106 48% 14 923580 3912 74%
c i 10.86 744 44 0   7  129  106 48% 13 923580 3911 74%
c i 10.90 744 44 0   7  134  109 48% 13 923580 3910 73%
c i 11.25 746 43 0  13  177  145 48% 15 923580 3909 73%
c i 11.40 747 42 0  19  211  176 50% 16 923580 3908 73%
c i 11.43 747 42 0  21  215  178 50% 16 923580 3907 73%
c - 13.81 689 37 1  30  300  238 48% 15 140937 3907 73%
c i 13.89 689 35 1  30  322  253 47% 14 140937 3906 73%
c i 13.93 689 35 1  30  331  261 47% 14 140937 3905 73%
c i 14.00 689 36 1  32  348  275 48% 15 140937 3904 73%
c i 14.01 689 36 1  33  351  277 48% 15 140937 3903 73%
c i 14.18 689 33 1  39  440  317 46% 14 140937 3902 73%
c i 14.22 689 33 1  39  451  325 46% 14 140937 3901 73%
c i 14.23 689 34 1  39  457  330 46% 14 140937 3900 73%
c 
c  seconds   reductions  redundant   irredundant
c          MB    restarts       trail       variables
c           level   conflicts       glue         remaining
c 
c i 14.24 689 34 1  39  461  333 46% 14 140937 3899 73%
c i 14.29 689 35 1  40  471  341 46% 15 140937 3898 73%
c i 14.34 689 36 1  44  484  350 46% 15 140937 3897 73%
c i 14.37 689 37 1  46  493  356 47% 16 140937 3896 73%
c i 14.38 689 38 1  47  495  357 46% 16 140937 3895 73%
c i 14.40 689 40 1  50  517  371 46% 17 140937 3894 73%
c i 14.44 689 41 1  53  525  378 47% 17 140937 3889 73%
c i 14.55 689 43 1  62  566  414 47% 18 140937 3881 73%
c i 14.60 689 44 1  66  578  424 47% 19 140937 3880 73%
c i 14.61 689 45 1  66  582  426 47% 19 140937 3878 73%
c i 14.72 689 46 1  73  604  447 47% 19 140937 3877 73%
c i 14.72 689 45 1  74  606  448 47% 19 140937 3876 73%
c i 14.72 689 45 1  74  607  448 47% 19 140937 3875 73%
c i 14.72 689 45 1  75  608  448 47% 18 140937 3874 73%
c i 14.74 689 45 1  79  626  456 47% 18 140937 3873 73%
c i 14.74 689 45 1  79  627  456 47% 18 140937 3872 73%
c i 14.80 689 44 1  79  648  471 47% 18 140937 3871 73%
c i 14.83 689 44 1  79  662  483 47% 18 140937 3870 73%
c i 14.85 689 44 1  79  666  486 47% 18 140937 3869 73%
c i 14.91 689 44 1  79  688  507 47% 18 140937 3868 73%
c 
c  seconds   reductions  redundant   irredundant
c          MB    restarts       trail       variables
c           level   conflicts       glue         remaining
c 
c i 14.91 689 44 1  79  689  507 47% 18 140937 3867 73%
c i 14.91 689 44 1  79  690  507 47% 18 140937 3866 73%
c i 14.95 689 44 1  79  705  519 47% 18 140937 3865 73%
c i 14.96 689 44 1  79  715  523 47% 18 140937 3864 73%
c i 15.02 689 44 1  83  737  535 47% 18 140937 3753 71%
c i 15.17 690 41 1  83  812  577 47% 17 140937 3752 71%
c i 15.20 690 41 1  83  820  583 47% 17 140937 3751 71%
c i 15.20 690 41 1  83  821  583 47% 17 140937 3750 70%
c i 15.20 690 41 1  83  823  584 47% 17 140937 3749 70%
c i 15.26 690 40 1  83  867  615 47% 17 140937 3748 70%
c i 15.38 690 41 1  97  951  670 48% 18 140937 3747 70%
c i 15.40 690 41 1  99  962  678 48% 19 140937 3746 70%
c i 15.42 690 41 1 103  982  690 48% 19 140937 3745 70%
c - 15.67 720 41 2 106  994  589 48% 19 97720 3745 70%
c } 15.69 720 41 2 107 1000  595 48% 19 97720 3745 70%
c [ 15.69 720  0 2 107 1000  595  0% 0 97720 3745 70%
c O 15.69 720 10 2 107 1005  600 42% 6 97720 3745 70%
c i 15.70 720  7 2 107 1007  600 39% 5 97720 3692 69%
c i 15.70 720  6 2 107 1008  600 38% 4 97720 3674 69%
c i 15.70 720  5 2 107 1016  602 38% 3 97720 3655 69%
c 
c  seconds   reductions  redundant  irredundant
c          MB    restarts       trail     variables
c           level   conflicts       glue       remaining
c 
c i 15.75 720  6 2 107 1040  609 42% 4 97720 3654 69%
c i 15.76 720  7 2 107 1044  612 43% 5 97720 3653 69%
c i 15.81 720  9 2 107 1090  634 51% 7 97720 3652 69%
c i 15.82 720 10 2 107 1104  639 52% 8 97720 3651 69%
c i 15.84 720 11 2 107 1169  672 54% 9 97720 3650 69%
c i 15.85 720 11 2 107 1182  681 54% 9 97720 3649 69%
c i 15.85 720 11 2 107 1187  685 54% 9 97720 3648 69%
c i 15.85 720 11 2 107 1192  683 54% 9 97720 3647 69%
c i 15.87 720 11 2 107 1242  718 55% 9 97720 3646 69%
c i 15.89 720 12 2 107 1258  729 55% 9 97720 3645 69%
c i 15.93 720 14 2 107 1317  771 55% 11 97720 3644 68%
c i 16.01 720 15 2 107 1505  880 55% 12 97720 3643 68%
c i 16.08 720 15 2 107 1627  940 55% 11 97720 3642 68%
c i 16.08 720 15 2 107 1628  940 55% 11 97720 3641 68%
c - 16.37 716 15 3 107 1895  842 55% 12 96575 3641 68%
c i 16.41 716 16 3 107 1904  847 55% 12 96575 3640 68%
c i 16.66 716 16 3 108 2100  973 55% 12 96575 3639 68%
c i 16.73 716 16 3 108 2182 1015 54% 12 96575 3638 68%
c i 17.12 716 15 3 108 2779 1359 54% 12 96575 3637 68%
c ] 17.21 716 15 3 108 3005 1461 54% 12 96575 3637 68%
c 
c  seconds   reductions  redundant   irredundant
c          MB    restarts       trail      variables
c           level   conflicts       glue        remaining
c 
c { 17.21 716 41 3 108 3005 1461 48% 19 96575 3637 68%
c F 17.29 690 41 3 109 3006 1460 19% 19 96563 3637 68%
c i 17.39 690 39 3 109 3094 1521 29% 18 96563 3636 68%
c - 17.44 690 39 4 109 3097 1192 29% 18 96560 3636 68%
c i 17.44 690 39 4 109 3104 1197 30% 18 96560 3635 68%
c i 18.20 690 31 4 130 3987 1830 30% 16 96560 3634 68%
c - 18.60 690 27 5 130 4597 1660 31% 14 96554 3634 68%
c d 18.92 690 26 5 144 5000 1964 32% 14 92805 3624 68%
c 3 18.93 690 26 5 144 5000 3441 32% 14 92805 3624 68%
c 2 18.96 690 26 5 144 5000 3628 32% 14 92741 3617 68%
c p 21.28 690 26 5 144 5000 12175 32% 14 92741 3485 66%
c d 21.36 690 26 5 144 5000 10545 32% 14 57818 3481 65%
c # 22.13 690 23 5 169 6007 11179 32% 13 57818 3481 65%
c - 22.31 690 22 6 169 6397 2595 32% 13 57818 3481 65%
c } 22.50 690 21 6 169 7005 2939 32% 12 57818 3481 65%
c [ 22.50 690 15 6 169 7005 2939 79% 12 57818 3481 65%
c - 23.35 690 16 7 170 8497 2816 59% 13 57818 3481 65%
c I 24.53 690 16 7 171 10008 3601 51% 13 57818 3481 65%
c - 25.45 690 17 8 172 10899 3243 48% 14 57818 3481 65%
c - 27.68 690 19 9 174 13600 3601 42% 15 57818 3481 65%
c 
c  seconds   reductions   redundant   irredundant
c          MB    restarts        trail      variables
c           level    conflicts       glue        remaining
c 
c 2 28.73 690 19 9 174 15003 6215 41% 15 57812 3481 65%
c p 29.95 690 19 9 174 15003 14875 41% 15 57812 3459 65%
c d 30.01 690 19 9 174 15003 14075 41% 15 51212 3452 65%
c ] 30.04 690 19 9 174 15005 14077 41% 15 51212 3452 65%
c { 30.04 690 21 9 174 15005 14077 32% 12 51212 3452 65%
c B 30.05 690 21 9 174 15009 14081 32% 12 51212 3452 65%
c s 30.50 690 20 9 217 15745 13823 32% 12 48569 3452 65%
c v 30.70 690 20 9 217 15745 13823 32% 12 48516 3452 65%
c t 30.73 690 20 9 217 15745 13697 32% 12 48443 3452 65%
c e 30.80 691 20 9 217 15745 5003 32% 12 42747 392  7%
c s 30.88 691 20 9 217 15745 5003 32% 12 41395 392  7%
c - 31.33 691 19 10 257 16603 3518 81% 12 41395 392  7%
c - 32.70 691 17 11 381 19903 4057 81% 12 41395 392  7%
c W 33.03 691 17 11 398 21010 4631 82% 11 41395 392  7%
c - 34.10 691 16 12 493 23503 4599 82% 11 41395 392  7%
c i 34.60 691 16 12 517 24793 5155 82% 11 41395 365  7%
c i 34.70 691 16 12 524 24978 5239 82% 11 41395 364  7%
c i 34.85 691 15 12 524 25487 5437 82% 11 41395 356  7%
c - 35.46 691 15 13 587 27404 2579 82% 11 33516 356  7%
c i 35.53 691 15 13 587 27572 2665 82% 11 33516 348  7%
c 
c  seconds   reductions    redundant   irredundant
c          MB     restarts        trail      variables
c           level     conflicts       glue       remaining
c 
c i 35.56 691 15 13 587 27643 2697 82% 11 33516 347  7%
c F 35.62 691 15 13 592 28013 2928 82% 11 33516 347  7%
c i 35.89 691 14 13 642 29976 3970 82% 11 33516 320  6%
c d 35.93 691 14 13 642 30003 2013 82% 11 26176 316  6%
c d 35.95 691 14 13 642 30003 1958 82% 11 21321 312  6%
c 3 35.95 691 14 13 642 30003 2137 82% 11 21321 312  6%
c d 35.96 691 14 13 642 30003 1931 82% 11 20326 310  6%
c 2 35.96 691 14 13 642 30003 1908 82% 11 20319 255  5%
c p 35.98 691 14 13 642 30003 2244 82% 11 20319  49  1%
c } 35.98 691 14 13 642 30003 2244 82% 11 20319  49  1%
c 0 35.98 691 14 13 642 30003 2244 82% 11 20319  49  1%
c 
c --- [ writing output ] -----------------------------------------------------
c 
c writing simplified CNF to DIMACS file 'simp/12.cubes508.adj.simp1'
c * 35.98 691 14 13 642 30003 2244 82% 11 20319  49  1%
c opening file to write 'simp/12.cubes508.adj.simp1'
c writing 'p cnf 5320 1' header
c closing file 'simp/12.cubes508.adj.simp1'
c after writing 15 bytes 0.0 MB
c wrote 1 clauses in 0.00 seconds process time
c 
c --- [ writing extension ] --------------------------------------------------
c 
c writing extension stack to 'simp/12.cubes508.adj.ext1'
c opening file to write 'simp/12.cubes508.adj.ext1'
c closing file 'simp/12.cubes508.adj.ext1'
c after writing 0 bytes 0.0 MB
c wrote 0 witnesses in 0.00 seconds process time
c 
c --- [ result ] -------------------------------------------------------------
c 
s UNSATISFIABLE
c 
c --- [ run-time profiling ] -------------------------------------------------
c 
c process time taken by individual solving procedures
c (percentage relative to process time for solving)
c 
c        23.16   83.91% search
c        14.96   54.20% unstable
c         8.38   30.38% parse
c         7.75   28.07% stable
c         4.44   16.09% simplify
c         3.57   12.93% probe
c         0.39    1.42% lucky
c         0.22    0.79% vivify
c         0.14    0.51% subsume
c         0.13    0.47% elim
c         0.06    0.22% walk
c         0.05    0.17% ternary
c   =================================
c        27.60   76.70% solve
c 
c last line shows process time for solving
c (percentage relative to total process time)
c 
c --- [ statistics ] ---------------------------------------------------------
c 
c chronological:              6281        20.93 %  of conflicts
c conflicts:                 30003      1087.12    per second
c decisions:                 55622      2015.39    per second
c eliminated:                 3060        57.52 %  of all variables
c fixed:                      2180        40.98 %  of all variables
c learned:                   29278        97.58 %  per conflict
c learned_lits:            2663773       100.00 %  learned literals
c minimized:                     0         0.00 %  learned literals
c shrunken:                1847339        69.35 %  learned literals
c minishrunken:             147613         5.54 %  learned literals
c propagations:            4348050         0.16 M  per second
c reduced:                    8706        29.02 %  per conflict
c rephased:                      7      4286.14    interval
c restarts:                    642        46.73    interval
c stabilizing:                   2        33.35 %  of conflicts
c substituted:                  31         0.58 %  of all variables
c subsumed:                  17148         0.85 %  of all clauses
c strengthened:               7362         0.36 %  of all clauses
c ternary:                    3727         0.59 %  of resolved
c vivified:                    100         0.00 %  of all clauses
c walked:                        1     30003.00    interval
c weakened:                   6051         2.84    average size
c 
c seconds are measured in process time for solving
c 
c --- [ resources ] ----------------------------------------------------------
c 
c total process time since initialization:        35.98    seconds
c total real time since initialization:           36.13    seconds
c maximum resident set size of process:          747.50    MB
c 
c --- [ shutting down ] ------------------------------------------------------
c 
c exit 20
WARNING! DIMACS header mismatch: wrong number of variables.
============================[ Problem Statistics ]=============================
|                                                                             |
|  Number of variables:             0                                         |
|  Number of clauses:               0                                         |
|  Parse time:                   0.00 s                                       |
|  Simplification time:          0.00 s                                       |
|                                                                             |
===============================================================================
Solved by simplification
database reductions   : 0
restarts              : 0
conflicts             : 0              (0 /sec)
decisions             : 0              (-nan % random) (0 /sec)
propagations          : 0              (0 /sec)
conflict literals     : 0              (-nan % deleted)
actual reward         : -nan
Memory used           : 5.00 MB
CPU time              : 4.8e-05 s

UNSATISFIABLE
