+ '[' -z 4312 ']'
+ f=constraints_22_11.simp-noncanon.simp
+ c=22-cubes/30.cubes
+ i=4312
+ s=70
+ adj=22-cubes/30.cubes4312.adj
+ cnf=22-cubes/30.cubes4312.cnf
+ ext=22-cubes/30.cubes4312.ext
+ cnfext=22-cubes/30.cubes4312.cnfext
+ unitlines=0
++ sed '4313q;d' 22-cubes/30.cubes
+ for b in '$(sed "$((i+1))q;d" "$c")'
+ [[ a != \a ]]
+ for b in '$(sed "$((i+1))q;d" "$c")'
+ [[ -92 != \a ]]
+ [[ -92 != \0 ]]
+ unitlines=1
+ for b in '$(sed "$((i+1))q;d" "$c")'
+ [[ -137 != \a ]]
+ [[ -137 != \0 ]]
+ unitlines=2
+ for b in '$(sed "$((i+1))q;d" "$c")'
+ [[ 122 != \a ]]
+ [[ 122 != \0 ]]
+ unitlines=3
+ for b in '$(sed "$((i+1))q;d" "$c")'
+ [[ -80 != \a ]]
+ [[ -80 != \0 ]]
+ unitlines=4
+ for b in '$(sed "$((i+1))q;d" "$c")'
+ [[ -58 != \a ]]
+ [[ -58 != \0 ]]
+ unitlines=5
+ for b in '$(sed "$((i+1))q;d" "$c")'
+ [[ -207 != \a ]]
+ [[ -207 != \0 ]]
+ unitlines=6
+ for b in '$(sed "$((i+1))q;d" "$c")'
+ [[ 154 != \a ]]
+ [[ 154 != \0 ]]
+ unitlines=7
+ for b in '$(sed "$((i+1))q;d" "$c")'
+ [[ 171 != \a ]]
+ [[ 171 != \0 ]]
+ unitlines=8
+ for b in '$(sed "$((i+1))q;d" "$c")'
+ [[ -169 != \a ]]
+ [[ -169 != \0 ]]
+ unitlines=9
+ for b in '$(sed "$((i+1))q;d" "$c")'
+ [[ -107 != \a ]]
+ [[ -107 != \0 ]]
+ unitlines=10
+ for b in '$(sed "$((i+1))q;d" "$c")'
+ [[ -153 != \a ]]
+ [[ -153 != \0 ]]
+ unitlines=11
+ for b in '$(sed "$((i+1))q;d" "$c")'
+ [[ -33 != \a ]]
+ [[ -33 != \0 ]]
+ unitlines=12
+ for b in '$(sed "$((i+1))q;d" "$c")'
+ [[ -225 != \a ]]
+ [[ -225 != \0 ]]
+ unitlines=13
+ for b in '$(sed "$((i+1))q;d" "$c")'
+ [[ 94 != \a ]]
+ [[ 94 != \0 ]]
+ unitlines=14
+ for b in '$(sed "$((i+1))q;d" "$c")'
+ [[ -224 != \a ]]
+ [[ -224 != \0 ]]
+ unitlines=15
+ for b in '$(sed "$((i+1))q;d" "$c")'
+ [[ -223 != \a ]]
+ [[ -223 != \0 ]]
+ unitlines=16
+ for b in '$(sed "$((i+1))q;d" "$c")'
+ [[ 136 != \a ]]
+ [[ 136 != \0 ]]
+ unitlines=17
+ for b in '$(sed "$((i+1))q;d" "$c")'
+ [[ -222 != \a ]]
+ [[ -222 != \0 ]]
+ unitlines=18
+ for b in '$(sed "$((i+1))q;d" "$c")'
+ [[ 0 != \a ]]
+ [[ 0 != \0 ]]
++ cut '-d ' -f3
++ head -n 1 constraints_22_11.simp-noncanon.simp
+ numvars=6160
++ cut '-d ' -f4
++ head -n 1 constraints_22_11.simp-noncanon.simp
+ numlines=1786659
+ newlines=1786677
+ echo 'p cnf 6160 1786677'
+ tail constraints_22_11.simp-noncanon.simp -n +2
++ sed '4313q;d' 22-cubes/30.cubes
+ for b in '$(sed "$((i+1))q;d" "$c")'
+ [[ a != \a ]]
+ for b in '$(sed "$((i+1))q;d" "$c")'
+ [[ -92 != \a ]]
+ [[ -92 != \0 ]]
+ echo '-92 0'
+ for b in '$(sed "$((i+1))q;d" "$c")'
+ [[ -137 != \a ]]
+ [[ -137 != \0 ]]
+ echo '-137 0'
+ for b in '$(sed "$((i+1))q;d" "$c")'
+ [[ 122 != \a ]]
+ [[ 122 != \0 ]]
+ echo '122 0'
+ for b in '$(sed "$((i+1))q;d" "$c")'
+ [[ -80 != \a ]]
+ [[ -80 != \0 ]]
+ echo '-80 0'
+ for b in '$(sed "$((i+1))q;d" "$c")'
+ [[ -58 != \a ]]
+ [[ -58 != \0 ]]
+ echo '-58 0'
+ for b in '$(sed "$((i+1))q;d" "$c")'
+ [[ -207 != \a ]]
+ [[ -207 != \0 ]]
+ echo '-207 0'
+ for b in '$(sed "$((i+1))q;d" "$c")'
+ [[ 154 != \a ]]
+ [[ 154 != \0 ]]
+ echo '154 0'
+ for b in '$(sed "$((i+1))q;d" "$c")'
+ [[ 171 != \a ]]
+ [[ 171 != \0 ]]
+ echo '171 0'
+ for b in '$(sed "$((i+1))q;d" "$c")'
+ [[ -169 != \a ]]
+ [[ -169 != \0 ]]
+ echo '-169 0'
+ for b in '$(sed "$((i+1))q;d" "$c")'
+ [[ -107 != \a ]]
+ [[ -107 != \0 ]]
+ echo '-107 0'
+ for b in '$(sed "$((i+1))q;d" "$c")'
+ [[ -153 != \a ]]
+ [[ -153 != \0 ]]
+ echo '-153 0'
+ for b in '$(sed "$((i+1))q;d" "$c")'
+ [[ -33 != \a ]]
+ [[ -33 != \0 ]]
+ echo '-33 0'
+ for b in '$(sed "$((i+1))q;d" "$c")'
+ [[ -225 != \a ]]
+ [[ -225 != \0 ]]
+ echo '-225 0'
+ for b in '$(sed "$((i+1))q;d" "$c")'
+ [[ 94 != \a ]]
+ [[ 94 != \0 ]]
+ echo '94 0'
+ for b in '$(sed "$((i+1))q;d" "$c")'
+ [[ -224 != \a ]]
+ [[ -224 != \0 ]]
+ echo '-224 0'
+ for b in '$(sed "$((i+1))q;d" "$c")'
+ [[ -223 != \a ]]
+ [[ -223 != \0 ]]
+ echo '-223 0'
+ for b in '$(sed "$((i+1))q;d" "$c")'
+ [[ 136 != \a ]]
+ [[ 136 != \0 ]]
+ echo '136 0'
+ for b in '$(sed "$((i+1))q;d" "$c")'
+ [[ -222 != \a ]]
+ [[ -222 != \0 ]]
+ echo '-222 0'
+ for b in '$(sed "$((i+1))q;d" "$c")'
+ [[ 0 != \a ]]
+ [[ 0 != \0 ]]
+ ./simplify-by-var-removal.sh 22-cubes/30.cubes4312.adj 70
+ '[' -z 70 ']'
+ f=22-cubes/30.cubes4312.adj
+ p=70
++ echo 22-cubes
+ sub_dir=22-cubes
+ mkdir -p log/22-cubes
+ mkdir -p simp/22-cubes
+ tee log/22-cubes/30.cubes4312.adj.simp1
+ ./cadical/build/cadical 22-cubes/30.cubes4312.adj -o simp/22-cubes/30.cubes4312.adj.simp1 -e simp/22-cubes/30.cubes4312.adj.ext1 -n -c 200000
c --- [ banner ] -------------------------------------------------------------
c 
c CaDiCaL Radically Simplified CDCL SAT Solver
c Copyright (c) 2016-2021 A. Biere, M. Fleury, N. Froleyks
c 
c Version 1.5.2
c g++ (GCC) 9.3.0 -Wall -Wextra -O3 -DNDEBUG
c Tue Feb 8 21:15:15 EST 2022 Linux gra-login1 3.10.0-1160.36.2.el7.x86_64 x86_64
c 
c --- [ limit ] --------------------------------------------------------------
c 
c setting conflict limit to 200000 conflicts (due to '200000')
c 
c --- [ parsing input ] ------------------------------------------------------
c 
c reading DIMACS file from '22-cubes/30.cubes4312.adj'
c opening file to read '22-cubes/30.cubes4312.adj'
c found 'p cnf 6160 1786677' header
c parsed 1786677 clauses in 18.57 seconds process time
c closing file '22-cubes/30.cubes4312.adj'
c after reading 1542541732 bytes 1471.1 MB
c 
c --- [ options ] ------------------------------------------------------------
c 
c all options are set to their default value
c 
c --- [ solving ] ------------------------------------------------------------
c 
c time measured in process time since initialization
c 
c  seconds    reductions  redundant   irredundant
c          MB     restarts       trail       variables
c            level   conflicts       glue         remaining
c 
c * 18.57 1467  0 0   0    0    0  0% 0 1785954 4691 76%
c { 19.86 1522  0 0   0    0    0  0% 0 1785954 4691 76%
c i 21.84 1562 48 0   6   58   48 46% 12 1785954 4676 76%
c i 24.31 1583 54 0  37  272  164 43% 26 1785954 4675 76%
c i 24.46 1583 58 0  40  286  174 44% 27 1785954 4674 76%
c i 24.47 1583 57 0  41  288  175 44% 27 1785954 4673 76%
c i 24.56 1584 58 0  42  292  178 44% 26 1785954 4672 76%
c - 28.24 1571 57 1  46  302  187 44% 26 331668 4672 76%
c i 28.50 1478 53 1  47  336  210 44% 25 331668 4671 76%
c i 28.56 1478 58 1  48  344  217 44% 26 331668 4670 76%
c i 28.69 1478 59 1  52  374  240 45% 26 331668 4669 76%
c i 28.70 1478 59 1  52  375  240 45% 26 331668 4668 76%
c i 28.93 1478 67 1  59  449  290 45% 27 331668 4667 76%
c i 29.08 1478 66 1  64  467  307 46% 27 331668 4666 76%
c i 29.14 1478 66 1  67  481  315 46% 27 331668 4665 76%
c i 29.16 1478 66 1  67  484  317 46% 27 331668 4664 76%
c i 29.23 1478 66 1  70  502  332 46% 27 331668 4663 76%
c i 29.40 1478 70 1  74  538  362 46% 28 331668 4662 76%
c i 29.43 1478 70 1  75  542  364 46% 28 331668 4661 76%
c i 29.46 1478 69 1  80  565  374 46% 28 331668 4660 76%
c 
c  seconds    reductions  redundant   irredundant
c          MB     restarts       trail       variables
c            level   conflicts       glue         remaining
c 
c i 30.13 1478 68 1  86  738  472 46% 26 331668 4659 76%
c } 31.13 1479 60 1 117 1001  647 47% 26 331668 4659 76%
c [ 31.13 1479  0 1 117 1001  647  0% 0 331668 4659 76%
c O 31.14 1479  0 1 117 1002  647 28% 0 331668 4659 76%
c i 31.14 1479  0 1 117 1002  647 28% 0 331668 4615 75%
c i 31.14 1479  0 1 117 1003  647 27% 0 331668 4592 75%
c i 31.14 1479  0 1 117 1004  647 26% 0 331668 4570 74%
c i 31.14 1479  2 1 117 1012  650 28% 1 331668 4544 74%
c i 31.14 1479  2 1 117 1013  650 28% 1 331668 4440 72%
c i 31.38 1479 21 1 117 1103  697 46% 19 331668 4439 72%
c i 31.42 1479 24 1 117 1137  726 49% 21 331668 4438 72%
c i 31.48 1479 27 1 117 1171  754 51% 23 331668 4437 72%
c - 32.24 1576 29 2 117 1215  682 53% 25 328503 4437 72%
c i 32.30 1576 29 2 117 1216  682 53% 25 328503 4436 72%
c i 32.45 1576 29 2 117 1256  709 54% 25 328503 4435 72%
c i 32.47 1576 30 2 117 1307  752 55% 26 328503 4434 72%
c i 32.52 1576 31 2 117 1386  808 55% 26 328503 4433 72%
c i 32.60 1576 30 2 117 1484  882 56% 26 328503 4432 72%
c i 32.67 1576 30 2 117 1602  976 56% 25 328503 4431 72%
c i 32.93 1576 30 2 117 2033 1317 57% 26 328503 4430 72%
c 
c  seconds    reductions  redundant   irredundant
c          MB     restarts       trail       variables
c            level   conflicts       glue         remaining
c 
c i 32.93 1576 30 2 117 2040 1320 57% 25 328503 4429 72%
c i 33.65 1575 29 2 118 2427 1638 43% 25 328480 4428 72%
c - 34.03 1575 29 3 118 2582 1367 43% 25 328477 4428 72%
c i 34.18 1575 28 3 118 2788 1534 43% 24 328477 4427 72%
c ] 34.31 1575 28 3 118 3001 1702 43% 24 328477 4427 72%
c { 34.31 1575 60 3 118 3001 1702 65% 26 328477 4427 72%
c F 34.32 1575 60 3 118 3005 1706 65% 26 328477 4427 72%
c i 35.54 1575 61 3 137 3152 1827 60% 26 328477 4426 72%
c i 35.63 1575 61 3 137 3168 1839 60% 26 328477 4425 72%
c i 36.33 1575 60 3 160 3347 1990 57% 27 328477 4424 72%
c i 37.51 1575 67 3 200 3515 2124 54% 30 328477 4423 72%
c i 37.98 1575 65 3 226 3790 2300 49% 29 328477 4422 72%
c i 37.99 1575 66 3 226 3799 2308 49% 30 328477 4421 72%
c i 38.16 1575 66 3 233 3826 2329 49% 30 328477 4420 72%
c i 38.78 1575 62 3 248 4261 2670 47% 29 328477 4419 72%
c - 39.86 1573 62 4 260 4403 1924 45% 29 328450 4419 72%
c 3 41.71 1573 57 4 293 5000 4073 41% 28 328438 4413 72%
c 2 41.79 1573 57 4 293 5000 4257 41% 28 328319 4413 72%
c p 45.67 1573 57 4 293 5000 8368 41% 28 328319 4383 71%
c d 46.04 1573 57 4 293 5000 8334 41% 28 328187 4381 71%
c 
c  seconds    reductions  redundant   irredundant
c          MB     restarts       trail       variables
c            level   conflicts       glue         remaining
c 
c # 48.68 1573 54 4 345 6008 8988 39% 27 328187 4381 71%
c - 49.89 1446 51 5 356 6677 2583 38% 26 328187 4381 71%
c } 50.06 1446 49 5 356 7002 2802 38% 25 328187 4381 71%
c [ 50.06 1446 28 5 356 7002 2802 43% 24 328187 4381 71%
c - 51.35 1574 25 6 358 9407 2904 40% 21 328187 4381 71%
c I 51.82 1574 24 6 358 10013 3226 40% 21 328187 4381 71%
c - 54.18 1446 36 7 360 12590 3560 40% 29 328187 4381 71%
c 3 55.75 1446 39 7 361 15000 7000 40% 32 328187 4381 71%
c 2 55.83 1446 39 7 361 15000 7254 40% 32 328180 4381 71%
c p 57.69 1446 39 7 361 15000 11400 40% 32 328180 4381 71%
c ] 57.80 1446 39 7 361 15002 11402 40% 32 328180 4381 71%
c { 57.80 1446 49 7 361 15002 11402 38% 25 328180 4381 71%
c B 57.89 1446 49 7 361 15014 11413 38% 25 328180 4381 71%
c - 61.33 1446 48 8 470 16229 4488 37% 26 328180 4381 71%
c s 64.48 1446 48 8 531 17146 5026 37% 26 323872 4381 71%
c v 70.48 1446 48 8 531 17146 5026 37% 26 323703 4381 71%
c t 70.63 1446 48 8 531 17146 5021 37% 26 323583 4381 71%
c e 71.93 1447 48 8 531 17146 4693 37% 26 315748 1303 21%
c s 72.08 1447 48 8 531 17146 4687 37% 26 315169 1303 21%
c - 79.77 1447 46 9 726 20323 5039 59% 26 315169 1303 21%
c 
c  seconds    reductions   redundant   irredundant
c          MB     restarts        trail       variables
c            level    conflicts       glue         remaining
c 
c W 80.97 1447 44 9 748 21015 5374 57% 25 315169 1303 21%
c - 89.90 1446 44 10 1029 24823 5324 57% 25 315169 1303 21%
c F 97.93 1446 43 10 1217 28017 7516 57% 25 315169 1303 21%
c - 103.93 1446 44 11 1408 29769 6215 57% 26 315169 1303 21%
c d 104.50 1446 44 11 1425 30000 6318 56% 26 300925 1302 21%
c 3 104.53 1446 44 11 1425 30000 7050 56% 26 300925 1302 21%
c p 106.04 1446 44 11 1425 30000 9019 56% 26 300925 1302 21%
c } 108.50 1446 44 11 1469 31003 9736 56% 25 300925 1302 21%
c [ 108.50 1446 39 11 1469 31003 9736 134% 32 300925 1302 21%
c - 113.28 1446 36 12 1471 35165 7204 110% 29 300925 1302 21%
c B 114.93 1446 35 12 1472 36018 7797 107% 29 300925 1302 21%
c ] 115.81 1446 36 12 1473 37759 9122 102% 29 300925 1302 21%
c 1 115.81 1446 36 12 1473 37759 9122 102% 29 300925 1302 21%
c 
c --- [ writing output ] -----------------------------------------------------
c 
c writing simplified CNF to DIMACS file 'simp/22-cubes/30.cubes4312.adj.simp1'
c * 115.81 1446 36 12 1473 37759 9122 102% 29 300925 1302 21%
c opening file to write 'simp/22-cubes/30.cubes4312.adj.simp1'
c writing 'p cnf 6160 300925' header
c closing file 'simp/22-cubes/30.cubes4312.adj.simp1'
c after writing 139170613 bytes 132.7 MB
c wrote 300925 clauses in 1.00 seconds process time
c 
c --- [ writing extension ] --------------------------------------------------
c 
c writing extension stack to 'simp/22-cubes/30.cubes4312.adj.ext1'
c opening file to write 'simp/22-cubes/30.cubes4312.adj.ext1'
c closing file 'simp/22-cubes/30.cubes4312.adj.ext1'
c after writing 242766 bytes 0.2 MB
c wrote 10337 witnesses in 0.00 seconds process time
c 
c --- [ result ] -------------------------------------------------------------
c 
s SATISFIABLE
c 
c --- [ run-time profiling ] -------------------------------------------------
c 
c process time taken by individual solving procedures
c (percentage relative to process time for solving)
c 
c        80.23   82.50% search
c        62.41   64.18% unstable
c        18.57   19.09% parse
c        17.02   17.50% simplify
c        16.22   16.68% stable
c         7.19    7.39% probe
c         6.10    6.28% vivify
c         2.16    2.22% elim
c         1.30    1.33% lucky
c         0.30    0.31% walk
c         0.28    0.29% subsume
c         0.17    0.17% ternary
c   =================================
c        97.24   83.25% solve
c 
c last line shows process time for solving
c (percentage relative to total process time)
c 
c --- [ statistics ] ---------------------------------------------------------
c 
c chronological:              7867        20.83 %  of conflicts
c conflicts:                 37759       388.30    per second
c decisions:                153921      1582.85    per second
c eliminated:                 3078        49.97 %  of all variables
c fixed:                      1771        28.75 %  of all variables
c learned:                   36882        97.68 %  per conflict
c learned_lits:            6803890       100.00 %  learned literals
c minimized:                     0         0.00 %  learned literals
c shrunken:                3950042        58.06 %  learned literals
c minishrunken:             580319         8.53 %  learned literals
c propagations:            5921986         0.06 M  per second
c reduced:                   17441        46.19 %  per conflict
c rephased:                      8      4719.88    interval
c restarts:                   1473        25.63    interval
c stabilizing:                   3        44.38 %  of conflicts
c substituted:                   9         0.15 %  of all variables
c subsumed:                  15898         0.42 %  of all clauses
c strengthened:              32397         0.86 %  of all clauses
c ternary:                    4585         0.40 %  of resolved
c vivified:                    171         0.00 %  of all clauses
c walked:                        1     37759.00    interval
c weakened:                   8566         3.23    average size
c 
c seconds are measured in process time for solving
c 
c --- [ resources ] ----------------------------------------------------------
c 
c total process time since initialization:       116.81    seconds
c total real time since initialization:          117.66    seconds
c maximum resident set size of process:         1708.28    MB
c 
c --- [ shutting down ] ------------------------------------------------------
c 
c exit 10
++ seq 1 100
+ for i in '$(seq 1 100)'
++ sed 's/.$//'
++ rev
++ cut '-d ' -f1
++ rev
++ tail -n 1
++ grep 'c [*]' log/22-cubes/30.cubes4312.adj.simp1
+ vars_remaining=21
+ ((  vars_remaining < 100 - p  ))
+ break
++ cut '-d ' -f3
++ head -n 1 simp/22-cubes/30.cubes4312.adj.simp1
+ numvars=6160
++ cut '-d ' -f4
++ head -n 1 simp/22-cubes/30.cubes4312.adj.simp1
+ numlines=300925
+ extlines_total=0
++ seq 1 1
+ for j in '$(seq 1 "$i")'
++ cut '-d ' -f1
++ wc -l simp/22-cubes/30.cubes4312.adj.ext1
+ extlines_j=10337
+ extlines_total=10337
+ newlines=311262
+ echo 'p cnf 6160 311262'
+ tail simp/22-cubes/30.cubes4312.adj.simp1 -n +2
++ seq 1 1
+ for j in '$(seq 1 "$i")'
+ cat simp/22-cubes/30.cubes4312.adj.ext1
+ sed -i 's/ 0.*/ 0/' 22-cubes/30.cubes4312.adj.simp
============================[ Problem Statistics ]=============================
|                                                                             |
|  Number of variables:          6160                                         |
|  Number of clauses:          309491                                         |
|  Parse time:                   1.87 s                                       |
|  Simplification time:          0.04 s                                       |
|                                                                             |
============================[ Search Statistics ]====================================================
| Conflicts |          ORIGINAL         |          LEARNT          | Num Sols |      SUBGRAPHS      |
|           |    Vars  Clauses Literals |    Limit  Clauses Lit/Cl |          | Canonical Noncanon. |
=====================================================================================================
|       100 |    4389   309491 30411428 |     2000      100    138 |        0 |        19         0 |
|       257 |    4389   309498 30411723 |     2000      257    129 |        0 |        33         7 |
|       496 |    4389   309512 30412149 |     2000      496    129 |        0 |        43        21 |
|       835 |    4389   309514 30412180 |     2000      835    128 |        0 |        54        23 |
|      1522 |    4389   309695 30416164 |     2000     1522    119 |        0 |       106       204 |
|      2368 |    4389   309782 30418373 |     3601     1369     76 |        0 |       167       291 |
|      3678 |    4389   309953 30421884 |     3601     2679    102 |        0 |       225       462 |
|      5605 |    4389   310172 30426006 |     5001     2806     76 |        0 |       342       681 |
|      8460 |    4389   310465 30434489 |     6305     3165     46 |        0 |       502       974 |
|     12566 |    4389   310727 30441302 |     7555     4121     53 |        0 |       602      1236 |
|     18524 |    4389   310919 30445069 |     8783     6307     71 |        0 |       695      1428 |
|     27478 |    4389   311224 30450547 |    11199     5877     57 |        0 |       807      1733 |
|     40504 |    4389   311276 30451556 |    13607     7111     64 |        0 |       846      1785 |
|     60086 |    4389   311397 30454219 |    16009    12495     83 |        0 |       922      1906 |
|     89623 |    4389   311742 30462614 |    19609    16232     95 |        0 |      1089      2251 |
|    134569 |    4389   312899 30484339 |    24419    18388     68 |        0 |      1602      3408 |
|    204504 |    4389   317150 30569267 |    30410    21314     64 |        0 |      2608      7659 |
|    305808 |    4389   319928 30620859 |    37611    22419     57 |        0 |      3391     10437 |
|    455327 |    4389   321658 30658450 |    46011    27738     67 |        1 |      4062     12166 |
|    678392 |    4389   323040 30690528 |    55615    50007     88 |        1 |      5273     13548 |
|   1012415 |    4389   324538 30730487 |    68825    45240     77 |        1 |      6052     15046 |
|   1514420 |    4389   327755 30818002 |    84431    53251     63 |        1 |      7795     18263 |
|   2270738 |    4389   335891 30994778 |   103612    62350     63 |        1 |     12708     26399 |
|   3409444 |    4389   352323 31342170 |   126422   114266     87 |        3 |     21339     42829 |
|   5130164 |    4389   389632 32142822 |   155217   152581     93 |        4 |     34681     80137 |
|   7753757 |    4389   488109 34266821 |   191215   187172     81 |       12 |     59470    178606 |
|  11645772 |    4389   592449 36335549 |   235621   142393     53 |       13 |     90867    282945 |
|  17391956 |    4346   296176 26460950 |   286993   281149     97 |       20 |    123927    347610 |
|  26012291 |    4346   394242 28642607 |   352009   288700     82 |       25 |    165734    445671 |
|  38964881 |    4346   563429 32770307 |   431221   338302     72 |       57 |    236900    614826 |
|  58453561 |    4275   543551 31613854 |   528431   419392     69 |       64 |    320884    928394 |
=====================================================================================================
Number of solutions   : 71          
Canonical subgraphs   : 396573         (10 /sec)
          order  3    : 1              (166667 /sec)
          order  4    : 1              (500000 /sec)
          order  5    : 1              (250000 /sec)
          order  6    : 1              (55556 /sec)
          order  7    : 1              (7937 /sec)
          order  8    : 2              (1367 /sec)
          order  9    : 7              (354 /sec)
          order 10    : 31             (112 /sec)
          order 11    : 150            (37 /sec)
          order 12    : 1079           (15 /sec)
          order 13    : 5416           (8 /sec)
          order 14    : 28648          (8 /sec)
          order 15    : 140586         (11 /sec)
          order 16    : 187551         (10 /sec)
          order 17    : 21093          (9 /sec)
          order 18    : 5914           (8 /sec)
          order 19    : 3227           (8 /sec)
          order 20    : 1367           (10 /sec)
          order 21    : 1426           (10 /sec)
          order 22    : 71             (1 /sec)
Noncanonical subgraphs: 1300014        (367 /sec)
          order  3    : 0              (-nan /sec)
          order  4    : 0              (-nan /sec)
          order  5    : 0              (-nan /sec)
          order  6    : 0              (-nan /sec)
          order  7    : 0              (-nan /sec)
          order  8    : 0              (-nan /sec)
          order  9    : 0              (-nan /sec)
          order 10    : 0              (-nan /sec)
          order 11    : 0              (-nan /sec)
          order 12    : 0              (-nan /sec)
          order 13    : 0              (-nan /sec)
          order 14    : 149143         (1013 /sec)
          order 15    : 846262         (395 /sec)
          order 16    : 257634         (514 /sec)
          order 17    : 44443          (78 /sec)
          order 18    : 984            (44 /sec)
          order 19    : 2              (443 /sec)
          order 20    : 15             (313 /sec)
          order 21    : 10             (76 /sec)
Canonicity checking   : 42337.8 s
database reductions   : 534
restarts              : 113879
conflicts             : 86621310       (832 /sec)
decisions             : 105790355      (0.00 % random) (1016 /sec)
propagations          : 17758222047    (170619 /sec)
conflict literals     : 10566114374    (57.27 % deleted)
actual reward         : 0.058975
Memory used           : 759.00 MB
CPU time              : 104081 s

UNSATISFIABLE
