+ '[' -z 4223 ']'
+ f=constraints_22_11.simp-noncanon.simp
+ c=22-cubes/30.cubes
+ i=4223
+ s=70
+ adj=22-cubes/30.cubes4223.adj
+ cnf=22-cubes/30.cubes4223.cnf
+ ext=22-cubes/30.cubes4223.ext
+ cnfext=22-cubes/30.cubes4223.cnfext
+ unitlines=0
++ sed '4224q;d' 22-cubes/30.cubes
+ for b in '$(sed "$((i+1))q;d" "$c")'
+ [[ a != \a ]]
+ for b in '$(sed "$((i+1))q;d" "$c")'
+ [[ -92 != \a ]]
+ [[ -92 != \0 ]]
+ unitlines=1
+ for b in '$(sed "$((i+1))q;d" "$c")'
+ [[ -137 != \a ]]
+ [[ -137 != \0 ]]
+ unitlines=2
+ for b in '$(sed "$((i+1))q;d" "$c")'
+ [[ 122 != \a ]]
+ [[ 122 != \0 ]]
+ unitlines=3
+ for b in '$(sed "$((i+1))q;d" "$c")'
+ [[ -80 != \a ]]
+ [[ -80 != \0 ]]
+ unitlines=4
+ for b in '$(sed "$((i+1))q;d" "$c")'
+ [[ -58 != \a ]]
+ [[ -58 != \0 ]]
+ unitlines=5
+ for b in '$(sed "$((i+1))q;d" "$c")'
+ [[ -207 != \a ]]
+ [[ -207 != \0 ]]
+ unitlines=6
+ for b in '$(sed "$((i+1))q;d" "$c")'
+ [[ -154 != \a ]]
+ [[ -154 != \0 ]]
+ unitlines=7
+ for b in '$(sed "$((i+1))q;d" "$c")'
+ [[ -27 != \a ]]
+ [[ -27 != \0 ]]
+ unitlines=8
+ for b in '$(sed "$((i+1))q;d" "$c")'
+ [[ -169 != \a ]]
+ [[ -169 != \0 ]]
+ unitlines=9
+ for b in '$(sed "$((i+1))q;d" "$c")'
+ [[ -188 != \a ]]
+ [[ -188 != \0 ]]
+ unitlines=10
+ for b in '$(sed "$((i+1))q;d" "$c")'
+ [[ -107 != \a ]]
+ [[ -107 != \0 ]]
+ unitlines=11
+ for b in '$(sed "$((i+1))q;d" "$c")'
+ [[ -168 != \a ]]
+ [[ -168 != \0 ]]
+ unitlines=12
+ for b in '$(sed "$((i+1))q;d" "$c")'
+ [[ -208 != \a ]]
+ [[ -208 != \0 ]]
+ unitlines=13
+ for b in '$(sed "$((i+1))q;d" "$c")'
+ [[ -134 != \a ]]
+ [[ -134 != \0 ]]
+ unitlines=14
+ for b in '$(sed "$((i+1))q;d" "$c")'
+ [[ -26 != \a ]]
+ [[ -26 != \0 ]]
+ unitlines=15
+ for b in '$(sed "$((i+1))q;d" "$c")'
+ [[ -229 != \a ]]
+ [[ -229 != \0 ]]
+ unitlines=16
+ for b in '$(sed "$((i+1))q;d" "$c")'
+ [[ -133 != \a ]]
+ [[ -133 != \0 ]]
+ unitlines=17
+ for b in '$(sed "$((i+1))q;d" "$c")'
+ [[ 94 != \a ]]
+ [[ 94 != \0 ]]
+ unitlines=18
+ for b in '$(sed "$((i+1))q;d" "$c")'
+ [[ -33 != \a ]]
+ [[ -33 != \0 ]]
+ unitlines=19
+ for b in '$(sed "$((i+1))q;d" "$c")'
+ [[ 206 != \a ]]
+ [[ 206 != \0 ]]
+ unitlines=20
+ for b in '$(sed "$((i+1))q;d" "$c")'
+ [[ -152 != \a ]]
+ [[ -152 != \0 ]]
+ unitlines=21
+ for b in '$(sed "$((i+1))q;d" "$c")'
+ [[ -204 != \a ]]
+ [[ -204 != \0 ]]
+ unitlines=22
+ for b in '$(sed "$((i+1))q;d" "$c")'
+ [[ 81 != \a ]]
+ [[ 81 != \0 ]]
+ unitlines=23
+ for b in '$(sed "$((i+1))q;d" "$c")'
+ [[ -69 != \a ]]
+ [[ -69 != \0 ]]
+ unitlines=24
+ for b in '$(sed "$((i+1))q;d" "$c")'
+ [[ -119 != \a ]]
+ [[ -119 != \0 ]]
+ unitlines=25
+ for b in '$(sed "$((i+1))q;d" "$c")'
+ [[ -118 != \a ]]
+ [[ -118 != \0 ]]
+ unitlines=26
+ for b in '$(sed "$((i+1))q;d" "$c")'
+ [[ 0 != \a ]]
+ [[ 0 != \0 ]]
++ cut '-d ' -f3
++ head -n 1 constraints_22_11.simp-noncanon.simp
+ numvars=6160
++ cut '-d ' -f4
++ head -n 1 constraints_22_11.simp-noncanon.simp
+ numlines=1786659
+ newlines=1786685
+ echo 'p cnf 6160 1786685'
+ tail constraints_22_11.simp-noncanon.simp -n +2
++ sed '4224q;d' 22-cubes/30.cubes
+ for b in '$(sed "$((i+1))q;d" "$c")'
+ [[ a != \a ]]
+ for b in '$(sed "$((i+1))q;d" "$c")'
+ [[ -92 != \a ]]
+ [[ -92 != \0 ]]
+ echo '-92 0'
+ for b in '$(sed "$((i+1))q;d" "$c")'
+ [[ -137 != \a ]]
+ [[ -137 != \0 ]]
+ echo '-137 0'
+ for b in '$(sed "$((i+1))q;d" "$c")'
+ [[ 122 != \a ]]
+ [[ 122 != \0 ]]
+ echo '122 0'
+ for b in '$(sed "$((i+1))q;d" "$c")'
+ [[ -80 != \a ]]
+ [[ -80 != \0 ]]
+ echo '-80 0'
+ for b in '$(sed "$((i+1))q;d" "$c")'
+ [[ -58 != \a ]]
+ [[ -58 != \0 ]]
+ echo '-58 0'
+ for b in '$(sed "$((i+1))q;d" "$c")'
+ [[ -207 != \a ]]
+ [[ -207 != \0 ]]
+ echo '-207 0'
+ for b in '$(sed "$((i+1))q;d" "$c")'
+ [[ -154 != \a ]]
+ [[ -154 != \0 ]]
+ echo '-154 0'
+ for b in '$(sed "$((i+1))q;d" "$c")'
+ [[ -27 != \a ]]
+ [[ -27 != \0 ]]
+ echo '-27 0'
+ for b in '$(sed "$((i+1))q;d" "$c")'
+ [[ -169 != \a ]]
+ [[ -169 != \0 ]]
+ echo '-169 0'
+ for b in '$(sed "$((i+1))q;d" "$c")'
+ [[ -188 != \a ]]
+ [[ -188 != \0 ]]
+ echo '-188 0'
+ for b in '$(sed "$((i+1))q;d" "$c")'
+ [[ -107 != \a ]]
+ [[ -107 != \0 ]]
+ echo '-107 0'
+ for b in '$(sed "$((i+1))q;d" "$c")'
+ [[ -168 != \a ]]
+ [[ -168 != \0 ]]
+ echo '-168 0'
+ for b in '$(sed "$((i+1))q;d" "$c")'
+ [[ -208 != \a ]]
+ [[ -208 != \0 ]]
+ echo '-208 0'
+ for b in '$(sed "$((i+1))q;d" "$c")'
+ [[ -134 != \a ]]
+ [[ -134 != \0 ]]
+ echo '-134 0'
+ for b in '$(sed "$((i+1))q;d" "$c")'
+ [[ -26 != \a ]]
+ [[ -26 != \0 ]]
+ echo '-26 0'
+ for b in '$(sed "$((i+1))q;d" "$c")'
+ [[ -229 != \a ]]
+ [[ -229 != \0 ]]
+ echo '-229 0'
+ for b in '$(sed "$((i+1))q;d" "$c")'
+ [[ -133 != \a ]]
+ [[ -133 != \0 ]]
+ echo '-133 0'
+ for b in '$(sed "$((i+1))q;d" "$c")'
+ [[ 94 != \a ]]
+ [[ 94 != \0 ]]
+ echo '94 0'
+ for b in '$(sed "$((i+1))q;d" "$c")'
+ [[ -33 != \a ]]
+ [[ -33 != \0 ]]
+ echo '-33 0'
+ for b in '$(sed "$((i+1))q;d" "$c")'
+ [[ 206 != \a ]]
+ [[ 206 != \0 ]]
+ echo '206 0'
+ for b in '$(sed "$((i+1))q;d" "$c")'
+ [[ -152 != \a ]]
+ [[ -152 != \0 ]]
+ echo '-152 0'
+ for b in '$(sed "$((i+1))q;d" "$c")'
+ [[ -204 != \a ]]
+ [[ -204 != \0 ]]
+ echo '-204 0'
+ for b in '$(sed "$((i+1))q;d" "$c")'
+ [[ 81 != \a ]]
+ [[ 81 != \0 ]]
+ echo '81 0'
+ for b in '$(sed "$((i+1))q;d" "$c")'
+ [[ -69 != \a ]]
+ [[ -69 != \0 ]]
+ echo '-69 0'
+ for b in '$(sed "$((i+1))q;d" "$c")'
+ [[ -119 != \a ]]
+ [[ -119 != \0 ]]
+ echo '-119 0'
+ for b in '$(sed "$((i+1))q;d" "$c")'
+ [[ -118 != \a ]]
+ [[ -118 != \0 ]]
+ echo '-118 0'
+ for b in '$(sed "$((i+1))q;d" "$c")'
+ [[ 0 != \a ]]
+ [[ 0 != \0 ]]
+ ./simplify-by-var-removal.sh 22-cubes/30.cubes4223.adj 70
+ '[' -z 70 ']'
+ f=22-cubes/30.cubes4223.adj
+ p=70
++ echo 22-cubes
+ sub_dir=22-cubes
+ mkdir -p log/22-cubes
+ mkdir -p simp/22-cubes
+ tee log/22-cubes/30.cubes4223.adj.simp1
+ ./cadical/build/cadical 22-cubes/30.cubes4223.adj -o simp/22-cubes/30.cubes4223.adj.simp1 -e simp/22-cubes/30.cubes4223.adj.ext1 -n -c 200000
c --- [ banner ] -------------------------------------------------------------
c 
c CaDiCaL Radically Simplified CDCL SAT Solver
c Copyright (c) 2016-2021 A. Biere, M. Fleury, N. Froleyks
c 
c Version 1.5.2
c g++ (GCC) 9.3.0 -Wall -Wextra -O3 -DNDEBUG
c Tue Feb 8 21:15:15 EST 2022 Linux gra-login1 3.10.0-1160.36.2.el7.x86_64 x86_64
c 
c --- [ limit ] --------------------------------------------------------------
c 
c setting conflict limit to 200000 conflicts (due to '200000')
c 
c --- [ parsing input ] ------------------------------------------------------
c 
c reading DIMACS file from '22-cubes/30.cubes4223.adj'
c opening file to read '22-cubes/30.cubes4223.adj'
c found 'p cnf 6160 1786685' header
c parsed 1786685 clauses in 18.45 seconds process time
c closing file '22-cubes/30.cubes4223.adj'
c after reading 1542541785 bytes 1471.1 MB
c 
c --- [ options ] ------------------------------------------------------------
c 
c all options are set to their default value
c 
c --- [ solving ] ------------------------------------------------------------
c 
c time measured in process time since initialization
c 
c  seconds    reductions  redundant   irredundant
c          MB     restarts       trail       variables
c            level   conflicts       glue         remaining
c 
c * 18.45 1471  0 0   0    0    0  0% 0 1785954 4688 76%
c { 19.43 1530  0 0   0    0    0  0% 0 1785954 4688 76%
c i 21.35 1578 122 0   2   73   53 46% 7 1785954 4673 76%
c i 21.35 1578 120 0   3   74   53 46% 7 1785954 4657 76%
c i 21.97 1590 117 0   4   77   55 46% 7 1785954 4656 76%
c i 21.97 1590 115 0   4   78   55 46% 7 1785954 4655 76%
c i 21.98 1590 114 0   4   79   55 47% 7 1785954 4654 76%
c i 23.15 1600 91 0  14  120   89 46% 15 1785954 4653 76%
c i 24.74 1607 94 0  32  200  159 49% 27 1785954 4652 76%
c i 24.76 1607 93 0  33  202  160 49% 27 1785954 4651 76%
c i 24.79 1607 93 0  33  204  161 49% 28 1785954 4650 75%
c i 24.81 1607 93 0  34  205  161 49% 27 1785954 4642 75%
c i 26.22 1617 96 0  43  254  202 49% 27 1785954 4637 75%
c i 26.36 1617 96 0  45  258  205 49% 27 1785954 4636 75%
c i 27.29 1621 99 0  55  299  242 49% 31 1785954 4635 75%
c - 31.24 1581 99 1  56  300  243 49% 31 563070 4635 75%
c i 32.28 1582 88 1  68  429  344 49% 31 563070 4634 75%
c i 32.28 1582 88 1  68  430  344 49% 31 563070 4633 75%
c i 32.30 1582 87 1  68  439  352 49% 31 563070 4632 75%
c i 32.57 1583 88 1  74  460  372 49% 32 563070 4631 75%
c 
c  seconds    reductions  redundant   irredundant
c          MB     restarts       trail       variables
c            level   conflicts       glue         remaining
c 
c i 33.22 1583 89 1  91  524  425 49% 33 563070 4630 75%
c i 33.55 1584 89 1  98  568  454 49% 34 563070 4629 75%
c i 35.07 1585 75 1 108  852  680 50% 33 563070 4628 75%
c } 35.97 1585 74 1 127 1002  791 50% 34 563070 4628 75%
c [ 35.97 1585  0 1 127 1002  791  0% 0 563070 4628 75%
c O 35.99 1585  1 1 127 1003  792 29% 1 563070 4628 75%
c i 35.99 1585  0 1 127 1004  792 29% 0 563070 4586 74%
c i 35.99 1585  0 1 127 1005  792 28% 0 563070 4467 73%
c i 35.99 1585  1 1 127 1006  792 28% 0 563070 4446 72%
c i 36.04 1585  5 1 127 1012  797 31% 2 563070 4435 72%
c i 36.48 1586 24 1 127 1082  856 55% 18 563070 4434 72%
c i 36.49 1586 25 1 127 1099  870 55% 19 563070 4433 72%
c i 36.49 1586 25 1 127 1100  870 55% 19 563070 4432 72%
c i 36.50 1586 25 1 127 1123  888 55% 19 563070 4431 72%
c i 36.51 1586 24 1 127 1136  898 55% 18 563070 4430 72%
c i 36.52 1586 24 1 127 1144  904 55% 18 563070 4429 72%
c i 36.54 1586 24 1 127 1161  915 56% 18 563070 4428 72%
c i 36.54 1586 24 1 127 1170  921 56% 18 563070 4427 72%
c i 36.55 1586 24 1 127 1177  924 56% 18 563070 4426 72%
c i 36.55 1586 23 1 127 1185  931 56% 18 563070 4425 72%
c 
c  seconds    reductions  redundant   irredundant
c          MB     restarts       trail       variables
c            level   conflicts       glue         remaining
c 
c i 36.56 1586 23 1 127 1192  935 56% 17 563070 4424 72%
c i 36.57 1586 23 1 127 1220  952 56% 17 563070 4423 72%
c i 36.58 1586 23 1 127 1241  966 56% 17 563070 4422 72%
c - 37.87 1820 24 2 127 1351  908 56% 19 560442 4422 72%
c i 38.16 1735 24 2 127 1426  963 55% 19 560442 4421 72%
c i 39.05 1735 27 2 128 2174 1508 56% 22 560442 4420 72%
c i 39.05 1735 27 2 128 2175 1508 56% 22 560442 4419 72%
c - 40.02 1734 27 3 128 2925 1540 57% 23 560433 4419 72%
c ] 40.45 1679 27 3 128 3003 1588 42% 23 560433 4419 72%
c { 40.45 1679 74 3 128 3003 1588 70% 34 560433 4419 72%
c F 40.46 1679 74 3 129 3004 1589 70% 34 560433 4419 72%
c i 42.65 1679 74 3 194 3334 1886 61% 36 560433 4418 72%
c i 42.76 1679 73 3 194 3354 1899 60% 35 560433 4417 72%
c i 43.00 1679 72 3 198 3467 1998 58% 36 560433 4416 72%
c i 43.25 1679 70 3 198 3598 2110 57% 35 560433 4415 72%
c i 43.30 1679 70 3 198 3622 2129 56% 35 560433 4414 72%
c i 43.31 1679 69 3 198 3623 2129 56% 35 560433 4413 72%
c i 43.31 1679 69 3 198 3624 2129 56% 35 560433 4412 72%
c i 43.31 1679 69 3 198 3626 2130 56% 35 560433 4411 72%
c i 43.42 1679 67 3 198 3720 2211 55% 34 560433 4410 72%
c 
c  seconds    reductions  redundant   irredundant
c          MB     restarts       trail       variables
c            level   conflicts       glue         remaining
c 
c i 43.67 1679 62 3 198 4010 2440 52% 32 560433 4409 72%
c i 44.63 1679 54 3 199 4922 3074 47% 30 560433 4408 72%
c 2 45.88 1679 55 3 216 5000 4486 47% 30 560301 4399 71%
c p 49.21 1679 55 3 216 5000 7507 47% 30 560301 4343 71%
c d 49.87 1679 55 3 216 5000 7472 47% 30 442581 4342 70%
c - 50.50 1626 55 4 222 5023 2267 47% 31 442581 4342 70%
c # 52.26 1626 54 4 280 6007 3039 44% 31 442581 4342 70%
c } 54.19 1626 50 4 315 7003 3891 42% 30 442581 4342 70%
c [ 54.19 1626 27 4 315 7003 3891 42% 23 442581 4342 70%
c - 54.57 1626 26 5 316 7493 2943 41% 22 442581 4342 70%
c I 55.80 1626 22 5 317 10008 4340 40% 19 442581 4342 70%
c - 56.74 1447 23 6 318 10455 3128 40% 20 442581 4342 70%
c - 61.22 1628 28 7 320 13912 3981 39% 23 442581 4342 70%
c 3 62.15 1628 28 7 320 15000 6262 40% 24 442581 4342 70%
c 2 62.23 1628 28 7 320 15000 6368 40% 24 442573 4342 70%
c p 63.27 1628 28 7 320 15000 9568 40% 24 442573 4342 70%
c ] 63.40 1628 28 7 320 15008 9575 40% 24 442573 4342 70%
c { 63.40 1628 50 7 320 15008 9575 42% 30 442573 4342 70%
c B 63.53 1628 50 7 320 15009 9576 42% 30 442573 4342 70%
c s 66.55 1628 47 7 361 17148 11014 41% 28 440256 4342 70%
c 
c  seconds    reductions    redundant   irredundant
c          MB     restarts         trail       variables
c            level    conflicts        glue         remaining
c 
c v 72.16 1628 47 7 361 17148 11014 41% 28 439876 4342 70%
c t 72.34 1628 47 7 361 17148 11008 41% 28 439738 4342 70%
c e 73.91 1628 47 7 361 17148 7137 41% 28 430785 993 16%
c s 74.06 1628 47 7 361 17148 7136 41% 28 430306 993 16%
c - 79.85 1448 49 8 457 17863 5020 62% 29 430306 993 16%
c W 88.87 1448 50 8 722 21012 7550 66% 30 430306 993 16%
c - 90.08 1448 47 9 731 22275 5834 67% 29 430306 993 16%
c - 93.23 1629 41 10 759 27176 6518 68% 27 430306 993 16%
c F 93.48 1629 40 10 759 28014 7133 68% 26 430306 993 16%
c p 98.17 1629 40 10 894 30003 10457 68% 26 430306 992 16%
c } 99.29 1629 39 10 910 31011 11184 68% 26 430306 992 16%
c [ 99.29 1629 28 10 910 31011 11184 176% 24 430306 992 16%
c - 100.12 1448 29 11 910 32567 6937 158% 24 430303 992 16%
c B 101.81 1448 28 11 913 36017 9107 134% 24 430303 992 16%
c - 104.19 1448 30 12 914 38448 7410 123% 25 430303 992 16%
c - 108.78 1448 30 13 917 44819 8019 107% 26 430303 992 16%
c W 110.37 1448 30 13 917 45018 8147 106% 26 430303 992 16%
c p 115.14 1448 30 13 918 50003 13369 99% 26 430303 992 16%
c - 116.50 1448 30 14 918 51680 8530 97% 26 430303 992 16%
c s 117.02 1448 30 14 918 52186 8835 96% 26 429702 992 16%
c 
c  seconds     reductions    redundant   irredundant
c           MB      restarts        trail       variables
c             level     conflicts       glue        remaining
c 
c v 123.04 1448 30 14 918 52186 8835 96% 26 429190 992 16%
c w 123.23 1448 30 14 918 52186 8835 96% 26 429190 992 16%
c t 123.24 1448 30 14 918 52186 8834 96% 26 429188 992 16%
c e 124.72 1448 30 14 918 52186 8833 96% 26 429186 991 16%
c s 124.92 1448 30 14 918 52186 8833 96% 26 428408 991 16%
c O 129.12 1448 29 14 919 55024 10599 94% 25 428408 991 16%
c ] 130.24 1448 28 14 921 57505 12397 92% 25 428408 991 16%
c 1 130.24 1448 28 14 921 57505 12397 92% 25 428408 991 16%
c 
c --- [ writing output ] -----------------------------------------------------
c 
c writing simplified CNF to DIMACS file 'simp/22-cubes/30.cubes4223.adj.simp1'
c * 130.24 1448 28 14 921 57505 12397 92% 25 428408 991 16%
c opening file to write 'simp/22-cubes/30.cubes4223.adj.simp1'
c writing 'p cnf 6160 428408' header
c closing file 'simp/22-cubes/30.cubes4223.adj.simp1'
c after writing 207728520 bytes 198.1 MB
c wrote 428408 clauses in 1.43 seconds process time
c 
c --- [ writing extension ] --------------------------------------------------
c 
c writing extension stack to 'simp/22-cubes/30.cubes4223.adj.ext1'
c opening file to write 'simp/22-cubes/30.cubes4223.adj.ext1'
c closing file 'simp/22-cubes/30.cubes4223.adj.ext1'
c after writing 273336 bytes 0.3 MB
c wrote 11433 witnesses in 0.00 seconds process time
c 
c --- [ result ] -------------------------------------------------------------
c 
s SATISFIABLE
c 
c --- [ run-time profiling ] -------------------------------------------------
c 
c process time taken by individual solving procedures
c (percentage relative to process time for solving)
c 
c        84.32   75.43% search
c        50.47   45.14% unstable
c        31.13   27.85% stable
c        27.46   24.57% simplify
c        18.45   16.51% parse
c        11.90   10.64% vivify
c         7.01    6.27% probe
c         5.81    5.20% elim
c         1.75    1.56% walk
c         0.98    0.88% lucky
c         0.70    0.62% subsume
c         0.25    0.23% ternary
c   =================================
c       111.79   84.90% solve
c 
c last line shows process time for solving
c (percentage relative to total process time)
c 
c --- [ statistics ] ---------------------------------------------------------
c 
c chronological:              9699        16.87 %  of conflicts
c conflicts:                 57505       514.41    per second
c decisions:                139591      1248.71    per second
c eliminated:                 3350        54.38 %  of all variables
c fixed:                      1809        29.37 %  of all variables
c learned:                   56421        98.11 %  per conflict
c learned_lits:           12360191       100.00 %  learned literals
c minimized:                     0         0.00 %  learned literals
c shrunken:                6991277        56.56 %  learned literals
c minishrunken:            1203364         9.74 %  learned literals
c propagations:            6804092         0.06 M  per second
c reduced:                   28098        48.86 %  per conflict
c rephased:                     10      5750.50    interval
c restarts:                    921        62.44    interval
c stabilizing:                   3        63.47 %  of conflicts
c substituted:                  10         0.16 %  of all variables
c subsumed:                  21463         0.56 %  of all clauses
c strengthened:              11105         0.29 %  of all clauses
c ternary:                    3842         0.36 %  of resolved
c vivified:                    900         0.02 %  of all clauses
c walked:                        2     28752.50    interval
c weakened:                   9624         3.29    average size
c 
c seconds are measured in process time for solving
c 
c --- [ resources ] ----------------------------------------------------------
c 
c total process time since initialization:       131.67    seconds
c total real time since initialization:          131.79    seconds
c maximum resident set size of process:         1968.17    MB
c 
c --- [ shutting down ] ------------------------------------------------------
c 
c exit 10
++ seq 1 100
+ for i in '$(seq 1 100)'
++ sed 's/.$//'
++ rev
++ cut '-d ' -f1
++ rev
++ tail -n 1
++ grep 'c [*]' log/22-cubes/30.cubes4223.adj.simp1
+ vars_remaining=16
+ ((  vars_remaining < 100 - p  ))
+ break
++ cut '-d ' -f3
++ head -n 1 simp/22-cubes/30.cubes4223.adj.simp1
+ numvars=6160
++ cut '-d ' -f4
++ head -n 1 simp/22-cubes/30.cubes4223.adj.simp1
+ numlines=428408
+ extlines_total=0
++ seq 1 1
+ for j in '$(seq 1 "$i")'
++ cut '-d ' -f1
++ wc -l simp/22-cubes/30.cubes4223.adj.ext1
+ extlines_j=11433
+ extlines_total=11433
+ newlines=439841
+ echo 'p cnf 6160 439841'
+ tail simp/22-cubes/30.cubes4223.adj.simp1 -n +2
++ seq 1 1
+ for j in '$(seq 1 "$i")'
+ cat simp/22-cubes/30.cubes4223.adj.ext1
+ sed -i 's/ 0.*/ 0/' 22-cubes/30.cubes4223.adj.simp
============================[ Problem Statistics ]=============================
|                                                                             |
|  Number of variables:          6160                                         |
|  Number of clauses:          438032                                         |
|  Parse time:                   2.62 s                                       |
|  Simplification time:          0.05 s                                       |
|                                                                             |
============================[ Search Statistics ]====================================================
| Conflicts |          ORIGINAL         |          LEARNT          | Num Sols |      SUBGRAPHS      |
|           |    Vars  Clauses Literals |    Limit  Clauses Lit/Cl |          | Canonical Noncanon. |
=====================================================================================================
|       100 |    4351   438032 44996971 |     2000      100    125 |        0 |        25         0 |
|       503 |    4351   438285 45001522 |     2000      503     55 |        0 |        89       253 |
|       789 |    4351   438346 45002871 |     2000      789     63 |        0 |       111       314 |
|      1608 |    4351   438828 45012528 |     2000     1608     45 |        0 |       286       796 |
|      2349 |    4351   439063 45016566 |     3600     1349     35 |        0 |       350      1031 |
|      3180 |    4351   439135 45018294 |     3600     2180     69 |        0 |       385      1103 |
|      4557 |    4351   439373 45023108 |     3600     3557     76 |        0 |       507      1341 |
|      6392 |    4351   439500 45025973 |     5006     3598     63 |        0 |       621      1468 |
|      8985 |    4351   439531 45026742 |     6310     3695     51 |        0 |       663      1499 |
|     13014 |    4351   439716 45030782 |     7560     4574     51 |        0 |       799      1684 |
|     18998 |    4351   439934 45034933 |     8781     6779     73 |        0 |       944      1902 |
|     30589 |    4351   442876 45085477 |    11198     8987     56 |        0 |      1492      4844 |
|     43885 |    4351   443198 45091466 |    13603    10488     63 |        0 |      1687      5166 |
|     65860 |    4351   445712 45137614 |    17217    10277     34 |        0 |      2207      7680 |
|     95776 |    4351   446436 45152707 |    20808    12584     44 |        0 |      2473      8404 |
|    140155 |    4351   447026 45163414 |    24409    23964     69 |        0 |      2697      8994 |
|    206537 |    4351   447724 45177841 |    30405    23342     59 |        0 |      3193      9692 |
|    308627 |    4351   451288 45244710 |    37615    25242     56 |        0 |      4305     13256 |
|    459906 |    4351   454778 45318803 |    46017    32323     65 |        0 |      5462     16746 |
|    687138 |    4351   460327 45444897 |    56814    30952     44 |        0 |      6653     22295 |
|   1025914 |    4351   466578 45602648 |    68815    58729     76 |        0 |      8383     28546 |
|   1541080 |    4351   482956 45924971 |    84413    79893     80 |        1 |     11342     44923 |
|   2305845 |    4351   499539 46277450 |   103622    97467     79 |        3 |     17635     61504 |
|   3450526 |    4351   521946 46772729 |   127618    92144     60 |       11 |     25674     83903 |
|   5176724 |    4351   564733 47686596 |   156431   121555     62 |       20 |     38143    126681 |
|   7734990 |    4351   597883 48433084 |   191229   168419     71 |       22 |     43136    159829 |
|  11570444 |    4351   645662 49524248 |   234430   184274     63 |       54 |     56159    207576 |
|  17289575 |    4308   478215 45791714 |   287211   178986     66 |       69 |     67684    245180 |
|  25943251 |    4308   609622 48607943 |   352015   219666     47 |      112 |    109960    376544 |
|  38759955 |    4234   427655 38160781 |   378142   296497     71 |      130 |    125092    409827 |
=====================================================================================================
Number of solutions   : 130         
Canonical subgraphs   : 125607         (14 /sec)
          order  3    : 1              (200000 /sec)
          order  4    : 1              (500000 /sec)
          order  5    : 1              (250000 /sec)
          order  6    : 1              (55556 /sec)
          order  7    : 1              (8696 /sec)
          order  8    : 2              (1361 /sec)
          order  9    : 7              (355 /sec)
          order 10    : 25             (95 /sec)
          order 11    : 121            (31 /sec)
          order 12    : 574            (10 /sec)
          order 13    : 3834           (12 /sec)
          order 14    : 8636           (26 /sec)
          order 15    : 39431          (18 /sec)
          order 16    : 61600          (13 /sec)
          order 17    : 7711           (14 /sec)
          order 18    : 988            (11 /sec)
          order 19    : 447            (9 /sec)
          order 20    : 927            (9 /sec)
          order 21    : 1169           (9 /sec)
          order 22    : 130            (1 /sec)
Noncanonical subgraphs: 411039         (277 /sec)
          order  3    : 0              (-nan /sec)
          order  4    : 0              (-nan /sec)
          order  5    : 0              (-nan /sec)
          order  6    : 0              (-nan /sec)
          order  7    : 0              (-nan /sec)
          order  8    : 0              (-nan /sec)
          order  9    : 0              (-nan /sec)
          order 10    : 0              (-nan /sec)
          order 11    : 0              (-nan /sec)
          order 12    : 0              (-nan /sec)
          order 13    : 0              (-nan /sec)
          order 14    : 101574         (722 /sec)
          order 15    : 78652          (1067 /sec)
          order 16    : 131179         (508 /sec)
          order 17    : 97717          (113 /sec)
          order 18    : 583            (73 /sec)
          order 19    : 242            (36 /sec)
          order 20    : 9              (20 /sec)
          order 21    : 2              (9 /sec)
Canonicity checking   : 10297.3 s
database reductions   : 359
restarts              : 55224
conflicts             : 39471784       (1326 /sec)
decisions             : 48375064       (0.00 % random) (1625 /sec)
propagations          : 7814347835     (262454 /sec)
conflict literals     : 4499678388     (57.52 % deleted)
actual reward         : 0.060468
Memory used           : 807.00 MB
CPU time              : 29774.2 s

UNSATISFIABLE
