c --- [ banner ] -------------------------------------------------------------
c 
c CaDiCaL Radically Simplified CDCL SAT Solver
c Copyright (c) 2016-2021 A. Biere, M. Fleury, N. Froleyks
c 
c Version 1.5.2 ca9bff05c11bde5eae4912f9932871d1527e61d8
c g++ (GCC) 9.3.0 -Wall -Wextra -O3 -DNDEBUG
c Sun May 1 02:23:23 EDT 2022 Linux gra-login1 3.10.0-1160.59.1.el7.x86_64 x86_64
c 
c --- [ limit ] --------------------------------------------------------------
c 
c setting conflict limit to 200000 conflicts (due to '200000')
c 
c --- [ parsing input ] ------------------------------------------------------
c 
c reading DIMACS file from '12.cubes919.adj'
c opening file to read '12.cubes919.adj'
c found 'p cnf 5320 924210' header
c parsed 924210 clauses in 8.83 seconds process time
c closing file '12.cubes919.adj'
c after reading 686668114 bytes 654.9 MB
c 
c --- [ options ] ------------------------------------------------------------
c 
c all options are set to their default value
c 
c --- [ solving ] ------------------------------------------------------------
c 
c time measured in process time since initialization
c 
c  seconds   reductions  redundant  irredundant
c          MB    restarts       trail      variables
c           level   conflicts       glue        remaining
c 
c *  8.83 691  0 0   0    0    0  0% 0 923580 3976 75%
c {  9.89 737  0 0   0    0    0  0% 0 923580 3976 75%
c i 10.96 748 26 0  14  171  102 43% 8 923580 3975 75%
c i 10.96 748 26 0  14  172  102 43% 8 923580 3974 75%
c i 10.96 748 26 0  14  173  102 43% 8 923580 3973 75%
c i 10.96 748 25 0  15  174  102 43% 8 923580 3972 75%
c i 11.02 748 27 0  16  179  106 43% 8 923580 3971 75%
c i 11.09 748 34 0  20  201  122 44% 11 923580 3970 75%
c i 11.09 748 33 0  20  202  122 44% 11 923580 3969 75%
c i 11.09 748 33 0  20  203  122 44% 10 923580 3968 75%
c i 11.09 748 33 0  21  204  122 44% 10 923580 3967 75%
c i 11.09 748 33 0  21  205  122 44% 10 923580 3966 75%
c i 11.09 748 33 0  22  207  123 44% 10 923580 3965 75%
c i 11.09 748 33 0  22  208  123 44% 10 923580 3964 75%
c i 11.09 748 32 0  22  209  123 44% 10 923580 3963 74%
c i 11.50 751 38 0  40  282  185 47% 15 923580 3962 74%
c i 11.59 751 38 0  44  302  200 47% 15 923580 3961 74%
c - 13.32 711 38 1  45  302  200 47% 15 148664 3961 74%
c i 13.61 690 38 1  69  408  280 48% 18 148664 3960 74%
c i 13.61 690 37 1  69  416  283 48% 18 148664 3959 74%
c 
c  seconds   reductions  redundant   irredundant
c          MB    restarts       trail       variables
c           level   conflicts       glue         remaining
c 
c i 13.64 690 39 1  70  428  294 48% 19 148664 3958 74%
c i 13.65 690 41 1  74  447  310 48% 20 148664 3957 74%
c i 13.65 690 40 1  75  453  313 48% 20 148664 3956 74%
c i 13.76 690 44 1  91  517  361 49% 22 148664 3955 74%
c i 13.79 690 47 1  96  538  379 49% 25 148664 3954 74%
c i 13.81 690 47 1 101  554  394 49% 24 148664 3953 74%
c i 13.84 690 44 1 106  632  450 50% 23 148664 3952 74%
c i 13.84 690 43 1 106  637  453 50% 23 148664 3951 74%
c i 13.85 690 43 1 106  653  467 50% 23 148664 3950 74%
c i 13.90 690 44 1 110  711  511 50% 23 148664 3949 74%
c i 13.92 690 44 1 111  762  544 50% 23 148664 3948 74%
c } 14.02 690 39 1 114 1001  701 51% 22 148664 3948 74%
c [ 14.02 690  0 1 114 1001  701  0% 0 148664 3948 74%
c O 14.02 690  0 1 114 1002  701 26% 0 148664 3948 74%
c i 14.02 690  0 1 114 1002  701 26% 0 148664 3878 73%
c i 14.02 690  0 1 114 1003  701 27% 0 148664 3855 72%
c i 14.02 690  0 1 114 1004  701 27% 0 148664 3832 72%
c i 14.03 690  0 1 114 1006  702 28% 0 148664 3774 71%
c - 14.29 743  0 2 114 1006  614 28% 0 146555 3774 71%
c i 14.29 743  1 2 114 1007  614 29% 0 146555 3750 70%
c 
c  seconds   reductions  redundant   irredundant
c          MB    restarts       trail       variables
c           level   conflicts       glue         remaining
c 
c i 14.36 743 32 2 114 1077  664 48% 23 146555 3749 70%
c i 14.36 743 32 2 114 1087  671 48% 24 146555 3748 70%
c i 14.37 743 32 2 114 1104  687 50% 24 146555 3747 70%
c i 14.38 743 32 2 114 1162  737 52% 25 146555 3746 70%
c i 14.39 743 32 2 114 1212  785 53% 25 146555 3745 70%
c i 14.40 743 31 2 114 1254  815 53% 24 146555 3744 70%
c i 14.45 743 28 2 114 1481  986 55% 23 146555 3743 70%
c i 14.49 743 25 2 114 1708 1162 55% 21 146555 3742 70%
c i 14.52 743 25 2 114 1859 1277 55% 21 146555 3741 70%
c - 14.72 741 25 3 115 2055 1091 55% 21 146233 3741 70%
c i 14.83 741 25 3 115 2083 1111 36% 21 146233 3740 70%
c i 14.96 741 25 3 115 2716 1580 35% 21 146233 3739 70%
c i 15.01 741 25 3 115 2922 1722 35% 21 146233 3738 70%
c ] 15.03 741 25 3 115 3001 1778 35% 20 146233 3738 70%
c { 15.03 741 39 3 115 3001 1778 73% 22 146233 3738 70%
c F 15.04 741 39 3 115 3003 1780 72% 22 146233 3738 70%
c i 15.09 741 36 3 115 3204 1905 66% 21 146233 3737 70%
c - 15.26 741 33 4 115 3453 1483 61% 20 146221 3737 70%
c i 15.49 741 29 4 148 4317 2047 52% 19 146221 3736 70%
c i 15.50 741 28 4 148 4336 2056 52% 19 146221 3735 70%
c 
c  seconds   reductions  redundant   irredundant
c          MB    restarts       trail       variables
c           level   conflicts       glue         remaining
c 
c i 15.50 741 28 4 148 4375 2071 52% 18 146221 3734 70%
c i 15.52 741 28 4 148 4505 2157 51% 18 146221 3733 70%
c i 15.54 741 27 4 148 4578 2186 50% 18 146221 3732 70%
c i 15.61 741 26 4 158 4954 2376 48% 18 146221 3731 70%
c i 15.61 741 26 4 158 4956 2377 48% 18 146221 3730 70%
c i 15.61 741 26 4 158 4968 2374 48% 17 146221 3729 70%
c d 15.78 741 26 4 158 5003 2403 48% 17 116504 3719 70%
c 2 15.80 741 26 4 158 5003 4148 48% 17 116448 3661 69%
c p 16.91 739 26 4 158 5003 8503 48% 17 116448 3589 67%
c d 17.06 739 26 4 158 5003 7900 48% 17 95185 3587 67%
c d 17.11 739 26 4 158 5003 7900 48% 17 95183 3586 67%
c - 17.26 689 25 5 158 5200 1717 47% 17 95183 3586 67%
c # 17.40 689 23 5 158 6005 2163 45% 16 95183 3586 67%
c } 17.55 689 21 5 158 7009 2895 43% 15 95183 3586 67%
c [ 17.55 689 25 5 158 7009 2895 35% 20 95183 3586 67%
c - 17.59 693 25 6 158 7009 2041 35% 20 95183 3586 67%
c - 17.92 693 22 7 159 9111 2458 36% 19 95183 3586 67%
c ] 18.01 693 22 7 160 9698 2823 36% 19 95183 3586 67%
c 1 18.01 693 22 7 160 9698 2823 36% 19 95183 3586 67%
c 
c --- [ writing output ] -----------------------------------------------------
c 
c writing simplified CNF to DIMACS file 'simp/12.cubes919.adj.simp1'
c * 18.01 693 22 7 160 9698 2823 36% 19 95183 3586 67%
c opening file to write 'simp/12.cubes919.adj.simp1'
c writing 'p cnf 5320 95183' header
c closing file 'simp/12.cubes919.adj.simp1'
c after writing 29406634 bytes 28.0 MB
c wrote 95183 clauses in 0.21 seconds process time
c 
c --- [ writing extension ] --------------------------------------------------
c 
c writing extension stack to 'simp/12.cubes919.adj.ext1'
c opening file to write 'simp/12.cubes919.adj.ext1'
c closing file 'simp/12.cubes919.adj.ext1'
c after writing 25273 bytes 0.0 MB
c wrote 1747 witnesses in 0.00 seconds process time
c 
c --- [ result ] -------------------------------------------------------------
c 
s SATISFIABLE
c 
c --- [ run-time profiling ] -------------------------------------------------
c 
c process time taken by individual solving procedures
c (percentage relative to process time for solving)
c 
c         8.83   96.21% parse
c         7.69   83.78% search
c         5.17   56.32% unstable
c         1.49   16.22% simplify
c         1.46   15.90% stable
c         1.11   12.10% probe
c         1.06   11.57% lucky
c         0.02    0.23% ternary
c   =================================
c         9.18   50.36% solve
c 
c last line shows process time for solving
c (percentage relative to total process time)
c 
c --- [ statistics ] ---------------------------------------------------------
c 
c chronological:              1704        17.57 %  of conflicts
c conflicts:                  9698      1056.80    per second
c decisions:                 22816      2486.28    per second
c fixed:                      1721        32.35 %  of all variables
c learned:                    9502        97.98 %  per conflict
c learned_lits:            1616927       100.00 %  learned literals
c minimized:                     0         0.00 %  learned literals
c shrunken:                 925522        57.24 %  learned literals
c minishrunken:             208104        12.87 %  learned literals
c propagations:            1941445         0.21 M  per second
c reduced:                    3666        37.80 %  per conflict
c rephased:                      3      3232.67    interval
c restarts:                    160        60.61    interval
c stabilizing:                   2        48.35 %  of conflicts
c substituted:                  13         0.24 %  of all variables
c subsumed:                   3045         0.16 %  of all clauses
c ternary:                    1746         0.47 %  of resolved
c weakened:                     26         2.00    average size
c 
c seconds are measured in process time for solving
c 
c --- [ resources ] ----------------------------------------------------------
c 
c total process time since initialization:        18.22    seconds
c total real time since initialization:           18.25    seconds
c maximum resident set size of process:          793.44    MB
c 
c --- [ shutting down ] ------------------------------------------------------
c 
c exit 10
c --- [ banner ] -------------------------------------------------------------
c 
c CaDiCaL Radically Simplified CDCL SAT Solver
c Copyright (c) 2016-2021 A. Biere, M. Fleury, N. Froleyks
c 
c Version 1.5.2 ca9bff05c11bde5eae4912f9932871d1527e61d8
c g++ (GCC) 9.3.0 -Wall -Wextra -O3 -DNDEBUG
c Sun May 1 02:23:23 EDT 2022 Linux gra-login1 3.10.0-1160.59.1.el7.x86_64 x86_64
c 
c --- [ limit ] --------------------------------------------------------------
c 
c setting conflict limit to 200000 conflicts (due to '200000')
c 
c --- [ parsing input ] ------------------------------------------------------
c 
c reading DIMACS file from 'simp/12.cubes919.adj.simp1'
c opening file to read 'simp/12.cubes919.adj.simp1'
c found 'p cnf 5320 95183' header
c parsed 95183 clauses in 0.36 seconds process time
c closing file 'simp/12.cubes919.adj.simp1'
c after reading 29406634 bytes 28.0 MB
c 
c --- [ options ] ------------------------------------------------------------
c 
c all options are set to their default value
c 
c --- [ solving ] ------------------------------------------------------------
c 
c time measured in process time since initialization
c 
c  seconds  reductions  redundant  irredundant
c         MB    restarts       trail     variables
c          level   conflicts       glue       remaining
c 
c *  0.36 34  0 0   0    0    0  0% 0 95183 3558 67%
c {  0.41 41  0 0   0    0    0  0% 0 95183 3558 67%
c -  0.53 43 42 1   2  300  229 20% 23 95183 3558 67%
c -  0.72 70 32 2   5  901  539 20% 19 95183 3558 67%
c }  0.74 70 31 2   5 1001  616 20% 18 95183 3558 67%
c [  0.74 70  0 2   5 1001  616  0% 0 95183 3558 67%
c O  0.74 70 39 2   5 1002  617  1% 2 95183 3558 67%
c -  0.92 70 64 3   5 1801  926 24% 19 95183 3558 67%
c ]  1.16 70 45 3   6 3005 1693 32% 20 95183 3558 67%
c {  1.16 70 31 3   6 3005 1693 30% 18 95183 3558 67%
c -  1.19 70 31 4   6 3005 1194 30% 18 95183 3558 67%
c F  1.20 70 31 4   6 3006 1195 30% 18 95183 3558 67%
c -  1.96 70 29 5 116 4506 1593 32% 18 95183 3558 67%
c 2  2.20 70 28 5 146 5001 3710 32% 18 95174 3558 67%
c p  2.47 70 28 5 146 5001 7374 32% 18 95174 3558 67%
c #  2.72 70 26 5 165 6007 8034 33% 17 95174 3558 67%
c -  2.88 97 26 6 199 6308 2112 33% 17 95174 3558 67%
c }  2.99 97 24 6 199 7005 2530 33% 16 95174 3558 67%
c [  2.99 97 45 6 199 7005 2530 32% 20 95174 3558 67%
c -  3.35 70 34 7 200 8409 2284 33% 18 95174 3558 67%
c 
c  seconds  reductions  redundant   irredundant
c         MB    restarts       trail      variables
c          level   conflicts       glue        remaining
c 
c s  3.61 70 31 7 201 9484 2801 32% 18 93504 3558 67%
c v  4.16 69 31 7 201 9484 2801 32% 18 93487 3558 67%
c t  4.17 69 31 7 201 9484 2795 32% 18 93435 3558 67%
c e  4.37 111 31 7 201 9484 2473 32% 18 88213 801 15%
c s  4.42 111 31 7 201 9484 2473 32% 18 88067 801 15%
c I  4.74 115 30 7 201 10008 2806 64% 18 88067 801 15%
c -  5.06 115 28 8 202 10811 2624 63% 17 88067 801 15%
c -  5.85 115 24 9 204 13512 2954 64% 16 88067 801 15%
c ]  6.15 115 24 9 204 15008 4079 64% 17 88067 801 15%
c {  6.15 115 24 9 204 15008 4079 146% 16 88067 801 15%
c 3  6.16 115 24 9 204 15008 4436 146% 16 88067 801 15%
c p  6.32 115 24 9 204 15008 5607 146% 16 88067 801 15%
c B  6.34 115 24 9 204 15009 5608 146% 16 88067 801 15%
c -  6.66 141 22 10 227 16513 3734 127% 16 88067 801 15%
c -  7.13 115 20 11 278 19814 3880 105% 15 88067 801 15%
c W  7.42 115 20 11 334 21013 4508 100% 15 88067 801 15%
c -  8.28 115 20 12 497 23414 4232 93% 15 88067 801 15%
c - 10.73 142 24 13 1201 27314 5359 86% 17 88067 801 15%
c F 10.98 142 24 13 1265 28016 5779 85% 17 88067 801 15%
c p 11.76 142 24 13 1312 30008 9166 83% 17 88067 800 15%
c 
c  seconds   reductions     redundant   irredundant
c          MB     restarts         trail      variables
c           level      conflicts       glue       remaining
c 
c } 11.93 142 23 13 1349 31008 9745 82% 17 88067 800 15%
c [ 11.93 142 24 13 1349 31008 9745 64% 17 88067 800 15%
c - 12.06 115 25 14 1349 31514 5600 64% 17 88064 800 15%
c - 12.68 115 23 15 1352 36019 5731 64% 17 88064 800 15%
c B 12.70 115 23 15 1352 36020 5732 64% 17 88064 800 15%
c s 12.91 115 25 15 1352 36607 6171 64% 18 87639 800 15%
c v 13.47 115 25 15 1352 36607 6171 64% 18 87613 800 15%
c s 13.77 119 25 15 1352 36607 6171 64% 18 87462 800 15%
c - 14.72 146 27 16 1355 40819 6248 65% 21 87462 800 15%
c W 15.80 146 27 16 1356 45021 8948 65% 21 87462 800 15%
c - 15.96 146 27 17 1356 45922 6660 65% 21 87462 800 15%
c p 16.87 146 27 17 1357 50008 11470 65% 22 87462 800 15%
c - 17.12 146 26 18 1357 51324 7300 65% 21 87462 800 15%
c O 17.69 146 26 18 1358 55025 9665 65% 21 87462 800 15%
c - 18.00 174 26 19 1360 57024 7429 65% 21 87462 800 15%
c ] 18.87 173 26 19 1364 63008 10996 65% 21 87462 800 15%
c { 18.87 173 23 19 1364 63008 10996 82% 17 87462 800 15%
c - 18.89 146 23 20 1364 63024 7328 82% 17 87462 800 15%
c B 19.70 146 22 20 1432 66026 9089 79% 16 87462 800 15%
c - 20.48 146 22 21 1552 69325 7993 77% 16 87462 800 15%
c 
c  seconds   reductions      redundant   irredundant
c          MB     restarts          trail      variables
c           level      conflicts        glue       remaining
c 
c 3 22.43 146 23 21 2129 75008 12750 74% 17 87462 800 15%
c p 22.67 146 23 21 2129 75008 14730 74% 17 87462 800 15%
c - 22.94 146 23 22 2129 75926 9474 74% 17 87462 800 15%
c s 23.29 146 22 22 2135 77243 10356 73% 16 86845 800 15%
c v 23.74 146 22 22 2135 77243 10356 73% 16 86818 800 15%
c w 23.77 146 22 22 2135 77243 10356 73% 16 86818 800 15%
c t 23.77 146 22 22 2135 77243 10351 73% 16 86818 800 15%
c e 23.96 146 22 22 2135 77243 10351 73% 16 86814 796 15%
c s 24.10 146 22 22 2135 77243 10350 73% 16 86463 796 15%
c W 24.62 146 22 22 2135 78029 10878 73% 16 86463 796 15%
c - 25.39 146 21 23 2225 82828 8864 72% 16 86463 796 15%
c - 26.49 146 20 24 2306 90032 8917 71% 16 86463 796 15%
c # 26.65 146 20 24 2306 91031 9607 70% 15 86463 796 15%
c - 27.87 146 19 25 2333 97534 9457 69% 15 86463 796 15%
c p 30.14 146 19 25 2561 105008 16582 68% 15 86463 796 15%
c B 30.17 146 19 25 2561 105032 16596 68% 15 86463 796 15%
c - 30.26 146 19 26 2596 105334 10394 68% 15 86463 796 15%
c - 32.37 146 19 27 3072 113434 11541 68% 15 86463 796 15%
c W 34.17 146 18 27 3221 120033 15466 67% 14 86463 796 15%
c - 34.63 146 18 28 3225 121834 11458 67% 14 86463 796 15%
c 
c  seconds   reductions       redundant   irredundant
c          MB     restarts           trail      variables
c           level      conflicts         glue       remaining
c 
c } 36.11 146 18 28 3630 127008 14441 67% 14 86463 796 15%
c [ 36.11 146 26 28 3630 127008 14441 65% 21 86463 796 15%
c - 36.62 146 25 29 3630 130534 12012 65% 20 86463 796 15%
c B 37.42 146 24 29 3634 136034 15094 64% 20 86463 796 15%
c - 38.05 146 24 30 3637 139534 12678 64% 20 86463 796 15%
c p 38.36 146 24 30 3637 140008 15615 64% 20 86463 796 15%
c - 40.05 146 24 31 3638 148834 13861 64% 20 86463 796 15%
c W 41.00 146 24 31 3639 153035 16622 64% 20 86463 796 15%
c - 42.32 174 24 32 3639 158434 14050 65% 20 86463 796 15%
c - 44.65 146 25 33 3639 168334 14575 65% 21 86463 796 15%
c I 45.11 146 25 33 3642 171037 16411 65% 21 86463 796 15%
c - 46.59 146 25 34 3646 178534 14573 65% 21 86463 796 15%
c p 47.22 146 24 34 3646 180011 17939 65% 21 86463 796 15%
c - 48.87 146 24 35 3652 189034 14563 65% 21 86463 796 15%
c B 49.09 146 24 35 3653 190039 15229 65% 21 86463 796 15%
c - 50.86 146 25 36 3654 199834 14257 65% 21 86463 796 15%
c ] 50.89 146 25 36 3654 200003 14361 65% 21 86463 796 15%
c ? 50.89 146 25 36 3654 200003 14361 65% 21 86463 796 15%
c 
c --- [ writing output ] -----------------------------------------------------
c 
c writing simplified CNF to DIMACS file 'simp/12.cubes919.adj.simp2'
c * 50.89 146 25 36 3654 200003 14361 65% 21 86463 796 15%
c opening file to write 'simp/12.cubes919.adj.simp2'
c writing 'p cnf 5320 86463' header
c closing file 'simp/12.cubes919.adj.simp2'
c after writing 28844330 bytes 27.5 MB
c wrote 86463 clauses in 0.23 seconds process time
c 
c --- [ writing extension ] --------------------------------------------------
c 
c writing extension stack to 'simp/12.cubes919.adj.ext2'
c opening file to write 'simp/12.cubes919.adj.ext2'
c closing file 'simp/12.cubes919.adj.ext2'
c after writing 140898 bytes 0.1 MB
c wrote 5773 witnesses in 0.00 seconds process time
c 
c --- [ result ] -------------------------------------------------------------
c 
c UNKNOWN
c 
c --- [ run-time profiling ] -------------------------------------------------
c 
c process time taken by individual solving procedures
c (percentage relative to process time for solving)
c 
c        45.23   89.51% search
c        22.09   43.72% stable
c        22.07   43.68% unstable
c         5.30   10.49% simplify
c         1.91    3.78% probe
c         1.59    3.15% vivify
c         1.07    2.12% elim
c         1.02    2.02% walk
c         0.54    1.07% subsume
c         0.36    0.72% parse
c         0.08    0.16% ternary
c         0.05    0.10% lucky
c   =================================
c        50.53   98.84% solve
c 
c last line shows process time for solving
c (percentage relative to total process time)
c 
c --- [ statistics ] ---------------------------------------------------------
c 
c chronological:             32612        16.31 %  of conflicts
c conflicts:                200003      3958.28    per second
c decisions:                323309      6398.64    per second
c eliminated:                 2761        51.90 %  of all variables
c fixed:                         1         0.02 %  of all variables
c learned:                  195741        97.87 %  per conflict
c learned_lits:           28306309       100.00 %  learned literals
c minimized:                     0         0.00 %  learned literals
c shrunken:               17914958        63.29 %  learned literals
c minishrunken:            2037479         7.20 %  learned literals
c propagations:           12116308         0.24 M  per second
c reduced:                  112127        56.06 %  per conflict
c rephased:                     19     10526.47    interval
c restarts:                   3654        54.74    interval
c stabilizing:                   4        57.50 %  of conflicts
c subsumed:                  72611        11.59 %  of all clauses
c strengthened:              11614         1.85 %  of all clauses
c ternary:                    5151         0.74 %  of resolved
c vivified:                     93         0.01 %  of all clauses
c walked:                        5     40000.60    interval
c weakened:                   5772         3.02    average size
c 
c seconds are measured in process time for solving
c 
c --- [ resources ] ----------------------------------------------------------
c 
c total process time since initialization:        51.12    seconds
c total real time since initialization:           51.19    seconds
c maximum resident set size of process:          174.37    MB
c 
c --- [ shutting down ] ------------------------------------------------------
c 
c exit 0
WARNING! DIMACS header mismatch: wrong number of variables.
============================[ Problem Statistics ]=============================
|                                                                             |
|  Number of variables:          2941                                         |
|  Number of clauses:           86465                                         |
|  Parse time:                   0.39 s                                       |
|  Simplification time:          0.01 s                                       |
|                                                                             |
============================[ Search Statistics ]====================================================
| Conflicts |          ORIGINAL         |          LEARNT          | Num Sols |      SUBGRAPHS      |
|           |    Vars  Clauses Literals |    Limit  Clauses Lit/Cl |          | Canonical Noncanon. |
=====================================================================================================
|       101 |    2851    86466  6395028 |     2000      101    162 |        0 |        14         1 |
|       255 |    2851    86470  6395076 |     2000      255    116 |        0 |        15         5 |
|       482 |    2851    86472  6395096 |     2000      482    105 |        0 |        17         7 |
|       821 |    2851    86474  6395118 |     2000      821     98 |        0 |        26         9 |
|      1335 |    2851    86482  6395293 |     2000     1335     95 |        0 |        36        17 |
|      2192 |    2851    86580  6397230 |     3600     1192     64 |        0 |        99       115 |
|      3558 |    2851    86807  6401167 |     3600     2558     68 |        0 |       225       342 |
|      5417 |    2851    86958  6403269 |     5001     2618     49 |        0 |       294       493 |
|      8112 |    2851    87091  6405970 |     6309     2821     40 |        0 |       344       626 |
|     12226 |    2851    87361  6409396 |     7555     3781     36 |        0 |       429       896 |
|     18463 |    2851    87832  6418069 |     8778     6241     43 |        0 |       580      1367 |
|     27264 |    2851    87984  6420667 |    11195     5659     33 |        0 |       657      1519 |
|     40574 |    2851    88320  6425814 |    13599     7173     33 |        0 |       754      1855 |
|     60456 |    2851    88741  6433986 |    16007    12863     51 |        0 |       860      2276 |
|     90862 |    2851    89955  6453870 |    19609    17471     50 |        0 |      1057      3490 |
|    137371 |    2851    92675  6501231 |    24408    21179     50 |        0 |      1464      6210 |
|    205522 |    2851    95142  6538525 |    30418    22340     43 |        0 |      1778      8677 |
|    308435 |    2851    99529  6605853 |    37613    25048     41 |        0 |      2325     13064 |
|    471999 |    2851   115304  6823728 |    46009    44408     50 |        0 |      3882     28839 |
|    717227 |    2816    74071  5241532 |    49386    24013     51 |        0 |      8132     52384 |
=====================================================================================================
Number of solutions   : 0
Canonical subgraphs   : 8466           (28 /sec)
          order  3    : 1              (200000 /sec)
          order  4    : 1              (500000 /sec)
          order  5    : 1              (250000 /sec)
          order  6    : 1              (58824 /sec)
          order  7    : 1              (8850 /sec)
          order  8    : 2              (1361 /sec)
          order  9    : 6              (315 /sec)
          order 10    : 23             (144 /sec)
          order 11    : 113            (64 /sec)
          order 12    : 499            (49 /sec)
          order 13    : 2601           (38 /sec)
          order 14    : 3593           (24 /sec)
          order 15    : 1360           (23 /sec)
          order 16    : 246            (16 /sec)
          order 17    : 2              (17 /sec)
          order 18    : 2              (14 /sec)
          order 19    : 7              (21 /sec)
          order 20    : 7              (21 /sec)
          order 21    : 0              (-nan /sec)
Noncanonical subgraphs: 55772          (1495 /sec)
          order  3    : 0              (-nan /sec)
          order  4    : 0              (-nan /sec)
          order  5    : 0              (-nan /sec)
          order  6    : 0              (-nan /sec)
          order  7    : 0              (-nan /sec)
          order  8    : 0              (-nan /sec)
          order  9    : 0              (-nan /sec)
          order 10    : 0              (-nan /sec)
          order 11    : 0              (-nan /sec)
          order 12    : 0              (-nan /sec)
          order 13    : 7799           (9223 /sec)
          order 14    : 42375          (1394 /sec)
          order 15    : 5035           (1375 /sec)
          order 16    : 467            (543 /sec)
          order 17    : 63             (98 /sec)
          order 18    : 0              (-nan /sec)
          order 19    : 15             (481 /sec)
          order 20    : 0              (-nan /sec)
Canonicity checking   : 305.206 s
Noncanonicity checking: 37.2965 s
Total canonicity time : 342.502 s
database reductions   : 49
restarts              : 1724
conflicts             : 805886         (1642 /sec)
decisions             : 1081050        (0.00 % random) (2203 /sec)
propagations          : 36884964       (75160 /sec)
conflict literals     : 59962441       (54.88 % deleted)
actual reward         : 0.246918
Memory used           : 125.00 MB
CPU time              : 490.755 s

UNSATISFIABLE
