c --- [ banner ] -------------------------------------------------------------
c 
c CaDiCaL Radically Simplified CDCL SAT Solver
c Copyright (c) 2016-2021 A. Biere, M. Fleury, N. Froleyks
c 
c Version 1.5.2 ca9bff05c11bde5eae4912f9932871d1527e61d8
c g++ (GCC) 9.3.0 -Wall -Wextra -O3 -DNDEBUG
c Sun May 1 02:23:23 EDT 2022 Linux gra-login1 3.10.0-1160.59.1.el7.x86_64 x86_64
c 
c --- [ limit ] --------------------------------------------------------------
c 
c setting conflict limit to 200000 conflicts (due to '200000')
c 
c --- [ parsing input ] ------------------------------------------------------
c 
c reading DIMACS file from '12.cubes1110.adj'
c opening file to read '12.cubes1110.adj'
c found 'p cnf 5320 924209' header
c parsed 924209 clauses in 8.16 seconds process time
c closing file '12.cubes1110.adj'
c after reading 686668107 bytes 654.9 MB
c 
c --- [ options ] ------------------------------------------------------------
c 
c all options are set to their default value
c 
c --- [ solving ] ------------------------------------------------------------
c 
c time measured in process time since initialization
c 
c  seconds   reductions  redundant  irredundant
c          MB    restarts       trail      variables
c           level   conflicts       glue        remaining
c 
c *  8.16 688  0 0   0    0    0  0% 0 923580 3956 74%
c {  8.91 726  0 0   0    0    0  0% 0 923580 3956 74%
c i  9.22 731 73 0   0    2    1 38% 4 923580 3945 74%
c i 10.49 759 91 0   4   62   52 50% 17 923580 3922 74%
c i 10.74 761 99 0   4  107   80 47% 16 923580 3909 73%
c i 11.15 761 82 0   4  173  126 46% 15 923580 3900 73%
c i 11.18 761 81 0   4  177  129 47% 15 923580 3899 73%
c i 11.77 762 58 0  12  299  215 46% 15 923580 3898 73%
c i 11.78 762 58 0  12  300  215 47% 15 923580 3897 73%
c - 13.55 697 58 1  12  300  215 47% 15 167503 3897 73%
c i 13.75 697 56 1  13  324  235 47% 16 167503 3896 73%
c i 13.78 697 55 1  14  330  238 47% 16 167503 3895 73%
c i 13.78 697 55 1  15  331  238 47% 16 167503 3894 73%
c i 13.78 697 55 1  15  333  239 47% 16 167503 3893 73%
c i 13.78 697 55 1  16  334  239 47% 16 167503 3892 73%
c i 13.78 697 55 1  16  335  239 47% 16 167503 3891 73%
c i 13.78 697 54 1  16  336  239 47% 16 167503 3890 73%
c i 13.78 697 54 1  16  337  239 47% 16 167503 3889 73%
c i 13.78 697 54 1  16  338  239 47% 16 167503 3888 73%
c i 13.79 697 54 1  16  339  239 47% 16 167503 3887 73%
c 
c  seconds   reductions  redundant   irredundant
c          MB    restarts       trail       variables
c           level   conflicts       glue         remaining
c 
c i 13.81 697 54 1  16  345  244 47% 16 167503 3886 73%
c i 13.84 697 52 1  16  358  251 48% 16 167503 3885 73%
c i 13.87 697 51 1  16  373  263 48% 16 167503 3884 73%
c i 13.90 697 50 1  16  388  276 48% 15 167503 3883 73%
c i 13.90 697 50 1  16  389  276 48% 15 167503 3882 73%
c i 13.93 697 49 1  16  400  279 48% 15 167503 3881 73%
c i 13.93 697 48 1  16  402  280 48% 15 167503 3880 73%
c i 13.94 697 48 1  16  412  282 48% 15 167503 3879 73%
c i 13.95 697 46 1  16  426  294 49% 15 167503 3878 73%
c i 13.95 697 46 1  16  427  294 49% 15 167503 3877 73%
c i 13.95 697 46 1  16  428  294 49% 15 167503 3876 73%
c i 13.95 697 46 1  16  429  294 49% 15 167503 3875 73%
c i 13.99 697 45 1  16  455  315 49% 15 167503 3874 73%
c i 14.04 697 44 1  17  466  321 49% 15 167503 3873 73%
c i 14.18 697 46 1  26  505  340 49% 17 167503 3872 73%
c i 14.60 697 48 1  42  571  391 49% 18 167503 3870 73%
c i 14.66 697 48 1  45  585  402 49% 18 167503 3869 73%
c i 14.76 697 47 1  48  599  412 49% 18 167503 3868 73%
c i 14.90 697 45 1  50  641  438 49% 18 167503 3867 73%
c i 14.91 697 45 1  52  645  441 49% 18 167503 3866 73%
c 
c  seconds   reductions  redundant   irredundant
c          MB    restarts       trail       variables
c           level   conflicts       glue         remaining
c 
c i 15.01 697 43 1  57  692  462 49% 18 167503 3865 73%
c i 15.02 697 43 1  57  693  462 49% 18 167503 3864 73%
c i 15.11 697 43 1  57  706  474 49% 18 167503 3863 73%
c i 15.12 697 43 1  57  712  479 49% 18 167503 3862 73%
c i 15.12 697 43 1  57  713  479 49% 18 167503 3861 73%
c i 15.18 697 44 1  65  745  501 49% 18 167503 3860 73%
c i 15.32 697 44 1  75  785  534 50% 19 167503 3859 73%
c i 15.40 697 44 1  83  815  556 50% 19 167503 3858 73%
c i 15.40 697 44 1  84  817  556 50% 19 167503 3857 72%
c i 15.40 697 44 1  84  819  557 50% 19 167503 3856 72%
c i 15.41 697 44 1  87  830  563 50% 19 167503 3855 72%
c i 15.42 697 44 1  88  837  568 50% 19 167503 3854 72%
c i 15.74 697 44 1 108  965  671 50% 19 167503 3853 72%
c i 15.76 697 44 1 108  969  674 50% 19 167503 3852 72%
c i 15.77 697 44 1 108  975  677 50% 19 167503 3851 72%
c i 15.77 697 44 1 108  977  678 50% 19 167503 3850 72%
c i 15.77 697 44 1 108  978  678 50% 19 167503 3849 72%
c i 15.77 697 43 1 108  980  679 50% 19 167503 3848 72%
c } 15.79 697 43 1 108 1001  693 50% 19 167503 3848 72%
c [ 15.79 697  0 1 108 1001  693  0% 0 167503 3848 72%
c 
c  seconds   reductions  redundant  irredundant
c          MB    restarts       trail      variables
c           level   conflicts       glue        remaining
c 
c O 15.80 697  3 1 108 1002  694 34% 1 167503 3848 72%
c i 15.81 697  2 1 108 1013  698 35% 2 167503 3806 72%
c - 16.22 755 11 2 108 1034  626 43% 8 166878 3806 72%
c i 16.30 755 14 2 108 1055  640 49% 10 166878 3805 72%
c i 16.33 755 15 2 108 1083  661 52% 11 166878 3804 72%
c i 16.34 755 15 2 108 1094  669 53% 11 166878 3803 71%
c i 16.40 755 16 2 108 1161  711 55% 13 166878 3802 71%
c ] 16.41 755 16 2 108 1166  715 55% 13 166878 3802 71%
c 1 16.41 755 16 2 108 1166  715 55% 13 166878 3802 71%
c 
c --- [ writing output ] -----------------------------------------------------
c 
c writing simplified CNF to DIMACS file 'simp/12.cubes1110.adj.simp1'
c * 16.41 755 16 2 108 1166  715 55% 13 166878 3802 71%
c opening file to write 'simp/12.cubes1110.adj.simp1'
c writing 'p cnf 5320 166866' header
c closing file 'simp/12.cubes1110.adj.simp1'
c after writing 62946637 bytes 60.0 MB
c wrote 166866 clauses in 0.41 seconds process time
c 
c --- [ writing extension ] --------------------------------------------------
c 
c writing extension stack to 'simp/12.cubes1110.adj.ext1'
c opening file to write 'simp/12.cubes1110.adj.ext1'
c closing file 'simp/12.cubes1110.adj.ext1'
c after writing 21986 bytes 0.0 MB
c wrote 1518 witnesses in 0.00 seconds process time
c 
c --- [ result ] -------------------------------------------------------------
c 
s SATISFIABLE
c 
c --- [ run-time profiling ] -------------------------------------------------
c 
c process time taken by individual solving procedures
c (percentage relative to process time for solving)
c 
c         8.25  100.00% search
c         8.16   98.92% parse
c         6.89   83.51% unstable
c         0.75    9.06% lucky
c         0.61    7.43% stable
c         0.00    0.00% simplify
c   =================================
c         8.25   49.04% solve
c 
c last line shows process time for solving
c (percentage relative to total process time)
c 
c --- [ statistics ] ---------------------------------------------------------
c 
c chronological:               381        32.68 %  of conflicts
c conflicts:                  1166       141.39    per second
c decisions:                  9223      1118.39    per second
c fixed:                      1518        28.53 %  of all variables
c learned:                    1134        97.26 %  per conflict
c learned_lits:             113002       100.00 %  learned literals
c minimized:                     0         0.00 %  learned literals
c shrunken:                  56768        50.24 %  learned literals
c minishrunken:               8018         7.10 %  learned literals
c propagations:             319509         0.04 M  per second
c reduced:                      83         7.12 %  per conflict
c rephased:                      1      1166.00    interval
c restarts:                    108        10.80    interval
c stabilizing:                   1        14.15 %  of conflicts
c subsumed:                    267         0.01 %  of all clauses
c 
c seconds are measured in process time for solving
c 
c --- [ resources ] ----------------------------------------------------------
c 
c total process time since initialization:        16.82    seconds
c total real time since initialization:           16.95    seconds
c maximum resident set size of process:          762.34    MB
c 
c --- [ shutting down ] ------------------------------------------------------
c 
c exit 10
c --- [ banner ] -------------------------------------------------------------
c 
c CaDiCaL Radically Simplified CDCL SAT Solver
c Copyright (c) 2016-2021 A. Biere, M. Fleury, N. Froleyks
c 
c Version 1.5.2 ca9bff05c11bde5eae4912f9932871d1527e61d8
c g++ (GCC) 9.3.0 -Wall -Wextra -O3 -DNDEBUG
c Sun May 1 02:23:23 EDT 2022 Linux gra-login1 3.10.0-1160.59.1.el7.x86_64 x86_64
c 
c --- [ limit ] --------------------------------------------------------------
c 
c setting conflict limit to 200000 conflicts (due to '200000')
c 
c --- [ parsing input ] ------------------------------------------------------
c 
c reading DIMACS file from 'simp/12.cubes1110.adj.simp1'
c opening file to read 'simp/12.cubes1110.adj.simp1'
c found 'p cnf 5320 166866' header
c parsed 166866 clauses in 0.73 seconds process time
c closing file 'simp/12.cubes1110.adj.simp1'
c after reading 62946637 bytes 60.0 MB
c 
c --- [ options ] ------------------------------------------------------------
c 
c all options are set to their default value
c 
c --- [ solving ] ------------------------------------------------------------
c 
c time measured in process time since initialization
c 
c  seconds  reductions  redundant  irredundant
c         MB    restarts       trail      variables
c          level   conflicts       glue        remaining
c 
c *  0.74 68  0 0   0    0    0  0% 0 166866 3787 71%
c {  0.81 75  0 0   0    0    0  0% 0 166866 3787 71%
c i  1.10 86 66 0   7   59   57 26% 20 166866 3786 71%
c i  1.13 86 58 0   7   73   69 26% 21 166866 3785 71%
c i  1.19 87 50 0   7  100   86 24% 18 166866 3784 71%
c i  1.21 87 47 0   7  112   96 25% 18 166866 3783 71%
c i  1.24 87 48 0   8  120  102 25% 20 166866 3782 71%
c i  1.44 90 38 0  13  215  164 23% 16 166866 3781 71%
c i  1.46 90 37 0  13  228  175 23% 16 166866 3780 71%
c i  1.46 90 36 0  13  229  175 23% 16 166866 3779 71%
c i  1.46 90 36 0  13  230  175 23% 16 166866 3778 71%
c i  1.50 90 33 0  13  290  195 21% 14 166866 3777 71%
c i  1.52 90 33 0  13  297  201 21% 14 166866 3776 71%
c -  1.62 88 33 1  13  300  204 21% 14 166833 3776 71%
c i  1.86 86 32 1  20  391  272 21% 14 166833 3775 71%
c i  1.87 86 32 1  20  395  275 21% 14 166833 3774 71%
c i  1.92 86 35 1  25  420  294 21% 15 166833 3773 71%
c i  2.13 87 35 1  41  504  338 20% 16 166833 3772 71%
c i  2.14 87 35 1  41  505  338 20% 16 166833 3771 71%
c i  2.17 88 35 1  41  520  352 20% 16 166833 3770 71%
c 
c  seconds  reductions  redundant   irredundant
c         MB    restarts       trail       variables
c          level   conflicts       glue         remaining
c 
c i  2.19 88 35 1  41  525  356 20% 16 166833 3769 71%
c i  2.31 89 35 1  50  566  394 21% 17 166833 3768 71%
c i  2.36 90 34 1  56  586  411 21% 17 166833 3767 71%
c i  2.36 90 34 1  56  587  411 21% 17 166833 3766 71%
c i  2.40 90 35 1  58  594  416 21% 17 166833 3765 71%
c i  2.50 91 37 1  66  626  440 21% 18 166833 3764 71%
c i  2.66 92 36 1  78  686  488 21% 18 166833 3763 71%
c i  2.66 92 36 1  78  687  488 21% 18 166833 3762 71%
c i  2.70 92 34 1  78  740  515 21% 17 166833 3761 71%
c i  2.70 92 34 1  78  743  517 21% 17 166833 3760 71%
c i  2.70 92 34 1  78  744  517 21% 17 166833 3759 71%
c i  2.70 92 34 1  78  745  517 21% 17 166833 3758 71%
c i  2.77 93 34 1  78  786  537 21% 17 166833 3757 71%
c i  2.78 93 34 1  78  792  541 21% 17 166833 3756 71%
c i  2.96 94 35 1  83  874  591 21% 17 166833 3755 71%
c i  2.96 94 35 1  83  879  594 21% 17 166833 3754 71%
c i  3.05 94 34 1  83  940  628 21% 16 166833 3753 71%
c i  3.08 94 34 1  83  947  634 21% 16 166833 3752 71%
c i  3.14 94 34 1  83  955  639 21% 17 166833 3751 71%
c i  3.15 95 34 1  83  961  644 21% 16 166833 3750 70%
c 
c  seconds  reductions  redundant   irredundant
c         MB    restarts       trail       variables
c          level   conflicts       glue         remaining
c 
c i  3.20 95 34 1  83  981  651 21% 17 166833 3749 70%
c }  3.24 95 34 1  83 1001  653 21% 16 166833 3749 70%
c [  3.24 95  0 1  83 1001  653  0% 0 166833 3749 70%
c O  3.24 95  1 1  83 1002  653  2% 0 166833 3749 70%
c i  3.24 95  1 1  83 1002  653  2% 0 166833 3734 70%
c -  3.52 147 49 2  83 1034  586 19% 12 166564 3734 70%
c i  3.55 136 45 2  83 1041  591 21% 13 166564 3733 70%
c ]  3.65 136 35 2  83 1096  633 26% 19 166564 3733 70%
c 1  3.65 136 35 2  83 1096  633 26% 19 166564 3733 70%
c 
c --- [ writing output ] -----------------------------------------------------
c 
c writing simplified CNF to DIMACS file 'simp/12.cubes1110.adj.simp2'
c *  3.65 136 35 2  83 1096  633 26% 19 166564 3733 70%
c opening file to write 'simp/12.cubes1110.adj.simp2'
c writing 'p cnf 5320 166561' header
c closing file 'simp/12.cubes1110.adj.simp2'
c after writing 54831512 bytes 52.3 MB
c wrote 166561 clauses in 0.36 seconds process time
c 
c --- [ writing extension ] --------------------------------------------------
c 
c writing extension stack to 'simp/12.cubes1110.adj.ext2'
c opening file to write 'simp/12.cubes1110.adj.ext2'
c closing file 'simp/12.cubes1110.adj.ext2'
c after writing 832 bytes 0.0 MB
c wrote 54 witnesses in 0.00 seconds process time
c 
c --- [ result ] -------------------------------------------------------------
c 
s SATISFIABLE
c 
c --- [ run-time profiling ] -------------------------------------------------
c 
c process time taken by individual solving procedures
c (percentage relative to process time for solving)
c 
c         2.92   99.99% search
c         2.43   83.26% unstable
c         0.73   25.19% parse
c         0.41   14.10% stable
c         0.08    2.63% lucky
c         0.00    0.00% simplify
c   =================================
c         2.92   72.62% solve
c 
c last line shows process time for solving
c (percentage relative to total process time)
c 
c --- [ statistics ] ---------------------------------------------------------
c 
c chronological:               363        33.12 %  of conflicts
c conflicts:                  1096       375.78    per second
c decisions:                 10625      3642.90    per second
c fixed:                        54         1.02 %  of all variables
c learned:                    1068        97.45 %  per conflict
c learned_lits:              83522       100.00 %  learned literals
c minimized:                     0         0.00 %  learned literals
c shrunken:                  41419        49.59 %  learned literals
c minishrunken:               5465         6.54 %  learned literals
c propagations:             252130         0.09 M  per second
c reduced:                      90         8.21 %  per conflict
c rephased:                      1      1096.00    interval
c restarts:                     83        13.20    interval
c stabilizing:                   1         8.67 %  of conflicts
c subsumed:                    304         0.09 %  of all clauses
c 
c seconds are measured in process time for solving
c 
c --- [ resources ] ----------------------------------------------------------
c 
c total process time since initialization:         4.02    seconds
c total real time since initialization:            4.05    seconds
c maximum resident set size of process:          146.54    MB
c 
c --- [ shutting down ] ------------------------------------------------------
c 
c exit 10
c --- [ banner ] -------------------------------------------------------------
c 
c CaDiCaL Radically Simplified CDCL SAT Solver
c Copyright (c) 2016-2021 A. Biere, M. Fleury, N. Froleyks
c 
c Version 1.5.2 ca9bff05c11bde5eae4912f9932871d1527e61d8
c g++ (GCC) 9.3.0 -Wall -Wextra -O3 -DNDEBUG
c Sun May 1 02:23:23 EDT 2022 Linux gra-login1 3.10.0-1160.59.1.el7.x86_64 x86_64
c 
c --- [ limit ] --------------------------------------------------------------
c 
c setting conflict limit to 200000 conflicts (due to '200000')
c 
c --- [ parsing input ] ------------------------------------------------------
c 
c reading DIMACS file from 'simp/12.cubes1110.adj.simp2'
c opening file to read 'simp/12.cubes1110.adj.simp2'
c found 'p cnf 5320 166561' header
c parsed 166561 clauses in 0.65 seconds process time
c closing file 'simp/12.cubes1110.adj.simp2'
c after reading 54831512 bytes 52.3 MB
c 
c --- [ options ] ------------------------------------------------------------
c 
c all options are set to their default value
c 
c --- [ solving ] ------------------------------------------------------------
c 
c time measured in process time since initialization
c 
c  seconds  reductions  redundant  irredundant
c         MB    restarts       trail      variables
c          level   conflicts       glue        remaining
c 
c *  0.65 62  0 0   0    0    0  0% 0 166561 3732 70%
c {  0.70 67  0 0   0    0    0  0% 0 166561 3732 70%
c i  1.19 82 25 0  16  231  118 14% 8 166561 3731 70%
c i  1.32 83 25 0  29  288  163 16% 9 166561 3730 70%
c -  1.39 83 25 1  33  300  169 16% 9 166555 3730 70%
c i  1.46 81 23 1  36  331  188 17% 9 166555 3729 70%
c i  1.47 81 23 1  36  334  190 17% 9 166555 3728 70%
c i  2.16 83 26 1  67  524  338 18% 12 166555 3727 70%
c i  2.16 83 26 1  68  525  338 18% 12 166555 3726 70%
c i  2.54 87 29 1 102  688  457 19% 15 166555 3725 70%
c i  2.61 87 29 1 111  725  485 19% 15 166555 3724 70%
c i  3.02 89 34 1 154  936  629 19% 17 166555 3723 70%
c }  3.25 91 33 1 169 1000  685 20% 17 166555 3723 70%
c [  3.25 91  0 1 169 1000  685  0% 0 166555 3723 70%
c O  3.26 91 31 1 169 1002  687 18% 15 166555 3723 70%
c -  3.54 141 18 2 169 1034  663 19% 15 166534 3723 70%
c i  3.72 141 24 2 169 1218  796 24% 19 166534 3722 70%
c -  4.26 130 24 3 170 2134 1140 24% 20 166531 3722 70%
c i  4.47 130 23 3 170 2403 1320 34% 19 166531 3721 70%
c ]  4.79 130 23 3 170 3000 1706 37% 19 166531 3721 70%
c 
c  seconds   reductions  redundant   irredundant
c          MB    restarts       trail       variables
c           level   conflicts       glue         remaining
c 
c {  4.79 130 33 3 170 3000 1706 28% 17 166531 3721 70%
c F  4.81 130 34 3 171 3003 1709 28% 17 166531 3721 70%
c -  5.33 124 30 4 188 3599 1562 30% 17 166528 3721 70%
c d  6.02 124 22 4 188 5001 2485 33% 14 166479 3701 70%
c 2  6.06 124 22 4 188 5001 4568 33% 14 166426 3701 70%
c p 10.14 124 22 4 188 5001 9884 33% 14 166426 3619 68%
c d 10.34 124 22 4 188 5001 9074 33% 14 165896 3618 68%
c - 10.90 122 21 5 196 5431 1927 34% 14 165896 3618 68%
c # 11.34 122 20 5 219 6005 2235 34% 14 165896 3618 68%
c } 12.98 122 22 5 303 7000 2921 34% 14 165896 3618 68%
c [ 12.98 122 23 5 303 7000 2921 37% 19 165896 3618 68%
c - 13.49 122 21 6 304 7627 2335 36% 18 165896 3618 68%
c I 15.35 122 19 6 305 10007 3748 36% 17 165896 3618 68%
c - 15.70 122 22 7 305 10189 2772 36% 18 165896 3618 68%
c s 16.71 122 26 7 306 10960 3189 35% 21 164067 3618 68%
c v 18.77 122 26 7 306 10960 3189 35% 21 164051 3618 68%
c t 18.82 122 26 7 306 10960 3179 35% 21 163975 3618 68%
c e 19.12 125 26 7 306 10960 2887 35% 21 158369 680 13%
c s 19.19 125 26 7 306 10960 2886 35% 21 158135 680 13%
c - 20.91 115 27 8 307 13119 3188 71% 22 158135 680 13%
c 
c  seconds   reductions   redundant   irredundant
c          MB    restarts        trail       variables
c           level    conflicts       glue        remaining
c 
c ] 22.23 115 26 8 308 15002 4318 71% 22 158135 680 13%
c { 22.23 115 22 8 308 15002 4318 184% 14 158135 680 13%
c p 22.76 115 22 8 309 15002 5641 184% 14 158135 680 13%
c B 22.84 115 22 8 311 15012 5651 184% 14 158135 680 13%
c - 23.84 115 21 9 378 16359 3567 159% 14 158135 680 13%
c - 27.48 114 19 10 528 19957 4057 126% 14 158135 680 13%
c W 29.11 114 20 10 612 21015 4684 120% 14 158135 680 13%
c - 32.78 113 20 11 832 23915 4424 109% 14 158135 680 13%
c F 37.15 113 20 11 1167 28016 7030 99% 14 158135 680 13%
c - 37.45 114 20 12 1179 28231 5217 99% 14 158135 680 13%
c p 39.71 114 19 12 1216 30002 8124 96% 14 158135 679 13%
c } 40.74 114 19 12 1277 31002 8756 95% 14 158135 679 13%
c [ 40.74 114 26 12 1277 31002 8756 71% 22 158135 679 13%
c ] 40.88 114 26 12 1277 31325 8944 71% 21 158135 679 13%
c 1 40.88 114 26 12 1277 31325 8944 71% 21 158135 679 13%
c 
c --- [ writing output ] -----------------------------------------------------
c 
c writing simplified CNF to DIMACS file 'simp/12.cubes1110.adj.simp3'
c * 40.88 114 26 12 1277 31325 8944 71% 21 158135 679 13%
c opening file to write 'simp/12.cubes1110.adj.simp3'
c writing 'p cnf 5320 158132' header
c closing file 'simp/12.cubes1110.adj.simp3'
c after writing 50249959 bytes 47.9 MB
c wrote 158132 clauses in 0.33 seconds process time
c 
c --- [ writing extension ] --------------------------------------------------
c 
c writing extension stack to 'simp/12.cubes1110.adj.ext3'
c opening file to write 'simp/12.cubes1110.adj.ext3'
c closing file 'simp/12.cubes1110.adj.ext3'
c after writing 150328 bytes 0.1 MB
c wrote 6254 witnesses in 0.00 seconds process time
c 
c --- [ result ] -------------------------------------------------------------
c 
s SATISFIABLE
c 
c --- [ run-time profiling ] -------------------------------------------------
c 
c process time taken by individual solving procedures
c (percentage relative to process time for solving)
c 
c        31.16   77.48% search
c        22.82   56.73% unstable
c         9.06   22.52% simplify
c         8.15   20.26% stable
c         5.73   14.24% probe
c         2.09    5.21% vivify
c         0.65    1.62% parse
c         0.53    1.32% elim
c         0.15    0.38% subsume
c         0.15    0.37% walk
c         0.07    0.18% ternary
c         0.05    0.13% lucky
c   =================================
c        40.22   97.61% solve
c 
c last line shows process time for solving
c (percentage relative to total process time)
c 
c --- [ statistics ] ---------------------------------------------------------
c 
c chronological:              5920        18.90 %  of conflicts
c conflicts:                 31325       778.75    per second
c decisions:                 72081      1791.97    per second
c eliminated:                 2938        55.23 %  of all variables
c fixed:                        94         1.77 %  of all variables
c learned:                   30625        97.77 %  per conflict
c learned_lits:            3928774       100.00 %  learned literals
c minimized:                     0         0.00 %  learned literals
c shrunken:                2440598        62.12 %  learned literals
c minishrunken:             280151         7.13 %  learned literals
c propagations:            3868006         0.10 M  per second
c reduced:                   12504        39.92 %  per conflict
c rephased:                      7      4475.00    interval
c restarts:                   1277        24.53    interval
c stabilizing:                   3        32.96 %  of conflicts
c substituted:                  21         0.39 %  of all variables
c subsumed:                  13166         2.29 %  of all clauses
c strengthened:               8884         1.55 %  of all clauses
c ternary:                    2902         0.58 %  of resolved
c vivified:                     20         0.00 %  of all clauses
c walked:                        1     31325.00    interval
c weakened:                   6160         2.96    average size
c 
c seconds are measured in process time for solving
c 
c --- [ resources ] ----------------------------------------------------------
c 
c total process time since initialization:        41.21    seconds
c total real time since initialization:           41.38    seconds
c maximum resident set size of process:          188.11    MB
c 
c --- [ shutting down ] ------------------------------------------------------
c 
c exit 10
WARNING! DIMACS header mismatch: wrong number of variables.
============================[ Problem Statistics ]=============================
|                                                                             |
|  Number of variables:          2726                                         |
|  Number of clauses:          158132                                         |
|  Parse time:                   0.77 s                                       |
|  Simplification time:          0.02 s                                       |
|                                                                             |
============================[ Search Statistics ]====================================================
| Conflicts |          ORIGINAL         |          LEARNT          | Num Sols |      SUBGRAPHS      |
|           |    Vars  Clauses Literals |    Limit  Clauses Lit/Cl |          | Canonical Noncanon. |
=====================================================================================================
|       174 |    2635   158206 11454949 |     2000      174     24 |        0 |        30        74 |
|       464 |    2635   158346 11457410 |     2000      464     31 |        0 |        56       214 |
|       854 |    2635   158511 11459996 |     2000      854     29 |        0 |       104       379 |
|      1677 |    2635   158997 11467605 |     2000     1677     22 |        0 |       241       865 |
|      2983 |    2635   159797 11479944 |     3601     1984     20 |        0 |       500      1665 |
|      4161 |    2635   160216 11486939 |     3601     3162     25 |        0 |       679      2084 |
|      8114 |    2635   163030 11528845 |     6304     2818     12 |        0 |      1029      4898 |
|     12127 |    2635   165335 11564275 |     7555     3682     15 |        0 |      1534      7203 |
|     16189 |    2635   166835 11584829 |     8781     3970     16 |        0 |      1693      8703 |
|     22031 |    2635   168833 11615878 |     9994     5425     26 |        0 |      1944     10701 |
|     29644 |    2635   170680 11647443 |    11205     8049     36 |        0 |      2265     12548 |
|     46004 |    2635   178391 11745231 |    13612    12616     23 |        0 |      3249     20259 |
|     61724 |    2634   181137 11780737 |    16006    14130     42 |        0 |      3615     23005 |
|     89191 |    2634   189143 11878980 |    19612    15803     31 |        0 |      4476     31011 |
=====================================================================================================
Number of solutions   : 0
Canonical subgraphs   : 4949           (199 /sec)
          order  3    : 1              (250000 /sec)
          order  4    : 1              (1000000 /sec)
          order  5    : 1              (250000 /sec)
          order  6    : 1              (52632 /sec)
          order  7    : 2              (9709 /sec)
          order  8    : 6              (2540 /sec)
          order  9    : 25             (819 /sec)
          order 10    : 110            (359 /sec)
          order 11    : 523            (247 /sec)
          order 12    : 3333           (202 /sec)
          order 13    : 924            (161 /sec)
          order 14    : 22             (102 /sec)
          order 15    : 0              (-nan /sec)
          order 16    : 0              (-nan /sec)
          order 17    : 0              (-nan /sec)
          order 18    : 0              (-nan /sec)
          order 19    : 0              (-nan /sec)
          order 20    : 0              (-nan /sec)
          order 21    : 0              (-nan /sec)
Noncanonical subgraphs: 38806          (1253 /sec)
          order  3    : 0              (-nan /sec)
          order  4    : 0              (-nan /sec)
          order  5    : 0              (-nan /sec)
          order  6    : 0              (-nan /sec)
          order  7    : 0              (-nan /sec)
          order  8    : 0              (-nan /sec)
          order  9    : 0              (-nan /sec)
          order 10    : 0              (-nan /sec)
          order 11    : 0              (-nan /sec)
          order 12    : 0              (-nan /sec)
          order 13    : 36517          (1250 /sec)
          order 14    : 2270           (1298 /sec)
          order 15    : 19             (1890 /sec)
          order 16    : 0              (-nan /sec)
          order 17    : 0              (-nan /sec)
          order 18    : 0              (-nan /sec)
          order 19    : 0              (-nan /sec)
          order 20    : 0              (-nan /sec)
Canonicity checking   : 24.9226 s
Noncanonicity checking: 30.9648 s
Total canonicity time : 55.8874 s
database reductions   : 16
restarts              : 300
conflicts             : 112657         (1042 /sec)
decisions             : 185616         (0.00 % random) (1717 /sec)
propagations          : 5094486        (47112 /sec)
conflict literals     : 5447868        (52.38 % deleted)
actual reward         : 0.204620
Memory used           : 146.00 MB
CPU time              : 108.135 s

UNSATISFIABLE
