c --- [ banner ] -------------------------------------------------------------
c 
c CaDiCaL Radically Simplified CDCL SAT Solver
c Copyright (c) 2016-2021 A. Biere, M. Fleury, N. Froleyks
c 
c Version 1.5.2 ca9bff05c11bde5eae4912f9932871d1527e61d8
c g++ (GCC) 9.3.0 -Wall -Wextra -O3 -DNDEBUG
c Sun May 1 02:23:23 EDT 2022 Linux gra-login1 3.10.0-1160.59.1.el7.x86_64 x86_64
c 
c --- [ limit ] --------------------------------------------------------------
c 
c setting conflict limit to 200000 conflicts (due to '200000')
c 
c --- [ parsing input ] ------------------------------------------------------
c 
c reading DIMACS file from '12.cubes1150.adj'
c opening file to read '12.cubes1150.adj'
c found 'p cnf 5320 924208' header
c parsed 924208 clauses in 8.09 seconds process time
c closing file '12.cubes1150.adj'
c after reading 686668099 bytes 654.9 MB
c 
c --- [ options ] ------------------------------------------------------------
c 
c all options are set to their default value
c 
c --- [ solving ] ------------------------------------------------------------
c 
c time measured in process time since initialization
c 
c  seconds   reductions  redundant  irredundant
c          MB    restarts       trail      variables
c           level   conflicts       glue        remaining
c 
c *  8.09 692  0 0   0    0    0  0% 0 923580 4017 76%
c {  8.67 725  0 0   0    0    0  0% 0 923580 4017 76%
c i  8.74 725  7 0   0    2    1 30% 5 923580 3833 72%
c i  9.11 738 77 0   0    5    2 38% 6 923580 3827 72%
c i  9.98 759 84 0   7   68   51 47% 9 923580 3819 72%
c i 10.22 761 72 0  12   88   68 49% 13 923580 3818 72%
c i 10.24 761 72 0  13   89   68 49% 12 923580 3817 72%
c i 10.24 761 71 0  13   90   68 49% 12 923580 3816 72%
c i 10.24 761 70 0  13   91   68 49% 12 923580 3815 72%
c i 10.25 761 69 0  14   93   69 49% 12 923580 3814 72%
c i 10.72 764 61 0  28  146  112 50% 17 923580 3813 72%
c i 10.86 765 59 0  33  167  126 50% 18 923580 3812 72%
c i 11.52 766 55 0  55  274  206 49% 21 923580 3811 72%
c - 13.34 682 56 1  60  301  221 49% 24 96195 3811 72%
c i 13.59 682 51 1  74  389  288 50% 24 96195 3810 72%
c i 13.60 682 49 1  74  407  304 50% 23 96195 3809 72%
c i 13.60 682 49 1  74  408  304 50% 23 96195 3808 72%
c i 13.60 682 49 1  74  409  304 50% 23 96195 3807 72%
c i 13.60 682 49 1  74  415  308 50% 23 96195 3806 72%
c i 13.60 682 49 1  74  419  310 50% 23 96195 3805 72%
c 
c  seconds   reductions  redundant   irredundant
c          MB    restarts       trail      variables
c           level   conflicts       glue        remaining
c 
c i 13.61 682 49 1  74  421  311 50% 23 96195 3804 72%
c i 13.62 682 49 1  75  427  315 50% 24 96195 3803 71%
c i 13.70 682 50 1  84  460  345 51% 24 96195 3802 71%
c i 13.74 682 51 1  87  492  367 50% 24 96195 3801 71%
c i 13.75 682 51 1  87  496  370 50% 24 96195 3800 71%
c i 13.75 682 51 1  87  497  370 50% 24 96195 3799 71%
c i 13.75 682 51 1  87  498  370 50% 24 96195 3798 71%
c i 13.76 682 51 1  87  499  370 50% 24 96195 3797 71%
c i 13.77 682 51 1  87  519  386 51% 24 96195 3796 71%
c i 13.79 682 51 1  87  532  398 51% 24 96195 3795 71%
c i 14.03 682 52 1  97  716  552 51% 24 96195 3794 71%
c i 14.09 682 52 1  97  796  610 51% 23 96195 3793 71%
c i 14.11 682 52 1  97  866  657 51% 22 96195 3792 71%
c i 14.11 682 52 1  97  871  661 51% 22 96195 3791 71%
c i 14.11 682 52 1  97  875  664 51% 22 96195 3790 71%
c - 14.24 710 51 2  97  902  574 51% 22 96133 3790 71%
c } 14.29 710 48 2  97 1000  644 51% 22 96133 3790 71%
c [ 14.29 710  0 2  97 1000  644  0% 0 96133 3790 71%
c O 14.29 710 16 2  97 1004  647 53% 14 96133 3790 71%
c i 14.30 710  6 2  97 1020  651 41% 5 96133 3748 70%
c 
c  seconds   reductions  redundant  irredundant
c          MB    restarts       trail     variables
c           level   conflicts       glue       remaining
c 
c i 14.30 710  5 2  97 1027  652 40% 4 96133 3688 69%
c i 14.30 710  5 2  97 1028  652 39% 4 96133 3671 69%
c i 14.31 710  5 2  97 1036  658 40% 4 96133 3670 69%
c i 14.31 710  5 2  97 1037  658 41% 4 96133 3669 69%
c i 14.31 710  5 2  97 1039  659 41% 4 96133 3668 69%
c i 14.31 710  5 2  97 1040  659 42% 4 96133 3667 69%
c i 14.33 710  7 2  97 1059  676 46% 5 96133 3666 69%
c i 14.34 710  9 2  97 1078  689 49% 7 96133 3665 69%
c i 14.34 710  9 2  97 1093  698 50% 7 96133 3664 69%
c i 14.36 710 13 2  97 1207  774 53% 10 96133 3663 69%
c i 14.37 710 13 2  97 1284  828 53% 10 96133 3662 69%
c i 14.44 710 19 2  97 1587 1048 54% 15 96133 3661 69%
c i 14.46 710 19 2  97 1690 1102 55% 15 96133 3660 69%
c - 14.56 683 20 3  97 1806  855 55% 17 85129 3660 69%
c i 14.69 683 20 3  97 2017  972 55% 16 85129 3659 69%
c i 14.73 683 19 3  98 2143 1037 55% 16 85129 3658 69%
c i 14.76 683 19 3  98 2264 1117 55% 16 85129 3657 69%
c i 14.81 683 19 3  98 2404 1199 55% 16 85129 3656 69%
c i 14.82 683 19 3  98 2423 1214 55% 15 85129 3655 69%
c i 14.82 683 19 3  98 2426 1214 55% 15 85129 3654 69%
c 
c  seconds   reductions  redundant   irredundant
c          MB    restarts       trail      variables
c           level   conflicts       glue        remaining
c 
c i 14.82 683 18 3  98 2427 1214 55% 15 85129 3653 69%
c i 14.95 683 17 3  98 2824 1417 54% 14 85129 3652 69%
c i 14.99 683 17 3  98 2923 1451 54% 14 85129 3651 69%
c ] 15.01 683 17 3  98 3001 1503 54% 14 85129 3651 69%
c { 15.01 683 48 3  98 3001 1503 51% 22 85129 3651 69%
c F 15.08 694 48 3  98 3006 1507  5% 22 85102 3651 69%
c - 15.10 694 48 4  98 3006 1087  5% 22 85102 3651 69%
c i 15.15 694 47 4  98 3053 1124 30% 21 85102 3650 69%
c i 15.19 694 47 4  98 3083 1149 32% 21 85102 3649 69%
c i 15.26 694 46 4 107 3202 1229 33% 22 85102 3648 69%
c i 15.31 694 44 4 118 3320 1310 33% 22 85102 3647 69%
c i 15.39 694 39 4 125 3746 1565 33% 20 85102 3646 69%
c i 15.45 694 35 4 126 4142 1793 34% 19 85102 3645 69%
c i 15.47 694 35 4 126 4189 1812 34% 19 85102 3644 68%
c i 15.50 694 33 4 126 4368 1896 34% 19 85102 3643 68%
c i 15.54 694 33 4 126 4441 1944 34% 18 85102 3642 68%
c - 15.60 694 33 5 126 4510 1438 34% 18 85078 3642 68%
c 2 15.84 694 30 5 126 5006 3353 34% 17 85003 3631 68%
c p 17.82 694 30 5 126 5006 9933 34% 17 85003 3587 67%
c d 17.89 694 30 5 126 5006 9371 34% 17 84870 3586 67%
c 
c  seconds   reductions  redundant   irredundant
c          MB    restarts       trail      variables
c           level   conflicts       glue        remaining
c 
c # 18.26 694 25 5 126 6009 9933 34% 15 84870 3586 67%
c - 18.50 694 25 6 139 6310 1908 34% 15 84870 3586 67%
c } 18.98 694 26 6 211 7006 2359 33% 16 84870 3586 67%
c [ 18.98 694 17 6 211 7006 2359 79% 14 84870 3586 67%
c - 19.35 694 17 7 212 8410 2186 60% 14 84870 3586 67%
c I 19.80 694 16 7 213 10012 2931 52% 14 84870 3586 67%
c - 20.05 694 22 8 214 10814 2620 49% 18 84870 3586 67%
c - 20.73 694 28 9 216 13515 3549 44% 23 84870 3586 67%
c ] 21.25 694 29 9 216 15010 4607 42% 23 84870 3586 67%
c { 21.25 694 26 9 216 15010 4607 33% 16 84870 3586 67%
c 2 21.28 694 26 9 217 15010 6293 33% 16 84869 3586 67%
c p 21.65 694 26 9 217 15010 12483 33% 16 84869 3586 67%
c B 21.67 694 26 9 217 15013 12486 33% 16 84869 3586 67%
c } 21.70 694 26 9 221 15023 12493 33% 16 84869 3586 67%
c 1 21.70 694 26 9 221 15023 12493 33% 16 84869 3586 67%
c 
c --- [ writing output ] -----------------------------------------------------
c 
c writing simplified CNF to DIMACS file 'simp/12.cubes1150.adj.simp1'
c * 21.70 694 26 9 221 15023 12493 33% 16 84869 3586 67%
c opening file to write 'simp/12.cubes1150.adj.simp1'
c writing 'p cnf 5320 84869' header
c closing file 'simp/12.cubes1150.adj.simp1'
c after writing 22087143 bytes 21.1 MB
c wrote 84869 clauses in 0.15 seconds process time
c 
c --- [ writing extension ] --------------------------------------------------
c 
c writing extension stack to 'simp/12.cubes1150.adj.ext1'
c opening file to write 'simp/12.cubes1150.adj.ext1'
c closing file 'simp/12.cubes1150.adj.ext1'
c after writing 25510 bytes 0.0 MB
c wrote 1746 witnesses in 0.00 seconds process time
c 
c --- [ result ] -------------------------------------------------------------
c 
s SATISFIABLE
c 
c --- [ run-time profiling ] -------------------------------------------------
c 
c process time taken by individual solving procedures
c (percentage relative to process time for solving)
c 
c        11.06   81.24% search
c         8.09   59.41% parse
c         7.47   54.91% unstable
c         3.00   22.02% stable
c         2.55   18.75% simplify
c         2.35   17.25% probe
c         0.59    4.31% lucky
c         0.04    0.29% ternary
c   =================================
c        13.61   62.30% solve
c 
c last line shows process time for solving
c (percentage relative to total process time)
c 
c --- [ statistics ] ---------------------------------------------------------
c 
c chronological:              2955        19.67 %  of conflicts
c conflicts:                 15023      1103.75    per second
c decisions:                 32121      2359.95    per second
c fixed:                      1722        32.37 %  of all variables
c learned:                   14738        98.10 %  per conflict
c learned_lits:            1889222       100.00 %  learned literals
c minimized:                     0         0.00 %  learned literals
c shrunken:                1123566        59.47 %  learned literals
c minishrunken:             141588         7.49 %  learned literals
c propagations:            3279334         0.24 M  per second
c reduced:                    4928        32.80 %  per conflict
c rephased:                      5      3004.60    interval
c restarts:                    221        67.98    interval
c stabilizing:                   2        66.60 %  of conflicts
c substituted:                  12         0.23 %  of all variables
c subsumed:                   5164         0.26 %  of all clauses
c ternary:                    3360         0.52 %  of resolved
c weakened:                     24         2.00    average size
c 
c seconds are measured in process time for solving
c 
c --- [ resources ] ----------------------------------------------------------
c 
c total process time since initialization:        21.85    seconds
c total real time since initialization:           21.93    seconds
c maximum resident set size of process:          766.30    MB
c 
c --- [ shutting down ] ------------------------------------------------------
c 
c exit 10
c --- [ banner ] -------------------------------------------------------------
c 
c CaDiCaL Radically Simplified CDCL SAT Solver
c Copyright (c) 2016-2021 A. Biere, M. Fleury, N. Froleyks
c 
c Version 1.5.2 ca9bff05c11bde5eae4912f9932871d1527e61d8
c g++ (GCC) 9.3.0 -Wall -Wextra -O3 -DNDEBUG
c Sun May 1 02:23:23 EDT 2022 Linux gra-login1 3.10.0-1160.59.1.el7.x86_64 x86_64
c 
c --- [ limit ] --------------------------------------------------------------
c 
c setting conflict limit to 200000 conflicts (due to '200000')
c 
c --- [ parsing input ] ------------------------------------------------------
c 
c reading DIMACS file from 'simp/12.cubes1150.adj.simp1'
c opening file to read 'simp/12.cubes1150.adj.simp1'
c found 'p cnf 5320 84869' header
c parsed 84869 clauses in 0.27 seconds process time
c closing file 'simp/12.cubes1150.adj.simp1'
c after reading 22087143 bytes 21.1 MB
c 
c --- [ options ] ------------------------------------------------------------
c 
c all options are set to their default value
c 
c --- [ solving ] ------------------------------------------------------------
c 
c time measured in process time since initialization
c 
c  seconds  reductions  redundant  irredundant
c         MB    restarts       trail     variables
c          level   conflicts       glue       remaining
c 
c *  0.27 28  0 0   0    0    0  0% 0 84869 3569 67%
c {  0.28 30  0 0   0    0    0  0% 0 84869 3569 67%
c -  0.58 37 35 1  29  300  198 20% 14 84869 3569 67%
c -  1.12 61 32 2  90  900  514 18% 15 84869 3569 67%
c }  1.14 60 30 2  90 1001  573 19% 15 84869 3569 67%
c [  1.14 60  0 2  90 1001  573  0% 0 84869 3569 67%
c O  1.14 60 35 2  90 1002  574  7% 2 84869 3569 67%
c -  1.33 60 46 3  90 1801  889 25% 17 84869 3569 67%
c ]  1.59 60 34 3  91 3008 1536 35% 18 84869 3569 67%
c {  1.59 60 30 3  91 3008 1536 28% 15 84869 3569 67%
c -  1.61 60 30 4  91 3008 1120 28% 15 84869 3569 67%
c F  1.62 60 30 4  91 3009 1121 28% 15 84869 3569 67%
c -  2.70 60 36 5 319 4508 1697 28% 19 84869 3569 67%
c p  3.10 60 34 5 362 5000 9599 29% 19 84869 3569 67%
c #  3.46 60 32 5 421 6010 10270 30% 19 84869 3569 67%
c -  3.57 60 31 6 421 6312 2332 30% 18 84869 3569 67%
c }  3.71 60 30 6 422 7008 2819 31% 18 84869 3569 67%
c [  3.71 60 34 6 422 7008 2819 35% 18 84869 3569 67%
c -  4.02 60 29 7 423 8413 2593 34% 17 84869 3569 67%
c s  4.31 60 27 7 423 9146 2948 34% 17 83183 3569 67%
c 
c  seconds  reductions  redundant   irredundant
c         MB    restarts       trail      variables
c          level   conflicts       glue        remaining
c 
c v  4.68 60 27 7 423 9146 2948 34% 17 83178 3569 67%
c t  4.69 60 27 7 423 9146 2945 34% 17 83154 3569 67%
c e  4.80 88 27 7 423 9146 2737 34% 17 77653 646 12%
c s  4.85 88 27 7 423 9146 2737 34% 17 77388 646 12%
c I  5.30 71 25 7 424 10011 3259 71% 17 77388 646 12%
c -  5.57 92 26 8 425 10813 2889 71% 18 77388 646 12%
c -  6.15 92 26 9 427 13516 3136 71% 19 77388 646 12%
c 3  6.66 92 26 9 427 15000 4465 71% 19 77388 646 12%
c p  6.86 92 26 9 427 15000 5760 71% 19 77388 646 12%
c ]  6.89 92 26 9 427 15009 5768 71% 19 77388 646 12%
c {  6.89 92 30 9 427 15009 5768 169% 18 77388 646 12%
c B  6.91 92 30 9 427 15016 5772 169% 18 77388 646 12%
c -  7.39 92 26 10 440 16516 3806 146% 16 77388 646 12%
c -  8.11 93 21 11 466 19820 3633 120% 14 77388 646 12%
c W  8.45 93 20 11 466 21017 4193 114% 13 77388 646 12%
c -  9.23 93 20 12 604 23420 4381 106% 13 77388 646 12%
c - 10.45 93 20 13 871 27320 5007 98% 14 77388 646 12%
c F 10.61 93 19 13 873 28018 5317 97% 13 77388 646 12%
c } 10.84 93 19 13 892 28351 5537 96% 13 77388 646 12%
c 1 10.84 93 19 13 892 28351 5537 96% 13 77388 646 12%
c 
c --- [ writing output ] -----------------------------------------------------
c 
c writing simplified CNF to DIMACS file 'simp/12.cubes1150.adj.simp2'
c 
c  seconds  reductions    redundant   irredundant
c         MB     restarts        trail      variables
c          level     conflicts       glue       remaining
c 
c * 10.84 93 19 13 892 28351 5537 96% 13 77388 646 12%
c opening file to write 'simp/12.cubes1150.adj.simp2'
c writing 'p cnf 5320 77388' header
c closing file 'simp/12.cubes1150.adj.simp2'
c after writing 21873838 bytes 20.9 MB
c wrote 77388 clauses in 0.14 seconds process time
c 
c --- [ writing extension ] --------------------------------------------------
c 
c writing extension stack to 'simp/12.cubes1150.adj.ext2'
c opening file to write 'simp/12.cubes1150.adj.ext2'
c closing file 'simp/12.cubes1150.adj.ext2'
c after writing 144923 bytes 0.1 MB
c wrote 5981 witnesses in 0.00 seconds process time
c 
c --- [ result ] -------------------------------------------------------------
c 
s SATISFIABLE
c 
c --- [ run-time profiling ] -------------------------------------------------
c 
c process time taken by individual solving procedures
c (percentage relative to process time for solving)
c 
c         9.46   89.49% search
c         6.66   62.99% unstable
c         2.74   25.88% stable
c         1.11   10.51% simplify
c         0.38    3.63% probe
c         0.37    3.54% vivify
c         0.27    2.53% parse
c         0.20    1.85% elim
c         0.10    0.94% subsume
c         0.05    0.46% walk
c         0.03    0.24% ternary
c         0.02    0.16% lucky
c   =================================
c        10.58   96.24% solve
c 
c last line shows process time for solving
c (percentage relative to total process time)
c 
c --- [ statistics ] ---------------------------------------------------------
c 
c chronological:              5781        20.39 %  of conflicts
c conflicts:                 28351      2680.69    per second
c decisions:                 65558      6198.74    per second
c eliminated:                 2923        54.94 %  of all variables
c learned:                   27724        97.79 %  per conflict
c learned_lits:            3399760       100.00 %  learned literals
c minimized:                     0         0.00 %  learned literals
c shrunken:                2231111        65.63 %  learned literals
c minishrunken:             197211         5.80 %  learned literals
c propagations:            2968140         0.28 M  per second
c reduced:                   11327        39.95 %  per conflict
c rephased:                      7      4050.14    interval
c restarts:                    892        31.78    interval
c stabilizing:                   2        35.30 %  of conflicts
c subsumed:                  12918         5.27 %  of all clauses
c strengthened:               8571         3.50 %  of all clauses
c ternary:                    1970         0.56 %  of resolved
c vivified:                      6         0.00 %  of all clauses
c walked:                        1     28351.00    interval
c weakened:                   5981         2.97    average size
c 
c seconds are measured in process time for solving
c 
c --- [ resources ] ----------------------------------------------------------
c 
c total process time since initialization:        10.99    seconds
c total real time since initialization:           11.05    seconds
c maximum resident set size of process:           93.25    MB
c 
c --- [ shutting down ] ------------------------------------------------------
c 
c exit 10
WARNING! DIMACS header mismatch: wrong number of variables.
============================[ Problem Statistics ]=============================
|                                                                             |
|  Number of variables:          2727                                         |
|  Number of clauses:           77388                                         |
|  Parse time:                   0.33 s                                       |
|  Simplification time:          0.01 s                                       |
|                                                                             |
============================[ Search Statistics ]====================================================
| Conflicts |          ORIGINAL         |          LEARNT          | Num Sols |      SUBGRAPHS      |
|           |    Vars  Clauses Literals |    Limit  Clauses Lit/Cl |          | Canonical Noncanon. |
=====================================================================================================
|       139 |    2630    77427  5012332 |     2000      139     28 |        0 |        29        39 |
|       600 |    2630    77738  5017674 |     2000      600     19 |        0 |       123       350 |
|       859 |    2630    77772  5018230 |     2000      859     19 |        0 |       188       384 |
|      1206 |    2630    77782  5018367 |     2000     1206     32 |        0 |       203       394 |
|      1722 |    2630    77792  5018563 |     2000     1722     40 |        0 |       214       404 |
|      2486 |    2630    77797  5018698 |     3607     1493     38 |        0 |       254       409 |
|      3739 |    2630    77911  5020628 |     3607     2746     52 |        0 |       296       523 |
|      7387 |    2630    79851  5051502 |     5004     4591     27 |        0 |       915      2463 |
|     14369 |    2630    84271  5117083 |     7552     5921     19 |        0 |      1783      6883 |
|     25666 |    2630    91724  5213268 |     9989     9055     13 |        0 |      2831     14336 |
|     39172 |    2630    99464  5313651 |    12404    11976     22 |        0 |      3644     22076 |
|     53718 |    2630   105361  5379948 |    14810    13528     23 |        0 |      4239     27973 |
=====================================================================================================
Number of solutions   : 0
Canonical subgraphs   : 4663           (168 /sec)
          order  3    : 1              (200000 /sec)
          order  4    : 1              (1000000 /sec)
          order  5    : 1              (250000 /sec)
          order  6    : 1              (55556 /sec)
          order  7    : 2              (10101 /sec)
          order  8    : 6              (2553 /sec)
          order  9    : 30             (939 /sec)
          order 10    : 111            (376 /sec)
          order 11    : 551            (211 /sec)
          order 12    : 3662           (164 /sec)
          order 13    : 297            (116 /sec)
          order 14    : 0              (-nan /sec)
          order 15    : 0              (-nan /sec)
          order 16    : 0              (-nan /sec)
          order 17    : 0              (-nan /sec)
          order 18    : 0              (-nan /sec)
          order 19    : 0              (-nan /sec)
          order 20    : 0              (-nan /sec)
          order 21    : 0              (-nan /sec)
Noncanonical subgraphs: 32892          (1017 /sec)
          order  3    : 0              (-nan /sec)
          order  4    : 0              (-nan /sec)
          order  5    : 0              (-nan /sec)
          order  6    : 0              (-nan /sec)
          order  7    : 0              (-nan /sec)
          order  8    : 0              (-nan /sec)
          order  9    : 0              (-nan /sec)
          order 10    : 0              (-nan /sec)
          order 11    : 0              (-nan /sec)
          order 12    : 0              (-nan /sec)
          order 13    : 32585          (1016 /sec)
          order 14    : 307            (1091 /sec)
          order 15    : 0              (-nan /sec)
          order 16    : 0              (-nan /sec)
          order 17    : 0              (-nan /sec)
          order 18    : 0              (-nan /sec)
          order 19    : 0              (-nan /sec)
          order 20    : 0              (-nan /sec)
Canonicity checking   : 27.7766 s
Noncanonicity checking: 32.3403 s
Total canonicity time : 60.1169 s
database reductions   : 12
restarts              : 219
conflicts             : 69549          (998 /sec)
decisions             : 124130         (0.00 % random) (1781 /sec)
propagations          : 2926762        (41998 /sec)
conflict literals     : 2292632        (52.57 % deleted)
actual reward         : 0.175111
Memory used           : 71.00 MB
CPU time              : 69.688 s

UNSATISFIABLE
