c --- [ banner ] -------------------------------------------------------------
c 
c CaDiCaL Radically Simplified CDCL SAT Solver
c Copyright (c) 2016-2021 A. Biere, M. Fleury, N. Froleyks
c 
c Version 1.5.2 ca9bff05c11bde5eae4912f9932871d1527e61d8
c g++ (GCC) 9.3.0 -Wall -Wextra -O3 -DNDEBUG
c Sun May 1 02:23:23 EDT 2022 Linux gra-login1 3.10.0-1160.59.1.el7.x86_64 x86_64
c 
c --- [ limit ] --------------------------------------------------------------
c 
c setting conflict limit to 200000 conflicts (due to '200000')
c 
c --- [ parsing input ] ------------------------------------------------------
c 
c reading DIMACS file from '12.cubes1169.adj'
c opening file to read '12.cubes1169.adj'
c found 'p cnf 5320 924210' header
c parsed 924210 clauses in 8.19 seconds process time
c closing file '12.cubes1169.adj'
c after reading 686668113 bytes 654.9 MB
c 
c --- [ options ] ------------------------------------------------------------
c 
c all options are set to their default value
c 
c --- [ solving ] ------------------------------------------------------------
c 
c time measured in process time since initialization
c 
c  seconds   reductions  redundant  irredundant
c          MB    restarts       trail      variables
c           level   conflicts       glue        remaining
c 
c *  8.19 691  0 0   0    0    0  0% 0 923580 4068 76%
c {  9.17 735  0 0   0    0    0  0% 0 923580 4068 76%
c i  9.67 740 98 0   0   21   17 45% 2 923580 4047 76%
c i 10.50 752 62 0   3   76   62 48% 12 923580 3974 75%
c i 11.54 757 47 0  19  197  144 47% 15 923580 3962 74%
c i 11.56 757 49 0  20  202  145 47% 15 923580 3954 74%
c i 11.58 758 50 0  20  203  145 47% 15 923580 3948 74%
c i 11.81 758 55 0  21  219  153 47% 16 923580 3934 74%
c i 12.39 760 59 0  36  277  202 47% 20 923580 3932 74%
c i 12.42 760 58 0  36  278  202 47% 20 923580 3930 74%
c - 14.40 735 56 1  43  304  225 48% 20 208260 3930 74%
c i 14.63 673 49 1  47  365  248 47% 19 208260 3929 74%
c i 14.65 673 49 1  47  369  251 47% 18 208260 3928 74%
c i 14.66 673 49 1  47  374  254 47% 19 208260 3927 74%
c i 14.77 673 50 1  51  408  284 47% 20 208260 3926 74%
c i 14.77 673 50 1  51  409  284 47% 19 208260 3925 74%
c i 14.77 673 50 1  52  410  284 47% 19 208260 3924 74%
c i 14.77 673 49 1  52  411  284 47% 19 208260 3923 74%
c i 14.77 673 49 1  52  412  284 47% 19 208260 3922 74%
c i 14.77 673 49 1  52  413  284 47% 19 208260 3921 74%
c 
c  seconds   reductions  redundant   irredundant
c          MB    restarts       trail       variables
c           level   conflicts       glue         remaining
c 
c i 14.83 673 49 1  52  417  287 47% 19 208260 3920 74%
c i 14.92 673 48 1  52  434  301 48% 19 208260 3919 74%
c i 15.02 673 47 1  52  470  327 48% 19 208260 3918 74%
c i 15.02 673 47 1  52  471  327 48% 19 208260 3917 74%
c i 15.03 673 47 1  52  473  328 48% 19 208260 3916 74%
c i 15.03 673 47 1  52  474  328 48% 19 208260 3915 74%
c i 15.03 673 47 1  52  477  327 48% 19 208260 3914 74%
c i 15.08 673 46 1  52  487  333 48% 19 208260 3913 74%
c i 15.15 673 45 1  52  512  351 49% 19 208260 3912 74%
c i 15.16 673 45 1  52  517  355 49% 18 208260 3911 74%
c i 15.20 673 45 1  52  526  361 49% 18 208260 3910 73%
c i 15.21 673 45 1  52  528  362 49% 18 208260 3909 73%
c i 15.22 673 44 1  52  530  363 49% 18 208260 3908 73%
c i 15.22 673 44 1  52  531  363 49% 18 208260 3907 73%
c i 15.22 673 44 1  52  532  363 49% 18 208260 3906 73%
c i 15.22 673 44 1  52  533  363 49% 18 208260 3905 73%
c i 15.22 673 44 1  52  535  363 49% 18 208260 3904 73%
c i 15.22 673 44 1  52  536  363 49% 18 208260 3903 73%
c i 15.22 673 44 1  52  537  363 49% 18 208260 3902 73%
c i 15.22 673 44 1  52  538  363 49% 18 208260 3901 73%
c 
c  seconds   reductions  redundant   irredundant
c          MB    restarts       trail       variables
c           level   conflicts       glue         remaining
c 
c i 15.23 673 44 1  52  545  368 49% 18 208260 3900 73%
c i 15.23 673 44 1  52  546  368 49% 18 208260 3899 73%
c i 15.24 673 43 1  52  551  372 49% 18 208260 3898 73%
c i 15.25 673 43 1  52  555  375 49% 18 208260 3897 73%
c i 15.31 673 43 1  52  566  383 49% 18 208260 3896 73%
c i 15.34 673 42 1  52  591  398 49% 18 208260 3895 73%
c i 15.35 673 42 1  52  600  402 49% 18 208260 3894 73%
c i 15.35 673 42 1  52  601  402 49% 18 208260 3893 73%
c i 15.35 673 42 1  52  602  402 49% 18 208260 3892 73%
c i 15.35 673 42 1  52  603  402 49% 18 208260 3891 73%
c i 15.35 673 41 1  52  608  406 49% 18 208260 3890 73%
c i 15.36 673 42 1  52  609  406 49% 18 208260 3884 73%
c i 15.41 673 45 1  52  630  417 49% 18 208260 3882 73%
c i 15.44 673 46 1  53  638  424 49% 18 208260 3874 73%
c i 15.46 673 46 1  56  652  435 49% 19 208260 3873 73%
c i 15.55 673 45 1  63  681  449 49% 19 208260 3872 73%
c i 15.69 673 44 1  65  715  478 49% 18 208260 3871 73%
c i 15.69 673 44 1  65  719  481 49% 18 208260 3870 73%
c i 15.69 673 44 1  65  720  481 49% 18 208260 3869 73%
c i 15.70 673 44 1  65  737  493 49% 18 208260 3868 73%
c 
c  seconds   reductions  redundant   irredundant
c          MB    restarts       trail       variables
c           level   conflicts       glue         remaining
c 
c i 15.72 673 44 1  65  743  498 49% 19 208260 3867 73%
c i 15.73 673 44 1  66  744  498 49% 19 208260 3866 73%
c i 15.74 673 44 1  68  756  506 49% 19 208260 3862 73%
c i 15.74 673 44 1  69  757  506 49% 19 208260 3861 73%
c i 15.80 673 45 1  70  761  509 49% 19 208260 3860 73%
c i 15.80 673 45 1  70  762  509 49% 19 208260 3859 73%
c i 15.80 673 44 1  70  763  509 49% 19 208260 3858 73%
c i 15.80 673 44 1  71  764  509 49% 19 208260 3857 72%
c i 15.90 673 45 1  75  782  524 49% 19 208260 3856 72%
c i 15.93 673 46 1  78  798  532 49% 20 208260 3855 72%
c i 16.01 673 46 1  84  821  548 49% 20 208260 3854 72%
c i 16.01 673 46 1  85  822  548 49% 20 208260 3853 72%
c i 16.20 673 45 1  94  872  576 49% 20 208260 3852 72%
c i 16.30 673 44 1  94  906  590 49% 20 208260 3851 72%
c i 16.30 673 44 1  94  915  597 49% 20 208260 3850 72%
c i 16.31 673 44 1  94  917  598 49% 20 208260 3849 72%
c i 16.31 673 44 1  94  919  599 49% 20 208260 3848 72%
c i 16.31 673 44 1  94  920  599 49% 20 208260 3847 72%
c i 16.35 673 44 1  95  939  616 49% 20 208260 3846 72%
c i 16.36 673 44 1  96  943  619 49% 20 208260 3845 72%
c 
c  seconds   reductions  redundant   irredundant
c          MB    restarts       trail       variables
c           level   conflicts       glue         remaining
c 
c i 16.39 673 44 1  97  950  622 49% 20 208260 3844 72%
c i 16.40 673 44 1  97  956  626 49% 20 208260 3843 72%
c i 16.46 673 44 1  99  987  644 49% 19 208260 3842 72%
c } 16.53 673 44 1 100 1004  660 49% 20 208260 3842 72%
c [ 16.53 673  0 1 100 1004  660  0% 0 208260 3842 72%
c O 16.54 673  3 1 100 1005  661 33% 2 208260 3842 72%
c i 16.55 673  2 1 100 1013  666 35% 2 208260 3797 71%
c i 16.55 673  2 1 100 1021  668 35% 1 208260 3767 71%
c i 16.64 673 14 1 100 1038  680 47% 9 208260 3766 71%
c - 17.10 738 15 2 100 1096  568 54% 13 206906 3766 71%
c i 17.15 738 15 2 100 1101  572 54% 13 206906 3765 71%
c i 17.17 738 15 2 100 1106  576 54% 12 206906 3764 71%
c i 17.23 738 15 2 100 1130  586 54% 12 206906 3763 71%
c i 17.24 738 15 2 100 1132  586 54% 12 206906 3762 71%
c i 17.30 738 15 2 100 1165  602 54% 13 206906 3761 71%
c i 17.31 738 15 2 100 1179  612 54% 13 206906 3760 71%
c i 17.41 738 15 2 100 1285  653 54% 13 206906 3759 71%
c i 17.46 738 15 2 100 1315  674 54% 13 206906 3758 71%
c i 17.59 738 17 2 100 1528  789 55% 14 206906 3757 71%
c i 17.64 738 18 2 100 1607  831 55% 15 206906 3756 71%
c 
c  seconds   reductions  redundant   irredundant
c          MB    restarts       trail       variables
c           level   conflicts       glue         remaining
c 
c i 17.66 738 18 2 100 1612  833 55% 15 206906 3755 71%
c i 17.66 738 18 2 100 1613  833 55% 15 206906 3754 71%
c i 17.76 738 18 2 100 1704  892 55% 15 206906 3753 71%
c i 17.83 738 18 2 100 1764  929 55% 15 206906 3752 71%
c i 18.12 738 18 2 101 2118 1099 56% 16 206906 3751 71%
c - 18.39 736 18 3 101 2283  922 56% 16 206861 3751 71%
c i 18.51 736 18 3 101 2284  922 19% 16 206861 3750 70%
c i 18.57 736 18 3 101 2297  934 43% 16 206861 3749 70%
c i 18.61 736 18 3 101 2309  941 40% 16 206861 3748 70%
c i 18.91 736 18 3 101 2648 1181 39% 16 206861 3747 70%
c ] 19.11 736 18 3 101 3004 1438 38% 15 206861 3747 70%
c { 19.11 736 44 3 101 3004 1438 70% 20 206861 3747 70%
c F 19.13 736 44 3 102 3007 1440 70% 20 206861 3747 70%
c i 19.13 736 44 3 102 3007 1440 70% 20 206861 3730 70%
c i 19.29 736 44 3 105 3062 1472 67% 19 206861 3729 70%
c i 19.51 736 44 3 118 3138 1535 65% 20 206861 3728 70%
c i 19.55 736 44 3 118 3163 1553 64% 20 206861 3727 70%
c i 19.56 736 44 3 118 3169 1558 64% 20 206861 3726 70%
c i 19.66 736 43 3 118 3241 1604 62% 19 206861 3725 70%
c i 19.91 736 39 3 119 3538 1832 57% 19 206861 3724 70%
c 
c  seconds   reductions  redundant   irredundant
c          MB    restarts       trail       variables
c           level   conflicts       glue         remaining
c 
c i 20.00 736 37 3 119 3683 1942 56% 18 206861 3723 70%
c i 20.00 736 37 3 119 3689 1946 55% 18 206861 3722 70%
c - 20.31 734 35 4 119 3861 1591 54% 18 206630 3722 70%
c 3 22.28 734 28 4 158 5002 3690 45% 16 206594 3704 70%
c 2 22.33 734 28 4 158 5002 3965 45% 16 206526 3704 70%
c p 28.44 734 28 4 158 5002 9484 45% 16 206526 3651 69%
c d 28.65 734 28 4 158 5002 8919 45% 16 206366 3650 69%
c - 29.91 732 26 5 165 5836 1922 42% 15 206366 3650 69%
c # 30.07 732 25 5 165 6008 2030 42% 15 206366 3650 69%
c } 31.98 732 25 5 252 7005 2688 40% 15 206366 3650 69%
c [ 31.98 732 18 5 252 7005 2688 38% 15 206366 3650 69%
c - 33.01 674 17 6 253 8202 2402 37% 15 206366 3650 69%
c ] 33.35 674 17 6 253 8658 2669 36% 15 206366 3650 69%
c 1 33.35 674 17 6 253 8658 2669 36% 15 206366 3650 69%
c 
c --- [ writing output ] -----------------------------------------------------
c 
c writing simplified CNF to DIMACS file 'simp/12.cubes1169.adj.simp1'
c * 33.35 674 17 6 253 8658 2669 36% 15 206366 3650 69%
c opening file to write 'simp/12.cubes1169.adj.simp1'
c writing 'p cnf 5320 206366' header
c closing file 'simp/12.cubes1169.adj.simp1'
c after writing 61650712 bytes 58.8 MB
c wrote 206366 clauses in 0.44 seconds process time
c 
c --- [ writing extension ] --------------------------------------------------
c 
c writing extension stack to 'simp/12.cubes1169.adj.ext1'
c opening file to write 'simp/12.cubes1169.adj.ext1'
c closing file 'simp/12.cubes1169.adj.ext1'
c after writing 24715 bytes 0.0 MB
c wrote 1689 witnesses in 0.00 seconds process time
c 
c --- [ result ] -------------------------------------------------------------
c 
s SATISFIABLE
c 
c --- [ run-time profiling ] -------------------------------------------------
c 
c process time taken by individual solving procedures
c (percentage relative to process time for solving)
c 
c        18.51   73.58% search
c        13.57   53.94% unstable
c         8.19   32.55% parse
c         6.65   26.42% simplify
c         6.11   24.28% probe
c         3.96   15.75% stable
c         0.98    3.90% lucky
c         0.04    0.17% ternary
c   =================================
c        25.16   74.45% solve
c 
c last line shows process time for solving
c (percentage relative to total process time)
c 
c --- [ statistics ] ---------------------------------------------------------
c 
c chronological:              1916        22.13 %  of conflicts
c conflicts:                  8658       344.09    per second
c decisions:                 26205      1041.46    per second
c fixed:                      1651        31.03 %  of all variables
c learned:                    8458        97.69 %  per conflict
c learned_lits:            1062308       100.00 %  learned literals
c minimized:                     0         0.00 %  learned literals
c shrunken:                 682468        64.24 %  learned literals
c minishrunken:              65075         6.13 %  learned literals
c propagations:            2338005         0.09 M  per second
c reduced:                    2595        29.97 %  per conflict
c rephased:                      3      2886.00    interval
c restarts:                    253        34.22    interval
c stabilizing:                   2        42.19 %  of conflicts
c substituted:                  19         0.36 %  of all variables
c subsumed:                   3139         0.15 %  of all clauses
c ternary:                    1776         0.45 %  of resolved
c weakened:                     38         2.00    average size
c 
c seconds are measured in process time for solving
c 
c --- [ resources ] ----------------------------------------------------------
c 
c total process time since initialization:        33.80    seconds
c total real time since initialization:           34.01    seconds
c maximum resident set size of process:          800.77    MB
c 
c --- [ shutting down ] ------------------------------------------------------
c 
c exit 10
c --- [ banner ] -------------------------------------------------------------
c 
c CaDiCaL Radically Simplified CDCL SAT Solver
c Copyright (c) 2016-2021 A. Biere, M. Fleury, N. Froleyks
c 
c Version 1.5.2 ca9bff05c11bde5eae4912f9932871d1527e61d8
c g++ (GCC) 9.3.0 -Wall -Wextra -O3 -DNDEBUG
c Sun May 1 02:23:23 EDT 2022 Linux gra-login1 3.10.0-1160.59.1.el7.x86_64 x86_64
c 
c --- [ limit ] --------------------------------------------------------------
c 
c setting conflict limit to 200000 conflicts (due to '200000')
c 
c --- [ parsing input ] ------------------------------------------------------
c 
c reading DIMACS file from 'simp/12.cubes1169.adj.simp1'
c opening file to read 'simp/12.cubes1169.adj.simp1'
c found 'p cnf 5320 206366' header
c parsed 206366 clauses in 0.76 seconds process time
c closing file 'simp/12.cubes1169.adj.simp1'
c after reading 61650712 bytes 58.8 MB
c 
c --- [ options ] ------------------------------------------------------------
c 
c all options are set to their default value
c 
c --- [ solving ] ------------------------------------------------------------
c 
c time measured in process time since initialization
c 
c  seconds  reductions  redundant  irredundant
c         MB    restarts       trail      variables
c          level   conflicts       glue        remaining
c 
c *  0.76 71  0 0   0    0    0  0% 0 206366 3619 68%
c {  0.85 79  0 0   0    0    0  0% 0 206366 3619 68%
c -  1.48 91 46 1   4  303  251 22% 20 206366 3619 68%
c }  2.88 95 33 1  25 1001  739 20% 16 206366 3619 68%
c [  2.88 95  0 1  25 1001  739  0% 0 206366 3619 68%
c O  2.89 95 35 1  25 1002  740  5% 2 206366 3619 68%
c -  3.18 155 43 2  25 1091  676 18% 9 206366 3619 68%
c -  3.89 146 36 3  26 2274 1279 37% 13 206366 3619 68%
c ]  4.43 146 29 3  26 3001 1881 35% 14 206366 3619 68%
c {  4.43 146 33 3  26 3001 1881 29% 16 206366 3619 68%
c F  4.44 146 33 3  26 3007 1886 29% 16 206366 3619 68%
c -  6.04 146 34 4 113 3851 1798 28% 17 206366 3619 68%
c p  9.35 146 30 4 170 5003 9072 29% 16 206366 3619 68%
c - 10.36 146 27 5 171 5825 2404 30% 15 206366 3619 68%
c # 10.59 146 27 5 171 6008 2527 30% 15 206366 3619 68%
c } 11.15 146 25 5 171 7001 3250 30% 14 206366 3619 68%
c [ 11.15 146 29 5 171 7001 3250 35% 14 206366 3619 68%
c ] 11.33 146 27 5 172 7331 3488 36% 13 206366 3619 68%
c 1 11.33 146 27 5 172 7331 3488 36% 13 206366 3619 68%
c 
c --- [ writing output ] -----------------------------------------------------
c 
c writing simplified CNF to DIMACS file 'simp/12.cubes1169.adj.simp2'
c * 11.33 146 27 5 172 7331 3488 36% 13 206366 3619 68%
c opening file to write 'simp/12.cubes1169.adj.simp2'
c writing 'p cnf 5320 206366' header
c closing file 'simp/12.cubes1169.adj.simp2'
c after writing 61650675 bytes 58.8 MB
c wrote 206366 clauses in 0.41 seconds process time
c 
c --- [ writing extension ] --------------------------------------------------
c 
c writing extension stack to 'simp/12.cubes1169.adj.ext2'
c opening file to write 'simp/12.cubes1169.adj.ext2'
c closing file 'simp/12.cubes1169.adj.ext2'
c after writing 0 bytes 0.0 MB
c wrote 0 witnesses in 0.00 seconds process time
c 
c --- [ result ] -------------------------------------------------------------
c 
s SATISFIABLE
c 
c --- [ run-time profiling ] -------------------------------------------------
c 
c process time taken by individual solving procedures
c (percentage relative to process time for solving)
c 
c         9.06   85.68% search
c         7.24   68.42% unstable
c         1.73   16.40% stable
c         1.51   14.32% simplify
c         1.44   13.65% probe
c         0.76    7.14% parse
c         0.09    0.86% lucky
c         0.04    0.34% ternary
c   =================================
c        10.57   90.05% solve
c 
c last line shows process time for solving
c (percentage relative to total process time)
c 
c --- [ statistics ] ---------------------------------------------------------
c 
c chronological:              1719        23.45 %  of conflicts
c conflicts:                  7331       693.25    per second
c decisions:                 18976      1794.45    per second
c learned:                    7163        97.71 %  per conflict
c learned_lits:             859211       100.00 %  learned literals
c minimized:                     0         0.00 %  learned literals
c shrunken:                 376095        43.77 %  learned literals
c minishrunken:             113502        13.21 %  learned literals
c propagations:            1583404         0.15 M  per second
c reduced:                    2111        28.80 %  per conflict
c rephased:                      3      2443.67    interval
c restarts:                    172        42.62    interval
c stabilizing:                   2        31.78 %  of conflicts
c subsumed:                   1690         0.38 %  of all clauses
c ternary:                    1489         0.43 %  of resolved
c 
c seconds are measured in process time for solving
c 
c --- [ resources ] ----------------------------------------------------------
c 
c total process time since initialization:        11.74    seconds
c total real time since initialization:           11.79    seconds
c maximum resident set size of process:          209.05    MB
c 
c --- [ shutting down ] ------------------------------------------------------
c 
c exit 10
c --- [ banner ] -------------------------------------------------------------
c 
c CaDiCaL Radically Simplified CDCL SAT Solver
c Copyright (c) 2016-2021 A. Biere, M. Fleury, N. Froleyks
c 
c Version 1.5.2 ca9bff05c11bde5eae4912f9932871d1527e61d8
c g++ (GCC) 9.3.0 -Wall -Wextra -O3 -DNDEBUG
c Sun May 1 02:23:23 EDT 2022 Linux gra-login1 3.10.0-1160.59.1.el7.x86_64 x86_64
c 
c --- [ limit ] --------------------------------------------------------------
c 
c setting conflict limit to 200000 conflicts (due to '200000')
c 
c --- [ parsing input ] ------------------------------------------------------
c 
c reading DIMACS file from 'simp/12.cubes1169.adj.simp2'
c opening file to read 'simp/12.cubes1169.adj.simp2'
c found 'p cnf 5320 206366' header
c parsed 206366 clauses in 0.76 seconds process time
c closing file 'simp/12.cubes1169.adj.simp2'
c after reading 61650675 bytes 58.8 MB
c 
c --- [ options ] ------------------------------------------------------------
c 
c all options are set to their default value
c 
c --- [ solving ] ------------------------------------------------------------
c 
c time measured in process time since initialization
c 
c  seconds  reductions  redundant  irredundant
c         MB    restarts       trail      variables
c          level   conflicts       glue        remaining
c 
c *  0.76 71  0 0   0    0    0  0% 0 206366 3619 68%
c {  0.86 80  0 0   0    0    0  0% 0 206366 3619 68%
c -  1.55 93 50 1  15  303  255 21% 22 206366 3619 68%
c }  2.80 97 38 1  49 1004  820 21% 20 206366 3619 68%
c [  2.80 97  0 1  49 1004  820  0% 0 206366 3619 68%
c O  2.81 97 33 1  49 1005  821  6% 4 206366 3619 68%
c -  3.11 157 46 2  49 1091  757 21% 10 206366 3619 68%
c ]  3.27 153 41 2  49 1398  994 24% 11 206366 3619 68%
c 1  3.27 153 41 2  49 1398  994 24% 11 206366 3619 68%
c 
c --- [ writing output ] -----------------------------------------------------
c 
c writing simplified CNF to DIMACS file 'simp/12.cubes1169.adj.simp3'
c *  3.27 153 41 2  49 1398  994 24% 11 206366 3619 68%
c opening file to write 'simp/12.cubes1169.adj.simp3'
c writing 'p cnf 5320 206366' header
c closing file 'simp/12.cubes1169.adj.simp3'
c after writing 61650675 bytes 58.8 MB
c wrote 206366 clauses in 0.41 seconds process time
c 
c --- [ writing extension ] --------------------------------------------------
c 
c writing extension stack to 'simp/12.cubes1169.adj.ext3'
c opening file to write 'simp/12.cubes1169.adj.ext3'
c closing file 'simp/12.cubes1169.adj.ext3'
c after writing 0 bytes 0.0 MB
c wrote 0 witnesses in 0.00 seconds process time
c 
c --- [ result ] -------------------------------------------------------------
c 
s SATISFIABLE
c 
c --- [ run-time profiling ] -------------------------------------------------
c 
c process time taken by individual solving procedures
c (percentage relative to process time for solving)
c 
c         2.51   99.99% search
c         1.94   77.12% unstable
c         0.76   30.15% parse
c         0.47   18.75% stable
c         0.10    4.12% lucky
c         0.00    0.00% simplify
c   =================================
c         2.51   68.24% solve
c 
c last line shows process time for solving
c (percentage relative to total process time)
c 
c --- [ statistics ] ---------------------------------------------------------
c 
c chronological:               416        29.76 %  of conflicts
c conflicts:                  1398       556.69    per second
c decisions:                  8494      3382.36    per second
c learned:                    1355        96.92 %  per conflict
c learned_lits:             142168       100.00 %  learned literals
c minimized:                     0         0.00 %  learned literals
c shrunken:                  60613        42.63 %  learned literals
c minishrunken:              16431        11.56 %  learned literals
c propagations:             295307         0.12 M  per second
c reduced:                     129         9.23 %  per conflict
c rephased:                      1      1398.00    interval
c restarts:                     49        28.53    interval
c stabilizing:                   1        28.18 %  of conflicts
c subsumed:                    232         0.06 %  of all clauses
c 
c seconds are measured in process time for solving
c 
c --- [ resources ] ----------------------------------------------------------
c 
c total process time since initialization:         3.68    seconds
c total real time since initialization:            3.71    seconds
c maximum resident set size of process:          157.26    MB
c 
c --- [ shutting down ] ------------------------------------------------------
c 
c exit 10
c --- [ banner ] -------------------------------------------------------------
c 
c CaDiCaL Radically Simplified CDCL SAT Solver
c Copyright (c) 2016-2021 A. Biere, M. Fleury, N. Froleyks
c 
c Version 1.5.2 ca9bff05c11bde5eae4912f9932871d1527e61d8
c g++ (GCC) 9.3.0 -Wall -Wextra -O3 -DNDEBUG
c Sun May 1 02:23:23 EDT 2022 Linux gra-login1 3.10.0-1160.59.1.el7.x86_64 x86_64
c 
c --- [ limit ] --------------------------------------------------------------
c 
c setting conflict limit to 200000 conflicts (due to '200000')
c 
c --- [ parsing input ] ------------------------------------------------------
c 
c reading DIMACS file from 'simp/12.cubes1169.adj.simp3'
c opening file to read 'simp/12.cubes1169.adj.simp3'
c found 'p cnf 5320 206366' header
c parsed 206366 clauses in 0.75 seconds process time
c closing file 'simp/12.cubes1169.adj.simp3'
c after reading 61650675 bytes 58.8 MB
c 
c --- [ options ] ------------------------------------------------------------
c 
c all options are set to their default value
c 
c --- [ solving ] ------------------------------------------------------------
c 
c time measured in process time since initialization
c 
c  seconds  reductions  redundant  irredundant
c         MB    restarts       trail      variables
c          level   conflicts       glue        remaining
c 
c *  0.75 71  0 0   0    0    0  0% 0 206366 3619 68%
c {  0.84 80  0 0   0    0    0  0% 0 206366 3619 68%
c -  1.55 93 47 1  15  300  227 20% 17 206366 3619 68%
c }  2.71 93 37 1  61 1000  724 18% 16 206366 3619 68%
c [  2.71 93  0 1  61 1000  724  0% 0 206366 3619 68%
c O  2.72 93 21 1  61 1002  726  6% 4 206366 3619 68%
c -  2.89 152 21 2  61 1088  682 19% 11 206366 3619 68%
c ]  2.97 149 20 2  61 1182  756 22% 12 206366 3619 68%
c 1  2.97 149 20 2  61 1182  756 22% 12 206366 3619 68%
c 
c --- [ writing output ] -----------------------------------------------------
c 
c writing simplified CNF to DIMACS file 'simp/12.cubes1169.adj.simp4'
c *  2.97 149 20 2  61 1182  756 22% 12 206366 3619 68%
c opening file to write 'simp/12.cubes1169.adj.simp4'
c writing 'p cnf 5320 206366' header
c closing file 'simp/12.cubes1169.adj.simp4'
c after writing 61650675 bytes 58.8 MB
c wrote 206366 clauses in 0.41 seconds process time
c 
c --- [ writing extension ] --------------------------------------------------
c 
c writing extension stack to 'simp/12.cubes1169.adj.ext4'
c opening file to write 'simp/12.cubes1169.adj.ext4'
c closing file 'simp/12.cubes1169.adj.ext4'
c after writing 0 bytes 0.0 MB
c wrote 0 witnesses in 0.00 seconds process time
c 
c --- [ result ] -------------------------------------------------------------
c 
s SATISFIABLE
c 
c --- [ run-time profiling ] -------------------------------------------------
c 
c process time taken by individual solving procedures
c (percentage relative to process time for solving)
c 
c         2.22   99.99% search
c         1.88   84.67% unstable
c         0.75   33.92% parse
c         0.26   11.53% stable
c         0.08    3.79% lucky
c         0.00    0.00% simplify
c   =================================
c         2.22   65.56% solve
c 
c last line shows process time for solving
c (percentage relative to total process time)
c 
c --- [ statistics ] ---------------------------------------------------------
c 
c chronological:               410        34.69 %  of conflicts
c conflicts:                  1182       533.07    per second
c decisions:                  9716      4381.80    per second
c learned:                    1145        96.87 %  per conflict
c learned_lits:              92461       100.00 %  learned literals
c minimized:                     0         0.00 %  learned literals
c shrunken:                  41881        45.30 %  learned literals
c minishrunken:              10068        10.89 %  learned literals
c propagations:             228213         0.10 M  per second
c reduced:                     106         8.97 %  per conflict
c rephased:                      1      1182.00    interval
c restarts:                     61        19.38    interval
c stabilizing:                   1        15.40 %  of conflicts
c subsumed:                    283         0.07 %  of all clauses
c 
c seconds are measured in process time for solving
c 
c --- [ resources ] ----------------------------------------------------------
c 
c total process time since initialization:         3.38    seconds
c total real time since initialization:            3.43    seconds
c maximum resident set size of process:          152.52    MB
c 
c --- [ shutting down ] ------------------------------------------------------
c 
c exit 10
c --- [ banner ] -------------------------------------------------------------
c 
c CaDiCaL Radically Simplified CDCL SAT Solver
c Copyright (c) 2016-2021 A. Biere, M. Fleury, N. Froleyks
c 
c Version 1.5.2 ca9bff05c11bde5eae4912f9932871d1527e61d8
c g++ (GCC) 9.3.0 -Wall -Wextra -O3 -DNDEBUG
c Sun May 1 02:23:23 EDT 2022 Linux gra-login1 3.10.0-1160.59.1.el7.x86_64 x86_64
c 
c --- [ limit ] --------------------------------------------------------------
c 
c setting conflict limit to 200000 conflicts (due to '200000')
c 
c --- [ parsing input ] ------------------------------------------------------
c 
c reading DIMACS file from 'simp/12.cubes1169.adj.simp4'
c opening file to read 'simp/12.cubes1169.adj.simp4'
c found 'p cnf 5320 206366' header
c parsed 206366 clauses in 0.75 seconds process time
c closing file 'simp/12.cubes1169.adj.simp4'
c after reading 61650675 bytes 58.8 MB
c 
c --- [ options ] ------------------------------------------------------------
c 
c all options are set to their default value
c 
c --- [ solving ] ------------------------------------------------------------
c 
c time measured in process time since initialization
c 
c  seconds  reductions  redundant  irredundant
c         MB    restarts       trail      variables
c          level   conflicts       glue        remaining
c 
c *  0.75 71  0 0   0    0    0  0% 0 206366 3619 68%
c {  0.84 81  0 0   0    0    0  0% 0 206366 3619 68%
c -  1.36 91 43 1   6  301  242 24% 17 206366 3619 68%
c }  2.60 95 28 1  27 1000  720 20% 14 206366 3619 68%
c [  2.60 95  0 1  27 1000  720  0% 0 206366 3619 68%
c O  2.63 95 58 1  27 1003  723 19% 28 206366 3619 68%
c -  2.94 155 17 2  27 1091  693 22% 12 206366 3619 68%
c ]  3.13 155 20 2  27 1468  987 23% 14 206366 3619 68%
c 1  3.13 155 20 2  27 1468  987 23% 14 206366 3619 68%
c 
c --- [ writing output ] -----------------------------------------------------
c 
c writing simplified CNF to DIMACS file 'simp/12.cubes1169.adj.simp5'
c *  3.13 155 20 2  27 1468  987 23% 14 206366 3619 68%
c opening file to write 'simp/12.cubes1169.adj.simp5'
c writing 'p cnf 5320 206366' header
c closing file 'simp/12.cubes1169.adj.simp5'
c after writing 61650675 bytes 58.8 MB
c wrote 206366 clauses in 0.41 seconds process time
c 
c --- [ writing extension ] --------------------------------------------------
c 
c writing extension stack to 'simp/12.cubes1169.adj.ext5'
c opening file to write 'simp/12.cubes1169.adj.ext5'
c closing file 'simp/12.cubes1169.adj.ext5'
c after writing 0 bytes 0.0 MB
c wrote 0 witnesses in 0.00 seconds process time
c 
c --- [ result ] -------------------------------------------------------------
c 
s SATISFIABLE
c 
c --- [ run-time profiling ] -------------------------------------------------
c 
c process time taken by individual solving procedures
c (percentage relative to process time for solving)
c 
c         2.38   99.99% search
c         1.77   74.33% unstable
c         0.75   31.52% parse
c         0.52   22.06% stable
c         0.09    3.60% lucky
c         0.00    0.00% simplify
c   =================================
c         2.38   67.17% solve
c 
c last line shows process time for solving
c (percentage relative to total process time)
c 
c --- [ statistics ] ---------------------------------------------------------
c 
c chronological:               378        25.75 %  of conflicts
c conflicts:                  1468       617.80    per second
c decisions:                  6309      2655.13    per second
c learned:                    1441        98.16 %  per conflict
c learned_lits:             130487       100.00 %  learned literals
c minimized:                     0         0.00 %  learned literals
c shrunken:                  56534        43.33 %  learned literals
c minishrunken:              20102        15.41 %  learned literals
c propagations:             272038         0.11 M  per second
c reduced:                      96         6.54 %  per conflict
c rephased:                      1      1468.00    interval
c restarts:                     27        54.37    interval
c stabilizing:                   1        31.88 %  of conflicts
c subsumed:                    358         0.09 %  of all clauses
c 
c seconds are measured in process time for solving
c 
c --- [ resources ] ----------------------------------------------------------
c 
c total process time since initialization:         3.54    seconds
c total real time since initialization:            3.56    seconds
c maximum resident set size of process:          155.38    MB
c 
c --- [ shutting down ] ------------------------------------------------------
c 
c exit 10
c --- [ banner ] -------------------------------------------------------------
c 
c CaDiCaL Radically Simplified CDCL SAT Solver
c Copyright (c) 2016-2021 A. Biere, M. Fleury, N. Froleyks
c 
c Version 1.5.2 ca9bff05c11bde5eae4912f9932871d1527e61d8
c g++ (GCC) 9.3.0 -Wall -Wextra -O3 -DNDEBUG
c Sun May 1 02:23:23 EDT 2022 Linux gra-login1 3.10.0-1160.59.1.el7.x86_64 x86_64
c 
c --- [ limit ] --------------------------------------------------------------
c 
c setting conflict limit to 200000 conflicts (due to '200000')
c 
c --- [ parsing input ] ------------------------------------------------------
c 
c reading DIMACS file from 'simp/12.cubes1169.adj.simp5'
c opening file to read 'simp/12.cubes1169.adj.simp5'
c found 'p cnf 5320 206366' header
c parsed 206366 clauses in 0.75 seconds process time
c closing file 'simp/12.cubes1169.adj.simp5'
c after reading 61650675 bytes 58.8 MB
c 
c --- [ options ] ------------------------------------------------------------
c 
c all options are set to their default value
c 
c --- [ solving ] ------------------------------------------------------------
c 
c time measured in process time since initialization
c 
c  seconds  reductions  redundant  irredundant
c         MB    restarts       trail      variables
c          level   conflicts       glue        remaining
c 
c *  0.75 71  0 0   0    0    0  0% 0 206366 3619 68%
c {  0.84 81  0 0   0    0    0  0% 0 206366 3619 68%
c -  1.08 88 81 1   0  301  241 30% 24 206366 3619 68%
c }  1.93 92 45 1   4 1003  702 25% 18 206366 3619 68%
c [  1.93 92  0 1   4 1003  702  0% 0 206366 3619 68%
c O  1.94 92 35 1   4 1004  703  5% 6 206366 3619 68%
c -  2.27 151 48 2   4 1089  627 20% 10 206366 3619 68%
c ]  2.42 151 52 2   4 1435  910 24% 13 206366 3619 68%
c 1  2.42 151 52 2   4 1435  910 24% 13 206366 3619 68%
c 
c --- [ writing output ] -----------------------------------------------------
c 
c writing simplified CNF to DIMACS file 'simp/12.cubes1169.adj.simp6'
c *  2.42 151 52 2   4 1435  910 24% 13 206366 3619 68%
c opening file to write 'simp/12.cubes1169.adj.simp6'
c writing 'p cnf 5320 206366' header
c closing file 'simp/12.cubes1169.adj.simp6'
c after writing 61650675 bytes 58.8 MB
c wrote 206366 clauses in 0.41 seconds process time
c 
c --- [ writing extension ] --------------------------------------------------
c 
c writing extension stack to 'simp/12.cubes1169.adj.ext6'
c opening file to write 'simp/12.cubes1169.adj.ext6'
c closing file 'simp/12.cubes1169.adj.ext6'
c after writing 0 bytes 0.0 MB
c wrote 0 witnesses in 0.00 seconds process time
c 
c --- [ result ] -------------------------------------------------------------
c 
s SATISFIABLE
c 
c --- [ run-time profiling ] -------------------------------------------------
c 
c process time taken by individual solving procedures
c (percentage relative to process time for solving)
c 
c         1.67   99.99% search
c         1.09   65.24% unstable
c         0.75   44.94% parse
c         0.49   29.16% stable
c         0.09    5.59% lucky
c         0.00    0.00% simplify
c   =================================
c         1.67   59.03% solve
c 
c last line shows process time for solving
c (percentage relative to total process time)
c 
c --- [ statistics ] ---------------------------------------------------------
c 
c chronological:               320        22.30 %  of conflicts
c conflicts:                  1435       859.59    per second
c decisions:                  5436      3256.26    per second
c learned:                    1398        97.42 %  per conflict
c learned_lits:             155341       100.00 %  learned literals
c minimized:                     0         0.00 %  learned literals
c shrunken:                  73136        47.08 %  learned literals
c minishrunken:              22808        14.68 %  learned literals
c propagations:             255318         0.15 M  per second
c reduced:                     139         9.69 %  per conflict
c rephased:                      1      1435.00    interval
c restarts:                      4       358.75    interval
c stabilizing:                   1        30.10 %  of conflicts
c subsumed:                    349         0.08 %  of all clauses
c 
c seconds are measured in process time for solving
c 
c --- [ resources ] ----------------------------------------------------------
c 
c total process time since initialization:         2.83    seconds
c total real time since initialization:            2.85    seconds
c maximum resident set size of process:          150.96    MB
c 
c --- [ shutting down ] ------------------------------------------------------
c 
c exit 10
c --- [ banner ] -------------------------------------------------------------
c 
c CaDiCaL Radically Simplified CDCL SAT Solver
c Copyright (c) 2016-2021 A. Biere, M. Fleury, N. Froleyks
c 
c Version 1.5.2 ca9bff05c11bde5eae4912f9932871d1527e61d8
c g++ (GCC) 9.3.0 -Wall -Wextra -O3 -DNDEBUG
c Sun May 1 02:23:23 EDT 2022 Linux gra-login1 3.10.0-1160.59.1.el7.x86_64 x86_64
c 
c --- [ limit ] --------------------------------------------------------------
c 
c setting conflict limit to 200000 conflicts (due to '200000')
c 
c --- [ parsing input ] ------------------------------------------------------
c 
c reading DIMACS file from 'simp/12.cubes1169.adj.simp6'
c opening file to read 'simp/12.cubes1169.adj.simp6'
c found 'p cnf 5320 206366' header
c parsed 206366 clauses in 0.75 seconds process time
c closing file 'simp/12.cubes1169.adj.simp6'
c after reading 61650675 bytes 58.8 MB
c 
c --- [ options ] ------------------------------------------------------------
c 
c all options are set to their default value
c 
c --- [ solving ] ------------------------------------------------------------
c 
c time measured in process time since initialization
c 
c  seconds  reductions  redundant  irredundant
c         MB    restarts       trail      variables
c          level   conflicts       glue        remaining
c 
c *  0.75 71  0 0   0    0    0  0% 0 206366 3619 68%
c {  0.83 79  0 0   0    0    0  0% 0 206366 3619 68%
c -  1.47 89 49 1  14  301  234 23% 22 206366 3619 68%
c }  2.12 92 30 1  20 1000  700 21% 17 206366 3619 68%
c [  2.12 92  0 1  20 1000  700  0% 0 206366 3619 68%
c O  2.13 92 19 1  20 1008  703 18% 11 206366 3619 68%
c -  2.40 151 17 2  20 1090  654 22% 14 206366 3619 68%
c -  3.12 151 16 3  21 2276 1212 24% 13 206366 3619 68%
c ]  3.50 151 15 3  21 3002 1706 23% 13 206366 3619 68%
c {  3.50 151 30 3  21 3002 1706 21% 17 206366 3619 68%
c F  3.63 133 30 3  21 3012 1716 21% 17 206366 3619 68%
c -  5.65 133 31 4  88 3853 1706 29% 17 206366 3619 68%
c p  7.73 133 26 4  99 5002 9030 31% 16 206366 3619 68%
c -  9.27 132 27 5 182 5826 2382 31% 16 206366 3619 68%
c #  9.42 132 26 5 182 6015 2501 31% 16 206366 3619 68%
c } 11.21 132 27 5 280 7002 3078 30% 16 206366 3619 68%
c [ 11.21 132 15 5 280 7002 3078 35% 13 206366 3619 68%
c - 12.01 132 17 6 281 8195 2653 35% 14 206366 3619 68%
c I 13.31 132 19 6 282 10017 3763 35% 16 206366 3619 68%
c - 14.22 132 20 7 283 10955 3072 35% 17 206366 3619 68%
c 
c  seconds   reductions   redundant   irredundant
c          MB    restarts        trail       variables
c           level    conflicts       glue         remaining
c 
c s 14.95 132 20 7 284 11667 3501 35% 17 204211 3619 68%
c v 17.95 132 20 7 284 11667 3501 35% 17 204108 3619 68%
c t 18.00 132 20 7 284 11667 3496 35% 17 204048 3619 68%
c e 18.40 144 20 7 284 11667 2923 35% 17 198640 698 13%
c s 18.49 144 20 7 284 11667 2922 35% 17 198240 698 13%
c - 20.89 142 22 8 285 14110 3463 72% 19 198240 698 13%
c ] 21.46 142 23 8 285 15002 4057 72% 20 198240 698 13%
c { 21.46 142 27 8 285 15002 4057 156% 16 198240 698 13%
c p 22.59 142 27 8 285 15002 5533 156% 16 198240 697 13%
c B 22.68 142 27 8 289 15020 5546 156% 16 198240 697 13%
c - 24.41 141 23 9 291 17613 3920 119% 14 198237 697 13%
c W 26.77 141 19 9 298 21021 5553 101% 13 198237 697 13%
c - 27.82 141 20 10 414 21509 4084 100% 13 198237 697 13%
c - 34.27 141 19 11 583 25789 4960 89% 12 198237 697 13%
c F 36.87 141 18 11 666 28023 6249 86% 12 198237 697 13%
c p 40.34 141 18 11 913 30003 9542 84% 13 198237 697 13%
c - 41.25 142 18 12 1006 30458 6037 83% 13 198237 697 13%
c } 42.12 142 19 12 1090 31002 6447 83% 13 198237 697 13%
c [ 42.12 142 23 12 1090 31002 6447 72% 20 198237 697 13%
c - 45.50 142 22 13 1092 35520 6578 71% 19 198237 697 13%
c 
c  seconds   reductions     redundant   irredundant
c          MB     restarts         trail       variables
c           level      conflicts       glue        remaining
c 
c B 46.07 142 22 13 1093 36024 6898 70% 19 198237 697 13%
c - 51.30 142 22 14 1096 40968 7014 70% 19 198237 697 13%
c s 53.58 142 24 14 1097 44269 9284 70% 20 197395 697 13%
c v 56.81 142 24 14 1097 44269 9284 70% 20 197376 697 13%
c e 57.26 234 24 14 1097 44269 9282 70% 20 197370 691 13%
c s 57.38 234 24 14 1097 44269 9282 70% 20 196677 691 13%
c W 59.49 249 24 14 1097 45027 9829 70% 20 196677 691 13%
c - 61.02 142 23 15 1098 46805 7468 70% 20 196677 691 13%
c p 64.39 141 23 15 1098 50003 11401 70% 20 196677 691 13%
c - 66.94 142 22 16 1098 53017 7406 70% 19 196677 691 13%
c O 68.56 142 22 16 1099 55030 8557 70% 19 196677 691 13%
c ] 70.18 141 21 16 1102 58734 11193 70% 18 196677 691 13%
c 1 70.18 142 21 16 1102 58734 11193 70% 18 196677 691 13%
c 
c --- [ writing output ] -----------------------------------------------------
c 
c writing simplified CNF to DIMACS file 'simp/12.cubes1169.adj.simp7'
c * 70.18 142 21 16 1102 58734 11193 70% 18 196677 691 13%
c opening file to write 'simp/12.cubes1169.adj.simp7'
c writing 'p cnf 5320 196677' header
c closing file 'simp/12.cubes1169.adj.simp7'
c after writing 61030303 bytes 58.2 MB
c wrote 196677 clauses in 0.40 seconds process time
c 
c --- [ writing extension ] --------------------------------------------------
c 
c writing extension stack to 'simp/12.cubes1169.adj.ext7'
c opening file to write 'simp/12.cubes1169.adj.ext7'
c closing file 'simp/12.cubes1169.adj.ext7'
c after writing 145929 bytes 0.1 MB
c wrote 6046 witnesses in 0.00 seconds process time
c 
c --- [ result ] -------------------------------------------------------------
c 
s SATISFIABLE
c 
c --- [ run-time profiling ] -------------------------------------------------
c 
c process time taken by individual solving procedures
c (percentage relative to process time for solving)
c 
c        57.36   82.62% search
c        30.08   43.33% stable
c        26.27   37.84% unstable
c        12.07   17.38% simplify
c         6.30    9.08% vivify
c         3.62    5.22% probe
c         1.48    2.13% elim
c         0.92    1.33% walk
c         0.75    1.08% parse
c         0.42    0.60% subsume
c         0.11    0.15% ternary
c         0.08    0.11% lucky
c   =================================
c        69.43   98.37% solve
c 
c last line shows process time for solving
c (percentage relative to total process time)
c 
c --- [ statistics ] ---------------------------------------------------------
c 
c chronological:              9787        16.66 %  of conflicts
c conflicts:                 58734       845.94    per second
c decisions:                 98252      1415.12    per second
c eliminated:                 2927        55.02 %  of all variables
c fixed:                         1         0.02 %  of all variables
c learned:                   57643        98.14 %  per conflict
c learned_lits:            7538851       100.00 %  learned literals
c minimized:                     0         0.00 %  learned literals
c shrunken:                4396382        58.32 %  learned literals
c minishrunken:             651310         8.64 %  learned literals
c propagations:            5367993         0.08 M  per second
c reduced:                   26270        44.73 %  per conflict
c rephased:                     10      5873.40    interval
c restarts:                   1102        53.30    interval
c stabilizing:                   3        64.25 %  of conflicts
c subsumed:                  24220         4.38 %  of all clauses
c strengthened:              10896         1.97 %  of all clauses
c ternary:                    3018         0.64 %  of resolved
c vivified:                    131         0.02 %  of all clauses
c walked:                        2     29367.00    interval
c weakened:                   6045         2.95    average size
c 
c seconds are measured in process time for solving
c 
c --- [ resources ] ----------------------------------------------------------
c 
c total process time since initialization:        70.58    seconds
c total real time since initialization:           70.93    seconds
c maximum resident set size of process:          249.82    MB
c 
c --- [ shutting down ] ------------------------------------------------------
c 
c exit 10
WARNING! DIMACS header mismatch: wrong number of variables.
============================[ Problem Statistics ]=============================
|                                                                             |
|  Number of variables:          2727                                         |
|  Number of clauses:          196677                                         |
|  Parse time:                   0.91 s                                       |
|  Simplification time:          0.02 s                                       |
|                                                                             |
============================[ Search Statistics ]====================================================
| Conflicts |          ORIGINAL         |          LEARNT          | Num Sols |      SUBGRAPHS      |
|           |    Vars  Clauses Literals |    Limit  Clauses Lit/Cl |          | Canonical Noncanon. |
=====================================================================================================
|       124 |    2636   196701 14055403 |     2000      124     20 |        0 |        27        24 |
|       415 |    2636   196842 14057446 |     2000      415     15 |        0 |        91       165 |
|      1483 |    2636   197685 14072345 |     2000     1483     16 |        0 |       257      1008 |
|      2533 |    2636   198398 14083474 |     3600     1533     13 |        0 |       440      1721 |
|      3790 |    2636   199149 14092921 |     3600     2790     13 |        0 |       784      2472 |
|      7098 |    2636   201698 14129257 |     5004     4302     12 |        0 |      1402      5021 |
|     12237 |    2636   205698 14183600 |     7552     3789     10 |        0 |      2171      9021 |
|     14313 |    2636   206066 14189322 |     7552     5865     23 |        0 |      2297      9389 |
|     19736 |    2636   208927 14225652 |     8781     7517     19 |        0 |      2769     12250 |
|     24874 |    2636   210221 14244872 |    10001     8275     28 |        0 |      3032     13544 |
|     32254 |    2636   211835 14267777 |    11212    10666     28 |        0 |      3277     15158 |
|     45674 |    2636   216606 14323482 |    13610    12284     30 |        0 |      3715     19929 |
|     63884 |    2636   221842 14387648 |    17209     8293     13 |        0 |      4262     25165 |
=====================================================================================================
Number of solutions   : 0
Canonical subgraphs   : 4516           (195 /sec)
          order  3    : 1              (142857 /sec)
          order  4    : 1              (1000000 /sec)
          order  5    : 1              (200000 /sec)
          order  6    : 1              (52632 /sec)
          order  7    : 2              (10256 /sec)
          order  8    : 6              (2553 /sec)
          order  9    : 25             (875 /sec)
          order 10    : 110            (386 /sec)
          order 11    : 512            (269 /sec)
          order 12    : 3399           (193 /sec)
          order 13    : 457            (138 /sec)
          order 14    : 1              (107 /sec)
          order 15    : 0              (-nan /sec)
          order 16    : 0              (-nan /sec)
          order 17    : 0              (-nan /sec)
          order 18    : 0              (-nan /sec)
          order 19    : 0              (-nan /sec)
          order 20    : 0              (-nan /sec)
          order 21    : 0              (-nan /sec)
Noncanonical subgraphs: 28539          (1195 /sec)
          order  3    : 0              (-nan /sec)
          order  4    : 0              (-nan /sec)
          order  5    : 0              (-nan /sec)
          order  6    : 0              (-nan /sec)
          order  7    : 0              (-nan /sec)
          order  8    : 0              (-nan /sec)
          order  9    : 0              (-nan /sec)
          order 10    : 0              (-nan /sec)
          order 11    : 0              (-nan /sec)
          order 12    : 0              (-nan /sec)
          order 13    : 26930          (1206 /sec)
          order 14    : 1608           (1048 /sec)
          order 15    : 1              (142857 /sec)
          order 16    : 0              (-nan /sec)
          order 17    : 0              (-nan /sec)
          order 18    : 0              (-nan /sec)
          order 19    : 0              (-nan /sec)
          order 20    : 0              (-nan /sec)
Canonicity checking   : 23.1228 s
Noncanonicity checking: 23.8736 s
Total canonicity time : 46.9964 s
database reductions   : 13
restarts              : 243
conflicts             : 76249          (835 /sec)
decisions             : 131321         (0.00 % random) (1437 /sec)
propagations          : 3680951        (40287 /sec)
conflict literals     : 2864480        (55.20 % deleted)
actual reward         : 0.185583
Memory used           : 100.00 MB
CPU time              : 91.3693 s

UNSATISFIABLE
