c --- [ banner ] -------------------------------------------------------------
c 
c CaDiCaL Radically Simplified CDCL SAT Solver
c Copyright (c) 2016-2021 A. Biere, M. Fleury, N. Froleyks
c 
c Version 1.5.2 ca9bff05c11bde5eae4912f9932871d1527e61d8
c g++ (GCC) 9.3.0 -Wall -Wextra -O3 -DNDEBUG
c Sun May 1 02:23:23 EDT 2022 Linux gra-login1 3.10.0-1160.59.1.el7.x86_64 x86_64
c 
c --- [ limit ] --------------------------------------------------------------
c 
c setting conflict limit to 200000 conflicts (due to '200000')
c 
c --- [ parsing input ] ------------------------------------------------------
c 
c reading DIMACS file from '12.cubes1364.adj'
c opening file to read '12.cubes1364.adj'
c found 'p cnf 5320 924210' header
c parsed 924210 clauses in 8.66 seconds process time
c closing file '12.cubes1364.adj'
c after reading 686668115 bytes 654.9 MB
c 
c --- [ options ] ------------------------------------------------------------
c 
c all options are set to their default value
c 
c --- [ solving ] ------------------------------------------------------------
c 
c time measured in process time since initialization
c 
c  seconds   reductions  redundant  irredundant
c          MB    restarts       trail      variables
c           level   conflicts       glue        remaining
c 
c *  8.66 686  0 0   0    0    0  0% 0 923580 4235 80%
c {  9.34 720  0 0   0    0    0  0% 0 923580 4235 80%
c i 10.71 747 71 0   1   41   35 47% 6 923580 4219 79%
c i 10.83 750 52 0   6   61   44 45% 8 923580 4202 79%
c i 11.05 752 40 0  12   86   56 42% 8 923580 4201 79%
c i 11.42 757 39 0  14   99   68 44% 10 923580 4200 79%
c i 11.64 759 46 0  16  110   78 45% 15 923580 4199 79%
c i 11.72 760 51 0  17  113   80 45% 17 923580 4193 79%
c i 11.94 761 63 0  20  127   92 46% 23 923580 4161 78%
c i 12.48 767 68 0  26  145  107 46% 24 923580 4159 78%
c i 12.85 767 62 0  33  174  123 46% 23 923580 4158 78%
c i 13.35 769 60 0  48  234  173 49% 26 923580 4157 78%
c i 13.62 769 59 0  59  282  215 50% 27 923580 4156 78%
c - 16.16 751 60 1  63  301  222 49% 27 220132 4156 78%
c i 16.38 751 58 1  63  337  254 50% 26 220132 4155 78%
c i 16.40 751 57 1  63  339  255 50% 26 220132 4127 78%
c i 16.41 751 57 1  63  341  256 50% 26 220132 4126 78%
c i 16.71 751 60 1  73  384  294 50% 29 220132 4121 77%
c i 16.98 751 67 1  75  451  344 49% 26 220132 4114 77%
c i 17.12 751 68 1  76  473  365 49% 26 220132 4107 77%
c 
c  seconds   reductions  redundant   irredundant
c          MB    restarts       trail       variables
c           level   conflicts       glue         remaining
c 
c i 17.21 751 67 1  76  483  374 49% 26 220132 4106 77%
c i 17.23 751 67 1  76  491  380 49% 26 220132 4105 77%
c i 17.34 751 70 1  77  511  399 49% 27 220132 4104 77%
c i 17.34 751 70 1  77  512  399 49% 26 220132 4103 77%
c i 17.34 751 69 1  77  513  399 49% 26 220132 4102 77%
c i 17.35 751 69 1  77  514  399 49% 26 220132 4101 77%
c i 17.87 751 71 1  91  593  456 49% 28 220132 4100 77%
c i 17.91 751 71 1  91  595  457 49% 28 220132 4099 77%
c i 17.96 751 72 1  93  606  466 49% 29 220132 4098 77%
c i 18.17 751 71 1  97  630  489 50% 29 220132 4097 77%
c i 18.17 751 71 1  97  632  490 50% 29 220132 4096 77%
c i 18.47 752 67 1  97  723  564 49% 27 220132 4095 77%
c i 18.50 752 66 1  97  765  598 50% 27 220132 4094 77%
c i 18.51 752 66 1  97  773  605 50% 27 220132 4093 77%
c i 18.54 752 65 1  97  807  637 50% 27 220132 4092 77%
c i 18.67 752 66 1 100  823  650 50% 28 220132 4091 77%
c i 18.75 752 68 1 105  844  661 50% 29 220132 4090 77%
c i 18.76 752 68 1 107  848  664 50% 29 220132 4089 77%
c i 18.84 708 68 1 113  873  683 50% 30 220132 4087 77%
c i 18.87 708 68 1 114  877  686 50% 30 220132 4086 77%
c 
c  seconds   reductions  redundant   irredundant
c          MB    restarts       trail       variables
c           level   conflicts       glue         remaining
c 
c i 19.08 708 67 1 122  907  708 50% 29 220132 4085 77%
c i 19.16 708 67 1 124  917  716 50% 30 220132 4084 77%
c i 19.20 708 67 1 126  925  720 50% 30 220132 4083 77%
c } 19.60 708 69 1 141 1000  785 50% 31 220132 4083 77%
c [ 19.60 708  0 1 141 1000  785  0% 0 220132 4083 77%
c O 19.63 708  6 1 141 1005  786 34% 6 220132 4083 77%
c i 19.63 708  4 1 141 1007  787 32% 4 220132 4061 76%
c i 19.65 708  3 1 141 1015  792 31% 3 220132 3978 75%
c i 19.65 708  3 1 141 1033  794 30% 3 220132 3940 74%
c i 19.66 708  3 1 141 1036  796 30% 3 220132 3927 74%
c i 19.74 708 14 1 141 1054  812 40% 10 220132 3926 74%
c - 20.33 759 20 2 141 1106  702 49% 17 185016 3925 74%
c i 20.48 759 21 2 141 1127  715 51% 18 185016 3924 74%
c i 20.59 759 20 2 141 1178  744 53% 17 185016 3923 74%
c i 20.63 759 20 2 141 1198  759 53% 17 185016 3922 74%
c i 20.68 759 20 2 141 1230  782 54% 17 185016 3921 74%
c i 20.70 759 20 2 141 1251  788 54% 17 185016 3920 74%
c i 20.79 759 19 2 141 1363  853 55% 16 185016 3919 74%
c i 20.85 759 20 2 141 1454  918 56% 17 185016 3918 74%
c i 20.94 759 19 2 141 1587 1012 56% 17 185016 3917 74%
c 
c  seconds   reductions  redundant   irredundant
c          MB    restarts       trail       variables
c           level   conflicts       glue         remaining
c 
c i 21.03 759 19 2 141 1669 1055 56% 17 185016 3916 74%
c i 21.03 759 19 2 141 1670 1055 56% 17 185016 3915 74%
c i 21.04 759 19 2 141 1679 1063 56% 17 185016 3914 74%
c i 21.24 759 22 2 141 1874 1194 56% 19 185016 3913 74%
c i 21.52 759 23 2 142 2158 1386 56% 20 185016 3912 74%
c i 21.52 759 23 2 142 2160 1386 56% 20 185016 3911 74%
c i 21.58 759 23 2 142 2218 1414 56% 20 185016 3910 73%
c - 21.82 757 23 3 142 2248 1103 55% 20 184971 3910 73%
c i 22.03 757 23 3 142 2257 1110 39% 20 184971 3909 73%
c i 22.05 757 23 3 142 2265 1115 37% 20 184971 3908 73%
c i 22.08 757 23 3 142 2275 1122 37% 20 184971 3907 73%
c i 22.09 757 23 3 142 2281 1123 37% 20 184971 3906 73%
c i 22.22 757 24 3 142 2454 1245 39% 20 184971 3905 73%
c i 22.25 757 24 3 142 2520 1289 39% 20 184971 3904 73%
c i 22.31 757 24 3 142 2626 1364 39% 21 184971 3903 73%
c ] 22.42 757 24 3 142 3000 1565 39% 21 184971 3903 73%
c { 22.42 757 69 3 142 3000 1565 68% 31 184971 3903 73%
c F 22.48 757 68 3 142 3007 1571 68% 30 184971 3903 73%
c i 22.52 757 68 3 142 3013 1574 68% 30 184971 3857 72%
c i 22.57 757 67 3 142 3021 1579 68% 30 184971 3856 72%
c 
c  seconds   reductions  redundant   irredundant
c          MB    restarts       trail       variables
c           level   conflicts       glue         remaining
c 
c i 22.67 757 65 3 142 3096 1649 66% 29 184971 3855 72%
c i 22.70 757 63 3 142 3144 1693 65% 29 184971 3854 72%
c i 22.77 757 62 3 144 3251 1785 62% 29 184971 3853 72%
c i 22.86 757 60 3 145 3347 1859 61% 29 184971 3852 72%
c i 22.99 757 60 3 158 3444 1940 59% 30 184971 3849 72%
c i 23.13 757 61 3 166 3482 1968 59% 31 184971 3848 72%
c i 23.14 757 60 3 168 3486 1971 59% 31 184971 3847 72%
c i 23.19 757 60 3 172 3505 1988 58% 31 184971 3846 72%
c i 23.24 757 60 3 176 3529 2008 58% 30 184971 3845 72%
c i 23.24 757 60 3 176 3531 2009 58% 30 184971 3844 72%
c i 23.24 757 60 3 176 3532 2009 58% 30 184971 3843 72%
c i 23.24 757 60 3 176 3533 2009 58% 30 184971 3842 72%
c i 23.26 757 59 3 176 3560 2025 58% 30 184971 3841 72%
c i 23.31 757 58 3 176 3618 2072 57% 30 184971 3840 72%
c i 23.51 757 57 3 184 3765 2190 55% 30 184971 3839 72%
c - 23.72 737 57 4 184 3768 1562 55% 30 144255 3839 72%
c i 23.88 737 55 4 184 3846 1622 55% 30 144255 3838 72%
c i 24.25 737 57 4 194 4003 1751 53% 29 144255 3837 72%
c i 25.04 737 49 4 217 4719 2286 50% 27 144255 3836 72%
c i 25.15 737 50 4 217 4773 2326 50% 27 144255 3835 72%
c 
c  seconds   reductions  redundant   irredundant
c          MB    restarts       trail       variables
c           level   conflicts       glue         remaining
c 
c i 25.27 737 50 4 221 4823 2365 49% 28 144255 3834 72%
c i 25.78 737 50 4 245 4990 2484 48% 28 144255 3833 72%
c d 26.05 737 50 4 246 5000 2487 48% 28 136087 3819 72%
c 2 26.10 737 50 4 246 5000 4781 48% 28 136053 3819 72%
c p 31.95 737 50 4 246 5000 11362 48% 28 136053 3711 70%
c d 32.16 737 50 4 246 5000 11200 48% 28 133220 3703 70%
c - 32.84 681 46 5 252 5507 2099 47% 27 133220 3703 70%
c # 33.46 681 43 5 252 6008 2433 46% 26 133220 3703 70%
c } 33.94 681 39 5 252 7006 3082 44% 24 133220 3703 70%
c [ 33.94 681 24 5 252 7006 3082 39% 21 133220 3703 70%
c - 34.18 681 24 6 253 7531 2312 38% 21 133220 3703 70%
c - 35.10 681 24 7 254 9893 2518 37% 21 133220 3703 70%
c I 35.17 681 24 7 254 10011 2587 37% 21 133220 3703 70%
c - 38.06 681 27 8 256 12591 2905 37% 23 133220 3703 70%
c 2 40.57 681 28 8 257 15002 6599 38% 24 133217 3703 70%
c p 42.29 681 28 8 257 15002 12569 38% 24 133217 3703 70%
c ] 42.42 681 28 8 257 15010 12576 38% 24 133217 3703 70%
c { 42.42 681 39 8 257 15010 12576 44% 24 133217 3703 70%
c B 42.43 681 39 8 257 15013 12579 44% 24 133217 3703 70%
c s 43.41 681 37 8 281 15539 12646 44% 23 131534 3703 70%
c 
c  seconds   reductions    redundant   irredundant
c          MB    restarts         trail       variables
c           level    conflicts        glue         remaining
c 
c v 45.52 681 37 8 281 15539 12646 44% 23 131490 3703 70%
c t 45.61 681 37 8 281 15539 12619 44% 23 131442 3703 70%
c e 45.98 682 37 8 281 15539 6093 44% 23 125036 621 12%
c s 46.05 682 37 8 281 15539 6093 44% 23 124210 621 12%
c - 46.75 682 37 9 281 15628 3385 82% 23 124210 621 12%
c - 48.91 682 31 10 330 18910 3716 81% 21 124210 621 12%
c W 50.13 682 28 10 330 21015 5014 82% 20 124210 621 12%
c - 51.32 682 27 11 389 22520 3987 82% 19 124210 621 12%
c - 53.15 682 25 12 437 26458 4117 81% 18 124210 621 12%
c F 54.25 682 25 12 526 28019 5095 81% 18 124210 621 12%
c 2 55.02 682 24 12 532 30003 6835 81% 17 124208 621 12%
c p 57.08 682 24 12 532 30003 9035 81% 17 124208 605 11%
c - 57.55 682 23 13 532 30725 4943 81% 17 124168 605 11%
c } 57.91 682 23 13 558 31011 5133 81% 17 124168 605 11%
c [ 57.92 682 28 13 558 31011 5133 238% 24 124168 605 11%
c ] 58.07 682 28 13 558 31380 5397 232% 24 124168 605 11%
c 1 58.07 682 28 13 558 31380 5397 232% 24 124168 605 11%
c 
c --- [ writing output ] -----------------------------------------------------
c 
c writing simplified CNF to DIMACS file 'simp/12.cubes1364.adj.simp1'
c * 58.07 682 28 13 558 31380 5397 232% 24 124168 605 11%
c opening file to write 'simp/12.cubes1364.adj.simp1'
c writing 'p cnf 5320 124168' header
c closing file 'simp/12.cubes1364.adj.simp1'
c after writing 53084919 bytes 50.6 MB
c wrote 124168 clauses in 0.34 seconds process time
c 
c --- [ writing extension ] --------------------------------------------------
c 
c writing extension stack to 'simp/12.cubes1364.adj.ext1'
c opening file to write 'simp/12.cubes1364.adj.ext1'
c closing file 'simp/12.cubes1364.adj.ext1'
c after writing 195192 bytes 0.2 MB
c wrote 8536 witnesses in 0.00 seconds process time
c 
c --- [ result ] -------------------------------------------------------------
c 
s SATISFIABLE
c 
c --- [ run-time profiling ] -------------------------------------------------
c 
c process time taken by individual solving procedures
c (percentage relative to process time for solving)
c 
c        36.19   73.25% search
c        25.71   52.05% unstable
c        13.21   26.75% simplify
c         9.69   19.61% stable
c         9.62   19.47% probe
c         8.66   17.53% parse
c         2.18    4.42% vivify
c         0.68    1.37% lucky
c         0.66    1.33% elim
c         0.15    0.30% subsume
c         0.11    0.23% walk
c         0.09    0.18% ternary
c   =================================
c        49.40   84.58% solve
c 
c last line shows process time for solving
c (percentage relative to total process time)
c 
c --- [ statistics ] ---------------------------------------------------------
c 
c chronological:              5690        18.13 %  of conflicts
c conflicts:                 31380       635.16    per second
c decisions:                 69568      1408.13    per second
c eliminated:                 3082        57.93 %  of all variables
c fixed:                      1611        30.28 %  of all variables
c learned:                   30647        97.66 %  per conflict
c learned_lits:            5265098       100.00 %  learned literals
c minimized:                     0         0.00 %  learned literals
c shrunken:                3762784        71.47 %  learned literals
c minishrunken:             264194         5.02 %  learned literals
c propagations:            4285118         0.09 M  per second
c reduced:                   13834        44.09 %  per conflict
c rephased:                      7      4482.86    interval
c restarts:                    558        56.24    interval
c stabilizing:                   3        33.06 %  of conflicts
c substituted:                  22         0.41 %  of all variables
c subsumed:                  13936         0.69 %  of all clauses
c strengthened:               2160         0.11 %  of all clauses
c ternary:                    5054         0.63 %  of resolved
c vivified:                     57         0.00 %  of all clauses
c walked:                        1     31380.00    interval
c weakened:                   6925         3.08    average size
c 
c seconds are measured in process time for solving
c 
c --- [ resources ] ----------------------------------------------------------
c 
c total process time since initialization:        58.41    seconds
c total real time since initialization:           58.60    seconds
c maximum resident set size of process:          835.04    MB
c 
c --- [ shutting down ] ------------------------------------------------------
c 
c exit 10
WARNING! DIMACS header mismatch: wrong number of variables.
============================[ Problem Statistics ]=============================
|                                                                             |
|  Number of variables:          3373                                         |
|  Number of clauses:          124172                                         |
|  Parse time:                   0.79 s                                       |
|  Simplification time:          0.02 s                                       |
|                                                                             |
============================[ Search Statistics ]====================================================
| Conflicts |          ORIGINAL         |          LEARNT          | Num Sols |      SUBGRAPHS      |
|           |    Vars  Clauses Literals |    Limit  Clauses Lit/Cl |          | Canonical Noncanon. |
=====================================================================================================
|       146 |    3293   124218 11707021 |     2000      146     19 |        0 |        47        46 |
|       400 |    3293   124322 11708303 |     2000      400     41 |        0 |        82       150 |
|       654 |    3293   124351 11708609 |     2000      654     53 |        0 |        93       179 |
|       995 |    3293   124355 11708727 |     2000      995     62 |        0 |        93       183 |
|      1507 |    3293   124361 11708859 |     2000     1507     61 |        0 |        93       189 |
|      2322 |    3293   124417 11709493 |     3599     1321     41 |        0 |       106       245 |
=====================================================================================================
Number of solutions   : 0
Canonical subgraphs   : 188            (287 /sec)
          order  3    : 1              (200000 /sec)
          order  4    : 1              (500000 /sec)
          order  5    : 1              (200000 /sec)
          order  6    : 1              (55556 /sec)
          order  7    : 2              (9662 /sec)
          order  8    : 2              (4274 /sec)
          order  9    : 3              (2151 /sec)
          order 10    : 17             (1060 /sec)
          order 11    : 37             (592 /sec)
          order 12    : 98             (305 /sec)
          order 13    : 10             (164 /sec)
          order 14    : 2              (154 /sec)
          order 15    : 2              (106 /sec)
          order 16    : 10             (71 /sec)
          order 17    : 1              (49 /sec)
          order 18    : 0              (-nan /sec)
          order 19    : 0              (-nan /sec)
          order 20    : 0              (-nan /sec)
          order 21    : 0              (-nan /sec)
Noncanonical subgraphs: 468            (2955 /sec)
          order  3    : 0              (-nan /sec)
          order  4    : 0              (-nan /sec)
          order  5    : 0              (-nan /sec)
          order  6    : 0              (-nan /sec)
          order  7    : 0              (-nan /sec)
          order  8    : 0              (-nan /sec)
          order  9    : 0              (-nan /sec)
          order 10    : 0              (-nan /sec)
          order 11    : 0              (-nan /sec)
          order 12    : 0              (-nan /sec)
          order 13    : 358            (6695 /sec)
          order 14    : 33             (4306 /sec)
          order 15    : 10             (2742 /sec)
          order 16    : 64             (837 /sec)
          order 17    : 2              (158 /sec)
          order 18    : 1              (221 /sec)
          order 19    : 0              (-nan /sec)
          order 20    : 0              (-nan /sec)
Canonicity checking   : 0.656019 s
Noncanonicity checking: 0.158399 s
Total canonicity time : 0.814418 s
database reductions   : 1
restarts              : 15
conflicts             : 2899           (1047 /sec)
decisions             : 10990          (0.00 % random) (3968 /sec)
propagations          : 125993         (45494 /sec)
conflict literals     : 159911         (53.79 % deleted)
actual reward         : 0.248982
Memory used           : 58.00 MB
CPU time              : 2.76943 s

UNSATISFIABLE
