c --- [ banner ] -------------------------------------------------------------
c 
c CaDiCaL Radically Simplified CDCL SAT Solver
c Copyright (c) 2016-2021 A. Biere, M. Fleury, N. Froleyks
c 
c Version 1.5.2 ca9bff05c11bde5eae4912f9932871d1527e61d8
c g++ (GCC) 9.3.0 -Wall -Wextra -O3 -DNDEBUG
c Sun May 1 02:23:23 EDT 2022 Linux gra-login1 3.10.0-1160.59.1.el7.x86_64 x86_64
c 
c --- [ limit ] --------------------------------------------------------------
c 
c setting conflict limit to 200000 conflicts (due to '200000')
c 
c --- [ parsing input ] ------------------------------------------------------
c 
c reading DIMACS file from '12.cubes1287.adj'
c opening file to read '12.cubes1287.adj'
c found 'p cnf 5320 924210' header
c parsed 924210 clauses in 9.17 seconds process time
c closing file '12.cubes1287.adj'
c after reading 686668113 bytes 654.9 MB
c 
c --- [ options ] ------------------------------------------------------------
c 
c all options are set to their default value
c 
c --- [ solving ] ------------------------------------------------------------
c 
c time measured in process time since initialization
c 
c  seconds   reductions  redundant  irredundant
c          MB    restarts       trail      variables
c           level   conflicts       glue        remaining
c 
c *  9.17 691  0 0   0    0    0  0% 0 923580 4133 78%
c {  9.92 726  0 0   0    0    0  0% 0 923580 4133 78%
c i 11.95 770 125 0   7   53   49 51% 51 923580 4119 77%
c i 11.97 770 123 0   7   54   49 51% 50 923580 4104 77%
c i 12.14 771 119 0   8   67   59 49% 43 923580 4033 76%
c i 12.27 772 118 0   8   79   66 49% 44 923580 4030 76%
c i 12.38 772 108 0   9  126  105 52% 48 923580 3987 75%
c i 12.40 772 107 0   9  128  106 52% 48 923580 3986 75%
c i 12.58 772 100 0   9  169  143 52% 47 923580 3982 75%
c i 12.62 772 98 0   9  177  148 52% 47 923580 3981 75%
c i 12.64 772 96 0   9  183  152 52% 46 923580 3980 75%
c i 12.92 775 73 0   9  296  242 53% 39 923580 3979 75%
c - 14.85 721 75 1   9  300  244 53% 39 177933 3976 75%
c i 14.96 681 69 1   9  344  275 53% 37 177933 3975 75%
c i 15.00 681 68 1   9  360  289 53% 36 177933 3974 75%
c i 15.32 682 68 1  17  466  365 53% 36 177933 3973 75%
c i 15.46 682 63 1  17  571  441 52% 34 177933 3972 75%
c i 15.46 682 63 1  17  574  443 52% 34 177933 3971 75%
c i 15.46 682 63 1  17  576  444 52% 33 177933 3970 75%
c i 15.46 682 63 1  17  577  444 52% 33 177933 3969 75%
c 
c  seconds   reductions  redundant   irredundant
c          MB    restarts       trail       variables
c           level   conflicts       glue         remaining
c 
c i 15.48 682 63 1  17  589  448 52% 33 177933 3968 75%
c i 15.48 682 62 1  17  592  450 52% 33 177933 3967 75%
c i 15.79 682 66 1  19  677  524 52% 33 177933 3966 75%
c i 15.81 682 67 1  19  682  527 52% 33 177933 3964 75%
c i 15.88 682 68 1  19  708  549 52% 32 177933 3963 74%
c i 15.97 682 67 1  19  752  587 52% 32 177933 3962 74%
c i 16.08 682 68 1  19  800  628 52% 32 177933 3961 74%
c i 16.21 682 68 1  19  837  657 52% 32 177933 3960 74%
c i 16.56 682 68 1  30  932  742 52% 33 177933 3951 74%
c i 16.61 682 68 1  33  941  750 52% 33 177933 3947 74%
c } 16.72 682 65 1  36 1000  783 51% 32 177933 3947 74%
c [ 16.72 682  0 1  36 1000  783  0% 0 177933 3947 74%
c O 16.73 682  8 1  36 1003  784 40% 6 177933 3947 74%
c i 16.78 682  3 1  36 1045  798 37% 3 177933 3928 74%
c - 17.18 741  3 2  36 1050  648 37% 3 151335 3928 74%
c i 17.26 741 15 2  36 1132  692 44% 10 151335 3927 74%
c i 17.27 741 16 2  36 1148  699 46% 11 151335 3926 74%
c i 17.27 741 16 2  36 1150  695 46% 11 151335 3925 74%
c i 17.34 741 19 2  36 1246  768 50% 14 151335 3924 74%
c i 17.35 741 19 2  36 1251  771 50% 14 151335 3923 74%
c 
c  seconds   reductions  redundant   irredundant
c          MB    restarts       trail       variables
c           level   conflicts       glue         remaining
c 
c i 17.36 741 19 2  36 1258  776 50% 14 151335 3922 74%
c i 17.36 741 19 2  36 1263  778 50% 14 151335 3921 74%
c i 17.38 741 19 2  36 1276  788 50% 15 151335 3920 74%
c i 17.38 741 19 2  36 1277  788 50% 15 151335 3919 74%
c i 17.38 741 19 2  36 1280  790 50% 15 151335 3918 74%
c i 17.38 741 19 2  36 1282  791 50% 14 151335 3917 74%
c i 17.38 741 19 2  36 1289  793 50% 14 151335 3916 74%
c i 17.42 741 19 2  36 1329  821 51% 15 151335 3915 74%
c i 17.45 741 20 2  36 1382  860 51% 15 151335 3914 74%
c i 17.46 741 19 2  36 1387  863 51% 15 151335 3913 74%
c i 17.46 741 19 2  36 1393  867 51% 15 151335 3912 74%
c i 17.47 741 19 2  36 1406  875 51% 14 151335 3911 74%
c i 17.49 741 19 2  36 1419  881 51% 15 151335 3910 73%
c i 17.49 741 19 2  36 1428  884 51% 14 151335 3909 73%
c i 17.54 741 21 2  36 1486  923 52% 16 151335 3908 73%
c i 17.59 741 22 2  36 1560  972 52% 17 151335 3907 73%
c i 17.60 741 22 2  36 1562  973 52% 17 151335 3906 73%
c i 17.72 741 23 2  36 1790 1117 54% 19 151335 3905 73%
c i 17.76 741 23 2  36 1844 1152 54% 18 151335 3904 73%
c i 17.81 741 25 2  36 1922 1219 54% 20 151335 3903 73%
c 
c  seconds   reductions  redundant   irredundant
c          MB    restarts       trail       variables
c           level   conflicts       glue         remaining
c 
c i 17.82 741 26 2  36 1937 1227 54% 21 151335 3902 73%
c i 17.82 741 26 2  36 1938 1227 54% 20 151335 3901 73%
c i 17.82 741 26 2  36 1939 1227 54% 20 151335 3900 73%
c i 17.85 741 26 2  36 1977 1255 54% 21 151335 3899 73%
c i 17.85 741 26 2  36 1982 1259 54% 21 151335 3898 73%
c i 17.85 741 26 2  36 1983 1259 54% 21 151335 3897 73%
c i 17.87 741 26 2  36 2004 1274 54% 21 151335 3896 73%
c i 17.89 741 25 2  37 2055 1308 54% 20 151335 3895 73%
c i 17.90 741 25 2  37 2071 1315 54% 20 151335 3894 73%
c - 18.10 737 25 3  37 2111 1016 55% 20 151233 3894 73%
c i 18.35 737 25 3  37 2231 1089 41% 20 151233 3893 73%
c i 18.43 737 25 3  37 2360 1154 39% 20 151233 3892 73%
c i 18.61 737 24 3  37 2609 1279 39% 20 151233 3891 73%
c i 18.77 737 23 3  37 2929 1434 39% 20 151233 3890 73%
c ] 18.83 737 23 3  37 3000 1475 40% 20 151233 3890 73%
c { 18.83 737 65 3  37 3000 1475 70% 32 151233 3890 73%
c F 18.83 737 65 3  37 3007 1480 70% 31 151233 3890 73%
c i 18.97 737 62 3  37 3079 1530 67% 30 151233 3889 73%
c i 18.98 737 62 3  37 3081 1531 67% 30 151233 3888 73%
c i 18.99 737 61 3  37 3087 1536 67% 30 151233 3887 73%
c 
c  seconds   reductions  redundant   irredundant
c          MB    restarts       trail       variables
c           level   conflicts       glue         remaining
c 
c i 19.02 737 59 3  37 3159 1576 65% 29 151233 3886 73%
c i 19.02 737 59 3  37 3161 1577 65% 29 151233 3885 73%
c i 19.04 737 58 3  37 3174 1589 64% 29 151233 3884 73%
c i 19.04 737 58 3  37 3178 1592 64% 29 151233 3883 73%
c i 19.04 737 58 3  37 3180 1593 64% 29 151233 3882 73%
c i 19.06 737 58 3  37 3197 1608 64% 28 151233 3881 73%
c i 19.12 737 58 3  40 3238 1645 63% 29 151233 3880 73%
c i 19.12 737 58 3  41 3239 1645 63% 29 151233 3879 73%
c i 19.13 737 58 3  42 3245 1649 63% 29 151233 3878 73%
c i 19.20 737 56 3  43 3349 1730 61% 28 151233 3877 73%
c i 19.30 737 57 3  51 3386 1760 60% 29 151233 3876 73%
c i 19.44 737 56 3  57 3450 1814 59% 29 151233 3875 73%
c i 19.44 737 56 3  57 3456 1818 59% 29 151233 3874 73%
c i 19.45 737 56 3  57 3462 1823 59% 29 151233 3873 73%
c - 19.66 734 55 4  57 3528 1346 58% 29 151170 3873 73%
c i 19.75 734 55 4  57 3566 1375 57% 28 151170 3872 73%
c i 19.92 734 54 4  63 3666 1449 56% 28 151170 3871 73%
c i 20.02 734 54 4  64 3708 1485 55% 28 151170 3870 73%
c i 20.02 734 54 4  64 3709 1485 55% 28 151170 3869 73%
c i 20.37 734 53 4  74 3902 1626 53% 28 151170 3868 73%
c 
c  seconds   reductions  redundant   irredundant
c          MB    restarts       trail       variables
c           level   conflicts       glue         remaining
c 
c i 20.38 734 53 4  74 3905 1628 53% 28 151170 3867 73%
c i 20.69 734 50 4  79 4232 1883 51% 27 151170 3866 73%
c i 20.93 734 45 4  79 4598 2100 49% 24 151170 3865 73%
c 3 21.40 734 41 4  79 5001 4528 47% 23 151114 3849 72%
c 2 21.44 734 41 4  79 5001 4927 47% 23 151060 3849 72%
c p 27.61 734 41 4  79 5001 12545 47% 23 151060 3744 70%
c d 27.82 734 41 4  79 5001 11325 47% 23 150406 3741 70%
c - 28.32 729 39 5  79 5298 1891 46% 22 150406 3741 70%
c # 28.57 729 36 5  87 6008 2405 45% 22 150406 3741 70%
c } 28.96 729 33 5 100 7001 3124 43% 20 150406 3741 70%
c [ 28.96 729 23 5 100 7001 3124 40% 20 150406 3741 70%
c - 29.33 682 23 6 101 7418 2483 40% 20 150406 3741 70%
c - 30.80 683 23 7 102 9891 2562 41% 20 150406 3741 70%
c I 30.95 683 23 7 102 10012 2635 41% 20 150406 3741 70%
c - 33.64 681 24 8 104 12719 2880 39% 21 150406 3741 70%
c ] 35.58 681 24 8 105 15006 4154 38% 21 150406 3741 70%
c { 35.58 681 33 8 105 15006 4154 43% 20 150406 3741 70%
c 2 35.63 681 33 8 106 15006 6518 43% 20 150391 3741 70%
c p 36.92 681 33 8 106 15006 12336 43% 20 150391 3741 70%
c B 37.04 681 33 8 107 15017 12345 43% 20 150391 3741 70%
c 
c  seconds   reductions    redundant   irredundant
c          MB    restarts         trail       variables
c           level    conflicts        glue         remaining
c 
c s 38.02 681 33 8 149 15609 12468 43% 20 148182 3741 70%
c v 40.11 681 33 8 149 15609 12468 43% 20 148172 3741 70%
c t 40.24 681 33 8 149 15609 12465 43% 20 148105 3741 70%
c e 40.68 683 33 8 149 15609 5943 43% 20 142599 890 17%
c s 40.77 683 33 8 149 15609 5940 43% 20 142330 890 17%
c - 41.67 683 32 9 164 15897 3542 62% 20 142330 890 17%
c - 44.12 683 29 10 242 19362 3939 67% 19 142330 890 17%
c W 45.04 683 27 10 253 21021 4841 68% 19 142330 890 17%
c - 46.03 683 26 11 289 23167 4288 69% 18 142330 890 17%
c - 48.24 683 23 12 301 27318 4518 69% 17 142330 890 17%
c F 48.81 683 23 12 322 28022 5006 69% 17 142330 890 17%
c 3 50.35 683 23 12 430 30006 7104 69% 17 142330 890 17%
c p 51.02 683 23 12 430 30006 8734 69% 17 142330 890 17%
c } 51.52 683 23 12 463 31007 9277 69% 17 142330 890 17%
c [ 51.52 683 24 12 463 31007 9277 165% 21 142330 890 17%
c - 51.92 683 25 13 463 31815 5444 157% 21 142330 890 17%
c B 53.33 683 27 13 466 36023 8132 130% 23 142330 890 17%
c - 53.67 683 27 14 466 36659 5864 127% 23 142330 890 17%
c - 56.28 683 30 15 470 41848 6444 111% 25 142330 890 17%
c s 57.93 683 30 15 470 44896 8580 105% 26 141827 890 17%
c 
c  seconds   reductions    redundant    irredundant
c          MB     restarts        trail        variables
c           level     conflicts        glue        remaining
c 
c v 59.78 683 30 15 470 44896 8580 105% 26 141752 890 17%
c e 60.27 684 30 15 470 44896 8569 105% 26 141750 885 17%
c s 60.40 684 30 15 470 44896 8569 105% 26 141332 885 17%
c W 61.42 684 30 15 470 45025 8655 105% 26 141332 885 17%
c - 62.12 684 30 16 471 47384 6774 102% 26 141332 885 17%
c ] 62.18 684 30 16 471 47611 6921 101% 26 141332 885 17%
c 1 62.18 684 30 16 471 47611 6921 101% 26 141332 885 17%
c 
c --- [ writing output ] -----------------------------------------------------
c 
c writing simplified CNF to DIMACS file 'simp/12.cubes1287.adj.simp1'
c * 62.18 684 30 16 471 47611 6921 101% 26 141332 885 17%
c opening file to write 'simp/12.cubes1287.adj.simp1'
c writing 'p cnf 5320 141332' header
c closing file 'simp/12.cubes1287.adj.simp1'
c after writing 50922471 bytes 48.6 MB
c wrote 141332 clauses in 0.38 seconds process time
c 
c --- [ writing extension ] --------------------------------------------------
c 
c writing extension stack to 'simp/12.cubes1287.adj.ext1'
c opening file to write 'simp/12.cubes1287.adj.ext1'
c closing file 'simp/12.cubes1287.adj.ext1'
c after writing 169685 bytes 0.2 MB
c wrote 7623 witnesses in 0.00 seconds process time
c 
c --- [ result ] -------------------------------------------------------------
c 
s SATISFIABLE
c 
c --- [ run-time profiling ] -------------------------------------------------
c 
c process time taken by individual solving procedures
c (percentage relative to process time for solving)
c 
c        38.16   72.00% search
c        20.80   39.23% unstable
c        15.97   30.13% stable
c        14.84   28.00% simplify
c         9.17   17.30% parse
c         8.09   15.27% probe
c         4.14    7.81% vivify
c         1.55    2.92% elim
c         0.74    1.40% lucky
c         0.65    1.23% walk
c         0.44    0.82% subsume
c         0.09    0.17% ternary
c   =================================
c        53.01   84.73% solve
c 
c last line shows process time for solving
c (percentage relative to total process time)
c 
c --- [ statistics ] ---------------------------------------------------------
c 
c chronological:              7430        15.61 %  of conflicts
c conflicts:                 47611       898.18    per second
c decisions:                 78664      1483.99    per second
c eliminated:                 2856        53.68 %  of all variables
c fixed:                      1560        29.32 %  of all variables
c learned:                   46743        98.18 %  per conflict
c learned_lits:            8240679       100.00 %  learned literals
c minimized:                     0         0.00 %  learned literals
c shrunken:                5442001        66.04 %  learned literals
c minishrunken:             524137         6.36 %  learned literals
c propagations:            5830862         0.11 M  per second
c reduced:                   23735        49.85 %  per conflict
c rephased:                      9      5290.11    interval
c restarts:                    471       101.08    interval
c stabilizing:                   3        55.89 %  of conflicts
c substituted:                  19         0.36 %  of all variables
c subsumed:                  19770         0.94 %  of all clauses
c strengthened:              11102         0.53 %  of all clauses
c ternary:                    5553         0.62 %  of resolved
c vivified:                     89         0.00 %  of all clauses
c walked:                        2     23805.50    interval
c weakened:                   6063         2.99    average size
c 
c seconds are measured in process time for solving
c 
c --- [ resources ] ----------------------------------------------------------
c 
c total process time since initialization:        62.56    seconds
c total real time since initialization:           62.68    seconds
c maximum resident set size of process:          796.72    MB
c 
c --- [ shutting down ] ------------------------------------------------------
c 
c exit 10
WARNING! DIMACS header mismatch: wrong number of variables.
============================[ Problem Statistics ]=============================
|                                                                             |
|  Number of variables:          2943                                         |
|  Number of clauses:          141332                                         |
|  Parse time:                   0.72 s                                       |
|  Simplification time:          0.01 s                                       |
|                                                                             |
============================[ Search Statistics ]====================================================
| Conflicts |          ORIGINAL         |          LEARNT          | Num Sols |      SUBGRAPHS      |
|           |    Vars  Clauses Literals |    Limit  Clauses Lit/Cl |          | Canonical Noncanon. |
=====================================================================================================
|       100 |    2859   141332 11601721 |     2000      100    117 |        0 |        22         0 |
|       250 |    2859   141332 11601721 |     2000      250     64 |        0 |        50         0 |
|       476 |    2859   141333 11601757 |     2000      476     69 |        0 |        57         1 |
|      1019 |    2859   141539 11605995 |     2000     1019     49 |        0 |       224       207 |
|      1588 |    2859   141602 11607362 |     2000     1588     51 |        0 |       310       270 |
|      2355 |    2859   141610 11607539 |     3602     1357     34 |        0 |       336       278 |
|      3496 |    2859   141612 11607573 |     3602     2498     54 |        0 |       363       280 |
|      5221 |    2859   141629 11607841 |     5003     2424     39 |        0 |       418       297 |
|      7821 |    2859   141667 11608587 |     6311     2532     27 |        0 |       496       335 |
|     11725 |    2859   141727 11610201 |     7556     3281     31 |        0 |       604       395 |
|     17586 |    2859   141822 11611875 |     8790     5376     52 |        0 |       736       490 |
|     26527 |    2859   142114 11618062 |    10000     9927     68 |        0 |       992       782 |
|     39738 |    2859   142351 11622869 |    13603     6341     34 |        0 |      1078      1019 |
|     60203 |    2859   143355 11637197 |    16004    12607     56 |        0 |      1172      2023 |
|     89494 |    2859   143454 11639459 |    19612    16106     57 |        0 |      1259      2122 |
|    134341 |    2859   144512 11655475 |    24405    18146     61 |        0 |      1511      3180 |
|    207858 |    2859   152345 11772639 |    30408    24666     37 |        0 |      3110     11013 |
|    321286 |    2859   167247 12029859 |    38812    19098     31 |        0 |      5443     25915 |
|    501571 |    2859   199743 12504735 |    48420    27391     34 |        0 |      8160     58411 |
|    738401 |    2859   214890 12702205 |    58016    53817     62 |        0 |     10559     73558 |
|   1107055 |    2834   202697 12489941 |    69360    68615     67 |        0 |     14417    109687 |
=====================================================================================================
Number of solutions   : 0
Canonical subgraphs   : 19442          (69 /sec)
          order  3    : 1              (200000 /sec)
          order  4    : 1              (inf /sec)
          order  5    : 1              (inf /sec)
          order  6    : 1              (inf /sec)
          order  7    : 3              (12097 /sec)
          order  8    : 8              (3178 /sec)
          order  9    : 26             (900 /sec)
          order 10    : 104            (261 /sec)
          order 11    : 404            (113 /sec)
          order 12    : 2236           (75 /sec)
          order 13    : 15646          (68 /sec)
          order 14    : 940            (62 /sec)
          order 15    : 70             (47 /sec)
          order 16    : 1              (8 /sec)
          order 17    : 0              (-nan /sec)
          order 18    : 0              (-nan /sec)
          order 19    : 0              (-nan /sec)
          order 20    : 0              (-nan /sec)
          order 21    : 0              (-nan /sec)
Noncanonical subgraphs: 176258         (535 /sec)
          order  3    : 0              (-nan /sec)
          order  4    : 0              (-nan /sec)
          order  5    : 0              (-nan /sec)
          order  6    : 0              (-nan /sec)
          order  7    : 0              (-nan /sec)
          order  8    : 0              (-nan /sec)
          order  9    : 0              (-nan /sec)
          order 10    : 0              (-nan /sec)
          order 11    : 0              (-nan /sec)
          order 12    : 0              (-nan /sec)
          order 13    : 31568          (3296 /sec)
          order 14    : 142702         (451 /sec)
          order 15    : 1920           (509 /sec)
          order 16    : 68             (405 /sec)
          order 17    : 0              (-nan /sec)
          order 18    : 0              (-nan /sec)
          order 19    : 0              (-nan /sec)
          order 20    : 0              (-nan /sec)
Canonicity checking   : 282.428 s
Noncanonicity checking: 329.579 s
Total canonicity time : 612.007 s
database reductions   : 63
restarts              : 2530
conflicts             : 1303623        (1216 /sec)
decisions             : 1727691        (0.00 % random) (1612 /sec)
propagations          : 62365729       (58192 /sec)
conflict literals     : 111926540      (55.39 % deleted)
actual reward         : 0.242270
Memory used           : 237.00 MB
CPU time              : 1071.72 s

UNSATISFIABLE
