+ '[' -z 1626 ']'
+ f=constraints_22_11.simp-noncanon.simp
+ c=22-cubes/30.cubes
+ i=1626
+ s=70
+ adj=22-cubes/30.cubes1626.adj
+ cnf=22-cubes/30.cubes1626.cnf
+ ext=22-cubes/30.cubes1626.ext
+ cnfext=22-cubes/30.cubes1626.cnfext
+ unitlines=0
++ sed '1627q;d' 22-cubes/30.cubes
+ for b in '$(sed "$((i+1))q;d" "$c")'
+ [[ a != \a ]]
+ for b in '$(sed "$((i+1))q;d" "$c")'
+ [[ -92 != \a ]]
+ [[ -92 != \0 ]]
+ unitlines=1
+ for b in '$(sed "$((i+1))q;d" "$c")'
+ [[ 137 != \a ]]
+ [[ 137 != \0 ]]
+ unitlines=2
+ for b in '$(sed "$((i+1))q;d" "$c")'
+ [[ -121 != \a ]]
+ [[ -121 != \0 ]]
+ unitlines=3
+ for b in '$(sed "$((i+1))q;d" "$c")'
+ [[ -68 != \a ]]
+ [[ -68 != \0 ]]
+ unitlines=4
+ for b in '$(sed "$((i+1))q;d" "$c")'
+ [[ -158 != \a ]]
+ [[ -158 != \0 ]]
+ unitlines=5
+ for b in '$(sed "$((i+1))q;d" "$c")'
+ [[ -25 != \a ]]
+ [[ -25 != \0 ]]
+ unitlines=6
+ for b in '$(sed "$((i+1))q;d" "$c")'
+ [[ -153 != \a ]]
+ [[ -153 != \0 ]]
+ unitlines=7
+ for b in '$(sed "$((i+1))q;d" "$c")'
+ [[ -169 != \a ]]
+ [[ -169 != \0 ]]
+ unitlines=8
+ for b in '$(sed "$((i+1))q;d" "$c")'
+ [[ -168 != \a ]]
+ [[ -168 != \0 ]]
+ unitlines=9
+ for b in '$(sed "$((i+1))q;d" "$c")'
+ [[ -210 != \a ]]
+ [[ -210 != \0 ]]
+ unitlines=10
+ for b in '$(sed "$((i+1))q;d" "$c")'
+ [[ -171 != \a ]]
+ [[ -171 != \0 ]]
+ unitlines=11
+ for b in '$(sed "$((i+1))q;d" "$c")'
+ [[ -207 != \a ]]
+ [[ -207 != \0 ]]
+ unitlines=12
+ for b in '$(sed "$((i+1))q;d" "$c")'
+ [[ 187 != \a ]]
+ [[ 187 != \0 ]]
+ unitlines=13
+ for b in '$(sed "$((i+1))q;d" "$c")'
+ [[ 93 != \a ]]
+ [[ 93 != \0 ]]
+ unitlines=14
+ for b in '$(sed "$((i+1))q;d" "$c")'
+ [[ -80 != \a ]]
+ [[ -80 != \0 ]]
+ unitlines=15
+ for b in '$(sed "$((i+1))q;d" "$c")'
+ [[ -167 != \a ]]
+ [[ -167 != \0 ]]
+ unitlines=16
+ for b in '$(sed "$((i+1))q;d" "$c")'
+ [[ -166 != \a ]]
+ [[ -166 != \0 ]]
+ unitlines=17
+ for b in '$(sed "$((i+1))q;d" "$c")'
+ [[ -26 != \a ]]
+ [[ -26 != \0 ]]
+ unitlines=18
+ for b in '$(sed "$((i+1))q;d" "$c")'
+ [[ -143 != \a ]]
+ [[ -143 != \0 ]]
+ unitlines=19
+ for b in '$(sed "$((i+1))q;d" "$c")'
+ [[ -32 != \a ]]
+ [[ -32 != \0 ]]
+ unitlines=20
+ for b in '$(sed "$((i+1))q;d" "$c")'
+ [[ -165 != \a ]]
+ [[ -165 != \0 ]]
+ unitlines=21
+ for b in '$(sed "$((i+1))q;d" "$c")'
+ [[ 150 != \a ]]
+ [[ 150 != \0 ]]
+ unitlines=22
+ for b in '$(sed "$((i+1))q;d" "$c")'
+ [[ 69 != \a ]]
+ [[ 69 != \0 ]]
+ unitlines=23
+ for b in '$(sed "$((i+1))q;d" "$c")'
+ [[ 0 != \a ]]
+ [[ 0 != \0 ]]
++ cut '-d ' -f3
++ head -n 1 constraints_22_11.simp-noncanon.simp
+ numvars=6160
++ cut '-d ' -f4
++ head -n 1 constraints_22_11.simp-noncanon.simp
+ numlines=1786659
+ newlines=1786682
+ echo 'p cnf 6160 1786682'
+ tail constraints_22_11.simp-noncanon.simp -n +2
++ sed '1627q;d' 22-cubes/30.cubes
+ for b in '$(sed "$((i+1))q;d" "$c")'
+ [[ a != \a ]]
+ for b in '$(sed "$((i+1))q;d" "$c")'
+ [[ -92 != \a ]]
+ [[ -92 != \0 ]]
+ echo '-92 0'
+ for b in '$(sed "$((i+1))q;d" "$c")'
+ [[ 137 != \a ]]
+ [[ 137 != \0 ]]
+ echo '137 0'
+ for b in '$(sed "$((i+1))q;d" "$c")'
+ [[ -121 != \a ]]
+ [[ -121 != \0 ]]
+ echo '-121 0'
+ for b in '$(sed "$((i+1))q;d" "$c")'
+ [[ -68 != \a ]]
+ [[ -68 != \0 ]]
+ echo '-68 0'
+ for b in '$(sed "$((i+1))q;d" "$c")'
+ [[ -158 != \a ]]
+ [[ -158 != \0 ]]
+ echo '-158 0'
+ for b in '$(sed "$((i+1))q;d" "$c")'
+ [[ -25 != \a ]]
+ [[ -25 != \0 ]]
+ echo '-25 0'
+ for b in '$(sed "$((i+1))q;d" "$c")'
+ [[ -153 != \a ]]
+ [[ -153 != \0 ]]
+ echo '-153 0'
+ for b in '$(sed "$((i+1))q;d" "$c")'
+ [[ -169 != \a ]]
+ [[ -169 != \0 ]]
+ echo '-169 0'
+ for b in '$(sed "$((i+1))q;d" "$c")'
+ [[ -168 != \a ]]
+ [[ -168 != \0 ]]
+ echo '-168 0'
+ for b in '$(sed "$((i+1))q;d" "$c")'
+ [[ -210 != \a ]]
+ [[ -210 != \0 ]]
+ echo '-210 0'
+ for b in '$(sed "$((i+1))q;d" "$c")'
+ [[ -171 != \a ]]
+ [[ -171 != \0 ]]
+ echo '-171 0'
+ for b in '$(sed "$((i+1))q;d" "$c")'
+ [[ -207 != \a ]]
+ [[ -207 != \0 ]]
+ echo '-207 0'
+ for b in '$(sed "$((i+1))q;d" "$c")'
+ [[ 187 != \a ]]
+ [[ 187 != \0 ]]
+ echo '187 0'
+ for b in '$(sed "$((i+1))q;d" "$c")'
+ [[ 93 != \a ]]
+ [[ 93 != \0 ]]
+ echo '93 0'
+ for b in '$(sed "$((i+1))q;d" "$c")'
+ [[ -80 != \a ]]
+ [[ -80 != \0 ]]
+ echo '-80 0'
+ for b in '$(sed "$((i+1))q;d" "$c")'
+ [[ -167 != \a ]]
+ [[ -167 != \0 ]]
+ echo '-167 0'
+ for b in '$(sed "$((i+1))q;d" "$c")'
+ [[ -166 != \a ]]
+ [[ -166 != \0 ]]
+ echo '-166 0'
+ for b in '$(sed "$((i+1))q;d" "$c")'
+ [[ -26 != \a ]]
+ [[ -26 != \0 ]]
+ echo '-26 0'
+ for b in '$(sed "$((i+1))q;d" "$c")'
+ [[ -143 != \a ]]
+ [[ -143 != \0 ]]
+ echo '-143 0'
+ for b in '$(sed "$((i+1))q;d" "$c")'
+ [[ -32 != \a ]]
+ [[ -32 != \0 ]]
+ echo '-32 0'
+ for b in '$(sed "$((i+1))q;d" "$c")'
+ [[ -165 != \a ]]
+ [[ -165 != \0 ]]
+ echo '-165 0'
+ for b in '$(sed "$((i+1))q;d" "$c")'
+ [[ 150 != \a ]]
+ [[ 150 != \0 ]]
+ echo '150 0'
+ for b in '$(sed "$((i+1))q;d" "$c")'
+ [[ 69 != \a ]]
+ [[ 69 != \0 ]]
+ echo '69 0'
+ for b in '$(sed "$((i+1))q;d" "$c")'
+ [[ 0 != \a ]]
+ [[ 0 != \0 ]]
+ ./simplify-by-var-removal.sh 22-cubes/30.cubes1626.adj 70
+ '[' -z 70 ']'
+ f=22-cubes/30.cubes1626.adj
+ p=70
++ echo 22-cubes
+ sub_dir=22-cubes
+ mkdir -p log/22-cubes
+ mkdir -p simp/22-cubes
+ tee log/22-cubes/30.cubes1626.adj.simp1
+ ./cadical/build/cadical 22-cubes/30.cubes1626.adj -o simp/22-cubes/30.cubes1626.adj.simp1 -e simp/22-cubes/30.cubes1626.adj.ext1 -n -c 200000
c --- [ banner ] -------------------------------------------------------------
c 
c CaDiCaL Radically Simplified CDCL SAT Solver
c Copyright (c) 2016-2021 A. Biere, M. Fleury, N. Froleyks
c 
c Version 1.5.2
c g++ (GCC) 9.3.0 -Wall -Wextra -O3 -DNDEBUG
c Tue Feb 8 21:15:15 EST 2022 Linux gra-login1 3.10.0-1160.36.2.el7.x86_64 x86_64
c 
c --- [ limit ] --------------------------------------------------------------
c 
c setting conflict limit to 200000 conflicts (due to '200000')
c 
c --- [ parsing input ] ------------------------------------------------------
c 
c reading DIMACS file from '22-cubes/30.cubes1626.adj'
c opening file to read '22-cubes/30.cubes1626.adj'
c found 'p cnf 6160 1786682' header
c parsed 1786682 clauses in 18.78 seconds process time
c closing file '22-cubes/30.cubes1626.adj'
c after reading 1542541764 bytes 1471.1 MB
c 
c --- [ options ] ------------------------------------------------------------
c 
c all options are set to their default value
c 
c --- [ solving ] ------------------------------------------------------------
c 
c time measured in process time since initialization
c 
c  seconds    reductions  redundant   irredundant
c          MB     restarts       trail       variables
c            level   conflicts       glue         remaining
c 
c * 18.79 1475  0 0   0    0    0  0% 0 1785954 4577 74%
c { 19.97 1535  0 0   0    0    0  0% 0 1785954 4577 74%
c i 21.72 1583 130 0   5   39   32 47% 28 1785954 4560 74%
c i 22.14 1584 107 0   7   53   41 45% 22 1785954 4546 74%
c i 22.56 1587 57 0   7  112   60 41% 15 1785954 4540 74%
c i 22.87 1591 60 0   7  117   64 42% 16 1785954 4539 74%
c i 22.89 1591 61 0   7  119   65 42% 16 1785954 4538 74%
c i 24.51 1604 57 0  20  224  125 43% 19 1785954 4532 74%
c i 24.51 1604 57 0  20  225  125 43% 19 1785954 4531 74%
c i 24.52 1604 56 0  20  227  126 43% 19 1785954 4518 73%
c i 24.52 1604 56 0  20  230  128 43% 19 1785954 4517 73%
c i 25.25 1607 61 0  30  275  169 45% 24 1785954 4516 73%
c i 25.32 1607 63 0  31  280  172 45% 24 1785954 4515 73%
c - 29.95 1576 70 1  36  301  188 46% 29 489455 4515 73%
c i 30.51 1544 70 1  43  330  205 46% 28 489455 4514 73%
c i 30.58 1544 70 1  43  333  207 46% 28 489455 4513 73%
c i 30.99 1545 69 1  48  356  226 46% 28 489455 4512 73%
c i 31.30 1545 72 1  53  378  245 47% 30 489455 4511 73%
c i 31.47 1545 70 1  57  394  255 46% 29 489455 4510 73%
c i 31.48 1545 70 1  57  395  255 47% 29 489455 4509 73%
c 
c  seconds    reductions  redundant   irredundant
c          MB     restarts       trail       variables
c            level   conflicts       glue         remaining
c 
c i 31.65 1545 69 1  57  422  273 47% 29 489455 4508 73%
c i 31.70 1545 70 1  57  430  280 47% 29 489455 4507 73%
c i 31.75 1545 72 1  58  436  284 47% 29 489455 4506 73%
c i 32.00 1545 66 1  60  500  319 46% 28 489455 4505 73%
c i 32.05 1545 66 1  60  504  321 46% 28 489455 4504 73%
c i 32.08 1545 66 1  60  507  323 46% 28 489455 4503 73%
c i 32.08 1545 66 1  60  509  324 46% 28 489455 4502 73%
c i 32.19 1545 67 1  60  519  332 46% 28 489455 4501 73%
c i 32.19 1545 67 1  60  520  332 46% 28 489455 4500 73%
c i 32.25 1545 67 1  60  527  338 46% 28 489455 4499 73%
c i 32.30 1545 68 1  61  541  351 47% 29 489455 4498 73%
c i 32.30 1545 68 1  61  542  351 47% 29 489455 4497 73%
c i 32.32 1545 68 1  62  544  352 47% 29 489455 4496 73%
c i 32.33 1545 68 1  63  548  355 47% 29 489455 4495 73%
c i 33.15 1546 66 1  74  621  395 47% 29 489455 4494 73%
c i 33.34 1546 65 1  74  642  414 47% 29 489455 4493 73%
c i 33.37 1546 65 1  74  651  422 47% 29 489455 4492 73%
c i 33.61 1546 67 1  80  690  456 47% 29 489455 4491 73%
c i 33.62 1546 67 1  80  691  456 47% 29 489455 4490 73%
c i 33.62 1546 67 1  80  692  456 47% 29 489455 4489 73%
c 
c  seconds    reductions  redundant   irredundant
c          MB     restarts       trail       variables
c            level   conflicts       glue         remaining
c 
c i 33.62 1546 67 1  80  693  456 47% 29 489455 4488 73%
c i 33.62 1546 67 1  80  694  456 47% 29 489455 4487 73%
c i 35.17 1548 67 1  95  820  567 48% 30 489455 4486 73%
c } 36.02 1548 73 1  99 1000  691 48% 29 489455 4486 73%
c [ 36.02 1548  0 1  99 1000  691  0% 0 489455 4486 73%
c O 36.03 1548  6 1  99 1002  693 32% 1 489455 4486 73%
c i 36.63 1549 37 1  99 1057  743 57% 26 489455 4485 73%
c - 37.79 1752 33 2  99 1316  845 58% 27 489365 4485 73%
c i 37.87 1752 32 2  99 1326  852 58% 26 489365 4484 73%
c i 37.89 1752 32 2  99 1327  852 58% 26 489365 4483 73%
c i 37.98 1752 32 2  99 1366  873 58% 26 489365 4482 73%
c i 37.98 1752 32 2  99 1367  873 58% 26 489365 4481 73%
c i 38.03 1752 32 2  99 1398  889 58% 26 489365 4480 73%
c ] 38.05 1752 32 2  99 1425  913 57% 26 489365 4480 73%
c 1 38.05 1752 32 2  99 1425  913 57% 26 489365 4480 73%
c 
c --- [ writing output ] -----------------------------------------------------
c 
c writing simplified CNF to DIMACS file 'simp/22-cubes/30.cubes1626.adj.simp1'
c * 38.05 1752 32 2  99 1425  913 57% 26 489365 4480 73%
c opening file to write 'simp/22-cubes/30.cubes1626.adj.simp1'
c writing 'p cnf 6160 489350' header
c closing file 'simp/22-cubes/30.cubes1626.adj.simp1'
c after writing 232437746 bytes 221.7 MB
c wrote 489350 clauses in 1.86 seconds process time
c 
c --- [ writing extension ] --------------------------------------------------
c 
c writing extension stack to 'simp/22-cubes/30.cubes1626.adj.ext1'
c opening file to write 'simp/22-cubes/30.cubes1626.adj.ext1'
c closing file 'simp/22-cubes/30.cubes1626.adj.ext1'
c after writing 24400 bytes 0.0 MB
c wrote 1680 witnesses in 0.00 seconds process time
c 
c --- [ result ] -------------------------------------------------------------
c 
s SATISFIABLE
c 
c --- [ run-time profiling ] -------------------------------------------------
c 
c process time taken by individual solving procedures
c (percentage relative to process time for solving)
c 
c        19.27  100.00% search
c        18.78   97.48% parse
c        16.05   83.27% unstable
c         2.04   10.58% stable
c         1.18    6.15% lucky
c         0.00    0.00% simplify
c   =================================
c        19.27   48.27% solve
c 
c last line shows process time for solving
c (percentage relative to total process time)
c 
c --- [ statistics ] ---------------------------------------------------------
c 
c chronological:               472        33.12 %  of conflicts
c conflicts:                  1425        73.96    per second
c decisions:                 14528       753.98    per second
c fixed:                      1680        27.27 %  of all variables
c learned:                    1392        97.68 %  per conflict
c learned_lits:             173117       100.00 %  learned literals
c minimized:                     0         0.00 %  learned literals
c shrunken:                  89425        51.66 %  learned literals
c minishrunken:              11509         6.65 %  learned literals
c propagations:             433378         0.02 M  per second
c reduced:                      82         5.75 %  per conflict
c rephased:                      1      1425.00    interval
c restarts:                     99        14.39    interval
c stabilizing:                   1        29.82 %  of conflicts
c subsumed:                    349         0.01 %  of all clauses
c 
c seconds are measured in process time for solving
c 
c --- [ resources ] ----------------------------------------------------------
c 
c total process time since initialization:        39.91    seconds
c total real time since initialization:           40.98    seconds
c maximum resident set size of process:         1752.32    MB
c 
c --- [ shutting down ] ------------------------------------------------------
c 
c exit 10
++ seq 1 100
+ for i in '$(seq 1 100)'
++ sed 's/.$//'
++ rev
++ cut '-d ' -f1
++ rev
++ tail -n 1
++ grep 'c [*]' log/22-cubes/30.cubes1626.adj.simp1
+ vars_remaining=73
+ ((  vars_remaining < 100 - p  ))
+ tee log/22-cubes/30.cubes1626.adj.simp2
+ ./cadical/build/cadical simp/22-cubes/30.cubes1626.adj.simp1 -o simp/22-cubes/30.cubes1626.adj.simp2 -e simp/22-cubes/30.cubes1626.adj.ext2 -n -c 200000
c --- [ banner ] -------------------------------------------------------------
c 
c CaDiCaL Radically Simplified CDCL SAT Solver
c Copyright (c) 2016-2021 A. Biere, M. Fleury, N. Froleyks
c 
c Version 1.5.2
c g++ (GCC) 9.3.0 -Wall -Wextra -O3 -DNDEBUG
c Tue Feb 8 21:15:15 EST 2022 Linux gra-login1 3.10.0-1160.36.2.el7.x86_64 x86_64
c 
c --- [ limit ] --------------------------------------------------------------
c 
c setting conflict limit to 200000 conflicts (due to '200000')
c 
c --- [ parsing input ] ------------------------------------------------------
c 
c reading DIMACS file from 'simp/22-cubes/30.cubes1626.adj.simp1'
c opening file to read 'simp/22-cubes/30.cubes1626.adj.simp1'
c found 'p cnf 6160 489350' header
c parsed 489350 clauses in 2.81 seconds process time
c closing file 'simp/22-cubes/30.cubes1626.adj.simp1'
c after reading 232437746 bytes 221.7 MB
c 
c --- [ options ] ------------------------------------------------------------
c 
c all options are set to their default value
c 
c --- [ solving ] ------------------------------------------------------------
c 
c time measured in process time since initialization
c 
c  seconds   reductions  redundant  irredundant
c          MB    restarts       trail      variables
c           level   conflicts       glue        remaining
c 
c *  2.81 230  0 0   0    0    0  0% 0 489350 4475 73%
c {  3.18 254  0 0   0    0    0  0% 0 489350 4475 73%
c -  4.00 277 25 1   5  300  190 17% 8 489350 4475 73%
c i  4.38 274 20 1   8  571  290 15% 8 489350 4474 73%
c i  6.02 283 27 1  60  833  430 16% 14 489350 4473 73%
c i  6.21 285 30 1  64  868  450 16% 16 489350 4472 73%
c i  6.38 287 32 1  66  880  458 16% 16 489350 4471 73%
c }  6.59 291 30 1  80 1001  502 15% 15 489350 4471 73%
c [  6.59 291  0 1  80 1001  502  0% 0 489350 4471 73%
c O  6.59 291 30 1  80 1002  503  1% 1 489350 4471 73%
c i  6.93 296 50 1  80 1075  554 24% 13 489350 4470 73%
c -  7.74 498 46 2  80 1315  700 29% 14 489335 4470 73%
c i  7.89 488 41 2  80 1387  746 29% 14 489335 4469 73%
c i  7.96 488 39 2  80 1430  767 29% 14 489335 4468 73%
c i  8.03 488 35 2  80 1522  830 29% 15 489335 4467 73%
c i  8.24 488 27 2  80 1981 1180 29% 15 489335 4466 72%
c -  9.09 487 25 3  81 2838 1374 28% 16 489323 4466 72%
c i  9.57 487 25 3  81 2872 1402 37% 16 489323 4465 72%
c ]  9.70 487 25 3  81 3001 1474 37% 17 489323 4465 72%
c {  9.70 487 30 3  81 3001 1474 21% 15 489323 4465 72%
c 
c  seconds   reductions  redundant   irredundant
c          MB    restarts       trail       variables
c           level   conflicts       glue         remaining
c 
c F  9.72 472 30 3  81 3006 1478 21% 15 489323 4465 72%
c i  9.78 472 29 3  81 3036 1485 21% 15 489323 4464 72%
c i 10.20 472 30 3  89 3118 1543 21% 15 489323 4463 72%
c i 10.23 472 30 3  92 3131 1555 21% 16 489323 4462 72%
c i 10.29 472 31 3  95 3140 1562 21% 16 489323 4461 72%
c i 10.43 472 32 3  98 3156 1574 22% 17 489323 4460 72%
c i 10.48 472 33 3 100 3165 1582 22% 17 489323 4459 72%
c i 10.66 472 34 3 105 3183 1598 22% 17 489323 4458 72%
c i 12.04 472 38 3 135 3352 1685 22% 18 489323 4457 72%
c i 12.19 472 37 3 135 3365 1697 22% 18 489323 4456 72%
c i 13.34 472 37 3 161 3552 1786 22% 19 489323 4455 72%
c i 16.48 472 39 3 239 4046 2079 24% 20 489323 4454 72%
c i 16.49 472 39 3 240 4048 2080 24% 20 489323 4453 72%
c i 17.58 472 40 3 274 4221 2202 24% 21 489323 4452 72%
c i 17.58 472 41 3 274 4225 2202 24% 21 489323 4448 72%
c - 19.51 465 37 4 285 4866 1819 27% 20 489269 4448 72%
c 3 20.74 466 37 4 291 5001 3622 27% 20 489245 4436 72%
c 2 20.86 466 37 4 291 5001 3836 27% 20 489150 4436 72%
c p 30.02 466 37 4 291 5001 7938 27% 20 489150 4375 71%
c d 30.78 466 37 4 291 5001 7851 27% 20 488889 4372 71%
c 
c  seconds   reductions  redundant   irredundant
c          MB    restarts       trail       variables
c           level   conflicts       glue         remaining
c 
c # 33.83 466 35 4 339 6008 8597 30% 19 488889 4372 71%
c } 35.20 466 32 4 344 7005 9348 31% 19 488889 4372 71%
c [ 35.20 466 25 4 344 7005 9348 37% 17 488889 4372 71%
c - 36.27 459 24 5 345 7402 2947 37% 17 488889 4372 71%
c I 39.74 459 23 5 346 10010 4635 38% 18 488889 4372 71%
c - 41.49 459 27 6 347 10442 3412 38% 21 488889 4372 71%
c s 46.13 459 45 6 349 13547 5863 38% 34 485351 4372 71%
c v 56.39 459 45 6 349 13547 5863 38% 34 485098 4372 71%
c t 56.59 459 45 6 349 13547 5852 38% 34 484856 4372 71%
c e 58.35 455 45 6 349 13547 5369 38% 34 476035 992 16%
c s 58.53 455 45 6 349 13547 5367 38% 34 476032 992 16%
c - 61.25 450 46 7 349 13990 4182 68% 35 476032 992 16%
c 3 62.26 450 47 7 349 15002 5276 67% 36 476031 992 16%
c 2 62.35 450 47 7 349 15002 5292 67% 36 476030 992 16%
c p 64.41 450 47 7 349 15002 6319 67% 36 476030 992 16%
c d 64.66 450 47 7 349 15002 6313 67% 36 450922 991 16%
c ] 64.81 450 47 7 349 15005 6315 67% 36 450922 991 16%
c { 64.81 450 32 7 349 15005 6315 141% 19 450922 991 16%
c B 64.88 450 32 7 349 15011 6320 141% 19 450922 991 16%
c - 71.80 440 32 8 616 18019 4800 111% 20 450922 991 16%
c 
c  seconds   reductions   redundant    irredundant
c          MB    restarts        trail        variables
c           level    conflicts        glue        remaining
c 
c } 73.15 440 29 8 619 20515 6279 100% 19 450922 991 16%
c 1 73.15 440 29 8 619 20515 6279 100% 19 450922 991 16%
c 
c --- [ writing output ] -----------------------------------------------------
c 
c writing simplified CNF to DIMACS file 'simp/22-cubes/30.cubes1626.adj.simp2'
c * 73.15 440 29 8 619 20515 6279 100% 19 450922 991 16%
c opening file to write 'simp/22-cubes/30.cubes1626.adj.simp2'
c writing 'p cnf 6160 450922' header
c closing file 'simp/22-cubes/30.cubes1626.adj.simp2'
c after writing 197072799 bytes 187.9 MB
c wrote 450922 clauses in 1.51 seconds process time
c 
c --- [ writing extension ] --------------------------------------------------
c 
c writing extension stack to 'simp/22-cubes/30.cubes1626.adj.ext2'
c opening file to write 'simp/22-cubes/30.cubes1626.adj.ext2'
c closing file 'simp/22-cubes/30.cubes1626.adj.ext2'
c after writing 241433 bytes 0.2 MB
c wrote 9589 witnesses in 0.00 seconds process time
c 
c --- [ result ] -------------------------------------------------------------
c 
s SATISFIABLE
c 
c --- [ run-time profiling ] -------------------------------------------------
c 
c process time taken by individual solving procedures
c (percentage relative to process time for solving)
c 
c        43.16   61.37% search
c        27.17   38.63% simplify
c        26.39   37.52% unstable
c        16.40   23.32% stable
c        11.22   15.96% probe
c        10.40   14.78% vivify
c         3.06    4.35% elim
c         2.81    4.00% parse
c         0.36    0.52% lucky
c         0.36    0.51% subsume
c         0.15    0.22% ternary
c   =================================
c        70.33   94.20% solve
c 
c last line shows process time for solving
c (percentage relative to total process time)
c 
c --- [ statistics ] ---------------------------------------------------------
c 
c chronological:              3677        17.92 %  of conflicts
c conflicts:                 20515       291.69    per second
c decisions:                 55585       790.32    per second
c eliminated:                 3380        54.87 %  of all variables
c fixed:                        88         1.43 %  of all variables
c learned:                   20073        97.85 %  per conflict
c learned_lits:            3595239       100.00 %  learned literals
c minimized:                     0         0.00 %  learned literals
c shrunken:                2090215        58.14 %  learned literals
c minishrunken:             283974         7.90 %  learned literals
c propagations:            3809410         0.05 M  per second
c reduced:                    7456        36.34 %  per conflict
c rephased:                      5      4103.00    interval
c restarts:                    619        33.14    interval
c stabilizing:                   2        48.74 %  of conflicts
c substituted:                  16         0.26 %  of all variables
c subsumed:                  10527         0.78 %  of all clauses
c strengthened:              30386         2.25 %  of all clauses
c ternary:                    2274         0.38 %  of resolved
c vivified:                    256         0.02 %  of all clauses
c weakened:                   9501         3.20    average size
c 
c seconds are measured in process time for solving
c 
c --- [ resources ] ----------------------------------------------------------
c 
c total process time since initialization:        74.66    seconds
c total real time since initialization:           75.75    seconds
c maximum resident set size of process:          751.80    MB
c 
c --- [ shutting down ] ------------------------------------------------------
c 
c exit 10
+ for i in '$(seq 1 100)'
++ sed 's/.$//'
++ rev
++ cut '-d ' -f1
++ rev
++ tail -n 1
++ grep 'c [*]' log/22-cubes/30.cubes1626.adj.simp2
+ vars_remaining=16
+ ((  vars_remaining < 100 - p  ))
+ break
++ cut '-d ' -f3
++ head -n 1 simp/22-cubes/30.cubes1626.adj.simp2
+ numvars=6160
++ cut '-d ' -f4
++ head -n 1 simp/22-cubes/30.cubes1626.adj.simp2
+ numlines=450922
+ extlines_total=0
++ seq 1 2
+ for j in '$(seq 1 "$i")'
++ cut '-d ' -f1
++ wc -l simp/22-cubes/30.cubes1626.adj.ext1
+ extlines_j=1680
+ extlines_total=1680
+ for j in '$(seq 1 "$i")'
++ cut '-d ' -f1
++ wc -l simp/22-cubes/30.cubes1626.adj.ext2
+ extlines_j=9589
+ extlines_total=11269
+ newlines=462191
+ echo 'p cnf 6160 462191'
+ tail simp/22-cubes/30.cubes1626.adj.simp2 -n +2
++ seq 1 2
+ for j in '$(seq 1 "$i")'
+ cat simp/22-cubes/30.cubes1626.adj.ext1
+ for j in '$(seq 1 "$i")'
+ cat simp/22-cubes/30.cubes1626.adj.ext2
+ sed -i 's/ 0.*/ 0/' 22-cubes/30.cubes1626.adj.simp
============================[ Problem Statistics ]=============================
|                                                                             |
|  Number of variables:          6160                                         |
|  Number of clauses:          460423                                         |
|  Parse time:                   2.72 s                                       |
|  Simplification time:          0.09 s                                       |
|                                                                             |
============================[ Search Statistics ]====================================================
| Conflicts |          ORIGINAL         |          LEARNT          | Num Sols |      SUBGRAPHS      |
|           |    Vars  Clauses Literals |    Limit  Clauses Lit/Cl |          | Canonical Noncanon. |
=====================================================================================================
|       100 |    4392   460423 43490255 |     2000      100     35 |        0 |        21         0 |
|       281 |    4392   460454 43491143 |     2000      281     51 |        0 |        38        31 |
|       563 |    4392   460511 43492820 |     2000      563     60 |        0 |        67        88 |
|       902 |    4392   460513 43492967 |     2000      902     92 |        0 |        75        90 |
|      1417 |    4392   460522 43493209 |     2000     1417    104 |        0 |        76        99 |
|      2280 |    4392   460626 43495603 |     3601     1281     76 |        0 |        85       203 |
|      3499 |    4392   460706 43497476 |     3601     2500     93 |        0 |       117       283 |
|      5284 |    4392   460783 43499636 |     5000     2484     63 |        0 |       210       360 |
|      8201 |    4392   461138 43505617 |     6303     2904     46 |        0 |       366       715 |
|     12163 |    4392   461256 43508231 |     7561     3724     46 |        0 |       449       833 |
|     18370 |    4392   461697 43518319 |     8790     6160     55 |        0 |       701      1274 |
|     27273 |    4392   461951 43523991 |    11202     5675     36 |        0 |       880      1528 |
|     42193 |    4392   463897 43563385 |    13610     8803     47 |        0 |      1154      3474 |
|     64259 |    4392   466502 43606417 |    17211     8670     29 |        0 |      1693      6079 |
|     94693 |    4392   467744 43628290 |    20812    11505     36 |        0 |      2209      7321 |
|    139685 |    4392   468947 43650458 |    24404    23489     63 |        0 |      2623      8524 |
|    211256 |    4392   474834 43750489 |    30412    28068     62 |        0 |      4723     14411 |
|    312691 |    4392   477743 43801045 |    37620    29311     64 |        0 |      6026     17320 |
|    465264 |    4392   482527 43899249 |    46019    37683     62 |        0 |      9093     22104 |
|    692940 |    4392   488520 44012582 |    56817    36757     51 |        0 |     11662     28097 |
|   1041353 |    4392   504408 44298051 |    70011    39764     37 |        0 |     18284     43985 |
|   1546446 |    4392   510713 44409487 |    85619    43065     31 |        0 |     20351     50290 |
|   2367765 |    4392   583850 46106688 |   106018    55183     31 |        0 |     31887    123427 |
|   3602175 |    4392   695986 48014830 |   130016   115591     64 |        0 |     52553    235563 |
|   5397630 |    4392   808030 49664536 |   160012   106042     49 |        0 |     74260    347607 |
|   8045074 |    4391   930355 51794143 |   194829   189903     70 |        0 |    106089    469935 |
|  12090726 |    4391  1188332 56946934 |   239225   232151     63 |        0 |    149870    727912 |
|  18164747 |    4390  1580604 63444375 |   294397   183544     36 |        0 |    200011   1120421 |
=====================================================================================================
Number of solutions   : 0           
Canonical subgraphs   : 210194         (41 /sec)
          order  3    : 1              (142857 /sec)
          order  4    : 1              (500000 /sec)
          order  5    : 1              (250000 /sec)
          order  6    : 1              (52632 /sec)
          order  7    : 2              (10582 /sec)
          order  8    : 4              (2076 /sec)
          order  9    : 11             (503 /sec)
          order 10    : 67             (196 /sec)
          order 11    : 315            (83 /sec)
          order 12    : 1160           (72 /sec)
          order 13    : 5860           (70 /sec)
          order 14    : 34805          (54 /sec)
          order 15    : 111728         (41 /sec)
          order 16    : 41632          (37 /sec)
          order 17    : 7858           (29 /sec)
          order 18    : 4054           (26 /sec)
          order 19    : 1558           (26 /sec)
          order 20    : 756            (26 /sec)
          order 21    : 380            (30 /sec)
          order 22    : 0              (-nan /sec)
Noncanonical subgraphs: 1212660        (305 /sec)
          order  3    : 0              (-nan /sec)
          order  4    : 0              (-nan /sec)
          order  5    : 0              (-nan /sec)
          order  6    : 0              (-nan /sec)
          order  7    : 0              (-nan /sec)
          order  8    : 0              (-nan /sec)
          order  9    : 0              (-nan /sec)
          order 10    : 0              (-nan /sec)
          order 11    : 0              (-nan /sec)
          order 12    : 0              (-nan /sec)
          order 13    : 0              (-nan /sec)
          order 14    : 48799          (3073 /sec)
          order 15    : 1111695        (301 /sec)
          order 16    : 47261          (225 /sec)
          order 17    : 4461           (113 /sec)
          order 18    : 19             (253 /sec)
          order 19    : 7              (333 /sec)
          order 20    : 3              (1521 /sec)
          order 21    : 4              (94 /sec)
Canonicity checking   : 9141.7 s
database reductions   : 250
restarts              : 28732
conflicts             : 19296428       (723 /sec)
decisions             : 24196794       (0.00 % random) (907 /sec)
propagations          : 4194039351     (157206 /sec)
conflict literals     : 2033108103     (57.19 % deleted)
actual reward         : 0.054863
Memory used           : 1043.00 MB
CPU time              : 26678.7 s

UNSATISFIABLE
